{"planinfo": {"Plan": {"Node Type": "Aggregate", "Strategy": "Plain", "Partial Mode": "Simple", "Parallel Aware": false, "Startup Cost": 134767.58, "Total Cost": 134767.59, "Plan Rows": 1, "Plan Width": 8, "Actual Startup Time": 2122.413, "Actual Total Time": 2122.416, "Actual Rows": 1, "Actual Loops": 1, "Output": ["count(*)"], "Shared Hit Blocks": 3, "Shared Read Blocks": 43933, "Shared Dirtied Blocks": 0, "Shared Written Blocks": 0, "Local Hit Blocks": 0, "Local Read Blocks": 0, "Local Dirtied Blocks": 0, "Local Written Blocks": 0, "Temp Read Blocks": 7024, "Temp Written Blocks": 7024, "I/O Read Time": 102.412, "I/O Write Time": 0.0, "Plans": [{"Node Type": "Hash Join", "Parent Relationship": "Outer", "Parallel Aware": false, "Join Type": "Inner", "Startup Cost": 92597.36, "Total Cost": 133376.4, "Plan Rows": 556473, "Plan Width": 0, "Actual Startup Time": 1089.49, "Actual Total Time": 2093.127, "Actual Rows": 283812, "Actual Loops": 1, "Inner Unique": true, "Hash Cond": "(mi_idx.movie_id = t.id)", "Shared Hit Blocks": 3, "Shared Read Blocks": 43933, "Shared Dirtied Blocks": 0, "Shared Written Blocks": 0, "Local Hit Blocks": 0, "Local Read Blocks": 0, "Local Dirtied Blocks": 0, "Local Written Blocks": 0, "Temp Read Blocks": 7024, "Temp Written Blocks": 7024, "I/O Read Time": 102.412, "I/O Write Time": 0.0, "Plans": [{"Node Type": "Seq Scan", "Parent Relationship": "Outer", "Parallel Aware": false, "Relation Name": "movie_info_idx", "Schema": "public", "Alias": "mi_idx", "Startup Cost": 0.0, "Total Cost": 25185.44, "Plan Rows": 923657, "Plan Width": 4, "Actual Startup Time": 0.13, "Actual Total Time": 335.704, "Actual Rows": 920110, "Actual Loops": 1, "Output": ["mi_idx.movie_id"], "Filter": "(mi_idx.info_type_id > 99)", "Rows Removed by Filter": 459925, "Shared Hit Blocks": 0, "Shared Read Blocks": 7935, "Shared Dirtied Blocks": 0, "Shared Written Blocks": 0, "Local Hit Blocks": 0, "Local Read Blocks": 0, "Local Dirtied Blocks": 0, "Local Written Blocks": 0, "Temp Read Blocks": 0, "Temp Written Blocks": 0, "I/O Read Time": 39.984, "I/O Write Time": 0.0}, {"Node Type": "Hash", "Parent Relationship": "Inner", "Parallel Aware": false, "Startup Cost": 67604.5, "Total Cost": 67604.5, "Plan Rows": 1523349, "Plan Width": 4, "Actual Startup Time": 1087.86, "Actual Total Time": 1087.86, "Actual Rows": 1543264, "Actual Loops": 1, "Output": ["t.id"], "Hash Buckets": 131072, "Original Hash Buckets": 131072, "Hash Batches": 32, "Original Hash Batches": 32, "Peak Memory Usage": 2722, "Shared Hit Blocks": 0, "Shared Read Blocks": 35998, "Shared Dirtied Blocks": 0, "Shared Written Blocks": 0, "Local Hit Blocks": 0, "Local Read Blocks": 0, "Local Dirtied Blocks": 0, "Local Written Blocks": 0, "Temp Read Blocks": 0, "Temp Written Blocks": 4365, "I/O Read Time": 62.428, "I/O Write Time": 0.0, "Plans": [{"Node Type": "Seq Scan", "Parent Relationship": "Outer", "Parallel Aware": false, "Relation Name": "title", "Schema": "public", "Alias": "t", "Startup Cost": 0.0, "Total Cost": 67604.5, "Plan Rows": 1523349, "Plan Width": 4, "Actual Startup Time": 0.133, "Actual Total Time": 621.538, "Actual Rows": 1543264, "Actual Loops": 1, "Output": ["t.id"], "Filter": "(t.kind_id = 7)", "Rows Removed by Filter": 985048, "Shared Hit Blocks": 0, "Shared Read Blocks": 35998, "Shared Dirtied Blocks": 0, "Shared Written Blocks": 0, "Local Hit Blocks": 0, "Local Read Blocks": 0, "Local Dirtied Blocks": 0, "Local Written Blocks": 0, "Temp Read Blocks": 0, "Temp Written Blocks": 0, "I/O Read Time": 62.428, "I/O Write Time": 0.0}]}]}]}, "Planning": {"Shared Hit Blocks": 109, "Shared Read Blocks": 25, "Shared Dirtied Blocks": 0, "Shared Written Blocks": 0, "Local Hit Blocks": 0, "Local Read Blocks": 0, "Local Dirtied Blocks": 0, "Local Written Blocks": 0, "Temp Read Blocks": 0, "Temp Written Blocks": 0, "I/O Read Time": 1.711, "I/O Write Time": 0.0}, "Planning Time": 2.609, "Triggers": [], "Execution Time": 2122.597}, "template": "scale", "query": "EXPLAIN (ANALYZE, COSTS, BUFFERS, VERBOSE, FORMAT JSON) SELECT COUNT(*) FROM title t,movie_info_idx mi_idx WHERE t.id=mi_idx.movie_id AND t.kind_id=7 AND mi_idx.info_type_id>99;"}
{"planinfo": {"Plan": {"Node Type": "Aggregate", "Strategy": "Plain", "Partial Mode": "Simple", "Parallel Aware": false, "Startup Cost": 70391.25, "Total Cost": 70391.26, "Plan Rows": 1, "Plan Width": 8, "Actual Startup Time": 691.087, "Actual Total Time": 691.088, "Actual Rows": 1, "Actual Loops": 1, "Output": ["count(*)"], "Shared Hit Blocks": 0, "Shared Read Blocks": 35998, "Shared Dirtied Blocks": 0, "Shared Written Blocks": 0, "Local Hit Blocks": 0, "Local Read Blocks": 0, "Local Dirtied Blocks": 0, "Local Written Blocks": 0, "Temp Read Blocks": 0, "Temp Written Blocks": 0, "I/O Read Time": 64.306, "I/O Write Time": 0.0, "Plans": [{"Node Type": "Seq Scan", "Parent Relationship": "Outer", "Parallel Aware": false, "Relation Name": "title", "Schema": "public", "Alias": "t", "Startup Cost": 0.0, "Total Cost": 67604.5, "Plan Rows": 1114699, "Plan Width": 0, "Actual Startup Time": 0.135, "Actual Total Time": 573.229, "Actual Rows": 1107925, "Actual Loops": 1, "Output": ["id", "title", "imdb_index", "kind_id", "production_year", "imdb_id", "phonetic_code", "episode_of_id", "season_nr", "episode_nr", "series_years", "md5sum"], "Filter": "(t.production_year > 2004)", "Rows Removed by Filter": 1420387, "Shared Hit Blocks": 0, "Shared Read Blocks": 35998, "Shared Dirtied Blocks": 0, "Shared Written Blocks": 0, "Local Hit Blocks": 0, "Local Read Blocks": 0, "Local Dirtied Blocks": 0, "Local Written Blocks": 0, "Temp Read Blocks": 0, "Temp Written Blocks": 0, "I/O Read Time": 64.306, "I/O Write Time": 0.0}]}, "Planning": {"Shared Hit Blocks": 38, "Shared Read Blocks": 7, "Shared Dirtied Blocks": 0, "Shared Written Blocks": 0, "Local Hit Blocks": 0, "Local Read Blocks": 0, "Local Dirtied Blocks": 0, "Local Written Blocks": 0, "Temp Read Blocks": 0, "Temp Written Blocks": 0, "I/O Read Time": 0.443, "I/O Write Time": 0.0}, "Planning Time": 0.784, "Triggers": [], "Execution Time": 691.126}, "template": "scale", "query": "EXPLAIN (ANALYZE, COSTS, BUFFERS, VERBOSE, FORMAT JSON) SELECT COUNT(*) FROM title t WHERE t.production_year>2004;"}
{"planinfo": {"Plan": {"Node Type": "Aggregate", "Strategy": "Plain", "Partial Mode": "Simple", "Parallel Aware": false, "Startup Cost": 582017.79, "Total Cost": 582017.8, "Plan Rows": 1, "Plan Width": 8, "Actual Startup Time": 12180.757, "Actual Total Time": 12180.759, "Actual Rows": 1, "Actual Loops": 1, "Output": ["count(*)"], "Shared Hit Blocks": 4030907, "Shared Read Blocks": 140526, "Shared Dirtied Blocks": 0, "Shared Written Blocks": 0, "Local Hit Blocks": 0, "Local Read Blocks": 0, "Local Dirtied Blocks": 0, "Local Written Blocks": 0, "Temp Read Blocks": 0, "Temp Written Blocks": 0, "I/O Read Time": 3423.602, "I/O Write Time": 0.0, "Plans": [{"Node Type": "Nested Loop", "Parent Relationship": "Outer", "Parallel Aware": false, "Join Type": "Inner", "Startup Cost": 1.3, "Total Cost": 576601.75, "Plan Rows": 2166415, "Plan Width": 0, "Actual Startup Time": 0.75, "Actual Total Time": 10964.346, "Actual Rows": 11306022, "Actual Loops": 1, "Inner Unique": false, "Shared Hit Blocks": 4030907, "Shared Read Blocks": 140526, "Shared Dirtied Blocks": 0, "Shared Written Blocks": 0, "Local Hit Blocks": 0, "Local Read Blocks": 0, "Local Dirtied Blocks": 0, "Local Written Blocks": 0, "Temp Read Blocks": 0, "Temp Written Blocks": 0, "I/O Read Time": 3423.602, "I/O Write Time": 0.0, "Plans": [{"Node Type": "Nested Loop", "Parent Relationship": "Outer", "Parallel Aware": false, "Join Type": "Inner", "Startup Cost": 0.86, "Total Cost": 345051.0, "Plan Rows": 150930, "Plan Width": 12, "Actual Startup Time": 0.646, "Actual Total Time": 4277.959, "Actual Rows": 246462, "Actual Loops": 1, "Output": ["t.id", "mc.movie_id", "mi.movie_id"], "Inner Unique": false, "Shared Hit Blocks": 1659652, "Shared Read Blocks": 125983, "Shared Dirtied Blocks": 0, "Shared Written Blocks": 0, "Local Hit Blocks": 0, "Local Read Blocks": 0, "Local Dirtied Blocks": 0, "Local Written Blocks": 0, "Temp Read Blocks": 0, "Temp Written Blocks": 0, "I/O Read Time": 1562.211, "I/O Write Time": 0.0, "Plans": [{"Node Type": "Nested Loop", "Parent Relationship": "Outer", "Parallel Aware": false, "Join Type": "Inner", "Startup Cost": 0.43, "Total Cost": 143937.6, "Plan Rows": 126305, "Plan Width": 8, "Actual Startup Time": 0.15, "Actual Total Time": 1317.834, "Actual Rows": 134807, "Actual Loops": 1, "Output": ["t.id", "mc.movie_id"], "Inner Unique": true, "Shared Hit Blocks": 399029, "Shared Read Blocks": 24441, "Shared Dirtied Blocks": 0, "Shared Written Blocks": 0, "Local Hit Blocks": 0, "Local Read Blocks": 0, "Local Dirtied Blocks": 0, "Local Written Blocks": 0, "Temp Read Blocks": 0, "Temp Written Blocks": 0, "I/O Read Time": 303.871, "I/O Write Time": 0.0, "Plans": [{"Node Type": "Seq Scan", "Parent Relationship": "Outer", "Parallel Aware": false, "Relation Name": "movie_companies", "Schema": "public", "Alias": "mc", "Startup Cost": 0.0, "Total Cost": 51404.11, "Plan Rows": 126305, "Plan Width": 4, "Actual Startup Time": 0.132, "Actual Total Time": 502.338, "Actual Rows": 134807, "Actual Loops": 1, "Output": ["mc.id", "mc.movie_id", "mc.company_id", "mc.company_type_id", "mc.note"], "Filter": "(mc.company_id < 27)", "Rows Removed by Filter": 2474322, "Shared Hit Blocks": 0, "Shared Read Blocks": 18790, "Shared Dirtied Blocks": 0, "Shared Written Blocks": 0, "Local Hit Blocks": 0, "Local Read Blocks": 0, "Local Dirtied Blocks": 0, "Local Written Blocks": 0, "Temp Read Blocks": 0, "Temp Written Blocks": 0, "I/O Read Time": 77.328, "I/O Write Time": 0.0}, {"Node Type": "Index Only Scan", "Parent Relationship": "Inner", "Parallel Aware": false, "Scan Direction": "Forward", "Index Name": "title_pkey", "Relation Name": "title", "Schema": "public", "Alias": "t", "Startup Cost": 0.43, "Total Cost": 0.73, "Plan Rows": 1, "Plan Width": 4, "Actual Startup Time": 0.005, "Actual Total Time": 0.005, "Actual Rows": 1, "Actual Loops": 134807, "Output": ["t.id"], "Index Cond": "(t.id = mc.movie_id)", "Rows Removed by Index Recheck": 0, "Heap Fetches": 0, "Shared Hit Blocks": 399029, "Shared Read Blocks": 5651, "Shared Dirtied Blocks": 0, "Shared Written Blocks": 0, "Local Hit Blocks": 0, "Local Read Blocks": 0, "Local Dirtied Blocks": 0, "Local Written Blocks": 0, "Temp Read Blocks": 0, "Temp Written Blocks": 0, "I/O Read Time": 226.543, "I/O Write Time": 0.0}]}, {"Node Type": "Index Scan", "Parent Relationship": "Inner", "Parallel Aware": false, "Scan Direction": "Forward", "Index Name": "movie_id_movie_info", "Relation Name": "movie_info", "Schema": "public", "Alias": "mi", "Startup Cost": 0.43, "Total Cost": 1.51, "Plan Rows": 8, "Plan Width": 4, "Actual Startup Time": 0.011, "Actual Total Time": 0.021, "Actual Rows": 2, "Actual Loops": 134807, "Output": ["mi.id", "mi.movie_id", "mi.info_type_id", "mi.info", "mi.note"], "Index Cond": "(mi.movie_id = t.id)", "Rows Removed by Index Recheck": 0, "Filter": "(mi.info_type_id = 16)", "Rows Removed by Filter": 11, "Shared Hit Blocks": 1260623, "Shared Read Blocks": 101542, "Shared Dirtied Blocks": 0, "Shared Written Blocks": 0, "Local Hit Blocks": 0, "Local Read Blocks": 0, "Local Dirtied Blocks": 0, "Local Written Blocks": 0, "Temp Read Blocks": 0, "Temp Written Blocks": 0, "I/O Read Time": 1258.34, "I/O Write Time": 0.0}]}, {"Node Type": "Index Only Scan", "Parent Relationship": "Inner", "Parallel Aware": false, "Scan Direction": "Forward", "Index Name": "movie_id_cast_info", "Relation Name": "cast_info", "Schema": "public", "Alias": "ci", "Startup Cost": 0.44, "Total Cost": 1.16, "Plan Rows": 37, "Plan Width": 4, "Actual Startup Time": 0.013, "Actual Total Time": 0.021, "Actual Rows": 46, "Actual Loops": 246462, "Output": ["ci.movie_id"], "Index Cond": "(ci.movie_id = t.id)", "Rows Removed by Index Recheck": 0, "Heap Fetches": 0, "Shared Hit Blocks": 2371255, "Shared Read Blocks": 14543, "Shared Dirtied Blocks": 0, "Shared Written Blocks": 0, "Local Hit Blocks": 0, "Local Read Blocks": 0, "Local Dirtied Blocks": 0, "Local Written Blocks": 0, "Temp Read Blocks": 0, "Temp Written Blocks": 0, "I/O Read Time": 1861.391, "I/O Write Time": 0.0}]}]}, "Planning": {"Shared Hit Blocks": 329, "Shared Read Blocks": 58, "Shared Dirtied Blocks": 0, "Shared Written Blocks": 0, "Local Hit Blocks": 0, "Local Read Blocks": 0, "Local Dirtied Blocks": 0, "Local Written Blocks": 0, "Temp Read Blocks": 0, "Temp Written Blocks": 0, "I/O Read Time": 4.602, "I/O Write Time": 0.0}, "Planning Time": 7.571, "Triggers": [], "Execution Time": 12180.887}, "template": "scale", "query": "EXPLAIN (ANALYZE, COSTS, BUFFERS, VERBOSE, FORMAT JSON) SELECT COUNT(*) FROM title t,movie_companies mc,cast_info ci,movie_info mi WHERE t.id=mc.movie_id AND t.id=ci.movie_id AND t.id=mi.movie_id AND mc.company_id<27 AND mi.info_type_id=16;"}
{"planinfo": {"Plan": {"Node Type": "Aggregate", "Strategy": "Plain", "Partial Mode": "Simple", "Parallel Aware": false, "Startup Cost": 10571.99, "Total Cost": 10572.0, "Plan Rows": 1, "Plan Width": 8, "Actual Startup Time": 139.281, "Actual Total Time": 139.282, "Actual Rows": 1, "Actual Loops": 1, "Output": ["count(*)"], "Shared Hit Blocks": 0, "Shared Read Blocks": 363, "Shared Dirtied Blocks": 0, "Shared Written Blocks": 0, "Local Hit Blocks": 0, "Local Read Blocks": 0, "Local Dirtied Blocks": 0, "Local Written Blocks": 0, "Temp Read Blocks": 0, "Temp Written Blocks": 0, "I/O Read Time": 29.815, "I/O Write Time": 0.0, "Plans": [{"Node Type": "Index Only Scan", "Parent Relationship": "Outer", "Parallel Aware": false, "Scan Direction": "Forward", "Index Name": "info_type_id_movie_info_idx", "Relation Name": "movie_info_idx", "Schema": "public", "Alias": "mi_idx", "Startup Cost": 0.43, "Total Cost": 9431.04, "Plan Rows": 456378, "Plan Width": 0, "Actual Startup Time": 0.27, "Actual Total Time": 94.501, "Actual Rows": 459925, "Actual Loops": 1, "Output": ["info_type_id"], "Index Cond": "(mi_idx.info_type_id < 100)", "Rows Removed by Index Recheck": 0, "Heap Fetches": 0, "Shared Hit Blocks": 0, "Shared Read Blocks": 363, "Shared Dirtied Blocks": 0, "Shared Written Blocks": 0, "Local Hit Blocks": 0, "Local Read Blocks": 0, "Local Dirtied Blocks": 0, "Local Written Blocks": 0, "Temp Read Blocks": 0, "Temp Written Blocks": 0, "I/O Read Time": 29.815, "I/O Write Time": 0.0}]}, "Planning": {"Shared Hit Blocks": 48, "Shared Read Blocks": 9, "Shared Dirtied Blocks": 0, "Shared Written Blocks": 0, "Local Hit Blocks": 0, "Local Read Blocks": 0, "Local Dirtied Blocks": 0, "Local Written Blocks": 0, "Temp Read Blocks": 0, "Temp Written Blocks": 0, "I/O Read Time": 0.585, "I/O Write Time": 0.0}, "Planning Time": 0.985, "Triggers": [], "Execution Time": 139.32}, "template": "scale", "query": "EXPLAIN (ANALYZE, COSTS, BUFFERS, VERBOSE, FORMAT JSON) SELECT COUNT(*) FROM movie_info_idx mi_idx WHERE mi_idx.info_type_id<100;"}
{"planinfo": {"Plan": {"Node Type": "Aggregate", "Strategy": "Plain", "Partial Mode": "Simple", "Parallel Aware": false, "Startup Cost": 574611.79, "Total Cost": 574611.8, "Plan Rows": 1, "Plan Width": 8, "Actual Startup Time": 159191.033, "Actual Total Time": 159191.041, "Actual Rows": 1, "Actual Loops": 1, "Output": ["count(*)"], "Shared Hit Blocks": 51187540, "Shared Read Blocks": 99257, "Shared Dirtied Blocks": 0, "Shared Written Blocks": 0, "Local Hit Blocks": 0, "Local Read Blocks": 0, "Local Dirtied Blocks": 0, "Local Written Blocks": 0, "Temp Read Blocks": 7568, "Temp Written Blocks": 7568, "I/O Read Time": 2751.948, "I/O Write Time": 0.0, "Plans": [{"Node Type": "Nested Loop", "Parent Relationship": "Outer", "Parallel Aware": false, "Join Type": "Inner", "Startup Cost": 112675.59, "Total Cost": 566689.7, "Plan Rows": 3168836, "Plan Width": 0, "Actual Startup Time": 1412.467, "Actual Total Time": 129037.451, "Actual Rows": 281934531, "Actual Loops": 1, "Inner Unique": false, "Join Filter": "(t.id = ci.movie_id)", "Rows Removed by Join Filter": 0, "Shared Hit Blocks": 51187540, "Shared Read Blocks": 99257, "Shared Dirtied Blocks": 0, "Shared Written Blocks": 0, "Local Hit Blocks": 0, "Local Read Blocks": 0, "Local Dirtied Blocks": 0, "Local Written Blocks": 0, "Temp Read Blocks": 7568, "Temp Written Blocks": 7568, "I/O Read Time": 2751.948, "I/O Write Time": 0.0, "Plans": [{"Node Type": "Nested Loop", "Parent Relationship": "Outer", "Parallel Aware": false, "Join Type": "Inner", "Startup Cost": 112675.15, "Total Cost": 218998.11, "Plan Rows": 220766, "Plan Width": 16, "Actual Startup Time": 1412.268, "Actual Total Time": 6055.106, "Actual Rows": 4937881, "Actual Loops": 1, "Output": ["t.id", "mc.movie_id", "mi.movie_id", "mi_idx.movie_id"], "Inner Unique": false, "Join Filter": "(t.id = mi.movie_id)", "Rows Removed by Join Filter": 0, "Shared Hit Blocks": 1309548, "Shared Read Blocks": 73075, "Shared Dirtied Blocks": 0, "Shared Written Blocks": 0, "Local Hit Blocks": 0, "Local Read Blocks": 0, "Local Dirtied Blocks": 0, "Local Written Blocks": 0, "Temp Read Blocks": 7568, "Temp Written Blocks": 7568, "I/O Read Time": 435.016, "I/O Write Time": 0.0, "Plans": [{"Node Type": "Hash Join", "Parent Relationship": "Outer", "Parallel Aware": false, "Join Type": "Inner", "Startup Cost": 112674.72, "Total Cost": 155638.39, "Plan Rows": 37670, "Plan Width": 12, "Actual Startup Time": 1412.14, "Actual Total Time": 2826.834, "Actual Rows": 196470, "Actual Loops": 1, "Output": ["t.id", "mc.movie_id", "mi_idx.movie_id"], "Inner Unique": false, "Hash Cond": "(mc.movie_id = t.id)", "Shared Hit Blocks": 3, "Shared Read Blocks": 52594, "Shared Dirtied Blocks": 0, "Shared Written Blocks": 0, "Local Hit Blocks": 0, "Local Read Blocks": 0, "Local Dirtied Blocks": 0, "Local Written Blocks": 0, "Temp Read Blocks": 7568, "Temp Written Blocks": 7568, "I/O Read Time": 157.341, "I/O Write Time": 0.0, "Plans": [{"Node Type": "Index Scan", "Parent Relationship": "Outer", "Parallel Aware": false, "Scan Direction": "Forward", "Index Name": "company_type_id_movie_companies", "Relation Name": "movie_companies", "Schema": "public", "Alias": "mc", "Startup Cost": 0.43, "Total Cost": 37534.17, "Plan Rows": 1347528, "Plan Width": 4, "Actual Startup Time": 0.392, "Actual Total Time": 422.486, "Actual Rows": 1334883, "Actual Loops": 1, "Output": ["mc.id", "mc.movie_id", "mc.company_id", "mc.company_type_id", "mc.note"], "Index Cond": "(mc.company_type_id = 2)", "Rows Removed by Index Recheck": 0, "Shared Hit Blocks": 0, "Shared Read Blocks": 8661, "Shared Dirtied Blocks": 0, "Shared Written Blocks": 0, "Local Hit Blocks": 0, "Local Read Blocks": 0, "Local Dirtied Blocks": 0, "Local Written Blocks": 0, "Temp Read Blocks": 0, "Temp Written Blocks": 0, "I/O Read Time": 51.116, "I/O Write Time": 0.0}, {"Node Type": "Hash", "Parent Relationship": "Inner", "Parallel Aware": false, "Startup Cost": 111790.73, "Total Cost": 111790.73, "Plan Rows": 70685, "Plan Width": 8, "Actual Startup Time": 1410.837, "Actual Total Time": 1410.84, "Actual Rows": 157489, "Actual Loops": 1, "Output": ["t.id", "mi_idx.movie_id"], "Hash Buckets": 131072, "Original Hash Buckets": 131072, "Hash Batches": 4, "Original Hash Batches": 1, "Peak Memory Usage": 3073, "Shared Hit Blocks": 0, "Shared Read Blocks": 43933, "Shared Dirtied Blocks": 0, "Shared Written Blocks": 0, "Local Hit Blocks": 0, "Local Read Blocks": 0, "Local Dirtied Blocks": 0, "Local Written Blocks": 0, "Temp Read Blocks": 2427, "Temp Written Blocks": 2829, "I/O Read Time": 106.224, "I/O Write Time": 0.0, "Plans": [{"Node Type": "Hash Join", "Parent Relationship": "Outer", "Parallel Aware": false, "Join Type": "Inner", "Startup Cost": 80264.87, "Total Cost": 111790.73, "Plan Rows": 70685, "Plan Width": 8, "Actual Startup Time": 751.59, "Actual Total Time": 1352.594, "Actual Rows": 157489, "Actual Loops": 1, "Output": ["t.id", "mi_idx.movie_id"], "Inner Unique": true, "Hash Cond": "(mi_idx.movie_id = t.id)", "Shared Hit Blocks": 0, "Shared Read Blocks": 43933, "Shared Dirtied Blocks": 0, "Shared Written Blocks": 0, "Local Hit Blocks": 0, "Local Read Blocks": 0, "Local Dirtied Blocks": 0, "Local Written Blocks": 0, "Temp Read Blocks": 2427, "Temp Written Blocks": 2427, "I/O Read Time": 106.224, "I/O Write Time": 0.0, "Plans": [{"Node Type": "Seq Scan", "Parent Relationship": "Outer", "Parallel Aware": false, "Relation Name": "movie_info_idx", "Schema": "public", "Alias": "mi_idx", "Startup Cost": 0.0, "Total Cost": 25185.44, "Plan Rows": 462634, "Plan Width": 4, "Actual Startup Time": 0.135, "Actual Total Time": 298.232, "Actual Rows": 459925, "Actual Loops": 1, "Output": ["mi_idx.movie_id"], "Filter": "(mi_idx.info_type_id = 100)", "Rows Removed by Filter": 920110, "Shared Hit Blocks": 0, "Shared Read Blocks": 7935, "Shared Dirtied Blocks": 0, "Shared Written Blocks": 0, "Local Hit Blocks": 0, "Local Read Blocks": 0, "Local Dirtied Blocks": 0, "Local Written Blocks": 0, "Temp Read Blocks": 0, "Temp Written Blocks": 0, "I/O Read Time": 40.512, "I/O Write Time": 0.0}, {"Node Type": "Hash", "Parent Relationship": "Inner", "Parallel Aware": false, "Startup Cost": 73925.8, "Total Cost": 73925.8, "Plan Rows": 386326, "Plan Width": 4, "Actual Startup Time": 750.658, "Actual Total Time": 750.659, "Actual Rows": 484820, "Actual Loops": 1, "Output": ["t.id"], "Hash Buckets": 131072, "Original Hash Buckets": 131072, "Hash Batches": 8, "Original Hash Batches": 8, "Peak Memory Usage": 3166, "Shared Hit Blocks": 0, "Shared Read Blocks": 35998, "Shared Dirtied Blocks": 0, "Shared Written Blocks": 0, "Local Hit Blocks": 0, "Local Read Blocks": 0, "Local Dirtied Blocks": 0, "Local Written Blocks": 0, "Temp Read Blocks": 0, "Temp Written Blocks": 1238, "I/O Read Time": 65.712, "I/O Write Time": 0.0, "Plans": [{"Node Type": "Seq Scan", "Parent Relationship": "Outer", "Parallel Aware": false, "Relation Name": "title", "Schema": "public", "Alias": "t", "Startup Cost": 0.0, "Total Cost": 73925.8, "Plan Rows": 386326, "Plan Width": 4, "Actual Startup Time": 0.155, "Actual Total Time": 589.814, "Actual Rows": 484820, "Actual Loops": 1, "Output": ["t.id"], "Filter": "((t.kind_id < 7) AND (t.production_year < 1999))", "Rows Removed by Filter": 2043492, "Shared Hit Blocks": 0, "Shared Read Blocks": 35998, "Shared Dirtied Blocks": 0, "Shared Written Blocks": 0, "Local Hit Blocks": 0, "Local Read Blocks": 0, "Local Dirtied Blocks": 0, "Local Written Blocks": 0, "Temp Read Blocks": 0, "Temp Written Blocks": 0, "I/O Read Time": 65.712, "I/O Write Time": 0.0}]}]}]}]}, {"Node Type": "Index Only Scan", "Parent Relationship": "Inner", "Parallel Aware": false, "Scan Direction": "Forward", "Index Name": "movie_id_movie_info", "Relation Name": "movie_info", "Schema": "public", "Alias": "mi", "Startup Cost": 0.43, "Total Cost": 1.19, "Plan Rows": 39, "Plan Width": 4, "Actual Startup Time": 0.006, "Actual Total Time": 0.011, "Actual Rows": 25, "Actual Loops": 196470, "Output": ["mi.movie_id"], "Index Cond": "(mi.movie_id = mc.movie_id)", "Rows Removed by Index Recheck": 0, "Heap Fetches": 0, "Shared Hit Blocks": 1309545, "Shared Read Blocks": 20481, "Shared Dirtied Blocks": 0, "Shared Written Blocks": 0, "Local Hit Blocks": 0, "Local Read Blocks": 0, "Local Dirtied Blocks": 0, "Local Written Blocks": 0, "Temp Read Blocks": 0, "Temp Written Blocks": 0, "I/O Read Time": 277.675, "I/O Write Time": 0.0}]}, {"Node Type": "Index Only Scan", "Parent Relationship": "Inner", "Parallel Aware": false, "Scan Direction": "Forward", "Index Name": "movie_id_cast_info", "Relation Name": "cast_info", "Schema": "public", "Alias": "ci", "Startup Cost": 0.44, "Total Cost": 1.11, "Plan Rows": 37, "Plan Width": 4, "Actual Startup Time": 0.006, "Actual Total Time": 0.015, "Actual Rows": 57, "Actual Loops": 4937881, "Output": ["ci.movie_id"], "Index Cond": "(ci.movie_id = mi.movie_id)", "Rows Removed by Index Recheck": 0, "Heap Fetches": 0, "Shared Hit Blocks": 49877992, "Shared Read Blocks": 26182, "Shared Dirtied Blocks": 0, "Shared Written Blocks": 0, "Local Hit Blocks": 0, "Local Read Blocks": 0, "Local Dirtied Blocks": 0, "Local Written Blocks": 0, "Temp Read Blocks": 0, "Temp Written Blocks": 0, "I/O Read Time": 2316.932, "I/O Write Time": 0.0}]}]}, "Planning": {"Shared Hit Blocks": 480, "Shared Read Blocks": 65, "Shared Dirtied Blocks": 0, "Shared Written Blocks": 0, "Local Hit Blocks": 0, "Local Read Blocks": 0, "Local Dirtied Blocks": 0, "Local Written Blocks": 0, "Temp Read Blocks": 0, "Temp Written Blocks": 0, "I/O Read Time": 5.253, "I/O Write Time": 0.0}, "Planning Time": 9.687, "Triggers": [], "Execution Time": 159191.682}, "template": "scale", "query": "EXPLAIN (ANALYZE, COSTS, BUFFERS, VERBOSE, FORMAT JSON) SELECT COUNT(*) FROM title t,movie_companies mc,cast_info ci,movie_info mi,movie_info_idx mi_idx WHERE t.id=mc.movie_id AND t.id=ci.movie_id AND t.id=mi.movie_id AND t.id=mi_idx.movie_id AND t.kind_id<7 AND t.production_year<1999 AND mc.company_type_id=2 AND mi_idx.info_type_id=100;"}
{"planinfo": {"Plan": {"Node Type": "Aggregate", "Strategy": "Plain", "Partial Mode": "Simple", "Parallel Aware": false, "Startup Cost": 61480.95, "Total Cost": 61480.96, "Plan Rows": 1, "Plan Width": 8, "Actual Startup Time": 817.195, "Actual Total Time": 817.196, "Actual Rows": 1, "Actual Loops": 1, "Output": ["count(*)"], "Shared Hit Blocks": 0, "Shared Read Blocks": 2701, "Shared Dirtied Blocks": 0, "Shared Written Blocks": 0, "Local Hit Blocks": 0, "Local Read Blocks": 0, "Local Dirtied Blocks": 0, "Local Written Blocks": 0, "Temp Read Blocks": 0, "Temp Written Blocks": 0, "I/O Read Time": 220.463, "I/O Write Time": 0.0, "Plans": [{"Node Type": "Index Only Scan", "Parent Relationship": "Outer", "Parallel Aware": false, "Scan Direction": "Forward", "Index Name": "keyword_id_movie_keyword", "Relation Name": "movie_keyword", "Schema": "public", "Alias": "mk", "Startup Cost": 0.43, "Total Cost": 55278.89, "Plan Rows": 2480826, "Plan Width": 0, "Actual Startup Time": 0.269, "Actual Total Time": 576.817, "Actual Rows": 2476485, "Actual Loops": 1, "Output": ["keyword_id"], "Index Cond": "(mk.keyword_id < 5990)", "Rows Removed by Index Recheck": 0, "Heap Fetches": 0, "Shared Hit Blocks": 0, "Shared Read Blocks": 2701, "Shared Dirtied Blocks": 0, "Shared Written Blocks": 0, "Local Hit Blocks": 0, "Local Read Blocks": 0, "Local Dirtied Blocks": 0, "Local Written Blocks": 0, "Temp Read Blocks": 0, "Temp Written Blocks": 0, "I/O Read Time": 220.463, "I/O Write Time": 0.0}]}, "Planning": {"Shared Hit Blocks": 47, "Shared Read Blocks": 9, "Shared Dirtied Blocks": 0, "Shared Written Blocks": 0, "Local Hit Blocks": 0, "Local Read Blocks": 0, "Local Dirtied Blocks": 0, "Local Written Blocks": 0, "Temp Read Blocks": 0, "Temp Written Blocks": 0, "I/O Read Time": 0.588, "I/O Write Time": 0.0}, "Planning Time": 1.01, "Triggers": [], "Execution Time": 817.229}, "template": "scale", "query": "EXPLAIN (ANALYZE, COSTS, BUFFERS, VERBOSE, FORMAT JSON) SELECT COUNT(*) FROM movie_keyword mk WHERE mk.keyword_id<5990;"}
{"planinfo": {"Plan": {"Node Type": "Aggregate", "Strategy": "Plain", "Partial Mode": "Simple", "Parallel Aware": false, "Startup Cost": 232355.84, "Total Cost": 232355.85, "Plan Rows": 1, "Plan Width": 8, "Actual Startup Time": 4797.711, "Actual Total Time": 4797.715, "Actual Rows": 1, "Actual Loops": 1, "Output": ["count(*)"], "Shared Hit Blocks": 3, "Shared Read Blocks": 60452, "Shared Dirtied Blocks": 0, "Shared Written Blocks": 0, "Local Hit Blocks": 0, "Local Read Blocks": 0, "Local Dirtied Blocks": 0, "Local Written Blocks": 0, "Temp Read Blocks": 15933, "Temp Written Blocks": 15933, "I/O Read Time": 184.64, "I/O Write Time": 0.0, "Plans": [{"Node Type": "Hash Join", "Parent Relationship": "Outer", "Parallel Aware": false, "Join Type": "Inner", "Startup Cost": 102767.7, "Total Cost": 224876.32, "Plan Rows": 2991805, "Plan Width": 0, "Actual Startup Time": 1312.334, "Actual Total Time": 4500.373, "Actual Rows": 2973114, "Actual Loops": 1, "Inner Unique": true, "Hash Cond": "(mk.movie_id = t.id)", "Shared Hit Blocks": 3, "Shared Read Blocks": 60452, "Shared Dirtied Blocks": 0, "Shared Written Blocks": 0, "Local Hit Blocks": 0, "Local Read Blocks": 0, "Local Dirtied Blocks": 0, "Local Written Blocks": 0, "Temp Read Blocks": 15933, "Temp Written Blocks": 15933, "I/O Read Time": 184.64, "I/O Write Time": 0.0, "Plans": [{"Node Type": "Seq Scan", "Parent Relationship": "Outer", "Parallel Aware": false, "Relation Name": "movie_keyword", "Schema": "public", "Alias": "mk", "Startup Cost": 0.0, "Total Cost": 81003.12, "Plan Rows": 2991805, "Plan Width": 4, "Actual Startup Time": 1.102, "Actual Total Time": 1069.58, "Actual Rows": 2973114, "Actual Loops": 1, "Output": ["mk.movie_id"], "Filter": "(mk.keyword_id > 2282)", "Rows Removed by Filter": 1550816, "Shared Hit Blocks": 0, "Shared Read Blocks": 24454, "Shared Dirtied Blocks": 0, "Shared Written Blocks": 0, "Local Hit Blocks": 0, "Local Read Blocks": 0, "Local Dirtied Blocks": 0, "Local Written Blocks": 0, "Temp Read Blocks": 0, "Temp Written Blocks": 0, "I/O Read Time": 124.068, "I/O Write Time": 0.0}, {"Node Type": "Hash", "Parent Relationship": "Inner", "Parallel Aware": false, "Startup Cost": 61283.2, "Total Cost": 61283.2, "Plan Rows": 2528520, "Plan Width": 4, "Actual Startup Time": 1309.0, "Actual Total Time": 1309.001, "Actual Rows": 2528312, "Actual Loops": 1, "Output": ["t.id"], "Hash Buckets": 131072, "Original Hash Buckets": 131072, "Hash Batches": 64, "Original Hash Batches": 64, "Peak Memory Usage": 2415, "Shared Hit Blocks": 0, "Shared Read Blocks": 35998, "Shared Dirtied Blocks": 0, "Shared Written Blocks": 0, "Local Hit Blocks": 0, "Local Read Blocks": 0, "Local Dirtied Blocks": 0, "Local Written Blocks": 0, "Temp Read Blocks": 0, "Temp Written Blocks": 7262, "I/O Read Time": 60.572, "I/O Write Time": 0.0, "Plans": [{"Node Type": "Seq Scan", "Parent Relationship": "Outer", "Parallel Aware": false, "Relation Name": "title", "Schema": "public", "Alias": "t", "Startup Cost": 0.0, "Total Cost": 61283.2, "Plan Rows": 2528520, "Plan Width": 4, "Actual Startup Time": 0.143, "Actual Total Time": 555.568, "Actual Rows": 2528312, "Actual Loops": 1, "Output": ["t.id"], "Shared Hit Blocks": 0, "Shared Read Blocks": 35998, "Shared Dirtied Blocks": 0, "Shared Written Blocks": 0, "Local Hit Blocks": 0, "Local Read Blocks": 0, "Local Dirtied Blocks": 0, "Local Written Blocks": 0, "Temp Read Blocks": 0, "Temp Written Blocks": 0, "I/O Read Time": 60.572, "I/O Write Time": 0.0}]}]}]}, "Planning": {"Shared Hit Blocks": 105, "Shared Read Blocks": 25, "Shared Dirtied Blocks": 0, "Shared Written Blocks": 0, "Local Hit Blocks": 0, "Local Read Blocks": 0, "Local Dirtied Blocks": 0, "Local Written Blocks": 0, "Temp Read Blocks": 0, "Temp Written Blocks": 0, "I/O Read Time": 1.72, "I/O Write Time": 0.0}, "Planning Time": 2.59, "Triggers": [], "Execution Time": 4797.866}, "template": "scale", "query": "EXPLAIN (ANALYZE, COSTS, BUFFERS, VERBOSE, FORMAT JSON) SELECT COUNT(*) FROM title t,movie_keyword mk WHERE t.id=mk.movie_id AND mk.keyword_id>2282;"}
{"planinfo": {"Plan": {"Node Type": "Aggregate", "Strategy": "Plain", "Partial Mode": "Simple", "Parallel Aware": false, "Startup Cost": 33955.33, "Total Cost": 33955.35, "Plan Rows": 1, "Plan Width": 8, "Actual Startup Time": 373.45, "Actual Total Time": 373.451, "Actual Rows": 1, "Actual Loops": 1, "Output": ["count(*)"], "Shared Hit Blocks": 0, "Shared Read Blocks": 1204, "Shared Dirtied Blocks": 0, "Shared Written Blocks": 0, "Local Hit Blocks": 0, "Local Read Blocks": 0, "Local Dirtied Blocks": 0, "Local Written Blocks": 0, "Temp Read Blocks": 0, "Temp Written Blocks": 0, "I/O Read Time": 7.137, "I/O Write Time": 0.0, "Plans": [{"Node Type": "Index Only Scan", "Parent Relationship": "Outer", "Parallel Aware": false, "Scan Direction": "Forward", "Index Name": "info_type_id_movie_info", "Relation Name": "movie_info", "Schema": "public", "Alias": "mi", "Startup Cost": 0.43, "Total Cost": 30291.47, "Plan Rows": 1465545, "Plan Width": 0, "Actual Startup Time": 0.49, "Actual Total Time": 220.175, "Actual Rows": 1533909, "Actual Loops": 1, "Output": ["info_type_id"], "Index Cond": "(mi.info_type_id = 3)", "Rows Removed by Index Recheck": 0, "Heap Fetches": 0, "Shared Hit Blocks": 0, "Shared Read Blocks": 1204, "Shared Dirtied Blocks": 0, "Shared Written Blocks": 0, "Local Hit Blocks": 0, "Local Read Blocks": 0, "Local Dirtied Blocks": 0, "Local Written Blocks": 0, "Temp Read Blocks": 0, "Temp Written Blocks": 0, "I/O Read Time": 7.137, "I/O Write Time": 0.0}]}, "Planning": {"Shared Hit Blocks": 48, "Shared Read Blocks": 11, "Shared Dirtied Blocks": 0, "Shared Written Blocks": 0, "Local Hit Blocks": 0, "Local Read Blocks": 0, "Local Dirtied Blocks": 0, "Local Written Blocks": 0, "Temp Read Blocks": 0, "Temp Written Blocks": 0, "I/O Read Time": 0.776, "I/O Write Time": 0.0}, "Planning Time": 1.198, "Triggers": [], "Execution Time": 373.484}, "template": "scale", "query": "EXPLAIN (ANALYZE, COSTS, BUFFERS, VERBOSE, FORMAT JSON) SELECT COUNT(*) FROM movie_info mi WHERE mi.info_type_id=3;"}
{"planinfo": {"Plan": {"Node Type": "Aggregate", "Strategy": "Plain", "Partial Mode": "Simple", "Parallel Aware": false, "Startup Cost": 184952.13, "Total Cost": 184952.14, "Plan Rows": 1, "Plan Width": 8, "Actual Startup Time": 2153.04, "Actual Total Time": 2153.041, "Actual Rows": 1, "Actual Loops": 1, "Output": ["count(*)"], "Shared Hit Blocks": 23446, "Shared Read Blocks": 15560, "Shared Dirtied Blocks": 0, "Shared Written Blocks": 0, "Local Hit Blocks": 0, "Local Read Blocks": 0, "Local Dirtied Blocks": 0, "Local Written Blocks": 0, "Temp Read Blocks": 0, "Temp Written Blocks": 0, "I/O Read Time": 177.805, "I/O Write Time": 0.0, "Plans": [{"Node Type": "Merge Join", "Parent Relationship": "Outer", "Parallel Aware": false, "Join Type": "Inner", "Startup Cost": 5.51, "Total Cost": 178429.3, "Plan Rows": 2609129, "Plan Width": 0, "Actual Startup Time": 0.038, "Actual Total Time": 1881.92, "Actual Rows": 2609129, "Actual Loops": 1, "Inner Unique": false, "Merge Cond": "(t.id = mc.movie_id)", "Shared Hit Blocks": 23446, "Shared Read Blocks": 15560, "Shared Dirtied Blocks": 0, "Shared Written Blocks": 0, "Local Hit Blocks": 0, "Local Read Blocks": 0, "Local Dirtied Blocks": 0, "Local Written Blocks": 0, "Temp Read Blocks": 0, "Temp Written Blocks": 0, "I/O Read Time": 177.805, "I/O Write Time": 0.0, "Plans": [{"Node Type": "Index Only Scan", "Parent Relationship": "Outer", "Parallel Aware": false, "Scan Direction": "Forward", "Index Name": "title_pkey", "Relation Name": "title", "Schema": "public", "Alias": "t", "Startup Cost": 0.43, "Total Cost": 73940.23, "Plan Rows": 2528520, "Plan Width": 4, "Actual Startup Time": 0.015, "Actual Total Time": 538.714, "Actual Rows": 2525746, "Actual Loops": 1, "Output": ["t.id"], "Heap Fetches": 0, "Shared Hit Blocks": 23441, "Shared Read Blocks": 8963, "Shared Dirtied Blocks": 0, "Shared Written Blocks": 0, "Local Hit Blocks": 0, "Local Read Blocks": 0, "Local Dirtied Blocks": 0, "Local Written Blocks": 0, "Temp Read Blocks": 0, "Temp Written Blocks": 0, "I/O Read Time": 140.715, "I/O Write Time": 0.0}, {"Node Type": "Index Only Scan", "Parent Relationship": "Inner", "Parallel Aware": false, "Scan Direction": "Forward", "Index Name": "movie_id_movie_companies", "Relation Name": "movie_companies", "Schema": "public", "Alias": "mc", "Startup Cost": 0.43, "Total Cost": 65637.36, "Plan Rows": 2609129, "Plan Width": 4, "Actual Startup Time": 0.02, "Actual Total Time": 465.972, "Actual Rows": 2609129, "Actual Loops": 1, "Output": ["mc.movie_id"], "Heap Fetches": 0, "Shared Hit Blocks": 5, "Shared Read Blocks": 6597, "Shared Dirtied Blocks": 0, "Shared Written Blocks": 0, "Local Hit Blocks": 0, "Local Read Blocks": 0, "Local Dirtied Blocks": 0, "Local Written Blocks": 0, "Temp Read Blocks": 0, "Temp Written Blocks": 0, "I/O Read Time": 37.09, "I/O Write Time": 0.0}]}]}, "Planning": {"Shared Hit Blocks": 110, "Shared Read Blocks": 27, "Shared Dirtied Blocks": 0, "Shared Written Blocks": 0, "Local Hit Blocks": 0, "Local Read Blocks": 0, "Local Dirtied Blocks": 0, "Local Written Blocks": 0, "Temp Read Blocks": 0, "Temp Written Blocks": 0, "I/O Read Time": 1.905, "I/O Write Time": 0.0}, "Planning Time": 2.792, "Triggers": [], "Execution Time": 2153.13}, "template": "scale", "query": "EXPLAIN (ANALYZE, COSTS, BUFFERS, VERBOSE, FORMAT JSON) SELECT COUNT(*) FROM title t,movie_companies mc WHERE t.id=mc.movie_id;"}
{"planinfo": {"Plan": {"Node Type": "Aggregate", "Strategy": "Plain", "Partial Mode": "Simple", "Parallel Aware": false, "Startup Cost": 10676.91, "Total Cost": 10676.92, "Plan Rows": 1, "Plan Width": 8, "Actual Startup Time": 117.324, "Actual Total Time": 117.325, "Actual Rows": 1, "Actual Loops": 1, "Output": ["count(*)"], "Shared Hit Blocks": 0, "Shared Read Blocks": 365, "Shared Dirtied Blocks": 0, "Shared Written Blocks": 0, "Local Hit Blocks": 0, "Local Read Blocks": 0, "Local Dirtied Blocks": 0, "Local Written Blocks": 0, "Temp Read Blocks": 0, "Temp Written Blocks": 0, "I/O Read Time": 8.757, "I/O Write Time": 0.0, "Plans": [{"Node Type": "Index Only Scan", "Parent Relationship": "Outer", "Parallel Aware": false, "Scan Direction": "Forward", "Index Name": "info_type_id_movie_info_idx", "Relation Name": "movie_info_idx", "Schema": "public", "Alias": "mi_idx", "Startup Cost": 0.43, "Total Cost": 9524.35, "Plan Rows": 461024, "Plan Width": 0, "Actual Startup Time": 0.671, "Actual Total Time": 72.971, "Actual Rows": 460185, "Actual Loops": 1, "Output": ["info_type_id"], "Index Cond": "(mi_idx.info_type_id > 100)", "Rows Removed by Index Recheck": 0, "Heap Fetches": 0, "Shared Hit Blocks": 0, "Shared Read Blocks": 365, "Shared Dirtied Blocks": 0, "Shared Written Blocks": 0, "Local Hit Blocks": 0, "Local Read Blocks": 0, "Local Dirtied Blocks": 0, "Local Written Blocks": 0, "Temp Read Blocks": 0, "Temp Written Blocks": 0, "I/O Read Time": 8.757, "I/O Write Time": 0.0}]}, "Planning": {"Shared Hit Blocks": 48, "Shared Read Blocks": 9, "Shared Dirtied Blocks": 0, "Shared Written Blocks": 0, "Local Hit Blocks": 0, "Local Read Blocks": 0, "Local Dirtied Blocks": 0, "Local Written Blocks": 0, "Temp Read Blocks": 0, "Temp Written Blocks": 0, "I/O Read Time": 0.579, "I/O Write Time": 0.0}, "Planning Time": 0.989, "Triggers": [], "Execution Time": 117.358}, "template": "scale", "query": "EXPLAIN (ANALYZE, COSTS, BUFFERS, VERBOSE, FORMAT JSON) SELECT COUNT(*) FROM movie_info_idx mi_idx WHERE mi_idx.info_type_id>100;"}
{"planinfo": {"Plan": {"Node Type": "Aggregate", "Strategy": "Plain", "Partial Mode": "Simple", "Parallel Aware": false, "Startup Cost": 126213.2, "Total Cost": 126213.21, "Plan Rows": 1, "Plan Width": 8, "Actual Startup Time": 12193.652, "Actual Total Time": 12193.654, "Actual Rows": 1, "Actual Loops": 1, "Output": ["count(*)"], "Shared Hit Blocks": 2599165, "Shared Read Blocks": 69843, "Shared Dirtied Blocks": 0, "Shared Written Blocks": 0, "Local Hit Blocks": 0, "Local Read Blocks": 0, "Local Dirtied Blocks": 0, "Local Written Blocks": 0, "Temp Read Blocks": 0, "Temp Written Blocks": 0, "I/O Read Time": 2969.766, "I/O Write Time": 0.0, "Plans": [{"Node Type": "Nested Loop", "Parent Relationship": "Outer", "Parallel Aware": false, "Join Type": "Inner", "Startup Cost": 1.29, "Total Cost": 126146.64, "Plan Rows": 26626, "Plan Width": 0, "Actual Startup Time": 1.728, "Actual Total Time": 11031.617, "Actual Rows": 9067075, "Actual Loops": 1, "Inner Unique": false, "Join Filter": "(t.id = mi.movie_id)", "Rows Removed by Join Filter": 0, "Shared Hit Blocks": 2599165, "Shared Read Blocks": 69843, "Shared Dirtied Blocks": 0, "Shared Written Blocks": 0, "Local Hit Blocks": 0, "Local Read Blocks": 0, "Local Dirtied Blocks": 0, "Local Written Blocks": 0, "Temp Read Blocks": 0, "Temp Written Blocks": 0, "I/O Read Time": 2969.766, "I/O Write Time": 0.0, "Plans": [{"Node Type": "Nested Loop", "Parent Relationship": "Outer", "Parallel Aware": false, "Join Type": "Inner", "Startup Cost": 0.86, "Total Cost": 108921.5, "Plan Rows": 10894, "Plan Width": 12, "Actual Startup Time": 1.317, "Actual Total Time": 1133.451, "Actual Rows": 142841, "Actual Loops": 1, "Output": ["t.id", "mi_idx.movie_id", "mk.movie_id"], "Inner Unique": false, "Join Filter": "(t.id = mk.movie_id)", "Rows Removed by Join Filter": 0, "Shared Hit Blocks": 69207, "Shared Read Blocks": 42867, "Shared Dirtied Blocks": 0, "Shared Written Blocks": 0, "Local Hit Blocks": 0, "Local Read Blocks": 0, "Local Dirtied Blocks": 0, "Local Written Blocks": 0, "Temp Read Blocks": 0, "Temp Written Blocks": 0, "I/O Read Time": 476.088, "I/O Write Time": 0.0, "Plans": [{"Node Type": "Nested Loop", "Parent Relationship": "Outer", "Parallel Aware": false, "Join Type": "Inner", "Startup Cost": 0.43, "Total Cost": 97731.87, "Plan Rows": 6089, "Plan Width": 8, "Actual Startup Time": 1.202, "Actual Total Time": 665.94, "Actual Rows": 14217, "Actual Loops": 1, "Output": ["t.id", "mi_idx.movie_id"], "Inner Unique": false, "Shared Hit Blocks": 29955, "Shared Read Blocks": 39467, "Shared Dirtied Blocks": 0, "Shared Written Blocks": 0, "Local Hit Blocks": 0, "Local Read Blocks": 0, "Local Dirtied Blocks": 0, "Local Written Blocks": 0, "Temp Read Blocks": 0, "Temp Written Blocks": 0, "I/O Read Time": 135.599, "I/O Write Time": 0.0, "Plans": [{"Node Type": "Seq Scan", "Parent Relationship": "Outer", "Parallel Aware": false, "Relation Name": "title", "Schema": "public", "Alias": "t", "Startup Cost": 0.0, "Total Cost": 73925.8, "Plan Rows": 11157, "Plan Width": 4, "Actual Startup Time": 0.614, "Actual Total Time": 534.443, "Actual Rows": 11141, "Actual Loops": 1, "Output": ["t.id", "t.title", "t.imdb_index", "t.kind_id", "t.production_year", "t.imdb_id", "t.phonetic_code", "t.episode_of_id", "t.season_nr", "t.episode_nr", "t.series_years", "t.md5sum"], "Filter": "((t.kind_id < 7) AND (t.production_year = 1994))", "Rows Removed by Filter": 2517171, "Shared Hit Blocks": 0, "Shared Read Blocks": 35998, "Shared Dirtied Blocks": 0, "Shared Written Blocks": 0, "Local Hit Blocks": 0, "Local Read Blocks": 0, "Local Dirtied Blocks": 0, "Local Written Blocks": 0, "Temp Read Blocks": 0, "Temp Written Blocks": 0, "I/O Read Time": 67.504, "I/O Write Time": 0.0}, {"Node Type": "Index Only Scan", "Parent Relationship": "Inner", "Parallel Aware": false, "Scan Direction": "Forward", "Index Name": "movie_id_movie_info_idx", "Relation Name": "movie_info_idx", "Schema": "public", "Alias": "mi_idx", "Startup Cost": 0.43, "Total Cost": 2.1, "Plan Rows": 3, "Plan Width": 4, "Actual Startup Time": 0.011, "Actual Total Time": 0.011, "Actual Rows": 1, "Actual Loops": 11141, "Output": ["mi_idx.movie_id"], "Index Cond": "(mi_idx.movie_id = t.id)", "Rows Removed by Index Recheck": 0, "Heap Fetches": 0, "Shared Hit Blocks": 29955, "Shared Read Blocks": 3469, "Shared Dirtied Blocks": 0, "Shared Written Blocks": 0, "Local Hit Blocks": 0, "Local Read Blocks": 0, "Local Dirtied Blocks": 0, "Local Written Blocks": 0, "Temp Read Blocks": 0, "Temp Written Blocks": 0, "I/O Read Time": 68.095, "I/O Write Time": 0.0}]}, {"Node Type": "Index Only Scan", "Parent Relationship": "Inner", "Parallel Aware": false, "Scan Direction": "Forward", "Index Name": "movie_id_movie_keyword", "Relation Name": "movie_keyword", "Schema": "public", "Alias": "mk", "Startup Cost": 0.43, "Total Cost": 1.26, "Plan Rows": 46, "Plan Width": 4, "Actual Startup Time": 0.028, "Actual Total Time": 0.03, "Actual Rows": 10, "Actual Loops": 14217, "Output": ["mk.movie_id"], "Index Cond": "(mk.movie_id = mi_idx.movie_id)", "Rows Removed by Index Recheck": 0, "Heap Fetches": 0, "Shared Hit Blocks": 39252, "Shared Read Blocks": 3400, "Shared Dirtied Blocks": 0, "Shared Written Blocks": 0, "Local Hit Blocks": 0, "Local Read Blocks": 0, "Local Dirtied Blocks": 0, "Local Written Blocks": 0, "Temp Read Blocks": 0, "Temp Written Blocks": 0, "I/O Read Time": 340.489, "I/O Write Time": 0.0}]}, {"Node Type": "Index Scan", "Parent Relationship": "Inner", "Parallel Aware": false, "Scan Direction": "Forward", "Index Name": "movie_id_movie_info", "Relation Name": "movie_info", "Schema": "public", "Alias": "mi", "Startup Cost": 0.43, "Total Cost": 1.38, "Plan Rows": 16, "Plan Width": 4, "Actual Startup Time": 0.015, "Actual Total Time": 0.058, "Actual Rows": 63, "Actual Loops": 142841, "Output": ["mi.id", "mi.movie_id", "mi.info_type_id", "mi.info", "mi.note"], "Index Cond": "(mi.movie_id = mk.movie_id)", "Rows Removed by Index Recheck": 0, "Filter": "(mi.info_type_id > 8)", "Rows Removed by Filter": 19, "Shared Hit Blocks": 2529958, "Shared Read Blocks": 26976, "Shared Dirtied Blocks": 0, "Shared Written Blocks": 0, "Local Hit Blocks": 0, "Local Read Blocks": 0, "Local Dirtied Blocks": 0, "Local Written Blocks": 0, "Temp Read Blocks": 0, "Temp Written Blocks": 0, "I/O Read Time": 2493.678, "I/O Write Time": 0.0}]}]}, "Planning": {"Shared Hit Blocks": 302, "Shared Read Blocks": 51, "Shared Dirtied Blocks": 0, "Shared Written Blocks": 0, "Local Hit Blocks": 0, "Local Read Blocks": 0, "Local Dirtied Blocks": 0, "Local Written Blocks": 0, "Temp Read Blocks": 0, "Temp Written Blocks": 0, "I/O Read Time": 3.689, "I/O Write Time": 0.0}, "Planning Time": 6.272, "Triggers": [], "Execution Time": 12193.814}, "template": "scale", "query": "EXPLAIN (ANALYZE, COSTS, BUFFERS, VERBOSE, FORMAT JSON) SELECT COUNT(*) FROM title t,movie_info mi,movie_info_idx mi_idx,movie_keyword mk WHERE t.id=mi.movie_id AND t.id=mi_idx.movie_id AND t.id=mk.movie_id AND t.kind_id<7 AND t.production_year=1994 AND mi.info_type_id>8;"}
{"planinfo": {"Plan": {"Node Type": "Aggregate", "Strategy": "Plain", "Partial Mode": "Simple", "Parallel Aware": false, "Startup Cost": 67911.29, "Total Cost": 67911.3, "Plan Rows": 1, "Plan Width": 8, "Actual Startup Time": 532.229, "Actual Total Time": 532.23, "Actual Rows": 1, "Actual Loops": 1, "Output": ["count(*)"], "Shared Hit Blocks": 0, "Shared Read Blocks": 35998, "Shared Dirtied Blocks": 0, "Shared Written Blocks": 0, "Local Hit Blocks": 0, "Local Read Blocks": 0, "Local Dirtied Blocks": 0, "Local Written Blocks": 0, "Temp Read Blocks": 0, "Temp Written Blocks": 0, "I/O Read Time": 67.889, "I/O Write Time": 0.0, "Plans": [{"Node Type": "Seq Scan", "Parent Relationship": "Outer", "Parallel Aware": false, "Relation Name": "title", "Schema": "public", "Alias": "t", "Startup Cost": 0.0, "Total Cost": 67604.5, "Plan Rows": 122717, "Plan Width": 0, "Actual Startup Time": 0.153, "Actual Total Time": 515.453, "Actual Rows": 119565, "Actual Loops": 1, "Output": ["id", "title", "imdb_index", "kind_id", "production_year", "imdb_id", "phonetic_code", "episode_of_id", "season_nr", "episode_nr", "series_years", "md5sum"], "Filter": "(t.production_year = 2007)", "Rows Removed by Filter": 2408747, "Shared Hit Blocks": 0, "Shared Read Blocks": 35998, "Shared Dirtied Blocks": 0, "Shared Written Blocks": 0, "Local Hit Blocks": 0, "Local Read Blocks": 0, "Local Dirtied Blocks": 0, "Local Written Blocks": 0, "Temp Read Blocks": 0, "Temp Written Blocks": 0, "I/O Read Time": 67.889, "I/O Write Time": 0.0}]}, "Planning": {"Shared Hit Blocks": 36, "Shared Read Blocks": 7, "Shared Dirtied Blocks": 0, "Shared Written Blocks": 0, "Local Hit Blocks": 0, "Local Read Blocks": 0, "Local Dirtied Blocks": 0, "Local Written Blocks": 0, "Temp Read Blocks": 0, "Temp Written Blocks": 0, "I/O Read Time": 0.452, "I/O Write Time": 0.0}, "Planning Time": 0.781, "Triggers": [], "Execution Time": 532.271}, "template": "scale", "query": "EXPLAIN (ANALYZE, COSTS, BUFFERS, VERBOSE, FORMAT JSON) SELECT COUNT(*) FROM title t WHERE t.production_year=2007;"}
{"planinfo": {"Plan": {"Node Type": "Aggregate", "Strategy": "Plain", "Partial Mode": "Simple", "Parallel Aware": false, "Startup Cost": 399682.25, "Total Cost": 399682.26, "Plan Rows": 1, "Plan Width": 8, "Actual Startup Time": 490404.882, "Actual Total Time": 490404.888, "Actual Rows": 1, "Actual Loops": 1, "Output": ["count(*)"], "Shared Hit Blocks": 100956153, "Shared Read Blocks": 224907, "Shared Dirtied Blocks": 0, "Shared Written Blocks": 0, "Local Hit Blocks": 0, "Local Read Blocks": 0, "Local Dirtied Blocks": 0, "Local Written Blocks": 0, "Temp Read Blocks": 6583, "Temp Written Blocks": 6583, "I/O Read Time": 3459.349, "I/O Write Time": 0.0, "Plans": [{"Node Type": "Nested Loop", "Parent Relationship": "Outer", "Parallel Aware": false, "Join Type": "Inner", "Startup Cost": 117837.98, "Total Cost": 397635.6, "Plan Rows": 818659, "Plan Width": 0, "Actual Startup Time": 1583.835, "Actual Total Time": 387516.694, "Actual Rows": 994094709, "Actual Loops": 1, "Inner Unique": false, "Join Filter": "(t.id = ci.movie_id)", "Rows Removed by Join Filter": 0, "Shared Hit Blocks": 100956153, "Shared Read Blocks": 224907, "Shared Dirtied Blocks": 0, "Shared Written Blocks": 0, "Local Hit Blocks": 0, "Local Read Blocks": 0, "Local Dirtied Blocks": 0, "Local Written Blocks": 0, "Temp Read Blocks": 6583, "Temp Written Blocks": 6583, "I/O Read Time": 3459.349, "I/O Write Time": 0.0, "Plans": [{"Node Type": "Nested Loop", "Parent Relationship": "Outer", "Parallel Aware": false, "Join Type": "Inner", "Startup Cost": 117837.54, "Total Cost": 303628.98, "Plan Rows": 57034, "Plan Width": 16, "Actual Startup Time": 1583.491, "Actual Total Time": 20323.732, "Actual Rows": 8635090, "Actual Loops": 1, "Output": ["t.id", "mc.movie_id", "mi.movie_id", "mi_idx.movie_id"], "Inner Unique": false, "Join Filter": "(t.id = mi.movie_id)", "Rows Removed by Join Filter": 0, "Shared Hit Blocks": 7361506, "Shared Read Blocks": 203461, "Shared Dirtied Blocks": 0, "Shared Written Blocks": 0, "Local Hit Blocks": 0, "Local Read Blocks": 0, "Local Dirtied Blocks": 0, "Local Written Blocks": 0, "Temp Read Blocks": 6583, "Temp Written Blocks": 6583, "I/O Read Time": 1250.35, "I/O Write Time": 0.0, "Plans": [{"Node Type": "Hash Join", "Parent Relationship": "Outer", "Parallel Aware": false, "Join Type": "Inner", "Startup Cost": 117837.11, "Total Cost": 187719.15, "Plan Rows": 64775, "Plan Width": 12, "Actual Startup Time": 1581.114, "Actual Total Time": 3132.992, "Actual Rows": 485198, "Actual Loops": 1, "Output": ["t.id", "mc.movie_id", "mi_idx.movie_id"], "Inner Unique": false, "Hash Cond": "(mc.movie_id = t.id)", "Shared Hit Blocks": 3, "Shared Read Blocks": 62723, "Shared Dirtied Blocks": 0, "Shared Written Blocks": 0, "Local Hit Blocks": 0, "Local Read Blocks": 0, "Local Dirtied Blocks": 0, "Local Written Blocks": 0, "Temp Read Blocks": 6583, "Temp Written Blocks": 6583, "I/O Read Time": 190.69, "I/O Write Time": 0.0, "Plans": [{"Node Type": "Seq Scan", "Parent Relationship": "Outer", "Parallel Aware": false, "Relation Name": "movie_companies", "Schema": "public", "Alias": "mc", "Startup Cost": 0.0, "Total Cost": 51404.11, "Plan Rows": 1505115, "Plan Width": 4, "Actual Startup Time": 42.409, "Actual Total Time": 658.437, "Actual Rows": 1488322, "Actual Loops": 1, "Output": ["mc.movie_id"], "Filter": "(mc.company_id > 7851)", "Rows Removed by Filter": 1120807, "Shared Hit Blocks": 0, "Shared Read Blocks": 18790, "Shared Dirtied Blocks": 0, "Shared Written Blocks": 0, "Local Hit Blocks": 0, "Local Read Blocks": 0, "Local Dirtied Blocks": 0, "Local Written Blocks": 0, "Temp Read Blocks": 0, "Temp Written Blocks": 0, "I/O Read Time": 85.355, "I/O Write Time": 0.0}, {"Node Type": "Hash", "Parent Relationship": "Inner", "Parallel Aware": false, "Startup Cost": 116050.87, "Total Cost": 116050.87, "Plan Rows": 108819, "Plan Width": 8, "Actual Startup Time": 1497.475, "Actual Total Time": 1497.478, "Actual Rows": 200928, "Actual Loops": 1, "Output": ["t.id", "mi_idx.movie_id"], "Hash Buckets": 131072, "Original Hash Buckets": 131072, "Hash Batches": 4, "Original Hash Batches": 2, "Peak Memory Usage": 3073, "Shared Hit Blocks": 0, "Shared Read Blocks": 43933, "Shared Dirtied Blocks": 0, "Shared Written Blocks": 0, "Local Hit Blocks": 0, "Local Read Blocks": 0, "Local Dirtied Blocks": 0, "Local Written Blocks": 0, "Temp Read Blocks": 2709, "Temp Written Blocks": 3223, "I/O Read Time": 105.335, "I/O Write Time": 0.0, "Plans": [{"Node Type": "Hash Join", "Parent Relationship": "Outer", "Parallel Aware": false, "Join Type": "Inner", "Startup Cost": 83722.85, "Total Cost": 116050.87, "Plan Rows": 108819, "Plan Width": 8, "Actual Startup Time": 977.15, "Actual Total Time": 1430.92, "Actual Rows": 200928, "Actual Loops": 1, "Output": ["t.id", "mi_idx.movie_id"], "Inner Unique": true, "Hash Cond": "(mi_idx.movie_id = t.id)", "Shared Hit Blocks": 0, "Shared Read Blocks": 43933, "Shared Dirtied Blocks": 0, "Shared Written Blocks": 0, "Local Hit Blocks": 0, "Local Read Blocks": 0, "Local Dirtied Blocks": 0, "Local Written Blocks": 0, "Temp Read Blocks": 2709, "Temp Written Blocks": 2709, "I/O Read Time": 105.335, "I/O Write Time": 0.0, "Plans": [{"Node Type": "Seq Scan", "Parent Relationship": "Outer", "Parallel Aware": false, "Relation Name": "movie_info_idx", "Schema": "public", "Alias": "mi_idx", "Startup Cost": 0.0, "Total Cost": 25185.44, "Plan Rows": 460794, "Plan Width": 4, "Actual Startup Time": 0.136, "Actual Total Time": 297.374, "Actual Rows": 459925, "Actual Loops": 1, "Output": ["mi_idx.movie_id"], "Filter": "(mi_idx.info_type_id = 101)", "Rows Removed by Filter": 920110, "Shared Hit Blocks": 0, "Shared Read Blocks": 7935, "Shared Dirtied Blocks": 0, "Shared Written Blocks": 0, "Local Hit Blocks": 0, "Local Read Blocks": 0, "Local Dirtied Blocks": 0, "Local Written Blocks": 0, "Temp Read Blocks": 0, "Temp Written Blocks": 0, "I/O Read Time": 40.187, "I/O Write Time": 0.0}, {"Node Type": "Hash", "Parent Relationship": "Inner", "Parallel Aware": false, "Startup Cost": 73925.8, "Total Cost": 73925.8, "Plan Rows": 597124, "Plan Width": 4, "Actual Startup Time": 809.374, "Actual Total Time": 809.375, "Actual Rows": 594730, "Actual Loops": 1, "Output": ["t.id"], "Hash Buckets": 131072, "Original Hash Buckets": 131072, "Hash Batches": 8, "Original Hash Batches": 8, "Peak Memory Usage": 3648, "Shared Hit Blocks": 0, "Shared Read Blocks": 35998, "Shared Dirtied Blocks": 0, "Shared Written Blocks": 0, "Local Hit Blocks": 0, "Local Read Blocks": 0, "Local Dirtied Blocks": 0, "Local Written Blocks": 0, "Temp Read Blocks": 0, "Temp Written Blocks": 1520, "I/O Read Time": 65.148, "I/O Write Time": 0.0, "Plans": [{"Node Type": "Seq Scan", "Parent Relationship": "Outer", "Parallel Aware": false, "Relation Name": "title", "Schema": "public", "Alias": "t", "Startup Cost": 0.0, "Total Cost": 73925.8, "Plan Rows": 597124, "Plan Width": 4, "Actual Startup Time": 318.206, "Actual Total Time": 624.143, "Actual Rows": 594730, "Actual Loops": 1, "Output": ["t.id"], "Filter": "((t.production_year < 2012) AND (t.kind_id = 1))", "Rows Removed by Filter": 1933582, "Shared Hit Blocks": 0, "Shared Read Blocks": 35998, "Shared Dirtied Blocks": 0, "Shared Written Blocks": 0, "Local Hit Blocks": 0, "Local Read Blocks": 0, "Local Dirtied Blocks": 0, "Local Written Blocks": 0, "Temp Read Blocks": 0, "Temp Written Blocks": 0, "I/O Read Time": 65.148, "I/O Write Time": 0.0}]}]}]}]}, {"Node Type": "Index Scan", "Parent Relationship": "Inner", "Parallel Aware": false, "Scan Direction": "Forward", "Index Name": "movie_id_movie_info", "Relation Name": "movie_info", "Schema": "public", "Alias": "mi", "Startup Cost": 0.43, "Total Cost": 1.71, "Plan Rows": 6, "Plan Width": 4, "Actual Startup Time": 0.01, "Actual Total Time": 0.031, "Actual Rows": 18, "Actual Loops": 485198, "Output": ["mi.id", "mi.movie_id", "mi.info_type_id", "mi.info", "mi.note"], "Index Cond": "(mi.movie_id = mc.movie_id)", "Rows Removed by Index Recheck": 0, "Filter": "(mi.info_type_id > 16)", "Rows Removed by Filter": 33, "Shared Hit Blocks": 7361503, "Shared Read Blocks": 140738, "Shared Dirtied Blocks": 0, "Shared Written Blocks": 0, "Local Hit Blocks": 0, "Local Read Blocks": 0, "Local Dirtied Blocks": 0, "Local Written Blocks": 0, "Temp Read Blocks": 0, "Temp Written Blocks": 0, "I/O Read Time": 1059.66, "I/O Write Time": 0.0}]}, {"Node Type": "Index Only Scan", "Parent Relationship": "Inner", "Parallel Aware": false, "Scan Direction": "Forward", "Index Name": "movie_id_cast_info", "Relation Name": "cast_info", "Schema": "public", "Alias": "ci", "Startup Cost": 0.44, "Total Cost": 1.19, "Plan Rows": 37, "Plan Width": 4, "Actual Startup Time": 0.007, "Actual Total Time": 0.024, "Actual Rows": 115, "Actual Loops": 8635090, "Output": ["ci.movie_id"], "Index Cond": "(ci.movie_id = mi.movie_id)", "Rows Removed by Index Recheck": 0, "Heap Fetches": 0, "Shared Hit Blocks": 93594647, "Shared Read Blocks": 21446, "Shared Dirtied Blocks": 0, "Shared Written Blocks": 0, "Local Hit Blocks": 0, "Local Read Blocks": 0, "Local Dirtied Blocks": 0, "Local Written Blocks": 0, "Temp Read Blocks": 0, "Temp Written Blocks": 0, "I/O Read Time": 2208.999, "I/O Write Time": 0.0}]}]}, "Planning": {"Shared Hit Blocks": 485, "Shared Read Blocks": 67, "Shared Dirtied Blocks": 0, "Shared Written Blocks": 0, "Local Hit Blocks": 0, "Local Read Blocks": 0, "Local Dirtied Blocks": 0, "Local Written Blocks": 0, "Temp Read Blocks": 0, "Temp Written Blocks": 0, "I/O Read Time": 5.196, "I/O Write Time": 0.0}, "Planning Time": 9.771, "Triggers": [], "Execution Time": 490405.594}, "template": "scale", "query": "EXPLAIN (ANALYZE, COSTS, BUFFERS, VERBOSE, FORMAT JSON) SELECT COUNT(*) FROM title t,movie_companies mc,cast_info ci,movie_info mi,movie_info_idx mi_idx WHERE t.id=mc.movie_id AND t.id=ci.movie_id AND t.id=mi.movie_id AND t.id=mi_idx.movie_id AND t.kind_id=1 AND t.production_year<2012 AND mc.company_id>7851 AND mi.info_type_id>16 AND mi_idx.info_type_id=101;"}
{"planinfo": {"Plan": {"Node Type": "Aggregate", "Strategy": "Plain", "Partial Mode": "Simple", "Parallel Aware": false, "Startup Cost": 240868.16, "Total Cost": 240868.17, "Plan Rows": 1, "Plan Width": 8, "Actual Startup Time": 5768.165, "Actual Total Time": 5768.169, "Actual Rows": 1, "Actual Loops": 1, "Output": ["count(*)"], "Shared Hit Blocks": 3, "Shared Read Blocks": 60452, "Shared Dirtied Blocks": 0, "Shared Written Blocks": 0, "Local Hit Blocks": 0, "Local Read Blocks": 0, "Local Dirtied Blocks": 0, "Local Written Blocks": 0, "Temp Read Blocks": 20403, "Temp Written Blocks": 20403, "I/O Read Time": 186.178, "I/O Write Time": 0.0, "Plans": [{"Node Type": "Hash Join", "Parent Relationship": "Outer", "Parallel Aware": false, "Join Type": "Inner", "Startup Cost": 102767.7, "Total Cost": 229558.34, "Plan Rows": 4523930, "Plan Width": 0, "Actual Startup Time": 1296.616, "Actual Total Time": 5311.52, "Actual Rows": 4523930, "Actual Loops": 1, "Inner Unique": true, "Hash Cond": "(mk.movie_id = t.id)", "Shared Hit Blocks": 3, "Shared Read Blocks": 60452, "Shared Dirtied Blocks": 0, "Shared Written Blocks": 0, "Local Hit Blocks": 0, "Local Read Blocks": 0, "Local Dirtied Blocks": 0, "Local Written Blocks": 0, "Temp Read Blocks": 20403, "Temp Written Blocks": 20403, "I/O Read Time": 186.178, "I/O Write Time": 0.0, "Plans": [{"Node Type": "Seq Scan", "Parent Relationship": "Outer", "Parallel Aware": false, "Relation Name": "movie_keyword", "Schema": "public", "Alias": "mk", "Startup Cost": 0.0, "Total Cost": 69693.3, "Plan Rows": 4523930, "Plan Width": 4, "Actual Startup Time": 0.122, "Actual Total Time": 961.877, "Actual Rows": 4523930, "Actual Loops": 1, "Output": ["mk.movie_id"], "Shared Hit Blocks": 0, "Shared Read Blocks": 24454, "Shared Dirtied Blocks": 0, "Shared Written Blocks": 0, "Local Hit Blocks": 0, "Local Read Blocks": 0, "Local Dirtied Blocks": 0, "Local Written Blocks": 0, "Temp Read Blocks": 0, "Temp Written Blocks": 0, "I/O Read Time": 125.429, "I/O Write Time": 0.0}, {"Node Type": "Hash", "Parent Relationship": "Inner", "Parallel Aware": false, "Startup Cost": 61283.2, "Total Cost": 61283.2, "Plan Rows": 2528520, "Plan Width": 4, "Actual Startup Time": 1295.411, "Actual Total Time": 1295.412, "Actual Rows": 2528312, "Actual Loops": 1, "Output": ["t.id"], "Hash Buckets": 131072, "Original Hash Buckets": 131072, "Hash Batches": 64, "Original Hash Batches": 64, "Peak Memory Usage": 2415, "Shared Hit Blocks": 0, "Shared Read Blocks": 35998, "Shared Dirtied Blocks": 0, "Shared Written Blocks": 0, "Local Hit Blocks": 0, "Local Read Blocks": 0, "Local Dirtied Blocks": 0, "Local Written Blocks": 0, "Temp Read Blocks": 0, "Temp Written Blocks": 7262, "I/O Read Time": 60.749, "I/O Write Time": 0.0, "Plans": [{"Node Type": "Seq Scan", "Parent Relationship": "Outer", "Parallel Aware": false, "Relation Name": "title", "Schema": "public", "Alias": "t", "Startup Cost": 0.0, "Total Cost": 61283.2, "Plan Rows": 2528520, "Plan Width": 4, "Actual Startup Time": 0.142, "Actual Total Time": 555.258, "Actual Rows": 2528312, "Actual Loops": 1, "Output": ["t.id"], "Shared Hit Blocks": 0, "Shared Read Blocks": 35998, "Shared Dirtied Blocks": 0, "Shared Written Blocks": 0, "Local Hit Blocks": 0, "Local Read Blocks": 0, "Local Dirtied Blocks": 0, "Local Written Blocks": 0, "Temp Read Blocks": 0, "Temp Written Blocks": 0, "I/O Read Time": 60.749, "I/O Write Time": 0.0}]}]}]}, "Planning": {"Shared Hit Blocks": 98, "Shared Read Blocks": 26, "Shared Dirtied Blocks": 0, "Shared Written Blocks": 0, "Local Hit Blocks": 0, "Local Read Blocks": 0, "Local Dirtied Blocks": 0, "Local Written Blocks": 0, "Temp Read Blocks": 0, "Temp Written Blocks": 0, "I/O Read Time": 1.8, "I/O Write Time": 0.0}, "Planning Time": 2.629, "Triggers": [], "Execution Time": 5768.316}, "template": "scale", "query": "EXPLAIN (ANALYZE, COSTS, BUFFERS, VERBOSE, FORMAT JSON) SELECT COUNT(*) FROM title t,movie_keyword mk WHERE t.id=mk.movie_id;"}
{"planinfo": {"Plan": {"Node Type": "Aggregate", "Strategy": "Plain", "Partial Mode": "Simple", "Parallel Aware": false, "Startup Cost": 583615.34, "Total Cost": 583615.35, "Plan Rows": 1, "Plan Width": 8, "Actual Startup Time": 11905.811, "Actual Total Time": 11905.814, "Actual Rows": 1, "Actual Loops": 1, "Output": ["count(*)"], "Shared Hit Blocks": 3, "Shared Read Blocks": 197991, "Shared Dirtied Blocks": 0, "Shared Written Blocks": 0, "Local Hit Blocks": 0, "Local Read Blocks": 0, "Local Dirtied Blocks": 0, "Local Written Blocks": 0, "Temp Read Blocks": 34946, "Temp Written Blocks": 34946, "I/O Read Time": 339.668, "I/O Write Time": 0.0, "Plans": [{"Node Type": "Hash Join", "Parent Relationship": "Outer", "Parallel Aware": false, "Join Type": "Inner", "Startup Cost": 102767.7, "Total Cost": 559703.16, "Plan Rows": 9564872, "Plan Width": 0, "Actual Startup Time": 1288.908, "Actual Total Time": 10941.654, "Actual Rows": 9565151, "Actual Loops": 1, "Inner Unique": true, "Hash Cond": "(mi.movie_id = t.id)", "Shared Hit Blocks": 3, "Shared Read Blocks": 197991, "Shared Dirtied Blocks": 0, "Shared Written Blocks": 0, "Local Hit Blocks": 0, "Local Read Blocks": 0, "Local Dirtied Blocks": 0, "Local Written Blocks": 0, "Temp Read Blocks": 34946, "Temp Written Blocks": 34946, "I/O Read Time": 339.668, "I/O Write Time": 0.0, "Plans": [{"Node Type": "Seq Scan", "Parent Relationship": "Outer", "Parallel Aware": false, "Relation Name": "movie_info", "Schema": "public", "Alias": "mi", "Startup Cost": 0.0, "Total Cost": 347223.62, "Plan Rows": 9564872, "Plan Width": 4, "Actual Startup Time": 0.21, "Actual Total Time": 3417.465, "Actual Rows": 9565151, "Actual Loops": 1, "Output": ["mi.movie_id"], "Filter": "(mi.info_type_id < 16)", "Rows Removed by Filter": 5270569, "Shared Hit Blocks": 0, "Shared Read Blocks": 161993, "Shared Dirtied Blocks": 0, "Shared Written Blocks": 0, "Local Hit Blocks": 0, "Local Read Blocks": 0, "Local Dirtied Blocks": 0, "Local Written Blocks": 0, "Temp Read Blocks": 0, "Temp Written Blocks": 0, "I/O Read Time": 279.385, "I/O Write Time": 0.0}, {"Node Type": "Hash", "Parent Relationship": "Inner", "Parallel Aware": false, "Startup Cost": 61283.2, "Total Cost": 61283.2, "Plan Rows": 2528520, "Plan Width": 4, "Actual Startup Time": 1285.548, "Actual Total Time": 1285.549, "Actual Rows": 2528312, "Actual Loops": 1, "Output": ["t.id"], "Hash Buckets": 131072, "Original Hash Buckets": 131072, "Hash Batches": 64, "Original Hash Batches": 64, "Peak Memory Usage": 2415, "Shared Hit Blocks": 0, "Shared Read Blocks": 35998, "Shared Dirtied Blocks": 0, "Shared Written Blocks": 0, "Local Hit Blocks": 0, "Local Read Blocks": 0, "Local Dirtied Blocks": 0, "Local Written Blocks": 0, "Temp Read Blocks": 0, "Temp Written Blocks": 7262, "I/O Read Time": 60.283, "I/O Write Time": 0.0, "Plans": [{"Node Type": "Seq Scan", "Parent Relationship": "Outer", "Parallel Aware": false, "Relation Name": "title", "Schema": "public", "Alias": "t", "Startup Cost": 0.0, "Total Cost": 61283.2, "Plan Rows": 2528520, "Plan Width": 4, "Actual Startup Time": 0.129, "Actual Total Time": 549.982, "Actual Rows": 2528312, "Actual Loops": 1, "Output": ["t.id"], "Shared Hit Blocks": 0, "Shared Read Blocks": 35998, "Shared Dirtied Blocks": 0, "Shared Written Blocks": 0, "Local Hit Blocks": 0, "Local Read Blocks": 0, "Local Dirtied Blocks": 0, "Local Written Blocks": 0, "Temp Read Blocks": 0, "Temp Written Blocks": 0, "I/O Read Time": 60.283, "I/O Write Time": 0.0}]}]}]}, "Planning": {"Shared Hit Blocks": 100, "Shared Read Blocks": 32, "Shared Dirtied Blocks": 0, "Shared Written Blocks": 0, "Local Hit Blocks": 0, "Local Read Blocks": 0, "Local Dirtied Blocks": 0, "Local Written Blocks": 0, "Temp Read Blocks": 0, "Temp Written Blocks": 0, "I/O Read Time": 2.04, "I/O Write Time": 0.0}, "Planning Time": 2.964, "Triggers": [], "Execution Time": 11905.971}, "template": "scale", "query": "EXPLAIN (ANALYZE, COSTS, BUFFERS, VERBOSE, FORMAT JSON) SELECT COUNT(*) FROM title t,movie_info mi WHERE t.id=mi.movie_id AND mi.info_type_id<16;"}
{"planinfo": {"Plan": {"Node Type": "Aggregate", "Strategy": "Plain", "Partial Mode": "Simple", "Parallel Aware": false, "Startup Cost": 183112.94, "Total Cost": 183112.95, "Plan Rows": 1, "Plan Width": 8, "Actual Startup Time": 2346.55, "Actual Total Time": 2346.554, "Actual Rows": 1, "Actual Loops": 1, "Output": ["count(*)"], "Shared Hit Blocks": 3, "Shared Read Blocks": 60452, "Shared Dirtied Blocks": 0, "Shared Written Blocks": 0, "Local Hit Blocks": 0, "Local Read Blocks": 0, "Local Dirtied Blocks": 0, "Local Written Blocks": 0, "Temp Read Blocks": 5132, "Temp Written Blocks": 5132, "I/O Read Time": 179.364, "I/O Write Time": 0.0, "Plans": [{"Node Type": "Hash Join", "Parent Relationship": "Outer", "Parallel Aware": false, "Join Type": "Inner", "Startup Cost": 93057.89, "Total Cost": 182729.76, "Plan Rows": 153272, "Plan Width": 0, "Actual Startup Time": 1229.966, "Actual Total Time": 2327.059, "Actual Rows": 183733, "Actual Loops": 1, "Inner Unique": true, "Hash Cond": "(mk.movie_id = t.id)", "Shared Hit Blocks": 3, "Shared Read Blocks": 60452, "Shared Dirtied Blocks": 0, "Shared Written Blocks": 0, "Local Hit Blocks": 0, "Local Read Blocks": 0, "Local Dirtied Blocks": 0, "Local Written Blocks": 0, "Temp Read Blocks": 5132, "Temp Written Blocks": 5132, "I/O Read Time": 179.364, "I/O Write Time": 0.0, "Plans": [{"Node Type": "Seq Scan", "Parent Relationship": "Outer", "Parallel Aware": false, "Relation Name": "movie_keyword", "Schema": "public", "Alias": "mk", "Startup Cost": 0.0, "Total Cost": 81003.12, "Plan Rows": 249809, "Plan Width": 4, "Actual Startup Time": 105.889, "Actual Total Time": 837.374, "Actual Rows": 246431, "Actual Loops": 1, "Output": ["mk.movie_id"], "Filter": "(mk.keyword_id > 60992)", "Rows Removed by Filter": 4277499, "Shared Hit Blocks": 0, "Shared Read Blocks": 24454, "Shared Dirtied Blocks": 0, "Shared Written Blocks": 0, "Local Hit Blocks": 0, "Local Read Blocks": 0, "Local Dirtied Blocks": 0, "Local Written Blocks": 0, "Temp Read Blocks": 0, "Temp Written Blocks": 0, "I/O Read Time": 120.646, "I/O Write Time": 0.0}, {"Node Type": "Hash", "Parent Relationship": "Inner", "Parallel Aware": false, "Startup Cost": 67604.5, "Total Cost": 67604.5, "Plan Rows": 1551391, "Plan Width": 4, "Actual Startup Time": 1123.456, "Actual Total Time": 1123.457, "Actual Rows": 1551727, "Actual Loops": 1, "Output": ["t.id"], "Hash Buckets": 131072, "Original Hash Buckets": 131072, "Hash Batches": 32, "Original Hash Batches": 32, "Peak Memory Usage": 2728, "Shared Hit Blocks": 0, "Shared Read Blocks": 35998, "Shared Dirtied Blocks": 0, "Shared Written Blocks": 0, "Local Hit Blocks": 0, "Local Read Blocks": 0, "Local Dirtied Blocks": 0, "Local Written Blocks": 0, "Temp Read Blocks": 0, "Temp Written Blocks": 4388, "I/O Read Time": 58.718, "I/O Write Time": 0.0, "Plans": [{"Node Type": "Seq Scan", "Parent Relationship": "Outer", "Parallel Aware": false, "Relation Name": "title", "Schema": "public", "Alias": "t", "Startup Cost": 0.0, "Total Cost": 67604.5, "Plan Rows": 1551391, "Plan Width": 4, "Actual Startup Time": 0.156, "Actual Total Time": 647.899, "Actual Rows": 1551727, "Actual Loops": 1, "Output": ["t.id"], "Filter": "(t.production_year < 2007)", "Rows Removed by Filter": 976585, "Shared Hit Blocks": 0, "Shared Read Blocks": 35998, "Shared Dirtied Blocks": 0, "Shared Written Blocks": 0, "Local Hit Blocks": 0, "Local Read Blocks": 0, "Local Dirtied Blocks": 0, "Local Written Blocks": 0, "Temp Read Blocks": 0, "Temp Written Blocks": 0, "I/O Read Time": 58.718, "I/O Write Time": 0.0}]}]}]}, "Planning": {"Shared Hit Blocks": 104, "Shared Read Blocks": 26, "Shared Dirtied Blocks": 0, "Shared Written Blocks": 0, "Local Hit Blocks": 0, "Local Read Blocks": 0, "Local Dirtied Blocks": 0, "Local Written Blocks": 0, "Temp Read Blocks": 0, "Temp Written Blocks": 0, "I/O Read Time": 1.967, "I/O Write Time": 0.0}, "Planning Time": 2.965, "Triggers": [], "Execution Time": 2346.732}, "template": "scale", "query": "EXPLAIN (ANALYZE, COSTS, BUFFERS, VERBOSE, FORMAT JSON) SELECT COUNT(*) FROM title t,movie_keyword mk WHERE t.id=mk.movie_id AND t.production_year<2007 AND mk.keyword_id>60992;"}
{"planinfo": {"Plan": {"Node Type": "Aggregate", "Strategy": "Plain", "Partial Mode": "Simple", "Parallel Aware": false, "Startup Cost": 638676.38, "Total Cost": 638676.39, "Plan Rows": 1, "Plan Width": 8, "Actual Startup Time": 12840.405, "Actual Total Time": 12840.409, "Actual Rows": 1, "Actual Loops": 1, "Output": ["count(*)"], "Shared Hit Blocks": 23449, "Shared Read Blocks": 177553, "Shared Dirtied Blocks": 0, "Shared Written Blocks": 0, "Local Hit Blocks": 0, "Local Read Blocks": 0, "Local Dirtied Blocks": 0, "Local Written Blocks": 0, "Temp Read Blocks": 15292, "Temp Written Blocks": 15292, "I/O Read Time": 441.058, "I/O Write Time": 0.0, "Plans": [{"Node Type": "Hash Join", "Parent Relationship": "Outer", "Parallel Aware": false, "Join Type": "Inner", "Startup Cost": 221235.42, "Total Cost": 632933.05, "Plan Rows": 2297330, "Plan Width": 0, "Actual Startup Time": 3018.06, "Actual Total Time": 10775.969, "Actual Rows": 20959155, "Actual Loops": 1, "Inner Unique": false, "Hash Cond": "(mi.movie_id = t.id)", "Shared Hit Blocks": 23449, "Shared Read Blocks": 177553, "Shared Dirtied Blocks": 0, "Shared Written Blocks": 0, "Local Hit Blocks": 0, "Local Read Blocks": 0, "Local Dirtied Blocks": 0, "Local Written Blocks": 0, "Temp Read Blocks": 15292, "Temp Written Blocks": 15292, "I/O Read Time": 441.058, "I/O Write Time": 0.0, "Plans": [{"Node Type": "Seq Scan", "Parent Relationship": "Outer", "Parallel Aware": false, "Relation Name": "movie_info", "Schema": "public", "Alias": "mi", "Startup Cost": 0.0, "Total Cost": 347223.62, "Plan Rows": 2226354, "Plan Width": 4, "Actual Startup Time": 173.306, "Actual Total Time": 2824.674, "Actual Rows": 2233850, "Actual Loops": 1, "Output": ["mi.movie_id"], "Filter": "(mi.info_type_id > 16)", "Rows Removed by Filter": 12601870, "Shared Hit Blocks": 0, "Shared Read Blocks": 161993, "Shared Dirtied Blocks": 0, "Shared Written Blocks": 0, "Local Hit Blocks": 0, "Local Read Blocks": 0, "Local Dirtied Blocks": 0, "Local Written Blocks": 0, "Temp Read Blocks": 0, "Temp Written Blocks": 0, "I/O Read Time": 271.799, "I/O Write Time": 0.0}, {"Node Type": "Hash", "Parent Relationship": "Inner", "Parallel Aware": false, "Startup Cost": 178429.3, "Total Cost": 178429.3, "Plan Rows": 2609129, "Plan Width": 8, "Actual Startup Time": 2843.962, "Actual Total Time": 2843.964, "Actual Rows": 2609129, "Actual Loops": 1, "Output": ["t.id", "mc.movie_id"], "Hash Buckets": 131072, "Original Hash Buckets": 131072, "Hash Batches": 64, "Original Hash Batches": 64, "Peak Memory Usage": 2610, "Shared Hit Blocks": 23446, "Shared Read Blocks": 15560, "Shared Dirtied Blocks": 0, "Shared Written Blocks": 0, "Local Hit Blocks": 0, "Local Read Blocks": 0, "Local Dirtied Blocks": 0, "Local Written Blocks": 0, "Temp Read Blocks": 0, "Temp Written Blocks": 8752, "I/O Read Time": 169.259, "I/O Write Time": 0.0, "Plans": [{"Node Type": "Merge Join", "Parent Relationship": "Outer", "Parallel Aware": false, "Join Type": "Inner", "Startup Cost": 5.51, "Total Cost": 178429.3, "Plan Rows": 2609129, "Plan Width": 8, "Actual Startup Time": 0.05, "Actual Total Time": 1959.271, "Actual Rows": 2609129, "Actual Loops": 1, "Output": ["t.id", "mc.movie_id"], "Inner Unique": false, "Merge Cond": "(t.id = mc.movie_id)", "Shared Hit Blocks": 23446, "Shared Read Blocks": 15560, "Shared Dirtied Blocks": 0, "Shared Written Blocks": 0, "Local Hit Blocks": 0, "Local Read Blocks": 0, "Local Dirtied Blocks": 0, "Local Written Blocks": 0, "Temp Read Blocks": 0, "Temp Written Blocks": 0, "I/O Read Time": 169.259, "I/O Write Time": 0.0, "Plans": [{"Node Type": "Index Only Scan", "Parent Relationship": "Outer", "Parallel Aware": false, "Scan Direction": "Forward", "Index Name": "title_pkey", "Relation Name": "title", "Schema": "public", "Alias": "t", "Startup Cost": 0.43, "Total Cost": 73940.23, "Plan Rows": 2528520, "Plan Width": 4, "Actual Startup Time": 0.021, "Actual Total Time": 547.112, "Actual Rows": 2525746, "Actual Loops": 1, "Output": ["t.id"], "Heap Fetches": 0, "Shared Hit Blocks": 23441, "Shared Read Blocks": 8963, "Shared Dirtied Blocks": 0, "Shared Written Blocks": 0, "Local Hit Blocks": 0, "Local Read Blocks": 0, "Local Dirtied Blocks": 0, "Local Written Blocks": 0, "Temp Read Blocks": 0, "Temp Written Blocks": 0, "I/O Read Time": 131.883, "I/O Write Time": 0.0}, {"Node Type": "Index Only Scan", "Parent Relationship": "Inner", "Parallel Aware": false, "Scan Direction": "Forward", "Index Name": "movie_id_movie_companies", "Relation Name": "movie_companies", "Schema": "public", "Alias": "mc", "Startup Cost": 0.43, "Total Cost": 65637.36, "Plan Rows": 2609129, "Plan Width": 4, "Actual Startup Time": 0.024, "Actual Total Time": 495.018, "Actual Rows": 2609129, "Actual Loops": 1, "Output": ["mc.movie_id"], "Heap Fetches": 0, "Shared Hit Blocks": 5, "Shared Read Blocks": 6597, "Shared Dirtied Blocks": 0, "Shared Written Blocks": 0, "Local Hit Blocks": 0, "Local Read Blocks": 0, "Local Dirtied Blocks": 0, "Local Written Blocks": 0, "Temp Read Blocks": 0, "Temp Written Blocks": 0, "I/O Read Time": 37.375, "I/O Write Time": 0.0}]}]}]}]}, "Planning": {"Shared Hit Blocks": 197, "Shared Read Blocks": 42, "Shared Dirtied Blocks": 0, "Shared Written Blocks": 0, "Local Hit Blocks": 0, "Local Read Blocks": 0, "Local Dirtied Blocks": 0, "Local Written Blocks": 0, "Temp Read Blocks": 0, "Temp Written Blocks": 0, "I/O Read Time": 2.921, "I/O Write Time": 0.0}, "Planning Time": 4.565, "Triggers": [], "Execution Time": 12840.631}, "template": "scale", "query": "EXPLAIN (ANALYZE, COSTS, BUFFERS, VERBOSE, FORMAT JSON) SELECT COUNT(*) FROM title t,movie_companies mc,movie_info mi WHERE t.id=mc.movie_id AND t.id=mi.movie_id AND mi.info_type_id>16;"}
{"planinfo": {"Plan": {"Node Type": "Aggregate", "Strategy": "Plain", "Partial Mode": "Simple", "Parallel Aware": false, "Startup Cost": 139696.83, "Total Cost": 139696.84, "Plan Rows": 1, "Plan Width": 8, "Actual Startup Time": 1503.45, "Actual Total Time": 1503.452, "Actual Rows": 1, "Actual Loops": 1, "Output": ["count(*)"], "Shared Hit Blocks": 23446, "Shared Read Blocks": 13472, "Shared Dirtied Blocks": 0, "Shared Written Blocks": 0, "Local Hit Blocks": 0, "Local Read Blocks": 0, "Local Dirtied Blocks": 0, "Local Written Blocks": 0, "Temp Read Blocks": 0, "Temp Written Blocks": 0, "I/O Read Time": 162.397, "I/O Write Time": 0.0, "Plans": [{"Node Type": "Merge Join", "Parent Relationship": "Outer", "Parallel Aware": false, "Join Type": "Inner", "Startup Cost": 9.94, "Total Cost": 136246.74, "Plan Rows": 1380035, "Plan Width": 0, "Actual Startup Time": 0.045, "Actual Total Time": 1356.993, "Actual Rows": 1380035, "Actual Loops": 1, "Inner Unique": false, "Merge Cond": "(t.id = mi_idx.movie_id)", "Shared Hit Blocks": 23446, "Shared Read Blocks": 13472, "Shared Dirtied Blocks": 0, "Shared Written Blocks": 0, "Local Hit Blocks": 0, "Local Read Blocks": 0, "Local Dirtied Blocks": 0, "Local Written Blocks": 0, "Temp Read Blocks": 0, "Temp Written Blocks": 0, "I/O Read Time": 162.397, "I/O Write Time": 0.0, "Plans": [{"Node Type": "Index Only Scan", "Parent Relationship": "Outer", "Parallel Aware": false, "Scan Direction": "Forward", "Index Name": "title_pkey", "Relation Name": "title", "Schema": "public", "Alias": "t", "Startup Cost": 0.43, "Total Cost": 73940.23, "Plan Rows": 2528520, "Plan Width": 4, "Actual Startup Time": 0.017, "Actual Total Time": 535.874, "Actual Rows": 2525794, "Actual Loops": 1, "Output": ["t.id"], "Heap Fetches": 0, "Shared Hit Blocks": 23441, "Shared Read Blocks": 8963, "Shared Dirtied Blocks": 0, "Shared Written Blocks": 0, "Local Hit Blocks": 0, "Local Read Blocks": 0, "Local Dirtied Blocks": 0, "Local Written Blocks": 0, "Temp Read Blocks": 0, "Temp Written Blocks": 0, "I/O Read Time": 137.636, "I/O Write Time": 0.0}, {"Node Type": "Index Only Scan", "Parent Relationship": "Inner", "Parallel Aware": false, "Scan Direction": "Forward", "Index Name": "movie_id_movie_info_idx", "Relation Name": "movie_info_idx", "Schema": "public", "Alias": "mi_idx", "Startup Cost": 0.43, "Total Cost": 38816.95, "Plan Rows": 1380035, "Plan Width": 4, "Actual Startup Time": 0.024, "Actual Total Time": 249.387, "Actual Rows": 1380035, "Actual Loops": 1, "Output": ["mi_idx.movie_id"], "Heap Fetches": 0, "Shared Hit Blocks": 5, "Shared Read Blocks": 4509, "Shared Dirtied Blocks": 0, "Shared Written Blocks": 0, "Local Hit Blocks": 0, "Local Read Blocks": 0, "Local Dirtied Blocks": 0, "Local Written Blocks": 0, "Temp Read Blocks": 0, "Temp Written Blocks": 0, "I/O Read Time": 24.761, "I/O Write Time": 0.0}]}]}, "Planning": {"Shared Hit Blocks": 99, "Shared Read Blocks": 26, "Shared Dirtied Blocks": 0, "Shared Written Blocks": 0, "Local Hit Blocks": 0, "Local Read Blocks": 0, "Local Dirtied Blocks": 0, "Local Written Blocks": 0, "Temp Read Blocks": 0, "Temp Written Blocks": 0, "I/O Read Time": 1.804, "I/O Write Time": 0.0}, "Planning Time": 2.618, "Triggers": [], "Execution Time": 1503.544}, "template": "scale", "query": "EXPLAIN (ANALYZE, COSTS, BUFFERS, VERBOSE, FORMAT JSON) SELECT COUNT(*) FROM title t,movie_info_idx mi_idx WHERE t.id=mi_idx.movie_id;"}
{"planinfo": {"Plan": {"Node Type": "Aggregate", "Strategy": "Plain", "Partial Mode": "Simple", "Parallel Aware": false, "Startup Cost": 232593.81, "Total Cost": 232593.82, "Plan Rows": 1, "Plan Width": 8, "Actual Startup Time": 4851.558, "Actual Total Time": 4851.562, "Actual Rows": 1, "Actual Loops": 1, "Output": ["count(*)"], "Shared Hit Blocks": 3, "Shared Read Blocks": 60452, "Shared Dirtied Blocks": 0, "Shared Written Blocks": 0, "Local Hit Blocks": 0, "Local Read Blocks": 0, "Local Dirtied Blocks": 0, "Local Written Blocks": 0, "Temp Read Blocks": 15967, "Temp Written Blocks": 15967, "I/O Read Time": 186.64, "I/O Write Time": 0.0, "Plans": [{"Node Type": "Hash Join", "Parent Relationship": "Outer", "Parallel Aware": false, "Join Type": "Inner", "Startup Cost": 102767.7, "Total Cost": 225068.46, "Plan Rows": 3010141, "Plan Width": 0, "Actual Startup Time": 1302.466, "Actual Total Time": 4551.811, "Actual Rows": 2986860, "Actual Loops": 1, "Inner Unique": true, "Hash Cond": "(mk.movie_id = t.id)", "Shared Hit Blocks": 3, "Shared Read Blocks": 60452, "Shared Dirtied Blocks": 0, "Shared Written Blocks": 0, "Local Hit Blocks": 0, "Local Read Blocks": 0, "Local Dirtied Blocks": 0, "Local Written Blocks": 0, "Temp Read Blocks": 15967, "Temp Written Blocks": 15967, "I/O Read Time": 186.64, "I/O Write Time": 0.0, "Plans": [{"Node Type": "Seq Scan", "Parent Relationship": "Outer", "Parallel Aware": false, "Relation Name": "movie_keyword", "Schema": "public", "Alias": "mk", "Startup Cost": 0.0, "Total Cost": 81003.12, "Plan Rows": 3010141, "Plan Width": 4, "Actual Startup Time": 1.064, "Actual Total Time": 1085.739, "Actual Rows": 2986860, "Actual Loops": 1, "Output": ["mk.movie_id"], "Filter": "(mk.keyword_id > 2242)", "Rows Removed by Filter": 1537070, "Shared Hit Blocks": 0, "Shared Read Blocks": 24454, "Shared Dirtied Blocks": 0, "Shared Written Blocks": 0, "Local Hit Blocks": 0, "Local Read Blocks": 0, "Local Dirtied Blocks": 0, "Local Written Blocks": 0, "Temp Read Blocks": 0, "Temp Written Blocks": 0, "I/O Read Time": 125.53, "I/O Write Time": 0.0}, {"Node Type": "Hash", "Parent Relationship": "Inner", "Parallel Aware": false, "Startup Cost": 61283.2, "Total Cost": 61283.2, "Plan Rows": 2528520, "Plan Width": 4, "Actual Startup Time": 1298.268, "Actual Total Time": 1298.269, "Actual Rows": 2528312, "Actual Loops": 1, "Output": ["t.id"], "Hash Buckets": 131072, "Original Hash Buckets": 131072, "Hash Batches": 64, "Original Hash Batches": 64, "Peak Memory Usage": 2415, "Shared Hit Blocks": 0, "Shared Read Blocks": 35998, "Shared Dirtied Blocks": 0, "Shared Written Blocks": 0, "Local Hit Blocks": 0, "Local Read Blocks": 0, "Local Dirtied Blocks": 0, "Local Written Blocks": 0, "Temp Read Blocks": 0, "Temp Written Blocks": 7262, "I/O Read Time": 61.111, "I/O Write Time": 0.0, "Plans": [{"Node Type": "Seq Scan", "Parent Relationship": "Outer", "Parallel Aware": false, "Relation Name": "title", "Schema": "public", "Alias": "t", "Startup Cost": 0.0, "Total Cost": 61283.2, "Plan Rows": 2528520, "Plan Width": 4, "Actual Startup Time": 0.144, "Actual Total Time": 549.033, "Actual Rows": 2528312, "Actual Loops": 1, "Output": ["t.id"], "Shared Hit Blocks": 0, "Shared Read Blocks": 35998, "Shared Dirtied Blocks": 0, "Shared Written Blocks": 0, "Local Hit Blocks": 0, "Local Read Blocks": 0, "Local Dirtied Blocks": 0, "Local Written Blocks": 0, "Temp Read Blocks": 0, "Temp Written Blocks": 0, "I/O Read Time": 61.111, "I/O Write Time": 0.0}]}]}]}, "Planning": {"Shared Hit Blocks": 105, "Shared Read Blocks": 25, "Shared Dirtied Blocks": 0, "Shared Written Blocks": 0, "Local Hit Blocks": 0, "Local Read Blocks": 0, "Local Dirtied Blocks": 0, "Local Written Blocks": 0, "Temp Read Blocks": 0, "Temp Written Blocks": 0, "I/O Read Time": 1.717, "I/O Write Time": 0.0}, "Planning Time": 2.582, "Triggers": [], "Execution Time": 4851.723}, "template": "scale", "query": "EXPLAIN (ANALYZE, COSTS, BUFFERS, VERBOSE, FORMAT JSON) SELECT COUNT(*) FROM title t,movie_keyword mk WHERE t.id=mk.movie_id AND mk.keyword_id>2242;"}
{"planinfo": {"Plan": {"Node Type": "Aggregate", "Strategy": "Plain", "Partial Mode": "Simple", "Parallel Aware": false, "Startup Cost": 467048.74, "Total Cost": 467048.75, "Plan Rows": 1, "Plan Width": 8, "Actual Startup Time": 4750.529, "Actual Total Time": 4750.532, "Actual Rows": 1, "Actual Loops": 1, "Output": ["count(*)"], "Shared Hit Blocks": 3, "Shared Read Blocks": 197991, "Shared Dirtied Blocks": 0, "Shared Written Blocks": 0, "Local Hit Blocks": 0, "Local Read Blocks": 0, "Local Dirtied Blocks": 0, "Local Written Blocks": 0, "Temp Read Blocks": 8926, "Temp Written Blocks": 8926, "I/O Read Time": 342.729, "I/O Write Time": 0.0, "Plans": [{"Node Type": "Hash Join", "Parent Relationship": "Outer", "Parallel Aware": false, "Join Type": "Inner", "Startup Cost": 102767.7, "Total Cost": 465661.71, "Plan Rows": 554813, "Plan Width": 0, "Actual Startup Time": 2860.657, "Actual Total Time": 4694.867, "Actual Rows": 543367, "Actual Loops": 1, "Inner Unique": true, "Hash Cond": "(mi.movie_id = t.id)", "Shared Hit Blocks": 3, "Shared Read Blocks": 197991, "Shared Dirtied Blocks": 0, "Shared Written Blocks": 0, "Local Hit Blocks": 0, "Local Read Blocks": 0, "Local Dirtied Blocks": 0, "Local Written Blocks": 0, "Temp Read Blocks": 8926, "Temp Written Blocks": 8926, "I/O Read Time": 342.729, "I/O Write Time": 0.0, "Plans": [{"Node Type": "Seq Scan", "Parent Relationship": "Outer", "Parallel Aware": false, "Relation Name": "movie_info", "Schema": "public", "Alias": "mi", "Startup Cost": 0.0, "Total Cost": 347223.62, "Plan Rows": 554813, "Plan Width": 4, "Actual Startup Time": 1503.482, "Actual Total Time": 2669.066, "Actual Rows": 543367, "Actual Loops": 1, "Output": ["mi.movie_id"], "Filter": "(mi.info_type_id > 98)", "Rows Removed by Filter": 14292353, "Shared Hit Blocks": 0, "Shared Read Blocks": 161993, "Shared Dirtied Blocks": 0, "Shared Written Blocks": 0, "Local Hit Blocks": 0, "Local Read Blocks": 0, "Local Dirtied Blocks": 0, "Local Written Blocks": 0, "Temp Read Blocks": 0, "Temp Written Blocks": 0, "I/O Read Time": 285.465, "I/O Write Time": 0.0}, {"Node Type": "Hash", "Parent Relationship": "Inner", "Parallel Aware": false, "Startup Cost": 61283.2, "Total Cost": 61283.2, "Plan Rows": 2528520, "Plan Width": 4, "Actual Startup Time": 1354.747, "Actual Total Time": 1354.748, "Actual Rows": 2528312, "Actual Loops": 1, "Output": ["t.id"], "Hash Buckets": 131072, "Original Hash Buckets": 131072, "Hash Batches": 64, "Original Hash Batches": 64, "Peak Memory Usage": 2415, "Shared Hit Blocks": 0, "Shared Read Blocks": 35998, "Shared Dirtied Blocks": 0, "Shared Written Blocks": 0, "Local Hit Blocks": 0, "Local Read Blocks": 0, "Local Dirtied Blocks": 0, "Local Written Blocks": 0, "Temp Read Blocks": 0, "Temp Written Blocks": 7262, "I/O Read Time": 57.264, "I/O Write Time": 0.0, "Plans": [{"Node Type": "Seq Scan", "Parent Relationship": "Outer", "Parallel Aware": false, "Relation Name": "title", "Schema": "public", "Alias": "t", "Startup Cost": 0.0, "Total Cost": 61283.2, "Plan Rows": 2528520, "Plan Width": 4, "Actual Startup Time": 0.161, "Actual Total Time": 543.917, "Actual Rows": 2528312, "Actual Loops": 1, "Output": ["t.id"], "Shared Hit Blocks": 0, "Shared Read Blocks": 35998, "Shared Dirtied Blocks": 0, "Shared Written Blocks": 0, "Local Hit Blocks": 0, "Local Read Blocks": 0, "Local Dirtied Blocks": 0, "Local Written Blocks": 0, "Temp Read Blocks": 0, "Temp Written Blocks": 0, "I/O Read Time": 57.264, "I/O Write Time": 0.0}]}]}]}, "Planning": {"Shared Hit Blocks": 103, "Shared Read Blocks": 32, "Shared Dirtied Blocks": 0, "Shared Written Blocks": 0, "Local Hit Blocks": 0, "Local Read Blocks": 0, "Local Dirtied Blocks": 0, "Local Written Blocks": 0, "Temp Read Blocks": 0, "Temp Written Blocks": 0, "I/O Read Time": 2.388, "I/O Write Time": 0.0}, "Planning Time": 3.461, "Triggers": [], "Execution Time": 4750.685}, "template": "scale", "query": "EXPLAIN (ANALYZE, COSTS, BUFFERS, VERBOSE, FORMAT JSON) SELECT COUNT(*) FROM title t,movie_info mi WHERE t.id=mi.movie_id AND mi.info_type_id>98;"}
{"planinfo": {"Plan": {"Node Type": "Aggregate", "Strategy": "Plain", "Partial Mode": "Simple", "Parallel Aware": false, "Startup Cost": 358382.32, "Total Cost": 358382.33, "Plan Rows": 1, "Plan Width": 8, "Actual Startup Time": 6455.903, "Actual Total Time": 6455.906, "Actual Rows": 1, "Actual Loops": 1, "Output": ["count(*)"], "Shared Hit Blocks": 2920191, "Shared Read Blocks": 46983, "Shared Dirtied Blocks": 0, "Shared Written Blocks": 0, "Local Hit Blocks": 0, "Local Read Blocks": 0, "Local Dirtied Blocks": 0, "Local Written Blocks": 0, "Temp Read Blocks": 0, "Temp Written Blocks": 0, "I/O Read Time": 1205.457, "I/O Write Time": 0.0, "Plans": [{"Node Type": "Nested Loop", "Parent Relationship": "Outer", "Parallel Aware": false, "Join Type": "Inner", "Startup Cost": 1.74, "Total Cost": 356734.23, "Plan Rows": 659234, "Plan Width": 0, "Actual Startup Time": 1.601, "Actual Total Time": 5891.576, "Actual Rows": 5030235, "Actual Loops": 1, "Inner Unique": false, "Join Filter": "(t.id = mi.movie_id)", "Rows Removed by Join Filter": 0, "Shared Hit Blocks": 2920191, "Shared Read Blocks": 46983, "Shared Dirtied Blocks": 0, "Shared Written Blocks": 0, "Local Hit Blocks": 0, "Local Read Blocks": 0, "Local Dirtied Blocks": 0, "Local Written Blocks": 0, "Temp Read Blocks": 0, "Temp Written Blocks": 0, "I/O Read Time": 1205.457, "I/O Write Time": 0.0, "Plans": [{"Node Type": "Nested Loop", "Parent Relationship": "Outer", "Parallel Aware": false, "Join Type": "Inner", "Startup Cost": 1.3, "Total Cost": 175545.4, "Plan Rows": 112486, "Plan Width": 16, "Actual Startup Time": 1.398, "Actual Total Time": 2427.899, "Actual Rows": 332085, "Actual Loops": 1, "Output": ["t.id", "ci.movie_id", "mi_idx.movie_id", "mk.movie_id"], "Inner Unique": false, "Join Filter": "(t.id = ci.movie_id)", "Rows Removed by Join Filter": 0, "Shared Hit Blocks": 703202, "Shared Read Blocks": 46720, "Shared Dirtied Blocks": 0, "Shared Written Blocks": 0, "Local Hit Blocks": 0, "Local Read Blocks": 0, "Local Dirtied Blocks": 0, "Local Written Blocks": 0, "Temp Read Blocks": 0, "Temp Written Blocks": 0, "I/O Read Time": 1179.001, "I/O Write Time": 0.0, "Plans": [{"Node Type": "Nested Loop", "Parent Relationship": "Outer", "Parallel Aware": false, "Join Type": "Inner", "Startup Cost": 0.86, "Total Cost": 116549.7, "Plan Rows": 15818, "Plan Width": 12, "Actual Startup Time": 1.03, "Actual Total Time": 711.804, "Actual Rows": 16209, "Actual Loops": 1, "Output": ["t.id", "mi_idx.movie_id", "mk.movie_id"], "Inner Unique": false, "Join Filter": "(t.id = mk.movie_id)", "Rows Removed by Join Filter": 0, "Shared Hit Blocks": 60743, "Shared Read Blocks": 37120, "Shared Dirtied Blocks": 0, "Shared Written Blocks": 0, "Local Hit Blocks": 0, "Local Read Blocks": 0, "Local Dirtied Blocks": 0, "Local Written Blocks": 0, "Temp Read Blocks": 0, "Temp Written Blocks": 0, "I/O Read Time": 138.843, "I/O Write Time": 0.0, "Plans": [{"Node Type": "Nested Loop", "Parent Relationship": "Outer", "Parallel Aware": false, "Join Type": "Inner", "Startup Cost": 0.43, "Total Cost": 100302.78, "Plan Rows": 8841, "Plan Width": 8, "Actual Startup Time": 0.618, "Actual Total Time": 629.171, "Actual Rows": 5901, "Actual Loops": 1, "Output": ["t.id", "mi_idx.movie_id"], "Inner Unique": false, "Shared Hit Blocks": 43296, "Shared Read Blocks": 36863, "Shared Dirtied Blocks": 0, "Shared Written Blocks": 0, "Local Hit Blocks": 0, "Local Read Blocks": 0, "Local Dirtied Blocks": 0, "Local Written Blocks": 0, "Temp Read Blocks": 0, "Temp Written Blocks": 0, "I/O Read Time": 88.053, "I/O Write Time": 0.0, "Plans": [{"Node Type": "Seq Scan", "Parent Relationship": "Outer", "Parallel Aware": false, "Relation Name": "title", "Schema": "public", "Alias": "t", "Startup Cost": 0.0, "Total Cost": 73925.8, "Plan Rows": 16198, "Plan Width": 4, "Actual Startup Time": 0.153, "Actual Total Time": 540.906, "Actual Rows": 14720, "Actual Loops": 1, "Output": ["t.id", "t.title", "t.imdb_index", "t.kind_id", "t.production_year", "t.imdb_id", "t.phonetic_code", "t.episode_of_id", "t.season_nr", "t.episode_nr", "t.series_years", "t.md5sum"], "Filter": "((t.kind_id = 7) AND (t.production_year = 1992))", "Rows Removed by Filter": 2513592, "Shared Hit Blocks": 0, "Shared Read Blocks": 35998, "Shared Dirtied Blocks": 0, "Shared Written Blocks": 0, "Local Hit Blocks": 0, "Local Read Blocks": 0, "Local Dirtied Blocks": 0, "Local Written Blocks": 0, "Temp Read Blocks": 0, "Temp Written Blocks": 0, "I/O Read Time": 65.74, "I/O Write Time": 0.0}, {"Node Type": "Index Only Scan", "Parent Relationship": "Inner", "Parallel Aware": false, "Scan Direction": "Forward", "Index Name": "movie_id_movie_info_idx", "Relation Name": "movie_info_idx", "Schema": "public", "Alias": "mi_idx", "Startup Cost": 0.43, "Total Cost": 1.6, "Plan Rows": 3, "Plan Width": 4, "Actual Startup Time": 0.005, "Actual Total Time": 0.005, "Actual Rows": 0, "Actual Loops": 14720, "Output": ["mi_idx.movie_id"], "Index Cond": "(mi_idx.movie_id = t.id)", "Rows Removed by Index Recheck": 0, "Heap Fetches": 0, "Shared Hit Blocks": 43296, "Shared Read Blocks": 865, "Shared Dirtied Blocks": 0, "Shared Written Blocks": 0, "Local Hit Blocks": 0, "Local Read Blocks": 0, "Local Dirtied Blocks": 0, "Local Written Blocks": 0, "Temp Read Blocks": 0, "Temp Written Blocks": 0, "I/O Read Time": 22.313, "I/O Write Time": 0.0}]}, {"Node Type": "Index Only Scan", "Parent Relationship": "Inner", "Parallel Aware": false, "Scan Direction": "Forward", "Index Name": "movie_id_movie_keyword", "Relation Name": "movie_keyword", "Schema": "public", "Alias": "mk", "Startup Cost": 0.43, "Total Cost": 1.26, "Plan Rows": 46, "Plan Width": 4, "Actual Startup Time": 0.012, "Actual Total Time": 0.013, "Actual Rows": 3, "Actual Loops": 5901, "Output": ["mk.movie_id"], "Index Cond": "(mk.movie_id = mi_idx.movie_id)", "Rows Removed by Index Recheck": 0, "Heap Fetches": 0, "Shared Hit Blocks": 17447, "Shared Read Blocks": 257, "Shared Dirtied Blocks": 0, "Shared Written Blocks": 0, "Local Hit Blocks": 0, "Local Read Blocks": 0, "Local Dirtied Blocks": 0, "Local Written Blocks": 0, "Temp Read Blocks": 0, "Temp Written Blocks": 0, "I/O Read Time": 50.79, "I/O Write Time": 0.0}]}, {"Node Type": "Index Scan", "Parent Relationship": "Inner", "Parallel Aware": false, "Scan Direction": "Forward", "Index Name": "movie_id_cast_info", "Relation Name": "cast_info", "Schema": "public", "Alias": "ci", "Startup Cost": 0.44, "Total Cost": 3.5, "Plan Rows": 18, "Plan Width": 4, "Actual Startup Time": 0.013, "Actual Total Time": 0.1, "Actual Rows": 20, "Actual Loops": 16209, "Output": ["ci.id", "ci.person_id", "ci.movie_id", "ci.person_role_id", "ci.note", "ci.nr_order", "ci.role_id"], "Index Cond": "(ci.movie_id = mk.movie_id)", "Rows Removed by Index Recheck": 0, "Filter": "(ci.person_id < 1816925)", "Rows Removed by Filter": 19, "Shared Hit Blocks": 642459, "Shared Read Blocks": 9600, "Shared Dirtied Blocks": 0, "Shared Written Blocks": 0, "Local Hit Blocks": 0, "Local Read Blocks": 0, "Local Dirtied Blocks": 0, "Local Written Blocks": 0, "Temp Read Blocks": 0, "Temp Written Blocks": 0, "I/O Read Time": 1040.158, "I/O Write Time": 0.0}]}, {"Node Type": "Index Only Scan", "Parent Relationship": "Inner", "Parallel Aware": false, "Scan Direction": "Forward", "Index Name": "movie_id_movie_info", "Relation Name": "movie_info", "Schema": "public", "Alias": "mi", "Startup Cost": 0.43, "Total Cost": 1.12, "Plan Rows": 39, "Plan Width": 4, "Actual Startup Time": 0.004, "Actual Total Time": 0.007, "Actual Rows": 15, "Actual Loops": 332085, "Output": ["mi.movie_id"], "Index Cond": "(mi.movie_id = ci.movie_id)", "Rows Removed by Index Recheck": 0, "Heap Fetches": 0, "Shared Hit Blocks": 2216989, "Shared Read Blocks": 263, "Shared Dirtied Blocks": 0, "Shared Written Blocks": 0, "Local Hit Blocks": 0, "Local Read Blocks": 0, "Local Dirtied Blocks": 0, "Local Written Blocks": 0, "Temp Read Blocks": 0, "Temp Written Blocks": 0, "I/O Read Time": 26.456, "I/O Write Time": 0.0}]}]}, "Planning": {"Shared Hit Blocks": 466, "Shared Read Blocks": 63, "Shared Dirtied Blocks": 0, "Shared Written Blocks": 0, "Local Hit Blocks": 0, "Local Read Blocks": 0, "Local Dirtied Blocks": 0, "Local Written Blocks": 0, "Temp Read Blocks": 0, "Temp Written Blocks": 0, "I/O Read Time": 5.233, "I/O Write Time": 0.0}, "Planning Time": 9.912, "Triggers": [], "Execution Time": 6456.097}, "template": "scale", "query": "EXPLAIN (ANALYZE, COSTS, BUFFERS, VERBOSE, FORMAT JSON) SELECT COUNT(*) FROM title t,cast_info ci,movie_info mi,movie_info_idx mi_idx,movie_keyword mk WHERE t.id=ci.movie_id AND t.id=mi.movie_id AND t.id=mi_idx.movie_id AND t.id=mk.movie_id AND t.kind_id=7 AND t.production_year=1992 AND ci.person_id<1816925;"}
{"planinfo": {"Plan": {"Node Type": "Aggregate", "Strategy": "Plain", "Partial Mode": "Simple", "Parallel Aware": false, "Startup Cost": 646470.93, "Total Cost": 646470.94, "Plan Rows": 1, "Plan Width": 8, "Actual Startup Time": 24479.996, "Actual Total Time": 24480.002, "Actual Rows": 1, "Actual Loops": 1, "Output": ["count(*)"], "Shared Hit Blocks": 3, "Shared Read Blocks": 222445, "Shared Dirtied Blocks": 0, "Shared Written Blocks": 0, "Local Hit Blocks": 0, "Local Read Blocks": 0, "Local Dirtied Blocks": 0, "Local Written Blocks": 0, "Temp Read Blocks": 27119, "Temp Written Blocks": 27119, "I/O Read Time": 483.851, "I/O Write Time": 0.0, "Plans": [{"Node Type": "Hash Join", "Parent Relationship": "Outer", "Parallel Aware": false, "Join Type": "Inner", "Startup Cost": 492517.68, "Total Cost": 641030.89, "Plan Rows": 2176017, "Plan Width": 0, "Actual Startup Time": 5536.483, "Actual Total Time": 18770.72, "Actual Rows": 57628813, "Actual Loops": 1, "Inner Unique": false, "Hash Cond": "(mk.movie_id = t.id)", "Shared Hit Blocks": 3, "Shared Read Blocks": 222445, "Shared Dirtied Blocks": 0, "Shared Written Blocks": 0, "Local Hit Blocks": 0, "Local Read Blocks": 0, "Local Dirtied Blocks": 0, "Local Written Blocks": 0, "Temp Read Blocks": 27119, "Temp Written Blocks": 27119, "I/O Read Time": 483.851, "I/O Write Time": 0.0, "Plans": [{"Node Type": "Seq Scan", "Parent Relationship": "Outer", "Parallel Aware": false, "Relation Name": "movie_keyword", "Schema": "public", "Alias": "mk", "Startup Cost": 0.0, "Total Cost": 69693.3, "Plan Rows": 4523930, "Plan Width": 4, "Actual Startup Time": 0.122, "Actual Total Time": 987.147, "Actual Rows": 4523930, "Actual Loops": 1, "Output": ["mk.movie_id"], "Shared Hit Blocks": 0, "Shared Read Blocks": 24454, "Shared Dirtied Blocks": 0, "Shared Written Blocks": 0, "Local Hit Blocks": 0, "Local Read Blocks": 0, "Local Dirtied Blocks": 0, "Local Written Blocks": 0, "Temp Read Blocks": 0, "Temp Written Blocks": 0, "I/O Read Time": 144.624, "I/O Write Time": 0.0}, {"Node Type": "Hash", "Parent Relationship": "Inner", "Parallel Aware": false, "Startup Cost": 472563.91, "Total Cost": 472563.91, "Plan Rows": 1216222, "Plan Width": 8, "Actual Startup Time": 5535.396, "Actual Total Time": 5535.399, "Actual Rows": 1204709, "Actual Loops": 1, "Output": ["t.id", "mi.movie_id"], "Hash Buckets": 131072, "Original Hash Buckets": 131072, "Hash Batches": 16, "Original Hash Batches": 16, "Peak Memory Usage": 3882, "Shared Hit Blocks": 0, "Shared Read Blocks": 197991, "Shared Dirtied Blocks": 0, "Shared Written Blocks": 0, "Local Hit Blocks": 0, "Local Read Blocks": 0, "Local Dirtied Blocks": 0, "Local Written Blocks": 0, "Temp Read Blocks": 10828, "Temp Written Blocks": 14688, "I/O Read Time": 339.227, "I/O Write Time": 0.0, "Plans": [{"Node Type": "Hash Join", "Parent Relationship": "Outer", "Parallel Aware": false, "Join Type": "Inner", "Startup Cost": 102767.7, "Total Cost": 472563.91, "Plan Rows": 1216222, "Plan Width": 8, "Actual Startup Time": 2842.236, "Actual Total Time": 5172.43, "Actual Rows": 1204709, "Actual Loops": 1, "Output": ["t.id", "mi.movie_id"], "Inner Unique": true, "Hash Cond": "(mi.movie_id = t.id)", "Shared Hit Blocks": 0, "Shared Read Blocks": 197991, "Shared Dirtied Blocks": 0, "Shared Written Blocks": 0, "Local Hit Blocks": 0, "Local Read Blocks": 0, "Local Dirtied Blocks": 0, "Local Written Blocks": 0, "Temp Read Blocks": 10828, "Temp Written Blocks": 10828, "I/O Read Time": 339.227, "I/O Write Time": 0.0, "Plans": [{"Node Type": "Seq Scan", "Parent Relationship": "Outer", "Parallel Aware": false, "Relation Name": "movie_info", "Schema": "public", "Alias": "mi", "Startup Cost": 0.0, "Total Cost": 347223.62, "Plan Rows": 1216222, "Plan Width": 4, "Actual Startup Time": 1550.88, "Actual Total Time": 2746.791, "Actual Rows": 1204709, "Actual Loops": 1, "Output": ["mi.movie_id"], "Filter": "(mi.info_type_id > 18)", "Rows Removed by Filter": 13631011, "Shared Hit Blocks": 0, "Shared Read Blocks": 161993, "Shared Dirtied Blocks": 0, "Shared Written Blocks": 0, "Local Hit Blocks": 0, "Local Read Blocks": 0, "Local Dirtied Blocks": 0, "Local Written Blocks": 0, "Temp Read Blocks": 0, "Temp Written Blocks": 0, "I/O Read Time": 281.099, "I/O Write Time": 0.0}, {"Node Type": "Hash", "Parent Relationship": "Inner", "Parallel Aware": false, "Startup Cost": 61283.2, "Total Cost": 61283.2, "Plan Rows": 2528520, "Plan Width": 4, "Actual Startup Time": 1288.622, "Actual Total Time": 1288.624, "Actual Rows": 2528312, "Actual Loops": 1, "Output": ["t.id"], "Hash Buckets": 131072, "Original Hash Buckets": 131072, "Hash Batches": 64, "Original Hash Batches": 64, "Peak Memory Usage": 2415, "Shared Hit Blocks": 0, "Shared Read Blocks": 35998, "Shared Dirtied Blocks": 0, "Shared Written Blocks": 0, "Local Hit Blocks": 0, "Local Read Blocks": 0, "Local Dirtied Blocks": 0, "Local Written Blocks": 0, "Temp Read Blocks": 0, "Temp Written Blocks": 7262, "I/O Read Time": 58.128, "I/O Write Time": 0.0, "Plans": [{"Node Type": "Seq Scan", "Parent Relationship": "Outer", "Parallel Aware": false, "Relation Name": "title", "Schema": "public", "Alias": "t", "Startup Cost": 0.0, "Total Cost": 61283.2, "Plan Rows": 2528520, "Plan Width": 4, "Actual Startup Time": 0.161, "Actual Total Time": 546.689, "Actual Rows": 2528312, "Actual Loops": 1, "Output": ["t.id"], "Shared Hit Blocks": 0, "Shared Read Blocks": 35998, "Shared Dirtied Blocks": 0, "Shared Written Blocks": 0, "Local Hit Blocks": 0, "Local Read Blocks": 0, "Local Dirtied Blocks": 0, "Local Written Blocks": 0, "Temp Read Blocks": 0, "Temp Written Blocks": 0, "I/O Read Time": 58.128, "I/O Write Time": 0.0}]}]}]}]}]}, "Planning": {"Shared Hit Blocks": 186, "Shared Read Blocks": 40, "Shared Dirtied Blocks": 0, "Shared Written Blocks": 0, "Local Hit Blocks": 0, "Local Read Blocks": 0, "Local Dirtied Blocks": 0, "Local Written Blocks": 0, "Temp Read Blocks": 0, "Temp Written Blocks": 0, "I/O Read Time": 2.839, "I/O Write Time": 0.0}, "Planning Time": 4.422, "Triggers": [], "Execution Time": 24480.837}, "template": "scale", "query": "EXPLAIN (ANALYZE, COSTS, BUFFERS, VERBOSE, FORMAT JSON) SELECT COUNT(*) FROM title t,movie_info mi,movie_keyword mk WHERE t.id=mi.movie_id AND t.id=mk.movie_id AND mi.info_type_id>18;"}
{"planinfo": {"Plan": {"Node Type": "Aggregate", "Strategy": "Plain", "Partial Mode": "Simple", "Parallel Aware": false, "Startup Cost": 153955.11, "Total Cost": 153955.12, "Plan Rows": 1, "Plan Width": 8, "Actual Startup Time": 2745.538, "Actual Total Time": 2745.541, "Actual Rows": 1, "Actual Loops": 1, "Output": ["count(*)"], "Shared Hit Blocks": 3, "Shared Read Blocks": 48174, "Shared Dirtied Blocks": 0, "Shared Written Blocks": 0, "Local Hit Blocks": 0, "Local Read Blocks": 0, "Local Dirtied Blocks": 0, "Local Written Blocks": 0, "Temp Read Blocks": 8690, "Temp Written Blocks": 8690, "I/O Read Time": 123.803, "I/O Write Time": 0.0, "Plans": [{"Node Type": "Hash Join", "Parent Relationship": "Outer", "Parallel Aware": false, "Join Type": "Inner", "Startup Cost": 97970.89, "Total Cost": 152395.32, "Plan Rows": 623916, "Plan Width": 0, "Actual Startup Time": 1216.381, "Actual Total Time": 2683.952, "Actual Rows": 587070, "Actual Loops": 1, "Inner Unique": true, "Hash Cond": "(mc.movie_id = t.id)", "Shared Hit Blocks": 3, "Shared Read Blocks": 48174, "Shared Dirtied Blocks": 0, "Shared Written Blocks": 0, "Local Hit Blocks": 0, "Local Read Blocks": 0, "Local Dirtied Blocks": 0, "Local Written Blocks": 0, "Temp Read Blocks": 8690, "Temp Written Blocks": 8690, "I/O Read Time": 123.803, "I/O Write Time": 0.0, "Plans": [{"Node Type": "Index Scan", "Parent Relationship": "Outer", "Parallel Aware": false, "Scan Direction": "Forward", "Index Name": "company_type_id_movie_companies", "Relation Name": "movie_companies", "Schema": "public", "Alias": "mc", "Startup Cost": 0.43, "Total Cost": 38297.45, "Plan Rows": 852344, "Plan Width": 4, "Actual Startup Time": 0.289, "Actual Total Time": 584.09, "Actual Rows": 1185083, "Actual Loops": 1, "Output": ["mc.movie_id"], "Index Cond": "(mc.company_type_id = 1)", "Rows Removed by Index Recheck": 0, "Filter": "(mc.company_id < 26309)", "Rows Removed by Filter": 89163, "Shared Hit Blocks": 0, "Shared Read Blocks": 12176, "Shared Dirtied Blocks": 0, "Shared Written Blocks": 0, "Local Hit Blocks": 0, "Local Read Blocks": 0, "Local Dirtied Blocks": 0, "Local Written Blocks": 0, "Temp Read Blocks": 0, "Temp Written Blocks": 0, "I/O Read Time": 64.19, "I/O Write Time": 0.0}, {"Node Type": "Hash", "Parent Relationship": "Inner", "Parallel Aware": false, "Startup Cost": 67604.5, "Total Cost": 67604.5, "Plan Rows": 1850877, "Plan Width": 4, "Actual Startup Time": 1215.417, "Actual Total Time": 1215.418, "Actual Rows": 1865487, "Actual Loops": 1, "Output": ["t.id"], "Hash Buckets": 131072, "Original Hash Buckets": 131072, "Hash Batches": 32, "Original Hash Batches": 32, "Peak Memory Usage": 3079, "Shared Hit Blocks": 0, "Shared Read Blocks": 35998, "Shared Dirtied Blocks": 0, "Shared Written Blocks": 0, "Local Hit Blocks": 0, "Local Read Blocks": 0, "Local Dirtied Blocks": 0, "Local Written Blocks": 0, "Temp Read Blocks": 0, "Temp Written Blocks": 5278, "I/O Read Time": 59.614, "I/O Write Time": 0.0, "Plans": [{"Node Type": "Seq Scan", "Parent Relationship": "Outer", "Parallel Aware": false, "Relation Name": "title", "Schema": "public", "Alias": "t", "Startup Cost": 0.0, "Total Cost": 67604.5, "Plan Rows": 1850877, "Plan Width": 4, "Actual Startup Time": 0.142, "Actual Total Time": 650.823, "Actual Rows": 1865487, "Actual Loops": 1, "Output": ["t.id"], "Filter": "(t.kind_id > 1)", "Rows Removed by Filter": 662825, "Shared Hit Blocks": 0, "Shared Read Blocks": 35998, "Shared Dirtied Blocks": 0, "Shared Written Blocks": 0, "Local Hit Blocks": 0, "Local Read Blocks": 0, "Local Dirtied Blocks": 0, "Local Written Blocks": 0, "Temp Read Blocks": 0, "Temp Written Blocks": 0, "I/O Read Time": 59.614, "I/O Write Time": 0.0}]}]}]}, "Planning": {"Shared Hit Blocks": 121, "Shared Read Blocks": 28, "Shared Dirtied Blocks": 0, "Shared Written Blocks": 0, "Local Hit Blocks": 0, "Local Read Blocks": 0, "Local Dirtied Blocks": 0, "Local Written Blocks": 0, "Temp Read Blocks": 0, "Temp Written Blocks": 0, "I/O Read Time": 2.034, "I/O Write Time": 0.0}, "Planning Time": 3.028, "Triggers": [], "Execution Time": 2745.744}, "template": "scale", "query": "EXPLAIN (ANALYZE, COSTS, BUFFERS, VERBOSE, FORMAT JSON) SELECT COUNT(*) FROM title t,movie_companies mc WHERE t.id=mc.movie_id AND t.kind_id>1 AND mc.company_id<26309 AND mc.company_type_id=1;"}
{"planinfo": {"Plan": {"Node Type": "Aggregate", "Strategy": "Plain", "Partial Mode": "Simple", "Parallel Aware": false, "Startup Cost": 649322.69, "Total Cost": 649322.7, "Plan Rows": 1, "Plan Width": 8, "Actual Startup Time": 12353.564, "Actual Total Time": 12353.57, "Actual Rows": 1, "Actual Loops": 1, "Output": ["count(*)"], "Shared Hit Blocks": 3, "Shared Read Blocks": 205926, "Shared Dirtied Blocks": 0, "Shared Written Blocks": 0, "Local Hit Blocks": 0, "Local Read Blocks": 0, "Local Dirtied Blocks": 0, "Local Written Blocks": 0, "Temp Read Blocks": 37065, "Temp Written Blocks": 37065, "I/O Read Time": 434.169, "I/O Write Time": 0.0, "Plans": [{"Node Type": "Hash Join", "Parent Relationship": "Outer", "Parallel Aware": false, "Join Type": "Inner", "Startup Cost": 136370.05, "Total Cost": 642578.78, "Plan Rows": 2697564, "Plan Width": 0, "Actual Startup Time": 2343.179, "Actual Total Time": 11792.243, "Actual Rows": 5405252, "Actual Loops": 1, "Inner Unique": false, "Hash Cond": "(mi.movie_id = t.id)", "Shared Hit Blocks": 3, "Shared Read Blocks": 205926, "Shared Dirtied Blocks": 0, "Shared Written Blocks": 0, "Local Hit Blocks": 0, "Local Read Blocks": 0, "Local Dirtied Blocks": 0, "Local Written Blocks": 0, "Temp Read Blocks": 37065, "Temp Written Blocks": 37065, "I/O Read Time": 434.169, "I/O Write Time": 0.0, "Plans": [{"Node Type": "Seq Scan", "Parent Relationship": "Outer", "Parallel Aware": false, "Relation Name": "movie_info", "Schema": "public", "Alias": "mi", "Startup Cost": 0.0, "Total Cost": 347223.62, "Plan Rows": 11211323, "Plan Width": 4, "Actual Startup Time": 0.219, "Actual Total Time": 3668.04, "Actual Rows": 11210743, "Actual Loops": 1, "Output": ["mi.movie_id"], "Filter": "(mi.info_type_id > 3)", "Rows Removed by Filter": 3624977, "Shared Hit Blocks": 0, "Shared Read Blocks": 161993, "Shared Dirtied Blocks": 0, "Shared Written Blocks": 0, "Local Hit Blocks": 0, "Local Read Blocks": 0, "Local Dirtied Blocks": 0, "Local Written Blocks": 0, "Temp Read Blocks": 0, "Temp Written Blocks": 0, "I/O Read Time": 334.7, "I/O Write Time": 0.0}, {"Node Type": "Hash", "Parent Relationship": "Inner", "Parallel Aware": false, "Startup Cost": 126388.19, "Total Cost": 126388.19, "Plan Rows": 608389, "Plan Width": 8, "Actual Startup Time": 2339.706, "Actual Total Time": 2339.709, "Actual Rows": 488617, "Actual Loops": 1, "Output": ["t.id", "mi_idx.movie_id"], "Hash Buckets": 131072, "Original Hash Buckets": 131072, "Hash Batches": 8, "Original Hash Batches": 8, "Peak Memory Usage": 3403, "Shared Hit Blocks": 0, "Shared Read Blocks": 43933, "Shared Dirtied Blocks": 0, "Shared Written Blocks": 0, "Local Hit Blocks": 0, "Local Read Blocks": 0, "Local Dirtied Blocks": 0, "Local Written Blocks": 0, "Temp Read Blocks": 6846, "Temp Written Blocks": 8306, "I/O Read Time": 99.47, "I/O Write Time": 0.0, "Plans": [{"Node Type": "Hash Join", "Parent Relationship": "Outer", "Parallel Aware": false, "Join Type": "Inner", "Startup Cost": 85893.24, "Total Cost": 126388.19, "Plan Rows": 608389, "Plan Width": 8, "Actual Startup Time": 979.885, "Actual Total Time": 2181.684, "Actual Rows": 488617, "Actual Loops": 1, "Output": ["t.id", "mi_idx.movie_id"], "Inner Unique": true, "Hash Cond": "(mi_idx.movie_id = t.id)", "Shared Hit Blocks": 0, "Shared Read Blocks": 43933, "Shared Dirtied Blocks": 0, "Shared Written Blocks": 0, "Local Hit Blocks": 0, "Local Read Blocks": 0, "Local Dirtied Blocks": 0, "Local Written Blocks": 0, "Temp Read Blocks": 6846, "Temp Written Blocks": 6846, "I/O Read Time": 99.47, "I/O Write Time": 0.0, "Plans": [{"Node Type": "Seq Scan", "Parent Relationship": "Outer", "Parallel Aware": false, "Relation Name": "movie_info_idx", "Schema": "public", "Alias": "mi_idx", "Startup Cost": 0.0, "Total Cost": 21735.35, "Plan Rows": 1380035, "Plan Width": 4, "Actual Startup Time": 0.138, "Actual Total Time": 300.48, "Actual Rows": 1380035, "Actual Loops": 1, "Output": ["mi_idx.movie_id"], "Shared Hit Blocks": 0, "Shared Read Blocks": 7935, "Shared Dirtied Blocks": 0, "Shared Written Blocks": 0, "Local Hit Blocks": 0, "Local Read Blocks": 0, "Local Dirtied Blocks": 0, "Local Written Blocks": 0, "Temp Read Blocks": 0, "Temp Written Blocks": 0, "I/O Read Time": 40.404, "I/O Write Time": 0.0}, {"Node Type": "Hash", "Parent Relationship": "Inner", "Parallel Aware": false, "Startup Cost": 67604.5, "Total Cost": 67604.5, "Plan Rows": 1114699, "Plan Width": 4, "Actual Startup Time": 979.126, "Actual Total Time": 979.127, "Actual Rows": 1107925, "Actual Loops": 1, "Output": ["t.id"], "Hash Buckets": 131072, "Original Hash Buckets": 131072, "Hash Batches": 16, "Original Hash Batches": 16, "Peak Memory Usage": 3460, "Shared Hit Blocks": 0, "Shared Read Blocks": 35998, "Shared Dirtied Blocks": 0, "Shared Written Blocks": 0, "Local Hit Blocks": 0, "Local Read Blocks": 0, "Local Dirtied Blocks": 0, "Local Written Blocks": 0, "Temp Read Blocks": 0, "Temp Written Blocks": 3035, "I/O Read Time": 59.066, "I/O Write Time": 0.0, "Plans": [{"Node Type": "Seq Scan", "Parent Relationship": "Outer", "Parallel Aware": false, "Relation Name": "title", "Schema": "public", "Alias": "t", "Startup Cost": 0.0, "Total Cost": 67604.5, "Plan Rows": 1114699, "Plan Width": 4, "Actual Startup Time": 0.149, "Actual Total Time": 623.459, "Actual Rows": 1107925, "Actual Loops": 1, "Output": ["t.id"], "Filter": "(t.production_year > 2004)", "Rows Removed by Filter": 1420387, "Shared Hit Blocks": 0, "Shared Read Blocks": 35998, "Shared Dirtied Blocks": 0, "Shared Written Blocks": 0, "Local Hit Blocks": 0, "Local Read Blocks": 0, "Local Dirtied Blocks": 0, "Local Written Blocks": 0, "Temp Read Blocks": 0, "Temp Written Blocks": 0, "I/O Read Time": 59.066, "I/O Write Time": 0.0}]}]}]}]}]}, "Planning": {"Shared Hit Blocks": 189, "Shared Read Blocks": 41, "Shared Dirtied Blocks": 0, "Shared Written Blocks": 0, "Local Hit Blocks": 0, "Local Read Blocks": 0, "Local Dirtied Blocks": 0, "Local Written Blocks": 0, "Temp Read Blocks": 0, "Temp Written Blocks": 0, "I/O Read Time": 3.007, "I/O Write Time": 0.0}, "Planning Time": 4.799, "Triggers": [], "Execution Time": 12354.429}, "template": "scale", "query": "EXPLAIN (ANALYZE, COSTS, BUFFERS, VERBOSE, FORMAT JSON) SELECT COUNT(*) FROM title t,movie_info mi,movie_info_idx mi_idx WHERE t.id=mi.movie_id AND t.id=mi_idx.movie_id AND t.production_year>2004 AND mi.info_type_id>3;"}
{"planinfo": {"Plan": {"Node Type": "Aggregate", "Strategy": "Plain", "Partial Mode": "Simple", "Parallel Aware": false, "Startup Cost": 2071.26, "Total Cost": 2071.27, "Plan Rows": 1, "Plan Width": 8, "Actual Startup Time": 4.163, "Actual Total Time": 4.164, "Actual Rows": 1, "Actual Loops": 1, "Output": ["count(*)"], "Shared Hit Blocks": 25, "Shared Read Blocks": 44, "Shared Dirtied Blocks": 0, "Shared Written Blocks": 0, "Local Hit Blocks": 0, "Local Read Blocks": 0, "Local Dirtied Blocks": 0, "Local Written Blocks": 0, "Temp Read Blocks": 0, "Temp Written Blocks": 0, "I/O Read Time": 3.956, "I/O Write Time": 0.0, "Plans": [{"Node Type": "Nested Loop", "Parent Relationship": "Outer", "Parallel Aware": false, "Join Type": "Inner", "Startup Cost": 0.86, "Total Cost": 2070.65, "Plan Rows": 246, "Plan Width": 0, "Actual Startup Time": 0.571, "Actual Total Time": 4.153, "Actual Rows": 16, "Actual Loops": 1, "Inner Unique": true, "Shared Hit Blocks": 25, "Shared Read Blocks": 44, "Shared Dirtied Blocks": 0, "Shared Written Blocks": 0, "Local Hit Blocks": 0, "Local Read Blocks": 0, "Local Dirtied Blocks": 0, "Local Written Blocks": 0, "Temp Read Blocks": 0, "Temp Written Blocks": 0, "I/O Read Time": 3.956, "I/O Write Time": 0.0, "Plans": [{"Node Type": "Index Scan", "Parent Relationship": "Outer", "Parallel Aware": false, "Scan Direction": "Forward", "Index Name": "keyword_id_movie_keyword", "Relation Name": "movie_keyword", "Schema": "public", "Alias": "mk", "Startup Cost": 0.43, "Total Cost": 988.56, "Plan Rows": 246, "Plan Width": 4, "Actual Startup Time": 0.375, "Actual Total Time": 1.786, "Actual Rows": 16, "Actual Loops": 1, "Output": ["mk.id", "mk.movie_id", "mk.keyword_id"], "Index Cond": "(mk.keyword_id = 19480)", "Rows Removed by Index Recheck": 0, "Shared Hit Blocks": 0, "Shared Read Blocks": 19, "Shared Dirtied Blocks": 0, "Shared Written Blocks": 0, "Local Hit Blocks": 0, "Local Read Blocks": 0, "Local Dirtied Blocks": 0, "Local Written Blocks": 0, "Temp Read Blocks": 0, "Temp Written Blocks": 0, "I/O Read Time": 1.721, "I/O Write Time": 0.0}, {"Node Type": "Index Only Scan", "Parent Relationship": "Inner", "Parallel Aware": false, "Scan Direction": "Forward", "Index Name": "title_pkey", "Relation Name": "title", "Schema": "public", "Alias": "t", "Startup Cost": 0.43, "Total Cost": 4.4, "Plan Rows": 1, "Plan Width": 4, "Actual Startup Time": 0.147, "Actual Total Time": 0.147, "Actual Rows": 1, "Actual Loops": 16, "Output": ["t.id"], "Index Cond": "(t.id = mk.movie_id)", "Rows Removed by Index Recheck": 0, "Heap Fetches": 0, "Shared Hit Blocks": 25, "Shared Read Blocks": 25, "Shared Dirtied Blocks": 0, "Shared Written Blocks": 0, "Local Hit Blocks": 0, "Local Read Blocks": 0, "Local Dirtied Blocks": 0, "Local Written Blocks": 0, "Temp Read Blocks": 0, "Temp Written Blocks": 0, "I/O Read Time": 2.235, "I/O Write Time": 0.0}]}]}, "Planning": {"Shared Hit Blocks": 101, "Shared Read Blocks": 26, "Shared Dirtied Blocks": 0, "Shared Written Blocks": 0, "Local Hit Blocks": 0, "Local Read Blocks": 0, "Local Dirtied Blocks": 0, "Local Written Blocks": 0, "Temp Read Blocks": 0, "Temp Written Blocks": 0, "I/O Read Time": 1.858, "I/O Write Time": 0.0}, "Planning Time": 2.843, "Triggers": [], "Execution Time": 4.23}, "template": "scale", "query": "EXPLAIN (ANALYZE, COSTS, BUFFERS, VERBOSE, FORMAT JSON) SELECT COUNT(*) FROM title t,movie_keyword mk WHERE t.id=mk.movie_id AND mk.keyword_id=19480;"}
{"planinfo": {"Plan": {"Node Type": "Aggregate", "Strategy": "Plain", "Partial Mode": "Simple", "Parallel Aware": false, "Startup Cost": 21284.65, "Total Cost": 21284.66, "Plan Rows": 1, "Plan Width": 8, "Actual Startup Time": 256.374, "Actual Total Time": 256.375, "Actual Rows": 1, "Actual Loops": 1, "Output": ["count(*)"], "Shared Hit Blocks": 0, "Shared Read Blocks": 723, "Shared Dirtied Blocks": 0, "Shared Written Blocks": 0, "Local Hit Blocks": 0, "Local Read Blocks": 0, "Local Dirtied Blocks": 0, "Local Written Blocks": 0, "Temp Read Blocks": 0, "Temp Written Blocks": 0, "I/O Read Time": 37.691, "I/O Write Time": 0.0, "Plans": [{"Node Type": "Index Only Scan", "Parent Relationship": "Outer", "Parallel Aware": false, "Scan Direction": "Forward", "Index Name": "info_type_id_movie_info_idx", "Relation Name": "movie_info_idx", "Schema": "public", "Alias": "mi_idx", "Startup Cost": 0.43, "Total Cost": 18987.12, "Plan Rows": 919011, "Plan Width": 0, "Actual Startup Time": 0.275, "Actual Total Time": 167.181, "Actual Rows": 919850, "Actual Loops": 1, "Output": ["info_type_id"], "Index Cond": "(mi_idx.info_type_id < 101)", "Rows Removed by Index Recheck": 0, "Heap Fetches": 0, "Shared Hit Blocks": 0, "Shared Read Blocks": 723, "Shared Dirtied Blocks": 0, "Shared Written Blocks": 0, "Local Hit Blocks": 0, "Local Read Blocks": 0, "Local Dirtied Blocks": 0, "Local Written Blocks": 0, "Temp Read Blocks": 0, "Temp Written Blocks": 0, "I/O Read Time": 37.691, "I/O Write Time": 0.0}]}, "Planning": {"Shared Hit Blocks": 48, "Shared Read Blocks": 9, "Shared Dirtied Blocks": 0, "Shared Written Blocks": 0, "Local Hit Blocks": 0, "Local Read Blocks": 0, "Local Dirtied Blocks": 0, "Local Written Blocks": 0, "Temp Read Blocks": 0, "Temp Written Blocks": 0, "I/O Read Time": 0.581, "I/O Write Time": 0.0}, "Planning Time": 0.994, "Triggers": [], "Execution Time": 256.408}, "template": "scale", "query": "EXPLAIN (ANALYZE, COSTS, BUFFERS, VERBOSE, FORMAT JSON) SELECT COUNT(*) FROM movie_info_idx mi_idx WHERE mi_idx.info_type_id<101;"}
{"planinfo": {"Plan": {"Node Type": "Aggregate", "Strategy": "Plain", "Partial Mode": "Simple", "Parallel Aware": false, "Startup Cost": 424978.28, "Total Cost": 424978.29, "Plan Rows": 1, "Plan Width": 8, "Actual Startup Time": 3472.455, "Actual Total Time": 3472.46, "Actual Rows": 1, "Actual Loops": 1, "Output": ["count(*)"], "Shared Hit Blocks": 3, "Shared Read Blocks": 197991, "Shared Dirtied Blocks": 0, "Shared Written Blocks": 0, "Local Hit Blocks": 0, "Local Read Blocks": 0, "Local Dirtied Blocks": 0, "Local Written Blocks": 0, "Temp Read Blocks": 0, "Temp Written Blocks": 0, "I/O Read Time": 352.474, "I/O Write Time": 0.0, "Plans": [{"Node Type": "Hash Join", "Parent Relationship": "Outer", "Parallel Aware": false, "Join Type": "Inner", "Startup Cost": 74165.79, "Total Cost": 424952.52, "Plan Rows": 10306, "Plan Width": 0, "Actual Startup Time": 1050.294, "Actual Total Time": 3471.045, "Actual Rows": 10111, "Actual Loops": 1, "Inner Unique": true, "Hash Cond": "(mi.movie_id = t.id)", "Shared Hit Blocks": 3, "Shared Read Blocks": 197991, "Shared Dirtied Blocks": 0, "Shared Written Blocks": 0, "Local Hit Blocks": 0, "Local Read Blocks": 0, "Local Dirtied Blocks": 0, "Local Written Blocks": 0, "Temp Read Blocks": 0, "Temp Written Blocks": 0, "I/O Read Time": 352.474, "I/O Write Time": 0.0, "Plans": [{"Node Type": "Seq Scan", "Parent Relationship": "Outer", "Parallel Aware": false, "Relation Name": "movie_info", "Schema": "public", "Alias": "mi", "Startup Cost": 0.0, "Total Cost": 347223.62, "Plan Rows": 1357370, "Plan Width": 4, "Actual Startup Time": 490.514, "Actual Total Time": 2680.612, "Actual Rows": 1401902, "Actual Loops": 1, "Output": ["mi.id", "mi.movie_id", "mi.info_type_id", "mi.info", "mi.note"], "Filter": "(mi.info_type_id = 7)", "Rows Removed by Filter": 13433818, "Shared Hit Blocks": 0, "Shared Read Blocks": 161993, "Shared Dirtied Blocks": 0, "Shared Written Blocks": 0, "Local Hit Blocks": 0, "Local Read Blocks": 0, "Local Dirtied Blocks": 0, "Local Written Blocks": 0, "Temp Read Blocks": 0, "Temp Written Blocks": 0, "I/O Read Time": 285.981, "I/O Write Time": 0.0}, {"Node Type": "Hash", "Parent Relationship": "Inner", "Parallel Aware": false, "Startup Cost": 73925.8, "Total Cost": 73925.8, "Plan Rows": 19199, "Plan Width": 4, "Actual Startup Time": 559.487, "Actual Total Time": 559.49, "Actual Rows": 17357, "Actual Loops": 1, "Output": ["t.id"], "Hash Buckets": 32768, "Original Hash Buckets": 32768, "Hash Batches": 1, "Original Hash Batches": 1, "Peak Memory Usage": 867, "Shared Hit Blocks": 0, "Shared Read Blocks": 35998, "Shared Dirtied Blocks": 0, "Shared Written Blocks": 0, "Local Hit Blocks": 0, "Local Read Blocks": 0, "Local Dirtied Blocks": 0, "Local Written Blocks": 0, "Temp Read Blocks": 0, "Temp Written Blocks": 0, "I/O Read Time": 66.493, "I/O Write Time": 0.0, "Plans": [{"Node Type": "Seq Scan", "Parent Relationship": "Outer", "Parallel Aware": false, "Relation Name": "title", "Schema": "public", "Alias": "t", "Startup Cost": 0.0, "Total Cost": 73925.8, "Plan Rows": 19199, "Plan Width": 4, "Actual Startup Time": 0.254, "Actual Total Time": 551.55, "Actual Rows": 17357, "Actual Loops": 1, "Output": ["t.id"], "Filter": "((t.kind_id < 7) AND (t.production_year = 2000))", "Rows Removed by Filter": 2510955, "Shared Hit Blocks": 0, "Shared Read Blocks": 35998, "Shared Dirtied Blocks": 0, "Shared Written Blocks": 0, "Local Hit Blocks": 0, "Local Read Blocks": 0, "Local Dirtied Blocks": 0, "Local Written Blocks": 0, "Temp Read Blocks": 0, "Temp Written Blocks": 0, "I/O Read Time": 66.493, "I/O Write Time": 0.0}]}]}]}, "Planning": {"Shared Hit Blocks": 104, "Shared Read Blocks": 30, "Shared Dirtied Blocks": 0, "Shared Written Blocks": 0, "Local Hit Blocks": 0, "Local Read Blocks": 0, "Local Dirtied Blocks": 0, "Local Written Blocks": 0, "Temp Read Blocks": 0, "Temp Written Blocks": 0, "I/O Read Time": 2.124, "I/O Write Time": 0.0}, "Planning Time": 3.051, "Triggers": [], "Execution Time": 3472.651}, "template": "scale", "query": "EXPLAIN (ANALYZE, COSTS, BUFFERS, VERBOSE, FORMAT JSON) SELECT COUNT(*) FROM title t,movie_info mi WHERE t.id=mi.movie_id AND t.kind_id<7 AND t.production_year=2000 AND mi.info_type_id=7;"}
{"planinfo": {"Plan": {"Node Type": "Aggregate", "Strategy": "Plain", "Partial Mode": "Simple", "Parallel Aware": false, "Startup Cost": 579977.03, "Total Cost": 579977.04, "Plan Rows": 1, "Plan Width": 8, "Actual Startup Time": 7545.679, "Actual Total Time": 7545.684, "Actual Rows": 1, "Actual Loops": 1, "Output": ["count(*)"], "Shared Hit Blocks": 3, "Shared Read Blocks": 209031, "Shared Dirtied Blocks": 0, "Shared Written Blocks": 0, "Local Hit Blocks": 0, "Local Read Blocks": 0, "Local Dirtied Blocks": 0, "Local Written Blocks": 0, "Temp Read Blocks": 19371, "Temp Written Blocks": 19371, "I/O Read Time": 401.879, "I/O Write Time": 0.0, "Plans": [{"Node Type": "Hash Join", "Parent Relationship": "Outer", "Parallel Aware": false, "Join Type": "Inner", "Startup Cost": 494662.59, "Total Cost": 578030.77, "Plan Rows": 778503, "Plan Width": 0, "Actual Startup Time": 5721.285, "Actual Total Time": 7443.533, "Actual Rows": 960788, "Actual Loops": 1, "Inner Unique": false, "Hash Cond": "(ci.movie_id = t.id)", "Shared Hit Blocks": 3, "Shared Read Blocks": 209031, "Shared Dirtied Blocks": 0, "Shared Written Blocks": 0, "Local Hit Blocks": 0, "Local Read Blocks": 0, "Local Dirtied Blocks": 0, "Local Written Blocks": 0, "Temp Read Blocks": 19371, "Temp Written Blocks": 19371, "I/O Read Time": 401.879, "I/O Write Time": 0.0, "Plans": [{"Node Type": "Index Scan", "Parent Relationship": "Outer", "Parallel Aware": false, "Scan Direction": "Forward", "Index Name": "role_id_cast_info", "Relation Name": "cast_info", "Schema": "public", "Alias": "ci", "Startup Cost": 0.44, "Total Cost": 52959.34, "Plan Rows": 1518734, "Plan Width": 4, "Actual Startup Time": 0.492, "Actual Total Time": 730.785, "Actual Rows": 1406506, "Actual Loops": 1, "Output": ["ci.movie_id"], "Index Cond": "(ci.role_id = 8)", "Rows Removed by Index Recheck": 0, "Filter": "(ci.person_id < 3176078)", "Rows Removed by Filter": 297037, "Shared Hit Blocks": 0, "Shared Read Blocks": 11040, "Shared Dirtied Blocks": 0, "Shared Written Blocks": 0, "Local Hit Blocks": 0, "Local Read Blocks": 0, "Local Dirtied Blocks": 0, "Local Written Blocks": 0, "Temp Read Blocks": 0, "Temp Written Blocks": 0, "I/O Read Time": 57.44, "I/O Write Time": 0.0}, {"Node Type": "Hash", "Parent Relationship": "Inner", "Parallel Aware": false, "Startup Cost": 473397.65, "Total Cost": 473397.65, "Plan Rows": 1296120, "Plan Width": 8, "Actual Startup Time": 5719.338, "Actual Total Time": 5719.342, "Actual Rows": 1288928, "Actual Loops": 1, "Output": ["t.id", "mi.movie_id"], "Hash Buckets": 131072, "Original Hash Buckets": 131072, "Hash Batches": 32, "Original Hash Batches": 32, "Peak Memory Usage": 2584, "Shared Hit Blocks": 0, "Shared Read Blocks": 197991, "Shared Dirtied Blocks": 0, "Shared Written Blocks": 0, "Local Hit Blocks": 0, "Local Read Blocks": 0, "Local Dirtied Blocks": 0, "Local Written Blocks": 0, "Temp Read Blocks": 11076, "Temp Written Blocks": 15330, "I/O Read Time": 344.439, "I/O Write Time": 0.0, "Plans": [{"Node Type": "Hash Join", "Parent Relationship": "Outer", "Parallel Aware": false, "Join Type": "Inner", "Startup Cost": 102767.7, "Total Cost": 473397.65, "Plan Rows": 1296120, "Plan Width": 8, "Actual Startup Time": 3285.367, "Actual Total Time": 5262.163, "Actual Rows": 1288928, "Actual Loops": 1, "Output": ["t.id", "mi.movie_id"], "Inner Unique": true, "Hash Cond": "(mi.movie_id = t.id)", "Shared Hit Blocks": 0, "Shared Read Blocks": 197991, "Shared Dirtied Blocks": 0, "Shared Written Blocks": 0, "Local Hit Blocks": 0, "Local Read Blocks": 0, "Local Dirtied Blocks": 0, "Local Written Blocks": 0, "Temp Read Blocks": 11076, "Temp Written Blocks": 11076, "I/O Read Time": 344.439, "I/O Write Time": 0.0, "Plans": [{"Node Type": "Seq Scan", "Parent Relationship": "Outer", "Parallel Aware": false, "Relation Name": "movie_info", "Schema": "public", "Alias": "mi", "Startup Cost": 0.0, "Total Cost": 347223.62, "Plan Rows": 1296120, "Plan Width": 4, "Actual Startup Time": 1986.714, "Actual Total Time": 2796.896, "Actual Rows": 1288928, "Actual Loops": 1, "Output": ["mi.movie_id"], "Filter": "(mi.info_type_id = 2)", "Rows Removed by Filter": 13546792, "Shared Hit Blocks": 0, "Shared Read Blocks": 161993, "Shared Dirtied Blocks": 0, "Shared Written Blocks": 0, "Local Hit Blocks": 0, "Local Read Blocks": 0, "Local Dirtied Blocks": 0, "Local Written Blocks": 0, "Temp Read Blocks": 0, "Temp Written Blocks": 0, "I/O Read Time": 287.14, "I/O Write Time": 0.0}, {"Node Type": "Hash", "Parent Relationship": "Inner", "Parallel Aware": false, "Startup Cost": 61283.2, "Total Cost": 61283.2, "Plan Rows": 2528520, "Plan Width": 4, "Actual Startup Time": 1297.011, "Actual Total Time": 1297.012, "Actual Rows": 2528312, "Actual Loops": 1, "Output": ["t.id"], "Hash Buckets": 131072, "Original Hash Buckets": 131072, "Hash Batches": 64, "Original Hash Batches": 64, "Peak Memory Usage": 2415, "Shared Hit Blocks": 0, "Shared Read Blocks": 35998, "Shared Dirtied Blocks": 0, "Shared Written Blocks": 0, "Local Hit Blocks": 0, "Local Read Blocks": 0, "Local Dirtied Blocks": 0, "Local Written Blocks": 0, "Temp Read Blocks": 0, "Temp Written Blocks": 7262, "I/O Read Time": 57.299, "I/O Write Time": 0.0, "Plans": [{"Node Type": "Seq Scan", "Parent Relationship": "Outer", "Parallel Aware": false, "Relation Name": "title", "Schema": "public", "Alias": "t", "Startup Cost": 0.0, "Total Cost": 61283.2, "Plan Rows": 2528520, "Plan Width": 4, "Actual Startup Time": 0.161, "Actual Total Time": 551.047, "Actual Rows": 2528312, "Actual Loops": 1, "Output": ["t.id"], "Shared Hit Blocks": 0, "Shared Read Blocks": 35998, "Shared Dirtied Blocks": 0, "Shared Written Blocks": 0, "Local Hit Blocks": 0, "Local Read Blocks": 0, "Local Dirtied Blocks": 0, "Local Written Blocks": 0, "Temp Read Blocks": 0, "Temp Written Blocks": 0, "I/O Read Time": 57.299, "I/O Write Time": 0.0}]}]}]}]}]}, "Planning": {"Shared Hit Blocks": 206, "Shared Read Blocks": 44, "Shared Dirtied Blocks": 0, "Shared Written Blocks": 0, "Local Hit Blocks": 0, "Local Read Blocks": 0, "Local Dirtied Blocks": 0, "Local Written Blocks": 0, "Temp Read Blocks": 0, "Temp Written Blocks": 0, "I/O Read Time": 3.374, "I/O Write Time": 0.0}, "Planning Time": 5.167, "Triggers": [], "Execution Time": 7546.181}, "template": "scale", "query": "EXPLAIN (ANALYZE, COSTS, BUFFERS, VERBOSE, FORMAT JSON) SELECT COUNT(*) FROM title t,cast_info ci,movie_info mi WHERE t.id=ci.movie_id AND t.id=mi.movie_id AND ci.person_id<3176078 AND ci.role_id=8 AND mi.info_type_id=2;"}
{"planinfo": {"Plan": {"Node Type": "Aggregate", "Strategy": "Plain", "Partial Mode": "Simple", "Parallel Aware": false, "Startup Cost": 167613.96, "Total Cost": 167613.97, "Plan Rows": 1, "Plan Width": 8, "Actual Startup Time": 3136.344, "Actual Total Time": 3136.347, "Actual Rows": 1, "Actual Loops": 1, "Output": ["count(*)"], "Shared Hit Blocks": 3, "Shared Read Blocks": 44660, "Shared Dirtied Blocks": 0, "Shared Written Blocks": 0, "Local Hit Blocks": 0, "Local Read Blocks": 0, "Local Dirtied Blocks": 0, "Local Written Blocks": 0, "Temp Read Blocks": 11208, "Temp Written Blocks": 11208, "I/O Read Time": 106.508, "I/O Write Time": 0.0, "Plans": [{"Node Type": "Hash Join", "Parent Relationship": "Outer", "Parallel Aware": false, "Join Type": "Inner", "Startup Cost": 102768.13, "Total Cost": 164245.14, "Plan Rows": 1347528, "Plan Width": 0, "Actual Startup Time": 1324.887, "Actual Total Time": 3001.205, "Actual Rows": 1334883, "Actual Loops": 1, "Inner Unique": true, "Hash Cond": "(mc.movie_id = t.id)", "Shared Hit Blocks": 3, "Shared Read Blocks": 44660, "Shared Dirtied Blocks": 0, "Shared Written Blocks": 0, "Local Hit Blocks": 0, "Local Read Blocks": 0, "Local Dirtied Blocks": 0, "Local Written Blocks": 0, "Temp Read Blocks": 11208, "Temp Written Blocks": 11208, "I/O Read Time": 106.508, "I/O Write Time": 0.0, "Plans": [{"Node Type": "Index Scan", "Parent Relationship": "Outer", "Parallel Aware": false, "Scan Direction": "Forward", "Index Name": "company_type_id_movie_companies", "Relation Name": "movie_companies", "Schema": "public", "Alias": "mc", "Startup Cost": 0.43, "Total Cost": 37534.17, "Plan Rows": 1347528, "Plan Width": 4, "Actual Startup Time": 0.512, "Actual Total Time": 508.549, "Actual Rows": 1334883, "Actual Loops": 1, "Output": ["mc.movie_id"], "Index Cond": "(mc.company_type_id > 1)", "Rows Removed by Index Recheck": 0, "Shared Hit Blocks": 0, "Shared Read Blocks": 8662, "Shared Dirtied Blocks": 0, "Shared Written Blocks": 0, "Local Hit Blocks": 0, "Local Read Blocks": 0, "Local Dirtied Blocks": 0, "Local Written Blocks": 0, "Temp Read Blocks": 0, "Temp Written Blocks": 0, "I/O Read Time": 46.24, "I/O Write Time": 0.0}, {"Node Type": "Hash", "Parent Relationship": "Inner", "Parallel Aware": false, "Startup Cost": 61283.2, "Total Cost": 61283.2, "Plan Rows": 2528520, "Plan Width": 4, "Actual Startup Time": 1322.515, "Actual Total Time": 1322.516, "Actual Rows": 2528312, "Actual Loops": 1, "Output": ["t.id"], "Hash Buckets": 131072, "Original Hash Buckets": 131072, "Hash Batches": 64, "Original Hash Batches": 64, "Peak Memory Usage": 2415, "Shared Hit Blocks": 0, "Shared Read Blocks": 35998, "Shared Dirtied Blocks": 0, "Shared Written Blocks": 0, "Local Hit Blocks": 0, "Local Read Blocks": 0, "Local Dirtied Blocks": 0, "Local Written Blocks": 0, "Temp Read Blocks": 0, "Temp Written Blocks": 7262, "I/O Read Time": 60.268, "I/O Write Time": 0.0, "Plans": [{"Node Type": "Seq Scan", "Parent Relationship": "Outer", "Parallel Aware": false, "Relation Name": "title", "Schema": "public", "Alias": "t", "Startup Cost": 0.0, "Total Cost": 61283.2, "Plan Rows": 2528520, "Plan Width": 4, "Actual Startup Time": 0.131, "Actual Total Time": 566.42, "Actual Rows": 2528312, "Actual Loops": 1, "Output": ["t.id"], "Shared Hit Blocks": 0, "Shared Read Blocks": 35998, "Shared Dirtied Blocks": 0, "Shared Written Blocks": 0, "Local Hit Blocks": 0, "Local Read Blocks": 0, "Local Dirtied Blocks": 0, "Local Written Blocks": 0, "Temp Read Blocks": 0, "Temp Written Blocks": 0, "I/O Read Time": 60.268, "I/O Write Time": 0.0}]}]}]}, "Planning": {"Shared Hit Blocks": 116, "Shared Read Blocks": 27, "Shared Dirtied Blocks": 0, "Shared Written Blocks": 0, "Local Hit Blocks": 0, "Local Read Blocks": 0, "Local Dirtied Blocks": 0, "Local Written Blocks": 0, "Temp Read Blocks": 0, "Temp Written Blocks": 0, "I/O Read Time": 1.933, "I/O Write Time": 0.0}, "Planning Time": 2.866, "Triggers": [], "Execution Time": 3136.51}, "template": "scale", "query": "EXPLAIN (ANALYZE, COSTS, BUFFERS, VERBOSE, FORMAT JSON) SELECT COUNT(*) FROM title t,movie_companies mc WHERE t.id=mc.movie_id AND mc.company_type_id>1;"}
{"planinfo": {"Plan": {"Node Type": "Aggregate", "Strategy": "Plain", "Partial Mode": "Simple", "Parallel Aware": false, "Startup Cost": 42426.17, "Total Cost": 42426.18, "Plan Rows": 1, "Plan Width": 8, "Actual Startup Time": 591.931, "Actual Total Time": 591.932, "Actual Rows": 1, "Actual Loops": 1, "Output": ["count(*)"], "Shared Hit Blocks": 0, "Shared Read Blocks": 8662, "Shared Dirtied Blocks": 0, "Shared Written Blocks": 0, "Local Hit Blocks": 0, "Local Read Blocks": 0, "Local Dirtied Blocks": 0, "Local Written Blocks": 0, "Temp Read Blocks": 0, "Temp Written Blocks": 0, "I/O Read Time": 45.285, "I/O Write Time": 0.0, "Plans": [{"Node Type": "Index Scan", "Parent Relationship": "Outer", "Parallel Aware": false, "Scan Direction": "Forward", "Index Name": "company_type_id_movie_companies", "Relation Name": "movie_companies", "Schema": "public", "Alias": "mc", "Startup Cost": 0.43, "Total Cost": 40902.99, "Plan Rows": 609270, "Plan Width": 0, "Actual Startup Time": 0.517, "Actual Total Time": 500.893, "Actual Rows": 876047, "Actual Loops": 1, "Output": ["id", "movie_id", "company_id", "company_type_id", "note"], "Index Cond": "(mc.company_type_id > 1)", "Rows Removed by Index Recheck": 0, "Filter": "(mc.company_id > 12740)", "Rows Removed by Filter": 458836, "Shared Hit Blocks": 0, "Shared Read Blocks": 8662, "Shared Dirtied Blocks": 0, "Shared Written Blocks": 0, "Local Hit Blocks": 0, "Local Read Blocks": 0, "Local Dirtied Blocks": 0, "Local Written Blocks": 0, "Temp Read Blocks": 0, "Temp Written Blocks": 0, "I/O Read Time": 45.285, "I/O Write Time": 0.0}]}, "Planning": {"Shared Hit Blocks": 65, "Shared Read Blocks": 11, "Shared Dirtied Blocks": 0, "Shared Written Blocks": 0, "Local Hit Blocks": 0, "Local Read Blocks": 0, "Local Dirtied Blocks": 0, "Local Written Blocks": 0, "Temp Read Blocks": 0, "Temp Written Blocks": 0, "I/O Read Time": 0.861, "I/O Write Time": 0.0}, "Planning Time": 1.442, "Triggers": [], "Execution Time": 591.971}, "template": "scale", "query": "EXPLAIN (ANALYZE, COSTS, BUFFERS, VERBOSE, FORMAT JSON) SELECT COUNT(*) FROM movie_companies mc WHERE mc.company_id>12740 AND mc.company_type_id>1;"}
{"planinfo": {"Plan": {"Node Type": "Aggregate", "Strategy": "Plain", "Partial Mode": "Simple", "Parallel Aware": false, "Startup Cost": 621850.36, "Total Cost": 621850.37, "Plan Rows": 1, "Plan Width": 8, "Actual Startup Time": 15141.471, "Actual Total Time": 15141.479, "Actual Rows": 1, "Actual Loops": 1, "Output": ["count(*)"], "Shared Hit Blocks": 3, "Shared Read Blocks": 234621, "Shared Dirtied Blocks": 0, "Shared Written Blocks": 0, "Local Hit Blocks": 0, "Local Read Blocks": 0, "Local Dirtied Blocks": 0, "Local Written Blocks": 0, "Temp Read Blocks": 22878, "Temp Written Blocks": 22878, "I/O Read Time": 538.945, "I/O Write Time": 0.0, "Plans": [{"Node Type": "Hash Join", "Parent Relationship": "Outer", "Parallel Aware": false, "Join Type": "Inner", "Startup Cost": 497528.23, "Total Cost": 621469.54, "Plan Rows": 152327, "Plan Width": 0, "Actual Startup Time": 5773.773, "Actual Total Time": 12814.932, "Actual Rows": 23426182, "Actual Loops": 1, "Inner Unique": false, "Hash Cond": "(mk.movie_id = t.id)", "Shared Hit Blocks": 3, "Shared Read Blocks": 234621, "Shared Dirtied Blocks": 0, "Shared Written Blocks": 0, "Local Hit Blocks": 0, "Local Read Blocks": 0, "Local Dirtied Blocks": 0, "Local Written Blocks": 0, "Temp Read Blocks": 22878, "Temp Written Blocks": 22878, "I/O Read Time": 538.945, "I/O Write Time": 0.0, "Plans": [{"Node Type": "Seq Scan", "Parent Relationship": "Outer", "Parallel Aware": false, "Relation Name": "movie_keyword", "Schema": "public", "Alias": "mk", "Startup Cost": 0.0, "Total Cost": 69693.3, "Plan Rows": 4523930, "Plan Width": 4, "Actual Startup Time": 0.136, "Actual Total Time": 970.35, "Actual Rows": 4523930, "Actual Loops": 1, "Output": ["mk.movie_id"], "Shared Hit Blocks": 0, "Shared Read Blocks": 24454, "Shared Dirtied Blocks": 0, "Shared Written Blocks": 0, "Local Hit Blocks": 0, "Local Read Blocks": 0, "Local Dirtied Blocks": 0, "Local Written Blocks": 0, "Temp Read Blocks": 0, "Temp Written Blocks": 0, "I/O Read Time": 128.518, "I/O Write Time": 0.0}, {"Node Type": "Hash", "Parent Relationship": "Inner", "Parallel Aware": false, "Startup Cost": 496047.99, "Total Cost": 496047.99, "Plan Rows": 85139, "Plan Width": 12, "Actual Startup Time": 5772.727, "Actual Total Time": 5772.732, "Actual Rows": 551891, "Actual Loops": 1, "Output": ["t.id", "mc.movie_id", "mi.movie_id"], "Hash Buckets": 131072, "Original Hash Buckets": 131072, "Hash Batches": 8, "Original Hash Batches": 2, "Peak Memory Usage": 4016, "Shared Hit Blocks": 0, "Shared Read Blocks": 210167, "Shared Dirtied Blocks": 0, "Shared Written Blocks": 0, "Local Hit Blocks": 0, "Local Read Blocks": 0, "Local Dirtied Blocks": 0, "Local Written Blocks": 0, "Temp Read Blocks": 9408, "Temp Written Blocks": 11289, "I/O Read Time": 410.427, "I/O Write Time": 0.0, "Plans": [{"Node Type": "Hash Join", "Parent Relationship": "Outer", "Parallel Aware": false, "Join Type": "Inner", "Startup Cost": 137260.04, "Total Cost": 496047.99, "Plan Rows": 85139, "Plan Width": 12, "Actual Startup Time": 2566.011, "Actual Total Time": 5585.33, "Actual Rows": 551891, "Actual Loops": 1, "Output": ["t.id", "mc.movie_id", "mi.movie_id"], "Inner Unique": false, "Hash Cond": "(mi.movie_id = t.id)", "Shared Hit Blocks": 0, "Shared Read Blocks": 210167, "Shared Dirtied Blocks": 0, "Shared Written Blocks": 0, "Local Hit Blocks": 0, "Local Read Blocks": 0, "Local Dirtied Blocks": 0, "Local Written Blocks": 0, "Temp Read Blocks": 9408, "Temp Written Blocks": 9408, "I/O Read Time": 410.427, "I/O Write Time": 0.0, "Plans": [{"Node Type": "Seq Scan", "Parent Relationship": "Outer", "Parallel Aware": false, "Relation Name": "movie_info", "Schema": "public", "Alias": "mi", "Startup Cost": 0.0, "Total Cost": 347223.62, "Plan Rows": 839716, "Plan Width": 4, "Actual Startup Time": 296.796, "Actual Total Time": 2736.937, "Actual Rows": 802140, "Actual Loops": 1, "Output": ["mi.movie_id"], "Filter": "(mi.info_type_id < 2)", "Rows Removed by Filter": 14033580, "Shared Hit Blocks": 0, "Shared Read Blocks": 161993, "Shared Dirtied Blocks": 0, "Shared Written Blocks": 0, "Local Hit Blocks": 0, "Local Read Blocks": 0, "Local Dirtied Blocks": 0, "Local Written Blocks": 0, "Temp Read Blocks": 0, "Temp Written Blocks": 0, "I/O Read Time": 283.669, "I/O Write Time": 0.0}, {"Node Type": "Hash", "Parent Relationship": "Inner", "Parallel Aware": false, "Startup Cost": 133053.44, "Total Cost": 133053.44, "Plan Rows": 256368, "Plan Width": 8, "Actual Startup Time": 2268.607, "Actual Total Time": 2268.611, "Actual Rows": 587228, "Actual Loops": 1, "Output": ["t.id", "mc.movie_id"], "Hash Buckets": 131072, "Original Hash Buckets": 131072, "Hash Batches": 8, "Original Hash Batches": 4, "Peak Memory Usage": 3879, "Shared Hit Blocks": 0, "Shared Read Blocks": 48174, "Shared Dirtied Blocks": 0, "Shared Written Blocks": 0, "Local Hit Blocks": 0, "Local Read Blocks": 0, "Local Dirtied Blocks": 0, "Local Written Blocks": 0, "Temp Read Blocks": 5206, "Temp Written Blocks": 6960, "I/O Read Time": 126.757, "I/O Write Time": 0.0, "Plans": [{"Node Type": "Hash Join", "Parent Relationship": "Outer", "Parallel Aware": false, "Join Type": "Inner", "Startup Cost": 84096.57, "Total Cost": 133053.44, "Plan Rows": 256368, "Plan Width": 8, "Actual Startup Time": 877.701, "Actual Total Time": 2084.819, "Actual Rows": 587228, "Actual Loops": 1, "Output": ["t.id", "mc.movie_id"], "Inner Unique": true, "Hash Cond": "(mc.movie_id = t.id)", "Shared Hit Blocks": 0, "Shared Read Blocks": 48174, "Shared Dirtied Blocks": 0, "Shared Written Blocks": 0, "Local Hit Blocks": 0, "Local Read Blocks": 0, "Local Dirtied Blocks": 0, "Local Written Blocks": 0, "Temp Read Blocks": 5206, "Temp Written Blocks": 5206, "I/O Read Time": 126.757, "I/O Write Time": 0.0, "Plans": [{"Node Type": "Index Scan", "Parent Relationship": "Outer", "Parallel Aware": false, "Scan Direction": "Forward", "Index Name": "company_type_id_movie_companies", "Relation Name": "movie_companies", "Schema": "public", "Alias": "mc", "Startup Cost": 0.43, "Total Cost": 38297.45, "Plan Rows": 644898, "Plan Width": 4, "Actual Startup Time": 2.404, "Actual Total Time": 551.479, "Actual Rows": 904067, "Actual Loops": 1, "Output": ["mc.movie_id"], "Index Cond": "(mc.company_type_id = 1)", "Rows Removed by Index Recheck": 0, "Filter": "(mc.company_id < 11471)", "Rows Removed by Filter": 370179, "Shared Hit Blocks": 0, "Shared Read Blocks": 12176, "Shared Dirtied Blocks": 0, "Shared Written Blocks": 0, "Local Hit Blocks": 0, "Local Read Blocks": 0, "Local Dirtied Blocks": 0, "Local Written Blocks": 0, "Temp Read Blocks": 0, "Temp Written Blocks": 0, "I/O Read Time": 64.093, "I/O Write Time": 0.0}, {"Node Type": "Hash", "Parent Relationship": "Inner", "Parallel Aware": false, "Startup Cost": 67604.5, "Total Cost": 67604.5, "Plan Rows": 1005171, "Plan Width": 4, "Actual Startup Time": 874.719, "Actual Total Time": 874.721, "Actual Rows": 985048, "Actual Loops": 1, "Output": ["t.id"], "Hash Buckets": 131072, "Original Hash Buckets": 131072, "Hash Batches": 16, "Original Hash Batches": 16, "Peak Memory Usage": 3188, "Shared Hit Blocks": 0, "Shared Read Blocks": 35998, "Shared Dirtied Blocks": 0, "Shared Written Blocks": 0, "Local Hit Blocks": 0, "Local Read Blocks": 0, "Local Dirtied Blocks": 0, "Local Written Blocks": 0, "Temp Read Blocks": 0, "Temp Written Blocks": 2699, "I/O Read Time": 62.665, "I/O Write Time": 0.0, "Plans": [{"Node Type": "Seq Scan", "Parent Relationship": "Outer", "Parallel Aware": false, "Relation Name": "title", "Schema": "public", "Alias": "t", "Startup Cost": 0.0, "Total Cost": 67604.5, "Plan Rows": 1005171, "Plan Width": 4, "Actual Startup Time": 0.147, "Actual Total Time": 569.743, "Actual Rows": 985048, "Actual Loops": 1, "Output": ["t.id"], "Filter": "(t.kind_id < 7)", "Rows Removed by Filter": 1543264, "Shared Hit Blocks": 0, "Shared Read Blocks": 35998, "Shared Dirtied Blocks": 0, "Shared Written Blocks": 0, "Local Hit Blocks": 0, "Local Read Blocks": 0, "Local Dirtied Blocks": 0, "Local Written Blocks": 0, "Temp Read Blocks": 0, "Temp Written Blocks": 0, "I/O Read Time": 62.665, "I/O Write Time": 0.0}]}]}]}]}]}]}]}, "Planning": {"Shared Hit Blocks": 314, "Shared Read Blocks": 54, "Shared Dirtied Blocks": 0, "Shared Written Blocks": 0, "Local Hit Blocks": 0, "Local Read Blocks": 0, "Local Dirtied Blocks": 0, "Local Written Blocks": 0, "Temp Read Blocks": 0, "Temp Written Blocks": 0, "I/O Read Time": 4.194, "I/O Write Time": 0.0}, "Planning Time": 7.224, "Triggers": [], "Execution Time": 15142.869}, "template": "scale", "query": "EXPLAIN (ANALYZE, COSTS, BUFFERS, VERBOSE, FORMAT JSON) SELECT COUNT(*) FROM title t,movie_companies mc,movie_info mi,movie_keyword mk WHERE t.id=mc.movie_id AND t.id=mi.movie_id AND t.id=mk.movie_id AND t.kind_id<7 AND mc.company_id<11471 AND mc.company_type_id=1 AND mi.info_type_id<2;"}
{"planinfo": {"Plan": {"Node Type": "Aggregate", "Strategy": "Plain", "Partial Mode": "Simple", "Parallel Aware": false, "Startup Cost": 2565232.99, "Total Cost": 2565233.0, "Plan Rows": 1, "Plan Width": 8, "Actual Startup Time": 175757.765, "Actual Total Time": 175757.767, "Actual Rows": 1, "Actual Loops": 1, "Output": ["count(*)"], "Shared Hit Blocks": 17724134, "Shared Read Blocks": 119048, "Shared Dirtied Blocks": 0, "Shared Written Blocks": 0, "Local Hit Blocks": 0, "Local Read Blocks": 0, "Local Dirtied Blocks": 0, "Local Written Blocks": 0, "Temp Read Blocks": 0, "Temp Written Blocks": 0, "I/O Read Time": 3575.457, "I/O Write Time": 0.0, "Plans": [{"Node Type": "Merge Join", "Parent Relationship": "Outer", "Parallel Aware": false, "Join Type": "Inner", "Startup Cost": 141.22, "Total Cost": 2382097.22, "Plan Rows": 73254307, "Plan Width": 0, "Actual Startup Time": 0.184, "Actual Total Time": 139835.707, "Actual Rows": 351514575, "Actual Loops": 1, "Inner Unique": false, "Merge Cond": "(t.id = ci.movie_id)", "Shared Hit Blocks": 17724134, "Shared Read Blocks": 119048, "Shared Dirtied Blocks": 0, "Shared Written Blocks": 0, "Local Hit Blocks": 0, "Local Read Blocks": 0, "Local Dirtied Blocks": 0, "Local Written Blocks": 0, "Temp Read Blocks": 0, "Temp Written Blocks": 0, "I/O Read Time": 3575.457, "I/O Write Time": 0.0, "Plans": [{"Node Type": "Merge Join", "Parent Relationship": "Outer", "Parallel Aware": false, "Join Type": "Inner", "Startup Cost": 23.16, "Total Cost": 532801.64, "Plan Rows": 5103472, "Plan Width": 8, "Actual Startup Time": 0.142, "Actual Total Time": 10522.685, "Actual Rows": 9873675, "Actual Loops": 1, "Output": ["t.id", "mi.movie_id"], "Inner Unique": false, "Merge Cond": "(t.id = mi.movie_id)", "Shared Hit Blocks": 6938688, "Shared Read Blocks": 70760, "Shared Dirtied Blocks": 0, "Shared Written Blocks": 0, "Local Hit Blocks": 0, "Local Read Blocks": 0, "Local Dirtied Blocks": 0, "Local Written Blocks": 0, "Temp Read Blocks": 0, "Temp Written Blocks": 0, "I/O Read Time": 1334.013, "I/O Write Time": 0.0, "Plans": [{"Node Type": "Index Scan", "Parent Relationship": "Outer", "Parallel Aware": false, "Scan Direction": "Forward", "Index Name": "title_pkey", "Relation Name": "title", "Schema": "public", "Alias": "t", "Startup Cost": 0.43, "Total Cost": 116669.84, "Plan Rows": 870822, "Plan Width": 4, "Actual Startup Time": 0.112, "Actual Total Time": 3592.938, "Actual Rows": 852890, "Actual Loops": 1, "Output": ["t.id", "t.title", "t.imdb_index", "t.kind_id", "t.production_year", "t.imdb_id", "t.phonetic_code", "t.episode_of_id", "t.season_nr", "t.episode_nr", "t.series_years", "t.md5sum"], "Filter": "(t.kind_id < 4)", "Rows Removed by Filter": 1673086, "Shared Hit Blocks": 2488188, "Shared Read Blocks": 44928, "Shared Dirtied Blocks": 0, "Shared Written Blocks": 0, "Local Hit Blocks": 0, "Local Read Blocks": 0, "Local Dirtied Blocks": 0, "Local Written Blocks": 0, "Temp Read Blocks": 0, "Temp Written Blocks": 0, "I/O Read Time": 1144.721, "I/O Write Time": 0.0}, {"Node Type": "Index Only Scan", "Parent Relationship": "Inner", "Parallel Aware": false, "Scan Direction": "Forward", "Index Name": "movie_id_movie_info", "Relation Name": "movie_info", "Schema": "public", "Alias": "mi", "Startup Cost": 0.43, "Total Cost": 325993.18, "Plan Rows": 14818450, "Plan Width": 4, "Actual Startup Time": 0.026, "Actual Total Time": 4115.681, "Actual Rows": 14835029, "Actual Loops": 1, "Output": ["mi.movie_id"], "Heap Fetches": 0, "Shared Hit Blocks": 4450500, "Shared Read Blocks": 25832, "Shared Dirtied Blocks": 0, "Shared Written Blocks": 0, "Local Hit Blocks": 0, "Local Read Blocks": 0, "Local Dirtied Blocks": 0, "Local Written Blocks": 0, "Temp Read Blocks": 0, "Temp Written Blocks": 0, "I/O Read Time": 189.292, "I/O Write Time": 0.0}]}, {"Node Type": "Materialize", "Parent Relationship": "Inner", "Parallel Aware": false, "Startup Cost": 0.44, "Total Cost": 828979.9, "Plan Rows": 36293912, "Plan Width": 4, "Actual Startup Time": 0.04, "Actual Total Time": 47731.053, "Actual Rows": 374524894, "Actual Loops": 1, "Output": ["ci.movie_id"], "Shared Hit Blocks": 10785446, "Shared Read Blocks": 48288, "Shared Dirtied Blocks": 0, "Shared Written Blocks": 0, "Local Hit Blocks": 0, "Local Read Blocks": 0, "Local Dirtied Blocks": 0, "Local Written Blocks": 0, "Temp Read Blocks": 0, "Temp Written Blocks": 0, "I/O Read Time": 2241.444, "I/O Write Time": 0.0, "Plans": [{"Node Type": "Index Only Scan", "Parent Relationship": "Outer", "Parallel Aware": false, "Scan Direction": "Forward", "Index Name": "movie_id_cast_info", "Relation Name": "cast_info", "Schema": "public", "Alias": "ci", "Startup Cost": 0.44, "Total Cost": 738245.12, "Plan Rows": 36293912, "Plan Width": 4, "Actual Startup Time": 0.034, "Actual Total Time": 11640.205, "Actual Rows": 36244344, "Actual Loops": 1, "Output": ["ci.movie_id"], "Heap Fetches": 0, "Shared Hit Blocks": 10785446, "Shared Read Blocks": 48288, "Shared Dirtied Blocks": 0, "Shared Written Blocks": 0, "Local Hit Blocks": 0, "Local Read Blocks": 0, "Local Dirtied Blocks": 0, "Local Written Blocks": 0, "Temp Read Blocks": 0, "Temp Written Blocks": 0, "I/O Read Time": 2241.444, "I/O Write Time": 0.0}]}]}]}, "Planning": {"Shared Hit Blocks": 201, "Shared Read Blocks": 43, "Shared Dirtied Blocks": 0, "Shared Written Blocks": 0, "Local Hit Blocks": 0, "Local Read Blocks": 0, "Local Dirtied Blocks": 0, "Local Written Blocks": 0, "Temp Read Blocks": 0, "Temp Written Blocks": 0, "I/O Read Time": 3.446, "I/O Write Time": 0.0}, "Planning Time": 5.306, "Triggers": [], "Execution Time": 175757.953}, "template": "scale", "query": "EXPLAIN (ANALYZE, COSTS, BUFFERS, VERBOSE, FORMAT JSON) SELECT COUNT(*) FROM title t,cast_info ci,movie_info mi WHERE t.id=ci.movie_id AND t.id=mi.movie_id AND t.kind_id<4;"}
{"planinfo": {"Plan": {"Node Type": "Aggregate", "Strategy": "Plain", "Partial Mode": "Simple", "Parallel Aware": false, "Startup Cost": 1128398.98, "Total Cost": 1128398.99, "Plan Rows": 1, "Plan Width": 8, "Actual Startup Time": 21042.497, "Actual Total Time": 21042.498, "Actual Rows": 1, "Actual Loops": 1, "Output": ["count(*)"], "Shared Hit Blocks": 13273634, "Shared Read Blocks": 93216, "Shared Dirtied Blocks": 0, "Shared Written Blocks": 0, "Local Hit Blocks": 0, "Local Read Blocks": 0, "Local Dirtied Blocks": 0, "Local Written Blocks": 0, "Temp Read Blocks": 0, "Temp Written Blocks": 0, "I/O Read Time": 3240.638, "I/O Write Time": 0.0, "Plans": [{"Node Type": "Merge Join", "Parent Relationship": "Outer", "Parallel Aware": false, "Join Type": "Inner", "Startup Cost": 106.69, "Total Cost": 1092328.88, "Plan Rows": 14428040, "Plan Width": 0, "Actual Startup Time": 0.146, "Actual Total Time": 19362.469, "Actual Rows": 14824459, "Actual Loops": 1, "Inner Unique": false, "Merge Cond": "(t.id = ci.movie_id)", "Shared Hit Blocks": 13273634, "Shared Read Blocks": 93216, "Shared Dirtied Blocks": 0, "Shared Written Blocks": 0, "Local Hit Blocks": 0, "Local Read Blocks": 0, "Local Dirtied Blocks": 0, "Local Written Blocks": 0, "Temp Read Blocks": 0, "Temp Written Blocks": 0, "I/O Read Time": 3240.638, "I/O Write Time": 0.0, "Plans": [{"Node Type": "Index Scan", "Parent Relationship": "Outer", "Parallel Aware": false, "Scan Direction": "Forward", "Index Name": "title_pkey", "Relation Name": "title", "Schema": "public", "Alias": "t", "Startup Cost": 0.43, "Total Cost": 116669.84, "Plan Rows": 1005171, "Plan Width": 4, "Actual Startup Time": 0.108, "Actual Total Time": 3326.895, "Actual Rows": 983687, "Actual Loops": 1, "Output": ["t.id", "t.title", "t.imdb_index", "t.kind_id", "t.production_year", "t.imdb_id", "t.phonetic_code", "t.episode_of_id", "t.season_nr", "t.episode_nr", "t.series_years", "t.md5sum"], "Filter": "(t.kind_id < 7)", "Rows Removed by Filter": 1542289, "Shared Hit Blocks": 2488188, "Shared Read Blocks": 44928, "Shared Dirtied Blocks": 0, "Shared Written Blocks": 0, "Local Hit Blocks": 0, "Local Read Blocks": 0, "Local Dirtied Blocks": 0, "Local Written Blocks": 0, "Temp Read Blocks": 0, "Temp Written Blocks": 0, "I/O Read Time": 1095.386, "I/O Write Time": 0.0}, {"Node Type": "Index Only Scan", "Parent Relationship": "Inner", "Parallel Aware": false, "Scan Direction": "Forward", "Index Name": "movie_id_cast_info", "Relation Name": "cast_info", "Schema": "public", "Alias": "ci", "Startup Cost": 0.44, "Total Cost": 738245.12, "Plan Rows": 36293912, "Plan Width": 4, "Actual Startup Time": 0.034, "Actual Total Time": 10891.409, "Actual Rows": 36244344, "Actual Loops": 1, "Output": ["ci.movie_id"], "Heap Fetches": 0, "Shared Hit Blocks": 10785446, "Shared Read Blocks": 48288, "Shared Dirtied Blocks": 0, "Shared Written Blocks": 0, "Local Hit Blocks": 0, "Local Read Blocks": 0, "Local Dirtied Blocks": 0, "Local Written Blocks": 0, "Temp Read Blocks": 0, "Temp Written Blocks": 0, "I/O Read Time": 2145.252, "I/O Write Time": 0.0}]}]}, "Planning": {"Shared Hit Blocks": 121, "Shared Read Blocks": 31, "Shared Dirtied Blocks": 0, "Shared Written Blocks": 0, "Local Hit Blocks": 0, "Local Read Blocks": 0, "Local Dirtied Blocks": 0, "Local Written Blocks": 0, "Temp Read Blocks": 0, "Temp Written Blocks": 0, "I/O Read Time": 2.389, "I/O Write Time": 0.0}, "Planning Time": 3.537, "Triggers": [], "Execution Time": 21042.609}, "template": "scale", "query": "EXPLAIN (ANALYZE, COSTS, BUFFERS, VERBOSE, FORMAT JSON) SELECT COUNT(*) FROM title t,cast_info ci WHERE t.id=ci.movie_id AND t.kind_id<7;"}
{"planinfo": {"Plan": {"Node Type": "Aggregate", "Strategy": "Plain", "Partial Mode": "Simple", "Parallel Aware": false, "Startup Cost": 29208.45, "Total Cost": 29208.46, "Plan Rows": 1, "Plan Width": 8, "Actual Startup Time": 306.16, "Actual Total Time": 306.161, "Actual Rows": 1, "Actual Loops": 1, "Output": ["count(*)"], "Shared Hit Blocks": 0, "Shared Read Blocks": 1000, "Shared Dirtied Blocks": 0, "Shared Written Blocks": 0, "Local Hit Blocks": 0, "Local Read Blocks": 0, "Local Dirtied Blocks": 0, "Local Written Blocks": 0, "Temp Read Blocks": 0, "Temp Written Blocks": 0, "I/O Read Time": 5.681, "I/O Write Time": 0.0, "Plans": [{"Node Type": "Index Only Scan", "Parent Relationship": "Outer", "Parallel Aware": false, "Scan Direction": "Forward", "Index Name": "company_type_id_movie_companies", "Relation Name": "movie_companies", "Schema": "public", "Alias": "mc", "Startup Cost": 0.43, "Total Cost": 26054.45, "Plan Rows": 1261601, "Plan Width": 0, "Actual Startup Time": 0.289, "Actual Total Time": 182.773, "Actual Rows": 1274246, "Actual Loops": 1, "Output": ["company_type_id"], "Index Cond": "(mc.company_type_id = 1)", "Rows Removed by Index Recheck": 0, "Heap Fetches": 0, "Shared Hit Blocks": 0, "Shared Read Blocks": 1000, "Shared Dirtied Blocks": 0, "Shared Written Blocks": 0, "Local Hit Blocks": 0, "Local Read Blocks": 0, "Local Dirtied Blocks": 0, "Local Written Blocks": 0, "Temp Read Blocks": 0, "Temp Written Blocks": 0, "I/O Read Time": 5.681, "I/O Write Time": 0.0}]}, "Planning": {"Shared Hit Blocks": 61, "Shared Read Blocks": 10, "Shared Dirtied Blocks": 0, "Shared Written Blocks": 0, "Local Hit Blocks": 0, "Local Read Blocks": 0, "Local Dirtied Blocks": 0, "Local Written Blocks": 0, "Temp Read Blocks": 0, "Temp Written Blocks": 0, "I/O Read Time": 0.72, "I/O Write Time": 0.0}, "Planning Time": 1.182, "Triggers": [], "Execution Time": 306.192}, "template": "scale", "query": "EXPLAIN (ANALYZE, COSTS, BUFFERS, VERBOSE, FORMAT JSON) SELECT COUNT(*) FROM movie_companies mc WHERE mc.company_type_id=1;"}
{"planinfo": {"Plan": {"Node Type": "Aggregate", "Strategy": "Plain", "Partial Mode": "Simple", "Parallel Aware": false, "Startup Cost": 8069.12, "Total Cost": 8069.13, "Plan Rows": 1, "Plan Width": 8, "Actual Startup Time": 79.988, "Actual Total Time": 79.989, "Actual Rows": 1, "Actual Loops": 1, "Output": ["count(*)"], "Shared Hit Blocks": 0, "Shared Read Blocks": 261, "Shared Dirtied Blocks": 0, "Shared Written Blocks": 0, "Local Hit Blocks": 0, "Local Read Blocks": 0, "Local Dirtied Blocks": 0, "Local Written Blocks": 0, "Temp Read Blocks": 0, "Temp Written Blocks": 0, "I/O Read Time": 1.953, "I/O Write Time": 0.0, "Plans": [{"Node Type": "Index Only Scan", "Parent Relationship": "Outer", "Parallel Aware": false, "Scan Direction": "Forward", "Index Name": "info_type_id_movie_info", "Relation Name": "movie_info", "Schema": "public", "Alias": "mi", "Startup Cost": 0.43, "Total Cost": 7198.53, "Plan Rows": 348234, "Plan Width": 0, "Actual Startup Time": 0.398, "Actual Total Time": 48.119, "Actual Rows": 328857, "Actual Loops": 1, "Output": ["info_type_id"], "Index Cond": "(mi.info_type_id = 98)", "Rows Removed by Index Recheck": 0, "Heap Fetches": 0, "Shared Hit Blocks": 0, "Shared Read Blocks": 261, "Shared Dirtied Blocks": 0, "Shared Written Blocks": 0, "Local Hit Blocks": 0, "Local Read Blocks": 0, "Local Dirtied Blocks": 0, "Local Written Blocks": 0, "Temp Read Blocks": 0, "Temp Written Blocks": 0, "I/O Read Time": 1.953, "I/O Write Time": 0.0}]}, "Planning": {"Shared Hit Blocks": 48, "Shared Read Blocks": 11, "Shared Dirtied Blocks": 0, "Shared Written Blocks": 0, "Local Hit Blocks": 0, "Local Read Blocks": 0, "Local Dirtied Blocks": 0, "Local Written Blocks": 0, "Temp Read Blocks": 0, "Temp Written Blocks": 0, "I/O Read Time": 0.698, "I/O Write Time": 0.0}, "Planning Time": 1.129, "Triggers": [], "Execution Time": 80.022}, "template": "scale", "query": "EXPLAIN (ANALYZE, COSTS, BUFFERS, VERBOSE, FORMAT JSON) SELECT COUNT(*) FROM movie_info mi WHERE mi.info_type_id=98;"}
{"planinfo": {"Plan": {"Node Type": "Aggregate", "Strategy": "Plain", "Partial Mode": "Simple", "Parallel Aware": false, "Startup Cost": 2474.69, "Total Cost": 2474.7, "Plan Rows": 1, "Plan Width": 8, "Actual Startup Time": 3.104, "Actual Total Time": 3.106, "Actual Rows": 1, "Actual Loops": 1, "Output": ["count(*)"], "Shared Hit Blocks": 68, "Shared Read Blocks": 32, "Shared Dirtied Blocks": 0, "Shared Written Blocks": 0, "Local Hit Blocks": 0, "Local Read Blocks": 0, "Local Dirtied Blocks": 0, "Local Written Blocks": 0, "Temp Read Blocks": 0, "Temp Written Blocks": 0, "I/O Read Time": 2.906, "I/O Write Time": 0.0, "Plans": [{"Node Type": "Nested Loop", "Parent Relationship": "Outer", "Parallel Aware": false, "Join Type": "Inner", "Startup Cost": 0.87, "Total Cost": 2474.55, "Plan Rows": 53, "Plan Width": 0, "Actual Startup Time": 1.387, "Actual Total Time": 3.099, "Actual Rows": 9, "Actual Loops": 1, "Inner Unique": true, "Shared Hit Blocks": 68, "Shared Read Blocks": 32, "Shared Dirtied Blocks": 0, "Shared Written Blocks": 0, "Local Hit Blocks": 0, "Local Read Blocks": 0, "Local Dirtied Blocks": 0, "Local Written Blocks": 0, "Temp Read Blocks": 0, "Temp Written Blocks": 0, "I/O Read Time": 2.906, "I/O Write Time": 0.0, "Plans": [{"Node Type": "Index Scan", "Parent Relationship": "Outer", "Parallel Aware": false, "Scan Direction": "Forward", "Index Name": "person_id_cast_info", "Relation Name": "cast_info", "Schema": "public", "Alias": "ci", "Startup Cost": 0.44, "Total Cost": 1042.05, "Plan Rows": 170, "Plan Width": 4, "Actual Startup Time": 0.436, "Actual Total Time": 0.447, "Actual Rows": 24, "Actual Loops": 1, "Output": ["ci.id", "ci.person_id", "ci.movie_id", "ci.person_role_id", "ci.note", "ci.nr_order", "ci.role_id"], "Index Cond": "(ci.person_id = 1699564)", "Rows Removed by Index Recheck": 0, "Filter": "(ci.role_id = 1)", "Rows Removed by Filter": 0, "Shared Hit Blocks": 0, "Shared Read Blocks": 4, "Shared Dirtied Blocks": 0, "Shared Written Blocks": 0, "Local Hit Blocks": 0, "Local Read Blocks": 0, "Local Dirtied Blocks": 0, "Local Written Blocks": 0, "Temp Read Blocks": 0, "Temp Written Blocks": 0, "I/O Read Time": 0.417, "I/O Write Time": 0.0}, {"Node Type": "Index Scan", "Parent Relationship": "Inner", "Parallel Aware": false, "Scan Direction": "Forward", "Index Name": "title_pkey", "Relation Name": "title", "Schema": "public", "Alias": "t", "Startup Cost": 0.43, "Total Cost": 8.43, "Plan Rows": 1, "Plan Width": 4, "Actual Startup Time": 0.11, "Actual Total Time": 0.11, "Actual Rows": 0, "Actual Loops": 24, "Output": ["t.id", "t.title", "t.imdb_index", "t.kind_id", "t.production_year", "t.imdb_id", "t.phonetic_code", "t.episode_of_id", "t.season_nr", "t.episode_nr", "t.series_years", "t.md5sum"], "Index Cond": "(t.id = ci.movie_id)", "Rows Removed by Index Recheck": 0, "Filter": "(t.production_year > 2007)", "Rows Removed by Filter": 1, "Shared Hit Blocks": 68, "Shared Read Blocks": 28, "Shared Dirtied Blocks": 0, "Shared Written Blocks": 0, "Local Hit Blocks": 0, "Local Read Blocks": 0, "Local Dirtied Blocks": 0, "Local Written Blocks": 0, "Temp Read Blocks": 0, "Temp Written Blocks": 0, "I/O Read Time": 2.488, "I/O Write Time": 0.0}]}]}, "Planning": {"Shared Hit Blocks": 129, "Shared Read Blocks": 32, "Shared Dirtied Blocks": 0, "Shared Written Blocks": 0, "Local Hit Blocks": 0, "Local Read Blocks": 0, "Local Dirtied Blocks": 0, "Local Written Blocks": 0, "Temp Read Blocks": 0, "Temp Written Blocks": 0, "I/O Read Time": 2.395, "I/O Write Time": 0.0}, "Planning Time": 3.466, "Triggers": [], "Execution Time": 3.18}, "template": "scale", "query": "EXPLAIN (ANALYZE, COSTS, BUFFERS, VERBOSE, FORMAT JSON) SELECT COUNT(*) FROM title t,cast_info ci WHERE t.id=ci.movie_id AND t.production_year>2007 AND ci.person_id=1699564 AND ci.role_id=1;"}
{"planinfo": {"Plan": {"Node Type": "Aggregate", "Strategy": "Plain", "Partial Mode": "Simple", "Parallel Aware": false, "Startup Cost": 199461.63, "Total Cost": 199461.64, "Plan Rows": 1, "Plan Width": 8, "Actual Startup Time": 2993.518, "Actual Total Time": 2993.521, "Actual Rows": 1, "Actual Loops": 1, "Output": ["count(*)"], "Shared Hit Blocks": 3, "Shared Read Blocks": 60452, "Shared Dirtied Blocks": 0, "Shared Written Blocks": 0, "Local Hit Blocks": 0, "Local Read Blocks": 0, "Local Dirtied Blocks": 0, "Local Written Blocks": 0, "Temp Read Blocks": 8413, "Temp Written Blocks": 8413, "I/O Read Time": 183.938, "I/O Write Time": 0.0, "Plans": [{"Node Type": "Hash Join", "Parent Relationship": "Outer", "Parallel Aware": false, "Join Type": "Inner", "Startup Cost": 97970.46, "Total Cost": 197484.14, "Plan Rows": 790994, "Plan Width": 0, "Actual Startup Time": 1249.909, "Actual Total Time": 2951.675, "Actual Rows": 391125, "Actual Loops": 1, "Inner Unique": true, "Hash Cond": "(mk.movie_id = t.id)", "Shared Hit Blocks": 3, "Shared Read Blocks": 60452, "Shared Dirtied Blocks": 0, "Shared Written Blocks": 0, "Local Hit Blocks": 0, "Local Read Blocks": 0, "Local Dirtied Blocks": 0, "Local Written Blocks": 0, "Temp Read Blocks": 8413, "Temp Written Blocks": 8413, "I/O Read Time": 183.938, "I/O Write Time": 0.0, "Plans": [{"Node Type": "Seq Scan", "Parent Relationship": "Outer", "Parallel Aware": false, "Relation Name": "movie_keyword", "Schema": "public", "Alias": "mk", "Startup Cost": 0.0, "Total Cost": 81003.12, "Plan Rows": 1080593, "Plan Width": 4, "Actual Startup Time": 11.11, "Actual Total Time": 915.801, "Actual Rows": 1088237, "Actual Loops": 1, "Output": ["mk.movie_id"], "Filter": "(mk.keyword_id > 16264)", "Rows Removed by Filter": 3435693, "Shared Hit Blocks": 0, "Shared Read Blocks": 24454, "Shared Dirtied Blocks": 0, "Shared Written Blocks": 0, "Local Hit Blocks": 0, "Local Read Blocks": 0, "Local Dirtied Blocks": 0, "Local Written Blocks": 0, "Temp Read Blocks": 0, "Temp Written Blocks": 0, "I/O Read Time": 123.401, "I/O Write Time": 0.0}, {"Node Type": "Hash", "Parent Relationship": "Inner", "Parallel Aware": false, "Startup Cost": 67604.5, "Total Cost": 67604.5, "Plan Rows": 1850877, "Plan Width": 4, "Actual Startup Time": 1236.632, "Actual Total Time": 1236.633, "Actual Rows": 1865487, "Actual Loops": 1, "Output": ["t.id"], "Hash Buckets": 131072, "Original Hash Buckets": 131072, "Hash Batches": 32, "Original Hash Batches": 32, "Peak Memory Usage": 3079, "Shared Hit Blocks": 0, "Shared Read Blocks": 35998, "Shared Dirtied Blocks": 0, "Shared Written Blocks": 0, "Local Hit Blocks": 0, "Local Read Blocks": 0, "Local Dirtied Blocks": 0, "Local Written Blocks": 0, "Temp Read Blocks": 0, "Temp Written Blocks": 5278, "I/O Read Time": 60.537, "I/O Write Time": 0.0, "Plans": [{"Node Type": "Seq Scan", "Parent Relationship": "Outer", "Parallel Aware": false, "Relation Name": "title", "Schema": "public", "Alias": "t", "Startup Cost": 0.0, "Total Cost": 67604.5, "Plan Rows": 1850877, "Plan Width": 4, "Actual Startup Time": 0.161, "Actual Total Time": 660.892, "Actual Rows": 1865487, "Actual Loops": 1, "Output": ["t.id"], "Filter": "(t.kind_id > 1)", "Rows Removed by Filter": 662825, "Shared Hit Blocks": 0, "Shared Read Blocks": 35998, "Shared Dirtied Blocks": 0, "Shared Written Blocks": 0, "Local Hit Blocks": 0, "Local Read Blocks": 0, "Local Dirtied Blocks": 0, "Local Written Blocks": 0, "Temp Read Blocks": 0, "Temp Written Blocks": 0, "I/O Read Time": 60.537, "I/O Write Time": 0.0}]}]}]}, "Planning": {"Shared Hit Blocks": 108, "Shared Read Blocks": 25, "Shared Dirtied Blocks": 0, "Shared Written Blocks": 0, "Local Hit Blocks": 0, "Local Read Blocks": 0, "Local Dirtied Blocks": 0, "Local Written Blocks": 0, "Temp Read Blocks": 0, "Temp Written Blocks": 0, "I/O Read Time": 1.765, "I/O Write Time": 0.0}, "Planning Time": 2.781, "Triggers": [], "Execution Time": 2993.717}, "template": "scale", "query": "EXPLAIN (ANALYZE, COSTS, BUFFERS, VERBOSE, FORMAT JSON) SELECT COUNT(*) FROM title t,movie_keyword mk WHERE t.id=mk.movie_id AND t.kind_id>1 AND mk.keyword_id>16264;"}
{"planinfo": {"Plan": {"Node Type": "Aggregate", "Strategy": "Plain", "Partial Mode": "Simple", "Parallel Aware": false, "Startup Cost": 529160.22, "Total Cost": 529160.23, "Plan Rows": 1, "Plan Width": 8, "Actual Startup Time": 37908.71, "Actual Total Time": 37908.718, "Actual Rows": 1, "Actual Loops": 1, "Output": ["count(*)"], "Shared Hit Blocks": 3, "Shared Read Blocks": 110414, "Shared Dirtied Blocks": 0, "Shared Written Blocks": 0, "Local Hit Blocks": 0, "Local Read Blocks": 0, "Local Dirtied Blocks": 0, "Local Written Blocks": 0, "Temp Read Blocks": 60584, "Temp Written Blocks": 60584, "I/O Read Time": 443.383, "I/O Write Time": 0.0, "Plans": [{"Node Type": "Hash Join", "Parent Relationship": "Outer", "Parallel Aware": false, "Join Type": "Inner", "Startup Cost": 328642.92, "Total Cost": 524250.49, "Plan Rows": 1963892, "Plan Width": 0, "Actual Startup Time": 7843.168, "Actual Total Time": 28873.754, "Actual Rows": 90750250, "Actual Loops": 1, "Inner Unique": false, "Hash Cond": "(ci.movie_id = t.id)", "Shared Hit Blocks": 3, "Shared Read Blocks": 110414, "Shared Dirtied Blocks": 0, "Shared Written Blocks": 0, "Local Hit Blocks": 0, "Local Read Blocks": 0, "Local Dirtied Blocks": 0, "Local Written Blocks": 0, "Temp Read Blocks": 60584, "Temp Written Blocks": 60584, "I/O Read Time": 443.383, "I/O Write Time": 0.0, "Plans": [{"Node Type": "Index Scan", "Parent Relationship": "Outer", "Parallel Aware": false, "Scan Direction": "Forward", "Index Name": "role_id_cast_info", "Relation Name": "cast_info", "Schema": "public", "Alias": "ci", "Startup Cost": 0.44, "Total Cost": 120092.97, "Plan Rows": 4350430, "Plan Width": 4, "Actual Startup Time": 0.49, "Actual Total Time": 1800.759, "Actual Rows": 4323018, "Actual Loops": 1, "Output": ["ci.movie_id"], "Index Cond": "(ci.role_id = 10)", "Rows Removed by Index Recheck": 0, "Shared Hit Blocks": 0, "Shared Read Blocks": 41301, "Shared Dirtied Blocks": 0, "Shared Written Blocks": 0, "Local Hit Blocks": 0, "Local Read Blocks": 0, "Local Dirtied Blocks": 0, "Local Written Blocks": 0, "Temp Read Blocks": 0, "Temp Written Blocks": 0, "I/O Read Time": 212.73, "I/O Write Time": 0.0}, {"Node Type": "Hash", "Parent Relationship": "Inner", "Parallel Aware": false, "Startup Cost": 308800.52, "Total Cost": 308800.52, "Plan Rows": 1141437, "Plan Width": 12, "Actual Startup Time": 7839.106, "Actual Total Time": 7839.112, "Actual Rows": 3934171, "Actual Loops": 1, "Output": ["t.id", "mc.movie_id", "mk.movie_id"], "Hash Buckets": 131072, "Original Hash Buckets": 131072, "Hash Batches": 128, "Original Hash Batches": 32, "Peak Memory Usage": 3712, "Shared Hit Blocks": 0, "Shared Read Blocks": 69113, "Shared Dirtied Blocks": 0, "Shared Written Blocks": 0, "Local Hit Blocks": 0, "Local Read Blocks": 0, "Local Dirtied Blocks": 0, "Local Written Blocks": 0, "Temp Read Blocks": 21747, "Temp Written Blocks": 36839, "I/O Read Time": 230.653, "I/O Write Time": 0.0, "Plans": [{"Node Type": "Hash Join", "Parent Relationship": "Outer", "Parallel Aware": false, "Join Type": "Inner", "Startup Cost": 186353.24, "Total Cost": 308800.52, "Plan Rows": 1141437, "Plan Width": 12, "Actual Startup Time": 3435.613, "Actual Total Time": 6520.039, "Actual Rows": 3934171, "Actual Loops": 1, "Output": ["t.id", "mc.movie_id", "mk.movie_id"], "Inner Unique": false, "Hash Cond": "(mk.movie_id = t.id)", "Shared Hit Blocks": 0, "Shared Read Blocks": 69113, "Shared Dirtied Blocks": 0, "Shared Written Blocks": 0, "Local Hit Blocks": 0, "Local Read Blocks": 0, "Local Dirtied Blocks": 0, "Local Written Blocks": 0, "Temp Read Blocks": 21747, "Temp Written Blocks": 21747, "I/O Read Time": 230.653, "I/O Write Time": 0.0, "Plans": [{"Node Type": "Seq Scan", "Parent Relationship": "Outer", "Parallel Aware": false, "Relation Name": "movie_keyword", "Schema": "public", "Alias": "mk", "Startup Cost": 0.0, "Total Cost": 81003.12, "Plan Rows": 2141808, "Plan Width": 4, "Actual Startup Time": 0.126, "Actual Total Time": 1009.653, "Actual Rows": 2144947, "Actual Loops": 1, "Output": ["mk.movie_id"], "Filter": "(mk.keyword_id < 4030)", "Rows Removed by Filter": 2378983, "Shared Hit Blocks": 0, "Shared Read Blocks": 24454, "Shared Dirtied Blocks": 0, "Shared Written Blocks": 0, "Local Hit Blocks": 0, "Local Read Blocks": 0, "Local Dirtied Blocks": 0, "Local Written Blocks": 0, "Temp Read Blocks": 0, "Temp Written Blocks": 0, "I/O Read Time": 123.849, "I/O Write Time": 0.0}, {"Node Type": "Hash", "Parent Relationship": "Inner", "Parallel Aware": false, "Startup Cost": 164245.14, "Total Cost": 164245.14, "Plan Rows": 1347528, "Plan Width": 8, "Actual Startup Time": 3434.718, "Actual Total Time": 3434.722, "Actual Rows": 1334883, "Actual Loops": 1, "Output": ["t.id", "mc.movie_id"], "Hash Buckets": 131072, "Original Hash Buckets": 131072, "Hash Batches": 32, "Original Hash Batches": 32, "Peak Memory Usage": 2639, "Shared Hit Blocks": 0, "Shared Read Blocks": 44659, "Shared Dirtied Blocks": 0, "Shared Written Blocks": 0, "Local Hit Blocks": 0, "Local Read Blocks": 0, "Local Dirtied Blocks": 0, "Local Written Blocks": 0, "Temp Read Blocks": 11208, "Temp Written Blocks": 15613, "I/O Read Time": 106.805, "I/O Write Time": 0.0, "Plans": [{"Node Type": "Hash Join", "Parent Relationship": "Outer", "Parallel Aware": false, "Join Type": "Inner", "Startup Cost": 102768.13, "Total Cost": 164245.14, "Plan Rows": 1347528, "Plan Width": 8, "Actual Startup Time": 1298.771, "Actual Total Time": 3030.478, "Actual Rows": 1334883, "Actual Loops": 1, "Output": ["t.id", "mc.movie_id"], "Inner Unique": true, "Hash Cond": "(mc.movie_id = t.id)", "Shared Hit Blocks": 0, "Shared Read Blocks": 44659, "Shared Dirtied Blocks": 0, "Shared Written Blocks": 0, "Local Hit Blocks": 0, "Local Read Blocks": 0, "Local Dirtied Blocks": 0, "Local Written Blocks": 0, "Temp Read Blocks": 11208, "Temp Written Blocks": 11208, "I/O Read Time": 106.805, "I/O Write Time": 0.0, "Plans": [{"Node Type": "Index Scan", "Parent Relationship": "Outer", "Parallel Aware": false, "Scan Direction": "Forward", "Index Name": "company_type_id_movie_companies", "Relation Name": "movie_companies", "Schema": "public", "Alias": "mc", "Startup Cost": 0.43, "Total Cost": 37534.17, "Plan Rows": 1347528, "Plan Width": 4, "Actual Startup Time": 0.393, "Actual Total Time": 528.368, "Actual Rows": 1334883, "Actual Loops": 1, "Output": ["mc.movie_id"], "Index Cond": "(mc.company_type_id = 2)", "Rows Removed by Index Recheck": 0, "Shared Hit Blocks": 0, "Shared Read Blocks": 8661, "Shared Dirtied Blocks": 0, "Shared Written Blocks": 0, "Local Hit Blocks": 0, "Local Read Blocks": 0, "Local Dirtied Blocks": 0, "Local Written Blocks": 0, "Temp Read Blocks": 0, "Temp Written Blocks": 0, "I/O Read Time": 46.539, "I/O Write Time": 0.0}, {"Node Type": "Hash", "Parent Relationship": "Inner", "Parallel Aware": false, "Startup Cost": 61283.2, "Total Cost": 61283.2, "Plan Rows": 2528520, "Plan Width": 4, "Actual Startup Time": 1296.53, "Actual Total Time": 1296.532, "Actual Rows": 2528312, "Actual Loops": 1, "Output": ["t.id"], "Hash Buckets": 131072, "Original Hash Buckets": 131072, "Hash Batches": 64, "Original Hash Batches": 64, "Peak Memory Usage": 2415, "Shared Hit Blocks": 0, "Shared Read Blocks": 35998, "Shared Dirtied Blocks": 0, "Shared Written Blocks": 0, "Local Hit Blocks": 0, "Local Read Blocks": 0, "Local Dirtied Blocks": 0, "Local Written Blocks": 0, "Temp Read Blocks": 0, "Temp Written Blocks": 7262, "I/O Read Time": 60.266, "I/O Write Time": 0.0, "Plans": [{"Node Type": "Seq Scan", "Parent Relationship": "Outer", "Parallel Aware": false, "Relation Name": "title", "Schema": "public", "Alias": "t", "Startup Cost": 0.0, "Total Cost": 61283.2, "Plan Rows": 2528520, "Plan Width": 4, "Actual Startup Time": 0.133, "Actual Total Time": 553.174, "Actual Rows": 2528312, "Actual Loops": 1, "Output": ["t.id"], "Shared Hit Blocks": 0, "Shared Read Blocks": 35998, "Shared Dirtied Blocks": 0, "Shared Written Blocks": 0, "Local Hit Blocks": 0, "Local Read Blocks": 0, "Local Dirtied Blocks": 0, "Local Written Blocks": 0, "Temp Read Blocks": 0, "Temp Written Blocks": 0, "I/O Read Time": 60.266, "I/O Write Time": 0.0}]}]}]}]}]}]}]}, "Planning": {"Shared Hit Blocks": 331, "Shared Read Blocks": 54, "Shared Dirtied Blocks": 0, "Shared Written Blocks": 0, "Local Hit Blocks": 0, "Local Read Blocks": 0, "Local Dirtied Blocks": 0, "Local Written Blocks": 0, "Temp Read Blocks": 0, "Temp Written Blocks": 0, "I/O Read Time": 4.189, "I/O Write Time": 0.0}, "Planning Time": 6.955, "Triggers": [], "Execution Time": 37909.618}, "template": "scale", "query": "EXPLAIN (ANALYZE, COSTS, BUFFERS, VERBOSE, FORMAT JSON) SELECT COUNT(*) FROM title t,movie_companies mc,cast_info ci,movie_keyword mk WHERE t.id=mc.movie_id AND t.id=ci.movie_id AND t.id=mk.movie_id AND mc.company_type_id=2 AND ci.role_id=10 AND mk.keyword_id<4030;"}
{"planinfo": {"Plan": {"Node Type": "Aggregate", "Strategy": "Plain", "Partial Mode": "Simple", "Parallel Aware": false, "Startup Cost": 865864.44, "Total Cost": 865864.45, "Plan Rows": 1, "Plan Width": 8, "Actual Startup Time": 18211.866, "Actual Total Time": 18211.872, "Actual Rows": 1, "Actual Loops": 1, "Output": ["count(*)"], "Shared Hit Blocks": 36381, "Shared Read Blocks": 177902, "Shared Dirtied Blocks": 0, "Shared Written Blocks": 0, "Local Hit Blocks": 0, "Local Read Blocks": 0, "Local Dirtied Blocks": 0, "Local Written Blocks": 0, "Temp Read Blocks": 29031, "Temp Written Blocks": 29031, "I/O Read Time": 880.358, "I/O Write Time": 0.0, "Plans": [{"Node Type": "Hash Join", "Parent Relationship": "Outer", "Parallel Aware": false, "Join Type": "Inner", "Startup Cost": 267720.0, "Total Cost": 862438.13, "Plan Rows": 1370526, "Plan Width": 0, "Actual Startup Time": 5045.106, "Actual Total Time": 16609.516, "Actual Rows": 16085115, "Actual Loops": 1, "Inner Unique": false, "Hash Cond": "(ci.movie_id = t.id)", "Shared Hit Blocks": 36381, "Shared Read Blocks": 177902, "Shared Dirtied Blocks": 0, "Shared Written Blocks": 0, "Local Hit Blocks": 0, "Local Read Blocks": 0, "Local Dirtied Blocks": 0, "Local Written Blocks": 0, "Temp Read Blocks": 29031, "Temp Written Blocks": 29031, "I/O Read Time": 880.358, "I/O Write Time": 0.0, "Plans": [{"Node Type": "Index Scan", "Parent Relationship": "Outer", "Parallel Aware": false, "Scan Direction": "Forward", "Index Name": "role_id_cast_info", "Relation Name": "cast_info", "Schema": "public", "Alias": "ci", "Startup Cost": 0.44, "Total Cost": 490140.42, "Plan Rows": 7668234, "Plan Width": 4, "Actual Startup Time": 0.624, "Actual Total Time": 6165.87, "Actual Rows": 4851908, "Actual Loops": 1, "Output": ["ci.movie_id"], "Index Cond": "(ci.role_id > 2)", "Rows Removed by Index Recheck": 0, "Filter": "(ci.person_id < 1717521)", "Rows Removed by Filter": 11269775, "Shared Hit Blocks": 2, "Shared Read Blocks": 132041, "Shared Dirtied Blocks": 0, "Shared Written Blocks": 0, "Local Hit Blocks": 0, "Local Read Blocks": 0, "Local Dirtied Blocks": 0, "Local Written Blocks": 0, "Temp Read Blocks": 0, "Temp Written Blocks": 0, "I/O Read Time": 529.389, "I/O Write Time": 0.0}, {"Node Type": "Hash", "Parent Relationship": "Inner", "Parallel Aware": false, "Startup Cost": 259863.6, "Total Cost": 259863.6, "Plan Rows": 451917, "Plan Width": 12, "Actual Startup Time": 5042.216, "Actual Total Time": 5042.22, "Actual Rows": 1929038, "Actual Loops": 1, "Output": ["t.id", "mi_idx.movie_id", "mk.movie_id"], "Hash Buckets": 131072, "Original Hash Buckets": 131072, "Hash Batches": 32, "Original Hash Batches": 8, "Peak Memory Usage": 3611, "Shared Hit Blocks": 36376, "Shared Read Blocks": 45861, "Shared Dirtied Blocks": 0, "Shared Written Blocks": 0, "Local Hit Blocks": 0, "Local Read Blocks": 0, "Local Dirtied Blocks": 0, "Local Written Blocks": 0, "Temp Read Blocks": 7787, "Temp Written Blocks": 15072, "I/O Read Time": 350.969, "I/O Write Time": 0.0, "Plans": [{"Node Type": "Hash Join", "Parent Relationship": "Outer", "Parallel Aware": false, "Join Type": "Inner", "Startup Cost": 143607.05, "Total Cost": 259863.6, "Plan Rows": 451917, "Plan Width": 12, "Actual Startup Time": 1804.24, "Actual Total Time": 4396.861, "Actual Rows": 1929038, "Actual Loops": 1, "Output": ["t.id", "mi_idx.movie_id", "mk.movie_id"], "Inner Unique": false, "Hash Cond": "(mk.movie_id = t.id)", "Shared Hit Blocks": 36376, "Shared Read Blocks": 45861, "Shared Dirtied Blocks": 0, "Shared Written Blocks": 0, "Local Hit Blocks": 0, "Local Read Blocks": 0, "Local Dirtied Blocks": 0, "Local Written Blocks": 0, "Temp Read Blocks": 7787, "Temp Written Blocks": 7787, "I/O Read Time": 350.969, "I/O Write Time": 0.0, "Plans": [{"Node Type": "Seq Scan", "Parent Relationship": "Outer", "Parallel Aware": false, "Relation Name": "movie_keyword", "Schema": "public", "Alias": "mk", "Startup Cost": 0.0, "Total Cost": 81003.12, "Plan Rows": 2503802, "Plan Width": 4, "Actual Startup Time": 1.988, "Actual Total Time": 1058.268, "Actual Rows": 2502815, "Actual Loops": 1, "Output": ["mk.movie_id"], "Filter": "(mk.keyword_id > 3617)", "Rows Removed by Filter": 2021115, "Shared Hit Blocks": 0, "Shared Read Blocks": 24454, "Shared Dirtied Blocks": 0, "Shared Written Blocks": 0, "Local Hit Blocks": 0, "Local Read Blocks": 0, "Local Dirtied Blocks": 0, "Local Written Blocks": 0, "Temp Read Blocks": 0, "Temp Written Blocks": 0, "I/O Read Time": 142.424, "I/O Write Time": 0.0}, {"Node Type": "Hash", "Parent Relationship": "Inner", "Parallel Aware": false, "Startup Cost": 136119.32, "Total Cost": 136119.32, "Plan Rows": 456378, "Plan Width": 8, "Actual Startup Time": 1801.487, "Actual Total Time": 1801.489, "Actual Rows": 459925, "Actual Loops": 1, "Output": ["t.id", "mi_idx.movie_id"], "Hash Buckets": 131072, "Original Hash Buckets": 131072, "Hash Batches": 8, "Original Hash Batches": 8, "Peak Memory Usage": 3275, "Shared Hit Blocks": 36376, "Shared Read Blocks": 21407, "Shared Dirtied Blocks": 0, "Shared Written Blocks": 0, "Local Hit Blocks": 0, "Local Read Blocks": 0, "Local Dirtied Blocks": 0, "Local Written Blocks": 0, "Temp Read Blocks": 0, "Temp Written Blocks": 1372, "I/O Read Time": 208.545, "I/O Write Time": 0.0, "Plans": [{"Node Type": "Merge Join", "Parent Relationship": "Outer", "Parallel Aware": false, "Join Type": "Inner", "Startup Cost": 9.94, "Total Cost": 136119.32, "Plan Rows": 456378, "Plan Width": 8, "Actual Startup Time": 0.184, "Actual Total Time": 1606.868, "Actual Rows": 459925, "Actual Loops": 1, "Output": ["t.id", "mi_idx.movie_id"], "Inner Unique": false, "Merge Cond": "(t.id = mi_idx.movie_id)", "Shared Hit Blocks": 36376, "Shared Read Blocks": 21407, "Shared Dirtied Blocks": 0, "Shared Written Blocks": 0, "Local Hit Blocks": 0, "Local Read Blocks": 0, "Local Dirtied Blocks": 0, "Local Written Blocks": 0, "Temp Read Blocks": 0, "Temp Written Blocks": 0, "I/O Read Time": 208.545, "I/O Write Time": 0.0, "Plans": [{"Node Type": "Index Only Scan", "Parent Relationship": "Outer", "Parallel Aware": false, "Scan Direction": "Forward", "Index Name": "title_pkey", "Relation Name": "title", "Schema": "public", "Alias": "t", "Startup Cost": 0.43, "Total Cost": 73940.23, "Plan Rows": 2528520, "Plan Width": 4, "Actual Startup Time": 0.022, "Actual Total Time": 552.562, "Actual Rows": 2525794, "Actual Loops": 1, "Output": ["t.id"], "Heap Fetches": 0, "Shared Hit Blocks": 23441, "Shared Read Blocks": 8963, "Shared Dirtied Blocks": 0, "Shared Written Blocks": 0, "Local Hit Blocks": 0, "Local Read Blocks": 0, "Local Dirtied Blocks": 0, "Local Written Blocks": 0, "Temp Read Blocks": 0, "Temp Written Blocks": 0, "I/O Read Time": 139.011, "I/O Write Time": 0.0}, {"Node Type": "Index Scan", "Parent Relationship": "Inner", "Parallel Aware": false, "Scan Direction": "Forward", "Index Name": "movie_id_movie_info_idx", "Relation Name": "movie_info_idx", "Schema": "public", "Alias": "mi_idx", "Startup Cost": 0.43, "Total Cost": 50235.25, "Plan Rows": 456378, "Plan Width": 4, "Actual Startup Time": 0.156, "Actual Total Time": 597.03, "Actual Rows": 459925, "Actual Loops": 1, "Output": ["mi_idx.id", "mi_idx.movie_id", "mi_idx.info_type_id", "mi_idx.info", "mi_idx.note"], "Filter": "(mi_idx.info_type_id < 100)", "Rows Removed by Filter": 920110, "Shared Hit Blocks": 12935, "Shared Read Blocks": 12444, "Shared Dirtied Blocks": 0, "Shared Written Blocks": 0, "Local Hit Blocks": 0, "Local Read Blocks": 0, "Local Dirtied Blocks": 0, "Local Written Blocks": 0, "Temp Read Blocks": 0, "Temp Written Blocks": 0, "I/O Read Time": 69.535, "I/O Write Time": 0.0}]}]}]}]}]}]}, "Planning": {"Shared Hit Blocks": 325, "Shared Read Blocks": 51, "Shared Dirtied Blocks": 0, "Shared Written Blocks": 0, "Local Hit Blocks": 0, "Local Read Blocks": 0, "Local Dirtied Blocks": 0, "Local Written Blocks": 0, "Temp Read Blocks": 0, "Temp Written Blocks": 0, "I/O Read Time": 4.153, "I/O Write Time": 0.0}, "Planning Time": 7.135, "Triggers": [], "Execution Time": 18212.465}, "template": "scale", "query": "EXPLAIN (ANALYZE, COSTS, BUFFERS, VERBOSE, FORMAT JSON) SELECT COUNT(*) FROM title t,cast_info ci,movie_info_idx mi_idx,movie_keyword mk WHERE t.id=ci.movie_id AND t.id=mi_idx.movie_id AND t.id=mk.movie_id AND ci.person_id<1717521 AND ci.role_id>2 AND mi_idx.info_type_id<100 AND mk.keyword_id>3617;"}
{"planinfo": {"Plan": {"Node Type": "Aggregate", "Strategy": "Plain", "Partial Mode": "Simple", "Parallel Aware": false, "Startup Cost": 614537.82, "Total Cost": 614537.83, "Plan Rows": 1, "Plan Width": 8, "Actual Startup Time": 15546.013, "Actual Total Time": 15546.017, "Actual Rows": 1, "Actual Loops": 1, "Output": ["count(*)"], "Shared Hit Blocks": 3, "Shared Read Blocks": 197991, "Shared Dirtied Blocks": 0, "Shared Written Blocks": 0, "Local Hit Blocks": 0, "Local Read Blocks": 0, "Local Dirtied Blocks": 0, "Local Written Blocks": 0, "Temp Read Blocks": 50150, "Temp Written Blocks": 50150, "I/O Read Time": 334.394, "I/O Write Time": 0.0, "Plans": [{"Node Type": "Hash Join", "Parent Relationship": "Outer", "Parallel Aware": false, "Join Type": "Inner", "Startup Cost": 102767.7, "Total Cost": 577491.7, "Plan Rows": 14818450, "Plan Width": 0, "Actual Startup Time": 1305.566, "Actual Total Time": 13979.398, "Actual Rows": 14835720, "Actual Loops": 1, "Inner Unique": true, "Hash Cond": "(mi.movie_id = t.id)", "Shared Hit Blocks": 3, "Shared Read Blocks": 197991, "Shared Dirtied Blocks": 0, "Shared Written Blocks": 0, "Local Hit Blocks": 0, "Local Read Blocks": 0, "Local Dirtied Blocks": 0, "Local Written Blocks": 0, "Temp Read Blocks": 50150, "Temp Written Blocks": 50150, "I/O Read Time": 334.394, "I/O Write Time": 0.0, "Plans": [{"Node Type": "Seq Scan", "Parent Relationship": "Outer", "Parallel Aware": false, "Relation Name": "movie_info", "Schema": "public", "Alias": "mi", "Startup Cost": 0.0, "Total Cost": 310177.5, "Plan Rows": 14818450, "Plan Width": 4, "Actual Startup Time": 0.208, "Actual Total Time": 3202.863, "Actual Rows": 14835720, "Actual Loops": 1, "Output": ["mi.movie_id"], "Shared Hit Blocks": 0, "Shared Read Blocks": 161993, "Shared Dirtied Blocks": 0, "Shared Written Blocks": 0, "Local Hit Blocks": 0, "Local Read Blocks": 0, "Local Dirtied Blocks": 0, "Local Written Blocks": 0, "Temp Read Blocks": 0, "Temp Written Blocks": 0, "I/O Read Time": 273.458, "I/O Write Time": 0.0}, {"Node Type": "Hash", "Parent Relationship": "Inner", "Parallel Aware": false, "Startup Cost": 61283.2, "Total Cost": 61283.2, "Plan Rows": 2528520, "Plan Width": 4, "Actual Startup Time": 1302.408, "Actual Total Time": 1302.409, "Actual Rows": 2528312, "Actual Loops": 1, "Output": ["t.id"], "Hash Buckets": 131072, "Original Hash Buckets": 131072, "Hash Batches": 64, "Original Hash Batches": 64, "Peak Memory Usage": 2415, "Shared Hit Blocks": 0, "Shared Read Blocks": 35998, "Shared Dirtied Blocks": 0, "Shared Written Blocks": 0, "Local Hit Blocks": 0, "Local Read Blocks": 0, "Local Dirtied Blocks": 0, "Local Written Blocks": 0, "Temp Read Blocks": 0, "Temp Written Blocks": 7262, "I/O Read Time": 60.936, "I/O Write Time": 0.0, "Plans": [{"Node Type": "Seq Scan", "Parent Relationship": "Outer", "Parallel Aware": false, "Relation Name": "title", "Schema": "public", "Alias": "t", "Startup Cost": 0.0, "Total Cost": 61283.2, "Plan Rows": 2528520, "Plan Width": 4, "Actual Startup Time": 0.13, "Actual Total Time": 558.739, "Actual Rows": 2528312, "Actual Loops": 1, "Output": ["t.id"], "Shared Hit Blocks": 0, "Shared Read Blocks": 35998, "Shared Dirtied Blocks": 0, "Shared Written Blocks": 0, "Local Hit Blocks": 0, "Local Read Blocks": 0, "Local Dirtied Blocks": 0, "Local Written Blocks": 0, "Temp Read Blocks": 0, "Temp Written Blocks": 0, "I/O Read Time": 60.936, "I/O Write Time": 0.0}]}]}]}, "Planning": {"Shared Hit Blocks": 96, "Shared Read Blocks": 29, "Shared Dirtied Blocks": 0, "Shared Written Blocks": 0, "Local Hit Blocks": 0, "Local Read Blocks": 0, "Local Dirtied Blocks": 0, "Local Written Blocks": 0, "Temp Read Blocks": 0, "Temp Written Blocks": 0, "I/O Read Time": 2.036, "I/O Write Time": 0.0}, "Planning Time": 2.907, "Triggers": [], "Execution Time": 15546.167}, "template": "scale", "query": "EXPLAIN (ANALYZE, COSTS, BUFFERS, VERBOSE, FORMAT JSON) SELECT COUNT(*) FROM title t,movie_info mi WHERE t.id=mi.movie_id;"}
{"planinfo": {"Plan": {"Node Type": "Aggregate", "Strategy": "Plain", "Partial Mode": "Simple", "Parallel Aware": false, "Startup Cost": 198804.19, "Total Cost": 198804.2, "Plan Rows": 1, "Plan Width": 8, "Actual Startup Time": 3500.461, "Actual Total Time": 3500.466, "Actual Rows": 1, "Actual Loops": 1, "Output": ["count(*)"], "Shared Hit Blocks": 3, "Shared Read Blocks": 60452, "Shared Dirtied Blocks": 0, "Shared Written Blocks": 0, "Local Hit Blocks": 0, "Local Read Blocks": 0, "Local Dirtied Blocks": 0, "Local Written Blocks": 0, "Temp Read Blocks": 12481, "Temp Written Blocks": 12481, "I/O Read Time": 202.243, "I/O Write Time": 0.0, "Plans": [{"Node Type": "Hash Join", "Parent Relationship": "Outer", "Parallel Aware": false, "Join Type": "Inner", "Startup Cost": 79198.31, "Total Cost": 197366.95, "Plan Rows": 574895, "Plan Width": 0, "Actual Startup Time": 680.93, "Actual Total Time": 3486.038, "Actual Rows": 133181, "Actual Loops": 1, "Inner Unique": true, "Hash Cond": "(mk.movie_id = t.id)", "Shared Hit Blocks": 3, "Shared Read Blocks": 60452, "Shared Dirtied Blocks": 0, "Shared Written Blocks": 0, "Local Hit Blocks": 0, "Local Read Blocks": 0, "Local Dirtied Blocks": 0, "Local Written Blocks": 0, "Temp Read Blocks": 12481, "Temp Written Blocks": 12481, "I/O Read Time": 202.243, "I/O Write Time": 0.0, "Plans": [{"Node Type": "Seq Scan", "Parent Relationship": "Outer", "Parallel Aware": false, "Relation Name": "movie_keyword", "Schema": "public", "Alias": "mk", "Startup Cost": 0.0, "Total Cost": 69693.3, "Plan Rows": 4523930, "Plan Width": 4, "Actual Startup Time": 0.121, "Actual Total Time": 974.178, "Actual Rows": 4523930, "Actual Loops": 1, "Output": ["mk.movie_id"], "Shared Hit Blocks": 0, "Shared Read Blocks": 24454, "Shared Dirtied Blocks": 0, "Shared Written Blocks": 0, "Local Hit Blocks": 0, "Local Read Blocks": 0, "Local Dirtied Blocks": 0, "Local Written Blocks": 0, "Temp Read Blocks": 0, "Temp Written Blocks": 0, "I/O Read Time": 137.784, "I/O Write Time": 0.0}, {"Node Type": "Hash", "Parent Relationship": "Inner", "Parallel Aware": false, "Startup Cost": 73925.8, "Total Cost": 73925.8, "Plan Rows": 321321, "Plan Width": 4, "Actual Startup Time": 679.548, "Actual Total Time": 679.55, "Actual Rows": 349534, "Actual Loops": 1, "Output": ["t.id"], "Hash Buckets": 131072, "Original Hash Buckets": 131072, "Hash Batches": 8, "Original Hash Batches": 8, "Peak Memory Usage": 2566, "Shared Hit Blocks": 0, "Shared Read Blocks": 35998, "Shared Dirtied Blocks": 0, "Shared Written Blocks": 0, "Local Hit Blocks": 0, "Local Read Blocks": 0, "Local Dirtied Blocks": 0, "Local Written Blocks": 0, "Temp Read Blocks": 0, "Temp Written Blocks": 892, "I/O Read Time": 64.459, "I/O Write Time": 0.0, "Plans": [{"Node Type": "Seq Scan", "Parent Relationship": "Outer", "Parallel Aware": false, "Relation Name": "title", "Schema": "public", "Alias": "t", "Startup Cost": 0.0, "Total Cost": 73925.8, "Plan Rows": 321321, "Plan Width": 4, "Actual Startup Time": 0.139, "Actual Total Time": 561.343, "Actual Rows": 349534, "Actual Loops": 1, "Output": ["t.id"], "Filter": "((t.production_year > 2009) AND (t.kind_id = 7))", "Rows Removed by Filter": 2178778, "Shared Hit Blocks": 0, "Shared Read Blocks": 35998, "Shared Dirtied Blocks": 0, "Shared Written Blocks": 0, "Local Hit Blocks": 0, "Local Read Blocks": 0, "Local Dirtied Blocks": 0, "Local Written Blocks": 0, "Temp Read Blocks": 0, "Temp Written Blocks": 0, "I/O Read Time": 64.459, "I/O Write Time": 0.0}]}]}]}, "Planning": {"Shared Hit Blocks": 107, "Shared Read Blocks": 26, "Shared Dirtied Blocks": 0, "Shared Written Blocks": 0, "Local Hit Blocks": 0, "Local Read Blocks": 0, "Local Dirtied Blocks": 0, "Local Written Blocks": 0, "Temp Read Blocks": 0, "Temp Written Blocks": 0, "I/O Read Time": 1.793, "I/O Write Time": 0.0}, "Planning Time": 2.697, "Triggers": [], "Execution Time": 3500.802}, "template": "scale", "query": "EXPLAIN (ANALYZE, COSTS, BUFFERS, VERBOSE, FORMAT JSON) SELECT COUNT(*) FROM title t,movie_keyword mk WHERE t.id=mk.movie_id AND t.kind_id=7 AND t.production_year>2009;"}
{"planinfo": {"Plan": {"Node Type": "Aggregate", "Strategy": "Plain", "Partial Mode": "Simple", "Parallel Aware": false, "Startup Cost": 384642.82, "Total Cost": 384642.83, "Plan Rows": 1, "Plan Width": 8, "Actual Startup Time": 6661.398, "Actual Total Time": 6661.402, "Actual Rows": 1, "Actual Loops": 1, "Output": ["count(*)"], "Shared Hit Blocks": 1737203, "Shared Read Blocks": 218700, "Shared Dirtied Blocks": 0, "Shared Written Blocks": 0, "Local Hit Blocks": 0, "Local Read Blocks": 0, "Local Dirtied Blocks": 0, "Local Written Blocks": 0, "Temp Read Blocks": 2341, "Temp Written Blocks": 2341, "I/O Read Time": 2404.129, "I/O Write Time": 0.0, "Plans": [{"Node Type": "Nested Loop", "Parent Relationship": "Outer", "Parallel Aware": false, "Join Type": "Inner", "Startup Cost": 83521.91, "Total Cost": 384554.28, "Plan Rows": 35414, "Plan Width": 0, "Actual Startup Time": 738.506, "Actual Total Time": 6636.649, "Actual Rows": 139398, "Actual Loops": 1, "Inner Unique": false, "Shared Hit Blocks": 1737203, "Shared Read Blocks": 218700, "Shared Dirtied Blocks": 0, "Shared Written Blocks": 0, "Local Hit Blocks": 0, "Local Read Blocks": 0, "Local Dirtied Blocks": 0, "Local Written Blocks": 0, "Temp Read Blocks": 2341, "Temp Written Blocks": 2341, "I/O Read Time": 2404.129, "I/O Write Time": 0.0, "Plans": [{"Node Type": "Hash Join", "Parent Relationship": "Outer", "Parallel Aware": false, "Join Type": "Inner", "Startup Cost": 83521.47, "Total Cost": 115804.1, "Plan Rows": 106636, "Plan Width": 8, "Actual Startup Time": 738.245, "Actual Total Time": 1416.192, "Actual Rows": 163551, "Actual Loops": 1, "Output": ["t.id", "mi_idx.movie_id"], "Inner Unique": true, "Hash Cond": "(mi_idx.movie_id = t.id)", "Shared Hit Blocks": 3, "Shared Read Blocks": 43933, "Shared Dirtied Blocks": 0, "Shared Written Blocks": 0, "Local Hit Blocks": 0, "Local Read Blocks": 0, "Local Dirtied Blocks": 0, "Local Written Blocks": 0, "Temp Read Blocks": 2341, "Temp Written Blocks": 2341, "I/O Read Time": 106.397, "I/O Write Time": 0.0, "Plans": [{"Node Type": "Seq Scan", "Parent Relationship": "Outer", "Parallel Aware": false, "Relation Name": "movie_info_idx", "Schema": "public", "Alias": "mi_idx", "Startup Cost": 0.0, "Total Cost": 25185.44, "Plan Rows": 461024, "Plan Width": 4, "Actual Startup Time": 0.132, "Actual Total Time": 310.001, "Actual Rows": 460185, "Actual Loops": 1, "Output": ["mi_idx.movie_id"], "Filter": "(mi_idx.info_type_id > 100)", "Rows Removed by Filter": 919850, "Shared Hit Blocks": 0, "Shared Read Blocks": 7935, "Shared Dirtied Blocks": 0, "Shared Written Blocks": 0, "Local Hit Blocks": 0, "Local Read Blocks": 0, "Local Dirtied Blocks": 0, "Local Written Blocks": 0, "Temp Read Blocks": 0, "Temp Written Blocks": 0, "I/O Read Time": 41.234, "I/O Write Time": 0.0}, {"Node Type": "Hash", "Parent Relationship": "Inner", "Parallel Aware": false, "Startup Cost": 73925.8, "Total Cost": 73925.8, "Plan Rows": 584854, "Plan Width": 4, "Actual Startup Time": 737.473, "Actual Total Time": 737.475, "Actual Rows": 449518, "Actual Loops": 1, "Output": ["t.id"], "Hash Buckets": 131072, "Original Hash Buckets": 131072, "Hash Batches": 8, "Original Hash Batches": 8, "Peak Memory Usage": 3002, "Shared Hit Blocks": 0, "Shared Read Blocks": 35998, "Shared Dirtied Blocks": 0, "Shared Written Blocks": 0, "Local Hit Blocks": 0, "Local Read Blocks": 0, "Local Dirtied Blocks": 0, "Local Written Blocks": 0, "Temp Read Blocks": 0, "Temp Written Blocks": 1150, "I/O Read Time": 65.163, "I/O Write Time": 0.0, "Plans": [{"Node Type": "Seq Scan", "Parent Relationship": "Outer", "Parallel Aware": false, "Relation Name": "title", "Schema": "public", "Alias": "t", "Startup Cost": 0.0, "Total Cost": 73925.8, "Plan Rows": 584854, "Plan Width": 4, "Actual Startup Time": 0.152, "Actual Total Time": 585.248, "Actual Rows": 449518, "Actual Loops": 1, "Output": ["t.id"], "Filter": "((t.kind_id < 4) AND (t.production_year > 1992))", "Rows Removed by Filter": 2078794, "Shared Hit Blocks": 0, "Shared Read Blocks": 35998, "Shared Dirtied Blocks": 0, "Shared Written Blocks": 0, "Local Hit Blocks": 0, "Local Read Blocks": 0, "Local Dirtied Blocks": 0, "Local Written Blocks": 0, "Temp Read Blocks": 0, "Temp Written Blocks": 0, "I/O Read Time": 65.163, "I/O Write Time": 0.0}]}]}, {"Node Type": "Index Scan", "Parent Relationship": "Inner", "Parallel Aware": false, "Scan Direction": "Forward", "Index Name": "movie_id_movie_info", "Relation Name": "movie_info", "Schema": "public", "Alias": "mi", "Startup Cost": 0.43, "Total Cost": 2.5, "Plan Rows": 2, "Plan Width": 4, "Actual Startup Time": 0.014, "Actual Total Time": 0.031, "Actual Rows": 1, "Actual Loops": 163551, "Output": ["mi.id", "mi.movie_id", "mi.info_type_id", "mi.info", "mi.note"], "Index Cond": "(mi.movie_id = t.id)", "Rows Removed by Index Recheck": 0, "Filter": "(mi.info_type_id = 1)", "Rows Removed by Filter": 18, "Shared Hit Blocks": 1737200, "Shared Read Blocks": 174767, "Shared Dirtied Blocks": 0, "Shared Written Blocks": 0, "Local Hit Blocks": 0, "Local Read Blocks": 0, "Local Dirtied Blocks": 0, "Local Written Blocks": 0, "Temp Read Blocks": 0, "Temp Written Blocks": 0, "I/O Read Time": 2297.732, "I/O Write Time": 0.0}]}]}, "Planning": {"Shared Hit Blocks": 191, "Shared Read Blocks": 38, "Shared Dirtied Blocks": 0, "Shared Written Blocks": 0, "Local Hit Blocks": 0, "Local Read Blocks": 0, "Local Dirtied Blocks": 0, "Local Written Blocks": 0, "Temp Read Blocks": 0, "Temp Written Blocks": 0, "I/O Read Time": 3.085, "I/O Write Time": 0.0}, "Planning Time": 4.808, "Triggers": [], "Execution Time": 6661.703}, "template": "scale", "query": "EXPLAIN (ANALYZE, COSTS, BUFFERS, VERBOSE, FORMAT JSON) SELECT COUNT(*) FROM title t,movie_info mi,movie_info_idx mi_idx WHERE t.id=mi.movie_id AND t.id=mi_idx.movie_id AND t.kind_id<4 AND t.production_year>1992 AND mi.info_type_id=1 AND mi_idx.info_type_id>100;"}
{"planinfo": {"Plan": {"Node Type": "Aggregate", "Strategy": "Plain", "Partial Mode": "Simple", "Parallel Aware": false, "Startup Cost": 33261.49, "Total Cost": 33261.5, "Plan Rows": 1, "Plan Width": 8, "Actual Startup Time": 461.452, "Actual Total Time": 461.453, "Actual Rows": 1, "Actual Loops": 1, "Output": ["count(*)"], "Shared Hit Blocks": 0, "Shared Read Blocks": 1417, "Shared Dirtied Blocks": 0, "Shared Written Blocks": 0, "Local Hit Blocks": 0, "Local Read Blocks": 0, "Local Dirtied Blocks": 0, "Local Written Blocks": 0, "Temp Read Blocks": 0, "Temp Written Blocks": 0, "I/O Read Time": 127.775, "I/O Write Time": 0.0, "Plans": [{"Node Type": "Index Only Scan", "Parent Relationship": "Outer", "Parallel Aware": false, "Scan Direction": "Forward", "Index Name": "keyword_id_movie_keyword", "Relation Name": "movie_keyword", "Schema": "public", "Alias": "mk", "Startup Cost": 0.43, "Total Cost": 29906.36, "Plan Rows": 1342053, "Plan Width": 0, "Actual Startup Time": 0.269, "Actual Total Time": 329.364, "Actual Rows": 1351608, "Actual Loops": 1, "Output": ["keyword_id"], "Index Cond": "(mk.keyword_id < 1759)", "Rows Removed by Index Recheck": 0, "Heap Fetches": 0, "Shared Hit Blocks": 0, "Shared Read Blocks": 1417, "Shared Dirtied Blocks": 0, "Shared Written Blocks": 0, "Local Hit Blocks": 0, "Local Read Blocks": 0, "Local Dirtied Blocks": 0, "Local Written Blocks": 0, "Temp Read Blocks": 0, "Temp Written Blocks": 0, "I/O Read Time": 127.775, "I/O Write Time": 0.0}]}, "Planning": {"Shared Hit Blocks": 47, "Shared Read Blocks": 9, "Shared Dirtied Blocks": 0, "Shared Written Blocks": 0, "Local Hit Blocks": 0, "Local Read Blocks": 0, "Local Dirtied Blocks": 0, "Local Written Blocks": 0, "Temp Read Blocks": 0, "Temp Written Blocks": 0, "I/O Read Time": 0.579, "I/O Write Time": 0.0}, "Planning Time": 0.976, "Triggers": [], "Execution Time": 461.484}, "template": "scale", "query": "EXPLAIN (ANALYZE, COSTS, BUFFERS, VERBOSE, FORMAT JSON) SELECT COUNT(*) FROM movie_keyword mk WHERE mk.keyword_id<1759;"}
{"planinfo": {"Plan": {"Node Type": "Aggregate", "Strategy": "Plain", "Partial Mode": "Simple", "Parallel Aware": false, "Startup Cost": 71313.09, "Total Cost": 71313.1, "Plan Rows": 1, "Plan Width": 8, "Actual Startup Time": 759.616, "Actual Total Time": 759.617, "Actual Rows": 1, "Actual Loops": 1, "Output": ["count(*)"], "Shared Hit Blocks": 0, "Shared Read Blocks": 35998, "Shared Dirtied Blocks": 0, "Shared Written Blocks": 0, "Local Hit Blocks": 0, "Local Read Blocks": 0, "Local Dirtied Blocks": 0, "Local Written Blocks": 0, "Temp Read Blocks": 0, "Temp Written Blocks": 0, "I/O Read Time": 64.156, "I/O Write Time": 0.0, "Plans": [{"Node Type": "Seq Scan", "Parent Relationship": "Outer", "Parallel Aware": false, "Relation Name": "title", "Schema": "public", "Alias": "t", "Startup Cost": 0.0, "Total Cost": 67604.5, "Plan Rows": 1483434, "Plan Width": 0, "Actual Startup Time": 0.149, "Actual Total Time": 601.022, "Actual Rows": 1485030, "Actual Loops": 1, "Output": ["id", "title", "imdb_index", "kind_id", "production_year", "imdb_id", "phonetic_code", "episode_of_id", "season_nr", "episode_nr", "series_years", "md5sum"], "Filter": "(t.production_year > 1998)", "Rows Removed by Filter": 1043282, "Shared Hit Blocks": 0, "Shared Read Blocks": 35998, "Shared Dirtied Blocks": 0, "Shared Written Blocks": 0, "Local Hit Blocks": 0, "Local Read Blocks": 0, "Local Dirtied Blocks": 0, "Local Written Blocks": 0, "Temp Read Blocks": 0, "Temp Written Blocks": 0, "I/O Read Time": 64.156, "I/O Write Time": 0.0}]}, "Planning": {"Shared Hit Blocks": 38, "Shared Read Blocks": 7, "Shared Dirtied Blocks": 0, "Shared Written Blocks": 0, "Local Hit Blocks": 0, "Local Read Blocks": 0, "Local Dirtied Blocks": 0, "Local Written Blocks": 0, "Temp Read Blocks": 0, "Temp Written Blocks": 0, "I/O Read Time": 0.486, "I/O Write Time": 0.0}, "Planning Time": 0.879, "Triggers": [], "Execution Time": 759.663}, "template": "scale", "query": "EXPLAIN (ANALYZE, COSTS, BUFFERS, VERBOSE, FORMAT JSON) SELECT COUNT(*) FROM title t WHERE t.production_year>1998;"}
{"planinfo": {"Plan": {"Node Type": "Aggregate", "Strategy": "Plain", "Partial Mode": "Simple", "Parallel Aware": false, "Startup Cost": 543217.9, "Total Cost": 543217.91, "Plan Rows": 1, "Plan Width": 8, "Actual Startup Time": 163836.334, "Actual Total Time": 163836.34, "Actual Rows": 1, "Actual Loops": 1, "Output": ["count(*)"], "Shared Hit Blocks": 1711416, "Shared Read Blocks": 118787, "Shared Dirtied Blocks": 0, "Shared Written Blocks": 0, "Local Hit Blocks": 0, "Local Read Blocks": 0, "Local Dirtied Blocks": 0, "Local Written Blocks": 0, "Temp Read Blocks": 107104, "Temp Written Blocks": 107104, "I/O Read Time": 627.969, "I/O Write Time": 0.0, "Plans": [{"Node Type": "Hash Join", "Parent Relationship": "Outer", "Parallel Aware": false, "Join Type": "Inner", "Startup Cost": 345391.75, "Total Cost": 541117.57, "Plan Rows": 840129, "Plan Width": 0, "Actual Startup Time": 13062.032, "Actual Total Time": 112761.654, "Actual Rows": 521661092, "Actual Loops": 1, "Inner Unique": false, "Hash Cond": "(ci.movie_id = t.id)", "Shared Hit Blocks": 1711416, "Shared Read Blocks": 118787, "Shared Dirtied Blocks": 0, "Shared Written Blocks": 0, "Local Hit Blocks": 0, "Local Read Blocks": 0, "Local Dirtied Blocks": 0, "Local Written Blocks": 0, "Temp Read Blocks": 107104, "Temp Written Blocks": 107104, "I/O Read Time": 627.969, "I/O Write Time": 0.0, "Plans": [{"Node Type": "Index Scan", "Parent Relationship": "Outer", "Parallel Aware": false, "Scan Direction": "Forward", "Index Name": "role_id_cast_info", "Relation Name": "cast_info", "Schema": "public", "Alias": "ci", "Startup Cost": 0.44, "Total Cost": 141203.1, "Plan Rows": 3749567, "Plan Width": 4, "Actual Startup Time": 0.661, "Actual Total Time": 2158.442, "Actual Rows": 4319178, "Actual Loops": 1, "Output": ["ci.movie_id"], "Index Cond": "(ci.role_id > 9)", "Rows Removed by Index Recheck": 0, "Filter": "(ci.person_id > 718144)", "Rows Removed by Filter": 319958, "Shared Hit Blocks": 2, "Shared Read Blocks": 43349, "Shared Dirtied Blocks": 0, "Shared Written Blocks": 0, "Local Hit Blocks": 0, "Local Read Blocks": 0, "Local Dirtied Blocks": 0, "Local Written Blocks": 0, "Temp Read Blocks": 0, "Temp Written Blocks": 0, "I/O Read Time": 223.197, "I/O Write Time": 0.0}, {"Node Type": "Hash", "Parent Relationship": "Inner", "Parallel Aware": false, "Startup Cost": 335542.55, "Total Cost": 335542.55, "Plan Rows": 566541, "Plan Width": 12, "Actual Startup Time": 13043.914, "Actual Total Time": 13043.918, "Actual Rows": 14476173, "Actual Loops": 1, "Output": ["t.id", "mi.movie_id", "mk.movie_id"], "Hash Buckets": 131072, "Original Hash Buckets": 131072, "Hash Batches": 512, "Original Hash Batches": 16, "Peak Memory Usage": 3073, "Shared Hit Blocks": 1711411, "Shared Read Blocks": 75438, "Shared Dirtied Blocks": 0, "Shared Written Blocks": 0, "Local Hit Blocks": 0, "Local Read Blocks": 0, "Local Dirtied Blocks": 0, "Local Written Blocks": 0, "Temp Read Blocks": 2559, "Temp Written Blocks": 58817, "I/O Read Time": 404.772, "I/O Write Time": 0.0, "Plans": [{"Node Type": "Nested Loop", "Parent Relationship": "Outer", "Parallel Aware": false, "Join Type": "Inner", "Startup Cost": 82376.6, "Total Cost": 335542.55, "Plan Rows": 566541, "Plan Width": 12, "Actual Startup Time": 916.591, "Actual Total Time": 7987.877, "Actual Rows": 14476173, "Actual Loops": 1, "Output": ["t.id", "mi.movie_id", "mk.movie_id"], "Inner Unique": false, "Shared Hit Blocks": 1711411, "Shared Read Blocks": 75438, "Shared Dirtied Blocks": 0, "Shared Written Blocks": 0, "Local Hit Blocks": 0, "Local Read Blocks": 0, "Local Dirtied Blocks": 0, "Local Written Blocks": 0, "Temp Read Blocks": 2559, "Temp Written Blocks": 2559, "I/O Read Time": 404.772, "I/O Write Time": 0.0, "Plans": [{"Node Type": "Hash Join", "Parent Relationship": "Outer", "Parallel Aware": false, "Join Type": "Inner", "Startup Cost": 82376.16, "Total Cost": 170345.02, "Plan Rows": 96671, "Plan Width": 8, "Actual Startup Time": 916.221, "Actual Total Time": 1931.506, "Actual Rows": 237445, "Actual Loops": 1, "Output": ["t.id", "mk.movie_id"], "Inner Unique": true, "Hash Cond": "(mk.movie_id = t.id)", "Shared Hit Blocks": 0, "Shared Read Blocks": 60452, "Shared Dirtied Blocks": 0, "Shared Written Blocks": 0, "Local Hit Blocks": 0, "Local Read Blocks": 0, "Local Dirtied Blocks": 0, "Local Written Blocks": 0, "Temp Read Blocks": 2559, "Temp Written Blocks": 2559, "I/O Read Time": 189.264, "I/O Write Time": 0.0, "Plans": [{"Node Type": "Seq Scan", "Parent Relationship": "Outer", "Parallel Aware": false, "Relation Name": "movie_keyword", "Schema": "public", "Alias": "mk", "Startup Cost": 0.0, "Total Cost": 81003.12, "Plan Rows": 474565, "Plan Width": 4, "Actual Startup Time": 0.146, "Actual Total Time": 845.21, "Actual Rows": 472545, "Actual Loops": 1, "Output": ["mk.movie_id"], "Filter": "(mk.keyword_id < 359)", "Rows Removed by Filter": 4051385, "Shared Hit Blocks": 0, "Shared Read Blocks": 24454, "Shared Dirtied Blocks": 0, "Shared Written Blocks": 0, "Local Hit Blocks": 0, "Local Read Blocks": 0, "Local Dirtied Blocks": 0, "Local Written Blocks": 0, "Temp Read Blocks": 0, "Temp Written Blocks": 0, "I/O Read Time": 124.065, "I/O Write Time": 0.0}, {"Node Type": "Hash", "Parent Relationship": "Inner", "Parallel Aware": false, "Startup Cost": 73925.8, "Total Cost": 73925.8, "Plan Rows": 515069, "Plan Width": 4, "Actual Startup Time": 731.916, "Actual Total Time": 731.918, "Actual Rows": 524129, "Actual Loops": 1, "Output": ["t.id"], "Hash Buckets": 131072, "Original Hash Buckets": 131072, "Hash Batches": 8, "Original Hash Batches": 8, "Peak Memory Usage": 3340, "Shared Hit Blocks": 0, "Shared Read Blocks": 35998, "Shared Dirtied Blocks": 0, "Shared Written Blocks": 0, "Local Hit Blocks": 0, "Local Read Blocks": 0, "Local Dirtied Blocks": 0, "Local Written Blocks": 0, "Temp Read Blocks": 0, "Temp Written Blocks": 1339, "I/O Read Time": 65.2, "I/O Write Time": 0.0, "Plans": [{"Node Type": "Seq Scan", "Parent Relationship": "Outer", "Parallel Aware": false, "Relation Name": "title", "Schema": "public", "Alias": "t", "Startup Cost": 0.0, "Total Cost": 73925.8, "Plan Rows": 515069, "Plan Width": 4, "Actual Startup Time": 293.177, "Actual Total Time": 575.032, "Actual Rows": 524129, "Actual Loops": 1, "Output": ["t.id"], "Filter": "((t.kind_id < 2) AND (t.production_year < 2010))", "Rows Removed by Filter": 2004183, "Shared Hit Blocks": 0, "Shared Read Blocks": 35998, "Shared Dirtied Blocks": 0, "Shared Written Blocks": 0, "Local Hit Blocks": 0, "Local Read Blocks": 0, "Local Dirtied Blocks": 0, "Local Written Blocks": 0, "Temp Read Blocks": 0, "Temp Written Blocks": 0, "I/O Read Time": 65.2, "I/O Write Time": 0.0}]}]}, {"Node Type": "Index Only Scan", "Parent Relationship": "Inner", "Parallel Aware": false, "Scan Direction": "Forward", "Index Name": "movie_id_movie_info", "Relation Name": "movie_info", "Schema": "public", "Alias": "mi", "Startup Cost": 0.43, "Total Cost": 1.32, "Plan Rows": 39, "Plan Width": 4, "Actual Startup Time": 0.006, "Actual Total Time": 0.016, "Actual Rows": 61, "Actual Loops": 237445, "Output": ["mi.movie_id"], "Index Cond": "(mi.movie_id = t.id)", "Rows Removed by Index Recheck": 0, "Heap Fetches": 0, "Shared Hit Blocks": 1711411, "Shared Read Blocks": 14986, "Shared Dirtied Blocks": 0, "Shared Written Blocks": 0, "Local Hit Blocks": 0, "Local Read Blocks": 0, "Local Dirtied Blocks": 0, "Local Written Blocks": 0, "Temp Read Blocks": 0, "Temp Written Blocks": 0, "I/O Read Time": 215.507, "I/O Write Time": 0.0}]}]}]}]}, "Planning": {"Shared Hit Blocks": 326, "Shared Read Blocks": 53, "Shared Dirtied Blocks": 0, "Shared Written Blocks": 0, "Local Hit Blocks": 0, "Local Read Blocks": 0, "Local Dirtied Blocks": 0, "Local Written Blocks": 0, "Temp Read Blocks": 0, "Temp Written Blocks": 0, "I/O Read Time": 4.264, "I/O Write Time": 0.0}, "Planning Time": 7.277, "Triggers": [], "Execution Time": 163836.957}, "template": "scale", "query": "EXPLAIN (ANALYZE, COSTS, BUFFERS, VERBOSE, FORMAT JSON) SELECT COUNT(*) FROM title t,cast_info ci,movie_info mi,movie_keyword mk WHERE t.id=ci.movie_id AND t.id=mi.movie_id AND t.id=mk.movie_id AND t.kind_id<2 AND t.production_year<2010 AND ci.person_id>718144 AND ci.role_id>9 AND mk.keyword_id<359;"}
{"planinfo": {"Plan": {"Node Type": "Aggregate", "Strategy": "Plain", "Partial Mode": "Simple", "Parallel Aware": false, "Startup Cost": 213537.48, "Total Cost": 213537.49, "Plan Rows": 1, "Plan Width": 8, "Actual Startup Time": 4176.431, "Actual Total Time": 4176.436, "Actual Rows": 1, "Actual Loops": 1, "Output": ["count(*)"], "Shared Hit Blocks": 3, "Shared Read Blocks": 62723, "Shared Dirtied Blocks": 0, "Shared Written Blocks": 0, "Local Hit Blocks": 0, "Local Read Blocks": 0, "Local Dirtied Blocks": 0, "Local Written Blocks": 0, "Temp Read Blocks": 14091, "Temp Written Blocks": 14091, "I/O Read Time": 195.246, "I/O Write Time": 0.0, "Plans": [{"Node Type": "Hash Join", "Parent Relationship": "Outer", "Parallel Aware": false, "Join Type": "Inner", "Startup Cost": 130197.98, "Total Cost": 212264.88, "Plan Rows": 509038, "Plan Width": 0, "Actual Startup Time": 2094.59, "Actual Total Time": 4061.085, "Actual Rows": 1102769, "Actual Loops": 1, "Inner Unique": false, "Hash Cond": "(mc.movie_id = t.id)", "Shared Hit Blocks": 3, "Shared Read Blocks": 62723, "Shared Dirtied Blocks": 0, "Shared Written Blocks": 0, "Local Hit Blocks": 0, "Local Read Blocks": 0, "Local Dirtied Blocks": 0, "Local Written Blocks": 0, "Temp Read Blocks": 14091, "Temp Written Blocks": 14091, "I/O Read Time": 195.246, "I/O Write Time": 0.0, "Plans": [{"Node Type": "Seq Scan", "Parent Relationship": "Outer", "Parallel Aware": false, "Relation Name": "movie_companies", "Schema": "public", "Alias": "mc", "Startup Cost": 0.0, "Total Cost": 44881.29, "Plan Rows": 2609129, "Plan Width": 4, "Actual Startup Time": 0.12, "Actual Total Time": 594.709, "Actual Rows": 2609129, "Actual Loops": 1, "Output": ["mc.movie_id"], "Shared Hit Blocks": 0, "Shared Read Blocks": 18790, "Shared Dirtied Blocks": 0, "Shared Written Blocks": 0, "Local Hit Blocks": 0, "Local Read Blocks": 0, "Local Dirtied Blocks": 0, "Local Written Blocks": 0, "Temp Read Blocks": 0, "Temp Written Blocks": 0, "I/O Read Time": 95.424, "I/O Write Time": 0.0}, {"Node Type": "Hash", "Parent Relationship": "Inner", "Parallel Aware": false, "Startup Cost": 122104.59, "Total Cost": 122104.59, "Plan Rows": 493311, "Plan Width": 8, "Actual Startup Time": 2093.693, "Actual Total Time": 2093.697, "Actual Rows": 369173, "Actual Loops": 1, "Output": ["t.id", "mi_idx.movie_id"], "Hash Buckets": 131072, "Original Hash Buckets": 131072, "Hash Batches": 8, "Original Hash Batches": 8, "Peak Memory Usage": 2811, "Shared Hit Blocks": 0, "Shared Read Blocks": 43933, "Shared Dirtied Blocks": 0, "Shared Written Blocks": 0, "Local Hit Blocks": 0, "Local Read Blocks": 0, "Local Dirtied Blocks": 0, "Local Written Blocks": 0, "Temp Read Blocks": 6289, "Temp Written Blocks": 7391, "I/O Read Time": 99.822, "I/O Write Time": 0.0, "Plans": [{"Node Type": "Hash Join", "Parent Relationship": "Outer", "Parallel Aware": false, "Join Type": "Inner", "Startup Cost": 82433.64, "Total Cost": 122104.59, "Plan Rows": 493311, "Plan Width": 8, "Actual Startup Time": 892.057, "Actual Total Time": 1972.729, "Actual Rows": 369173, "Actual Loops": 1, "Output": ["t.id", "mi_idx.movie_id"], "Inner Unique": true, "Hash Cond": "(mi_idx.movie_id = t.id)", "Shared Hit Blocks": 0, "Shared Read Blocks": 43933, "Shared Dirtied Blocks": 0, "Shared Written Blocks": 0, "Local Hit Blocks": 0, "Local Read Blocks": 0, "Local Dirtied Blocks": 0, "Local Written Blocks": 0, "Temp Read Blocks": 6289, "Temp Written Blocks": 6289, "I/O Read Time": 99.822, "I/O Write Time": 0.0, "Plans": [{"Node Type": "Seq Scan", "Parent Relationship": "Outer", "Parallel Aware": false, "Relation Name": "movie_info_idx", "Schema": "public", "Alias": "mi_idx", "Startup Cost": 0.0, "Total Cost": 21735.35, "Plan Rows": 1380035, "Plan Width": 4, "Actual Startup Time": 0.124, "Actual Total Time": 299.899, "Actual Rows": 1380035, "Actual Loops": 1, "Output": ["mi_idx.movie_id"], "Shared Hit Blocks": 0, "Shared Read Blocks": 7935, "Shared Dirtied Blocks": 0, "Shared Written Blocks": 0, "Local Hit Blocks": 0, "Local Read Blocks": 0, "Local Dirtied Blocks": 0, "Local Written Blocks": 0, "Temp Read Blocks": 0, "Temp Written Blocks": 0, "I/O Read Time": 40.663, "I/O Write Time": 0.0}, {"Node Type": "Hash", "Parent Relationship": "Inner", "Parallel Aware": false, "Startup Cost": 67604.5, "Total Cost": 67604.5, "Plan Rows": 903851, "Plan Width": 4, "Actual Startup Time": 891.34, "Actual Total Time": 891.341, "Actual Rows": 904491, "Actual Loops": 1, "Output": ["t.id"], "Hash Buckets": 131072, "Original Hash Buckets": 131072, "Hash Batches": 16, "Original Hash Batches": 16, "Peak Memory Usage": 3010, "Shared Hit Blocks": 0, "Shared Read Blocks": 35998, "Shared Dirtied Blocks": 0, "Shared Written Blocks": 0, "Local Hit Blocks": 0, "Local Read Blocks": 0, "Local Dirtied Blocks": 0, "Local Written Blocks": 0, "Temp Read Blocks": 0, "Temp Written Blocks": 2478, "I/O Read Time": 59.16, "I/O Write Time": 0.0, "Plans": [{"Node Type": "Seq Scan", "Parent Relationship": "Outer", "Parallel Aware": false, "Relation Name": "title", "Schema": "public", "Alias": "t", "Startup Cost": 0.0, "Total Cost": 67604.5, "Plan Rows": 903851, "Plan Width": 4, "Actual Startup Time": 0.139, "Actual Total Time": 601.209, "Actual Rows": 904491, "Actual Loops": 1, "Output": ["t.id"], "Filter": "(t.production_year > 2006)", "Rows Removed by Filter": 1623821, "Shared Hit Blocks": 0, "Shared Read Blocks": 35998, "Shared Dirtied Blocks": 0, "Shared Written Blocks": 0, "Local Hit Blocks": 0, "Local Read Blocks": 0, "Local Dirtied Blocks": 0, "Local Written Blocks": 0, "Temp Read Blocks": 0, "Temp Written Blocks": 0, "I/O Read Time": 59.16, "I/O Write Time": 0.0}]}]}]}]}]}, "Planning": {"Shared Hit Blocks": 198, "Shared Read Blocks": 37, "Shared Dirtied Blocks": 0, "Shared Written Blocks": 0, "Local Hit Blocks": 0, "Local Read Blocks": 0, "Local Dirtied Blocks": 0, "Local Written Blocks": 0, "Temp Read Blocks": 0, "Temp Written Blocks": 0, "I/O Read Time": 2.757, "I/O Write Time": 0.0}, "Planning Time": 4.314, "Triggers": [], "Execution Time": 4177.123}, "template": "scale", "query": "EXPLAIN (ANALYZE, COSTS, BUFFERS, VERBOSE, FORMAT JSON) SELECT COUNT(*) FROM title t,movie_companies mc,movie_info_idx mi_idx WHERE t.id=mc.movie_id AND t.id=mi_idx.movie_id AND t.production_year>2006;"}
{"planinfo": {"Plan": {"Node Type": "Aggregate", "Strategy": "Plain", "Partial Mode": "Simple", "Parallel Aware": false, "Startup Cost": 174592.41, "Total Cost": 174592.42, "Plan Rows": 1, "Plan Width": 8, "Actual Startup Time": 3225.621, "Actual Total Time": 3225.625, "Actual Rows": 1, "Actual Loops": 1, "Output": ["count(*)"], "Shared Hit Blocks": 3, "Shared Read Blocks": 54788, "Shared Dirtied Blocks": 0, "Shared Written Blocks": 0, "Local Hit Blocks": 0, "Local Read Blocks": 0, "Local Dirtied Blocks": 0, "Local Written Blocks": 0, "Temp Read Blocks": 11818, "Temp Written Blocks": 11818, "I/O Read Time": 157.318, "I/O Write Time": 0.0, "Plans": [{"Node Type": "Hash Join", "Parent Relationship": "Outer", "Parallel Aware": false, "Join Type": "Inner", "Startup Cost": 92597.36, "Total Cost": 170662.63, "Plan Rows": 1571913, "Plan Width": 0, "Actual Startup Time": 1085.625, "Actual Total Time": 3152.498, "Actual Rows": 717308, "Actual Loops": 1, "Inner Unique": true, "Hash Cond": "(mc.movie_id = t.id)", "Shared Hit Blocks": 3, "Shared Read Blocks": 54788, "Shared Dirtied Blocks": 0, "Shared Written Blocks": 0, "Local Hit Blocks": 0, "Local Read Blocks": 0, "Local Dirtied Blocks": 0, "Local Written Blocks": 0, "Temp Read Blocks": 11818, "Temp Written Blocks": 11818, "I/O Read Time": 157.318, "I/O Write Time": 0.0, "Plans": [{"Node Type": "Seq Scan", "Parent Relationship": "Outer", "Parallel Aware": false, "Relation Name": "movie_companies", "Schema": "public", "Alias": "mc", "Startup Cost": 0.0, "Total Cost": 44881.29, "Plan Rows": 2609129, "Plan Width": 4, "Actual Startup Time": 0.118, "Actual Total Time": 596.672, "Actual Rows": 2609129, "Actual Loops": 1, "Output": ["mc.movie_id"], "Shared Hit Blocks": 0, "Shared Read Blocks": 18790, "Shared Dirtied Blocks": 0, "Shared Written Blocks": 0, "Local Hit Blocks": 0, "Local Read Blocks": 0, "Local Dirtied Blocks": 0, "Local Written Blocks": 0, "Temp Read Blocks": 0, "Temp Written Blocks": 0, "I/O Read Time": 95.481, "I/O Write Time": 0.0}, {"Node Type": "Hash", "Parent Relationship": "Inner", "Parallel Aware": false, "Startup Cost": 67604.5, "Total Cost": 67604.5, "Plan Rows": 1523349, "Plan Width": 4, "Actual Startup Time": 1083.57, "Actual Total Time": 1083.571, "Actual Rows": 1543264, "Actual Loops": 1, "Output": ["t.id"], "Hash Buckets": 131072, "Original Hash Buckets": 131072, "Hash Batches": 32, "Original Hash Batches": 32, "Peak Memory Usage": 2722, "Shared Hit Blocks": 0, "Shared Read Blocks": 35998, "Shared Dirtied Blocks": 0, "Shared Written Blocks": 0, "Local Hit Blocks": 0, "Local Read Blocks": 0, "Local Dirtied Blocks": 0, "Local Written Blocks": 0, "Temp Read Blocks": 0, "Temp Written Blocks": 4365, "I/O Read Time": 61.837, "I/O Write Time": 0.0, "Plans": [{"Node Type": "Seq Scan", "Parent Relationship": "Outer", "Parallel Aware": false, "Relation Name": "title", "Schema": "public", "Alias": "t", "Startup Cost": 0.0, "Total Cost": 67604.5, "Plan Rows": 1523349, "Plan Width": 4, "Actual Startup Time": 0.145, "Actual Total Time": 623.432, "Actual Rows": 1543264, "Actual Loops": 1, "Output": ["t.id"], "Filter": "(t.kind_id = 7)", "Rows Removed by Filter": 985048, "Shared Hit Blocks": 0, "Shared Read Blocks": 35998, "Shared Dirtied Blocks": 0, "Shared Written Blocks": 0, "Local Hit Blocks": 0, "Local Read Blocks": 0, "Local Dirtied Blocks": 0, "Local Written Blocks": 0, "Temp Read Blocks": 0, "Temp Written Blocks": 0, "I/O Read Time": 61.837, "I/O Write Time": 0.0}]}]}]}, "Planning": {"Shared Hit Blocks": 113, "Shared Read Blocks": 27, "Shared Dirtied Blocks": 0, "Shared Written Blocks": 0, "Local Hit Blocks": 0, "Local Read Blocks": 0, "Local Dirtied Blocks": 0, "Local Written Blocks": 0, "Temp Read Blocks": 0, "Temp Written Blocks": 0, "I/O Read Time": 1.926, "I/O Write Time": 0.0}, "Planning Time": 2.886, "Triggers": [], "Execution Time": 3225.901}, "template": "scale", "query": "EXPLAIN (ANALYZE, COSTS, BUFFERS, VERBOSE, FORMAT JSON) SELECT COUNT(*) FROM title t,movie_companies mc WHERE t.id=mc.movie_id AND t.kind_id=7;"}
{"planinfo": {"Plan": {"Node Type": "Aggregate", "Strategy": "Plain", "Partial Mode": "Simple", "Parallel Aware": false, "Startup Cost": 8207.66, "Total Cost": 8207.67, "Plan Rows": 1, "Plan Width": 8, "Actual Startup Time": 88.827, "Actual Total Time": 88.828, "Actual Rows": 1, "Actual Loops": 1, "Output": ["count(*)"], "Shared Hit Blocks": 0, "Shared Read Blocks": 292, "Shared Dirtied Blocks": 0, "Shared Written Blocks": 0, "Local Hit Blocks": 0, "Local Read Blocks": 0, "Local Dirtied Blocks": 0, "Local Written Blocks": 0, "Temp Read Blocks": 0, "Temp Written Blocks": 0, "I/O Read Time": 2.307, "I/O Write Time": 0.0, "Plans": [{"Node Type": "Index Only Scan", "Parent Relationship": "Outer", "Parallel Aware": false, "Scan Direction": "Forward", "Index Name": "info_type_id_movie_info", "Relation Name": "movie_info", "Schema": "public", "Alias": "mi", "Startup Cost": 0.43, "Total Cost": 7322.25, "Plan Rows": 354161, "Plan Width": 0, "Actual Startup Time": 0.415, "Actual Total Time": 53.427, "Actual Rows": 368218, "Actual Loops": 1, "Output": ["info_type_id"], "Index Cond": "(mi.info_type_id = 17)", "Rows Removed by Index Recheck": 0, "Heap Fetches": 0, "Shared Hit Blocks": 0, "Shared Read Blocks": 292, "Shared Dirtied Blocks": 0, "Shared Written Blocks": 0, "Local Hit Blocks": 0, "Local Read Blocks": 0, "Local Dirtied Blocks": 0, "Local Written Blocks": 0, "Temp Read Blocks": 0, "Temp Written Blocks": 0, "I/O Read Time": 2.307, "I/O Write Time": 0.0}]}, "Planning": {"Shared Hit Blocks": 48, "Shared Read Blocks": 11, "Shared Dirtied Blocks": 0, "Shared Written Blocks": 0, "Local Hit Blocks": 0, "Local Read Blocks": 0, "Local Dirtied Blocks": 0, "Local Written Blocks": 0, "Temp Read Blocks": 0, "Temp Written Blocks": 0, "I/O Read Time": 0.845, "I/O Write Time": 0.0}, "Planning Time": 1.268, "Triggers": [], "Execution Time": 88.859}, "template": "scale", "query": "EXPLAIN (ANALYZE, COSTS, BUFFERS, VERBOSE, FORMAT JSON) SELECT COUNT(*) FROM movie_info mi WHERE mi.info_type_id=17;"}
{"planinfo": {"Plan": {"Node Type": "Aggregate", "Strategy": "Plain", "Partial Mode": "Simple", "Parallel Aware": false, "Startup Cost": 232059.26, "Total Cost": 232059.27, "Plan Rows": 1, "Plan Width": 8, "Actual Startup Time": 2556.43, "Actual Total Time": 2556.431, "Actual Rows": 1, "Actual Loops": 1, "Output": ["count(*)"], "Shared Hit Blocks": 381965, "Shared Read Blocks": 13908, "Shared Dirtied Blocks": 0, "Shared Written Blocks": 0, "Local Hit Blocks": 0, "Local Read Blocks": 0, "Local Dirtied Blocks": 0, "Local Written Blocks": 0, "Temp Read Blocks": 0, "Temp Written Blocks": 0, "I/O Read Time": 206.596, "I/O Write Time": 0.0, "Plans": [{"Node Type": "Index Only Scan", "Parent Relationship": "Outer", "Parallel Aware": false, "Scan Direction": "Forward", "Index Name": "person_id_cast_info", "Relation Name": "cast_info", "Schema": "public", "Alias": "ci", "Startup Cost": 0.44, "Total Cost": 209579.91, "Plan Rows": 8991741, "Plan Width": 0, "Actual Startup Time": 0.32, "Actual Total Time": 1662.972, "Actual Rows": 9098501, "Actual Loops": 1, "Output": ["person_id"], "Index Cond": "(ci.person_id < 896422)", "Rows Removed by Index Recheck": 0, "Heap Fetches": 0, "Shared Hit Blocks": 381965, "Shared Read Blocks": 13908, "Shared Dirtied Blocks": 0, "Shared Written Blocks": 0, "Local Hit Blocks": 0, "Local Read Blocks": 0, "Local Dirtied Blocks": 0, "Local Written Blocks": 0, "Temp Read Blocks": 0, "Temp Written Blocks": 0, "I/O Read Time": 206.596, "I/O Write Time": 0.0}]}, "Planning": {"Shared Hit Blocks": 68, "Shared Read Blocks": 13, "Shared Dirtied Blocks": 0, "Shared Written Blocks": 0, "Local Hit Blocks": 0, "Local Read Blocks": 0, "Local Dirtied Blocks": 0, "Local Written Blocks": 0, "Temp Read Blocks": 0, "Temp Written Blocks": 0, "I/O Read Time": 0.978, "I/O Write Time": 0.0}, "Planning Time": 1.588, "Triggers": [], "Execution Time": 2556.485}, "template": "scale", "query": "EXPLAIN (ANALYZE, COSTS, BUFFERS, VERBOSE, FORMAT JSON) SELECT COUNT(*) FROM cast_info ci WHERE ci.person_id<896422;"}
{"planinfo": {"Plan": {"Node Type": "Aggregate", "Strategy": "Plain", "Partial Mode": "Simple", "Parallel Aware": false, "Startup Cost": 574417.97, "Total Cost": 574417.98, "Plan Rows": 1, "Plan Width": 8, "Actual Startup Time": 12443.856, "Actual Total Time": 12443.859, "Actual Rows": 1, "Actual Loops": 1, "Output": ["count(*)"], "Shared Hit Blocks": 6029977, "Shared Read Blocks": 47238, "Shared Dirtied Blocks": 0, "Shared Written Blocks": 0, "Local Hit Blocks": 0, "Local Read Blocks": 0, "Local Dirtied Blocks": 0, "Local Written Blocks": 0, "Temp Read Blocks": 0, "Temp Written Blocks": 0, "I/O Read Time": 406.748, "I/O Write Time": 0.0, "Plans": [{"Node Type": "Merge Join", "Parent Relationship": "Outer", "Parallel Aware": false, "Join Type": "Inner", "Startup Cost": 32.66, "Total Cost": 560953.26, "Plan Rows": 5385885, "Plan Width": 0, "Actual Startup Time": 0.279, "Actual Total Time": 10874.139, "Actual Rows": 13860668, "Actual Loops": 1, "Inner Unique": false, "Merge Cond": "(t.id = mi.movie_id)", "Shared Hit Blocks": 6029977, "Shared Read Blocks": 47238, "Shared Dirtied Blocks": 0, "Shared Written Blocks": 0, "Local Hit Blocks": 0, "Local Read Blocks": 0, "Local Dirtied Blocks": 0, "Local Written Blocks": 0, "Temp Read Blocks": 0, "Temp Written Blocks": 0, "I/O Read Time": 406.748, "I/O Write Time": 0.0, "Plans": [{"Node Type": "Merge Join", "Parent Relationship": "Outer", "Parallel Aware": false, "Join Type": "Inner", "Startup Cost": 9.94, "Total Cost": 141902.23, "Plan Rows": 919011, "Plan Width": 8, "Actual Startup Time": 0.151, "Actual Total Time": 1829.153, "Actual Rows": 919850, "Actual Loops": 1, "Output": ["t.id", "mi_idx.movie_id"], "Inner Unique": false, "Merge Cond": "(t.id = mi_idx.movie_id)", "Shared Hit Blocks": 36376, "Shared Read Blocks": 21407, "Shared Dirtied Blocks": 0, "Shared Written Blocks": 0, "Local Hit Blocks": 0, "Local Read Blocks": 0, "Local Dirtied Blocks": 0, "Local Written Blocks": 0, "Temp Read Blocks": 0, "Temp Written Blocks": 0, "I/O Read Time": 230.888, "I/O Write Time": 0.0, "Plans": [{"Node Type": "Index Only Scan", "Parent Relationship": "Outer", "Parallel Aware": false, "Scan Direction": "Forward", "Index Name": "title_pkey", "Relation Name": "title", "Schema": "public", "Alias": "t", "Startup Cost": 0.43, "Total Cost": 73940.23, "Plan Rows": 2528520, "Plan Width": 4, "Actual Startup Time": 0.014, "Actual Total Time": 582.207, "Actual Rows": 2525794, "Actual Loops": 1, "Output": ["t.id"], "Heap Fetches": 0, "Shared Hit Blocks": 23441, "Shared Read Blocks": 8963, "Shared Dirtied Blocks": 0, "Shared Written Blocks": 0, "Local Hit Blocks": 0, "Local Read Blocks": 0, "Local Dirtied Blocks": 0, "Local Written Blocks": 0, "Temp Read Blocks": 0, "Temp Written Blocks": 0, "I/O Read Time": 160.126, "I/O Write Time": 0.0}, {"Node Type": "Index Scan", "Parent Relationship": "Inner", "Parallel Aware": false, "Scan Direction": "Forward", "Index Name": "movie_id_movie_info_idx", "Relation Name": "movie_info_idx", "Schema": "public", "Alias": "mi_idx", "Startup Cost": 0.43, "Total Cost": 50235.25, "Plan Rows": 919011, "Plan Width": 4, "Actual Startup Time": 0.134, "Actual Total Time": 651.777, "Actual Rows": 919850, "Actual Loops": 1, "Output": ["mi_idx.id", "mi_idx.movie_id", "mi_idx.info_type_id", "mi_idx.info", "mi_idx.note"], "Filter": "(mi_idx.info_type_id < 101)", "Rows Removed by Filter": 460185, "Shared Hit Blocks": 12935, "Shared Read Blocks": 12444, "Shared Dirtied Blocks": 0, "Shared Written Blocks": 0, "Local Hit Blocks": 0, "Local Read Blocks": 0, "Local Dirtied Blocks": 0, "Local Written Blocks": 0, "Temp Read Blocks": 0, "Temp Written Blocks": 0, "I/O Read Time": 70.762, "I/O Write Time": 0.0}]}, {"Node Type": "Index Only Scan", "Parent Relationship": "Inner", "Parallel Aware": false, "Scan Direction": "Forward", "Index Name": "movie_id_movie_info", "Relation Name": "movie_info", "Schema": "public", "Alias": "mi", "Startup Cost": 0.43, "Total Cost": 325993.18, "Plan Rows": 14818450, "Plan Width": 4, "Actual Startup Time": 0.024, "Actual Total Time": 5439.166, "Actual Rows": 21764995, "Actual Loops": 1, "Output": ["mi.movie_id"], "Heap Fetches": 0, "Shared Hit Blocks": 5993601, "Shared Read Blocks": 25831, "Shared Dirtied Blocks": 0, "Shared Written Blocks": 0, "Local Hit Blocks": 0, "Local Read Blocks": 0, "Local Dirtied Blocks": 0, "Local Written Blocks": 0, "Temp Read Blocks": 0, "Temp Written Blocks": 0, "I/O Read Time": 175.86, "I/O Write Time": 0.0}]}]}, "Planning": {"Shared Hit Blocks": 182, "Shared Read Blocks": 38, "Shared Dirtied Blocks": 0, "Shared Written Blocks": 0, "Local Hit Blocks": 0, "Local Read Blocks": 0, "Local Dirtied Blocks": 0, "Local Written Blocks": 0, "Temp Read Blocks": 0, "Temp Written Blocks": 0, "I/O Read Time": 2.817, "I/O Write Time": 0.0}, "Planning Time": 4.346, "Triggers": [], "Execution Time": 12443.973}, "template": "scale", "query": "EXPLAIN (ANALYZE, COSTS, BUFFERS, VERBOSE, FORMAT JSON) SELECT COUNT(*) FROM title t,movie_info mi,movie_info_idx mi_idx WHERE t.id=mi.movie_id AND t.id=mi_idx.movie_id AND mi_idx.info_type_id<101;"}
{"planinfo": {"Plan": {"Node Type": "Aggregate", "Strategy": "Plain", "Partial Mode": "Simple", "Parallel Aware": false, "Startup Cost": 116123.31, "Total Cost": 116123.32, "Plan Rows": 1, "Plan Width": 8, "Actual Startup Time": 1216.27, "Actual Total Time": 1216.271, "Actual Rows": 1, "Actual Loops": 1, "Output": ["count(*)"], "Shared Hit Blocks": 40109, "Shared Read Blocks": 41952, "Shared Dirtied Blocks": 0, "Shared Written Blocks": 0, "Local Hit Blocks": 0, "Local Read Blocks": 0, "Local Dirtied Blocks": 0, "Local Written Blocks": 0, "Temp Read Blocks": 0, "Temp Written Blocks": 0, "I/O Read Time": 665.143, "I/O Write Time": 0.0, "Plans": [{"Node Type": "Nested Loop", "Parent Relationship": "Outer", "Parallel Aware": false, "Join Type": "Inner", "Startup Cost": 0.43, "Total Cost": 115998.62, "Plan Rows": 49873, "Plan Width": 0, "Actual Startup Time": 0.834, "Actual Total Time": 1205.418, "Actual Rows": 85426, "Actual Loops": 1, "Inner Unique": false, "Shared Hit Blocks": 40109, "Shared Read Blocks": 41952, "Shared Dirtied Blocks": 0, "Shared Written Blocks": 0, "Local Hit Blocks": 0, "Local Read Blocks": 0, "Local Dirtied Blocks": 0, "Local Written Blocks": 0, "Temp Read Blocks": 0, "Temp Written Blocks": 0, "I/O Read Time": 665.143, "I/O Write Time": 0.0, "Plans": [{"Node Type": "Seq Scan", "Parent Relationship": "Outer", "Parallel Aware": false, "Relation Name": "title", "Schema": "public", "Alias": "t", "Startup Cost": 0.0, "Total Cost": 73925.8, "Plan Rows": 8510, "Plan Width": 4, "Actual Startup Time": 0.59, "Actual Total Time": 524.146, "Actual Rows": 7852, "Actual Loops": 1, "Output": ["t.id", "t.title", "t.imdb_index", "t.kind_id", "t.production_year", "t.imdb_id", "t.phonetic_code", "t.episode_of_id", "t.season_nr", "t.episode_nr", "t.series_years", "t.md5sum"], "Filter": "((t.kind_id < 7) AND (t.production_year = 1986))", "Rows Removed by Filter": 2520460, "Shared Hit Blocks": 0, "Shared Read Blocks": 35998, "Shared Dirtied Blocks": 0, "Shared Written Blocks": 0, "Local Hit Blocks": 0, "Local Read Blocks": 0, "Local Dirtied Blocks": 0, "Local Written Blocks": 0, "Temp Read Blocks": 0, "Temp Written Blocks": 0, "I/O Read Time": 64.357, "I/O Write Time": 0.0}, {"Node Type": "Index Only Scan", "Parent Relationship": "Inner", "Parallel Aware": false, "Scan Direction": "Forward", "Index Name": "movie_id_movie_info", "Relation Name": "movie_info", "Schema": "public", "Alias": "mi", "Startup Cost": 0.43, "Total Cost": 4.55, "Plan Rows": 39, "Plan Width": 4, "Actual Startup Time": 0.082, "Actual Total Time": 0.085, "Actual Rows": 11, "Actual Loops": 7852, "Output": ["mi.movie_id"], "Index Cond": "(mi.movie_id = t.id)", "Rows Removed by Index Recheck": 0, "Heap Fetches": 0, "Shared Hit Blocks": 40109, "Shared Read Blocks": 5954, "Shared Dirtied Blocks": 0, "Shared Written Blocks": 0, "Local Hit Blocks": 0, "Local Read Blocks": 0, "Local Dirtied Blocks": 0, "Local Written Blocks": 0, "Temp Read Blocks": 0, "Temp Written Blocks": 0, "I/O Read Time": 600.786, "I/O Write Time": 0.0}]}]}, "Planning": {"Shared Hit Blocks": 101, "Shared Read Blocks": 30, "Shared Dirtied Blocks": 0, "Shared Written Blocks": 0, "Local Hit Blocks": 0, "Local Read Blocks": 0, "Local Dirtied Blocks": 0, "Local Written Blocks": 0, "Temp Read Blocks": 0, "Temp Written Blocks": 0, "I/O Read Time": 2.117, "I/O Write Time": 0.0}, "Planning Time": 3.163, "Triggers": [], "Execution Time": 1216.351}, "template": "scale", "query": "EXPLAIN (ANALYZE, COSTS, BUFFERS, VERBOSE, FORMAT JSON) SELECT COUNT(*) FROM title t,movie_info mi WHERE t.id=mi.movie_id AND t.kind_id<7 AND t.production_year=1986;"}
{"planinfo": {"Plan": {"Node Type": "Aggregate", "Strategy": "Plain", "Partial Mode": "Simple", "Parallel Aware": false, "Startup Cost": 204801.16, "Total Cost": 204801.17, "Plan Rows": 1, "Plan Width": 8, "Actual Startup Time": 3522.841, "Actual Total Time": 3522.847, "Actual Rows": 1, "Actual Loops": 1, "Output": ["count(*)"], "Shared Hit Blocks": 3, "Shared Read Blocks": 62723, "Shared Dirtied Blocks": 0, "Shared Written Blocks": 0, "Local Hit Blocks": 0, "Local Read Blocks": 0, "Local Dirtied Blocks": 0, "Local Written Blocks": 0, "Temp Read Blocks": 11052, "Temp Written Blocks": 11052, "I/O Read Time": 198.36, "I/O Write Time": 0.0, "Plans": [{"Node Type": "Hash Join", "Parent Relationship": "Outer", "Parallel Aware": false, "Join Type": "Inner", "Startup Cost": 125054.59, "Total Cost": 204080.15, "Plan Rows": 288404, "Plan Width": 0, "Actual Startup Time": 1833.478, "Actual Total Time": 3488.187, "Actual Rows": 314907, "Actual Loops": 1, "Inner Unique": false, "Hash Cond": "(mc.movie_id = t.id)", "Shared Hit Blocks": 3, "Shared Read Blocks": 62723, "Shared Dirtied Blocks": 0, "Shared Written Blocks": 0, "Local Hit Blocks": 0, "Local Read Blocks": 0, "Local Dirtied Blocks": 0, "Local Written Blocks": 0, "Temp Read Blocks": 11052, "Temp Written Blocks": 11052, "I/O Read Time": 198.36, "I/O Write Time": 0.0, "Plans": [{"Node Type": "Seq Scan", "Parent Relationship": "Outer", "Parallel Aware": false, "Relation Name": "movie_companies", "Schema": "public", "Alias": "mc", "Startup Cost": 0.0, "Total Cost": 44881.29, "Plan Rows": 2609129, "Plan Width": 4, "Actual Startup Time": 0.13, "Actual Total Time": 598.876, "Actual Rows": 2609129, "Actual Loops": 1, "Output": ["mc.movie_id"], "Shared Hit Blocks": 0, "Shared Read Blocks": 18790, "Shared Dirtied Blocks": 0, "Shared Written Blocks": 0, "Local Hit Blocks": 0, "Local Read Blocks": 0, "Local Dirtied Blocks": 0, "Local Written Blocks": 0, "Temp Read Blocks": 0, "Temp Written Blocks": 0, "I/O Read Time": 95.965, "I/O Write Time": 0.0}, {"Node Type": "Hash", "Parent Relationship": "Inner", "Parallel Aware": false, "Startup Cost": 120468.92, "Total Cost": 120468.92, "Plan Rows": 279494, "Plan Width": 8, "Actual Startup Time": 1832.446, "Actual Total Time": 1832.45, "Actual Rows": 133110, "Actual Loops": 1, "Output": ["t.id", "mi_idx.movie_id"], "Hash Buckets": 131072, "Original Hash Buckets": 131072, "Hash Batches": 4, "Original Hash Batches": 4, "Peak Memory Usage": 2316, "Shared Hit Blocks": 0, "Shared Read Blocks": 43933, "Shared Dirtied Blocks": 0, "Shared Written Blocks": 0, "Local Hit Blocks": 0, "Local Read Blocks": 0, "Local Dirtied Blocks": 0, "Local Written Blocks": 0, "Temp Read Blocks": 4972, "Temp Written Blocks": 5312, "I/O Read Time": 102.395, "I/O Write Time": 0.0, "Plans": [{"Node Type": "Hash Join", "Parent Relationship": "Outer", "Parallel Aware": false, "Join Type": "Inner", "Startup Cost": 82327.96, "Total Cost": 120468.92, "Plan Rows": 279494, "Plan Width": 8, "Actual Startup Time": 818.458, "Actual Total Time": 1787.94, "Actual Rows": 133110, "Actual Loops": 1, "Output": ["t.id", "mi_idx.movie_id"], "Inner Unique": true, "Hash Cond": "(mi_idx.movie_id = t.id)", "Shared Hit Blocks": 0, "Shared Read Blocks": 43933, "Shared Dirtied Blocks": 0, "Shared Written Blocks": 0, "Local Hit Blocks": 0, "Local Read Blocks": 0, "Local Dirtied Blocks": 0, "Local Written Blocks": 0, "Temp Read Blocks": 4972, "Temp Written Blocks": 4972, "I/O Read Time": 102.395, "I/O Write Time": 0.0, "Plans": [{"Node Type": "Seq Scan", "Parent Relationship": "Outer", "Parallel Aware": false, "Relation Name": "movie_info_idx", "Schema": "public", "Alias": "mi_idx", "Startup Cost": 0.0, "Total Cost": 21735.35, "Plan Rows": 1380035, "Plan Width": 4, "Actual Startup Time": 0.139, "Actual Total Time": 305.519, "Actual Rows": 1380035, "Actual Loops": 1, "Output": ["mi_idx.movie_id"], "Shared Hit Blocks": 0, "Shared Read Blocks": 7935, "Shared Dirtied Blocks": 0, "Shared Written Blocks": 0, "Local Hit Blocks": 0, "Local Read Blocks": 0, "Local Dirtied Blocks": 0, "Local Written Blocks": 0, "Temp Read Blocks": 0, "Temp Written Blocks": 0, "I/O Read Time": 40.941, "I/O Write Time": 0.0}, {"Node Type": "Hash", "Parent Relationship": "Inner", "Parallel Aware": false, "Startup Cost": 73925.8, "Total Cost": 73925.8, "Plan Rows": 512093, "Plan Width": 4, "Actual Startup Time": 817.53, "Actual Total Time": 817.531, "Actual Rows": 557941, "Actual Loops": 1, "Output": ["t.id"], "Hash Buckets": 131072, "Original Hash Buckets": 131072, "Hash Batches": 8, "Original Hash Batches": 8, "Peak Memory Usage": 3476, "Shared Hit Blocks": 0, "Shared Read Blocks": 35998, "Shared Dirtied Blocks": 0, "Shared Written Blocks": 0, "Local Hit Blocks": 0, "Local Read Blocks": 0, "Local Dirtied Blocks": 0, "Local Written Blocks": 0, "Temp Read Blocks": 0, "Temp Written Blocks": 1426, "I/O Read Time": 61.454, "I/O Write Time": 0.0, "Plans": [{"Node Type": "Seq Scan", "Parent Relationship": "Outer", "Parallel Aware": false, "Relation Name": "title", "Schema": "public", "Alias": "t", "Startup Cost": 0.0, "Total Cost": 73925.8, "Plan Rows": 512093, "Plan Width": 4, "Actual Startup Time": 0.147, "Actual Total Time": 616.669, "Actual Rows": 557941, "Actual Loops": 1, "Output": ["t.id"], "Filter": "((t.kind_id > 3) AND (t.production_year > 2007))", "Rows Removed by Filter": 1970371, "Shared Hit Blocks": 0, "Shared Read Blocks": 35998, "Shared Dirtied Blocks": 0, "Shared Written Blocks": 0, "Local Hit Blocks": 0, "Local Read Blocks": 0, "Local Dirtied Blocks": 0, "Local Written Blocks": 0, "Temp Read Blocks": 0, "Temp Written Blocks": 0, "I/O Read Time": 61.454, "I/O Write Time": 0.0}]}]}]}]}]}, "Planning": {"Shared Hit Blocks": 201, "Shared Read Blocks": 37, "Shared Dirtied Blocks": 0, "Shared Written Blocks": 0, "Local Hit Blocks": 0, "Local Read Blocks": 0, "Local Dirtied Blocks": 0, "Local Written Blocks": 0, "Temp Read Blocks": 0, "Temp Written Blocks": 0, "I/O Read Time": 2.836, "I/O Write Time": 0.0}, "Planning Time": 4.588, "Triggers": [], "Execution Time": 3523.481}, "template": "scale", "query": "EXPLAIN (ANALYZE, COSTS, BUFFERS, VERBOSE, FORMAT JSON) SELECT COUNT(*) FROM title t,movie_companies mc,movie_info_idx mi_idx WHERE t.id=mc.movie_id AND t.id=mi_idx.movie_id AND t.kind_id>3 AND t.production_year>2007;"}
{"planinfo": {"Plan": {"Node Type": "Aggregate", "Strategy": "Plain", "Partial Mode": "Simple", "Parallel Aware": false, "Startup Cost": 7461.03, "Total Cost": 7461.04, "Plan Rows": 1, "Plan Width": 8, "Actual Startup Time": 97.867, "Actual Total Time": 97.868, "Actual Rows": 1, "Actual Loops": 1, "Output": ["count(*)"], "Shared Hit Blocks": 0, "Shared Read Blocks": 294, "Shared Dirtied Blocks": 0, "Shared Written Blocks": 0, "Local Hit Blocks": 0, "Local Read Blocks": 0, "Local Dirtied Blocks": 0, "Local Written Blocks": 0, "Temp Read Blocks": 0, "Temp Written Blocks": 0, "I/O Read Time": 26.363, "I/O Write Time": 0.0, "Plans": [{"Node Type": "Index Only Scan", "Parent Relationship": "Outer", "Parallel Aware": false, "Scan Direction": "Forward", "Index Name": "keyword_id_movie_keyword", "Relation Name": "movie_keyword", "Schema": "public", "Alias": "mk", "Startup Cost": 0.43, "Total Cost": 6708.46, "Plan Rows": 301030, "Plan Width": 0, "Actual Startup Time": 0.269, "Actual Total Time": 68.883, "Actual Rows": 297845, "Actual Loops": 1, "Output": ["keyword_id"], "Index Cond": "(mk.keyword_id < 245)", "Rows Removed by Index Recheck": 0, "Heap Fetches": 0, "Shared Hit Blocks": 0, "Shared Read Blocks": 294, "Shared Dirtied Blocks": 0, "Shared Written Blocks": 0, "Local Hit Blocks": 0, "Local Read Blocks": 0, "Local Dirtied Blocks": 0, "Local Written Blocks": 0, "Temp Read Blocks": 0, "Temp Written Blocks": 0, "I/O Read Time": 26.363, "I/O Write Time": 0.0}]}, "Planning": {"Shared Hit Blocks": 47, "Shared Read Blocks": 9, "Shared Dirtied Blocks": 0, "Shared Written Blocks": 0, "Local Hit Blocks": 0, "Local Read Blocks": 0, "Local Dirtied Blocks": 0, "Local Written Blocks": 0, "Temp Read Blocks": 0, "Temp Written Blocks": 0, "I/O Read Time": 0.591, "I/O Write Time": 0.0}, "Planning Time": 0.979, "Triggers": [], "Execution Time": 97.897}, "template": "scale", "query": "EXPLAIN (ANALYZE, COSTS, BUFFERS, VERBOSE, FORMAT JSON) SELECT COUNT(*) FROM movie_keyword mk WHERE mk.keyword_id<245;"}
{"planinfo": {"Plan": {"Node Type": "Aggregate", "Strategy": "Plain", "Partial Mode": "Simple", "Parallel Aware": false, "Startup Cost": 491.4, "Total Cost": 491.41, "Plan Rows": 1, "Plan Width": 8, "Actual Startup Time": 1.169, "Actual Total Time": 1.169, "Actual Rows": 1, "Actual Loops": 1, "Output": ["count(*)"], "Shared Hit Blocks": 2, "Shared Read Blocks": 12, "Shared Dirtied Blocks": 0, "Shared Written Blocks": 0, "Local Hit Blocks": 0, "Local Read Blocks": 0, "Local Dirtied Blocks": 0, "Local Written Blocks": 0, "Temp Read Blocks": 0, "Temp Written Blocks": 0, "I/O Read Time": 1.107, "I/O Write Time": 0.0, "Plans": [{"Node Type": "Nested Loop", "Parent Relationship": "Outer", "Parallel Aware": false, "Join Type": "Inner", "Startup Cost": 0.86, "Total Cost": 491.28, "Plan Rows": 49, "Plan Width": 0, "Actual Startup Time": 0.598, "Actual Total Time": 1.164, "Actual Rows": 1, "Actual Loops": 1, "Inner Unique": true, "Shared Hit Blocks": 2, "Shared Read Blocks": 12, "Shared Dirtied Blocks": 0, "Shared Written Blocks": 0, "Local Hit Blocks": 0, "Local Read Blocks": 0, "Local Dirtied Blocks": 0, "Local Written Blocks": 0, "Temp Read Blocks": 0, "Temp Written Blocks": 0, "I/O Read Time": 1.107, "I/O Write Time": 0.0, "Plans": [{"Node Type": "Index Scan", "Parent Relationship": "Outer", "Parallel Aware": false, "Scan Direction": "Forward", "Index Name": "company_id_movie_companies", "Relation Name": "movie_companies", "Schema": "public", "Alias": "mc", "Startup Cost": 0.43, "Total Cost": 273.35, "Plan Rows": 49, "Plan Width": 4, "Actual Startup Time": 0.376, "Actual Total Time": 0.941, "Actual Rows": 1, "Actual Loops": 1, "Output": ["mc.id", "mc.movie_id", "mc.company_id", "mc.company_type_id", "mc.note"], "Index Cond": "(mc.company_id = 31319)", "Rows Removed by Index Recheck": 0, "Filter": "(mc.company_type_id = 1)", "Rows Removed by Filter": 7, "Shared Hit Blocks": 0, "Shared Read Blocks": 10, "Shared Dirtied Blocks": 0, "Shared Written Blocks": 0, "Local Hit Blocks": 0, "Local Read Blocks": 0, "Local Dirtied Blocks": 0, "Local Written Blocks": 0, "Temp Read Blocks": 0, "Temp Written Blocks": 0, "I/O Read Time": 0.906, "I/O Write Time": 0.0}, {"Node Type": "Index Only Scan", "Parent Relationship": "Inner", "Parallel Aware": false, "Scan Direction": "Forward", "Index Name": "title_pkey", "Relation Name": "title", "Schema": "public", "Alias": "t", "Startup Cost": 0.43, "Total Cost": 4.45, "Plan Rows": 1, "Plan Width": 4, "Actual Startup Time": 0.22, "Actual Total Time": 0.22, "Actual Rows": 1, "Actual Loops": 1, "Output": ["t.id"], "Index Cond": "(t.id = mc.movie_id)", "Rows Removed by Index Recheck": 0, "Heap Fetches": 0, "Shared Hit Blocks": 2, "Shared Read Blocks": 2, "Shared Dirtied Blocks": 0, "Shared Written Blocks": 0, "Local Hit Blocks": 0, "Local Read Blocks": 0, "Local Dirtied Blocks": 0, "Local Written Blocks": 0, "Temp Read Blocks": 0, "Temp Written Blocks": 0, "I/O Read Time": 0.201, "I/O Write Time": 0.0}]}]}, "Planning": {"Shared Hit Blocks": 114, "Shared Read Blocks": 29, "Shared Dirtied Blocks": 0, "Shared Written Blocks": 0, "Local Hit Blocks": 0, "Local Read Blocks": 0, "Local Dirtied Blocks": 0, "Local Written Blocks": 0, "Temp Read Blocks": 0, "Temp Written Blocks": 0, "I/O Read Time": 2.215, "I/O Write Time": 0.0}, "Planning Time": 3.299, "Triggers": [], "Execution Time": 1.233}, "template": "scale", "query": "EXPLAIN (ANALYZE, COSTS, BUFFERS, VERBOSE, FORMAT JSON) SELECT COUNT(*) FROM title t,movie_companies mc WHERE t.id=mc.movie_id AND mc.company_id=31319 AND mc.company_type_id=1;"}
{"planinfo": {"Plan": {"Node Type": "Aggregate", "Strategy": "Plain", "Partial Mode": "Simple", "Parallel Aware": false, "Startup Cost": 42105.52, "Total Cost": 42105.53, "Plan Rows": 1, "Plan Width": 8, "Actual Startup Time": 512.299, "Actual Total Time": 512.3, "Actual Rows": 1, "Actual Loops": 1, "Output": ["count(*)"], "Shared Hit Blocks": 0, "Shared Read Blocks": 8661, "Shared Dirtied Blocks": 0, "Shared Written Blocks": 0, "Local Hit Blocks": 0, "Local Read Blocks": 0, "Local Dirtied Blocks": 0, "Local Written Blocks": 0, "Temp Read Blocks": 0, "Temp Written Blocks": 0, "I/O Read Time": 45.454, "I/O Write Time": 0.0, "Plans": [{"Node Type": "Index Scan", "Parent Relationship": "Outer", "Parallel Aware": false, "Scan Direction": "Forward", "Index Name": "company_type_id_movie_companies", "Relation Name": "movie_companies", "Schema": "public", "Alias": "mc", "Startup Cost": 0.43, "Total Cost": 40902.99, "Plan Rows": 481011, "Plan Width": 0, "Actual Startup Time": 0.397, "Actual Total Time": 480.465, "Actual Rows": 278429, "Actual Loops": 1, "Output": ["id", "movie_id", "company_id", "company_type_id", "note"], "Index Cond": "(mc.company_type_id = 2)", "Rows Removed by Index Recheck": 0, "Filter": "(mc.company_id < 3598)", "Rows Removed by Filter": 1056454, "Shared Hit Blocks": 0, "Shared Read Blocks": 8661, "Shared Dirtied Blocks": 0, "Shared Written Blocks": 0, "Local Hit Blocks": 0, "Local Read Blocks": 0, "Local Dirtied Blocks": 0, "Local Written Blocks": 0, "Temp Read Blocks": 0, "Temp Written Blocks": 0, "I/O Read Time": 45.454, "I/O Write Time": 0.0}]}, "Planning": {"Shared Hit Blocks": 66, "Shared Read Blocks": 11, "Shared Dirtied Blocks": 0, "Shared Written Blocks": 0, "Local Hit Blocks": 0, "Local Read Blocks": 0, "Local Dirtied Blocks": 0, "Local Written Blocks": 0, "Temp Read Blocks": 0, "Temp Written Blocks": 0, "I/O Read Time": 0.866, "I/O Write Time": 0.0}, "Planning Time": 1.42, "Triggers": [], "Execution Time": 512.338}, "template": "scale", "query": "EXPLAIN (ANALYZE, COSTS, BUFFERS, VERBOSE, FORMAT JSON) SELECT COUNT(*) FROM movie_companies mc WHERE mc.company_id<3598 AND mc.company_type_id=2;"}
{"planinfo": {"Plan": {"Node Type": "Aggregate", "Strategy": "Plain", "Partial Mode": "Simple", "Parallel Aware": false, "Startup Cost": 2008156.98, "Total Cost": 2008156.99, "Plan Rows": 1, "Plan Width": 8, "Actual Startup Time": 123981.227, "Actual Total Time": 123981.232, "Actual Rows": 1, "Actual Loops": 1, "Output": ["count(*)"], "Shared Hit Blocks": 7561602, "Shared Read Blocks": 291990, "Shared Dirtied Blocks": 0, "Shared Written Blocks": 0, "Local Hit Blocks": 0, "Local Read Blocks": 0, "Local Dirtied Blocks": 0, "Local Written Blocks": 0, "Temp Read Blocks": 153247, "Temp Written Blocks": 153247, "I/O Read Time": 743.834, "I/O Write Time": 0.0, "Plans": [{"Node Type": "Hash Join", "Parent Relationship": "Outer", "Parallel Aware": false, "Join Type": "Inner", "Startup Cost": 724060.8, "Total Cost": 1936773.59, "Plan Rows": 28553356, "Plan Width": 0, "Actual Startup Time": 25445.65, "Actual Total Time": 93264.838, "Actual Rows": 311663737, "Actual Loops": 1, "Inner Unique": false, "Hash Cond": "(ci.movie_id = t.id)", "Shared Hit Blocks": 7561602, "Shared Read Blocks": 291990, "Shared Dirtied Blocks": 0, "Shared Written Blocks": 0, "Local Hit Blocks": 0, "Local Read Blocks": 0, "Local Dirtied Blocks": 0, "Local Written Blocks": 0, "Temp Read Blocks": 153247, "Temp Written Blocks": 153247, "I/O Read Time": 743.834, "I/O Write Time": 0.0, "Plans": [{"Node Type": "Seq Scan", "Parent Relationship": "Outer", "Parallel Aware": false, "Relation Name": "cast_info", "Schema": "public", "Alias": "ci", "Startup Cost": 0.0, "Total Cost": 706360.9, "Plan Rows": 8926826, "Plan Width": 4, "Actual Startup Time": 3344.226, "Actual Total Time": 6769.728, "Actual Rows": 8793914, "Actual Loops": 1, "Output": ["ci.movie_id"], "Filter": "(ci.person_id > 2812137)", "Rows Removed by Filter": 27450430, "Shared Hit Blocks": 0, "Shared Read Blocks": 252687, "Shared Dirtied Blocks": 0, "Shared Written Blocks": 0, "Local Hit Blocks": 0, "Local Read Blocks": 0, "Local Dirtied Blocks": 0, "Local Written Blocks": 0, "Temp Read Blocks": 0, "Temp Written Blocks": 0, "I/O Read Time": 406.293, "I/O Write Time": 0.0}, {"Node Type": "Hash", "Parent Relationship": "Inner", "Parallel Aware": false, "Startup Cost": 583473.22, "Total Cost": 583473.22, "Plan Rows": 8087727, "Plan Width": 12, "Actual Startup Time": 22091.051, "Actual Total Time": 22091.054, "Actual Rows": 20885030, "Actual Loops": 1, "Output": ["t.id", "mi.movie_id", "mi_idx.movie_id"], "Hash Buckets": 131072, "Original Hash Buckets": 131072, "Hash Batches": 512, "Original Hash Batches": 128, "Peak Memory Usage": 3073, "Shared Hit Blocks": 7561599, "Shared Read Blocks": 39303, "Shared Dirtied Blocks": 0, "Shared Written Blocks": 0, "Local Hit Blocks": 0, "Local Read Blocks": 0, "Local Dirtied Blocks": 0, "Local Written Blocks": 0, "Temp Read Blocks": 0, "Temp Written Blocks": 81166, "I/O Read Time": 337.541, "I/O Write Time": 0.0, "Plans": [{"Node Type": "Merge Join", "Parent Relationship": "Outer", "Parallel Aware": false, "Join Type": "Inner", "Startup Cost": 32.66, "Total Cost": 583473.22, "Plan Rows": 8087727, "Plan Width": 12, "Actual Startup Time": 0.216, "Actual Total Time": 14490.593, "Actual Rows": 20885030, "Actual Loops": 1, "Output": ["t.id", "mi.movie_id", "mi_idx.movie_id"], "Inner Unique": false, "Merge Cond": "(t.id = mi.movie_id)", "Shared Hit Blocks": 7561599, "Shared Read Blocks": 39303, "Shared Dirtied Blocks": 0, "Shared Written Blocks": 0, "Local Hit Blocks": 0, "Local Read Blocks": 0, "Local Dirtied Blocks": 0, "Local Written Blocks": 0, "Temp Read Blocks": 0, "Temp Written Blocks": 0, "I/O Read Time": 337.541, "I/O Write Time": 0.0, "Plans": [{"Node Type": "Merge Join", "Parent Relationship": "Outer", "Parallel Aware": false, "Join Type": "Inner", "Startup Cost": 9.94, "Total Cost": 136246.74, "Plan Rows": 1380035, "Plan Width": 8, "Actual Startup Time": 0.051, "Actual Total Time": 1469.104, "Actual Rows": 1380035, "Actual Loops": 1, "Output": ["t.id", "mi_idx.movie_id"], "Inner Unique": false, "Merge Cond": "(t.id = mi_idx.movie_id)", "Shared Hit Blocks": 23446, "Shared Read Blocks": 13472, "Shared Dirtied Blocks": 0, "Shared Written Blocks": 0, "Local Hit Blocks": 0, "Local Read Blocks": 0, "Local Dirtied Blocks": 0, "Local Written Blocks": 0, "Temp Read Blocks": 0, "Temp Written Blocks": 0, "I/O Read Time": 164.15, "I/O Write Time": 0.0, "Plans": [{"Node Type": "Index Only Scan", "Parent Relationship": "Outer", "Parallel Aware": false, "Scan Direction": "Forward", "Index Name": "title_pkey", "Relation Name": "title", "Schema": "public", "Alias": "t", "Startup Cost": 0.43, "Total Cost": 73940.23, "Plan Rows": 2528520, "Plan Width": 4, "Actual Startup Time": 0.021, "Actual Total Time": 569.386, "Actual Rows": 2525794, "Actual Loops": 1, "Output": ["t.id"], "Heap Fetches": 0, "Shared Hit Blocks": 23441, "Shared Read Blocks": 8963, "Shared Dirtied Blocks": 0, "Shared Written Blocks": 0, "Local Hit Blocks": 0, "Local Read Blocks": 0, "Local Dirtied Blocks": 0, "Local Written Blocks": 0, "Temp Read Blocks": 0, "Temp Written Blocks": 0, "I/O Read Time": 138.453, "I/O Write Time": 0.0}, {"Node Type": "Index Only Scan", "Parent Relationship": "Inner", "Parallel Aware": false, "Scan Direction": "Forward", "Index Name": "movie_id_movie_info_idx", "Relation Name": "movie_info_idx", "Schema": "public", "Alias": "mi_idx", "Startup Cost": 0.43, "Total Cost": 38816.95, "Plan Rows": 1380035, "Plan Width": 4, "Actual Startup Time": 0.025, "Actual Total Time": 269.497, "Actual Rows": 1380035, "Actual Loops": 1, "Output": ["mi_idx.movie_id"], "Heap Fetches": 0, "Shared Hit Blocks": 5, "Shared Read Blocks": 4509, "Shared Dirtied Blocks": 0, "Shared Written Blocks": 0, "Local Hit Blocks": 0, "Local Read Blocks": 0, "Local Dirtied Blocks": 0, "Local Written Blocks": 0, "Temp Read Blocks": 0, "Temp Written Blocks": 0, "I/O Read Time": 25.696, "I/O Write Time": 0.0}]}, {"Node Type": "Index Only Scan", "Parent Relationship": "Inner", "Parallel Aware": false, "Scan Direction": "Forward", "Index Name": "movie_id_movie_info", "Relation Name": "movie_info", "Schema": "public", "Alias": "mi", "Startup Cost": 0.43, "Total Cost": 325993.18, "Plan Rows": 14818450, "Plan Width": 4, "Actual Startup Time": 0.024, "Actual Total Time": 7554.813, "Actual Rows": 28789357, "Actual Loops": 1, "Output": ["mi.movie_id"], "Heap Fetches": 0, "Shared Hit Blocks": 7538153, "Shared Read Blocks": 25831, "Shared Dirtied Blocks": 0, "Shared Written Blocks": 0, "Local Hit Blocks": 0, "Local Read Blocks": 0, "Local Dirtied Blocks": 0, "Local Written Blocks": 0, "Temp Read Blocks": 0, "Temp Written Blocks": 0, "I/O Read Time": 173.392, "I/O Write Time": 0.0}]}]}]}]}, "Planning": {"Shared Hit Blocks": 320, "Shared Read Blocks": 51, "Shared Dirtied Blocks": 0, "Shared Written Blocks": 0, "Local Hit Blocks": 0, "Local Read Blocks": 0, "Local Dirtied Blocks": 0, "Local Written Blocks": 0, "Temp Read Blocks": 0, "Temp Written Blocks": 0, "I/O Read Time": 4.022, "I/O Write Time": 0.0}, "Planning Time": 6.669, "Triggers": [], "Execution Time": 123981.54}, "template": "scale", "query": "EXPLAIN (ANALYZE, COSTS, BUFFERS, VERBOSE, FORMAT JSON) SELECT COUNT(*) FROM title t,cast_info ci,movie_info mi,movie_info_idx mi_idx WHERE t.id=ci.movie_id AND t.id=mi.movie_id AND t.id=mi_idx.movie_id AND ci.person_id>2812137;"}
{"planinfo": {"Plan": {"Node Type": "Aggregate", "Strategy": "Plain", "Partial Mode": "Simple", "Parallel Aware": false, "Startup Cost": 604220.49, "Total Cost": 604220.5, "Plan Rows": 1, "Plan Width": 8, "Actual Startup Time": 16694.649, "Actual Total Time": 16694.651, "Actual Rows": 1, "Actual Loops": 1, "Output": ["count(*)"], "Shared Hit Blocks": 9370413, "Shared Read Blocks": 75265, "Shared Dirtied Blocks": 0, "Shared Written Blocks": 0, "Local Hit Blocks": 0, "Local Read Blocks": 0, "Local Dirtied Blocks": 0, "Local Written Blocks": 0, "Temp Read Blocks": 0, "Temp Written Blocks": 0, "I/O Read Time": 1341.938, "I/O Write Time": 0.0, "Plans": [{"Node Type": "Merge Join", "Parent Relationship": "Outer", "Parallel Aware": false, "Join Type": "Inner", "Startup Cost": 37.3, "Total Cost": 590833.25, "Plan Rows": 5354894, "Plan Width": 0, "Actual Startup Time": 0.364, "Actual Total Time": 14829.552, "Actual Rows": 16816470, "Actual Loops": 1, "Inner Unique": false, "Merge Cond": "(t.id = mi.movie_id)", "Shared Hit Blocks": 9370413, "Shared Read Blocks": 75265, "Shared Dirtied Blocks": 0, "Shared Written Blocks": 0, "Local Hit Blocks": 0, "Local Read Blocks": 0, "Local Dirtied Blocks": 0, "Local Written Blocks": 0, "Temp Read Blocks": 0, "Temp Written Blocks": 0, "I/O Read Time": 1341.938, "I/O Write Time": 0.0, "Plans": [{"Node Type": "Merge Join", "Parent Relationship": "Outer", "Parallel Aware": false, "Join Type": "Inner", "Startup Cost": 14.57, "Total Cost": 172135.71, "Plan Rows": 913723, "Plan Width": 8, "Actual Startup Time": 0.229, "Actual Total Time": 4286.341, "Actual Rows": 1068706, "Actual Loops": 1, "Output": ["t.id", "mi_idx.movie_id"], "Inner Unique": false, "Merge Cond": "(t.id = mi_idx.movie_id)", "Shared Hit Blocks": 2488153, "Shared Read Blocks": 49435, "Shared Dirtied Blocks": 0, "Shared Written Blocks": 0, "Local Hit Blocks": 0, "Local Read Blocks": 0, "Local Dirtied Blocks": 0, "Local Written Blocks": 0, "Temp Read Blocks": 0, "Temp Written Blocks": 0, "I/O Read Time": 1160.928, "I/O Write Time": 0.0, "Plans": [{"Node Type": "Index Scan", "Parent Relationship": "Outer", "Parallel Aware": false, "Scan Direction": "Forward", "Index Name": "title_pkey", "Relation Name": "title", "Schema": "public", "Alias": "t", "Startup Cost": 0.43, "Total Cost": 116669.84, "Plan Rows": 1674136, "Plan Width": 4, "Actual Startup Time": 0.105, "Actual Total Time": 3465.371, "Actual Rows": 1670344, "Actual Loops": 1, "Output": ["t.id", "t.title", "t.imdb_index", "t.kind_id", "t.production_year", "t.imdb_id", "t.phonetic_code", "t.episode_of_id", "t.season_nr", "t.episode_nr", "t.series_years", "t.md5sum"], "Filter": "(t.production_year < 2008)", "Rows Removed by Filter": 855478, "Shared Hit Blocks": 2488148, "Shared Read Blocks": 44926, "Shared Dirtied Blocks": 0, "Shared Written Blocks": 0, "Local Hit Blocks": 0, "Local Read Blocks": 0, "Local Dirtied Blocks": 0, "Local Written Blocks": 0, "Temp Read Blocks": 0, "Temp Written Blocks": 0, "I/O Read Time": 1134.655, "I/O Write Time": 0.0}, {"Node Type": "Index Only Scan", "Parent Relationship": "Inner", "Parallel Aware": false, "Scan Direction": "Forward", "Index Name": "movie_id_movie_info_idx", "Relation Name": "movie_info_idx", "Schema": "public", "Alias": "mi_idx", "Startup Cost": 0.43, "Total Cost": 38816.95, "Plan Rows": 1380035, "Plan Width": 4, "Actual Startup Time": 0.029, "Actual Total Time": 261.272, "Actual Rows": 1380035, "Actual Loops": 1, "Output": ["mi_idx.movie_id"], "Heap Fetches": 0, "Shared Hit Blocks": 5, "Shared Read Blocks": 4509, "Shared Dirtied Blocks": 0, "Shared Written Blocks": 0, "Local Hit Blocks": 0, "Local Read Blocks": 0, "Local Dirtied Blocks": 0, "Local Written Blocks": 0, "Temp Read Blocks": 0, "Temp Written Blocks": 0, "I/O Read Time": 26.273, "I/O Write Time": 0.0}]}, {"Node Type": "Index Only Scan", "Parent Relationship": "Inner", "Parallel Aware": false, "Scan Direction": "Forward", "Index Name": "movie_id_movie_info", "Relation Name": "movie_info", "Schema": "public", "Alias": "mi", "Startup Cost": 0.43, "Total Cost": 325993.18, "Plan Rows": 14818450, "Plan Width": 4, "Actual Startup Time": 0.025, "Actual Total Time": 6353.412, "Actual Rows": 26072777, "Actual Loops": 1, "Output": ["mi.movie_id"], "Heap Fetches": 0, "Shared Hit Blocks": 6882260, "Shared Read Blocks": 25830, "Shared Dirtied Blocks": 0, "Shared Written Blocks": 0, "Local Hit Blocks": 0, "Local Read Blocks": 0, "Local Dirtied Blocks": 0, "Local Written Blocks": 0, "Temp Read Blocks": 0, "Temp Written Blocks": 0, "I/O Read Time": 181.01, "I/O Write Time": 0.0}]}]}, "Planning": {"Shared Hit Blocks": 178, "Shared Read Blocks": 39, "Shared Dirtied Blocks": 0, "Shared Written Blocks": 0, "Local Hit Blocks": 0, "Local Read Blocks": 0, "Local Dirtied Blocks": 0, "Local Written Blocks": 0, "Temp Read Blocks": 0, "Temp Written Blocks": 0, "I/O Read Time": 2.912, "I/O Write Time": 0.0}, "Planning Time": 4.421, "Triggers": [], "Execution Time": 16694.793}, "template": "scale", "query": "EXPLAIN (ANALYZE, COSTS, BUFFERS, VERBOSE, FORMAT JSON) SELECT COUNT(*) FROM title t,movie_info mi,movie_info_idx mi_idx WHERE t.id=mi.movie_id AND t.id=mi_idx.movie_id AND t.production_year<2008;"}
{"planinfo": {"Plan": {"Node Type": "Aggregate", "Strategy": "Plain", "Partial Mode": "Simple", "Parallel Aware": false, "Startup Cost": 201235.56, "Total Cost": 201235.57, "Plan Rows": 1, "Plan Width": 8, "Actual Startup Time": 3295.98, "Actual Total Time": 3295.983, "Actual Rows": 1, "Actual Loops": 1, "Output": ["count(*)"], "Shared Hit Blocks": 3, "Shared Read Blocks": 60452, "Shared Dirtied Blocks": 0, "Shared Written Blocks": 0, "Local Hit Blocks": 0, "Local Read Blocks": 0, "Local Dirtied Blocks": 0, "Local Written Blocks": 0, "Temp Read Blocks": 9253, "Temp Written Blocks": 9253, "I/O Read Time": 182.676, "I/O Write Time": 0.0, "Plans": [{"Node Type": "Hash Join", "Parent Relationship": "Outer", "Parallel Aware": false, "Join Type": "Inner", "Startup Cost": 94549.65, "Total Cost": 198641.8, "Plan Rows": 1037507, "Plan Width": 0, "Actual Startup Time": 1167.261, "Actual Total Time": 3205.117, "Actual Rows": 885729, "Actual Loops": 1, "Inner Unique": true, "Hash Cond": "(mk.movie_id = t.id)", "Shared Hit Blocks": 3, "Shared Read Blocks": 60452, "Shared Dirtied Blocks": 0, "Shared Written Blocks": 0, "Local Hit Blocks": 0, "Local Read Blocks": 0, "Local Dirtied Blocks": 0, "Local Written Blocks": 0, "Temp Read Blocks": 9253, "Temp Written Blocks": 9253, "I/O Read Time": 182.676, "I/O Write Time": 0.0, "Plans": [{"Node Type": "Seq Scan", "Parent Relationship": "Outer", "Parallel Aware": false, "Relation Name": "movie_keyword", "Schema": "public", "Alias": "mk", "Startup Cost": 0.0, "Total Cost": 81003.12, "Plan Rows": 1597337, "Plan Width": 4, "Actual Startup Time": 0.127, "Actual Total Time": 959.243, "Actual Rows": 1606189, "Actual Loops": 1, "Output": ["mk.movie_id"], "Filter": "(mk.keyword_id < 2488)", "Rows Removed by Filter": 2917741, "Shared Hit Blocks": 0, "Shared Read Blocks": 24454, "Shared Dirtied Blocks": 0, "Shared Written Blocks": 0, "Local Hit Blocks": 0, "Local Read Blocks": 0, "Local Dirtied Blocks": 0, "Local Written Blocks": 0, "Temp Read Blocks": 0, "Temp Written Blocks": 0, "I/O Read Time": 123.42, "I/O Write Time": 0.0}, {"Node Type": "Hash", "Parent Relationship": "Inner", "Parallel Aware": false, "Startup Cost": 67604.5, "Total Cost": 67604.5, "Plan Rows": 1642332, "Plan Width": 4, "Actual Startup Time": 1166.428, "Actual Total Time": 1166.429, "Actual Rows": 1643514, "Actual Loops": 1, "Output": ["t.id"], "Hash Buckets": 131072, "Original Hash Buckets": 131072, "Hash Batches": 32, "Original Hash Batches": 32, "Peak Memory Usage": 2831, "Shared Hit Blocks": 0, "Shared Read Blocks": 35998, "Shared Dirtied Blocks": 0, "Shared Written Blocks": 0, "Local Hit Blocks": 0, "Local Read Blocks": 0, "Local Dirtied Blocks": 0, "Local Written Blocks": 0, "Temp Read Blocks": 0, "Temp Written Blocks": 4647, "I/O Read Time": 59.255, "I/O Write Time": 0.0, "Plans": [{"Node Type": "Seq Scan", "Parent Relationship": "Outer", "Parallel Aware": false, "Relation Name": "title", "Schema": "public", "Alias": "t", "Startup Cost": 0.0, "Total Cost": 67604.5, "Plan Rows": 1642332, "Plan Width": 4, "Actual Startup Time": 0.139, "Actual Total Time": 660.443, "Actual Rows": 1643514, "Actual Loops": 1, "Output": ["t.id"], "Filter": "(t.production_year > 1994)", "Rows Removed by Filter": 884798, "Shared Hit Blocks": 0, "Shared Read Blocks": 35998, "Shared Dirtied Blocks": 0, "Shared Written Blocks": 0, "Local Hit Blocks": 0, "Local Read Blocks": 0, "Local Dirtied Blocks": 0, "Local Written Blocks": 0, "Temp Read Blocks": 0, "Temp Written Blocks": 0, "I/O Read Time": 59.255, "I/O Write Time": 0.0}]}]}]}, "Planning": {"Shared Hit Blocks": 104, "Shared Read Blocks": 26, "Shared Dirtied Blocks": 0, "Shared Written Blocks": 0, "Local Hit Blocks": 0, "Local Read Blocks": 0, "Local Dirtied Blocks": 0, "Local Written Blocks": 0, "Temp Read Blocks": 0, "Temp Written Blocks": 0, "I/O Read Time": 1.805, "I/O Write Time": 0.0}, "Planning Time": 2.684, "Triggers": [], "Execution Time": 3296.151}, "template": "scale", "query": "EXPLAIN (ANALYZE, COSTS, BUFFERS, VERBOSE, FORMAT JSON) SELECT COUNT(*) FROM title t,movie_keyword mk WHERE t.id=mk.movie_id AND t.production_year>1994 AND mk.keyword_id<2488;"}
{"planinfo": {"Plan": {"Node Type": "Aggregate", "Strategy": "Plain", "Partial Mode": "Simple", "Parallel Aware": false, "Startup Cost": 1641267.79, "Total Cost": 1641267.8, "Plan Rows": 1, "Plan Width": 8, "Actual Startup Time": 304902.781, "Actual Total Time": 304902.783, "Actual Rows": 1, "Actual Loops": 1, "Output": ["count(*)"], "Shared Hit Blocks": 74010348, "Shared Read Blocks": 91289, "Shared Dirtied Blocks": 0, "Shared Written Blocks": 0, "Local Hit Blocks": 0, "Local Read Blocks": 0, "Local Dirtied Blocks": 0, "Local Written Blocks": 0, "Temp Read Blocks": 0, "Temp Written Blocks": 0, "I/O Read Time": 2630.809, "I/O Write Time": 0.0, "Plans": [{"Node Type": "Merge Join", "Parent Relationship": "Outer", "Parallel Aware": false, "Join Type": "Inner", "Startup Cost": 142.67, "Total Cost": 1554752.14, "Plan Rows": 34606261, "Plan Width": 0, "Actual Startup Time": 0.4, "Actual Total Time": 241079.406, "Actual Rows": 606627622, "Actual Loops": 1, "Inner Unique": false, "Merge Cond": "(t.id = ci.movie_id)", "Shared Hit Blocks": 74010348, "Shared Read Blocks": 91289, "Shared Dirtied Blocks": 0, "Shared Written Blocks": 0, "Local Hit Blocks": 0, "Local Read Blocks": 0, "Local Dirtied Blocks": 0, "Local Written Blocks": 0, "Temp Read Blocks": 0, "Temp Written Blocks": 0, "I/O Read Time": 2630.809, "I/O Write Time": 0.0, "Plans": [{"Node Type": "Merge Join", "Parent Relationship": "Outer", "Parallel Aware": false, "Join Type": "Inner", "Startup Cost": 36.41, "Total Cost": 374046.38, "Plan Rows": 2410945, "Plan Width": 12, "Actual Startup Time": 0.28, "Actual Total Time": 7448.953, "Actual Rows": 8420451, "Actual Loops": 1, "Output": ["t.id", "mc.movie_id", "mk.movie_id"], "Inner Unique": false, "Merge Cond": "(t.id = mk.movie_id)", "Shared Hit Blocks": 1242507, "Shared Read Blocks": 43003, "Shared Dirtied Blocks": 0, "Shared Written Blocks": 0, "Local Hit Blocks": 0, "Local Read Blocks": 0, "Local Dirtied Blocks": 0, "Local Written Blocks": 0, "Temp Read Blocks": 0, "Temp Written Blocks": 0, "I/O Read Time": 376.058, "I/O Write Time": 0.0, "Plans": [{"Node Type": "Merge Join", "Parent Relationship": "Outer", "Parallel Aware": false, "Join Type": "Inner", "Startup Cost": 9.85, "Total Cost": 232906.54, "Plan Rows": 1347528, "Plan Width": 8, "Actual Startup Time": 0.251, "Actual Total Time": 3276.847, "Actual Rows": 1334883, "Actual Loops": 1, "Output": ["t.id", "mc.movie_id"], "Inner Unique": false, "Merge Cond": "(t.id = mc.movie_id)", "Shared Hit Blocks": 1236724, "Shared Read Blocks": 34350, "Shared Dirtied Blocks": 0, "Shared Written Blocks": 0, "Local Hit Blocks": 0, "Local Read Blocks": 0, "Local Dirtied Blocks": 0, "Local Written Blocks": 0, "Temp Read Blocks": 0, "Temp Written Blocks": 0, "I/O Read Time": 321.44, "I/O Write Time": 0.0, "Plans": [{"Node Type": "Index Only Scan", "Parent Relationship": "Outer", "Parallel Aware": false, "Scan Direction": "Forward", "Index Name": "title_pkey", "Relation Name": "title", "Schema": "public", "Alias": "t", "Startup Cost": 0.43, "Total Cost": 73940.23, "Plan Rows": 2528520, "Plan Width": 4, "Actual Startup Time": 0.019, "Actual Total Time": 710.82, "Actual Rows": 2525746, "Actual Loops": 1, "Output": ["t.id"], "Heap Fetches": 0, "Shared Hit Blocks": 23441, "Shared Read Blocks": 8963, "Shared Dirtied Blocks": 0, "Shared Written Blocks": 0, "Local Hit Blocks": 0, "Local Read Blocks": 0, "Local Dirtied Blocks": 0, "Local Written Blocks": 0, "Temp Read Blocks": 0, "Temp Written Blocks": 0, "I/O Read Time": 161.963, "I/O Write Time": 0.0}, {"Node Type": "Index Scan", "Parent Relationship": "Inner", "Parallel Aware": false, "Scan Direction": "Forward", "Index Name": "movie_id_movie_companies", "Relation Name": "movie_companies", "Schema": "public", "Alias": "mc", "Startup Cost": 0.43, "Total Cost": 135884.61, "Plan Rows": 1347528, "Plan Width": 4, "Actual Startup Time": 0.228, "Actual Total Time": 1763.167, "Actual Rows": 1334883, "Actual Loops": 1, "Output": ["mc.id", "mc.movie_id", "mc.company_id", "mc.company_type_id", "mc.note"], "Filter": "(mc.company_type_id > 1)", "Rows Removed by Filter": 1274246, "Shared Hit Blocks": 1213283, "Shared Read Blocks": 25387, "Shared Dirtied Blocks": 0, "Shared Written Blocks": 0, "Local Hit Blocks": 0, "Local Read Blocks": 0, "Local Dirtied Blocks": 0, "Local Written Blocks": 0, "Temp Read Blocks": 0, "Temp Written Blocks": 0, "I/O Read Time": 159.476, "I/O Write Time": 0.0}]}, {"Node Type": "Index Only Scan", "Parent Relationship": "Inner", "Parallel Aware": false, "Scan Direction": "Forward", "Index Name": "movie_id_movie_keyword", "Relation Name": "movie_keyword", "Schema": "public", "Alias": "mk", "Startup Cost": 0.43, "Total Cost": 102607.38, "Plan Rows": 4523930, "Plan Width": 4, "Actual Startup Time": 0.028, "Actual Total Time": 1906.305, "Actual Rows": 9199378, "Actual Loops": 1, "Output": ["mk.movie_id"], "Heap Fetches": 0, "Shared Hit Blocks": 5783, "Shared Read Blocks": 8653, "Shared Dirtied Blocks": 0, "Shared Written Blocks": 0, "Local Hit Blocks": 0, "Local Read Blocks": 0, "Local Dirtied Blocks": 0, "Local Written Blocks": 0, "Temp Read Blocks": 0, "Temp Written Blocks": 0, "I/O Read Time": 54.618, "I/O Write Time": 0.0}]}, {"Node Type": "Index Only Scan", "Parent Relationship": "Inner", "Parallel Aware": false, "Scan Direction": "Forward", "Index Name": "movie_id_cast_info", "Relation Name": "cast_info", "Schema": "public", "Alias": "ci", "Startup Cost": 0.44, "Total Cost": 738245.12, "Plan Rows": 36293912, "Plan Width": 4, "Actual Startup Time": 0.029, "Actual Total Time": 120539.954, "Actual Rows": 634229931, "Actual Loops": 1, "Output": ["ci.movie_id"], "Heap Fetches": 0, "Shared Hit Blocks": 72767841, "Shared Read Blocks": 48286, "Shared Dirtied Blocks": 0, "Shared Written Blocks": 0, "Local Hit Blocks": 0, "Local Read Blocks": 0, "Local Dirtied Blocks": 0, "Local Written Blocks": 0, "Temp Read Blocks": 0, "Temp Written Blocks": 0, "I/O Read Time": 2254.751, "I/O Write Time": 0.0}]}]}, "Planning": {"Shared Hit Blocks": 330, "Shared Read Blocks": 52, "Shared Dirtied Blocks": 0, "Shared Written Blocks": 0, "Local Hit Blocks": 0, "Local Read Blocks": 0, "Local Dirtied Blocks": 0, "Local Written Blocks": 0, "Temp Read Blocks": 0, "Temp Written Blocks": 0, "I/O Read Time": 4.056, "I/O Write Time": 0.0}, "Planning Time": 6.74, "Triggers": [], "Execution Time": 304902.922}, "template": "scale", "query": "EXPLAIN (ANALYZE, COSTS, BUFFERS, VERBOSE, FORMAT JSON) SELECT COUNT(*) FROM title t,movie_companies mc,cast_info ci,movie_keyword mk WHERE t.id=mc.movie_id AND t.id=ci.movie_id AND t.id=mk.movie_id AND mc.company_type_id>1;"}
{"planinfo": {"Plan": {"Node Type": "Aggregate", "Strategy": "Plain", "Partial Mode": "Simple", "Parallel Aware": false, "Startup Cost": 491989.98, "Total Cost": 491989.99, "Plan Rows": 1, "Plan Width": 8, "Actual Startup Time": 5208.031, "Actual Total Time": 5208.036, "Actual Rows": 1, "Actual Loops": 1, "Output": ["count(*)"], "Shared Hit Blocks": 3, "Shared Read Blocks": 205926, "Shared Dirtied Blocks": 0, "Shared Written Blocks": 0, "Local Hit Blocks": 0, "Local Read Blocks": 0, "Local Dirtied Blocks": 0, "Local Written Blocks": 0, "Temp Read Blocks": 8728, "Temp Written Blocks": 8728, "I/O Read Time": 380.979, "I/O Write Time": 0.0, "Plans": [{"Node Type": "Hash Join", "Parent Relationship": "Outer", "Parallel Aware": false, "Join Type": "Inner", "Startup Cost": 452067.96, "Total Cost": 491706.47, "Plan Rows": 113403, "Plan Width": 0, "Actual Startup Time": 4262.947, "Actual Total Time": 5168.055, "Actual Rows": 376129, "Actual Loops": 1, "Inner Unique": false, "Hash Cond": "(mi_idx.movie_id = t.id)", "Shared Hit Blocks": 3, "Shared Read Blocks": 205926, "Shared Dirtied Blocks": 0, "Shared Written Blocks": 0, "Local Hit Blocks": 0, "Local Read Blocks": 0, "Local Dirtied Blocks": 0, "Local Written Blocks": 0, "Temp Read Blocks": 8728, "Temp Written Blocks": 8728, "I/O Read Time": 380.979, "I/O Write Time": 0.0, "Plans": [{"Node Type": "Seq Scan", "Parent Relationship": "Outer", "Parallel Aware": false, "Relation Name": "movie_info_idx", "Schema": "public", "Alias": "mi_idx", "Startup Cost": 0.0, "Total Cost": 21735.35, "Plan Rows": 1380035, "Plan Width": 4, "Actual Startup Time": 0.124, "Actual Total Time": 302.379, "Actual Rows": 1380035, "Actual Loops": 1, "Output": ["mi_idx.movie_id"], "Shared Hit Blocks": 0, "Shared Read Blocks": 7935, "Shared Dirtied Blocks": 0, "Shared Written Blocks": 0, "Local Hit Blocks": 0, "Local Read Blocks": 0, "Local Dirtied Blocks": 0, "Local Written Blocks": 0, "Temp Read Blocks": 0, "Temp Written Blocks": 0, "I/O Read Time": 39.955, "I/O Write Time": 0.0}, {"Node Type": "Hash", "Parent Relationship": "Inner", "Parallel Aware": false, "Startup Cost": 448658.72, "Total Cost": 448658.72, "Plan Rows": 207779, "Plan Width": 8, "Actual Startup Time": 4262.245, "Actual Total Time": 4262.248, "Actual Rows": 156046, "Actual Loops": 1, "Output": ["t.id", "mi.movie_id"], "Hash Buckets": 131072, "Original Hash Buckets": 131072, "Hash Batches": 4, "Original Hash Batches": 4, "Peak Memory Usage": 2520, "Shared Hit Blocks": 0, "Shared Read Blocks": 197991, "Shared Dirtied Blocks": 0, "Shared Written Blocks": 0, "Local Hit Blocks": 0, "Local Read Blocks": 0, "Local Dirtied Blocks": 0, "Local Written Blocks": 0, "Temp Read Blocks": 5291, "Temp Written Blocks": 5691, "I/O Read Time": 341.024, "I/O Write Time": 0.0, "Plans": [{"Node Type": "Hash Join", "Parent Relationship": "Outer", "Parallel Aware": false, "Join Type": "Inner", "Startup Cost": 91942.43, "Total Cost": 448658.72, "Plan Rows": 207779, "Plan Width": 8, "Actual Startup Time": 2583.007, "Actual Total Time": 4213.785, "Actual Rows": 156046, "Actual Loops": 1, "Output": ["t.id", "mi.movie_id"], "Inner Unique": true, "Hash Cond": "(mi.movie_id = t.id)", "Shared Hit Blocks": 0, "Shared Read Blocks": 197991, "Shared Dirtied Blocks": 0, "Shared Written Blocks": 0, "Local Hit Blocks": 0, "Local Read Blocks": 0, "Local Dirtied Blocks": 0, "Local Written Blocks": 0, "Temp Read Blocks": 5291, "Temp Written Blocks": 5291, "I/O Read Time": 341.024, "I/O Write Time": 0.0, "Plans": [{"Node Type": "Seq Scan", "Parent Relationship": "Outer", "Parallel Aware": false, "Relation Name": "movie_info", "Schema": "public", "Alias": "mi", "Startup Cost": 0.0, "Total Cost": 347223.62, "Plan Rows": 354161, "Plan Width": 4, "Actual Startup Time": 1478.453, "Actual Total Time": 2728.637, "Actual Rows": 368218, "Actual Loops": 1, "Output": ["mi.movie_id"], "Filter": "(mi.info_type_id = 17)", "Rows Removed by Filter": 14467502, "Shared Hit Blocks": 0, "Shared Read Blocks": 161993, "Shared Dirtied Blocks": 0, "Shared Written Blocks": 0, "Local Hit Blocks": 0, "Local Read Blocks": 0, "Local Dirtied Blocks": 0, "Local Written Blocks": 0, "Temp Read Blocks": 0, "Temp Written Blocks": 0, "I/O Read Time": 283.42, "I/O Write Time": 0.0}, {"Node Type": "Hash", "Parent Relationship": "Inner", "Parallel Aware": false, "Startup Cost": 67604.5, "Total Cost": 67604.5, "Plan Rows": 1483434, "Plan Width": 4, "Actual Startup Time": 1097.46, "Actual Total Time": 1097.461, "Actual Rows": 1485030, "Actual Loops": 1, "Output": ["t.id"], "Hash Buckets": 131072, "Original Hash Buckets": 131072, "Hash Batches": 32, "Original Hash Batches": 32, "Peak Memory Usage": 2655, "Shared Hit Blocks": 0, "Shared Read Blocks": 35998, "Shared Dirtied Blocks": 0, "Shared Written Blocks": 0, "Local Hit Blocks": 0, "Local Read Blocks": 0, "Local Dirtied Blocks": 0, "Local Written Blocks": 0, "Temp Read Blocks": 0, "Temp Written Blocks": 4196, "I/O Read Time": 57.604, "I/O Write Time": 0.0, "Plans": [{"Node Type": "Seq Scan", "Parent Relationship": "Outer", "Parallel Aware": false, "Relation Name": "title", "Schema": "public", "Alias": "t", "Startup Cost": 0.0, "Total Cost": 67604.5, "Plan Rows": 1483434, "Plan Width": 4, "Actual Startup Time": 1.769, "Actual Total Time": 645.078, "Actual Rows": 1485030, "Actual Loops": 1, "Output": ["t.id"], "Filter": "(t.production_year > 1998)", "Rows Removed by Filter": 1043282, "Shared Hit Blocks": 0, "Shared Read Blocks": 35998, "Shared Dirtied Blocks": 0, "Shared Written Blocks": 0, "Local Hit Blocks": 0, "Local Read Blocks": 0, "Local Dirtied Blocks": 0, "Local Written Blocks": 0, "Temp Read Blocks": 0, "Temp Written Blocks": 0, "I/O Read Time": 57.604, "I/O Write Time": 0.0}]}]}]}]}]}, "Planning": {"Shared Hit Blocks": 188, "Shared Read Blocks": 38, "Shared Dirtied Blocks": 0, "Shared Written Blocks": 0, "Local Hit Blocks": 0, "Local Read Blocks": 0, "Local Dirtied Blocks": 0, "Local Written Blocks": 0, "Temp Read Blocks": 0, "Temp Written Blocks": 0, "I/O Read Time": 2.88, "I/O Write Time": 0.0}, "Planning Time": 4.524, "Triggers": [], "Execution Time": 5208.555}, "template": "scale", "query": "EXPLAIN (ANALYZE, COSTS, BUFFERS, VERBOSE, FORMAT JSON) SELECT COUNT(*) FROM title t,movie_info mi,movie_info_idx mi_idx WHERE t.id=mi.movie_id AND t.id=mi_idx.movie_id AND t.production_year>1998 AND mi.info_type_id=17;"}
{"planinfo": {"Plan": {"Node Type": "Aggregate", "Strategy": "Plain", "Partial Mode": "Simple", "Parallel Aware": false, "Startup Cost": 985231.37, "Total Cost": 985231.38, "Plan Rows": 1, "Plan Width": 8, "Actual Startup Time": 18496.888, "Actual Total Time": 18496.893, "Actual Rows": 1, "Actual Loops": 1, "Output": ["count(*)"], "Shared Hit Blocks": 3, "Shared Read Blocks": 252911, "Shared Dirtied Blocks": 0, "Shared Written Blocks": 0, "Local Hit Blocks": 0, "Local Read Blocks": 0, "Local Dirtied Blocks": 0, "Local Written Blocks": 0, "Temp Read Blocks": 47884, "Temp Written Blocks": 47884, "I/O Read Time": 627.524, "I/O Write Time": 0.0, "Plans": [{"Node Type": "Hash Join", "Parent Relationship": "Outer", "Parallel Aware": false, "Join Type": "Inner", "Startup Cost": 540978.69, "Total Cost": 962408.01, "Plan Rows": 9129343, "Plan Width": 0, "Actual Startup Time": 7447.193, "Actual Total Time": 17009.855, "Actual Rows": 14802622, "Actual Loops": 1, "Inner Unique": false, "Hash Cond": "(ci.movie_id = t.id)", "Shared Hit Blocks": 3, "Shared Read Blocks": 252911, "Shared Dirtied Blocks": 0, "Shared Written Blocks": 0, "Local Hit Blocks": 0, "Local Read Blocks": 0, "Local Dirtied Blocks": 0, "Local Written Blocks": 0, "Temp Read Blocks": 47884, "Temp Written Blocks": 47884, "I/O Read Time": 627.524, "I/O Write Time": 0.0, "Plans": [{"Node Type": "Index Scan", "Parent Relationship": "Outer", "Parallel Aware": false, "Scan Direction": "Forward", "Index Name": "role_id_cast_info", "Relation Name": "cast_info", "Schema": "public", "Alias": "ci", "Startup Cost": 0.44, "Total Cost": 210896.15, "Plan Rows": 7639869, "Plan Width": 4, "Actual Startup Time": 0.48, "Actual Total Time": 2960.183, "Actual Rows": 7451973, "Actual Loops": 1, "Output": ["ci.movie_id"], "Index Cond": "(ci.role_id = 2)", "Rows Removed by Index Recheck": 0, "Shared Hit Blocks": 0, "Shared Read Blocks": 54920, "Shared Dirtied Blocks": 0, "Shared Written Blocks": 0, "Local Hit Blocks": 0, "Local Read Blocks": 0, "Local Dirtied Blocks": 0, "Local Written Blocks": 0, "Temp Read Blocks": 0, "Temp Written Blocks": 0, "I/O Read Time": 281.639, "I/O Write Time": 0.0}, {"Node Type": "Hash", "Parent Relationship": "Inner", "Parallel Aware": false, "Startup Cost": 491406.73, "Total Cost": 491406.73, "Plan Rows": 3021482, "Plan Width": 8, "Actual Startup Time": 7444.41, "Actual Total Time": 7444.413, "Actual Rows": 3036719, "Actual Loops": 1, "Output": ["t.id", "mi.movie_id"], "Hash Buckets": 131072, "Original Hash Buckets": 131072, "Hash Batches": 64, "Original Hash Batches": 64, "Peak Memory Usage": 2881, "Shared Hit Blocks": 0, "Shared Read Blocks": 197991, "Shared Dirtied Blocks": 0, "Shared Written Blocks": 0, "Local Hit Blocks": 0, "Local Read Blocks": 0, "Local Dirtied Blocks": 0, "Local Written Blocks": 0, "Temp Read Blocks": 16112, "Temp Written Blocks": 26297, "I/O Read Time": 345.884, "I/O Write Time": 0.0, "Plans": [{"Node Type": "Hash Join", "Parent Relationship": "Outer", "Parallel Aware": false, "Join Type": "Inner", "Startup Cost": 102767.7, "Total Cost": 491406.73, "Plan Rows": 3021482, "Plan Width": 8, "Actual Startup Time": 2020.166, "Actual Total Time": 6505.517, "Actual Rows": 3036719, "Actual Loops": 1, "Output": ["t.id", "mi.movie_id"], "Inner Unique": true, "Hash Cond": "(mi.movie_id = t.id)", "Shared Hit Blocks": 0, "Shared Read Blocks": 197991, "Shared Dirtied Blocks": 0, "Shared Written Blocks": 0, "Local Hit Blocks": 0, "Local Read Blocks": 0, "Local Dirtied Blocks": 0, "Local Written Blocks": 0, "Temp Read Blocks": 16112, "Temp Written Blocks": 16112, "I/O Read Time": 345.884, "I/O Write Time": 0.0, "Plans": [{"Node Type": "Seq Scan", "Parent Relationship": "Outer", "Parallel Aware": false, "Relation Name": "movie_info", "Schema": "public", "Alias": "mi", "Startup Cost": 0.0, "Total Cost": 347223.62, "Plan Rows": 3021482, "Plan Width": 4, "Actual Startup Time": 721.964, "Actual Total Time": 2891.744, "Actual Rows": 3036719, "Actual Loops": 1, "Output": ["mi.movie_id"], "Filter": "(mi.info_type_id = 16)", "Rows Removed by Filter": 11799001, "Shared Hit Blocks": 0, "Shared Read Blocks": 161993, "Shared Dirtied Blocks": 0, "Shared Written Blocks": 0, "Local Hit Blocks": 0, "Local Read Blocks": 0, "Local Dirtied Blocks": 0, "Local Written Blocks": 0, "Temp Read Blocks": 0, "Temp Written Blocks": 0, "I/O Read Time": 286.82, "I/O Write Time": 0.0}, {"Node Type": "Hash", "Parent Relationship": "Inner", "Parallel Aware": false, "Startup Cost": 61283.2, "Total Cost": 61283.2, "Plan Rows": 2528520, "Plan Width": 4, "Actual Startup Time": 1295.328, "Actual Total Time": 1295.329, "Actual Rows": 2528312, "Actual Loops": 1, "Output": ["t.id"], "Hash Buckets": 131072, "Original Hash Buckets": 131072, "Hash Batches": 64, "Original Hash Batches": 64, "Peak Memory Usage": 2415, "Shared Hit Blocks": 0, "Shared Read Blocks": 35998, "Shared Dirtied Blocks": 0, "Shared Written Blocks": 0, "Local Hit Blocks": 0, "Local Read Blocks": 0, "Local Dirtied Blocks": 0, "Local Written Blocks": 0, "Temp Read Blocks": 0, "Temp Written Blocks": 7262, "I/O Read Time": 59.065, "I/O Write Time": 0.0, "Plans": [{"Node Type": "Seq Scan", "Parent Relationship": "Outer", "Parallel Aware": false, "Relation Name": "title", "Schema": "public", "Alias": "t", "Startup Cost": 0.0, "Total Cost": 61283.2, "Plan Rows": 2528520, "Plan Width": 4, "Actual Startup Time": 0.231, "Actual Total Time": 552.715, "Actual Rows": 2528312, "Actual Loops": 1, "Output": ["t.id"], "Shared Hit Blocks": 0, "Shared Read Blocks": 35998, "Shared Dirtied Blocks": 0, "Shared Written Blocks": 0, "Local Hit Blocks": 0, "Local Read Blocks": 0, "Local Dirtied Blocks": 0, "Local Written Blocks": 0, "Temp Read Blocks": 0, "Temp Written Blocks": 0, "I/O Read Time": 59.065, "I/O Write Time": 0.0}]}]}]}]}]}, "Planning": {"Shared Hit Blocks": 203, "Shared Read Blocks": 44, "Shared Dirtied Blocks": 0, "Shared Written Blocks": 0, "Local Hit Blocks": 0, "Local Read Blocks": 0, "Local Dirtied Blocks": 0, "Local Written Blocks": 0, "Temp Read Blocks": 0, "Temp Written Blocks": 0, "I/O Read Time": 3.438, "I/O Write Time": 0.0}, "Planning Time": 5.164, "Triggers": [], "Execution Time": 18497.327}, "template": "scale", "query": "EXPLAIN (ANALYZE, COSTS, BUFFERS, VERBOSE, FORMAT JSON) SELECT COUNT(*) FROM title t,cast_info ci,movie_info mi WHERE t.id=ci.movie_id AND t.id=mi.movie_id AND ci.role_id=2 AND mi.info_type_id=16;"}
{"planinfo": {"Plan": {"Node Type": "Aggregate", "Strategy": "Plain", "Partial Mode": "Simple", "Parallel Aware": false, "Startup Cost": 369561.47, "Total Cost": 369561.48, "Plan Rows": 1, "Plan Width": 8, "Actual Startup Time": 10349.452, "Actual Total Time": 10349.458, "Actual Rows": 1, "Actual Loops": 1, "Output": ["count(*)"], "Shared Hit Blocks": 2112329, "Shared Read Blocks": 83440, "Shared Dirtied Blocks": 0, "Shared Written Blocks": 0, "Local Hit Blocks": 0, "Local Read Blocks": 0, "Local Dirtied Blocks": 0, "Local Written Blocks": 0, "Temp Read Blocks": 7747, "Temp Written Blocks": 7747, "I/O Read Time": 486.189, "I/O Write Time": 0.0, "Plans": [{"Node Type": "Nested Loop", "Parent Relationship": "Outer", "Parallel Aware": false, "Join Type": "Inner", "Startup Cost": 128346.93, "Total Cost": 367955.38, "Plan Rows": 642435, "Plan Width": 0, "Actual Startup Time": 1911.659, "Actual Total Time": 8926.307, "Actual Rows": 13614904, "Actual Loops": 1, "Inner Unique": false, "Shared Hit Blocks": 2112329, "Shared Read Blocks": 83440, "Shared Dirtied Blocks": 0, "Shared Written Blocks": 0, "Local Hit Blocks": 0, "Local Read Blocks": 0, "Local Dirtied Blocks": 0, "Local Written Blocks": 0, "Temp Read Blocks": 7747, "Temp Written Blocks": 7747, "I/O Read Time": 486.189, "I/O Write Time": 0.0, "Plans": [{"Node Type": "Hash Join", "Parent Relationship": "Outer", "Parallel Aware": false, "Join Type": "Inner", "Startup Cost": 128346.49, "Total Cost": 194506.82, "Plan Rows": 109621, "Plan Width": 12, "Actual Startup Time": 1911.628, "Actual Total Time": 3156.643, "Actual Rows": 305334, "Actual Loops": 1, "Output": ["t.id", "mc.movie_id", "mi_idx.movie_id"], "Inner Unique": false, "Hash Cond": "(mc.movie_id = t.id)", "Shared Hit Blocks": 3, "Shared Read Blocks": 62723, "Shared Dirtied Blocks": 0, "Shared Written Blocks": 0, "Local Hit Blocks": 0, "Local Read Blocks": 0, "Local Dirtied Blocks": 0, "Local Written Blocks": 0, "Temp Read Blocks": 7747, "Temp Written Blocks": 7747, "I/O Read Time": 197.781, "I/O Write Time": 0.0, "Plans": [{"Node Type": "Seq Scan", "Parent Relationship": "Outer", "Parallel Aware": false, "Relation Name": "movie_companies", "Schema": "public", "Alias": "mc", "Startup Cost": 0.0, "Total Cost": 51404.11, "Plan Rows": 1095736, "Plan Width": 4, "Actual Startup Time": 0.127, "Actual Total Time": 617.982, "Actual Rows": 1113656, "Actual Loops": 1, "Output": ["mc.movie_id"], "Filter": "(mc.company_id < 7851)", "Rows Removed by Filter": 1495473, "Shared Hit Blocks": 0, "Shared Read Blocks": 18790, "Shared Dirtied Blocks": 0, "Shared Written Blocks": 0, "Local Hit Blocks": 0, "Local Read Blocks": 0, "Local Dirtied Blocks": 0, "Local Written Blocks": 0, "Temp Read Blocks": 0, "Temp Written Blocks": 0, "I/O Read Time": 98.29, "I/O Write Time": 0.0}, {"Node Type": "Hash", "Parent Relationship": "Inner", "Parallel Aware": false, "Startup Cost": 124195.48, "Total Cost": 124195.48, "Plan Rows": 252961, "Plan Width": 8, "Actual Startup Time": 1910.599, "Actual Total Time": 1910.603, "Actual Rows": 221388, "Actual Loops": 1, "Output": ["t.id", "mi_idx.movie_id"], "Hash Buckets": 131072, "Original Hash Buckets": 131072, "Hash Batches": 4, "Original Hash Batches": 4, "Peak Memory Usage": 3180, "Shared Hit Blocks": 0, "Shared Read Blocks": 43933, "Shared Dirtied Blocks": 0, "Shared Written Blocks": 0, "Local Hit Blocks": 0, "Local Read Blocks": 0, "Local Dirtied Blocks": 0, "Local Written Blocks": 0, "Temp Read Blocks": 4727, "Temp Written Blocks": 5293, "I/O Read Time": 99.491, "I/O Write Time": 0.0, "Plans": [{"Node Type": "Hash Join", "Parent Relationship": "Outer", "Parallel Aware": false, "Join Type": "Inner", "Startup Cost": 32749.24, "Total Cost": 124195.48, "Plan Rows": 252961, "Plan Width": 8, "Actual Startup Time": 436.165, "Actual Total Time": 1833.632, "Actual Rows": 221388, "Actual Loops": 1, "Output": ["t.id", "mi_idx.movie_id"], "Inner Unique": false, "Hash Cond": "(t.id = mi_idx.movie_id)", "Shared Hit Blocks": 0, "Shared Read Blocks": 43933, "Shared Dirtied Blocks": 0, "Shared Written Blocks": 0, "Local Hit Blocks": 0, "Local Read Blocks": 0, "Local Dirtied Blocks": 0, "Local Written Blocks": 0, "Temp Read Blocks": 4727, "Temp Written Blocks": 4727, "I/O Read Time": 99.491, "I/O Write Time": 0.0, "Plans": [{"Node Type": "Seq Scan", "Parent Relationship": "Outer", "Parallel Aware": false, "Relation Name": "title", "Schema": "public", "Alias": "t", "Startup Cost": 0.0, "Total Cost": 67604.5, "Plan Rows": 1387381, "Plan Width": 4, "Actual Startup Time": 0.133, "Actual Total Time": 645.143, "Actual Rows": 1381453, "Actual Loops": 1, "Output": ["t.id"], "Filter": "(t.production_year > 2000)", "Rows Removed by Filter": 1146859, "Shared Hit Blocks": 0, "Shared Read Blocks": 35998, "Shared Dirtied Blocks": 0, "Shared Written Blocks": 0, "Local Hit Blocks": 0, "Local Read Blocks": 0, "Local Dirtied Blocks": 0, "Local Written Blocks": 0, "Temp Read Blocks": 0, "Temp Written Blocks": 0, "I/O Read Time": 58.326, "I/O Write Time": 0.0}, {"Node Type": "Hash", "Parent Relationship": "Inner", "Parallel Aware": false, "Startup Cost": 25185.44, "Total Cost": 25185.44, "Plan Rows": 461024, "Plan Width": 4, "Actual Startup Time": 435.251, "Actual Total Time": 435.253, "Actual Rows": 460185, "Actual Loops": 1, "Output": ["mi_idx.movie_id"], "Hash Buckets": 131072, "Original Hash Buckets": 131072, "Hash Batches": 8, "Original Hash Batches": 8, "Peak Memory Usage": 3051, "Shared Hit Blocks": 0, "Shared Read Blocks": 7935, "Shared Dirtied Blocks": 0, "Shared Written Blocks": 0, "Local Hit Blocks": 0, "Local Read Blocks": 0, "Local Dirtied Blocks": 0, "Local Written Blocks": 0, "Temp Read Blocks": 0, "Temp Written Blocks": 1177, "I/O Read Time": 41.165, "I/O Write Time": 0.0, "Plans": [{"Node Type": "Seq Scan", "Parent Relationship": "Outer", "Parallel Aware": false, "Relation Name": "movie_info_idx", "Schema": "public", "Alias": "mi_idx", "Startup Cost": 0.0, "Total Cost": 25185.44, "Plan Rows": 461024, "Plan Width": 4, "Actual Startup Time": 0.124, "Actual Total Time": 296.991, "Actual Rows": 460185, "Actual Loops": 1, "Output": ["mi_idx.movie_id"], "Filter": "(mi_idx.info_type_id > 100)", "Rows Removed by Filter": 919850, "Shared Hit Blocks": 0, "Shared Read Blocks": 7935, "Shared Dirtied Blocks": 0, "Shared Written Blocks": 0, "Local Hit Blocks": 0, "Local Read Blocks": 0, "Local Dirtied Blocks": 0, "Local Written Blocks": 0, "Temp Read Blocks": 0, "Temp Written Blocks": 0, "I/O Read Time": 41.165, "I/O Write Time": 0.0}]}]}]}]}, {"Node Type": "Index Only Scan", "Parent Relationship": "Inner", "Parallel Aware": false, "Scan Direction": "Forward", "Index Name": "movie_id_movie_info", "Relation Name": "movie_info", "Schema": "public", "Alias": "mi", "Startup Cost": 0.43, "Total Cost": 1.19, "Plan Rows": 39, "Plan Width": 4, "Actual Startup Time": 0.006, "Actual Total Time": 0.013, "Actual Rows": 45, "Actual Loops": 305334, "Output": ["mi.movie_id"], "Index Cond": "(mi.movie_id = t.id)", "Rows Removed by Index Recheck": 0, "Heap Fetches": 0, "Shared Hit Blocks": 2112326, "Shared Read Blocks": 20717, "Shared Dirtied Blocks": 0, "Shared Written Blocks": 0, "Local Hit Blocks": 0, "Local Read Blocks": 0, "Local Dirtied Blocks": 0, "Local Written Blocks": 0, "Temp Read Blocks": 0, "Temp Written Blocks": 0, "I/O Read Time": 288.409, "I/O Write Time": 0.0}]}]}, "Planning": {"Shared Hit Blocks": 312, "Shared Read Blocks": 50, "Shared Dirtied Blocks": 0, "Shared Written Blocks": 0, "Local Hit Blocks": 0, "Local Read Blocks": 0, "Local Dirtied Blocks": 0, "Local Written Blocks": 0, "Temp Read Blocks": 0, "Temp Written Blocks": 0, "I/O Read Time": 3.872, "I/O Write Time": 0.0}, "Planning Time": 6.463, "Triggers": [], "Execution Time": 10350.044}, "template": "scale", "query": "EXPLAIN (ANALYZE, COSTS, BUFFERS, VERBOSE, FORMAT JSON) SELECT COUNT(*) FROM title t,movie_companies mc,movie_info mi,movie_info_idx mi_idx WHERE t.id=mc.movie_id AND t.id=mi.movie_id AND t.id=mi_idx.movie_id AND t.production_year>2000 AND mc.company_id<7851 AND mi_idx.info_type_id>100;"}
{"planinfo": {"Plan": {"Node Type": "Aggregate", "Strategy": "Plain", "Partial Mode": "Simple", "Parallel Aware": false, "Startup Cost": 21114.27, "Total Cost": 21114.28, "Plan Rows": 1, "Plan Width": 8, "Actual Startup Time": 322.777, "Actual Total Time": 322.778, "Actual Rows": 1, "Actual Loops": 1, "Output": ["count(*)"], "Shared Hit Blocks": 0, "Shared Read Blocks": 1312, "Shared Dirtied Blocks": 0, "Shared Written Blocks": 0, "Local Hit Blocks": 0, "Local Read Blocks": 0, "Local Dirtied Blocks": 0, "Local Written Blocks": 0, "Temp Read Blocks": 0, "Temp Written Blocks": 0, "I/O Read Time": 109.766, "I/O Write Time": 0.0, "Plans": [{"Node Type": "Index Only Scan", "Parent Relationship": "Outer", "Parallel Aware": false, "Scan Direction": "Forward", "Index Name": "keyword_id_movie_keyword", "Relation Name": "movie_keyword", "Schema": "public", "Alias": "mk", "Startup Cost": 0.43, "Total Cost": 18984.54, "Plan Rows": 851892, "Plan Width": 0, "Actual Startup Time": 0.41, "Actual Total Time": 239.344, "Actual Rows": 854713, "Actual Loops": 1, "Output": ["keyword_id"], "Index Cond": "(mk.keyword_id > 21497)", "Rows Removed by Index Recheck": 0, "Heap Fetches": 0, "Shared Hit Blocks": 0, "Shared Read Blocks": 1312, "Shared Dirtied Blocks": 0, "Shared Written Blocks": 0, "Local Hit Blocks": 0, "Local Read Blocks": 0, "Local Dirtied Blocks": 0, "Local Written Blocks": 0, "Temp Read Blocks": 0, "Temp Written Blocks": 0, "I/O Read Time": 109.766, "I/O Write Time": 0.0}]}, "Planning": {"Shared Hit Blocks": 51, "Shared Read Blocks": 9, "Shared Dirtied Blocks": 0, "Shared Written Blocks": 0, "Local Hit Blocks": 0, "Local Read Blocks": 0, "Local Dirtied Blocks": 0, "Local Written Blocks": 0, "Temp Read Blocks": 0, "Temp Written Blocks": 0, "I/O Read Time": 0.588, "I/O Write Time": 0.0}, "Planning Time": 0.996, "Triggers": [], "Execution Time": 322.811}, "template": "scale", "query": "EXPLAIN (ANALYZE, COSTS, BUFFERS, VERBOSE, FORMAT JSON) SELECT COUNT(*) FROM movie_keyword mk WHERE mk.keyword_id>21497;"}
{"planinfo": {"Plan": {"Node Type": "Aggregate", "Strategy": "Plain", "Partial Mode": "Simple", "Parallel Aware": false, "Startup Cost": 177986.22, "Total Cost": 177986.23, "Plan Rows": 1, "Plan Width": 8, "Actual Startup Time": 2161.535, "Actual Total Time": 2161.536, "Actual Rows": 1, "Actual Loops": 1, "Output": ["count(*)"], "Shared Hit Blocks": 275661, "Shared Read Blocks": 9690, "Shared Dirtied Blocks": 0, "Shared Written Blocks": 0, "Local Hit Blocks": 0, "Local Read Blocks": 0, "Local Dirtied Blocks": 0, "Local Written Blocks": 0, "Temp Read Blocks": 0, "Temp Written Blocks": 0, "I/O Read Time": 353.628, "I/O Write Time": 0.0, "Plans": [{"Node Type": "Index Only Scan", "Parent Relationship": "Outer", "Parallel Aware": false, "Scan Direction": "Forward", "Index Name": "person_id_cast_info", "Relation Name": "cast_info", "Schema": "public", "Alias": "ci", "Startup Cost": 0.44, "Total Cost": 160745.0, "Plan Rows": 6896489, "Plan Width": 0, "Actual Startup Time": 0.486, "Actual Total Time": 1481.281, "Actual Rows": 6798769, "Actual Loops": 1, "Output": ["person_id"], "Index Cond": "(ci.person_id > 2982128)", "Rows Removed by Index Recheck": 0, "Heap Fetches": 0, "Shared Hit Blocks": 275661, "Shared Read Blocks": 9690, "Shared Dirtied Blocks": 0, "Shared Written Blocks": 0, "Local Hit Blocks": 0, "Local Read Blocks": 0, "Local Dirtied Blocks": 0, "Local Written Blocks": 0, "Temp Read Blocks": 0, "Temp Written Blocks": 0, "I/O Read Time": 353.628, "I/O Write Time": 0.0}]}, "Planning": {"Shared Hit Blocks": 72, "Shared Read Blocks": 13, "Shared Dirtied Blocks": 0, "Shared Written Blocks": 0, "Local Hit Blocks": 0, "Local Read Blocks": 0, "Local Dirtied Blocks": 0, "Local Written Blocks": 0, "Temp Read Blocks": 0, "Temp Written Blocks": 0, "I/O Read Time": 1.002, "I/O Write Time": 0.0}, "Planning Time": 1.615, "Triggers": [], "Execution Time": 2161.59}, "template": "scale", "query": "EXPLAIN (ANALYZE, COSTS, BUFFERS, VERBOSE, FORMAT JSON) SELECT COUNT(*) FROM cast_info ci WHERE ci.person_id>2982128;"}
{"planinfo": {"Plan": {"Node Type": "Aggregate", "Strategy": "Plain", "Partial Mode": "Simple", "Parallel Aware": false, "Startup Cost": 63417.49, "Total Cost": 63417.5, "Plan Rows": 1, "Plan Width": 8, "Actual Startup Time": 848.303, "Actual Total Time": 848.304, "Actual Rows": 1, "Actual Loops": 1, "Output": ["count(*)"], "Shared Hit Blocks": 0, "Shared Read Blocks": 2786, "Shared Dirtied Blocks": 0, "Shared Written Blocks": 0, "Local Hit Blocks": 0, "Local Read Blocks": 0, "Local Dirtied Blocks": 0, "Local Written Blocks": 0, "Temp Read Blocks": 0, "Temp Written Blocks": 0, "I/O Read Time": 224.564, "I/O Write Time": 0.0, "Plans": [{"Node Type": "Index Only Scan", "Parent Relationship": "Outer", "Parallel Aware": false, "Scan Direction": "Forward", "Index Name": "keyword_id_movie_keyword", "Relation Name": "movie_keyword", "Schema": "public", "Alias": "mk", "Startup Cost": 0.43, "Total Cost": 57019.86, "Plan Rows": 2559053, "Plan Width": 0, "Actual Startup Time": 0.274, "Actual Total Time": 593.166, "Actual Rows": 2547786, "Actual Loops": 1, "Output": ["keyword_id"], "Index Cond": "(mk.keyword_id < 6412)", "Rows Removed by Index Recheck": 0, "Heap Fetches": 0, "Shared Hit Blocks": 0, "Shared Read Blocks": 2786, "Shared Dirtied Blocks": 0, "Shared Written Blocks": 0, "Local Hit Blocks": 0, "Local Read Blocks": 0, "Local Dirtied Blocks": 0, "Local Written Blocks": 0, "Temp Read Blocks": 0, "Temp Written Blocks": 0, "I/O Read Time": 224.564, "I/O Write Time": 0.0}]}, "Planning": {"Shared Hit Blocks": 47, "Shared Read Blocks": 9, "Shared Dirtied Blocks": 0, "Shared Written Blocks": 0, "Local Hit Blocks": 0, "Local Read Blocks": 0, "Local Dirtied Blocks": 0, "Local Written Blocks": 0, "Temp Read Blocks": 0, "Temp Written Blocks": 0, "I/O Read Time": 0.585, "I/O Write Time": 0.0}, "Planning Time": 0.977, "Triggers": [], "Execution Time": 848.337}, "template": "scale", "query": "EXPLAIN (ANALYZE, COSTS, BUFFERS, VERBOSE, FORMAT JSON) SELECT COUNT(*) FROM movie_keyword mk WHERE mk.keyword_id<6412;"}
{"planinfo": {"Plan": {"Node Type": "Aggregate", "Strategy": "Plain", "Partial Mode": "Simple", "Parallel Aware": false, "Startup Cost": 416366.24, "Total Cost": 416366.25, "Plan Rows": 1, "Plan Width": 8, "Actual Startup Time": 17827.387, "Actual Total Time": 17827.389, "Actual Rows": 1, "Actual Loops": 1, "Output": ["count(*)"], "Shared Hit Blocks": 1267818, "Shared Read Blocks": 43003, "Shared Dirtied Blocks": 0, "Shared Written Blocks": 0, "Local Hit Blocks": 0, "Local Read Blocks": 0, "Local Dirtied Blocks": 0, "Local Written Blocks": 0, "Temp Read Blocks": 0, "Temp Written Blocks": 0, "I/O Read Time": 352.921, "I/O Write Time": 0.0, "Plans": [{"Node Type": "Merge Join", "Parent Relationship": "Outer", "Parallel Aware": false, "Join Type": "Inner", "Startup Cost": 38.19, "Total Cost": 405992.42, "Plan Rows": 4149527, "Plan Width": 0, "Actual Startup Time": 0.202, "Actual Total Time": 14460.516, "Actual Rows": 32454121, "Actual Loops": 1, "Inner Unique": false, "Merge Cond": "(t.id = mk.movie_id)", "Shared Hit Blocks": 1267818, "Shared Read Blocks": 43003, "Shared Dirtied Blocks": 0, "Shared Written Blocks": 0, "Local Hit Blocks": 0, "Local Read Blocks": 0, "Local Dirtied Blocks": 0, "Local Written Blocks": 0, "Temp Read Blocks": 0, "Temp Written Blocks": 0, "I/O Read Time": 352.921, "I/O Write Time": 0.0, "Plans": [{"Node Type": "Merge Join", "Parent Relationship": "Outer", "Parallel Aware": false, "Join Type": "Inner", "Startup Cost": 9.96, "Total Cost": 245053.16, "Plan Rows": 2319258, "Plan Width": 8, "Actual Startup Time": 0.173, "Actual Total Time": 3360.915, "Actual Rows": 2326548, "Actual Loops": 1, "Output": ["t.id", "mc.movie_id"], "Inner Unique": false, "Merge Cond": "(t.id = mc.movie_id)", "Shared Hit Blocks": 1236724, "Shared Read Blocks": 34350, "Shared Dirtied Blocks": 0, "Shared Written Blocks": 0, "Local Hit Blocks": 0, "Local Read Blocks": 0, "Local Dirtied Blocks": 0, "Local Written Blocks": 0, "Temp Read Blocks": 0, "Temp Written Blocks": 0, "I/O Read Time": 304.848, "I/O Write Time": 0.0, "Plans": [{"Node Type": "Index Only Scan", "Parent Relationship": "Outer", "Parallel Aware": false, "Scan Direction": "Forward", "Index Name": "title_pkey", "Relation Name": "title", "Schema": "public", "Alias": "t", "Startup Cost": 0.43, "Total Cost": 73940.23, "Plan Rows": 2528520, "Plan Width": 4, "Actual Startup Time": 0.025, "Actual Total Time": 575.283, "Actual Rows": 2525746, "Actual Loops": 1, "Output": ["t.id"], "Heap Fetches": 0, "Shared Hit Blocks": 23441, "Shared Read Blocks": 8963, "Shared Dirtied Blocks": 0, "Shared Written Blocks": 0, "Local Hit Blocks": 0, "Local Read Blocks": 0, "Local Dirtied Blocks": 0, "Local Written Blocks": 0, "Temp Read Blocks": 0, "Temp Written Blocks": 0, "I/O Read Time": 159.479, "I/O Write Time": 0.0}, {"Node Type": "Index Scan", "Parent Relationship": "Inner", "Parallel Aware": false, "Scan Direction": "Forward", "Index Name": "movie_id_movie_companies", "Relation Name": "movie_companies", "Schema": "public", "Alias": "mc", "Startup Cost": 0.43, "Total Cost": 135884.61, "Plan Rows": 2319258, "Plan Width": 4, "Actual Startup Time": 0.144, "Actual Total Time": 1744.351, "Actual Rows": 2326548, "Actual Loops": 1, "Output": ["mc.id", "mc.movie_id", "mc.company_id", "mc.company_type_id", "mc.note"], "Filter": "(mc.company_id < 95601)", "Rows Removed by Filter": 282581, "Shared Hit Blocks": 1213283, "Shared Read Blocks": 25387, "Shared Dirtied Blocks": 0, "Shared Written Blocks": 0, "Local Hit Blocks": 0, "Local Read Blocks": 0, "Local Dirtied Blocks": 0, "Local Written Blocks": 0, "Temp Read Blocks": 0, "Temp Written Blocks": 0, "I/O Read Time": 145.369, "I/O Write Time": 0.0}]}, {"Node Type": "Index Only Scan", "Parent Relationship": "Inner", "Parallel Aware": false, "Scan Direction": "Forward", "Index Name": "movie_id_movie_keyword", "Relation Name": "movie_keyword", "Schema": "public", "Alias": "mk", "Startup Cost": 0.43, "Total Cost": 102607.38, "Plan Rows": 4523930, "Plan Width": 4, "Actual Startup Time": 0.028, "Actual Total Time": 4921.348, "Actual Rows": 33064569, "Actual Loops": 1, "Output": ["mk.movie_id"], "Heap Fetches": 0, "Shared Hit Blocks": 31094, "Shared Read Blocks": 8653, "Shared Dirtied Blocks": 0, "Shared Written Blocks": 0, "Local Hit Blocks": 0, "Local Read Blocks": 0, "Local Dirtied Blocks": 0, "Local Written Blocks": 0, "Temp Read Blocks": 0, "Temp Written Blocks": 0, "I/O Read Time": 48.073, "I/O Write Time": 0.0}]}]}, "Planning": {"Shared Hit Blocks": 193, "Shared Read Blocks": 38, "Shared Dirtied Blocks": 0, "Shared Written Blocks": 0, "Local Hit Blocks": 0, "Local Read Blocks": 0, "Local Dirtied Blocks": 0, "Local Written Blocks": 0, "Temp Read Blocks": 0, "Temp Written Blocks": 0, "I/O Read Time": 2.944, "I/O Write Time": 0.0}, "Planning Time": 4.688, "Triggers": [], "Execution Time": 17827.522}, "template": "scale", "query": "EXPLAIN (ANALYZE, COSTS, BUFFERS, VERBOSE, FORMAT JSON) SELECT COUNT(*) FROM title t,movie_companies mc,movie_keyword mk WHERE t.id=mc.movie_id AND t.id=mk.movie_id AND mc.company_id<95601;"}
{"planinfo": {"Plan": {"Node Type": "Aggregate", "Strategy": "Plain", "Partial Mode": "Simple", "Parallel Aware": false, "Startup Cost": 1475224.18, "Total Cost": 1475224.19, "Plan Rows": 1, "Plan Width": 8, "Actual Startup Time": 25329.961, "Actual Total Time": 25329.969, "Actual Rows": 1, "Actual Loops": 1, "Output": ["count(*)"], "Shared Hit Blocks": 3, "Shared Read Blocks": 475132, "Shared Dirtied Blocks": 0, "Shared Written Blocks": 0, "Local Hit Blocks": 0, "Local Read Blocks": 0, "Local Dirtied Blocks": 0, "Local Written Blocks": 0, "Temp Read Blocks": 52159, "Temp Written Blocks": 52159, "I/O Read Time": 861.81, "I/O Write Time": 0.0, "Plans": [{"Node Type": "Hash Join", "Parent Relationship": "Outer", "Parallel Aware": false, "Join Type": "Inner", "Startup Cost": 621244.77, "Total Cost": 1468244.84, "Plan Rows": 2791739, "Plan Width": 0, "Actual Startup Time": 11752.213, "Actual Total Time": 23371.154, "Actual Rows": 19659246, "Actual Loops": 1, "Inner Unique": false, "Hash Cond": "(ci.movie_id = t.id)", "Shared Hit Blocks": 3, "Shared Read Blocks": 475132, "Shared Dirtied Blocks": 0, "Shared Written Blocks": 0, "Local Hit Blocks": 0, "Local Read Blocks": 0, "Local Dirtied Blocks": 0, "Local Written Blocks": 0, "Temp Read Blocks": 52159, "Temp Written Blocks": 52159, "I/O Read Time": 861.81, "I/O Write Time": 0.0, "Plans": [{"Node Type": "Seq Scan", "Parent Relationship": "Outer", "Parallel Aware": false, "Relation Name": "cast_info", "Schema": "public", "Alias": "ci", "Startup Cost": 0.0, "Total Cost": 706360.9, "Plan Rows": 9432744, "Plan Width": 4, "Actual Startup Time": 3274.929, "Actual Total Time": 6831.559, "Actual Rows": 9347883, "Actual Loops": 1, "Output": ["ci.movie_id"], "Filter": "(ci.person_id > 2767669)", "Rows Removed by Filter": 26896461, "Shared Hit Blocks": 0, "Shared Read Blocks": 252687, "Shared Dirtied Blocks": 0, "Shared Written Blocks": 0, "Local Hit Blocks": 0, "Local Read Blocks": 0, "Local Dirtied Blocks": 0, "Local Written Blocks": 0, "Temp Read Blocks": 0, "Temp Written Blocks": 0, "I/O Read Time": 401.424, "I/O Write Time": 0.0}, {"Node Type": "Hash", "Parent Relationship": "Inner", "Parallel Aware": false, "Startup Cost": 608235.43, "Total Cost": 608235.43, "Plan Rows": 748347, "Plan Width": 12, "Actual Startup Time": 8475.179, "Actual Total Time": 8475.184, "Actual Rows": 1429827, "Actual Loops": 1, "Output": ["t.id", "mi.movie_id", "mk.movie_id"], "Hash Buckets": 131072, "Original Hash Buckets": 131072, "Hash Batches": 32, "Original Hash Batches": 16, "Peak Memory Usage": 3073, "Shared Hit Blocks": 0, "Shared Read Blocks": 222445, "Shared Dirtied Blocks": 0, "Shared Written Blocks": 0, "Local Hit Blocks": 0, "Local Read Blocks": 0, "Local Dirtied Blocks": 0, "Local Written Blocks": 0, "Temp Read Blocks": 20172, "Temp Written Blocks": 25570, "I/O Read Time": 460.386, "I/O Write Time": 0.0, "Plans": [{"Node Type": "Hash Join", "Parent Relationship": "Outer", "Parallel Aware": false, "Join Type": "Inner", "Startup Cost": 232838.88, "Total Cost": 608235.43, "Plan Rows": 748347, "Plan Width": 12, "Actual Startup Time": 6052.649, "Actual Total Time": 7992.029, "Actual Rows": 1429827, "Actual Loops": 1, "Output": ["t.id", "mi.movie_id", "mk.movie_id"], "Inner Unique": false, "Hash Cond": "(mi.movie_id = t.id)", "Shared Hit Blocks": 0, "Shared Read Blocks": 222445, "Shared Dirtied Blocks": 0, "Shared Written Blocks": 0, "Local Hit Blocks": 0, "Local Read Blocks": 0, "Local Dirtied Blocks": 0, "Local Written Blocks": 0, "Temp Read Blocks": 20172, "Temp Written Blocks": 20172, "I/O Read Time": 460.386, "I/O Write Time": 0.0, "Plans": [{"Node Type": "Seq Scan", "Parent Relationship": "Outer", "Parallel Aware": false, "Relation Name": "movie_info", "Schema": "public", "Alias": "mi", "Startup Cost": 0.0, "Total Cost": 347223.62, "Plan Rows": 1296120, "Plan Width": 4, "Actual Startup Time": 1950.154, "Actual Total Time": 2770.248, "Actual Rows": 1288928, "Actual Loops": 1, "Output": ["mi.movie_id"], "Filter": "(mi.info_type_id = 2)", "Rows Removed by Filter": 13546792, "Shared Hit Blocks": 0, "Shared Read Blocks": 161993, "Shared Dirtied Blocks": 0, "Shared Written Blocks": 0, "Local Hit Blocks": 0, "Local Read Blocks": 0, "Local Dirtied Blocks": 0, "Local Written Blocks": 0, "Temp Read Blocks": 0, "Temp Written Blocks": 0, "I/O Read Time": 281.766, "I/O Write Time": 0.0}, {"Node Type": "Hash", "Parent Relationship": "Inner", "Parallel Aware": false, "Startup Cost": 208887.08, "Total Cost": 208887.08, "Plan Rows": 1459904, "Plan Width": 8, "Actual Startup Time": 4090.391, "Actual Total Time": 4090.394, "Actual Rows": 1474634, "Actual Loops": 1, "Output": ["t.id", "mk.movie_id"], "Hash Buckets": 131072, "Original Hash Buckets": 131072, "Hash Batches": 32, "Original Hash Batches": 32, "Peak Memory Usage": 2811, "Shared Hit Blocks": 0, "Shared Read Blocks": 60452, "Shared Dirtied Blocks": 0, "Shared Written Blocks": 0, "Local Hit Blocks": 0, "Local Read Blocks": 0, "Local Dirtied Blocks": 0, "Local Written Blocks": 0, "Temp Read Blocks": 11604, "Temp Written Blocks": 16469, "I/O Read Time": 178.621, "I/O Write Time": 0.0, "Plans": [{"Node Type": "Hash Join", "Parent Relationship": "Outer", "Parallel Aware": false, "Join Type": "Inner", "Startup Cost": 102767.7, "Total Cost": 208887.08, "Plan Rows": 1459904, "Plan Width": 8, "Actual Startup Time": 1307.977, "Actual Total Time": 3635.761, "Actual Rows": 1474634, "Actual Loops": 1, "Output": ["t.id", "mk.movie_id"], "Inner Unique": true, "Hash Cond": "(mk.movie_id = t.id)", "Shared Hit Blocks": 0, "Shared Read Blocks": 60452, "Shared Dirtied Blocks": 0, "Shared Written Blocks": 0, "Local Hit Blocks": 0, "Local Read Blocks": 0, "Local Dirtied Blocks": 0, "Local Written Blocks": 0, "Temp Read Blocks": 11604, "Temp Written Blocks": 11604, "I/O Read Time": 178.621, "I/O Write Time": 0.0, "Plans": [{"Node Type": "Seq Scan", "Parent Relationship": "Outer", "Parallel Aware": false, "Relation Name": "movie_keyword", "Schema": "public", "Alias": "mk", "Startup Cost": 0.0, "Total Cost": 81003.12, "Plan Rows": 1459904, "Plan Width": 4, "Actual Startup Time": 5.953, "Actual Total Time": 964.809, "Actual Rows": 1474634, "Actual Loops": 1, "Output": ["mk.movie_id"], "Filter": "(mk.keyword_id > 11171)", "Rows Removed by Filter": 3049296, "Shared Hit Blocks": 0, "Shared Read Blocks": 24454, "Shared Dirtied Blocks": 0, "Shared Written Blocks": 0, "Local Hit Blocks": 0, "Local Read Blocks": 0, "Local Dirtied Blocks": 0, "Local Written Blocks": 0, "Temp Read Blocks": 0, "Temp Written Blocks": 0, "I/O Read Time": 122.219, "I/O Write Time": 0.0}, {"Node Type": "Hash", "Parent Relationship": "Inner", "Parallel Aware": false, "Startup Cost": 61283.2, "Total Cost": 61283.2, "Plan Rows": 2528520, "Plan Width": 4, "Actual Startup Time": 1298.153, "Actual Total Time": 1298.155, "Actual Rows": 2528312, "Actual Loops": 1, "Output": ["t.id"], "Hash Buckets": 131072, "Original Hash Buckets": 131072, "Hash Batches": 64, "Original Hash Batches": 64, "Peak Memory Usage": 2415, "Shared Hit Blocks": 0, "Shared Read Blocks": 35998, "Shared Dirtied Blocks": 0, "Shared Written Blocks": 0, "Local Hit Blocks": 0, "Local Read Blocks": 0, "Local Dirtied Blocks": 0, "Local Written Blocks": 0, "Temp Read Blocks": 0, "Temp Written Blocks": 7262, "I/O Read Time": 56.402, "I/O Write Time": 0.0, "Plans": [{"Node Type": "Seq Scan", "Parent Relationship": "Outer", "Parallel Aware": false, "Relation Name": "title", "Schema": "public", "Alias": "t", "Startup Cost": 0.0, "Total Cost": 61283.2, "Plan Rows": 2528520, "Plan Width": 4, "Actual Startup Time": 0.146, "Actual Total Time": 547.925, "Actual Rows": 2528312, "Actual Loops": 1, "Output": ["t.id"], "Shared Hit Blocks": 0, "Shared Read Blocks": 35998, "Shared Dirtied Blocks": 0, "Shared Written Blocks": 0, "Local Hit Blocks": 0, "Local Read Blocks": 0, "Local Dirtied Blocks": 0, "Local Written Blocks": 0, "Temp Read Blocks": 0, "Temp Written Blocks": 0, "I/O Read Time": 56.402, "I/O Write Time": 0.0}]}]}]}]}]}]}]}, "Planning": {"Shared Hit Blocks": 325, "Shared Read Blocks": 51, "Shared Dirtied Blocks": 0, "Shared Written Blocks": 0, "Local Hit Blocks": 0, "Local Read Blocks": 0, "Local Dirtied Blocks": 0, "Local Written Blocks": 0, "Temp Read Blocks": 0, "Temp Written Blocks": 0, "I/O Read Time": 4.239, "I/O Write Time": 0.0}, "Planning Time": 7.231, "Triggers": [], "Execution Time": 25330.991}, "template": "scale", "query": "EXPLAIN (ANALYZE, COSTS, BUFFERS, VERBOSE, FORMAT JSON) SELECT COUNT(*) FROM title t,cast_info ci,movie_info mi,movie_keyword mk WHERE t.id=ci.movie_id AND t.id=mi.movie_id AND t.id=mk.movie_id AND ci.person_id>2767669 AND mi.info_type_id=2 AND mk.keyword_id>11171;"}
{"planinfo": {"Plan": {"Node Type": "Aggregate", "Strategy": "Plain", "Partial Mode": "Simple", "Parallel Aware": false, "Startup Cost": 35594.17, "Total Cost": 35594.18, "Plan Rows": 1, "Plan Width": 8, "Actual Startup Time": 381.446, "Actual Total Time": 381.447, "Actual Rows": 1, "Actual Loops": 1, "Output": ["count(*)"], "Shared Hit Blocks": 2, "Shared Read Blocks": 1223, "Shared Dirtied Blocks": 0, "Shared Written Blocks": 0, "Local Hit Blocks": 0, "Local Read Blocks": 0, "Local Dirtied Blocks": 0, "Local Written Blocks": 0, "Temp Read Blocks": 0, "Temp Written Blocks": 0, "I/O Read Time": 8.271, "I/O Write Time": 0.0, "Plans": [{"Node Type": "Index Only Scan", "Parent Relationship": "Outer", "Parallel Aware": false, "Scan Direction": "Forward", "Index Name": "kind_id_title", "Relation Name": "title", "Schema": "public", "Alias": "t", "Startup Cost": 0.43, "Total Cost": 31751.45, "Plan Rows": 1537087, "Plan Width": 0, "Actual Startup Time": 0.544, "Actual Total Time": 231.292, "Actual Rows": 1555864, "Actual Loops": 1, "Output": ["kind_id"], "Index Cond": "(t.kind_id > 4)", "Rows Removed by Index Recheck": 0, "Heap Fetches": 0, "Shared Hit Blocks": 2, "Shared Read Blocks": 1223, "Shared Dirtied Blocks": 0, "Shared Written Blocks": 0, "Local Hit Blocks": 0, "Local Read Blocks": 0, "Local Dirtied Blocks": 0, "Local Written Blocks": 0, "Temp Read Blocks": 0, "Temp Written Blocks": 0, "I/O Read Time": 8.271, "I/O Write Time": 0.0}]}, "Planning": {"Shared Hit Blocks": 37, "Shared Read Blocks": 7, "Shared Dirtied Blocks": 0, "Shared Written Blocks": 0, "Local Hit Blocks": 0, "Local Read Blocks": 0, "Local Dirtied Blocks": 0, "Local Written Blocks": 0, "Temp Read Blocks": 0, "Temp Written Blocks": 0, "I/O Read Time": 0.473, "I/O Write Time": 0.0}, "Planning Time": 0.847, "Triggers": [], "Execution Time": 381.487}, "template": "scale", "query": "EXPLAIN (ANALYZE, COSTS, BUFFERS, VERBOSE, FORMAT JSON) SELECT COUNT(*) FROM title t WHERE t.kind_id>4;"}
{"planinfo": {"Plan": {"Node Type": "Aggregate", "Strategy": "Plain", "Partial Mode": "Simple", "Parallel Aware": false, "Startup Cost": 2198.21, "Total Cost": 2198.22, "Plan Rows": 1, "Plan Width": 8, "Actual Startup Time": 23.041, "Actual Total Time": 23.042, "Actual Rows": 1, "Actual Loops": 1, "Output": ["count(*)"], "Shared Hit Blocks": 259, "Shared Read Blocks": 245, "Shared Dirtied Blocks": 0, "Shared Written Blocks": 0, "Local Hit Blocks": 0, "Local Read Blocks": 0, "Local Dirtied Blocks": 0, "Local Written Blocks": 0, "Temp Read Blocks": 0, "Temp Written Blocks": 0, "I/O Read Time": 21.847, "I/O Write Time": 0.0, "Plans": [{"Node Type": "Nested Loop", "Parent Relationship": "Outer", "Parallel Aware": false, "Join Type": "Inner", "Startup Cost": 1.29, "Total Cost": 2197.87, "Plan Rows": 134, "Plan Width": 0, "Actual Startup Time": 0.522, "Actual Total Time": 23.007, "Actual Rows": 177, "Actual Loops": 1, "Inner Unique": false, "Shared Hit Blocks": 259, "Shared Read Blocks": 245, "Shared Dirtied Blocks": 0, "Shared Written Blocks": 0, "Local Hit Blocks": 0, "Local Read Blocks": 0, "Local Dirtied Blocks": 0, "Local Written Blocks": 0, "Temp Read Blocks": 0, "Temp Written Blocks": 0, "I/O Read Time": 21.847, "I/O Write Time": 0.0, "Plans": [{"Node Type": "Nested Loop", "Parent Relationship": "Outer", "Parallel Aware": false, "Join Type": "Inner", "Startup Cost": 0.86, "Total Cost": 2070.65, "Plan Rows": 246, "Plan Width": 8, "Actual Startup Time": 0.494, "Actual Total Time": 15.212, "Actual Rows": 71, "Actual Loops": 1, "Output": ["t.id", "mk.movie_id"], "Inner Unique": true, "Shared Hit Blocks": 128, "Shared Read Blocks": 162, "Shared Dirtied Blocks": 0, "Shared Written Blocks": 0, "Local Hit Blocks": 0, "Local Read Blocks": 0, "Local Dirtied Blocks": 0, "Local Written Blocks": 0, "Temp Read Blocks": 0, "Temp Written Blocks": 0, "I/O Read Time": 14.551, "I/O Write Time": 0.0, "Plans": [{"Node Type": "Index Scan", "Parent Relationship": "Outer", "Parallel Aware": false, "Scan Direction": "Forward", "Index Name": "keyword_id_movie_keyword", "Relation Name": "movie_keyword", "Schema": "public", "Alias": "mk", "Startup Cost": 0.43, "Total Cost": 988.56, "Plan Rows": 246, "Plan Width": 4, "Actual Startup Time": 0.377, "Actual Total Time": 6.638, "Actual Rows": 71, "Actual Loops": 1, "Output": ["mk.id", "mk.movie_id", "mk.keyword_id"], "Index Cond": "(mk.keyword_id = 3054)", "Rows Removed by Index Recheck": 0, "Shared Hit Blocks": 0, "Shared Read Blocks": 73, "Shared Dirtied Blocks": 0, "Shared Written Blocks": 0, "Local Hit Blocks": 0, "Local Read Blocks": 0, "Local Dirtied Blocks": 0, "Local Written Blocks": 0, "Temp Read Blocks": 0, "Temp Written Blocks": 0, "I/O Read Time": 6.471, "I/O Write Time": 0.0}, {"Node Type": "Index Only Scan", "Parent Relationship": "Inner", "Parallel Aware": false, "Scan Direction": "Forward", "Index Name": "title_pkey", "Relation Name": "title", "Schema": "public", "Alias": "t", "Startup Cost": 0.43, "Total Cost": 4.4, "Plan Rows": 1, "Plan Width": 4, "Actual Startup Time": 0.12, "Actual Total Time": 0.12, "Actual Rows": 1, "Actual Loops": 71, "Output": ["t.id"], "Index Cond": "(t.id = mk.movie_id)", "Rows Removed by Index Recheck": 0, "Heap Fetches": 0, "Shared Hit Blocks": 128, "Shared Read Blocks": 89, "Shared Dirtied Blocks": 0, "Shared Written Blocks": 0, "Local Hit Blocks": 0, "Local Read Blocks": 0, "Local Dirtied Blocks": 0, "Local Written Blocks": 0, "Temp Read Blocks": 0, "Temp Written Blocks": 0, "I/O Read Time": 8.079, "I/O Write Time": 0.0}]}, {"Node Type": "Index Only Scan", "Parent Relationship": "Inner", "Parallel Aware": false, "Scan Direction": "Forward", "Index Name": "movie_id_movie_info_idx", "Relation Name": "movie_info_idx", "Schema": "public", "Alias": "mi_idx", "Startup Cost": 0.43, "Total Cost": 0.49, "Plan Rows": 3, "Plan Width": 4, "Actual Startup Time": 0.108, "Actual Total Time": 0.109, "Actual Rows": 2, "Actual Loops": 71, "Output": ["mi_idx.movie_id"], "Index Cond": "(mi_idx.movie_id = t.id)", "Rows Removed by Index Recheck": 0, "Heap Fetches": 0, "Shared Hit Blocks": 131, "Shared Read Blocks": 83, "Shared Dirtied Blocks": 0, "Shared Written Blocks": 0, "Local Hit Blocks": 0, "Local Read Blocks": 0, "Local Dirtied Blocks": 0, "Local Written Blocks": 0, "Temp Read Blocks": 0, "Temp Written Blocks": 0, "I/O Read Time": 7.296, "I/O Write Time": 0.0}]}]}, "Planning": {"Shared Hit Blocks": 183, "Shared Read Blocks": 36, "Shared Dirtied Blocks": 0, "Shared Written Blocks": 0, "Local Hit Blocks": 0, "Local Read Blocks": 0, "Local Dirtied Blocks": 0, "Local Written Blocks": 0, "Temp Read Blocks": 0, "Temp Written Blocks": 0, "I/O Read Time": 2.727, "I/O Write Time": 0.0}, "Planning Time": 4.379, "Triggers": [], "Execution Time": 23.14}, "template": "scale", "query": "EXPLAIN (ANALYZE, COSTS, BUFFERS, VERBOSE, FORMAT JSON) SELECT COUNT(*) FROM title t,movie_info_idx mi_idx,movie_keyword mk WHERE t.id=mi_idx.movie_id AND t.id=mk.movie_id AND mk.keyword_id=3054;"}
{"planinfo": {"Plan": {"Node Type": "Aggregate", "Strategy": "Plain", "Partial Mode": "Simple", "Parallel Aware": false, "Startup Cost": 709009.16, "Total Cost": 709009.17, "Plan Rows": 1, "Plan Width": 8, "Actual Startup Time": 101487.107, "Actual Total Time": 101487.109, "Actual Rows": 1, "Actual Loops": 1, "Output": ["count(*)"], "Shared Hit Blocks": 17900100, "Shared Read Blocks": 72409, "Shared Dirtied Blocks": 0, "Shared Written Blocks": 0, "Local Hit Blocks": 0, "Local Read Blocks": 0, "Local Dirtied Blocks": 0, "Local Written Blocks": 0, "Temp Read Blocks": 0, "Temp Written Blocks": 0, "I/O Read Time": 587.781, "I/O Write Time": 0.0, "Plans": [{"Node Type": "Merge Join", "Parent Relationship": "Outer", "Parallel Aware": false, "Join Type": "Inner", "Startup Cost": 48.58, "Total Cost": 697936.9, "Plan Rows": 4428905, "Plan Width": 0, "Actual Startup Time": 0.319, "Actual Total Time": 80927.301, "Actual Rows": 194081501, "Actual Loops": 1, "Inner Unique": false, "Merge Cond": "(t.id = mi.movie_id)", "Shared Hit Blocks": 17900100, "Shared Read Blocks": 72409, "Shared Dirtied Blocks": 0, "Shared Written Blocks": 0, "Local Hit Blocks": 0, "Local Read Blocks": 0, "Local Dirtied Blocks": 0, "Local Written Blocks": 0, "Temp Read Blocks": 0, "Temp Written Blocks": 0, "I/O Read Time": 587.781, "I/O Write Time": 0.0, "Plans": [{"Node Type": "Merge Join", "Parent Relationship": "Outer", "Parallel Aware": false, "Join Type": "Inner", "Startup Cost": 25.85, "Total Cost": 289011.02, "Plan Rows": 755718, "Plan Width": 12, "Actual Startup Time": 0.189, "Actual Total Time": 7328.251, "Actual Rows": 3137486, "Actual Loops": 1, "Output": ["t.id", "mi_idx.movie_id", "mk.movie_id"], "Inner Unique": false, "Merge Cond": "(t.id = mk.movie_id)", "Shared Hit Blocks": 501771, "Shared Read Blocks": 46579, "Shared Dirtied Blocks": 0, "Shared Written Blocks": 0, "Local Hit Blocks": 0, "Local Read Blocks": 0, "Local Dirtied Blocks": 0, "Local Written Blocks": 0, "Temp Read Blocks": 0, "Temp Written Blocks": 0, "I/O Read Time": 404.284, "I/O Write Time": 0.0, "Plans": [{"Node Type": "Merge Join", "Parent Relationship": "Outer", "Parallel Aware": false, "Join Type": "Inner", "Startup Cost": 9.94, "Total Cost": 136246.74, "Plan Rows": 1380035, "Plan Width": 8, "Actual Startup Time": 0.042, "Actual Total Time": 1668.417, "Actual Rows": 1380035, "Actual Loops": 1, "Output": ["t.id", "mi_idx.movie_id"], "Inner Unique": false, "Merge Cond": "(t.id = mi_idx.movie_id)", "Shared Hit Blocks": 23446, "Shared Read Blocks": 13472, "Shared Dirtied Blocks": 0, "Shared Written Blocks": 0, "Local Hit Blocks": 0, "Local Read Blocks": 0, "Local Dirtied Blocks": 0, "Local Written Blocks": 0, "Temp Read Blocks": 0, "Temp Written Blocks": 0, "I/O Read Time": 207.119, "I/O Write Time": 0.0, "Plans": [{"Node Type": "Index Only Scan", "Parent Relationship": "Outer", "Parallel Aware": false, "Scan Direction": "Forward", "Index Name": "title_pkey", "Relation Name": "title", "Schema": "public", "Alias": "t", "Startup Cost": 0.43, "Total Cost": 73940.23, "Plan Rows": 2528520, "Plan Width": 4, "Actual Startup Time": 0.018, "Actual Total Time": 707.994, "Actual Rows": 2525794, "Actual Loops": 1, "Output": ["t.id"], "Heap Fetches": 0, "Shared Hit Blocks": 23441, "Shared Read Blocks": 8963, "Shared Dirtied Blocks": 0, "Shared Written Blocks": 0, "Local Hit Blocks": 0, "Local Read Blocks": 0, "Local Dirtied Blocks": 0, "Local Written Blocks": 0, "Temp Read Blocks": 0, "Temp Written Blocks": 0, "I/O Read Time": 180.595, "I/O Write Time": 0.0}, {"Node Type": "Index Only Scan", "Parent Relationship": "Inner", "Parallel Aware": false, "Scan Direction": "Forward", "Index Name": "movie_id_movie_info_idx", "Relation Name": "movie_info_idx", "Schema": "public", "Alias": "mi_idx", "Startup Cost": 0.43, "Total Cost": 38816.95, "Plan Rows": 1380035, "Plan Width": 4, "Actual Startup Time": 0.021, "Actual Total Time": 332.335, "Actual Rows": 1380035, "Actual Loops": 1, "Output": ["mi_idx.movie_id"], "Heap Fetches": 0, "Shared Hit Blocks": 5, "Shared Read Blocks": 4509, "Shared Dirtied Blocks": 0, "Shared Written Blocks": 0, "Local Hit Blocks": 0, "Local Read Blocks": 0, "Local Dirtied Blocks": 0, "Local Written Blocks": 0, "Temp Read Blocks": 0, "Temp Written Blocks": 0, "I/O Read Time": 26.523, "I/O Write Time": 0.0}]}, {"Node Type": "Index Scan", "Parent Relationship": "Inner", "Parallel Aware": false, "Scan Direction": "Forward", "Index Name": "movie_id_movie_keyword", "Relation Name": "movie_keyword", "Schema": "public", "Alias": "mk", "Startup Cost": 0.43, "Total Cost": 138446.54, "Plan Rows": 1384638, "Plan Width": 4, "Actual Startup Time": 0.145, "Actual Total Time": 4589.042, "Actual Rows": 3492116, "Actual Loops": 1, "Output": ["mk.id", "mk.movie_id", "mk.keyword_id"], "Filter": "(mk.keyword_id < 1887)", "Rows Removed by Filter": 8016973, "Shared Hit Blocks": 478325, "Shared Read Blocks": 33107, "Shared Dirtied Blocks": 0, "Shared Written Blocks": 0, "Local Hit Blocks": 0, "Local Read Blocks": 0, "Local Dirtied Blocks": 0, "Local Written Blocks": 0, "Temp Read Blocks": 0, "Temp Written Blocks": 0, "I/O Read Time": 197.166, "I/O Write Time": 0.0}]}, {"Node Type": "Index Only Scan", "Parent Relationship": "Inner", "Parallel Aware": false, "Scan Direction": "Forward", "Index Name": "movie_id_movie_info", "Relation Name": "movie_info", "Schema": "public", "Alias": "mi", "Startup Cost": 0.43, "Total Cost": 325993.18, "Plan Rows": 14818450, "Plan Width": 4, "Actual Startup Time": 0.024, "Actual Total Time": 36954.647, "Actual Rows": 204338126, "Actual Loops": 1, "Output": ["mi.movie_id"], "Heap Fetches": 0, "Shared Hit Blocks": 17398329, "Shared Read Blocks": 25830, "Shared Dirtied Blocks": 0, "Shared Written Blocks": 0, "Local Hit Blocks": 0, "Local Read Blocks": 0, "Local Dirtied Blocks": 0, "Local Written Blocks": 0, "Temp Read Blocks": 0, "Temp Written Blocks": 0, "I/O Read Time": 183.497, "I/O Write Time": 0.0}]}]}, "Planning": {"Shared Hit Blocks": 295, "Shared Read Blocks": 48, "Shared Dirtied Blocks": 0, "Shared Written Blocks": 0, "Local Hit Blocks": 0, "Local Read Blocks": 0, "Local Dirtied Blocks": 0, "Local Written Blocks": 0, "Temp Read Blocks": 0, "Temp Written Blocks": 0, "I/O Read Time": 3.644, "I/O Write Time": 0.0}, "Planning Time": 6.117, "Triggers": [], "Execution Time": 101487.254}, "template": "scale", "query": "EXPLAIN (ANALYZE, COSTS, BUFFERS, VERBOSE, FORMAT JSON) SELECT COUNT(*) FROM title t,movie_info mi,movie_info_idx mi_idx,movie_keyword mk WHERE t.id=mi.movie_id AND t.id=mi_idx.movie_id AND t.id=mk.movie_id AND mk.keyword_id<1887;"}
{"planinfo": {"Plan": {"Node Type": "Aggregate", "Strategy": "Plain", "Partial Mode": "Simple", "Parallel Aware": false, "Startup Cost": 21389.57, "Total Cost": 21389.58, "Plan Rows": 1, "Plan Width": 8, "Actual Startup Time": 266.537, "Actual Total Time": 266.538, "Actual Rows": 1, "Actual Loops": 1, "Output": ["count(*)"], "Shared Hit Blocks": 0, "Shared Read Blocks": 725, "Shared Dirtied Blocks": 0, "Shared Written Blocks": 0, "Local Hit Blocks": 0, "Local Read Blocks": 0, "Local Dirtied Blocks": 0, "Local Written Blocks": 0, "Temp Read Blocks": 0, "Temp Written Blocks": 0, "I/O Read Time": 38.664, "I/O Write Time": 0.0, "Plans": [{"Node Type": "Index Only Scan", "Parent Relationship": "Outer", "Parallel Aware": false, "Scan Direction": "Forward", "Index Name": "info_type_id_movie_info_idx", "Relation Name": "movie_info_idx", "Schema": "public", "Alias": "mi_idx", "Startup Cost": 0.43, "Total Cost": 19080.42, "Plan Rows": 923657, "Plan Width": 0, "Actual Startup Time": 0.471, "Actual Total Time": 167.261, "Actual Rows": 920110, "Actual Loops": 1, "Output": ["info_type_id"], "Index Cond": "(mi_idx.info_type_id > 99)", "Rows Removed by Index Recheck": 0, "Heap Fetches": 0, "Shared Hit Blocks": 0, "Shared Read Blocks": 725, "Shared Dirtied Blocks": 0, "Shared Written Blocks": 0, "Local Hit Blocks": 0, "Local Read Blocks": 0, "Local Dirtied Blocks": 0, "Local Written Blocks": 0, "Temp Read Blocks": 0, "Temp Written Blocks": 0, "I/O Read Time": 38.664, "I/O Write Time": 0.0}]}, "Planning": {"Shared Hit Blocks": 48, "Shared Read Blocks": 9, "Shared Dirtied Blocks": 0, "Shared Written Blocks": 0, "Local Hit Blocks": 0, "Local Read Blocks": 0, "Local Dirtied Blocks": 0, "Local Written Blocks": 0, "Temp Read Blocks": 0, "Temp Written Blocks": 0, "I/O Read Time": 0.626, "I/O Write Time": 0.0}, "Planning Time": 1.079, "Triggers": [], "Execution Time": 266.576}, "template": "scale", "query": "EXPLAIN (ANALYZE, COSTS, BUFFERS, VERBOSE, FORMAT JSON) SELECT COUNT(*) FROM movie_info_idx mi_idx WHERE mi_idx.info_type_id>99;"}
{"planinfo": {"Plan": {"Node Type": "Aggregate", "Strategy": "Plain", "Partial Mode": "Simple", "Parallel Aware": false, "Startup Cost": 733231.58, "Total Cost": 733231.59, "Plan Rows": 1, "Plan Width": 8, "Actual Startup Time": 7670.506, "Actual Total Time": 7670.511, "Actual Rows": 1, "Actual Loops": 1, "Output": ["count(*)"], "Shared Hit Blocks": 2586076, "Shared Read Blocks": 82394, "Shared Dirtied Blocks": 0, "Shared Written Blocks": 0, "Local Hit Blocks": 0, "Local Read Blocks": 0, "Local Dirtied Blocks": 0, "Local Written Blocks": 0, "Temp Read Blocks": 0, "Temp Written Blocks": 0, "I/O Read Time": 2351.287, "I/O Write Time": 0.0, "Plans": [{"Node Type": "Nested Loop", "Parent Relationship": "Outer", "Parallel Aware": false, "Join Type": "Inner", "Startup Cost": 74565.64, "Total Cost": 730559.46, "Plan Rows": 1068849, "Plan Width": 0, "Actual Startup Time": 552.119, "Actual Total Time": 7255.755, "Actual Rows": 3642045, "Actual Loops": 1, "Inner Unique": false, "Join Filter": "(t.id = mi.movie_id)", "Rows Removed by Join Filter": 0, "Shared Hit Blocks": 2586076, "Shared Read Blocks": 82394, "Shared Dirtied Blocks": 0, "Shared Written Blocks": 0, "Local Hit Blocks": 0, "Local Read Blocks": 0, "Local Dirtied Blocks": 0, "Local Written Blocks": 0, "Temp Read Blocks": 0, "Temp Written Blocks": 0, "I/O Read Time": 2351.287, "I/O Write Time": 0.0, "Plans": [{"Node Type": "Nested Loop", "Parent Relationship": "Outer", "Parallel Aware": false, "Join Type": "Inner", "Startup Cost": 74565.21, "Total Cost": 436309.11, "Plan Rows": 182381, "Plan Width": 16, "Actual Startup Time": 552.004, "Actual Total Time": 4812.426, "Actual Rows": 218537, "Actual Loops": 1, "Output": ["t.id", "mc.movie_id", "ci.movie_id", "mk.movie_id"], "Inner Unique": false, "Join Filter": "(t.id = ci.movie_id)", "Rows Removed by Join Filter": 0, "Shared Hit Blocks": 1034773, "Shared Read Blocks": 81932, "Shared Dirtied Blocks": 0, "Shared Written Blocks": 0, "Local Hit Blocks": 0, "Local Read Blocks": 0, "Local Dirtied Blocks": 0, "Local Written Blocks": 0, "Temp Read Blocks": 0, "Temp Written Blocks": 0, "I/O Read Time": 2309.108, "I/O Write Time": 0.0, "Plans": [{"Node Type": "Nested Loop", "Parent Relationship": "Outer", "Parallel Aware": false, "Join Type": "Inner", "Startup Cost": 74564.77, "Total Cost": 181745.67, "Plan Rows": 37272, "Plan Width": 12, "Actual Startup Time": 551.691, "Actual Total Time": 1805.252, "Actual Rows": 17367, "Actual Loops": 1, "Output": ["t.id", "mc.movie_id", "mk.movie_id"], "Inner Unique": false, "Join Filter": "(t.id = mc.movie_id)", "Rows Removed by Join Filter": 0, "Shared Hit Blocks": 22779, "Shared Read Blocks": 60942, "Shared Dirtied Blocks": 0, "Shared Written Blocks": 0, "Local Hit Blocks": 0, "Local Read Blocks": 0, "Local Dirtied Blocks": 0, "Local Written Blocks": 0, "Temp Read Blocks": 0, "Temp Written Blocks": 0, "I/O Read Time": 209.033, "I/O Write Time": 0.0, "Plans": [{"Node Type": "Hash Join", "Parent Relationship": "Outer", "Parallel Aware": false, "Join Type": "Inner", "Startup Cost": 74564.34, "Total Cost": 160260.71, "Plan Rows": 36120, "Plan Width": 8, "Actual Startup Time": 551.551, "Actual Total Time": 1744.46, "Actual Rows": 7755, "Actual Loops": 1, "Output": ["t.id", "mk.movie_id"], "Inner Unique": true, "Hash Cond": "(mk.movie_id = t.id)", "Shared Hit Blocks": 3, "Shared Read Blocks": 60452, "Shared Dirtied Blocks": 0, "Shared Written Blocks": 0, "Local Hit Blocks": 0, "Local Read Blocks": 0, "Local Dirtied Blocks": 0, "Local Written Blocks": 0, "Temp Read Blocks": 0, "Temp Written Blocks": 0, "I/O Read Time": 189.291, "I/O Write Time": 0.0, "Plans": [{"Node Type": "Seq Scan", "Parent Relationship": "Outer", "Parallel Aware": false, "Relation Name": "movie_keyword", "Schema": "public", "Alias": "mk", "Startup Cost": 0.0, "Total Cost": 81003.12, "Plan Rows": 1787898, "Plan Width": 4, "Actual Startup Time": 0.127, "Actual Total Time": 886.77, "Actual Rows": 1800457, "Actual Loops": 1, "Output": ["mk.id", "mk.movie_id", "mk.keyword_id"], "Filter": "(mk.keyword_id < 2909)", "Rows Removed by Filter": 2723473, "Shared Hit Blocks": 0, "Shared Read Blocks": 24454, "Shared Dirtied Blocks": 0, "Shared Written Blocks": 0, "Local Hit Blocks": 0, "Local Read Blocks": 0, "Local Dirtied Blocks": 0, "Local Written Blocks": 0, "Temp Read Blocks": 0, "Temp Written Blocks": 0, "I/O Read Time": 122.327, "I/O Write Time": 0.0}, {"Node Type": "Hash", "Parent Relationship": "Inner", "Parallel Aware": false, "Startup Cost": 73925.8, "Total Cost": 73925.8, "Plan Rows": 51083, "Plan Width": 4, "Actual Startup Time": 550.736, "Actual Total Time": 550.738, "Actual Rows": 56480, "Actual Loops": 1, "Output": ["t.id"], "Hash Buckets": 65536, "Original Hash Buckets": 65536, "Hash Batches": 1, "Original Hash Batches": 1, "Peak Memory Usage": 2498, "Shared Hit Blocks": 0, "Shared Read Blocks": 35998, "Shared Dirtied Blocks": 0, "Shared Written Blocks": 0, "Local Hit Blocks": 0, "Local Read Blocks": 0, "Local Dirtied Blocks": 0, "Local Written Blocks": 0, "Temp Read Blocks": 0, "Temp Written Blocks": 0, "I/O Read Time": 66.964, "I/O Write Time": 0.0, "Plans": [{"Node Type": "Seq Scan", "Parent Relationship": "Outer", "Parallel Aware": false, "Relation Name": "title", "Schema": "public", "Alias": "t", "Startup Cost": 0.0, "Total Cost": 73925.8, "Plan Rows": 51083, "Plan Width": 4, "Actual Startup Time": 0.144, "Actual Total Time": 530.745, "Actual Rows": 56480, "Actual Loops": 1, "Output": ["t.id"], "Filter": "((t.kind_id = 7) AND (t.production_year = 2004))", "Rows Removed by Filter": 2471832, "Shared Hit Blocks": 0, "Shared Read Blocks": 35998, "Shared Dirtied Blocks": 0, "Shared Written Blocks": 0, "Local Hit Blocks": 0, "Local Read Blocks": 0, "Local Dirtied Blocks": 0, "Local Written Blocks": 0, "Temp Read Blocks": 0, "Temp Written Blocks": 0, "I/O Read Time": 66.964, "I/O Write Time": 0.0}]}]}, {"Node Type": "Index Only Scan", "Parent Relationship": "Inner", "Parallel Aware": false, "Scan Direction": "Forward", "Index Name": "movie_id_movie_companies", "Relation Name": "movie_companies", "Schema": "public", "Alias": "mc", "Startup Cost": 0.43, "Total Cost": 0.53, "Plan Rows": 5, "Plan Width": 4, "Actual Startup Time": 0.006, "Actual Total Time": 0.007, "Actual Rows": 2, "Actual Loops": 7755, "Output": ["mc.movie_id"], "Index Cond": "(mc.movie_id = mk.movie_id)", "Rows Removed by Index Recheck": 0, "Heap Fetches": 0, "Shared Hit Blocks": 22776, "Shared Read Blocks": 490, "Shared Dirtied Blocks": 0, "Shared Written Blocks": 0, "Local Hit Blocks": 0, "Local Read Blocks": 0, "Local Dirtied Blocks": 0, "Local Written Blocks": 0, "Temp Read Blocks": 0, "Temp Written Blocks": 0, "I/O Read Time": 19.741, "I/O Write Time": 0.0}]}, {"Node Type": "Index Scan", "Parent Relationship": "Inner", "Parallel Aware": false, "Scan Direction": "Forward", "Index Name": "movie_id_cast_info", "Relation Name": "cast_info", "Schema": "public", "Alias": "ci", "Startup Cost": 0.44, "Total Cost": 6.67, "Plan Rows": 13, "Plan Width": 4, "Actual Startup Time": 0.015, "Actual Total Time": 0.169, "Actual Rows": 13, "Actual Loops": 17367, "Output": ["ci.id", "ci.person_id", "ci.movie_id", "ci.person_role_id", "ci.note", "ci.nr_order", "ci.role_id"], "Index Cond": "(ci.movie_id = mc.movie_id)", "Rows Removed by Index Recheck": 0, "Filter": "(ci.role_id < 2)", "Rows Removed by Filter": 45, "Shared Hit Blocks": 1011994, "Shared Read Blocks": 20990, "Shared Dirtied Blocks": 0, "Shared Written Blocks": 0, "Local Hit Blocks": 0, "Local Read Blocks": 0, "Local Dirtied Blocks": 0, "Local Written Blocks": 0, "Temp Read Blocks": 0, "Temp Written Blocks": 0, "I/O Read Time": 2100.075, "I/O Write Time": 0.0}]}, {"Node Type": "Index Only Scan", "Parent Relationship": "Inner", "Parallel Aware": false, "Scan Direction": "Forward", "Index Name": "movie_id_movie_info", "Relation Name": "movie_info", "Schema": "public", "Alias": "mi", "Startup Cost": 0.43, "Total Cost": 1.13, "Plan Rows": 39, "Plan Width": 4, "Actual Startup Time": 0.004, "Actual Total Time": 0.008, "Actual Rows": 17, "Actual Loops": 218537, "Output": ["mi.movie_id"], "Index Cond": "(mi.movie_id = ci.movie_id)", "Rows Removed by Index Recheck": 0, "Heap Fetches": 0, "Shared Hit Blocks": 1551303, "Shared Read Blocks": 462, "Shared Dirtied Blocks": 0, "Shared Written Blocks": 0, "Local Hit Blocks": 0, "Local Read Blocks": 0, "Local Dirtied Blocks": 0, "Local Written Blocks": 0, "Temp Read Blocks": 0, "Temp Written Blocks": 0, "I/O Read Time": 42.179, "I/O Write Time": 0.0}]}]}, "Planning": {"Shared Hit Blocks": 479, "Shared Read Blocks": 65, "Shared Dirtied Blocks": 0, "Shared Written Blocks": 0, "Local Hit Blocks": 0, "Local Read Blocks": 0, "Local Dirtied Blocks": 0, "Local Written Blocks": 0, "Temp Read Blocks": 0, "Temp Written Blocks": 0, "I/O Read Time": 5.251, "I/O Write Time": 0.0}, "Planning Time": 9.874, "Triggers": [], "Execution Time": 7670.882}, "template": "scale", "query": "EXPLAIN (ANALYZE, COSTS, BUFFERS, VERBOSE, FORMAT JSON) SELECT COUNT(*) FROM title t,movie_companies mc,cast_info ci,movie_info mi,movie_keyword mk WHERE t.id=mc.movie_id AND t.id=ci.movie_id AND t.id=mi.movie_id AND t.id=mk.movie_id AND t.kind_id=7 AND t.production_year=2004 AND ci.role_id<2 AND mk.keyword_id<2909;"}
{"planinfo": {"Plan": {"Node Type": "Aggregate", "Strategy": "Plain", "Partial Mode": "Simple", "Parallel Aware": false, "Startup Cost": 164112.85, "Total Cost": 164112.86, "Plan Rows": 1, "Plan Width": 8, "Actual Startup Time": 3088.105, "Actual Total Time": 3088.109, "Actual Rows": 1, "Actual Loops": 1, "Output": ["count(*)"], "Shared Hit Blocks": 3, "Shared Read Blocks": 48174, "Shared Dirtied Blocks": 0, "Shared Written Blocks": 0, "Local Hit Blocks": 0, "Local Read Blocks": 0, "Local Dirtied Blocks": 0, "Local Written Blocks": 0, "Temp Read Blocks": 11031, "Temp Written Blocks": 11031, "I/O Read Time": 123.445, "I/O Write Time": 0.0, "Plans": [{"Node Type": "Hash Join", "Parent Relationship": "Outer", "Parallel Aware": false, "Join Type": "Inner", "Startup Cost": 102768.13, "Total Cost": 160958.85, "Plan Rows": 1261601, "Plan Width": 0, "Actual Startup Time": 1313.855, "Actual Total Time": 2957.557, "Actual Rows": 1274246, "Actual Loops": 1, "Inner Unique": true, "Hash Cond": "(mc.movie_id = t.id)", "Shared Hit Blocks": 3, "Shared Read Blocks": 48174, "Shared Dirtied Blocks": 0, "Shared Written Blocks": 0, "Local Hit Blocks": 0, "Local Read Blocks": 0, "Local Dirtied Blocks": 0, "Local Written Blocks": 0, "Temp Read Blocks": 11031, "Temp Written Blocks": 11031, "I/O Read Time": 123.445, "I/O Write Time": 0.0, "Plans": [{"Node Type": "Index Scan", "Parent Relationship": "Outer", "Parallel Aware": false, "Scan Direction": "Forward", "Index Name": "company_type_id_movie_companies", "Relation Name": "movie_companies", "Schema": "public", "Alias": "mc", "Startup Cost": 0.43, "Total Cost": 35143.45, "Plan Rows": 1261601, "Plan Width": 4, "Actual Startup Time": 0.293, "Actual Total Time": 509.753, "Actual Rows": 1274246, "Actual Loops": 1, "Output": ["mc.movie_id"], "Index Cond": "(mc.company_type_id = 1)", "Rows Removed by Index Recheck": 0, "Shared Hit Blocks": 0, "Shared Read Blocks": 12176, "Shared Dirtied Blocks": 0, "Shared Written Blocks": 0, "Local Hit Blocks": 0, "Local Read Blocks": 0, "Local Dirtied Blocks": 0, "Local Written Blocks": 0, "Temp Read Blocks": 0, "Temp Written Blocks": 0, "I/O Read Time": 62.827, "I/O Write Time": 0.0}, {"Node Type": "Hash", "Parent Relationship": "Inner", "Parallel Aware": false, "Startup Cost": 61283.2, "Total Cost": 61283.2, "Plan Rows": 2528520, "Plan Width": 4, "Actual Startup Time": 1311.924, "Actual Total Time": 1311.925, "Actual Rows": 2528312, "Actual Loops": 1, "Output": ["t.id"], "Hash Buckets": 131072, "Original Hash Buckets": 131072, "Hash Batches": 64, "Original Hash Batches": 64, "Peak Memory Usage": 2415, "Shared Hit Blocks": 0, "Shared Read Blocks": 35998, "Shared Dirtied Blocks": 0, "Shared Written Blocks": 0, "Local Hit Blocks": 0, "Local Read Blocks": 0, "Local Dirtied Blocks": 0, "Local Written Blocks": 0, "Temp Read Blocks": 0, "Temp Written Blocks": 7262, "I/O Read Time": 60.618, "I/O Write Time": 0.0, "Plans": [{"Node Type": "Seq Scan", "Parent Relationship": "Outer", "Parallel Aware": false, "Relation Name": "title", "Schema": "public", "Alias": "t", "Startup Cost": 0.0, "Total Cost": 61283.2, "Plan Rows": 2528520, "Plan Width": 4, "Actual Startup Time": 0.141, "Actual Total Time": 552.51, "Actual Rows": 2528312, "Actual Loops": 1, "Output": ["t.id"], "Shared Hit Blocks": 0, "Shared Read Blocks": 35998, "Shared Dirtied Blocks": 0, "Shared Written Blocks": 0, "Local Hit Blocks": 0, "Local Read Blocks": 0, "Local Dirtied Blocks": 0, "Local Written Blocks": 0, "Temp Read Blocks": 0, "Temp Written Blocks": 0, "I/O Read Time": 60.618, "I/O Write Time": 0.0}]}]}]}, "Planning": {"Shared Hit Blocks": 112, "Shared Read Blocks": 28, "Shared Dirtied Blocks": 0, "Shared Written Blocks": 0, "Local Hit Blocks": 0, "Local Read Blocks": 0, "Local Dirtied Blocks": 0, "Local Written Blocks": 0, "Temp Read Blocks": 0, "Temp Written Blocks": 0, "I/O Read Time": 2.008, "I/O Write Time": 0.0}, "Planning Time": 2.962, "Triggers": [], "Execution Time": 3088.27}, "template": "scale", "query": "EXPLAIN (ANALYZE, COSTS, BUFFERS, VERBOSE, FORMAT JSON) SELECT COUNT(*) FROM title t,movie_companies mc WHERE t.id=mc.movie_id AND mc.company_type_id=1;"}
{"planinfo": {"Plan": {"Node Type": "Aggregate", "Strategy": "Plain", "Partial Mode": "Simple", "Parallel Aware": false, "Startup Cost": 513065.14, "Total Cost": 513065.15, "Plan Rows": 1, "Plan Width": 8, "Actual Startup Time": 12753.458, "Actual Total Time": 12753.463, "Actual Rows": 1, "Actual Loops": 1, "Output": ["count(*)"], "Shared Hit Blocks": 160898, "Shared Read Blocks": 303762, "Shared Dirtied Blocks": 0, "Shared Written Blocks": 0, "Local Hit Blocks": 0, "Local Read Blocks": 0, "Local Dirtied Blocks": 0, "Local Written Blocks": 0, "Temp Read Blocks": 868, "Temp Written Blocks": 868, "I/O Read Time": 9134.489, "I/O Write Time": 0.0, "Plans": [{"Node Type": "Nested Loop", "Parent Relationship": "Outer", "Parallel Aware": false, "Join Type": "Inner", "Startup Cost": 69584.57, "Total Cost": 512865.32, "Plan Rows": 79931, "Plan Width": 0, "Actual Startup Time": 1040.748, "Actual Total Time": 12737.346, "Actual Rows": 91690, "Actual Loops": 1, "Inner Unique": false, "Join Filter": "(t.id = ci.movie_id)", "Rows Removed by Join Filter": 0, "Shared Hit Blocks": 160898, "Shared Read Blocks": 303762, "Shared Dirtied Blocks": 0, "Shared Written Blocks": 0, "Local Hit Blocks": 0, "Local Read Blocks": 0, "Local Dirtied Blocks": 0, "Local Written Blocks": 0, "Temp Read Blocks": 868, "Temp Written Blocks": 868, "I/O Read Time": 9134.489, "I/O Write Time": 0.0, "Plans": [{"Node Type": "Hash Join", "Parent Relationship": "Outer", "Parallel Aware": false, "Join Type": "Inner", "Startup Cost": 69584.12, "Total Cost": 422482.03, "Plan Rows": 23773, "Plan Width": 8, "Actual Startup Time": 1040.157, "Actual Total Time": 3457.56, "Actual Rows": 12188, "Actual Loops": 1, "Output": ["t.id", "mi.movie_id"], "Inner Unique": true, "Hash Cond": "(mi.movie_id = t.id)", "Shared Hit Blocks": 3, "Shared Read Blocks": 197991, "Shared Dirtied Blocks": 0, "Shared Written Blocks": 0, "Local Hit Blocks": 0, "Local Read Blocks": 0, "Local Dirtied Blocks": 0, "Local Written Blocks": 0, "Temp Read Blocks": 868, "Temp Written Blocks": 868, "I/O Read Time": 348.379, "I/O Write Time": 0.0, "Plans": [{"Node Type": "Seq Scan", "Parent Relationship": "Outer", "Parallel Aware": false, "Relation Name": "movie_info", "Schema": "public", "Alias": "mi", "Startup Cost": 0.0, "Total Cost": 347223.62, "Plan Rows": 498394, "Plan Width": 4, "Actual Startup Time": 414.156, "Actual Total Time": 2682.685, "Actual Rows": 474443, "Actual Loops": 1, "Output": ["mi.movie_id"], "Filter": "(mi.info_type_id = 6)", "Rows Removed by Filter": 14361277, "Shared Hit Blocks": 0, "Shared Read Blocks": 161993, "Shared Dirtied Blocks": 0, "Shared Written Blocks": 0, "Local Hit Blocks": 0, "Local Read Blocks": 0, "Local Dirtied Blocks": 0, "Local Written Blocks": 0, "Temp Read Blocks": 0, "Temp Written Blocks": 0, "I/O Read Time": 282.799, "I/O Write Time": 0.0}, {"Node Type": "Hash", "Parent Relationship": "Inner", "Parallel Aware": false, "Startup Cost": 67604.5, "Total Cost": 67604.5, "Plan Rows": 120610, "Plan Width": 4, "Actual Startup Time": 553.373, "Actual Total Time": 553.374, "Actual Rows": 118234, "Actual Loops": 1, "Output": ["t.id"], "Hash Buckets": 131072, "Original Hash Buckets": 131072, "Hash Batches": 2, "Original Hash Batches": 2, "Peak Memory Usage": 3101, "Shared Hit Blocks": 0, "Shared Read Blocks": 35998, "Shared Dirtied Blocks": 0, "Shared Written Blocks": 0, "Local Hit Blocks": 0, "Local Read Blocks": 0, "Local Dirtied Blocks": 0, "Local Written Blocks": 0, "Temp Read Blocks": 0, "Temp Written Blocks": 173, "I/O Read Time": 65.58, "I/O Write Time": 0.0, "Plans": [{"Node Type": "Seq Scan", "Parent Relationship": "Outer", "Parallel Aware": false, "Relation Name": "title", "Schema": "public", "Alias": "t", "Startup Cost": 0.0, "Total Cost": 67604.5, "Plan Rows": 120610, "Plan Width": 4, "Actual Startup Time": 272.146, "Actual Total Time": 507.524, "Actual Rows": 118234, "Actual Loops": 1, "Output": ["t.id"], "Filter": "(t.kind_id = 4)", "Rows Removed by Filter": 2410078, "Shared Hit Blocks": 0, "Shared Read Blocks": 35998, "Shared Dirtied Blocks": 0, "Shared Written Blocks": 0, "Local Hit Blocks": 0, "Local Read Blocks": 0, "Local Dirtied Blocks": 0, "Local Written Blocks": 0, "Temp Read Blocks": 0, "Temp Written Blocks": 0, "I/O Read Time": 65.58, "I/O Write Time": 0.0}]}]}, {"Node Type": "Index Scan", "Parent Relationship": "Inner", "Parallel Aware": false, "Scan Direction": "Forward", "Index Name": "movie_id_cast_info", "Relation Name": "cast_info", "Schema": "public", "Alias": "ci", "Startup Cost": 0.44, "Total Cost": 3.69, "Plan Rows": 9, "Plan Width": 4, "Actual Startup Time": 0.118, "Actual Total Time": 0.759, "Actual Rows": 8, "Actual Loops": 12188, "Output": ["ci.id", "ci.person_id", "ci.movie_id", "ci.person_role_id", "ci.note", "ci.nr_order", "ci.role_id"], "Index Cond": "(ci.movie_id = mi.movie_id)", "Rows Removed by Index Recheck": 0, "Filter": "((ci.person_id < 2578432) AND (ci.role_id = 1))", "Rows Removed by Filter": 12, "Shared Hit Blocks": 160895, "Shared Read Blocks": 105771, "Shared Dirtied Blocks": 0, "Shared Written Blocks": 0, "Local Hit Blocks": 0, "Local Read Blocks": 0, "Local Dirtied Blocks": 0, "Local Written Blocks": 0, "Temp Read Blocks": 0, "Temp Written Blocks": 0, "I/O Read Time": 8786.111, "I/O Write Time": 0.0}]}]}, "Planning": {"Shared Hit Blocks": 209, "Shared Read Blocks": 44, "Shared Dirtied Blocks": 0, "Shared Written Blocks": 0, "Local Hit Blocks": 0, "Local Read Blocks": 0, "Local Dirtied Blocks": 0, "Local Written Blocks": 0, "Temp Read Blocks": 0, "Temp Written Blocks": 0, "I/O Read Time": 3.421, "I/O Write Time": 0.0}, "Planning Time": 5.224, "Triggers": [], "Execution Time": 12753.846}, "template": "scale", "query": "EXPLAIN (ANALYZE, COSTS, BUFFERS, VERBOSE, FORMAT JSON) SELECT COUNT(*) FROM title t,cast_info ci,movie_info mi WHERE t.id=ci.movie_id AND t.id=mi.movie_id AND t.kind_id=4 AND ci.person_id<2578432 AND ci.role_id=1 AND mi.info_type_id=6;"}
{"planinfo": {"Plan": {"Node Type": "Aggregate", "Strategy": "Plain", "Partial Mode": "Simple", "Parallel Aware": false, "Startup Cost": 162462.48, "Total Cost": 162462.49, "Plan Rows": 1, "Plan Width": 8, "Actual Startup Time": 1277.907, "Actual Total Time": 1277.911, "Actual Rows": 1, "Actual Loops": 1, "Output": ["count(*)"], "Shared Hit Blocks": 91212, "Shared Read Blocks": 47549, "Shared Dirtied Blocks": 0, "Shared Written Blocks": 0, "Local Hit Blocks": 0, "Local Read Blocks": 0, "Local Dirtied Blocks": 0, "Local Written Blocks": 0, "Temp Read Blocks": 0, "Temp Written Blocks": 0, "I/O Read Time": 152.516, "I/O Write Time": 0.0, "Plans": [{"Node Type": "Nested Loop", "Parent Relationship": "Outer", "Parallel Aware": false, "Join Type": "Inner", "Startup Cost": 74702.06, "Total Cost": 162310.96, "Plan Rows": 60608, "Plan Width": 0, "Actual Startup Time": 590.58, "Actual Total Time": 1264.343, "Actual Rows": 122028, "Actual Loops": 1, "Inner Unique": false, "Join Filter": "(t.id = mk.movie_id)", "Rows Removed by Join Filter": 0, "Shared Hit Blocks": 91212, "Shared Read Blocks": 47549, "Shared Dirtied Blocks": 0, "Shared Written Blocks": 0, "Local Hit Blocks": 0, "Local Read Blocks": 0, "Local Dirtied Blocks": 0, "Local Written Blocks": 0, "Temp Read Blocks": 0, "Temp Written Blocks": 0, "I/O Read Time": 152.516, "I/O Write Time": 0.0, "Plans": [{"Node Type": "Hash Join", "Parent Relationship": "Outer", "Parallel Aware": false, "Join Type": "Inner", "Startup Cost": 74701.62, "Total Cost": 100059.58, "Plan Rows": 33875, "Plan Width": 8, "Actual Startup Time": 590.543, "Actual Total Time": 1059.362, "Actual Rows": 31608, "Actual Loops": 1, "Output": ["t.id", "mi_idx.movie_id"], "Inner Unique": true, "Hash Cond": "(mi_idx.movie_id = t.id)", "Shared Hit Blocks": 3, "Shared Read Blocks": 43933, "Shared Dirtied Blocks": 0, "Shared Written Blocks": 0, "Local Hit Blocks": 0, "Local Read Blocks": 0, "Local Dirtied Blocks": 0, "Local Written Blocks": 0, "Temp Read Blocks": 0, "Temp Written Blocks": 0, "I/O Read Time": 110.183, "I/O Write Time": 0.0, "Plans": [{"Node Type": "Seq Scan", "Parent Relationship": "Outer", "Parallel Aware": false, "Relation Name": "movie_info_idx", "Schema": "public", "Alias": "mi_idx", "Startup Cost": 0.0, "Total Cost": 21735.35, "Plan Rows": 1380035, "Plan Width": 4, "Actual Startup Time": 0.136, "Actual Total Time": 187.163, "Actual Rows": 1380035, "Actual Loops": 1, "Output": ["mi_idx.id", "mi_idx.movie_id", "mi_idx.info_type_id", "mi_idx.info", "mi_idx.note"], "Shared Hit Blocks": 0, "Shared Read Blocks": 7935, "Shared Dirtied Blocks": 0, "Shared Written Blocks": 0, "Local Hit Blocks": 0, "Local Read Blocks": 0, "Local Dirtied Blocks": 0, "Local Written Blocks": 0, "Temp Read Blocks": 0, "Temp Written Blocks": 0, "I/O Read Time": 42.095, "I/O Write Time": 0.0}, {"Node Type": "Hash", "Parent Relationship": "Inner", "Parallel Aware": false, "Startup Cost": 73925.8, "Total Cost": 73925.8, "Plan Rows": 62066, "Plan Width": 4, "Actual Startup Time": 590.154, "Actual Total Time": 590.155, "Actual Rows": 71543, "Actual Loops": 1, "Output": ["t.id"], "Hash Buckets": 131072, "Original Hash Buckets": 65536, "Hash Batches": 1, "Original Hash Batches": 1, "Peak Memory Usage": 3540, "Shared Hit Blocks": 0, "Shared Read Blocks": 35998, "Shared Dirtied Blocks": 0, "Shared Written Blocks": 0, "Local Hit Blocks": 0, "Local Read Blocks": 0, "Local Dirtied Blocks": 0, "Local Written Blocks": 0, "Temp Read Blocks": 0, "Temp Written Blocks": 0, "I/O Read Time": 68.088, "I/O Write Time": 0.0, "Plans": [{"Node Type": "Seq Scan", "Parent Relationship": "Outer", "Parallel Aware": false, "Relation Name": "title", "Schema": "public", "Alias": "t", "Startup Cost": 0.0, "Total Cost": 73925.8, "Plan Rows": 62066, "Plan Width": 4, "Actual Startup Time": 0.153, "Actual Total Time": 561.249, "Actual Rows": 71543, "Actual Loops": 1, "Output": ["t.id"], "Filter": "((t.kind_id > 1) AND (t.production_year = 2004))", "Rows Removed by Filter": 2456769, "Shared Hit Blocks": 0, "Shared Read Blocks": 35998, "Shared Dirtied Blocks": 0, "Shared Written Blocks": 0, "Local Hit Blocks": 0, "Local Read Blocks": 0, "Local Dirtied Blocks": 0, "Local Written Blocks": 0, "Temp Read Blocks": 0, "Temp Written Blocks": 0, "I/O Read Time": 68.088, "I/O Write Time": 0.0}]}]}, {"Node Type": "Index Only Scan", "Parent Relationship": "Inner", "Parallel Aware": false, "Scan Direction": "Forward", "Index Name": "movie_id_movie_keyword", "Relation Name": "movie_keyword", "Schema": "public", "Alias": "mk", "Startup Cost": 0.43, "Total Cost": 1.26, "Plan Rows": 46, "Plan Width": 4, "Actual Startup Time": 0.005, "Actual Total Time": 0.005, "Actual Rows": 4, "Actual Loops": 31608, "Output": ["mk.movie_id"], "Index Cond": "(mk.movie_id = mi_idx.movie_id)", "Rows Removed by Index Recheck": 0, "Heap Fetches": 0, "Shared Hit Blocks": 91209, "Shared Read Blocks": 3616, "Shared Dirtied Blocks": 0, "Shared Written Blocks": 0, "Local Hit Blocks": 0, "Local Read Blocks": 0, "Local Dirtied Blocks": 0, "Local Written Blocks": 0, "Temp Read Blocks": 0, "Temp Written Blocks": 0, "I/O Read Time": 42.333, "I/O Write Time": 0.0}]}]}, "Planning": {"Shared Hit Blocks": 189, "Shared Read Blocks": 36, "Shared Dirtied Blocks": 0, "Shared Written Blocks": 0, "Local Hit Blocks": 0, "Local Read Blocks": 0, "Local Dirtied Blocks": 0, "Local Written Blocks": 0, "Temp Read Blocks": 0, "Temp Written Blocks": 0, "I/O Read Time": 2.716, "I/O Write Time": 0.0}, "Planning Time": 4.391, "Triggers": [], "Execution Time": 1278.292}, "template": "scale", "query": "EXPLAIN (ANALYZE, COSTS, BUFFERS, VERBOSE, FORMAT JSON) SELECT COUNT(*) FROM title t,movie_info_idx mi_idx,movie_keyword mk WHERE t.id=mi_idx.movie_id AND t.id=mk.movie_id AND t.kind_id>1 AND t.production_year=2004;"}
{"planinfo": {"Plan": {"Node Type": "Aggregate", "Strategy": "Plain", "Partial Mode": "Simple", "Parallel Aware": false, "Startup Cost": 2618.24, "Total Cost": 2618.25, "Plan Rows": 1, "Plan Width": 8, "Actual Startup Time": 217.931, "Actual Total Time": 217.933, "Actual Rows": 1, "Actual Loops": 1, "Output": ["count(*)"], "Shared Hit Blocks": 13641, "Shared Read Blocks": 1846, "Shared Dirtied Blocks": 0, "Shared Written Blocks": 0, "Local Hit Blocks": 0, "Local Read Blocks": 0, "Local Dirtied Blocks": 0, "Local Written Blocks": 0, "Temp Read Blocks": 0, "Temp Written Blocks": 0, "I/O Read Time": 164.397, "I/O Write Time": 0.0, "Plans": [{"Node Type": "Nested Loop", "Parent Relationship": "Outer", "Parallel Aware": false, "Join Type": "Inner", "Startup Cost": 2.16, "Total Cost": 2616.78, "Plan Rows": 583, "Plan Width": 0, "Actual Startup Time": 1.29, "Actual Total Time": 208.556, "Actual Rows": 90003, "Actual Loops": 1, "Inner Unique": false, "Shared Hit Blocks": 13641, "Shared Read Blocks": 1846, "Shared Dirtied Blocks": 0, "Shared Written Blocks": 0, "Local Hit Blocks": 0, "Local Read Blocks": 0, "Local Dirtied Blocks": 0, "Local Written Blocks": 0, "Temp Read Blocks": 0, "Temp Written Blocks": 0, "I/O Read Time": 164.397, "I/O Write Time": 0.0, "Plans": [{"Node Type": "Nested Loop", "Parent Relationship": "Outer", "Parallel Aware": false, "Join Type": "Inner", "Startup Cost": 1.72, "Total Cost": 2551.49, "Plan Rows": 41, "Plan Width": 16, "Actual Startup Time": 0.982, "Actual Total Time": 164.967, "Actual Rows": 782, "Actual Loops": 1, "Output": ["t.id", "mc.movie_id", "mi_idx.movie_id", "mk.movie_id"], "Inner Unique": false, "Shared Hit Blocks": 5657, "Shared Read Blocks": 1706, "Shared Dirtied Blocks": 0, "Shared Written Blocks": 0, "Local Hit Blocks": 0, "Local Read Blocks": 0, "Local Dirtied Blocks": 0, "Local Written Blocks": 0, "Temp Read Blocks": 0, "Temp Written Blocks": 0, "I/O Read Time": 151.744, "I/O Write Time": 0.0, "Plans": [{"Node Type": "Nested Loop", "Parent Relationship": "Outer", "Parallel Aware": false, "Join Type": "Inner", "Startup Cost": 1.29, "Total Cost": 2503.55, "Plan Rows": 76, "Plan Width": 12, "Actual Startup Time": 0.702, "Actual Total Time": 136.048, "Actual Rows": 287, "Actual Loops": 1, "Output": ["t.id", "mi_idx.movie_id", "mk.movie_id"], "Inner Unique": true, "Shared Hit Blocks": 4524, "Shared Read Blocks": 1434, "Shared Dirtied Blocks": 0, "Shared Written Blocks": 0, "Local Hit Blocks": 0, "Local Read Blocks": 0, "Local Dirtied Blocks": 0, "Local Written Blocks": 0, "Temp Read Blocks": 0, "Temp Written Blocks": 0, "I/O Read Time": 126.165, "I/O Write Time": 0.0, "Plans": [{"Node Type": "Nested Loop", "Parent Relationship": "Outer", "Parallel Aware": false, "Join Type": "Inner", "Startup Cost": 0.86, "Total Cost": 2074.02, "Plan Rows": 740, "Plan Width": 8, "Actual Startup Time": 0.501, "Actual Total Time": 67.01, "Actual Rows": 1022, "Actual Loops": 1, "Output": ["mi_idx.movie_id", "mk.movie_id"], "Inner Unique": false, "Shared Hit Blocks": 1084, "Shared Read Blocks": 786, "Shared Dirtied Blocks": 0, "Shared Written Blocks": 0, "Local Hit Blocks": 0, "Local Read Blocks": 0, "Local Dirtied Blocks": 0, "Local Written Blocks": 0, "Temp Read Blocks": 0, "Temp Written Blocks": 0, "I/O Read Time": 63.096, "I/O Write Time": 0.0, "Plans": [{"Node Type": "Index Scan", "Parent Relationship": "Outer", "Parallel Aware": false, "Scan Direction": "Forward", "Index Name": "keyword_id_movie_keyword", "Relation Name": "movie_keyword", "Schema": "public", "Alias": "mk", "Startup Cost": 0.43, "Total Cost": 988.56, "Plan Rows": 246, "Plan Width": 4, "Actual Startup Time": 0.398, "Actual Total Time": 39.818, "Actual Rows": 483, "Actual Loops": 1, "Output": ["mk.id", "mk.movie_id", "mk.keyword_id"], "Index Cond": "(mk.keyword_id = 13886)", "Rows Removed by Index Recheck": 0, "Shared Hit Blocks": 0, "Shared Read Blocks": 420, "Shared Dirtied Blocks": 0, "Shared Written Blocks": 0, "Local Hit Blocks": 0, "Local Read Blocks": 0, "Local Dirtied Blocks": 0, "Local Written Blocks": 0, "Temp Read Blocks": 0, "Temp Written Blocks": 0, "I/O Read Time": 38.979, "I/O Write Time": 0.0}, {"Node Type": "Index Only Scan", "Parent Relationship": "Inner", "Parallel Aware": false, "Scan Direction": "Forward", "Index Name": "movie_id_movie_info_idx", "Relation Name": "movie_info_idx", "Schema": "public", "Alias": "mi_idx", "Startup Cost": 0.43, "Total Cost": 4.38, "Plan Rows": 3, "Plan Width": 4, "Actual Startup Time": 0.055, "Actual Total Time": 0.055, "Actual Rows": 2, "Actual Loops": 483, "Output": ["mi_idx.movie_id"], "Index Cond": "(mi_idx.movie_id = mk.movie_id)", "Rows Removed by Index Recheck": 0, "Heap Fetches": 0, "Shared Hit Blocks": 1084, "Shared Read Blocks": 366, "Shared Dirtied Blocks": 0, "Shared Written Blocks": 0, "Local Hit Blocks": 0, "Local Read Blocks": 0, "Local Dirtied Blocks": 0, "Local Written Blocks": 0, "Temp Read Blocks": 0, "Temp Written Blocks": 0, "I/O Read Time": 24.116, "I/O Write Time": 0.0}]}, {"Node Type": "Index Scan", "Parent Relationship": "Inner", "Parallel Aware": false, "Scan Direction": "Forward", "Index Name": "title_pkey", "Relation Name": "title", "Schema": "public", "Alias": "t", "Startup Cost": 0.43, "Total Cost": 0.58, "Plan Rows": 1, "Plan Width": 4, "Actual Startup Time": 0.067, "Actual Total Time": 0.067, "Actual Rows": 0, "Actual Loops": 1022, "Output": ["t.id", "t.title", "t.imdb_index", "t.kind_id", "t.production_year", "t.imdb_id", "t.phonetic_code", "t.episode_of_id", "t.season_nr", "t.episode_nr", "t.series_years", "t.md5sum"], "Index Cond": "(t.id = mi_idx.movie_id)", "Rows Removed by Index Recheck": 0, "Filter": "(t.production_year > 1999)", "Rows Removed by Filter": 1, "Shared Hit Blocks": 3440, "Shared Read Blocks": 648, "Shared Dirtied Blocks": 0, "Shared Written Blocks": 0, "Local Hit Blocks": 0, "Local Read Blocks": 0, "Local Dirtied Blocks": 0, "Local Written Blocks": 0, "Temp Read Blocks": 0, "Temp Written Blocks": 0, "I/O Read Time": 63.069, "I/O Write Time": 0.0}]}, {"Node Type": "Index Scan", "Parent Relationship": "Inner", "Parallel Aware": false, "Scan Direction": "Forward", "Index Name": "movie_id_movie_companies", "Relation Name": "movie_companies", "Schema": "public", "Alias": "mc", "Startup Cost": 0.43, "Total Cost": 0.6, "Plan Rows": 3, "Plan Width": 4, "Actual Startup Time": 0.097, "Actual Total Time": 0.1, "Actual Rows": 3, "Actual Loops": 287, "Output": ["mc.id", "mc.movie_id", "mc.company_id", "mc.company_type_id", "mc.note"], "Index Cond": "(mc.movie_id = t.id)", "Rows Removed by Index Recheck": 0, "Filter": "(mc.company_type_id = 2)", "Rows Removed by Filter": 10, "Shared Hit Blocks": 1133, "Shared Read Blocks": 272, "Shared Dirtied Blocks": 0, "Shared Written Blocks": 0, "Local Hit Blocks": 0, "Local Read Blocks": 0, "Local Dirtied Blocks": 0, "Local Written Blocks": 0, "Temp Read Blocks": 0, "Temp Written Blocks": 0, "I/O Read Time": 25.579, "I/O Write Time": 0.0}]}, {"Node Type": "Index Only Scan", "Parent Relationship": "Inner", "Parallel Aware": false, "Scan Direction": "Forward", "Index Name": "movie_id_cast_info", "Relation Name": "cast_info", "Schema": "public", "Alias": "ci", "Startup Cost": 0.44, "Total Cost": 1.22, "Plan Rows": 37, "Plan Width": 4, "Actual Startup Time": 0.023, "Actual Total Time": 0.041, "Actual Rows": 115, "Actual Loops": 782, "Output": ["ci.movie_id"], "Index Cond": "(ci.movie_id = t.id)", "Rows Removed by Index Recheck": 0, "Heap Fetches": 0, "Shared Hit Blocks": 7984, "Shared Read Blocks": 140, "Shared Dirtied Blocks": 0, "Shared Written Blocks": 0, "Local Hit Blocks": 0, "Local Read Blocks": 0, "Local Dirtied Blocks": 0, "Local Written Blocks": 0, "Temp Read Blocks": 0, "Temp Written Blocks": 0, "I/O Read Time": 12.653, "I/O Write Time": 0.0}]}]}, "Planning": {"Shared Hit Blocks": 481, "Shared Read Blocks": 63, "Shared Dirtied Blocks": 0, "Shared Written Blocks": 0, "Local Hit Blocks": 0, "Local Read Blocks": 0, "Local Dirtied Blocks": 0, "Local Written Blocks": 0, "Temp Read Blocks": 0, "Temp Written Blocks": 0, "I/O Read Time": 5.156, "I/O Write Time": 0.0}, "Planning Time": 9.836, "Triggers": [], "Execution Time": 218.1}, "template": "scale", "query": "EXPLAIN (ANALYZE, COSTS, BUFFERS, VERBOSE, FORMAT JSON) SELECT COUNT(*) FROM title t,movie_companies mc,cast_info ci,movie_info_idx mi_idx,movie_keyword mk WHERE t.id=mc.movie_id AND t.id=ci.movie_id AND t.id=mi_idx.movie_id AND t.id=mk.movie_id AND t.production_year>1999 AND mc.company_type_id=2 AND mk.keyword_id=13886;"}
{"planinfo": {"Plan": {"Node Type": "Aggregate", "Strategy": "Plain", "Partial Mode": "Simple", "Parallel Aware": false, "Startup Cost": 636608.92, "Total Cost": 636608.93, "Plan Rows": 1, "Plan Width": 8, "Actual Startup Time": 215319.635, "Actual Total Time": 215319.641, "Actual Rows": 1, "Actual Loops": 1, "Output": ["count(*)"], "Shared Hit Blocks": 85405026, "Shared Read Blocks": 215788, "Shared Dirtied Blocks": 0, "Shared Written Blocks": 0, "Local Hit Blocks": 0, "Local Read Blocks": 0, "Local Dirtied Blocks": 0, "Local Written Blocks": 0, "Temp Read Blocks": 11156, "Temp Written Blocks": 11156, "I/O Read Time": 3523.295, "I/O Write Time": 0.0, "Plans": [{"Node Type": "Nested Loop", "Parent Relationship": "Outer", "Parallel Aware": false, "Join Type": "Inner", "Startup Cost": 123198.94, "Total Cost": 634413.24, "Plan Rows": 878275, "Plan Width": 0, "Actual Startup Time": 2220.641, "Actual Total Time": 191812.983, "Actual Rows": 218613694, "Actual Loops": 1, "Inner Unique": false, "Join Filter": "(t.id = ci.movie_id)", "Rows Removed by Join Filter": 0, "Shared Hit Blocks": 85405026, "Shared Read Blocks": 215788, "Shared Dirtied Blocks": 0, "Shared Written Blocks": 0, "Local Hit Blocks": 0, "Local Read Blocks": 0, "Local Dirtied Blocks": 0, "Local Written Blocks": 0, "Temp Read Blocks": 11156, "Temp Written Blocks": 11156, "I/O Read Time": 3523.295, "I/O Write Time": 0.0, "Plans": [{"Node Type": "Nested Loop", "Parent Relationship": "Outer", "Parallel Aware": false, "Join Type": "Inner", "Startup Cost": 123198.5, "Total Cost": 530260.53, "Plan Rows": 61187, "Plan Width": 16, "Actual Startup Time": 2220.301, "Actual Total Time": 96783.428, "Actual Rows": 3448942, "Actual Loops": 1, "Output": ["t.id", "mi.movie_id", "mi_idx.movie_id", "mk.movie_id"], "Inner Unique": false, "Join Filter": "(t.id = mi.movie_id)", "Rows Removed by Join Filter": 0, "Shared Hit Blocks": 49245966, "Shared Read Blocks": 195712, "Shared Dirtied Blocks": 0, "Shared Written Blocks": 0, "Local Hit Blocks": 0, "Local Read Blocks": 0, "Local Dirtied Blocks": 0, "Local Written Blocks": 0, "Temp Read Blocks": 11156, "Temp Written Blocks": 11156, "I/O Read Time": 1409.94, "I/O Write Time": 0.0, "Plans": [{"Node Type": "Hash Join", "Parent Relationship": "Outer", "Parallel Aware": false, "Join Type": "Inner", "Startup Cost": 123198.07, "Total Cost": 228998.85, "Plan Rows": 184245, "Plan Width": 12, "Actual Startup Time": 2219.54, "Actual Total Time": 4734.031, "Actual Rows": 2689351, "Actual Loops": 1, "Output": ["t.id", "mi_idx.movie_id", "mk.movie_id"], "Inner Unique": false, "Hash Cond": "(mk.movie_id = t.id)", "Shared Hit Blocks": 3, "Shared Read Blocks": 68387, "Shared Dirtied Blocks": 0, "Shared Written Blocks": 0, "Local Hit Blocks": 0, "Local Read Blocks": 0, "Local Dirtied Blocks": 0, "Local Written Blocks": 0, "Temp Read Blocks": 11156, "Temp Written Blocks": 11156, "I/O Read Time": 237.592, "I/O Write Time": 0.0, "Plans": [{"Node Type": "Seq Scan", "Parent Relationship": "Outer", "Parallel Aware": false, "Relation Name": "movie_keyword", "Schema": "public", "Alias": "mk", "Startup Cost": 0.0, "Total Cost": 81003.12, "Plan Rows": 1902456, "Plan Width": 4, "Actual Startup Time": 0.137, "Actual Total Time": 1015.859, "Actual Rows": 1913078, "Actual Loops": 1, "Output": ["mk.movie_id"], "Filter": "(mk.keyword_id < 3291)", "Rows Removed by Filter": 2610852, "Shared Hit Blocks": 0, "Shared Read Blocks": 24454, "Shared Dirtied Blocks": 0, "Shared Written Blocks": 0, "Local Hit Blocks": 0, "Local Read Blocks": 0, "Local Dirtied Blocks": 0, "Local Written Blocks": 0, "Temp Read Blocks": 0, "Temp Written Blocks": 0, "I/O Read Time": 131.674, "I/O Write Time": 0.0}, {"Node Type": "Hash", "Parent Relationship": "Inner", "Parallel Aware": false, "Startup Cost": 119180.1, "Total Cost": 119180.1, "Plan Rows": 244877, "Plan Width": 8, "Actual Startup Time": 1936.98, "Actual Total Time": 1936.984, "Actual Rows": 500281, "Actual Loops": 1, "Output": ["t.id", "mi_idx.movie_id"], "Hash Buckets": 131072, "Original Hash Buckets": 131072, "Hash Batches": 8, "Original Hash Batches": 4, "Peak Memory Usage": 3481, "Shared Hit Blocks": 0, "Shared Read Blocks": 43933, "Shared Dirtied Blocks": 0, "Shared Written Blocks": 0, "Local Hit Blocks": 0, "Local Read Blocks": 0, "Local Dirtied Blocks": 0, "Local Written Blocks": 0, "Temp Read Blocks": 4757, "Temp Written Blocks": 6249, "I/O Read Time": 105.918, "I/O Write Time": 0.0, "Plans": [{"Node Type": "Hash Join", "Parent Relationship": "Outer", "Parallel Aware": false, "Join Type": "Inner", "Startup Cost": 81287.15, "Total Cost": 119180.1, "Plan Rows": 244877, "Plan Width": 8, "Actual Startup Time": 1011.922, "Actual Total Time": 1778.226, "Actual Rows": 500281, "Actual Loops": 1, "Output": ["t.id", "mi_idx.movie_id"], "Inner Unique": true, "Hash Cond": "(mi_idx.movie_id = t.id)", "Shared Hit Blocks": 0, "Shared Read Blocks": 43933, "Shared Dirtied Blocks": 0, "Shared Written Blocks": 0, "Local Hit Blocks": 0, "Local Read Blocks": 0, "Local Dirtied Blocks": 0, "Local Written Blocks": 0, "Temp Read Blocks": 4757, "Temp Written Blocks": 4757, "I/O Read Time": 105.918, "I/O Write Time": 0.0, "Plans": [{"Node Type": "Seq Scan", "Parent Relationship": "Outer", "Parallel Aware": false, "Relation Name": "movie_info_idx", "Schema": "public", "Alias": "mi_idx", "Startup Cost": 0.0, "Total Cost": 21735.35, "Plan Rows": 1380035, "Plan Width": 4, "Actual Startup Time": 0.137, "Actual Total Time": 301.114, "Actual Rows": 1380035, "Actual Loops": 1, "Output": ["mi_idx.movie_id"], "Shared Hit Blocks": 0, "Shared Read Blocks": 7935, "Shared Dirtied Blocks": 0, "Shared Written Blocks": 0, "Local Hit Blocks": 0, "Local Read Blocks": 0, "Local Dirtied Blocks": 0, "Local Written Blocks": 0, "Temp Read Blocks": 0, "Temp Written Blocks": 0, "I/O Read Time": 40.966, "I/O Write Time": 0.0}, {"Node Type": "Hash", "Parent Relationship": "Inner", "Parallel Aware": false, "Startup Cost": 73925.8, "Total Cost": 73925.8, "Plan Rows": 448668, "Plan Width": 4, "Actual Startup Time": 747.813, "Actual Total Time": 747.814, "Actual Rows": 473918, "Actual Loops": 1, "Output": ["t.id"], "Hash Buckets": 131072, "Original Hash Buckets": 131072, "Hash Batches": 8, "Original Hash Batches": 8, "Peak Memory Usage": 3117, "Shared Hit Blocks": 0, "Shared Read Blocks": 35998, "Shared Dirtied Blocks": 0, "Shared Written Blocks": 0, "Local Hit Blocks": 0, "Local Read Blocks": 0, "Local Dirtied Blocks": 0, "Local Written Blocks": 0, "Temp Read Blocks": 0, "Temp Written Blocks": 1211, "I/O Read Time": 64.952, "I/O Write Time": 0.0, "Plans": [{"Node Type": "Seq Scan", "Parent Relationship": "Outer", "Parallel Aware": false, "Relation Name": "title", "Schema": "public", "Alias": "t", "Startup Cost": 0.0, "Total Cost": 73925.8, "Plan Rows": 448668, "Plan Width": 4, "Actual Startup Time": 311.699, "Actual Total Time": 596.717, "Actual Rows": 473918, "Actual Loops": 1, "Output": ["t.id"], "Filter": "((t.production_year < 2008) AND (t.kind_id = 1))", "Rows Removed by Filter": 2054394, "Shared Hit Blocks": 0, "Shared Read Blocks": 35998, "Shared Dirtied Blocks": 0, "Shared Written Blocks": 0, "Local Hit Blocks": 0, "Local Read Blocks": 0, "Local Dirtied Blocks": 0, "Local Written Blocks": 0, "Temp Read Blocks": 0, "Temp Written Blocks": 0, "I/O Read Time": 64.952, "I/O Write Time": 0.0}]}]}]}]}, {"Node Type": "Index Scan", "Parent Relationship": "Inner", "Parallel Aware": false, "Scan Direction": "Forward", "Index Name": "movie_id_movie_info", "Relation Name": "movie_info", "Schema": "public", "Alias": "mi", "Startup Cost": 0.43, "Total Cost": 1.61, "Plan Rows": 2, "Plan Width": 4, "Actual Startup Time": 0.008, "Actual Total Time": 0.033, "Actual Rows": 1, "Actual Loops": 2689351, "Output": ["mi.id", "mi.movie_id", "mi.info_type_id", "mi.info", "mi.note"], "Index Cond": "(mi.movie_id = mk.movie_id)", "Rows Removed by Index Recheck": 0, "Filter": "(mi.info_type_id < 2)", "Rows Removed by Filter": 76, "Shared Hit Blocks": 49245963, "Shared Read Blocks": 127325, "Shared Dirtied Blocks": 0, "Shared Written Blocks": 0, "Local Hit Blocks": 0, "Local Read Blocks": 0, "Local Dirtied Blocks": 0, "Local Written Blocks": 0, "Temp Read Blocks": 0, "Temp Written Blocks": 0, "I/O Read Time": 1172.348, "I/O Write Time": 0.0}]}, {"Node Type": "Index Only Scan", "Parent Relationship": "Inner", "Parallel Aware": false, "Scan Direction": "Forward", "Index Name": "movie_id_cast_info", "Relation Name": "cast_info", "Schema": "public", "Alias": "ci", "Startup Cost": 0.44, "Total Cost": 1.24, "Plan Rows": 37, "Plan Width": 4, "Actual Startup Time": 0.006, "Actual Total Time": 0.017, "Actual Rows": 63, "Actual Loops": 3448942, "Output": ["ci.movie_id"], "Index Cond": "(ci.movie_id = mk.movie_id)", "Rows Removed by Index Recheck": 0, "Heap Fetches": 0, "Shared Hit Blocks": 36159060, "Shared Read Blocks": 20076, "Shared Dirtied Blocks": 0, "Shared Written Blocks": 0, "Local Hit Blocks": 0, "Local Read Blocks": 0, "Local Dirtied Blocks": 0, "Local Written Blocks": 0, "Temp Read Blocks": 0, "Temp Written Blocks": 0, "I/O Read Time": 2113.355, "I/O Write Time": 0.0}]}]}, "Planning": {"Shared Hit Blocks": 470, "Shared Read Blocks": 66, "Shared Dirtied Blocks": 0, "Shared Written Blocks": 0, "Local Hit Blocks": 0, "Local Read Blocks": 0, "Local Dirtied Blocks": 0, "Local Written Blocks": 0, "Temp Read Blocks": 0, "Temp Written Blocks": 0, "I/O Read Time": 5.209, "I/O Write Time": 0.0}, "Planning Time": 9.95, "Triggers": [], "Execution Time": 215320.32}, "template": "scale", "query": "EXPLAIN (ANALYZE, COSTS, BUFFERS, VERBOSE, FORMAT JSON) SELECT COUNT(*) FROM title t,cast_info ci,movie_info mi,movie_info_idx mi_idx,movie_keyword mk WHERE t.id=ci.movie_id AND t.id=mi.movie_id AND t.id=mi_idx.movie_id AND t.id=mk.movie_id AND t.kind_id=1 AND t.production_year<2008 AND mi.info_type_id<2 AND mk.keyword_id<3291;"}
{"planinfo": {"Plan": {"Node Type": "Aggregate", "Strategy": "Plain", "Partial Mode": "Simple", "Parallel Aware": false, "Startup Cost": 390653.05, "Total Cost": 390653.06, "Plan Rows": 1, "Plan Width": 8, "Actual Startup Time": 21163.194, "Actual Total Time": 21163.196, "Actual Rows": 1, "Actual Loops": 1, "Output": ["count(*)"], "Shared Hit Blocks": 55150, "Shared Read Blocks": 58917, "Shared Dirtied Blocks": 0, "Shared Written Blocks": 0, "Local Hit Blocks": 0, "Local Read Blocks": 0, "Local Dirtied Blocks": 0, "Local Written Blocks": 0, "Temp Read Blocks": 7888, "Temp Written Blocks": 7936, "I/O Read Time": 431.332, "I/O Write Time": 0.0, "Plans": [{"Node Type": "Merge Join", "Parent Relationship": "Outer", "Parallel Aware": false, "Join Type": "Inner", "Startup Cost": 178078.6, "Total Cost": 388691.36, "Plan Rows": 784674, "Plan Width": 0, "Actual Startup Time": 3416.312, "Actual Total Time": 17774.606, "Actual Rows": 33302158, "Actual Loops": 1, "Inner Unique": false, "Merge Cond": "(t.id = mk.movie_id)", "Shared Hit Blocks": 55150, "Shared Read Blocks": 58917, "Shared Dirtied Blocks": 0, "Shared Written Blocks": 0, "Local Hit Blocks": 0, "Local Read Blocks": 0, "Local Dirtied Blocks": 0, "Local Written Blocks": 0, "Temp Read Blocks": 7888, "Temp Written Blocks": 7936, "I/O Read Time": 431.332, "I/O Write Time": 0.0, "Plans": [{"Node Type": "Merge Join", "Parent Relationship": "Outer", "Parallel Aware": false, "Join Type": "Inner", "Startup Cost": 178068.23, "Total Cost": 265927.13, "Plan Rows": 438571, "Plan Width": 8, "Actual Startup Time": 3416.195, "Actual Total Time": 6257.857, "Actual Rows": 2441380, "Actual Loops": 1, "Output": ["t.id", "ci.movie_id"], "Inner Unique": false, "Merge Cond": "(t.id = ci.movie_id)", "Shared Hit Blocks": 23441, "Shared Read Blocks": 50264, "Shared Dirtied Blocks": 0, "Shared Written Blocks": 0, "Local Hit Blocks": 0, "Local Read Blocks": 0, "Local Dirtied Blocks": 0, "Local Written Blocks": 0, "Temp Read Blocks": 7888, "Temp Written Blocks": 7936, "I/O Read Time": 381.494, "I/O Write Time": 0.0, "Plans": [{"Node Type": "Index Only Scan", "Parent Relationship": "Outer", "Parallel Aware": false, "Scan Direction": "Forward", "Index Name": "title_pkey", "Relation Name": "title", "Schema": "public", "Alias": "t", "Startup Cost": 0.43, "Total Cost": 73940.23, "Plan Rows": 2528520, "Plan Width": 4, "Actual Startup Time": 0.017, "Actual Total Time": 578.64, "Actual Rows": 2525972, "Actual Loops": 1, "Output": ["t.id"], "Heap Fetches": 0, "Shared Hit Blocks": 23441, "Shared Read Blocks": 8963, "Shared Dirtied Blocks": 0, "Shared Written Blocks": 0, "Local Hit Blocks": 0, "Local Read Blocks": 0, "Local Dirtied Blocks": 0, "Local Written Blocks": 0, "Temp Read Blocks": 0, "Temp Written Blocks": 0, "I/O Read Time": 169.854, "I/O Write Time": 0.0}, {"Node Type": "Materialize", "Parent Relationship": "Inner", "Parallel Aware": false, "Startup Cost": 178067.52, "Total Cost": 180260.37, "Plan Rows": 438571, "Plan Width": 4, "Actual Startup Time": 3416.166, "Actual Total Time": 4611.567, "Actual Rows": 2441380, "Actual Loops": 1, "Output": ["ci.movie_id"], "Shared Hit Blocks": 0, "Shared Read Blocks": 41301, "Shared Dirtied Blocks": 0, "Shared Written Blocks": 0, "Local Hit Blocks": 0, "Local Read Blocks": 0, "Local Dirtied Blocks": 0, "Local Written Blocks": 0, "Temp Read Blocks": 7888, "Temp Written Blocks": 7936, "I/O Read Time": 211.64, "I/O Write Time": 0.0, "Plans": [{"Node Type": "Sort", "Parent Relationship": "Outer", "Parallel Aware": false, "Startup Cost": 178067.52, "Total Cost": 179163.94, "Plan Rows": 438571, "Plan Width": 4, "Actual Startup Time": 3416.162, "Actual Total Time": 3955.642, "Actual Rows": 2441380, "Actual Loops": 1, "Output": ["ci.movie_id"], "Sort Key": ["ci.movie_id"], "Sort Method": "external merge", "Sort Space Used": 33528, "Sort Space Type": "Disk", "Shared Hit Blocks": 0, "Shared Read Blocks": 41301, "Shared Dirtied Blocks": 0, "Shared Written Blocks": 0, "Local Hit Blocks": 0, "Local Read Blocks": 0, "Local Dirtied Blocks": 0, "Local Written Blocks": 0, "Temp Read Blocks": 7888, "Temp Written Blocks": 7936, "I/O Read Time": 211.64, "I/O Write Time": 0.0, "Plans": [{"Node Type": "Index Scan", "Parent Relationship": "Outer", "Parallel Aware": false, "Scan Direction": "Forward", "Index Name": "role_id_cast_info", "Relation Name": "cast_info", "Schema": "public", "Alias": "ci", "Startup Cost": 0.44, "Total Cost": 130969.04, "Plan Rows": 438571, "Plan Width": 4, "Actual Startup Time": 0.503, "Actual Total Time": 1877.435, "Actual Rows": 2441381, "Actual Loops": 1, "Output": ["ci.movie_id"], "Index Cond": "(ci.role_id = 10)", "Rows Removed by Index Recheck": 0, "Filter": "(ci.person_id > 3393072)", "Rows Removed by Filter": 1881637, "Shared Hit Blocks": 0, "Shared Read Blocks": 41301, "Shared Dirtied Blocks": 0, "Shared Written Blocks": 0, "Local Hit Blocks": 0, "Local Read Blocks": 0, "Local Dirtied Blocks": 0, "Local Written Blocks": 0, "Temp Read Blocks": 0, "Temp Written Blocks": 0, "I/O Read Time": 211.64, "I/O Write Time": 0.0}]}]}]}, {"Node Type": "Index Only Scan", "Parent Relationship": "Inner", "Parallel Aware": false, "Scan Direction": "Forward", "Index Name": "movie_id_movie_keyword", "Relation Name": "movie_keyword", "Schema": "public", "Alias": "mk", "Startup Cost": 0.43, "Total Cost": 102607.38, "Plan Rows": 4523930, "Plan Width": 4, "Actual Startup Time": 0.04, "Actual Total Time": 5089.379, "Actual Rows": 35455941, "Actual Loops": 1, "Output": ["mk.movie_id"], "Heap Fetches": 0, "Shared Hit Blocks": 31709, "Shared Read Blocks": 8653, "Shared Dirtied Blocks": 0, "Shared Written Blocks": 0, "Local Hit Blocks": 0, "Local Read Blocks": 0, "Local Dirtied Blocks": 0, "Local Written Blocks": 0, "Temp Read Blocks": 0, "Temp Written Blocks": 0, "I/O Read Time": 49.838, "I/O Write Time": 0.0}]}]}, "Planning": {"Shared Hit Blocks": 208, "Shared Read Blocks": 41, "Shared Dirtied Blocks": 0, "Shared Written Blocks": 0, "Local Hit Blocks": 0, "Local Read Blocks": 0, "Local Dirtied Blocks": 0, "Local Written Blocks": 0, "Temp Read Blocks": 0, "Temp Written Blocks": 0, "I/O Read Time": 3.297, "I/O Write Time": 0.0}, "Planning Time": 5.178, "Triggers": [], "Execution Time": 21165.23}, "template": "scale", "query": "EXPLAIN (ANALYZE, COSTS, BUFFERS, VERBOSE, FORMAT JSON) SELECT COUNT(*) FROM title t,cast_info ci,movie_keyword mk WHERE t.id=ci.movie_id AND t.id=mk.movie_id AND ci.person_id>3393072 AND ci.role_id=10;"}
{"planinfo": {"Plan": {"Node Type": "Aggregate", "Strategy": "Plain", "Partial Mode": "Simple", "Parallel Aware": false, "Startup Cost": 201165.42, "Total Cost": 201165.43, "Plan Rows": 1, "Plan Width": 8, "Actual Startup Time": 3457.874, "Actual Total Time": 3457.876, "Actual Rows": 1, "Actual Loops": 1, "Output": ["count(*)"], "Shared Hit Blocks": 384956, "Shared Read Blocks": 64011, "Shared Dirtied Blocks": 0, "Shared Written Blocks": 0, "Local Hit Blocks": 0, "Local Read Blocks": 0, "Local Dirtied Blocks": 0, "Local Written Blocks": 0, "Temp Read Blocks": 0, "Temp Written Blocks": 0, "I/O Read Time": 635.604, "I/O Write Time": 0.0, "Plans": [{"Node Type": "Nested Loop", "Parent Relationship": "Outer", "Parallel Aware": false, "Join Type": "Inner", "Startup Cost": 67839.88, "Total Cost": 200223.78, "Plan Rows": 376656, "Plan Width": 0, "Actual Startup Time": 524.863, "Actual Total Time": 3263.607, "Actual Rows": 1810007, "Actual Loops": 1, "Inner Unique": false, "Join Filter": "(t.id = ci.movie_id)", "Rows Removed by Join Filter": 0, "Shared Hit Blocks": 384956, "Shared Read Blocks": 64011, "Shared Dirtied Blocks": 0, "Shared Written Blocks": 0, "Local Hit Blocks": 0, "Local Read Blocks": 0, "Local Dirtied Blocks": 0, "Local Written Blocks": 0, "Temp Read Blocks": 0, "Temp Written Blocks": 0, "I/O Read Time": 635.604, "I/O Write Time": 0.0, "Plans": [{"Node Type": "Hash Join", "Parent Relationship": "Outer", "Parallel Aware": false, "Join Type": "Inner", "Startup Cost": 67839.44, "Total Cost": 158109.4, "Plan Rows": 26241, "Plan Width": 8, "Actual Startup Time": 524.604, "Actual Total Time": 1984.451, "Actual Rows": 41023, "Actual Loops": 1, "Output": ["t.id", "mk.movie_id"], "Inner Unique": true, "Hash Cond": "(mk.movie_id = t.id)", "Shared Hit Blocks": 3, "Shared Read Blocks": 60452, "Shared Dirtied Blocks": 0, "Shared Written Blocks": 0, "Local Hit Blocks": 0, "Local Read Blocks": 0, "Local Dirtied Blocks": 0, "Local Written Blocks": 0, "Temp Read Blocks": 0, "Temp Written Blocks": 0, "I/O Read Time": 193.399, "I/O Write Time": 0.0, "Plans": [{"Node Type": "Seq Scan", "Parent Relationship": "Outer", "Parallel Aware": false, "Relation Name": "movie_keyword", "Schema": "public", "Alias": "mk", "Startup Cost": 0.0, "Total Cost": 81003.12, "Plan Rows": 3530218, "Plan Width": 4, "Actual Startup Time": 0.429, "Actual Total Time": 933.911, "Actual Rows": 3526835, "Actual Loops": 1, "Output": ["mk.id", "mk.movie_id", "mk.keyword_id"], "Filter": "(mk.keyword_id > 944)", "Rows Removed by Filter": 997095, "Shared Hit Blocks": 0, "Shared Read Blocks": 24454, "Shared Dirtied Blocks": 0, "Shared Written Blocks": 0, "Local Hit Blocks": 0, "Local Read Blocks": 0, "Local Dirtied Blocks": 0, "Local Written Blocks": 0, "Temp Read Blocks": 0, "Temp Written Blocks": 0, "I/O Read Time": 124.691, "I/O Write Time": 0.0}, {"Node Type": "Hash", "Parent Relationship": "Inner", "Parallel Aware": false, "Startup Cost": 67604.5, "Total Cost": 67604.5, "Plan Rows": 18795, "Plan Width": 4, "Actual Startup Time": 524.033, "Actual Total Time": 524.034, "Actual Rows": 21312, "Actual Loops": 1, "Output": ["t.id"], "Hash Buckets": 32768, "Original Hash Buckets": 32768, "Hash Batches": 1, "Original Hash Batches": 1, "Peak Memory Usage": 1006, "Shared Hit Blocks": 0, "Shared Read Blocks": 35998, "Shared Dirtied Blocks": 0, "Shared Written Blocks": 0, "Local Hit Blocks": 0, "Local Read Blocks": 0, "Local Dirtied Blocks": 0, "Local Written Blocks": 0, "Temp Read Blocks": 0, "Temp Written Blocks": 0, "I/O Read Time": 68.708, "I/O Write Time": 0.0, "Plans": [{"Node Type": "Seq Scan", "Parent Relationship": "Outer", "Parallel Aware": false, "Relation Name": "title", "Schema": "public", "Alias": "t", "Startup Cost": 0.0, "Total Cost": 67604.5, "Plan Rows": 18795, "Plan Width": 4, "Actual Startup Time": 0.138, "Actual Total Time": 514.645, "Actual Rows": 21312, "Actual Loops": 1, "Output": ["t.id"], "Filter": "(t.production_year = 1989)", "Rows Removed by Filter": 2507000, "Shared Hit Blocks": 0, "Shared Read Blocks": 35998, "Shared Dirtied Blocks": 0, "Shared Written Blocks": 0, "Local Hit Blocks": 0, "Local Read Blocks": 0, "Local Dirtied Blocks": 0, "Local Written Blocks": 0, "Temp Read Blocks": 0, "Temp Written Blocks": 0, "I/O Read Time": 68.708, "I/O Write Time": 0.0}]}]}, {"Node Type": "Index Only Scan", "Parent Relationship": "Inner", "Parallel Aware": false, "Scan Direction": "Forward", "Index Name": "movie_id_cast_info", "Relation Name": "cast_info", "Schema": "public", "Alias": "ci", "Startup Cost": 0.44, "Total Cost": 1.14, "Plan Rows": 37, "Plan Width": 4, "Actual Startup Time": 0.016, "Actual Total Time": 0.024, "Actual Rows": 44, "Actual Loops": 41023, "Output": ["ci.movie_id"], "Index Cond": "(ci.movie_id = mk.movie_id)", "Rows Removed by Index Recheck": 0, "Heap Fetches": 0, "Shared Hit Blocks": 384953, "Shared Read Blocks": 3559, "Shared Dirtied Blocks": 0, "Shared Written Blocks": 0, "Local Hit Blocks": 0, "Local Read Blocks": 0, "Local Dirtied Blocks": 0, "Local Written Blocks": 0, "Temp Read Blocks": 0, "Temp Written Blocks": 0, "I/O Read Time": 442.205, "I/O Write Time": 0.0}]}]}, "Planning": {"Shared Hit Blocks": 208, "Shared Read Blocks": 41, "Shared Dirtied Blocks": 0, "Shared Written Blocks": 0, "Local Hit Blocks": 0, "Local Read Blocks": 0, "Local Dirtied Blocks": 0, "Local Written Blocks": 0, "Temp Read Blocks": 0, "Temp Written Blocks": 0, "I/O Read Time": 3.095, "I/O Write Time": 0.0}, "Planning Time": 4.775, "Triggers": [], "Execution Time": 3458.063}, "template": "scale", "query": "EXPLAIN (ANALYZE, COSTS, BUFFERS, VERBOSE, FORMAT JSON) SELECT COUNT(*) FROM title t,cast_info ci,movie_keyword mk WHERE t.id=ci.movie_id AND t.id=mk.movie_id AND t.production_year=1989 AND mk.keyword_id>944;"}
{"planinfo": {"Plan": {"Node Type": "Aggregate", "Strategy": "Plain", "Partial Mode": "Simple", "Parallel Aware": false, "Startup Cost": 2049881.74, "Total Cost": 2049881.75, "Plan Rows": 1, "Plan Width": 8, "Actual Startup Time": 66349.26, "Actual Total Time": 66349.267, "Actual Rows": 1, "Actual Loops": 1, "Output": ["count(*)"], "Shared Hit Blocks": 23449, "Shared Read Blocks": 428152, "Shared Dirtied Blocks": 0, "Shared Written Blocks": 0, "Local Hit Blocks": 0, "Local Read Blocks": 0, "Local Dirtied Blocks": 0, "Local Written Blocks": 0, "Temp Read Blocks": 134239, "Temp Written Blocks": 134239, "I/O Read Time": 878.585, "I/O Write Time": 0.0, "Plans": [{"Node Type": "Hash Join", "Parent Relationship": "Outer", "Parallel Aware": false, "Join Type": "Inner", "Startup Cost": 606967.88, "Total Cost": 1979347.32, "Plan Rows": 28213771, "Plan Width": 0, "Actual Startup Time": 8887.279, "Actual Total Time": 54738.593, "Actual Rows": 117477848, "Actual Loops": 1, "Inner Unique": false, "Hash Cond": "(ci.movie_id = t.id)", "Shared Hit Blocks": 23449, "Shared Read Blocks": 428152, "Shared Dirtied Blocks": 0, "Shared Written Blocks": 0, "Local Hit Blocks": 0, "Local Read Blocks": 0, "Local Dirtied Blocks": 0, "Local Written Blocks": 0, "Temp Read Blocks": 134239, "Temp Written Blocks": 134239, "I/O Read Time": 878.585, "I/O Write Time": 0.0, "Plans": [{"Node Type": "Seq Scan", "Parent Relationship": "Outer", "Parallel Aware": false, "Relation Name": "cast_info", "Schema": "public", "Alias": "ci", "Startup Cost": 0.0, "Total Cost": 615626.12, "Plan Rows": 36293912, "Plan Width": 4, "Actual Startup Time": 0.206, "Actual Total Time": 7620.532, "Actual Rows": 36244344, "Actual Loops": 1, "Output": ["ci.movie_id"], "Shared Hit Blocks": 0, "Shared Read Blocks": 252687, "Shared Dirtied Blocks": 0, "Shared Written Blocks": 0, "Local Hit Blocks": 0, "Local Read Blocks": 0, "Local Dirtied Blocks": 0, "Local Written Blocks": 0, "Temp Read Blocks": 0, "Temp Written Blocks": 0, "I/O Read Time": 422.407, "I/O Write Time": 0.0}, {"Node Type": "Hash", "Parent Relationship": "Inner", "Parallel Aware": false, "Startup Cost": 572799.95, "Total Cost": 572799.95, "Plan Rows": 1965594, "Plan Width": 12, "Actual Startup Time": 8882.485, "Actual Total Time": 8882.49, "Actual Rows": 3840309, "Actual Loops": 1, "Output": ["t.id", "mi.movie_id", "mi_idx.movie_id"], "Hash Buckets": 131072, "Original Hash Buckets": 131072, "Hash Batches": 64, "Original Hash Batches": 32, "Peak Memory Usage": 3622, "Shared Hit Blocks": 23446, "Shared Read Blocks": 175465, "Shared Dirtied Blocks": 0, "Shared Written Blocks": 0, "Local Hit Blocks": 0, "Local Read Blocks": 0, "Local Dirtied Blocks": 0, "Local Written Blocks": 0, "Temp Read Blocks": 14891, "Temp Written Blocks": 29623, "I/O Read Time": 456.178, "I/O Write Time": 0.0, "Plans": [{"Node Type": "Hash Join", "Parent Relationship": "Outer", "Parallel Aware": false, "Join Type": "Inner", "Startup Cost": 158888.18, "Total Cost": 572799.95, "Plan Rows": 1965594, "Plan Width": 12, "Actual Startup Time": 2156.628, "Actual Total Time": 7596.722, "Actual Rows": 3840309, "Actual Loops": 1, "Output": ["t.id", "mi.movie_id", "mi_idx.movie_id"], "Inner Unique": false, "Hash Cond": "(mi.movie_id = t.id)", "Shared Hit Blocks": 23446, "Shared Read Blocks": 175465, "Shared Dirtied Blocks": 0, "Shared Written Blocks": 0, "Local Hit Blocks": 0, "Local Read Blocks": 0, "Local Dirtied Blocks": 0, "Local Written Blocks": 0, "Temp Read Blocks": 14891, "Temp Written Blocks": 14891, "I/O Read Time": 456.178, "I/O Write Time": 0.0, "Plans": [{"Node Type": "Seq Scan", "Parent Relationship": "Outer", "Parallel Aware": false, "Relation Name": "movie_info", "Schema": "public", "Alias": "mi", "Startup Cost": 0.0, "Total Cost": 347223.62, "Plan Rows": 3601389, "Plan Width": 4, "Actual Startup Time": 300.619, "Actual Total Time": 2995.578, "Actual Rows": 3624977, "Actual Loops": 1, "Output": ["mi.movie_id"], "Filter": "(mi.info_type_id < 4)", "Rows Removed by Filter": 11210743, "Shared Hit Blocks": 0, "Shared Read Blocks": 161993, "Shared Dirtied Blocks": 0, "Shared Written Blocks": 0, "Local Hit Blocks": 0, "Local Read Blocks": 0, "Local Dirtied Blocks": 0, "Local Written Blocks": 0, "Temp Read Blocks": 0, "Temp Written Blocks": 0, "I/O Read Time": 297.61, "I/O Write Time": 0.0}, {"Node Type": "Hash", "Parent Relationship": "Inner", "Parallel Aware": false, "Startup Cost": 136246.74, "Total Cost": 136246.74, "Plan Rows": 1380035, "Plan Width": 8, "Actual Startup Time": 1855.47, "Actual Total Time": 1855.473, "Actual Rows": 1380035, "Actual Loops": 1, "Output": ["t.id", "mi_idx.movie_id"], "Hash Buckets": 131072, "Original Hash Buckets": 131072, "Hash Batches": 32, "Original Hash Batches": 32, "Peak Memory Usage": 2708, "Shared Hit Blocks": 23446, "Shared Read Blocks": 13472, "Shared Dirtied Blocks": 0, "Shared Written Blocks": 0, "Local Hit Blocks": 0, "Local Read Blocks": 0, "Local Dirtied Blocks": 0, "Local Written Blocks": 0, "Temp Read Blocks": 0, "Temp Written Blocks": 4554, "I/O Read Time": 158.568, "I/O Write Time": 0.0, "Plans": [{"Node Type": "Merge Join", "Parent Relationship": "Outer", "Parallel Aware": false, "Join Type": "Inner", "Startup Cost": 9.94, "Total Cost": 136246.74, "Plan Rows": 1380035, "Plan Width": 8, "Actual Startup Time": 0.067, "Actual Total Time": 1387.678, "Actual Rows": 1380035, "Actual Loops": 1, "Output": ["t.id", "mi_idx.movie_id"], "Inner Unique": false, "Merge Cond": "(t.id = mi_idx.movie_id)", "Shared Hit Blocks": 23446, "Shared Read Blocks": 13472, "Shared Dirtied Blocks": 0, "Shared Written Blocks": 0, "Local Hit Blocks": 0, "Local Read Blocks": 0, "Local Dirtied Blocks": 0, "Local Written Blocks": 0, "Temp Read Blocks": 0, "Temp Written Blocks": 0, "I/O Read Time": 158.568, "I/O Write Time": 0.0, "Plans": [{"Node Type": "Index Only Scan", "Parent Relationship": "Outer", "Parallel Aware": false, "Scan Direction": "Forward", "Index Name": "title_pkey", "Relation Name": "title", "Schema": "public", "Alias": "t", "Startup Cost": 0.43, "Total Cost": 73940.23, "Plan Rows": 2528520, "Plan Width": 4, "Actual Startup Time": 0.036, "Actual Total Time": 538.066, "Actual Rows": 2525794, "Actual Loops": 1, "Output": ["t.id"], "Heap Fetches": 0, "Shared Hit Blocks": 23441, "Shared Read Blocks": 8963, "Shared Dirtied Blocks": 0, "Shared Written Blocks": 0, "Local Hit Blocks": 0, "Local Read Blocks": 0, "Local Dirtied Blocks": 0, "Local Written Blocks": 0, "Temp Read Blocks": 0, "Temp Written Blocks": 0, "I/O Read Time": 133.798, "I/O Write Time": 0.0}, {"Node Type": "Index Only Scan", "Parent Relationship": "Inner", "Parallel Aware": false, "Scan Direction": "Forward", "Index Name": "movie_id_movie_info_idx", "Relation Name": "movie_info_idx", "Schema": "public", "Alias": "mi_idx", "Startup Cost": 0.43, "Total Cost": 38816.95, "Plan Rows": 1380035, "Plan Width": 4, "Actual Startup Time": 0.024, "Actual Total Time": 261.566, "Actual Rows": 1380035, "Actual Loops": 1, "Output": ["mi_idx.movie_id"], "Heap Fetches": 0, "Shared Hit Blocks": 5, "Shared Read Blocks": 4509, "Shared Dirtied Blocks": 0, "Shared Written Blocks": 0, "Local Hit Blocks": 0, "Local Read Blocks": 0, "Local Dirtied Blocks": 0, "Local Written Blocks": 0, "Temp Read Blocks": 0, "Temp Written Blocks": 0, "I/O Read Time": 24.771, "I/O Write Time": 0.0}]}]}]}]}]}]}, "Planning": {"Shared Hit Blocks": 317, "Shared Read Blocks": 55, "Shared Dirtied Blocks": 0, "Shared Written Blocks": 0, "Local Hit Blocks": 0, "Local Read Blocks": 0, "Local Dirtied Blocks": 0, "Local Written Blocks": 0, "Temp Read Blocks": 0, "Temp Written Blocks": 0, "I/O Read Time": 4.163, "I/O Write Time": 0.0}, "Planning Time": 6.844, "Triggers": [], "Execution Time": 66349.802}, "template": "scale", "query": "EXPLAIN (ANALYZE, COSTS, BUFFERS, VERBOSE, FORMAT JSON) SELECT COUNT(*) FROM title t,cast_info ci,movie_info mi,movie_info_idx mi_idx WHERE t.id=ci.movie_id AND t.id=mi.movie_id AND t.id=mi_idx.movie_id AND mi.info_type_id<4;"}
{"planinfo": {"Plan": {"Node Type": "Aggregate", "Strategy": "Plain", "Partial Mode": "Simple", "Parallel Aware": false, "Startup Cost": 175566.8, "Total Cost": 175566.81, "Plan Rows": 1, "Plan Width": 8, "Actual Startup Time": 1834.017, "Actual Total Time": 1834.019, "Actual Rows": 1, "Actual Loops": 1, "Output": ["count(*)"], "Shared Hit Blocks": 28, "Shared Read Blocks": 5956, "Shared Dirtied Blocks": 0, "Shared Written Blocks": 0, "Local Hit Blocks": 0, "Local Read Blocks": 0, "Local Dirtied Blocks": 0, "Local Written Blocks": 0, "Temp Read Blocks": 0, "Temp Written Blocks": 0, "I/O Read Time": 38.881, "I/O Write Time": 0.0, "Plans": [{"Node Type": "Index Only Scan", "Parent Relationship": "Outer", "Parallel Aware": false, "Scan Direction": "Forward", "Index Name": "info_type_id_movie_info", "Relation Name": "movie_info", "Schema": "public", "Alias": "mi", "Startup Cost": 0.43, "Total Cost": 156621.0, "Plan Rows": 7578318, "Plan Width": 0, "Actual Startup Time": 0.341, "Actual Total Time": 1106.408, "Actual Rows": 7548855, "Actual Loops": 1, "Output": ["info_type_id"], "Index Cond": "(mi.info_type_id > 7)", "Rows Removed by Index Recheck": 0, "Heap Fetches": 0, "Shared Hit Blocks": 28, "Shared Read Blocks": 5956, "Shared Dirtied Blocks": 0, "Shared Written Blocks": 0, "Local Hit Blocks": 0, "Local Read Blocks": 0, "Local Dirtied Blocks": 0, "Local Written Blocks": 0, "Temp Read Blocks": 0, "Temp Written Blocks": 0, "I/O Read Time": 38.881, "I/O Write Time": 0.0}]}, "Planning": {"Shared Hit Blocks": 50, "Shared Read Blocks": 15, "Shared Dirtied Blocks": 0, "Shared Written Blocks": 0, "Local Hit Blocks": 0, "Local Read Blocks": 0, "Local Dirtied Blocks": 0, "Local Written Blocks": 0, "Temp Read Blocks": 0, "Temp Written Blocks": 0, "I/O Read Time": 0.944, "I/O Write Time": 0.0}, "Planning Time": 1.465, "Triggers": [], "Execution Time": 1834.063}, "template": "scale", "query": "EXPLAIN (ANALYZE, COSTS, BUFFERS, VERBOSE, FORMAT JSON) SELECT COUNT(*) FROM movie_info mi WHERE mi.info_type_id>7;"}
{"planinfo": {"Plan": {"Node Type": "Aggregate", "Strategy": "Plain", "Partial Mode": "Simple", "Parallel Aware": false, "Startup Cost": 718572.47, "Total Cost": 718572.48, "Plan Rows": 1, "Plan Width": 8, "Actual Startup Time": 103844.223, "Actual Total Time": 103844.225, "Actual Rows": 1, "Actual Loops": 1, "Output": ["count(*)"], "Shared Hit Blocks": 18382373, "Shared Read Blocks": 80344, "Shared Dirtied Blocks": 0, "Shared Written Blocks": 0, "Local Hit Blocks": 0, "Local Read Blocks": 0, "Local Dirtied Blocks": 0, "Local Written Blocks": 0, "Temp Read Blocks": 0, "Temp Written Blocks": 0, "I/O Read Time": 634.998, "I/O Write Time": 0.0, "Plans": [{"Node Type": "Merge Join", "Parent Relationship": "Outer", "Parallel Aware": false, "Join Type": "Inner", "Startup Cost": 49.1, "Total Cost": 706972.64, "Plan Rows": 4639929, "Plan Width": 0, "Actual Startup Time": 0.438, "Actual Total Time": 82563.127, "Actual Rows": 204544074, "Actual Loops": 1, "Inner Unique": false, "Merge Cond": "(t.id = mi.movie_id)", "Shared Hit Blocks": 18382373, "Shared Read Blocks": 80344, "Shared Dirtied Blocks": 0, "Shared Written Blocks": 0, "Local Hit Blocks": 0, "Local Read Blocks": 0, "Local Dirtied Blocks": 0, "Local Written Blocks": 0, "Temp Read Blocks": 0, "Temp Written Blocks": 0, "I/O Read Time": 634.998, "I/O Write Time": 0.0, "Plans": [{"Node Type": "Merge Join", "Parent Relationship": "Outer", "Parallel Aware": false, "Join Type": "Inner", "Startup Cost": 26.37, "Total Cost": 295853.39, "Plan Rows": 791726, "Plan Width": 12, "Actual Startup Time": 0.305, "Actual Total Time": 6374.244, "Actual Rows": 3296686, "Actual Loops": 1, "Output": ["t.id", "mi_idx.movie_id", "mk.movie_id"], "Inner Unique": false, "Merge Cond": "(t.id = mk.movie_id)", "Shared Hit Blocks": 302928, "Shared Read Blocks": 54514, "Shared Dirtied Blocks": 0, "Shared Written Blocks": 0, "Local Hit Blocks": 0, "Local Read Blocks": 0, "Local Dirtied Blocks": 0, "Local Written Blocks": 0, "Temp Read Blocks": 0, "Temp Written Blocks": 0, "I/O Read Time": 452.527, "I/O Write Time": 0.0, "Plans": [{"Node Type": "Merge Join", "Parent Relationship": "Outer", "Parallel Aware": false, "Join Type": "Inner", "Startup Cost": 9.94, "Total Cost": 141902.23, "Plan Rows": 919011, "Plan Width": 8, "Actual Startup Time": 0.167, "Actual Total Time": 1953.69, "Actual Rows": 919850, "Actual Loops": 1, "Output": ["t.id", "mi_idx.movie_id"], "Inner Unique": false, "Merge Cond": "(t.id = mi_idx.movie_id)", "Shared Hit Blocks": 36376, "Shared Read Blocks": 21407, "Shared Dirtied Blocks": 0, "Shared Written Blocks": 0, "Local Hit Blocks": 0, "Local Read Blocks": 0, "Local Dirtied Blocks": 0, "Local Written Blocks": 0, "Temp Read Blocks": 0, "Temp Written Blocks": 0, "I/O Read Time": 257.13, "I/O Write Time": 0.0, "Plans": [{"Node Type": "Index Only Scan", "Parent Relationship": "Outer", "Parallel Aware": false, "Scan Direction": "Forward", "Index Name": "title_pkey", "Relation Name": "title", "Schema": "public", "Alias": "t", "Startup Cost": 0.43, "Total Cost": 73940.23, "Plan Rows": 2528520, "Plan Width": 4, "Actual Startup Time": 0.017, "Actual Total Time": 722.699, "Actual Rows": 2525794, "Actual Loops": 1, "Output": ["t.id"], "Heap Fetches": 0, "Shared Hit Blocks": 23441, "Shared Read Blocks": 8963, "Shared Dirtied Blocks": 0, "Shared Written Blocks": 0, "Local Hit Blocks": 0, "Local Read Blocks": 0, "Local Dirtied Blocks": 0, "Local Written Blocks": 0, "Temp Read Blocks": 0, "Temp Written Blocks": 0, "I/O Read Time": 182.756, "I/O Write Time": 0.0}, {"Node Type": "Index Scan", "Parent Relationship": "Inner", "Parallel Aware": false, "Scan Direction": "Forward", "Index Name": "movie_id_movie_info_idx", "Relation Name": "movie_info_idx", "Schema": "public", "Alias": "mi_idx", "Startup Cost": 0.43, "Total Cost": 50235.25, "Plan Rows": 919011, "Plan Width": 4, "Actual Startup Time": 0.146, "Actual Total Time": 633.957, "Actual Rows": 919850, "Actual Loops": 1, "Output": ["mi_idx.id", "mi_idx.movie_id", "mi_idx.info_type_id", "mi_idx.info", "mi_idx.note"], "Filter": "(mi_idx.info_type_id < 101)", "Rows Removed by Filter": 460185, "Shared Hit Blocks": 12935, "Shared Read Blocks": 12444, "Shared Dirtied Blocks": 0, "Shared Written Blocks": 0, "Local Hit Blocks": 0, "Local Read Blocks": 0, "Local Dirtied Blocks": 0, "Local Written Blocks": 0, "Temp Read Blocks": 0, "Temp Written Blocks": 0, "I/O Read Time": 74.374, "I/O Write Time": 0.0}]}, {"Node Type": "Index Scan", "Parent Relationship": "Inner", "Parallel Aware": false, "Scan Direction": "Forward", "Index Name": "movie_id_movie_keyword", "Relation Name": "movie_keyword", "Schema": "public", "Alias": "mk", "Startup Cost": 0.43, "Total Cost": 138446.54, "Plan Rows": 2178315, "Plan Width": 4, "Actual Startup Time": 0.137, "Actual Total Time": 3359.291, "Actual Rows": 3832600, "Actual Loops": 1, "Output": ["mk.id", "mk.movie_id", "mk.keyword_id"], "Filter": "(mk.keyword_id < 4333)", "Rows Removed by Filter": 4164486, "Shared Hit Blocks": 266552, "Shared Read Blocks": 33107, "Shared Dirtied Blocks": 0, "Shared Written Blocks": 0, "Local Hit Blocks": 0, "Local Read Blocks": 0, "Local Dirtied Blocks": 0, "Local Written Blocks": 0, "Temp Read Blocks": 0, "Temp Written Blocks": 0, "I/O Read Time": 195.397, "I/O Write Time": 0.0}]}, {"Node Type": "Index Only Scan", "Parent Relationship": "Inner", "Parallel Aware": false, "Scan Direction": "Forward", "Index Name": "movie_id_movie_info", "Relation Name": "movie_info", "Schema": "public", "Alias": "mi", "Startup Cost": 0.43, "Total Cost": 325993.18, "Plan Rows": 14818450, "Plan Width": 4, "Actual Startup Time": 0.024, "Actual Total Time": 38016.415, "Actual Rows": 214579203, "Actual Loops": 1, "Output": ["mi.movie_id"], "Heap Fetches": 0, "Shared Hit Blocks": 18079445, "Shared Read Blocks": 25830, "Shared Dirtied Blocks": 0, "Shared Written Blocks": 0, "Local Hit Blocks": 0, "Local Read Blocks": 0, "Local Dirtied Blocks": 0, "Local Written Blocks": 0, "Temp Read Blocks": 0, "Temp Written Blocks": 0, "I/O Read Time": 182.47, "I/O Write Time": 0.0}]}]}, "Planning": {"Shared Hit Blocks": 298, "Shared Read Blocks": 48, "Shared Dirtied Blocks": 0, "Shared Written Blocks": 0, "Local Hit Blocks": 0, "Local Read Blocks": 0, "Local Dirtied Blocks": 0, "Local Written Blocks": 0, "Temp Read Blocks": 0, "Temp Written Blocks": 0, "I/O Read Time": 3.731, "I/O Write Time": 0.0}, "Planning Time": 6.371, "Triggers": [], "Execution Time": 103844.369}, "template": "scale", "query": "EXPLAIN (ANALYZE, COSTS, BUFFERS, VERBOSE, FORMAT JSON) SELECT COUNT(*) FROM title t,movie_info mi,movie_info_idx mi_idx,movie_keyword mk WHERE t.id=mi.movie_id AND t.id=mi_idx.movie_id AND t.id=mk.movie_id AND mi_idx.info_type_id<101 AND mk.keyword_id<4333;"}
{"planinfo": {"Plan": {"Node Type": "Aggregate", "Strategy": "Plain", "Partial Mode": "Simple", "Parallel Aware": false, "Startup Cost": 137354.11, "Total Cost": 137354.12, "Plan Rows": 1, "Plan Width": 8, "Actual Startup Time": 1687.472, "Actual Total Time": 1687.474, "Actual Rows": 1, "Actual Loops": 1, "Output": ["count(*)"], "Shared Hit Blocks": 36376, "Shared Read Blocks": 21407, "Shared Dirtied Blocks": 0, "Shared Written Blocks": 0, "Local Hit Blocks": 0, "Local Read Blocks": 0, "Local Dirtied Blocks": 0, "Local Written Blocks": 0, "Temp Read Blocks": 0, "Temp Written Blocks": 0, "I/O Read Time": 211.337, "I/O Write Time": 0.0, "Plans": [{"Node Type": "Merge Join", "Parent Relationship": "Outer", "Parallel Aware": false, "Join Type": "Inner", "Startup Cost": 9.94, "Total Cost": 136197.52, "Plan Rows": 462634, "Plan Width": 0, "Actual Startup Time": 0.161, "Actual Total Time": 1614.656, "Actual Rows": 459925, "Actual Loops": 1, "Inner Unique": false, "Merge Cond": "(t.id = mi_idx.movie_id)", "Shared Hit Blocks": 36376, "Shared Read Blocks": 21407, "Shared Dirtied Blocks": 0, "Shared Written Blocks": 0, "Local Hit Blocks": 0, "Local Read Blocks": 0, "Local Dirtied Blocks": 0, "Local Written Blocks": 0, "Temp Read Blocks": 0, "Temp Written Blocks": 0, "I/O Read Time": 211.337, "I/O Write Time": 0.0, "Plans": [{"Node Type": "Index Only Scan", "Parent Relationship": "Outer", "Parallel Aware": false, "Scan Direction": "Forward", "Index Name": "title_pkey", "Relation Name": "title", "Schema": "public", "Alias": "t", "Startup Cost": 0.43, "Total Cost": 73940.23, "Plan Rows": 2528520, "Plan Width": 4, "Actual Startup Time": 0.019, "Actual Total Time": 552.244, "Actual Rows": 2525794, "Actual Loops": 1, "Output": ["t.id"], "Heap Fetches": 0, "Shared Hit Blocks": 23441, "Shared Read Blocks": 8963, "Shared Dirtied Blocks": 0, "Shared Written Blocks": 0, "Local Hit Blocks": 0, "Local Read Blocks": 0, "Local Dirtied Blocks": 0, "Local Written Blocks": 0, "Temp Read Blocks": 0, "Temp Written Blocks": 0, "I/O Read Time": 142.378, "I/O Write Time": 0.0}, {"Node Type": "Index Scan", "Parent Relationship": "Inner", "Parallel Aware": false, "Scan Direction": "Forward", "Index Name": "movie_id_movie_info_idx", "Relation Name": "movie_info_idx", "Schema": "public", "Alias": "mi_idx", "Startup Cost": 0.43, "Total Cost": 50235.25, "Plan Rows": 462634, "Plan Width": 4, "Actual Startup Time": 0.139, "Actual Total Time": 613.419, "Actual Rows": 459925, "Actual Loops": 1, "Output": ["mi_idx.id", "mi_idx.movie_id", "mi_idx.info_type_id", "mi_idx.info", "mi_idx.note"], "Filter": "(mi_idx.info_type_id = 100)", "Rows Removed by Filter": 920110, "Shared Hit Blocks": 12935, "Shared Read Blocks": 12444, "Shared Dirtied Blocks": 0, "Shared Written Blocks": 0, "Local Hit Blocks": 0, "Local Read Blocks": 0, "Local Dirtied Blocks": 0, "Local Written Blocks": 0, "Temp Read Blocks": 0, "Temp Written Blocks": 0, "I/O Read Time": 68.959, "I/O Write Time": 0.0}]}]}, "Planning": {"Shared Hit Blocks": 102, "Shared Read Blocks": 26, "Shared Dirtied Blocks": 0, "Shared Written Blocks": 0, "Local Hit Blocks": 0, "Local Read Blocks": 0, "Local Dirtied Blocks": 0, "Local Written Blocks": 0, "Temp Read Blocks": 0, "Temp Written Blocks": 0, "I/O Read Time": 1.812, "I/O Write Time": 0.0}, "Planning Time": 2.703, "Triggers": [], "Execution Time": 1687.558}, "template": "scale", "query": "EXPLAIN (ANALYZE, COSTS, BUFFERS, VERBOSE, FORMAT JSON) SELECT COUNT(*) FROM title t,movie_info_idx mi_idx WHERE t.id=mi_idx.movie_id AND mi_idx.info_type_id=100;"}
{"planinfo": {"Plan": {"Node Type": "Aggregate", "Strategy": "Plain", "Partial Mode": "Simple", "Parallel Aware": false, "Startup Cost": 498960.43, "Total Cost": 498960.44, "Plan Rows": 1, "Plan Width": 8, "Actual Startup Time": 6687.79, "Actual Total Time": 6687.794, "Actual Rows": 1, "Actual Loops": 1, "Output": ["count(*)"], "Shared Hit Blocks": 3, "Shared Read Blocks": 197991, "Shared Dirtied Blocks": 0, "Shared Written Blocks": 0, "Local Hit Blocks": 0, "Local Read Blocks": 0, "Local Dirtied Blocks": 0, "Local Written Blocks": 0, "Temp Read Blocks": 16112, "Temp Written Blocks": 16112, "I/O Read Time": 345.505, "I/O Write Time": 0.0, "Plans": [{"Node Type": "Hash Join", "Parent Relationship": "Outer", "Parallel Aware": false, "Join Type": "Inner", "Startup Cost": 102767.7, "Total Cost": 491406.73, "Plan Rows": 3021482, "Plan Width": 0, "Actual Startup Time": 1998.73, "Actual Total Time": 6380.798, "Actual Rows": 3036719, "Actual Loops": 1, "Inner Unique": true, "Hash Cond": "(mi.movie_id = t.id)", "Shared Hit Blocks": 3, "Shared Read Blocks": 197991, "Shared Dirtied Blocks": 0, "Shared Written Blocks": 0, "Local Hit Blocks": 0, "Local Read Blocks": 0, "Local Dirtied Blocks": 0, "Local Written Blocks": 0, "Temp Read Blocks": 16112, "Temp Written Blocks": 16112, "I/O Read Time": 345.505, "I/O Write Time": 0.0, "Plans": [{"Node Type": "Seq Scan", "Parent Relationship": "Outer", "Parallel Aware": false, "Relation Name": "movie_info", "Schema": "public", "Alias": "mi", "Startup Cost": 0.0, "Total Cost": 347223.62, "Plan Rows": 3021482, "Plan Width": 4, "Actual Startup Time": 717.502, "Actual Total Time": 2898.891, "Actual Rows": 3036719, "Actual Loops": 1, "Output": ["mi.movie_id"], "Filter": "(mi.info_type_id = 16)", "Rows Removed by Filter": 11799001, "Shared Hit Blocks": 0, "Shared Read Blocks": 161993, "Shared Dirtied Blocks": 0, "Shared Written Blocks": 0, "Local Hit Blocks": 0, "Local Read Blocks": 0, "Local Dirtied Blocks": 0, "Local Written Blocks": 0, "Temp Read Blocks": 0, "Temp Written Blocks": 0, "I/O Read Time": 286.521, "I/O Write Time": 0.0}, {"Node Type": "Hash", "Parent Relationship": "Inner", "Parallel Aware": false, "Startup Cost": 61283.2, "Total Cost": 61283.2, "Plan Rows": 2528520, "Plan Width": 4, "Actual Startup Time": 1278.231, "Actual Total Time": 1278.232, "Actual Rows": 2528312, "Actual Loops": 1, "Output": ["t.id"], "Hash Buckets": 131072, "Original Hash Buckets": 131072, "Hash Batches": 64, "Original Hash Batches": 64, "Peak Memory Usage": 2415, "Shared Hit Blocks": 0, "Shared Read Blocks": 35998, "Shared Dirtied Blocks": 0, "Shared Written Blocks": 0, "Local Hit Blocks": 0, "Local Read Blocks": 0, "Local Dirtied Blocks": 0, "Local Written Blocks": 0, "Temp Read Blocks": 0, "Temp Written Blocks": 7262, "I/O Read Time": 58.984, "I/O Write Time": 0.0, "Plans": [{"Node Type": "Seq Scan", "Parent Relationship": "Outer", "Parallel Aware": false, "Relation Name": "title", "Schema": "public", "Alias": "t", "Startup Cost": 0.0, "Total Cost": 61283.2, "Plan Rows": 2528520, "Plan Width": 4, "Actual Startup Time": 0.171, "Actual Total Time": 543.12, "Actual Rows": 2528312, "Actual Loops": 1, "Output": ["t.id"], "Shared Hit Blocks": 0, "Shared Read Blocks": 35998, "Shared Dirtied Blocks": 0, "Shared Written Blocks": 0, "Local Hit Blocks": 0, "Local Read Blocks": 0, "Local Dirtied Blocks": 0, "Local Written Blocks": 0, "Temp Read Blocks": 0, "Temp Written Blocks": 0, "I/O Read Time": 58.984, "I/O Write Time": 0.0}]}]}]}, "Planning": {"Shared Hit Blocks": 99, "Shared Read Blocks": 29, "Shared Dirtied Blocks": 0, "Shared Written Blocks": 0, "Local Hit Blocks": 0, "Local Read Blocks": 0, "Local Dirtied Blocks": 0, "Local Written Blocks": 0, "Temp Read Blocks": 0, "Temp Written Blocks": 0, "I/O Read Time": 2.039, "I/O Write Time": 0.0}, "Planning Time": 2.937, "Triggers": [], "Execution Time": 6687.954}, "template": "scale", "query": "EXPLAIN (ANALYZE, COSTS, BUFFERS, VERBOSE, FORMAT JSON) SELECT COUNT(*) FROM title t,movie_info mi WHERE t.id=mi.movie_id AND mi.info_type_id=16;"}
{"planinfo": {"Plan": {"Node Type": "Aggregate", "Strategy": "Plain", "Partial Mode": "Simple", "Parallel Aware": false, "Startup Cost": 174054.76, "Total Cost": 174054.77, "Plan Rows": 1, "Plan Width": 8, "Actual Startup Time": 3318.509, "Actual Total Time": 3318.514, "Actual Rows": 1, "Actual Loops": 1, "Output": ["count(*)"], "Shared Hit Blocks": 141204, "Shared Read Blocks": 43961, "Shared Dirtied Blocks": 0, "Shared Written Blocks": 0, "Local Hit Blocks": 0, "Local Read Blocks": 0, "Local Dirtied Blocks": 0, "Local Written Blocks": 0, "Temp Read Blocks": 1437, "Temp Written Blocks": 1437, "I/O Read Time": 1633.358, "I/O Write Time": 0.0, "Plans": [{"Node Type": "Nested Loop", "Parent Relationship": "Outer", "Parallel Aware": false, "Join Type": "Inner", "Startup Cost": 59303.08, "Total Cost": 174026.68, "Plan Rows": 11232, "Plan Width": 0, "Actual Startup Time": 700.398, "Actual Total Time": 3212.796, "Actual Rows": 1042011, "Actual Loops": 1, "Inner Unique": false, "Shared Hit Blocks": 141204, "Shared Read Blocks": 43961, "Shared Dirtied Blocks": 0, "Shared Written Blocks": 0, "Local Hit Blocks": 0, "Local Read Blocks": 0, "Local Dirtied Blocks": 0, "Local Written Blocks": 0, "Temp Read Blocks": 1437, "Temp Written Blocks": 1437, "I/O Read Time": 1633.358, "I/O Write Time": 0.0, "Plans": [{"Node Type": "Nested Loop", "Parent Relationship": "Outer", "Parallel Aware": false, "Join Type": "Inner", "Startup Cost": 59302.65, "Total Cost": 163152.75, "Plan Rows": 6278, "Plan Width": 16, "Actual Startup Time": 700.176, "Actual Total Time": 2581.426, "Actual Rows": 21861, "Actual Loops": 1, "Output": ["t.id", "mc.movie_id", "ci.movie_id", "mi_idx.movie_id"], "Inner Unique": false, "Shared Hit Blocks": 78726, "Shared Read Blocks": 40855, "Shared Dirtied Blocks": 0, "Shared Written Blocks": 0, "Local Hit Blocks": 0, "Local Read Blocks": 0, "Local Dirtied Blocks": 0, "Local Written Blocks": 0, "Temp Read Blocks": 1437, "Temp Written Blocks": 1437, "I/O Read Time": 1378.049, "I/O Write Time": 0.0, "Plans": [{"Node Type": "Nested Loop", "Parent Relationship": "Outer", "Parallel Aware": false, "Join Type": "Inner", "Startup Cost": 59302.22, "Total Cost": 157079.43, "Plan Rows": 11502, "Plan Width": 12, "Actual Startup Time": 697.76, "Actual Total Time": 2386.4, "Actual Rows": 8413, "Actual Loops": 1, "Output": ["t.id", "mc.movie_id", "ci.movie_id"], "Inner Unique": true, "Shared Hit Blocks": 56106, "Shared Read Blocks": 38235, "Shared Dirtied Blocks": 0, "Shared Written Blocks": 0, "Local Hit Blocks": 0, "Local Read Blocks": 0, "Local Dirtied Blocks": 0, "Local Written Blocks": 0, "Temp Read Blocks": 1437, "Temp Written Blocks": 1437, "I/O Read Time": 1233.283, "I/O Write Time": 0.0, "Plans": [{"Node Type": "Hash Join", "Parent Relationship": "Outer", "Parallel Aware": false, "Join Type": "Inner", "Startup Cost": 59301.79, "Total Cost": 95410.73, "Plan Rows": 74841, "Plan Width": 8, "Actual Startup Time": 697.515, "Actual Total Time": 1173.251, "Actual Rows": 17120, "Actual Loops": 1, "Output": ["mc.movie_id", "ci.movie_id"], "Inner Unique": false, "Hash Cond": "(ci.movie_id = mc.movie_id)", "Shared Hit Blocks": 3, "Shared Read Blocks": 25858, "Shared Dirtied Blocks": 0, "Shared Written Blocks": 0, "Local Hit Blocks": 0, "Local Read Blocks": 0, "Local Dirtied Blocks": 0, "Local Written Blocks": 0, "Temp Read Blocks": 1437, "Temp Written Blocks": 1437, "I/O Read Time": 130.887, "I/O Write Time": 0.0, "Plans": [{"Node Type": "Index Scan", "Parent Relationship": "Outer", "Parallel Aware": false, "Scan Direction": "Forward", "Index Name": "role_id_cast_info", "Relation Name": "cast_info", "Schema": "public", "Alias": "ci", "Startup Cost": 0.44, "Total Cost": 30962.0, "Plan Rows": 151997, "Plan Width": 4, "Actual Startup Time": 0.507, "Actual Total Time": 371.496, "Actual Rows": 69780, "Actual Loops": 1, "Output": ["ci.movie_id"], "Index Cond": "(ci.role_id = 9)", "Rows Removed by Index Recheck": 0, "Filter": "(ci.person_id < 525577)", "Rows Removed by Filter": 1023778, "Shared Hit Blocks": 0, "Shared Read Blocks": 7068, "Shared Dirtied Blocks": 0, "Shared Written Blocks": 0, "Local Hit Blocks": 0, "Local Read Blocks": 0, "Local Dirtied Blocks": 0, "Local Written Blocks": 0, "Temp Read Blocks": 0, "Temp Written Blocks": 0, "I/O Read Time": 36.121, "I/O Write Time": 0.0}, {"Node Type": "Hash", "Parent Relationship": "Inner", "Parallel Aware": false, "Startup Cost": 51404.11, "Total Cost": 51404.11, "Plan Rows": 481299, "Plan Width": 4, "Actual Startup Time": 696.182, "Actual Total Time": 696.183, "Actual Rows": 488533, "Actual Loops": 1, "Output": ["mc.movie_id"], "Hash Buckets": 131072, "Original Hash Buckets": 131072, "Hash Batches": 8, "Original Hash Batches": 8, "Peak Memory Usage": 3176, "Shared Hit Blocks": 0, "Shared Read Blocks": 18790, "Shared Dirtied Blocks": 0, "Shared Written Blocks": 0, "Local Hit Blocks": 0, "Local Read Blocks": 0, "Local Dirtied Blocks": 0, "Local Written Blocks": 0, "Temp Read Blocks": 0, "Temp Written Blocks": 1248, "I/O Read Time": 94.766, "I/O Write Time": 0.0, "Plans": [{"Node Type": "Seq Scan", "Parent Relationship": "Outer", "Parallel Aware": false, "Relation Name": "movie_companies", "Schema": "public", "Alias": "mc", "Startup Cost": 0.0, "Total Cost": 51404.11, "Plan Rows": 481299, "Plan Width": 4, "Actual Startup Time": 0.123, "Actual Total Time": 543.58, "Actual Rows": 488533, "Actual Loops": 1, "Output": ["mc.movie_id"], "Filter": "(mc.company_id < 428)", "Rows Removed by Filter": 2120596, "Shared Hit Blocks": 0, "Shared Read Blocks": 18790, "Shared Dirtied Blocks": 0, "Shared Written Blocks": 0, "Local Hit Blocks": 0, "Local Read Blocks": 0, "Local Dirtied Blocks": 0, "Local Written Blocks": 0, "Temp Read Blocks": 0, "Temp Written Blocks": 0, "I/O Read Time": 94.766, "I/O Write Time": 0.0}]}]}, {"Node Type": "Index Scan", "Parent Relationship": "Inner", "Parallel Aware": false, "Scan Direction": "Forward", "Index Name": "title_pkey", "Relation Name": "title", "Schema": "public", "Alias": "t", "Startup Cost": 0.43, "Total Cost": 0.82, "Plan Rows": 1, "Plan Width": 4, "Actual Startup Time": 0.07, "Actual Total Time": 0.07, "Actual Rows": 0, "Actual Loops": 17120, "Output": ["t.id", "t.title", "t.imdb_index", "t.kind_id", "t.production_year", "t.imdb_id", "t.phonetic_code", "t.episode_of_id", "t.season_nr", "t.episode_nr", "t.series_years", "t.md5sum"], "Index Cond": "(t.id = mc.movie_id)", "Rows Removed by Index Recheck": 0, "Filter": "(t.kind_id < 7)", "Rows Removed by Filter": 1, "Shared Hit Blocks": 56103, "Shared Read Blocks": 12377, "Shared Dirtied Blocks": 0, "Shared Written Blocks": 0, "Local Hit Blocks": 0, "Local Read Blocks": 0, "Local Dirtied Blocks": 0, "Local Written Blocks": 0, "Temp Read Blocks": 0, "Temp Written Blocks": 0, "I/O Read Time": 1102.396, "I/O Write Time": 0.0}]}, {"Node Type": "Index Only Scan", "Parent Relationship": "Inner", "Parallel Aware": false, "Scan Direction": "Forward", "Index Name": "movie_id_movie_info_idx", "Relation Name": "movie_info_idx", "Schema": "public", "Alias": "mi_idx", "Startup Cost": 0.43, "Total Cost": 0.5, "Plan Rows": 3, "Plan Width": 4, "Actual Startup Time": 0.022, "Actual Total Time": 0.022, "Actual Rows": 3, "Actual Loops": 8413, "Output": ["mi_idx.movie_id"], "Index Cond": "(mi_idx.movie_id = t.id)", "Rows Removed by Index Recheck": 0, "Heap Fetches": 0, "Shared Hit Blocks": 22620, "Shared Read Blocks": 2620, "Shared Dirtied Blocks": 0, "Shared Written Blocks": 0, "Local Hit Blocks": 0, "Local Read Blocks": 0, "Local Dirtied Blocks": 0, "Local Written Blocks": 0, "Temp Read Blocks": 0, "Temp Written Blocks": 0, "I/O Read Time": 144.766, "I/O Write Time": 0.0}]}, {"Node Type": "Index Only Scan", "Parent Relationship": "Inner", "Parallel Aware": false, "Scan Direction": "Forward", "Index Name": "movie_id_movie_keyword", "Relation Name": "movie_keyword", "Schema": "public", "Alias": "mk", "Startup Cost": 0.43, "Total Cost": 1.27, "Plan Rows": 46, "Plan Width": 4, "Actual Startup Time": 0.016, "Actual Total Time": 0.023, "Actual Rows": 48, "Actual Loops": 21861, "Output": ["mk.movie_id"], "Index Cond": "(mk.movie_id = t.id)", "Rows Removed by Index Recheck": 0, "Heap Fetches": 0, "Shared Hit Blocks": 62478, "Shared Read Blocks": 3106, "Shared Dirtied Blocks": 0, "Shared Written Blocks": 0, "Local Hit Blocks": 0, "Local Read Blocks": 0, "Local Dirtied Blocks": 0, "Local Written Blocks": 0, "Temp Read Blocks": 0, "Temp Written Blocks": 0, "I/O Read Time": 255.309, "I/O Write Time": 0.0}]}]}, "Planning": {"Shared Hit Blocks": 480, "Shared Read Blocks": 64, "Shared Dirtied Blocks": 0, "Shared Written Blocks": 0, "Local Hit Blocks": 0, "Local Read Blocks": 0, "Local Dirtied Blocks": 0, "Local Written Blocks": 0, "Temp Read Blocks": 0, "Temp Written Blocks": 0, "I/O Read Time": 5.134, "I/O Write Time": 0.0}, "Planning Time": 9.512, "Triggers": [], "Execution Time": 3318.887}, "template": "scale", "query": "EXPLAIN (ANALYZE, COSTS, BUFFERS, VERBOSE, FORMAT JSON) SELECT COUNT(*) FROM title t,movie_companies mc,cast_info ci,movie_info_idx mi_idx,movie_keyword mk WHERE t.id=mc.movie_id AND t.id=ci.movie_id AND t.id=mi_idx.movie_id AND t.id=mk.movie_id AND t.kind_id<7 AND mc.company_id<428 AND ci.person_id<525577 AND ci.role_id=9;"}
{"planinfo": {"Plan": {"Node Type": "Aggregate", "Strategy": "Plain", "Partial Mode": "Simple", "Parallel Aware": false, "Startup Cost": 23799.0, "Total Cost": 23799.01, "Plan Rows": 1, "Plan Width": 8, "Actual Startup Time": 264.935, "Actual Total Time": 264.936, "Actual Rows": 1, "Actual Loops": 1, "Output": ["count(*)"], "Shared Hit Blocks": 0, "Shared Read Blocks": 859, "Shared Dirtied Blocks": 0, "Shared Written Blocks": 0, "Local Hit Blocks": 0, "Local Read Blocks": 0, "Local Dirtied Blocks": 0, "Local Written Blocks": 0, "Temp Read Blocks": 0, "Temp Written Blocks": 0, "I/O Read Time": 5.113, "I/O Write Time": 0.0, "Plans": [{"Node Type": "Index Only Scan", "Parent Relationship": "Outer", "Parallel Aware": false, "Scan Direction": "Forward", "Index Name": "role_id_cast_info", "Relation Name": "cast_info", "Schema": "public", "Alias": "ci", "Startup Cost": 0.44, "Total Cost": 21228.18, "Plan Rows": 1028328, "Plan Width": 0, "Actual Startup Time": 0.468, "Actual Total Time": 157.14, "Actual Rows": 1093558, "Actual Loops": 1, "Output": ["role_id"], "Index Cond": "(ci.role_id = 9)", "Rows Removed by Index Recheck": 0, "Heap Fetches": 0, "Shared Hit Blocks": 0, "Shared Read Blocks": 859, "Shared Dirtied Blocks": 0, "Shared Written Blocks": 0, "Local Hit Blocks": 0, "Local Read Blocks": 0, "Local Dirtied Blocks": 0, "Local Written Blocks": 0, "Temp Read Blocks": 0, "Temp Written Blocks": 0, "I/O Read Time": 5.113, "I/O Write Time": 0.0}]}, "Planning": {"Shared Hit Blocks": 70, "Shared Read Blocks": 13, "Shared Dirtied Blocks": 0, "Shared Written Blocks": 0, "Local Hit Blocks": 0, "Local Read Blocks": 0, "Local Dirtied Blocks": 0, "Local Written Blocks": 0, "Temp Read Blocks": 0, "Temp Written Blocks": 0, "I/O Read Time": 0.995, "I/O Write Time": 0.0}, "Planning Time": 1.549, "Triggers": [], "Execution Time": 264.969}, "template": "scale", "query": "EXPLAIN (ANALYZE, COSTS, BUFFERS, VERBOSE, FORMAT JSON) SELECT COUNT(*) FROM cast_info ci WHERE ci.role_id=9;"}
{"planinfo": {"Plan": {"Node Type": "Aggregate", "Strategy": "Plain", "Partial Mode": "Simple", "Parallel Aware": false, "Startup Cost": 106489.63, "Total Cost": 106489.64, "Plan Rows": 1, "Plan Width": 8, "Actual Startup Time": 1345.301, "Actual Total Time": 1345.305, "Actual Rows": 1, "Actual Loops": 1, "Output": ["count(*)"], "Shared Hit Blocks": 3, "Shared Read Blocks": 43933, "Shared Dirtied Blocks": 0, "Shared Written Blocks": 0, "Local Hit Blocks": 0, "Local Read Blocks": 0, "Local Dirtied Blocks": 0, "Local Written Blocks": 0, "Temp Read Blocks": 2209, "Temp Written Blocks": 2209, "I/O Read Time": 107.696, "I/O Write Time": 0.0, "Plans": [{"Node Type": "Hash Join", "Parent Relationship": "Outer", "Parallel Aware": false, "Join Type": "Inner", "Startup Cost": 69681.94, "Total Cost": 106316.89, "Plan Rows": 69094, "Plan Width": 0, "Actual Startup Time": 580.852, "Actual Total Time": 1337.478, "Actual Rows": 60340, "Actual Loops": 1, "Inner Unique": true, "Hash Cond": "(mi_idx.movie_id = t.id)", "Shared Hit Blocks": 3, "Shared Read Blocks": 43933, "Shared Dirtied Blocks": 0, "Shared Written Blocks": 0, "Local Hit Blocks": 0, "Local Read Blocks": 0, "Local Dirtied Blocks": 0, "Local Written Blocks": 0, "Temp Read Blocks": 2209, "Temp Written Blocks": 2209, "I/O Read Time": 107.696, "I/O Write Time": 0.0, "Plans": [{"Node Type": "Seq Scan", "Parent Relationship": "Outer", "Parallel Aware": false, "Relation Name": "movie_info_idx", "Schema": "public", "Alias": "mi_idx", "Startup Cost": 0.0, "Total Cost": 21735.35, "Plan Rows": 1380035, "Plan Width": 4, "Actual Startup Time": 0.126, "Actual Total Time": 303.441, "Actual Rows": 1380035, "Actual Loops": 1, "Output": ["mi_idx.movie_id"], "Shared Hit Blocks": 0, "Shared Read Blocks": 7935, "Shared Dirtied Blocks": 0, "Shared Written Blocks": 0, "Local Hit Blocks": 0, "Local Read Blocks": 0, "Local Dirtied Blocks": 0, "Local Written Blocks": 0, "Temp Read Blocks": 0, "Temp Written Blocks": 0, "I/O Read Time": 41.334, "I/O Write Time": 0.0}, {"Node Type": "Hash", "Parent Relationship": "Inner", "Parallel Aware": false, "Startup Cost": 67604.5, "Total Cost": 67604.5, "Plan Rows": 126595, "Plan Width": 4, "Actual Startup Time": 579.947, "Actual Total Time": 579.948, "Actual Rows": 128696, "Actual Loops": 1, "Output": ["t.id"], "Hash Buckets": 131072, "Original Hash Buckets": 131072, "Hash Batches": 2, "Original Hash Batches": 2, "Peak Memory Usage": 3284, "Shared Hit Blocks": 0, "Shared Read Blocks": 35998, "Shared Dirtied Blocks": 0, "Shared Written Blocks": 0, "Local Hit Blocks": 0, "Local Read Blocks": 0, "Local Dirtied Blocks": 0, "Local Written Blocks": 0, "Temp Read Blocks": 0, "Temp Written Blocks": 188, "I/O Read Time": 66.363, "I/O Write Time": 0.0, "Plans": [{"Node Type": "Seq Scan", "Parent Relationship": "Outer", "Parallel Aware": false, "Relation Name": "title", "Schema": "public", "Alias": "t", "Startup Cost": 0.0, "Total Cost": 67604.5, "Plan Rows": 126595, "Plan Width": 4, "Actual Startup Time": 0.158, "Actual Total Time": 528.765, "Actual Rows": 128696, "Actual Loops": 1, "Output": ["t.id"], "Filter": "(t.production_year = 2009)", "Rows Removed by Filter": 2399616, "Shared Hit Blocks": 0, "Shared Read Blocks": 35998, "Shared Dirtied Blocks": 0, "Shared Written Blocks": 0, "Local Hit Blocks": 0, "Local Read Blocks": 0, "Local Dirtied Blocks": 0, "Local Written Blocks": 0, "Temp Read Blocks": 0, "Temp Written Blocks": 0, "I/O Read Time": 66.363, "I/O Write Time": 0.0}]}]}]}, "Planning": {"Shared Hit Blocks": 101, "Shared Read Blocks": 27, "Shared Dirtied Blocks": 0, "Shared Written Blocks": 0, "Local Hit Blocks": 0, "Local Read Blocks": 0, "Local Dirtied Blocks": 0, "Local Written Blocks": 0, "Temp Read Blocks": 0, "Temp Written Blocks": 0, "I/O Read Time": 2.019, "I/O Write Time": 0.0}, "Planning Time": 2.869, "Triggers": [], "Execution Time": 1345.526}, "template": "scale", "query": "EXPLAIN (ANALYZE, COSTS, BUFFERS, VERBOSE, FORMAT JSON) SELECT COUNT(*) FROM title t,movie_info_idx mi_idx WHERE t.id=mi_idx.movie_id AND t.production_year=2009;"}
{"planinfo": {"Plan": {"Node Type": "Aggregate", "Strategy": "Plain", "Partial Mode": "Simple", "Parallel Aware": false, "Startup Cost": 2509.13, "Total Cost": 2509.14, "Plan Rows": 1, "Plan Width": 8, "Actual Startup Time": 419.62, "Actual Total Time": 419.624, "Actual Rows": 1, "Actual Loops": 1, "Output": ["count(*)"], "Shared Hit Blocks": 26575, "Shared Read Blocks": 6218, "Shared Dirtied Blocks": 0, "Shared Written Blocks": 0, "Local Hit Blocks": 0, "Local Read Blocks": 0, "Local Dirtied Blocks": 0, "Local Written Blocks": 0, "Temp Read Blocks": 0, "Temp Written Blocks": 0, "I/O Read Time": 369.093, "I/O Write Time": 0.0, "Plans": [{"Node Type": "Nested Loop", "Parent Relationship": "Outer", "Parallel Aware": false, "Join Type": "Inner", "Startup Cost": 2.16, "Total Cost": 2509.11, "Plan Rows": 9, "Plan Width": 0, "Actual Startup Time": 96.145, "Actual Total Time": 419.602, "Actual Rows": 72, "Actual Loops": 1, "Inner Unique": false, "Join Filter": "(t.id = ci.movie_id)", "Rows Removed by Join Filter": 0, "Shared Hit Blocks": 26575, "Shared Read Blocks": 6218, "Shared Dirtied Blocks": 0, "Shared Written Blocks": 0, "Local Hit Blocks": 0, "Local Read Blocks": 0, "Local Dirtied Blocks": 0, "Local Written Blocks": 0, "Temp Read Blocks": 0, "Temp Written Blocks": 0, "I/O Read Time": 369.093, "I/O Write Time": 0.0, "Plans": [{"Node Type": "Nested Loop", "Parent Relationship": "Outer", "Parallel Aware": false, "Join Type": "Inner", "Startup Cost": 1.72, "Total Cost": 2506.69, "Plan Rows": 1, "Plan Width": 16, "Actual Startup Time": 95.364, "Actual Total Time": 413.416, "Actual Rows": 9, "Actual Loops": 1, "Output": ["t.id", "mc.movie_id", "mi_idx.movie_id", "mk.movie_id"], "Inner Unique": false, "Join Filter": "(t.id = mc.movie_id)", "Rows Removed by Join Filter": 0, "Shared Hit Blocks": 26389, "Shared Read Blocks": 6161, "Shared Dirtied Blocks": 0, "Shared Written Blocks": 0, "Local Hit Blocks": 0, "Local Read Blocks": 0, "Local Dirtied Blocks": 0, "Local Written Blocks": 0, "Temp Read Blocks": 0, "Temp Written Blocks": 0, "I/O Read Time": 363.246, "I/O Write Time": 0.0, "Plans": [{"Node Type": "Nested Loop", "Parent Relationship": "Outer", "Parallel Aware": false, "Join Type": "Inner", "Startup Cost": 1.29, "Total Cost": 2503.55, "Plan Rows": 5, "Plan Width": 12, "Actual Startup Time": 94.935, "Actual Total Time": 412.296, "Actual Rows": 9, "Actual Loops": 1, "Output": ["t.id", "mi_idx.movie_id", "mk.movie_id"], "Inner Unique": true, "Shared Hit Blocks": 26357, "Shared Read Blocks": 6151, "Shared Dirtied Blocks": 0, "Shared Written Blocks": 0, "Local Hit Blocks": 0, "Local Read Blocks": 0, "Local Dirtied Blocks": 0, "Local Written Blocks": 0, "Temp Read Blocks": 0, "Temp Written Blocks": 0, "I/O Read Time": 362.224, "I/O Write Time": 0.0, "Plans": [{"Node Type": "Nested Loop", "Parent Relationship": "Outer", "Parallel Aware": false, "Join Type": "Inner", "Startup Cost": 0.86, "Total Cost": 2074.02, "Plan Rows": 740, "Plan Width": 8, "Actual Startup Time": 0.422, "Actual Total Time": 133.061, "Actual Rows": 4377, "Actual Loops": 1, "Output": ["mi_idx.movie_id", "mk.movie_id"], "Inner Unique": false, "Shared Hit Blocks": 11075, "Shared Read Blocks": 3925, "Shared Dirtied Blocks": 0, "Shared Written Blocks": 0, "Local Hit Blocks": 0, "Local Read Blocks": 0, "Local Dirtied Blocks": 0, "Local Written Blocks": 0, "Temp Read Blocks": 0, "Temp Written Blocks": 0, "I/O Read Time": 107.592, "I/O Write Time": 0.0, "Plans": [{"Node Type": "Index Scan", "Parent Relationship": "Outer", "Parallel Aware": false, "Scan Direction": "Forward", "Index Name": "keyword_id_movie_keyword", "Relation Name": "movie_keyword", "Schema": "public", "Alias": "mk", "Startup Cost": 0.43, "Total Cost": 988.56, "Plan Rows": 246, "Plan Width": 4, "Actual Startup Time": 0.392, "Actual Total Time": 98.002, "Actual Rows": 4151, "Actual Loops": 1, "Output": ["mk.id", "mk.movie_id", "mk.keyword_id"], "Index Cond": "(mk.keyword_id = 3644)", "Rows Removed by Index Recheck": 0, "Shared Hit Blocks": 0, "Shared Read Blocks": 2546, "Shared Dirtied Blocks": 0, "Shared Written Blocks": 0, "Local Hit Blocks": 0, "Local Read Blocks": 0, "Local Dirtied Blocks": 0, "Local Written Blocks": 0, "Temp Read Blocks": 0, "Temp Written Blocks": 0, "I/O Read Time": 92.921, "I/O Write Time": 0.0}, {"Node Type": "Index Only Scan", "Parent Relationship": "Inner", "Parallel Aware": false, "Scan Direction": "Forward", "Index Name": "movie_id_movie_info_idx", "Relation Name": "movie_info_idx", "Schema": "public", "Alias": "mi_idx", "Startup Cost": 0.43, "Total Cost": 4.38, "Plan Rows": 3, "Plan Width": 4, "Actual Startup Time": 0.007, "Actual Total Time": 0.008, "Actual Rows": 1, "Actual Loops": 4151, "Output": ["mi_idx.movie_id"], "Index Cond": "(mi_idx.movie_id = mk.movie_id)", "Rows Removed by Index Recheck": 0, "Heap Fetches": 0, "Shared Hit Blocks": 11075, "Shared Read Blocks": 1379, "Shared Dirtied Blocks": 0, "Shared Written Blocks": 0, "Local Hit Blocks": 0, "Local Read Blocks": 0, "Local Dirtied Blocks": 0, "Local Written Blocks": 0, "Temp Read Blocks": 0, "Temp Written Blocks": 0, "I/O Read Time": 14.671, "I/O Write Time": 0.0}]}, {"Node Type": "Index Scan", "Parent Relationship": "Inner", "Parallel Aware": false, "Scan Direction": "Forward", "Index Name": "title_pkey", "Relation Name": "title", "Schema": "public", "Alias": "t", "Startup Cost": 0.43, "Total Cost": 0.58, "Plan Rows": 1, "Plan Width": 4, "Actual Startup Time": 0.063, "Actual Total Time": 0.063, "Actual Rows": 0, "Actual Loops": 4377, "Output": ["t.id", "t.title", "t.imdb_index", "t.kind_id", "t.production_year", "t.imdb_id", "t.phonetic_code", "t.episode_of_id", "t.season_nr", "t.episode_nr", "t.series_years", "t.md5sum"], "Index Cond": "(t.id = mi_idx.movie_id)", "Rows Removed by Index Recheck": 0, "Filter": "(t.kind_id = 3)", "Rows Removed by Filter": 1, "Shared Hit Blocks": 15282, "Shared Read Blocks": 2226, "Shared Dirtied Blocks": 0, "Shared Written Blocks": 0, "Local Hit Blocks": 0, "Local Read Blocks": 0, "Local Dirtied Blocks": 0, "Local Written Blocks": 0, "Temp Read Blocks": 0, "Temp Written Blocks": 0, "I/O Read Time": 254.632, "I/O Write Time": 0.0}]}, {"Node Type": "Index Scan", "Parent Relationship": "Inner", "Parallel Aware": false, "Scan Direction": "Forward", "Index Name": "movie_id_movie_companies", "Relation Name": "movie_companies", "Schema": "public", "Alias": "mc", "Startup Cost": 0.43, "Total Cost": 0.62, "Plan Rows": 1, "Plan Width": 4, "Actual Startup Time": 0.122, "Actual Total Time": 0.123, "Actual Rows": 1, "Actual Loops": 9, "Output": ["mc.id", "mc.movie_id", "mc.company_id", "mc.company_type_id", "mc.note"], "Index Cond": "(mc.movie_id = mi_idx.movie_id)", "Rows Removed by Index Recheck": 0, "Filter": "((mc.company_id > 19054) AND (mc.company_type_id = 2))", "Rows Removed by Filter": 3, "Shared Hit Blocks": 32, "Shared Read Blocks": 10, "Shared Dirtied Blocks": 0, "Shared Written Blocks": 0, "Local Hit Blocks": 0, "Local Read Blocks": 0, "Local Dirtied Blocks": 0, "Local Written Blocks": 0, "Temp Read Blocks": 0, "Temp Written Blocks": 0, "I/O Read Time": 1.022, "I/O Write Time": 0.0}]}, {"Node Type": "Index Scan", "Parent Relationship": "Inner", "Parallel Aware": false, "Scan Direction": "Forward", "Index Name": "movie_id_cast_info", "Relation Name": "cast_info", "Schema": "public", "Alias": "ci", "Startup Cost": 0.44, "Total Cost": 2.15, "Plan Rows": 22, "Plan Width": 4, "Actual Startup Time": 0.197, "Actual Total Time": 0.684, "Actual Rows": 8, "Actual Loops": 9, "Output": ["ci.id", "ci.person_id", "ci.movie_id", "ci.person_role_id", "ci.note", "ci.nr_order", "ci.role_id"], "Index Cond": "(ci.movie_id = mi_idx.movie_id)", "Rows Removed by Index Recheck": 0, "Filter": "((ci.person_id > 1108086) AND (ci.role_id < 10))", "Rows Removed by Filter": 17, "Shared Hit Blocks": 186, "Shared Read Blocks": 57, "Shared Dirtied Blocks": 0, "Shared Written Blocks": 0, "Local Hit Blocks": 0, "Local Read Blocks": 0, "Local Dirtied Blocks": 0, "Local Written Blocks": 0, "Temp Read Blocks": 0, "Temp Written Blocks": 0, "I/O Read Time": 5.847, "I/O Write Time": 0.0}]}]}, "Planning": {"Shared Hit Blocks": 486, "Shared Read Blocks": 64, "Shared Dirtied Blocks": 0, "Shared Written Blocks": 0, "Local Hit Blocks": 0, "Local Read Blocks": 0, "Local Dirtied Blocks": 0, "Local Written Blocks": 0, "Temp Read Blocks": 0, "Temp Written Blocks": 0, "I/O Read Time": 4.966, "I/O Write Time": 0.0}, "Planning Time": 9.384, "Triggers": [], "Execution Time": 419.787}, "template": "scale", "query": "EXPLAIN (ANALYZE, COSTS, BUFFERS, VERBOSE, FORMAT JSON) SELECT COUNT(*) FROM title t,movie_companies mc,cast_info ci,movie_info_idx mi_idx,movie_keyword mk WHERE t.id=mc.movie_id AND t.id=ci.movie_id AND t.id=mi_idx.movie_id AND t.id=mk.movie_id AND t.kind_id=3 AND mc.company_id>19054 AND mc.company_type_id=2 AND ci.person_id>1108086 AND ci.role_id<10 AND mk.keyword_id=3644;"}
{"planinfo": {"Plan": {"Node Type": "Aggregate", "Strategy": "Plain", "Partial Mode": "Simple", "Parallel Aware": false, "Startup Cost": 13059.89, "Total Cost": 13059.9, "Plan Rows": 1, "Plan Width": 8, "Actual Startup Time": 169.89, "Actual Total Time": 169.891, "Actual Rows": 1, "Actual Loops": 1, "Output": ["count(*)"], "Shared Hit Blocks": 0, "Shared Read Blocks": 500, "Shared Dirtied Blocks": 0, "Shared Written Blocks": 0, "Local Hit Blocks": 0, "Local Read Blocks": 0, "Local Dirtied Blocks": 0, "Local Written Blocks": 0, "Temp Read Blocks": 0, "Temp Written Blocks": 0, "I/O Read Time": 44.929, "I/O Write Time": 0.0, "Plans": [{"Node Type": "Index Only Scan", "Parent Relationship": "Outer", "Parallel Aware": false, "Scan Direction": "Forward", "Index Name": "keyword_id_movie_keyword", "Relation Name": "movie_keyword", "Schema": "public", "Alias": "mk", "Startup Cost": 0.43, "Total Cost": 11742.46, "Plan Rows": 526973, "Plan Width": 0, "Actual Startup Time": 0.274, "Actual Total Time": 119.406, "Actual Rows": 520878, "Actual Loops": 1, "Output": ["keyword_id"], "Index Cond": "(mk.keyword_id < 382)", "Rows Removed by Index Recheck": 0, "Heap Fetches": 0, "Shared Hit Blocks": 0, "Shared Read Blocks": 500, "Shared Dirtied Blocks": 0, "Shared Written Blocks": 0, "Local Hit Blocks": 0, "Local Read Blocks": 0, "Local Dirtied Blocks": 0, "Local Written Blocks": 0, "Temp Read Blocks": 0, "Temp Written Blocks": 0, "I/O Read Time": 44.929, "I/O Write Time": 0.0}]}, "Planning": {"Shared Hit Blocks": 47, "Shared Read Blocks": 9, "Shared Dirtied Blocks": 0, "Shared Written Blocks": 0, "Local Hit Blocks": 0, "Local Read Blocks": 0, "Local Dirtied Blocks": 0, "Local Written Blocks": 0, "Temp Read Blocks": 0, "Temp Written Blocks": 0, "I/O Read Time": 0.578, "I/O Write Time": 0.0}, "Planning Time": 0.978, "Triggers": [], "Execution Time": 169.921}, "template": "scale", "query": "EXPLAIN (ANALYZE, COSTS, BUFFERS, VERBOSE, FORMAT JSON) SELECT COUNT(*) FROM movie_keyword mk WHERE mk.keyword_id<382;"}
{"planinfo": {"Plan": {"Node Type": "Aggregate", "Strategy": "Plain", "Partial Mode": "Simple", "Parallel Aware": false, "Startup Cost": 135240.85, "Total Cost": 135240.86, "Plan Rows": 1, "Plan Width": 8, "Actual Startup Time": 1435.326, "Actual Total Time": 1435.327, "Actual Rows": 1, "Actual Loops": 1, "Output": ["count(*)"], "Shared Hit Blocks": 23, "Shared Read Blocks": 4638, "Shared Dirtied Blocks": 0, "Shared Written Blocks": 0, "Local Hit Blocks": 0, "Local Read Blocks": 0, "Local Dirtied Blocks": 0, "Local Written Blocks": 0, "Temp Read Blocks": 0, "Temp Written Blocks": 0, "I/O Read Time": 30.855, "I/O Write Time": 0.0, "Plans": [{"Node Type": "Index Only Scan", "Parent Relationship": "Outer", "Parallel Aware": false, "Scan Direction": "Forward", "Index Name": "info_type_id_movie_info", "Relation Name": "movie_info", "Schema": "public", "Alias": "mi", "Startup Cost": 0.43, "Total Cost": 120646.8, "Plan Rows": 5837621, "Plan Width": 0, "Actual Startup Time": 0.305, "Actual Total Time": 864.195, "Actual Rows": 5869026, "Actual Loops": 1, "Output": ["info_type_id"], "Index Cond": "(mi.info_type_id > 13)", "Rows Removed by Index Recheck": 0, "Heap Fetches": 0, "Shared Hit Blocks": 23, "Shared Read Blocks": 4638, "Shared Dirtied Blocks": 0, "Shared Written Blocks": 0, "Local Hit Blocks": 0, "Local Read Blocks": 0, "Local Dirtied Blocks": 0, "Local Written Blocks": 0, "Temp Read Blocks": 0, "Temp Written Blocks": 0, "I/O Read Time": 30.855, "I/O Write Time": 0.0}]}, "Planning": {"Shared Hit Blocks": 50, "Shared Read Blocks": 15, "Shared Dirtied Blocks": 0, "Shared Written Blocks": 0, "Local Hit Blocks": 0, "Local Read Blocks": 0, "Local Dirtied Blocks": 0, "Local Written Blocks": 0, "Temp Read Blocks": 0, "Temp Written Blocks": 0, "I/O Read Time": 0.929, "I/O Write Time": 0.0}, "Planning Time": 1.426, "Triggers": [], "Execution Time": 1435.371}, "template": "scale", "query": "EXPLAIN (ANALYZE, COSTS, BUFFERS, VERBOSE, FORMAT JSON) SELECT COUNT(*) FROM movie_info mi WHERE mi.info_type_id>13;"}
{"planinfo": {"Plan": {"Node Type": "Aggregate", "Strategy": "Plain", "Partial Mode": "Simple", "Parallel Aware": false, "Startup Cost": 2125020.07, "Total Cost": 2125020.08, "Plan Rows": 1, "Plan Width": 8, "Actual Startup Time": 115265.236, "Actual Total Time": 115265.238, "Actual Rows": 1, "Actual Loops": 1, "Output": ["count(*)"], "Shared Hit Blocks": 10808887, "Shared Read Blocks": 65904, "Shared Dirtied Blocks": 0, "Shared Written Blocks": 0, "Local Hit Blocks": 0, "Local Read Blocks": 0, "Local Dirtied Blocks": 0, "Local Written Blocks": 0, "Temp Read Blocks": 0, "Temp Written Blocks": 0, "I/O Read Time": 2399.283, "I/O Write Time": 0.0, "Plans": [{"Node Type": "Merge Join", "Parent Relationship": "Outer", "Parallel Aware": false, "Join Type": "Inner", "Startup Cost": 125.15, "Total Cost": 1962680.92, "Plan Rows": 64935661, "Plan Width": 0, "Actual Startup Time": 0.175, "Actual Total Time": 93258.321, "Actual Rows": 215765477, "Actual Loops": 1, "Inner Unique": false, "Merge Cond": "(t.id = ci.movie_id)", "Shared Hit Blocks": 10808887, "Shared Read Blocks": 65904, "Shared Dirtied Blocks": 0, "Shared Written Blocks": 0, "Local Hit Blocks": 0, "Local Read Blocks": 0, "Local Dirtied Blocks": 0, "Local Written Blocks": 0, "Temp Read Blocks": 0, "Temp Written Blocks": 0, "I/O Read Time": 2399.283, "I/O Write Time": 0.0, "Plans": [{"Node Type": "Merge Join", "Parent Relationship": "Outer", "Parallel Aware": false, "Join Type": "Inner", "Startup Cost": 9.75, "Total Cost": 239331.22, "Plan Rows": 4523930, "Plan Width": 8, "Actual Startup Time": 0.047, "Actual Total Time": 2689.497, "Actual Rows": 4523930, "Actual Loops": 1, "Output": ["t.id", "mk.movie_id"], "Inner Unique": false, "Merge Cond": "(t.id = mk.movie_id)", "Shared Hit Blocks": 23446, "Shared Read Blocks": 17616, "Shared Dirtied Blocks": 0, "Shared Written Blocks": 0, "Local Hit Blocks": 0, "Local Read Blocks": 0, "Local Dirtied Blocks": 0, "Local Written Blocks": 0, "Temp Read Blocks": 0, "Temp Written Blocks": 0, "I/O Read Time": 205.983, "I/O Write Time": 0.0, "Plans": [{"Node Type": "Index Only Scan", "Parent Relationship": "Outer", "Parallel Aware": false, "Scan Direction": "Forward", "Index Name": "title_pkey", "Relation Name": "title", "Schema": "public", "Alias": "t", "Startup Cost": 0.43, "Total Cost": 73940.23, "Plan Rows": 2528520, "Plan Width": 4, "Actual Startup Time": 0.016, "Actual Total Time": 561.527, "Actual Rows": 2525972, "Actual Loops": 1, "Output": ["t.id"], "Heap Fetches": 0, "Shared Hit Blocks": 23441, "Shared Read Blocks": 8963, "Shared Dirtied Blocks": 0, "Shared Written Blocks": 0, "Local Hit Blocks": 0, "Local Read Blocks": 0, "Local Dirtied Blocks": 0, "Local Written Blocks": 0, "Temp Read Blocks": 0, "Temp Written Blocks": 0, "I/O Read Time": 153.352, "I/O Write Time": 0.0}, {"Node Type": "Index Only Scan", "Parent Relationship": "Inner", "Parallel Aware": false, "Scan Direction": "Forward", "Index Name": "movie_id_movie_keyword", "Relation Name": "movie_keyword", "Schema": "public", "Alias": "mk", "Startup Cost": 0.43, "Total Cost": 102607.38, "Plan Rows": 4523930, "Plan Width": 4, "Actual Startup Time": 0.027, "Actual Total Time": 886.723, "Actual Rows": 4523930, "Actual Loops": 1, "Output": ["mk.movie_id"], "Heap Fetches": 0, "Shared Hit Blocks": 5, "Shared Read Blocks": 8653, "Shared Dirtied Blocks": 0, "Shared Written Blocks": 0, "Local Hit Blocks": 0, "Local Read Blocks": 0, "Local Dirtied Blocks": 0, "Local Written Blocks": 0, "Temp Read Blocks": 0, "Temp Written Blocks": 0, "I/O Read Time": 52.632, "I/O Write Time": 0.0}]}, {"Node Type": "Materialize", "Parent Relationship": "Inner", "Parallel Aware": false, "Startup Cost": 0.44, "Total Cost": 828979.9, "Plan Rows": 36293912, "Plan Width": 4, "Actual Startup Time": 0.032, "Actual Total Time": 38258.841, "Actual Rows": 241074053, "Actual Loops": 1, "Output": ["ci.movie_id"], "Shared Hit Blocks": 10785441, "Shared Read Blocks": 48288, "Shared Dirtied Blocks": 0, "Shared Written Blocks": 0, "Local Hit Blocks": 0, "Local Read Blocks": 0, "Local Dirtied Blocks": 0, "Local Written Blocks": 0, "Temp Read Blocks": 0, "Temp Written Blocks": 0, "I/O Read Time": 2193.3, "I/O Write Time": 0.0, "Plans": [{"Node Type": "Index Only Scan", "Parent Relationship": "Outer", "Parallel Aware": false, "Scan Direction": "Forward", "Index Name": "movie_id_cast_info", "Relation Name": "cast_info", "Schema": "public", "Alias": "ci", "Startup Cost": 0.44, "Total Cost": 738245.12, "Plan Rows": 36293912, "Plan Width": 4, "Actual Startup Time": 0.028, "Actual Total Time": 11634.723, "Actual Rows": 36244332, "Actual Loops": 1, "Output": ["ci.movie_id"], "Heap Fetches": 0, "Shared Hit Blocks": 10785441, "Shared Read Blocks": 48288, "Shared Dirtied Blocks": 0, "Shared Written Blocks": 0, "Local Hit Blocks": 0, "Local Read Blocks": 0, "Local Dirtied Blocks": 0, "Local Written Blocks": 0, "Temp Read Blocks": 0, "Temp Written Blocks": 0, "I/O Read Time": 2193.3, "I/O Write Time": 0.0}]}]}]}, "Planning": {"Shared Hit Blocks": 199, "Shared Read Blocks": 41, "Shared Dirtied Blocks": 0, "Shared Written Blocks": 0, "Local Hit Blocks": 0, "Local Read Blocks": 0, "Local Dirtied Blocks": 0, "Local Written Blocks": 0, "Temp Read Blocks": 0, "Temp Written Blocks": 0, "I/O Read Time": 3.109, "I/O Write Time": 0.0}, "Planning Time": 4.737, "Triggers": [], "Execution Time": 115265.381}, "template": "scale", "query": "EXPLAIN (ANALYZE, COSTS, BUFFERS, VERBOSE, FORMAT JSON) SELECT COUNT(*) FROM title t,cast_info ci,movie_keyword mk WHERE t.id=ci.movie_id AND t.id=mk.movie_id;"}
{"planinfo": {"Plan": {"Node Type": "Aggregate", "Strategy": "Plain", "Partial Mode": "Simple", "Parallel Aware": false, "Startup Cost": 263720.32, "Total Cost": 263720.33, "Plan Rows": 1, "Plan Width": 8, "Actual Startup Time": 7683.264, "Actual Total Time": 7683.269, "Actual Rows": 1, "Actual Loops": 1, "Output": ["count(*)"], "Shared Hit Blocks": 3, "Shared Read Blocks": 68387, "Shared Dirtied Blocks": 0, "Shared Written Blocks": 0, "Local Hit Blocks": 0, "Local Read Blocks": 0, "Local Dirtied Blocks": 0, "Local Written Blocks": 0, "Temp Read Blocks": 21311, "Temp Written Blocks": 21311, "I/O Read Time": 236.005, "I/O Write Time": 0.0, "Plans": [{"Node Type": "Hash Join", "Parent Relationship": "Outer", "Parallel Aware": false, "Join Type": "Inner", "Startup Cost": 129231.78, "Total Cost": 261594.42, "Plan Rows": 850360, "Plan Width": 0, "Actual Startup Time": 2287.23, "Actual Total Time": 6824.77, "Actual Rows": 8583388, "Actual Loops": 1, "Inner Unique": false, "Hash Cond": "(mk.movie_id = t.id)", "Shared Hit Blocks": 3, "Shared Read Blocks": 68387, "Shared Dirtied Blocks": 0, "Shared Written Blocks": 0, "Local Hit Blocks": 0, "Local Read Blocks": 0, "Local Dirtied Blocks": 0, "Local Written Blocks": 0, "Temp Read Blocks": 21311, "Temp Written Blocks": 21311, "I/O Read Time": 236.005, "I/O Write Time": 0.0, "Plans": [{"Node Type": "Seq Scan", "Parent Relationship": "Outer", "Parallel Aware": false, "Relation Name": "movie_keyword", "Schema": "public", "Alias": "mk", "Startup Cost": 0.0, "Total Cost": 69693.3, "Plan Rows": 4523930, "Plan Width": 4, "Actual Startup Time": 0.121, "Actual Total Time": 969.942, "Actual Rows": 4523930, "Actual Loops": 1, "Output": ["mk.movie_id"], "Shared Hit Blocks": 0, "Shared Read Blocks": 24454, "Shared Dirtied Blocks": 0, "Shared Written Blocks": 0, "Local Hit Blocks": 0, "Local Read Blocks": 0, "Local Dirtied Blocks": 0, "Local Written Blocks": 0, "Temp Read Blocks": 0, "Temp Written Blocks": 0, "I/O Read Time": 130.538, "I/O Write Time": 0.0}, {"Node Type": "Hash", "Parent Relationship": "Inner", "Parallel Aware": false, "Startup Cost": 121433.73, "Total Cost": 121433.73, "Plan Rows": 475284, "Plan Width": 8, "Actual Startup Time": 2286.257, "Actual Total Time": 2286.261, "Actual Rows": 854105, "Actual Loops": 1, "Output": ["t.id", "mi_idx.movie_id"], "Hash Buckets": 131072, "Original Hash Buckets": 131072, "Hash Batches": 16, "Original Hash Batches": 8, "Peak Memory Usage": 3104, "Shared Hit Blocks": 0, "Shared Read Blocks": 43933, "Shared Dirtied Blocks": 0, "Shared Written Blocks": 0, "Local Hit Blocks": 0, "Local Read Blocks": 0, "Local Dirtied Blocks": 0, "Local Written Blocks": 0, "Temp Read Blocks": 6150, "Temp Written Blocks": 8880, "I/O Read Time": 105.467, "I/O Write Time": 0.0, "Plans": [{"Node Type": "Hash Join", "Parent Relationship": "Outer", "Parallel Aware": false, "Join Type": "Inner", "Startup Cost": 81891.77, "Total Cost": 121433.73, "Plan Rows": 475284, "Plan Width": 8, "Actual Startup Time": 851.052, "Actual Total Time": 2021.385, "Actual Rows": 854105, "Actual Loops": 1, "Output": ["t.id", "mi_idx.movie_id"], "Inner Unique": true, "Hash Cond": "(mi_idx.movie_id = t.id)", "Shared Hit Blocks": 0, "Shared Read Blocks": 43933, "Shared Dirtied Blocks": 0, "Shared Written Blocks": 0, "Local Hit Blocks": 0, "Local Read Blocks": 0, "Local Dirtied Blocks": 0, "Local Written Blocks": 0, "Temp Read Blocks": 6150, "Temp Written Blocks": 6150, "I/O Read Time": 105.467, "I/O Write Time": 0.0, "Plans": [{"Node Type": "Seq Scan", "Parent Relationship": "Outer", "Parallel Aware": false, "Relation Name": "movie_info_idx", "Schema": "public", "Alias": "mi_idx", "Startup Cost": 0.0, "Total Cost": 21735.35, "Plan Rows": 1380035, "Plan Width": 4, "Actual Startup Time": 0.125, "Actual Total Time": 300.64, "Actual Rows": 1380035, "Actual Loops": 1, "Output": ["mi_idx.movie_id"], "Shared Hit Blocks": 0, "Shared Read Blocks": 7935, "Shared Dirtied Blocks": 0, "Shared Written Blocks": 0, "Local Hit Blocks": 0, "Local Read Blocks": 0, "Local Dirtied Blocks": 0, "Local Written Blocks": 0, "Temp Read Blocks": 0, "Temp Written Blocks": 0, "I/O Read Time": 40.731, "I/O Write Time": 0.0}, {"Node Type": "Hash", "Parent Relationship": "Inner", "Parallel Aware": false, "Startup Cost": 67604.5, "Total Cost": 67604.5, "Plan Rows": 870822, "Plan Width": 4, "Actual Startup Time": 850.331, "Actual Total Time": 850.332, "Actual Rows": 854214, "Actual Loops": 1, "Output": ["t.id"], "Hash Buckets": 131072, "Original Hash Buckets": 131072, "Hash Batches": 16, "Original Hash Batches": 16, "Peak Memory Usage": 2897, "Shared Hit Blocks": 0, "Shared Read Blocks": 35998, "Shared Dirtied Blocks": 0, "Shared Written Blocks": 0, "Local Hit Blocks": 0, "Local Read Blocks": 0, "Local Dirtied Blocks": 0, "Local Written Blocks": 0, "Temp Read Blocks": 0, "Temp Written Blocks": 2339, "I/O Read Time": 64.737, "I/O Write Time": 0.0, "Plans": [{"Node Type": "Seq Scan", "Parent Relationship": "Outer", "Parallel Aware": false, "Relation Name": "title", "Schema": "public", "Alias": "t", "Startup Cost": 0.0, "Total Cost": 67604.5, "Plan Rows": 870822, "Plan Width": 4, "Actual Startup Time": 0.138, "Actual Total Time": 582.514, "Actual Rows": 854214, "Actual Loops": 1, "Output": ["t.id"], "Filter": "(t.kind_id < 4)", "Rows Removed by Filter": 1674098, "Shared Hit Blocks": 0, "Shared Read Blocks": 35998, "Shared Dirtied Blocks": 0, "Shared Written Blocks": 0, "Local Hit Blocks": 0, "Local Read Blocks": 0, "Local Dirtied Blocks": 0, "Local Written Blocks": 0, "Temp Read Blocks": 0, "Temp Written Blocks": 0, "I/O Read Time": 64.737, "I/O Write Time": 0.0}]}]}]}]}]}, "Planning": {"Shared Hit Blocks": 183, "Shared Read Blocks": 36, "Shared Dirtied Blocks": 0, "Shared Written Blocks": 0, "Local Hit Blocks": 0, "Local Read Blocks": 0, "Local Dirtied Blocks": 0, "Local Written Blocks": 0, "Temp Read Blocks": 0, "Temp Written Blocks": 0, "I/O Read Time": 2.606, "I/O Write Time": 0.0}, "Planning Time": 4.064, "Triggers": [], "Execution Time": 7683.849}, "template": "scale", "query": "EXPLAIN (ANALYZE, COSTS, BUFFERS, VERBOSE, FORMAT JSON) SELECT COUNT(*) FROM title t,movie_info_idx mi_idx,movie_keyword mk WHERE t.id=mi_idx.movie_id AND t.id=mk.movie_id AND t.kind_id<4;"}
{"planinfo": {"Plan": {"Node Type": "Aggregate", "Strategy": "Plain", "Partial Mode": "Simple", "Parallel Aware": false, "Startup Cost": 504366.38, "Total Cost": 504366.39, "Plan Rows": 1, "Plan Width": 8, "Actual Startup Time": 4932.365, "Actual Total Time": 4932.367, "Actual Rows": 1, "Actual Loops": 1, "Output": ["count(*)"], "Shared Hit Blocks": 1157125, "Shared Read Blocks": 63554, "Shared Dirtied Blocks": 0, "Shared Written Blocks": 0, "Local Hit Blocks": 0, "Local Read Blocks": 0, "Local Dirtied Blocks": 0, "Local Written Blocks": 0, "Temp Read Blocks": 0, "Temp Written Blocks": 0, "I/O Read Time": 2406.667, "I/O Write Time": 0.0, "Plans": [{"Node Type": "Nested Loop", "Parent Relationship": "Outer", "Parallel Aware": false, "Join Type": "Inner", "Startup Cost": 0.44, "Total Cost": 498529.11, "Plan Rows": 2334907, "Plan Width": 0, "Actual Startup Time": 0.43, "Actual Total Time": 4633.42, "Actual Rows": 2478571, "Actual Loops": 1, "Inner Unique": false, "Shared Hit Blocks": 1157125, "Shared Read Blocks": 63554, "Shared Dirtied Blocks": 0, "Shared Written Blocks": 0, "Local Hit Blocks": 0, "Local Read Blocks": 0, "Local Dirtied Blocks": 0, "Local Written Blocks": 0, "Temp Read Blocks": 0, "Temp Written Blocks": 0, "I/O Read Time": 2406.667, "I/O Write Time": 0.0, "Plans": [{"Node Type": "Seq Scan", "Parent Relationship": "Outer", "Parallel Aware": false, "Relation Name": "title", "Schema": "public", "Alias": "t", "Startup Cost": 0.0, "Total Cost": 67604.5, "Plan Rows": 162668, "Plan Width": 4, "Actual Startup Time": 0.135, "Actual Total Time": 537.711, "Actual Rows": 160017, "Actual Loops": 1, "Output": ["t.id", "t.title", "t.imdb_index", "t.kind_id", "t.production_year", "t.imdb_id", "t.phonetic_code", "t.episode_of_id", "t.season_nr", "t.episode_nr", "t.series_years", "t.md5sum"], "Filter": "(t.production_year = 2011)", "Rows Removed by Filter": 2368295, "Shared Hit Blocks": 0, "Shared Read Blocks": 35998, "Shared Dirtied Blocks": 0, "Shared Written Blocks": 0, "Local Hit Blocks": 0, "Local Read Blocks": 0, "Local Dirtied Blocks": 0, "Local Written Blocks": 0, "Temp Read Blocks": 0, "Temp Written Blocks": 0, "I/O Read Time": 67.994, "I/O Write Time": 0.0}, {"Node Type": "Index Only Scan", "Parent Relationship": "Inner", "Parallel Aware": false, "Scan Direction": "Forward", "Index Name": "movie_id_cast_info", "Relation Name": "cast_info", "Schema": "public", "Alias": "ci", "Startup Cost": 0.44, "Total Cost": 2.28, "Plan Rows": 37, "Plan Width": 4, "Actual Startup Time": 0.02, "Actual Total Time": 0.023, "Actual Rows": 15, "Actual Loops": 160017, "Output": ["ci.movie_id"], "Index Cond": "(ci.movie_id = t.id)", "Rows Removed by Index Recheck": 0, "Heap Fetches": 0, "Shared Hit Blocks": 1157125, "Shared Read Blocks": 27556, "Shared Dirtied Blocks": 0, "Shared Written Blocks": 0, "Local Hit Blocks": 0, "Local Read Blocks": 0, "Local Dirtied Blocks": 0, "Local Written Blocks": 0, "Temp Read Blocks": 0, "Temp Written Blocks": 0, "I/O Read Time": 2338.673, "I/O Write Time": 0.0}]}]}, "Planning": {"Shared Hit Blocks": 120, "Shared Read Blocks": 32, "Shared Dirtied Blocks": 0, "Shared Written Blocks": 0, "Local Hit Blocks": 0, "Local Read Blocks": 0, "Local Dirtied Blocks": 0, "Local Written Blocks": 0, "Temp Read Blocks": 0, "Temp Written Blocks": 0, "I/O Read Time": 2.371, "I/O Write Time": 0.0}, "Planning Time": 3.381, "Triggers": [], "Execution Time": 4932.454}, "template": "scale", "query": "EXPLAIN (ANALYZE, COSTS, BUFFERS, VERBOSE, FORMAT JSON) SELECT COUNT(*) FROM title t,cast_info ci WHERE t.id=ci.movie_id AND t.production_year=2011;"}
{"planinfo": {"Plan": {"Node Type": "Aggregate", "Strategy": "Plain", "Partial Mode": "Simple", "Parallel Aware": false, "Startup Cost": 553465.63, "Total Cost": 553465.64, "Plan Rows": 1, "Plan Width": 8, "Actual Startup Time": 10143.313, "Actual Total Time": 10143.317, "Actual Rows": 1, "Actual Loops": 1, "Output": ["count(*)"], "Shared Hit Blocks": 3, "Shared Read Blocks": 197991, "Shared Dirtied Blocks": 0, "Shared Written Blocks": 0, "Local Hit Blocks": 0, "Local Read Blocks": 0, "Local Dirtied Blocks": 0, "Local Written Blocks": 0, "Temp Read Blocks": 28369, "Temp Written Blocks": 28369, "I/O Read Time": 350.642, "I/O Write Time": 0.0, "Plans": [{"Node Type": "Hash Join", "Parent Relationship": "Outer", "Parallel Aware": false, "Join Type": "Inner", "Startup Cost": 102767.7, "Total Cost": 535379.64, "Plan Rows": 7234394, "Plan Width": 0, "Actual Startup Time": 1282.61, "Actual Total Time": 9406.524, "Actual Rows": 7286865, "Actual Loops": 1, "Inner Unique": true, "Hash Cond": "(mi.movie_id = t.id)", "Shared Hit Blocks": 3, "Shared Read Blocks": 197991, "Shared Dirtied Blocks": 0, "Shared Written Blocks": 0, "Local Hit Blocks": 0, "Local Read Blocks": 0, "Local Dirtied Blocks": 0, "Local Written Blocks": 0, "Temp Read Blocks": 28369, "Temp Written Blocks": 28369, "I/O Read Time": 350.642, "I/O Write Time": 0.0, "Plans": [{"Node Type": "Seq Scan", "Parent Relationship": "Outer", "Parallel Aware": false, "Relation Name": "movie_info", "Schema": "public", "Alias": "mi", "Startup Cost": 0.0, "Total Cost": 347223.62, "Plan Rows": 7234394, "Plan Width": 4, "Actual Startup Time": 0.226, "Actual Total Time": 3293.976, "Actual Rows": 7286865, "Actual Loops": 1, "Output": ["mi.movie_id"], "Filter": "(mi.info_type_id < 8)", "Rows Removed by Filter": 7548855, "Shared Hit Blocks": 0, "Shared Read Blocks": 161993, "Shared Dirtied Blocks": 0, "Shared Written Blocks": 0, "Local Hit Blocks": 0, "Local Read Blocks": 0, "Local Dirtied Blocks": 0, "Local Written Blocks": 0, "Temp Read Blocks": 0, "Temp Written Blocks": 0, "I/O Read Time": 290.521, "I/O Write Time": 0.0}, {"Node Type": "Hash", "Parent Relationship": "Inner", "Parallel Aware": false, "Startup Cost": 61283.2, "Total Cost": 61283.2, "Plan Rows": 2528520, "Plan Width": 4, "Actual Startup Time": 1279.453, "Actual Total Time": 1279.454, "Actual Rows": 2528312, "Actual Loops": 1, "Output": ["t.id"], "Hash Buckets": 131072, "Original Hash Buckets": 131072, "Hash Batches": 64, "Original Hash Batches": 64, "Peak Memory Usage": 2415, "Shared Hit Blocks": 0, "Shared Read Blocks": 35998, "Shared Dirtied Blocks": 0, "Shared Written Blocks": 0, "Local Hit Blocks": 0, "Local Read Blocks": 0, "Local Dirtied Blocks": 0, "Local Written Blocks": 0, "Temp Read Blocks": 0, "Temp Written Blocks": 7262, "I/O Read Time": 60.12, "I/O Write Time": 0.0, "Plans": [{"Node Type": "Seq Scan", "Parent Relationship": "Outer", "Parallel Aware": false, "Relation Name": "title", "Schema": "public", "Alias": "t", "Startup Cost": 0.0, "Total Cost": 61283.2, "Plan Rows": 2528520, "Plan Width": 4, "Actual Startup Time": 0.13, "Actual Total Time": 546.841, "Actual Rows": 2528312, "Actual Loops": 1, "Output": ["t.id"], "Shared Hit Blocks": 0, "Shared Read Blocks": 35998, "Shared Dirtied Blocks": 0, "Shared Written Blocks": 0, "Local Hit Blocks": 0, "Local Read Blocks": 0, "Local Dirtied Blocks": 0, "Local Written Blocks": 0, "Temp Read Blocks": 0, "Temp Written Blocks": 0, "I/O Read Time": 60.12, "I/O Write Time": 0.0}]}]}]}, "Planning": {"Shared Hit Blocks": 100, "Shared Read Blocks": 32, "Shared Dirtied Blocks": 0, "Shared Written Blocks": 0, "Local Hit Blocks": 0, "Local Read Blocks": 0, "Local Dirtied Blocks": 0, "Local Written Blocks": 0, "Temp Read Blocks": 0, "Temp Written Blocks": 0, "I/O Read Time": 2.088, "I/O Write Time": 0.0}, "Planning Time": 3.045, "Triggers": [], "Execution Time": 10143.483}, "template": "scale", "query": "EXPLAIN (ANALYZE, COSTS, BUFFERS, VERBOSE, FORMAT JSON) SELECT COUNT(*) FROM title t,movie_info mi WHERE t.id=mi.movie_id AND mi.info_type_id<8;"}
{"planinfo": {"Plan": {"Node Type": "Aggregate", "Strategy": "Plain", "Partial Mode": "Simple", "Parallel Aware": false, "Startup Cost": 3083.48, "Total Cost": 3083.49, "Plan Rows": 1, "Plan Width": 8, "Actual Startup Time": 203.565, "Actual Total Time": 203.567, "Actual Rows": 1, "Actual Loops": 1, "Output": ["count(*)"], "Shared Hit Blocks": 2201, "Shared Read Blocks": 2141, "Shared Dirtied Blocks": 0, "Shared Written Blocks": 0, "Local Hit Blocks": 0, "Local Read Blocks": 0, "Local Dirtied Blocks": 0, "Local Written Blocks": 0, "Temp Read Blocks": 0, "Temp Written Blocks": 0, "I/O Read Time": 191.428, "I/O Write Time": 0.0, "Plans": [{"Node Type": "Nested Loop", "Parent Relationship": "Outer", "Parallel Aware": false, "Join Type": "Inner", "Startup Cost": 1.73, "Total Cost": 3083.41, "Plan Rows": 28, "Plan Width": 0, "Actual Startup Time": 7.307, "Actual Total Time": 202.595, "Actual Rows": 8966, "Actual Loops": 1, "Inner Unique": false, "Join Filter": "(t.id = mi.movie_id)", "Rows Removed by Join Filter": 0, "Shared Hit Blocks": 2201, "Shared Read Blocks": 2141, "Shared Dirtied Blocks": 0, "Shared Written Blocks": 0, "Local Hit Blocks": 0, "Local Read Blocks": 0, "Local Dirtied Blocks": 0, "Local Written Blocks": 0, "Temp Read Blocks": 0, "Temp Written Blocks": 0, "I/O Read Time": 191.428, "I/O Write Time": 0.0, "Plans": [{"Node Type": "Nested Loop", "Parent Relationship": "Outer", "Parallel Aware": false, "Join Type": "Inner", "Startup Cost": 1.29, "Total Cost": 3074.25, "Plan Rows": 5, "Plan Width": 12, "Actual Startup Time": 7.108, "Actual Total Time": 185.532, "Actual Rows": 102, "Actual Loops": 1, "Output": ["t.id", "mi_idx.movie_id", "mk.movie_id"], "Inner Unique": false, "Shared Hit Blocks": 1586, "Shared Read Blocks": 1989, "Shared Dirtied Blocks": 0, "Shared Written Blocks": 0, "Local Hit Blocks": 0, "Local Read Blocks": 0, "Local Dirtied Blocks": 0, "Local Written Blocks": 0, "Temp Read Blocks": 0, "Temp Written Blocks": 0, "I/O Read Time": 178.188, "I/O Write Time": 0.0, "Plans": [{"Node Type": "Nested Loop", "Parent Relationship": "Outer", "Parallel Aware": false, "Join Type": "Inner", "Startup Cost": 0.86, "Total Cost": 3055.88, "Plan Rows": 27, "Plan Width": 8, "Actual Startup Time": 6.829, "Actual Total Time": 162.662, "Actual Rows": 133, "Actual Loops": 1, "Output": ["t.id", "mk.movie_id"], "Inner Unique": true, "Shared Hit Blocks": 1322, "Shared Read Blocks": 1749, "Shared Dirtied Blocks": 0, "Shared Written Blocks": 0, "Local Hit Blocks": 0, "Local Read Blocks": 0, "Local Dirtied Blocks": 0, "Local Written Blocks": 0, "Temp Read Blocks": 0, "Temp Written Blocks": 0, "I/O Read Time": 156.501, "I/O Write Time": 0.0, "Plans": [{"Node Type": "Index Scan", "Parent Relationship": "Outer", "Parallel Aware": false, "Scan Direction": "Forward", "Index Name": "keyword_id_movie_keyword", "Relation Name": "movie_keyword", "Schema": "public", "Alias": "mk", "Startup Cost": 0.43, "Total Cost": 988.56, "Plan Rows": 246, "Plan Width": 4, "Actual Startup Time": 0.399, "Actual Total Time": 55.284, "Actual Rows": 618, "Actual Loops": 1, "Output": ["mk.id", "mk.movie_id", "mk.keyword_id"], "Index Cond": "(mk.keyword_id = 6830)", "Rows Removed by Index Recheck": 0, "Shared Hit Blocks": 0, "Shared Read Blocks": 599, "Shared Dirtied Blocks": 0, "Shared Written Blocks": 0, "Local Hit Blocks": 0, "Local Read Blocks": 0, "Local Dirtied Blocks": 0, "Local Written Blocks": 0, "Temp Read Blocks": 0, "Temp Written Blocks": 0, "I/O Read Time": 54.111, "I/O Write Time": 0.0}, {"Node Type": "Index Scan", "Parent Relationship": "Inner", "Parallel Aware": false, "Scan Direction": "Forward", "Index Name": "title_pkey", "Relation Name": "title", "Schema": "public", "Alias": "t", "Startup Cost": 0.43, "Total Cost": 8.4, "Plan Rows": 1, "Plan Width": 4, "Actual Startup Time": 0.173, "Actual Total Time": 0.173, "Actual Rows": 0, "Actual Loops": 618, "Output": ["t.id", "t.title", "t.imdb_index", "t.kind_id", "t.production_year", "t.imdb_id", "t.phonetic_code", "t.episode_of_id", "t.season_nr", "t.episode_nr", "t.series_years", "t.md5sum"], "Index Cond": "(t.id = mk.movie_id)", "Rows Removed by Index Recheck": 0, "Filter": "((t.production_year > 2005) AND (t.kind_id = 1))", "Rows Removed by Filter": 1, "Shared Hit Blocks": 1322, "Shared Read Blocks": 1150, "Shared Dirtied Blocks": 0, "Shared Written Blocks": 0, "Local Hit Blocks": 0, "Local Read Blocks": 0, "Local Dirtied Blocks": 0, "Local Written Blocks": 0, "Temp Read Blocks": 0, "Temp Written Blocks": 0, "I/O Read Time": 102.39, "I/O Write Time": 0.0}]}, {"Node Type": "Index Scan", "Parent Relationship": "Inner", "Parallel Aware": false, "Scan Direction": "Forward", "Index Name": "movie_id_movie_info_idx", "Relation Name": "movie_info_idx", "Schema": "public", "Alias": "mi_idx", "Startup Cost": 0.43, "Total Cost": 0.67, "Plan Rows": 1, "Plan Width": 4, "Actual Startup Time": 0.167, "Actual Total Time": 0.171, "Actual Rows": 1, "Actual Loops": 133, "Output": ["mi_idx.id", "mi_idx.movie_id", "mi_idx.info_type_id", "mi_idx.info", "mi_idx.note"], "Index Cond": "(mi_idx.movie_id = t.id)", "Rows Removed by Index Recheck": 0, "Filter": "(mi_idx.info_type_id = 99)", "Rows Removed by Filter": 2, "Shared Hit Blocks": 264, "Shared Read Blocks": 240, "Shared Dirtied Blocks": 0, "Shared Written Blocks": 0, "Local Hit Blocks": 0, "Local Read Blocks": 0, "Local Dirtied Blocks": 0, "Local Written Blocks": 0, "Temp Read Blocks": 0, "Temp Written Blocks": 0, "I/O Read Time": 21.687, "I/O Write Time": 0.0}]}, {"Node Type": "Index Only Scan", "Parent Relationship": "Inner", "Parallel Aware": false, "Scan Direction": "Forward", "Index Name": "movie_id_movie_info", "Relation Name": "movie_info", "Schema": "public", "Alias": "mi", "Startup Cost": 0.43, "Total Cost": 1.34, "Plan Rows": 39, "Plan Width": 4, "Actual Startup Time": 0.137, "Actual Total Time": 0.152, "Actual Rows": 88, "Actual Loops": 102, "Output": ["mi.movie_id"], "Index Cond": "(mi.movie_id = mi_idx.movie_id)", "Rows Removed by Index Recheck": 0, "Heap Fetches": 0, "Shared Hit Blocks": 615, "Shared Read Blocks": 152, "Shared Dirtied Blocks": 0, "Shared Written Blocks": 0, "Local Hit Blocks": 0, "Local Read Blocks": 0, "Local Dirtied Blocks": 0, "Local Written Blocks": 0, "Temp Read Blocks": 0, "Temp Written Blocks": 0, "I/O Read Time": 13.24, "I/O Write Time": 0.0}]}]}, "Planning": {"Shared Hit Blocks": 307, "Shared Read Blocks": 48, "Shared Dirtied Blocks": 0, "Shared Written Blocks": 0, "Local Hit Blocks": 0, "Local Read Blocks": 0, "Local Dirtied Blocks": 0, "Local Written Blocks": 0, "Temp Read Blocks": 0, "Temp Written Blocks": 0, "I/O Read Time": 3.777, "I/O Write Time": 0.0}, "Planning Time": 6.606, "Triggers": [], "Execution Time": 203.72}, "template": "scale", "query": "EXPLAIN (ANALYZE, COSTS, BUFFERS, VERBOSE, FORMAT JSON) SELECT COUNT(*) FROM title t,movie_info mi,movie_info_idx mi_idx,movie_keyword mk WHERE t.id=mi.movie_id AND t.id=mi_idx.movie_id AND t.id=mk.movie_id AND t.kind_id=1 AND t.production_year>2005 AND mi_idx.info_type_id=99 AND mk.keyword_id=6830;"}
{"planinfo": {"Plan": {"Node Type": "Aggregate", "Strategy": "Plain", "Partial Mode": "Simple", "Parallel Aware": false, "Startup Cost": 341136.87, "Total Cost": 341136.88, "Plan Rows": 1, "Plan Width": 8, "Actual Startup Time": 6226.645, "Actual Total Time": 6226.652, "Actual Rows": 1, "Actual Loops": 1, "Output": ["count(*)"], "Shared Hit Blocks": 3, "Shared Read Blocks": 87177, "Shared Dirtied Blocks": 0, "Shared Written Blocks": 0, "Local Hit Blocks": 0, "Local Read Blocks": 0, "Local Dirtied Blocks": 0, "Local Written Blocks": 0, "Temp Read Blocks": 18763, "Temp Written Blocks": 18763, "I/O Read Time": 338.235, "I/O Write Time": 0.0, "Plans": [{"Node Type": "Hash Join", "Parent Relationship": "Outer", "Parallel Aware": false, "Join Type": "Inner", "Startup Cost": 216500.59, "Total Cost": 340317.75, "Plan Rows": 327646, "Plan Width": 0, "Actual Startup Time": 3610.681, "Actual Total Time": 6123.759, "Actual Rows": 1017032, "Actual Loops": 1, "Inner Unique": false, "Hash Cond": "(mk.movie_id = t.id)", "Shared Hit Blocks": 3, "Shared Read Blocks": 87177, "Shared Dirtied Blocks": 0, "Shared Written Blocks": 0, "Local Hit Blocks": 0, "Local Read Blocks": 0, "Local Dirtied Blocks": 0, "Local Written Blocks": 0, "Temp Read Blocks": 18763, "Temp Written Blocks": 18763, "I/O Read Time": 338.235, "I/O Write Time": 0.0, "Plans": [{"Node Type": "Seq Scan", "Parent Relationship": "Outer", "Parallel Aware": false, "Relation Name": "movie_keyword", "Schema": "public", "Alias": "mk", "Startup Cost": 0.0, "Total Cost": 81003.12, "Plan Rows": 3313754, "Plan Width": 4, "Actual Startup Time": 0.751, "Actual Total Time": 1107.093, "Actual Rows": 3314454, "Actual Loops": 1, "Output": ["mk.movie_id"], "Filter": "(mk.keyword_id > 1515)", "Rows Removed by Filter": 1209476, "Shared Hit Blocks": 0, "Shared Read Blocks": 24454, "Shared Dirtied Blocks": 0, "Shared Written Blocks": 0, "Local Hit Blocks": 0, "Local Read Blocks": 0, "Local Dirtied Blocks": 0, "Local Written Blocks": 0, "Temp Read Blocks": 0, "Temp Written Blocks": 0, "I/O Read Time": 139.99, "I/O Write Time": 0.0}, {"Node Type": "Hash", "Parent Relationship": "Inner", "Parallel Aware": false, "Startup Cost": 212154.52, "Total Cost": 212154.52, "Plan Rows": 250006, "Plan Width": 12, "Actual Startup Time": 3607.723, "Actual Total Time": 3607.728, "Actual Rows": 275413, "Actual Loops": 1, "Output": ["t.id", "mc.movie_id", "mi_idx.movie_id"], "Hash Buckets": 131072, "Original Hash Buckets": 131072, "Hash Batches": 4, "Original Hash Batches": 4, "Peak Memory Usage": 3948, "Shared Hit Blocks": 0, "Shared Read Blocks": 62723, "Shared Dirtied Blocks": 0, "Shared Written Blocks": 0, "Local Hit Blocks": 0, "Local Read Blocks": 0, "Local Dirtied Blocks": 0, "Local Written Blocks": 0, "Temp Read Blocks": 10668, "Temp Written Blocks": 11477, "I/O Read Time": 198.246, "I/O Write Time": 0.0, "Plans": [{"Node Type": "Hash Join", "Parent Relationship": "Outer", "Parallel Aware": false, "Join Type": "Inner", "Startup Cost": 133657.93, "Total Cost": 212154.52, "Plan Rows": 250006, "Plan Width": 12, "Actual Startup Time": 1857.966, "Actual Total Time": 3511.333, "Actual Rows": 275413, "Actual Loops": 1, "Output": ["t.id", "mc.movie_id", "mi_idx.movie_id"], "Inner Unique": false, "Hash Cond": "(mc.movie_id = t.id)", "Shared Hit Blocks": 0, "Shared Read Blocks": 62723, "Shared Dirtied Blocks": 0, "Shared Written Blocks": 0, "Local Hit Blocks": 0, "Local Read Blocks": 0, "Local Dirtied Blocks": 0, "Local Written Blocks": 0, "Temp Read Blocks": 10668, "Temp Written Blocks": 10668, "I/O Read Time": 198.246, "I/O Write Time": 0.0, "Plans": [{"Node Type": "Seq Scan", "Parent Relationship": "Outer", "Parallel Aware": false, "Relation Name": "movie_companies", "Schema": "public", "Alias": "mc", "Startup Cost": 0.0, "Total Cost": 44881.29, "Plan Rows": 2609129, "Plan Width": 4, "Actual Startup Time": 0.252, "Actual Total Time": 588.883, "Actual Rows": 2609129, "Actual Loops": 1, "Output": ["mc.movie_id"], "Shared Hit Blocks": 0, "Shared Read Blocks": 18790, "Shared Dirtied Blocks": 0, "Shared Written Blocks": 0, "Local Hit Blocks": 0, "Local Read Blocks": 0, "Local Dirtied Blocks": 0, "Local Written Blocks": 0, "Temp Read Blocks": 0, "Temp Written Blocks": 0, "I/O Read Time": 95.177, "I/O Write Time": 0.0}, {"Node Type": "Hash", "Parent Relationship": "Inner", "Parallel Aware": false, "Startup Cost": 129682.41, "Total Cost": 129682.41, "Plan Rows": 242282, "Plan Width": 8, "Actual Startup Time": 1856.844, "Actual Total Time": 1856.847, "Actual Rows": 131569, "Actual Loops": 1, "Output": ["t.id", "mi_idx.movie_id"], "Hash Buckets": 131072, "Original Hash Buckets": 131072, "Hash Batches": 4, "Original Hash Batches": 4, "Peak Memory Usage": 2306, "Shared Hit Blocks": 0, "Shared Read Blocks": 43933, "Shared Dirtied Blocks": 0, "Shared Written Blocks": 0, "Local Hit Blocks": 0, "Local Read Blocks": 0, "Local Dirtied Blocks": 0, "Local Written Blocks": 0, "Temp Read Blocks": 4591, "Temp Written Blocks": 4928, "I/O Read Time": 103.069, "I/O Write Time": 0.0, "Plans": [{"Node Type": "Hash Join", "Parent Relationship": "Outer", "Parallel Aware": false, "Join Type": "Inner", "Startup Cost": 32673.16, "Total Cost": 129682.41, "Plan Rows": 242282, "Plan Width": 8, "Actual Startup Time": 440.603, "Actual Total Time": 1807.968, "Actual Rows": 131569, "Actual Loops": 1, "Output": ["t.id", "mi_idx.movie_id"], "Inner Unique": false, "Hash Cond": "(t.id = mi_idx.movie_id)", "Shared Hit Blocks": 0, "Shared Read Blocks": 43933, "Shared Dirtied Blocks": 0, "Shared Written Blocks": 0, "Local Hit Blocks": 0, "Local Read Blocks": 0, "Local Dirtied Blocks": 0, "Local Written Blocks": 0, "Temp Read Blocks": 4591, "Temp Written Blocks": 4591, "I/O Read Time": 103.069, "I/O Write Time": 0.0, "Plans": [{"Node Type": "Seq Scan", "Parent Relationship": "Outer", "Parallel Aware": false, "Relation Name": "title", "Schema": "public", "Alias": "t", "Startup Cost": 0.0, "Total Cost": 73925.8, "Plan Rows": 1342340, "Plan Width": 4, "Actual Startup Time": 0.155, "Actual Total Time": 670.82, "Actual Rows": 1327781, "Actual Loops": 1, "Output": ["t.id"], "Filter": "((t.production_year < 2012) AND (t.kind_id = 7))", "Rows Removed by Filter": 1200531, "Shared Hit Blocks": 0, "Shared Read Blocks": 35998, "Shared Dirtied Blocks": 0, "Shared Written Blocks": 0, "Local Hit Blocks": 0, "Local Read Blocks": 0, "Local Dirtied Blocks": 0, "Local Written Blocks": 0, "Temp Read Blocks": 0, "Temp Written Blocks": 0, "I/O Read Time": 61.842, "I/O Write Time": 0.0}, {"Node Type": "Hash", "Parent Relationship": "Inner", "Parallel Aware": false, "Startup Cost": 25185.44, "Total Cost": 25185.44, "Plan Rows": 456378, "Plan Width": 4, "Actual Startup Time": 439.746, "Actual Total Time": 439.747, "Actual Rows": 459925, "Actual Loops": 1, "Output": ["mi_idx.movie_id"], "Hash Buckets": 131072, "Original Hash Buckets": 131072, "Hash Batches": 8, "Original Hash Batches": 8, "Peak Memory Usage": 3050, "Shared Hit Blocks": 0, "Shared Read Blocks": 7935, "Shared Dirtied Blocks": 0, "Shared Written Blocks": 0, "Local Hit Blocks": 0, "Local Read Blocks": 0, "Local Dirtied Blocks": 0, "Local Written Blocks": 0, "Temp Read Blocks": 0, "Temp Written Blocks": 1175, "I/O Read Time": 41.226, "I/O Write Time": 0.0, "Plans": [{"Node Type": "Seq Scan", "Parent Relationship": "Outer", "Parallel Aware": false, "Relation Name": "movie_info_idx", "Schema": "public", "Alias": "mi_idx", "Startup Cost": 0.0, "Total Cost": 25185.44, "Plan Rows": 456378, "Plan Width": 4, "Actual Startup Time": 0.133, "Actual Total Time": 298.783, "Actual Rows": 459925, "Actual Loops": 1, "Output": ["mi_idx.movie_id"], "Filter": "(mi_idx.info_type_id = 99)", "Rows Removed by Filter": 920110, "Shared Hit Blocks": 0, "Shared Read Blocks": 7935, "Shared Dirtied Blocks": 0, "Shared Written Blocks": 0, "Local Hit Blocks": 0, "Local Read Blocks": 0, "Local Dirtied Blocks": 0, "Local Written Blocks": 0, "Temp Read Blocks": 0, "Temp Written Blocks": 0, "I/O Read Time": 41.226, "I/O Write Time": 0.0}]}]}]}]}]}]}]}, "Planning": {"Shared Hit Blocks": 317, "Shared Read Blocks": 47, "Shared Dirtied Blocks": 0, "Shared Written Blocks": 0, "Local Hit Blocks": 0, "Local Read Blocks": 0, "Local Dirtied Blocks": 0, "Local Written Blocks": 0, "Temp Read Blocks": 0, "Temp Written Blocks": 0, "I/O Read Time": 3.663, "I/O Write Time": 0.0}, "Planning Time": 6.521, "Triggers": [], "Execution Time": 6227.765}, "template": "scale", "query": "EXPLAIN (ANALYZE, COSTS, BUFFERS, VERBOSE, FORMAT JSON) SELECT COUNT(*) FROM title t,movie_companies mc,movie_info_idx mi_idx,movie_keyword mk WHERE t.id=mc.movie_id AND t.id=mi_idx.movie_id AND t.id=mk.movie_id AND t.kind_id=7 AND t.production_year<2012 AND mi_idx.info_type_id=99 AND mk.keyword_id>1515;"}
{"planinfo": {"Plan": {"Node Type": "Aggregate", "Strategy": "Plain", "Partial Mode": "Simple", "Parallel Aware": false, "Startup Cost": 215922.45, "Total Cost": 215922.46, "Plan Rows": 1, "Plan Width": 8, "Actual Startup Time": 7359.958, "Actual Total Time": 7359.961, "Actual Rows": 1, "Actual Loops": 1, "Output": ["count(*)"], "Shared Hit Blocks": 1472571, "Shared Read Blocks": 103891, "Shared Dirtied Blocks": 0, "Shared Written Blocks": 0, "Local Hit Blocks": 0, "Local Read Blocks": 0, "Local Dirtied Blocks": 0, "Local Written Blocks": 0, "Temp Read Blocks": 2493, "Temp Written Blocks": 2493, "I/O Read Time": 3838.234, "I/O Write Time": 0.0, "Plans": [{"Node Type": "Nested Loop", "Parent Relationship": "Outer", "Parallel Aware": false, "Join Type": "Inner", "Startup Cost": 89035.85, "Total Cost": 215721.12, "Plan Rows": 80531, "Plan Width": 0, "Actual Startup Time": 977.887, "Actual Total Time": 7282.469, "Actual Rows": 539979, "Actual Loops": 1, "Inner Unique": false, "Join Filter": "(t.id = ci.movie_id)", "Rows Removed by Join Filter": 0, "Shared Hit Blocks": 1472571, "Shared Read Blocks": 103891, "Shared Dirtied Blocks": 0, "Shared Written Blocks": 0, "Local Hit Blocks": 0, "Local Read Blocks": 0, "Local Dirtied Blocks": 0, "Local Written Blocks": 0, "Temp Read Blocks": 2493, "Temp Written Blocks": 2493, "I/O Read Time": 3838.234, "I/O Write Time": 0.0, "Plans": [{"Node Type": "Nested Loop", "Parent Relationship": "Outer", "Parallel Aware": false, "Join Type": "Inner", "Startup Cost": 89035.41, "Total Cost": 192419.35, "Plan Rows": 11970, "Plan Width": 16, "Actual Startup Time": 977.191, "Actual Total Time": 2424.473, "Actual Rows": 59691, "Actual Loops": 1, "Output": ["t.id", "mc.movie_id", "mi_idx.movie_id", "mk.movie_id"], "Inner Unique": false, "Shared Hit Blocks": 271786, "Shared Read Blocks": 66135, "Shared Dirtied Blocks": 0, "Shared Written Blocks": 0, "Local Hit Blocks": 0, "Local Read Blocks": 0, "Local Dirtied Blocks": 0, "Local Written Blocks": 0, "Temp Read Blocks": 2493, "Temp Written Blocks": 2493, "I/O Read Time": 326.528, "I/O Write Time": 0.0, "Plans": [{"Node Type": "Nested Loop", "Parent Relationship": "Outer", "Parallel Aware": false, "Join Type": "Inner", "Startup Cost": 89034.98, "Total Cost": 185502.54, "Plan Rows": 11600, "Plan Width": 12, "Actual Startup Time": 976.972, "Actual Total Time": 2136.149, "Actual Rows": 34416, "Actual Loops": 1, "Output": ["t.id", "mi_idx.movie_id", "mk.movie_id"], "Inner Unique": false, "Shared Hit Blocks": 171382, "Shared Read Blocks": 63290, "Shared Dirtied Blocks": 0, "Shared Written Blocks": 0, "Local Hit Blocks": 0, "Local Read Blocks": 0, "Local Dirtied Blocks": 0, "Local Written Blocks": 0, "Temp Read Blocks": 2493, "Temp Written Blocks": 2493, "I/O Read Time": 213.807, "I/O Write Time": 0.0, "Plans": [{"Node Type": "Hash Join", "Parent Relationship": "Outer", "Parallel Aware": false, "Join Type": "Inner", "Startup Cost": 89034.55, "Total Cost": 174244.87, "Plan Rows": 21254, "Plan Width": 8, "Actual Startup Time": 894.661, "Actual Total Time": 1856.109, "Actual Rows": 58072, "Actual Loops": 1, "Output": ["t.id", "mk.movie_id"], "Inner Unique": true, "Hash Cond": "(mk.movie_id = t.id)", "Shared Hit Blocks": 3, "Shared Read Blocks": 60452, "Shared Dirtied Blocks": 0, "Shared Written Blocks": 0, "Local Hit Blocks": 0, "Local Read Blocks": 0, "Local Dirtied Blocks": 0, "Local Written Blocks": 0, "Temp Read Blocks": 2493, "Temp Written Blocks": 2493, "I/O Read Time": 186.087, "I/O Write Time": 0.0, "Plans": [{"Node Type": "Seq Scan", "Parent Relationship": "Outer", "Parallel Aware": false, "Relation Name": "movie_keyword", "Schema": "public", "Alias": "mk", "Startup Cost": 0.0, "Total Cost": 81003.12, "Plan Rows": 58359, "Plan Width": 4, "Actual Startup Time": 10.324, "Actual Total Time": 800.699, "Actual Rows": 58448, "Actual Loops": 1, "Output": ["mk.movie_id"], "Filter": "(mk.keyword_id = 16264)", "Rows Removed by Filter": 4465482, "Shared Hit Blocks": 0, "Shared Read Blocks": 24454, "Shared Dirtied Blocks": 0, "Shared Written Blocks": 0, "Local Hit Blocks": 0, "Local Read Blocks": 0, "Local Dirtied Blocks": 0, "Local Written Blocks": 0, "Temp Read Blocks": 0, "Temp Written Blocks": 0, "I/O Read Time": 120.402, "I/O Write Time": 0.0}, {"Node Type": "Hash", "Parent Relationship": "Inner", "Parallel Aware": false, "Startup Cost": 73925.8, "Total Cost": 73925.8, "Plan Rows": 920860, "Plan Width": 4, "Actual Startup Time": 883.906, "Actual Total Time": 883.907, "Actual Rows": 844670, "Actual Loops": 1, "Output": ["t.id"], "Hash Buckets": 131072, "Original Hash Buckets": 131072, "Hash Batches": 16, "Original Hash Batches": 16, "Peak Memory Usage": 2881, "Shared Hit Blocks": 0, "Shared Read Blocks": 35998, "Shared Dirtied Blocks": 0, "Shared Written Blocks": 0, "Local Hit Blocks": 0, "Local Read Blocks": 0, "Local Dirtied Blocks": 0, "Local Written Blocks": 0, "Temp Read Blocks": 0, "Temp Written Blocks": 2313, "I/O Read Time": 65.685, "I/O Write Time": 0.0, "Plans": [{"Node Type": "Seq Scan", "Parent Relationship": "Outer", "Parallel Aware": false, "Relation Name": "title", "Schema": "public", "Alias": "t", "Startup Cost": 0.0, "Total Cost": 73925.8, "Plan Rows": 920860, "Plan Width": 4, "Actual Startup Time": 0.153, "Actual Total Time": 620.17, "Actual Rows": 844670, "Actual Loops": 1, "Output": ["t.id"], "Filter": "((t.kind_id < 7) AND (t.production_year > 1936))", "Rows Removed by Filter": 1683642, "Shared Hit Blocks": 0, "Shared Read Blocks": 35998, "Shared Dirtied Blocks": 0, "Shared Written Blocks": 0, "Local Hit Blocks": 0, "Local Read Blocks": 0, "Local Dirtied Blocks": 0, "Local Written Blocks": 0, "Temp Read Blocks": 0, "Temp Written Blocks": 0, "I/O Read Time": 65.685, "I/O Write Time": 0.0}]}]}, {"Node Type": "Index Only Scan", "Parent Relationship": "Inner", "Parallel Aware": false, "Scan Direction": "Forward", "Index Name": "movie_id_movie_info_idx", "Relation Name": "movie_info_idx", "Schema": "public", "Alias": "mi_idx", "Startup Cost": 0.43, "Total Cost": 0.5, "Plan Rows": 3, "Plan Width": 4, "Actual Startup Time": 0.004, "Actual Total Time": 0.004, "Actual Rows": 1, "Actual Loops": 58072, "Output": ["mi_idx.movie_id"], "Index Cond": "(mi_idx.movie_id = t.id)", "Rows Removed by Index Recheck": 0, "Heap Fetches": 0, "Shared Hit Blocks": 171379, "Shared Read Blocks": 2838, "Shared Dirtied Blocks": 0, "Shared Written Blocks": 0, "Local Hit Blocks": 0, "Local Read Blocks": 0, "Local Dirtied Blocks": 0, "Local Written Blocks": 0, "Temp Read Blocks": 0, "Temp Written Blocks": 0, "I/O Read Time": 27.721, "I/O Write Time": 0.0}]}, {"Node Type": "Index Only Scan", "Parent Relationship": "Inner", "Parallel Aware": false, "Scan Direction": "Forward", "Index Name": "movie_id_movie_companies", "Relation Name": "movie_companies", "Schema": "public", "Alias": "mc", "Startup Cost": 0.43, "Total Cost": 0.55, "Plan Rows": 5, "Plan Width": 4, "Actual Startup Time": 0.007, "Actual Total Time": 0.008, "Actual Rows": 2, "Actual Loops": 34416, "Output": ["mc.movie_id"], "Index Cond": "(mc.movie_id = t.id)", "Rows Removed by Index Recheck": 0, "Heap Fetches": 0, "Shared Hit Blocks": 100404, "Shared Read Blocks": 2845, "Shared Dirtied Blocks": 0, "Shared Written Blocks": 0, "Local Hit Blocks": 0, "Local Read Blocks": 0, "Local Dirtied Blocks": 0, "Local Written Blocks": 0, "Temp Read Blocks": 0, "Temp Written Blocks": 0, "I/O Read Time": 112.72, "I/O Write Time": 0.0}]}, {"Node Type": "Index Scan", "Parent Relationship": "Inner", "Parallel Aware": false, "Scan Direction": "Forward", "Index Name": "movie_id_cast_info", "Relation Name": "cast_info", "Schema": "public", "Alias": "ci", "Startup Cost": 0.44, "Total Cost": 1.73, "Plan Rows": 17, "Plan Width": 4, "Actual Startup Time": 0.036, "Actual Total Time": 0.079, "Actual Rows": 9, "Actual Loops": 59691, "Output": ["ci.id", "ci.person_id", "ci.movie_id", "ci.person_role_id", "ci.note", "ci.nr_order", "ci.role_id"], "Index Cond": "(ci.movie_id = mc.movie_id)", "Rows Removed by Index Recheck": 0, "Filter": "((ci.person_id > 1487650) AND (ci.role_id < 8))", "Rows Removed by Filter": 9, "Shared Hit Blocks": 1200785, "Shared Read Blocks": 37756, "Shared Dirtied Blocks": 0, "Shared Written Blocks": 0, "Local Hit Blocks": 0, "Local Read Blocks": 0, "Local Dirtied Blocks": 0, "Local Written Blocks": 0, "Temp Read Blocks": 0, "Temp Written Blocks": 0, "I/O Read Time": 3511.706, "I/O Write Time": 0.0}]}]}, "Planning": {"Shared Hit Blocks": 484, "Shared Read Blocks": 63, "Shared Dirtied Blocks": 0, "Shared Written Blocks": 0, "Local Hit Blocks": 0, "Local Read Blocks": 0, "Local Dirtied Blocks": 0, "Local Written Blocks": 0, "Temp Read Blocks": 0, "Temp Written Blocks": 0, "I/O Read Time": 4.916, "I/O Write Time": 0.0}, "Planning Time": 9.373, "Triggers": [], "Execution Time": 7360.286}, "template": "scale", "query": "EXPLAIN (ANALYZE, COSTS, BUFFERS, VERBOSE, FORMAT JSON) SELECT COUNT(*) FROM title t,movie_companies mc,cast_info ci,movie_info_idx mi_idx,movie_keyword mk WHERE t.id=mc.movie_id AND t.id=ci.movie_id AND t.id=mi_idx.movie_id AND t.id=mk.movie_id AND t.kind_id<7 AND t.production_year>1936 AND ci.person_id>1487650 AND ci.role_id<8 AND mk.keyword_id=16264;"}
{"planinfo": {"Plan": {"Node Type": "Aggregate", "Strategy": "Plain", "Partial Mode": "Simple", "Parallel Aware": false, "Startup Cost": 2133477.2, "Total Cost": 2133477.21, "Plan Rows": 1, "Plan Width": 8, "Actual Startup Time": 75437.66, "Actual Total Time": 75437.664, "Actual Rows": 1, "Actual Loops": 1, "Output": ["count(*)"], "Shared Hit Blocks": 3, "Shared Read Blocks": 313139, "Shared Dirtied Blocks": 0, "Shared Written Blocks": 0, "Local Hit Blocks": 0, "Local Read Blocks": 0, "Local Dirtied Blocks": 0, "Local Written Blocks": 0, "Temp Read Blocks": 117074, "Temp Written Blocks": 117074, "I/O Read Time": 604.199, "I/O Write Time": 0.0, "Plans": [{"Node Type": "Hash Join", "Parent Relationship": "Outer", "Parallel Aware": false, "Join Type": "Inner", "Startup Cost": 303779.46, "Total Cost": 2006431.14, "Plan Rows": 50818424, "Plan Width": 0, "Actual Startup Time": 7778.386, "Actual Total Time": 58873.256, "Actual Rows": 165417463, "Actual Loops": 1, "Inner Unique": false, "Hash Cond": "(ci.movie_id = t.id)", "Shared Hit Blocks": 3, "Shared Read Blocks": 313139, "Shared Dirtied Blocks": 0, "Shared Written Blocks": 0, "Local Hit Blocks": 0, "Local Read Blocks": 0, "Local Dirtied Blocks": 0, "Local Written Blocks": 0, "Temp Read Blocks": 117074, "Temp Written Blocks": 117074, "I/O Read Time": 604.199, "I/O Write Time": 0.0, "Plans": [{"Node Type": "Seq Scan", "Parent Relationship": "Outer", "Parallel Aware": false, "Relation Name": "cast_info", "Schema": "public", "Alias": "ci", "Startup Cost": 0.0, "Total Cost": 706360.9, "Plan Rows": 28403490, "Plan Width": 4, "Actual Startup Time": 922.126, "Actual Total Time": 8992.837, "Actual Rows": 28219278, "Actual Loops": 1, "Output": ["ci.movie_id"], "Filter": "(ci.person_id > 784764)", "Rows Removed by Filter": 8025066, "Shared Hit Blocks": 0, "Shared Read Blocks": 252687, "Shared Dirtied Blocks": 0, "Shared Written Blocks": 0, "Local Hit Blocks": 0, "Local Read Blocks": 0, "Local Dirtied Blocks": 0, "Local Written Blocks": 0, "Temp Read Blocks": 0, "Temp Written Blocks": 0, "I/O Read Time": 420.535, "I/O Write Time": 0.0}, {"Node Type": "Hash", "Parent Relationship": "Inner", "Parallel Aware": false, "Startup Cost": 229558.34, "Total Cost": 229558.34, "Plan Rows": 4523930, "Plan Width": 8, "Actual Startup Time": 6852.577, "Actual Total Time": 6852.579, "Actual Rows": 4523930, "Actual Loops": 1, "Output": ["t.id", "mk.movie_id"], "Hash Buckets": 131072, "Original Hash Buckets": 131072, "Hash Batches": 64, "Original Hash Batches": 64, "Peak Memory Usage": 3816, "Shared Hit Blocks": 0, "Shared Read Blocks": 60452, "Shared Dirtied Blocks": 0, "Shared Written Blocks": 0, "Local Hit Blocks": 0, "Local Read Blocks": 0, "Local Dirtied Blocks": 0, "Local Written Blocks": 0, "Temp Read Blocks": 20403, "Temp Written Blocks": 35593, "I/O Read Time": 183.664, "I/O Write Time": 0.0, "Plans": [{"Node Type": "Hash Join", "Parent Relationship": "Outer", "Parallel Aware": false, "Join Type": "Inner", "Startup Cost": 102767.7, "Total Cost": 229558.34, "Plan Rows": 4523930, "Plan Width": 8, "Actual Startup Time": 1298.629, "Actual Total Time": 5458.826, "Actual Rows": 4523930, "Actual Loops": 1, "Output": ["t.id", "mk.movie_id"], "Inner Unique": true, "Hash Cond": "(mk.movie_id = t.id)", "Shared Hit Blocks": 0, "Shared Read Blocks": 60452, "Shared Dirtied Blocks": 0, "Shared Written Blocks": 0, "Local Hit Blocks": 0, "Local Read Blocks": 0, "Local Dirtied Blocks": 0, "Local Written Blocks": 0, "Temp Read Blocks": 20403, "Temp Written Blocks": 20403, "I/O Read Time": 183.664, "I/O Write Time": 0.0, "Plans": [{"Node Type": "Seq Scan", "Parent Relationship": "Outer", "Parallel Aware": false, "Relation Name": "movie_keyword", "Schema": "public", "Alias": "mk", "Startup Cost": 0.0, "Total Cost": 69693.3, "Plan Rows": 4523930, "Plan Width": 4, "Actual Startup Time": 0.224, "Actual Total Time": 966.998, "Actual Rows": 4523930, "Actual Loops": 1, "Output": ["mk.movie_id"], "Shared Hit Blocks": 0, "Shared Read Blocks": 24454, "Shared Dirtied Blocks": 0, "Shared Written Blocks": 0, "Local Hit Blocks": 0, "Local Read Blocks": 0, "Local Dirtied Blocks": 0, "Local Written Blocks": 0, "Temp Read Blocks": 0, "Temp Written Blocks": 0, "I/O Read Time": 125.721, "I/O Write Time": 0.0}, {"Node Type": "Hash", "Parent Relationship": "Inner", "Parallel Aware": false, "Startup Cost": 61283.2, "Total Cost": 61283.2, "Plan Rows": 2528520, "Plan Width": 4, "Actual Startup Time": 1297.371, "Actual Total Time": 1297.372, "Actual Rows": 2528312, "Actual Loops": 1, "Output": ["t.id"], "Hash Buckets": 131072, "Original Hash Buckets": 131072, "Hash Batches": 64, "Original Hash Batches": 64, "Peak Memory Usage": 2415, "Shared Hit Blocks": 0, "Shared Read Blocks": 35998, "Shared Dirtied Blocks": 0, "Shared Written Blocks": 0, "Local Hit Blocks": 0, "Local Read Blocks": 0, "Local Dirtied Blocks": 0, "Local Written Blocks": 0, "Temp Read Blocks": 0, "Temp Written Blocks": 7262, "I/O Read Time": 57.943, "I/O Write Time": 0.0, "Plans": [{"Node Type": "Seq Scan", "Parent Relationship": "Outer", "Parallel Aware": false, "Relation Name": "title", "Schema": "public", "Alias": "t", "Startup Cost": 0.0, "Total Cost": 61283.2, "Plan Rows": 2528520, "Plan Width": 4, "Actual Startup Time": 0.148, "Actual Total Time": 545.446, "Actual Rows": 2528312, "Actual Loops": 1, "Output": ["t.id"], "Shared Hit Blocks": 0, "Shared Read Blocks": 35998, "Shared Dirtied Blocks": 0, "Shared Written Blocks": 0, "Local Hit Blocks": 0, "Local Read Blocks": 0, "Local Dirtied Blocks": 0, "Local Written Blocks": 0, "Temp Read Blocks": 0, "Temp Written Blocks": 0, "I/O Read Time": 57.943, "I/O Write Time": 0.0}]}]}]}]}]}, "Planning": {"Shared Hit Blocks": 206, "Shared Read Blocks": 40, "Shared Dirtied Blocks": 0, "Shared Written Blocks": 0, "Local Hit Blocks": 0, "Local Read Blocks": 0, "Local Dirtied Blocks": 0, "Local Written Blocks": 0, "Temp Read Blocks": 0, "Temp Written Blocks": 0, "I/O Read Time": 3.171, "I/O Write Time": 0.0}, "Planning Time": 5.031, "Triggers": [], "Execution Time": 75438.415}, "template": "scale", "query": "EXPLAIN (ANALYZE, COSTS, BUFFERS, VERBOSE, FORMAT JSON) SELECT COUNT(*) FROM title t,cast_info ci,movie_keyword mk WHERE t.id=ci.movie_id AND t.id=mk.movie_id AND ci.person_id>784764;"}
{"planinfo": {"Plan": {"Node Type": "Aggregate", "Strategy": "Plain", "Partial Mode": "Simple", "Parallel Aware": false, "Startup Cost": 10571.99, "Total Cost": 10572.0, "Plan Rows": 1, "Plan Width": 8, "Actual Startup Time": 138.558, "Actual Total Time": 138.559, "Actual Rows": 1, "Actual Loops": 1, "Output": ["count(*)"], "Shared Hit Blocks": 0, "Shared Read Blocks": 363, "Shared Dirtied Blocks": 0, "Shared Written Blocks": 0, "Local Hit Blocks": 0, "Local Read Blocks": 0, "Local Dirtied Blocks": 0, "Local Written Blocks": 0, "Temp Read Blocks": 0, "Temp Written Blocks": 0, "I/O Read Time": 30.015, "I/O Write Time": 0.0, "Plans": [{"Node Type": "Index Only Scan", "Parent Relationship": "Outer", "Parallel Aware": false, "Scan Direction": "Forward", "Index Name": "info_type_id_movie_info_idx", "Relation Name": "movie_info_idx", "Schema": "public", "Alias": "mi_idx", "Startup Cost": 0.43, "Total Cost": 9431.04, "Plan Rows": 456378, "Plan Width": 0, "Actual Startup Time": 0.312, "Actual Total Time": 94.206, "Actual Rows": 459925, "Actual Loops": 1, "Output": ["info_type_id"], "Index Cond": "(mi_idx.info_type_id = 99)", "Rows Removed by Index Recheck": 0, "Heap Fetches": 0, "Shared Hit Blocks": 0, "Shared Read Blocks": 363, "Shared Dirtied Blocks": 0, "Shared Written Blocks": 0, "Local Hit Blocks": 0, "Local Read Blocks": 0, "Local Dirtied Blocks": 0, "Local Written Blocks": 0, "Temp Read Blocks": 0, "Temp Written Blocks": 0, "I/O Read Time": 30.015, "I/O Write Time": 0.0}]}, "Planning": {"Shared Hit Blocks": 50, "Shared Read Blocks": 9, "Shared Dirtied Blocks": 0, "Shared Written Blocks": 0, "Local Hit Blocks": 0, "Local Read Blocks": 0, "Local Dirtied Blocks": 0, "Local Written Blocks": 0, "Temp Read Blocks": 0, "Temp Written Blocks": 0, "I/O Read Time": 0.619, "I/O Write Time": 0.0}, "Planning Time": 1.061, "Triggers": [], "Execution Time": 138.597}, "template": "scale", "query": "EXPLAIN (ANALYZE, COSTS, BUFFERS, VERBOSE, FORMAT JSON) SELECT COUNT(*) FROM movie_info_idx mi_idx WHERE mi_idx.info_type_id=99;"}
{"planinfo": {"Plan": {"Node Type": "Aggregate", "Strategy": "Plain", "Partial Mode": "Simple", "Parallel Aware": false, "Startup Cost": 596787.77, "Total Cost": 596787.78, "Plan Rows": 1, "Plan Width": 8, "Actual Startup Time": 10819.427, "Actual Total Time": 10819.429, "Actual Rows": 1, "Actual Loops": 1, "Output": ["count(*)"], "Shared Hit Blocks": 7734851, "Shared Read Blocks": 75265, "Shared Dirtied Blocks": 0, "Shared Written Blocks": 0, "Local Hit Blocks": 0, "Local Read Blocks": 0, "Local Dirtied Blocks": 0, "Local Written Blocks": 0, "Temp Read Blocks": 0, "Temp Written Blocks": 0, "I/O Read Time": 1328.412, "I/O Write Time": 0.0, "Plans": [{"Node Type": "Merge Join", "Parent Relationship": "Outer", "Parallel Aware": false, "Join Type": "Inner", "Startup Cost": 37.19, "Total Cost": 584606.31, "Plan Rows": 4872586, "Plan Width": 0, "Actual Startup Time": 4.836, "Actual Total Time": 10403.437, "Actual Rows": 3633744, "Actual Loops": 1, "Inner Unique": false, "Merge Cond": "(t.id = mi.movie_id)", "Shared Hit Blocks": 7734851, "Shared Read Blocks": 75265, "Shared Dirtied Blocks": 0, "Shared Written Blocks": 0, "Local Hit Blocks": 0, "Local Read Blocks": 0, "Local Dirtied Blocks": 0, "Local Written Blocks": 0, "Temp Read Blocks": 0, "Temp Written Blocks": 0, "I/O Read Time": 1328.412, "I/O Write Time": 0.0, "Plans": [{"Node Type": "Merge Join", "Parent Relationship": "Outer", "Parallel Aware": false, "Join Type": "Inner", "Startup Cost": 14.46, "Total Cost": 170936.12, "Plan Rows": 831425, "Plan Width": 8, "Actual Startup Time": 4.672, "Actual Total Time": 3965.493, "Actual Rows": 425718, "Actual Loops": 1, "Output": ["t.id", "mi_idx.movie_id"], "Inner Unique": false, "Merge Cond": "(t.id = mi_idx.movie_id)", "Shared Hit Blocks": 2488153, "Shared Read Blocks": 49434, "Shared Dirtied Blocks": 0, "Shared Written Blocks": 0, "Local Hit Blocks": 0, "Local Read Blocks": 0, "Local Dirtied Blocks": 0, "Local Written Blocks": 0, "Temp Read Blocks": 0, "Temp Written Blocks": 0, "I/O Read Time": 1156.986, "I/O Write Time": 0.0, "Plans": [{"Node Type": "Index Scan", "Parent Relationship": "Outer", "Parallel Aware": false, "Scan Direction": "Forward", "Index Name": "title_pkey", "Relation Name": "title", "Schema": "public", "Alias": "t", "Startup Cost": 0.43, "Total Cost": 116669.84, "Plan Rows": 1523349, "Plan Width": 4, "Actual Startup Time": 0.281, "Actual Total Time": 3299.007, "Actual Rows": 1542133, "Actual Loops": 1, "Output": ["t.id", "t.title", "t.imdb_index", "t.kind_id", "t.production_year", "t.imdb_id", "t.phonetic_code", "t.episode_of_id", "t.season_nr", "t.episode_nr", "t.series_years", "t.md5sum"], "Filter": "(t.kind_id = 7)", "Rows Removed by Filter": 983663, "Shared Hit Blocks": 2488148, "Shared Read Blocks": 44925, "Shared Dirtied Blocks": 0, "Shared Written Blocks": 0, "Local Hit Blocks": 0, "Local Read Blocks": 0, "Local Dirtied Blocks": 0, "Local Written Blocks": 0, "Temp Read Blocks": 0, "Temp Written Blocks": 0, "I/O Read Time": 1133.118, "I/O Write Time": 0.0}, {"Node Type": "Index Only Scan", "Parent Relationship": "Inner", "Parallel Aware": false, "Scan Direction": "Forward", "Index Name": "movie_id_movie_info_idx", "Relation Name": "movie_info_idx", "Schema": "public", "Alias": "mi_idx", "Startup Cost": 0.43, "Total Cost": 38816.95, "Plan Rows": 1380035, "Plan Width": 4, "Actual Startup Time": 0.023, "Actual Total Time": 246.0, "Actual Rows": 1380035, "Actual Loops": 1, "Output": ["mi_idx.movie_id"], "Heap Fetches": 0, "Shared Hit Blocks": 5, "Shared Read Blocks": 4509, "Shared Dirtied Blocks": 0, "Shared Written Blocks": 0, "Local Hit Blocks": 0, "Local Read Blocks": 0, "Local Dirtied Blocks": 0, "Local Written Blocks": 0, "Temp Read Blocks": 0, "Temp Written Blocks": 0, "I/O Read Time": 23.868, "I/O Write Time": 0.0}]}, {"Node Type": "Index Only Scan", "Parent Relationship": "Inner", "Parallel Aware": false, "Scan Direction": "Forward", "Index Name": "movie_id_movie_info", "Relation Name": "movie_info", "Schema": "public", "Alias": "mi", "Startup Cost": 0.43, "Total Cost": 325993.18, "Plan Rows": 14818450, "Plan Width": 4, "Actual Startup Time": 0.028, "Actual Total Time": 4348.779, "Actual Rows": 17257147, "Actual Loops": 1, "Output": ["mi.movie_id"], "Heap Fetches": 0, "Shared Hit Blocks": 5246698, "Shared Read Blocks": 25831, "Shared Dirtied Blocks": 0, "Shared Written Blocks": 0, "Local Hit Blocks": 0, "Local Read Blocks": 0, "Local Dirtied Blocks": 0, "Local Written Blocks": 0, "Temp Read Blocks": 0, "Temp Written Blocks": 0, "I/O Read Time": 171.426, "I/O Write Time": 0.0}]}]}, "Planning": {"Shared Hit Blocks": 182, "Shared Read Blocks": 38, "Shared Dirtied Blocks": 0, "Shared Written Blocks": 0, "Local Hit Blocks": 0, "Local Read Blocks": 0, "Local Dirtied Blocks": 0, "Local Written Blocks": 0, "Temp Read Blocks": 0, "Temp Written Blocks": 0, "I/O Read Time": 2.824, "I/O Write Time": 0.0}, "Planning Time": 4.315, "Triggers": [], "Execution Time": 10819.562}, "template": "scale", "query": "EXPLAIN (ANALYZE, COSTS, BUFFERS, VERBOSE, FORMAT JSON) SELECT COUNT(*) FROM title t,movie_info mi,movie_info_idx mi_idx WHERE t.id=mi.movie_id AND t.id=mi_idx.movie_id AND t.kind_id=7;"}
{"planinfo": {"Plan": {"Node Type": "Aggregate", "Strategy": "Plain", "Partial Mode": "Simple", "Parallel Aware": false, "Startup Cost": 75102.27, "Total Cost": 75102.28, "Plan Rows": 1, "Plan Width": 8, "Actual Startup Time": 625.681, "Actual Total Time": 625.682, "Actual Rows": 1, "Actual Loops": 1, "Output": ["count(*)"], "Shared Hit Blocks": 0, "Shared Read Blocks": 35998, "Shared Dirtied Blocks": 0, "Shared Written Blocks": 0, "Local Hit Blocks": 0, "Local Read Blocks": 0, "Local Dirtied Blocks": 0, "Local Written Blocks": 0, "Temp Read Blocks": 0, "Temp Written Blocks": 0, "I/O Read Time": 66.387, "I/O Write Time": 0.0, "Plans": [{"Node Type": "Seq Scan", "Parent Relationship": "Outer", "Parallel Aware": false, "Relation Name": "title", "Schema": "public", "Alias": "t", "Startup Cost": 0.0, "Total Cost": 73925.8, "Plan Rows": 470590, "Plan Width": 0, "Actual Startup Time": 0.141, "Actual Total Time": 567.047, "Actual Rows": 518327, "Actual Loops": 1, "Output": ["id", "title", "imdb_index", "kind_id", "production_year", "imdb_id", "phonetic_code", "episode_of_id", "season_nr", "episode_nr", "series_years", "md5sum"], "Filter": "((t.production_year > 2007) AND (t.kind_id = 7))", "Rows Removed by Filter": 2009985, "Shared Hit Blocks": 0, "Shared Read Blocks": 35998, "Shared Dirtied Blocks": 0, "Shared Written Blocks": 0, "Local Hit Blocks": 0, "Local Read Blocks": 0, "Local Dirtied Blocks": 0, "Local Written Blocks": 0, "Temp Read Blocks": 0, "Temp Written Blocks": 0, "I/O Read Time": 66.387, "I/O Write Time": 0.0}]}, "Planning": {"Shared Hit Blocks": 48, "Shared Read Blocks": 8, "Shared Dirtied Blocks": 0, "Shared Written Blocks": 0, "Local Hit Blocks": 0, "Local Read Blocks": 0, "Local Dirtied Blocks": 0, "Local Written Blocks": 0, "Temp Read Blocks": 0, "Temp Written Blocks": 0, "I/O Read Time": 0.483, "I/O Write Time": 0.0}, "Planning Time": 0.909, "Triggers": [], "Execution Time": 625.728}, "template": "scale", "query": "EXPLAIN (ANALYZE, COSTS, BUFFERS, VERBOSE, FORMAT JSON) SELECT COUNT(*) FROM title t WHERE t.kind_id=7 AND t.production_year>2007;"}
{"planinfo": {"Plan": {"Node Type": "Aggregate", "Strategy": "Plain", "Partial Mode": "Simple", "Parallel Aware": false, "Startup Cost": 497742.98, "Total Cost": 497742.99, "Plan Rows": 1, "Plan Width": 8, "Actual Startup Time": 5409.688, "Actual Total Time": 5409.69, "Actual Rows": 1, "Actual Loops": 1, "Output": ["count(*)"], "Shared Hit Blocks": 792853, "Shared Read Blocks": 29485, "Shared Dirtied Blocks": 0, "Shared Written Blocks": 0, "Local Hit Blocks": 0, "Local Read Blocks": 0, "Local Dirtied Blocks": 0, "Local Written Blocks": 0, "Temp Read Blocks": 0, "Temp Written Blocks": 0, "I/O Read Time": 392.72, "I/O Write Time": 0.0, "Plans": [{"Node Type": "Index Only Scan", "Parent Relationship": "Outer", "Parallel Aware": false, "Scan Direction": "Forward", "Index Name": "person_id_cast_info", "Relation Name": "cast_info", "Schema": "public", "Alias": "ci", "Startup Cost": 0.44, "Total Cost": 449526.66, "Plan Rows": 19286527, "Plan Width": 0, "Actual Startup Time": 0.301, "Actual Total Time": 3508.163, "Actual Rows": 19545869, "Actual Loops": 1, "Output": ["person_id"], "Index Cond": "(ci.person_id < 1957527)", "Rows Removed by Index Recheck": 0, "Heap Fetches": 0, "Shared Hit Blocks": 792853, "Shared Read Blocks": 29485, "Shared Dirtied Blocks": 0, "Shared Written Blocks": 0, "Local Hit Blocks": 0, "Local Read Blocks": 0, "Local Dirtied Blocks": 0, "Local Written Blocks": 0, "Temp Read Blocks": 0, "Temp Written Blocks": 0, "I/O Read Time": 392.72, "I/O Write Time": 0.0}]}, "Planning": {"Shared Hit Blocks": 68, "Shared Read Blocks": 13, "Shared Dirtied Blocks": 0, "Shared Written Blocks": 0, "Local Hit Blocks": 0, "Local Read Blocks": 0, "Local Dirtied Blocks": 0, "Local Written Blocks": 0, "Temp Read Blocks": 0, "Temp Written Blocks": 0, "I/O Read Time": 0.949, "I/O Write Time": 0.0}, "Planning Time": 1.489, "Triggers": [], "Execution Time": 5409.742}, "template": "scale", "query": "EXPLAIN (ANALYZE, COSTS, BUFFERS, VERBOSE, FORMAT JSON) SELECT COUNT(*) FROM cast_info ci WHERE ci.person_id<1957527;"}
{"planinfo": {"Plan": {"Node Type": "Aggregate", "Strategy": "Plain", "Partial Mode": "Simple", "Parallel Aware": false, "Startup Cost": 175869.29, "Total Cost": 175869.3, "Plan Rows": 1, "Plan Width": 8, "Actual Startup Time": 2536.911, "Actual Total Time": 2536.914, "Actual Rows": 1, "Actual Loops": 1, "Output": ["count(*)"], "Shared Hit Blocks": 211161, "Shared Read Blocks": 52257, "Shared Dirtied Blocks": 0, "Shared Written Blocks": 0, "Local Hit Blocks": 0, "Local Read Blocks": 0, "Local Dirtied Blocks": 0, "Local Written Blocks": 0, "Temp Read Blocks": 0, "Temp Written Blocks": 0, "I/O Read Time": 1709.337, "I/O Write Time": 0.0, "Plans": [{"Node Type": "Nested Loop", "Parent Relationship": "Outer", "Parallel Aware": false, "Join Type": "Inner", "Startup Cost": 0.87, "Total Cost": 175735.42, "Plan Rows": 53546, "Plan Width": 0, "Actual Startup Time": 2.609, "Actual Total Time": 2526.169, "Actual Rows": 69264, "Actual Loops": 1, "Inner Unique": false, "Join Filter": "(t.id = mi.movie_id)", "Rows Removed by Join Filter": 0, "Shared Hit Blocks": 211161, "Shared Read Blocks": 52257, "Shared Dirtied Blocks": 0, "Shared Written Blocks": 0, "Local Hit Blocks": 0, "Local Read Blocks": 0, "Local Dirtied Blocks": 0, "Local Written Blocks": 0, "Temp Read Blocks": 0, "Temp Written Blocks": 0, "I/O Read Time": 1709.337, "I/O Write Time": 0.0, "Plans": [{"Node Type": "Nested Loop", "Parent Relationship": "Outer", "Parallel Aware": false, "Join Type": "Inner", "Startup Cost": 0.43, "Total Cost": 132965.28, "Plan Rows": 27707, "Plan Width": 8, "Actual Startup Time": 1.801, "Actual Total Time": 832.415, "Actual Rows": 16601, "Actual Loops": 1, "Output": ["t.id", "mk.movie_id"], "Inner Unique": false, "Shared Hit Blocks": 42338, "Shared Read Blocks": 38664, "Shared Dirtied Blocks": 0, "Shared Written Blocks": 0, "Local Hit Blocks": 0, "Local Read Blocks": 0, "Local Dirtied Blocks": 0, "Local Written Blocks": 0, "Temp Read Blocks": 0, "Temp Written Blocks": 0, "I/O Read Time": 269.805, "I/O Write Time": 0.0, "Plans": [{"Node Type": "Seq Scan", "Parent Relationship": "Outer", "Parallel Aware": false, "Relation Name": "title", "Schema": "public", "Alias": "t", "Startup Cost": 0.0, "Total Cost": 73925.8, "Plan Rows": 15486, "Plan Width": 4, "Actual Startup Time": 0.232, "Actual Total Time": 550.389, "Actual Rows": 15001, "Actual Loops": 1, "Output": ["t.id", "t.title", "t.imdb_index", "t.kind_id", "t.production_year", "t.imdb_id", "t.phonetic_code", "t.episode_of_id", "t.season_nr", "t.episode_nr", "t.series_years", "t.md5sum"], "Filter": "((t.kind_id > 1) AND (t.production_year = 1988))", "Rows Removed by Filter": 2513311, "Shared Hit Blocks": 0, "Shared Read Blocks": 35998, "Shared Dirtied Blocks": 0, "Shared Written Blocks": 0, "Local Hit Blocks": 0, "Local Read Blocks": 0, "Local Dirtied Blocks": 0, "Local Written Blocks": 0, "Temp Read Blocks": 0, "Temp Written Blocks": 0, "I/O Read Time": 63.882, "I/O Write Time": 0.0}, {"Node Type": "Index Only Scan", "Parent Relationship": "Inner", "Parallel Aware": false, "Scan Direction": "Forward", "Index Name": "movie_id_movie_keyword", "Relation Name": "movie_keyword", "Schema": "public", "Alias": "mk", "Startup Cost": 0.43, "Total Cost": 3.35, "Plan Rows": 46, "Plan Width": 4, "Actual Startup Time": 0.018, "Actual Total Time": 0.018, "Actual Rows": 1, "Actual Loops": 15001, "Output": ["mk.movie_id"], "Index Cond": "(mk.movie_id = t.id)", "Rows Removed by Index Recheck": 0, "Heap Fetches": 0, "Shared Hit Blocks": 42338, "Shared Read Blocks": 2666, "Shared Dirtied Blocks": 0, "Shared Written Blocks": 0, "Local Hit Blocks": 0, "Local Read Blocks": 0, "Local Dirtied Blocks": 0, "Local Written Blocks": 0, "Temp Read Blocks": 0, "Temp Written Blocks": 0, "I/O Read Time": 205.923, "I/O Write Time": 0.0}]}, {"Node Type": "Index Scan", "Parent Relationship": "Inner", "Parallel Aware": false, "Scan Direction": "Forward", "Index Name": "movie_id_movie_info", "Relation Name": "movie_info", "Schema": "public", "Alias": "mi", "Startup Cost": 0.43, "Total Cost": 1.38, "Plan Rows": 13, "Plan Width": 4, "Actual Startup Time": 0.035, "Actual Total Time": 0.101, "Actual Rows": 4, "Actual Loops": 16601, "Output": ["mi.id", "mi.movie_id", "mi.info_type_id", "mi.info", "mi.note"], "Index Cond": "(mi.movie_id = mk.movie_id)", "Rows Removed by Index Recheck": 0, "Filter": "(mi.info_type_id < 5)", "Rows Removed by Filter": 13, "Shared Hit Blocks": 168823, "Shared Read Blocks": 13593, "Shared Dirtied Blocks": 0, "Shared Written Blocks": 0, "Local Hit Blocks": 0, "Local Read Blocks": 0, "Local Dirtied Blocks": 0, "Local Written Blocks": 0, "Temp Read Blocks": 0, "Temp Written Blocks": 0, "I/O Read Time": 1439.532, "I/O Write Time": 0.0}]}]}, "Planning": {"Shared Hit Blocks": 191, "Shared Read Blocks": 41, "Shared Dirtied Blocks": 0, "Shared Written Blocks": 0, "Local Hit Blocks": 0, "Local Read Blocks": 0, "Local Dirtied Blocks": 0, "Local Written Blocks": 0, "Temp Read Blocks": 0, "Temp Written Blocks": 0, "I/O Read Time": 3.007, "I/O Write Time": 0.0}, "Planning Time": 4.816, "Triggers": [], "Execution Time": 2537.036}, "template": "scale", "query": "EXPLAIN (ANALYZE, COSTS, BUFFERS, VERBOSE, FORMAT JSON) SELECT COUNT(*) FROM title t,movie_info mi,movie_keyword mk WHERE t.id=mi.movie_id AND t.id=mk.movie_id AND t.kind_id>1 AND t.production_year=1988 AND mi.info_type_id<5;"}
{"planinfo": {"Plan": {"Node Type": "Aggregate", "Strategy": "Plain", "Partial Mode": "Simple", "Parallel Aware": false, "Startup Cost": 51579.51, "Total Cost": 51579.53, "Plan Rows": 1, "Plan Width": 8, "Actual Startup Time": 549.426, "Actual Total Time": 549.427, "Actual Rows": 1, "Actual Loops": 1, "Output": ["count(*)"], "Shared Hit Blocks": 20, "Shared Read Blocks": 1790, "Shared Dirtied Blocks": 0, "Shared Written Blocks": 0, "Local Hit Blocks": 0, "Local Read Blocks": 0, "Local Dirtied Blocks": 0, "Local Written Blocks": 0, "Temp Read Blocks": 0, "Temp Written Blocks": 0, "I/O Read Time": 15.834, "I/O Write Time": 0.0, "Plans": [{"Node Type": "Index Only Scan", "Parent Relationship": "Outer", "Parallel Aware": false, "Scan Direction": "Forward", "Index Name": "info_type_id_movie_info", "Relation Name": "movie_info", "Schema": "public", "Alias": "mi", "Startup Cost": 0.43, "Total Cost": 46013.63, "Plan Rows": 2226354, "Plan Width": 0, "Actual Startup Time": 0.344, "Actual Total Time": 332.851, "Actual Rows": 2233850, "Actual Loops": 1, "Output": ["info_type_id"], "Index Cond": "(mi.info_type_id > 16)", "Rows Removed by Index Recheck": 0, "Heap Fetches": 0, "Shared Hit Blocks": 20, "Shared Read Blocks": 1790, "Shared Dirtied Blocks": 0, "Shared Written Blocks": 0, "Local Hit Blocks": 0, "Local Read Blocks": 0, "Local Dirtied Blocks": 0, "Local Written Blocks": 0, "Temp Read Blocks": 0, "Temp Written Blocks": 0, "I/O Read Time": 15.834, "I/O Write Time": 0.0}]}, "Planning": {"Shared Hit Blocks": 50, "Shared Read Blocks": 15, "Shared Dirtied Blocks": 0, "Shared Written Blocks": 0, "Local Hit Blocks": 0, "Local Read Blocks": 0, "Local Dirtied Blocks": 0, "Local Written Blocks": 0, "Temp Read Blocks": 0, "Temp Written Blocks": 0, "I/O Read Time": 0.967, "I/O Write Time": 0.0}, "Planning Time": 1.574, "Triggers": [], "Execution Time": 549.461}, "template": "scale", "query": "EXPLAIN (ANALYZE, COSTS, BUFFERS, VERBOSE, FORMAT JSON) SELECT COUNT(*) FROM movie_info mi WHERE mi.info_type_id>16;"}
{"planinfo": {"Plan": {"Node Type": "Aggregate", "Strategy": "Plain", "Partial Mode": "Simple", "Parallel Aware": false, "Startup Cost": 74520.52, "Total Cost": 74520.53, "Plan Rows": 1, "Plan Width": 8, "Actual Startup Time": 604.921, "Actual Total Time": 604.923, "Actual Rows": 1, "Actual Loops": 1, "Output": ["count(*)"], "Shared Hit Blocks": 0, "Shared Read Blocks": 35998, "Shared Dirtied Blocks": 0, "Shared Written Blocks": 0, "Local Hit Blocks": 0, "Local Read Blocks": 0, "Local Dirtied Blocks": 0, "Local Written Blocks": 0, "Temp Read Blocks": 0, "Temp Written Blocks": 0, "I/O Read Time": 66.21, "I/O Write Time": 0.0, "Plans": [{"Node Type": "Seq Scan", "Parent Relationship": "Outer", "Parallel Aware": false, "Relation Name": "title", "Schema": "public", "Alias": "t", "Startup Cost": 0.0, "Total Cost": 73925.8, "Plan Rows": 237887, "Plan Width": 0, "Actual Startup Time": 298.973, "Actual Total Time": 564.327, "Actual Rows": 353075, "Actual Loops": 1, "Output": ["id", "title", "imdb_index", "kind_id", "production_year", "imdb_id", "phonetic_code", "episode_of_id", "season_nr", "episode_nr", "series_years", "md5sum"], "Filter": "((t.production_year < 1997) AND (t.kind_id = 1))", "Rows Removed by Filter": 2175237, "Shared Hit Blocks": 0, "Shared Read Blocks": 35998, "Shared Dirtied Blocks": 0, "Shared Written Blocks": 0, "Local Hit Blocks": 0, "Local Read Blocks": 0, "Local Dirtied Blocks": 0, "Local Written Blocks": 0, "Temp Read Blocks": 0, "Temp Written Blocks": 0, "I/O Read Time": 66.21, "I/O Write Time": 0.0}]}, "Planning": {"Shared Hit Blocks": 41, "Shared Read Blocks": 8, "Shared Dirtied Blocks": 0, "Shared Written Blocks": 0, "Local Hit Blocks": 0, "Local Read Blocks": 0, "Local Dirtied Blocks": 0, "Local Written Blocks": 0, "Temp Read Blocks": 0, "Temp Written Blocks": 0, "I/O Read Time": 0.542, "I/O Write Time": 0.0}, "Planning Time": 0.911, "Triggers": [], "Execution Time": 604.963}, "template": "scale", "query": "EXPLAIN (ANALYZE, COSTS, BUFFERS, VERBOSE, FORMAT JSON) SELECT COUNT(*) FROM title t WHERE t.kind_id=1 AND t.production_year<1997;"}
{"planinfo": {"Plan": {"Node Type": "Aggregate", "Strategy": "Plain", "Partial Mode": "Simple", "Parallel Aware": false, "Startup Cost": 228193.02, "Total Cost": 228193.03, "Plan Rows": 1, "Plan Width": 8, "Actual Startup Time": 3617.493, "Actual Total Time": 3617.495, "Actual Rows": 1, "Actual Loops": 1, "Output": ["count(*)"], "Shared Hit Blocks": 38947, "Shared Read Blocks": 28004, "Shared Dirtied Blocks": 0, "Shared Written Blocks": 0, "Local Hit Blocks": 0, "Local Read Blocks": 0, "Local Dirtied Blocks": 0, "Local Written Blocks": 0, "Temp Read Blocks": 0, "Temp Written Blocks": 0, "I/O Read Time": 258.841, "I/O Write Time": 0.0, "Plans": [{"Node Type": "Merge Join", "Parent Relationship": "Outer", "Parallel Aware": false, "Join Type": "Inner", "Startup Cost": 15.01, "Total Cost": 225810.26, "Plan Rows": 953103, "Plan Width": 0, "Actual Startup Time": 0.181, "Actual Total Time": 3298.926, "Actual Rows": 2718195, "Actual Loops": 1, "Inner Unique": false, "Merge Cond": "(t.id = mc.movie_id)", "Shared Hit Blocks": 38947, "Shared Read Blocks": 28004, "Shared Dirtied Blocks": 0, "Shared Written Blocks": 0, "Local Hit Blocks": 0, "Local Read Blocks": 0, "Local Dirtied Blocks": 0, "Local Written Blocks": 0, "Temp Read Blocks": 0, "Temp Written Blocks": 0, "I/O Read Time": 258.841, "I/O Write Time": 0.0, "Plans": [{"Node Type": "Merge Join", "Parent Relationship": "Outer", "Parallel Aware": false, "Join Type": "Inner", "Startup Cost": 9.94, "Total Cost": 141960.31, "Plan Rows": 923657, "Plan Width": 8, "Actual Startup Time": 0.156, "Actual Total Time": 1774.859, "Actual Rows": 920095, "Actual Loops": 1, "Output": ["t.id", "mi_idx.movie_id"], "Inner Unique": false, "Merge Cond": "(t.id = mi_idx.movie_id)", "Shared Hit Blocks": 36369, "Shared Read Blocks": 21407, "Shared Dirtied Blocks": 0, "Shared Written Blocks": 0, "Local Hit Blocks": 0, "Local Read Blocks": 0, "Local Dirtied Blocks": 0, "Local Written Blocks": 0, "Temp Read Blocks": 0, "Temp Written Blocks": 0, "I/O Read Time": 222.256, "I/O Write Time": 0.0, "Plans": [{"Node Type": "Index Only Scan", "Parent Relationship": "Outer", "Parallel Aware": false, "Scan Direction": "Forward", "Index Name": "title_pkey", "Relation Name": "title", "Schema": "public", "Alias": "t", "Startup Cost": 0.43, "Total Cost": 73940.23, "Plan Rows": 2528520, "Plan Width": 4, "Actual Startup Time": 0.015, "Actual Total Time": 551.77, "Actual Rows": 2525757, "Actual Loops": 1, "Output": ["t.id"], "Heap Fetches": 0, "Shared Hit Blocks": 23441, "Shared Read Blocks": 8963, "Shared Dirtied Blocks": 0, "Shared Written Blocks": 0, "Local Hit Blocks": 0, "Local Read Blocks": 0, "Local Dirtied Blocks": 0, "Local Written Blocks": 0, "Temp Read Blocks": 0, "Temp Written Blocks": 0, "I/O Read Time": 152.145, "I/O Write Time": 0.0}, {"Node Type": "Index Scan", "Parent Relationship": "Inner", "Parallel Aware": false, "Scan Direction": "Forward", "Index Name": "movie_id_movie_info_idx", "Relation Name": "movie_info_idx", "Schema": "public", "Alias": "mi_idx", "Startup Cost": 0.43, "Total Cost": 50235.25, "Plan Rows": 923657, "Plan Width": 4, "Actual Startup Time": 0.138, "Actual Total Time": 639.575, "Actual Rows": 920095, "Actual Loops": 1, "Output": ["mi_idx.id", "mi_idx.movie_id", "mi_idx.info_type_id", "mi_idx.info", "mi_idx.note"], "Filter": "(mi_idx.info_type_id > 99)", "Rows Removed by Filter": 459918, "Shared Hit Blocks": 12928, "Shared Read Blocks": 12444, "Shared Dirtied Blocks": 0, "Shared Written Blocks": 0, "Local Hit Blocks": 0, "Local Read Blocks": 0, "Local Dirtied Blocks": 0, "Local Written Blocks": 0, "Temp Read Blocks": 0, "Temp Written Blocks": 0, "I/O Read Time": 70.111, "I/O Write Time": 0.0}]}, {"Node Type": "Index Only Scan", "Parent Relationship": "Inner", "Parallel Aware": false, "Scan Direction": "Forward", "Index Name": "movie_id_movie_companies", "Relation Name": "movie_companies", "Schema": "public", "Alias": "mc", "Startup Cost": 0.43, "Total Cost": 65637.36, "Plan Rows": 2609129, "Plan Width": 4, "Actual Startup Time": 0.023, "Actual Total Time": 693.302, "Actual Rows": 3972441, "Actual Loops": 1, "Output": ["mc.movie_id"], "Heap Fetches": 0, "Shared Hit Blocks": 2578, "Shared Read Blocks": 6597, "Shared Dirtied Blocks": 0, "Shared Written Blocks": 0, "Local Hit Blocks": 0, "Local Read Blocks": 0, "Local Dirtied Blocks": 0, "Local Written Blocks": 0, "Temp Read Blocks": 0, "Temp Written Blocks": 0, "I/O Read Time": 36.585, "I/O Write Time": 0.0}]}]}, "Planning": {"Shared Hit Blocks": 199, "Shared Read Blocks": 36, "Shared Dirtied Blocks": 0, "Shared Written Blocks": 0, "Local Hit Blocks": 0, "Local Read Blocks": 0, "Local Dirtied Blocks": 0, "Local Written Blocks": 0, "Temp Read Blocks": 0, "Temp Written Blocks": 0, "I/O Read Time": 2.666, "I/O Write Time": 0.0}, "Planning Time": 4.225, "Triggers": [], "Execution Time": 3617.612}, "template": "scale", "query": "EXPLAIN (ANALYZE, COSTS, BUFFERS, VERBOSE, FORMAT JSON) SELECT COUNT(*) FROM title t,movie_companies mc,movie_info_idx mi_idx WHERE t.id=mc.movie_id AND t.id=mi_idx.movie_id AND mi_idx.info_type_id>99;"}
{"planinfo": {"Plan": {"Node Type": "Aggregate", "Strategy": "Plain", "Partial Mode": "Simple", "Parallel Aware": false, "Startup Cost": 588754.83, "Total Cost": 588754.84, "Plan Rows": 1, "Plan Width": 8, "Actual Startup Time": 39264.527, "Actual Total Time": 39264.531, "Actual Rows": 1, "Actual Loops": 1, "Output": ["count(*)"], "Shared Hit Blocks": 13792807, "Shared Read Blocks": 216761, "Shared Dirtied Blocks": 0, "Shared Written Blocks": 0, "Local Hit Blocks": 0, "Local Read Blocks": 0, "Local Dirtied Blocks": 0, "Local Written Blocks": 0, "Temp Read Blocks": 4407, "Temp Written Blocks": 4407, "I/O Read Time": 3173.685, "I/O Write Time": 0.0, "Plans": [{"Node Type": "Nested Loop", "Parent Relationship": "Outer", "Parallel Aware": false, "Join Type": "Inner", "Startup Cost": 156980.31, "Total Cost": 587036.55, "Plan Rows": 687314, "Plan Width": 0, "Actual Startup Time": 2126.305, "Actual Total Time": 36707.562, "Actual Rows": 19225208, "Actual Loops": 1, "Inner Unique": false, "Shared Hit Blocks": 13792807, "Shared Read Blocks": 216761, "Shared Dirtied Blocks": 0, "Shared Written Blocks": 0, "Local Hit Blocks": 0, "Local Read Blocks": 0, "Local Dirtied Blocks": 0, "Local Written Blocks": 0, "Temp Read Blocks": 4407, "Temp Written Blocks": 4407, "I/O Read Time": 3173.685, "I/O Write Time": 0.0, "Plans": [{"Node Type": "Hash Join", "Parent Relationship": "Outer", "Parallel Aware": false, "Join Type": "Inner", "Startup Cost": 156979.87, "Total Cost": 249671.17, "Plan Rows": 193634, "Plan Width": 12, "Actual Startup Time": 2125.656, "Actual Total Time": 3571.658, "Actual Rows": 816744, "Actual Loops": 1, "Output": ["t.id", "mi_idx.movie_id", "mk.movie_id"], "Inner Unique": false, "Hash Cond": "(mk.movie_id = t.id)", "Shared Hit Blocks": 36379, "Shared Read Blocks": 45861, "Shared Dirtied Blocks": 0, "Shared Written Blocks": 0, "Local Hit Blocks": 0, "Local Read Blocks": 0, "Local Dirtied Blocks": 0, "Local Written Blocks": 0, "Temp Read Blocks": 4407, "Temp Written Blocks": 4407, "I/O Read Time": 334.051, "I/O Write Time": 0.0, "Plans": [{"Node Type": "Seq Scan", "Parent Relationship": "Outer", "Parallel Aware": false, "Relation Name": "movie_keyword", "Schema": "public", "Alias": "mk", "Startup Cost": 0.0, "Total Cost": 81003.12, "Plan Rows": 532756, "Plan Width": 4, "Actual Startup Time": 40.392, "Actual Total Time": 859.143, "Actual Rows": 525849, "Actual Loops": 1, "Output": ["mk.movie_id"], "Filter": "(mk.keyword_id > 34557)", "Rows Removed by Filter": 3998081, "Shared Hit Blocks": 0, "Shared Read Blocks": 24454, "Shared Dirtied Blocks": 0, "Shared Written Blocks": 0, "Local Hit Blocks": 0, "Local Read Blocks": 0, "Local Dirtied Blocks": 0, "Local Written Blocks": 0, "Temp Read Blocks": 0, "Temp Written Blocks": 0, "I/O Read Time": 125.991, "I/O Write Time": 0.0}, {"Node Type": "Hash", "Parent Relationship": "Inner", "Parallel Aware": false, "Startup Cost": 141902.23, "Total Cost": 141902.23, "Plan Rows": 919011, "Plan Width": 8, "Actual Startup Time": 2083.887, "Actual Total Time": 2083.889, "Actual Rows": 919850, "Actual Loops": 1, "Output": ["t.id", "mi_idx.movie_id"], "Hash Buckets": 131072, "Original Hash Buckets": 131072, "Hash Batches": 16, "Original Hash Batches": 16, "Peak Memory Usage": 3269, "Shared Hit Blocks": 36376, "Shared Read Blocks": 21407, "Shared Dirtied Blocks": 0, "Shared Written Blocks": 0, "Local Hit Blocks": 0, "Local Read Blocks": 0, "Local Dirtied Blocks": 0, "Local Written Blocks": 0, "Temp Read Blocks": 0, "Temp Written Blocks": 2941, "I/O Read Time": 208.06, "I/O Write Time": 0.0, "Plans": [{"Node Type": "Merge Join", "Parent Relationship": "Outer", "Parallel Aware": false, "Join Type": "Inner", "Startup Cost": 9.94, "Total Cost": 141902.23, "Plan Rows": 919011, "Plan Width": 8, "Actual Startup Time": 0.188, "Actual Total Time": 1731.607, "Actual Rows": 919850, "Actual Loops": 1, "Output": ["t.id", "mi_idx.movie_id"], "Inner Unique": false, "Merge Cond": "(t.id = mi_idx.movie_id)", "Shared Hit Blocks": 36376, "Shared Read Blocks": 21407, "Shared Dirtied Blocks": 0, "Shared Written Blocks": 0, "Local Hit Blocks": 0, "Local Read Blocks": 0, "Local Dirtied Blocks": 0, "Local Written Blocks": 0, "Temp Read Blocks": 0, "Temp Written Blocks": 0, "I/O Read Time": 208.06, "I/O Write Time": 0.0, "Plans": [{"Node Type": "Index Only Scan", "Parent Relationship": "Outer", "Parallel Aware": false, "Scan Direction": "Forward", "Index Name": "title_pkey", "Relation Name": "title", "Schema": "public", "Alias": "t", "Startup Cost": 0.43, "Total Cost": 73940.23, "Plan Rows": 2528520, "Plan Width": 4, "Actual Startup Time": 0.02, "Actual Total Time": 554.788, "Actual Rows": 2525794, "Actual Loops": 1, "Output": ["t.id"], "Heap Fetches": 0, "Shared Hit Blocks": 23441, "Shared Read Blocks": 8963, "Shared Dirtied Blocks": 0, "Shared Written Blocks": 0, "Local Hit Blocks": 0, "Local Read Blocks": 0, "Local Dirtied Blocks": 0, "Local Written Blocks": 0, "Temp Read Blocks": 0, "Temp Written Blocks": 0, "I/O Read Time": 138.245, "I/O Write Time": 0.0}, {"Node Type": "Index Scan", "Parent Relationship": "Inner", "Parallel Aware": false, "Scan Direction": "Forward", "Index Name": "movie_id_movie_info_idx", "Relation Name": "movie_info_idx", "Schema": "public", "Alias": "mi_idx", "Startup Cost": 0.43, "Total Cost": 50235.25, "Plan Rows": 919011, "Plan Width": 4, "Actual Startup Time": 0.162, "Actual Total Time": 618.976, "Actual Rows": 919850, "Actual Loops": 1, "Output": ["mi_idx.id", "mi_idx.movie_id", "mi_idx.info_type_id", "mi_idx.info", "mi_idx.note"], "Filter": "(mi_idx.info_type_id < 101)", "Rows Removed by Filter": 460185, "Shared Hit Blocks": 12935, "Shared Read Blocks": 12444, "Shared Dirtied Blocks": 0, "Shared Written Blocks": 0, "Local Hit Blocks": 0, "Local Read Blocks": 0, "Local Dirtied Blocks": 0, "Local Written Blocks": 0, "Temp Read Blocks": 0, "Temp Written Blocks": 0, "I/O Read Time": 69.814, "I/O Write Time": 0.0}]}]}]}, {"Node Type": "Index Scan", "Parent Relationship": "Inner", "Parallel Aware": false, "Scan Direction": "Forward", "Index Name": "movie_id_movie_info", "Relation Name": "movie_info", "Schema": "public", "Alias": "mi", "Startup Cost": 0.43, "Total Cost": 1.51, "Plan Rows": 23, "Plan Width": 4, "Actual Startup Time": 0.007, "Actual Total Time": 0.037, "Actual Rows": 24, "Actual Loops": 816744, "Output": ["mi.id", "mi.movie_id", "mi.info_type_id", "mi.info", "mi.note"], "Index Cond": "(mi.movie_id = t.id)", "Rows Removed by Index Recheck": 0, "Filter": "(mi.info_type_id < 15)", "Rows Removed by Filter": 46, "Shared Hit Blocks": 13756428, "Shared Read Blocks": 170900, "Shared Dirtied Blocks": 0, "Shared Written Blocks": 0, "Local Hit Blocks": 0, "Local Read Blocks": 0, "Local Dirtied Blocks": 0, "Local Written Blocks": 0, "Temp Read Blocks": 0, "Temp Written Blocks": 0, "I/O Read Time": 2839.634, "I/O Write Time": 0.0}]}]}, "Planning": {"Shared Hit Blocks": 306, "Shared Read Blocks": 50, "Shared Dirtied Blocks": 0, "Shared Written Blocks": 0, "Local Hit Blocks": 0, "Local Read Blocks": 0, "Local Dirtied Blocks": 0, "Local Written Blocks": 0, "Temp Read Blocks": 0, "Temp Written Blocks": 0, "I/O Read Time": 3.756, "I/O Write Time": 0.0}, "Planning Time": 6.659, "Triggers": [], "Execution Time": 39264.937}, "template": "scale", "query": "EXPLAIN (ANALYZE, COSTS, BUFFERS, VERBOSE, FORMAT JSON) SELECT COUNT(*) FROM title t,movie_info mi,movie_info_idx mi_idx,movie_keyword mk WHERE t.id=mi.movie_id AND t.id=mi_idx.movie_id AND t.id=mk.movie_id AND mi.info_type_id<15 AND mi_idx.info_type_id<101 AND mk.keyword_id>34557;"}
{"planinfo": {"Plan": {"Node Type": "Aggregate", "Strategy": "Plain", "Partial Mode": "Simple", "Parallel Aware": false, "Startup Cost": 323955.03, "Total Cost": 323955.04, "Plan Rows": 1, "Plan Width": 8, "Actual Startup Time": 8371.582, "Actual Total Time": 8371.586, "Actual Rows": 1, "Actual Loops": 1, "Output": ["count(*)"], "Shared Hit Blocks": 1460570, "Shared Read Blocks": 172839, "Shared Dirtied Blocks": 0, "Shared Written Blocks": 0, "Local Hit Blocks": 0, "Local Read Blocks": 0, "Local Dirtied Blocks": 0, "Local Written Blocks": 0, "Temp Read Blocks": 1979, "Temp Written Blocks": 1979, "I/O Read Time": 4278.43, "I/O Write Time": 0.0, "Plans": [{"Node Type": "Nested Loop", "Parent Relationship": "Outer", "Parallel Aware": false, "Join Type": "Inner", "Startup Cost": 72724.24, "Total Cost": 322783.81, "Plan Rows": 468487, "Plan Width": 0, "Actual Startup Time": 673.978, "Actual Total Time": 8100.317, "Actual Rows": 2377927, "Actual Loops": 1, "Inner Unique": false, "Join Filter": "(t.id = ci.movie_id)", "Rows Removed by Join Filter": 0, "Shared Hit Blocks": 1460570, "Shared Read Blocks": 172839, "Shared Dirtied Blocks": 0, "Shared Written Blocks": 0, "Local Hit Blocks": 0, "Local Read Blocks": 0, "Local Dirtied Blocks": 0, "Local Written Blocks": 0, "Temp Read Blocks": 1979, "Temp Written Blocks": 1979, "I/O Read Time": 4278.43, "I/O Write Time": 0.0, "Plans": [{"Node Type": "Nested Loop", "Parent Relationship": "Outer", "Parallel Aware": false, "Join Type": "Inner", "Startup Cost": 72723.8, "Total Cost": 267876.46, "Plan Rows": 32639, "Plan Width": 12, "Actual Startup Time": 668.374, "Actual Total Time": 4949.448, "Actual Rows": 93716, "Actual Loops": 1, "Output": ["t.id", "mi.movie_id", "mi_idx.movie_id"], "Inner Unique": false, "Join Filter": "(t.id = mi.movie_id)", "Rows Removed by Join Filter": 0, "Shared Hit Blocks": 645629, "Shared Read Blocks": 156637, "Shared Dirtied Blocks": 0, "Shared Written Blocks": 0, "Local Hit Blocks": 0, "Local Read Blocks": 0, "Local Dirtied Blocks": 0, "Local Written Blocks": 0, "Temp Read Blocks": 1979, "Temp Written Blocks": 1979, "I/O Read Time": 2557.287, "I/O Write Time": 0.0, "Plans": [{"Node Type": "Hash Join", "Parent Relationship": "Outer", "Parallel Aware": false, "Join Type": "Inner", "Startup Cost": 72723.36, "Total Cost": 103891.79, "Plan Rows": 56312, "Plan Width": 8, "Actual Startup Time": 666.243, "Actual Total Time": 1284.965, "Actual Rows": 59798, "Actual Loops": 1, "Output": ["t.id", "mi_idx.movie_id"], "Inner Unique": true, "Hash Cond": "(mi_idx.movie_id = t.id)", "Shared Hit Blocks": 3, "Shared Read Blocks": 43933, "Shared Dirtied Blocks": 0, "Shared Written Blocks": 0, "Local Hit Blocks": 0, "Local Read Blocks": 0, "Local Dirtied Blocks": 0, "Local Written Blocks": 0, "Temp Read Blocks": 1979, "Temp Written Blocks": 1979, "I/O Read Time": 107.83, "I/O Write Time": 0.0, "Plans": [{"Node Type": "Seq Scan", "Parent Relationship": "Outer", "Parallel Aware": false, "Relation Name": "movie_info_idx", "Schema": "public", "Alias": "mi_idx", "Startup Cost": 0.0, "Total Cost": 25185.44, "Plan Rows": 456378, "Plan Width": 4, "Actual Startup Time": 0.135, "Actual Total Time": 311.193, "Actual Rows": 459925, "Actual Loops": 1, "Output": ["mi_idx.movie_id"], "Filter": "(mi_idx.info_type_id < 100)", "Rows Removed by Filter": 920110, "Shared Hit Blocks": 0, "Shared Read Blocks": 7935, "Shared Dirtied Blocks": 0, "Shared Written Blocks": 0, "Local Hit Blocks": 0, "Local Read Blocks": 0, "Local Dirtied Blocks": 0, "Local Written Blocks": 0, "Temp Read Blocks": 0, "Temp Written Blocks": 0, "I/O Read Time": 42.16, "I/O Write Time": 0.0}, {"Node Type": "Hash", "Parent Relationship": "Inner", "Parallel Aware": false, "Startup Cost": 67604.5, "Total Cost": 67604.5, "Plan Rows": 311989, "Plan Width": 4, "Actual Startup Time": 664.648, "Actual Total Time": 664.649, "Actual Rows": 309534, "Actual Loops": 1, "Output": ["t.id"], "Hash Buckets": 131072, "Original Hash Buckets": 131072, "Hash Batches": 8, "Original Hash Batches": 8, "Peak Memory Usage": 2378, "Shared Hit Blocks": 0, "Shared Read Blocks": 35998, "Shared Dirtied Blocks": 0, "Shared Written Blocks": 0, "Local Hit Blocks": 0, "Local Read Blocks": 0, "Local Dirtied Blocks": 0, "Local Written Blocks": 0, "Temp Read Blocks": 0, "Temp Written Blocks": 790, "I/O Read Time": 65.671, "I/O Write Time": 0.0, "Plans": [{"Node Type": "Seq Scan", "Parent Relationship": "Outer", "Parallel Aware": false, "Relation Name": "title", "Schema": "public", "Alias": "t", "Startup Cost": 0.0, "Total Cost": 67604.5, "Plan Rows": 311989, "Plan Width": 4, "Actual Startup Time": 0.153, "Actual Total Time": 553.121, "Actual Rows": 309534, "Actual Loops": 1, "Output": ["t.id"], "Filter": "(t.production_year < 1966)", "Rows Removed by Filter": 2218778, "Shared Hit Blocks": 0, "Shared Read Blocks": 35998, "Shared Dirtied Blocks": 0, "Shared Written Blocks": 0, "Local Hit Blocks": 0, "Local Read Blocks": 0, "Local Dirtied Blocks": 0, "Local Written Blocks": 0, "Temp Read Blocks": 0, "Temp Written Blocks": 0, "I/O Read Time": 65.671, "I/O Write Time": 0.0}]}]}, {"Node Type": "Index Scan", "Parent Relationship": "Inner", "Parallel Aware": false, "Scan Direction": "Forward", "Index Name": "movie_id_movie_info", "Relation Name": "movie_info", "Schema": "public", "Alias": "mi", "Startup Cost": 0.43, "Total Cost": 2.86, "Plan Rows": 4, "Plan Width": 4, "Actual Startup Time": 0.06, "Actual Total Time": 0.06, "Actual Rows": 2, "Actual Loops": 59798, "Output": ["mi.id", "mi.movie_id", "mi.info_type_id", "mi.info", "mi.note"], "Index Cond": "(mi.movie_id = mi_idx.movie_id)", "Rows Removed by Index Recheck": 0, "Filter": "(mi.info_type_id = 3)", "Rows Removed by Filter": 17, "Shared Hit Blocks": 645626, "Shared Read Blocks": 112704, "Shared Dirtied Blocks": 0, "Shared Written Blocks": 0, "Local Hit Blocks": 0, "Local Read Blocks": 0, "Local Dirtied Blocks": 0, "Local Written Blocks": 0, "Temp Read Blocks": 0, "Temp Written Blocks": 0, "I/O Read Time": 2449.456, "I/O Write Time": 0.0}]}, {"Node Type": "Index Only Scan", "Parent Relationship": "Inner", "Parallel Aware": false, "Scan Direction": "Forward", "Index Name": "movie_id_cast_info", "Relation Name": "cast_info", "Schema": "public", "Alias": "ci", "Startup Cost": 0.44, "Total Cost": 1.22, "Plan Rows": 37, "Plan Width": 4, "Actual Startup Time": 0.024, "Actual Total Time": 0.029, "Actual Rows": 25, "Actual Loops": 93716, "Output": ["ci.movie_id"], "Index Cond": "(ci.movie_id = mi.movie_id)", "Rows Removed by Index Recheck": 0, "Heap Fetches": 0, "Shared Hit Blocks": 814941, "Shared Read Blocks": 16202, "Shared Dirtied Blocks": 0, "Shared Written Blocks": 0, "Local Hit Blocks": 0, "Local Read Blocks": 0, "Local Dirtied Blocks": 0, "Local Written Blocks": 0, "Temp Read Blocks": 0, "Temp Written Blocks": 0, "I/O Read Time": 1721.144, "I/O Write Time": 0.0}]}]}, "Planning": {"Shared Hit Blocks": 321, "Shared Read Blocks": 53, "Shared Dirtied Blocks": 0, "Shared Written Blocks": 0, "Local Hit Blocks": 0, "Local Read Blocks": 0, "Local Dirtied Blocks": 0, "Local Written Blocks": 0, "Temp Read Blocks": 0, "Temp Written Blocks": 0, "I/O Read Time": 4.402, "I/O Write Time": 0.0}, "Planning Time": 7.388, "Triggers": [], "Execution Time": 8371.871}, "template": "scale", "query": "EXPLAIN (ANALYZE, COSTS, BUFFERS, VERBOSE, FORMAT JSON) SELECT COUNT(*) FROM title t,cast_info ci,movie_info mi,movie_info_idx mi_idx WHERE t.id=ci.movie_id AND t.id=mi.movie_id AND t.id=mi_idx.movie_id AND t.production_year<1966 AND mi.info_type_id=3 AND mi_idx.info_type_id<100;"}
{"planinfo": {"Plan": {"Node Type": "Aggregate", "Strategy": "Plain", "Partial Mode": "Simple", "Parallel Aware": false, "Startup Cost": 325852.36, "Total Cost": 325852.37, "Plan Rows": 1, "Plan Width": 8, "Actual Startup Time": 8341.173, "Actual Total Time": 8341.177, "Actual Rows": 1, "Actual Loops": 1, "Output": ["count(*)"], "Shared Hit Blocks": 3, "Shared Read Blocks": 69114, "Shared Dirtied Blocks": 0, "Shared Written Blocks": 0, "Local Hit Blocks": 0, "Local Read Blocks": 0, "Local Dirtied Blocks": 0, "Local Written Blocks": 0, "Temp Read Blocks": 26506, "Temp Written Blocks": 26506, "I/O Read Time": 250.723, "I/O Write Time": 0.0, "Plans": [{"Node Type": "Hash Join", "Parent Relationship": "Outer", "Parallel Aware": false, "Join Type": "Inner", "Startup Cost": 178971.69, "Total Cost": 321616.63, "Plan Rows": 1694291, "Plan Width": 0, "Actual Startup Time": 3239.772, "Actual Total Time": 7593.939, "Actual Rows": 7346931, "Actual Loops": 1, "Inner Unique": false, "Hash Cond": "(mk.movie_id = t.id)", "Shared Hit Blocks": 3, "Shared Read Blocks": 69114, "Shared Dirtied Blocks": 0, "Shared Written Blocks": 0, "Local Hit Blocks": 0, "Local Read Blocks": 0, "Local Dirtied Blocks": 0, "Local Written Blocks": 0, "Temp Read Blocks": 26506, "Temp Written Blocks": 26506, "I/O Read Time": 250.723, "I/O Write Time": 0.0, "Plans": [{"Node Type": "Seq Scan", "Parent Relationship": "Outer", "Parallel Aware": false, "Relation Name": "movie_keyword", "Schema": "public", "Alias": "mk", "Startup Cost": 0.0, "Total Cost": 69693.3, "Plan Rows": 4523930, "Plan Width": 4, "Actual Startup Time": 0.131, "Actual Total Time": 981.691, "Actual Rows": 4523930, "Actual Loops": 1, "Output": ["mk.movie_id"], "Shared Hit Blocks": 0, "Shared Read Blocks": 24454, "Shared Dirtied Blocks": 0, "Shared Written Blocks": 0, "Local Hit Blocks": 0, "Local Read Blocks": 0, "Local Dirtied Blocks": 0, "Local Written Blocks": 0, "Temp Read Blocks": 0, "Temp Written Blocks": 0, "I/O Read Time": 144.244, "I/O Write Time": 0.0}, {"Node Type": "Hash", "Parent Relationship": "Inner", "Parallel Aware": false, "Startup Cost": 163434.5, "Total Cost": 163434.5, "Plan Rows": 946975, "Plan Width": 8, "Actual Startup Time": 3238.934, "Actual Total Time": 3238.937, "Actual Rows": 1104684, "Actual Loops": 1, "Output": ["t.id", "mc.movie_id"], "Hash Buckets": 131072, "Original Hash Buckets": 131072, "Hash Batches": 16, "Original Hash Batches": 16, "Peak Memory Usage": 3715, "Shared Hit Blocks": 0, "Shared Read Blocks": 44660, "Shared Dirtied Blocks": 0, "Shared Written Blocks": 0, "Local Hit Blocks": 0, "Local Read Blocks": 0, "Local Dirtied Blocks": 0, "Local Written Blocks": 0, "Temp Read Blocks": 10543, "Temp Written Blocks": 14075, "I/O Read Time": 106.479, "I/O Write Time": 0.0, "Plans": [{"Node Type": "Hash Join", "Parent Relationship": "Outer", "Parallel Aware": false, "Join Type": "Inner", "Startup Cost": 102768.13, "Total Cost": 163434.5, "Plan Rows": 946975, "Plan Width": 8, "Actual Startup Time": 1291.264, "Actual Total Time": 2906.056, "Actual Rows": 1104684, "Actual Loops": 1, "Output": ["t.id", "mc.movie_id"], "Inner Unique": true, "Hash Cond": "(mc.movie_id = t.id)", "Shared Hit Blocks": 0, "Shared Read Blocks": 44660, "Shared Dirtied Blocks": 0, "Shared Written Blocks": 0, "Local Hit Blocks": 0, "Local Read Blocks": 0, "Local Dirtied Blocks": 0, "Local Written Blocks": 0, "Temp Read Blocks": 10543, "Temp Written Blocks": 10543, "I/O Read Time": 106.479, "I/O Write Time": 0.0, "Plans": [{"Node Type": "Index Scan", "Parent Relationship": "Outer", "Parallel Aware": false, "Scan Direction": "Forward", "Index Name": "company_type_id_movie_companies", "Relation Name": "movie_companies", "Schema": "public", "Alias": "mc", "Startup Cost": 0.43, "Total Cost": 40902.99, "Plan Rows": 946975, "Plan Width": 4, "Actual Startup Time": 0.531, "Actual Total Time": 562.01, "Actual Rows": 1104684, "Actual Loops": 1, "Output": ["mc.movie_id"], "Index Cond": "(mc.company_type_id > 1)", "Rows Removed by Index Recheck": 0, "Filter": "(mc.company_id > 1688)", "Rows Removed by Filter": 230199, "Shared Hit Blocks": 0, "Shared Read Blocks": 8662, "Shared Dirtied Blocks": 0, "Shared Written Blocks": 0, "Local Hit Blocks": 0, "Local Read Blocks": 0, "Local Dirtied Blocks": 0, "Local Written Blocks": 0, "Temp Read Blocks": 0, "Temp Written Blocks": 0, "I/O Read Time": 45.862, "I/O Write Time": 0.0}, {"Node Type": "Hash", "Parent Relationship": "Inner", "Parallel Aware": false, "Startup Cost": 61283.2, "Total Cost": 61283.2, "Plan Rows": 2528520, "Plan Width": 4, "Actual Startup Time": 1289.079, "Actual Total Time": 1289.08, "Actual Rows": 2528312, "Actual Loops": 1, "Output": ["t.id"], "Hash Buckets": 131072, "Original Hash Buckets": 131072, "Hash Batches": 64, "Original Hash Batches": 64, "Peak Memory Usage": 2415, "Shared Hit Blocks": 0, "Shared Read Blocks": 35998, "Shared Dirtied Blocks": 0, "Shared Written Blocks": 0, "Local Hit Blocks": 0, "Local Read Blocks": 0, "Local Dirtied Blocks": 0, "Local Written Blocks": 0, "Temp Read Blocks": 0, "Temp Written Blocks": 7262, "I/O Read Time": 60.617, "I/O Write Time": 0.0, "Plans": [{"Node Type": "Seq Scan", "Parent Relationship": "Outer", "Parallel Aware": false, "Relation Name": "title", "Schema": "public", "Alias": "t", "Startup Cost": 0.0, "Total Cost": 61283.2, "Plan Rows": 2528520, "Plan Width": 4, "Actual Startup Time": 0.141, "Actual Total Time": 549.036, "Actual Rows": 2528312, "Actual Loops": 1, "Output": ["t.id"], "Shared Hit Blocks": 0, "Shared Read Blocks": 35998, "Shared Dirtied Blocks": 0, "Shared Written Blocks": 0, "Local Hit Blocks": 0, "Local Read Blocks": 0, "Local Dirtied Blocks": 0, "Local Written Blocks": 0, "Temp Read Blocks": 0, "Temp Written Blocks": 0, "I/O Read Time": 60.617, "I/O Write Time": 0.0}]}]}]}]}]}, "Planning": {"Shared Hit Blocks": 199, "Shared Read Blocks": 38, "Shared Dirtied Blocks": 0, "Shared Written Blocks": 0, "Local Hit Blocks": 0, "Local Read Blocks": 0, "Local Dirtied Blocks": 0, "Local Written Blocks": 0, "Temp Read Blocks": 0, "Temp Written Blocks": 0, "I/O Read Time": 2.987, "I/O Write Time": 0.0}, "Planning Time": 4.791, "Triggers": [], "Execution Time": 8341.749}, "template": "scale", "query": "EXPLAIN (ANALYZE, COSTS, BUFFERS, VERBOSE, FORMAT JSON) SELECT COUNT(*) FROM title t,movie_companies mc,movie_keyword mk WHERE t.id=mc.movie_id AND t.id=mk.movie_id AND mc.company_id>1688 AND mc.company_type_id>1;"}
{"planinfo": {"Plan": {"Node Type": "Aggregate", "Strategy": "Plain", "Partial Mode": "Simple", "Parallel Aware": false, "Startup Cost": 529163.54, "Total Cost": 529163.55, "Plan Rows": 1, "Plan Width": 8, "Actual Startup Time": 54949.118, "Actual Total Time": 54949.123, "Actual Rows": 1, "Actual Loops": 1, "Output": ["count(*)"], "Shared Hit Blocks": 29745353, "Shared Read Blocks": 1835607, "Shared Dirtied Blocks": 0, "Shared Written Blocks": 0, "Local Hit Blocks": 0, "Local Read Blocks": 0, "Local Dirtied Blocks": 0, "Local Written Blocks": 0, "Temp Read Blocks": 3498, "Temp Written Blocks": 3498, "I/O Read Time": 15925.664, "I/O Write Time": 0.0, "Plans": [{"Node Type": "Nested Loop", "Parent Relationship": "Outer", "Parallel Aware": false, "Join Type": "Inner", "Startup Cost": 143607.49, "Total Cost": 526374.08, "Plan Rows": 1115785, "Plan Width": 0, "Actual Startup Time": 1810.496, "Actual Total Time": 52707.718, "Actual Rows": 16433081, "Actual Loops": 1, "Inner Unique": false, "Shared Hit Blocks": 29745353, "Shared Read Blocks": 1835607, "Shared Dirtied Blocks": 0, "Shared Written Blocks": 0, "Local Hit Blocks": 0, "Local Read Blocks": 0, "Local Dirtied Blocks": 0, "Local Written Blocks": 0, "Temp Read Blocks": 3498, "Temp Written Blocks": 3498, "I/O Read Time": 15925.664, "I/O Write Time": 0.0, "Plans": [{"Node Type": "Hash Join", "Parent Relationship": "Outer", "Parallel Aware": false, "Join Type": "Inner", "Startup Cost": 143607.05, "Total Cost": 237431.62, "Plan Rows": 149024, "Plan Width": 12, "Actual Startup Time": 1808.962, "Actual Total Time": 3385.886, "Actual Rows": 581669, "Actual Loops": 1, "Output": ["t.id", "mi_idx.movie_id", "mk.movie_id"], "Inner Unique": false, "Hash Cond": "(mk.movie_id = t.id)", "Shared Hit Blocks": 36379, "Shared Read Blocks": 45861, "Shared Dirtied Blocks": 0, "Shared Written Blocks": 0, "Local Hit Blocks": 0, "Local Read Blocks": 0, "Local Dirtied Blocks": 0, "Local Written Blocks": 0, "Temp Read Blocks": 3498, "Temp Written Blocks": 3498, "I/O Read Time": 284.826, "I/O Write Time": 0.0, "Plans": [{"Node Type": "Seq Scan", "Parent Relationship": "Outer", "Parallel Aware": false, "Relation Name": "movie_keyword", "Schema": "public", "Alias": "mk", "Startup Cost": 0.0, "Total Cost": 81003.12, "Plan Rows": 825655, "Plan Width": 4, "Actual Startup Time": 0.126, "Actual Total Time": 862.2, "Actual Rows": 826219, "Actual Loops": 1, "Output": ["mk.movie_id"], "Filter": "(mk.keyword_id < 789)", "Rows Removed by Filter": 3697711, "Shared Hit Blocks": 0, "Shared Read Blocks": 24454, "Shared Dirtied Blocks": 0, "Shared Written Blocks": 0, "Local Hit Blocks": 0, "Local Read Blocks": 0, "Local Dirtied Blocks": 0, "Local Written Blocks": 0, "Temp Read Blocks": 0, "Temp Written Blocks": 0, "I/O Read Time": 74.872, "I/O Write Time": 0.0}, {"Node Type": "Hash", "Parent Relationship": "Inner", "Parallel Aware": false, "Startup Cost": 136119.32, "Total Cost": 136119.32, "Plan Rows": 456378, "Plan Width": 8, "Actual Startup Time": 1808.147, "Actual Total Time": 1808.149, "Actual Rows": 459925, "Actual Loops": 1, "Output": ["t.id", "mi_idx.movie_id"], "Hash Buckets": 131072, "Original Hash Buckets": 131072, "Hash Batches": 8, "Original Hash Batches": 8, "Peak Memory Usage": 3275, "Shared Hit Blocks": 36376, "Shared Read Blocks": 21407, "Shared Dirtied Blocks": 0, "Shared Written Blocks": 0, "Local Hit Blocks": 0, "Local Read Blocks": 0, "Local Dirtied Blocks": 0, "Local Written Blocks": 0, "Temp Read Blocks": 0, "Temp Written Blocks": 1372, "I/O Read Time": 209.954, "I/O Write Time": 0.0, "Plans": [{"Node Type": "Merge Join", "Parent Relationship": "Outer", "Parallel Aware": false, "Join Type": "Inner", "Startup Cost": 9.94, "Total Cost": 136119.32, "Plan Rows": 456378, "Plan Width": 8, "Actual Startup Time": 0.17, "Actual Total Time": 1612.645, "Actual Rows": 459925, "Actual Loops": 1, "Output": ["t.id", "mi_idx.movie_id"], "Inner Unique": false, "Merge Cond": "(t.id = mi_idx.movie_id)", "Shared Hit Blocks": 36376, "Shared Read Blocks": 21407, "Shared Dirtied Blocks": 0, "Shared Written Blocks": 0, "Local Hit Blocks": 0, "Local Read Blocks": 0, "Local Dirtied Blocks": 0, "Local Written Blocks": 0, "Temp Read Blocks": 0, "Temp Written Blocks": 0, "I/O Read Time": 209.954, "I/O Write Time": 0.0, "Plans": [{"Node Type": "Index Only Scan", "Parent Relationship": "Outer", "Parallel Aware": false, "Scan Direction": "Forward", "Index Name": "title_pkey", "Relation Name": "title", "Schema": "public", "Alias": "t", "Startup Cost": 0.43, "Total Cost": 73940.23, "Plan Rows": 2528520, "Plan Width": 4, "Actual Startup Time": 0.019, "Actual Total Time": 551.627, "Actual Rows": 2525794, "Actual Loops": 1, "Output": ["t.id"], "Heap Fetches": 0, "Shared Hit Blocks": 23441, "Shared Read Blocks": 8963, "Shared Dirtied Blocks": 0, "Shared Written Blocks": 0, "Local Hit Blocks": 0, "Local Read Blocks": 0, "Local Dirtied Blocks": 0, "Local Written Blocks": 0, "Temp Read Blocks": 0, "Temp Written Blocks": 0, "I/O Read Time": 140.066, "I/O Write Time": 0.0}, {"Node Type": "Index Scan", "Parent Relationship": "Inner", "Parallel Aware": false, "Scan Direction": "Forward", "Index Name": "movie_id_movie_info_idx", "Relation Name": "movie_info_idx", "Schema": "public", "Alias": "mi_idx", "Startup Cost": 0.43, "Total Cost": 50235.25, "Plan Rows": 456378, "Plan Width": 4, "Actual Startup Time": 0.147, "Actual Total Time": 596.039, "Actual Rows": 459925, "Actual Loops": 1, "Output": ["mi_idx.id", "mi_idx.movie_id", "mi_idx.info_type_id", "mi_idx.info", "mi_idx.note"], "Filter": "(mi_idx.info_type_id < 100)", "Rows Removed by Filter": 920110, "Shared Hit Blocks": 12935, "Shared Read Blocks": 12444, "Shared Dirtied Blocks": 0, "Shared Written Blocks": 0, "Local Hit Blocks": 0, "Local Read Blocks": 0, "Local Dirtied Blocks": 0, "Local Written Blocks": 0, "Temp Read Blocks": 0, "Temp Written Blocks": 0, "I/O Read Time": 69.888, "I/O Write Time": 0.0}]}]}]}, {"Node Type": "Index Scan", "Parent Relationship": "Inner", "Parallel Aware": false, "Scan Direction": "Forward", "Index Name": "movie_id_cast_info", "Relation Name": "cast_info", "Schema": "public", "Alias": "ci", "Startup Cost": 0.44, "Total Cost": 1.75, "Plan Rows": 19, "Plan Width": 4, "Actual Startup Time": 0.012, "Actual Total Time": 0.08, "Actual Rows": 28, "Actual Loops": 581669, "Output": ["ci.id", "ci.person_id", "ci.movie_id", "ci.person_role_id", "ci.note", "ci.nr_order", "ci.role_id"], "Index Cond": "(ci.movie_id = t.id)", "Rows Removed by Index Recheck": 0, "Filter": "((ci.person_id < 3686892) AND (ci.role_id < 3))", "Rows Removed by Filter": 24, "Shared Hit Blocks": 29708974, "Shared Read Blocks": 1789746, "Shared Dirtied Blocks": 0, "Shared Written Blocks": 0, "Local Hit Blocks": 0, "Local Read Blocks": 0, "Local Dirtied Blocks": 0, "Local Written Blocks": 0, "Temp Read Blocks": 0, "Temp Written Blocks": 0, "I/O Read Time": 15640.838, "I/O Write Time": 0.0}]}]}, "Planning": {"Shared Hit Blocks": 324, "Shared Read Blocks": 52, "Shared Dirtied Blocks": 0, "Shared Written Blocks": 0, "Local Hit Blocks": 0, "Local Read Blocks": 0, "Local Dirtied Blocks": 0, "Local Written Blocks": 0, "Temp Read Blocks": 0, "Temp Written Blocks": 0, "I/O Read Time": 4.065, "I/O Write Time": 0.0}, "Planning Time": 6.812, "Triggers": [], "Execution Time": 54949.556}, "template": "scale", "query": "EXPLAIN (ANALYZE, COSTS, BUFFERS, VERBOSE, FORMAT JSON) SELECT COUNT(*) FROM title t,cast_info ci,movie_info_idx mi_idx,movie_keyword mk WHERE t.id=ci.movie_id AND t.id=mi_idx.movie_id AND t.id=mk.movie_id AND ci.person_id<3686892 AND ci.role_id<3 AND mi_idx.info_type_id<100 AND mk.keyword_id<789;"}
{"planinfo": {"Plan": {"Node Type": "Aggregate", "Strategy": "Plain", "Partial Mode": "Simple", "Parallel Aware": false, "Startup Cost": 221449.57, "Total Cost": 221449.58, "Plan Rows": 1, "Plan Width": 8, "Actual Startup Time": 4215.143, "Actual Total Time": 4215.146, "Actual Rows": 1, "Actual Loops": 1, "Output": ["count(*)"], "Shared Hit Blocks": 3, "Shared Read Blocks": 60452, "Shared Dirtied Blocks": 0, "Shared Written Blocks": 0, "Local Hit Blocks": 0, "Local Read Blocks": 0, "Local Dirtied Blocks": 0, "Local Written Blocks": 0, "Temp Read Blocks": 13574, "Temp Written Blocks": 13574, "I/O Read Time": 183.791, "I/O Write Time": 0.0, "Plans": [{"Node Type": "Hash Join", "Parent Relationship": "Outer", "Parallel Aware": false, "Join Type": "Inner", "Startup Cost": 102767.7, "Total Cost": 216077.5, "Plan Rows": 2148826, "Plan Width": 0, "Actual Startup Time": 1306.605, "Actual Total Time": 3996.79, "Actual Rows": 2156169, "Actual Loops": 1, "Inner Unique": true, "Hash Cond": "(mk.movie_id = t.id)", "Shared Hit Blocks": 3, "Shared Read Blocks": 60452, "Shared Dirtied Blocks": 0, "Shared Written Blocks": 0, "Local Hit Blocks": 0, "Local Read Blocks": 0, "Local Dirtied Blocks": 0, "Local Written Blocks": 0, "Temp Read Blocks": 13574, "Temp Written Blocks": 13574, "I/O Read Time": 183.791, "I/O Write Time": 0.0, "Plans": [{"Node Type": "Seq Scan", "Parent Relationship": "Outer", "Parallel Aware": false, "Relation Name": "movie_keyword", "Schema": "public", "Alias": "mk", "Startup Cost": 0.0, "Total Cost": 81003.12, "Plan Rows": 2148826, "Plan Width": 4, "Actual Startup Time": 0.123, "Actual Total Time": 1023.917, "Actual Rows": 2156169, "Actual Loops": 1, "Output": ["mk.movie_id"], "Filter": "(mk.keyword_id < 4089)", "Rows Removed by Filter": 2367761, "Shared Hit Blocks": 0, "Shared Read Blocks": 24454, "Shared Dirtied Blocks": 0, "Shared Written Blocks": 0, "Local Hit Blocks": 0, "Local Read Blocks": 0, "Local Dirtied Blocks": 0, "Local Written Blocks": 0, "Temp Read Blocks": 0, "Temp Written Blocks": 0, "I/O Read Time": 123.271, "I/O Write Time": 0.0}, {"Node Type": "Hash", "Parent Relationship": "Inner", "Parallel Aware": false, "Startup Cost": 61283.2, "Total Cost": 61283.2, "Plan Rows": 2528520, "Plan Width": 4, "Actual Startup Time": 1305.422, "Actual Total Time": 1305.423, "Actual Rows": 2528312, "Actual Loops": 1, "Output": ["t.id"], "Hash Buckets": 131072, "Original Hash Buckets": 131072, "Hash Batches": 64, "Original Hash Batches": 64, "Peak Memory Usage": 2415, "Shared Hit Blocks": 0, "Shared Read Blocks": 35998, "Shared Dirtied Blocks": 0, "Shared Written Blocks": 0, "Local Hit Blocks": 0, "Local Read Blocks": 0, "Local Dirtied Blocks": 0, "Local Written Blocks": 0, "Temp Read Blocks": 0, "Temp Written Blocks": 7262, "I/O Read Time": 60.52, "I/O Write Time": 0.0, "Plans": [{"Node Type": "Seq Scan", "Parent Relationship": "Outer", "Parallel Aware": false, "Relation Name": "title", "Schema": "public", "Alias": "t", "Startup Cost": 0.0, "Total Cost": 61283.2, "Plan Rows": 2528520, "Plan Width": 4, "Actual Startup Time": 0.133, "Actual Total Time": 556.659, "Actual Rows": 2528312, "Actual Loops": 1, "Output": ["t.id"], "Shared Hit Blocks": 0, "Shared Read Blocks": 35998, "Shared Dirtied Blocks": 0, "Shared Written Blocks": 0, "Local Hit Blocks": 0, "Local Read Blocks": 0, "Local Dirtied Blocks": 0, "Local Written Blocks": 0, "Temp Read Blocks": 0, "Temp Written Blocks": 0, "I/O Read Time": 60.52, "I/O Write Time": 0.0}]}]}]}, "Planning": {"Shared Hit Blocks": 101, "Shared Read Blocks": 26, "Shared Dirtied Blocks": 0, "Shared Written Blocks": 0, "Local Hit Blocks": 0, "Local Read Blocks": 0, "Local Dirtied Blocks": 0, "Local Written Blocks": 0, "Temp Read Blocks": 0, "Temp Written Blocks": 0, "I/O Read Time": 1.78, "I/O Write Time": 0.0}, "Planning Time": 2.643, "Triggers": [], "Execution Time": 4215.312}, "template": "scale", "query": "EXPLAIN (ANALYZE, COSTS, BUFFERS, VERBOSE, FORMAT JSON) SELECT COUNT(*) FROM title t,movie_keyword mk WHERE t.id=mk.movie_id AND mk.keyword_id<4089;"}
{"planinfo": {"Plan": {"Node Type": "Aggregate", "Strategy": "Plain", "Partial Mode": "Simple", "Parallel Aware": false, "Startup Cost": 322430.68, "Total Cost": 322430.69, "Plan Rows": 1, "Plan Width": 8, "Actual Startup Time": 1454.279, "Actual Total Time": 1454.282, "Actual Rows": 1, "Actual Loops": 1, "Output": ["count(*)"], "Shared Hit Blocks": 345220, "Shared Read Blocks": 38646, "Shared Dirtied Blocks": 0, "Shared Written Blocks": 0, "Local Hit Blocks": 0, "Local Read Blocks": 0, "Local Dirtied Blocks": 0, "Local Written Blocks": 0, "Temp Read Blocks": 0, "Temp Written Blocks": 0, "I/O Read Time": 197.139, "I/O Write Time": 0.0, "Plans": [{"Node Type": "Nested Loop", "Parent Relationship": "Outer", "Parallel Aware": false, "Join Type": "Inner", "Startup Cost": 1.3, "Total Cost": 319736.2, "Plan Rows": 1077793, "Plan Width": 0, "Actual Startup Time": 9.997, "Actual Total Time": 1339.963, "Actual Rows": 1084056, "Actual Loops": 1, "Inner Unique": false, "Join Filter": "(t.id = ci.movie_id)", "Rows Removed by Join Filter": 0, "Shared Hit Blocks": 345220, "Shared Read Blocks": 38646, "Shared Dirtied Blocks": 0, "Shared Written Blocks": 0, "Local Hit Blocks": 0, "Local Read Blocks": 0, "Local Dirtied Blocks": 0, "Local Written Blocks": 0, "Temp Read Blocks": 0, "Temp Written Blocks": 0, "I/O Read Time": 197.139, "I/O Write Time": 0.0, "Plans": [{"Node Type": "Nested Loop", "Parent Relationship": "Outer", "Parallel Aware": false, "Join Type": "Inner", "Startup Cost": 0.86, "Total Cost": 200132.52, "Plan Rows": 75088, "Plan Width": 12, "Actual Startup Time": 9.673, "Actual Total Time": 811.25, "Actual Rows": 17366, "Actual Loops": 1, "Output": ["t.id", "mc.movie_id", "mk.movie_id"], "Inner Unique": false, "Join Filter": "(t.id = mk.movie_id)", "Rows Removed by Join Filter": 0, "Shared Hit Blocks": 158382, "Shared Read Blocks": 38346, "Shared Dirtied Blocks": 0, "Shared Written Blocks": 0, "Local Hit Blocks": 0, "Local Read Blocks": 0, "Local Dirtied Blocks": 0, "Local Written Blocks": 0, "Temp Read Blocks": 0, "Temp Written Blocks": 0, "I/O Read Time": 135.771, "I/O Write Time": 0.0, "Plans": [{"Node Type": "Nested Loop", "Parent Relationship": "Outer", "Parallel Aware": false, "Join Type": "Inner", "Startup Cost": 0.43, "Total Cost": 123506.59, "Plan Rows": 41968, "Plan Width": 8, "Actual Startup Time": 0.879, "Actual Total Time": 724.628, "Actual Rows": 13319, "Actual Loops": 1, "Output": ["t.id", "mc.movie_id"], "Inner Unique": false, "Shared Hit Blocks": 119053, "Shared Read Blocks": 37717, "Shared Dirtied Blocks": 0, "Shared Written Blocks": 0, "Local Hit Blocks": 0, "Local Read Blocks": 0, "Local Dirtied Blocks": 0, "Local Written Blocks": 0, "Temp Read Blocks": 0, "Temp Written Blocks": 0, "I/O Read Time": 107.01, "I/O Write Time": 0.0, "Plans": [{"Node Type": "Seq Scan", "Parent Relationship": "Outer", "Parallel Aware": false, "Relation Name": "title", "Schema": "public", "Alias": "t", "Startup Cost": 0.0, "Total Cost": 73925.8, "Plan Rows": 40671, "Plan Width": 4, "Actual Startup Time": 0.194, "Actual Total Time": 509.262, "Actual Rows": 40257, "Actual Loops": 1, "Output": ["t.id", "t.title", "t.imdb_index", "t.kind_id", "t.production_year", "t.imdb_id", "t.phonetic_code", "t.episode_of_id", "t.season_nr", "t.episode_nr", "t.series_years", "t.md5sum"], "Filter": "((t.production_year > 2012) AND (t.kind_id = 7))", "Rows Removed by Filter": 2488055, "Shared Hit Blocks": 0, "Shared Read Blocks": 35998, "Shared Dirtied Blocks": 0, "Shared Written Blocks": 0, "Local Hit Blocks": 0, "Local Read Blocks": 0, "Local Dirtied Blocks": 0, "Local Written Blocks": 0, "Temp Read Blocks": 0, "Temp Written Blocks": 0, "I/O Read Time": 62.913, "I/O Write Time": 0.0}, {"Node Type": "Index Only Scan", "Parent Relationship": "Inner", "Parallel Aware": false, "Scan Direction": "Forward", "Index Name": "movie_id_movie_companies", "Relation Name": "movie_companies", "Schema": "public", "Alias": "mc", "Startup Cost": 0.43, "Total Cost": 1.17, "Plan Rows": 5, "Plan Width": 4, "Actual Startup Time": 0.005, "Actual Total Time": 0.005, "Actual Rows": 0, "Actual Loops": 40257, "Output": ["mc.movie_id"], "Index Cond": "(mc.movie_id = t.id)", "Rows Removed by Index Recheck": 0, "Heap Fetches": 0, "Shared Hit Blocks": 119053, "Shared Read Blocks": 1719, "Shared Dirtied Blocks": 0, "Shared Written Blocks": 0, "Local Hit Blocks": 0, "Local Read Blocks": 0, "Local Dirtied Blocks": 0, "Local Written Blocks": 0, "Temp Read Blocks": 0, "Temp Written Blocks": 0, "I/O Read Time": 44.096, "I/O Write Time": 0.0}]}, {"Node Type": "Index Only Scan", "Parent Relationship": "Inner", "Parallel Aware": false, "Scan Direction": "Forward", "Index Name": "movie_id_movie_keyword", "Relation Name": "movie_keyword", "Schema": "public", "Alias": "mk", "Startup Cost": 0.43, "Total Cost": 1.25, "Plan Rows": 46, "Plan Width": 4, "Actual Startup Time": 0.006, "Actual Total Time": 0.006, "Actual Rows": 1, "Actual Loops": 13319, "Output": ["mk.movie_id"], "Index Cond": "(mk.movie_id = mc.movie_id)", "Rows Removed by Index Recheck": 0, "Heap Fetches": 0, "Shared Hit Blocks": 39329, "Shared Read Blocks": 629, "Shared Dirtied Blocks": 0, "Shared Written Blocks": 0, "Local Hit Blocks": 0, "Local Read Blocks": 0, "Local Dirtied Blocks": 0, "Local Written Blocks": 0, "Temp Read Blocks": 0, "Temp Written Blocks": 0, "I/O Read Time": 28.762, "I/O Write Time": 0.0}]}, {"Node Type": "Index Only Scan", "Parent Relationship": "Inner", "Parallel Aware": false, "Scan Direction": "Forward", "Index Name": "movie_id_cast_info", "Relation Name": "cast_info", "Schema": "public", "Alias": "ci", "Startup Cost": 0.44, "Total Cost": 1.13, "Plan Rows": 37, "Plan Width": 4, "Actual Startup Time": 0.009, "Actual Total Time": 0.02, "Actual Rows": 62, "Actual Loops": 17366, "Output": ["ci.movie_id"], "Index Cond": "(ci.movie_id = mk.movie_id)", "Rows Removed by Index Recheck": 0, "Heap Fetches": 0, "Shared Hit Blocks": 186838, "Shared Read Blocks": 300, "Shared Dirtied Blocks": 0, "Shared Written Blocks": 0, "Local Hit Blocks": 0, "Local Read Blocks": 0, "Local Dirtied Blocks": 0, "Local Written Blocks": 0, "Temp Read Blocks": 0, "Temp Written Blocks": 0, "I/O Read Time": 61.368, "I/O Write Time": 0.0}]}]}, "Planning": {"Shared Hit Blocks": 333, "Shared Read Blocks": 52, "Shared Dirtied Blocks": 0, "Shared Written Blocks": 0, "Local Hit Blocks": 0, "Local Read Blocks": 0, "Local Dirtied Blocks": 0, "Local Written Blocks": 0, "Temp Read Blocks": 0, "Temp Written Blocks": 0, "I/O Read Time": 4.054, "I/O Write Time": 0.0}, "Planning Time": 6.767, "Triggers": [], "Execution Time": 1454.446}, "template": "scale", "query": "EXPLAIN (ANALYZE, COSTS, BUFFERS, VERBOSE, FORMAT JSON) SELECT COUNT(*) FROM title t,movie_companies mc,cast_info ci,movie_keyword mk WHERE t.id=mc.movie_id AND t.id=ci.movie_id AND t.id=mk.movie_id AND t.kind_id=7 AND t.production_year>2012;"}
{"planinfo": {"Plan": {"Node Type": "Aggregate", "Strategy": "Plain", "Partial Mode": "Simple", "Parallel Aware": false, "Startup Cost": 149957.08, "Total Cost": 149957.09, "Plan Rows": 1, "Plan Width": 8, "Actual Startup Time": 1990.98, "Actual Total Time": 1990.983, "Actual Rows": 1, "Actual Loops": 1, "Output": ["count(*)"], "Shared Hit Blocks": 3, "Shared Read Blocks": 60452, "Shared Dirtied Blocks": 0, "Shared Written Blocks": 0, "Local Hit Blocks": 0, "Local Read Blocks": 0, "Local Dirtied Blocks": 0, "Local Written Blocks": 0, "Temp Read Blocks": 0, "Temp Written Blocks": 0, "I/O Read Time": 189.887, "I/O Write Time": 0.0, "Plans": [{"Node Type": "Hash Join", "Parent Relationship": "Outer", "Parallel Aware": false, "Join Type": "Inner", "Startup Cost": 68181.85, "Total Cost": 149750.49, "Plan Rows": 82638, "Plan Width": 0, "Actual Startup Time": 547.755, "Actual Total Time": 1981.15, "Actual Rows": 89863, "Actual Loops": 1, "Inner Unique": true, "Hash Cond": "(mk.movie_id = t.id)", "Shared Hit Blocks": 3, "Shared Read Blocks": 60452, "Shared Dirtied Blocks": 0, "Shared Written Blocks": 0, "Local Hit Blocks": 0, "Local Read Blocks": 0, "Local Dirtied Blocks": 0, "Local Written Blocks": 0, "Temp Read Blocks": 0, "Temp Written Blocks": 0, "I/O Read Time": 189.887, "I/O Write Time": 0.0, "Plans": [{"Node Type": "Seq Scan", "Parent Relationship": "Outer", "Parallel Aware": false, "Relation Name": "movie_keyword", "Schema": "public", "Alias": "mk", "Startup Cost": 0.0, "Total Cost": 69693.3, "Plan Rows": 4523930, "Plan Width": 4, "Actual Startup Time": 0.139, "Actual Total Time": 588.187, "Actual Rows": 4523930, "Actual Loops": 1, "Output": ["mk.id", "mk.movie_id", "mk.keyword_id"], "Shared Hit Blocks": 0, "Shared Read Blocks": 24454, "Shared Dirtied Blocks": 0, "Shared Written Blocks": 0, "Local Hit Blocks": 0, "Local Read Blocks": 0, "Local Dirtied Blocks": 0, "Local Written Blocks": 0, "Temp Read Blocks": 0, "Temp Written Blocks": 0, "I/O Read Time": 122.008, "I/O Write Time": 0.0}, {"Node Type": "Hash", "Parent Relationship": "Inner", "Parallel Aware": false, "Startup Cost": 67604.5, "Total Cost": 67604.5, "Plan Rows": 46188, "Plan Width": 4, "Actual Startup Time": 547.254, "Actual Total Time": 547.256, "Actual Rows": 46583, "Actual Loops": 1, "Output": ["t.id"], "Hash Buckets": 65536, "Original Hash Buckets": 65536, "Hash Batches": 1, "Original Hash Batches": 1, "Peak Memory Usage": 2150, "Shared Hit Blocks": 0, "Shared Read Blocks": 35998, "Shared Dirtied Blocks": 0, "Shared Written Blocks": 0, "Local Hit Blocks": 0, "Local Read Blocks": 0, "Local Dirtied Blocks": 0, "Local Written Blocks": 0, "Temp Read Blocks": 0, "Temp Written Blocks": 0, "I/O Read Time": 67.879, "I/O Write Time": 0.0, "Plans": [{"Node Type": "Seq Scan", "Parent Relationship": "Outer", "Parallel Aware": false, "Relation Name": "title", "Schema": "public", "Alias": "t", "Startup Cost": 0.0, "Total Cost": 67604.5, "Plan Rows": 46188, "Plan Width": 4, "Actual Startup Time": 0.143, "Actual Total Time": 527.73, "Actual Rows": 46583, "Actual Loops": 1, "Output": ["t.id"], "Filter": "(t.production_year = 1998)", "Rows Removed by Filter": 2481729, "Shared Hit Blocks": 0, "Shared Read Blocks": 35998, "Shared Dirtied Blocks": 0, "Shared Written Blocks": 0, "Local Hit Blocks": 0, "Local Read Blocks": 0, "Local Dirtied Blocks": 0, "Local Written Blocks": 0, "Temp Read Blocks": 0, "Temp Written Blocks": 0, "I/O Read Time": 67.879, "I/O Write Time": 0.0}]}]}]}, "Planning": {"Shared Hit Blocks": 100, "Shared Read Blocks": 27, "Shared Dirtied Blocks": 0, "Shared Written Blocks": 0, "Local Hit Blocks": 0, "Local Read Blocks": 0, "Local Dirtied Blocks": 0, "Local Written Blocks": 0, "Temp Read Blocks": 0, "Temp Written Blocks": 0, "I/O Read Time": 1.936, "I/O Write Time": 0.0}, "Planning Time": 2.863, "Triggers": [], "Execution Time": 1991.215}, "template": "scale", "query": "EXPLAIN (ANALYZE, COSTS, BUFFERS, VERBOSE, FORMAT JSON) SELECT COUNT(*) FROM title t,movie_keyword mk WHERE t.id=mk.movie_id AND t.production_year=1998;"}
{"planinfo": {"Plan": {"Node Type": "Aggregate", "Strategy": "Plain", "Partial Mode": "Simple", "Parallel Aware": false, "Startup Cost": 286324.34, "Total Cost": 286324.35, "Plan Rows": 1, "Plan Width": 8, "Actual Startup Time": 3023.598, "Actual Total Time": 3023.6, "Actual Rows": 1, "Actual Loops": 1, "Output": ["count(*)"], "Shared Hit Blocks": 0, "Shared Read Blocks": 9920, "Shared Dirtied Blocks": 0, "Shared Written Blocks": 0, "Local Hit Blocks": 0, "Local Read Blocks": 0, "Local Dirtied Blocks": 0, "Local Written Blocks": 0, "Temp Read Blocks": 0, "Temp Written Blocks": 0, "I/O Read Time": 52.211, "I/O Write Time": 0.0, "Plans": [{"Node Type": "Index Only Scan", "Parent Relationship": "Outer", "Parallel Aware": false, "Scan Direction": "Forward", "Index Name": "role_id_cast_info", "Relation Name": "cast_info", "Schema": "public", "Alias": "ci", "Startup Cost": 0.44, "Total Cost": 255392.85, "Plan Rows": 12372595, "Plan Width": 0, "Actual Startup Time": 0.307, "Actual Total Time": 1802.528, "Actual Rows": 12670688, "Actual Loops": 1, "Output": ["role_id"], "Index Cond": "(ci.role_id < 2)", "Rows Removed by Index Recheck": 0, "Heap Fetches": 0, "Shared Hit Blocks": 0, "Shared Read Blocks": 9920, "Shared Dirtied Blocks": 0, "Shared Written Blocks": 0, "Local Hit Blocks": 0, "Local Read Blocks": 0, "Local Dirtied Blocks": 0, "Local Written Blocks": 0, "Temp Read Blocks": 0, "Temp Written Blocks": 0, "I/O Read Time": 52.211, "I/O Write Time": 0.0}]}, "Planning": {"Shared Hit Blocks": 68, "Shared Read Blocks": 13, "Shared Dirtied Blocks": 0, "Shared Written Blocks": 0, "Local Hit Blocks": 0, "Local Read Blocks": 0, "Local Dirtied Blocks": 0, "Local Written Blocks": 0, "Temp Read Blocks": 0, "Temp Written Blocks": 0, "I/O Read Time": 0.935, "I/O Write Time": 0.0}, "Planning Time": 1.462, "Triggers": [], "Execution Time": 3023.649}, "template": "scale", "query": "EXPLAIN (ANALYZE, COSTS, BUFFERS, VERBOSE, FORMAT JSON) SELECT COUNT(*) FROM cast_info ci WHERE ci.role_id<2;"}
{"planinfo": {"Plan": {"Node Type": "Aggregate", "Strategy": "Plain", "Partial Mode": "Simple", "Parallel Aware": false, "Startup Cost": 137260.27, "Total Cost": 137260.28, "Plan Rows": 1, "Plan Width": 8, "Actual Startup Time": 1653.733, "Actual Total Time": 1653.735, "Actual Rows": 1, "Actual Loops": 1, "Output": ["count(*)"], "Shared Hit Blocks": 36376, "Shared Read Blocks": 21407, "Shared Dirtied Blocks": 0, "Shared Written Blocks": 0, "Local Hit Blocks": 0, "Local Read Blocks": 0, "Local Dirtied Blocks": 0, "Local Written Blocks": 0, "Temp Read Blocks": 0, "Temp Written Blocks": 0, "I/O Read Time": 210.754, "I/O Write Time": 0.0, "Plans": [{"Node Type": "Merge Join", "Parent Relationship": "Outer", "Parallel Aware": false, "Join Type": "Inner", "Startup Cost": 9.94, "Total Cost": 136119.32, "Plan Rows": 456378, "Plan Width": 0, "Actual Startup Time": 0.173, "Actual Total Time": 1582.828, "Actual Rows": 459925, "Actual Loops": 1, "Inner Unique": false, "Merge Cond": "(t.id = mi_idx.movie_id)", "Shared Hit Blocks": 36376, "Shared Read Blocks": 21407, "Shared Dirtied Blocks": 0, "Shared Written Blocks": 0, "Local Hit Blocks": 0, "Local Read Blocks": 0, "Local Dirtied Blocks": 0, "Local Written Blocks": 0, "Temp Read Blocks": 0, "Temp Written Blocks": 0, "I/O Read Time": 210.754, "I/O Write Time": 0.0, "Plans": [{"Node Type": "Index Only Scan", "Parent Relationship": "Outer", "Parallel Aware": false, "Scan Direction": "Forward", "Index Name": "title_pkey", "Relation Name": "title", "Schema": "public", "Alias": "t", "Startup Cost": 0.43, "Total Cost": 73940.23, "Plan Rows": 2528520, "Plan Width": 4, "Actual Startup Time": 0.02, "Actual Total Time": 548.994, "Actual Rows": 2525794, "Actual Loops": 1, "Output": ["t.id"], "Heap Fetches": 0, "Shared Hit Blocks": 23441, "Shared Read Blocks": 8963, "Shared Dirtied Blocks": 0, "Shared Written Blocks": 0, "Local Hit Blocks": 0, "Local Read Blocks": 0, "Local Dirtied Blocks": 0, "Local Written Blocks": 0, "Temp Read Blocks": 0, "Temp Written Blocks": 0, "I/O Read Time": 141.404, "I/O Write Time": 0.0}, {"Node Type": "Index Scan", "Parent Relationship": "Inner", "Parallel Aware": false, "Scan Direction": "Forward", "Index Name": "movie_id_movie_info_idx", "Relation Name": "movie_info_idx", "Schema": "public", "Alias": "mi_idx", "Startup Cost": 0.43, "Total Cost": 50235.25, "Plan Rows": 456378, "Plan Width": 4, "Actual Startup Time": 0.149, "Actual Total Time": 590.888, "Actual Rows": 459925, "Actual Loops": 1, "Output": ["mi_idx.id", "mi_idx.movie_id", "mi_idx.info_type_id", "mi_idx.info", "mi_idx.note"], "Filter": "(mi_idx.info_type_id < 100)", "Rows Removed by Filter": 920110, "Shared Hit Blocks": 12935, "Shared Read Blocks": 12444, "Shared Dirtied Blocks": 0, "Shared Written Blocks": 0, "Local Hit Blocks": 0, "Local Read Blocks": 0, "Local Dirtied Blocks": 0, "Local Written Blocks": 0, "Temp Read Blocks": 0, "Temp Written Blocks": 0, "I/O Read Time": 69.35, "I/O Write Time": 0.0}]}]}, "Planning": {"Shared Hit Blocks": 102, "Shared Read Blocks": 26, "Shared Dirtied Blocks": 0, "Shared Written Blocks": 0, "Local Hit Blocks": 0, "Local Read Blocks": 0, "Local Dirtied Blocks": 0, "Local Written Blocks": 0, "Temp Read Blocks": 0, "Temp Written Blocks": 0, "I/O Read Time": 1.857, "I/O Write Time": 0.0}, "Planning Time": 2.865, "Triggers": [], "Execution Time": 1653.844}, "template": "scale", "query": "EXPLAIN (ANALYZE, COSTS, BUFFERS, VERBOSE, FORMAT JSON) SELECT COUNT(*) FROM title t,movie_info_idx mi_idx WHERE t.id=mi_idx.movie_id AND mi_idx.info_type_id<100;"}
{"planinfo": {"Plan": {"Node Type": "Aggregate", "Strategy": "Plain", "Partial Mode": "Simple", "Parallel Aware": false, "Startup Cost": 2455.19, "Total Cost": 2455.2, "Plan Rows": 1, "Plan Width": 8, "Actual Startup Time": 650.49, "Actual Total Time": 650.492, "Actual Rows": 1, "Actual Loops": 1, "Output": ["count(*)"], "Shared Hit Blocks": 27835, "Shared Read Blocks": 7901, "Shared Dirtied Blocks": 0, "Shared Written Blocks": 0, "Local Hit Blocks": 0, "Local Read Blocks": 0, "Local Dirtied Blocks": 0, "Local Written Blocks": 0, "Temp Read Blocks": 0, "Temp Written Blocks": 0, "I/O Read Time": 522.516, "I/O Write Time": 0.0, "Plans": [{"Node Type": "Nested Loop", "Parent Relationship": "Outer", "Parallel Aware": false, "Join Type": "Inner", "Startup Cost": 1.3, "Total Cost": 2451.58, "Plan Rows": 1442, "Plan Width": 0, "Actual Startup Time": 0.62, "Actual Total Time": 628.49, "Actual Rows": 202649, "Actual Loops": 1, "Inner Unique": false, "Shared Hit Blocks": 27835, "Shared Read Blocks": 7901, "Shared Dirtied Blocks": 0, "Shared Written Blocks": 0, "Local Hit Blocks": 0, "Local Read Blocks": 0, "Local Dirtied Blocks": 0, "Local Written Blocks": 0, "Temp Read Blocks": 0, "Temp Written Blocks": 0, "I/O Read Time": 522.516, "I/O Write Time": 0.0, "Plans": [{"Node Type": "Nested Loop", "Parent Relationship": "Outer", "Parallel Aware": false, "Join Type": "Inner", "Startup Cost": 0.86, "Total Cost": 2070.65, "Plan Rows": 246, "Plan Width": 8, "Actual Startup Time": 0.522, "Actual Total Time": 306.598, "Actual Rows": 3171, "Actual Loops": 1, "Output": ["t.id", "mk.movie_id"], "Inner Unique": true, "Shared Hit Blocks": 7546, "Shared Read Blocks": 5005, "Shared Dirtied Blocks": 0, "Shared Written Blocks": 0, "Local Hit Blocks": 0, "Local Read Blocks": 0, "Local Dirtied Blocks": 0, "Local Written Blocks": 0, "Temp Read Blocks": 0, "Temp Written Blocks": 0, "I/O Read Time": 282.368, "I/O Write Time": 0.0, "Plans": [{"Node Type": "Index Scan", "Parent Relationship": "Outer", "Parallel Aware": false, "Scan Direction": "Forward", "Index Name": "keyword_id_movie_keyword", "Relation Name": "movie_keyword", "Schema": "public", "Alias": "mk", "Startup Cost": 0.43, "Total Cost": 988.56, "Plan Rows": 246, "Plan Width": 4, "Actual Startup Time": 0.419, "Actual Total Time": 176.422, "Actual Rows": 3171, "Actual Loops": 1, "Output": ["mk.id", "mk.movie_id", "mk.keyword_id"], "Index Cond": "(mk.keyword_id = 769)", "Rows Removed by Index Recheck": 0, "Shared Hit Blocks": 0, "Shared Read Blocks": 2964, "Shared Dirtied Blocks": 0, "Shared Written Blocks": 0, "Local Hit Blocks": 0, "Local Read Blocks": 0, "Local Dirtied Blocks": 0, "Local Written Blocks": 0, "Temp Read Blocks": 0, "Temp Written Blocks": 0, "I/O Read Time": 170.514, "I/O Write Time": 0.0}, {"Node Type": "Index Only Scan", "Parent Relationship": "Inner", "Parallel Aware": false, "Scan Direction": "Forward", "Index Name": "title_pkey", "Relation Name": "title", "Schema": "public", "Alias": "t", "Startup Cost": 0.43, "Total Cost": 4.4, "Plan Rows": 1, "Plan Width": 4, "Actual Startup Time": 0.04, "Actual Total Time": 0.04, "Actual Rows": 1, "Actual Loops": 3171, "Output": ["t.id"], "Index Cond": "(t.id = mk.movie_id)", "Rows Removed by Index Recheck": 0, "Heap Fetches": 0, "Shared Hit Blocks": 7546, "Shared Read Blocks": 2041, "Shared Dirtied Blocks": 0, "Shared Written Blocks": 0, "Local Hit Blocks": 0, "Local Read Blocks": 0, "Local Dirtied Blocks": 0, "Local Written Blocks": 0, "Temp Read Blocks": 0, "Temp Written Blocks": 0, "I/O Read Time": 111.854, "I/O Write Time": 0.0}]}, {"Node Type": "Index Only Scan", "Parent Relationship": "Inner", "Parallel Aware": false, "Scan Direction": "Forward", "Index Name": "movie_id_movie_info", "Relation Name": "movie_info", "Schema": "public", "Alias": "mi", "Startup Cost": 0.43, "Total Cost": 1.16, "Plan Rows": 39, "Plan Width": 4, "Actual Startup Time": 0.082, "Actual Total Time": 0.093, "Actual Rows": 64, "Actual Loops": 3171, "Output": ["mi.movie_id"], "Index Cond": "(mi.movie_id = t.id)", "Rows Removed by Index Recheck": 0, "Heap Fetches": 0, "Shared Hit Blocks": 20289, "Shared Read Blocks": 2896, "Shared Dirtied Blocks": 0, "Shared Written Blocks": 0, "Local Hit Blocks": 0, "Local Read Blocks": 0, "Local Dirtied Blocks": 0, "Local Written Blocks": 0, "Temp Read Blocks": 0, "Temp Written Blocks": 0, "I/O Read Time": 240.148, "I/O Write Time": 0.0}]}]}, "Planning": {"Shared Hit Blocks": 181, "Shared Read Blocks": 38, "Shared Dirtied Blocks": 0, "Shared Written Blocks": 0, "Local Hit Blocks": 0, "Local Read Blocks": 0, "Local Dirtied Blocks": 0, "Local Written Blocks": 0, "Temp Read Blocks": 0, "Temp Written Blocks": 0, "I/O Read Time": 3.0, "I/O Write Time": 0.0}, "Planning Time": 4.746, "Triggers": [], "Execution Time": 650.585}, "template": "scale", "query": "EXPLAIN (ANALYZE, COSTS, BUFFERS, VERBOSE, FORMAT JSON) SELECT COUNT(*) FROM title t,movie_info mi,movie_keyword mk WHERE t.id=mi.movie_id AND t.id=mk.movie_id AND mk.keyword_id=769;"}
{"planinfo": {"Plan": {"Node Type": "Aggregate", "Strategy": "Plain", "Partial Mode": "Simple", "Parallel Aware": false, "Startup Cost": 207926.32, "Total Cost": 207926.33, "Plan Rows": 1, "Plan Width": 8, "Actual Startup Time": 2175.54, "Actual Total Time": 2175.541, "Actual Rows": 1, "Actual Loops": 1, "Output": ["count(*)"], "Shared Hit Blocks": 11, "Shared Read Blocks": 7026, "Shared Dirtied Blocks": 0, "Shared Written Blocks": 0, "Local Hit Blocks": 0, "Local Read Blocks": 0, "Local Dirtied Blocks": 0, "Local Written Blocks": 0, "Temp Read Blocks": 0, "Temp Written Blocks": 0, "I/O Read Time": 39.7, "I/O Write Time": 0.0, "Plans": [{"Node Type": "Index Only Scan", "Parent Relationship": "Outer", "Parallel Aware": false, "Scan Direction": "Forward", "Index Name": "info_type_id_movie_info", "Relation Name": "movie_info", "Schema": "public", "Alias": "mi", "Startup Cost": 0.43, "Total Cost": 185488.58, "Plan Rows": 8975094, "Plan Width": 0, "Actual Startup Time": 0.027, "Actual Total Time": 1305.325, "Actual Rows": 8966694, "Actual Loops": 1, "Output": ["info_type_id"], "Index Cond": "(mi.info_type_id < 15)", "Rows Removed by Index Recheck": 0, "Heap Fetches": 0, "Shared Hit Blocks": 11, "Shared Read Blocks": 7026, "Shared Dirtied Blocks": 0, "Shared Written Blocks": 0, "Local Hit Blocks": 0, "Local Read Blocks": 0, "Local Dirtied Blocks": 0, "Local Written Blocks": 0, "Temp Read Blocks": 0, "Temp Written Blocks": 0, "I/O Read Time": 39.7, "I/O Write Time": 0.0}]}, "Planning": {"Shared Hit Blocks": 46, "Shared Read Blocks": 15, "Shared Dirtied Blocks": 0, "Shared Written Blocks": 0, "Local Hit Blocks": 0, "Local Read Blocks": 0, "Local Dirtied Blocks": 0, "Local Written Blocks": 0, "Temp Read Blocks": 0, "Temp Written Blocks": 0, "I/O Read Time": 0.926, "I/O Write Time": 0.0}, "Planning Time": 1.437, "Triggers": [], "Execution Time": 2175.586}, "template": "scale", "query": "EXPLAIN (ANALYZE, COSTS, BUFFERS, VERBOSE, FORMAT JSON) SELECT COUNT(*) FROM movie_info mi WHERE mi.info_type_id<15;"}
{"planinfo": {"Plan": {"Node Type": "Aggregate", "Strategy": "Plain", "Partial Mode": "Simple", "Parallel Aware": false, "Startup Cost": 116049.01, "Total Cost": 116049.02, "Plan Rows": 1, "Plan Width": 8, "Actual Startup Time": 1405.931, "Actual Total Time": 1405.934, "Actual Rows": 1, "Actual Loops": 1, "Output": ["count(*)"], "Shared Hit Blocks": 62790, "Shared Read Blocks": 52004, "Shared Dirtied Blocks": 0, "Shared Written Blocks": 0, "Local Hit Blocks": 0, "Local Read Blocks": 0, "Local Dirtied Blocks": 0, "Local Written Blocks": 0, "Temp Read Blocks": 0, "Temp Written Blocks": 0, "I/O Read Time": 317.455, "I/O Write Time": 0.0, "Plans": [{"Node Type": "Nested Loop", "Parent Relationship": "Outer", "Parallel Aware": false, "Join Type": "Inner", "Startup Cost": 74155.74, "Total Cost": 116033.47, "Plan Rows": 6218, "Plan Width": 0, "Actual Startup Time": 561.201, "Actual Total Time": 1395.277, "Actual Rows": 74468, "Actual Loops": 1, "Inner Unique": false, "Join Filter": "(t.id = mk.movie_id)", "Rows Removed by Join Filter": 0, "Shared Hit Blocks": 62790, "Shared Read Blocks": 52004, "Shared Dirtied Blocks": 0, "Shared Written Blocks": 0, "Local Hit Blocks": 0, "Local Read Blocks": 0, "Local Dirtied Blocks": 0, "Local Written Blocks": 0, "Temp Read Blocks": 0, "Temp Written Blocks": 0, "I/O Read Time": 317.455, "I/O Write Time": 0.0, "Plans": [{"Node Type": "Hash Join", "Parent Relationship": "Outer", "Parallel Aware": false, "Join Type": "Inner", "Startup Cost": 74155.31, "Total Cost": 99513.27, "Plan Rows": 10021, "Plan Width": 8, "Actual Startup Time": 559.33, "Actual Total Time": 1013.953, "Actual Rows": 18985, "Actual Loops": 1, "Output": ["t.id", "mi_idx.movie_id"], "Inner Unique": true, "Hash Cond": "(mi_idx.movie_id = t.id)", "Shared Hit Blocks": 3, "Shared Read Blocks": 43933, "Shared Dirtied Blocks": 0, "Shared Written Blocks": 0, "Local Hit Blocks": 0, "Local Read Blocks": 0, "Local Dirtied Blocks": 0, "Local Written Blocks": 0, "Temp Read Blocks": 0, "Temp Written Blocks": 0, "I/O Read Time": 109.156, "I/O Write Time": 0.0, "Plans": [{"Node Type": "Seq Scan", "Parent Relationship": "Outer", "Parallel Aware": false, "Relation Name": "movie_info_idx", "Schema": "public", "Alias": "mi_idx", "Startup Cost": 0.0, "Total Cost": 21735.35, "Plan Rows": 1380035, "Plan Width": 4, "Actual Startup Time": 0.122, "Actual Total Time": 187.191, "Actual Rows": 1380035, "Actual Loops": 1, "Output": ["mi_idx.id", "mi_idx.movie_id", "mi_idx.info_type_id", "mi_idx.info", "mi_idx.note"], "Shared Hit Blocks": 0, "Shared Read Blocks": 7935, "Shared Dirtied Blocks": 0, "Shared Written Blocks": 0, "Local Hit Blocks": 0, "Local Read Blocks": 0, "Local Dirtied Blocks": 0, "Local Written Blocks": 0, "Temp Read Blocks": 0, "Temp Written Blocks": 0, "I/O Read Time": 41.556, "I/O Write Time": 0.0}, {"Node Type": "Hash", "Parent Relationship": "Inner", "Parallel Aware": false, "Startup Cost": 73925.8, "Total Cost": 73925.8, "Plan Rows": 18361, "Plan Width": 4, "Actual Startup Time": 558.914, "Actual Total Time": 558.914, "Actual Rows": 14449, "Actual Loops": 1, "Output": ["t.id"], "Hash Buckets": 32768, "Original Hash Buckets": 32768, "Hash Batches": 1, "Original Hash Batches": 1, "Peak Memory Usage": 764, "Shared Hit Blocks": 0, "Shared Read Blocks": 35998, "Shared Dirtied Blocks": 0, "Shared Written Blocks": 0, "Local Hit Blocks": 0, "Local Read Blocks": 0, "Local Dirtied Blocks": 0, "Local Written Blocks": 0, "Temp Read Blocks": 0, "Temp Written Blocks": 0, "I/O Read Time": 67.6, "I/O Write Time": 0.0, "Plans": [{"Node Type": "Seq Scan", "Parent Relationship": "Outer", "Parallel Aware": false, "Relation Name": "title", "Schema": "public", "Alias": "t", "Startup Cost": 0.0, "Total Cost": 73925.8, "Plan Rows": 18361, "Plan Width": 4, "Actual Startup Time": 1.447, "Actual Total Time": 552.372, "Actual Rows": 14449, "Actual Loops": 1, "Output": ["t.id"], "Filter": "((t.kind_id < 7) AND (t.production_year = 1998))", "Rows Removed by Filter": 2513863, "Shared Hit Blocks": 0, "Shared Read Blocks": 35998, "Shared Dirtied Blocks": 0, "Shared Written Blocks": 0, "Local Hit Blocks": 0, "Local Read Blocks": 0, "Local Dirtied Blocks": 0, "Local Written Blocks": 0, "Temp Read Blocks": 0, "Temp Written Blocks": 0, "I/O Read Time": 67.6, "I/O Write Time": 0.0}]}]}, {"Node Type": "Index Scan", "Parent Relationship": "Inner", "Parallel Aware": false, "Scan Direction": "Forward", "Index Name": "movie_id_movie_keyword", "Relation Name": "movie_keyword", "Schema": "public", "Alias": "mk", "Startup Cost": 0.43, "Total Cost": 1.45, "Plan Rows": 16, "Plan Width": 4, "Actual Startup Time": 0.015, "Actual Total Time": 0.019, "Actual Rows": 4, "Actual Loops": 18985, "Output": ["mk.id", "mk.movie_id", "mk.keyword_id"], "Index Cond": "(mk.movie_id = mi_idx.movie_id)", "Rows Removed by Index Recheck": 0, "Filter": "(mk.keyword_id < 2402)", "Rows Removed by Filter": 7, "Shared Hit Blocks": 62787, "Shared Read Blocks": 8071, "Shared Dirtied Blocks": 0, "Shared Written Blocks": 0, "Local Hit Blocks": 0, "Local Read Blocks": 0, "Local Dirtied Blocks": 0, "Local Written Blocks": 0, "Temp Read Blocks": 0, "Temp Written Blocks": 0, "I/O Read Time": 208.299, "I/O Write Time": 0.0}]}]}, "Planning": {"Shared Hit Blocks": 188, "Shared Read Blocks": 37, "Shared Dirtied Blocks": 0, "Shared Written Blocks": 0, "Local Hit Blocks": 0, "Local Read Blocks": 0, "Local Dirtied Blocks": 0, "Local Written Blocks": 0, "Temp Read Blocks": 0, "Temp Written Blocks": 0, "I/O Read Time": 2.7, "I/O Write Time": 0.0}, "Planning Time": 4.22, "Triggers": [], "Execution Time": 1406.091}, "template": "scale", "query": "EXPLAIN (ANALYZE, COSTS, BUFFERS, VERBOSE, FORMAT JSON) SELECT COUNT(*) FROM title t,movie_info_idx mi_idx,movie_keyword mk WHERE t.id=mi_idx.movie_id AND t.id=mk.movie_id AND t.kind_id<7 AND t.production_year=1998 AND mk.keyword_id<2402;"}
{"planinfo": {"Plan": {"Node Type": "Aggregate", "Strategy": "Plain", "Partial Mode": "Simple", "Parallel Aware": false, "Startup Cost": 1961.47, "Total Cost": 1961.48, "Plan Rows": 1, "Plan Width": 8, "Actual Startup Time": 24.245, "Actual Total Time": 24.248, "Actual Rows": 1, "Actual Loops": 1, "Output": ["count(*)"], "Shared Hit Blocks": 1460, "Shared Read Blocks": 234, "Shared Dirtied Blocks": 0, "Shared Written Blocks": 0, "Local Hit Blocks": 0, "Local Read Blocks": 0, "Local Dirtied Blocks": 0, "Local Written Blocks": 0, "Temp Read Blocks": 0, "Temp Written Blocks": 0, "I/O Read Time": 21.457, "I/O Write Time": 0.0, "Plans": [{"Node Type": "Nested Loop", "Parent Relationship": "Outer", "Parallel Aware": false, "Join Type": "Inner", "Startup Cost": 2.16, "Total Cost": 1961.46, "Plan Rows": 7, "Plan Width": 0, "Actual Startup Time": 9.811, "Actual Total Time": 24.236, "Actual Rows": 21, "Actual Loops": 1, "Inner Unique": false, "Shared Hit Blocks": 1460, "Shared Read Blocks": 234, "Shared Dirtied Blocks": 0, "Shared Written Blocks": 0, "Local Hit Blocks": 0, "Local Read Blocks": 0, "Local Dirtied Blocks": 0, "Local Written Blocks": 0, "Temp Read Blocks": 0, "Temp Written Blocks": 0, "I/O Read Time": 21.457, "I/O Write Time": 0.0, "Plans": [{"Node Type": "Nested Loop", "Parent Relationship": "Outer", "Parallel Aware": false, "Join Type": "Inner", "Startup Cost": 1.73, "Total Cost": 1954.46, "Plan Rows": 4, "Plan Width": 16, "Actual Startup Time": 2.882, "Actual Total Time": 22.718, "Actual Rows": 30, "Actual Loops": 1, "Output": ["t.id", "mc.movie_id", "ci.movie_id", "mi_idx.movie_id"], "Inner Unique": false, "Join Filter": "(t.id = mc.movie_id)", "Rows Removed by Join Filter": 0, "Shared Hit Blocks": 1384, "Shared Read Blocks": 219, "Shared Dirtied Blocks": 0, "Shared Written Blocks": 0, "Local Hit Blocks": 0, "Local Read Blocks": 0, "Local Dirtied Blocks": 0, "Local Written Blocks": 0, "Temp Read Blocks": 0, "Temp Written Blocks": 0, "I/O Read Time": 20.102, "I/O Write Time": 0.0, "Plans": [{"Node Type": "Nested Loop", "Parent Relationship": "Outer", "Parallel Aware": false, "Join Type": "Inner", "Startup Cost": 1.3, "Total Cost": 1939.06, "Plan Rows": 25, "Plan Width": 12, "Actual Startup Time": 1.071, "Actual Total Time": 17.342, "Actual Rows": 54, "Actual Loops": 1, "Output": ["t.id", "ci.movie_id", "mi_idx.movie_id"], "Inner Unique": true, "Join Filter": "(ci.movie_id = t.id)", "Rows Removed by Join Filter": 0, "Shared Hit Blocks": 1195, "Shared Read Blocks": 165, "Shared Dirtied Blocks": 0, "Shared Written Blocks": 0, "Local Hit Blocks": 0, "Local Read Blocks": 0, "Local Dirtied Blocks": 0, "Local Written Blocks": 0, "Temp Read Blocks": 0, "Temp Written Blocks": 0, "I/O Read Time": 15.174, "I/O Write Time": 0.0, "Plans": [{"Node Type": "Nested Loop", "Parent Relationship": "Outer", "Parallel Aware": false, "Join Type": "Inner", "Startup Cost": 0.87, "Total Cost": 1796.75, "Plan Rows": 240, "Plan Width": 8, "Actual Startup Time": 0.775, "Actual Total Time": 9.219, "Actual Rows": 135, "Actual Loops": 1, "Output": ["ci.movie_id", "mi_idx.movie_id"], "Inner Unique": false, "Shared Hit Blocks": 735, "Shared Read Blocks": 85, "Shared Dirtied Blocks": 0, "Shared Written Blocks": 0, "Local Hit Blocks": 0, "Local Read Blocks": 0, "Local Dirtied Blocks": 0, "Local Written Blocks": 0, "Temp Read Blocks": 0, "Temp Written Blocks": 0, "I/O Read Time": 7.864, "I/O Write Time": 0.0, "Plans": [{"Node Type": "Index Scan", "Parent Relationship": "Outer", "Parallel Aware": false, "Scan Direction": "Forward", "Index Name": "person_id_cast_info", "Relation Name": "cast_info", "Schema": "public", "Alias": "ci", "Startup Cost": 0.44, "Total Cost": 1042.05, "Plan Rows": 170, "Plan Width": 4, "Actual Startup Time": 0.488, "Actual Total Time": 1.128, "Actual Rows": 270, "Actual Loops": 1, "Output": ["ci.id", "ci.person_id", "ci.movie_id", "ci.person_role_id", "ci.note", "ci.nr_order", "ci.role_id"], "Index Cond": "(ci.person_id = 613664)", "Rows Removed by Index Recheck": 0, "Filter": "(ci.role_id = 1)", "Rows Removed by Filter": 6, "Shared Hit Blocks": 0, "Shared Read Blocks": 9, "Shared Dirtied Blocks": 0, "Shared Written Blocks": 0, "Local Hit Blocks": 0, "Local Read Blocks": 0, "Local Dirtied Blocks": 0, "Local Written Blocks": 0, "Temp Read Blocks": 0, "Temp Written Blocks": 0, "I/O Read Time": 0.951, "I/O Write Time": 0.0}, {"Node Type": "Index Only Scan", "Parent Relationship": "Inner", "Parallel Aware": false, "Scan Direction": "Forward", "Index Name": "movie_id_movie_info_idx", "Relation Name": "movie_info_idx", "Schema": "public", "Alias": "mi_idx", "Startup Cost": 0.43, "Total Cost": 4.41, "Plan Rows": 3, "Plan Width": 4, "Actual Startup Time": 0.029, "Actual Total Time": 0.029, "Actual Rows": 0, "Actual Loops": 270, "Output": ["mi_idx.movie_id"], "Index Cond": "(mi_idx.movie_id = ci.movie_id)", "Rows Removed by Index Recheck": 0, "Heap Fetches": 0, "Shared Hit Blocks": 735, "Shared Read Blocks": 76, "Shared Dirtied Blocks": 0, "Shared Written Blocks": 0, "Local Hit Blocks": 0, "Local Read Blocks": 0, "Local Dirtied Blocks": 0, "Local Written Blocks": 0, "Temp Read Blocks": 0, "Temp Written Blocks": 0, "I/O Read Time": 6.913, "I/O Write Time": 0.0}]}, {"Node Type": "Index Scan", "Parent Relationship": "Inner", "Parallel Aware": false, "Scan Direction": "Forward", "Index Name": "title_pkey", "Relation Name": "title", "Schema": "public", "Alias": "t", "Startup Cost": 0.43, "Total Cost": 0.58, "Plan Rows": 1, "Plan Width": 4, "Actual Startup Time": 0.059, "Actual Total Time": 0.059, "Actual Rows": 0, "Actual Loops": 135, "Output": ["t.id", "t.title", "t.imdb_index", "t.kind_id", "t.production_year", "t.imdb_id", "t.phonetic_code", "t.episode_of_id", "t.season_nr", "t.episode_nr", "t.series_years", "t.md5sum"], "Index Cond": "(t.id = mi_idx.movie_id)", "Rows Removed by Index Recheck": 0, "Filter": "(t.kind_id < 2)", "Rows Removed by Filter": 1, "Shared Hit Blocks": 460, "Shared Read Blocks": 80, "Shared Dirtied Blocks": 0, "Shared Written Blocks": 0, "Local Hit Blocks": 0, "Local Read Blocks": 0, "Local Dirtied Blocks": 0, "Local Written Blocks": 0, "Temp Read Blocks": 0, "Temp Written Blocks": 0, "I/O Read Time": 7.31, "I/O Write Time": 0.0}]}, {"Node Type": "Index Scan", "Parent Relationship": "Inner", "Parallel Aware": false, "Scan Direction": "Forward", "Index Name": "movie_id_movie_companies", "Relation Name": "movie_companies", "Schema": "public", "Alias": "mc", "Startup Cost": 0.43, "Total Cost": 0.6, "Plan Rows": 1, "Plan Width": 4, "Actual Startup Time": 0.098, "Actual Total Time": 0.099, "Actual Rows": 1, "Actual Loops": 54, "Output": ["mc.id", "mc.movie_id", "mc.company_id", "mc.company_type_id", "mc.note"], "Index Cond": "(mc.movie_id = mi_idx.movie_id)", "Rows Removed by Index Recheck": 0, "Filter": "(mc.company_id > 80011)", "Rows Removed by Filter": 3, "Shared Hit Blocks": 189, "Shared Read Blocks": 54, "Shared Dirtied Blocks": 0, "Shared Written Blocks": 0, "Local Hit Blocks": 0, "Local Read Blocks": 0, "Local Dirtied Blocks": 0, "Local Written Blocks": 0, "Temp Read Blocks": 0, "Temp Written Blocks": 0, "I/O Read Time": 4.928, "I/O Write Time": 0.0}]}, {"Node Type": "Index Only Scan", "Parent Relationship": "Inner", "Parallel Aware": false, "Scan Direction": "Forward", "Index Name": "movie_id_movie_keyword", "Relation Name": "movie_keyword", "Schema": "public", "Alias": "mk", "Startup Cost": 0.43, "Total Cost": 1.29, "Plan Rows": 46, "Plan Width": 4, "Actual Startup Time": 0.05, "Actual Total Time": 0.05, "Actual Rows": 1, "Actual Loops": 30, "Output": ["mk.movie_id"], "Index Cond": "(mk.movie_id = t.id)", "Rows Removed by Index Recheck": 0, "Heap Fetches": 0, "Shared Hit Blocks": 76, "Shared Read Blocks": 15, "Shared Dirtied Blocks": 0, "Shared Written Blocks": 0, "Local Hit Blocks": 0, "Local Read Blocks": 0, "Local Dirtied Blocks": 0, "Local Written Blocks": 0, "Temp Read Blocks": 0, "Temp Written Blocks": 0, "I/O Read Time": 1.355, "I/O Write Time": 0.0}]}]}, "Planning": {"Shared Hit Blocks": 481, "Shared Read Blocks": 63, "Shared Dirtied Blocks": 0, "Shared Written Blocks": 0, "Local Hit Blocks": 0, "Local Read Blocks": 0, "Local Dirtied Blocks": 0, "Local Written Blocks": 0, "Temp Read Blocks": 0, "Temp Written Blocks": 0, "I/O Read Time": 5.22, "I/O Write Time": 0.0}, "Planning Time": 9.939, "Triggers": [], "Execution Time": 24.425}, "template": "scale", "query": "EXPLAIN (ANALYZE, COSTS, BUFFERS, VERBOSE, FORMAT JSON) SELECT COUNT(*) FROM title t,movie_companies mc,cast_info ci,movie_info_idx mi_idx,movie_keyword mk WHERE t.id=mc.movie_id AND t.id=ci.movie_id AND t.id=mi_idx.movie_id AND t.id=mk.movie_id AND t.kind_id<2 AND mc.company_id>80011 AND ci.person_id=613664 AND ci.role_id=1;"}
{"planinfo": {"Plan": {"Node Type": "Aggregate", "Strategy": "Plain", "Partial Mode": "Simple", "Parallel Aware": false, "Startup Cost": 78226.21, "Total Cost": 78226.22, "Plan Rows": 1, "Plan Width": 8, "Actual Startup Time": 988.182, "Actual Total Time": 988.183, "Actual Rows": 1, "Actual Loops": 1, "Output": ["count(*)"], "Shared Hit Blocks": 0, "Shared Read Blocks": 3942, "Shared Dirtied Blocks": 0, "Shared Written Blocks": 0, "Local Hit Blocks": 0, "Local Read Blocks": 0, "Local Dirtied Blocks": 0, "Local Written Blocks": 0, "Temp Read Blocks": 0, "Temp Written Blocks": 0, "I/O Read Time": 218.102, "I/O Write Time": 0.0, "Plans": [{"Node Type": "Index Only Scan", "Parent Relationship": "Outer", "Parallel Aware": false, "Scan Direction": "Forward", "Index Name": "keyword_id_movie_keyword", "Relation Name": "movie_keyword", "Schema": "public", "Alias": "mk", "Startup Cost": 0.43, "Total Cost": 70334.49, "Plan Rows": 3156689, "Plan Width": 0, "Actual Startup Time": 0.532, "Actual Total Time": 680.846, "Actual Rows": 3143191, "Actual Loops": 1, "Output": ["keyword_id"], "Index Cond": "(mk.keyword_id > 1828)", "Rows Removed by Index Recheck": 0, "Heap Fetches": 0, "Shared Hit Blocks": 0, "Shared Read Blocks": 3942, "Shared Dirtied Blocks": 0, "Shared Written Blocks": 0, "Local Hit Blocks": 0, "Local Read Blocks": 0, "Local Dirtied Blocks": 0, "Local Written Blocks": 0, "Temp Read Blocks": 0, "Temp Written Blocks": 0, "I/O Read Time": 218.102, "I/O Write Time": 0.0}]}, "Planning": {"Shared Hit Blocks": 51, "Shared Read Blocks": 9, "Shared Dirtied Blocks": 0, "Shared Written Blocks": 0, "Local Hit Blocks": 0, "Local Read Blocks": 0, "Local Dirtied Blocks": 0, "Local Written Blocks": 0, "Temp Read Blocks": 0, "Temp Written Blocks": 0, "I/O Read Time": 0.591, "I/O Write Time": 0.0}, "Planning Time": 0.996, "Triggers": [], "Execution Time": 988.214}, "template": "scale", "query": "EXPLAIN (ANALYZE, COSTS, BUFFERS, VERBOSE, FORMAT JSON) SELECT COUNT(*) FROM movie_keyword mk WHERE mk.keyword_id>1828;"}
{"planinfo": {"Plan": {"Node Type": "Aggregate", "Strategy": "Plain", "Partial Mode": "Simple", "Parallel Aware": false, "Startup Cost": 708567.74, "Total Cost": 708567.75, "Plan Rows": 1, "Plan Width": 8, "Actual Startup Time": 7710.679, "Actual Total Time": 7710.68, "Actual Rows": 1, "Actual Loops": 1, "Output": ["count(*)"], "Shared Hit Blocks": 1213780, "Shared Read Blocks": 38865, "Shared Dirtied Blocks": 0, "Shared Written Blocks": 0, "Local Hit Blocks": 0, "Local Read Blocks": 0, "Local Dirtied Blocks": 0, "Local Written Blocks": 0, "Temp Read Blocks": 0, "Temp Written Blocks": 0, "I/O Read Time": 552.858, "I/O Write Time": 0.0, "Plans": [{"Node Type": "Index Only Scan", "Parent Relationship": "Outer", "Parallel Aware": false, "Scan Direction": "Forward", "Index Name": "person_id_cast_info", "Relation Name": "cast_info", "Schema": "public", "Alias": "ci", "Startup Cost": 0.44, "Total Cost": 639928.83, "Plan Rows": 27455565, "Plan Width": 0, "Actual Startup Time": 0.402, "Actual Total Time": 5065.798, "Actual Rows": 27301880, "Actual Loops": 1, "Output": ["person_id"], "Index Cond": "(ci.person_id > 880054)", "Rows Removed by Index Recheck": 0, "Heap Fetches": 0, "Shared Hit Blocks": 1213780, "Shared Read Blocks": 38865, "Shared Dirtied Blocks": 0, "Shared Written Blocks": 0, "Local Hit Blocks": 0, "Local Read Blocks": 0, "Local Dirtied Blocks": 0, "Local Written Blocks": 0, "Temp Read Blocks": 0, "Temp Written Blocks": 0, "I/O Read Time": 552.858, "I/O Write Time": 0.0}]}, "Planning": {"Shared Hit Blocks": 72, "Shared Read Blocks": 13, "Shared Dirtied Blocks": 0, "Shared Written Blocks": 0, "Local Hit Blocks": 0, "Local Read Blocks": 0, "Local Dirtied Blocks": 0, "Local Written Blocks": 0, "Temp Read Blocks": 0, "Temp Written Blocks": 0, "I/O Read Time": 0.962, "I/O Write Time": 0.0}, "Planning Time": 1.532, "Triggers": [], "Execution Time": 7710.729}, "template": "scale", "query": "EXPLAIN (ANALYZE, COSTS, BUFFERS, VERBOSE, FORMAT JSON) SELECT COUNT(*) FROM cast_info ci WHERE ci.person_id>880054;"}
{"planinfo": {"Plan": {"Node Type": "Aggregate", "Strategy": "Plain", "Partial Mode": "Simple", "Parallel Aware": false, "Startup Cost": 426795.28, "Total Cost": 426795.29, "Plan Rows": 1, "Plan Width": 8, "Actual Startup Time": 3661.968, "Actual Total Time": 3661.973, "Actual Rows": 1, "Actual Loops": 1, "Output": ["count(*)"], "Shared Hit Blocks": 3, "Shared Read Blocks": 197991, "Shared Dirtied Blocks": 0, "Shared Written Blocks": 0, "Local Hit Blocks": 0, "Local Read Blocks": 0, "Local Dirtied Blocks": 0, "Local Written Blocks": 0, "Temp Read Blocks": 0, "Temp Written Blocks": 0, "I/O Read Time": 346.003, "I/O Write Time": 0.0, "Plans": [{"Node Type": "Hash Join", "Parent Relationship": "Outer", "Parallel Aware": false, "Join Type": "Inner", "Startup Cost": 74562.81, "Total Cost": 426700.94, "Plan Rows": 37733, "Plan Width": 0, "Actual Startup Time": 742.457, "Actual Total Time": 3659.413, "Actual Rows": 17266, "Actual Loops": 1, "Inner Unique": true, "Hash Cond": "(mi.movie_id = t.id)", "Shared Hit Blocks": 3, "Shared Read Blocks": 197991, "Shared Dirtied Blocks": 0, "Shared Written Blocks": 0, "Local Hit Blocks": 0, "Local Read Blocks": 0, "Local Dirtied Blocks": 0, "Local Written Blocks": 0, "Temp Read Blocks": 0, "Temp Written Blocks": 0, "I/O Read Time": 346.003, "I/O Write Time": 0.0, "Plans": [{"Node Type": "Seq Scan", "Parent Relationship": "Outer", "Parallel Aware": false, "Relation Name": "movie_info", "Schema": "public", "Alias": "mi", "Startup Cost": 0.0, "Total Cost": 347223.62, "Plan Rows": 1872189, "Plan Width": 4, "Actual Startup Time": 172.223, "Actual Total Time": 2743.469, "Actual Rows": 1865632, "Actual Loops": 1, "Output": ["mi.id", "mi.movie_id", "mi.info_type_id", "mi.info", "mi.note"], "Filter": "(mi.info_type_id > 17)", "Rows Removed by Filter": 12970088, "Shared Hit Blocks": 0, "Shared Read Blocks": 161993, "Shared Dirtied Blocks": 0, "Shared Written Blocks": 0, "Local Hit Blocks": 0, "Local Read Blocks": 0, "Local Dirtied Blocks": 0, "Local Written Blocks": 0, "Temp Read Blocks": 0, "Temp Written Blocks": 0, "I/O Read Time": 280.207, "I/O Write Time": 0.0}, {"Node Type": "Hash", "Parent Relationship": "Inner", "Parallel Aware": false, "Startup Cost": 73925.8, "Total Cost": 73925.8, "Plan Rows": 50961, "Plan Width": 4, "Actual Startup Time": 569.845, "Actual Total Time": 569.847, "Actual Rows": 56995, "Actual Loops": 1, "Output": ["t.id"], "Hash Buckets": 65536, "Original Hash Buckets": 65536, "Hash Batches": 1, "Original Hash Batches": 1, "Peak Memory Usage": 2516, "Shared Hit Blocks": 0, "Shared Read Blocks": 35998, "Shared Dirtied Blocks": 0, "Shared Written Blocks": 0, "Local Hit Blocks": 0, "Local Read Blocks": 0, "Local Dirtied Blocks": 0, "Local Written Blocks": 0, "Temp Read Blocks": 0, "Temp Written Blocks": 0, "I/O Read Time": 65.796, "I/O Write Time": 0.0, "Plans": [{"Node Type": "Seq Scan", "Parent Relationship": "Outer", "Parallel Aware": false, "Relation Name": "title", "Schema": "public", "Alias": "t", "Startup Cost": 0.0, "Total Cost": 73925.8, "Plan Rows": 50961, "Plan Width": 4, "Actual Startup Time": 0.161, "Actual Total Time": 548.121, "Actual Rows": 56995, "Actual Loops": 1, "Output": ["t.id"], "Filter": "((t.kind_id > 1) AND (t.production_year = 2003))", "Rows Removed by Filter": 2471317, "Shared Hit Blocks": 0, "Shared Read Blocks": 35998, "Shared Dirtied Blocks": 0, "Shared Written Blocks": 0, "Local Hit Blocks": 0, "Local Read Blocks": 0, "Local Dirtied Blocks": 0, "Local Written Blocks": 0, "Temp Read Blocks": 0, "Temp Written Blocks": 0, "I/O Read Time": 65.796, "I/O Write Time": 0.0}]}]}]}, "Planning": {"Shared Hit Blocks": 109, "Shared Read Blocks": 32, "Shared Dirtied Blocks": 0, "Shared Written Blocks": 0, "Local Hit Blocks": 0, "Local Read Blocks": 0, "Local Dirtied Blocks": 0, "Local Written Blocks": 0, "Temp Read Blocks": 0, "Temp Written Blocks": 0, "I/O Read Time": 2.098, "I/O Write Time": 0.0}, "Planning Time": 3.11, "Triggers": [], "Execution Time": 3662.309}, "template": "scale", "query": "EXPLAIN (ANALYZE, COSTS, BUFFERS, VERBOSE, FORMAT JSON) SELECT COUNT(*) FROM title t,movie_info mi WHERE t.id=mi.movie_id AND t.kind_id>1 AND t.production_year=2003 AND mi.info_type_id>17;"}
{"planinfo": {"Plan": {"Node Type": "Aggregate", "Strategy": "Plain", "Partial Mode": "Simple", "Parallel Aware": false, "Startup Cost": 214247.89, "Total Cost": 214247.9, "Plan Rows": 1, "Plan Width": 8, "Actual Startup Time": 3704.601, "Actual Total Time": 3704.604, "Actual Rows": 1, "Actual Loops": 1, "Output": ["count(*)"], "Shared Hit Blocks": 3, "Shared Read Blocks": 60452, "Shared Dirtied Blocks": 0, "Shared Written Blocks": 0, "Local Hit Blocks": 0, "Local Read Blocks": 0, "Local Dirtied Blocks": 0, "Local Written Blocks": 0, "Temp Read Blocks": 12113, "Temp Written Blocks": 12113, "I/O Read Time": 186.63, "I/O Write Time": 0.0, "Plans": [{"Node Type": "Hash Join", "Parent Relationship": "Outer", "Parallel Aware": false, "Join Type": "Inner", "Startup Cost": 92051.75, "Total Cost": 210754.32, "Plan Rows": 1397429, "Plan Width": 0, "Actual Startup Time": 1003.997, "Actual Total Time": 3666.146, "Actual Rows": 372207, "Actual Loops": 1, "Inner Unique": true, "Hash Cond": "(mk.movie_id = t.id)", "Shared Hit Blocks": 3, "Shared Read Blocks": 60452, "Shared Dirtied Blocks": 0, "Shared Written Blocks": 0, "Local Hit Blocks": 0, "Local Read Blocks": 0, "Local Dirtied Blocks": 0, "Local Written Blocks": 0, "Temp Read Blocks": 12113, "Temp Written Blocks": 12113, "I/O Read Time": 186.63, "I/O Write Time": 0.0, "Plans": [{"Node Type": "Seq Scan", "Parent Relationship": "Outer", "Parallel Aware": false, "Relation Name": "movie_keyword", "Schema": "public", "Alias": "mk", "Startup Cost": 0.0, "Total Cost": 81003.12, "Plan Rows": 3198261, "Plan Width": 4, "Actual Startup Time": 0.881, "Actual Total Time": 1104.902, "Actual Rows": 3195952, "Actual Loops": 1, "Output": ["mk.movie_id"], "Filter": "(mk.keyword_id > 1733)", "Rows Removed by Filter": 1327978, "Shared Hit Blocks": 0, "Shared Read Blocks": 24454, "Shared Dirtied Blocks": 0, "Shared Written Blocks": 0, "Local Hit Blocks": 0, "Local Read Blocks": 0, "Local Dirtied Blocks": 0, "Local Written Blocks": 0, "Temp Read Blocks": 0, "Temp Written Blocks": 0, "I/O Read Time": 125.501, "I/O Write Time": 0.0}, {"Node Type": "Hash", "Parent Relationship": "Inner", "Parallel Aware": false, "Startup Cost": 73925.8, "Total Cost": 73925.8, "Plan Rows": 1104796, "Plan Width": 4, "Actual Startup Time": 1002.034, "Actual Total Time": 1002.035, "Actual Rows": 1213086, "Actual Loops": 1, "Output": ["t.id"], "Hash Buckets": 131072, "Original Hash Buckets": 131072, "Hash Batches": 16, "Original Hash Batches": 16, "Peak Memory Usage": 3701, "Shared Hit Blocks": 0, "Shared Read Blocks": 35998, "Shared Dirtied Blocks": 0, "Shared Written Blocks": 0, "Local Hit Blocks": 0, "Local Read Blocks": 0, "Local Dirtied Blocks": 0, "Local Written Blocks": 0, "Temp Read Blocks": 0, "Temp Written Blocks": 3324, "I/O Read Time": 61.129, "I/O Write Time": 0.0, "Plans": [{"Node Type": "Seq Scan", "Parent Relationship": "Outer", "Parallel Aware": false, "Relation Name": "title", "Schema": "public", "Alias": "t", "Startup Cost": 0.0, "Total Cost": 73925.8, "Plan Rows": 1104796, "Plan Width": 4, "Actual Startup Time": 0.158, "Actual Total Time": 640.198, "Actual Rows": 1213086, "Actual Loops": 1, "Output": ["t.id"], "Filter": "((t.production_year > 1986) AND (t.kind_id = 7))", "Rows Removed by Filter": 1315226, "Shared Hit Blocks": 0, "Shared Read Blocks": 35998, "Shared Dirtied Blocks": 0, "Shared Written Blocks": 0, "Local Hit Blocks": 0, "Local Read Blocks": 0, "Local Dirtied Blocks": 0, "Local Written Blocks": 0, "Temp Read Blocks": 0, "Temp Written Blocks": 0, "I/O Read Time": 61.129, "I/O Write Time": 0.0}]}]}]}, "Planning": {"Shared Hit Blocks": 110, "Shared Read Blocks": 26, "Shared Dirtied Blocks": 0, "Shared Written Blocks": 0, "Local Hit Blocks": 0, "Local Read Blocks": 0, "Local Dirtied Blocks": 0, "Local Written Blocks": 0, "Temp Read Blocks": 0, "Temp Written Blocks": 0, "I/O Read Time": 1.859, "I/O Write Time": 0.0}, "Planning Time": 2.888, "Triggers": [], "Execution Time": 3704.823}, "template": "scale", "query": "EXPLAIN (ANALYZE, COSTS, BUFFERS, VERBOSE, FORMAT JSON) SELECT COUNT(*) FROM title t,movie_keyword mk WHERE t.id=mk.movie_id AND t.kind_id=7 AND t.production_year>1986 AND mk.keyword_id>1733;"}
{"planinfo": {"Plan": {"Node Type": "Aggregate", "Strategy": "Plain", "Partial Mode": "Simple", "Parallel Aware": false, "Startup Cost": 74679.23, "Total Cost": 74679.24, "Plan Rows": 1, "Plan Width": 8, "Actual Startup Time": 606.92, "Actual Total Time": 606.921, "Actual Rows": 1, "Actual Loops": 1, "Output": ["count(*)"], "Shared Hit Blocks": 0, "Shared Read Blocks": 35998, "Shared Dirtied Blocks": 0, "Shared Written Blocks": 0, "Local Hit Blocks": 0, "Local Read Blocks": 0, "Local Dirtied Blocks": 0, "Local Written Blocks": 0, "Temp Read Blocks": 0, "Temp Written Blocks": 0, "I/O Read Time": 65.973, "I/O Write Time": 0.0, "Plans": [{"Node Type": "Seq Scan", "Parent Relationship": "Outer", "Parallel Aware": false, "Relation Name": "title", "Schema": "public", "Alias": "t", "Startup Cost": 0.0, "Total Cost": 73925.8, "Plan Rows": 301373, "Plan Width": 0, "Actual Startup Time": 302.168, "Actual Total Time": 563.945, "Actual Rows": 391036, "Actual Loops": 1, "Output": ["id", "title", "imdb_index", "kind_id", "production_year", "imdb_id", "phonetic_code", "episode_of_id", "season_nr", "episode_nr", "series_years", "md5sum"], "Filter": "((t.production_year < 2002) AND (t.kind_id = 1))", "Rows Removed by Filter": 2137276, "Shared Hit Blocks": 0, "Shared Read Blocks": 35998, "Shared Dirtied Blocks": 0, "Shared Written Blocks": 0, "Local Hit Blocks": 0, "Local Read Blocks": 0, "Local Dirtied Blocks": 0, "Local Written Blocks": 0, "Temp Read Blocks": 0, "Temp Written Blocks": 0, "I/O Read Time": 65.973, "I/O Write Time": 0.0}]}, "Planning": {"Shared Hit Blocks": 41, "Shared Read Blocks": 8, "Shared Dirtied Blocks": 0, "Shared Written Blocks": 0, "Local Hit Blocks": 0, "Local Read Blocks": 0, "Local Dirtied Blocks": 0, "Local Written Blocks": 0, "Temp Read Blocks": 0, "Temp Written Blocks": 0, "I/O Read Time": 0.529, "I/O Write Time": 0.0}, "Planning Time": 0.903, "Triggers": [], "Execution Time": 606.963}, "template": "scale", "query": "EXPLAIN (ANALYZE, COSTS, BUFFERS, VERBOSE, FORMAT JSON) SELECT COUNT(*) FROM title t WHERE t.kind_id=1 AND t.production_year<2002;"}
{"planinfo": {"Plan": {"Node Type": "Aggregate", "Strategy": "Plain", "Partial Mode": "Simple", "Parallel Aware": false, "Startup Cost": 1744623.74, "Total Cost": 1744623.75, "Plan Rows": 1, "Plan Width": 8, "Actual Startup Time": 51561.047, "Actual Total Time": 51561.051, "Actual Rows": 1, "Actual Loops": 1, "Output": ["count(*)"], "Shared Hit Blocks": 6938969, "Shared Read Blocks": 323457, "Shared Dirtied Blocks": 0, "Shared Written Blocks": 0, "Local Hit Blocks": 0, "Local Read Blocks": 0, "Local Dirtied Blocks": 0, "Local Written Blocks": 0, "Temp Read Blocks": 63141, "Temp Written Blocks": 63141, "I/O Read Time": 1699.002, "I/O Write Time": 0.0, "Plans": [{"Node Type": "Hash Join", "Parent Relationship": "Outer", "Parallel Aware": false, "Join Type": "Inner", "Startup Cost": 590330.36, "Total Cost": 1699684.8, "Plan Rows": 17975578, "Plan Width": 0, "Actual Startup Time": 14798.701, "Actual Total Time": 42239.45, "Actual Rows": 94864161, "Actual Loops": 1, "Inner Unique": false, "Hash Cond": "(ci.movie_id = t.id)", "Shared Hit Blocks": 6938969, "Shared Read Blocks": 323457, "Shared Dirtied Blocks": 0, "Shared Written Blocks": 0, "Local Hit Blocks": 0, "Local Read Blocks": 0, "Local Dirtied Blocks": 0, "Local Written Blocks": 0, "Temp Read Blocks": 63141, "Temp Written Blocks": 63141, "I/O Read Time": 1699.002, "I/O Write Time": 0.0, "Plans": [{"Node Type": "Seq Scan", "Parent Relationship": "Outer", "Parallel Aware": false, "Relation Name": "cast_info", "Schema": "public", "Alias": "ci", "Startup Cost": 0.0, "Total Cost": 706360.9, "Plan Rows": 11679175, "Plan Width": 4, "Actual Startup Time": 3010.571, "Actual Total Time": 7217.603, "Actual Rows": 11545736, "Actual Loops": 1, "Output": ["ci.movie_id"], "Filter": "(ci.person_id > 2542204)", "Rows Removed by Filter": 24698608, "Shared Hit Blocks": 0, "Shared Read Blocks": 252687, "Shared Dirtied Blocks": 0, "Shared Written Blocks": 0, "Local Hit Blocks": 0, "Local Read Blocks": 0, "Local Dirtied Blocks": 0, "Local Written Blocks": 0, "Temp Read Blocks": 0, "Temp Written Blocks": 0, "I/O Read Time": 403.506, "I/O Write Time": 0.0}, {"Node Type": "Hash", "Parent Relationship": "Inner", "Parallel Aware": false, "Startup Cost": 526482.36, "Total Cost": 526482.36, "Plan Rows": 3891680, "Plan Width": 8, "Actual Startup Time": 11782.233, "Actual Total Time": 11782.235, "Actual Rows": 6120743, "Actual Loops": 1, "Output": ["t.id", "mi.movie_id"], "Hash Buckets": 131072, "Original Hash Buckets": 131072, "Hash Batches": 128, "Original Hash Batches": 64, "Peak Memory Usage": 3073, "Shared Hit Blocks": 6938966, "Shared Read Blocks": 70770, "Shared Dirtied Blocks": 0, "Shared Written Blocks": 0, "Local Hit Blocks": 0, "Local Read Blocks": 0, "Local Dirtied Blocks": 0, "Local Written Blocks": 0, "Temp Read Blocks": 0, "Temp Written Blocks": 20685, "I/O Read Time": 1295.496, "I/O Write Time": 0.0, "Plans": [{"Node Type": "Merge Join", "Parent Relationship": "Outer", "Parallel Aware": false, "Join Type": "Inner", "Startup Cost": 23.16, "Total Cost": 526482.36, "Plan Rows": 3891680, "Plan Width": 8, "Actual Startup Time": 0.181, "Actual Total Time": 9573.841, "Actual Rows": 6120743, "Actual Loops": 1, "Output": ["t.id", "mi.movie_id"], "Inner Unique": false, "Merge Cond": "(t.id = mi.movie_id)", "Shared Hit Blocks": 6938966, "Shared Read Blocks": 70770, "Shared Dirtied Blocks": 0, "Shared Written Blocks": 0, "Local Hit Blocks": 0, "Local Read Blocks": 0, "Local Dirtied Blocks": 0, "Local Written Blocks": 0, "Temp Read Blocks": 0, "Temp Written Blocks": 0, "I/O Read Time": 1295.496, "I/O Write Time": 0.0, "Plans": [{"Node Type": "Index Scan", "Parent Relationship": "Outer", "Parallel Aware": false, "Scan Direction": "Forward", "Index Name": "title_pkey", "Relation Name": "title", "Schema": "public", "Alias": "t", "Startup Cost": 0.43, "Total Cost": 122991.14, "Plan Rows": 664050, "Plan Width": 4, "Actual Startup Time": 0.143, "Actual Total Time": 3357.222, "Actual Rows": 555287, "Actual Loops": 1, "Output": ["t.id", "t.title", "t.imdb_index", "t.kind_id", "t.production_year", "t.imdb_id", "t.phonetic_code", "t.episode_of_id", "t.season_nr", "t.episode_nr", "t.series_years", "t.md5sum"], "Filter": "((t.kind_id < 7) AND (t.production_year > 1993))", "Rows Removed by Filter": 1971145, "Shared Hit Blocks": 2488462, "Shared Read Blocks": 44938, "Shared Dirtied Blocks": 0, "Shared Written Blocks": 0, "Local Hit Blocks": 0, "Local Read Blocks": 0, "Local Dirtied Blocks": 0, "Local Written Blocks": 0, "Temp Read Blocks": 0, "Temp Written Blocks": 0, "I/O Read Time": 1121.22, "I/O Write Time": 0.0}, {"Node Type": "Index Only Scan", "Parent Relationship": "Inner", "Parallel Aware": false, "Scan Direction": "Forward", "Index Name": "movie_id_movie_info", "Relation Name": "movie_info", "Schema": "public", "Alias": "mi", "Startup Cost": 0.43, "Total Cost": 325993.18, "Plan Rows": 14818450, "Plan Width": 4, "Actual Startup Time": 0.032, "Actual Total Time": 3894.979, "Actual Rows": 14835720, "Actual Loops": 1, "Output": ["mi.movie_id"], "Heap Fetches": 0, "Shared Hit Blocks": 4450504, "Shared Read Blocks": 25832, "Shared Dirtied Blocks": 0, "Shared Written Blocks": 0, "Local Hit Blocks": 0, "Local Read Blocks": 0, "Local Dirtied Blocks": 0, "Local Written Blocks": 0, "Temp Read Blocks": 0, "Temp Written Blocks": 0, "I/O Read Time": 174.276, "I/O Write Time": 0.0}]}]}]}]}, "Planning": {"Shared Hit Blocks": 207, "Shared Read Blocks": 43, "Shared Dirtied Blocks": 0, "Shared Written Blocks": 0, "Local Hit Blocks": 0, "Local Read Blocks": 0, "Local Dirtied Blocks": 0, "Local Written Blocks": 0, "Temp Read Blocks": 0, "Temp Written Blocks": 0, "I/O Read Time": 3.5, "I/O Write Time": 0.0}, "Planning Time": 5.451, "Triggers": [], "Execution Time": 51561.308}, "template": "scale", "query": "EXPLAIN (ANALYZE, COSTS, BUFFERS, VERBOSE, FORMAT JSON) SELECT COUNT(*) FROM title t,cast_info ci,movie_info mi WHERE t.id=ci.movie_id AND t.id=mi.movie_id AND t.kind_id<7 AND t.production_year>1993 AND ci.person_id>2542204;"}
{"planinfo": {"Plan": {"Node Type": "Aggregate", "Strategy": "Plain", "Partial Mode": "Simple", "Parallel Aware": false, "Startup Cost": 691888.04, "Total Cost": 691888.05, "Plan Rows": 1, "Plan Width": 8, "Actual Startup Time": 14717.972, "Actual Total Time": 14717.977, "Actual Rows": 1, "Actual Loops": 1, "Output": ["count(*)"], "Shared Hit Blocks": 23449, "Shared Read Blocks": 199919, "Shared Dirtied Blocks": 0, "Shared Written Blocks": 0, "Local Hit Blocks": 0, "Local Read Blocks": 0, "Local Dirtied Blocks": 0, "Local Written Blocks": 0, "Temp Read Blocks": 25582, "Temp Written Blocks": 25582, "I/O Read Time": 568.692, "I/O Write Time": 0.0, "Plans": [{"Node Type": "Hash Join", "Parent Relationship": "Outer", "Parallel Aware": false, "Join Type": "Inner", "Startup Cost": 550351.81, "Total Cost": 689001.98, "Plan Rows": 1154422, "Plan Width": 0, "Actual Startup Time": 6527.098, "Actual Total Time": 12846.446, "Actual Rows": 18938693, "Actual Loops": 1, "Inner Unique": false, "Hash Cond": "(mk.movie_id = t.id)", "Shared Hit Blocks": 23449, "Shared Read Blocks": 199919, "Shared Dirtied Blocks": 0, "Shared Written Blocks": 0, "Local Hit Blocks": 0, "Local Read Blocks": 0, "Local Dirtied Blocks": 0, "Local Written Blocks": 0, "Temp Read Blocks": 25582, "Temp Written Blocks": 25582, "I/O Read Time": 568.692, "I/O Write Time": 0.0, "Plans": [{"Node Type": "Seq Scan", "Parent Relationship": "Outer", "Parallel Aware": false, "Relation Name": "movie_keyword", "Schema": "public", "Alias": "mk", "Startup Cost": 0.0, "Total Cost": 81003.12, "Plan Rows": 3649288, "Plan Width": 4, "Actual Startup Time": 0.385, "Actual Total Time": 1129.547, "Actual Rows": 3662604, "Actual Loops": 1, "Output": ["mk.movie_id"], "Filter": "(mk.keyword_id > 819)", "Rows Removed by Filter": 861326, "Shared Hit Blocks": 0, "Shared Read Blocks": 24454, "Shared Dirtied Blocks": 0, "Shared Written Blocks": 0, "Local Hit Blocks": 0, "Local Read Blocks": 0, "Local Dirtied Blocks": 0, "Local Written Blocks": 0, "Temp Read Blocks": 0, "Temp Written Blocks": 0, "I/O Read Time": 123.932, "I/O Write Time": 0.0}, {"Node Type": "Hash", "Parent Relationship": "Inner", "Parallel Aware": false, "Startup Cost": 536447.36, "Total Cost": 536447.36, "Plan Rows": 799876, "Plan Width": 12, "Actual Startup Time": 6524.184, "Actual Total Time": 6524.187, "Actual Rows": 1639327, "Actual Loops": 1, "Output": ["t.id", "mi.movie_id", "mi_idx.movie_id"], "Hash Buckets": 131072, "Original Hash Buckets": 131072, "Hash Batches": 32, "Original Hash Batches": 16, "Peak Memory Usage": 3228, "Shared Hit Blocks": 23446, "Shared Read Blocks": 175465, "Shared Dirtied Blocks": 0, "Shared Written Blocks": 0, "Local Hit Blocks": 0, "Local Read Blocks": 0, "Local Dirtied Blocks": 0, "Local Written Blocks": 0, "Temp Read Blocks": 8954, "Temp Written Blocks": 15139, "I/O Read Time": 444.76, "I/O Write Time": 0.0, "Plans": [{"Node Type": "Hash Join", "Parent Relationship": "Outer", "Parallel Aware": false, "Join Type": "Inner", "Startup Cost": 158888.18, "Total Cost": 536447.36, "Plan Rows": 799876, "Plan Width": 12, "Actual Startup Time": 4291.308, "Actual Total Time": 5983.732, "Actual Rows": 1639327, "Actual Loops": 1, "Output": ["t.id", "mi.movie_id", "mi_idx.movie_id"], "Inner Unique": false, "Hash Cond": "(mi.movie_id = t.id)", "Shared Hit Blocks": 23446, "Shared Read Blocks": 175465, "Shared Dirtied Blocks": 0, "Shared Written Blocks": 0, "Local Hit Blocks": 0, "Local Read Blocks": 0, "Local Dirtied Blocks": 0, "Local Written Blocks": 0, "Temp Read Blocks": 8954, "Temp Written Blocks": 8954, "I/O Read Time": 444.76, "I/O Write Time": 0.0, "Plans": [{"Node Type": "Seq Scan", "Parent Relationship": "Outer", "Parallel Aware": false, "Relation Name": "movie_info", "Schema": "public", "Alias": "mi", "Startup Cost": 0.0, "Total Cost": 347223.62, "Plan Rows": 1465545, "Plan Width": 4, "Actual Startup Time": 2402.509, "Actual Total Time": 2820.007, "Actual Rows": 1533909, "Actual Loops": 1, "Output": ["mi.movie_id"], "Filter": "(mi.info_type_id = 3)", "Rows Removed by Filter": 13301811, "Shared Hit Blocks": 0, "Shared Read Blocks": 161993, "Shared Dirtied Blocks": 0, "Shared Written Blocks": 0, "Local Hit Blocks": 0, "Local Read Blocks": 0, "Local Dirtied Blocks": 0, "Local Written Blocks": 0, "Temp Read Blocks": 0, "Temp Written Blocks": 0, "I/O Read Time": 290.031, "I/O Write Time": 0.0}, {"Node Type": "Hash", "Parent Relationship": "Inner", "Parallel Aware": false, "Startup Cost": 136246.74, "Total Cost": 136246.74, "Plan Rows": 1380035, "Plan Width": 8, "Actual Startup Time": 1888.072, "Actual Total Time": 1888.074, "Actual Rows": 1380035, "Actual Loops": 1, "Output": ["t.id", "mi_idx.movie_id"], "Hash Buckets": 131072, "Original Hash Buckets": 131072, "Hash Batches": 32, "Original Hash Batches": 32, "Peak Memory Usage": 2708, "Shared Hit Blocks": 23446, "Shared Read Blocks": 13472, "Shared Dirtied Blocks": 0, "Shared Written Blocks": 0, "Local Hit Blocks": 0, "Local Read Blocks": 0, "Local Dirtied Blocks": 0, "Local Written Blocks": 0, "Temp Read Blocks": 0, "Temp Written Blocks": 4554, "I/O Read Time": 154.729, "I/O Write Time": 0.0, "Plans": [{"Node Type": "Merge Join", "Parent Relationship": "Outer", "Parallel Aware": false, "Join Type": "Inner", "Startup Cost": 9.94, "Total Cost": 136246.74, "Plan Rows": 1380035, "Plan Width": 8, "Actual Startup Time": 0.07, "Actual Total Time": 1411.708, "Actual Rows": 1380035, "Actual Loops": 1, "Output": ["t.id", "mi_idx.movie_id"], "Inner Unique": false, "Merge Cond": "(t.id = mi_idx.movie_id)", "Shared Hit Blocks": 23446, "Shared Read Blocks": 13472, "Shared Dirtied Blocks": 0, "Shared Written Blocks": 0, "Local Hit Blocks": 0, "Local Read Blocks": 0, "Local Dirtied Blocks": 0, "Local Written Blocks": 0, "Temp Read Blocks": 0, "Temp Written Blocks": 0, "I/O Read Time": 154.729, "I/O Write Time": 0.0, "Plans": [{"Node Type": "Index Only Scan", "Parent Relationship": "Outer", "Parallel Aware": false, "Scan Direction": "Forward", "Index Name": "title_pkey", "Relation Name": "title", "Schema": "public", "Alias": "t", "Startup Cost": 0.43, "Total Cost": 73940.23, "Plan Rows": 2528520, "Plan Width": 4, "Actual Startup Time": 0.036, "Actual Total Time": 559.017, "Actual Rows": 2525794, "Actual Loops": 1, "Output": ["t.id"], "Heap Fetches": 0, "Shared Hit Blocks": 23441, "Shared Read Blocks": 8963, "Shared Dirtied Blocks": 0, "Shared Written Blocks": 0, "Local Hit Blocks": 0, "Local Read Blocks": 0, "Local Dirtied Blocks": 0, "Local Written Blocks": 0, "Temp Read Blocks": 0, "Temp Written Blocks": 0, "I/O Read Time": 130.514, "I/O Write Time": 0.0}, {"Node Type": "Index Only Scan", "Parent Relationship": "Inner", "Parallel Aware": false, "Scan Direction": "Forward", "Index Name": "movie_id_movie_info_idx", "Relation Name": "movie_info_idx", "Schema": "public", "Alias": "mi_idx", "Startup Cost": 0.43, "Total Cost": 38816.95, "Plan Rows": 1380035, "Plan Width": 4, "Actual Startup Time": 0.026, "Actual Total Time": 260.835, "Actual Rows": 1380035, "Actual Loops": 1, "Output": ["mi_idx.movie_id"], "Heap Fetches": 0, "Shared Hit Blocks": 5, "Shared Read Blocks": 4509, "Shared Dirtied Blocks": 0, "Shared Written Blocks": 0, "Local Hit Blocks": 0, "Local Read Blocks": 0, "Local Dirtied Blocks": 0, "Local Written Blocks": 0, "Temp Read Blocks": 0, "Temp Written Blocks": 0, "I/O Read Time": 24.214, "I/O Write Time": 0.0}]}]}]}]}]}]}, "Planning": {"Shared Hit Blocks": 302, "Shared Read Blocks": 47, "Shared Dirtied Blocks": 0, "Shared Written Blocks": 0, "Local Hit Blocks": 0, "Local Read Blocks": 0, "Local Dirtied Blocks": 0, "Local Written Blocks": 0, "Temp Read Blocks": 0, "Temp Written Blocks": 0, "I/O Read Time": 3.583, "I/O Write Time": 0.0}, "Planning Time": 6.107, "Triggers": [], "Execution Time": 14718.496}, "template": "scale", "query": "EXPLAIN (ANALYZE, COSTS, BUFFERS, VERBOSE, FORMAT JSON) SELECT COUNT(*) FROM title t,movie_info mi,movie_info_idx mi_idx,movie_keyword mk WHERE t.id=mi.movie_id AND t.id=mi_idx.movie_id AND t.id=mk.movie_id AND mi.info_type_id=3 AND mk.keyword_id>819;"}
{"planinfo": {"Plan": {"Node Type": "Aggregate", "Strategy": "Plain", "Partial Mode": "Simple", "Parallel Aware": false, "Startup Cost": 163705.94, "Total Cost": 163705.95, "Plan Rows": 1, "Plan Width": 8, "Actual Startup Time": 3519.675, "Actual Total Time": 3519.678, "Actual Rows": 1, "Actual Loops": 1, "Output": ["count(*)"], "Shared Hit Blocks": 333151, "Shared Read Blocks": 131651, "Shared Dirtied Blocks": 0, "Shared Written Blocks": 0, "Local Hit Blocks": 0, "Local Read Blocks": 0, "Local Dirtied Blocks": 0, "Local Written Blocks": 0, "Temp Read Blocks": 0, "Temp Written Blocks": 0, "I/O Read Time": 1644.183, "I/O Write Time": 0.0, "Plans": [{"Node Type": "Nested Loop", "Parent Relationship": "Outer", "Parallel Aware": false, "Join Type": "Inner", "Startup Cost": 74536.46, "Total Cost": 163648.71, "Plan Rows": 22892, "Plan Width": 0, "Actual Startup Time": 557.566, "Actual Total Time": 3491.885, "Actual Rows": 186944, "Actual Loops": 1, "Inner Unique": false, "Join Filter": "(t.id = mi.movie_id)", "Rows Removed by Join Filter": 0, "Shared Hit Blocks": 333151, "Shared Read Blocks": 131651, "Shared Dirtied Blocks": 0, "Shared Written Blocks": 0, "Local Hit Blocks": 0, "Local Read Blocks": 0, "Local Dirtied Blocks": 0, "Local Written Blocks": 0, "Temp Read Blocks": 0, "Temp Written Blocks": 0, "I/O Read Time": 1644.183, "I/O Write Time": 0.0, "Plans": [{"Node Type": "Hash Join", "Parent Relationship": "Outer", "Parallel Aware": false, "Join Type": "Inner", "Startup Cost": 74536.03, "Total Cost": 115607.04, "Plan Rows": 25999, "Plan Width": 8, "Actual Startup Time": 557.03, "Actual Total Time": 1297.647, "Actual Rows": 35398, "Actual Loops": 1, "Output": ["t.id", "mc.movie_id"], "Inner Unique": true, "Hash Cond": "(mc.movie_id = t.id)", "Shared Hit Blocks": 3, "Shared Read Blocks": 44660, "Shared Dirtied Blocks": 0, "Shared Written Blocks": 0, "Local Hit Blocks": 0, "Local Read Blocks": 0, "Local Dirtied Blocks": 0, "Local Written Blocks": 0, "Temp Read Blocks": 0, "Temp Written Blocks": 0, "I/O Read Time": 116.12, "I/O Write Time": 0.0, "Plans": [{"Node Type": "Index Scan", "Parent Relationship": "Outer", "Parallel Aware": false, "Scan Direction": "Forward", "Index Name": "company_type_id_movie_companies", "Relation Name": "movie_companies", "Schema": "public", "Alias": "mc", "Startup Cost": 0.43, "Total Cost": 37534.17, "Plan Rows": 1347528, "Plan Width": 4, "Actual Startup Time": 0.55, "Actual Total Time": 405.441, "Actual Rows": 1334883, "Actual Loops": 1, "Output": ["mc.id", "mc.movie_id", "mc.company_id", "mc.company_type_id", "mc.note"], "Index Cond": "(mc.company_type_id > 1)", "Rows Removed by Index Recheck": 0, "Shared Hit Blocks": 0, "Shared Read Blocks": 8662, "Shared Dirtied Blocks": 0, "Shared Written Blocks": 0, "Local Hit Blocks": 0, "Local Read Blocks": 0, "Local Dirtied Blocks": 0, "Local Written Blocks": 0, "Temp Read Blocks": 0, "Temp Written Blocks": 0, "I/O Read Time": 46.9, "I/O Write Time": 0.0}, {"Node Type": "Hash", "Parent Relationship": "Inner", "Parallel Aware": false, "Startup Cost": 73925.8, "Total Cost": 73925.8, "Plan Rows": 48784, "Plan Width": 4, "Actual Startup Time": 556.053, "Actual Total Time": 556.054, "Actual Rows": 35489, "Actual Loops": 1, "Output": ["t.id"], "Hash Buckets": 65536, "Original Hash Buckets": 65536, "Hash Batches": 1, "Original Hash Batches": 1, "Peak Memory Usage": 1760, "Shared Hit Blocks": 0, "Shared Read Blocks": 35998, "Shared Dirtied Blocks": 0, "Shared Written Blocks": 0, "Local Hit Blocks": 0, "Local Read Blocks": 0, "Local Dirtied Blocks": 0, "Local Written Blocks": 0, "Temp Read Blocks": 0, "Temp Written Blocks": 0, "I/O Read Time": 69.219, "I/O Write Time": 0.0, "Plans": [{"Node Type": "Seq Scan", "Parent Relationship": "Outer", "Parallel Aware": false, "Relation Name": "title", "Schema": "public", "Alias": "t", "Startup Cost": 0.0, "Total Cost": 73925.8, "Plan Rows": 48784, "Plan Width": 4, "Actual Startup Time": 0.371, "Actual Total Time": 541.662, "Actual Rows": 35489, "Actual Loops": 1, "Output": ["t.id"], "Filter": "((t.kind_id < 7) AND (t.production_year = 2007))", "Rows Removed by Filter": 2492823, "Shared Hit Blocks": 0, "Shared Read Blocks": 35998, "Shared Dirtied Blocks": 0, "Shared Written Blocks": 0, "Local Hit Blocks": 0, "Local Read Blocks": 0, "Local Dirtied Blocks": 0, "Local Written Blocks": 0, "Temp Read Blocks": 0, "Temp Written Blocks": 0, "I/O Read Time": 69.219, "I/O Write Time": 0.0}]}]}, {"Node Type": "Index Scan", "Parent Relationship": "Inner", "Parallel Aware": false, "Scan Direction": "Forward", "Index Name": "movie_id_movie_info", "Relation Name": "movie_info", "Schema": "public", "Alias": "mi", "Startup Cost": 0.43, "Total Cost": 1.77, "Plan Rows": 6, "Plan Width": 4, "Actual Startup Time": 0.029, "Actual Total Time": 0.06, "Actual Rows": 5, "Actual Loops": 35398, "Output": ["mi.id", "mi.movie_id", "mi.info_type_id", "mi.info", "mi.note"], "Index Cond": "(mi.movie_id = mc.movie_id)", "Rows Removed by Index Recheck": 0, "Filter": "(mi.info_type_id > 16)", "Rows Removed by Filter": 15, "Shared Hit Blocks": 333148, "Shared Read Blocks": 86991, "Shared Dirtied Blocks": 0, "Shared Written Blocks": 0, "Local Hit Blocks": 0, "Local Read Blocks": 0, "Local Dirtied Blocks": 0, "Local Written Blocks": 0, "Temp Read Blocks": 0, "Temp Written Blocks": 0, "I/O Read Time": 1528.063, "I/O Write Time": 0.0}]}]}, "Planning": {"Shared Hit Blocks": 201, "Shared Read Blocks": 44, "Shared Dirtied Blocks": 0, "Shared Written Blocks": 0, "Local Hit Blocks": 0, "Local Read Blocks": 0, "Local Dirtied Blocks": 0, "Local Written Blocks": 0, "Temp Read Blocks": 0, "Temp Written Blocks": 0, "I/O Read Time": 3.151, "I/O Write Time": 0.0}, "Planning Time": 4.96, "Triggers": [], "Execution Time": 3519.945}, "template": "scale", "query": "EXPLAIN (ANALYZE, COSTS, BUFFERS, VERBOSE, FORMAT JSON) SELECT COUNT(*) FROM title t,movie_companies mc,movie_info mi WHERE t.id=mc.movie_id AND t.id=mi.movie_id AND t.kind_id<7 AND t.production_year=2007 AND mc.company_type_id>1 AND mi.info_type_id>16;"}
{"planinfo": {"Plan": {"Node Type": "Aggregate", "Strategy": "Plain", "Partial Mode": "Simple", "Parallel Aware": false, "Startup Cost": 218987.19, "Total Cost": 218987.2, "Plan Rows": 1, "Plan Width": 8, "Actual Startup Time": 4275.582, "Actual Total Time": 4275.586, "Actual Rows": 1, "Actual Loops": 1, "Output": ["count(*)"], "Shared Hit Blocks": 3, "Shared Read Blocks": 60452, "Shared Dirtied Blocks": 0, "Shared Written Blocks": 0, "Local Hit Blocks": 0, "Local Read Blocks": 0, "Local Dirtied Blocks": 0, "Local Written Blocks": 0, "Temp Read Blocks": 15430, "Temp Written Blocks": 15430, "I/O Read Time": 182.579, "I/O Write Time": 0.0, "Plans": [{"Node Type": "Hash Join", "Parent Relationship": "Outer", "Parallel Aware": false, "Join Type": "Inner", "Startup Cost": 92558.04, "Total Cost": 213907.68, "Plan Rows": 2031806, "Plan Width": 0, "Actual Startup Time": 1004.422, "Actual Total Time": 4155.459, "Actual Rows": 1143082, "Actual Loops": 1, "Inner Unique": true, "Hash Cond": "(mk.movie_id = t.id)", "Shared Hit Blocks": 3, "Shared Read Blocks": 60452, "Shared Dirtied Blocks": 0, "Shared Written Blocks": 0, "Local Hit Blocks": 0, "Local Read Blocks": 0, "Local Dirtied Blocks": 0, "Local Written Blocks": 0, "Temp Read Blocks": 15430, "Temp Written Blocks": 15430, "I/O Read Time": 182.579, "I/O Write Time": 0.0, "Plans": [{"Node Type": "Seq Scan", "Parent Relationship": "Outer", "Parallel Aware": false, "Relation Name": "movie_keyword", "Schema": "public", "Alias": "mk", "Startup Cost": 0.0, "Total Cost": 69693.3, "Plan Rows": 4523930, "Plan Width": 4, "Actual Startup Time": 0.122, "Actual Total Time": 962.746, "Actual Rows": 4523930, "Actual Loops": 1, "Output": ["mk.movie_id"], "Shared Hit Blocks": 0, "Shared Read Blocks": 24454, "Shared Dirtied Blocks": 0, "Shared Written Blocks": 0, "Local Hit Blocks": 0, "Local Read Blocks": 0, "Local Dirtied Blocks": 0, "Local Written Blocks": 0, "Temp Read Blocks": 0, "Temp Written Blocks": 0, "I/O Read Time": 122.87, "I/O Write Time": 0.0}, {"Node Type": "Hash", "Parent Relationship": "Inner", "Parallel Aware": false, "Startup Cost": 73925.8, "Total Cost": 73925.8, "Plan Rows": 1135619, "Plan Width": 4, "Actual Startup Time": 1003.419, "Actual Total Time": 1003.421, "Actual Rows": 1095581, "Actual Loops": 1, "Output": ["t.id"], "Hash Buckets": 131072, "Original Hash Buckets": 131072, "Hash Batches": 16, "Original Hash Batches": 16, "Peak Memory Usage": 3437, "Shared Hit Blocks": 0, "Shared Read Blocks": 35998, "Shared Dirtied Blocks": 0, "Shared Written Blocks": 0, "Local Hit Blocks": 0, "Local Read Blocks": 0, "Local Dirtied Blocks": 0, "Local Written Blocks": 0, "Temp Read Blocks": 0, "Temp Written Blocks": 2999, "I/O Read Time": 59.709, "I/O Write Time": 0.0, "Plans": [{"Node Type": "Seq Scan", "Parent Relationship": "Outer", "Parallel Aware": false, "Relation Name": "title", "Schema": "public", "Alias": "t", "Startup Cost": 0.0, "Total Cost": 73925.8, "Plan Rows": 1135619, "Plan Width": 4, "Actual Startup Time": 0.134, "Actual Total Time": 655.563, "Actual Rows": 1095581, "Actual Loops": 1, "Output": ["t.id"], "Filter": "((t.kind_id > 1) AND (t.production_year < 2007))", "Rows Removed by Filter": 1432731, "Shared Hit Blocks": 0, "Shared Read Blocks": 35998, "Shared Dirtied Blocks": 0, "Shared Written Blocks": 0, "Local Hit Blocks": 0, "Local Read Blocks": 0, "Local Dirtied Blocks": 0, "Local Written Blocks": 0, "Temp Read Blocks": 0, "Temp Written Blocks": 0, "I/O Read Time": 59.709, "I/O Write Time": 0.0}]}]}]}, "Planning": {"Shared Hit Blocks": 104, "Shared Read Blocks": 26, "Shared Dirtied Blocks": 0, "Shared Written Blocks": 0, "Local Hit Blocks": 0, "Local Read Blocks": 0, "Local Dirtied Blocks": 0, "Local Written Blocks": 0, "Temp Read Blocks": 0, "Temp Written Blocks": 0, "I/O Read Time": 1.792, "I/O Write Time": 0.0}, "Planning Time": 2.697, "Triggers": [], "Execution Time": 4275.784}, "template": "scale", "query": "EXPLAIN (ANALYZE, COSTS, BUFFERS, VERBOSE, FORMAT JSON) SELECT COUNT(*) FROM title t,movie_keyword mk WHERE t.id=mk.movie_id AND t.kind_id>1 AND t.production_year<2007;"}
{"planinfo": {"Plan": {"Node Type": "Aggregate", "Strategy": "Plain", "Partial Mode": "Simple", "Parallel Aware": false, "Startup Cost": 10717.11, "Total Cost": 10717.12, "Plan Rows": 1, "Plan Width": 8, "Actual Startup Time": 144.988, "Actual Total Time": 144.989, "Actual Rows": 1, "Actual Loops": 1, "Output": ["count(*)"], "Shared Hit Blocks": 0, "Shared Read Blocks": 363, "Shared Dirtied Blocks": 0, "Shared Written Blocks": 0, "Local Hit Blocks": 0, "Local Read Blocks": 0, "Local Dirtied Blocks": 0, "Local Written Blocks": 0, "Temp Read Blocks": 0, "Temp Written Blocks": 0, "I/O Read Time": 32.494, "I/O Write Time": 0.0, "Plans": [{"Node Type": "Index Only Scan", "Parent Relationship": "Outer", "Parallel Aware": false, "Scan Direction": "Forward", "Index Name": "info_type_id_movie_info_idx", "Relation Name": "movie_info_idx", "Schema": "public", "Alias": "mi_idx", "Startup Cost": 0.43, "Total Cost": 9560.52, "Plan Rows": 462634, "Plan Width": 0, "Actual Startup Time": 0.355, "Actual Total Time": 97.576, "Actual Rows": 459925, "Actual Loops": 1, "Output": ["info_type_id"], "Index Cond": "(mi_idx.info_type_id = 100)", "Rows Removed by Index Recheck": 0, "Heap Fetches": 0, "Shared Hit Blocks": 0, "Shared Read Blocks": 363, "Shared Dirtied Blocks": 0, "Shared Written Blocks": 0, "Local Hit Blocks": 0, "Local Read Blocks": 0, "Local Dirtied Blocks": 0, "Local Written Blocks": 0, "Temp Read Blocks": 0, "Temp Written Blocks": 0, "I/O Read Time": 32.494, "I/O Write Time": 0.0}]}, "Planning": {"Shared Hit Blocks": 50, "Shared Read Blocks": 9, "Shared Dirtied Blocks": 0, "Shared Written Blocks": 0, "Local Hit Blocks": 0, "Local Read Blocks": 0, "Local Dirtied Blocks": 0, "Local Written Blocks": 0, "Temp Read Blocks": 0, "Temp Written Blocks": 0, "I/O Read Time": 0.592, "I/O Write Time": 0.0}, "Planning Time": 0.998, "Triggers": [], "Execution Time": 145.023}, "template": "scale", "query": "EXPLAIN (ANALYZE, COSTS, BUFFERS, VERBOSE, FORMAT JSON) SELECT COUNT(*) FROM movie_info_idx mi_idx WHERE mi_idx.info_type_id=100;"}
{"planinfo": {"Plan": {"Node Type": "Aggregate", "Strategy": "Plain", "Partial Mode": "Simple", "Parallel Aware": false, "Startup Cost": 3868.73, "Total Cost": 3868.74, "Plan Rows": 1, "Plan Width": 8, "Actual Startup Time": 4.737, "Actual Total Time": 4.739, "Actual Rows": 1, "Actual Loops": 1, "Output": ["count(*)"], "Shared Hit Blocks": 37, "Shared Read Blocks": 49, "Shared Dirtied Blocks": 0, "Shared Written Blocks": 0, "Local Hit Blocks": 0, "Local Read Blocks": 0, "Local Dirtied Blocks": 0, "Local Written Blocks": 0, "Temp Read Blocks": 0, "Temp Written Blocks": 0, "I/O Read Time": 4.504, "I/O Write Time": 0.0, "Plans": [{"Node Type": "Nested Loop", "Parent Relationship": "Outer", "Parallel Aware": false, "Join Type": "Inner", "Startup Cost": 2.17, "Total Cost": 3867.8, "Plan Rows": 372, "Plan Width": 0, "Actual Startup Time": 1.951, "Actual Total Time": 4.73, "Actual Rows": 11, "Actual Loops": 1, "Inner Unique": false, "Join Filter": "(t.id = mi.movie_id)", "Rows Removed by Join Filter": 0, "Shared Hit Blocks": 37, "Shared Read Blocks": 49, "Shared Dirtied Blocks": 0, "Shared Written Blocks": 0, "Local Hit Blocks": 0, "Local Read Blocks": 0, "Local Dirtied Blocks": 0, "Local Written Blocks": 0, "Temp Read Blocks": 0, "Temp Written Blocks": 0, "I/O Read Time": 4.504, "I/O Write Time": 0.0, "Plans": [{"Node Type": "Nested Loop", "Parent Relationship": "Outer", "Parallel Aware": false, "Join Type": "Inner", "Startup Cost": 1.73, "Total Cost": 3615.25, "Plan Rows": 161, "Plan Width": 16, "Actual Startup Time": 1.508, "Actual Total Time": 3.176, "Actual Rows": 3, "Actual Loops": 1, "Output": ["t.id", "ci.movie_id", "mi_idx.movie_id", "mk.movie_id"], "Inner Unique": false, "Shared Hit Blocks": 21, "Shared Read Blocks": 33, "Shared Dirtied Blocks": 0, "Shared Written Blocks": 0, "Local Hit Blocks": 0, "Local Read Blocks": 0, "Local Dirtied Blocks": 0, "Local Written Blocks": 0, "Temp Read Blocks": 0, "Temp Written Blocks": 0, "I/O Read Time": 3.018, "I/O Write Time": 0.0, "Plans": [{"Node Type": "Nested Loop", "Parent Relationship": "Outer", "Parallel Aware": false, "Join Type": "Inner", "Startup Cost": 1.3, "Total Cost": 3461.24, "Plan Rows": 90, "Plan Width": 12, "Actual Startup Time": 1.328, "Actual Total Time": 2.719, "Actual Rows": 3, "Actual Loops": 1, "Output": ["t.id", "ci.movie_id", "mi_idx.movie_id"], "Inner Unique": false, "Shared Hit Blocks": 16, "Shared Read Blocks": 28, "Shared Dirtied Blocks": 0, "Shared Written Blocks": 0, "Local Hit Blocks": 0, "Local Read Blocks": 0, "Local Dirtied Blocks": 0, "Local Written Blocks": 0, "Temp Read Blocks": 0, "Temp Written Blocks": 0, "I/O Read Time": 2.59, "I/O Write Time": 0.0, "Plans": [{"Node Type": "Nested Loop", "Parent Relationship": "Outer", "Parallel Aware": false, "Join Type": "Inner", "Startup Cost": 0.87, "Total Cost": 3203.66, "Plan Rows": 498, "Plan Width": 8, "Actual Startup Time": 0.652, "Actual Total Time": 1.495, "Actual Rows": 6, "Actual Loops": 1, "Output": ["t.id", "ci.movie_id"], "Inner Unique": true, "Shared Hit Blocks": 8, "Shared Read Blocks": 15, "Shared Dirtied Blocks": 0, "Shared Written Blocks": 0, "Local Hit Blocks": 0, "Local Read Blocks": 0, "Local Dirtied Blocks": 0, "Local Written Blocks": 0, "Temp Read Blocks": 0, "Temp Written Blocks": 0, "I/O Read Time": 1.42, "I/O Write Time": 0.0, "Plans": [{"Node Type": "Index Scan", "Parent Relationship": "Outer", "Parallel Aware": false, "Scan Direction": "Forward", "Index Name": "person_id_cast_info", "Relation Name": "cast_info", "Schema": "public", "Alias": "ci", "Startup Cost": 0.44, "Total Cost": 1040.81, "Plan Rows": 498, "Plan Width": 4, "Actual Startup Time": 0.451, "Actual Total Time": 0.453, "Actual Rows": 6, "Actual Loops": 1, "Output": ["ci.id", "ci.person_id", "ci.movie_id", "ci.person_role_id", "ci.note", "ci.nr_order", "ci.role_id"], "Index Cond": "(ci.person_id = 2029088)", "Rows Removed by Index Recheck": 0, "Shared Hit Blocks": 0, "Shared Read Blocks": 4, "Shared Dirtied Blocks": 0, "Shared Written Blocks": 0, "Local Hit Blocks": 0, "Local Read Blocks": 0, "Local Dirtied Blocks": 0, "Local Written Blocks": 0, "Temp Read Blocks": 0, "Temp Written Blocks": 0, "I/O Read Time": 0.432, "I/O Write Time": 0.0}, {"Node Type": "Index Only Scan", "Parent Relationship": "Inner", "Parallel Aware": false, "Scan Direction": "Forward", "Index Name": "title_pkey", "Relation Name": "title", "Schema": "public", "Alias": "t", "Startup Cost": 0.43, "Total Cost": 4.34, "Plan Rows": 1, "Plan Width": 4, "Actual Startup Time": 0.172, "Actual Total Time": 0.172, "Actual Rows": 1, "Actual Loops": 6, "Output": ["t.id"], "Index Cond": "(t.id = ci.movie_id)", "Rows Removed by Index Recheck": 0, "Heap Fetches": 0, "Shared Hit Blocks": 8, "Shared Read Blocks": 11, "Shared Dirtied Blocks": 0, "Shared Written Blocks": 0, "Local Hit Blocks": 0, "Local Read Blocks": 0, "Local Dirtied Blocks": 0, "Local Written Blocks": 0, "Temp Read Blocks": 0, "Temp Written Blocks": 0, "I/O Read Time": 0.988, "I/O Write Time": 0.0}]}, {"Node Type": "Index Scan", "Parent Relationship": "Inner", "Parallel Aware": false, "Scan Direction": "Forward", "Index Name": "movie_id_movie_info_idx", "Relation Name": "movie_info_idx", "Schema": "public", "Alias": "mi_idx", "Startup Cost": 0.43, "Total Cost": 0.51, "Plan Rows": 1, "Plan Width": 4, "Actual Startup Time": 0.202, "Actual Total Time": 0.203, "Actual Rows": 0, "Actual Loops": 6, "Output": ["mi_idx.id", "mi_idx.movie_id", "mi_idx.info_type_id", "mi_idx.info", "mi_idx.note"], "Index Cond": "(mi_idx.movie_id = t.id)", "Rows Removed by Index Recheck": 0, "Filter": "(mi_idx.info_type_id = 99)", "Rows Removed by Filter": 1, "Shared Hit Blocks": 8, "Shared Read Blocks": 13, "Shared Dirtied Blocks": 0, "Shared Written Blocks": 0, "Local Hit Blocks": 0, "Local Read Blocks": 0, "Local Dirtied Blocks": 0, "Local Written Blocks": 0, "Temp Read Blocks": 0, "Temp Written Blocks": 0, "I/O Read Time": 1.17, "I/O Write Time": 0.0}]}, {"Node Type": "Index Only Scan", "Parent Relationship": "Inner", "Parallel Aware": false, "Scan Direction": "Forward", "Index Name": "movie_id_movie_keyword", "Relation Name": "movie_keyword", "Schema": "public", "Alias": "mk", "Startup Cost": 0.43, "Total Cost": 1.25, "Plan Rows": 46, "Plan Width": 4, "Actual Startup Time": 0.151, "Actual Total Time": 0.151, "Actual Rows": 1, "Actual Loops": 3, "Output": ["mk.movie_id"], "Index Cond": "(mk.movie_id = t.id)", "Rows Removed by Index Recheck": 0, "Heap Fetches": 0, "Shared Hit Blocks": 5, "Shared Read Blocks": 5, "Shared Dirtied Blocks": 0, "Shared Written Blocks": 0, "Local Hit Blocks": 0, "Local Read Blocks": 0, "Local Dirtied Blocks": 0, "Local Written Blocks": 0, "Temp Read Blocks": 0, "Temp Written Blocks": 0, "I/O Read Time": 0.428, "I/O Write Time": 0.0}]}, {"Node Type": "Index Scan", "Parent Relationship": "Inner", "Parallel Aware": false, "Scan Direction": "Forward", "Index Name": "movie_id_movie_info", "Relation Name": "movie_info", "Schema": "public", "Alias": "mi", "Startup Cost": 0.43, "Total Cost": 1.38, "Plan Rows": 15, "Plan Width": 4, "Actual Startup Time": 0.336, "Actual Total Time": 0.516, "Actual Rows": 4, "Actual Loops": 3, "Output": ["mi.id", "mi.movie_id", "mi.info_type_id", "mi.info", "mi.note"], "Index Cond": "(mi.movie_id = mk.movie_id)", "Rows Removed by Index Recheck": 0, "Filter": "(mi.info_type_id > 13)", "Rows Removed by Filter": 7, "Shared Hit Blocks": 16, "Shared Read Blocks": 16, "Shared Dirtied Blocks": 0, "Shared Written Blocks": 0, "Local Hit Blocks": 0, "Local Read Blocks": 0, "Local Dirtied Blocks": 0, "Local Written Blocks": 0, "Temp Read Blocks": 0, "Temp Written Blocks": 0, "I/O Read Time": 1.486, "I/O Write Time": 0.0}]}]}, "Planning": {"Shared Hit Blocks": 472, "Shared Read Blocks": 64, "Shared Dirtied Blocks": 0, "Shared Written Blocks": 0, "Local Hit Blocks": 0, "Local Read Blocks": 0, "Local Dirtied Blocks": 0, "Local Written Blocks": 0, "Temp Read Blocks": 0, "Temp Written Blocks": 0, "I/O Read Time": 4.9, "I/O Write Time": 0.0}, "Planning Time": 9.266, "Triggers": [], "Execution Time": 4.877}, "template": "scale", "query": "EXPLAIN (ANALYZE, COSTS, BUFFERS, VERBOSE, FORMAT JSON) SELECT COUNT(*) FROM title t,cast_info ci,movie_info mi,movie_info_idx mi_idx,movie_keyword mk WHERE t.id=ci.movie_id AND t.id=mi.movie_id AND t.id=mi_idx.movie_id AND t.id=mk.movie_id AND ci.person_id=2029088 AND mi.info_type_id>13 AND mi_idx.info_type_id=99;"}
{"planinfo": {"Plan": {"Node Type": "Aggregate", "Strategy": "Plain", "Partial Mode": "Simple", "Parallel Aware": false, "Startup Cost": 152106.45, "Total Cost": 152106.46, "Plan Rows": 1, "Plan Width": 8, "Actual Startup Time": 1575.821, "Actual Total Time": 1575.824, "Actual Rows": 1, "Actual Loops": 1, "Output": ["count(*)"], "Shared Hit Blocks": 3, "Shared Read Blocks": 60452, "Shared Dirtied Blocks": 0, "Shared Written Blocks": 0, "Local Hit Blocks": 0, "Local Read Blocks": 0, "Local Dirtied Blocks": 0, "Local Written Blocks": 0, "Temp Read Blocks": 0, "Temp Written Blocks": 0, "I/O Read Time": 188.674, "I/O Write Time": 0.0, "Plans": [{"Node Type": "Hash Join", "Parent Relationship": "Outer", "Parallel Aware": false, "Join Type": "Inner", "Startup Cost": 68312.49, "Total Cost": 152048.16, "Plan Rows": 23318, "Plan Width": 0, "Actual Startup Time": 546.11, "Actual Total Time": 1572.617, "Actual Rows": 24692, "Actual Loops": 1, "Inner Unique": true, "Hash Cond": "(mk.movie_id = t.id)", "Shared Hit Blocks": 3, "Shared Read Blocks": 60452, "Shared Dirtied Blocks": 0, "Shared Written Blocks": 0, "Local Hit Blocks": 0, "Local Read Blocks": 0, "Local Dirtied Blocks": 0, "Local Written Blocks": 0, "Temp Read Blocks": 0, "Temp Written Blocks": 0, "I/O Read Time": 188.674, "I/O Write Time": 0.0, "Plans": [{"Node Type": "Seq Scan", "Parent Relationship": "Outer", "Parallel Aware": false, "Relation Name": "movie_keyword", "Schema": "public", "Alias": "mk", "Startup Cost": 0.0, "Total Cost": 81003.12, "Plan Rows": 1040969, "Plan Width": 4, "Actual Startup Time": 11.035, "Actual Total Time": 851.215, "Actual Rows": 1042395, "Actual Loops": 1, "Output": ["mk.id", "mk.movie_id", "mk.keyword_id"], "Filter": "(mk.keyword_id > 16999)", "Rows Removed by Filter": 3481535, "Shared Hit Blocks": 0, "Shared Read Blocks": 24454, "Shared Dirtied Blocks": 0, "Shared Written Blocks": 0, "Local Hit Blocks": 0, "Local Read Blocks": 0, "Local Dirtied Blocks": 0, "Local Written Blocks": 0, "Temp Read Blocks": 0, "Temp Written Blocks": 0, "I/O Read Time": 120.918, "I/O Write Time": 0.0}, {"Node Type": "Hash", "Parent Relationship": "Inner", "Parallel Aware": false, "Startup Cost": 67604.5, "Total Cost": 67604.5, "Plan Rows": 56639, "Plan Width": 4, "Actual Startup Time": 534.583, "Actual Total Time": 534.584, "Actual Rows": 58590, "Actual Loops": 1, "Output": ["t.id"], "Hash Buckets": 65536, "Original Hash Buckets": 65536, "Hash Batches": 1, "Original Hash Batches": 1, "Peak Memory Usage": 2572, "Shared Hit Blocks": 0, "Shared Read Blocks": 35998, "Shared Dirtied Blocks": 0, "Shared Written Blocks": 0, "Local Hit Blocks": 0, "Local Read Blocks": 0, "Local Dirtied Blocks": 0, "Local Written Blocks": 0, "Temp Read Blocks": 0, "Temp Written Blocks": 0, "I/O Read Time": 67.756, "I/O Write Time": 0.0, "Plans": [{"Node Type": "Seq Scan", "Parent Relationship": "Outer", "Parallel Aware": false, "Relation Name": "title", "Schema": "public", "Alias": "t", "Startup Cost": 0.0, "Total Cost": 67604.5, "Plan Rows": 56639, "Plan Width": 4, "Actual Startup Time": 0.159, "Actual Total Time": 511.521, "Actual Rows": 58590, "Actual Loops": 1, "Output": ["t.id"], "Filter": "(t.production_year = 2001)", "Rows Removed by Filter": 2469722, "Shared Hit Blocks": 0, "Shared Read Blocks": 35998, "Shared Dirtied Blocks": 0, "Shared Written Blocks": 0, "Local Hit Blocks": 0, "Local Read Blocks": 0, "Local Dirtied Blocks": 0, "Local Written Blocks": 0, "Temp Read Blocks": 0, "Temp Written Blocks": 0, "I/O Read Time": 67.756, "I/O Write Time": 0.0}]}]}]}, "Planning": {"Shared Hit Blocks": 107, "Shared Read Blocks": 26, "Shared Dirtied Blocks": 0, "Shared Written Blocks": 0, "Local Hit Blocks": 0, "Local Read Blocks": 0, "Local Dirtied Blocks": 0, "Local Written Blocks": 0, "Temp Read Blocks": 0, "Temp Written Blocks": 0, "I/O Read Time": 1.784, "I/O Write Time": 0.0}, "Planning Time": 2.701, "Triggers": [], "Execution Time": 1576.106}, "template": "scale", "query": "EXPLAIN (ANALYZE, COSTS, BUFFERS, VERBOSE, FORMAT JSON) SELECT COUNT(*) FROM title t,movie_keyword mk WHERE t.id=mk.movie_id AND t.production_year=2001 AND mk.keyword_id>16999;"}
{"planinfo": {"Plan": {"Node Type": "Aggregate", "Strategy": "Plain", "Partial Mode": "Simple", "Parallel Aware": false, "Startup Cost": 610353.62, "Total Cost": 610353.63, "Plan Rows": 1, "Plan Width": 8, "Actual Startup Time": 15315.297, "Actual Total Time": 15315.3, "Actual Rows": 1, "Actual Loops": 1, "Output": ["count(*)"], "Shared Hit Blocks": 3, "Shared Read Blocks": 197991, "Shared Dirtied Blocks": 0, "Shared Written Blocks": 0, "Local Hit Blocks": 0, "Local Read Blocks": 0, "Local Dirtied Blocks": 0, "Local Written Blocks": 0, "Temp Read Blocks": 48479, "Temp Written Blocks": 48479, "I/O Read Time": 331.352, "I/O Write Time": 0.0, "Plans": [{"Node Type": "Hash Join", "Parent Relationship": "Outer", "Parallel Aware": false, "Join Type": "Inner", "Startup Cost": 104159.43, "Total Cost": 577709.42, "Plan Rows": 13057679, "Plan Width": 0, "Actual Startup Time": 1372.152, "Actual Total Time": 13907.439, "Actual Rows": 13794786, "Actual Loops": 1, "Inner Unique": true, "Hash Cond": "(mi.movie_id = t.id)", "Shared Hit Blocks": 3, "Shared Read Blocks": 197991, "Shared Dirtied Blocks": 0, "Shared Written Blocks": 0, "Local Hit Blocks": 0, "Local Read Blocks": 0, "Local Dirtied Blocks": 0, "Local Written Blocks": 0, "Temp Read Blocks": 48479, "Temp Written Blocks": 48479, "I/O Read Time": 331.352, "I/O Write Time": 0.0, "Plans": [{"Node Type": "Seq Scan", "Parent Relationship": "Outer", "Parallel Aware": false, "Relation Name": "movie_info", "Schema": "public", "Alias": "mi", "Startup Cost": 0.0, "Total Cost": 310177.5, "Plan Rows": 14818450, "Plan Width": 4, "Actual Startup Time": 0.205, "Actual Total Time": 3193.134, "Actual Rows": 14835720, "Actual Loops": 1, "Output": ["mi.movie_id"], "Shared Hit Blocks": 0, "Shared Read Blocks": 161993, "Shared Dirtied Blocks": 0, "Shared Written Blocks": 0, "Local Hit Blocks": 0, "Local Read Blocks": 0, "Local Dirtied Blocks": 0, "Local Written Blocks": 0, "Temp Read Blocks": 0, "Temp Written Blocks": 0, "I/O Read Time": 271.64, "I/O Write Time": 0.0}, {"Node Type": "Hash", "Parent Relationship": "Inner", "Parallel Aware": false, "Startup Cost": 67604.5, "Total Cost": 67604.5, "Plan Rows": 2228074, "Plan Width": 4, "Actual Startup Time": 1371.117, "Actual Total Time": 1371.118, "Actual Rows": 2224569, "Actual Loops": 1, "Output": ["t.id"], "Hash Buckets": 131072, "Original Hash Buckets": 131072, "Hash Batches": 32, "Original Hash Batches": 32, "Peak Memory Usage": 3463, "Shared Hit Blocks": 0, "Shared Read Blocks": 35998, "Shared Dirtied Blocks": 0, "Shared Written Blocks": 0, "Local Hit Blocks": 0, "Local Read Blocks": 0, "Local Dirtied Blocks": 0, "Local Written Blocks": 0, "Temp Read Blocks": 0, "Temp Written Blocks": 6299, "I/O Read Time": 59.712, "I/O Write Time": 0.0, "Plans": [{"Node Type": "Seq Scan", "Parent Relationship": "Outer", "Parallel Aware": false, "Relation Name": "title", "Schema": "public", "Alias": "t", "Startup Cost": 0.0, "Total Cost": 67604.5, "Plan Rows": 2228074, "Plan Width": 4, "Actual Startup Time": 0.134, "Actual Total Time": 705.03, "Actual Rows": 2224569, "Actual Loops": 1, "Output": ["t.id"], "Filter": "(t.production_year < 2012)", "Rows Removed by Filter": 303743, "Shared Hit Blocks": 0, "Shared Read Blocks": 35998, "Shared Dirtied Blocks": 0, "Shared Written Blocks": 0, "Local Hit Blocks": 0, "Local Read Blocks": 0, "Local Dirtied Blocks": 0, "Local Written Blocks": 0, "Temp Read Blocks": 0, "Temp Written Blocks": 0, "I/O Read Time": 59.712, "I/O Write Time": 0.0}]}]}]}, "Planning": {"Shared Hit Blocks": 95, "Shared Read Blocks": 30, "Shared Dirtied Blocks": 0, "Shared Written Blocks": 0, "Local Hit Blocks": 0, "Local Read Blocks": 0, "Local Dirtied Blocks": 0, "Local Written Blocks": 0, "Temp Read Blocks": 0, "Temp Written Blocks": 0, "I/O Read Time": 2.15, "I/O Write Time": 0.0}, "Planning Time": 3.023, "Triggers": [], "Execution Time": 15315.498}, "template": "scale", "query": "EXPLAIN (ANALYZE, COSTS, BUFFERS, VERBOSE, FORMAT JSON) SELECT COUNT(*) FROM title t,movie_info mi WHERE t.id=mi.movie_id AND t.production_year<2012;"}
{"planinfo": {"Plan": {"Node Type": "Aggregate", "Strategy": "Plain", "Partial Mode": "Simple", "Parallel Aware": false, "Startup Cost": 138986.54, "Total Cost": 138986.55, "Plan Rows": 1, "Plan Width": 8, "Actual Startup Time": 1359.893, "Actual Total Time": 1359.896, "Actual Rows": 1, "Actual Loops": 1, "Output": ["count(*)"], "Shared Hit Blocks": 2932, "Shared Read Blocks": 44040, "Shared Dirtied Blocks": 0, "Shared Written Blocks": 0, "Local Hit Blocks": 0, "Local Read Blocks": 0, "Local Dirtied Blocks": 0, "Local Written Blocks": 0, "Temp Read Blocks": 0, "Temp Written Blocks": 0, "I/O Read Time": 285.962, "I/O Write Time": 0.0, "Plans": [{"Node Type": "Hash Join", "Parent Relationship": "Outer", "Parallel Aware": false, "Join Type": "Inner", "Startup Cost": 51656.2, "Total Cost": 138832.13, "Plan Rows": 61763, "Plan Width": 0, "Actual Startup Time": 298.499, "Actual Total Time": 1351.508, "Actual Rows": 60892, "Actual Loops": 1, "Inner Unique": false, "Hash Cond": "(t.id = mc.movie_id)", "Shared Hit Blocks": 2932, "Shared Read Blocks": 44040, "Shared Dirtied Blocks": 0, "Shared Written Blocks": 0, "Local Hit Blocks": 0, "Local Read Blocks": 0, "Local Dirtied Blocks": 0, "Local Written Blocks": 0, "Temp Read Blocks": 0, "Temp Written Blocks": 0, "I/O Read Time": 285.962, "I/O Write Time": 0.0, "Plans": [{"Node Type": "Seq Scan", "Parent Relationship": "Outer", "Parallel Aware": false, "Relation Name": "title", "Schema": "public", "Alias": "t", "Startup Cost": 0.0, "Total Cost": 67604.5, "Plan Rows": 2166148, "Plan Width": 4, "Actual Startup Time": 0.135, "Actual Total Time": 604.493, "Actual Rows": 2171163, "Actual Loops": 1, "Output": ["t.id", "t.title", "t.imdb_index", "t.kind_id", "t.production_year", "t.imdb_id", "t.phonetic_code", "t.episode_of_id", "t.season_nr", "t.episode_nr", "t.series_years", "t.md5sum"], "Filter": "(t.production_year > 1963)", "Rows Removed by Filter": 357149, "Shared Hit Blocks": 0, "Shared Read Blocks": 35998, "Shared Dirtied Blocks": 0, "Shared Written Blocks": 0, "Local Hit Blocks": 0, "Local Read Blocks": 0, "Local Dirtied Blocks": 0, "Local Written Blocks": 0, "Temp Read Blocks": 0, "Temp Written Blocks": 0, "I/O Read Time": 59.373, "I/O Write Time": 0.0}, {"Node Type": "Hash", "Parent Relationship": "Inner", "Parallel Aware": false, "Startup Cost": 50755.02, "Total Cost": 50755.02, "Plan Rows": 72095, "Plan Width": 4, "Actual Startup Time": 297.908, "Actual Total Time": 297.909, "Actual Rows": 84071, "Actual Loops": 1, "Output": ["mc.movie_id"], "Hash Buckets": 131072, "Original Hash Buckets": 131072, "Hash Batches": 1, "Original Hash Batches": 1, "Peak Memory Usage": 3980, "Shared Hit Blocks": 2929, "Shared Read Blocks": 8042, "Shared Dirtied Blocks": 0, "Shared Written Blocks": 0, "Local Hit Blocks": 0, "Local Read Blocks": 0, "Local Dirtied Blocks": 0, "Local Written Blocks": 0, "Temp Read Blocks": 0, "Temp Written Blocks": 0, "I/O Read Time": 226.589, "I/O Write Time": 0.0, "Plans": [{"Node Type": "Index Scan", "Parent Relationship": "Outer", "Parallel Aware": false, "Scan Direction": "Forward", "Index Name": "company_id_movie_companies", "Relation Name": "movie_companies", "Schema": "public", "Alias": "mc", "Startup Cost": 0.43, "Total Cost": 50755.02, "Plan Rows": 72095, "Plan Width": 4, "Actual Startup Time": 0.153, "Actual Total Time": 271.519, "Actual Rows": 84071, "Actual Loops": 1, "Output": ["mc.movie_id"], "Index Cond": "(mc.company_id < 19)", "Rows Removed by Index Recheck": 0, "Shared Hit Blocks": 2929, "Shared Read Blocks": 8042, "Shared Dirtied Blocks": 0, "Shared Written Blocks": 0, "Local Hit Blocks": 0, "Local Read Blocks": 0, "Local Dirtied Blocks": 0, "Local Written Blocks": 0, "Temp Read Blocks": 0, "Temp Written Blocks": 0, "I/O Read Time": 226.589, "I/O Write Time": 0.0}]}]}]}, "Planning": {"Shared Hit Blocks": 116, "Shared Read Blocks": 31, "Shared Dirtied Blocks": 0, "Shared Written Blocks": 0, "Local Hit Blocks": 0, "Local Read Blocks": 0, "Local Dirtied Blocks": 0, "Local Written Blocks": 0, "Temp Read Blocks": 0, "Temp Written Blocks": 0, "I/O Read Time": 2.122, "I/O Write Time": 0.0}, "Planning Time": 3.123, "Triggers": [], "Execution Time": 1360.28}, "template": "scale", "query": "EXPLAIN (ANALYZE, COSTS, BUFFERS, VERBOSE, FORMAT JSON) SELECT COUNT(*) FROM title t,movie_companies mc WHERE t.id=mc.movie_id AND t.production_year>1963 AND mc.company_id<19;"}
{"planinfo": {"Plan": {"Node Type": "Aggregate", "Strategy": "Plain", "Partial Mode": "Simple", "Parallel Aware": false, "Startup Cost": 221589.88, "Total Cost": 221589.89, "Plan Rows": 1, "Plan Width": 8, "Actual Startup Time": 2291.175, "Actual Total Time": 2291.176, "Actual Rows": 1, "Actual Loops": 1, "Output": ["count(*)"], "Shared Hit Blocks": 13, "Shared Read Blocks": 7497, "Shared Dirtied Blocks": 0, "Shared Written Blocks": 0, "Local Hit Blocks": 0, "Local Read Blocks": 0, "Local Dirtied Blocks": 0, "Local Written Blocks": 0, "Temp Read Blocks": 0, "Temp Written Blocks": 0, "I/O Read Time": 41.624, "I/O Write Time": 0.0, "Plans": [{"Node Type": "Index Only Scan", "Parent Relationship": "Outer", "Parallel Aware": false, "Scan Direction": "Forward", "Index Name": "info_type_id_movie_info", "Relation Name": "movie_info", "Schema": "public", "Alias": "mi", "Startup Cost": 0.43, "Total Cost": 197677.7, "Plan Rows": 9564872, "Plan Width": 0, "Actual Startup Time": 0.029, "Actual Total Time": 1371.016, "Actual Rows": 9565151, "Actual Loops": 1, "Output": ["info_type_id"], "Index Cond": "(mi.info_type_id < 16)", "Rows Removed by Index Recheck": 0, "Heap Fetches": 0, "Shared Hit Blocks": 13, "Shared Read Blocks": 7497, "Shared Dirtied Blocks": 0, "Shared Written Blocks": 0, "Local Hit Blocks": 0, "Local Read Blocks": 0, "Local Dirtied Blocks": 0, "Local Written Blocks": 0, "Temp Read Blocks": 0, "Temp Written Blocks": 0, "I/O Read Time": 41.624, "I/O Write Time": 0.0}]}, "Planning": {"Shared Hit Blocks": 46, "Shared Read Blocks": 15, "Shared Dirtied Blocks": 0, "Shared Written Blocks": 0, "Local Hit Blocks": 0, "Local Read Blocks": 0, "Local Dirtied Blocks": 0, "Local Written Blocks": 0, "Temp Read Blocks": 0, "Temp Written Blocks": 0, "I/O Read Time": 0.996, "I/O Write Time": 0.0}, "Planning Time": 1.591, "Triggers": [], "Execution Time": 2291.227}, "template": "scale", "query": "EXPLAIN (ANALYZE, COSTS, BUFFERS, VERBOSE, FORMAT JSON) SELECT COUNT(*) FROM movie_info mi WHERE mi.info_type_id<16;"}
{"planinfo": {"Plan": {"Node Type": "Aggregate", "Strategy": "Plain", "Partial Mode": "Simple", "Parallel Aware": false, "Startup Cost": 782855.7, "Total Cost": 782855.71, "Plan Rows": 1, "Plan Width": 8, "Actual Startup Time": 38007.043, "Actual Total Time": 38007.057, "Actual Rows": 1, "Actual Loops": 1, "Output": ["count(*)"], "Shared Hit Blocks": 8680041, "Shared Read Blocks": 2911076, "Shared Dirtied Blocks": 0, "Shared Written Blocks": 0, "Local Hit Blocks": 0, "Local Read Blocks": 0, "Local Dirtied Blocks": 0, "Local Written Blocks": 0, "Temp Read Blocks": 6102, "Temp Written Blocks": 6102, "I/O Read Time": 18708.527, "I/O Write Time": 0.0, "Plans": [{"Node Type": "Nested Loop", "Parent Relationship": "Outer", "Parallel Aware": false, "Join Type": "Inner", "Startup Cost": 32776.8, "Total Cost": 781373.12, "Plan Rows": 593034, "Plan Width": 0, "Actual Startup Time": 443.474, "Actual Total Time": 37797.936, "Actual Rows": 1245336, "Actual Loops": 1, "Inner Unique": false, "Shared Hit Blocks": 8680041, "Shared Read Blocks": 2911076, "Shared Dirtied Blocks": 0, "Shared Written Blocks": 0, "Local Hit Blocks": 0, "Local Read Blocks": 0, "Local Dirtied Blocks": 0, "Local Written Blocks": 0, "Temp Read Blocks": 6102, "Temp Written Blocks": 6102, "I/O Read Time": 18708.527, "I/O Write Time": 0.0, "Plans": [{"Node Type": "Hash Join", "Parent Relationship": "Outer", "Parallel Aware": false, "Join Type": "Inner", "Startup Cost": 32776.36, "Total Cost": 132681.41, "Plan Rows": 351060, "Plan Width": 8, "Actual Startup Time": 443.021, "Actual Total Time": 2526.918, "Actual Rows": 346755, "Actual Loops": 1, "Output": ["t.id", "mi_idx.movie_id"], "Inner Unique": false, "Hash Cond": "(t.id = mi_idx.movie_id)", "Shared Hit Blocks": 3, "Shared Read Blocks": 43933, "Shared Dirtied Blocks": 0, "Shared Written Blocks": 0, "Local Hit Blocks": 0, "Local Read Blocks": 0, "Local Dirtied Blocks": 0, "Local Written Blocks": 0, "Temp Read Blocks": 6102, "Temp Written Blocks": 6102, "I/O Read Time": 112.147, "I/O Write Time": 0.0, "Plans": [{"Node Type": "Seq Scan", "Parent Relationship": "Outer", "Parallel Aware": false, "Relation Name": "title", "Schema": "public", "Alias": "t", "Startup Cost": 0.0, "Total Cost": 67604.5, "Plan Rows": 1918712, "Plan Width": 4, "Actual Startup Time": 0.136, "Actual Total Time": 726.987, "Actual Rows": 1918028, "Actual Loops": 1, "Output": ["t.id"], "Filter": "(t.production_year > 1981)", "Rows Removed by Filter": 610284, "Shared Hit Blocks": 0, "Shared Read Blocks": 35998, "Shared Dirtied Blocks": 0, "Shared Written Blocks": 0, "Local Hit Blocks": 0, "Local Read Blocks": 0, "Local Dirtied Blocks": 0, "Local Written Blocks": 0, "Temp Read Blocks": 0, "Temp Written Blocks": 0, "I/O Read Time": 70.59, "I/O Write Time": 0.0}, {"Node Type": "Hash", "Parent Relationship": "Inner", "Parallel Aware": false, "Startup Cost": 25185.44, "Total Cost": 25185.44, "Plan Rows": 462634, "Plan Width": 4, "Actual Startup Time": 442.073, "Actual Total Time": 442.074, "Actual Rows": 459925, "Actual Loops": 1, "Output": ["mi_idx.movie_id"], "Hash Buckets": 131072, "Original Hash Buckets": 131072, "Hash Batches": 8, "Original Hash Batches": 8, "Peak Memory Usage": 3050, "Shared Hit Blocks": 0, "Shared Read Blocks": 7935, "Shared Dirtied Blocks": 0, "Shared Written Blocks": 0, "Local Hit Blocks": 0, "Local Read Blocks": 0, "Local Dirtied Blocks": 0, "Local Written Blocks": 0, "Temp Read Blocks": 0, "Temp Written Blocks": 1175, "I/O Read Time": 41.557, "I/O Write Time": 0.0, "Plans": [{"Node Type": "Seq Scan", "Parent Relationship": "Outer", "Parallel Aware": false, "Relation Name": "movie_info_idx", "Schema": "public", "Alias": "mi_idx", "Startup Cost": 0.0, "Total Cost": 25185.44, "Plan Rows": 462634, "Plan Width": 4, "Actual Startup Time": 0.128, "Actual Total Time": 301.02, "Actual Rows": 459925, "Actual Loops": 1, "Output": ["mi_idx.movie_id"], "Filter": "(mi_idx.info_type_id = 100)", "Rows Removed by Filter": 920110, "Shared Hit Blocks": 0, "Shared Read Blocks": 7935, "Shared Dirtied Blocks": 0, "Shared Written Blocks": 0, "Local Hit Blocks": 0, "Local Read Blocks": 0, "Local Dirtied Blocks": 0, "Local Written Blocks": 0, "Temp Read Blocks": 0, "Temp Written Blocks": 0, "I/O Read Time": 41.557, "I/O Write Time": 0.0}]}]}, {"Node Type": "Index Scan", "Parent Relationship": "Inner", "Parallel Aware": false, "Scan Direction": "Forward", "Index Name": "movie_id_cast_info", "Relation Name": "cast_info", "Schema": "public", "Alias": "ci", "Startup Cost": 0.44, "Total Cost": 1.81, "Plan Rows": 4, "Plan Width": 4, "Actual Startup Time": 0.026, "Actual Total Time": 0.1, "Actual Rows": 4, "Actual Loops": 346755, "Output": ["ci.id", "ci.person_id", "ci.movie_id", "ci.person_role_id", "ci.note", "ci.nr_order", "ci.role_id"], "Index Cond": "(ci.movie_id = t.id)", "Rows Removed by Index Recheck": 0, "Filter": "(ci.person_id < 413342)", "Rows Removed by Filter": 28, "Shared Hit Blocks": 8680038, "Shared Read Blocks": 2867143, "Shared Dirtied Blocks": 0, "Shared Written Blocks": 0, "Local Hit Blocks": 0, "Local Read Blocks": 0, "Local Dirtied Blocks": 0, "Local Written Blocks": 0, "Temp Read Blocks": 0, "Temp Written Blocks": 0, "I/O Read Time": 18596.38, "I/O Write Time": 0.0}]}]}, "Planning": {"Shared Hit Blocks": 209, "Shared Read Blocks": 41, "Shared Dirtied Blocks": 0, "Shared Written Blocks": 0, "Local Hit Blocks": 0, "Local Read Blocks": 0, "Local Dirtied Blocks": 0, "Local Written Blocks": 0, "Temp Read Blocks": 0, "Temp Written Blocks": 0, "I/O Read Time": 3.139, "I/O Write Time": 0.0}, "Planning Time": 4.9, "Triggers": [], "Execution Time": 38007.437}, "template": "scale", "query": "EXPLAIN (ANALYZE, COSTS, BUFFERS, VERBOSE, FORMAT JSON) SELECT COUNT(*) FROM title t,cast_info ci,movie_info_idx mi_idx WHERE t.id=ci.movie_id AND t.id=mi_idx.movie_id AND t.production_year>1981 AND ci.person_id<413342 AND mi_idx.info_type_id=100;"}
{"planinfo": {"Plan": {"Node Type": "Aggregate", "Strategy": "Plain", "Partial Mode": "Simple", "Parallel Aware": false, "Startup Cost": 250156.44, "Total Cost": 250156.45, "Plan Rows": 1, "Plan Width": 8, "Actual Startup Time": 3872.938, "Actual Total Time": 3872.94, "Actual Rows": 1, "Actual Loops": 1, "Output": ["count(*)"], "Shared Hit Blocks": 1059251, "Shared Read Blocks": 26137, "Shared Dirtied Blocks": 0, "Shared Written Blocks": 0, "Local Hit Blocks": 0, "Local Read Blocks": 0, "Local Dirtied Blocks": 0, "Local Written Blocks": 0, "Temp Read Blocks": 0, "Temp Written Blocks": 0, "I/O Read Time": 962.901, "I/O Write Time": 0.0, "Plans": [{"Node Type": "Nested Loop", "Parent Relationship": "Outer", "Parallel Aware": false, "Join Type": "Inner", "Startup Cost": 1.72, "Total Cost": 250124.88, "Plan Rows": 12622, "Plan Width": 0, "Actual Startup Time": 1.104, "Actual Total Time": 3645.46, "Actual Rows": 1705009, "Actual Loops": 1, "Inner Unique": false, "Shared Hit Blocks": 1059251, "Shared Read Blocks": 26137, "Shared Dirtied Blocks": 0, "Shared Written Blocks": 0, "Local Hit Blocks": 0, "Local Read Blocks": 0, "Local Dirtied Blocks": 0, "Local Written Blocks": 0, "Temp Read Blocks": 0, "Temp Written Blocks": 0, "I/O Read Time": 962.901, "I/O Write Time": 0.0, "Plans": [{"Node Type": "Nested Loop", "Parent Relationship": "Outer", "Parallel Aware": false, "Join Type": "Inner", "Startup Cost": 1.29, "Total Cost": 235472.07, "Plan Rows": 24413, "Plan Width": 12, "Actual Startup Time": 0.808, "Actual Total Time": 877.27, "Actual Rows": 149146, "Actual Loops": 1, "Output": ["t.id", "mi.movie_id", "mi_idx.movie_id"], "Inner Unique": false, "Shared Hit Blocks": 307018, "Shared Read Blocks": 10646, "Shared Dirtied Blocks": 0, "Shared Written Blocks": 0, "Local Hit Blocks": 0, "Local Read Blocks": 0, "Local Dirtied Blocks": 0, "Local Written Blocks": 0, "Temp Read Blocks": 0, "Temp Written Blocks": 0, "I/O Read Time": 342.316, "I/O Write Time": 0.0, "Plans": [{"Node Type": "Nested Loop", "Parent Relationship": "Outer", "Parallel Aware": false, "Join Type": "Inner", "Startup Cost": 0.86, "Total Cost": 212339.81, "Plan Rows": 44729, "Plan Width": 8, "Actual Startup Time": 0.611, "Actual Total Time": 491.867, "Actual Rows": 50267, "Actual Loops": 1, "Output": ["t.id", "mi.movie_id"], "Inner Unique": true, "Shared Hit Blocks": 159118, "Shared Read Blocks": 7744, "Shared Dirtied Blocks": 0, "Shared Written Blocks": 0, "Local Hit Blocks": 0, "Local Read Blocks": 0, "Local Dirtied Blocks": 0, "Local Written Blocks": 0, "Temp Read Blocks": 0, "Temp Written Blocks": 0, "I/O Read Time": 226.271, "I/O Write Time": 0.0, "Plans": [{"Node Type": "Index Scan", "Parent Relationship": "Outer", "Parallel Aware": false, "Scan Direction": "Forward", "Index Name": "info_type_id_movie_info", "Relation Name": "movie_info", "Schema": "public", "Alias": "mi", "Startup Cost": 0.43, "Total Cost": 156311.58, "Plan Rows": 44729, "Plan Width": 4, "Actual Startup Time": 0.417, "Actual Total Time": 71.06, "Actual Rows": 50267, "Actual Loops": 1, "Output": ["mi.id", "mi.movie_id", "mi.info_type_id", "mi.info", "mi.note"], "Index Cond": "(mi.info_type_id > 107)", "Rows Removed by Index Recheck": 0, "Shared Hit Blocks": 3940, "Shared Read Blocks": 4588, "Shared Dirtied Blocks": 0, "Shared Written Blocks": 0, "Local Hit Blocks": 0, "Local Read Blocks": 0, "Local Dirtied Blocks": 0, "Local Written Blocks": 0, "Temp Read Blocks": 0, "Temp Written Blocks": 0, "I/O Read Time": 46.452, "I/O Write Time": 0.0}, {"Node Type": "Index Only Scan", "Parent Relationship": "Inner", "Parallel Aware": false, "Scan Direction": "Forward", "Index Name": "title_pkey", "Relation Name": "title", "Schema": "public", "Alias": "t", "Startup Cost": 0.43, "Total Cost": 1.25, "Plan Rows": 1, "Plan Width": 4, "Actual Startup Time": 0.008, "Actual Total Time": 0.008, "Actual Rows": 1, "Actual Loops": 50267, "Output": ["t.id"], "Index Cond": "(t.id = mi.movie_id)", "Rows Removed by Index Recheck": 0, "Heap Fetches": 0, "Shared Hit Blocks": 155178, "Shared Read Blocks": 3156, "Shared Dirtied Blocks": 0, "Shared Written Blocks": 0, "Local Hit Blocks": 0, "Local Read Blocks": 0, "Local Dirtied Blocks": 0, "Local Written Blocks": 0, "Temp Read Blocks": 0, "Temp Written Blocks": 0, "I/O Read Time": 179.82, "I/O Write Time": 0.0}]}, {"Node Type": "Index Only Scan", "Parent Relationship": "Inner", "Parallel Aware": false, "Scan Direction": "Forward", "Index Name": "movie_id_movie_info_idx", "Relation Name": "movie_info_idx", "Schema": "public", "Alias": "mi_idx", "Startup Cost": 0.43, "Total Cost": 0.49, "Plan Rows": 3, "Plan Width": 4, "Actual Startup Time": 0.006, "Actual Total Time": 0.007, "Actual Rows": 3, "Actual Loops": 50267, "Output": ["mi_idx.movie_id"], "Index Cond": "(mi_idx.movie_id = t.id)", "Rows Removed by Index Recheck": 0, "Heap Fetches": 0, "Shared Hit Blocks": 147900, "Shared Read Blocks": 2902, "Shared Dirtied Blocks": 0, "Shared Written Blocks": 0, "Local Hit Blocks": 0, "Local Read Blocks": 0, "Local Dirtied Blocks": 0, "Local Written Blocks": 0, "Temp Read Blocks": 0, "Temp Written Blocks": 0, "I/O Read Time": 116.045, "I/O Write Time": 0.0}]}, {"Node Type": "Index Scan", "Parent Relationship": "Inner", "Parallel Aware": false, "Scan Direction": "Forward", "Index Name": "movie_id_movie_companies", "Relation Name": "movie_companies", "Schema": "public", "Alias": "mc", "Startup Cost": 0.43, "Total Cost": 0.57, "Plan Rows": 3, "Plan Width": 4, "Actual Startup Time": 0.008, "Actual Total Time": 0.017, "Actual Rows": 11, "Actual Loops": 149146, "Output": ["mc.id", "mc.movie_id", "mc.company_id", "mc.company_type_id", "mc.note"], "Index Cond": "(mc.movie_id = t.id)", "Rows Removed by Index Recheck": 0, "Filter": "(mc.company_id < 11369)", "Rows Removed by Filter": 9, "Shared Hit Blocks": 752233, "Shared Read Blocks": 15491, "Shared Dirtied Blocks": 0, "Shared Written Blocks": 0, "Local Hit Blocks": 0, "Local Read Blocks": 0, "Local Dirtied Blocks": 0, "Local Written Blocks": 0, "Temp Read Blocks": 0, "Temp Written Blocks": 0, "I/O Read Time": 620.585, "I/O Write Time": 0.0}]}]}, "Planning": {"Shared Hit Blocks": 310, "Shared Read Blocks": 53, "Shared Dirtied Blocks": 0, "Shared Written Blocks": 0, "Local Hit Blocks": 0, "Local Read Blocks": 0, "Local Dirtied Blocks": 0, "Local Written Blocks": 0, "Temp Read Blocks": 0, "Temp Written Blocks": 0, "I/O Read Time": 4.123, "I/O Write Time": 0.0}, "Planning Time": 6.765, "Triggers": [], "Execution Time": 3873.072}, "template": "scale", "query": "EXPLAIN (ANALYZE, COSTS, BUFFERS, VERBOSE, FORMAT JSON) SELECT COUNT(*) FROM title t,movie_companies mc,movie_info mi,movie_info_idx mi_idx WHERE t.id=mc.movie_id AND t.id=mi.movie_id AND t.id=mi_idx.movie_id AND mc.company_id<11369 AND mi.info_type_id>107;"}
{"planinfo": {"Plan": {"Node Type": "Aggregate", "Strategy": "Plain", "Partial Mode": "Simple", "Parallel Aware": false, "Startup Cost": 118398.17, "Total Cost": 118398.18, "Plan Rows": 1, "Plan Width": 8, "Actual Startup Time": 1218.653, "Actual Total Time": 1218.656, "Actual Rows": 1, "Actual Loops": 1, "Output": ["count(*)"], "Shared Hit Blocks": 3, "Shared Read Blocks": 44660, "Shared Dirtied Blocks": 0, "Shared Written Blocks": 0, "Local Hit Blocks": 0, "Local Read Blocks": 0, "Local Dirtied Blocks": 0, "Local Written Blocks": 0, "Temp Read Blocks": 0, "Temp Written Blocks": 0, "I/O Read Time": 113.552, "I/O Write Time": 0.0, "Plans": [{"Node Type": "Hash Join", "Parent Relationship": "Outer", "Parallel Aware": false, "Join Type": "Inner", "Startup Cost": 74486.19, "Total Cost": 118348.24, "Plan Rows": 19974, "Plan Width": 0, "Actual Startup Time": 550.039, "Actual Total Time": 1215.613, "Actual Rows": 20567, "Actual Loops": 1, "Inner Unique": true, "Hash Cond": "(mc.movie_id = t.id)", "Shared Hit Blocks": 3, "Shared Read Blocks": 44660, "Shared Dirtied Blocks": 0, "Shared Written Blocks": 0, "Local Hit Blocks": 0, "Local Read Blocks": 0, "Local Dirtied Blocks": 0, "Local Written Blocks": 0, "Temp Read Blocks": 0, "Temp Written Blocks": 0, "I/O Read Time": 113.552, "I/O Write Time": 0.0, "Plans": [{"Node Type": "Index Scan", "Parent Relationship": "Outer", "Parallel Aware": false, "Scan Direction": "Forward", "Index Name": "company_type_id_movie_companies", "Relation Name": "movie_companies", "Schema": "public", "Alias": "mc", "Startup Cost": 0.43, "Total Cost": 40902.99, "Plan Rows": 1127422, "Plan Width": 4, "Actual Startup Time": 0.52, "Actual Total Time": 503.431, "Actual Rows": 910276, "Actual Loops": 1, "Output": ["mc.id", "mc.movie_id", "mc.company_id", "mc.company_type_id", "mc.note"], "Index Cond": "(mc.company_type_id > 1)", "Rows Removed by Index Recheck": 0, "Filter": "(mc.company_id < 79751)", "Rows Removed by Filter": 424607, "Shared Hit Blocks": 0, "Shared Read Blocks": 8662, "Shared Dirtied Blocks": 0, "Shared Written Blocks": 0, "Local Hit Blocks": 0, "Local Read Blocks": 0, "Local Dirtied Blocks": 0, "Local Written Blocks": 0, "Temp Read Blocks": 0, "Temp Written Blocks": 0, "I/O Read Time": 45.157, "I/O Write Time": 0.0}, {"Node Type": "Hash", "Parent Relationship": "Inner", "Parallel Aware": false, "Startup Cost": 73925.8, "Total Cost": 73925.8, "Plan Rows": 44797, "Plan Width": 4, "Actual Startup Time": 549.299, "Actual Total Time": 549.3, "Actual Rows": 33905, "Actual Loops": 1, "Output": ["t.id"], "Hash Buckets": 65536, "Original Hash Buckets": 65536, "Hash Batches": 1, "Original Hash Batches": 1, "Peak Memory Usage": 1704, "Shared Hit Blocks": 0, "Shared Read Blocks": 35998, "Shared Dirtied Blocks": 0, "Shared Written Blocks": 0, "Local Hit Blocks": 0, "Local Read Blocks": 0, "Local Dirtied Blocks": 0, "Local Written Blocks": 0, "Temp Read Blocks": 0, "Temp Written Blocks": 0, "I/O Read Time": 68.395, "I/O Write Time": 0.0, "Plans": [{"Node Type": "Seq Scan", "Parent Relationship": "Outer", "Parallel Aware": false, "Relation Name": "title", "Schema": "public", "Alias": "t", "Startup Cost": 0.0, "Total Cost": 73925.8, "Plan Rows": 44797, "Plan Width": 4, "Actual Startup Time": 0.25, "Actual Total Time": 535.93, "Actual Rows": 33905, "Actual Loops": 1, "Output": ["t.id"], "Filter": "((t.kind_id < 7) AND (t.production_year = 2006))", "Rows Removed by Filter": 2494407, "Shared Hit Blocks": 0, "Shared Read Blocks": 35998, "Shared Dirtied Blocks": 0, "Shared Written Blocks": 0, "Local Hit Blocks": 0, "Local Read Blocks": 0, "Local Dirtied Blocks": 0, "Local Written Blocks": 0, "Temp Read Blocks": 0, "Temp Written Blocks": 0, "I/O Read Time": 68.395, "I/O Write Time": 0.0}]}]}]}, "Planning": {"Shared Hit Blocks": 123, "Shared Read Blocks": 29, "Shared Dirtied Blocks": 0, "Shared Written Blocks": 0, "Local Hit Blocks": 0, "Local Read Blocks": 0, "Local Dirtied Blocks": 0, "Local Written Blocks": 0, "Temp Read Blocks": 0, "Temp Written Blocks": 0, "I/O Read Time": 2.24, "I/O Write Time": 0.0}, "Planning Time": 3.364, "Triggers": [], "Execution Time": 1218.855}, "template": "scale", "query": "EXPLAIN (ANALYZE, COSTS, BUFFERS, VERBOSE, FORMAT JSON) SELECT COUNT(*) FROM title t,movie_companies mc WHERE t.id=mc.movie_id AND t.kind_id<7 AND t.production_year=2006 AND mc.company_id<79751 AND mc.company_type_id>1;"}
{"planinfo": {"Plan": {"Node Type": "Aggregate", "Strategy": "Plain", "Partial Mode": "Simple", "Parallel Aware": false, "Startup Cost": 2216.12, "Total Cost": 2216.13, "Plan Rows": 1, "Plan Width": 8, "Actual Startup Time": 542.557, "Actual Total Time": 542.559, "Actual Rows": 1, "Actual Loops": 1, "Output": ["count(*)"], "Shared Hit Blocks": 24798, "Shared Read Blocks": 13573, "Shared Dirtied Blocks": 0, "Shared Written Blocks": 0, "Local Hit Blocks": 0, "Local Read Blocks": 0, "Local Dirtied Blocks": 0, "Local Written Blocks": 0, "Temp Read Blocks": 0, "Temp Written Blocks": 0, "I/O Read Time": 467.395, "I/O Write Time": 0.0, "Plans": [{"Node Type": "Nested Loop", "Parent Relationship": "Outer", "Parallel Aware": false, "Join Type": "Inner", "Startup Cost": 1.29, "Total Cost": 2215.84, "Plan Rows": 112, "Plan Width": 0, "Actual Startup Time": 0.939, "Actual Total Time": 540.87, "Actual Rows": 8910, "Actual Loops": 1, "Inner Unique": false, "Shared Hit Blocks": 24798, "Shared Read Blocks": 13573, "Shared Dirtied Blocks": 0, "Shared Written Blocks": 0, "Local Hit Blocks": 0, "Local Read Blocks": 0, "Local Dirtied Blocks": 0, "Local Written Blocks": 0, "Temp Read Blocks": 0, "Temp Written Blocks": 0, "I/O Read Time": 467.395, "I/O Write Time": 0.0, "Plans": [{"Node Type": "Nested Loop", "Parent Relationship": "Outer", "Parallel Aware": false, "Join Type": "Inner", "Startup Cost": 0.86, "Total Cost": 2070.65, "Plan Rows": 246, "Plan Width": 8, "Actual Startup Time": 0.359, "Actual Total Time": 351.904, "Actual Rows": 4517, "Actual Loops": 1, "Output": ["t.id", "mk.movie_id"], "Inner Unique": true, "Shared Hit Blocks": 11294, "Shared Read Blocks": 5947, "Shared Dirtied Blocks": 0, "Shared Written Blocks": 0, "Local Hit Blocks": 0, "Local Read Blocks": 0, "Local Dirtied Blocks": 0, "Local Written Blocks": 0, "Temp Read Blocks": 0, "Temp Written Blocks": 0, "I/O Read Time": 320.13, "I/O Write Time": 0.0, "Plans": [{"Node Type": "Index Scan", "Parent Relationship": "Outer", "Parallel Aware": false, "Scan Direction": "Forward", "Index Name": "keyword_id_movie_keyword", "Relation Name": "movie_keyword", "Schema": "public", "Alias": "mk", "Startup Cost": 0.43, "Total Cost": 988.56, "Plan Rows": 246, "Plan Width": 4, "Actual Startup Time": 0.344, "Actual Total Time": 176.802, "Actual Rows": 4517, "Actual Loops": 1, "Output": ["mk.id", "mk.movie_id", "mk.keyword_id"], "Index Cond": "(mk.keyword_id = 115)", "Rows Removed by Index Recheck": 0, "Shared Hit Blocks": 0, "Shared Read Blocks": 3592, "Shared Dirtied Blocks": 0, "Shared Written Blocks": 0, "Local Hit Blocks": 0, "Local Read Blocks": 0, "Local Dirtied Blocks": 0, "Local Written Blocks": 0, "Temp Read Blocks": 0, "Temp Written Blocks": 0, "I/O Read Time": 170.065, "I/O Write Time": 0.0}, {"Node Type": "Index Only Scan", "Parent Relationship": "Inner", "Parallel Aware": false, "Scan Direction": "Forward", "Index Name": "title_pkey", "Relation Name": "title", "Schema": "public", "Alias": "t", "Startup Cost": 0.43, "Total Cost": 4.4, "Plan Rows": 1, "Plan Width": 4, "Actual Startup Time": 0.038, "Actual Total Time": 0.038, "Actual Rows": 1, "Actual Loops": 4517, "Output": ["t.id"], "Index Cond": "(t.id = mk.movie_id)", "Rows Removed by Index Recheck": 0, "Heap Fetches": 0, "Shared Hit Blocks": 11294, "Shared Read Blocks": 2355, "Shared Dirtied Blocks": 0, "Shared Written Blocks": 0, "Local Hit Blocks": 0, "Local Read Blocks": 0, "Local Dirtied Blocks": 0, "Local Written Blocks": 0, "Temp Read Blocks": 0, "Temp Written Blocks": 0, "I/O Read Time": 150.065, "I/O Write Time": 0.0}]}, {"Node Type": "Index Scan", "Parent Relationship": "Inner", "Parallel Aware": false, "Scan Direction": "Forward", "Index Name": "movie_id_movie_companies", "Relation Name": "movie_companies", "Schema": "public", "Alias": "mc", "Startup Cost": 0.43, "Total Cost": 0.57, "Plan Rows": 2, "Plan Width": 4, "Actual Startup Time": 0.036, "Actual Total Time": 0.041, "Actual Rows": 2, "Actual Loops": 4517, "Output": ["mc.id", "mc.movie_id", "mc.company_id", "mc.company_type_id", "mc.note"], "Index Cond": "(mc.movie_id = t.id)", "Rows Removed by Index Recheck": 0, "Filter": "(mc.company_id > 13331)", "Rows Removed by Filter": 3, "Shared Hit Blocks": 13504, "Shared Read Blocks": 7626, "Shared Dirtied Blocks": 0, "Shared Written Blocks": 0, "Local Hit Blocks": 0, "Local Read Blocks": 0, "Local Dirtied Blocks": 0, "Local Written Blocks": 0, "Temp Read Blocks": 0, "Temp Written Blocks": 0, "I/O Read Time": 147.265, "I/O Write Time": 0.0}]}]}, "Planning": {"Shared Hit Blocks": 200, "Shared Read Blocks": 37, "Shared Dirtied Blocks": 0, "Shared Written Blocks": 0, "Local Hit Blocks": 0, "Local Read Blocks": 0, "Local Dirtied Blocks": 0, "Local Written Blocks": 0, "Temp Read Blocks": 0, "Temp Written Blocks": 0, "I/O Read Time": 2.733, "I/O Write Time": 0.0}, "Planning Time": 4.356, "Triggers": [], "Execution Time": 542.648}, "template": "scale", "query": "EXPLAIN (ANALYZE, COSTS, BUFFERS, VERBOSE, FORMAT JSON) SELECT COUNT(*) FROM title t,movie_companies mc,movie_keyword mk WHERE t.id=mc.movie_id AND t.id=mk.movie_id AND mc.company_id>13331 AND mk.keyword_id=115;"}
{"planinfo": {"Plan": {"Node Type": "Aggregate", "Strategy": "Plain", "Partial Mode": "Simple", "Parallel Aware": false, "Startup Cost": 490228.46, "Total Cost": 490228.47, "Plan Rows": 1, "Plan Width": 8, "Actual Startup Time": 414011.77, "Actual Total Time": 414011.776, "Actual Rows": 1, "Actual Loops": 1, "Output": ["count(*)"], "Shared Hit Blocks": 6603252, "Shared Read Blocks": 364982, "Shared Dirtied Blocks": 0, "Shared Written Blocks": 0, "Local Hit Blocks": 0, "Local Read Blocks": 0, "Local Dirtied Blocks": 0, "Local Written Blocks": 0, "Temp Read Blocks": 186481, "Temp Written Blocks": 186481, "I/O Read Time": 2366.24, "I/O Write Time": 0.0, "Plans": [{"Node Type": "Hash Join", "Parent Relationship": "Outer", "Parallel Aware": false, "Join Type": "Inner", "Startup Cost": 364427.8, "Total Cost": 488761.71, "Plan Rows": 586698, "Plan Width": 0, "Actual Startup Time": 32105.313, "Actual Total Time": 279874.394, "Actual Rows": 1360323800, "Actual Loops": 1, "Inner Unique": false, "Hash Cond": "(mk.movie_id = t.id)", "Shared Hit Blocks": 6603252, "Shared Read Blocks": 364982, "Shared Dirtied Blocks": 0, "Shared Written Blocks": 0, "Local Hit Blocks": 0, "Local Read Blocks": 0, "Local Dirtied Blocks": 0, "Local Written Blocks": 0, "Temp Read Blocks": 186481, "Temp Written Blocks": 186481, "I/O Read Time": 2366.24, "I/O Write Time": 0.0, "Plans": [{"Node Type": "Seq Scan", "Parent Relationship": "Outer", "Parallel Aware": false, "Relation Name": "movie_keyword", "Schema": "public", "Alias": "mk", "Startup Cost": 0.0, "Total Cost": 81003.12, "Plan Rows": 3033548, "Plan Width": 4, "Actual Startup Time": 0.127, "Actual Total Time": 1034.897, "Actual Rows": 3023427, "Actual Loops": 1, "Output": ["mk.movie_id"], "Filter": "(mk.keyword_id < 10833)", "Rows Removed by Filter": 1500503, "Shared Hit Blocks": 0, "Shared Read Blocks": 24454, "Shared Dirtied Blocks": 0, "Shared Written Blocks": 0, "Local Hit Blocks": 0, "Local Read Blocks": 0, "Local Dirtied Blocks": 0, "Local Written Blocks": 0, "Temp Read Blocks": 0, "Temp Written Blocks": 0, "I/O Read Time": 56.093, "I/O Write Time": 0.0}, {"Node Type": "Hash", "Parent Relationship": "Inner", "Parallel Aware": false, "Startup Cost": 355927.0, "Total Cost": 355927.0, "Plan Rows": 489024, "Plan Width": 16, "Actual Startup Time": 32068.616, "Actual Total Time": 32068.621, "Actual Rows": 23293137, "Actual Loops": 1, "Output": ["t.id", "mc.movie_id", "mi.movie_id", "mi_idx.movie_id"], "Hash Buckets": 131072, "Original Hash Buckets": 131072, "Hash Batches": 2048, "Original Hash Batches": 8, "Peak Memory Usage": 3073, "Shared Hit Blocks": 6603249, "Shared Read Blocks": 340528, "Shared Dirtied Blocks": 0, "Shared Written Blocks": 0, "Local Hit Blocks": 0, "Local Read Blocks": 0, "Local Dirtied Blocks": 0, "Local Written Blocks": 0, "Temp Read Blocks": 3213, "Temp Written Blocks": 105158, "I/O Read Time": 2310.147, "I/O Write Time": 0.0, "Plans": [{"Node Type": "Nested Loop", "Parent Relationship": "Outer", "Parallel Aware": false, "Join Type": "Inner", "Startup Cost": 143607.91, "Total Cost": 355927.0, "Plan Rows": 489024, "Plan Width": 16, "Actual Startup Time": 1792.699, "Actual Total Time": 22933.293, "Actual Rows": 23293137, "Actual Loops": 1, "Output": ["t.id", "mc.movie_id", "mi.movie_id", "mi_idx.movie_id"], "Inner Unique": false, "Shared Hit Blocks": 6603249, "Shared Read Blocks": 340528, "Shared Dirtied Blocks": 0, "Shared Written Blocks": 0, "Local Hit Blocks": 0, "Local Read Blocks": 0, "Local Dirtied Blocks": 0, "Local Written Blocks": 0, "Temp Read Blocks": 3213, "Temp Written Blocks": 3213, "I/O Read Time": 2310.147, "I/O Write Time": 0.0, "Plans": [{"Node Type": "Hash Join", "Parent Relationship": "Outer", "Parallel Aware": false, "Join Type": "Inner", "Startup Cost": 143607.48, "Total Cost": 190242.99, "Plan Rows": 88493, "Plan Width": 12, "Actual Startup Time": 1792.261, "Actual Total Time": 2915.475, "Actual Rows": 449899, "Actual Loops": 1, "Output": ["t.id", "mc.movie_id", "mi_idx.movie_id"], "Inner Unique": false, "Hash Cond": "(mc.movie_id = t.id)", "Shared Hit Blocks": 36376, "Shared Read Blocks": 33583, "Shared Dirtied Blocks": 0, "Shared Written Blocks": 0, "Local Hit Blocks": 0, "Local Read Blocks": 0, "Local Dirtied Blocks": 0, "Local Written Blocks": 0, "Temp Read Blocks": 3213, "Temp Written Blocks": 3213, "I/O Read Time": 267.984, "I/O Write Time": 0.0, "Plans": [{"Node Type": "Index Scan", "Parent Relationship": "Outer", "Parallel Aware": false, "Scan Direction": "Forward", "Index Name": "company_type_id_movie_companies", "Relation Name": "movie_companies", "Schema": "public", "Alias": "mc", "Startup Cost": 0.43, "Total Cost": 38297.45, "Plan Rows": 490285, "Plan Width": 4, "Actual Startup Time": 0.293, "Actual Total Time": 552.737, "Actual Rows": 713640, "Actual Loops": 1, "Output": ["mc.movie_id"], "Index Cond": "(mc.company_type_id = 1)", "Rows Removed by Index Recheck": 0, "Filter": "(mc.company_id < 5569)", "Rows Removed by Filter": 560606, "Shared Hit Blocks": 0, "Shared Read Blocks": 12176, "Shared Dirtied Blocks": 0, "Shared Written Blocks": 0, "Local Hit Blocks": 0, "Local Read Blocks": 0, "Local Dirtied Blocks": 0, "Local Written Blocks": 0, "Temp Read Blocks": 0, "Temp Written Blocks": 0, "I/O Read Time": 61.79, "I/O Write Time": 0.0}, {"Node Type": "Hash", "Parent Relationship": "Inner", "Parallel Aware": false, "Startup Cost": 136119.32, "Total Cost": 136119.32, "Plan Rows": 456378, "Plan Width": 8, "Actual Startup Time": 1791.37, "Actual Total Time": 1791.372, "Actual Rows": 459925, "Actual Loops": 1, "Output": ["t.id", "mi_idx.movie_id"], "Hash Buckets": 131072, "Original Hash Buckets": 131072, "Hash Batches": 8, "Original Hash Batches": 8, "Peak Memory Usage": 3275, "Shared Hit Blocks": 36376, "Shared Read Blocks": 21407, "Shared Dirtied Blocks": 0, "Shared Written Blocks": 0, "Local Hit Blocks": 0, "Local Read Blocks": 0, "Local Dirtied Blocks": 0, "Local Written Blocks": 0, "Temp Read Blocks": 0, "Temp Written Blocks": 1372, "I/O Read Time": 206.194, "I/O Write Time": 0.0, "Plans": [{"Node Type": "Merge Join", "Parent Relationship": "Outer", "Parallel Aware": false, "Join Type": "Inner", "Startup Cost": 9.94, "Total Cost": 136119.32, "Plan Rows": 456378, "Plan Width": 8, "Actual Startup Time": 0.168, "Actual Total Time": 1597.252, "Actual Rows": 459925, "Actual Loops": 1, "Output": ["t.id", "mi_idx.movie_id"], "Inner Unique": false, "Merge Cond": "(t.id = mi_idx.movie_id)", "Shared Hit Blocks": 36376, "Shared Read Blocks": 21407, "Shared Dirtied Blocks": 0, "Shared Written Blocks": 0, "Local Hit Blocks": 0, "Local Read Blocks": 0, "Local Dirtied Blocks": 0, "Local Written Blocks": 0, "Temp Read Blocks": 0, "Temp Written Blocks": 0, "I/O Read Time": 206.194, "I/O Write Time": 0.0, "Plans": [{"Node Type": "Index Only Scan", "Parent Relationship": "Outer", "Parallel Aware": false, "Scan Direction": "Forward", "Index Name": "title_pkey", "Relation Name": "title", "Schema": "public", "Alias": "t", "Startup Cost": 0.43, "Total Cost": 73940.23, "Plan Rows": 2528520, "Plan Width": 4, "Actual Startup Time": 0.022, "Actual Total Time": 550.979, "Actual Rows": 2525794, "Actual Loops": 1, "Output": ["t.id"], "Heap Fetches": 0, "Shared Hit Blocks": 23441, "Shared Read Blocks": 8963, "Shared Dirtied Blocks": 0, "Shared Written Blocks": 0, "Local Hit Blocks": 0, "Local Read Blocks": 0, "Local Dirtied Blocks": 0, "Local Written Blocks": 0, "Temp Read Blocks": 0, "Temp Written Blocks": 0, "I/O Read Time": 136.843, "I/O Write Time": 0.0}, {"Node Type": "Index Scan", "Parent Relationship": "Inner", "Parallel Aware": false, "Scan Direction": "Forward", "Index Name": "movie_id_movie_info_idx", "Relation Name": "movie_info_idx", "Schema": "public", "Alias": "mi_idx", "Startup Cost": 0.43, "Total Cost": 50235.25, "Plan Rows": 456378, "Plan Width": 4, "Actual Startup Time": 0.142, "Actual Total Time": 596.839, "Actual Rows": 459925, "Actual Loops": 1, "Output": ["mi_idx.id", "mi_idx.movie_id", "mi_idx.info_type_id", "mi_idx.info", "mi_idx.note"], "Filter": "(mi_idx.info_type_id = 99)", "Rows Removed by Filter": 920110, "Shared Hit Blocks": 12935, "Shared Read Blocks": 12444, "Shared Dirtied Blocks": 0, "Shared Written Blocks": 0, "Local Hit Blocks": 0, "Local Read Blocks": 0, "Local Dirtied Blocks": 0, "Local Written Blocks": 0, "Temp Read Blocks": 0, "Temp Written Blocks": 0, "I/O Read Time": 69.351, "I/O Write Time": 0.0}]}]}]}, {"Node Type": "Index Scan", "Parent Relationship": "Inner", "Parallel Aware": false, "Scan Direction": "Forward", "Index Name": "movie_id_movie_info", "Relation Name": "movie_info", "Schema": "public", "Alias": "mi", "Startup Cost": 0.43, "Total Cost": 1.51, "Plan Rows": 36, "Plan Width": 4, "Actual Startup Time": 0.007, "Actual Total Time": 0.035, "Actual Rows": 52, "Actual Loops": 449899, "Output": ["mi.id", "mi.movie_id", "mi.info_type_id", "mi.info", "mi.note"], "Index Cond": "(mi.movie_id = t.id)", "Rows Removed by Index Recheck": 0, "Filter": "(mi.info_type_id > 1)", "Rows Removed by Filter": 1, "Shared Hit Blocks": 6566873, "Shared Read Blocks": 306945, "Shared Dirtied Blocks": 0, "Shared Written Blocks": 0, "Local Hit Blocks": 0, "Local Read Blocks": 0, "Local Dirtied Blocks": 0, "Local Written Blocks": 0, "Temp Read Blocks": 0, "Temp Written Blocks": 0, "I/O Read Time": 2042.163, "I/O Write Time": 0.0}]}]}]}]}, "Planning": {"Shared Hit Blocks": 464, "Shared Read Blocks": 63, "Shared Dirtied Blocks": 0, "Shared Written Blocks": 0, "Local Hit Blocks": 0, "Local Read Blocks": 0, "Local Dirtied Blocks": 0, "Local Written Blocks": 0, "Temp Read Blocks": 0, "Temp Written Blocks": 0, "I/O Read Time": 4.708, "I/O Write Time": 0.0}, "Planning Time": 9.1, "Triggers": [], "Execution Time": 414012.361}, "template": "scale", "query": "EXPLAIN (ANALYZE, COSTS, BUFFERS, VERBOSE, FORMAT JSON) SELECT COUNT(*) FROM title t,movie_companies mc,movie_info mi,movie_info_idx mi_idx,movie_keyword mk WHERE t.id=mc.movie_id AND t.id=mi.movie_id AND t.id=mi_idx.movie_id AND t.id=mk.movie_id AND mc.company_id<5569 AND mc.company_type_id=1 AND mi.info_type_id>1 AND mi_idx.info_type_id=99 AND mk.keyword_id<10833;"}
{"planinfo": {"Plan": {"Node Type": "Aggregate", "Strategy": "Plain", "Partial Mode": "Simple", "Parallel Aware": false, "Startup Cost": 180817.03, "Total Cost": 180817.04, "Plan Rows": 1, "Plan Width": 8, "Actual Startup Time": 3788.59, "Actual Total Time": 3788.594, "Actual Rows": 1, "Actual Loops": 1, "Output": ["count(*)"], "Shared Hit Blocks": 3, "Shared Read Blocks": 54788, "Shared Dirtied Blocks": 0, "Shared Written Blocks": 0, "Local Hit Blocks": 0, "Local Read Blocks": 0, "Local Dirtied Blocks": 0, "Local Written Blocks": 0, "Temp Read Blocks": 12528, "Temp Written Blocks": 12528, "I/O Read Time": 155.888, "I/O Write Time": 0.0, "Plans": [{"Node Type": "Hash Join", "Parent Relationship": "Outer", "Parallel Aware": false, "Join Type": "Inner", "Startup Cost": 97058.49, "Total Cost": 176185.75, "Plan Rows": 1852512, "Plan Width": 0, "Actual Startup Time": 1227.438, "Actual Total Time": 3567.885, "Actual Rows": 2059977, "Actual Loops": 1, "Inner Unique": true, "Hash Cond": "(mc.movie_id = t.id)", "Shared Hit Blocks": 3, "Shared Read Blocks": 54788, "Shared Dirtied Blocks": 0, "Shared Written Blocks": 0, "Local Hit Blocks": 0, "Local Read Blocks": 0, "Local Dirtied Blocks": 0, "Local Written Blocks": 0, "Temp Read Blocks": 12528, "Temp Written Blocks": 12528, "I/O Read Time": 155.888, "I/O Write Time": 0.0, "Plans": [{"Node Type": "Seq Scan", "Parent Relationship": "Outer", "Parallel Aware": false, "Relation Name": "movie_companies", "Schema": "public", "Alias": "mc", "Startup Cost": 0.0, "Total Cost": 44881.29, "Plan Rows": 2609129, "Plan Width": 4, "Actual Startup Time": 0.128, "Actual Total Time": 594.843, "Actual Rows": 2609129, "Actual Loops": 1, "Output": ["mc.movie_id"], "Shared Hit Blocks": 0, "Shared Read Blocks": 18790, "Shared Dirtied Blocks": 0, "Shared Written Blocks": 0, "Local Hit Blocks": 0, "Local Read Blocks": 0, "Local Dirtied Blocks": 0, "Local Written Blocks": 0, "Temp Read Blocks": 0, "Temp Written Blocks": 0, "I/O Read Time": 96.384, "I/O Write Time": 0.0}, {"Node Type": "Hash", "Parent Relationship": "Inner", "Parallel Aware": false, "Startup Cost": 67604.5, "Total Cost": 67604.5, "Plan Rows": 1795279, "Plan Width": 4, "Actual Startup Time": 1225.888, "Actual Total Time": 1225.889, "Actual Rows": 1794153, "Actual Loops": 1, "Output": ["t.id"], "Hash Buckets": 131072, "Original Hash Buckets": 131072, "Hash Batches": 32, "Original Hash Batches": 32, "Peak Memory Usage": 2992, "Shared Hit Blocks": 0, "Shared Read Blocks": 35998, "Shared Dirtied Blocks": 0, "Shared Written Blocks": 0, "Local Hit Blocks": 0, "Local Read Blocks": 0, "Local Dirtied Blocks": 0, "Local Written Blocks": 0, "Temp Read Blocks": 0, "Temp Written Blocks": 5075, "I/O Read Time": 59.504, "I/O Write Time": 0.0, "Plans": [{"Node Type": "Seq Scan", "Parent Relationship": "Outer", "Parallel Aware": false, "Relation Name": "title", "Schema": "public", "Alias": "t", "Startup Cost": 0.0, "Total Cost": 67604.5, "Plan Rows": 1795279, "Plan Width": 4, "Actual Startup Time": 0.133, "Actual Total Time": 675.591, "Actual Rows": 1794153, "Actual Loops": 1, "Output": ["t.id"], "Filter": "(t.production_year < 2009)", "Rows Removed by Filter": 734159, "Shared Hit Blocks": 0, "Shared Read Blocks": 35998, "Shared Dirtied Blocks": 0, "Shared Written Blocks": 0, "Local Hit Blocks": 0, "Local Read Blocks": 0, "Local Dirtied Blocks": 0, "Local Written Blocks": 0, "Temp Read Blocks": 0, "Temp Written Blocks": 0, "I/O Read Time": 59.504, "I/O Write Time": 0.0}]}]}]}, "Planning": {"Shared Hit Blocks": 109, "Shared Read Blocks": 28, "Shared Dirtied Blocks": 0, "Shared Written Blocks": 0, "Local Hit Blocks": 0, "Local Read Blocks": 0, "Local Dirtied Blocks": 0, "Local Written Blocks": 0, "Temp Read Blocks": 0, "Temp Written Blocks": 0, "I/O Read Time": 1.983, "I/O Write Time": 0.0}, "Planning Time": 2.893, "Triggers": [], "Execution Time": 3788.77}, "template": "scale", "query": "EXPLAIN (ANALYZE, COSTS, BUFFERS, VERBOSE, FORMAT JSON) SELECT COUNT(*) FROM title t,movie_companies mc WHERE t.id=mc.movie_id AND t.production_year<2009;"}
{"planinfo": {"Plan": {"Node Type": "Aggregate", "Strategy": "Plain", "Partial Mode": "Simple", "Parallel Aware": false, "Startup Cost": 201314.71, "Total Cost": 201314.72, "Plan Rows": 1, "Plan Width": 8, "Actual Startup Time": 4521.667, "Actual Total Time": 4521.67, "Actual Rows": 1, "Actual Loops": 1, "Output": ["count(*)"], "Shared Hit Blocks": 3, "Shared Read Blocks": 60452, "Shared Dirtied Blocks": 0, "Shared Written Blocks": 0, "Local Hit Blocks": 0, "Local Read Blocks": 0, "Local Dirtied Blocks": 0, "Local Written Blocks": 0, "Temp Read Blocks": 14244, "Temp Written Blocks": 14244, "I/O Read Time": 215.219, "I/O Write Time": 0.0, "Plans": [{"Node Type": "Hash Join", "Parent Relationship": "Outer", "Parallel Aware": false, "Join Type": "Inner", "Startup Cost": 78723.04, "Total Cost": 198283.68, "Plan Rows": 1212413, "Plan Width": 0, "Actual Startup Time": 1185.26, "Actual Total Time": 4227.076, "Actual Rows": 2886675, "Actual Loops": 1, "Inner Unique": true, "Hash Cond": "(mk.movie_id = t.id)", "Shared Hit Blocks": 3, "Shared Read Blocks": 60452, "Shared Dirtied Blocks": 0, "Shared Written Blocks": 0, "Local Hit Blocks": 0, "Local Read Blocks": 0, "Local Dirtied Blocks": 0, "Local Written Blocks": 0, "Temp Read Blocks": 14244, "Temp Written Blocks": 14244, "I/O Read Time": 215.219, "I/O Write Time": 0.0, "Plans": [{"Node Type": "Seq Scan", "Parent Relationship": "Outer", "Parallel Aware": false, "Relation Name": "movie_keyword", "Schema": "public", "Alias": "mk", "Startup Cost": 0.0, "Total Cost": 69693.3, "Plan Rows": 4523930, "Plan Width": 4, "Actual Startup Time": 0.119, "Actual Total Time": 1007.432, "Actual Rows": 4523930, "Actual Loops": 1, "Output": ["mk.movie_id"], "Shared Hit Blocks": 0, "Shared Read Blocks": 24454, "Shared Dirtied Blocks": 0, "Shared Written Blocks": 0, "Local Hit Blocks": 0, "Local Read Blocks": 0, "Local Dirtied Blocks": 0, "Local Written Blocks": 0, "Temp Read Blocks": 0, "Temp Written Blocks": 0, "I/O Read Time": 148.874, "I/O Write Time": 0.0}, {"Node Type": "Hash", "Parent Relationship": "Inner", "Parallel Aware": false, "Startup Cost": 67604.5, "Total Cost": 67604.5, "Plan Rows": 677643, "Plan Width": 4, "Actual Startup Time": 770.903, "Actual Total Time": 770.904, "Actual Rows": 662825, "Actual Loops": 1, "Output": ["t.id"], "Hash Buckets": 131072, "Original Hash Buckets": 131072, "Hash Batches": 16, "Original Hash Batches": 16, "Peak Memory Usage": 2476, "Shared Hit Blocks": 0, "Shared Read Blocks": 35998, "Shared Dirtied Blocks": 0, "Shared Written Blocks": 0, "Local Hit Blocks": 0, "Local Read Blocks": 0, "Local Dirtied Blocks": 0, "Local Written Blocks": 0, "Temp Read Blocks": 0, "Temp Written Blocks": 1813, "I/O Read Time": 66.345, "I/O Write Time": 0.0, "Plans": [{"Node Type": "Seq Scan", "Parent Relationship": "Outer", "Parallel Aware": false, "Relation Name": "title", "Schema": "public", "Alias": "t", "Startup Cost": 0.0, "Total Cost": 67604.5, "Plan Rows": 677643, "Plan Width": 4, "Actual Startup Time": 17.527, "Actual Total Time": 562.563, "Actual Rows": 662825, "Actual Loops": 1, "Output": ["t.id"], "Filter": "(t.kind_id = 1)", "Rows Removed by Filter": 1865487, "Shared Hit Blocks": 0, "Shared Read Blocks": 35998, "Shared Dirtied Blocks": 0, "Shared Written Blocks": 0, "Local Hit Blocks": 0, "Local Read Blocks": 0, "Local Dirtied Blocks": 0, "Local Written Blocks": 0, "Temp Read Blocks": 0, "Temp Written Blocks": 0, "I/O Read Time": 66.345, "I/O Write Time": 0.0}]}]}]}, "Planning": {"Shared Hit Blocks": 101, "Shared Read Blocks": 26, "Shared Dirtied Blocks": 0, "Shared Written Blocks": 0, "Local Hit Blocks": 0, "Local Read Blocks": 0, "Local Dirtied Blocks": 0, "Local Written Blocks": 0, "Temp Read Blocks": 0, "Temp Written Blocks": 0, "I/O Read Time": 1.807, "I/O Write Time": 0.0}, "Planning Time": 2.747, "Triggers": [], "Execution Time": 4521.83}, "template": "scale", "query": "EXPLAIN (ANALYZE, COSTS, BUFFERS, VERBOSE, FORMAT JSON) SELECT COUNT(*) FROM title t,movie_keyword mk WHERE t.id=mk.movie_id AND t.kind_id=1;"}
{"planinfo": {"Plan": {"Node Type": "Aggregate", "Strategy": "Plain", "Partial Mode": "Simple", "Parallel Aware": false, "Startup Cost": 166341.64, "Total Cost": 166341.65, "Plan Rows": 1, "Plan Width": 8, "Actual Startup Time": 3064.319, "Actual Total Time": 3064.323, "Actual Rows": 1, "Actual Loops": 1, "Output": ["count(*)"], "Shared Hit Blocks": 3, "Shared Read Blocks": 54788, "Shared Dirtied Blocks": 0, "Shared Written Blocks": 0, "Local Hit Blocks": 0, "Local Read Blocks": 0, "Local Dirtied Blocks": 0, "Local Written Blocks": 0, "Temp Read Blocks": 9530, "Temp Written Blocks": 9530, "I/O Read Time": 154.75, "I/O Write Time": 0.0, "Plans": [{"Node Type": "Hash Join", "Parent Relationship": "Outer", "Parallel Aware": false, "Join Type": "Inner", "Startup Cost": 82433.64, "Total Cost": 164056.64, "Plan Rows": 913999, "Plan Width": 0, "Actual Startup Time": 886.596, "Actual Total Time": 2988.248, "Actual Rows": 709105, "Actual Loops": 1, "Inner Unique": true, "Hash Cond": "(mc.movie_id = t.id)", "Shared Hit Blocks": 3, "Shared Read Blocks": 54788, "Shared Dirtied Blocks": 0, "Shared Written Blocks": 0, "Local Hit Blocks": 0, "Local Read Blocks": 0, "Local Dirtied Blocks": 0, "Local Written Blocks": 0, "Temp Read Blocks": 9530, "Temp Written Blocks": 9530, "I/O Read Time": 154.75, "I/O Write Time": 0.0, "Plans": [{"Node Type": "Seq Scan", "Parent Relationship": "Outer", "Parallel Aware": false, "Relation Name": "movie_companies", "Schema": "public", "Alias": "mc", "Startup Cost": 0.0, "Total Cost": 51404.11, "Plan Rows": 2556908, "Plan Width": 4, "Actual Startup Time": 0.127, "Actual Total Time": 710.128, "Actual Rows": 2558338, "Actual Loops": 1, "Output": ["mc.movie_id"], "Filter": "(mc.company_id < 190835)", "Rows Removed by Filter": 50791, "Shared Hit Blocks": 0, "Shared Read Blocks": 18790, "Shared Dirtied Blocks": 0, "Shared Written Blocks": 0, "Local Hit Blocks": 0, "Local Read Blocks": 0, "Local Dirtied Blocks": 0, "Local Written Blocks": 0, "Temp Read Blocks": 0, "Temp Written Blocks": 0, "I/O Read Time": 95.393, "I/O Write Time": 0.0}, {"Node Type": "Hash", "Parent Relationship": "Inner", "Parallel Aware": false, "Startup Cost": 67604.5, "Total Cost": 67604.5, "Plan Rows": 903851, "Plan Width": 4, "Actual Startup Time": 885.822, "Actual Total Time": 885.823, "Actual Rows": 904491, "Actual Loops": 1, "Output": ["t.id"], "Hash Buckets": 131072, "Original Hash Buckets": 131072, "Hash Batches": 16, "Original Hash Batches": 16, "Peak Memory Usage": 3010, "Shared Hit Blocks": 0, "Shared Read Blocks": 35998, "Shared Dirtied Blocks": 0, "Shared Written Blocks": 0, "Local Hit Blocks": 0, "Local Read Blocks": 0, "Local Dirtied Blocks": 0, "Local Written Blocks": 0, "Temp Read Blocks": 0, "Temp Written Blocks": 2478, "I/O Read Time": 59.357, "I/O Write Time": 0.0, "Plans": [{"Node Type": "Seq Scan", "Parent Relationship": "Outer", "Parallel Aware": false, "Relation Name": "title", "Schema": "public", "Alias": "t", "Startup Cost": 0.0, "Total Cost": 67604.5, "Plan Rows": 903851, "Plan Width": 4, "Actual Startup Time": 0.151, "Actual Total Time": 596.263, "Actual Rows": 904491, "Actual Loops": 1, "Output": ["t.id"], "Filter": "(t.production_year > 2006)", "Rows Removed by Filter": 1623821, "Shared Hit Blocks": 0, "Shared Read Blocks": 35998, "Shared Dirtied Blocks": 0, "Shared Written Blocks": 0, "Local Hit Blocks": 0, "Local Read Blocks": 0, "Local Dirtied Blocks": 0, "Local Written Blocks": 0, "Temp Read Blocks": 0, "Temp Written Blocks": 0, "I/O Read Time": 59.357, "I/O Write Time": 0.0}]}]}]}, "Planning": {"Shared Hit Blocks": 115, "Shared Read Blocks": 28, "Shared Dirtied Blocks": 0, "Shared Written Blocks": 0, "Local Hit Blocks": 0, "Local Read Blocks": 0, "Local Dirtied Blocks": 0, "Local Written Blocks": 0, "Temp Read Blocks": 0, "Temp Written Blocks": 0, "I/O Read Time": 2.09, "I/O Write Time": 0.0}, "Planning Time": 3.154, "Triggers": [], "Execution Time": 3064.521}, "template": "scale", "query": "EXPLAIN (ANALYZE, COSTS, BUFFERS, VERBOSE, FORMAT JSON) SELECT COUNT(*) FROM title t,movie_companies mc WHERE t.id=mc.movie_id AND t.production_year>2006 AND mc.company_id<190835;"}
{"planinfo": {"Plan": {"Node Type": "Aggregate", "Strategy": "Plain", "Partial Mode": "Simple", "Parallel Aware": false, "Startup Cost": 727359.49, "Total Cost": 727359.5, "Plan Rows": 1, "Plan Width": 8, "Actual Startup Time": 29934.785, "Actual Total Time": 29934.79, "Actual Rows": 1, "Actual Loops": 1, "Output": ["count(*)"], "Shared Hit Blocks": 3, "Shared Read Blocks": 222445, "Shared Dirtied Blocks": 0, "Shared Written Blocks": 0, "Local Hit Blocks": 0, "Local Read Blocks": 0, "Local Dirtied Blocks": 0, "Local Written Blocks": 0, "Temp Read Blocks": 44965, "Temp Written Blocks": 44965, "I/O Read Time": 469.789, "I/O Write Time": 0.0, "Plans": [{"Node Type": "Hash Join", "Parent Relationship": "Outer", "Parallel Aware": false, "Join Type": "Inner", "Startup Cost": 214717.13, "Total Cost": 717231.4, "Plan Rows": 4051237, "Plan Width": 0, "Actual Startup Time": 4417.506, "Actual Total Time": 23728.956, "Actual Rows": 63092691, "Actual Loops": 1, "Inner Unique": false, "Hash Cond": "(mi.movie_id = t.id)", "Shared Hit Blocks": 3, "Shared Read Blocks": 222445, "Shared Dirtied Blocks": 0, "Shared Written Blocks": 0, "Local Hit Blocks": 0, "Local Read Blocks": 0, "Local Dirtied Blocks": 0, "Local Written Blocks": 0, "Temp Read Blocks": 44965, "Temp Written Blocks": 44965, "I/O Read Time": 469.789, "I/O Write Time": 0.0, "Plans": [{"Node Type": "Seq Scan", "Parent Relationship": "Outer", "Parallel Aware": false, "Relation Name": "movie_info", "Schema": "public", "Alias": "mi", "Startup Cost": 0.0, "Total Cost": 347223.62, "Plan Rows": 9564872, "Plan Width": 4, "Actual Startup Time": 0.211, "Actual Total Time": 3482.191, "Actual Rows": 9565151, "Actual Loops": 1, "Output": ["mi.movie_id"], "Filter": "(mi.info_type_id < 16)", "Rows Removed by Filter": 5270569, "Shared Hit Blocks": 0, "Shared Read Blocks": 161993, "Shared Dirtied Blocks": 0, "Shared Written Blocks": 0, "Local Hit Blocks": 0, "Local Read Blocks": 0, "Local Dirtied Blocks": 0, "Local Written Blocks": 0, "Temp Read Blocks": 0, "Temp Written Blocks": 0, "I/O Read Time": 281.395, "I/O Write Time": 0.0}, {"Node Type": "Hash", "Parent Relationship": "Inner", "Parallel Aware": false, "Startup Cost": 197146.08, "Total Cost": 197146.08, "Plan Rows": 1070964, "Plan Width": 8, "Actual Startup Time": 4411.375, "Actual Total Time": 4411.378, "Actual Rows": 2321355, "Actual Loops": 1, "Output": ["t.id", "mk.movie_id"], "Hash Buckets": 131072, "Original Hash Buckets": 131072, "Hash Batches": 32, "Original Hash Batches": 16, "Peak Memory Usage": 3846, "Shared Hit Blocks": 0, "Shared Read Blocks": 60452, "Shared Dirtied Blocks": 0, "Shared Written Blocks": 0, "Local Hit Blocks": 0, "Local Read Blocks": 0, "Local Dirtied Blocks": 0, "Local Written Blocks": 0, "Temp Read Blocks": 10084, "Temp Written Blocks": 17754, "I/O Read Time": 188.394, "I/O Write Time": 0.0, "Plans": [{"Node Type": "Hash Join", "Parent Relationship": "Outer", "Parallel Aware": false, "Join Type": "Inner", "Startup Cost": 84096.14, "Total Cost": 197146.08, "Plan Rows": 1070964, "Plan Width": 8, "Actual Startup Time": 881.254, "Actual Total Time": 3670.682, "Actual Rows": 2321355, "Actual Loops": 1, "Output": ["t.id", "mk.movie_id"], "Inner Unique": true, "Hash Cond": "(mk.movie_id = t.id)", "Shared Hit Blocks": 0, "Shared Read Blocks": 60452, "Shared Dirtied Blocks": 0, "Shared Written Blocks": 0, "Local Hit Blocks": 0, "Local Read Blocks": 0, "Local Dirtied Blocks": 0, "Local Written Blocks": 0, "Temp Read Blocks": 10084, "Temp Written Blocks": 10084, "I/O Read Time": 188.394, "I/O Write Time": 0.0, "Plans": [{"Node Type": "Seq Scan", "Parent Relationship": "Outer", "Parallel Aware": false, "Relation Name": "movie_keyword", "Schema": "public", "Alias": "mk", "Startup Cost": 0.0, "Total Cost": 81003.12, "Plan Rows": 2694023, "Plan Width": 4, "Actual Startup Time": 0.123, "Actual Total Time": 1051.422, "Actual Rows": 2683502, "Actual Loops": 1, "Output": ["mk.movie_id"], "Filter": "(mk.keyword_id < 7565)", "Rows Removed by Filter": 1840428, "Shared Hit Blocks": 0, "Shared Read Blocks": 24454, "Shared Dirtied Blocks": 0, "Shared Written Blocks": 0, "Local Hit Blocks": 0, "Local Read Blocks": 0, "Local Dirtied Blocks": 0, "Local Written Blocks": 0, "Temp Read Blocks": 0, "Temp Written Blocks": 0, "I/O Read Time": 124.299, "I/O Write Time": 0.0}, {"Node Type": "Hash", "Parent Relationship": "Inner", "Parallel Aware": false, "Startup Cost": 67604.5, "Total Cost": 67604.5, "Plan Rows": 1005171, "Plan Width": 4, "Actual Startup Time": 880.464, "Actual Total Time": 880.466, "Actual Rows": 985048, "Actual Loops": 1, "Output": ["t.id"], "Hash Buckets": 131072, "Original Hash Buckets": 131072, "Hash Batches": 16, "Original Hash Batches": 16, "Peak Memory Usage": 3188, "Shared Hit Blocks": 0, "Shared Read Blocks": 35998, "Shared Dirtied Blocks": 0, "Shared Written Blocks": 0, "Local Hit Blocks": 0, "Local Read Blocks": 0, "Local Dirtied Blocks": 0, "Local Written Blocks": 0, "Temp Read Blocks": 0, "Temp Written Blocks": 2699, "I/O Read Time": 64.096, "I/O Write Time": 0.0, "Plans": [{"Node Type": "Seq Scan", "Parent Relationship": "Outer", "Parallel Aware": false, "Relation Name": "title", "Schema": "public", "Alias": "t", "Startup Cost": 0.0, "Total Cost": 67604.5, "Plan Rows": 1005171, "Plan Width": 4, "Actual Startup Time": 0.131, "Actual Total Time": 573.649, "Actual Rows": 985048, "Actual Loops": 1, "Output": ["t.id"], "Filter": "(t.kind_id < 7)", "Rows Removed by Filter": 1543264, "Shared Hit Blocks": 0, "Shared Read Blocks": 35998, "Shared Dirtied Blocks": 0, "Shared Written Blocks": 0, "Local Hit Blocks": 0, "Local Read Blocks": 0, "Local Dirtied Blocks": 0, "Local Written Blocks": 0, "Temp Read Blocks": 0, "Temp Written Blocks": 0, "I/O Read Time": 64.096, "I/O Write Time": 0.0}]}]}]}]}]}, "Planning": {"Shared Hit Blocks": 188, "Shared Read Blocks": 41, "Shared Dirtied Blocks": 0, "Shared Written Blocks": 0, "Local Hit Blocks": 0, "Local Read Blocks": 0, "Local Dirtied Blocks": 0, "Local Written Blocks": 0, "Temp Read Blocks": 0, "Temp Written Blocks": 0, "I/O Read Time": 2.923, "I/O Write Time": 0.0}, "Planning Time": 4.504, "Triggers": [], "Execution Time": 29935.423}, "template": "scale", "query": "EXPLAIN (ANALYZE, COSTS, BUFFERS, VERBOSE, FORMAT JSON) SELECT COUNT(*) FROM title t,movie_info mi,movie_keyword mk WHERE t.id=mi.movie_id AND t.id=mk.movie_id AND t.kind_id<7 AND mi.info_type_id<16 AND mk.keyword_id<7565;"}
{"planinfo": {"Plan": {"Node Type": "Aggregate", "Strategy": "Plain", "Partial Mode": "Simple", "Parallel Aware": false, "Startup Cost": 132151.0, "Total Cost": 132151.01, "Plan Rows": 1, "Plan Width": 8, "Actual Startup Time": 1113.172, "Actual Total Time": 1113.177, "Actual Rows": 1, "Actual Loops": 1, "Output": ["count(*)"], "Shared Hit Blocks": 60677, "Shared Read Blocks": 45316, "Shared Dirtied Blocks": 0, "Shared Written Blocks": 0, "Local Hit Blocks": 0, "Local Read Blocks": 0, "Local Dirtied Blocks": 0, "Local Written Blocks": 0, "Temp Read Blocks": 0, "Temp Written Blocks": 0, "I/O Read Time": 194.526, "I/O Write Time": 0.0, "Plans": [{"Node Type": "Nested Loop", "Parent Relationship": "Outer", "Parallel Aware": false, "Join Type": "Inner", "Startup Cost": 74353.2, "Total Cost": 131992.5, "Plan Rows": 63398, "Plan Width": 0, "Actual Startup Time": 560.073, "Actual Total Time": 1102.798, "Actual Rows": 89132, "Actual Loops": 1, "Inner Unique": false, "Join Filter": "(t.id = mi.movie_id)", "Rows Removed by Join Filter": 0, "Shared Hit Blocks": 60677, "Shared Read Blocks": 45316, "Shared Dirtied Blocks": 0, "Shared Written Blocks": 0, "Local Hit Blocks": 0, "Local Read Blocks": 0, "Local Dirtied Blocks": 0, "Local Written Blocks": 0, "Temp Read Blocks": 0, "Temp Written Blocks": 0, "I/O Read Time": 194.526, "I/O Write Time": 0.0, "Plans": [{"Node Type": "Nested Loop", "Parent Relationship": "Outer", "Parallel Aware": false, "Join Type": "Inner", "Startup Cost": 74352.77, "Total Cost": 114374.41, "Plan Rows": 10818, "Plan Width": 12, "Actual Startup Time": 559.84, "Actual Total Time": 974.127, "Actual Rows": 7709, "Actual Loops": 1, "Output": ["t.id", "mi_idx.movie_id", "mk.movie_id"], "Inner Unique": false, "Join Filter": "(t.id = mk.movie_id)", "Rows Removed by Join Filter": 0, "Shared Hit Blocks": 12302, "Shared Read Blocks": 44863, "Shared Dirtied Blocks": 0, "Shared Written Blocks": 0, "Local Hit Blocks": 0, "Local Read Blocks": 0, "Local Dirtied Blocks": 0, "Local Written Blocks": 0, "Temp Read Blocks": 0, "Temp Written Blocks": 0, "I/O Read Time": 136.113, "I/O Write Time": 0.0, "Plans": [{"Node Type": "Hash Join", "Parent Relationship": "Outer", "Parallel Aware": false, "Join Type": "Inner", "Startup Cost": 74352.34, "Total Cost": 100747.96, "Plan Rows": 6222, "Plan Width": 8, "Actual Startup Time": 558.82, "Actual Total Time": 923.618, "Actual Rows": 3956, "Actual Loops": 1, "Output": ["t.id", "mi_idx.movie_id"], "Inner Unique": true, "Hash Cond": "(mi_idx.movie_id = t.id)", "Shared Hit Blocks": 3, "Shared Read Blocks": 43933, "Shared Dirtied Blocks": 0, "Shared Written Blocks": 0, "Local Hit Blocks": 0, "Local Read Blocks": 0, "Local Dirtied Blocks": 0, "Local Written Blocks": 0, "Temp Read Blocks": 0, "Temp Written Blocks": 0, "I/O Read Time": 108.029, "I/O Write Time": 0.0, "Plans": [{"Node Type": "Seq Scan", "Parent Relationship": "Outer", "Parallel Aware": false, "Relation Name": "movie_info_idx", "Schema": "public", "Alias": "mi_idx", "Startup Cost": 0.0, "Total Cost": 25185.44, "Plan Rows": 461024, "Plan Width": 4, "Actual Startup Time": 0.126, "Actual Total Time": 273.41, "Actual Rows": 460185, "Actual Loops": 1, "Output": ["mi_idx.id", "mi_idx.movie_id", "mi_idx.info_type_id", "mi_idx.info", "mi_idx.note"], "Filter": "(mi_idx.info_type_id > 100)", "Rows Removed by Filter": 919850, "Shared Hit Blocks": 0, "Shared Read Blocks": 7935, "Shared Dirtied Blocks": 0, "Shared Written Blocks": 0, "Local Hit Blocks": 0, "Local Read Blocks": 0, "Local Dirtied Blocks": 0, "Local Written Blocks": 0, "Temp Read Blocks": 0, "Temp Written Blocks": 0, "I/O Read Time": 40.148, "I/O Write Time": 0.0}, {"Node Type": "Hash", "Parent Relationship": "Inner", "Parallel Aware": false, "Startup Cost": 73925.8, "Total Cost": 73925.8, "Plan Rows": 34123, "Plan Width": 4, "Actual Startup Time": 557.956, "Actual Total Time": 557.958, "Actual Rows": 39698, "Actual Loops": 1, "Output": ["t.id"], "Hash Buckets": 65536, "Original Hash Buckets": 65536, "Hash Batches": 1, "Original Hash Batches": 1, "Peak Memory Usage": 1908, "Shared Hit Blocks": 0, "Shared Read Blocks": 35998, "Shared Dirtied Blocks": 0, "Shared Written Blocks": 0, "Local Hit Blocks": 0, "Local Read Blocks": 0, "Local Dirtied Blocks": 0, "Local Written Blocks": 0, "Temp Read Blocks": 0, "Temp Written Blocks": 0, "I/O Read Time": 67.881, "I/O Write Time": 0.0, "Plans": [{"Node Type": "Seq Scan", "Parent Relationship": "Outer", "Parallel Aware": false, "Relation Name": "title", "Schema": "public", "Alias": "t", "Startup Cost": 0.0, "Total Cost": 73925.8, "Plan Rows": 34123, "Plan Width": 4, "Actual Startup Time": 0.144, "Actual Total Time": 542.777, "Actual Rows": 39698, "Actual Loops": 1, "Output": ["t.id"], "Filter": "((t.kind_id = 7) AND (t.production_year = 2001))", "Rows Removed by Filter": 2488614, "Shared Hit Blocks": 0, "Shared Read Blocks": 35998, "Shared Dirtied Blocks": 0, "Shared Written Blocks": 0, "Local Hit Blocks": 0, "Local Read Blocks": 0, "Local Dirtied Blocks": 0, "Local Written Blocks": 0, "Temp Read Blocks": 0, "Temp Written Blocks": 0, "I/O Read Time": 67.881, "I/O Write Time": 0.0}]}]}, {"Node Type": "Index Scan", "Parent Relationship": "Inner", "Parallel Aware": false, "Scan Direction": "Forward", "Index Name": "movie_id_movie_keyword", "Relation Name": "movie_keyword", "Schema": "public", "Alias": "mk", "Startup Cost": 0.43, "Total Cost": 1.64, "Plan Rows": 44, "Plan Width": 4, "Actual Startup Time": 0.011, "Actual Total Time": 0.012, "Actual Rows": 2, "Actual Loops": 3956, "Output": ["mk.id", "mk.movie_id", "mk.keyword_id"], "Index Cond": "(mk.movie_id = mi_idx.movie_id)", "Rows Removed by Index Recheck": 0, "Filter": "(mk.keyword_id < 78213)", "Rows Removed by Filter": 0, "Shared Hit Blocks": 12299, "Shared Read Blocks": 930, "Shared Dirtied Blocks": 0, "Shared Written Blocks": 0, "Local Hit Blocks": 0, "Local Read Blocks": 0, "Local Dirtied Blocks": 0, "Local Written Blocks": 0, "Temp Read Blocks": 0, "Temp Written Blocks": 0, "I/O Read Time": 28.084, "I/O Write Time": 0.0}]}, {"Node Type": "Index Only Scan", "Parent Relationship": "Inner", "Parallel Aware": false, "Scan Direction": "Forward", "Index Name": "movie_id_movie_info", "Relation Name": "movie_info", "Schema": "public", "Alias": "mi", "Startup Cost": 0.43, "Total Cost": 1.14, "Plan Rows": 39, "Plan Width": 4, "Actual Startup Time": 0.012, "Actual Total Time": 0.014, "Actual Rows": 12, "Actual Loops": 7709, "Output": ["mi.movie_id"], "Index Cond": "(mi.movie_id = mk.movie_id)", "Rows Removed by Index Recheck": 0, "Heap Fetches": 0, "Shared Hit Blocks": 48375, "Shared Read Blocks": 453, "Shared Dirtied Blocks": 0, "Shared Written Blocks": 0, "Local Hit Blocks": 0, "Local Read Blocks": 0, "Local Dirtied Blocks": 0, "Local Written Blocks": 0, "Temp Read Blocks": 0, "Temp Written Blocks": 0, "I/O Read Time": 58.413, "I/O Write Time": 0.0}]}]}, "Planning": {"Shared Hit Blocks": 307, "Shared Read Blocks": 48, "Shared Dirtied Blocks": 0, "Shared Written Blocks": 0, "Local Hit Blocks": 0, "Local Read Blocks": 0, "Local Dirtied Blocks": 0, "Local Written Blocks": 0, "Temp Read Blocks": 0, "Temp Written Blocks": 0, "I/O Read Time": 3.658, "I/O Write Time": 0.0}, "Planning Time": 6.236, "Triggers": [], "Execution Time": 1113.433}, "template": "scale", "query": "EXPLAIN (ANALYZE, COSTS, BUFFERS, VERBOSE, FORMAT JSON) SELECT COUNT(*) FROM title t,movie_info mi,movie_info_idx mi_idx,movie_keyword mk WHERE t.id=mi.movie_id AND t.id=mi_idx.movie_id AND t.id=mk.movie_id AND t.kind_id=7 AND t.production_year=2001 AND mi_idx.info_type_id>100 AND mk.keyword_id<78213;"}
{"planinfo": {"Plan": {"Node Type": "Aggregate", "Strategy": "Plain", "Partial Mode": "Simple", "Parallel Aware": false, "Startup Cost": 47641.19, "Total Cost": 47641.2, "Plan Rows": 1, "Plan Width": 8, "Actual Startup Time": 499.267, "Actual Total Time": 499.27, "Actual Rows": 1, "Actual Loops": 1, "Output": ["count(*)"], "Shared Hit Blocks": 9677, "Shared Read Blocks": 8180, "Shared Dirtied Blocks": 0, "Shared Written Blocks": 0, "Local Hit Blocks": 0, "Local Read Blocks": 0, "Local Dirtied Blocks": 0, "Local Written Blocks": 0, "Temp Read Blocks": 0, "Temp Written Blocks": 0, "I/O Read Time": 468.268, "I/O Write Time": 0.0, "Plans": [{"Node Type": "Nested Loop", "Parent Relationship": "Outer", "Parallel Aware": false, "Join Type": "Inner", "Startup Cost": 1.74, "Total Cost": 47640.59, "Plan Rows": 239, "Plan Width": 0, "Actual Startup Time": 83.581, "Actual Total Time": 499.216, "Actual Rows": 224, "Actual Loops": 1, "Inner Unique": false, "Join Filter": "(t.id = mi.movie_id)", "Rows Removed by Join Filter": 0, "Shared Hit Blocks": 9677, "Shared Read Blocks": 8180, "Shared Dirtied Blocks": 0, "Shared Written Blocks": 0, "Local Hit Blocks": 0, "Local Read Blocks": 0, "Local Dirtied Blocks": 0, "Local Written Blocks": 0, "Temp Read Blocks": 0, "Temp Written Blocks": 0, "I/O Read Time": 468.268, "I/O Write Time": 0.0, "Plans": [{"Node Type": "Nested Loop", "Parent Relationship": "Outer", "Parallel Aware": false, "Join Type": "Inner", "Startup Cost": 1.3, "Total Cost": 47497.02, "Plan Rows": 100, "Plan Width": 12, "Actual Startup Time": 4.63, "Actual Total Time": 459.76, "Actual Rows": 431, "Actual Loops": 1, "Output": ["t.id", "mc.movie_id", "ci.movie_id"], "Inner Unique": false, "Shared Hit Blocks": 6551, "Shared Read Blocks": 7823, "Shared Dirtied Blocks": 0, "Shared Written Blocks": 0, "Local Hit Blocks": 0, "Local Read Blocks": 0, "Local Dirtied Blocks": 0, "Local Written Blocks": 0, "Temp Read Blocks": 0, "Temp Written Blocks": 0, "I/O Read Time": 432.952, "I/O Write Time": 0.0, "Plans": [{"Node Type": "Nested Loop", "Parent Relationship": "Outer", "Parallel Aware": false, "Join Type": "Inner", "Startup Cost": 0.86, "Total Cost": 47459.99, "Plan Rows": 7, "Plan Width": 8, "Actual Startup Time": 4.447, "Actual Total Time": 449.692, "Actual Rows": 63, "Actual Loops": 1, "Output": ["t.id", "mc.movie_id"], "Inner Unique": true, "Shared Hit Blocks": 6244, "Shared Read Blocks": 7726, "Shared Dirtied Blocks": 0, "Shared Written Blocks": 0, "Local Hit Blocks": 0, "Local Read Blocks": 0, "Local Dirtied Blocks": 0, "Local Written Blocks": 0, "Temp Read Blocks": 0, "Temp Written Blocks": 0, "I/O Read Time": 423.703, "I/O Write Time": 0.0, "Plans": [{"Node Type": "Index Scan", "Parent Relationship": "Outer", "Parallel Aware": false, "Scan Direction": "Forward", "Index Name": "company_id_movie_companies", "Relation Name": "movie_companies", "Schema": "public", "Alias": "mc", "Startup Cost": 0.43, "Total Cost": 17711.26, "Plan Rows": 3953, "Plan Width": 4, "Actual Startup Time": 0.39, "Actual Total Time": 82.021, "Actual Rows": 2462, "Actual Loops": 1, "Output": ["mc.id", "mc.movie_id", "mc.company_id", "mc.company_type_id", "mc.note"], "Index Cond": "(mc.company_id = 7851)", "Rows Removed by Index Recheck": 0, "Filter": "(mc.company_type_id < 2)", "Rows Removed by Filter": 4689, "Shared Hit Blocks": 0, "Shared Read Blocks": 4122, "Shared Dirtied Blocks": 0, "Shared Written Blocks": 0, "Local Hit Blocks": 0, "Local Read Blocks": 0, "Local Dirtied Blocks": 0, "Local Written Blocks": 0, "Temp Read Blocks": 0, "Temp Written Blocks": 0, "I/O Read Time": 73.913, "I/O Write Time": 0.0}, {"Node Type": "Index Scan", "Parent Relationship": "Inner", "Parallel Aware": false, "Scan Direction": "Forward", "Index Name": "title_pkey", "Relation Name": "title", "Schema": "public", "Alias": "t", "Startup Cost": 0.43, "Total Cost": 7.53, "Plan Rows": 1, "Plan Width": 4, "Actual Startup Time": 0.149, "Actual Total Time": 0.149, "Actual Rows": 0, "Actual Loops": 2462, "Output": ["t.id", "t.title", "t.imdb_index", "t.kind_id", "t.production_year", "t.imdb_id", "t.phonetic_code", "t.episode_of_id", "t.season_nr", "t.episode_nr", "t.series_years", "t.md5sum"], "Index Cond": "(t.id = mc.movie_id)", "Rows Removed by Index Recheck": 0, "Filter": "((t.kind_id < 7) AND (t.production_year = 1959))", "Rows Removed by Filter": 1, "Shared Hit Blocks": 6244, "Shared Read Blocks": 3604, "Shared Dirtied Blocks": 0, "Shared Written Blocks": 0, "Local Hit Blocks": 0, "Local Read Blocks": 0, "Local Dirtied Blocks": 0, "Local Written Blocks": 0, "Temp Read Blocks": 0, "Temp Written Blocks": 0, "I/O Read Time": 349.79, "I/O Write Time": 0.0}]}, {"Node Type": "Index Only Scan", "Parent Relationship": "Inner", "Parallel Aware": false, "Scan Direction": "Forward", "Index Name": "movie_id_cast_info", "Relation Name": "cast_info", "Schema": "public", "Alias": "ci", "Startup Cost": 0.44, "Total Cost": 4.92, "Plan Rows": 37, "Plan Width": 4, "Actual Startup Time": 0.153, "Actual Total Time": 0.157, "Actual Rows": 7, "Actual Loops": 63, "Output": ["ci.movie_id"], "Index Cond": "(ci.movie_id = t.id)", "Rows Removed by Index Recheck": 0, "Heap Fetches": 0, "Shared Hit Blocks": 307, "Shared Read Blocks": 97, "Shared Dirtied Blocks": 0, "Shared Written Blocks": 0, "Local Hit Blocks": 0, "Local Read Blocks": 0, "Local Dirtied Blocks": 0, "Local Written Blocks": 0, "Temp Read Blocks": 0, "Temp Written Blocks": 0, "I/O Read Time": 9.249, "I/O Write Time": 0.0}]}, {"Node Type": "Index Scan", "Parent Relationship": "Inner", "Parallel Aware": false, "Scan Direction": "Forward", "Index Name": "movie_id_movie_info", "Relation Name": "movie_info", "Schema": "public", "Alias": "mi", "Startup Cost": 0.43, "Total Cost": 1.24, "Plan Rows": 16, "Plan Width": 4, "Actual Startup Time": 0.08, "Actual Total Time": 0.091, "Actual Rows": 1, "Actual Loops": 431, "Output": ["mi.id", "mi.movie_id", "mi.info_type_id", "mi.info", "mi.note"], "Index Cond": "(mi.movie_id = ci.movie_id)", "Rows Removed by Index Recheck": 0, "Filter": "(mi.info_type_id > 9)", "Rows Removed by Filter": 5, "Shared Hit Blocks": 3126, "Shared Read Blocks": 357, "Shared Dirtied Blocks": 0, "Shared Written Blocks": 0, "Local Hit Blocks": 0, "Local Read Blocks": 0, "Local Dirtied Blocks": 0, "Local Written Blocks": 0, "Temp Read Blocks": 0, "Temp Written Blocks": 0, "I/O Read Time": 35.317, "I/O Write Time": 0.0}]}]}, "Planning": {"Shared Hit Blocks": 337, "Shared Read Blocks": 59, "Shared Dirtied Blocks": 0, "Shared Written Blocks": 0, "Local Hit Blocks": 0, "Local Read Blocks": 0, "Local Dirtied Blocks": 0, "Local Written Blocks": 0, "Temp Read Blocks": 0, "Temp Written Blocks": 0, "I/O Read Time": 4.453, "I/O Write Time": 0.0}, "Planning Time": 7.332, "Triggers": [], "Execution Time": 499.41}, "template": "scale", "query": "EXPLAIN (ANALYZE, COSTS, BUFFERS, VERBOSE, FORMAT JSON) SELECT COUNT(*) FROM title t,movie_companies mc,cast_info ci,movie_info mi WHERE t.id=mc.movie_id AND t.id=ci.movie_id AND t.id=mi.movie_id AND t.kind_id<7 AND t.production_year=1959 AND mc.company_id=7851 AND mc.company_type_id<2 AND mi.info_type_id>9;"}
{"planinfo": {"Plan": {"Node Type": "Aggregate", "Strategy": "Plain", "Partial Mode": "Simple", "Parallel Aware": false, "Startup Cost": 535905.07, "Total Cost": 535905.08, "Plan Rows": 1, "Plan Width": 8, "Actual Startup Time": 8987.238, "Actual Total Time": 8987.241, "Actual Rows": 1, "Actual Loops": 1, "Output": ["count(*)"], "Shared Hit Blocks": 3, "Shared Read Blocks": 197991, "Shared Dirtied Blocks": 0, "Shared Written Blocks": 0, "Local Hit Blocks": 0, "Local Read Blocks": 0, "Local Dirtied Blocks": 0, "Local Written Blocks": 0, "Temp Read Blocks": 24326, "Temp Written Blocks": 24326, "I/O Read Time": 347.65, "I/O Write Time": 0.0, "Plans": [{"Node Type": "Hash Join", "Parent Relationship": "Outer", "Parallel Aware": false, "Join Type": "Inner", "Startup Cost": 102767.7, "Total Cost": 521212.52, "Plan Rows": 5877020, "Plan Width": 0, "Actual Startup Time": 1297.813, "Actual Total Time": 8395.8, "Actual Rows": 5884963, "Actual Loops": 1, "Inner Unique": true, "Hash Cond": "(mi.movie_id = t.id)", "Shared Hit Blocks": 3, "Shared Read Blocks": 197991, "Shared Dirtied Blocks": 0, "Shared Written Blocks": 0, "Local Hit Blocks": 0, "Local Read Blocks": 0, "Local Dirtied Blocks": 0, "Local Written Blocks": 0, "Temp Read Blocks": 24326, "Temp Written Blocks": 24326, "I/O Read Time": 347.65, "I/O Write Time": 0.0, "Plans": [{"Node Type": "Seq Scan", "Parent Relationship": "Outer", "Parallel Aware": false, "Relation Name": "movie_info", "Schema": "public", "Alias": "mi", "Startup Cost": 0.0, "Total Cost": 347223.62, "Plan Rows": 5877020, "Plan Width": 4, "Actual Startup Time": 0.224, "Actual Total Time": 3128.549, "Actual Rows": 5884963, "Actual Loops": 1, "Output": ["mi.movie_id"], "Filter": "(mi.info_type_id < 7)", "Rows Removed by Filter": 8950757, "Shared Hit Blocks": 0, "Shared Read Blocks": 161993, "Shared Dirtied Blocks": 0, "Shared Written Blocks": 0, "Local Hit Blocks": 0, "Local Read Blocks": 0, "Local Dirtied Blocks": 0, "Local Written Blocks": 0, "Temp Read Blocks": 0, "Temp Written Blocks": 0, "I/O Read Time": 288.324, "I/O Write Time": 0.0}, {"Node Type": "Hash", "Parent Relationship": "Inner", "Parallel Aware": false, "Startup Cost": 61283.2, "Total Cost": 61283.2, "Plan Rows": 2528520, "Plan Width": 4, "Actual Startup Time": 1294.66, "Actual Total Time": 1294.661, "Actual Rows": 2528312, "Actual Loops": 1, "Output": ["t.id"], "Hash Buckets": 131072, "Original Hash Buckets": 131072, "Hash Batches": 64, "Original Hash Batches": 64, "Peak Memory Usage": 2415, "Shared Hit Blocks": 0, "Shared Read Blocks": 35998, "Shared Dirtied Blocks": 0, "Shared Written Blocks": 0, "Local Hit Blocks": 0, "Local Read Blocks": 0, "Local Dirtied Blocks": 0, "Local Written Blocks": 0, "Temp Read Blocks": 0, "Temp Written Blocks": 7262, "I/O Read Time": 59.326, "I/O Write Time": 0.0, "Plans": [{"Node Type": "Seq Scan", "Parent Relationship": "Outer", "Parallel Aware": false, "Relation Name": "title", "Schema": "public", "Alias": "t", "Startup Cost": 0.0, "Total Cost": 61283.2, "Plan Rows": 2528520, "Plan Width": 4, "Actual Startup Time": 0.145, "Actual Total Time": 552.683, "Actual Rows": 2528312, "Actual Loops": 1, "Output": ["t.id"], "Shared Hit Blocks": 0, "Shared Read Blocks": 35998, "Shared Dirtied Blocks": 0, "Shared Written Blocks": 0, "Local Hit Blocks": 0, "Local Read Blocks": 0, "Local Dirtied Blocks": 0, "Local Written Blocks": 0, "Temp Read Blocks": 0, "Temp Written Blocks": 0, "I/O Read Time": 59.326, "I/O Write Time": 0.0}]}]}]}, "Planning": {"Shared Hit Blocks": 100, "Shared Read Blocks": 32, "Shared Dirtied Blocks": 0, "Shared Written Blocks": 0, "Local Hit Blocks": 0, "Local Read Blocks": 0, "Local Dirtied Blocks": 0, "Local Written Blocks": 0, "Temp Read Blocks": 0, "Temp Written Blocks": 0, "I/O Read Time": 2.167, "I/O Write Time": 0.0}, "Planning Time": 3.245, "Triggers": [], "Execution Time": 8987.41}, "template": "scale", "query": "EXPLAIN (ANALYZE, COSTS, BUFFERS, VERBOSE, FORMAT JSON) SELECT COUNT(*) FROM title t,movie_info mi WHERE t.id=mi.movie_id AND mi.info_type_id<7;"}
{"planinfo": {"Plan": {"Node Type": "Aggregate", "Strategy": "Plain", "Partial Mode": "Simple", "Parallel Aware": false, "Startup Cost": 255297.63, "Total Cost": 255297.64, "Plan Rows": 1, "Plan Width": 8, "Actual Startup Time": 7110.582, "Actual Total Time": 7110.588, "Actual Rows": 1, "Actual Loops": 1, "Output": ["count(*)"], "Shared Hit Blocks": 3, "Shared Read Blocks": 68387, "Shared Dirtied Blocks": 0, "Shared Written Blocks": 0, "Local Hit Blocks": 0, "Local Read Blocks": 0, "Local Dirtied Blocks": 0, "Local Written Blocks": 0, "Temp Read Blocks": 20067, "Temp Written Blocks": 20067, "I/O Read Time": 228.903, "I/O Write Time": 0.0, "Plans": [{"Node Type": "Hash Join", "Parent Relationship": "Outer", "Parallel Aware": false, "Join Type": "Inner", "Startup Cost": 123579.1, "Total Cost": 253643.33, "Plan Rows": 661719, "Plan Width": 0, "Actual Startup Time": 2459.087, "Actual Total Time": 6355.362, "Actual Rows": 7549165, "Actual Loops": 1, "Inner Unique": false, "Hash Cond": "(mk.movie_id = t.id)", "Shared Hit Blocks": 3, "Shared Read Blocks": 68387, "Shared Dirtied Blocks": 0, "Shared Written Blocks": 0, "Local Hit Blocks": 0, "Local Read Blocks": 0, "Local Dirtied Blocks": 0, "Local Written Blocks": 0, "Temp Read Blocks": 20067, "Temp Written Blocks": 20067, "I/O Read Time": 228.903, "I/O Write Time": 0.0, "Plans": [{"Node Type": "Seq Scan", "Parent Relationship": "Outer", "Parallel Aware": false, "Relation Name": "movie_keyword", "Schema": "public", "Alias": "mk", "Startup Cost": 0.0, "Total Cost": 69693.3, "Plan Rows": 4523930, "Plan Width": 4, "Actual Startup Time": 0.125, "Actual Total Time": 963.708, "Actual Rows": 4523930, "Actual Loops": 1, "Output": ["mk.movie_id"], "Shared Hit Blocks": 0, "Shared Read Blocks": 24454, "Shared Dirtied Blocks": 0, "Shared Written Blocks": 0, "Local Hit Blocks": 0, "Local Read Blocks": 0, "Local Dirtied Blocks": 0, "Local Written Blocks": 0, "Temp Read Blocks": 0, "Temp Written Blocks": 0, "I/O Read Time": 122.725, "I/O Write Time": 0.0}, {"Node Type": "Hash", "Parent Relationship": "Inner", "Parallel Aware": false, "Startup Cost": 117510.99, "Total Cost": 117510.99, "Plan Rows": 369849, "Plan Width": 8, "Actual Startup Time": 2056.907, "Actual Total Time": 2056.91, "Actual Rows": 629900, "Actual Loops": 1, "Output": ["t.id", "mi_idx.movie_id"], "Hash Buckets": 131072, "Original Hash Buckets": 131072, "Hash Batches": 16, "Original Hash Batches": 8, "Peak Memory Usage": 3073, "Shared Hit Blocks": 0, "Shared Read Blocks": 43933, "Shared Dirtied Blocks": 0, "Shared Written Blocks": 0, "Local Hit Blocks": 0, "Local Read Blocks": 0, "Local Dirtied Blocks": 0, "Local Written Blocks": 0, "Temp Read Blocks": 5624, "Temp Written Blocks": 7636, "I/O Read Time": 106.179, "I/O Write Time": 0.0, "Plans": [{"Node Type": "Hash Join", "Parent Relationship": "Outer", "Parallel Aware": false, "Join Type": "Inner", "Startup Cost": 78723.04, "Total Cost": 117510.99, "Plan Rows": 369849, "Plan Width": 8, "Actual Startup Time": 1020.931, "Actual Total Time": 1858.583, "Actual Rows": 629900, "Actual Loops": 1, "Output": ["t.id", "mi_idx.movie_id"], "Inner Unique": true, "Hash Cond": "(mi_idx.movie_id = t.id)", "Shared Hit Blocks": 0, "Shared Read Blocks": 43933, "Shared Dirtied Blocks": 0, "Shared Written Blocks": 0, "Local Hit Blocks": 0, "Local Read Blocks": 0, "Local Dirtied Blocks": 0, "Local Written Blocks": 0, "Temp Read Blocks": 5624, "Temp Written Blocks": 5624, "I/O Read Time": 106.179, "I/O Write Time": 0.0, "Plans": [{"Node Type": "Seq Scan", "Parent Relationship": "Outer", "Parallel Aware": false, "Relation Name": "movie_info_idx", "Schema": "public", "Alias": "mi_idx", "Startup Cost": 0.0, "Total Cost": 21735.35, "Plan Rows": 1380035, "Plan Width": 4, "Actual Startup Time": 0.123, "Actual Total Time": 302.531, "Actual Rows": 1380035, "Actual Loops": 1, "Output": ["mi_idx.movie_id"], "Shared Hit Blocks": 0, "Shared Read Blocks": 7935, "Shared Dirtied Blocks": 0, "Shared Written Blocks": 0, "Local Hit Blocks": 0, "Local Read Blocks": 0, "Local Dirtied Blocks": 0, "Local Written Blocks": 0, "Temp Read Blocks": 0, "Temp Written Blocks": 0, "I/O Read Time": 41.063, "I/O Write Time": 0.0}, {"Node Type": "Hash", "Parent Relationship": "Inner", "Parallel Aware": false, "Startup Cost": 67604.5, "Total Cost": 67604.5, "Plan Rows": 677643, "Plan Width": 4, "Actual Startup Time": 750.15, "Actual Total Time": 750.151, "Actual Rows": 662825, "Actual Loops": 1, "Output": ["t.id"], "Hash Buckets": 131072, "Original Hash Buckets": 131072, "Hash Batches": 16, "Original Hash Batches": 16, "Peak Memory Usage": 2476, "Shared Hit Blocks": 0, "Shared Read Blocks": 35998, "Shared Dirtied Blocks": 0, "Shared Written Blocks": 0, "Local Hit Blocks": 0, "Local Read Blocks": 0, "Local Dirtied Blocks": 0, "Local Written Blocks": 0, "Temp Read Blocks": 0, "Temp Written Blocks": 1813, "I/O Read Time": 65.116, "I/O Write Time": 0.0, "Plans": [{"Node Type": "Seq Scan", "Parent Relationship": "Outer", "Parallel Aware": false, "Relation Name": "title", "Schema": "public", "Alias": "t", "Startup Cost": 0.0, "Total Cost": 67604.5, "Plan Rows": 677643, "Plan Width": 4, "Actual Startup Time": 17.366, "Actual Total Time": 545.134, "Actual Rows": 662825, "Actual Loops": 1, "Output": ["t.id"], "Filter": "(t.kind_id = 1)", "Rows Removed by Filter": 1865487, "Shared Hit Blocks": 0, "Shared Read Blocks": 35998, "Shared Dirtied Blocks": 0, "Shared Written Blocks": 0, "Local Hit Blocks": 0, "Local Read Blocks": 0, "Local Dirtied Blocks": 0, "Local Written Blocks": 0, "Temp Read Blocks": 0, "Temp Written Blocks": 0, "I/O Read Time": 65.116, "I/O Write Time": 0.0}]}]}]}]}]}, "Planning": {"Shared Hit Blocks": 183, "Shared Read Blocks": 36, "Shared Dirtied Blocks": 0, "Shared Written Blocks": 0, "Local Hit Blocks": 0, "Local Read Blocks": 0, "Local Dirtied Blocks": 0, "Local Written Blocks": 0, "Temp Read Blocks": 0, "Temp Written Blocks": 0, "I/O Read Time": 2.6, "I/O Write Time": 0.0}, "Planning Time": 4.063, "Triggers": [], "Execution Time": 7111.201}, "template": "scale", "query": "EXPLAIN (ANALYZE, COSTS, BUFFERS, VERBOSE, FORMAT JSON) SELECT COUNT(*) FROM title t,movie_info_idx mi_idx,movie_keyword mk WHERE t.id=mi_idx.movie_id AND t.id=mk.movie_id AND t.kind_id=1;"}
{"planinfo": {"Plan": {"Node Type": "Aggregate", "Strategy": "Plain", "Partial Mode": "Simple", "Parallel Aware": false, "Startup Cost": 827393.03, "Total Cost": 827393.04, "Plan Rows": 1, "Plan Width": 8, "Actual Startup Time": 53509.797, "Actual Total Time": 53509.802, "Actual Rows": 1, "Actual Loops": 1, "Output": ["count(*)"], "Shared Hit Blocks": 34085, "Shared Read Blocks": 184118, "Shared Dirtied Blocks": 0, "Shared Written Blocks": 0, "Local Hit Blocks": 0, "Local Read Blocks": 0, "Local Dirtied Blocks": 0, "Local Written Blocks": 0, "Temp Read Blocks": 80245, "Temp Written Blocks": 80245, "I/O Read Time": 497.81, "I/O Write Time": 0.0, "Plans": [{"Node Type": "Hash Join", "Parent Relationship": "Outer", "Parallel Aware": false, "Join Type": "Inner", "Startup Cost": 321074.78, "Total Cost": 813045.72, "Plan Rows": 5738923, "Plan Width": 0, "Actual Startup Time": 9372.484, "Actual Total Time": 40705.89, "Actual Rows": 130442932, "Actual Loops": 1, "Inner Unique": false, "Hash Cond": "(mi.movie_id = t.id)", "Shared Hit Blocks": 34085, "Shared Read Blocks": 184118, "Shared Dirtied Blocks": 0, "Shared Written Blocks": 0, "Local Hit Blocks": 0, "Local Read Blocks": 0, "Local Dirtied Blocks": 0, "Local Written Blocks": 0, "Temp Read Blocks": 80245, "Temp Written Blocks": 80245, "I/O Read Time": 497.81, "I/O Write Time": 0.0, "Plans": [{"Node Type": "Seq Scan", "Parent Relationship": "Outer", "Parallel Aware": false, "Relation Name": "movie_info", "Schema": "public", "Alias": "mi", "Startup Cost": 0.0, "Total Cost": 347223.62, "Plan Rows": 5877020, "Plan Width": 4, "Actual Startup Time": 0.24, "Actual Total Time": 3198.849, "Actual Rows": 5884963, "Actual Loops": 1, "Output": ["mi.movie_id"], "Filter": "(mi.info_type_id < 7)", "Rows Removed by Filter": 8950757, "Shared Hit Blocks": 0, "Shared Read Blocks": 161993, "Shared Dirtied Blocks": 0, "Shared Written Blocks": 0, "Local Hit Blocks": 0, "Local Read Blocks": 0, "Local Dirtied Blocks": 0, "Local Written Blocks": 0, "Temp Read Blocks": 0, "Temp Written Blocks": 0, "I/O Read Time": 287.226, "I/O Write Time": 0.0}, {"Node Type": "Hash", "Parent Relationship": "Inner", "Parallel Aware": false, "Startup Cost": 278153.96, "Total Cost": 278153.96, "Plan Rows": 2469105, "Plan Width": 12, "Actual Startup Time": 9355.918, "Actual Total Time": 9355.921, "Actual Rows": 10424626, "Actual Loops": 1, "Output": ["t.id", "mi_idx.movie_id", "mk.movie_id"], "Hash Buckets": 131072, "Original Hash Buckets": 131072, "Hash Batches": 256, "Original Hash Batches": 64, "Peak Memory Usage": 3073, "Shared Hit Blocks": 34082, "Shared Read Blocks": 22125, "Shared Dirtied Blocks": 0, "Shared Written Blocks": 0, "Local Hit Blocks": 0, "Local Read Blocks": 0, "Local Dirtied Blocks": 0, "Local Written Blocks": 0, "Temp Read Blocks": 0, "Temp Written Blocks": 40427, "I/O Read Time": 210.584, "I/O Write Time": 0.0, "Plans": [{"Node Type": "Merge Join", "Parent Relationship": "Outer", "Parallel Aware": false, "Join Type": "Inner", "Startup Cost": 25.85, "Total Cost": 278153.96, "Plan Rows": 2469105, "Plan Width": 12, "Actual Startup Time": 0.078, "Actual Total Time": 5669.704, "Actual Rows": 10424626, "Actual Loops": 1, "Output": ["t.id", "mi_idx.movie_id", "mk.movie_id"], "Inner Unique": false, "Merge Cond": "(t.id = mk.movie_id)", "Shared Hit Blocks": 34082, "Shared Read Blocks": 22125, "Shared Dirtied Blocks": 0, "Shared Written Blocks": 0, "Local Hit Blocks": 0, "Local Read Blocks": 0, "Local Dirtied Blocks": 0, "Local Written Blocks": 0, "Temp Read Blocks": 0, "Temp Written Blocks": 0, "I/O Read Time": 210.584, "I/O Write Time": 0.0, "Plans": [{"Node Type": "Merge Join", "Parent Relationship": "Outer", "Parallel Aware": false, "Join Type": "Inner", "Startup Cost": 9.94, "Total Cost": 136246.74, "Plan Rows": 1380035, "Plan Width": 8, "Actual Startup Time": 0.049, "Actual Total Time": 1402.676, "Actual Rows": 1380035, "Actual Loops": 1, "Output": ["t.id", "mi_idx.movie_id"], "Inner Unique": false, "Merge Cond": "(t.id = mi_idx.movie_id)", "Shared Hit Blocks": 23446, "Shared Read Blocks": 13472, "Shared Dirtied Blocks": 0, "Shared Written Blocks": 0, "Local Hit Blocks": 0, "Local Read Blocks": 0, "Local Dirtied Blocks": 0, "Local Written Blocks": 0, "Temp Read Blocks": 0, "Temp Written Blocks": 0, "I/O Read Time": 162.645, "I/O Write Time": 0.0, "Plans": [{"Node Type": "Index Only Scan", "Parent Relationship": "Outer", "Parallel Aware": false, "Scan Direction": "Forward", "Index Name": "title_pkey", "Relation Name": "title", "Schema": "public", "Alias": "t", "Startup Cost": 0.43, "Total Cost": 73940.23, "Plan Rows": 2528520, "Plan Width": 4, "Actual Startup Time": 0.019, "Actual Total Time": 545.957, "Actual Rows": 2525794, "Actual Loops": 1, "Output": ["t.id"], "Heap Fetches": 0, "Shared Hit Blocks": 23441, "Shared Read Blocks": 8963, "Shared Dirtied Blocks": 0, "Shared Written Blocks": 0, "Local Hit Blocks": 0, "Local Read Blocks": 0, "Local Dirtied Blocks": 0, "Local Written Blocks": 0, "Temp Read Blocks": 0, "Temp Written Blocks": 0, "I/O Read Time": 137.211, "I/O Write Time": 0.0}, {"Node Type": "Index Only Scan", "Parent Relationship": "Inner", "Parallel Aware": false, "Scan Direction": "Forward", "Index Name": "movie_id_movie_info_idx", "Relation Name": "movie_info_idx", "Schema": "public", "Alias": "mi_idx", "Startup Cost": 0.43, "Total Cost": 38816.95, "Plan Rows": 1380035, "Plan Width": 4, "Actual Startup Time": 0.025, "Actual Total Time": 256.528, "Actual Rows": 1380035, "Actual Loops": 1, "Output": ["mi_idx.movie_id"], "Heap Fetches": 0, "Shared Hit Blocks": 5, "Shared Read Blocks": 4509, "Shared Dirtied Blocks": 0, "Shared Written Blocks": 0, "Local Hit Blocks": 0, "Local Read Blocks": 0, "Local Dirtied Blocks": 0, "Local Written Blocks": 0, "Temp Read Blocks": 0, "Temp Written Blocks": 0, "I/O Read Time": 25.434, "I/O Write Time": 0.0}]}, {"Node Type": "Index Only Scan", "Parent Relationship": "Inner", "Parallel Aware": false, "Scan Direction": "Forward", "Index Name": "movie_id_movie_keyword", "Relation Name": "movie_keyword", "Schema": "public", "Alias": "mk", "Startup Cost": 0.43, "Total Cost": 102607.38, "Plan Rows": 4523930, "Plan Width": 4, "Actual Startup Time": 0.027, "Actual Total Time": 1901.222, "Actual Rows": 11486759, "Actual Loops": 1, "Output": ["mk.movie_id"], "Heap Fetches": 0, "Shared Hit Blocks": 10636, "Shared Read Blocks": 8653, "Shared Dirtied Blocks": 0, "Shared Written Blocks": 0, "Local Hit Blocks": 0, "Local Read Blocks": 0, "Local Dirtied Blocks": 0, "Local Written Blocks": 0, "Temp Read Blocks": 0, "Temp Written Blocks": 0, "I/O Read Time": 47.939, "I/O Write Time": 0.0}]}]}]}]}, "Planning": {"Shared Hit Blocks": 296, "Shared Read Blocks": 51, "Shared Dirtied Blocks": 0, "Shared Written Blocks": 0, "Local Hit Blocks": 0, "Local Read Blocks": 0, "Local Dirtied Blocks": 0, "Local Written Blocks": 0, "Temp Read Blocks": 0, "Temp Written Blocks": 0, "I/O Read Time": 3.827, "I/O Write Time": 0.0}, "Planning Time": 6.624, "Triggers": [], "Execution Time": 53510.246}, "template": "scale", "query": "EXPLAIN (ANALYZE, COSTS, BUFFERS, VERBOSE, FORMAT JSON) SELECT COUNT(*) FROM title t,movie_info mi,movie_info_idx mi_idx,movie_keyword mk WHERE t.id=mi.movie_id AND t.id=mi_idx.movie_id AND t.id=mk.movie_id AND mi.info_type_id<7;"}
{"planinfo": {"Plan": {"Node Type": "Aggregate", "Strategy": "Plain", "Partial Mode": "Simple", "Parallel Aware": false, "Startup Cost": 661171.77, "Total Cost": 661171.78, "Plan Rows": 1, "Plan Width": 8, "Actual Startup Time": 58019.604, "Actual Total Time": 58019.608, "Actual Rows": 1, "Actual Loops": 1, "Output": ["count(*)"], "Shared Hit Blocks": 8540726, "Shared Read Blocks": 72533, "Shared Dirtied Blocks": 0, "Shared Written Blocks": 0, "Local Hit Blocks": 0, "Local Read Blocks": 0, "Local Dirtied Blocks": 0, "Local Written Blocks": 0, "Temp Read Blocks": 6373, "Temp Written Blocks": 6374, "I/O Read Time": 288.29, "I/O Write Time": 0.0, "Plans": [{"Node Type": "Merge Join", "Parent Relationship": "Outer", "Parallel Aware": false, "Join Type": "Inner", "Startup Cost": 146413.19, "Total Cost": 655138.31, "Plan Rows": 2413387, "Plan Width": 0, "Actual Startup Time": 1826.681, "Actual Total Time": 46017.027, "Actual Rows": 115283980, "Actual Loops": 1, "Inner Unique": false, "Merge Cond": "(t.id = mi.movie_id)", "Shared Hit Blocks": 8540726, "Shared Read Blocks": 72533, "Shared Dirtied Blocks": 0, "Shared Written Blocks": 0, "Local Hit Blocks": 0, "Local Read Blocks": 0, "Local Dirtied Blocks": 0, "Local Written Blocks": 0, "Temp Read Blocks": 6373, "Temp Written Blocks": 6374, "I/O Read Time": 288.29, "I/O Write Time": 0.0, "Plans": [{"Node Type": "Merge Join", "Parent Relationship": "Outer", "Parallel Aware": false, "Join Type": "Inner", "Startup Cost": 146390.47, "Total Cost": 267057.67, "Plan Rows": 411804, "Plan Width": 12, "Actual Startup Time": 1826.381, "Actual Total Time": 3434.811, "Actual Rows": 888692, "Actual Loops": 1, "Output": ["t.id", "ci.movie_id", "mk.movie_id"], "Inner Unique": false, "Merge Cond": "(mk.movie_id = t.id)", "Shared Hit Blocks": 8, "Shared Read Blocks": 46703, "Shared Dirtied Blocks": 0, "Shared Written Blocks": 0, "Local Hit Blocks": 0, "Local Read Blocks": 0, "Local Dirtied Blocks": 0, "Local Written Blocks": 0, "Temp Read Blocks": 6373, "Temp Written Blocks": 6374, "I/O Read Time": 118.15, "I/O Write Time": 0.0, "Plans": [{"Node Type": "Index Only Scan", "Parent Relationship": "Outer", "Parallel Aware": false, "Scan Direction": "Forward", "Index Name": "movie_id_movie_keyword", "Relation Name": "movie_keyword", "Schema": "public", "Alias": "mk", "Startup Cost": 0.43, "Total Cost": 102607.38, "Plan Rows": 4523930, "Plan Width": 4, "Actual Startup Time": 0.025, "Actual Total Time": 713.051, "Actual Rows": 4523914, "Actual Loops": 1, "Output": ["mk.movie_id"], "Heap Fetches": 0, "Shared Hit Blocks": 5, "Shared Read Blocks": 8653, "Shared Dirtied Blocks": 0, "Shared Written Blocks": 0, "Local Hit Blocks": 0, "Local Read Blocks": 0, "Local Dirtied Blocks": 0, "Local Written Blocks": 0, "Temp Read Blocks": 0, "Temp Written Blocks": 0, "I/O Read Time": 48.116, "I/O Write Time": 0.0}, {"Node Type": "Materialize", "Parent Relationship": "Inner", "Parallel Aware": false, "Startup Cost": 146389.85, "Total Cost": 147540.68, "Plan Rows": 230166, "Plan Width": 8, "Actual Startup Time": 1826.33, "Actual Total Time": 1956.243, "Actual Rows": 937162, "Actual Loops": 1, "Output": ["t.id", "ci.movie_id"], "Shared Hit Blocks": 3, "Shared Read Blocks": 38050, "Shared Dirtied Blocks": 0, "Shared Written Blocks": 0, "Local Hit Blocks": 0, "Local Read Blocks": 0, "Local Dirtied Blocks": 0, "Local Written Blocks": 0, "Temp Read Blocks": 6373, "Temp Written Blocks": 6374, "I/O Read Time": 70.034, "I/O Write Time": 0.0, "Plans": [{"Node Type": "Sort", "Parent Relationship": "Outer", "Parallel Aware": false, "Startup Cost": 146389.85, "Total Cost": 146965.27, "Plan Rows": 230166, "Plan Width": 8, "Actual Startup Time": 1826.325, "Actual Total Time": 1845.102, "Actual Rows": 85568, "Actual Loops": 1, "Output": ["t.id", "ci.movie_id"], "Sort Key": ["t.id"], "Sort Method": "external merge", "Sort Space Used": 1512, "Sort Space Type": "Disk", "Shared Hit Blocks": 3, "Shared Read Blocks": 38050, "Shared Dirtied Blocks": 0, "Shared Written Blocks": 0, "Local Hit Blocks": 0, "Local Read Blocks": 0, "Local Dirtied Blocks": 0, "Local Written Blocks": 0, "Temp Read Blocks": 6373, "Temp Written Blocks": 6374, "I/O Read Time": 70.034, "I/O Write Time": 0.0, "Plans": [{"Node Type": "Hash Join", "Parent Relationship": "Outer", "Parallel Aware": false, "Join Type": "Inner", "Startup Cost": 101490.18, "Total Cost": 122740.9, "Plan Rows": 230166, "Plan Width": 8, "Actual Startup Time": 1318.164, "Actual Total Time": 1778.846, "Actual Rows": 85568, "Actual Loops": 1, "Output": ["t.id", "ci.movie_id"], "Inner Unique": true, "Hash Cond": "(ci.movie_id = t.id)", "Shared Hit Blocks": 3, "Shared Read Blocks": 38050, "Shared Dirtied Blocks": 0, "Shared Written Blocks": 0, "Local Hit Blocks": 0, "Local Read Blocks": 0, "Local Dirtied Blocks": 0, "Local Written Blocks": 0, "Temp Read Blocks": 6184, "Temp Written Blocks": 6184, "I/O Read Time": 70.034, "I/O Write Time": 0.0, "Plans": [{"Node Type": "Index Scan", "Parent Relationship": "Outer", "Parallel Aware": false, "Scan Direction": "Forward", "Index Name": "role_id_cast_info", "Relation Name": "cast_info", "Schema": "public", "Alias": "ci", "Startup Cost": 0.44, "Total Cost": 10241.5, "Plan Rows": 281778, "Plan Width": 4, "Actual Startup Time": 0.75, "Actual Total Time": 120.49, "Actual Rows": 105260, "Actual Loops": 1, "Output": ["ci.movie_id"], "Index Cond": "(ci.role_id > 10)", "Rows Removed by Index Recheck": 0, "Filter": "(ci.person_id < 3035842)", "Rows Removed by Filter": 210858, "Shared Hit Blocks": 0, "Shared Read Blocks": 2052, "Shared Dirtied Blocks": 0, "Shared Written Blocks": 0, "Local Hit Blocks": 0, "Local Read Blocks": 0, "Local Dirtied Blocks": 0, "Local Written Blocks": 0, "Temp Read Blocks": 0, "Temp Written Blocks": 0, "I/O Read Time": 11.071, "I/O Write Time": 0.0}, {"Node Type": "Hash", "Parent Relationship": "Inner", "Parallel Aware": false, "Startup Cost": 67604.5, "Total Cost": 67604.5, "Plan Rows": 2065379, "Plan Width": 4, "Actual Startup Time": 1315.668, "Actual Total Time": 1315.669, "Actual Rows": 2064552, "Actual Loops": 1, "Output": ["t.id"], "Hash Buckets": 131072, "Original Hash Buckets": 131072, "Hash Batches": 32, "Original Hash Batches": 32, "Peak Memory Usage": 3289, "Shared Hit Blocks": 0, "Shared Read Blocks": 35998, "Shared Dirtied Blocks": 0, "Shared Written Blocks": 0, "Local Hit Blocks": 0, "Local Read Blocks": 0, "Local Dirtied Blocks": 0, "Local Written Blocks": 0, "Temp Read Blocks": 0, "Temp Written Blocks": 5843, "I/O Read Time": 58.962, "I/O Write Time": 0.0, "Plans": [{"Node Type": "Seq Scan", "Parent Relationship": "Outer", "Parallel Aware": false, "Relation Name": "title", "Schema": "public", "Alias": "t", "Startup Cost": 0.0, "Total Cost": 67604.5, "Plan Rows": 2065379, "Plan Width": 4, "Actual Startup Time": 0.139, "Actual Total Time": 695.476, "Actual Rows": 2064552, "Actual Loops": 1, "Output": ["t.id"], "Filter": "(t.production_year < 2011)", "Rows Removed by Filter": 463760, "Shared Hit Blocks": 0, "Shared Read Blocks": 35998, "Shared Dirtied Blocks": 0, "Shared Written Blocks": 0, "Local Hit Blocks": 0, "Local Read Blocks": 0, "Local Dirtied Blocks": 0, "Local Written Blocks": 0, "Temp Read Blocks": 0, "Temp Written Blocks": 0, "I/O Read Time": 58.962, "I/O Write Time": 0.0}]}]}]}]}]}, {"Node Type": "Index Only Scan", "Parent Relationship": "Inner", "Parallel Aware": false, "Scan Direction": "Forward", "Index Name": "movie_id_movie_info", "Relation Name": "movie_info", "Schema": "public", "Alias": "mi", "Startup Cost": 0.43, "Total Cost": 325993.18, "Plan Rows": 14818450, "Plan Width": 4, "Actual Startup Time": 0.032, "Actual Total Time": 20572.617, "Actual Rows": 128674778, "Actual Loops": 1, "Output": ["mi.movie_id"], "Heap Fetches": 0, "Shared Hit Blocks": 8540718, "Shared Read Blocks": 25830, "Shared Dirtied Blocks": 0, "Shared Written Blocks": 0, "Local Hit Blocks": 0, "Local Read Blocks": 0, "Local Dirtied Blocks": 0, "Local Written Blocks": 0, "Temp Read Blocks": 0, "Temp Written Blocks": 0, "I/O Read Time": 170.139, "I/O Write Time": 0.0}]}]}, "Planning": {"Shared Hit Blocks": 323, "Shared Read Blocks": 53, "Shared Dirtied Blocks": 0, "Shared Written Blocks": 0, "Local Hit Blocks": 0, "Local Read Blocks": 0, "Local Dirtied Blocks": 0, "Local Written Blocks": 0, "Temp Read Blocks": 0, "Temp Written Blocks": 0, "I/O Read Time": 4.048, "I/O Write Time": 0.0}, "Planning Time": 6.769, "Triggers": [], "Execution Time": 58020.284}, "template": "scale", "query": "EXPLAIN (ANALYZE, COSTS, BUFFERS, VERBOSE, FORMAT JSON) SELECT COUNT(*) FROM title t,cast_info ci,movie_info mi,movie_keyword mk WHERE t.id=ci.movie_id AND t.id=mi.movie_id AND t.id=mk.movie_id AND t.production_year<2011 AND ci.person_id<3035842 AND ci.role_id>10;"}
{"planinfo": {"Plan": {"Node Type": "Aggregate", "Strategy": "Plain", "Partial Mode": "Simple", "Parallel Aware": false, "Startup Cost": 451724.94, "Total Cost": 451724.95, "Plan Rows": 1, "Plan Width": 8, "Actual Startup Time": 4233.466, "Actual Total Time": 4233.469, "Actual Rows": 1, "Actual Loops": 1, "Output": ["count(*)"], "Shared Hit Blocks": 3, "Shared Read Blocks": 197991, "Shared Dirtied Blocks": 0, "Shared Written Blocks": 0, "Local Hit Blocks": 0, "Local Read Blocks": 0, "Local Dirtied Blocks": 0, "Local Written Blocks": 0, "Temp Read Blocks": 5759, "Temp Written Blocks": 5759, "I/O Read Time": 346.298, "I/O Write Time": 0.0, "Plans": [{"Node Type": "Hash Join", "Parent Relationship": "Outer", "Parallel Aware": false, "Join Type": "Inner", "Startup Cost": 92597.36, "Total Cost": 450974.27, "Plan Rows": 300266, "Plan Width": 0, "Actual Startup Time": 1532.198, "Actual Total Time": 4220.371, "Actual Rows": 127537, "Actual Loops": 1, "Inner Unique": true, "Hash Cond": "(mi.movie_id = t.id)", "Shared Hit Blocks": 3, "Shared Read Blocks": 197991, "Shared Dirtied Blocks": 0, "Shared Written Blocks": 0, "Local Hit Blocks": 0, "Local Read Blocks": 0, "Local Dirtied Blocks": 0, "Local Written Blocks": 0, "Temp Read Blocks": 5759, "Temp Written Blocks": 5759, "I/O Read Time": 346.298, "I/O Write Time": 0.0, "Plans": [{"Node Type": "Seq Scan", "Parent Relationship": "Outer", "Parallel Aware": false, "Relation Name": "movie_info", "Schema": "public", "Alias": "mi", "Startup Cost": 0.0, "Total Cost": 347223.62, "Plan Rows": 498394, "Plan Width": 4, "Actual Startup Time": 435.924, "Actual Total Time": 2686.721, "Actual Rows": 474443, "Actual Loops": 1, "Output": ["mi.movie_id"], "Filter": "(mi.info_type_id = 6)", "Rows Removed by Filter": 14361277, "Shared Hit Blocks": 0, "Shared Read Blocks": 161993, "Shared Dirtied Blocks": 0, "Shared Written Blocks": 0, "Local Hit Blocks": 0, "Local Read Blocks": 0, "Local Dirtied Blocks": 0, "Local Written Blocks": 0, "Temp Read Blocks": 0, "Temp Written Blocks": 0, "I/O Read Time": 285.317, "I/O Write Time": 0.0}, {"Node Type": "Hash", "Parent Relationship": "Inner", "Parallel Aware": false, "Startup Cost": 67604.5, "Total Cost": 67604.5, "Plan Rows": 1523349, "Plan Width": 4, "Actual Startup Time": 1094.742, "Actual Total Time": 1094.743, "Actual Rows": 1543264, "Actual Loops": 1, "Output": ["t.id"], "Hash Buckets": 131072, "Original Hash Buckets": 131072, "Hash Batches": 32, "Original Hash Batches": 32, "Peak Memory Usage": 2722, "Shared Hit Blocks": 0, "Shared Read Blocks": 35998, "Shared Dirtied Blocks": 0, "Shared Written Blocks": 0, "Local Hit Blocks": 0, "Local Read Blocks": 0, "Local Dirtied Blocks": 0, "Local Written Blocks": 0, "Temp Read Blocks": 0, "Temp Written Blocks": 4365, "I/O Read Time": 60.982, "I/O Write Time": 0.0, "Plans": [{"Node Type": "Seq Scan", "Parent Relationship": "Outer", "Parallel Aware": false, "Relation Name": "title", "Schema": "public", "Alias": "t", "Startup Cost": 0.0, "Total Cost": 67604.5, "Plan Rows": 1523349, "Plan Width": 4, "Actual Startup Time": 0.168, "Actual Total Time": 629.19, "Actual Rows": 1543264, "Actual Loops": 1, "Output": ["t.id"], "Filter": "(t.kind_id = 7)", "Rows Removed by Filter": 985048, "Shared Hit Blocks": 0, "Shared Read Blocks": 35998, "Shared Dirtied Blocks": 0, "Shared Written Blocks": 0, "Local Hit Blocks": 0, "Local Read Blocks": 0, "Local Dirtied Blocks": 0, "Local Written Blocks": 0, "Temp Read Blocks": 0, "Temp Written Blocks": 0, "I/O Read Time": 60.982, "I/O Write Time": 0.0}]}]}]}, "Planning": {"Shared Hit Blocks": 102, "Shared Read Blocks": 29, "Shared Dirtied Blocks": 0, "Shared Written Blocks": 0, "Local Hit Blocks": 0, "Local Read Blocks": 0, "Local Dirtied Blocks": 0, "Local Written Blocks": 0, "Temp Read Blocks": 0, "Temp Written Blocks": 0, "I/O Read Time": 2.131, "I/O Write Time": 0.0}, "Planning Time": 3.175, "Triggers": [], "Execution Time": 4233.639}, "template": "scale", "query": "EXPLAIN (ANALYZE, COSTS, BUFFERS, VERBOSE, FORMAT JSON) SELECT COUNT(*) FROM title t,movie_info mi WHERE t.id=mi.movie_id AND t.kind_id=7 AND mi.info_type_id=6;"}
{"planinfo": {"Plan": {"Node Type": "Aggregate", "Strategy": "Plain", "Partial Mode": "Simple", "Parallel Aware": false, "Startup Cost": 3820.93, "Total Cost": 3820.94, "Plan Rows": 1, "Plan Width": 8, "Actual Startup Time": 69.809, "Actual Total Time": 69.81, "Actual Rows": 1, "Actual Loops": 1, "Output": ["count(*)"], "Shared Hit Blocks": 0, "Shared Read Blocks": 353, "Shared Dirtied Blocks": 0, "Shared Written Blocks": 0, "Local Hit Blocks": 0, "Local Read Blocks": 0, "Local Dirtied Blocks": 0, "Local Written Blocks": 0, "Temp Read Blocks": 0, "Temp Written Blocks": 0, "I/O Read Time": 31.935, "I/O Write Time": 0.0, "Plans": [{"Node Type": "Index Only Scan", "Parent Relationship": "Outer", "Parallel Aware": false, "Scan Direction": "Forward", "Index Name": "keyword_id_movie_keyword", "Relation Name": "movie_keyword", "Schema": "public", "Alias": "mk", "Startup Cost": 0.43, "Total Cost": 3435.87, "Plan Rows": 154025, "Plan Width": 0, "Actual Startup Time": 0.423, "Actual Total Time": 55.678, "Actual Rows": 145378, "Actual Loops": 1, "Output": ["keyword_id"], "Index Cond": "(mk.keyword_id > 74318)", "Rows Removed by Index Recheck": 0, "Heap Fetches": 0, "Shared Hit Blocks": 0, "Shared Read Blocks": 353, "Shared Dirtied Blocks": 0, "Shared Written Blocks": 0, "Local Hit Blocks": 0, "Local Read Blocks": 0, "Local Dirtied Blocks": 0, "Local Written Blocks": 0, "Temp Read Blocks": 0, "Temp Written Blocks": 0, "I/O Read Time": 31.935, "I/O Write Time": 0.0}]}, "Planning": {"Shared Hit Blocks": 51, "Shared Read Blocks": 9, "Shared Dirtied Blocks": 0, "Shared Written Blocks": 0, "Local Hit Blocks": 0, "Local Read Blocks": 0, "Local Dirtied Blocks": 0, "Local Written Blocks": 0, "Temp Read Blocks": 0, "Temp Written Blocks": 0, "I/O Read Time": 0.621, "I/O Write Time": 0.0}, "Planning Time": 1.095, "Triggers": [], "Execution Time": 69.846}, "template": "scale", "query": "EXPLAIN (ANALYZE, COSTS, BUFFERS, VERBOSE, FORMAT JSON) SELECT COUNT(*) FROM movie_keyword mk WHERE mk.keyword_id>74318;"}
{"planinfo": {"Plan": {"Node Type": "Aggregate", "Strategy": "Plain", "Partial Mode": "Simple", "Parallel Aware": false, "Startup Cost": 771484.96, "Total Cost": 771484.97, "Plan Rows": 1, "Plan Width": 8, "Actual Startup Time": 24271.595, "Actual Total Time": 24271.6, "Actual Rows": 1, "Actual Loops": 1, "Output": ["count(*)"], "Shared Hit Blocks": 8794986, "Shared Read Blocks": 63261, "Shared Dirtied Blocks": 0, "Shared Written Blocks": 0, "Local Hit Blocks": 0, "Local Read Blocks": 0, "Local Dirtied Blocks": 0, "Local Written Blocks": 0, "Temp Read Blocks": 4833, "Temp Written Blocks": 4835, "I/O Read Time": 228.573, "I/O Write Time": 0.0, "Plans": [{"Node Type": "Merge Join", "Parent Relationship": "Outer", "Parallel Aware": false, "Join Type": "Inner", "Startup Cost": 147564.24, "Total Cost": 765456.71, "Plan Rows": 2411300, "Plan Width": 0, "Actual Startup Time": 1754.503, "Actual Total Time": 20113.958, "Actual Rows": 36222852, "Actual Loops": 1, "Inner Unique": false, "Merge Cond": "(t.id = mi.movie_id)", "Shared Hit Blocks": 8794986, "Shared Read Blocks": 63261, "Shared Dirtied Blocks": 0, "Shared Written Blocks": 0, "Local Hit Blocks": 0, "Local Read Blocks": 0, "Local Dirtied Blocks": 0, "Local Written Blocks": 0, "Temp Read Blocks": 4833, "Temp Written Blocks": 4835, "I/O Read Time": 228.573, "I/O Write Time": 0.0, "Plans": [{"Node Type": "Merge Join", "Parent Relationship": "Outer", "Parallel Aware": false, "Join Type": "Inner", "Startup Cost": 147541.51, "Total Cost": 377507.64, "Plan Rows": 411448, "Plan Width": 16, "Actual Startup Time": 1754.334, "Actual Total Time": 3746.203, "Actual Rows": 1571374, "Actual Loops": 1, "Output": ["t.id", "mc.movie_id", "mi_idx.movie_id", "mk.movie_id"], "Inner Unique": false, "Merge Cond": "(t.id = mk.movie_id)", "Shared Hit Blocks": 133149, "Shared Read Blocks": 52533, "Shared Dirtied Blocks": 0, "Shared Written Blocks": 0, "Local Hit Blocks": 0, "Local Read Blocks": 0, "Local Dirtied Blocks": 0, "Local Written Blocks": 0, "Temp Read Blocks": 4833, "Temp Written Blocks": 4835, "I/O Read Time": 152.278, "I/O Write Time": 0.0, "Plans": [{"Node Type": "Merge Join", "Parent Relationship": "Outer", "Parallel Aware": false, "Join Type": "Inner", "Startup Cost": 147532.5, "Total Cost": 224073.94, "Plan Rows": 251869, "Plan Width": 12, "Actual Startup Time": 1754.141, "Actual Total Time": 2190.737, "Actual Rows": 267354, "Actual Loops": 1, "Output": ["t.id", "mc.movie_id", "mi_idx.movie_id"], "Inner Unique": false, "Merge Cond": "(mc.movie_id = t.id)", "Shared Hit Blocks": 7, "Shared Read Blocks": 46456, "Shared Dirtied Blocks": 0, "Shared Written Blocks": 0, "Local Hit Blocks": 0, "Local Read Blocks": 0, "Local Dirtied Blocks": 0, "Local Written Blocks": 0, "Temp Read Blocks": 4833, "Temp Written Blocks": 4835, "I/O Read Time": 115.793, "I/O Write Time": 0.0, "Plans": [{"Node Type": "Index Only Scan", "Parent Relationship": "Outer", "Parallel Aware": false, "Scan Direction": "Forward", "Index Name": "movie_id_movie_companies", "Relation Name": "movie_companies", "Schema": "public", "Alias": "mc", "Startup Cost": 0.43, "Total Cost": 65637.36, "Plan Rows": 2609129, "Plan Width": 4, "Actual Startup Time": 0.019, "Actual Total Time": 160.978, "Actual Rows": 911384, "Actual Loops": 1, "Output": ["mc.movie_id"], "Heap Fetches": 0, "Shared Hit Blocks": 4, "Shared Read Blocks": 2523, "Shared Dirtied Blocks": 0, "Shared Written Blocks": 0, "Local Hit Blocks": 0, "Local Read Blocks": 0, "Local Dirtied Blocks": 0, "Local Written Blocks": 0, "Temp Read Blocks": 0, "Temp Written Blocks": 0, "I/O Read Time": 14.643, "I/O Write Time": 0.0}, {"Node Type": "Materialize", "Parent Relationship": "Inner", "Parallel Aware": false, "Startup Cost": 147527.42, "Total Cost": 148747.86, "Plan Rows": 244087, "Plan Width": 8, "Actual Startup Time": 1754.107, "Actual Total Time": 1832.441, "Actual Rows": 314694, "Actual Loops": 1, "Output": ["t.id", "mi_idx.movie_id"], "Shared Hit Blocks": 3, "Shared Read Blocks": 43933, "Shared Dirtied Blocks": 0, "Shared Written Blocks": 0, "Local Hit Blocks": 0, "Local Read Blocks": 0, "Local Dirtied Blocks": 0, "Local Written Blocks": 0, "Temp Read Blocks": 4833, "Temp Written Blocks": 4835, "I/O Read Time": 101.151, "I/O Write Time": 0.0, "Plans": [{"Node Type": "Sort", "Parent Relationship": "Outer", "Parallel Aware": false, "Startup Cost": 147527.42, "Total Cost": 148137.64, "Plan Rows": 244087, "Plan Width": 8, "Actual Startup Time": 1754.102, "Actual Total Time": 1779.385, "Actual Rows": 115898, "Actual Loops": 1, "Output": ["t.id", "mi_idx.movie_id"], "Sort Key": ["t.id"], "Sort Method": "external merge", "Sort Space Used": 2056, "Sort Space Type": "Disk", "Shared Hit Blocks": 3, "Shared Read Blocks": 43933, "Shared Dirtied Blocks": 0, "Shared Written Blocks": 0, "Local Hit Blocks": 0, "Local Read Blocks": 0, "Local Dirtied Blocks": 0, "Local Written Blocks": 0, "Temp Read Blocks": 4833, "Temp Written Blocks": 4835, "I/O Read Time": 101.151, "I/O Write Time": 0.0, "Plans": [{"Node Type": "Hash Join", "Parent Relationship": "Outer", "Parallel Aware": false, "Join Type": "Inner", "Startup Cost": 84944.41, "Total Cost": 122346.25, "Plan Rows": 244087, "Plan Width": 8, "Actual Startup Time": 837.431, "Actual Total Time": 1697.656, "Actual Rows": 115898, "Actual Loops": 1, "Output": ["t.id", "mi_idx.movie_id"], "Inner Unique": true, "Hash Cond": "(mi_idx.movie_id = t.id)", "Shared Hit Blocks": 3, "Shared Read Blocks": 43933, "Shared Dirtied Blocks": 0, "Shared Written Blocks": 0, "Local Hit Blocks": 0, "Local Read Blocks": 0, "Local Dirtied Blocks": 0, "Local Written Blocks": 0, "Temp Read Blocks": 4576, "Temp Written Blocks": 4576, "I/O Read Time": 101.151, "I/O Write Time": 0.0, "Plans": [{"Node Type": "Seq Scan", "Parent Relationship": "Outer", "Parallel Aware": false, "Relation Name": "movie_info_idx", "Schema": "public", "Alias": "mi_idx", "Startup Cost": 0.0, "Total Cost": 25185.44, "Plan Rows": 919011, "Plan Width": 4, "Actual Startup Time": 0.126, "Actual Total Time": 338.87, "Actual Rows": 919850, "Actual Loops": 1, "Output": ["mi_idx.movie_id"], "Filter": "(mi_idx.info_type_id < 101)", "Rows Removed by Filter": 460185, "Shared Hit Blocks": 0, "Shared Read Blocks": 7935, "Shared Dirtied Blocks": 0, "Shared Written Blocks": 0, "Local Hit Blocks": 0, "Local Read Blocks": 0, "Local Dirtied Blocks": 0, "Local Written Blocks": 0, "Temp Read Blocks": 0, "Temp Written Blocks": 0, "I/O Read Time": 40.13, "I/O Write Time": 0.0}, {"Node Type": "Hash", "Parent Relationship": "Inner", "Parallel Aware": false, "Startup Cost": 73925.8, "Total Cost": 73925.8, "Plan Rows": 671569, "Plan Width": 4, "Actual Startup Time": 835.832, "Actual Total Time": 835.833, "Actual Rows": 739679, "Actual Loops": 1, "Output": ["t.id"], "Hash Buckets": 131072, "Original Hash Buckets": 131072, "Hash Batches": 16, "Original Hash Batches": 16, "Peak Memory Usage": 2654, "Shared Hit Blocks": 0, "Shared Read Blocks": 35998, "Shared Dirtied Blocks": 0, "Shared Written Blocks": 0, "Local Hit Blocks": 0, "Local Read Blocks": 0, "Local Dirtied Blocks": 0, "Local Written Blocks": 0, "Temp Read Blocks": 0, "Temp Written Blocks": 2025, "I/O Read Time": 61.02, "I/O Write Time": 0.0, "Plans": [{"Node Type": "Seq Scan", "Parent Relationship": "Outer", "Parallel Aware": false, "Relation Name": "title", "Schema": "public", "Alias": "t", "Startup Cost": 0.0, "Total Cost": 73925.8, "Plan Rows": 671569, "Plan Width": 4, "Actual Startup Time": 0.133, "Actual Total Time": 604.734, "Actual Rows": 739679, "Actual Loops": 1, "Output": ["t.id"], "Filter": "((t.production_year > 2004) AND (t.kind_id = 7))", "Rows Removed by Filter": 1788633, "Shared Hit Blocks": 0, "Shared Read Blocks": 35998, "Shared Dirtied Blocks": 0, "Shared Written Blocks": 0, "Local Hit Blocks": 0, "Local Read Blocks": 0, "Local Dirtied Blocks": 0, "Local Written Blocks": 0, "Temp Read Blocks": 0, "Temp Written Blocks": 0, "I/O Read Time": 61.02, "I/O Write Time": 0.0}]}]}]}]}]}, {"Node Type": "Index Scan", "Parent Relationship": "Inner", "Parallel Aware": false, "Scan Direction": "Forward", "Index Name": "movie_id_movie_keyword", "Relation Name": "movie_keyword", "Schema": "public", "Alias": "mk", "Startup Cost": 0.43, "Total Cost": 138446.54, "Plan Rows": 4130541, "Plan Width": 4, "Actual Startup Time": 0.182, "Actual Total Time": 1041.733, "Actual Rows": 2215087, "Actual Loops": 1, "Output": ["mk.id", "mk.movie_id", "mk.keyword_id"], "Filter": "(mk.keyword_id < 44523)", "Rows Removed by Filter": 131839, "Shared Hit Blocks": 133142, "Shared Read Blocks": 6077, "Shared Dirtied Blocks": 0, "Shared Written Blocks": 0, "Local Hit Blocks": 0, "Local Read Blocks": 0, "Local Dirtied Blocks": 0, "Local Written Blocks": 0, "Temp Read Blocks": 0, "Temp Written Blocks": 0, "I/O Read Time": 36.485, "I/O Write Time": 0.0}]}, {"Node Type": "Index Only Scan", "Parent Relationship": "Inner", "Parallel Aware": false, "Scan Direction": "Forward", "Index Name": "movie_id_movie_info", "Relation Name": "movie_info", "Schema": "public", "Alias": "mi", "Startup Cost": 0.43, "Total Cost": 325993.18, "Plan Rows": 14818450, "Plan Width": 4, "Actual Startup Time": 0.022, "Actual Total Time": 9033.949, "Actual Rows": 40741714, "Actual Loops": 1, "Output": ["mi.movie_id"], "Heap Fetches": 0, "Shared Hit Blocks": 8661837, "Shared Read Blocks": 10728, "Shared Dirtied Blocks": 0, "Shared Written Blocks": 0, "Local Hit Blocks": 0, "Local Read Blocks": 0, "Local Dirtied Blocks": 0, "Local Written Blocks": 0, "Temp Read Blocks": 0, "Temp Written Blocks": 0, "I/O Read Time": 76.294, "I/O Write Time": 0.0}]}]}, "Planning": {"Shared Hit Blocks": 461, "Shared Read Blocks": 59, "Shared Dirtied Blocks": 0, "Shared Written Blocks": 0, "Local Hit Blocks": 0, "Local Read Blocks": 0, "Local Dirtied Blocks": 0, "Local Written Blocks": 0, "Temp Read Blocks": 0, "Temp Written Blocks": 0, "I/O Read Time": 4.778, "I/O Write Time": 0.0}, "Planning Time": 9.247, "Triggers": [], "Execution Time": 24272.271}, "template": "scale", "query": "EXPLAIN (ANALYZE, COSTS, BUFFERS, VERBOSE, FORMAT JSON) SELECT COUNT(*) FROM title t,movie_companies mc,movie_info mi,movie_info_idx mi_idx,movie_keyword mk WHERE t.id=mc.movie_id AND t.id=mi.movie_id AND t.id=mi_idx.movie_id AND t.id=mk.movie_id AND t.kind_id=7 AND t.production_year>2004 AND mi_idx.info_type_id<101 AND mk.keyword_id<44523;"}
{"planinfo": {"Plan": {"Node Type": "Aggregate", "Strategy": "Plain", "Partial Mode": "Simple", "Parallel Aware": false, "Startup Cost": 188475.75, "Total Cost": 188475.76, "Plan Rows": 1, "Plan Width": 8, "Actual Startup Time": 3300.082, "Actual Total Time": 3300.086, "Actual Rows": 1, "Actual Loops": 1, "Output": ["count(*)"], "Shared Hit Blocks": 3, "Shared Read Blocks": 60452, "Shared Dirtied Blocks": 0, "Shared Written Blocks": 0, "Local Hit Blocks": 0, "Local Read Blocks": 0, "Local Dirtied Blocks": 0, "Local Written Blocks": 0, "Temp Read Blocks": 10278, "Temp Written Blocks": 10278, "I/O Read Time": 204.055, "I/O Write Time": 0.0, "Plans": [{"Node Type": "Hash Join", "Parent Relationship": "Outer", "Parallel Aware": false, "Join Type": "Inner", "Startup Cost": 70224.77, "Total Cost": 187761.41, "Plan Rows": 285733, "Plan Width": 0, "Actual Startup Time": 623.261, "Actual Total Time": 3251.184, "Actual Rows": 440186, "Actual Loops": 1, "Inner Unique": true, "Hash Cond": "(mk.movie_id = t.id)", "Shared Hit Blocks": 3, "Shared Read Blocks": 60452, "Shared Dirtied Blocks": 0, "Shared Written Blocks": 0, "Local Hit Blocks": 0, "Local Read Blocks": 0, "Local Dirtied Blocks": 0, "Local Written Blocks": 0, "Temp Read Blocks": 10278, "Temp Written Blocks": 10278, "I/O Read Time": 204.055, "I/O Write Time": 0.0, "Plans": [{"Node Type": "Seq Scan", "Parent Relationship": "Outer", "Parallel Aware": false, "Relation Name": "movie_keyword", "Schema": "public", "Alias": "mk", "Startup Cost": 0.0, "Total Cost": 69693.3, "Plan Rows": 4523930, "Plan Width": 4, "Actual Startup Time": 0.14, "Actual Total Time": 983.268, "Actual Rows": 4523930, "Actual Loops": 1, "Output": ["mk.movie_id"], "Shared Hit Blocks": 0, "Shared Read Blocks": 24454, "Shared Dirtied Blocks": 0, "Shared Written Blocks": 0, "Local Hit Blocks": 0, "Local Read Blocks": 0, "Local Dirtied Blocks": 0, "Local Written Blocks": 0, "Temp Read Blocks": 0, "Temp Written Blocks": 0, "I/O Read Time": 138.328, "I/O Write Time": 0.0}, {"Node Type": "Hash", "Parent Relationship": "Inner", "Parallel Aware": false, "Startup Cost": 67604.5, "Total Cost": 67604.5, "Plan Rows": 159702, "Plan Width": 4, "Actual Startup Time": 574.787, "Actual Total Time": 574.788, "Actual Rows": 153241, "Actual Loops": 1, "Output": ["t.id"], "Hash Buckets": 131072, "Original Hash Buckets": 131072, "Hash Batches": 4, "Original Hash Batches": 4, "Peak Memory Usage": 2366, "Shared Hit Blocks": 0, "Shared Read Blocks": 35998, "Shared Dirtied Blocks": 0, "Shared Written Blocks": 0, "Local Hit Blocks": 0, "Local Read Blocks": 0, "Local Dirtied Blocks": 0, "Local Written Blocks": 0, "Temp Read Blocks": 0, "Temp Written Blocks": 336, "I/O Read Time": 65.727, "I/O Write Time": 0.0, "Plans": [{"Node Type": "Seq Scan", "Parent Relationship": "Outer", "Parallel Aware": false, "Relation Name": "title", "Schema": "public", "Alias": "t", "Startup Cost": 0.0, "Total Cost": 67604.5, "Plan Rows": 159702, "Plan Width": 4, "Actual Startup Time": 8.343, "Actual Total Time": 523.344, "Actual Rows": 153241, "Actual Loops": 1, "Output": ["t.id"], "Filter": "(t.production_year < 1946)", "Rows Removed by Filter": 2375071, "Shared Hit Blocks": 0, "Shared Read Blocks": 35998, "Shared Dirtied Blocks": 0, "Shared Written Blocks": 0, "Local Hit Blocks": 0, "Local Read Blocks": 0, "Local Dirtied Blocks": 0, "Local Written Blocks": 0, "Temp Read Blocks": 0, "Temp Written Blocks": 0, "I/O Read Time": 65.727, "I/O Write Time": 0.0}]}]}]}, "Planning": {"Shared Hit Blocks": 97, "Shared Read Blocks": 27, "Shared Dirtied Blocks": 0, "Shared Written Blocks": 0, "Local Hit Blocks": 0, "Local Read Blocks": 0, "Local Dirtied Blocks": 0, "Local Written Blocks": 0, "Temp Read Blocks": 0, "Temp Written Blocks": 0, "I/O Read Time": 1.969, "I/O Write Time": 0.0}, "Planning Time": 2.936, "Triggers": [], "Execution Time": 3300.244}, "template": "scale", "query": "EXPLAIN (ANALYZE, COSTS, BUFFERS, VERBOSE, FORMAT JSON) SELECT COUNT(*) FROM title t,movie_keyword mk WHERE t.id=mk.movie_id AND t.production_year<1946;"}
{"planinfo": {"Plan": {"Node Type": "Aggregate", "Strategy": "Plain", "Partial Mode": "Simple", "Parallel Aware": false, "Startup Cost": 765518.54, "Total Cost": 765518.55, "Plan Rows": 1, "Plan Width": 8, "Actual Startup Time": 8120.568, "Actual Total Time": 8120.569, "Actual Rows": 1, "Actual Loops": 1, "Output": ["count(*)"], "Shared Hit Blocks": 1337887, "Shared Read Blocks": 43160, "Shared Dirtied Blocks": 0, "Shared Written Blocks": 0, "Local Hit Blocks": 0, "Local Read Blocks": 0, "Local Dirtied Blocks": 0, "Local Written Blocks": 0, "Temp Read Blocks": 0, "Temp Written Blocks": 0, "I/O Read Time": 499.785, "I/O Write Time": 0.0, "Plans": [{"Node Type": "Index Only Scan", "Parent Relationship": "Outer", "Parallel Aware": false, "Scan Direction": "Forward", "Index Name": "person_id_cast_info", "Relation Name": "cast_info", "Schema": "public", "Alias": "ci", "Startup Cost": 0.44, "Total Cost": 691362.78, "Plan Rows": 29662305, "Plan Width": 0, "Actual Startup Time": 0.323, "Actual Total Time": 5252.852, "Actual Rows": 29688397, "Actual Loops": 1, "Output": ["person_id"], "Index Cond": "(ci.person_id < 3002411)", "Rows Removed by Index Recheck": 0, "Heap Fetches": 0, "Shared Hit Blocks": 1337887, "Shared Read Blocks": 43160, "Shared Dirtied Blocks": 0, "Shared Written Blocks": 0, "Local Hit Blocks": 0, "Local Read Blocks": 0, "Local Dirtied Blocks": 0, "Local Written Blocks": 0, "Temp Read Blocks": 0, "Temp Written Blocks": 0, "I/O Read Time": 499.785, "I/O Write Time": 0.0}]}, "Planning": {"Shared Hit Blocks": 68, "Shared Read Blocks": 13, "Shared Dirtied Blocks": 0, "Shared Written Blocks": 0, "Local Hit Blocks": 0, "Local Read Blocks": 0, "Local Dirtied Blocks": 0, "Local Written Blocks": 0, "Temp Read Blocks": 0, "Temp Written Blocks": 0, "I/O Read Time": 1.006, "I/O Write Time": 0.0}, "Planning Time": 1.608, "Triggers": [], "Execution Time": 8120.622}, "template": "scale", "query": "EXPLAIN (ANALYZE, COSTS, BUFFERS, VERBOSE, FORMAT JSON) SELECT COUNT(*) FROM cast_info ci WHERE ci.person_id<3002411;"}
{"planinfo": {"Plan": {"Node Type": "Aggregate", "Strategy": "Plain", "Partial Mode": "Simple", "Parallel Aware": false, "Startup Cost": 1826618.03, "Total Cost": 1826618.04, "Plan Rows": 1, "Plan Width": 8, "Actual Startup Time": 39420.17, "Actual Total Time": 39420.177, "Actual Rows": 1, "Actual Loops": 1, "Output": ["count(*)"], "Shared Hit Blocks": 3, "Shared Read Blocks": 469468, "Shared Dirtied Blocks": 0, "Shared Written Blocks": 0, "Local Hit Blocks": 0, "Local Read Blocks": 0, "Local Dirtied Blocks": 0, "Local Written Blocks": 0, "Temp Read Blocks": 94494, "Temp Written Blocks": 94494, "I/O Read Time": 841.933, "I/O Write Time": 0.0, "Plans": [{"Node Type": "Hash Join", "Parent Relationship": "Outer", "Parallel Aware": false, "Join Type": "Inner", "Startup Cost": 611398.07, "Total Cost": 1796670.64, "Plan Rows": 11978957, "Plan Width": 0, "Actual Startup Time": 10429.643, "Actual Total Time": 35611.211, "Actual Rows": 38082448, "Actual Loops": 1, "Inner Unique": false, "Hash Cond": "(ci.movie_id = t.id)", "Shared Hit Blocks": 3, "Shared Read Blocks": 469468, "Shared Dirtied Blocks": 0, "Shared Written Blocks": 0, "Local Hit Blocks": 0, "Local Read Blocks": 0, "Local Dirtied Blocks": 0, "Local Written Blocks": 0, "Temp Read Blocks": 94494, "Temp Written Blocks": 94494, "I/O Read Time": 841.933, "I/O Write Time": 0.0, "Plans": [{"Node Type": "Seq Scan", "Parent Relationship": "Outer", "Parallel Aware": false, "Relation Name": "cast_info", "Schema": "public", "Alias": "ci", "Startup Cost": 0.0, "Total Cost": 797095.68, "Plan Rows": 22647019, "Plan Width": 4, "Actual Startup Time": 1422.331, "Actual Total Time": 9192.734, "Actual Rows": 21653726, "Actual Loops": 1, "Output": ["ci.movie_id"], "Filter": "((ci.person_id > 1021231) AND (ci.role_id < 10))", "Rows Removed by Filter": 14590618, "Shared Hit Blocks": 0, "Shared Read Blocks": 252687, "Shared Dirtied Blocks": 0, "Shared Written Blocks": 0, "Local Hit Blocks": 0, "Local Read Blocks": 0, "Local Dirtied Blocks": 0, "Local Written Blocks": 0, "Temp Read Blocks": 0, "Temp Written Blocks": 0, "I/O Read Time": 409.466, "I/O Write Time": 0.0}, {"Node Type": "Hash", "Parent Relationship": "Inner", "Parallel Aware": false, "Startup Cost": 588149.07, "Total Cost": 588149.07, "Plan Rows": 1337440, "Plan Width": 12, "Actual Startup Time": 9005.589, "Actual Total Time": 9005.594, "Actual Rows": 2391045, "Actual Loops": 1, "Output": ["t.id", "mc.movie_id", "mi.movie_id"], "Hash Buckets": 131072, "Original Hash Buckets": 131072, "Hash Batches": 64, "Original Hash Batches": 32, "Peak Memory Usage": 3073, "Shared Hit Blocks": 0, "Shared Read Blocks": 216781, "Shared Dirtied Blocks": 0, "Shared Written Blocks": 0, "Local Hit Blocks": 0, "Local Read Blocks": 0, "Local Dirtied Blocks": 0, "Local Written Blocks": 0, "Temp Read Blocks": 22783, "Temp Written Blocks": 31948, "I/O Read Time": 432.467, "I/O Write Time": 0.0, "Plans": [{"Node Type": "Hash Join", "Parent Relationship": "Outer", "Parallel Aware": false, "Join Type": "Inner", "Startup Cost": 494662.15, "Total Cost": 588149.07, "Plan Rows": 1337440, "Plan Width": 12, "Actual Startup Time": 5695.291, "Actual Total Time": 8193.694, "Actual Rows": 2391045, "Actual Loops": 1, "Output": ["t.id", "mc.movie_id", "mi.movie_id"], "Inner Unique": false, "Hash Cond": "(mc.movie_id = t.id)", "Shared Hit Blocks": 0, "Shared Read Blocks": 216781, "Shared Dirtied Blocks": 0, "Shared Written Blocks": 0, "Local Hit Blocks": 0, "Local Read Blocks": 0, "Local Dirtied Blocks": 0, "Local Written Blocks": 0, "Temp Read Blocks": 22783, "Temp Written Blocks": 22783, "I/O Read Time": 432.467, "I/O Write Time": 0.0, "Plans": [{"Node Type": "Seq Scan", "Parent Relationship": "Outer", "Parallel Aware": false, "Relation Name": "movie_companies", "Schema": "public", "Alias": "mc", "Startup Cost": 0.0, "Total Cost": 44881.29, "Plan Rows": 2609129, "Plan Width": 4, "Actual Startup Time": 0.147, "Actual Total Time": 590.261, "Actual Rows": 2609129, "Actual Loops": 1, "Output": ["mc.movie_id"], "Shared Hit Blocks": 0, "Shared Read Blocks": 18790, "Shared Dirtied Blocks": 0, "Shared Written Blocks": 0, "Local Hit Blocks": 0, "Local Read Blocks": 0, "Local Dirtied Blocks": 0, "Local Written Blocks": 0, "Temp Read Blocks": 0, "Temp Written Blocks": 0, "I/O Read Time": 95.046, "I/O Write Time": 0.0}, {"Node Type": "Hash", "Parent Relationship": "Inner", "Parallel Aware": false, "Startup Cost": 473397.65, "Total Cost": 473397.65, "Plan Rows": 1296120, "Plan Width": 8, "Actual Startup Time": 5694.465, "Actual Total Time": 5694.468, "Actual Rows": 1288928, "Actual Loops": 1, "Output": ["t.id", "mi.movie_id"], "Hash Buckets": 131072, "Original Hash Buckets": 131072, "Hash Batches": 32, "Original Hash Batches": 32, "Peak Memory Usage": 2584, "Shared Hit Blocks": 0, "Shared Read Blocks": 197991, "Shared Dirtied Blocks": 0, "Shared Written Blocks": 0, "Local Hit Blocks": 0, "Local Read Blocks": 0, "Local Dirtied Blocks": 0, "Local Written Blocks": 0, "Temp Read Blocks": 11076, "Temp Written Blocks": 15330, "I/O Read Time": 337.421, "I/O Write Time": 0.0, "Plans": [{"Node Type": "Hash Join", "Parent Relationship": "Outer", "Parallel Aware": false, "Join Type": "Inner", "Startup Cost": 102767.7, "Total Cost": 473397.65, "Plan Rows": 1296120, "Plan Width": 8, "Actual Startup Time": 3286.786, "Actual Total Time": 5303.129, "Actual Rows": 1288928, "Actual Loops": 1, "Output": ["t.id", "mi.movie_id"], "Inner Unique": true, "Hash Cond": "(mi.movie_id = t.id)", "Shared Hit Blocks": 0, "Shared Read Blocks": 197991, "Shared Dirtied Blocks": 0, "Shared Written Blocks": 0, "Local Hit Blocks": 0, "Local Read Blocks": 0, "Local Dirtied Blocks": 0, "Local Written Blocks": 0, "Temp Read Blocks": 11076, "Temp Written Blocks": 11076, "I/O Read Time": 337.421, "I/O Write Time": 0.0, "Plans": [{"Node Type": "Seq Scan", "Parent Relationship": "Outer", "Parallel Aware": false, "Relation Name": "movie_info", "Schema": "public", "Alias": "mi", "Startup Cost": 0.0, "Total Cost": 347223.62, "Plan Rows": 1296120, "Plan Width": 4, "Actual Startup Time": 1969.605, "Actual Total Time": 2793.355, "Actual Rows": 1288928, "Actual Loops": 1, "Output": ["mi.movie_id"], "Filter": "(mi.info_type_id = 2)", "Rows Removed by Filter": 13546792, "Shared Hit Blocks": 0, "Shared Read Blocks": 161993, "Shared Dirtied Blocks": 0, "Shared Written Blocks": 0, "Local Hit Blocks": 0, "Local Read Blocks": 0, "Local Dirtied Blocks": 0, "Local Written Blocks": 0, "Temp Read Blocks": 0, "Temp Written Blocks": 0, "I/O Read Time": 279.234, "I/O Write Time": 0.0}, {"Node Type": "Hash", "Parent Relationship": "Inner", "Parallel Aware": false, "Startup Cost": 61283.2, "Total Cost": 61283.2, "Plan Rows": 2528520, "Plan Width": 4, "Actual Startup Time": 1315.4, "Actual Total Time": 1315.402, "Actual Rows": 2528312, "Actual Loops": 1, "Output": ["t.id"], "Hash Buckets": 131072, "Original Hash Buckets": 131072, "Hash Batches": 64, "Original Hash Batches": 64, "Peak Memory Usage": 2415, "Shared Hit Blocks": 0, "Shared Read Blocks": 35998, "Shared Dirtied Blocks": 0, "Shared Written Blocks": 0, "Local Hit Blocks": 0, "Local Read Blocks": 0, "Local Dirtied Blocks": 0, "Local Written Blocks": 0, "Temp Read Blocks": 0, "Temp Written Blocks": 7262, "I/O Read Time": 58.187, "I/O Write Time": 0.0, "Plans": [{"Node Type": "Seq Scan", "Parent Relationship": "Outer", "Parallel Aware": false, "Relation Name": "title", "Schema": "public", "Alias": "t", "Startup Cost": 0.0, "Total Cost": 61283.2, "Plan Rows": 2528520, "Plan Width": 4, "Actual Startup Time": 0.161, "Actual Total Time": 560.437, "Actual Rows": 2528312, "Actual Loops": 1, "Output": ["t.id"], "Shared Hit Blocks": 0, "Shared Read Blocks": 35998, "Shared Dirtied Blocks": 0, "Shared Written Blocks": 0, "Local Hit Blocks": 0, "Local Read Blocks": 0, "Local Dirtied Blocks": 0, "Local Written Blocks": 0, "Temp Read Blocks": 0, "Temp Written Blocks": 0, "I/O Read Time": 58.187, "I/O Write Time": 0.0}]}]}]}]}]}]}]}, "Planning": {"Shared Hit Blocks": 332, "Shared Read Blocks": 54, "Shared Dirtied Blocks": 0, "Shared Written Blocks": 0, "Local Hit Blocks": 0, "Local Read Blocks": 0, "Local Dirtied Blocks": 0, "Local Written Blocks": 0, "Temp Read Blocks": 0, "Temp Written Blocks": 0, "I/O Read Time": 4.395, "I/O Write Time": 0.0}, "Planning Time": 7.406, "Triggers": [], "Execution Time": 39421.075}, "template": "scale", "query": "EXPLAIN (ANALYZE, COSTS, BUFFERS, VERBOSE, FORMAT JSON) SELECT COUNT(*) FROM title t,movie_companies mc,cast_info ci,movie_info mi WHERE t.id=mc.movie_id AND t.id=ci.movie_id AND t.id=mi.movie_id AND ci.person_id>1021231 AND ci.role_id<10 AND mi.info_type_id=2;"}
{"planinfo": {"Plan": {"Node Type": "Aggregate", "Strategy": "Plain", "Partial Mode": "Simple", "Parallel Aware": false, "Startup Cost": 526277.13, "Total Cost": 526277.14, "Plan Rows": 1, "Plan Width": 8, "Actual Startup Time": 10241.426, "Actual Total Time": 10241.427, "Actual Rows": 1, "Actual Loops": 1, "Output": ["count(*)"], "Shared Hit Blocks": 6938966, "Shared Read Blocks": 70772, "Shared Dirtied Blocks": 0, "Shared Written Blocks": 0, "Local Hit Blocks": 0, "Local Read Blocks": 0, "Local Dirtied Blocks": 0, "Local Written Blocks": 0, "Temp Read Blocks": 0, "Temp Written Blocks": 0, "I/O Read Time": 1307.182, "I/O Write Time": 0.0, "Plans": [{"Node Type": "Merge Join", "Parent Relationship": "Outer", "Parallel Aware": false, "Join Type": "Inner", "Startup Cost": 23.16, "Total Cost": 518469.28, "Plan Rows": 3123137, "Plan Width": 0, "Actual Startup Time": 0.142, "Actual Total Time": 9451.033, "Actual Rows": 6951968, "Actual Loops": 1, "Inner Unique": false, "Merge Cond": "(t.id = mi.movie_id)", "Shared Hit Blocks": 6938966, "Shared Read Blocks": 70772, "Shared Dirtied Blocks": 0, "Shared Written Blocks": 0, "Local Hit Blocks": 0, "Local Read Blocks": 0, "Local Dirtied Blocks": 0, "Local Written Blocks": 0, "Temp Read Blocks": 0, "Temp Written Blocks": 0, "I/O Read Time": 1307.182, "I/O Write Time": 0.0, "Plans": [{"Node Type": "Index Scan", "Parent Relationship": "Outer", "Parallel Aware": false, "Scan Direction": "Forward", "Index Name": "title_pkey", "Relation Name": "title", "Schema": "public", "Alias": "t", "Startup Cost": 0.43, "Total Cost": 122991.14, "Plan Rows": 532911, "Plan Width": 4, "Actual Startup Time": 0.111, "Actual Total Time": 3306.528, "Actual Rows": 608735, "Actual Loops": 1, "Output": ["t.id", "t.title", "t.imdb_index", "t.kind_id", "t.production_year", "t.imdb_id", "t.phonetic_code", "t.episode_of_id", "t.season_nr", "t.episode_nr", "t.series_years", "t.md5sum"], "Filter": "((t.kind_id < 7) AND (t.production_year < 2005))", "Rows Removed by Filter": 1917699, "Shared Hit Blocks": 2488462, "Shared Read Blocks": 44940, "Shared Dirtied Blocks": 0, "Shared Written Blocks": 0, "Local Hit Blocks": 0, "Local Read Blocks": 0, "Local Dirtied Blocks": 0, "Local Written Blocks": 0, "Temp Read Blocks": 0, "Temp Written Blocks": 0, "I/O Read Time": 1130.689, "I/O Write Time": 0.0}, {"Node Type": "Index Only Scan", "Parent Relationship": "Inner", "Parallel Aware": false, "Scan Direction": "Forward", "Index Name": "movie_id_movie_info", "Relation Name": "movie_info", "Schema": "public", "Alias": "mi", "Startup Cost": 0.43, "Total Cost": 325993.18, "Plan Rows": 14818450, "Plan Width": 4, "Actual Startup Time": 0.029, "Actual Total Time": 3857.265, "Actual Rows": 14835720, "Actual Loops": 1, "Output": ["mi.movie_id"], "Heap Fetches": 0, "Shared Hit Blocks": 4450504, "Shared Read Blocks": 25832, "Shared Dirtied Blocks": 0, "Shared Written Blocks": 0, "Local Hit Blocks": 0, "Local Read Blocks": 0, "Local Dirtied Blocks": 0, "Local Written Blocks": 0, "Temp Read Blocks": 0, "Temp Written Blocks": 0, "I/O Read Time": 176.493, "I/O Write Time": 0.0}]}]}, "Planning": {"Shared Hit Blocks": 101, "Shared Read Blocks": 30, "Shared Dirtied Blocks": 0, "Shared Written Blocks": 0, "Local Hit Blocks": 0, "Local Read Blocks": 0, "Local Dirtied Blocks": 0, "Local Written Blocks": 0, "Temp Read Blocks": 0, "Temp Written Blocks": 0, "I/O Read Time": 2.202, "I/O Write Time": 0.0}, "Planning Time": 3.303, "Triggers": [], "Execution Time": 10241.547}, "template": "scale", "query": "EXPLAIN (ANALYZE, COSTS, BUFFERS, VERBOSE, FORMAT JSON) SELECT COUNT(*) FROM title t,movie_info mi WHERE t.id=mi.movie_id AND t.kind_id<7 AND t.production_year<2005;"}
{"planinfo": {"Plan": {"Node Type": "Aggregate", "Strategy": "Plain", "Partial Mode": "Simple", "Parallel Aware": false, "Startup Cost": 3055.81, "Total Cost": 3055.82, "Plan Rows": 1, "Plan Width": 8, "Actual Startup Time": 12.61, "Actual Total Time": 12.611, "Actual Rows": 1, "Actual Loops": 1, "Output": ["count(*)"], "Shared Hit Blocks": 62, "Shared Read Blocks": 136, "Shared Dirtied Blocks": 0, "Shared Written Blocks": 0, "Local Hit Blocks": 0, "Local Read Blocks": 0, "Local Dirtied Blocks": 0, "Local Written Blocks": 0, "Temp Read Blocks": 0, "Temp Written Blocks": 0, "I/O Read Time": 12.103, "I/O Write Time": 0.0, "Plans": [{"Node Type": "Nested Loop", "Parent Relationship": "Outer", "Parallel Aware": false, "Join Type": "Inner", "Startup Cost": 0.86, "Total Cost": 3055.26, "Plan Rows": 217, "Plan Width": 0, "Actual Startup Time": 0.683, "Actual Total Time": 12.593, "Actual Rows": 38, "Actual Loops": 1, "Inner Unique": true, "Shared Hit Blocks": 62, "Shared Read Blocks": 136, "Shared Dirtied Blocks": 0, "Shared Written Blocks": 0, "Local Hit Blocks": 0, "Local Read Blocks": 0, "Local Dirtied Blocks": 0, "Local Written Blocks": 0, "Temp Read Blocks": 0, "Temp Written Blocks": 0, "I/O Read Time": 12.103, "I/O Write Time": 0.0, "Plans": [{"Node Type": "Index Scan", "Parent Relationship": "Outer", "Parallel Aware": false, "Scan Direction": "Forward", "Index Name": "keyword_id_movie_keyword", "Relation Name": "movie_keyword", "Schema": "public", "Alias": "mk", "Startup Cost": 0.43, "Total Cost": 988.56, "Plan Rows": 246, "Plan Width": 4, "Actual Startup Time": 0.38, "Actual Total Time": 3.832, "Actual Rows": 39, "Actual Loops": 1, "Output": ["mk.id", "mk.movie_id", "mk.keyword_id"], "Index Cond": "(mk.keyword_id = 14698)", "Rows Removed by Index Recheck": 0, "Shared Hit Blocks": 0, "Shared Read Blocks": 42, "Shared Dirtied Blocks": 0, "Shared Written Blocks": 0, "Local Hit Blocks": 0, "Local Read Blocks": 0, "Local Dirtied Blocks": 0, "Local Written Blocks": 0, "Temp Read Blocks": 0, "Temp Written Blocks": 0, "I/O Read Time": 3.724, "I/O Write Time": 0.0}, {"Node Type": "Index Scan", "Parent Relationship": "Inner", "Parallel Aware": false, "Scan Direction": "Forward", "Index Name": "title_pkey", "Relation Name": "title", "Schema": "public", "Alias": "t", "Startup Cost": 0.43, "Total Cost": 8.4, "Plan Rows": 1, "Plan Width": 4, "Actual Startup Time": 0.223, "Actual Total Time": 0.223, "Actual Rows": 1, "Actual Loops": 39, "Output": ["t.id", "t.title", "t.imdb_index", "t.kind_id", "t.production_year", "t.imdb_id", "t.phonetic_code", "t.episode_of_id", "t.season_nr", "t.episode_nr", "t.series_years", "t.md5sum"], "Index Cond": "(t.id = mk.movie_id)", "Rows Removed by Index Recheck": 0, "Filter": "(t.production_year < 2012)", "Rows Removed by Filter": 0, "Shared Hit Blocks": 62, "Shared Read Blocks": 94, "Shared Dirtied Blocks": 0, "Shared Written Blocks": 0, "Local Hit Blocks": 0, "Local Read Blocks": 0, "Local Dirtied Blocks": 0, "Local Written Blocks": 0, "Temp Read Blocks": 0, "Temp Written Blocks": 0, "I/O Read Time": 8.379, "I/O Write Time": 0.0}]}]}, "Planning": {"Shared Hit Blocks": 100, "Shared Read Blocks": 27, "Shared Dirtied Blocks": 0, "Shared Written Blocks": 0, "Local Hit Blocks": 0, "Local Read Blocks": 0, "Local Dirtied Blocks": 0, "Local Written Blocks": 0, "Temp Read Blocks": 0, "Temp Written Blocks": 0, "I/O Read Time": 1.966, "I/O Write Time": 0.0}, "Planning Time": 2.989, "Triggers": [], "Execution Time": 12.691}, "template": "scale", "query": "EXPLAIN (ANALYZE, COSTS, BUFFERS, VERBOSE, FORMAT JSON) SELECT COUNT(*) FROM title t,movie_keyword mk WHERE t.id=mk.movie_id AND t.production_year<2012 AND mk.keyword_id=14698;"}
{"planinfo": {"Plan": {"Node Type": "Aggregate", "Strategy": "Plain", "Partial Mode": "Simple", "Parallel Aware": false, "Startup Cost": 714339.41, "Total Cost": 714339.42, "Plan Rows": 1, "Plan Width": 8, "Actual Startup Time": 26915.896, "Actual Total Time": 26915.9, "Actual Rows": 1, "Actual Loops": 1, "Output": ["count(*)"], "Shared Hit Blocks": 3, "Shared Read Blocks": 222445, "Shared Dirtied Blocks": 0, "Shared Written Blocks": 0, "Local Hit Blocks": 0, "Local Read Blocks": 0, "Local Dirtied Blocks": 0, "Local Written Blocks": 0, "Temp Read Blocks": 34645, "Temp Written Blocks": 34645, "I/O Read Time": 440.191, "I/O Write Time": 0.0, "Plans": [{"Node Type": "Hash Join", "Parent Relationship": "Outer", "Parallel Aware": false, "Join Type": "Inner", "Startup Cost": 234941.22, "Total Cost": 704941.35, "Plan Rows": 3759225, "Plan Width": 0, "Actual Startup Time": 4208.881, "Actual Total Time": 20941.626, "Actual Rows": 60614648, "Actual Loops": 1, "Inner Unique": false, "Hash Cond": "(mi.movie_id = t.id)", "Shared Hit Blocks": 3, "Shared Read Blocks": 222445, "Shared Dirtied Blocks": 0, "Shared Written Blocks": 0, "Local Hit Blocks": 0, "Local Read Blocks": 0, "Local Dirtied Blocks": 0, "Local Written Blocks": 0, "Temp Read Blocks": 34645, "Temp Written Blocks": 34645, "I/O Read Time": 440.191, "I/O Write Time": 0.0, "Plans": [{"Node Type": "Seq Scan", "Parent Relationship": "Outer", "Parallel Aware": false, "Relation Name": "movie_info", "Schema": "public", "Alias": "mi", "Startup Cost": 0.0, "Total Cost": 347223.62, "Plan Rows": 6179452, "Plan Width": 4, "Actual Startup Time": 169.614, "Actual Total Time": 3172.999, "Actual Rows": 6223494, "Actual Loops": 1, "Output": ["mi.movie_id"], "Filter": "(mi.info_type_id > 8)", "Rows Removed by Filter": 8612226, "Shared Hit Blocks": 0, "Shared Read Blocks": 161993, "Shared Dirtied Blocks": 0, "Shared Written Blocks": 0, "Local Hit Blocks": 0, "Local Read Blocks": 0, "Local Dirtied Blocks": 0, "Local Written Blocks": 0, "Temp Read Blocks": 0, "Temp Written Blocks": 0, "I/O Read Time": 259.144, "I/O Write Time": 0.0}, {"Node Type": "Hash", "Parent Relationship": "Inner", "Parallel Aware": false, "Startup Cost": 209704.63, "Total Cost": 209704.63, "Plan Rows": 1538207, "Plan Width": 8, "Actual Startup Time": 4032.908, "Actual Total Time": 4032.911, "Actual Rows": 1544988, "Actual Loops": 1, "Output": ["t.id", "mk.movie_id"], "Hash Buckets": 131072, "Original Hash Buckets": 131072, "Hash Batches": 32, "Original Hash Batches": 32, "Peak Memory Usage": 2897, "Shared Hit Blocks": 0, "Shared Read Blocks": 60452, "Shared Dirtied Blocks": 0, "Shared Written Blocks": 0, "Local Hit Blocks": 0, "Local Read Blocks": 0, "Local Dirtied Blocks": 0, "Local Written Blocks": 0, "Temp Read Blocks": 11813, "Temp Written Blocks": 16916, "I/O Read Time": 181.047, "I/O Write Time": 0.0, "Plans": [{"Node Type": "Hash Join", "Parent Relationship": "Outer", "Parallel Aware": false, "Join Type": "Inner", "Startup Cost": 102767.7, "Total Cost": 209704.63, "Plan Rows": 1538207, "Plan Width": 8, "Actual Startup Time": 1277.81, "Actual Total Time": 3559.869, "Actual Rows": 1544988, "Actual Loops": 1, "Output": ["t.id", "mk.movie_id"], "Inner Unique": true, "Hash Cond": "(mk.movie_id = t.id)", "Shared Hit Blocks": 0, "Shared Read Blocks": 60452, "Shared Dirtied Blocks": 0, "Shared Written Blocks": 0, "Local Hit Blocks": 0, "Local Read Blocks": 0, "Local Dirtied Blocks": 0, "Local Written Blocks": 0, "Temp Read Blocks": 11813, "Temp Written Blocks": 11813, "I/O Read Time": 181.047, "I/O Write Time": 0.0, "Plans": [{"Node Type": "Seq Scan", "Parent Relationship": "Outer", "Parallel Aware": false, "Relation Name": "movie_keyword", "Schema": "public", "Alias": "mk", "Startup Cost": 0.0, "Total Cost": 81003.12, "Plan Rows": 1538207, "Plan Width": 4, "Actual Startup Time": 5.17, "Actual Total Time": 953.726, "Actual Rows": 1544988, "Actual Loops": 1, "Output": ["mk.movie_id"], "Filter": "(mk.keyword_id > 10225)", "Rows Removed by Filter": 2978942, "Shared Hit Blocks": 0, "Shared Read Blocks": 24454, "Shared Dirtied Blocks": 0, "Shared Written Blocks": 0, "Local Hit Blocks": 0, "Local Read Blocks": 0, "Local Dirtied Blocks": 0, "Local Written Blocks": 0, "Temp Read Blocks": 0, "Temp Written Blocks": 0, "I/O Read Time": 122.491, "I/O Write Time": 0.0}, {"Node Type": "Hash", "Parent Relationship": "Inner", "Parallel Aware": false, "Startup Cost": 61283.2, "Total Cost": 61283.2, "Plan Rows": 2528520, "Plan Width": 4, "Actual Startup Time": 1270.263, "Actual Total Time": 1270.264, "Actual Rows": 2528312, "Actual Loops": 1, "Output": ["t.id"], "Hash Buckets": 131072, "Original Hash Buckets": 131072, "Hash Batches": 64, "Original Hash Batches": 64, "Peak Memory Usage": 2415, "Shared Hit Blocks": 0, "Shared Read Blocks": 35998, "Shared Dirtied Blocks": 0, "Shared Written Blocks": 0, "Local Hit Blocks": 0, "Local Read Blocks": 0, "Local Dirtied Blocks": 0, "Local Written Blocks": 0, "Temp Read Blocks": 0, "Temp Written Blocks": 7262, "I/O Read Time": 58.556, "I/O Write Time": 0.0, "Plans": [{"Node Type": "Seq Scan", "Parent Relationship": "Outer", "Parallel Aware": false, "Relation Name": "title", "Schema": "public", "Alias": "t", "Startup Cost": 0.0, "Total Cost": 61283.2, "Plan Rows": 2528520, "Plan Width": 4, "Actual Startup Time": 0.143, "Actual Total Time": 543.086, "Actual Rows": 2528312, "Actual Loops": 1, "Output": ["t.id"], "Shared Hit Blocks": 0, "Shared Read Blocks": 35998, "Shared Dirtied Blocks": 0, "Shared Written Blocks": 0, "Local Hit Blocks": 0, "Local Read Blocks": 0, "Local Dirtied Blocks": 0, "Local Written Blocks": 0, "Temp Read Blocks": 0, "Temp Written Blocks": 0, "I/O Read Time": 58.556, "I/O Write Time": 0.0}]}]}]}]}]}, "Planning": {"Shared Hit Blocks": 189, "Shared Read Blocks": 40, "Shared Dirtied Blocks": 0, "Shared Written Blocks": 0, "Local Hit Blocks": 0, "Local Read Blocks": 0, "Local Dirtied Blocks": 0, "Local Written Blocks": 0, "Temp Read Blocks": 0, "Temp Written Blocks": 0, "I/O Read Time": 2.801, "I/O Write Time": 0.0}, "Planning Time": 4.411, "Triggers": [], "Execution Time": 26916.456}, "template": "scale", "query": "EXPLAIN (ANALYZE, COSTS, BUFFERS, VERBOSE, FORMAT JSON) SELECT COUNT(*) FROM title t,movie_info mi,movie_keyword mk WHERE t.id=mi.movie_id AND t.id=mk.movie_id AND mi.info_type_id>8 AND mk.keyword_id>10225;"}
{"planinfo": {"Plan": {"Node Type": "Aggregate", "Strategy": "Plain", "Partial Mode": "Simple", "Parallel Aware": false, "Startup Cost": 102270.89, "Total Cost": 102270.9, "Plan Rows": 1, "Plan Width": 8, "Actual Startup Time": 6390.83, "Actual Total Time": 6390.833, "Actual Rows": 1, "Actual Loops": 1, "Output": ["count(*)"], "Shared Hit Blocks": 240289, "Shared Read Blocks": 92142, "Shared Dirtied Blocks": 0, "Shared Written Blocks": 0, "Local Hit Blocks": 0, "Local Read Blocks": 0, "Local Dirtied Blocks": 0, "Local Written Blocks": 0, "Temp Read Blocks": 0, "Temp Written Blocks": 0, "I/O Read Time": 5482.266, "I/O Write Time": 0.0, "Plans": [{"Node Type": "Nested Loop", "Parent Relationship": "Outer", "Parallel Aware": false, "Join Type": "Inner", "Startup Cost": 1.73, "Total Cost": 102267.53, "Plan Rows": 1344, "Plan Width": 0, "Actual Startup Time": 329.071, "Actual Total Time": 6377.685, "Actual Rows": 84804, "Actual Loops": 1, "Inner Unique": false, "Join Filter": "(t.id = ci.movie_id)", "Rows Removed by Join Filter": 0, "Shared Hit Blocks": 240289, "Shared Read Blocks": 92142, "Shared Dirtied Blocks": 0, "Shared Written Blocks": 0, "Local Hit Blocks": 0, "Local Read Blocks": 0, "Local Dirtied Blocks": 0, "Local Written Blocks": 0, "Temp Read Blocks": 0, "Temp Written Blocks": 0, "I/O Read Time": 5482.266, "I/O Write Time": 0.0, "Plans": [{"Node Type": "Nested Loop", "Parent Relationship": "Outer", "Parallel Aware": false, "Join Type": "Inner", "Startup Cost": 1.29, "Total Cost": 101612.87, "Plan Rows": 242, "Plan Width": 16, "Actual Startup Time": 328.463, "Actual Total Time": 2633.395, "Actual Rows": 5143, "Actual Loops": 1, "Output": ["t.id", "mc.movie_id", "mi.movie_id", "mi_idx.movie_id"], "Inner Unique": false, "Join Filter": "(t.id = mi.movie_id)", "Rows Removed by Join Filter": 0, "Shared Hit Blocks": 64196, "Shared Read Blocks": 56847, "Shared Dirtied Blocks": 0, "Shared Written Blocks": 0, "Local Hit Blocks": 0, "Local Read Blocks": 0, "Local Dirtied Blocks": 0, "Local Written Blocks": 0, "Temp Read Blocks": 0, "Temp Written Blocks": 0, "I/O Read Time": 1997.739, "I/O Write Time": 0.0, "Plans": [{"Node Type": "Nested Loop", "Parent Relationship": "Outer", "Parallel Aware": false, "Join Type": "Inner", "Startup Cost": 0.86, "Total Cost": 100837.34, "Plan Rows": 438, "Plan Width": 12, "Actual Startup Time": 327.641, "Actual Total Time": 1189.186, "Actual Rows": 4143, "Actual Loops": 1, "Output": ["t.id", "mc.movie_id", "mi_idx.movie_id"], "Inner Unique": false, "Join Filter": "(t.id = mc.movie_id)", "Rows Removed by Join Filter": 0, "Shared Hit Blocks": 16219, "Shared Read Blocks": 43126, "Shared Dirtied Blocks": 0, "Shared Written Blocks": 0, "Local Hit Blocks": 0, "Local Read Blocks": 0, "Local Dirtied Blocks": 0, "Local Written Blocks": 0, "Temp Read Blocks": 0, "Temp Written Blocks": 0, "I/O Read Time": 676.266, "I/O Write Time": 0.0, "Plans": [{"Node Type": "Nested Loop", "Parent Relationship": "Outer", "Parallel Aware": false, "Join Type": "Inner", "Startup Cost": 0.43, "Total Cost": 100250.19, "Plan Rows": 745, "Plan Width": 8, "Actual Startup Time": 327.301, "Actual Total Time": 814.836, "Actual Rows": 1896, "Actual Loops": 1, "Output": ["t.id", "mi_idx.movie_id"], "Inner Unique": false, "Shared Hit Blocks": 11546, "Shared Read Blocks": 39515, "Shared Dirtied Blocks": 0, "Shared Written Blocks": 0, "Local Hit Blocks": 0, "Local Read Blocks": 0, "Local Dirtied Blocks": 0, "Local Written Blocks": 0, "Temp Read Blocks": 0, "Temp Written Blocks": 0, "I/O Read Time": 321.932, "I/O Write Time": 0.0, "Plans": [{"Node Type": "Seq Scan", "Parent Relationship": "Outer", "Parallel Aware": false, "Relation Name": "title", "Schema": "public", "Alias": "t", "Startup Cost": 0.0, "Total Cost": 73925.8, "Plan Rows": 4088, "Plan Width": 4, "Actual Startup Time": 290.695, "Actual Total Time": 530.057, "Actual Rows": 4382, "Actual Loops": 1, "Output": ["t.id", "t.title", "t.imdb_index", "t.kind_id", "t.production_year", "t.imdb_id", "t.phonetic_code", "t.episode_of_id", "t.season_nr", "t.episode_nr", "t.series_years", "t.md5sum"], "Filter": "((t.kind_id = 1) AND (t.production_year = 1979))", "Rows Removed by Filter": 2523930, "Shared Hit Blocks": 0, "Shared Read Blocks": 35998, "Shared Dirtied Blocks": 0, "Shared Written Blocks": 0, "Local Hit Blocks": 0, "Local Read Blocks": 0, "Local Dirtied Blocks": 0, "Local Written Blocks": 0, "Temp Read Blocks": 0, "Temp Written Blocks": 0, "I/O Read Time": 68.096, "I/O Write Time": 0.0}, {"Node Type": "Index Scan", "Parent Relationship": "Inner", "Parallel Aware": false, "Scan Direction": "Forward", "Index Name": "movie_id_movie_info_idx", "Relation Name": "movie_info_idx", "Schema": "public", "Alias": "mi_idx", "Startup Cost": 0.43, "Total Cost": 6.43, "Plan Rows": 1, "Plan Width": 4, "Actual Startup Time": 0.064, "Actual Total Time": 0.064, "Actual Rows": 0, "Actual Loops": 4382, "Output": ["mi_idx.id", "mi_idx.movie_id", "mi_idx.info_type_id", "mi_idx.info", "mi_idx.note"], "Index Cond": "(mi_idx.movie_id = t.id)", "Rows Removed by Index Recheck": 0, "Filter": "(mi_idx.info_type_id = 101)", "Rows Removed by Filter": 1, "Shared Hit Blocks": 11546, "Shared Read Blocks": 3517, "Shared Dirtied Blocks": 0, "Shared Written Blocks": 0, "Local Hit Blocks": 0, "Local Read Blocks": 0, "Local Dirtied Blocks": 0, "Local Written Blocks": 0, "Temp Read Blocks": 0, "Temp Written Blocks": 0, "I/O Read Time": 253.837, "I/O Write Time": 0.0}]}, {"Node Type": "Index Scan", "Parent Relationship": "Inner", "Parallel Aware": false, "Scan Direction": "Forward", "Index Name": "movie_id_movie_companies", "Relation Name": "movie_companies", "Schema": "public", "Alias": "mc", "Startup Cost": 0.43, "Total Cost": 0.75, "Plan Rows": 3, "Plan Width": 4, "Actual Startup Time": 0.159, "Actual Total Time": 0.196, "Actual Rows": 2, "Actual Loops": 1896, "Output": ["mc.id", "mc.movie_id", "mc.company_id", "mc.company_type_id", "mc.note"], "Index Cond": "(mc.movie_id = mi_idx.movie_id)", "Rows Removed by Index Recheck": 0, "Filter": "(mc.company_id > 8488)", "Rows Removed by Filter": 1, "Shared Hit Blocks": 4673, "Shared Read Blocks": 3611, "Shared Dirtied Blocks": 0, "Shared Written Blocks": 0, "Local Hit Blocks": 0, "Local Read Blocks": 0, "Local Dirtied Blocks": 0, "Local Written Blocks": 0, "Temp Read Blocks": 0, "Temp Written Blocks": 0, "I/O Read Time": 354.333, "I/O Write Time": 0.0}]}, {"Node Type": "Index Scan", "Parent Relationship": "Inner", "Parallel Aware": false, "Scan Direction": "Forward", "Index Name": "movie_id_movie_info", "Relation Name": "movie_info", "Schema": "public", "Alias": "mi", "Startup Cost": 0.43, "Total Cost": 1.72, "Plan Rows": 4, "Plan Width": 4, "Actual Startup Time": 0.317, "Actual Total Time": 0.347, "Actual Rows": 1, "Actual Loops": 4143, "Output": ["mi.id", "mi.movie_id", "mi.info_type_id", "mi.info", "mi.note"], "Index Cond": "(mi.movie_id = mc.movie_id)", "Rows Removed by Index Recheck": 0, "Filter": "(mi.info_type_id = 8)", "Rows Removed by Filter": 42, "Shared Hit Blocks": 47977, "Shared Read Blocks": 13721, "Shared Dirtied Blocks": 0, "Shared Written Blocks": 0, "Local Hit Blocks": 0, "Local Read Blocks": 0, "Local Dirtied Blocks": 0, "Local Written Blocks": 0, "Temp Read Blocks": 0, "Temp Written Blocks": 0, "I/O Read Time": 1321.473, "I/O Write Time": 0.0}]}, {"Node Type": "Index Scan", "Parent Relationship": "Inner", "Parallel Aware": false, "Scan Direction": "Forward", "Index Name": "movie_id_cast_info", "Relation Name": "cast_info", "Schema": "public", "Alias": "ci", "Startup Cost": 0.44, "Total Cost": 2.53, "Plan Rows": 14, "Plan Width": 4, "Actual Startup Time": 0.358, "Actual Total Time": 0.724, "Actual Rows": 16, "Actual Loops": 5143, "Output": ["ci.id", "ci.person_id", "ci.movie_id", "ci.person_role_id", "ci.note", "ci.nr_order", "ci.role_id"], "Index Cond": "(ci.movie_id = mc.movie_id)", "Rows Removed by Index Recheck": 0, "Filter": "((ci.person_id > 1502694) AND (ci.role_id > 1))", "Rows Removed by Filter": 23, "Shared Hit Blocks": 176093, "Shared Read Blocks": 35295, "Shared Dirtied Blocks": 0, "Shared Written Blocks": 0, "Local Hit Blocks": 0, "Local Read Blocks": 0, "Local Dirtied Blocks": 0, "Local Written Blocks": 0, "Temp Read Blocks": 0, "Temp Written Blocks": 0, "I/O Read Time": 3484.527, "I/O Write Time": 0.0}]}]}, "Planning": {"Shared Hit Blocks": 492, "Shared Read Blocks": 65, "Shared Dirtied Blocks": 0, "Shared Written Blocks": 0, "Local Hit Blocks": 0, "Local Read Blocks": 0, "Local Dirtied Blocks": 0, "Local Written Blocks": 0, "Temp Read Blocks": 0, "Temp Written Blocks": 0, "I/O Read Time": 5.211, "I/O Write Time": 0.0}, "Planning Time": 9.828, "Triggers": [], "Execution Time": 6391.004}, "template": "scale", "query": "EXPLAIN (ANALYZE, COSTS, BUFFERS, VERBOSE, FORMAT JSON) SELECT COUNT(*) FROM title t,movie_companies mc,cast_info ci,movie_info mi,movie_info_idx mi_idx WHERE t.id=mc.movie_id AND t.id=ci.movie_id AND t.id=mi.movie_id AND t.id=mi_idx.movie_id AND t.kind_id=1 AND t.production_year=1979 AND mc.company_id>8488 AND ci.person_id>1502694 AND ci.role_id>1 AND mi.info_type_id=8 AND mi_idx.info_type_id=101;"}
{"planinfo": {"Plan": {"Node Type": "Aggregate", "Strategy": "Plain", "Partial Mode": "Simple", "Parallel Aware": false, "Startup Cost": 98615.87, "Total Cost": 98615.88, "Plan Rows": 1, "Plan Width": 8, "Actual Startup Time": 1098.72, "Actual Total Time": 1098.723, "Actual Rows": 1, "Actual Loops": 1, "Output": ["count(*)"], "Shared Hit Blocks": 7070, "Shared Read Blocks": 47415, "Shared Dirtied Blocks": 0, "Shared Written Blocks": 0, "Local Hit Blocks": 0, "Local Read Blocks": 0, "Local Dirtied Blocks": 0, "Local Written Blocks": 0, "Temp Read Blocks": 0, "Temp Written Blocks": 0, "I/O Read Time": 302.248, "I/O Write Time": 0.0, "Plans": [{"Node Type": "Nested Loop", "Parent Relationship": "Outer", "Parallel Aware": false, "Join Type": "Inner", "Startup Cost": 67786.14, "Total Cost": 98615.08, "Plan Rows": 316, "Plan Width": 0, "Actual Startup Time": 637.958, "Actual Total Time": 1098.37, "Actual Rows": 1613, "Actual Loops": 1, "Inner Unique": false, "Join Filter": "(t.id = mk.movie_id)", "Rows Removed by Join Filter": 0, "Shared Hit Blocks": 7070, "Shared Read Blocks": 47415, "Shared Dirtied Blocks": 0, "Shared Written Blocks": 0, "Local Hit Blocks": 0, "Local Read Blocks": 0, "Local Dirtied Blocks": 0, "Local Written Blocks": 0, "Temp Read Blocks": 0, "Temp Written Blocks": 0, "I/O Read Time": 302.248, "I/O Write Time": 0.0, "Plans": [{"Node Type": "Hash Join", "Parent Relationship": "Outer", "Parallel Aware": false, "Join Type": "Inner", "Startup Cost": 67785.71, "Total Cost": 94181.34, "Plan Rows": 2643, "Plan Width": 8, "Actual Startup Time": 511.827, "Actual Total Time": 877.904, "Actual Rows": 2891, "Actual Loops": 1, "Output": ["t.id", "mi_idx.movie_id"], "Inner Unique": true, "Hash Cond": "(mi_idx.movie_id = t.id)", "Shared Hit Blocks": 3, "Shared Read Blocks": 43933, "Shared Dirtied Blocks": 0, "Shared Written Blocks": 0, "Local Hit Blocks": 0, "Local Read Blocks": 0, "Local Dirtied Blocks": 0, "Local Written Blocks": 0, "Temp Read Blocks": 0, "Temp Written Blocks": 0, "I/O Read Time": 108.665, "I/O Write Time": 0.0, "Plans": [{"Node Type": "Seq Scan", "Parent Relationship": "Outer", "Parallel Aware": false, "Relation Name": "movie_info_idx", "Schema": "public", "Alias": "mi_idx", "Startup Cost": 0.0, "Total Cost": 25185.44, "Plan Rows": 461024, "Plan Width": 4, "Actual Startup Time": 0.122, "Actual Total Time": 277.578, "Actual Rows": 460185, "Actual Loops": 1, "Output": ["mi_idx.id", "mi_idx.movie_id", "mi_idx.info_type_id", "mi_idx.info", "mi_idx.note"], "Filter": "(mi_idx.info_type_id > 100)", "Rows Removed by Filter": 919850, "Shared Hit Blocks": 0, "Shared Read Blocks": 7935, "Shared Dirtied Blocks": 0, "Shared Written Blocks": 0, "Local Hit Blocks": 0, "Local Read Blocks": 0, "Local Dirtied Blocks": 0, "Local Written Blocks": 0, "Temp Read Blocks": 0, "Temp Written Blocks": 0, "I/O Read Time": 41.064, "I/O Write Time": 0.0}, {"Node Type": "Hash", "Parent Relationship": "Inner", "Parallel Aware": false, "Startup Cost": 67604.5, "Total Cost": 67604.5, "Plan Rows": 14497, "Plan Width": 4, "Actual Startup Time": 511.055, "Actual Total Time": 511.056, "Actual Rows": 15000, "Actual Loops": 1, "Output": ["t.id"], "Hash Buckets": 16384, "Original Hash Buckets": 16384, "Hash Batches": 1, "Original Hash Batches": 1, "Peak Memory Usage": 656, "Shared Hit Blocks": 0, "Shared Read Blocks": 35998, "Shared Dirtied Blocks": 0, "Shared Written Blocks": 0, "Local Hit Blocks": 0, "Local Read Blocks": 0, "Local Dirtied Blocks": 0, "Local Written Blocks": 0, "Temp Read Blocks": 0, "Temp Written Blocks": 0, "I/O Read Time": 67.601, "I/O Write Time": 0.0, "Plans": [{"Node Type": "Seq Scan", "Parent Relationship": "Outer", "Parallel Aware": false, "Relation Name": "title", "Schema": "public", "Alias": "t", "Startup Cost": 0.0, "Total Cost": 67604.5, "Plan Rows": 14497, "Plan Width": 4, "Actual Startup Time": 0.155, "Actual Total Time": 504.51, "Actual Rows": 15000, "Actual Loops": 1, "Output": ["t.id"], "Filter": "(t.production_year = 1970)", "Rows Removed by Filter": 2513312, "Shared Hit Blocks": 0, "Shared Read Blocks": 35998, "Shared Dirtied Blocks": 0, "Shared Written Blocks": 0, "Local Hit Blocks": 0, "Local Read Blocks": 0, "Local Dirtied Blocks": 0, "Local Written Blocks": 0, "Temp Read Blocks": 0, "Temp Written Blocks": 0, "I/O Read Time": 67.601, "I/O Write Time": 0.0}]}]}, {"Node Type": "Index Scan", "Parent Relationship": "Inner", "Parallel Aware": false, "Scan Direction": "Forward", "Index Name": "movie_id_movie_keyword", "Relation Name": "movie_keyword", "Schema": "public", "Alias": "mk", "Startup Cost": 0.43, "Total Cost": 1.64, "Plan Rows": 3, "Plan Width": 4, "Actual Startup Time": 0.072, "Actual Total Time": 0.075, "Actual Rows": 1, "Actual Loops": 2891, "Output": ["mk.id", "mk.movie_id", "mk.keyword_id"], "Index Cond": "(mk.movie_id = mi_idx.movie_id)", "Rows Removed by Index Recheck": 0, "Filter": "(mk.keyword_id > 54529)", "Rows Removed by Filter": 8, "Shared Hit Blocks": 7067, "Shared Read Blocks": 3482, "Shared Dirtied Blocks": 0, "Shared Written Blocks": 0, "Local Hit Blocks": 0, "Local Read Blocks": 0, "Local Dirtied Blocks": 0, "Local Written Blocks": 0, "Temp Read Blocks": 0, "Temp Written Blocks": 0, "I/O Read Time": 193.583, "I/O Write Time": 0.0}]}]}, "Planning": {"Shared Hit Blocks": 192, "Shared Read Blocks": 36, "Shared Dirtied Blocks": 0, "Shared Written Blocks": 0, "Local Hit Blocks": 0, "Local Read Blocks": 0, "Local Dirtied Blocks": 0, "Local Written Blocks": 0, "Temp Read Blocks": 0, "Temp Written Blocks": 0, "I/O Read Time": 2.603, "I/O Write Time": 0.0}, "Planning Time": 4.128, "Triggers": [], "Execution Time": 1098.85}, "template": "scale", "query": "EXPLAIN (ANALYZE, COSTS, BUFFERS, VERBOSE, FORMAT JSON) SELECT COUNT(*) FROM title t,movie_info_idx mi_idx,movie_keyword mk WHERE t.id=mi_idx.movie_id AND t.id=mk.movie_id AND t.production_year=1970 AND mi_idx.info_type_id>100 AND mk.keyword_id>54529;"}
{"planinfo": {"Plan": {"Node Type": "Aggregate", "Strategy": "Plain", "Partial Mode": "Simple", "Parallel Aware": false, "Startup Cost": 450524.92, "Total Cost": 450524.93, "Plan Rows": 1, "Plan Width": 8, "Actual Startup Time": 4285.093, "Actual Total Time": 4285.095, "Actual Rows": 1, "Actual Loops": 1, "Output": ["count(*)"], "Shared Hit Blocks": 3, "Shared Read Blocks": 197991, "Shared Dirtied Blocks": 0, "Shared Written Blocks": 0, "Local Hit Blocks": 0, "Local Read Blocks": 0, "Local Dirtied Blocks": 0, "Local Written Blocks": 0, "Temp Read Blocks": 5570, "Temp Written Blocks": 5570, "I/O Read Time": 341.544, "I/O Write Time": 0.0, "Plans": [{"Node Type": "Hash Join", "Parent Relationship": "Outer", "Parallel Aware": false, "Join Type": "Inner", "Startup Cost": 91942.43, "Total Cost": 449839.6, "Plan Rows": 274130, "Plan Width": 0, "Actual Startup Time": 2726.445, "Actual Total Time": 4248.357, "Actual Rows": 363871, "Actual Loops": 1, "Inner Unique": true, "Hash Cond": "(mi.movie_id = t.id)", "Shared Hit Blocks": 3, "Shared Read Blocks": 197991, "Shared Dirtied Blocks": 0, "Shared Written Blocks": 0, "Local Hit Blocks": 0, "Local Read Blocks": 0, "Local Dirtied Blocks": 0, "Local Written Blocks": 0, "Temp Read Blocks": 5570, "Temp Written Blocks": 5570, "I/O Read Time": 341.544, "I/O Write Time": 0.0, "Plans": [{"Node Type": "Seq Scan", "Parent Relationship": "Outer", "Parallel Aware": false, "Relation Name": "movie_info", "Schema": "public", "Alias": "mi", "Startup Cost": 0.0, "Total Cost": 347223.62, "Plan Rows": 467256, "Plan Width": 4, "Actual Startup Time": 1533.371, "Actual Total Time": 2687.772, "Actual Rows": 465636, "Actual Loops": 1, "Output": ["mi.movie_id"], "Filter": "(mi.info_type_id > 103)", "Rows Removed by Filter": 14370084, "Shared Hit Blocks": 0, "Shared Read Blocks": 161993, "Shared Dirtied Blocks": 0, "Shared Written Blocks": 0, "Local Hit Blocks": 0, "Local Read Blocks": 0, "Local Dirtied Blocks": 0, "Local Written Blocks": 0, "Temp Read Blocks": 0, "Temp Written Blocks": 0, "I/O Read Time": 285.1, "I/O Write Time": 0.0}, {"Node Type": "Hash", "Parent Relationship": "Inner", "Parallel Aware": false, "Startup Cost": 67604.5, "Total Cost": 67604.5, "Plan Rows": 1483434, "Plan Width": 4, "Actual Startup Time": 1111.471, "Actual Total Time": 1111.472, "Actual Rows": 1485030, "Actual Loops": 1, "Output": ["t.id"], "Hash Buckets": 131072, "Original Hash Buckets": 131072, "Hash Batches": 32, "Original Hash Batches": 32, "Peak Memory Usage": 2655, "Shared Hit Blocks": 0, "Shared Read Blocks": 35998, "Shared Dirtied Blocks": 0, "Shared Written Blocks": 0, "Local Hit Blocks": 0, "Local Read Blocks": 0, "Local Dirtied Blocks": 0, "Local Written Blocks": 0, "Temp Read Blocks": 0, "Temp Written Blocks": 4196, "I/O Read Time": 56.444, "I/O Write Time": 0.0, "Plans": [{"Node Type": "Seq Scan", "Parent Relationship": "Outer", "Parallel Aware": false, "Relation Name": "title", "Schema": "public", "Alias": "t", "Startup Cost": 0.0, "Total Cost": 67604.5, "Plan Rows": 1483434, "Plan Width": 4, "Actual Startup Time": 0.178, "Actual Total Time": 653.638, "Actual Rows": 1485030, "Actual Loops": 1, "Output": ["t.id"], "Filter": "(t.production_year > 1998)", "Rows Removed by Filter": 1043282, "Shared Hit Blocks": 0, "Shared Read Blocks": 35998, "Shared Dirtied Blocks": 0, "Shared Written Blocks": 0, "Local Hit Blocks": 0, "Local Read Blocks": 0, "Local Dirtied Blocks": 0, "Local Written Blocks": 0, "Temp Read Blocks": 0, "Temp Written Blocks": 0, "I/O Read Time": 56.444, "I/O Write Time": 0.0}]}]}]}, "Planning": {"Shared Hit Blocks": 105, "Shared Read Blocks": 33, "Shared Dirtied Blocks": 0, "Shared Written Blocks": 0, "Local Hit Blocks": 0, "Local Read Blocks": 0, "Local Dirtied Blocks": 0, "Local Written Blocks": 0, "Temp Read Blocks": 0, "Temp Written Blocks": 0, "I/O Read Time": 2.412, "I/O Write Time": 0.0}, "Planning Time": 3.388, "Triggers": [], "Execution Time": 4285.259}, "template": "scale", "query": "EXPLAIN (ANALYZE, COSTS, BUFFERS, VERBOSE, FORMAT JSON) SELECT COUNT(*) FROM title t,movie_info mi WHERE t.id=mi.movie_id AND t.production_year>1998 AND mi.info_type_id>103;"}
{"planinfo": {"Plan": {"Node Type": "Aggregate", "Strategy": "Plain", "Partial Mode": "Simple", "Parallel Aware": false, "Startup Cost": 871796.54, "Total Cost": 871796.55, "Plan Rows": 1, "Plan Width": 8, "Actual Startup Time": 48313.788, "Actual Total Time": 48313.794, "Actual Rows": 1, "Actual Loops": 1, "Output": ["count(*)"], "Shared Hit Blocks": 3, "Shared Read Blocks": 173342, "Shared Dirtied Blocks": 0, "Shared Written Blocks": 0, "Local Hit Blocks": 0, "Local Read Blocks": 0, "Local Dirtied Blocks": 0, "Local Written Blocks": 0, "Temp Read Blocks": 66724, "Temp Written Blocks": 66724, "I/O Read Time": 731.637, "I/O Write Time": 0.0, "Plans": [{"Node Type": "Hash Join", "Parent Relationship": "Outer", "Parallel Aware": false, "Join Type": "Inner", "Startup Cost": 330300.44, "Total Cost": 862616.14, "Plan Rows": 3672159, "Plan Width": 0, "Actual Startup Time": 10448.252, "Actual Total Time": 37703.091, "Actual Rows": 107808154, "Actual Loops": 1, "Inner Unique": false, "Hash Cond": "(ci.movie_id = t.id)", "Shared Hit Blocks": 3, "Shared Read Blocks": 173342, "Shared Dirtied Blocks": 0, "Shared Written Blocks": 0, "Local Hit Blocks": 0, "Local Read Blocks": 0, "Local Dirtied Blocks": 0, "Local Written Blocks": 0, "Temp Read Blocks": 66724, "Temp Written Blocks": 66724, "I/O Read Time": 731.637, "I/O Write Time": 0.0, "Plans": [{"Node Type": "Index Scan", "Parent Relationship": "Outer", "Parallel Aware": false, "Scan Direction": "Forward", "Index Name": "role_id_cast_info", "Relation Name": "cast_info", "Schema": "public", "Alias": "ci", "Startup Cost": 0.44, "Total Cost": 372468.34, "Plan Rows": 10266726, "Plan Width": 4, "Actual Startup Time": 1537.371, "Actual Total Time": 5285.621, "Actual Rows": 8131295, "Actual Loops": 1, "Output": ["ci.movie_id"], "Index Cond": "(ci.role_id < 2)", "Rows Removed by Index Recheck": 0, "Filter": "(ci.person_id > 607862)", "Rows Removed by Filter": 4539393, "Shared Hit Blocks": 0, "Shared Read Blocks": 94100, "Shared Dirtied Blocks": 0, "Shared Written Blocks": 0, "Local Hit Blocks": 0, "Local Read Blocks": 0, "Local Dirtied Blocks": 0, "Local Written Blocks": 0, "Temp Read Blocks": 0, "Temp Written Blocks": 0, "I/O Read Time": 457.555, "I/O Write Time": 0.0}, {"Node Type": "Hash", "Parent Relationship": "Inner", "Parallel Aware": false, "Startup Cost": 314579.12, "Total Cost": 314579.12, "Plan Rows": 904390, "Plan Width": 12, "Actual Startup Time": 8908.302, "Actual Total Time": 8908.307, "Actual Rows": 6122711, "Actual Loops": 1, "Output": ["t.id", "mc.movie_id", "mk.movie_id"], "Hash Buckets": 131072, "Original Hash Buckets": 131072, "Hash Batches": 32, "Original Hash Batches": 16, "Peak Memory Usage": 9207, "Shared Hit Blocks": 0, "Shared Read Blocks": 79242, "Shared Dirtied Blocks": 0, "Shared Written Blocks": 0, "Local Hit Blocks": 0, "Local Read Blocks": 0, "Local Dirtied Blocks": 0, "Local Written Blocks": 0, "Temp Read Blocks": 20443, "Temp Written Blocks": 43601, "I/O Read Time": 274.082, "I/O Write Time": 0.0, "Plans": [{"Node Type": "Hash Join", "Parent Relationship": "Outer", "Parallel Aware": false, "Join Type": "Inner", "Startup Cost": 228838.17, "Total Cost": 314579.12, "Plan Rows": 904390, "Plan Width": 12, "Actual Startup Time": 3830.678, "Actual Total Time": 6882.526, "Actual Rows": 6122711, "Actual Loops": 1, "Output": ["t.id", "mc.movie_id", "mk.movie_id"], "Inner Unique": false, "Hash Cond": "(mc.movie_id = t.id)", "Shared Hit Blocks": 0, "Shared Read Blocks": 79242, "Shared Dirtied Blocks": 0, "Shared Written Blocks": 0, "Local Hit Blocks": 0, "Local Read Blocks": 0, "Local Dirtied Blocks": 0, "Local Written Blocks": 0, "Temp Read Blocks": 20443, "Temp Written Blocks": 20443, "I/O Read Time": 274.082, "I/O Write Time": 0.0, "Plans": [{"Node Type": "Seq Scan", "Parent Relationship": "Outer", "Parallel Aware": false, "Relation Name": "movie_companies", "Schema": "public", "Alias": "mc", "Startup Cost": 0.0, "Total Cost": 51404.11, "Plan Rows": 1744517, "Plan Width": 4, "Actual Startup Time": 6.653, "Actual Total Time": 649.219, "Actual Rows": 1734502, "Actual Loops": 1, "Output": ["mc.movie_id"], "Filter": "(mc.company_id > 2561)", "Rows Removed by Filter": 874627, "Shared Hit Blocks": 0, "Shared Read Blocks": 18790, "Shared Dirtied Blocks": 0, "Shared Written Blocks": 0, "Local Hit Blocks": 0, "Local Read Blocks": 0, "Local Dirtied Blocks": 0, "Local Written Blocks": 0, "Temp Read Blocks": 0, "Temp Written Blocks": 0, "I/O Read Time": 93.926, "I/O Write Time": 0.0}, {"Node Type": "Hash", "Parent Relationship": "Inner", "Parallel Aware": false, "Startup Cost": 207331.77, "Total Cost": 207331.77, "Plan Rows": 1310832, "Plan Width": 8, "Actual Startup Time": 3822.959, "Actual Total Time": 3822.961, "Actual Rows": 1312699, "Actual Loops": 1, "Output": ["t.id", "mk.movie_id"], "Hash Buckets": 131072, "Original Hash Buckets": 131072, "Hash Batches": 32, "Original Hash Batches": 32, "Peak Memory Usage": 2623, "Shared Hit Blocks": 0, "Shared Read Blocks": 60452, "Shared Dirtied Blocks": 0, "Shared Written Blocks": 0, "Local Hit Blocks": 0, "Local Read Blocks": 0, "Local Dirtied Blocks": 0, "Local Written Blocks": 0, "Temp Read Blocks": 11141, "Temp Written Blocks": 15474, "I/O Read Time": 180.156, "I/O Write Time": 0.0, "Plans": [{"Node Type": "Hash Join", "Parent Relationship": "Outer", "Parallel Aware": false, "Join Type": "Inner", "Startup Cost": 102767.7, "Total Cost": 207331.77, "Plan Rows": 1310832, "Plan Width": 8, "Actual Startup Time": 1281.231, "Actual Total Time": 3420.484, "Actual Rows": 1312699, "Actual Loops": 1, "Output": ["t.id", "mk.movie_id"], "Inner Unique": true, "Hash Cond": "(mk.movie_id = t.id)", "Shared Hit Blocks": 0, "Shared Read Blocks": 60452, "Shared Dirtied Blocks": 0, "Shared Written Blocks": 0, "Local Hit Blocks": 0, "Local Read Blocks": 0, "Local Dirtied Blocks": 0, "Local Written Blocks": 0, "Temp Read Blocks": 11141, "Temp Written Blocks": 11141, "I/O Read Time": 180.156, "I/O Write Time": 0.0, "Plans": [{"Node Type": "Seq Scan", "Parent Relationship": "Outer", "Parallel Aware": false, "Relation Name": "movie_keyword", "Schema": "public", "Alias": "mk", "Startup Cost": 0.0, "Total Cost": 81003.12, "Plan Rows": 1310832, "Plan Width": 4, "Actual Startup Time": 0.5, "Actual Total Time": 939.035, "Actual Rows": 1312699, "Actual Loops": 1, "Output": ["mk.movie_id"], "Filter": "(mk.keyword_id < 1724)", "Rows Removed by Filter": 3211231, "Shared Hit Blocks": 0, "Shared Read Blocks": 24454, "Shared Dirtied Blocks": 0, "Shared Written Blocks": 0, "Local Hit Blocks": 0, "Local Read Blocks": 0, "Local Dirtied Blocks": 0, "Local Written Blocks": 0, "Temp Read Blocks": 0, "Temp Written Blocks": 0, "I/O Read Time": 122.794, "I/O Write Time": 0.0}, {"Node Type": "Hash", "Parent Relationship": "Inner", "Parallel Aware": false, "Startup Cost": 61283.2, "Total Cost": 61283.2, "Plan Rows": 2528520, "Plan Width": 4, "Actual Startup Time": 1279.72, "Actual Total Time": 1279.721, "Actual Rows": 2528312, "Actual Loops": 1, "Output": ["t.id"], "Hash Buckets": 131072, "Original Hash Buckets": 131072, "Hash Batches": 64, "Original Hash Batches": 64, "Peak Memory Usage": 2415, "Shared Hit Blocks": 0, "Shared Read Blocks": 35998, "Shared Dirtied Blocks": 0, "Shared Written Blocks": 0, "Local Hit Blocks": 0, "Local Read Blocks": 0, "Local Dirtied Blocks": 0, "Local Written Blocks": 0, "Temp Read Blocks": 0, "Temp Written Blocks": 7262, "I/O Read Time": 57.362, "I/O Write Time": 0.0, "Plans": [{"Node Type": "Seq Scan", "Parent Relationship": "Outer", "Parallel Aware": false, "Relation Name": "title", "Schema": "public", "Alias": "t", "Startup Cost": 0.0, "Total Cost": 61283.2, "Plan Rows": 2528520, "Plan Width": 4, "Actual Startup Time": 0.143, "Actual Total Time": 546.42, "Actual Rows": 2528312, "Actual Loops": 1, "Output": ["t.id"], "Shared Hit Blocks": 0, "Shared Read Blocks": 35998, "Shared Dirtied Blocks": 0, "Shared Written Blocks": 0, "Local Hit Blocks": 0, "Local Read Blocks": 0, "Local Dirtied Blocks": 0, "Local Written Blocks": 0, "Temp Read Blocks": 0, "Temp Written Blocks": 0, "I/O Read Time": 57.362, "I/O Write Time": 0.0}]}]}]}]}]}]}]}, "Planning": {"Shared Hit Blocks": 335, "Shared Read Blocks": 53, "Shared Dirtied Blocks": 0, "Shared Written Blocks": 0, "Local Hit Blocks": 0, "Local Read Blocks": 0, "Local Dirtied Blocks": 0, "Local Written Blocks": 0, "Temp Read Blocks": 0, "Temp Written Blocks": 0, "I/O Read Time": 4.335, "I/O Write Time": 0.0}, "Planning Time": 7.358, "Triggers": [], "Execution Time": 48315.361}, "template": "scale", "query": "EXPLAIN (ANALYZE, COSTS, BUFFERS, VERBOSE, FORMAT JSON) SELECT COUNT(*) FROM title t,movie_companies mc,cast_info ci,movie_keyword mk WHERE t.id=mc.movie_id AND t.id=ci.movie_id AND t.id=mk.movie_id AND mc.company_id>2561 AND ci.person_id>607862 AND ci.role_id<2 AND mk.keyword_id<1724;"}
{"planinfo": {"Plan": {"Node Type": "Aggregate", "Strategy": "Plain", "Partial Mode": "Simple", "Parallel Aware": false, "Startup Cost": 576670.49, "Total Cost": 576670.5, "Plan Rows": 1, "Plan Width": 8, "Actual Startup Time": 8927.296, "Actual Total Time": 8927.299, "Actual Rows": 1, "Actual Loops": 1, "Output": ["count(*)"], "Shared Hit Blocks": 4597133, "Shared Read Blocks": 45835, "Shared Dirtied Blocks": 0, "Shared Written Blocks": 0, "Local Hit Blocks": 0, "Local Read Blocks": 0, "Local Dirtied Blocks": 0, "Local Written Blocks": 0, "Temp Read Blocks": 1095, "Temp Written Blocks": 1107, "I/O Read Time": 386.285, "I/O Write Time": 0.0, "Plans": [{"Node Type": "Merge Join", "Parent Relationship": "Outer", "Parallel Aware": false, "Join Type": "Inner", "Startup Cost": 95993.34, "Total Cost": 570768.73, "Plan Rows": 2360707, "Plan Width": 0, "Actual Startup Time": 983.397, "Actual Total Time": 8457.156, "Actual Rows": 3927958, "Actual Loops": 1, "Inner Unique": false, "Merge Cond": "(t.id = mi.movie_id)", "Shared Hit Blocks": 4597133, "Shared Read Blocks": 45835, "Shared Dirtied Blocks": 0, "Shared Written Blocks": 0, "Local Hit Blocks": 0, "Local Read Blocks": 0, "Local Dirtied Blocks": 0, "Local Written Blocks": 0, "Temp Read Blocks": 1095, "Temp Written Blocks": 1107, "I/O Read Time": 386.285, "I/O Write Time": 0.0, "Plans": [{"Node Type": "Merge Join", "Parent Relationship": "Outer", "Parallel Aware": false, "Join Type": "Inner", "Startup Cost": 95970.61, "Total Cost": 183203.81, "Plan Rows": 402815, "Plan Width": 8, "Actual Startup Time": 983.363, "Actual Total Time": 2508.536, "Actual Rows": 637488, "Actual Loops": 1, "Output": ["t.id", "ci.movie_id"], "Inner Unique": false, "Merge Cond": "(t.id = ci.movie_id)", "Shared Hit Blocks": 23441, "Shared Read Blocks": 20003, "Shared Dirtied Blocks": 0, "Shared Written Blocks": 0, "Local Hit Blocks": 0, "Local Read Blocks": 0, "Local Dirtied Blocks": 0, "Local Written Blocks": 0, "Temp Read Blocks": 1095, "Temp Written Blocks": 1107, "I/O Read Time": 213.748, "I/O Write Time": 0.0, "Plans": [{"Node Type": "Index Only Scan", "Parent Relationship": "Outer", "Parallel Aware": false, "Scan Direction": "Forward", "Index Name": "title_pkey", "Relation Name": "title", "Schema": "public", "Alias": "t", "Startup Cost": 0.43, "Total Cost": 73940.23, "Plan Rows": 2528520, "Plan Width": 4, "Actual Startup Time": 0.018, "Actual Total Time": 556.296, "Actual Rows": 2525976, "Actual Loops": 1, "Output": ["t.id"], "Heap Fetches": 0, "Shared Hit Blocks": 23441, "Shared Read Blocks": 8963, "Shared Dirtied Blocks": 0, "Shared Written Blocks": 0, "Local Hit Blocks": 0, "Local Read Blocks": 0, "Local Dirtied Blocks": 0, "Local Written Blocks": 0, "Temp Read Blocks": 0, "Temp Written Blocks": 0, "I/O Read Time": 156.134, "I/O Write Time": 0.0}, {"Node Type": "Materialize", "Parent Relationship": "Inner", "Parallel Aware": false, "Startup Cost": 95969.93, "Total Cost": 97984.0, "Plan Rows": 402815, "Plan Width": 4, "Actual Startup Time": 983.339, "Actual Total Time": 1339.35, "Actual Rows": 637488, "Actual Loops": 1, "Output": ["ci.movie_id"], "Shared Hit Blocks": 0, "Shared Read Blocks": 11040, "Shared Dirtied Blocks": 0, "Shared Written Blocks": 0, "Local Hit Blocks": 0, "Local Read Blocks": 0, "Local Dirtied Blocks": 0, "Local Written Blocks": 0, "Temp Read Blocks": 1095, "Temp Written Blocks": 1107, "I/O Read Time": 57.614, "I/O Write Time": 0.0, "Plans": [{"Node Type": "Sort", "Parent Relationship": "Outer", "Parallel Aware": false, "Startup Cost": 95969.93, "Total Cost": 96976.97, "Plan Rows": 402815, "Plan Width": 4, "Actual Startup Time": 983.334, "Actual Total Time": 1149.428, "Actual Rows": 637488, "Actual Loops": 1, "Output": ["ci.movie_id"], "Sort Key": ["ci.movie_id"], "Sort Method": "external merge", "Sort Space Used": 8760, "Sort Space Type": "Disk", "Shared Hit Blocks": 0, "Shared Read Blocks": 11040, "Shared Dirtied Blocks": 0, "Shared Written Blocks": 0, "Local Hit Blocks": 0, "Local Read Blocks": 0, "Local Dirtied Blocks": 0, "Local Written Blocks": 0, "Temp Read Blocks": 1095, "Temp Written Blocks": 1107, "I/O Read Time": 57.614, "I/O Write Time": 0.0, "Plans": [{"Node Type": "Index Scan", "Parent Relationship": "Outer", "Parallel Aware": false, "Scan Direction": "Forward", "Index Name": "role_id_cast_info", "Relation Name": "cast_info", "Schema": "public", "Alias": "ci", "Startup Cost": 0.44, "Total Cost": 52959.34, "Plan Rows": 402815, "Plan Width": 4, "Actual Startup Time": 0.526, "Actual Total Time": 669.024, "Actual Rows": 637488, "Actual Loops": 1, "Output": ["ci.movie_id"], "Index Cond": "(ci.role_id = 8)", "Rows Removed by Index Recheck": 0, "Filter": "(ci.person_id > 2861977)", "Rows Removed by Filter": 1066055, "Shared Hit Blocks": 0, "Shared Read Blocks": 11040, "Shared Dirtied Blocks": 0, "Shared Written Blocks": 0, "Local Hit Blocks": 0, "Local Read Blocks": 0, "Local Dirtied Blocks": 0, "Local Written Blocks": 0, "Temp Read Blocks": 0, "Temp Written Blocks": 0, "I/O Read Time": 57.614, "I/O Write Time": 0.0}]}]}]}, {"Node Type": "Index Only Scan", "Parent Relationship": "Inner", "Parallel Aware": false, "Scan Direction": "Forward", "Index Name": "movie_id_movie_info", "Relation Name": "movie_info", "Schema": "public", "Alias": "mi", "Startup Cost": 0.43, "Total Cost": 325993.18, "Plan Rows": 14818450, "Plan Width": 4, "Actual Startup Time": 0.03, "Actual Total Time": 3903.18, "Actual Rows": 15222425, "Actual Loops": 1, "Output": ["mi.movie_id"], "Heap Fetches": 0, "Shared Hit Blocks": 4573692, "Shared Read Blocks": 25832, "Shared Dirtied Blocks": 0, "Shared Written Blocks": 0, "Local Hit Blocks": 0, "Local Read Blocks": 0, "Local Dirtied Blocks": 0, "Local Written Blocks": 0, "Temp Read Blocks": 0, "Temp Written Blocks": 0, "I/O Read Time": 172.537, "I/O Write Time": 0.0}]}]}, "Planning": {"Shared Hit Blocks": 207, "Shared Read Blocks": 43, "Shared Dirtied Blocks": 0, "Shared Written Blocks": 0, "Local Hit Blocks": 0, "Local Read Blocks": 0, "Local Dirtied Blocks": 0, "Local Written Blocks": 0, "Temp Read Blocks": 0, "Temp Written Blocks": 0, "I/O Read Time": 3.411, "I/O Write Time": 0.0}, "Planning Time": 5.375, "Triggers": [], "Execution Time": 8928.043}, "template": "scale", "query": "EXPLAIN (ANALYZE, COSTS, BUFFERS, VERBOSE, FORMAT JSON) SELECT COUNT(*) FROM title t,cast_info ci,movie_info mi WHERE t.id=ci.movie_id AND t.id=mi.movie_id AND ci.person_id>2861977 AND ci.role_id=8;"}
{"planinfo": {"Plan": {"Node Type": "Aggregate", "Strategy": "Plain", "Partial Mode": "Simple", "Parallel Aware": false, "Startup Cost": 1313543.99, "Total Cost": 1313544.0, "Plan Rows": 1, "Plan Width": 8, "Actual Startup Time": 62063.537, "Actual Total Time": 62063.543, "Actual Rows": 1, "Actual Loops": 1, "Output": ["count(*)"], "Shared Hit Blocks": 23449, "Shared Read Blocks": 290613, "Shared Dirtied Blocks": 0, "Shared Written Blocks": 0, "Local Hit Blocks": 0, "Local Read Blocks": 0, "Local Dirtied Blocks": 0, "Local Written Blocks": 0, "Temp Read Blocks": 81634, "Temp Written Blocks": 81634, "I/O Read Time": 687.899, "I/O Write Time": 0.0, "Plans": [{"Node Type": "Hash Join", "Parent Relationship": "Outer", "Parallel Aware": false, "Join Type": "Inner", "Startup Cost": 295926.42, "Total Cost": 1294662.59, "Plan Rows": 7552561, "Plan Width": 0, "Actual Startup Time": 6454.308, "Actual Total Time": 48225.285, "Actual Rows": 140436498, "Actual Loops": 1, "Inner Unique": false, "Hash Cond": "(ci.movie_id = t.id)", "Shared Hit Blocks": 23449, "Shared Read Blocks": 290613, "Shared Dirtied Blocks": 0, "Shared Written Blocks": 0, "Local Hit Blocks": 0, "Local Read Blocks": 0, "Local Dirtied Blocks": 0, "Local Written Blocks": 0, "Temp Read Blocks": 81634, "Temp Written Blocks": 81634, "I/O Read Time": 687.899, "I/O Write Time": 0.0, "Plans": [{"Node Type": "Seq Scan", "Parent Relationship": "Outer", "Parallel Aware": false, "Relation Name": "cast_info", "Schema": "public", "Alias": "ci", "Startup Cost": 0.0, "Total Cost": 706360.9, "Plan Rows": 18314052, "Plan Width": 4, "Actual Startup Time": 0.213, "Actual Total Time": 7962.649, "Actual Rows": 18633819, "Actual Loops": 1, "Output": ["ci.movie_id"], "Filter": "(ci.person_id < 1855596)", "Rows Removed by Filter": 17610525, "Shared Hit Blocks": 0, "Shared Read Blocks": 252687, "Shared Dirtied Blocks": 0, "Shared Written Blocks": 0, "Local Hit Blocks": 0, "Local Read Blocks": 0, "Local Dirtied Blocks": 0, "Local Written Blocks": 0, "Temp Read Blocks": 0, "Temp Written Blocks": 0, "I/O Read Time": 406.955, "I/O Write Time": 0.0}, {"Node Type": "Hash", "Parent Relationship": "Inner", "Parallel Aware": false, "Startup Cost": 277800.17, "Total Cost": 277800.17, "Plan Rows": 1042740, "Plan Width": 12, "Actual Startup Time": 6446.369, "Actual Total Time": 6446.374, "Actual Rows": 4430340, "Actual Loops": 1, "Output": ["t.id", "mi_idx.movie_id", "mk.movie_id"], "Hash Buckets": 131072, "Original Hash Buckets": 131072, "Hash Batches": 128, "Original Hash Batches": 32, "Peak Memory Usage": 3073, "Shared Hit Blocks": 23446, "Shared Read Blocks": 37926, "Shared Dirtied Blocks": 0, "Shared Written Blocks": 0, "Local Hit Blocks": 0, "Local Read Blocks": 0, "Local Dirtied Blocks": 0, "Local Written Blocks": 0, "Temp Read Blocks": 10048, "Temp Written Blocks": 27147, "I/O Read Time": 280.943, "I/O Write Time": 0.0, "Plans": [{"Node Type": "Hash Join", "Parent Relationship": "Outer", "Parallel Aware": false, "Join Type": "Inner", "Startup Cost": 158888.18, "Total Cost": 277800.17, "Plan Rows": 1042740, "Plan Width": 12, "Actual Startup Time": 1856.328, "Actual Total Time": 4963.347, "Actual Rows": 4430340, "Actual Loops": 1, "Output": ["t.id", "mi_idx.movie_id", "mk.movie_id"], "Inner Unique": false, "Hash Cond": "(mk.movie_id = t.id)", "Shared Hit Blocks": 23446, "Shared Read Blocks": 37926, "Shared Dirtied Blocks": 0, "Shared Written Blocks": 0, "Local Hit Blocks": 0, "Local Read Blocks": 0, "Local Dirtied Blocks": 0, "Local Written Blocks": 0, "Temp Read Blocks": 10048, "Temp Written Blocks": 10048, "I/O Read Time": 280.943, "I/O Write Time": 0.0, "Plans": [{"Node Type": "Seq Scan", "Parent Relationship": "Outer", "Parallel Aware": false, "Relation Name": "movie_keyword", "Schema": "public", "Alias": "mk", "Startup Cost": 0.0, "Total Cost": 81003.12, "Plan Rows": 1910524, "Plan Width": 4, "Actual Startup Time": 3.395, "Actual Total Time": 1001.271, "Actual Rows": 1920153, "Actual Loops": 1, "Output": ["mk.movie_id"], "Filter": "(mk.keyword_id > 7024)", "Rows Removed by Filter": 2603777, "Shared Hit Blocks": 0, "Shared Read Blocks": 24454, "Shared Dirtied Blocks": 0, "Shared Written Blocks": 0, "Local Hit Blocks": 0, "Local Read Blocks": 0, "Local Dirtied Blocks": 0, "Local Written Blocks": 0, "Temp Read Blocks": 0, "Temp Written Blocks": 0, "I/O Read Time": 123.783, "I/O Write Time": 0.0}, {"Node Type": "Hash", "Parent Relationship": "Inner", "Parallel Aware": false, "Startup Cost": 136246.74, "Total Cost": 136246.74, "Plan Rows": 1380035, "Plan Width": 8, "Actual Startup Time": 1851.54, "Actual Total Time": 1851.543, "Actual Rows": 1380035, "Actual Loops": 1, "Output": ["t.id", "mi_idx.movie_id"], "Hash Buckets": 131072, "Original Hash Buckets": 131072, "Hash Batches": 32, "Original Hash Batches": 32, "Peak Memory Usage": 2708, "Shared Hit Blocks": 23446, "Shared Read Blocks": 13472, "Shared Dirtied Blocks": 0, "Shared Written Blocks": 0, "Local Hit Blocks": 0, "Local Read Blocks": 0, "Local Dirtied Blocks": 0, "Local Written Blocks": 0, "Temp Read Blocks": 0, "Temp Written Blocks": 4554, "I/O Read Time": 157.161, "I/O Write Time": 0.0, "Plans": [{"Node Type": "Merge Join", "Parent Relationship": "Outer", "Parallel Aware": false, "Join Type": "Inner", "Startup Cost": 9.94, "Total Cost": 136246.74, "Plan Rows": 1380035, "Plan Width": 8, "Actual Startup Time": 0.055, "Actual Total Time": 1384.847, "Actual Rows": 1380035, "Actual Loops": 1, "Output": ["t.id", "mi_idx.movie_id"], "Inner Unique": false, "Merge Cond": "(t.id = mi_idx.movie_id)", "Shared Hit Blocks": 23446, "Shared Read Blocks": 13472, "Shared Dirtied Blocks": 0, "Shared Written Blocks": 0, "Local Hit Blocks": 0, "Local Read Blocks": 0, "Local Dirtied Blocks": 0, "Local Written Blocks": 0, "Temp Read Blocks": 0, "Temp Written Blocks": 0, "I/O Read Time": 157.161, "I/O Write Time": 0.0, "Plans": [{"Node Type": "Index Only Scan", "Parent Relationship": "Outer", "Parallel Aware": false, "Scan Direction": "Forward", "Index Name": "title_pkey", "Relation Name": "title", "Schema": "public", "Alias": "t", "Startup Cost": 0.43, "Total Cost": 73940.23, "Plan Rows": 2528520, "Plan Width": 4, "Actual Startup Time": 0.026, "Actual Total Time": 538.698, "Actual Rows": 2525794, "Actual Loops": 1, "Output": ["t.id"], "Heap Fetches": 0, "Shared Hit Blocks": 23441, "Shared Read Blocks": 8963, "Shared Dirtied Blocks": 0, "Shared Written Blocks": 0, "Local Hit Blocks": 0, "Local Read Blocks": 0, "Local Dirtied Blocks": 0, "Local Written Blocks": 0, "Temp Read Blocks": 0, "Temp Written Blocks": 0, "I/O Read Time": 132.371, "I/O Write Time": 0.0}, {"Node Type": "Index Only Scan", "Parent Relationship": "Inner", "Parallel Aware": false, "Scan Direction": "Forward", "Index Name": "movie_id_movie_info_idx", "Relation Name": "movie_info_idx", "Schema": "public", "Alias": "mi_idx", "Startup Cost": 0.43, "Total Cost": 38816.95, "Plan Rows": 1380035, "Plan Width": 4, "Actual Startup Time": 0.025, "Actual Total Time": 261.283, "Actual Rows": 1380035, "Actual Loops": 1, "Output": ["mi_idx.movie_id"], "Heap Fetches": 0, "Shared Hit Blocks": 5, "Shared Read Blocks": 4509, "Shared Dirtied Blocks": 0, "Shared Written Blocks": 0, "Local Hit Blocks": 0, "Local Read Blocks": 0, "Local Dirtied Blocks": 0, "Local Written Blocks": 0, "Temp Read Blocks": 0, "Temp Written Blocks": 0, "I/O Read Time": 24.79, "I/O Write Time": 0.0}]}]}]}]}]}]}, "Planning": {"Shared Hit Blocks": 320, "Shared Read Blocks": 50, "Shared Dirtied Blocks": 0, "Shared Written Blocks": 0, "Local Hit Blocks": 0, "Local Read Blocks": 0, "Local Dirtied Blocks": 0, "Local Written Blocks": 0, "Temp Read Blocks": 0, "Temp Written Blocks": 0, "I/O Read Time": 3.858, "I/O Write Time": 0.0}, "Planning Time": 6.485, "Triggers": [], "Execution Time": 62064.021}, "template": "scale", "query": "EXPLAIN (ANALYZE, COSTS, BUFFERS, VERBOSE, FORMAT JSON) SELECT COUNT(*) FROM title t,cast_info ci,movie_info_idx mi_idx,movie_keyword mk WHERE t.id=ci.movie_id AND t.id=mi_idx.movie_id AND t.id=mk.movie_id AND ci.person_id<1855596 AND mk.keyword_id>7024;"}
{"planinfo": {"Plan": {"Node Type": "Aggregate", "Strategy": "Plain", "Partial Mode": "Simple", "Parallel Aware": false, "Startup Cost": 666855.56, "Total Cost": 666855.57, "Plan Rows": 1, "Plan Width": 8, "Actual Startup Time": 6917.352, "Actual Total Time": 6917.353, "Actual Rows": 1, "Actual Loops": 1, "Output": ["count(*)"], "Shared Hit Blocks": 0, "Shared Read Blocks": 22554, "Shared Dirtied Blocks": 0, "Shared Written Blocks": 0, "Local Hit Blocks": 0, "Local Read Blocks": 0, "Local Dirtied Blocks": 0, "Local Written Blocks": 0, "Temp Read Blocks": 0, "Temp Written Blocks": 0, "I/O Read Time": 117.125, "I/O Write Time": 0.0, "Plans": [{"Node Type": "Index Only Scan", "Parent Relationship": "Outer", "Parallel Aware": false, "Scan Direction": "Forward", "Index Name": "role_id_cast_info", "Relation Name": "cast_info", "Schema": "public", "Alias": "ci", "Startup Cost": 0.44, "Total Cost": 594815.17, "Plan Rows": 28816156, "Plan Width": 0, "Actual Startup Time": 0.305, "Actual Total Time": 4120.28, "Actual Rows": 28808107, "Actual Loops": 1, "Output": ["role_id"], "Index Cond": "(ci.role_id < 8)", "Rows Removed by Index Recheck": 0, "Heap Fetches": 0, "Shared Hit Blocks": 0, "Shared Read Blocks": 22554, "Shared Dirtied Blocks": 0, "Shared Written Blocks": 0, "Local Hit Blocks": 0, "Local Read Blocks": 0, "Local Dirtied Blocks": 0, "Local Written Blocks": 0, "Temp Read Blocks": 0, "Temp Written Blocks": 0, "I/O Read Time": 117.125, "I/O Write Time": 0.0}]}, "Planning": {"Shared Hit Blocks": 68, "Shared Read Blocks": 13, "Shared Dirtied Blocks": 0, "Shared Written Blocks": 0, "Local Hit Blocks": 0, "Local Read Blocks": 0, "Local Dirtied Blocks": 0, "Local Written Blocks": 0, "Temp Read Blocks": 0, "Temp Written Blocks": 0, "I/O Read Time": 0.953, "I/O Write Time": 0.0}, "Planning Time": 1.484, "Triggers": [], "Execution Time": 6917.405}, "template": "scale", "query": "EXPLAIN (ANALYZE, COSTS, BUFFERS, VERBOSE, FORMAT JSON) SELECT COUNT(*) FROM cast_info ci WHERE ci.role_id<8;"}
{"planinfo": {"Plan": {"Node Type": "Aggregate", "Strategy": "Plain", "Partial Mode": "Simple", "Parallel Aware": false, "Startup Cost": 356549.27, "Total Cost": 356549.28, "Plan Rows": 1, "Plan Width": 8, "Actual Startup Time": 19274.783, "Actual Total Time": 19274.79, "Actual Rows": 1, "Actual Loops": 1, "Output": ["count(*)"], "Shared Hit Blocks": 36379, "Shared Read Blocks": 58037, "Shared Dirtied Blocks": 0, "Shared Written Blocks": 0, "Local Hit Blocks": 0, "Local Read Blocks": 0, "Local Dirtied Blocks": 0, "Local Written Blocks": 0, "Temp Read Blocks": 22108, "Temp Written Blocks": 22108, "I/O Read Time": 411.158, "I/O Write Time": 0.0, "Plans": [{"Node Type": "Hash Join", "Parent Relationship": "Outer", "Parallel Aware": false, "Join Type": "Inner", "Startup Cost": 223076.75, "Total Cost": 354896.01, "Plan Rows": 661305, "Plan Width": 0, "Actual Startup Time": 4214.732, "Actual Total Time": 14920.507, "Actual Rows": 44243491, "Actual Loops": 1, "Inner Unique": false, "Hash Cond": "(mk.movie_id = t.id)", "Shared Hit Blocks": 36379, "Shared Read Blocks": 58037, "Shared Dirtied Blocks": 0, "Shared Written Blocks": 0, "Local Hit Blocks": 0, "Local Read Blocks": 0, "Local Dirtied Blocks": 0, "Local Written Blocks": 0, "Temp Read Blocks": 22108, "Temp Written Blocks": 22108, "I/O Read Time": 411.158, "I/O Write Time": 0.0, "Plans": [{"Node Type": "Seq Scan", "Parent Relationship": "Outer", "Parallel Aware": false, "Relation Name": "movie_keyword", "Schema": "public", "Alias": "mk", "Startup Cost": 0.0, "Total Cost": 81003.12, "Plan Rows": 3628288, "Plan Width": 4, "Actual Startup Time": 0.403, "Actual Total Time": 1137.982, "Actual Rows": 3627913, "Actual Loops": 1, "Output": ["mk.movie_id"], "Filter": "(mk.keyword_id > 845)", "Rows Removed by Filter": 896017, "Shared Hit Blocks": 0, "Shared Read Blocks": 24454, "Shared Dirtied Blocks": 0, "Shared Written Blocks": 0, "Local Hit Blocks": 0, "Local Read Blocks": 0, "Local Dirtied Blocks": 0, "Local Written Blocks": 0, "Temp Read Blocks": 0, "Temp Written Blocks": 0, "I/O Read Time": 141.52, "I/O Write Time": 0.0}, {"Node Type": "Hash", "Parent Relationship": "Inner", "Parallel Aware": false, "Startup Cost": 215065.04, "Total Cost": 215065.04, "Plan Rows": 460857, "Plan Width": 12, "Actual Startup Time": 4212.828, "Actual Total Time": 4212.833, "Actual Rows": 1549014, "Actual Loops": 1, "Output": ["t.id", "mc.movie_id", "mi_idx.movie_id"], "Hash Buckets": 131072, "Original Hash Buckets": 131072, "Hash Batches": 16, "Original Hash Batches": 8, "Peak Memory Usage": 5151, "Shared Hit Blocks": 36376, "Shared Read Blocks": 33583, "Shared Dirtied Blocks": 0, "Shared Written Blocks": 0, "Local Hit Blocks": 0, "Local Read Blocks": 0, "Local Dirtied Blocks": 0, "Local Written Blocks": 0, "Temp Read Blocks": 6466, "Temp Written Blocks": 12134, "I/O Read Time": 269.638, "I/O Write Time": 0.0, "Plans": [{"Node Type": "Hash Join", "Parent Relationship": "Outer", "Parallel Aware": false, "Join Type": "Inner", "Startup Cost": 157115.45, "Total Cost": 215065.04, "Plan Rows": 460857, "Plan Width": 12, "Actual Startup Time": 2096.616, "Actual Total Time": 3699.503, "Actual Rows": 1549014, "Actual Loops": 1, "Output": ["t.id", "mc.movie_id", "mi_idx.movie_id"], "Inner Unique": false, "Hash Cond": "(mc.movie_id = t.id)", "Shared Hit Blocks": 36376, "Shared Read Blocks": 33583, "Shared Dirtied Blocks": 0, "Shared Written Blocks": 0, "Local Hit Blocks": 0, "Local Read Blocks": 0, "Local Dirtied Blocks": 0, "Local Written Blocks": 0, "Temp Read Blocks": 6466, "Temp Written Blocks": 6466, "I/O Read Time": 269.638, "I/O Write Time": 0.0, "Plans": [{"Node Type": "Index Scan", "Parent Relationship": "Outer", "Parallel Aware": false, "Scan Direction": "Forward", "Index Name": "company_type_id_movie_companies", "Relation Name": "movie_companies", "Schema": "public", "Alias": "mc", "Startup Cost": 0.43, "Total Cost": 35143.45, "Plan Rows": 1261601, "Plan Width": 4, "Actual Startup Time": 0.288, "Actual Total Time": 522.55, "Actual Rows": 1274246, "Actual Loops": 1, "Output": ["mc.movie_id"], "Index Cond": "(mc.company_type_id < 2)", "Rows Removed by Index Recheck": 0, "Shared Hit Blocks": 0, "Shared Read Blocks": 12176, "Shared Dirtied Blocks": 0, "Shared Written Blocks": 0, "Local Hit Blocks": 0, "Local Read Blocks": 0, "Local Dirtied Blocks": 0, "Local Written Blocks": 0, "Temp Read Blocks": 0, "Temp Written Blocks": 0, "I/O Read Time": 62.931, "I/O Write Time": 0.0}, {"Node Type": "Hash", "Parent Relationship": "Inner", "Parallel Aware": false, "Startup Cost": 141960.31, "Total Cost": 141960.31, "Plan Rows": 923657, "Plan Width": 8, "Actual Startup Time": 2095.707, "Actual Total Time": 2095.71, "Actual Rows": 920110, "Actual Loops": 1, "Output": ["t.id", "mi_idx.movie_id"], "Hash Buckets": 131072, "Original Hash Buckets": 131072, "Hash Batches": 16, "Original Hash Batches": 16, "Peak Memory Usage": 3269, "Shared Hit Blocks": 36376, "Shared Read Blocks": 21407, "Shared Dirtied Blocks": 0, "Shared Written Blocks": 0, "Local Hit Blocks": 0, "Local Read Blocks": 0, "Local Dirtied Blocks": 0, "Local Written Blocks": 0, "Temp Read Blocks": 0, "Temp Written Blocks": 2942, "I/O Read Time": 206.707, "I/O Write Time": 0.0, "Plans": [{"Node Type": "Merge Join", "Parent Relationship": "Outer", "Parallel Aware": false, "Join Type": "Inner", "Startup Cost": 9.94, "Total Cost": 141960.31, "Plan Rows": 923657, "Plan Width": 8, "Actual Startup Time": 0.17, "Actual Total Time": 1743.347, "Actual Rows": 920110, "Actual Loops": 1, "Output": ["t.id", "mi_idx.movie_id"], "Inner Unique": false, "Merge Cond": "(t.id = mi_idx.movie_id)", "Shared Hit Blocks": 36376, "Shared Read Blocks": 21407, "Shared Dirtied Blocks": 0, "Shared Written Blocks": 0, "Local Hit Blocks": 0, "Local Read Blocks": 0, "Local Dirtied Blocks": 0, "Local Written Blocks": 0, "Temp Read Blocks": 0, "Temp Written Blocks": 0, "I/O Read Time": 206.707, "I/O Write Time": 0.0, "Plans": [{"Node Type": "Index Only Scan", "Parent Relationship": "Outer", "Parallel Aware": false, "Scan Direction": "Forward", "Index Name": "title_pkey", "Relation Name": "title", "Schema": "public", "Alias": "t", "Startup Cost": 0.43, "Total Cost": 73940.23, "Plan Rows": 2528520, "Plan Width": 4, "Actual Startup Time": 0.024, "Actual Total Time": 556.759, "Actual Rows": 2525794, "Actual Loops": 1, "Output": ["t.id"], "Heap Fetches": 0, "Shared Hit Blocks": 23441, "Shared Read Blocks": 8963, "Shared Dirtied Blocks": 0, "Shared Written Blocks": 0, "Local Hit Blocks": 0, "Local Read Blocks": 0, "Local Dirtied Blocks": 0, "Local Written Blocks": 0, "Temp Read Blocks": 0, "Temp Written Blocks": 0, "I/O Read Time": 137.841, "I/O Write Time": 0.0}, {"Node Type": "Index Scan", "Parent Relationship": "Inner", "Parallel Aware": false, "Scan Direction": "Forward", "Index Name": "movie_id_movie_info_idx", "Relation Name": "movie_info_idx", "Schema": "public", "Alias": "mi_idx", "Startup Cost": 0.43, "Total Cost": 50235.25, "Plan Rows": 923657, "Plan Width": 4, "Actual Startup Time": 0.141, "Actual Total Time": 622.93, "Actual Rows": 920110, "Actual Loops": 1, "Output": ["mi_idx.id", "mi_idx.movie_id", "mi_idx.info_type_id", "mi_idx.info", "mi_idx.note"], "Filter": "(mi_idx.info_type_id > 99)", "Rows Removed by Filter": 459925, "Shared Hit Blocks": 12935, "Shared Read Blocks": 12444, "Shared Dirtied Blocks": 0, "Shared Written Blocks": 0, "Local Hit Blocks": 0, "Local Read Blocks": 0, "Local Dirtied Blocks": 0, "Local Written Blocks": 0, "Temp Read Blocks": 0, "Temp Written Blocks": 0, "I/O Read Time": 68.866, "I/O Write Time": 0.0}]}]}]}]}]}]}, "Planning": {"Shared Hit Blocks": 314, "Shared Read Blocks": 47, "Shared Dirtied Blocks": 0, "Shared Written Blocks": 0, "Local Hit Blocks": 0, "Local Read Blocks": 0, "Local Dirtied Blocks": 0, "Local Written Blocks": 0, "Temp Read Blocks": 0, "Temp Written Blocks": 0, "I/O Read Time": 3.553, "I/O Write Time": 0.0}, "Planning Time": 6.12, "Triggers": [], "Execution Time": 19275.648}, "template": "scale", "query": "EXPLAIN (ANALYZE, COSTS, BUFFERS, VERBOSE, FORMAT JSON) SELECT COUNT(*) FROM title t,movie_companies mc,movie_info_idx mi_idx,movie_keyword mk WHERE t.id=mc.movie_id AND t.id=mi_idx.movie_id AND t.id=mk.movie_id AND mc.company_type_id<2 AND mi_idx.info_type_id>99 AND mk.keyword_id>845;"}
{"planinfo": {"Plan": {"Node Type": "Aggregate", "Strategy": "Plain", "Partial Mode": "Simple", "Parallel Aware": false, "Startup Cost": 803694.19, "Total Cost": 803694.2, "Plan Rows": 1, "Plan Width": 8, "Actual Startup Time": 16491.66, "Actual Total Time": 16491.667, "Actual Rows": 1, "Actual Loops": 1, "Output": ["count(*)"], "Shared Hit Blocks": 3853415, "Shared Read Blocks": 235445, "Shared Dirtied Blocks": 0, "Shared Written Blocks": 0, "Local Hit Blocks": 0, "Local Read Blocks": 0, "Local Dirtied Blocks": 0, "Local Written Blocks": 0, "Temp Read Blocks": 12785, "Temp Written Blocks": 12785, "I/O Read Time": 2459.217, "I/O Write Time": 0.0, "Plans": [{"Node Type": "Nested Loop", "Parent Relationship": "Outer", "Parallel Aware": false, "Join Type": "Inner", "Startup Cost": 143108.29, "Total Cost": 797161.01, "Plan Rows": 2613271, "Plan Width": 0, "Actual Startup Time": 2315.505, "Actual Total Time": 14833.441, "Actual Rows": 15358920, "Actual Loops": 1, "Inner Unique": false, "Shared Hit Blocks": 3853415, "Shared Read Blocks": 235445, "Shared Dirtied Blocks": 0, "Shared Written Blocks": 0, "Local Hit Blocks": 0, "Local Read Blocks": 0, "Local Dirtied Blocks": 0, "Local Written Blocks": 0, "Temp Read Blocks": 12785, "Temp Written Blocks": 12785, "I/O Read Time": 2459.217, "I/O Write Time": 0.0, "Plans": [{"Node Type": "Hash Join", "Parent Relationship": "Outer", "Parallel Aware": false, "Join Type": "Inner", "Startup Cost": 143107.85, "Total Cost": 517850.33, "Plan Rows": 182061, "Plan Width": 12, "Actual Startup Time": 2315.234, "Actual Total Time": 5707.889, "Actual Rows": 398083, "Actual Loops": 1, "Output": ["t.id", "mi.movie_id", "mi_idx.movie_id"], "Inner Unique": false, "Hash Cond": "(t.id = mi_idx.movie_id)", "Shared Hit Blocks": 3, "Shared Read Blocks": 205926, "Shared Dirtied Blocks": 0, "Shared Written Blocks": 0, "Local Hit Blocks": 0, "Local Read Blocks": 0, "Local Dirtied Blocks": 0, "Local Written Blocks": 0, "Temp Read Blocks": 12785, "Temp Written Blocks": 12785, "I/O Read Time": 381.625, "I/O Write Time": 0.0, "Plans": [{"Node Type": "Hash Join", "Parent Relationship": "Outer", "Parallel Aware": false, "Join Type": "Inner", "Startup Cost": 102767.7, "Total Cost": 465071.61, "Plan Rows": 498394, "Plan Width": 8, "Actual Startup Time": 1707.327, "Actual Total Time": 4612.246, "Actual Rows": 474443, "Actual Loops": 1, "Output": ["t.id", "mi.movie_id"], "Inner Unique": true, "Hash Cond": "(mi.movie_id = t.id)", "Shared Hit Blocks": 0, "Shared Read Blocks": 197991, "Shared Dirtied Blocks": 0, "Shared Written Blocks": 0, "Local Hit Blocks": 0, "Local Read Blocks": 0, "Local Dirtied Blocks": 0, "Local Written Blocks": 0, "Temp Read Blocks": 8721, "Temp Written Blocks": 8721, "I/O Read Time": 340.339, "I/O Write Time": 0.0, "Plans": [{"Node Type": "Seq Scan", "Parent Relationship": "Outer", "Parallel Aware": false, "Relation Name": "movie_info", "Schema": "public", "Alias": "mi", "Startup Cost": 0.0, "Total Cost": 347223.62, "Plan Rows": 498394, "Plan Width": 4, "Actual Startup Time": 414.676, "Actual Total Time": 2659.786, "Actual Rows": 474443, "Actual Loops": 1, "Output": ["mi.movie_id"], "Filter": "(mi.info_type_id = 6)", "Rows Removed by Filter": 14361277, "Shared Hit Blocks": 0, "Shared Read Blocks": 161993, "Shared Dirtied Blocks": 0, "Shared Written Blocks": 0, "Local Hit Blocks": 0, "Local Read Blocks": 0, "Local Dirtied Blocks": 0, "Local Written Blocks": 0, "Temp Read Blocks": 0, "Temp Written Blocks": 0, "I/O Read Time": 281.886, "I/O Write Time": 0.0}, {"Node Type": "Hash", "Parent Relationship": "Inner", "Parallel Aware": false, "Startup Cost": 61283.2, "Total Cost": 61283.2, "Plan Rows": 2528520, "Plan Width": 4, "Actual Startup Time": 1290.681, "Actual Total Time": 1290.683, "Actual Rows": 2528312, "Actual Loops": 1, "Output": ["t.id"], "Hash Buckets": 131072, "Original Hash Buckets": 131072, "Hash Batches": 64, "Original Hash Batches": 64, "Peak Memory Usage": 2415, "Shared Hit Blocks": 0, "Shared Read Blocks": 35998, "Shared Dirtied Blocks": 0, "Shared Written Blocks": 0, "Local Hit Blocks": 0, "Local Read Blocks": 0, "Local Dirtied Blocks": 0, "Local Written Blocks": 0, "Temp Read Blocks": 0, "Temp Written Blocks": 7262, "I/O Read Time": 58.453, "I/O Write Time": 0.0, "Plans": [{"Node Type": "Seq Scan", "Parent Relationship": "Outer", "Parallel Aware": false, "Relation Name": "title", "Schema": "public", "Alias": "t", "Startup Cost": 0.0, "Total Cost": 61283.2, "Plan Rows": 2528520, "Plan Width": 4, "Actual Startup Time": 0.162, "Actual Total Time": 546.055, "Actual Rows": 2528312, "Actual Loops": 1, "Output": ["t.id"], "Shared Hit Blocks": 0, "Shared Read Blocks": 35998, "Shared Dirtied Blocks": 0, "Shared Written Blocks": 0, "Local Hit Blocks": 0, "Local Read Blocks": 0, "Local Dirtied Blocks": 0, "Local Written Blocks": 0, "Temp Read Blocks": 0, "Temp Written Blocks": 0, "I/O Read Time": 58.453, "I/O Write Time": 0.0}]}]}, {"Node Type": "Hash", "Parent Relationship": "Inner", "Parallel Aware": false, "Startup Cost": 25185.44, "Total Cost": 25185.44, "Plan Rows": 923657, "Plan Width": 4, "Actual Startup Time": 606.618, "Actual Total Time": 606.619, "Actual Rows": 920110, "Actual Loops": 1, "Output": ["mi_idx.movie_id"], "Hash Buckets": 131072, "Original Hash Buckets": 131072, "Hash Batches": 16, "Original Hash Batches": 16, "Peak Memory Usage": 3045, "Shared Hit Blocks": 0, "Shared Read Blocks": 7935, "Shared Dirtied Blocks": 0, "Shared Written Blocks": 0, "Local Hit Blocks": 0, "Local Read Blocks": 0, "Local Dirtied Blocks": 0, "Local Written Blocks": 0, "Temp Read Blocks": 0, "Temp Written Blocks": 2522, "I/O Read Time": 41.285, "I/O Write Time": 0.0, "Plans": [{"Node Type": "Seq Scan", "Parent Relationship": "Outer", "Parallel Aware": false, "Relation Name": "movie_info_idx", "Schema": "public", "Alias": "mi_idx", "Startup Cost": 0.0, "Total Cost": 25185.44, "Plan Rows": 923657, "Plan Width": 4, "Actual Startup Time": 0.146, "Actual Total Time": 336.542, "Actual Rows": 920110, "Actual Loops": 1, "Output": ["mi_idx.movie_id"], "Filter": "(mi_idx.info_type_id > 99)", "Rows Removed by Filter": 459925, "Shared Hit Blocks": 0, "Shared Read Blocks": 7935, "Shared Dirtied Blocks": 0, "Shared Written Blocks": 0, "Local Hit Blocks": 0, "Local Read Blocks": 0, "Local Dirtied Blocks": 0, "Local Written Blocks": 0, "Temp Read Blocks": 0, "Temp Written Blocks": 0, "I/O Read Time": 41.285, "I/O Write Time": 0.0}]}]}, {"Node Type": "Index Only Scan", "Parent Relationship": "Inner", "Parallel Aware": false, "Scan Direction": "Forward", "Index Name": "movie_id_cast_info", "Relation Name": "cast_info", "Schema": "public", "Alias": "ci", "Startup Cost": 0.44, "Total Cost": 1.16, "Plan Rows": 37, "Plan Width": 4, "Actual Startup Time": 0.011, "Actual Total Time": 0.018, "Actual Rows": 39, "Actual Loops": 398083, "Output": ["ci.movie_id"], "Index Cond": "(ci.movie_id = t.id)", "Rows Removed by Index Recheck": 0, "Heap Fetches": 0, "Shared Hit Blocks": 3853412, "Shared Read Blocks": 29519, "Shared Dirtied Blocks": 0, "Shared Written Blocks": 0, "Local Hit Blocks": 0, "Local Read Blocks": 0, "Local Dirtied Blocks": 0, "Local Written Blocks": 0, "Temp Read Blocks": 0, "Temp Written Blocks": 0, "I/O Read Time": 2077.593, "I/O Write Time": 0.0}]}]}, "Planning": {"Shared Hit Blocks": 323, "Shared Read Blocks": 51, "Shared Dirtied Blocks": 0, "Shared Written Blocks": 0, "Local Hit Blocks": 0, "Local Read Blocks": 0, "Local Dirtied Blocks": 0, "Local Written Blocks": 0, "Temp Read Blocks": 0, "Temp Written Blocks": 0, "I/O Read Time": 4.208, "I/O Write Time": 0.0}, "Planning Time": 7.176, "Triggers": [], "Execution Time": 16492.167}, "template": "scale", "query": "EXPLAIN (ANALYZE, COSTS, BUFFERS, VERBOSE, FORMAT JSON) SELECT COUNT(*) FROM title t,cast_info ci,movie_info mi,movie_info_idx mi_idx WHERE t.id=ci.movie_id AND t.id=mi.movie_id AND t.id=mi_idx.movie_id AND mi.info_type_id=6 AND mi_idx.info_type_id>99;"}
{"planinfo": {"Plan": {"Node Type": "Aggregate", "Strategy": "Plain", "Partial Mode": "Simple", "Parallel Aware": false, "Startup Cost": 1052180.46, "Total Cost": 1052180.47, "Plan Rows": 1, "Plan Width": 8, "Actual Startup Time": 41222.5, "Actual Total Time": 41222.502, "Actual Rows": 1, "Actual Loops": 1, "Output": ["count(*)"], "Shared Hit Blocks": 12446274, "Shared Read Blocks": 2211925, "Shared Dirtied Blocks": 0, "Shared Written Blocks": 0, "Local Hit Blocks": 0, "Local Read Blocks": 0, "Local Dirtied Blocks": 0, "Local Written Blocks": 0, "Temp Read Blocks": 0, "Temp Written Blocks": 0, "I/O Read Time": 17058.906, "I/O Write Time": 0.0, "Plans": [{"Node Type": "Nested Loop", "Parent Relationship": "Outer", "Parallel Aware": false, "Join Type": "Inner", "Startup Cost": 10.38, "Total Cost": 1038104.27, "Plan Rows": 5630475, "Plan Width": 0, "Actual Startup Time": 0.557, "Actual Total Time": 39580.874, "Actual Rows": 11460602, "Actual Loops": 1, "Inner Unique": false, "Shared Hit Blocks": 12446274, "Shared Read Blocks": 2211925, "Shared Dirtied Blocks": 0, "Shared Written Blocks": 0, "Local Hit Blocks": 0, "Local Read Blocks": 0, "Local Dirtied Blocks": 0, "Local Written Blocks": 0, "Temp Read Blocks": 0, "Temp Written Blocks": 0, "I/O Read Time": 17058.906, "I/O Write Time": 0.0, "Plans": [{"Node Type": "Merge Join", "Parent Relationship": "Outer", "Parallel Aware": false, "Join Type": "Inner", "Startup Cost": 9.94, "Total Cost": 136119.32, "Plan Rows": 456378, "Plan Width": 8, "Actual Startup Time": 0.171, "Actual Total Time": 1683.504, "Actual Rows": 459925, "Actual Loops": 1, "Output": ["t.id", "mi_idx.movie_id"], "Inner Unique": false, "Merge Cond": "(t.id = mi_idx.movie_id)", "Shared Hit Blocks": 36330, "Shared Read Blocks": 21453, "Shared Dirtied Blocks": 0, "Shared Written Blocks": 0, "Local Hit Blocks": 0, "Local Read Blocks": 0, "Local Dirtied Blocks": 0, "Local Written Blocks": 0, "Temp Read Blocks": 0, "Temp Written Blocks": 0, "I/O Read Time": 158.442, "I/O Write Time": 0.0, "Plans": [{"Node Type": "Index Only Scan", "Parent Relationship": "Outer", "Parallel Aware": false, "Scan Direction": "Forward", "Index Name": "title_pkey", "Relation Name": "title", "Schema": "public", "Alias": "t", "Startup Cost": 0.43, "Total Cost": 73940.23, "Plan Rows": 2528520, "Plan Width": 4, "Actual Startup Time": 0.019, "Actual Total Time": 573.386, "Actual Rows": 2525794, "Actual Loops": 1, "Output": ["t.id"], "Heap Fetches": 0, "Shared Hit Blocks": 23440, "Shared Read Blocks": 8964, "Shared Dirtied Blocks": 0, "Shared Written Blocks": 0, "Local Hit Blocks": 0, "Local Read Blocks": 0, "Local Dirtied Blocks": 0, "Local Written Blocks": 0, "Temp Read Blocks": 0, "Temp Written Blocks": 0, "I/O Read Time": 116.967, "I/O Write Time": 0.0}, {"Node Type": "Index Scan", "Parent Relationship": "Inner", "Parallel Aware": false, "Scan Direction": "Forward", "Index Name": "movie_id_movie_info_idx", "Relation Name": "movie_info_idx", "Schema": "public", "Alias": "mi_idx", "Startup Cost": 0.43, "Total Cost": 50235.25, "Plan Rows": 456378, "Plan Width": 4, "Actual Startup Time": 0.148, "Actual Total Time": 594.2, "Actual Rows": 459925, "Actual Loops": 1, "Output": ["mi_idx.id", "mi_idx.movie_id", "mi_idx.info_type_id", "mi_idx.info", "mi_idx.note"], "Filter": "(mi_idx.info_type_id = 99)", "Rows Removed by Filter": 920110, "Shared Hit Blocks": 12890, "Shared Read Blocks": 12489, "Shared Dirtied Blocks": 0, "Shared Written Blocks": 0, "Local Hit Blocks": 0, "Local Read Blocks": 0, "Local Dirtied Blocks": 0, "Local Written Blocks": 0, "Temp Read Blocks": 0, "Temp Written Blocks": 0, "I/O Read Time": 41.475, "I/O Write Time": 0.0}]}, {"Node Type": "Index Scan", "Parent Relationship": "Inner", "Parallel Aware": false, "Scan Direction": "Forward", "Index Name": "movie_id_cast_info", "Relation Name": "cast_info", "Schema": "public", "Alias": "ci", "Startup Cost": 0.44, "Total Cost": 1.66, "Plan Rows": 32, "Plan Width": 4, "Actual Startup Time": 0.012, "Actual Total Time": 0.078, "Actual Rows": 25, "Actual Loops": 459925, "Output": ["ci.id", "ci.person_id", "ci.movie_id", "ci.person_role_id", "ci.note", "ci.nr_order", "ci.role_id"], "Index Cond": "(ci.movie_id = t.id)", "Rows Removed by Index Recheck": 0, "Filter": "(ci.person_id < 3157904)", "Rows Removed by Filter": 5, "Shared Hit Blocks": 12409944, "Shared Read Blocks": 2190472, "Shared Dirtied Blocks": 0, "Shared Written Blocks": 0, "Local Hit Blocks": 0, "Local Read Blocks": 0, "Local Dirtied Blocks": 0, "Local Written Blocks": 0, "Temp Read Blocks": 0, "Temp Written Blocks": 0, "I/O Read Time": 16900.464, "I/O Write Time": 0.0}]}]}, "Planning": {"Shared Hit Blocks": 206, "Shared Read Blocks": 41, "Shared Dirtied Blocks": 0, "Shared Written Blocks": 0, "Local Hit Blocks": 0, "Local Read Blocks": 0, "Local Dirtied Blocks": 0, "Local Written Blocks": 0, "Temp Read Blocks": 0, "Temp Written Blocks": 0, "I/O Read Time": 3.225, "I/O Write Time": 0.0}, "Planning Time": 5.088, "Triggers": [], "Execution Time": 41222.644}, "template": "scale", "query": "EXPLAIN (ANALYZE, COSTS, BUFFERS, VERBOSE, FORMAT JSON) SELECT COUNT(*) FROM title t,cast_info ci,movie_info_idx mi_idx WHERE t.id=ci.movie_id AND t.id=mi_idx.movie_id AND ci.person_id<3157904 AND mi_idx.info_type_id=99;"}
{"planinfo": {"Plan": {"Node Type": "Aggregate", "Strategy": "Plain", "Partial Mode": "Simple", "Parallel Aware": false, "Startup Cost": 2323.51, "Total Cost": 2323.52, "Plan Rows": 1, "Plan Width": 8, "Actual Startup Time": 26.648, "Actual Total Time": 26.65, "Actual Rows": 1, "Actual Loops": 1, "Output": ["count(*)"], "Shared Hit Blocks": 2950, "Shared Read Blocks": 151, "Shared Dirtied Blocks": 0, "Shared Written Blocks": 0, "Local Hit Blocks": 0, "Local Read Blocks": 0, "Local Dirtied Blocks": 0, "Local Written Blocks": 0, "Temp Read Blocks": 0, "Temp Written Blocks": 0, "I/O Read Time": 13.305, "I/O Write Time": 0.0, "Plans": [{"Node Type": "Nested Loop", "Parent Relationship": "Outer", "Parallel Aware": false, "Join Type": "Inner", "Startup Cost": 2.16, "Total Cost": 2321.91, "Plan Rows": 640, "Plan Width": 0, "Actual Startup Time": 1.456, "Actual Total Time": 23.75, "Actual Rows": 27378, "Actual Loops": 1, "Inner Unique": false, "Shared Hit Blocks": 2950, "Shared Read Blocks": 151, "Shared Dirtied Blocks": 0, "Shared Written Blocks": 0, "Local Hit Blocks": 0, "Local Read Blocks": 0, "Local Dirtied Blocks": 0, "Local Written Blocks": 0, "Temp Read Blocks": 0, "Temp Written Blocks": 0, "I/O Read Time": 13.305, "I/O Write Time": 0.0, "Plans": [{"Node Type": "Nested Loop", "Parent Relationship": "Outer", "Parallel Aware": false, "Join Type": "Inner", "Startup Cost": 1.72, "Total Cost": 2252.87, "Plan Rows": 45, "Plan Width": 16, "Actual Startup Time": 1.165, "Actual Total Time": 11.986, "Actual Rows": 260, "Actual Loops": 1, "Output": ["t.id", "mc.movie_id", "mi_idx.movie_id", "mk.movie_id"], "Inner Unique": false, "Shared Hit Blocks": 124, "Shared Read Blocks": 123, "Shared Dirtied Blocks": 0, "Shared Written Blocks": 0, "Local Hit Blocks": 0, "Local Read Blocks": 0, "Local Dirtied Blocks": 0, "Local Written Blocks": 0, "Temp Read Blocks": 0, "Temp Written Blocks": 0, "I/O Read Time": 11.222, "I/O Write Time": 0.0, "Plans": [{"Node Type": "Nested Loop", "Parent Relationship": "Outer", "Parallel Aware": false, "Join Type": "Inner", "Startup Cost": 1.29, "Total Cost": 2200.34, "Plan Rows": 89, "Plan Width": 12, "Actual Startup Time": 0.863, "Actual Total Time": 7.065, "Actual Rows": 26, "Actual Loops": 1, "Output": ["t.id", "mi_idx.movie_id", "mk.movie_id"], "Inner Unique": false, "Shared Hit Blocks": 42, "Shared Read Blocks": 75, "Shared Dirtied Blocks": 0, "Shared Written Blocks": 0, "Local Hit Blocks": 0, "Local Read Blocks": 0, "Local Dirtied Blocks": 0, "Local Written Blocks": 0, "Temp Read Blocks": 0, "Temp Written Blocks": 0, "I/O Read Time": 6.754, "I/O Write Time": 0.0, "Plans": [{"Node Type": "Nested Loop", "Parent Relationship": "Outer", "Parallel Aware": false, "Join Type": "Inner", "Startup Cost": 0.86, "Total Cost": 2070.65, "Plan Rows": 246, "Plan Width": 8, "Actual Startup Time": 0.591, "Actual Total Time": 3.671, "Actual Rows": 14, "Actual Loops": 1, "Output": ["t.id", "mk.movie_id"], "Inner Unique": true, "Shared Hit Blocks": 22, "Shared Read Blocks": 39, "Shared Dirtied Blocks": 0, "Shared Written Blocks": 0, "Local Hit Blocks": 0, "Local Read Blocks": 0, "Local Dirtied Blocks": 0, "Local Written Blocks": 0, "Temp Read Blocks": 0, "Temp Written Blocks": 0, "I/O Read Time": 3.503, "I/O Write Time": 0.0, "Plans": [{"Node Type": "Index Scan", "Parent Relationship": "Outer", "Parallel Aware": false, "Scan Direction": "Forward", "Index Name": "keyword_id_movie_keyword", "Relation Name": "movie_keyword", "Schema": "public", "Alias": "mk", "Startup Cost": 0.43, "Total Cost": 988.56, "Plan Rows": 246, "Plan Width": 4, "Actual Startup Time": 0.385, "Actual Total Time": 1.581, "Actual Rows": 14, "Actual Loops": 1, "Output": ["mk.id", "mk.movie_id", "mk.keyword_id"], "Index Cond": "(mk.keyword_id = 74852)", "Rows Removed by Index Recheck": 0, "Shared Hit Blocks": 0, "Shared Read Blocks": 17, "Shared Dirtied Blocks": 0, "Shared Written Blocks": 0, "Local Hit Blocks": 0, "Local Read Blocks": 0, "Local Dirtied Blocks": 0, "Local Written Blocks": 0, "Temp Read Blocks": 0, "Temp Written Blocks": 0, "I/O Read Time": 1.534, "I/O Write Time": 0.0}, {"Node Type": "Index Only Scan", "Parent Relationship": "Inner", "Parallel Aware": false, "Scan Direction": "Forward", "Index Name": "title_pkey", "Relation Name": "title", "Schema": "public", "Alias": "t", "Startup Cost": 0.43, "Total Cost": 4.4, "Plan Rows": 1, "Plan Width": 4, "Actual Startup Time": 0.148, "Actual Total Time": 0.148, "Actual Rows": 1, "Actual Loops": 14, "Output": ["t.id"], "Index Cond": "(t.id = mk.movie_id)", "Rows Removed by Index Recheck": 0, "Heap Fetches": 0, "Shared Hit Blocks": 22, "Shared Read Blocks": 22, "Shared Dirtied Blocks": 0, "Shared Written Blocks": 0, "Local Hit Blocks": 0, "Local Read Blocks": 0, "Local Dirtied Blocks": 0, "Local Written Blocks": 0, "Temp Read Blocks": 0, "Temp Written Blocks": 0, "I/O Read Time": 1.969, "I/O Write Time": 0.0}]}, {"Node Type": "Index Scan", "Parent Relationship": "Inner", "Parallel Aware": false, "Scan Direction": "Forward", "Index Name": "movie_id_movie_info_idx", "Relation Name": "movie_info_idx", "Schema": "public", "Alias": "mi_idx", "Startup Cost": 0.43, "Total Cost": 0.51, "Plan Rows": 2, "Plan Width": 4, "Actual Startup Time": 0.233, "Actual Total Time": 0.241, "Actual Rows": 2, "Actual Loops": 14, "Output": ["mi_idx.id", "mi_idx.movie_id", "mi_idx.info_type_id", "mi_idx.info", "mi_idx.note"], "Index Cond": "(mi_idx.movie_id = t.id)", "Rows Removed by Index Recheck": 0, "Filter": "(mi_idx.info_type_id < 101)", "Rows Removed by Filter": 1, "Shared Hit Blocks": 20, "Shared Read Blocks": 36, "Shared Dirtied Blocks": 0, "Shared Written Blocks": 0, "Local Hit Blocks": 0, "Local Read Blocks": 0, "Local Dirtied Blocks": 0, "Local Written Blocks": 0, "Temp Read Blocks": 0, "Temp Written Blocks": 0, "I/O Read Time": 3.251, "I/O Write Time": 0.0}]}, {"Node Type": "Index Scan", "Parent Relationship": "Inner", "Parallel Aware": false, "Scan Direction": "Forward", "Index Name": "movie_id_movie_companies", "Relation Name": "movie_companies", "Schema": "public", "Alias": "mc", "Startup Cost": 0.43, "Total Cost": 0.57, "Plan Rows": 2, "Plan Width": 4, "Actual Startup Time": 0.131, "Actual Total Time": 0.187, "Actual Rows": 10, "Actual Loops": 26, "Output": ["mc.id", "mc.movie_id", "mc.company_id", "mc.company_type_id", "mc.note"], "Index Cond": "(mc.movie_id = t.id)", "Rows Removed by Index Recheck": 0, "Filter": "(mc.company_type_id = 1)", "Rows Removed by Filter": 5, "Shared Hit Blocks": 82, "Shared Read Blocks": 48, "Shared Dirtied Blocks": 0, "Shared Written Blocks": 0, "Local Hit Blocks": 0, "Local Read Blocks": 0, "Local Dirtied Blocks": 0, "Local Written Blocks": 0, "Temp Read Blocks": 0, "Temp Written Blocks": 0, "I/O Read Time": 4.468, "I/O Write Time": 0.0}]}, {"Node Type": "Index Only Scan", "Parent Relationship": "Inner", "Parallel Aware": false, "Scan Direction": "Forward", "Index Name": "movie_id_cast_info", "Relation Name": "cast_info", "Schema": "public", "Alias": "ci", "Startup Cost": 0.44, "Total Cost": 1.16, "Plan Rows": 37, "Plan Width": 4, "Actual Startup Time": 0.015, "Actual Total Time": 0.032, "Actual Rows": 105, "Actual Loops": 260, "Output": ["ci.movie_id"], "Index Cond": "(ci.movie_id = t.id)", "Rows Removed by Index Recheck": 0, "Heap Fetches": 0, "Shared Hit Blocks": 2826, "Shared Read Blocks": 28, "Shared Dirtied Blocks": 0, "Shared Written Blocks": 0, "Local Hit Blocks": 0, "Local Read Blocks": 0, "Local Dirtied Blocks": 0, "Local Written Blocks": 0, "Temp Read Blocks": 0, "Temp Written Blocks": 0, "I/O Read Time": 2.084, "I/O Write Time": 0.0}]}]}, "Planning": {"Shared Hit Blocks": 478, "Shared Read Blocks": 63, "Shared Dirtied Blocks": 0, "Shared Written Blocks": 0, "Local Hit Blocks": 0, "Local Read Blocks": 0, "Local Dirtied Blocks": 0, "Local Written Blocks": 0, "Temp Read Blocks": 0, "Temp Written Blocks": 0, "I/O Read Time": 5.125, "I/O Write Time": 0.0}, "Planning Time": 9.695, "Triggers": [], "Execution Time": 26.797}, "template": "scale", "query": "EXPLAIN (ANALYZE, COSTS, BUFFERS, VERBOSE, FORMAT JSON) SELECT COUNT(*) FROM title t,movie_companies mc,cast_info ci,movie_info_idx mi_idx,movie_keyword mk WHERE t.id=mc.movie_id AND t.id=ci.movie_id AND t.id=mi_idx.movie_id AND t.id=mk.movie_id AND mc.company_type_id=1 AND mi_idx.info_type_id<101 AND mk.keyword_id=74852;"}
{"planinfo": {"Plan": {"Node Type": "Aggregate", "Strategy": "Plain", "Partial Mode": "Simple", "Parallel Aware": false, "Startup Cost": 189697.88, "Total Cost": 189697.89, "Plan Rows": 1, "Plan Width": 8, "Actual Startup Time": 3191.337, "Actual Total Time": 3191.34, "Actual Rows": 1, "Actual Loops": 1, "Output": ["count(*)"], "Shared Hit Blocks": 3, "Shared Read Blocks": 60452, "Shared Dirtied Blocks": 0, "Shared Written Blocks": 0, "Local Hit Blocks": 0, "Local Read Blocks": 0, "Local Dirtied Blocks": 0, "Local Written Blocks": 0, "Temp Read Blocks": 7678, "Temp Written Blocks": 7678, "I/O Read Time": 186.427, "I/O Write Time": 0.0, "Plans": [{"Node Type": "Hash Join", "Parent Relationship": "Outer", "Parallel Aware": false, "Join Type": "Inner", "Startup Cost": 84096.14, "Total Cost": 187900.82, "Plan Rows": 718823, "Plan Width": 0, "Actual Startup Time": 886.619, "Actual Total Time": 3032.558, "Actual Rows": 1526625, "Actual Loops": 1, "Inner Unique": true, "Hash Cond": "(mk.movie_id = t.id)", "Shared Hit Blocks": 3, "Shared Read Blocks": 60452, "Shared Dirtied Blocks": 0, "Shared Written Blocks": 0, "Local Hit Blocks": 0, "Local Read Blocks": 0, "Local Dirtied Blocks": 0, "Local Written Blocks": 0, "Temp Read Blocks": 7678, "Temp Written Blocks": 7678, "I/O Read Time": 186.427, "I/O Write Time": 0.0, "Plans": [{"Node Type": "Seq Scan", "Parent Relationship": "Outer", "Parallel Aware": false, "Relation Name": "movie_keyword", "Schema": "public", "Alias": "mk", "Startup Cost": 0.0, "Total Cost": 81003.12, "Plan Rows": 1808209, "Plan Width": 4, "Actual Startup Time": 3.676, "Actual Total Time": 978.667, "Actual Rows": 1806753, "Actual Loops": 1, "Output": ["mk.movie_id"], "Filter": "(mk.keyword_id > 7677)", "Rows Removed by Filter": 2717177, "Shared Hit Blocks": 0, "Shared Read Blocks": 24454, "Shared Dirtied Blocks": 0, "Shared Written Blocks": 0, "Local Hit Blocks": 0, "Local Read Blocks": 0, "Local Dirtied Blocks": 0, "Local Written Blocks": 0, "Temp Read Blocks": 0, "Temp Written Blocks": 0, "I/O Read Time": 123.017, "I/O Write Time": 0.0}, {"Node Type": "Hash", "Parent Relationship": "Inner", "Parallel Aware": false, "Startup Cost": 67604.5, "Total Cost": 67604.5, "Plan Rows": 1005171, "Plan Width": 4, "Actual Startup Time": 881.054, "Actual Total Time": 881.056, "Actual Rows": 985048, "Actual Loops": 1, "Output": ["t.id"], "Hash Buckets": 131072, "Original Hash Buckets": 131072, "Hash Batches": 16, "Original Hash Batches": 16, "Peak Memory Usage": 3188, "Shared Hit Blocks": 0, "Shared Read Blocks": 35998, "Shared Dirtied Blocks": 0, "Shared Written Blocks": 0, "Local Hit Blocks": 0, "Local Read Blocks": 0, "Local Dirtied Blocks": 0, "Local Written Blocks": 0, "Temp Read Blocks": 0, "Temp Written Blocks": 2699, "I/O Read Time": 63.411, "I/O Write Time": 0.0, "Plans": [{"Node Type": "Seq Scan", "Parent Relationship": "Outer", "Parallel Aware": false, "Relation Name": "title", "Schema": "public", "Alias": "t", "Startup Cost": 0.0, "Total Cost": 67604.5, "Plan Rows": 1005171, "Plan Width": 4, "Actual Startup Time": 0.154, "Actual Total Time": 579.084, "Actual Rows": 985048, "Actual Loops": 1, "Output": ["t.id"], "Filter": "(t.kind_id < 7)", "Rows Removed by Filter": 1543264, "Shared Hit Blocks": 0, "Shared Read Blocks": 35998, "Shared Dirtied Blocks": 0, "Shared Written Blocks": 0, "Local Hit Blocks": 0, "Local Read Blocks": 0, "Local Dirtied Blocks": 0, "Local Written Blocks": 0, "Temp Read Blocks": 0, "Temp Written Blocks": 0, "I/O Read Time": 63.411, "I/O Write Time": 0.0}]}]}]}, "Planning": {"Shared Hit Blocks": 105, "Shared Read Blocks": 25, "Shared Dirtied Blocks": 0, "Shared Written Blocks": 0, "Local Hit Blocks": 0, "Local Read Blocks": 0, "Local Dirtied Blocks": 0, "Local Written Blocks": 0, "Temp Read Blocks": 0, "Temp Written Blocks": 0, "I/O Read Time": 1.714, "I/O Write Time": 0.0}, "Planning Time": 2.6, "Triggers": [], "Execution Time": 3191.545}, "template": "scale", "query": "EXPLAIN (ANALYZE, COSTS, BUFFERS, VERBOSE, FORMAT JSON) SELECT COUNT(*) FROM title t,movie_keyword mk WHERE t.id=mk.movie_id AND t.kind_id<7 AND mk.keyword_id>7677;"}
{"planinfo": {"Plan": {"Node Type": "Aggregate", "Strategy": "Plain", "Partial Mode": "Simple", "Parallel Aware": false, "Startup Cost": 3004.67, "Total Cost": 3004.68, "Plan Rows": 1, "Plan Width": 8, "Actual Startup Time": 8071.692, "Actual Total Time": 8071.694, "Actual Rows": 1, "Actual Loops": 1, "Output": ["count(*)"], "Shared Hit Blocks": 1960098, "Shared Read Blocks": 65570, "Shared Dirtied Blocks": 0, "Shared Written Blocks": 0, "Local Hit Blocks": 0, "Local Read Blocks": 0, "Local Dirtied Blocks": 0, "Local Written Blocks": 0, "Temp Read Blocks": 0, "Temp Written Blocks": 0, "I/O Read Time": 5971.95, "I/O Write Time": 0.0, "Plans": [{"Node Type": "Nested Loop", "Parent Relationship": "Outer", "Parallel Aware": false, "Join Type": "Inner", "Startup Cost": 1.73, "Total Cost": 3003.55, "Plan Rows": 446, "Plan Width": 0, "Actual Startup Time": 7.789, "Actual Total Time": 7972.713, "Actual Rows": 717716, "Actual Loops": 1, "Inner Unique": false, "Join Filter": "(t.id = ci.movie_id)", "Rows Removed by Join Filter": 0, "Shared Hit Blocks": 1960098, "Shared Read Blocks": 65570, "Shared Dirtied Blocks": 0, "Shared Written Blocks": 0, "Local Hit Blocks": 0, "Local Read Blocks": 0, "Local Dirtied Blocks": 0, "Local Written Blocks": 0, "Temp Read Blocks": 0, "Temp Written Blocks": 0, "I/O Read Time": 5971.95, "I/O Write Time": 0.0, "Plans": [{"Node Type": "Nested Loop", "Parent Relationship": "Outer", "Parallel Aware": false, "Join Type": "Inner", "Startup Cost": 1.29, "Total Cost": 2754.25, "Plan Rows": 135, "Plan Width": 12, "Actual Startup Time": 1.528, "Actual Total Time": 659.551, "Actual Rows": 19949, "Actual Loops": 1, "Output": ["t.id", "mc.movie_id", "mk.movie_id"], "Inner Unique": true, "Shared Hit Blocks": 117074, "Shared Read Blocks": 6593, "Shared Dirtied Blocks": 0, "Shared Written Blocks": 0, "Local Hit Blocks": 0, "Local Read Blocks": 0, "Local Dirtied Blocks": 0, "Local Written Blocks": 0, "Temp Read Blocks": 0, "Temp Written Blocks": 0, "I/O Read Time": 482.149, "I/O Write Time": 0.0, "Plans": [{"Node Type": "Nested Loop", "Parent Relationship": "Outer", "Parallel Aware": false, "Join Type": "Inner", "Startup Cost": 0.86, "Total Cost": 2096.17, "Plan Rows": 1268, "Plan Width": 8, "Actual Startup Time": 0.553, "Actual Total Time": 182.498, "Actual Rows": 28652, "Actual Loops": 1, "Output": ["mc.movie_id", "mk.movie_id"], "Inner Unique": false, "Shared Hit Blocks": 5780, "Shared Read Blocks": 3279, "Shared Dirtied Blocks": 0, "Shared Written Blocks": 0, "Local Hit Blocks": 0, "Local Read Blocks": 0, "Local Dirtied Blocks": 0, "Local Written Blocks": 0, "Temp Read Blocks": 0, "Temp Written Blocks": 0, "I/O Read Time": 151.632, "I/O Write Time": 0.0, "Plans": [{"Node Type": "Index Scan", "Parent Relationship": "Outer", "Parallel Aware": false, "Scan Direction": "Forward", "Index Name": "keyword_id_movie_keyword", "Relation Name": "movie_keyword", "Schema": "public", "Alias": "mk", "Startup Cost": 0.43, "Total Cost": 988.56, "Plan Rows": 246, "Plan Width": 4, "Actual Startup Time": 0.442, "Actual Total Time": 112.372, "Actual Rows": 2373, "Actual Loops": 1, "Output": ["mk.id", "mk.movie_id", "mk.keyword_id"], "Index Cond": "(mk.keyword_id = 7633)", "Rows Removed by Index Recheck": 0, "Shared Hit Blocks": 0, "Shared Read Blocks": 1939, "Shared Dirtied Blocks": 0, "Shared Written Blocks": 0, "Local Hit Blocks": 0, "Local Read Blocks": 0, "Local Dirtied Blocks": 0, "Local Written Blocks": 0, "Temp Read Blocks": 0, "Temp Written Blocks": 0, "I/O Read Time": 108.515, "I/O Write Time": 0.0}, {"Node Type": "Index Only Scan", "Parent Relationship": "Inner", "Parallel Aware": false, "Scan Direction": "Forward", "Index Name": "movie_id_movie_companies", "Relation Name": "movie_companies", "Schema": "public", "Alias": "mc", "Startup Cost": 0.43, "Total Cost": 4.45, "Plan Rows": 5, "Plan Width": 4, "Actual Startup Time": 0.024, "Actual Total Time": 0.026, "Actual Rows": 12, "Actual Loops": 2373, "Output": ["mc.movie_id"], "Index Cond": "(mc.movie_id = mk.movie_id)", "Rows Removed by Index Recheck": 0, "Heap Fetches": 0, "Shared Hit Blocks": 5780, "Shared Read Blocks": 1340, "Shared Dirtied Blocks": 0, "Shared Written Blocks": 0, "Local Hit Blocks": 0, "Local Read Blocks": 0, "Local Dirtied Blocks": 0, "Local Written Blocks": 0, "Temp Read Blocks": 0, "Temp Written Blocks": 0, "I/O Read Time": 43.117, "I/O Write Time": 0.0}]}, {"Node Type": "Index Scan", "Parent Relationship": "Inner", "Parallel Aware": false, "Scan Direction": "Forward", "Index Name": "title_pkey", "Relation Name": "title", "Schema": "public", "Alias": "t", "Startup Cost": 0.43, "Total Cost": 0.52, "Plan Rows": 1, "Plan Width": 4, "Actual Startup Time": 0.016, "Actual Total Time": 0.016, "Actual Rows": 1, "Actual Loops": 28652, "Output": ["t.id", "t.title", "t.imdb_index", "t.kind_id", "t.production_year", "t.imdb_id", "t.phonetic_code", "t.episode_of_id", "t.season_nr", "t.episode_nr", "t.series_years", "t.md5sum"], "Index Cond": "(t.id = mc.movie_id)", "Rows Removed by Index Recheck": 0, "Filter": "(t.production_year < 2005)", "Rows Removed by Filter": 0, "Shared Hit Blocks": 111294, "Shared Read Blocks": 3314, "Shared Dirtied Blocks": 0, "Shared Written Blocks": 0, "Local Hit Blocks": 0, "Local Read Blocks": 0, "Local Dirtied Blocks": 0, "Local Written Blocks": 0, "Temp Read Blocks": 0, "Temp Written Blocks": 0, "I/O Read Time": 330.517, "I/O Write Time": 0.0}]}, {"Node Type": "Index Scan", "Parent Relationship": "Inner", "Parallel Aware": false, "Scan Direction": "Forward", "Index Name": "movie_id_cast_info", "Relation Name": "cast_info", "Schema": "public", "Alias": "ci", "Startup Cost": 0.44, "Total Cost": 1.73, "Plan Rows": 9, "Plan Width": 4, "Actual Startup Time": 0.021, "Actual Total Time": 0.358, "Actual Rows": 36, "Actual Loops": 19949, "Output": ["ci.id", "ci.person_id", "ci.movie_id", "ci.person_role_id", "ci.note", "ci.nr_order", "ci.role_id"], "Index Cond": "(ci.movie_id = mc.movie_id)", "Rows Removed by Index Recheck": 0, "Filter": "((ci.person_id < 2537845) AND (ci.role_id = 1))", "Rows Removed by Filter": 60, "Shared Hit Blocks": 1843024, "Shared Read Blocks": 58977, "Shared Dirtied Blocks": 0, "Shared Written Blocks": 0, "Local Hit Blocks": 0, "Local Read Blocks": 0, "Local Dirtied Blocks": 0, "Local Written Blocks": 0, "Temp Read Blocks": 0, "Temp Written Blocks": 0, "I/O Read Time": 5489.801, "I/O Write Time": 0.0}]}]}, "Planning": {"Shared Hit Blocks": 334, "Shared Read Blocks": 54, "Shared Dirtied Blocks": 0, "Shared Written Blocks": 0, "Local Hit Blocks": 0, "Local Read Blocks": 0, "Local Dirtied Blocks": 0, "Local Written Blocks": 0, "Temp Read Blocks": 0, "Temp Written Blocks": 0, "I/O Read Time": 4.379, "I/O Write Time": 0.0}, "Planning Time": 7.467, "Triggers": [], "Execution Time": 8071.837}, "template": "scale", "query": "EXPLAIN (ANALYZE, COSTS, BUFFERS, VERBOSE, FORMAT JSON) SELECT COUNT(*) FROM title t,movie_companies mc,cast_info ci,movie_keyword mk WHERE t.id=mc.movie_id AND t.id=ci.movie_id AND t.id=mk.movie_id AND t.production_year<2005 AND ci.person_id<2537845 AND ci.role_id=1 AND mk.keyword_id=7633;"}
{"planinfo": {"Plan": {"Node Type": "Aggregate", "Strategy": "Plain", "Partial Mode": "Simple", "Parallel Aware": false, "Startup Cost": 75963.09, "Total Cost": 75963.1, "Plan Rows": 1, "Plan Width": 8, "Actual Startup Time": 680.866, "Actual Total Time": 680.867, "Actual Rows": 1, "Actual Loops": 1, "Output": ["count(*)"], "Shared Hit Blocks": 0, "Shared Read Blocks": 35998, "Shared Dirtied Blocks": 0, "Shared Written Blocks": 0, "Local Hit Blocks": 0, "Local Read Blocks": 0, "Local Dirtied Blocks": 0, "Local Written Blocks": 0, "Temp Read Blocks": 0, "Temp Written Blocks": 0, "I/O Read Time": 63.125, "I/O Write Time": 0.0, "Plans": [{"Node Type": "Seq Scan", "Parent Relationship": "Outer", "Parallel Aware": false, "Relation Name": "title", "Schema": "public", "Alias": "t", "Startup Cost": 0.0, "Total Cost": 73925.8, "Plan Rows": 814916, "Plan Width": 0, "Actual Startup Time": 0.136, "Actual Total Time": 596.731, "Actual Rows": 747613, "Actual Loops": 1, "Output": ["id", "title", "imdb_index", "kind_id", "production_year", "imdb_id", "phonetic_code", "episode_of_id", "season_nr", "episode_nr", "series_years", "md5sum"], "Filter": "((t.kind_id > 4) AND (t.production_year < 2005))", "Rows Removed by Filter": 1780699, "Shared Hit Blocks": 0, "Shared Read Blocks": 35998, "Shared Dirtied Blocks": 0, "Shared Written Blocks": 0, "Local Hit Blocks": 0, "Local Read Blocks": 0, "Local Dirtied Blocks": 0, "Local Written Blocks": 0, "Temp Read Blocks": 0, "Temp Written Blocks": 0, "I/O Read Time": 63.125, "I/O Write Time": 0.0}]}, "Planning": {"Shared Hit Blocks": 39, "Shared Read Blocks": 8, "Shared Dirtied Blocks": 0, "Shared Written Blocks": 0, "Local Hit Blocks": 0, "Local Read Blocks": 0, "Local Dirtied Blocks": 0, "Local Written Blocks": 0, "Temp Read Blocks": 0, "Temp Written Blocks": 0, "I/O Read Time": 0.53, "I/O Write Time": 0.0}, "Planning Time": 0.889, "Triggers": [], "Execution Time": 680.909}, "template": "scale", "query": "EXPLAIN (ANALYZE, COSTS, BUFFERS, VERBOSE, FORMAT JSON) SELECT COUNT(*) FROM title t WHERE t.kind_id>4 AND t.production_year<2005;"}
{"planinfo": {"Plan": {"Node Type": "Aggregate", "Strategy": "Plain", "Partial Mode": "Simple", "Parallel Aware": false, "Startup Cost": 872959.05, "Total Cost": 872959.06, "Plan Rows": 1, "Plan Width": 8, "Actual Startup Time": 46310.884, "Actual Total Time": 46310.889, "Actual Rows": 1, "Actual Loops": 1, "Output": ["count(*)"], "Shared Hit Blocks": 3, "Shared Read Blocks": 222445, "Shared Dirtied Blocks": 0, "Shared Written Blocks": 0, "Local Hit Blocks": 0, "Local Read Blocks": 0, "Local Dirtied Blocks": 0, "Local Written Blocks": 0, "Temp Read Blocks": 50886, "Temp Written Blocks": 50886, "I/O Read Time": 452.606, "I/O Write Time": 0.0, "Plans": [{"Node Type": "Hash Join", "Parent Relationship": "Outer", "Parallel Aware": false, "Join Type": "Inner", "Startup Cost": 303779.46, "Total Cost": 849485.98, "Plan Rows": 9389230, "Plan Width": 0, "Actual Startup Time": 6969.63, "Actual Total Time": 34333.7, "Actual Rows": 121680445, "Actual Loops": 1, "Inner Unique": false, "Hash Cond": "(mi.movie_id = t.id)", "Shared Hit Blocks": 3, "Shared Read Blocks": 222445, "Shared Dirtied Blocks": 0, "Shared Written Blocks": 0, "Local Hit Blocks": 0, "Local Read Blocks": 0, "Local Dirtied Blocks": 0, "Local Written Blocks": 0, "Temp Read Blocks": 50886, "Temp Written Blocks": 50886, "I/O Read Time": 452.606, "I/O Write Time": 0.0, "Plans": [{"Node Type": "Seq Scan", "Parent Relationship": "Outer", "Parallel Aware": false, "Relation Name": "movie_info", "Schema": "public", "Alias": "mi", "Startup Cost": 0.0, "Total Cost": 347223.62, "Plan Rows": 5247839, "Plan Width": 4, "Actual Startup Time": 170.651, "Actual Total Time": 3095.647, "Actual Rows": 5270569, "Actual Loops": 1, "Output": ["mi.movie_id"], "Filter": "(mi.info_type_id > 15)", "Rows Removed by Filter": 9565151, "Shared Hit Blocks": 0, "Shared Read Blocks": 161993, "Shared Dirtied Blocks": 0, "Shared Written Blocks": 0, "Local Hit Blocks": 0, "Local Read Blocks": 0, "Local Dirtied Blocks": 0, "Local Written Blocks": 0, "Temp Read Blocks": 0, "Temp Written Blocks": 0, "I/O Read Time": 268.373, "I/O Write Time": 0.0}, {"Node Type": "Hash", "Parent Relationship": "Inner", "Parallel Aware": false, "Startup Cost": 229558.34, "Total Cost": 229558.34, "Plan Rows": 4523930, "Plan Width": 8, "Actual Startup Time": 6798.084, "Actual Total Time": 6798.087, "Actual Rows": 4523930, "Actual Loops": 1, "Output": ["t.id", "mk.movie_id"], "Hash Buckets": 131072, "Original Hash Buckets": 131072, "Hash Batches": 64, "Original Hash Batches": 64, "Peak Memory Usage": 3816, "Shared Hit Blocks": 0, "Shared Read Blocks": 60452, "Shared Dirtied Blocks": 0, "Shared Written Blocks": 0, "Local Hit Blocks": 0, "Local Read Blocks": 0, "Local Dirtied Blocks": 0, "Local Written Blocks": 0, "Temp Read Blocks": 20403, "Temp Written Blocks": 35593, "I/O Read Time": 184.233, "I/O Write Time": 0.0, "Plans": [{"Node Type": "Hash Join", "Parent Relationship": "Outer", "Parallel Aware": false, "Join Type": "Inner", "Startup Cost": 102767.7, "Total Cost": 229558.34, "Plan Rows": 4523930, "Plan Width": 8, "Actual Startup Time": 1290.07, "Actual Total Time": 5393.507, "Actual Rows": 4523930, "Actual Loops": 1, "Output": ["t.id", "mk.movie_id"], "Inner Unique": true, "Hash Cond": "(mk.movie_id = t.id)", "Shared Hit Blocks": 0, "Shared Read Blocks": 60452, "Shared Dirtied Blocks": 0, "Shared Written Blocks": 0, "Local Hit Blocks": 0, "Local Read Blocks": 0, "Local Dirtied Blocks": 0, "Local Written Blocks": 0, "Temp Read Blocks": 20403, "Temp Written Blocks": 20403, "I/O Read Time": 184.233, "I/O Write Time": 0.0, "Plans": [{"Node Type": "Seq Scan", "Parent Relationship": "Outer", "Parallel Aware": false, "Relation Name": "movie_keyword", "Schema": "public", "Alias": "mk", "Startup Cost": 0.0, "Total Cost": 69693.3, "Plan Rows": 4523930, "Plan Width": 4, "Actual Startup Time": 0.22, "Actual Total Time": 964.029, "Actual Rows": 4523930, "Actual Loops": 1, "Output": ["mk.movie_id"], "Shared Hit Blocks": 0, "Shared Read Blocks": 24454, "Shared Dirtied Blocks": 0, "Shared Written Blocks": 0, "Local Hit Blocks": 0, "Local Read Blocks": 0, "Local Dirtied Blocks": 0, "Local Written Blocks": 0, "Temp Read Blocks": 0, "Temp Written Blocks": 0, "I/O Read Time": 124.89, "I/O Write Time": 0.0}, {"Node Type": "Hash", "Parent Relationship": "Inner", "Parallel Aware": false, "Startup Cost": 61283.2, "Total Cost": 61283.2, "Plan Rows": 2528520, "Plan Width": 4, "Actual Startup Time": 1288.82, "Actual Total Time": 1288.822, "Actual Rows": 2528312, "Actual Loops": 1, "Output": ["t.id"], "Hash Buckets": 131072, "Original Hash Buckets": 131072, "Hash Batches": 64, "Original Hash Batches": 64, "Peak Memory Usage": 2415, "Shared Hit Blocks": 0, "Shared Read Blocks": 35998, "Shared Dirtied Blocks": 0, "Shared Written Blocks": 0, "Local Hit Blocks": 0, "Local Read Blocks": 0, "Local Dirtied Blocks": 0, "Local Written Blocks": 0, "Temp Read Blocks": 0, "Temp Written Blocks": 7262, "I/O Read Time": 59.343, "I/O Write Time": 0.0, "Plans": [{"Node Type": "Seq Scan", "Parent Relationship": "Outer", "Parallel Aware": false, "Relation Name": "title", "Schema": "public", "Alias": "t", "Startup Cost": 0.0, "Total Cost": 61283.2, "Plan Rows": 2528520, "Plan Width": 4, "Actual Startup Time": 0.151, "Actual Total Time": 548.282, "Actual Rows": 2528312, "Actual Loops": 1, "Output": ["t.id"], "Shared Hit Blocks": 0, "Shared Read Blocks": 35998, "Shared Dirtied Blocks": 0, "Shared Written Blocks": 0, "Local Hit Blocks": 0, "Local Read Blocks": 0, "Local Dirtied Blocks": 0, "Local Written Blocks": 0, "Temp Read Blocks": 0, "Temp Written Blocks": 0, "I/O Read Time": 59.343, "I/O Write Time": 0.0}]}]}]}]}]}, "Planning": {"Shared Hit Blocks": 186, "Shared Read Blocks": 40, "Shared Dirtied Blocks": 0, "Shared Written Blocks": 0, "Local Hit Blocks": 0, "Local Read Blocks": 0, "Local Dirtied Blocks": 0, "Local Written Blocks": 0, "Temp Read Blocks": 0, "Temp Written Blocks": 0, "I/O Read Time": 2.809, "I/O Write Time": 0.0}, "Planning Time": 4.395, "Triggers": [], "Execution Time": 46311.656}, "template": "scale", "query": "EXPLAIN (ANALYZE, COSTS, BUFFERS, VERBOSE, FORMAT JSON) SELECT COUNT(*) FROM title t,movie_info mi,movie_keyword mk WHERE t.id=mi.movie_id AND t.id=mk.movie_id AND mi.info_type_id>15;"}
{"planinfo": {"Plan": {"Node Type": "Aggregate", "Strategy": "Plain", "Partial Mode": "Simple", "Parallel Aware": false, "Startup Cost": 10009.41, "Total Cost": 10009.42, "Plan Rows": 1, "Plan Width": 8, "Actual Startup Time": 120.185, "Actual Total Time": 120.185, "Actual Rows": 1, "Actual Loops": 1, "Output": ["count(*)"], "Shared Hit Blocks": 0, "Shared Read Blocks": 374, "Shared Dirtied Blocks": 0, "Shared Written Blocks": 0, "Local Hit Blocks": 0, "Local Read Blocks": 0, "Local Dirtied Blocks": 0, "Local Written Blocks": 0, "Temp Read Blocks": 0, "Temp Written Blocks": 0, "I/O Read Time": 26.078, "I/O Write Time": 0.0, "Plans": [{"Node Type": "Index Only Scan", "Parent Relationship": "Outer", "Parallel Aware": false, "Scan Direction": "Forward", "Index Name": "company_id_movie_companies", "Relation Name": "movie_companies", "Schema": "public", "Alias": "mc", "Startup Cost": 0.43, "Total Cost": 9030.29, "Plan Rows": 391649, "Plan Width": 0, "Actual Startup Time": 0.311, "Actual Total Time": 81.89, "Actual Rows": 396930, "Actual Loops": 1, "Output": ["company_id"], "Index Cond": "(mc.company_id < 241)", "Rows Removed by Index Recheck": 0, "Heap Fetches": 0, "Shared Hit Blocks": 0, "Shared Read Blocks": 374, "Shared Dirtied Blocks": 0, "Shared Written Blocks": 0, "Local Hit Blocks": 0, "Local Read Blocks": 0, "Local Dirtied Blocks": 0, "Local Written Blocks": 0, "Temp Read Blocks": 0, "Temp Written Blocks": 0, "I/O Read Time": 26.078, "I/O Write Time": 0.0}]}, "Planning": {"Shared Hit Blocks": 59, "Shared Read Blocks": 10, "Shared Dirtied Blocks": 0, "Shared Written Blocks": 0, "Local Hit Blocks": 0, "Local Read Blocks": 0, "Local Dirtied Blocks": 0, "Local Written Blocks": 0, "Temp Read Blocks": 0, "Temp Written Blocks": 0, "I/O Read Time": 0.763, "I/O Write Time": 0.0}, "Planning Time": 1.288, "Triggers": [], "Execution Time": 120.221}, "template": "scale", "query": "EXPLAIN (ANALYZE, COSTS, BUFFERS, VERBOSE, FORMAT JSON) SELECT COUNT(*) FROM movie_companies mc WHERE mc.company_id<241;"}
{"planinfo": {"Plan": {"Node Type": "Aggregate", "Strategy": "Plain", "Partial Mode": "Simple", "Parallel Aware": false, "Startup Cost": 886182.61, "Total Cost": 886182.62, "Plan Rows": 1, "Plan Width": 8, "Actual Startup Time": 452015.821, "Actual Total Time": 452015.826, "Actual Rows": 1, "Actual Loops": 1, "Output": ["count(*)"], "Shared Hit Blocks": 83173173, "Shared Read Blocks": 1288756, "Shared Dirtied Blocks": 0, "Shared Written Blocks": 0, "Local Hit Blocks": 0, "Local Read Blocks": 0, "Local Dirtied Blocks": 0, "Local Written Blocks": 0, "Temp Read Blocks": 7473, "Temp Written Blocks": 4235, "I/O Read Time": 14866.961, "I/O Write Time": 0.0, "Plans": [{"Node Type": "Merge Join", "Parent Relationship": "Outer", "Parallel Aware": false, "Join Type": "Inner", "Startup Cost": 121683.93, "Total Cost": 879164.05, "Plan Rows": 2807423, "Plan Width": 0, "Actual Startup Time": 3539.471, "Actual Total Time": 361049.247, "Actual Rows": 885081741, "Actual Loops": 1, "Inner Unique": false, "Merge Cond": "(t.id = mi.movie_id)", "Shared Hit Blocks": 83173173, "Shared Read Blocks": 1288756, "Shared Dirtied Blocks": 0, "Shared Written Blocks": 0, "Local Hit Blocks": 0, "Local Read Blocks": 0, "Local Dirtied Blocks": 0, "Local Written Blocks": 0, "Temp Read Blocks": 7473, "Temp Written Blocks": 4235, "I/O Read Time": 14866.961, "I/O Write Time": 0.0, "Plans": [{"Node Type": "Nested Loop", "Parent Relationship": "Outer", "Parallel Aware": false, "Join Type": "Inner", "Startup Cost": 121661.2, "Total Cost": 487221.15, "Plan Rows": 479040, "Plan Width": 16, "Actual Startup Time": 1794.085, "Actual Total Time": 61163.235, "Actual Rows": 8086343, "Actual Loops": 1, "Output": ["t.id", "mc.movie_id", "ci.movie_id", "mi_idx.movie_id"], "Inner Unique": false, "Join Filter": "(t.id = ci.movie_id)", "Rows Removed by Join Filter": 0, "Shared Hit Blocks": 41821298, "Shared Read Blocks": 1262925, "Shared Dirtied Blocks": 0, "Shared Written Blocks": 0, "Local Hit Blocks": 0, "Local Read Blocks": 0, "Local Dirtied Blocks": 0, "Local Written Blocks": 0, "Temp Read Blocks": 7473, "Temp Written Blocks": 4235, "I/O Read Time": 14733.457, "I/O Write Time": 0.0, "Plans": [{"Node Type": "Merge Join", "Parent Relationship": "Outer", "Parallel Aware": false, "Join Type": "Inner", "Startup Cost": 121660.76, "Total Cost": 195708.35, "Plan Rows": 126208, "Plan Width": 12, "Actual Startup Time": 1792.795, "Actual Total Time": 2926.476, "Actual Rows": 773084, "Actual Loops": 1, "Output": ["t.id", "mc.movie_id", "mi_idx.movie_id"], "Inner Unique": false, "Merge Cond": "(mc.movie_id = t.id)", "Shared Hit Blocks": 7, "Shared Read Blocks": 50531, "Shared Dirtied Blocks": 0, "Shared Written Blocks": 0, "Local Hit Blocks": 0, "Local Read Blocks": 0, "Local Dirtied Blocks": 0, "Local Written Blocks": 0, "Temp Read Blocks": 7473, "Temp Written Blocks": 4235, "I/O Read Time": 132.584, "I/O Write Time": 0.0, "Plans": [{"Node Type": "Index Only Scan", "Parent Relationship": "Outer", "Parallel Aware": false, "Scan Direction": "Forward", "Index Name": "movie_id_movie_companies", "Relation Name": "movie_companies", "Schema": "public", "Alias": "mc", "Startup Cost": 0.43, "Total Cost": 65637.36, "Plan Rows": 2609129, "Plan Width": 4, "Actual Startup Time": 0.021, "Actual Total Time": 490.287, "Actual Rows": 2609129, "Actual Loops": 1, "Output": ["mc.movie_id"], "Heap Fetches": 0, "Shared Hit Blocks": 4, "Shared Read Blocks": 6598, "Shared Dirtied Blocks": 0, "Shared Written Blocks": 0, "Local Hit Blocks": 0, "Local Read Blocks": 0, "Local Dirtied Blocks": 0, "Local Written Blocks": 0, "Temp Read Blocks": 0, "Temp Written Blocks": 0, "I/O Read Time": 27.276, "I/O Write Time": 0.0}, {"Node Type": "Sort", "Parent Relationship": "Inner", "Parallel Aware": false, "Startup Cost": 121655.68, "Total Cost": 121961.45, "Plan Rows": 122309, "Plan Width": 8, "Actual Startup Time": 1548.289, "Actual Total Time": 1731.146, "Actual Rows": 801648, "Actual Loops": 1, "Output": ["t.id", "mi_idx.movie_id"], "Sort Key": ["t.id"], "Sort Method": "external sort", "Sort Space Used": 4536, "Sort Space Type": "Disk", "Shared Hit Blocks": 3, "Shared Read Blocks": 43933, "Shared Dirtied Blocks": 0, "Shared Written Blocks": 0, "Local Hit Blocks": 0, "Local Read Blocks": 0, "Local Dirtied Blocks": 0, "Local Written Blocks": 0, "Temp Read Blocks": 5852, "Temp Written Blocks": 4235, "I/O Read Time": 105.308, "I/O Write Time": 0.0, "Plans": [{"Node Type": "Hash Join", "Parent Relationship": "Outer", "Parallel Aware": false, "Join Type": "Inner", "Startup Cost": 78723.04, "Total Cost": 111320.47, "Plan Rows": 122309, "Plan Width": 8, "Actual Startup Time": 925.52, "Actual Total Time": 1401.593, "Actual Rows": 209880, "Actual Loops": 1, "Output": ["t.id", "mi_idx.movie_id"], "Inner Unique": true, "Hash Cond": "(mi_idx.movie_id = t.id)", "Shared Hit Blocks": 3, "Shared Read Blocks": 43933, "Shared Dirtied Blocks": 0, "Shared Written Blocks": 0, "Local Hit Blocks": 0, "Local Read Blocks": 0, "Local Dirtied Blocks": 0, "Local Written Blocks": 0, "Temp Read Blocks": 3099, "Temp Written Blocks": 3099, "I/O Read Time": 105.308, "I/O Write Time": 0.0, "Plans": [{"Node Type": "Seq Scan", "Parent Relationship": "Outer", "Parallel Aware": false, "Relation Name": "movie_info_idx", "Schema": "public", "Alias": "mi_idx", "Startup Cost": 0.0, "Total Cost": 25185.44, "Plan Rows": 456378, "Plan Width": 4, "Actual Startup Time": 0.128, "Actual Total Time": 301.322, "Actual Rows": 459925, "Actual Loops": 1, "Output": ["mi_idx.movie_id"], "Filter": "(mi_idx.info_type_id = 99)", "Rows Removed by Filter": 920110, "Shared Hit Blocks": 0, "Shared Read Blocks": 7935, "Shared Dirtied Blocks": 0, "Shared Written Blocks": 0, "Local Hit Blocks": 0, "Local Read Blocks": 0, "Local Dirtied Blocks": 0, "Local Written Blocks": 0, "Temp Read Blocks": 0, "Temp Written Blocks": 0, "I/O Read Time": 40.528, "I/O Write Time": 0.0}, {"Node Type": "Hash", "Parent Relationship": "Inner", "Parallel Aware": false, "Startup Cost": 67604.5, "Total Cost": 67604.5, "Plan Rows": 677643, "Plan Width": 4, "Actual Startup Time": 755.501, "Actual Total Time": 755.502, "Actual Rows": 662825, "Actual Loops": 1, "Output": ["t.id"], "Hash Buckets": 131072, "Original Hash Buckets": 131072, "Hash Batches": 16, "Original Hash Batches": 16, "Peak Memory Usage": 2476, "Shared Hit Blocks": 0, "Shared Read Blocks": 35998, "Shared Dirtied Blocks": 0, "Shared Written Blocks": 0, "Local Hit Blocks": 0, "Local Read Blocks": 0, "Local Dirtied Blocks": 0, "Local Written Blocks": 0, "Temp Read Blocks": 0, "Temp Written Blocks": 1813, "I/O Read Time": 64.78, "I/O Write Time": 0.0, "Plans": [{"Node Type": "Seq Scan", "Parent Relationship": "Outer", "Parallel Aware": false, "Relation Name": "title", "Schema": "public", "Alias": "t", "Startup Cost": 0.0, "Total Cost": 67604.5, "Plan Rows": 677643, "Plan Width": 4, "Actual Startup Time": 17.435, "Actual Total Time": 548.071, "Actual Rows": 662825, "Actual Loops": 1, "Output": ["t.id"], "Filter": "(t.kind_id = 1)", "Rows Removed by Filter": 1865487, "Shared Hit Blocks": 0, "Shared Read Blocks": 35998, "Shared Dirtied Blocks": 0, "Shared Written Blocks": 0, "Local Hit Blocks": 0, "Local Read Blocks": 0, "Local Dirtied Blocks": 0, "Local Written Blocks": 0, "Temp Read Blocks": 0, "Temp Written Blocks": 0, "I/O Read Time": 64.78, "I/O Write Time": 0.0}]}]}]}]}, {"Node Type": "Index Scan", "Parent Relationship": "Inner", "Parallel Aware": false, "Scan Direction": "Forward", "Index Name": "movie_id_cast_info", "Relation Name": "cast_info", "Schema": "public", "Alias": "ci", "Startup Cost": 0.44, "Total Cost": 2.18, "Plan Rows": 10, "Plan Width": 4, "Actual Startup Time": 0.021, "Actual Total Time": 0.072, "Actual Rows": 10, "Actual Loops": 773084, "Output": ["ci.id", "ci.person_id", "ci.movie_id", "ci.person_role_id", "ci.note", "ci.nr_order", "ci.role_id"], "Index Cond": "(ci.movie_id = mc.movie_id)", "Rows Removed by Index Recheck": 0, "Filter": "((ci.person_id > 813072) AND (ci.role_id = 1))", "Rows Removed by Filter": 44, "Shared Hit Blocks": 41821291, "Shared Read Blocks": 1212394, "Shared Dirtied Blocks": 0, "Shared Written Blocks": 0, "Local Hit Blocks": 0, "Local Read Blocks": 0, "Local Dirtied Blocks": 0, "Local Written Blocks": 0, "Temp Read Blocks": 0, "Temp Written Blocks": 0, "I/O Read Time": 14600.873, "I/O Write Time": 0.0}]}, {"Node Type": "Index Only Scan", "Parent Relationship": "Inner", "Parallel Aware": false, "Scan Direction": "Forward", "Index Name": "movie_id_movie_info", "Relation Name": "movie_info", "Schema": "public", "Alias": "mi", "Startup Cost": 0.43, "Total Cost": 325993.18, "Plan Rows": 14818450, "Plan Width": 4, "Actual Startup Time": 0.022, "Actual Total Time": 140074.596, "Actual Rows": 895923322, "Actual Loops": 1, "Output": ["mi.movie_id"], "Heap Fetches": 0, "Shared Hit Blocks": 41351875, "Shared Read Blocks": 25831, "Shared Dirtied Blocks": 0, "Shared Written Blocks": 0, "Local Hit Blocks": 0, "Local Read Blocks": 0, "Local Dirtied Blocks": 0, "Local Written Blocks": 0, "Temp Read Blocks": 0, "Temp Written Blocks": 0, "I/O Read Time": 133.504, "I/O Write Time": 0.0}]}]}, "Planning": {"Shared Hit Blocks": 485, "Shared Read Blocks": 63, "Shared Dirtied Blocks": 0, "Shared Written Blocks": 0, "Local Hit Blocks": 0, "Local Read Blocks": 0, "Local Dirtied Blocks": 0, "Local Written Blocks": 0, "Temp Read Blocks": 0, "Temp Written Blocks": 0, "I/O Read Time": 5.074, "I/O Write Time": 0.0}, "Planning Time": 9.66, "Triggers": [], "Execution Time": 452016.724}, "template": "scale", "query": "EXPLAIN (ANALYZE, COSTS, BUFFERS, VERBOSE, FORMAT JSON) SELECT COUNT(*) FROM title t,movie_companies mc,cast_info ci,movie_info mi,movie_info_idx mi_idx WHERE t.id=mc.movie_id AND t.id=ci.movie_id AND t.id=mi.movie_id AND t.id=mi_idx.movie_id AND t.kind_id=1 AND ci.person_id>813072 AND ci.role_id=1 AND mi_idx.info_type_id=99;"}
{"planinfo": {"Plan": {"Node Type": "Aggregate", "Strategy": "Plain", "Partial Mode": "Simple", "Parallel Aware": false, "Startup Cost": 1042.61, "Total Cost": 1042.62, "Plan Rows": 1, "Plan Width": 8, "Actual Startup Time": 0.459, "Actual Total Time": 0.459, "Actual Rows": 1, "Actual Loops": 1, "Output": ["count(*)"], "Shared Hit Blocks": 0, "Shared Read Blocks": 4, "Shared Dirtied Blocks": 0, "Shared Written Blocks": 0, "Local Hit Blocks": 0, "Local Read Blocks": 0, "Local Dirtied Blocks": 0, "Local Written Blocks": 0, "Temp Read Blocks": 0, "Temp Written Blocks": 0, "I/O Read Time": 0.439, "I/O Write Time": 0.0, "Plans": [{"Node Type": "Index Scan", "Parent Relationship": "Outer", "Parallel Aware": false, "Scan Direction": "Forward", "Index Name": "person_id_cast_info", "Relation Name": "cast_info", "Schema": "public", "Alias": "ci", "Startup Cost": 0.44, "Total Cost": 1042.05, "Plan Rows": 223, "Plan Width": 0, "Actual Startup Time": 0.455, "Actual Total Time": 0.456, "Actual Rows": 1, "Actual Loops": 1, "Output": ["id", "person_id", "movie_id", "person_role_id", "note", "nr_order", "role_id"], "Index Cond": "(ci.person_id = 3374181)", "Rows Removed by Index Recheck": 0, "Filter": "(ci.role_id > 2)", "Rows Removed by Filter": 0, "Shared Hit Blocks": 0, "Shared Read Blocks": 4, "Shared Dirtied Blocks": 0, "Shared Written Blocks": 0, "Local Hit Blocks": 0, "Local Read Blocks": 0, "Local Dirtied Blocks": 0, "Local Written Blocks": 0, "Temp Read Blocks": 0, "Temp Written Blocks": 0, "I/O Read Time": 0.439, "I/O Write Time": 0.0}]}, "Planning": {"Shared Hit Blocks": 75, "Shared Read Blocks": 14, "Shared Dirtied Blocks": 0, "Shared Written Blocks": 0, "Local Hit Blocks": 0, "Local Read Blocks": 0, "Local Dirtied Blocks": 0, "Local Written Blocks": 0, "Temp Read Blocks": 0, "Temp Written Blocks": 0, "I/O Read Time": 0.97, "I/O Write Time": 0.0}, "Planning Time": 1.557, "Triggers": [], "Execution Time": 0.486}, "template": "scale", "query": "EXPLAIN (ANALYZE, COSTS, BUFFERS, VERBOSE, FORMAT JSON) SELECT COUNT(*) FROM cast_info ci WHERE ci.person_id=3374181 AND ci.role_id>2;"}
{"planinfo": {"Plan": {"Node Type": "Aggregate", "Strategy": "Plain", "Partial Mode": "Simple", "Parallel Aware": false, "Startup Cost": 2213.47, "Total Cost": 2213.48, "Plan Rows": 1, "Plan Width": 8, "Actual Startup Time": 3.882, "Actual Total Time": 3.883, "Actual Rows": 1, "Actual Loops": 1, "Output": ["count(*)"], "Shared Hit Blocks": 21, "Shared Read Blocks": 41, "Shared Dirtied Blocks": 0, "Shared Written Blocks": 0, "Local Hit Blocks": 0, "Local Read Blocks": 0, "Local Dirtied Blocks": 0, "Local Written Blocks": 0, "Temp Read Blocks": 0, "Temp Written Blocks": 0, "I/O Read Time": 3.693, "I/O Write Time": 0.0, "Plans": [{"Node Type": "Nested Loop", "Parent Relationship": "Outer", "Parallel Aware": false, "Join Type": "Inner", "Startup Cost": 1.29, "Total Cost": 2212.83, "Plan Rows": 254, "Plan Width": 0, "Actual Startup Time": 1.721, "Actual Total Time": 3.873, "Actual Rows": 28, "Actual Loops": 1, "Inner Unique": false, "Shared Hit Blocks": 21, "Shared Read Blocks": 41, "Shared Dirtied Blocks": 0, "Shared Written Blocks": 0, "Local Hit Blocks": 0, "Local Read Blocks": 0, "Local Dirtied Blocks": 0, "Local Written Blocks": 0, "Temp Read Blocks": 0, "Temp Written Blocks": 0, "I/O Read Time": 3.693, "I/O Write Time": 0.0, "Plans": [{"Node Type": "Nested Loop", "Parent Relationship": "Outer", "Parallel Aware": false, "Join Type": "Inner", "Startup Cost": 0.86, "Total Cost": 2070.65, "Plan Rows": 246, "Plan Width": 8, "Actual Startup Time": 0.587, "Actual Total Time": 2.43, "Actual Rows": 8, "Actual Loops": 1, "Output": ["t.id", "mk.movie_id"], "Inner Unique": true, "Shared Hit Blocks": 11, "Shared Read Blocks": 26, "Shared Dirtied Blocks": 0, "Shared Written Blocks": 0, "Local Hit Blocks": 0, "Local Read Blocks": 0, "Local Dirtied Blocks": 0, "Local Written Blocks": 0, "Temp Read Blocks": 0, "Temp Written Blocks": 0, "I/O Read Time": 2.323, "I/O Write Time": 0.0, "Plans": [{"Node Type": "Index Scan", "Parent Relationship": "Outer", "Parallel Aware": false, "Scan Direction": "Forward", "Index Name": "keyword_id_movie_keyword", "Relation Name": "movie_keyword", "Schema": "public", "Alias": "mk", "Startup Cost": 0.43, "Total Cost": 988.56, "Plan Rows": 246, "Plan Width": 4, "Actual Startup Time": 0.396, "Actual Total Time": 1.024, "Actual Rows": 8, "Actual Loops": 1, "Output": ["mk.id", "mk.movie_id", "mk.keyword_id"], "Index Cond": "(mk.keyword_id = 39091)", "Rows Removed by Index Recheck": 0, "Shared Hit Blocks": 0, "Shared Read Blocks": 11, "Shared Dirtied Blocks": 0, "Shared Written Blocks": 0, "Local Hit Blocks": 0, "Local Read Blocks": 0, "Local Dirtied Blocks": 0, "Local Written Blocks": 0, "Temp Read Blocks": 0, "Temp Written Blocks": 0, "I/O Read Time": 0.99, "I/O Write Time": 0.0}, {"Node Type": "Index Only Scan", "Parent Relationship": "Inner", "Parallel Aware": false, "Scan Direction": "Forward", "Index Name": "title_pkey", "Relation Name": "title", "Schema": "public", "Alias": "t", "Startup Cost": 0.43, "Total Cost": 4.4, "Plan Rows": 1, "Plan Width": 4, "Actual Startup Time": 0.174, "Actual Total Time": 0.174, "Actual Rows": 1, "Actual Loops": 8, "Output": ["t.id"], "Index Cond": "(t.id = mk.movie_id)", "Rows Removed by Index Recheck": 0, "Heap Fetches": 0, "Shared Hit Blocks": 11, "Shared Read Blocks": 15, "Shared Dirtied Blocks": 0, "Shared Written Blocks": 0, "Local Hit Blocks": 0, "Local Read Blocks": 0, "Local Dirtied Blocks": 0, "Local Written Blocks": 0, "Temp Read Blocks": 0, "Temp Written Blocks": 0, "I/O Read Time": 1.333, "I/O Write Time": 0.0}]}, {"Node Type": "Index Only Scan", "Parent Relationship": "Inner", "Parallel Aware": false, "Scan Direction": "Forward", "Index Name": "movie_id_movie_companies", "Relation Name": "movie_companies", "Schema": "public", "Alias": "mc", "Startup Cost": 0.43, "Total Cost": 0.53, "Plan Rows": 5, "Plan Width": 4, "Actual Startup Time": 0.178, "Actual Total Time": 0.179, "Actual Rows": 4, "Actual Loops": 8, "Output": ["mc.movie_id"], "Index Cond": "(mc.movie_id = t.id)", "Rows Removed by Index Recheck": 0, "Heap Fetches": 0, "Shared Hit Blocks": 10, "Shared Read Blocks": 15, "Shared Dirtied Blocks": 0, "Shared Written Blocks": 0, "Local Hit Blocks": 0, "Local Read Blocks": 0, "Local Dirtied Blocks": 0, "Local Written Blocks": 0, "Temp Read Blocks": 0, "Temp Written Blocks": 0, "I/O Read Time": 1.37, "I/O Write Time": 0.0}]}]}, "Planning": {"Shared Hit Blocks": 194, "Shared Read Blocks": 37, "Shared Dirtied Blocks": 0, "Shared Written Blocks": 0, "Local Hit Blocks": 0, "Local Read Blocks": 0, "Local Dirtied Blocks": 0, "Local Written Blocks": 0, "Temp Read Blocks": 0, "Temp Written Blocks": 0, "I/O Read Time": 2.726, "I/O Write Time": 0.0}, "Planning Time": 4.317, "Triggers": [], "Execution Time": 3.98}, "template": "scale", "query": "EXPLAIN (ANALYZE, COSTS, BUFFERS, VERBOSE, FORMAT JSON) SELECT COUNT(*) FROM title t,movie_companies mc,movie_keyword mk WHERE t.id=mc.movie_id AND t.id=mk.movie_id AND mk.keyword_id=39091;"}
{"planinfo": {"Plan": {"Node Type": "Aggregate", "Strategy": "Plain", "Partial Mode": "Simple", "Parallel Aware": false, "Startup Cost": 856237.98, "Total Cost": 856237.99, "Plan Rows": 1, "Plan Width": 8, "Actual Startup Time": 10469.437, "Actual Total Time": 10469.438, "Actual Rows": 1, "Actual Loops": 1, "Output": ["count(*)"], "Shared Hit Blocks": 0, "Shared Read Blocks": 252687, "Shared Dirtied Blocks": 0, "Shared Written Blocks": 0, "Local Hit Blocks": 0, "Local Read Blocks": 0, "Local Dirtied Blocks": 0, "Local Written Blocks": 0, "Temp Read Blocks": 0, "Temp Written Blocks": 0, "I/O Read Time": 375.224, "I/O Write Time": 0.0, "Plans": [{"Node Type": "Seq Scan", "Parent Relationship": "Outer", "Parallel Aware": false, "Relation Name": "cast_info", "Schema": "public", "Alias": "ci", "Startup Cost": 0.0, "Total Cost": 797095.68, "Plan Rows": 23656922, "Plan Width": 0, "Actual Startup Time": 1188.406, "Actual Total Time": 8235.775, "Actual Rows": 22605471, "Actual Loops": 1, "Output": ["id", "person_id", "movie_id", "person_role_id", "note", "nr_order", "role_id"], "Filter": "((ci.person_id > 820744) AND (ci.role_id < 9))", "Rows Removed by Filter": 13638873, "Shared Hit Blocks": 0, "Shared Read Blocks": 252687, "Shared Dirtied Blocks": 0, "Shared Written Blocks": 0, "Local Hit Blocks": 0, "Local Read Blocks": 0, "Local Dirtied Blocks": 0, "Local Written Blocks": 0, "Temp Read Blocks": 0, "Temp Written Blocks": 0, "I/O Read Time": 375.224, "I/O Write Time": 0.0}]}, "Planning": {"Shared Hit Blocks": 74, "Shared Read Blocks": 14, "Shared Dirtied Blocks": 0, "Shared Written Blocks": 0, "Local Hit Blocks": 0, "Local Read Blocks": 0, "Local Dirtied Blocks": 0, "Local Written Blocks": 0, "Temp Read Blocks": 0, "Temp Written Blocks": 0, "I/O Read Time": 1.11, "I/O Write Time": 0.0}, "Planning Time": 1.764, "Triggers": [], "Execution Time": 10469.487}, "template": "scale", "query": "EXPLAIN (ANALYZE, COSTS, BUFFERS, VERBOSE, FORMAT JSON) SELECT COUNT(*) FROM cast_info ci WHERE ci.person_id>820744 AND ci.role_id<9;"}
{"planinfo": {"Plan": {"Node Type": "Aggregate", "Strategy": "Plain", "Partial Mode": "Simple", "Parallel Aware": false, "Startup Cost": 129416.29, "Total Cost": 129416.3, "Plan Rows": 1, "Plan Width": 8, "Actual Startup Time": 790.931, "Actual Total Time": 790.934, "Actual Rows": 1, "Actual Loops": 1, "Output": ["count(*)"], "Shared Hit Blocks": 3, "Shared Read Blocks": 48405, "Shared Dirtied Blocks": 0, "Shared Written Blocks": 0, "Local Hit Blocks": 0, "Local Read Blocks": 0, "Local Dirtied Blocks": 0, "Local Written Blocks": 0, "Temp Read Blocks": 431, "Temp Written Blocks": 431, "I/O Read Time": 196.117, "I/O Write Time": 0.0, "Plans": [{"Node Type": "Hash Join", "Parent Relationship": "Outer", "Parallel Aware": false, "Join Type": "Inner", "Startup Cost": 70551.18, "Total Cost": 129412.68, "Plan Rows": 1446, "Plan Width": 0, "Actual Startup Time": 614.512, "Actual Total Time": 790.398, "Actual Rows": 3461, "Actual Loops": 1, "Inner Unique": true, "Hash Cond": "(mk.movie_id = t.id)", "Shared Hit Blocks": 3, "Shared Read Blocks": 48405, "Shared Dirtied Blocks": 0, "Shared Written Blocks": 0, "Local Hit Blocks": 0, "Local Read Blocks": 0, "Local Dirtied Blocks": 0, "Local Written Blocks": 0, "Temp Read Blocks": 431, "Temp Written Blocks": 431, "I/O Read Time": 196.117, "I/O Write Time": 0.0, "Plans": [{"Node Type": "Index Scan", "Parent Relationship": "Outer", "Parallel Aware": false, "Scan Direction": "Forward", "Index Name": "keyword_id_movie_keyword", "Relation Name": "movie_keyword", "Schema": "public", "Alias": "mk", "Startup Cost": 0.43, "Total Cost": 57946.49, "Plan Rows": 20358, "Plan Width": 4, "Actual Startup Time": 0.356, "Actual Total Time": 154.141, "Actual Rows": 19528, "Actual Loops": 1, "Output": ["mk.movie_id"], "Index Cond": "(mk.keyword_id = 137)", "Rows Removed by Index Recheck": 0, "Shared Hit Blocks": 0, "Shared Read Blocks": 12407, "Shared Dirtied Blocks": 0, "Shared Written Blocks": 0, "Local Hit Blocks": 0, "Local Read Blocks": 0, "Local Dirtied Blocks": 0, "Local Written Blocks": 0, "Temp Read Blocks": 0, "Temp Written Blocks": 0, "I/O Read Time": 130.249, "I/O Write Time": 0.0}, {"Node Type": "Hash", "Parent Relationship": "Inner", "Parallel Aware": false, "Startup Cost": 67604.5, "Total Cost": 67604.5, "Plan Rows": 179540, "Plan Width": 4, "Actual Startup Time": 604.505, "Actual Total Time": 604.506, "Actual Rows": 174610, "Actual Loops": 1, "Output": ["t.id"], "Hash Buckets": 131072, "Original Hash Buckets": 131072, "Hash Batches": 4, "Original Hash Batches": 4, "Peak Memory Usage": 2557, "Shared Hit Blocks": 0, "Shared Read Blocks": 35998, "Shared Dirtied Blocks": 0, "Shared Written Blocks": 0, "Local Hit Blocks": 0, "Local Read Blocks": 0, "Local Dirtied Blocks": 0, "Local Written Blocks": 0, "Temp Read Blocks": 0, "Temp Written Blocks": 383, "I/O Read Time": 65.868, "I/O Write Time": 0.0, "Plans": [{"Node Type": "Seq Scan", "Parent Relationship": "Outer", "Parallel Aware": false, "Relation Name": "title", "Schema": "public", "Alias": "t", "Startup Cost": 0.0, "Total Cost": 67604.5, "Plan Rows": 179540, "Plan Width": 4, "Actual Startup Time": 0.14, "Actual Total Time": 540.208, "Actual Rows": 174610, "Actual Loops": 1, "Output": ["t.id"], "Filter": "(t.production_year < 1952)", "Rows Removed by Filter": 2353702, "Shared Hit Blocks": 0, "Shared Read Blocks": 35998, "Shared Dirtied Blocks": 0, "Shared Written Blocks": 0, "Local Hit Blocks": 0, "Local Read Blocks": 0, "Local Dirtied Blocks": 0, "Local Written Blocks": 0, "Temp Read Blocks": 0, "Temp Written Blocks": 0, "I/O Read Time": 65.868, "I/O Write Time": 0.0}]}]}]}, "Planning": {"Shared Hit Blocks": 100, "Shared Read Blocks": 27, "Shared Dirtied Blocks": 0, "Shared Written Blocks": 0, "Local Hit Blocks": 0, "Local Read Blocks": 0, "Local Dirtied Blocks": 0, "Local Written Blocks": 0, "Temp Read Blocks": 0, "Temp Written Blocks": 0, "I/O Read Time": 1.889, "I/O Write Time": 0.0}, "Planning Time": 2.786, "Triggers": [], "Execution Time": 791.11}, "template": "scale", "query": "EXPLAIN (ANALYZE, COSTS, BUFFERS, VERBOSE, FORMAT JSON) SELECT COUNT(*) FROM title t,movie_keyword mk WHERE t.id=mk.movie_id AND t.production_year<1952 AND mk.keyword_id=137;"}
{"planinfo": {"Plan": {"Node Type": "Aggregate", "Strategy": "Plain", "Partial Mode": "Simple", "Parallel Aware": false, "Startup Cost": 8858.55, "Total Cost": 8858.56, "Plan Rows": 1, "Plan Width": 8, "Actual Startup Time": 111.856, "Actual Total Time": 111.857, "Actual Rows": 1, "Actual Loops": 1, "Output": ["count(*)"], "Shared Hit Blocks": 0, "Shared Read Blocks": 841, "Shared Dirtied Blocks": 0, "Shared Written Blocks": 0, "Local Hit Blocks": 0, "Local Read Blocks": 0, "Local Dirtied Blocks": 0, "Local Written Blocks": 0, "Temp Read Blocks": 0, "Temp Written Blocks": 0, "I/O Read Time": 22.395, "I/O Write Time": 0.0, "Plans": [{"Node Type": "Index Only Scan", "Parent Relationship": "Outer", "Parallel Aware": false, "Scan Direction": "Forward", "Index Name": "company_id_movie_companies", "Relation Name": "movie_companies", "Schema": "public", "Alias": "mc", "Startup Cost": 0.43, "Total Cost": 7992.28, "Plan Rows": 346506, "Plan Width": 0, "Actual Startup Time": 0.423, "Actual Total Time": 78.576, "Actual Rows": 340301, "Actual Loops": 1, "Output": ["company_id"], "Index Cond": "(mc.company_id > 89250)", "Rows Removed by Index Recheck": 0, "Heap Fetches": 0, "Shared Hit Blocks": 0, "Shared Read Blocks": 841, "Shared Dirtied Blocks": 0, "Shared Written Blocks": 0, "Local Hit Blocks": 0, "Local Read Blocks": 0, "Local Dirtied Blocks": 0, "Local Written Blocks": 0, "Temp Read Blocks": 0, "Temp Written Blocks": 0, "I/O Read Time": 22.395, "I/O Write Time": 0.0}]}, "Planning": {"Shared Hit Blocks": 63, "Shared Read Blocks": 10, "Shared Dirtied Blocks": 0, "Shared Written Blocks": 0, "Local Hit Blocks": 0, "Local Read Blocks": 0, "Local Dirtied Blocks": 0, "Local Written Blocks": 0, "Temp Read Blocks": 0, "Temp Written Blocks": 0, "I/O Read Time": 0.752, "I/O Write Time": 0.0}, "Planning Time": 1.265, "Triggers": [], "Execution Time": 111.894}, "template": "scale", "query": "EXPLAIN (ANALYZE, COSTS, BUFFERS, VERBOSE, FORMAT JSON) SELECT COUNT(*) FROM movie_companies mc WHERE mc.company_id>89250;"}
{"planinfo": {"Plan": {"Node Type": "Aggregate", "Strategy": "Plain", "Partial Mode": "Simple", "Parallel Aware": false, "Startup Cost": 116179.66, "Total Cost": 116179.67, "Plan Rows": 1, "Plan Width": 8, "Actual Startup Time": 1423.255, "Actual Total Time": 1423.259, "Actual Rows": 1, "Actual Loops": 1, "Output": ["count(*)"], "Shared Hit Blocks": 3, "Shared Read Blocks": 43933, "Shared Dirtied Blocks": 0, "Shared Written Blocks": 0, "Local Hit Blocks": 0, "Local Read Blocks": 0, "Local Dirtied Blocks": 0, "Local Written Blocks": 0, "Temp Read Blocks": 2855, "Temp Written Blocks": 2855, "I/O Read Time": 100.584, "I/O Write Time": 0.0, "Plans": [{"Node Type": "Hash Join", "Parent Relationship": "Outer", "Parallel Aware": false, "Join Type": "Inner", "Startup Cost": 83647.85, "Total Cost": 115912.28, "Plan Rows": 106953, "Plan Width": 0, "Actual Startup Time": 818.628, "Actual Total Time": 1417.045, "Actual Rows": 52749, "Actual Loops": 1, "Inner Unique": true, "Hash Cond": "(mi_idx.movie_id = t.id)", "Shared Hit Blocks": 3, "Shared Read Blocks": 43933, "Shared Dirtied Blocks": 0, "Shared Written Blocks": 0, "Local Hit Blocks": 0, "Local Read Blocks": 0, "Local Dirtied Blocks": 0, "Local Written Blocks": 0, "Temp Read Blocks": 2855, "Temp Written Blocks": 2855, "I/O Read Time": 100.584, "I/O Write Time": 0.0, "Plans": [{"Node Type": "Seq Scan", "Parent Relationship": "Outer", "Parallel Aware": false, "Relation Name": "movie_info_idx", "Schema": "public", "Alias": "mi_idx", "Startup Cost": 0.0, "Total Cost": 25185.44, "Plan Rows": 456378, "Plan Width": 4, "Actual Startup Time": 0.121, "Actual Total Time": 299.407, "Actual Rows": 459925, "Actual Loops": 1, "Output": ["mi_idx.movie_id"], "Filter": "(mi_idx.info_type_id = 99)", "Rows Removed by Filter": 920110, "Shared Hit Blocks": 0, "Shared Read Blocks": 7935, "Shared Dirtied Blocks": 0, "Shared Written Blocks": 0, "Local Hit Blocks": 0, "Local Read Blocks": 0, "Local Dirtied Blocks": 0, "Local Written Blocks": 0, "Temp Read Blocks": 0, "Temp Written Blocks": 0, "I/O Read Time": 40.263, "I/O Write Time": 0.0}, {"Node Type": "Hash", "Parent Relationship": "Inner", "Parallel Aware": false, "Startup Cost": 73925.8, "Total Cost": 73925.8, "Plan Rows": 592564, "Plan Width": 4, "Actual Startup Time": 817.73, "Actual Total Time": 817.732, "Actual Rows": 651538, "Actual Loops": 1, "Output": ["t.id"], "Hash Buckets": 131072, "Original Hash Buckets": 131072, "Hash Batches": 8, "Original Hash Batches": 8, "Peak Memory Usage": 3887, "Shared Hit Blocks": 0, "Shared Read Blocks": 35998, "Shared Dirtied Blocks": 0, "Shared Written Blocks": 0, "Local Hit Blocks": 0, "Local Read Blocks": 0, "Local Dirtied Blocks": 0, "Local Written Blocks": 0, "Temp Read Blocks": 0, "Temp Written Blocks": 1666, "I/O Read Time": 60.321, "I/O Write Time": 0.0, "Plans": [{"Node Type": "Seq Scan", "Parent Relationship": "Outer", "Parallel Aware": false, "Relation Name": "title", "Schema": "public", "Alias": "t", "Startup Cost": 0.0, "Total Cost": 73925.8, "Plan Rows": 592564, "Plan Width": 4, "Actual Startup Time": 0.142, "Actual Total Time": 605.471, "Actual Rows": 651538, "Actual Loops": 1, "Output": ["t.id"], "Filter": "((t.kind_id > 3) AND (t.production_year > 2006))", "Rows Removed by Filter": 1876774, "Shared Hit Blocks": 0, "Shared Read Blocks": 35998, "Shared Dirtied Blocks": 0, "Shared Written Blocks": 0, "Local Hit Blocks": 0, "Local Read Blocks": 0, "Local Dirtied Blocks": 0, "Local Written Blocks": 0, "Temp Read Blocks": 0, "Temp Written Blocks": 0, "I/O Read Time": 60.321, "I/O Write Time": 0.0}]}]}]}, "Planning": {"Shared Hit Blocks": 111, "Shared Read Blocks": 26, "Shared Dirtied Blocks": 0, "Shared Written Blocks": 0, "Local Hit Blocks": 0, "Local Read Blocks": 0, "Local Dirtied Blocks": 0, "Local Written Blocks": 0, "Temp Read Blocks": 0, "Temp Written Blocks": 0, "I/O Read Time": 1.82, "I/O Write Time": 0.0}, "Planning Time": 2.723, "Triggers": [], "Execution Time": 1423.479}, "template": "scale", "query": "EXPLAIN (ANALYZE, COSTS, BUFFERS, VERBOSE, FORMAT JSON) SELECT COUNT(*) FROM title t,movie_info_idx mi_idx WHERE t.id=mi_idx.movie_id AND t.kind_id>3 AND t.production_year>2006 AND mi_idx.info_type_id=99;"}
{"planinfo": {"Plan": {"Node Type": "Aggregate", "Strategy": "Plain", "Partial Mode": "Simple", "Parallel Aware": false, "Startup Cost": 439470.04, "Total Cost": 439470.05, "Plan Rows": 1, "Plan Width": 8, "Actual Startup Time": 23252.106, "Actual Total Time": 23252.11, "Actual Rows": 1, "Actual Loops": 1, "Output": ["count(*)"], "Shared Hit Blocks": 7632589, "Shared Read Blocks": 83544, "Shared Dirtied Blocks": 0, "Shared Written Blocks": 0, "Local Hit Blocks": 0, "Local Read Blocks": 0, "Local Dirtied Blocks": 0, "Local Written Blocks": 0, "Temp Read Blocks": 12384, "Temp Written Blocks": 12384, "I/O Read Time": 2378.579, "I/O Write Time": 0.0, "Plans": [{"Node Type": "Nested Loop", "Parent Relationship": "Outer", "Parallel Aware": false, "Join Type": "Inner", "Startup Cost": 159174.05, "Total Cost": 434020.57, "Plan Rows": 2179786, "Plan Width": 0, "Actual Startup Time": 2789.095, "Actual Total Time": 19896.407, "Actual Rows": 30764058, "Actual Loops": 1, "Inner Unique": false, "Shared Hit Blocks": 7632589, "Shared Read Blocks": 83544, "Shared Dirtied Blocks": 0, "Shared Written Blocks": 0, "Local Hit Blocks": 0, "Local Read Blocks": 0, "Local Dirtied Blocks": 0, "Local Written Blocks": 0, "Temp Read Blocks": 12384, "Temp Written Blocks": 12384, "I/O Read Time": 2378.579, "I/O Write Time": 0.0, "Plans": [{"Node Type": "Hash Join", "Parent Relationship": "Outer", "Parallel Aware": false, "Join Type": "Inner", "Startup Cost": 159173.61, "Total Cost": 199471.7, "Plan Rows": 151861, "Plan Width": 12, "Actual Startup Time": 2788.934, "Actual Total Time": 4029.354, "Actual Rows": 777264, "Actual Loops": 1, "Output": ["t.id", "mc.movie_id", "mi_idx.movie_id"], "Inner Unique": false, "Hash Cond": "(mi_idx.movie_id = t.id)", "Shared Hit Blocks": 3, "Shared Read Blocks": 52595, "Shared Dirtied Blocks": 0, "Shared Written Blocks": 0, "Local Hit Blocks": 0, "Local Read Blocks": 0, "Local Dirtied Blocks": 0, "Local Written Blocks": 0, "Temp Read Blocks": 12384, "Temp Written Blocks": 12384, "I/O Read Time": 147.761, "I/O Write Time": 0.0, "Plans": [{"Node Type": "Seq Scan", "Parent Relationship": "Outer", "Parallel Aware": false, "Relation Name": "movie_info_idx", "Schema": "public", "Alias": "mi_idx", "Startup Cost": 0.0, "Total Cost": 21735.35, "Plan Rows": 1380035, "Plan Width": 4, "Actual Startup Time": 0.124, "Actual Total Time": 313.228, "Actual Rows": 1380035, "Actual Loops": 1, "Output": ["mi_idx.movie_id"], "Shared Hit Blocks": 0, "Shared Read Blocks": 7935, "Shared Dirtied Blocks": 0, "Shared Written Blocks": 0, "Local Hit Blocks": 0, "Local Read Blocks": 0, "Local Dirtied Blocks": 0, "Local Written Blocks": 0, "Temp Read Blocks": 0, "Temp Written Blocks": 0, "I/O Read Time": 43.273, "I/O Write Time": 0.0}, {"Node Type": "Hash", "Parent Relationship": "Inner", "Parallel Aware": false, "Startup Cost": 154608.58, "Total Cost": 154608.58, "Plan Rows": 278242, "Plan Width": 8, "Actual Startup Time": 2787.583, "Actual Total Time": 2787.585, "Actual Rows": 532503, "Actual Loops": 1, "Output": ["t.id", "mc.movie_id"], "Hash Buckets": 131072, "Original Hash Buckets": 131072, "Hash Batches": 8, "Original Hash Batches": 4, "Peak Memory Usage": 3635, "Shared Hit Blocks": 0, "Shared Read Blocks": 44660, "Shared Dirtied Blocks": 0, "Shared Written Blocks": 0, "Local Hit Blocks": 0, "Local Read Blocks": 0, "Local Dirtied Blocks": 0, "Local Written Blocks": 0, "Temp Read Blocks": 7249, "Temp Written Blocks": 8838, "I/O Read Time": 104.488, "I/O Write Time": 0.0, "Plans": [{"Node Type": "Hash Join", "Parent Relationship": "Outer", "Parallel Aware": false, "Join Type": "Inner", "Startup Cost": 46084.01, "Total Cost": 154608.58, "Plan Rows": 278242, "Plan Width": 8, "Actual Startup Time": 708.942, "Actual Total Time": 2609.129, "Actual Rows": 532503, "Actual Loops": 1, "Output": ["t.id", "mc.movie_id"], "Inner Unique": false, "Hash Cond": "(t.id = mc.movie_id)", "Shared Hit Blocks": 0, "Shared Read Blocks": 44660, "Shared Dirtied Blocks": 0, "Shared Written Blocks": 0, "Local Hit Blocks": 0, "Local Read Blocks": 0, "Local Dirtied Blocks": 0, "Local Written Blocks": 0, "Temp Read Blocks": 7249, "Temp Written Blocks": 7249, "I/O Read Time": 104.488, "I/O Write Time": 0.0, "Plans": [{"Node Type": "Seq Scan", "Parent Relationship": "Outer", "Parallel Aware": false, "Relation Name": "title", "Schema": "public", "Alias": "t", "Startup Cost": 0.0, "Total Cost": 67604.5, "Plan Rows": 2228074, "Plan Width": 4, "Actual Startup Time": 0.135, "Actual Total Time": 695.476, "Actual Rows": 2224569, "Actual Loops": 1, "Output": ["t.id"], "Filter": "(t.production_year < 2012)", "Rows Removed by Filter": 303743, "Shared Hit Blocks": 0, "Shared Read Blocks": 35998, "Shared Dirtied Blocks": 0, "Shared Written Blocks": 0, "Local Hit Blocks": 0, "Local Read Blocks": 0, "Local Dirtied Blocks": 0, "Local Written Blocks": 0, "Temp Read Blocks": 0, "Temp Written Blocks": 0, "I/O Read Time": 58.926, "I/O Write Time": 0.0}, {"Node Type": "Hash", "Parent Relationship": "Inner", "Parallel Aware": false, "Startup Cost": 40902.99, "Total Cost": 40902.99, "Plan Rows": 315762, "Plan Width": 4, "Actual Startup Time": 708.092, "Actual Total Time": 708.093, "Actual Rows": 600656, "Actual Loops": 1, "Output": ["mc.movie_id"], "Hash Buckets": 131072, "Original Hash Buckets": 131072, "Hash Batches": 8, "Original Hash Batches": 8, "Peak Memory Usage": 3674, "Shared Hit Blocks": 0, "Shared Read Blocks": 8662, "Shared Dirtied Blocks": 0, "Shared Written Blocks": 0, "Local Hit Blocks": 0, "Local Read Blocks": 0, "Local Dirtied Blocks": 0, "Local Written Blocks": 0, "Temp Read Blocks": 0, "Temp Written Blocks": 1536, "I/O Read Time": 45.562, "I/O Write Time": 0.0, "Plans": [{"Node Type": "Index Scan", "Parent Relationship": "Outer", "Parallel Aware": false, "Scan Direction": "Forward", "Index Name": "company_type_id_movie_companies", "Relation Name": "movie_companies", "Schema": "public", "Alias": "mc", "Startup Cost": 0.43, "Total Cost": 40902.99, "Plan Rows": 315762, "Plan Width": 4, "Actual Startup Time": 0.508, "Actual Total Time": 527.118, "Actual Rows": 600656, "Actual Loops": 1, "Output": ["mc.movie_id"], "Index Cond": "(mc.company_type_id > 1)", "Rows Removed by Index Recheck": 0, "Filter": "(mc.company_id > 65820)", "Rows Removed by Filter": 734227, "Shared Hit Blocks": 0, "Shared Read Blocks": 8662, "Shared Dirtied Blocks": 0, "Shared Written Blocks": 0, "Local Hit Blocks": 0, "Local Read Blocks": 0, "Local Dirtied Blocks": 0, "Local Written Blocks": 0, "Temp Read Blocks": 0, "Temp Written Blocks": 0, "I/O Read Time": 45.562, "I/O Write Time": 0.0}]}]}]}]}, {"Node Type": "Index Only Scan", "Parent Relationship": "Inner", "Parallel Aware": false, "Scan Direction": "Forward", "Index Name": "movie_id_cast_info", "Relation Name": "cast_info", "Schema": "public", "Alias": "ci", "Startup Cost": 0.44, "Total Cost": 1.17, "Plan Rows": 37, "Plan Width": 4, "Actual Startup Time": 0.008, "Actual Total Time": 0.015, "Actual Rows": 40, "Actual Loops": 777264, "Output": ["ci.movie_id"], "Index Cond": "(ci.movie_id = t.id)", "Rows Removed by Index Recheck": 0, "Heap Fetches": 0, "Shared Hit Blocks": 7632586, "Shared Read Blocks": 30949, "Shared Dirtied Blocks": 0, "Shared Written Blocks": 0, "Local Hit Blocks": 0, "Local Read Blocks": 0, "Local Dirtied Blocks": 0, "Local Written Blocks": 0, "Temp Read Blocks": 0, "Temp Written Blocks": 0, "I/O Read Time": 2230.818, "I/O Write Time": 0.0}]}]}, "Planning": {"Shared Hit Blocks": 332, "Shared Read Blocks": 54, "Shared Dirtied Blocks": 0, "Shared Written Blocks": 0, "Local Hit Blocks": 0, "Local Read Blocks": 0, "Local Dirtied Blocks": 0, "Local Written Blocks": 0, "Temp Read Blocks": 0, "Temp Written Blocks": 0, "I/O Read Time": 4.274, "I/O Write Time": 0.0}, "Planning Time": 7.154, "Triggers": [], "Execution Time": 23252.776}, "template": "scale", "query": "EXPLAIN (ANALYZE, COSTS, BUFFERS, VERBOSE, FORMAT JSON) SELECT COUNT(*) FROM title t,movie_companies mc,cast_info ci,movie_info_idx mi_idx WHERE t.id=mc.movie_id AND t.id=ci.movie_id AND t.id=mi_idx.movie_id AND t.production_year<2012 AND mc.company_id>65820 AND mc.company_type_id>1;"}
{"planinfo": {"Plan": {"Node Type": "Aggregate", "Strategy": "Plain", "Partial Mode": "Simple", "Parallel Aware": false, "Startup Cost": 42449.37, "Total Cost": 42449.38, "Plan Rows": 1, "Plan Width": 8, "Actual Startup Time": 493.444, "Actual Total Time": 493.445, "Actual Rows": 1, "Actual Loops": 1, "Output": ["count(*)"], "Shared Hit Blocks": 0, "Shared Read Blocks": 1862, "Shared Dirtied Blocks": 0, "Shared Written Blocks": 0, "Local Hit Blocks": 0, "Local Read Blocks": 0, "Local Dirtied Blocks": 0, "Local Written Blocks": 0, "Temp Read Blocks": 0, "Temp Written Blocks": 0, "I/O Read Time": 93.169, "I/O Write Time": 0.0, "Plans": [{"Node Type": "Index Only Scan", "Parent Relationship": "Outer", "Parallel Aware": false, "Scan Direction": "Forward", "Index Name": "company_id_movie_companies", "Relation Name": "movie_companies", "Schema": "public", "Alias": "mc", "Startup Cost": 0.43, "Total Cost": 38296.75, "Plan Rows": 1661047, "Plan Width": 0, "Actual Startup Time": 0.276, "Actual Total Time": 332.051, "Actual Rows": 1667568, "Actual Loops": 1, "Output": ["company_id"], "Index Cond": "(mc.company_id < 18965)", "Rows Removed by Index Recheck": 0, "Heap Fetches": 0, "Shared Hit Blocks": 0, "Shared Read Blocks": 1862, "Shared Dirtied Blocks": 0, "Shared Written Blocks": 0, "Local Hit Blocks": 0, "Local Read Blocks": 0, "Local Dirtied Blocks": 0, "Local Written Blocks": 0, "Temp Read Blocks": 0, "Temp Written Blocks": 0, "I/O Read Time": 93.169, "I/O Write Time": 0.0}]}, "Planning": {"Shared Hit Blocks": 59, "Shared Read Blocks": 10, "Shared Dirtied Blocks": 0, "Shared Written Blocks": 0, "Local Hit Blocks": 0, "Local Read Blocks": 0, "Local Dirtied Blocks": 0, "Local Written Blocks": 0, "Temp Read Blocks": 0, "Temp Written Blocks": 0, "I/O Read Time": 0.719, "I/O Write Time": 0.0}, "Planning Time": 1.179, "Triggers": [], "Execution Time": 493.477}, "template": "scale", "query": "EXPLAIN (ANALYZE, COSTS, BUFFERS, VERBOSE, FORMAT JSON) SELECT COUNT(*) FROM movie_companies mc WHERE mc.company_id<18965;"}
{"planinfo": {"Plan": {"Node Type": "Aggregate", "Strategy": "Plain", "Partial Mode": "Simple", "Parallel Aware": false, "Startup Cost": 31194.99, "Total Cost": 31195.0, "Plan Rows": 1, "Plan Width": 8, "Actual Startup Time": 319.96, "Actual Total Time": 319.962, "Actual Rows": 1, "Actual Loops": 1, "Output": ["count(*)"], "Shared Hit Blocks": 0, "Shared Read Blocks": 1048, "Shared Dirtied Blocks": 0, "Shared Written Blocks": 0, "Local Hit Blocks": 0, "Local Read Blocks": 0, "Local Dirtied Blocks": 0, "Local Written Blocks": 0, "Temp Read Blocks": 0, "Temp Written Blocks": 0, "I/O Read Time": 5.975, "I/O Write Time": 0.0, "Plans": [{"Node Type": "Index Only Scan", "Parent Relationship": "Outer", "Parallel Aware": false, "Scan Direction": "Forward", "Index Name": "company_type_id_movie_companies", "Relation Name": "movie_companies", "Schema": "public", "Alias": "mc", "Startup Cost": 0.43, "Total Cost": 27826.17, "Plan Rows": 1347528, "Plan Width": 0, "Actual Startup Time": 0.429, "Actual Total Time": 191.373, "Actual Rows": 1334883, "Actual Loops": 1, "Output": ["company_type_id"], "Index Cond": "(mc.company_type_id = 2)", "Rows Removed by Index Recheck": 0, "Heap Fetches": 0, "Shared Hit Blocks": 0, "Shared Read Blocks": 1048, "Shared Dirtied Blocks": 0, "Shared Written Blocks": 0, "Local Hit Blocks": 0, "Local Read Blocks": 0, "Local Dirtied Blocks": 0, "Local Written Blocks": 0, "Temp Read Blocks": 0, "Temp Written Blocks": 0, "I/O Read Time": 5.975, "I/O Write Time": 0.0}]}, "Planning": {"Shared Hit Blocks": 61, "Shared Read Blocks": 10, "Shared Dirtied Blocks": 0, "Shared Written Blocks": 0, "Local Hit Blocks": 0, "Local Read Blocks": 0, "Local Dirtied Blocks": 0, "Local Written Blocks": 0, "Temp Read Blocks": 0, "Temp Written Blocks": 0, "I/O Read Time": 0.72, "I/O Write Time": 0.0}, "Planning Time": 1.169, "Triggers": [], "Execution Time": 319.996}, "template": "scale", "query": "EXPLAIN (ANALYZE, COSTS, BUFFERS, VERBOSE, FORMAT JSON) SELECT COUNT(*) FROM movie_companies mc WHERE mc.company_type_id=2;"}
{"planinfo": {"Plan": {"Node Type": "Aggregate", "Strategy": "Plain", "Partial Mode": "Simple", "Parallel Aware": false, "Startup Cost": 2261478.05, "Total Cost": 2261478.06, "Plan Rows": 1, "Plan Width": 8, "Actual Startup Time": 41973.559, "Actual Total Time": 41973.564, "Actual Rows": 1, "Actual Loops": 1, "Output": ["count(*)"], "Shared Hit Blocks": 3, "Shared Read Blocks": 475132, "Shared Dirtied Blocks": 0, "Shared Written Blocks": 0, "Local Hit Blocks": 0, "Local Read Blocks": 0, "Local Dirtied Blocks": 0, "Local Written Blocks": 0, "Temp Read Blocks": 95498, "Temp Written Blocks": 95498, "I/O Read Time": 850.496, "I/O Write Time": 0.0, "Plans": [{"Node Type": "Hash Join", "Parent Relationship": "Outer", "Parallel Aware": false, "Join Type": "Inner", "Startup Cost": 1219028.45, "Total Cost": 2173667.52, "Plan Rows": 35124211, "Plan Width": 0, "Actual Startup Time": 16121.212, "Actual Total Time": 36271.905, "Actual Rows": 56992293, "Actual Loops": 1, "Inner Unique": false, "Hash Cond": "(mi.movie_id = t.id)", "Shared Hit Blocks": 3, "Shared Read Blocks": 475132, "Shared Dirtied Blocks": 0, "Shared Written Blocks": 0, "Local Hit Blocks": 0, "Local Read Blocks": 0, "Local Dirtied Blocks": 0, "Local Written Blocks": 0, "Temp Read Blocks": 95498, "Temp Written Blocks": 95498, "I/O Read Time": 850.496, "I/O Write Time": 0.0, "Plans": [{"Node Type": "Seq Scan", "Parent Relationship": "Outer", "Parallel Aware": false, "Relation Name": "movie_info", "Schema": "public", "Alias": "mi", "Startup Cost": 0.0, "Total Cost": 310177.5, "Plan Rows": 14818450, "Plan Width": 4, "Actual Startup Time": 0.209, "Actual Total Time": 3203.861, "Actual Rows": 14835720, "Actual Loops": 1, "Output": ["mi.movie_id"], "Shared Hit Blocks": 0, "Shared Read Blocks": 161993, "Shared Dirtied Blocks": 0, "Shared Written Blocks": 0, "Local Hit Blocks": 0, "Local Read Blocks": 0, "Local Dirtied Blocks": 0, "Local Written Blocks": 0, "Temp Read Blocks": 0, "Temp Written Blocks": 0, "I/O Read Time": 269.62, "I/O Write Time": 0.0}, {"Node Type": "Hash", "Parent Relationship": "Inner", "Parallel Aware": false, "Startup Cost": 1114846.49, "Total Cost": 1114846.49, "Plan Rows": 5993357, "Plan Width": 12, "Actual Startup Time": 16110.529, "Actual Total Time": 16110.533, "Actual Rows": 3861160, "Actual Loops": 1, "Output": ["t.id", "ci.movie_id", "mk.movie_id"], "Hash Buckets": 131072, "Original Hash Buckets": 131072, "Hash Batches": 128, "Original Hash Batches": 128, "Peak Memory Usage": 2140, "Shared Hit Blocks": 0, "Shared Read Blocks": 313139, "Shared Dirtied Blocks": 0, "Shared Written Blocks": 0, "Local Hit Blocks": 0, "Local Read Blocks": 0, "Local Dirtied Blocks": 0, "Local Written Blocks": 0, "Temp Read Blocks": 37263, "Temp Written Blocks": 52181, "I/O Read Time": 580.876, "I/O Write Time": 0.0, "Plans": [{"Node Type": "Hash Join", "Parent Relationship": "Outer", "Parallel Aware": false, "Join Type": "Inner", "Startup Cost": 252640.13, "Total Cost": 1114846.49, "Plan Rows": 5993357, "Plan Width": 12, "Actual Startup Time": 7917.872, "Actual Total Time": 14790.274, "Actual Rows": 3861160, "Actual Loops": 1, "Output": ["t.id", "ci.movie_id", "mk.movie_id"], "Inner Unique": false, "Hash Cond": "(ci.movie_id = t.id)", "Shared Hit Blocks": 0, "Shared Read Blocks": 313139, "Shared Dirtied Blocks": 0, "Shared Written Blocks": 0, "Local Hit Blocks": 0, "Local Read Blocks": 0, "Local Dirtied Blocks": 0, "Local Written Blocks": 0, "Temp Read Blocks": 37263, "Temp Written Blocks": 37263, "I/O Read Time": 580.876, "I/O Write Time": 0.0, "Plans": [{"Node Type": "Seq Scan", "Parent Relationship": "Outer", "Parallel Aware": false, "Relation Name": "cast_info", "Schema": "public", "Alias": "ci", "Startup Cost": 0.0, "Total Cost": 706360.9, "Plan Rows": 6806977, "Plan Width": 4, "Actual Startup Time": 3609.492, "Actual Total Time": 6502.717, "Actual Rows": 6715674, "Actual Loops": 1, "Output": ["ci.movie_id"], "Filter": "(ci.person_id > 2989235)", "Rows Removed by Filter": 29528670, "Shared Hit Blocks": 0, "Shared Read Blocks": 252687, "Shared Dirtied Blocks": 0, "Shared Written Blocks": 0, "Local Hit Blocks": 0, "Local Read Blocks": 0, "Local Dirtied Blocks": 0, "Local Written Blocks": 0, "Temp Read Blocks": 0, "Temp Written Blocks": 0, "I/O Read Time": 400.852, "I/O Write Time": 0.0}, {"Node Type": "Hash", "Parent Relationship": "Inner", "Parallel Aware": false, "Startup Cost": 216114.46, "Total Cost": 216114.46, "Plan Rows": 2226293, "Plan Width": 8, "Actual Startup Time": 4306.584, "Actual Total Time": 4306.586, "Actual Rows": 551117, "Actual Loops": 1, "Output": ["t.id", "mk.movie_id"], "Hash Buckets": 131072, "Original Hash Buckets": 131072, "Hash Batches": 32, "Original Hash Batches": 32, "Peak Memory Usage": 1684, "Shared Hit Blocks": 0, "Shared Read Blocks": 60452, "Shared Dirtied Blocks": 0, "Shared Written Blocks": 0, "Local Hit Blocks": 0, "Local Read Blocks": 0, "Local Dirtied Blocks": 0, "Local Written Blocks": 0, "Temp Read Blocks": 16341, "Temp Written Blocks": 18149, "I/O Read Time": 180.024, "I/O Write Time": 0.0, "Plans": [{"Node Type": "Hash Join", "Parent Relationship": "Outer", "Parallel Aware": false, "Join Type": "Inner", "Startup Cost": 94340.82, "Total Cost": 216114.46, "Plan Rows": 2226293, "Plan Width": 8, "Actual Startup Time": 1022.243, "Actual Total Time": 4137.261, "Actual Rows": 551117, "Actual Loops": 1, "Output": ["t.id", "mk.movie_id"], "Inner Unique": true, "Hash Cond": "(mk.movie_id = t.id)", "Shared Hit Blocks": 0, "Shared Read Blocks": 60452, "Shared Dirtied Blocks": 0, "Shared Written Blocks": 0, "Local Hit Blocks": 0, "Local Read Blocks": 0, "Local Dirtied Blocks": 0, "Local Written Blocks": 0, "Temp Read Blocks": 16341, "Temp Written Blocks": 16341, "I/O Read Time": 180.024, "I/O Write Time": 0.0, "Plans": [{"Node Type": "Seq Scan", "Parent Relationship": "Outer", "Parallel Aware": false, "Relation Name": "movie_keyword", "Schema": "public", "Alias": "mk", "Startup Cost": 0.0, "Total Cost": 69693.3, "Plan Rows": 4523930, "Plan Width": 4, "Actual Startup Time": 0.143, "Actual Total Time": 952.24, "Actual Rows": 4523930, "Actual Loops": 1, "Output": ["mk.movie_id"], "Shared Hit Blocks": 0, "Shared Read Blocks": 24454, "Shared Dirtied Blocks": 0, "Shared Written Blocks": 0, "Local Hit Blocks": 0, "Local Read Blocks": 0, "Local Dirtied Blocks": 0, "Local Written Blocks": 0, "Temp Read Blocks": 0, "Temp Written Blocks": 0, "I/O Read Time": 121.885, "I/O Write Time": 0.0}, {"Node Type": "Hash", "Parent Relationship": "Inner", "Parallel Aware": false, "Startup Cost": 73925.8, "Total Cost": 73925.8, "Plan Rows": 1244322, "Plan Width": 4, "Actual Startup Time": 1021.002, "Actual Total Time": 1021.003, "Actual Rows": 1221534, "Actual Loops": 1, "Output": ["t.id"], "Hash Buckets": 131072, "Original Hash Buckets": 131072, "Hash Batches": 32, "Original Hash Batches": 32, "Peak Memory Usage": 2363, "Shared Hit Blocks": 0, "Shared Read Blocks": 35998, "Shared Dirtied Blocks": 0, "Shared Written Blocks": 0, "Local Hit Blocks": 0, "Local Read Blocks": 0, "Local Dirtied Blocks": 0, "Local Written Blocks": 0, "Temp Read Blocks": 0, "Temp Written Blocks": 3452, "I/O Read Time": 58.139, "I/O Write Time": 0.0, "Plans": [{"Node Type": "Seq Scan", "Parent Relationship": "Outer", "Parallel Aware": false, "Relation Name": "title", "Schema": "public", "Alias": "t", "Startup Cost": 0.0, "Total Cost": 73925.8, "Plan Rows": 1244322, "Plan Width": 4, "Actual Startup Time": 0.145, "Actual Total Time": 648.767, "Actual Rows": 1221534, "Actual Loops": 1, "Output": ["t.id"], "Filter": "((t.production_year < 2011) AND (t.kind_id = 7))", "Rows Removed by Filter": 1306778, "Shared Hit Blocks": 0, "Shared Read Blocks": 35998, "Shared Dirtied Blocks": 0, "Shared Written Blocks": 0, "Local Hit Blocks": 0, "Local Read Blocks": 0, "Local Dirtied Blocks": 0, "Local Written Blocks": 0, "Temp Read Blocks": 0, "Temp Written Blocks": 0, "I/O Read Time": 58.139, "I/O Write Time": 0.0}]}]}]}]}]}]}]}, "Planning": {"Shared Hit Blocks": 321, "Shared Read Blocks": 52, "Shared Dirtied Blocks": 0, "Shared Written Blocks": 0, "Local Hit Blocks": 0, "Local Read Blocks": 0, "Local Dirtied Blocks": 0, "Local Written Blocks": 0, "Temp Read Blocks": 0, "Temp Written Blocks": 0, "I/O Read Time": 4.513, "I/O Write Time": 0.0}, "Planning Time": 7.216, "Triggers": [], "Execution Time": 41974.236}, "template": "scale", "query": "EXPLAIN (ANALYZE, COSTS, BUFFERS, VERBOSE, FORMAT JSON) SELECT COUNT(*) FROM title t,cast_info ci,movie_info mi,movie_keyword mk WHERE t.id=ci.movie_id AND t.id=mi.movie_id AND t.id=mk.movie_id AND t.kind_id=7 AND t.production_year<2011 AND ci.person_id>2989235;"}
{"planinfo": {"Plan": {"Node Type": "Aggregate", "Strategy": "Plain", "Partial Mode": "Simple", "Parallel Aware": false, "Startup Cost": 152266.46, "Total Cost": 152266.47, "Plan Rows": 1, "Plan Width": 8, "Actual Startup Time": 2475.404, "Actual Total Time": 2475.408, "Actual Rows": 1, "Actual Loops": 1, "Output": ["count(*)"], "Shared Hit Blocks": 3, "Shared Read Blocks": 54788, "Shared Dirtied Blocks": 0, "Shared Written Blocks": 0, "Local Hit Blocks": 0, "Local Read Blocks": 0, "Local Dirtied Blocks": 0, "Local Written Blocks": 0, "Temp Read Blocks": 6431, "Temp Written Blocks": 6431, "I/O Read Time": 153.814, "I/O Write Time": 0.0, "Plans": [{"Node Type": "Hash Join", "Parent Relationship": "Outer", "Parallel Aware": false, "Join Type": "Inner", "Startup Cost": 80480.7, "Total Cost": 151068.25, "Plan Rows": 479285, "Plan Width": 0, "Actual Startup Time": 837.055, "Actual Total Time": 2399.127, "Actual Rows": 728512, "Actual Loops": 1, "Inner Unique": true, "Hash Cond": "(mc.movie_id = t.id)", "Shared Hit Blocks": 3, "Shared Read Blocks": 54788, "Shared Dirtied Blocks": 0, "Shared Written Blocks": 0, "Local Hit Blocks": 0, "Local Read Blocks": 0, "Local Dirtied Blocks": 0, "Local Written Blocks": 0, "Temp Read Blocks": 6431, "Temp Written Blocks": 6431, "I/O Read Time": 153.814, "I/O Write Time": 0.0, "Plans": [{"Node Type": "Seq Scan", "Parent Relationship": "Outer", "Parallel Aware": false, "Relation Name": "movie_companies", "Schema": "public", "Alias": "mc", "Startup Cost": 0.0, "Total Cost": 51404.11, "Plan Rows": 1544161, "Plan Width": 4, "Actual Startup Time": 0.128, "Actual Total Time": 633.821, "Actual Rows": 1552677, "Actual Loops": 1, "Output": ["mc.movie_id"], "Filter": "(mc.company_id < 14821)", "Rows Removed by Filter": 1056452, "Shared Hit Blocks": 0, "Shared Read Blocks": 18790, "Shared Dirtied Blocks": 0, "Shared Written Blocks": 0, "Local Hit Blocks": 0, "Local Read Blocks": 0, "Local Dirtied Blocks": 0, "Local Written Blocks": 0, "Temp Read Blocks": 0, "Temp Written Blocks": 0, "I/O Read Time": 94.058, "I/O Write Time": 0.0}, {"Node Type": "Hash", "Parent Relationship": "Inner", "Parallel Aware": false, "Startup Cost": 67604.5, "Total Cost": 67604.5, "Plan Rows": 784816, "Plan Width": 4, "Actual Startup Time": 835.782, "Actual Total Time": 835.783, "Actual Rows": 782677, "Actual Loops": 1, "Output": ["t.id"], "Hash Buckets": 131072, "Original Hash Buckets": 131072, "Hash Batches": 16, "Original Hash Batches": 16, "Peak Memory Usage": 2744, "Shared Hit Blocks": 0, "Shared Read Blocks": 35998, "Shared Dirtied Blocks": 0, "Shared Written Blocks": 0, "Local Hit Blocks": 0, "Local Read Blocks": 0, "Local Dirtied Blocks": 0, "Local Written Blocks": 0, "Temp Read Blocks": 0, "Temp Written Blocks": 2142, "I/O Read Time": 59.756, "I/O Write Time": 0.0, "Plans": [{"Node Type": "Seq Scan", "Parent Relationship": "Outer", "Parallel Aware": false, "Relation Name": "title", "Schema": "public", "Alias": "t", "Startup Cost": 0.0, "Total Cost": 67604.5, "Plan Rows": 784816, "Plan Width": 4, "Actual Startup Time": 0.148, "Actual Total Time": 582.935, "Actual Rows": 782677, "Actual Loops": 1, "Output": ["t.id"], "Filter": "(t.production_year < 1994)", "Rows Removed by Filter": 1745635, "Shared Hit Blocks": 0, "Shared Read Blocks": 35998, "Shared Dirtied Blocks": 0, "Shared Written Blocks": 0, "Local Hit Blocks": 0, "Local Read Blocks": 0, "Local Dirtied Blocks": 0, "Local Written Blocks": 0, "Temp Read Blocks": 0, "Temp Written Blocks": 0, "I/O Read Time": 59.756, "I/O Write Time": 0.0}]}]}]}, "Planning": {"Shared Hit Blocks": 114, "Shared Read Blocks": 29, "Shared Dirtied Blocks": 0, "Shared Written Blocks": 0, "Local Hit Blocks": 0, "Local Read Blocks": 0, "Local Dirtied Blocks": 0, "Local Written Blocks": 0, "Temp Read Blocks": 0, "Temp Written Blocks": 0, "I/O Read Time": 2.173, "I/O Write Time": 0.0}, "Planning Time": 3.291, "Triggers": [], "Execution Time": 2475.687}, "template": "scale", "query": "EXPLAIN (ANALYZE, COSTS, BUFFERS, VERBOSE, FORMAT JSON) SELECT COUNT(*) FROM title t,movie_companies mc WHERE t.id=mc.movie_id AND t.production_year<1994 AND mc.company_id<14821;"}
{"planinfo": {"Plan": {"Node Type": "Aggregate", "Strategy": "Plain", "Partial Mode": "Simple", "Parallel Aware": false, "Startup Cost": 1681047.52, "Total Cost": 1681047.53, "Plan Rows": 1, "Plan Width": 8, "Actual Startup Time": 27497.165, "Actual Total Time": 27497.169, "Actual Rows": 1, "Actual Loops": 1, "Output": ["count(*)"], "Shared Hit Blocks": 2250458, "Shared Read Blocks": 221540, "Shared Dirtied Blocks": 0, "Shared Written Blocks": 0, "Local Hit Blocks": 0, "Local Read Blocks": 0, "Local Dirtied Blocks": 0, "Local Written Blocks": 0, "Temp Read Blocks": 40264, "Temp Written Blocks": 40264, "I/O Read Time": 2450.14, "I/O Write Time": 0.0, "Plans": [{"Node Type": "Hash Join", "Parent Relationship": "Outer", "Parallel Aware": false, "Join Type": "Inner", "Startup Cost": 810942.05, "Total Cost": 1635324.82, "Plan Rows": 18289082, "Plan Width": 0, "Actual Startup Time": 7204.271, "Actual Total Time": 23219.244, "Actual Rows": 43289689, "Actual Loops": 1, "Inner Unique": false, "Hash Cond": "(mi.movie_id = t.id)", "Shared Hit Blocks": 2250458, "Shared Read Blocks": 221540, "Shared Dirtied Blocks": 0, "Shared Written Blocks": 0, "Local Hit Blocks": 0, "Local Read Blocks": 0, "Local Dirtied Blocks": 0, "Local Written Blocks": 0, "Temp Read Blocks": 40264, "Temp Written Blocks": 40264, "I/O Read Time": 2450.14, "I/O Write Time": 0.0, "Plans": [{"Node Type": "Seq Scan", "Parent Relationship": "Outer", "Parallel Aware": false, "Relation Name": "movie_info", "Schema": "public", "Alias": "mi", "Startup Cost": 0.0, "Total Cost": 347223.62, "Plan Rows": 9926066, "Plan Width": 4, "Actual Startup Time": 169.876, "Actual Total Time": 3501.51, "Actual Rows": 9911754, "Actual Loops": 1, "Output": ["mi.movie_id"], "Filter": "(mi.info_type_id > 4)", "Rows Removed by Filter": 4923966, "Shared Hit Blocks": 0, "Shared Read Blocks": 161993, "Shared Dirtied Blocks": 0, "Shared Written Blocks": 0, "Local Hit Blocks": 0, "Local Read Blocks": 0, "Local Dirtied Blocks": 0, "Local Written Blocks": 0, "Temp Read Blocks": 0, "Temp Written Blocks": 0, "I/O Read Time": 263.433, "I/O Write Time": 0.0}, {"Node Type": "Hash", "Parent Relationship": "Inner", "Parallel Aware": false, "Startup Cost": 734507.1, "Total Cost": 734507.1, "Plan Rows": 4658876, "Plan Width": 8, "Actual Startup Time": 7031.858, "Actual Total Time": 7031.86, "Actual Rows": 3451400, "Actual Loops": 1, "Output": ["t.id", "ci.movie_id"], "Hash Buckets": 131072, "Original Hash Buckets": 131072, "Hash Batches": 64, "Original Hash Batches": 64, "Peak Memory Usage": 3157, "Shared Hit Blocks": 2250455, "Shared Read Blocks": 59547, "Shared Dirtied Blocks": 0, "Shared Written Blocks": 0, "Local Hit Blocks": 0, "Local Read Blocks": 0, "Local Dirtied Blocks": 0, "Local Written Blocks": 0, "Temp Read Blocks": 0, "Temp Written Blocks": 11579, "I/O Read Time": 2186.707, "I/O Write Time": 0.0, "Plans": [{"Node Type": "Nested Loop", "Parent Relationship": "Outer", "Parallel Aware": false, "Join Type": "Inner", "Startup Cost": 0.44, "Total Cost": 734507.1, "Plan Rows": 4658876, "Plan Width": 8, "Actual Startup Time": 0.782, "Actual Total Time": 5786.953, "Actual Rows": 3451400, "Actual Loops": 1, "Output": ["t.id", "ci.movie_id"], "Inner Unique": false, "Shared Hit Blocks": 2250455, "Shared Read Blocks": 59547, "Shared Dirtied Blocks": 0, "Shared Written Blocks": 0, "Local Hit Blocks": 0, "Local Read Blocks": 0, "Local Dirtied Blocks": 0, "Local Written Blocks": 0, "Temp Read Blocks": 0, "Temp Written Blocks": 0, "I/O Read Time": 2186.707, "I/O Write Time": 0.0, "Plans": [{"Node Type": "Seq Scan", "Parent Relationship": "Outer", "Parallel Aware": false, "Relation Name": "title", "Schema": "public", "Alias": "t", "Startup Cost": 0.0, "Total Cost": 67604.5, "Plan Rows": 324574, "Plan Width": 4, "Actual Startup Time": 0.236, "Actual Total Time": 566.643, "Actual Rows": 323245, "Actual Loops": 1, "Output": ["t.id", "t.title", "t.imdb_index", "t.kind_id", "t.production_year", "t.imdb_id", "t.phonetic_code", "t.episode_of_id", "t.season_nr", "t.episode_nr", "t.series_years", "t.md5sum"], "Filter": "(t.production_year < 1967)", "Rows Removed by Filter": 2205067, "Shared Hit Blocks": 0, "Shared Read Blocks": 35998, "Shared Dirtied Blocks": 0, "Shared Written Blocks": 0, "Local Hit Blocks": 0, "Local Read Blocks": 0, "Local Dirtied Blocks": 0, "Local Written Blocks": 0, "Temp Read Blocks": 0, "Temp Written Blocks": 0, "I/O Read Time": 67.989, "I/O Write Time": 0.0}, {"Node Type": "Index Only Scan", "Parent Relationship": "Inner", "Parallel Aware": false, "Scan Direction": "Forward", "Index Name": "movie_id_cast_info", "Relation Name": "cast_info", "Schema": "public", "Alias": "ci", "Startup Cost": 0.44, "Total Cost": 1.68, "Plan Rows": 37, "Plan Width": 4, "Actual Startup Time": 0.011, "Actual Total Time": 0.014, "Actual Rows": 11, "Actual Loops": 323245, "Output": ["ci.movie_id"], "Index Cond": "(ci.movie_id = t.id)", "Rows Removed by Index Recheck": 0, "Heap Fetches": 0, "Shared Hit Blocks": 2250455, "Shared Read Blocks": 23549, "Shared Dirtied Blocks": 0, "Shared Written Blocks": 0, "Local Hit Blocks": 0, "Local Read Blocks": 0, "Local Dirtied Blocks": 0, "Local Written Blocks": 0, "Temp Read Blocks": 0, "Temp Written Blocks": 0, "I/O Read Time": 2118.718, "I/O Write Time": 0.0}]}]}]}]}, "Planning": {"Shared Hit Blocks": 205, "Shared Read Blocks": 46, "Shared Dirtied Blocks": 0, "Shared Written Blocks": 0, "Local Hit Blocks": 0, "Local Read Blocks": 0, "Local Dirtied Blocks": 0, "Local Written Blocks": 0, "Temp Read Blocks": 0, "Temp Written Blocks": 0, "I/O Read Time": 3.352, "I/O Write Time": 0.0}, "Planning Time": 5.089, "Triggers": [], "Execution Time": 27497.409}, "template": "scale", "query": "EXPLAIN (ANALYZE, COSTS, BUFFERS, VERBOSE, FORMAT JSON) SELECT COUNT(*) FROM title t,cast_info ci,movie_info mi WHERE t.id=ci.movie_id AND t.id=mi.movie_id AND t.production_year<1967 AND mi.info_type_id>4;"}
{"planinfo": {"Plan": {"Node Type": "Aggregate", "Strategy": "Plain", "Partial Mode": "Simple", "Parallel Aware": false, "Startup Cost": 42600.86, "Total Cost": 42600.88, "Plan Rows": 1, "Plan Width": 8, "Actual Startup Time": 535.995, "Actual Total Time": 535.996, "Actual Rows": 1, "Actual Loops": 1, "Output": ["count(*)"], "Shared Hit Blocks": 0, "Shared Read Blocks": 8662, "Shared Dirtied Blocks": 0, "Shared Written Blocks": 0, "Local Hit Blocks": 0, "Local Read Blocks": 0, "Local Dirtied Blocks": 0, "Local Written Blocks": 0, "Temp Read Blocks": 0, "Temp Written Blocks": 0, "I/O Read Time": 44.85, "I/O Write Time": 0.0, "Plans": [{"Node Type": "Index Scan", "Parent Relationship": "Outer", "Parallel Aware": false, "Scan Direction": "Forward", "Index Name": "company_type_id_movie_companies", "Relation Name": "movie_companies", "Schema": "public", "Alias": "mc", "Startup Cost": 0.43, "Total Cost": 40902.99, "Plan Rows": 679150, "Plan Width": 0, "Actual Startup Time": 0.502, "Actual Total Time": 488.676, "Actual Rows": 432142, "Actual Loops": 1, "Output": ["id", "movie_id", "company_id", "company_type_id", "note"], "Index Cond": "(mc.company_type_id > 1)", "Rows Removed by Index Recheck": 0, "Filter": "(mc.company_id < 11385)", "Rows Removed by Filter": 902741, "Shared Hit Blocks": 0, "Shared Read Blocks": 8662, "Shared Dirtied Blocks": 0, "Shared Written Blocks": 0, "Local Hit Blocks": 0, "Local Read Blocks": 0, "Local Dirtied Blocks": 0, "Local Written Blocks": 0, "Temp Read Blocks": 0, "Temp Written Blocks": 0, "I/O Read Time": 44.85, "I/O Write Time": 0.0}]}, "Planning": {"Shared Hit Blocks": 64, "Shared Read Blocks": 11, "Shared Dirtied Blocks": 0, "Shared Written Blocks": 0, "Local Hit Blocks": 0, "Local Read Blocks": 0, "Local Dirtied Blocks": 0, "Local Written Blocks": 0, "Temp Read Blocks": 0, "Temp Written Blocks": 0, "I/O Read Time": 0.767, "I/O Write Time": 0.0}, "Planning Time": 1.263, "Triggers": [], "Execution Time": 536.03}, "template": "scale", "query": "EXPLAIN (ANALYZE, COSTS, BUFFERS, VERBOSE, FORMAT JSON) SELECT COUNT(*) FROM movie_companies mc WHERE mc.company_id<11385 AND mc.company_type_id>1;"}
{"planinfo": {"Plan": {"Node Type": "Aggregate", "Strategy": "Plain", "Partial Mode": "Simple", "Parallel Aware": false, "Startup Cost": 305569.21, "Total Cost": 305569.22, "Plan Rows": 1, "Plan Width": 8, "Actual Startup Time": 9540.253, "Actual Total Time": 9540.258, "Actual Rows": 1, "Actual Loops": 1, "Output": ["count(*)"], "Shared Hit Blocks": 3, "Shared Read Blocks": 79242, "Shared Dirtied Blocks": 0, "Shared Written Blocks": 0, "Local Hit Blocks": 0, "Local Read Blocks": 0, "Local Dirtied Blocks": 0, "Local Written Blocks": 0, "Temp Read Blocks": 24856, "Temp Written Blocks": 24856, "I/O Read Time": 308.483, "I/O Write Time": 0.0, "Plans": [{"Node Type": "Hash Join", "Parent Relationship": "Outer", "Parallel Aware": false, "Join Type": "Inner", "Startup Cost": 165095.71, "Total Cost": 302424.32, "Plan Rows": 1257957, "Plan Width": 0, "Actual Startup Time": 3234.134, "Actual Total Time": 8359.043, "Actual Rows": 11847782, "Actual Loops": 1, "Inner Unique": false, "Hash Cond": "(mk.movie_id = t.id)", "Shared Hit Blocks": 3, "Shared Read Blocks": 79242, "Shared Dirtied Blocks": 0, "Shared Written Blocks": 0, "Local Hit Blocks": 0, "Local Read Blocks": 0, "Local Dirtied Blocks": 0, "Local Written Blocks": 0, "Temp Read Blocks": 24856, "Temp Written Blocks": 24856, "I/O Read Time": 308.483, "I/O Write Time": 0.0, "Plans": [{"Node Type": "Seq Scan", "Parent Relationship": "Outer", "Parallel Aware": false, "Relation Name": "movie_keyword", "Schema": "public", "Alias": "mk", "Startup Cost": 0.0, "Total Cost": 69693.3, "Plan Rows": 4523930, "Plan Width": 4, "Actual Startup Time": 0.123, "Actual Total Time": 993.919, "Actual Rows": 4523930, "Actual Loops": 1, "Output": ["mk.movie_id"], "Shared Hit Blocks": 0, "Shared Read Blocks": 24454, "Shared Dirtied Blocks": 0, "Shared Written Blocks": 0, "Local Hit Blocks": 0, "Local Read Blocks": 0, "Local Dirtied Blocks": 0, "Local Written Blocks": 0, "Temp Read Blocks": 0, "Temp Written Blocks": 0, "I/O Read Time": 150.795, "I/O Write Time": 0.0}, {"Node Type": "Hash", "Parent Relationship": "Inner", "Parallel Aware": false, "Startup Cost": 153559.98, "Total Cost": 153559.98, "Plan Rows": 703099, "Plan Width": 8, "Actual Startup Time": 3232.633, "Actual Total Time": 3232.636, "Actual Rows": 1051700, "Actual Loops": 1, "Output": ["t.id", "mc.movie_id"], "Hash Buckets": 131072, "Original Hash Buckets": 131072, "Hash Batches": 16, "Original Hash Batches": 16, "Peak Memory Usage": 3604, "Shared Hit Blocks": 0, "Shared Read Blocks": 54788, "Shared Dirtied Blocks": 0, "Shared Written Blocks": 0, "Local Hit Blocks": 0, "Local Read Blocks": 0, "Local Dirtied Blocks": 0, "Local Written Blocks": 0, "Temp Read Blocks": 9063, "Temp Written Blocks": 12425, "I/O Read Time": 157.687, "I/O Write Time": 0.0, "Plans": [{"Node Type": "Hash Join", "Parent Relationship": "Outer", "Parallel Aware": false, "Join Type": "Inner", "Startup Cost": 78783.71, "Total Cost": 153559.98, "Plan Rows": 703099, "Plan Width": 8, "Actual Startup Time": 827.79, "Actual Total Time": 2898.364, "Actual Rows": 1051700, "Actual Loops": 1, "Output": ["t.id", "mc.movie_id"], "Inner Unique": true, "Hash Cond": "(mc.movie_id = t.id)", "Shared Hit Blocks": 0, "Shared Read Blocks": 54788, "Shared Dirtied Blocks": 0, "Shared Written Blocks": 0, "Local Hit Blocks": 0, "Local Read Blocks": 0, "Local Dirtied Blocks": 0, "Local Written Blocks": 0, "Temp Read Blocks": 9063, "Temp Written Blocks": 9063, "I/O Read Time": 157.687, "I/O Write Time": 0.0, "Plans": [{"Node Type": "Seq Scan", "Parent Relationship": "Outer", "Parallel Aware": false, "Relation Name": "movie_companies", "Schema": "public", "Alias": "mc", "Startup Cost": 0.0, "Total Cost": 44881.29, "Plan Rows": 2609129, "Plan Width": 4, "Actual Startup Time": 0.12, "Actual Total Time": 603.747, "Actual Rows": 2609129, "Actual Loops": 1, "Output": ["mc.movie_id"], "Shared Hit Blocks": 0, "Shared Read Blocks": 18790, "Shared Dirtied Blocks": 0, "Shared Written Blocks": 0, "Local Hit Blocks": 0, "Local Read Blocks": 0, "Local Dirtied Blocks": 0, "Local Written Blocks": 0, "Temp Read Blocks": 0, "Temp Written Blocks": 0, "I/O Read Time": 97.381, "I/O Write Time": 0.0}, {"Node Type": "Hash", "Parent Relationship": "Inner", "Parallel Aware": false, "Startup Cost": 67604.5, "Total Cost": 67604.5, "Plan Rows": 681377, "Plan Width": 4, "Actual Startup Time": 826.563, "Actual Total Time": 826.564, "Actual Rows": 684146, "Actual Loops": 1, "Output": ["t.id"], "Hash Buckets": 131072, "Original Hash Buckets": 131072, "Hash Batches": 16, "Original Hash Batches": 16, "Peak Memory Usage": 2525, "Shared Hit Blocks": 0, "Shared Read Blocks": 35998, "Shared Dirtied Blocks": 0, "Shared Written Blocks": 0, "Local Hit Blocks": 0, "Local Read Blocks": 0, "Local Dirtied Blocks": 0, "Local Written Blocks": 0, "Temp Read Blocks": 0, "Temp Written Blocks": 1872, "I/O Read Time": 60.306, "I/O Write Time": 0.0, "Plans": [{"Node Type": "Seq Scan", "Parent Relationship": "Outer", "Parallel Aware": false, "Relation Name": "title", "Schema": "public", "Alias": "t", "Startup Cost": 0.0, "Total Cost": 67604.5, "Plan Rows": 681377, "Plan Width": 4, "Actual Startup Time": 0.136, "Actual Total Time": 591.261, "Actual Rows": 684146, "Actual Loops": 1, "Output": ["t.id"], "Filter": "(t.production_year < 1990)", "Rows Removed by Filter": 1844166, "Shared Hit Blocks": 0, "Shared Read Blocks": 35998, "Shared Dirtied Blocks": 0, "Shared Written Blocks": 0, "Local Hit Blocks": 0, "Local Read Blocks": 0, "Local Dirtied Blocks": 0, "Local Written Blocks": 0, "Temp Read Blocks": 0, "Temp Written Blocks": 0, "I/O Read Time": 60.306, "I/O Write Time": 0.0}]}]}]}]}]}, "Planning": {"Shared Hit Blocks": 190, "Shared Read Blocks": 38, "Shared Dirtied Blocks": 0, "Shared Written Blocks": 0, "Local Hit Blocks": 0, "Local Read Blocks": 0, "Local Dirtied Blocks": 0, "Local Written Blocks": 0, "Temp Read Blocks": 0, "Temp Written Blocks": 0, "I/O Read Time": 2.797, "I/O Write Time": 0.0}, "Planning Time": 4.355, "Triggers": [], "Execution Time": 9540.999}, "template": "scale", "query": "EXPLAIN (ANALYZE, COSTS, BUFFERS, VERBOSE, FORMAT JSON) SELECT COUNT(*) FROM title t,movie_companies mc,movie_keyword mk WHERE t.id=mc.movie_id AND t.id=mk.movie_id AND t.production_year<1990;"}
{"planinfo": {"Plan": {"Node Type": "Aggregate", "Strategy": "Plain", "Partial Mode": "Simple", "Parallel Aware": false, "Startup Cost": 2243.2, "Total Cost": 2243.21, "Plan Rows": 1, "Plan Width": 8, "Actual Startup Time": 10.718, "Actual Total Time": 10.72, "Actual Rows": 1, "Actual Loops": 1, "Output": ["count(*)"], "Shared Hit Blocks": 188, "Shared Read Blocks": 110, "Shared Dirtied Blocks": 0, "Shared Written Blocks": 0, "Local Hit Blocks": 0, "Local Read Blocks": 0, "Local Dirtied Blocks": 0, "Local Written Blocks": 0, "Temp Read Blocks": 0, "Temp Written Blocks": 0, "I/O Read Time": 9.874, "I/O Write Time": 0.0, "Plans": [{"Node Type": "Nested Loop", "Parent Relationship": "Outer", "Parallel Aware": false, "Join Type": "Inner", "Startup Cost": 2.15, "Total Cost": 2243.18, "Plan Rows": 7, "Plan Width": 0, "Actual Startup Time": 4.032, "Actual Total Time": 10.709, "Actual Rows": 24, "Actual Loops": 1, "Inner Unique": false, "Shared Hit Blocks": 188, "Shared Read Blocks": 110, "Shared Dirtied Blocks": 0, "Shared Written Blocks": 0, "Local Hit Blocks": 0, "Local Read Blocks": 0, "Local Dirtied Blocks": 0, "Local Written Blocks": 0, "Temp Read Blocks": 0, "Temp Written Blocks": 0, "I/O Read Time": 9.874, "I/O Write Time": 0.0, "Plans": [{"Node Type": "Nested Loop", "Parent Relationship": "Outer", "Parallel Aware": false, "Join Type": "Inner", "Startup Cost": 1.72, "Total Cost": 2224.56, "Plan Rows": 12, "Plan Width": 16, "Actual Startup Time": 2.131, "Actual Total Time": 5.044, "Actual Rows": 14, "Actual Loops": 1, "Output": ["t.id", "mc.movie_id", "mi_idx.movie_id", "mk.movie_id"], "Inner Unique": false, "Shared Hit Blocks": 40, "Shared Read Blocks": 54, "Shared Dirtied Blocks": 0, "Shared Written Blocks": 0, "Local Hit Blocks": 0, "Local Read Blocks": 0, "Local Dirtied Blocks": 0, "Local Written Blocks": 0, "Temp Read Blocks": 0, "Temp Written Blocks": 0, "I/O Read Time": 4.787, "I/O Write Time": 0.0, "Plans": [{"Node Type": "Nested Loop", "Parent Relationship": "Outer", "Parallel Aware": false, "Join Type": "Inner", "Startup Cost": 1.29, "Total Cost": 2197.88, "Plan Rows": 45, "Plan Width": 12, "Actual Startup Time": 0.856, "Actual Total Time": 3.202, "Actual Rows": 6, "Actual Loops": 1, "Output": ["t.id", "mi_idx.movie_id", "mk.movie_id"], "Inner Unique": false, "Shared Hit Blocks": 30, "Shared Read Blocks": 34, "Shared Dirtied Blocks": 0, "Shared Written Blocks": 0, "Local Hit Blocks": 0, "Local Read Blocks": 0, "Local Dirtied Blocks": 0, "Local Written Blocks": 0, "Temp Read Blocks": 0, "Temp Written Blocks": 0, "I/O Read Time": 3.036, "I/O Write Time": 0.0, "Plans": [{"Node Type": "Nested Loop", "Parent Relationship": "Outer", "Parallel Aware": false, "Join Type": "Inner", "Startup Cost": 0.86, "Total Cost": 2070.65, "Plan Rows": 246, "Plan Width": 8, "Actual Startup Time": 0.564, "Actual Total Time": 1.787, "Actual Rows": 8, "Actual Loops": 1, "Output": ["t.id", "mk.movie_id"], "Inner Unique": true, "Shared Hit Blocks": 15, "Shared Read Blocks": 19, "Shared Dirtied Blocks": 0, "Shared Written Blocks": 0, "Local Hit Blocks": 0, "Local Read Blocks": 0, "Local Dirtied Blocks": 0, "Local Written Blocks": 0, "Temp Read Blocks": 0, "Temp Written Blocks": 0, "I/O Read Time": 1.695, "I/O Write Time": 0.0, "Plans": [{"Node Type": "Index Scan", "Parent Relationship": "Outer", "Parallel Aware": false, "Scan Direction": "Forward", "Index Name": "keyword_id_movie_keyword", "Relation Name": "movie_keyword", "Schema": "public", "Alias": "mk", "Startup Cost": 0.43, "Total Cost": 988.56, "Plan Rows": 246, "Plan Width": 4, "Actual Startup Time": 0.371, "Actual Total Time": 0.852, "Actual Rows": 8, "Actual Loops": 1, "Output": ["mk.id", "mk.movie_id", "mk.keyword_id"], "Index Cond": "(mk.keyword_id = 52288)", "Rows Removed by Index Recheck": 0, "Shared Hit Blocks": 0, "Shared Read Blocks": 9, "Shared Dirtied Blocks": 0, "Shared Written Blocks": 0, "Local Hit Blocks": 0, "Local Read Blocks": 0, "Local Dirtied Blocks": 0, "Local Written Blocks": 0, "Temp Read Blocks": 0, "Temp Written Blocks": 0, "I/O Read Time": 0.824, "I/O Write Time": 0.0}, {"Node Type": "Index Only Scan", "Parent Relationship": "Inner", "Parallel Aware": false, "Scan Direction": "Forward", "Index Name": "title_pkey", "Relation Name": "title", "Schema": "public", "Alias": "t", "Startup Cost": 0.43, "Total Cost": 4.4, "Plan Rows": 1, "Plan Width": 4, "Actual Startup Time": 0.115, "Actual Total Time": 0.115, "Actual Rows": 1, "Actual Loops": 8, "Output": ["t.id"], "Index Cond": "(t.id = mk.movie_id)", "Rows Removed by Index Recheck": 0, "Heap Fetches": 0, "Shared Hit Blocks": 15, "Shared Read Blocks": 10, "Shared Dirtied Blocks": 0, "Shared Written Blocks": 0, "Local Hit Blocks": 0, "Local Read Blocks": 0, "Local Dirtied Blocks": 0, "Local Written Blocks": 0, "Temp Read Blocks": 0, "Temp Written Blocks": 0, "I/O Read Time": 0.871, "I/O Write Time": 0.0}]}, {"Node Type": "Index Scan", "Parent Relationship": "Inner", "Parallel Aware": false, "Scan Direction": "Forward", "Index Name": "movie_id_movie_info_idx", "Relation Name": "movie_info_idx", "Schema": "public", "Alias": "mi_idx", "Startup Cost": 0.43, "Total Cost": 0.51, "Plan Rows": 1, "Plan Width": 4, "Actual Startup Time": 0.176, "Actual Total Time": 0.176, "Actual Rows": 1, "Actual Loops": 8, "Output": ["mi_idx.id", "mi_idx.movie_id", "mi_idx.info_type_id", "mi_idx.info", "mi_idx.note"], "Index Cond": "(mi_idx.movie_id = t.id)", "Rows Removed by Index Recheck": 0, "Filter": "(mi_idx.info_type_id = 101)", "Rows Removed by Filter": 2, "Shared Hit Blocks": 15, "Shared Read Blocks": 15, "Shared Dirtied Blocks": 0, "Shared Written Blocks": 0, "Local Hit Blocks": 0, "Local Read Blocks": 0, "Local Dirtied Blocks": 0, "Local Written Blocks": 0, "Temp Read Blocks": 0, "Temp Written Blocks": 0, "I/O Read Time": 1.341, "I/O Write Time": 0.0}]}, {"Node Type": "Index Scan", "Parent Relationship": "Inner", "Parallel Aware": false, "Scan Direction": "Forward", "Index Name": "movie_id_movie_companies", "Relation Name": "movie_companies", "Schema": "public", "Alias": "mc", "Startup Cost": 0.43, "Total Cost": 0.58, "Plan Rows": 1, "Plan Width": 4, "Actual Startup Time": 0.305, "Actual Total Time": 0.306, "Actual Rows": 2, "Actual Loops": 6, "Output": ["mc.id", "mc.movie_id", "mc.company_id", "mc.company_type_id", "mc.note"], "Index Cond": "(mc.movie_id = t.id)", "Rows Removed by Index Recheck": 0, "Filter": "((mc.company_id > 11203) AND (mc.company_type_id = 2))", "Rows Removed by Filter": 9, "Shared Hit Blocks": 10, "Shared Read Blocks": 20, "Shared Dirtied Blocks": 0, "Shared Written Blocks": 0, "Local Hit Blocks": 0, "Local Read Blocks": 0, "Local Dirtied Blocks": 0, "Local Written Blocks": 0, "Temp Read Blocks": 0, "Temp Written Blocks": 0, "I/O Read Time": 1.752, "I/O Write Time": 0.0}]}, {"Node Type": "Index Scan", "Parent Relationship": "Inner", "Parallel Aware": false, "Scan Direction": "Forward", "Index Name": "movie_id_movie_info", "Relation Name": "movie_info", "Schema": "public", "Alias": "mi", "Startup Cost": 0.43, "Total Cost": 1.51, "Plan Rows": 4, "Plan Width": 4, "Actual Startup Time": 0.376, "Actual Total Time": 0.404, "Actual Rows": 2, "Actual Loops": 14, "Output": ["mi.id", "mi.movie_id", "mi.info_type_id", "mi.info", "mi.note"], "Index Cond": "(mi.movie_id = t.id)", "Rows Removed by Index Recheck": 0, "Filter": "(mi.info_type_id = 8)", "Rows Removed by Filter": 80, "Shared Hit Blocks": 148, "Shared Read Blocks": 56, "Shared Dirtied Blocks": 0, "Shared Written Blocks": 0, "Local Hit Blocks": 0, "Local Read Blocks": 0, "Local Dirtied Blocks": 0, "Local Written Blocks": 0, "Temp Read Blocks": 0, "Temp Written Blocks": 0, "I/O Read Time": 5.086, "I/O Write Time": 0.0}]}]}, "Planning": {"Shared Hit Blocks": 466, "Shared Read Blocks": 60, "Shared Dirtied Blocks": 0, "Shared Written Blocks": 0, "Local Hit Blocks": 0, "Local Read Blocks": 0, "Local Dirtied Blocks": 0, "Local Written Blocks": 0, "Temp Read Blocks": 0, "Temp Written Blocks": 0, "I/O Read Time": 4.646, "I/O Write Time": 0.0}, "Planning Time": 8.949, "Triggers": [], "Execution Time": 10.85}, "template": "scale", "query": "EXPLAIN (ANALYZE, COSTS, BUFFERS, VERBOSE, FORMAT JSON) SELECT COUNT(*) FROM title t,movie_companies mc,movie_info mi,movie_info_idx mi_idx,movie_keyword mk WHERE t.id=mc.movie_id AND t.id=mi.movie_id AND t.id=mi_idx.movie_id AND t.id=mk.movie_id AND mc.company_id>11203 AND mc.company_type_id=2 AND mi.info_type_id=8 AND mi_idx.info_type_id=101 AND mk.keyword_id=52288;"}
{"planinfo": {"Plan": {"Node Type": "Aggregate", "Strategy": "Plain", "Partial Mode": "Simple", "Parallel Aware": false, "Startup Cost": 196334.53, "Total Cost": 196334.54, "Plan Rows": 1, "Plan Width": 8, "Actual Startup Time": 3259.476, "Actual Total Time": 3259.48, "Actual Rows": 1, "Actual Loops": 1, "Output": ["count(*)"], "Shared Hit Blocks": 3, "Shared Read Blocks": 60452, "Shared Dirtied Blocks": 0, "Shared Written Blocks": 0, "Local Hit Blocks": 0, "Local Read Blocks": 0, "Local Dirtied Blocks": 0, "Local Written Blocks": 0, "Temp Read Blocks": 9037, "Temp Written Blocks": 9037, "I/O Read Time": 181.789, "I/O Write Time": 0.0, "Plans": [{"Node Type": "Hash Join", "Parent Relationship": "Outer", "Parallel Aware": false, "Join Type": "Inner", "Startup Cost": 85893.24, "Total Cost": 193938.99, "Plan Rows": 958218, "Plan Width": 0, "Actual Startup Time": 960.902, "Actual Total Time": 3186.663, "Actual Rows": 687170, "Actual Loops": 1, "Inner Unique": true, "Hash Cond": "(mk.movie_id = t.id)", "Shared Hit Blocks": 3, "Shared Read Blocks": 60452, "Shared Dirtied Blocks": 0, "Shared Written Blocks": 0, "Local Hit Blocks": 0, "Local Read Blocks": 0, "Local Dirtied Blocks": 0, "Local Written Blocks": 0, "Temp Read Blocks": 9037, "Temp Written Blocks": 9037, "I/O Read Time": 181.789, "I/O Write Time": 0.0, "Plans": [{"Node Type": "Seq Scan", "Parent Relationship": "Outer", "Parallel Aware": false, "Relation Name": "movie_keyword", "Schema": "public", "Alias": "mk", "Startup Cost": 0.0, "Total Cost": 81003.12, "Plan Rows": 2173567, "Plan Width": 4, "Actual Startup Time": 0.121, "Actual Total Time": 1024.32, "Actual Rows": 2179069, "Actual Loops": 1, "Output": ["mk.movie_id"], "Filter": "(mk.keyword_id < 4297)", "Rows Removed by Filter": 2344861, "Shared Hit Blocks": 0, "Shared Read Blocks": 24454, "Shared Dirtied Blocks": 0, "Shared Written Blocks": 0, "Local Hit Blocks": 0, "Local Read Blocks": 0, "Local Dirtied Blocks": 0, "Local Written Blocks": 0, "Temp Read Blocks": 0, "Temp Written Blocks": 0, "I/O Read Time": 124.023, "I/O Write Time": 0.0}, {"Node Type": "Hash", "Parent Relationship": "Inner", "Parallel Aware": false, "Startup Cost": 67604.5, "Total Cost": 67604.5, "Plan Rows": 1114699, "Plan Width": 4, "Actual Startup Time": 960.124, "Actual Total Time": 960.125, "Actual Rows": 1107925, "Actual Loops": 1, "Output": ["t.id"], "Hash Buckets": 131072, "Original Hash Buckets": 131072, "Hash Batches": 16, "Original Hash Batches": 16, "Peak Memory Usage": 3460, "Shared Hit Blocks": 0, "Shared Read Blocks": 35998, "Shared Dirtied Blocks": 0, "Shared Written Blocks": 0, "Local Hit Blocks": 0, "Local Read Blocks": 0, "Local Dirtied Blocks": 0, "Local Written Blocks": 0, "Temp Read Blocks": 0, "Temp Written Blocks": 3035, "I/O Read Time": 57.766, "I/O Write Time": 0.0, "Plans": [{"Node Type": "Seq Scan", "Parent Relationship": "Outer", "Parallel Aware": false, "Relation Name": "title", "Schema": "public", "Alias": "t", "Startup Cost": 0.0, "Total Cost": 67604.5, "Plan Rows": 1114699, "Plan Width": 4, "Actual Startup Time": 0.149, "Actual Total Time": 612.451, "Actual Rows": 1107925, "Actual Loops": 1, "Output": ["t.id"], "Filter": "(t.production_year > 2004)", "Rows Removed by Filter": 1420387, "Shared Hit Blocks": 0, "Shared Read Blocks": 35998, "Shared Dirtied Blocks": 0, "Shared Written Blocks": 0, "Local Hit Blocks": 0, "Local Read Blocks": 0, "Local Dirtied Blocks": 0, "Local Written Blocks": 0, "Temp Read Blocks": 0, "Temp Written Blocks": 0, "I/O Read Time": 57.766, "I/O Write Time": 0.0}]}]}]}, "Planning": {"Shared Hit Blocks": 104, "Shared Read Blocks": 26, "Shared Dirtied Blocks": 0, "Shared Written Blocks": 0, "Local Hit Blocks": 0, "Local Read Blocks": 0, "Local Dirtied Blocks": 0, "Local Written Blocks": 0, "Temp Read Blocks": 0, "Temp Written Blocks": 0, "I/O Read Time": 1.802, "I/O Write Time": 0.0}, "Planning Time": 2.688, "Triggers": [], "Execution Time": 3259.678}, "template": "scale", "query": "EXPLAIN (ANALYZE, COSTS, BUFFERS, VERBOSE, FORMAT JSON) SELECT COUNT(*) FROM title t,movie_keyword mk WHERE t.id=mk.movie_id AND t.production_year>2004 AND mk.keyword_id<4297;"}
{"planinfo": {"Plan": {"Node Type": "Aggregate", "Strategy": "Plain", "Partial Mode": "Simple", "Parallel Aware": false, "Startup Cost": 376781.42, "Total Cost": 376781.43, "Plan Rows": 1, "Plan Width": 8, "Actual Startup Time": 3869.565, "Actual Total Time": 3869.566, "Actual Rows": 1, "Actual Loops": 1, "Output": ["count(*)"], "Shared Hit Blocks": 0, "Shared Read Blocks": 12626, "Shared Dirtied Blocks": 0, "Shared Written Blocks": 0, "Local Hit Blocks": 0, "Local Read Blocks": 0, "Local Dirtied Blocks": 0, "Local Written Blocks": 0, "Temp Read Blocks": 0, "Temp Written Blocks": 0, "I/O Read Time": 66.379, "I/O Write Time": 0.0, "Plans": [{"Node Type": "Index Only Scan", "Parent Relationship": "Outer", "Parallel Aware": false, "Scan Direction": "Forward", "Index Name": "role_id_cast_info", "Relation Name": "cast_info", "Schema": "public", "Alias": "ci", "Startup Cost": 0.44, "Total Cost": 336077.8, "Plan Rows": 16281449, "Plan Width": 0, "Actual Startup Time": 0.568, "Actual Total Time": 2315.396, "Actual Rows": 16121683, "Actual Loops": 1, "Output": ["role_id"], "Index Cond": "(ci.role_id > 2)", "Rows Removed by Index Recheck": 0, "Heap Fetches": 0, "Shared Hit Blocks": 0, "Shared Read Blocks": 12626, "Shared Dirtied Blocks": 0, "Shared Written Blocks": 0, "Local Hit Blocks": 0, "Local Read Blocks": 0, "Local Dirtied Blocks": 0, "Local Written Blocks": 0, "Temp Read Blocks": 0, "Temp Written Blocks": 0, "I/O Read Time": 66.379, "I/O Write Time": 0.0}]}, "Planning": {"Shared Hit Blocks": 68, "Shared Read Blocks": 13, "Shared Dirtied Blocks": 0, "Shared Written Blocks": 0, "Local Hit Blocks": 0, "Local Read Blocks": 0, "Local Dirtied Blocks": 0, "Local Written Blocks": 0, "Temp Read Blocks": 0, "Temp Written Blocks": 0, "I/O Read Time": 1.012, "I/O Write Time": 0.0}, "Planning Time": 1.717, "Triggers": [], "Execution Time": 3869.624}, "template": "scale", "query": "EXPLAIN (ANALYZE, COSTS, BUFFERS, VERBOSE, FORMAT JSON) SELECT COUNT(*) FROM cast_info ci WHERE ci.role_id>2;"}
{"planinfo": {"Plan": {"Node Type": "Aggregate", "Strategy": "Plain", "Partial Mode": "Simple", "Parallel Aware": false, "Startup Cost": 2795839.64, "Total Cost": 2795839.65, "Plan Rows": 1, "Plan Width": 8, "Actual Startup Time": 91260.16, "Actual Total Time": 91260.164, "Actual Rows": 1, "Actual Loops": 1, "Output": ["count(*)"], "Shared Hit Blocks": 6552871, "Shared Read Blocks": 242972, "Shared Dirtied Blocks": 0, "Shared Written Blocks": 0, "Local Hit Blocks": 0, "Local Read Blocks": 0, "Local Dirtied Blocks": 0, "Local Written Blocks": 0, "Temp Read Blocks": 15888, "Temp Written Blocks": 15898, "I/O Read Time": 2447.31, "I/O Write Time": 0.0, "Plans": [{"Node Type": "Merge Join", "Parent Relationship": "Outer", "Parallel Aware": false, "Join Type": "Inner", "Startup Cost": 771177.8, "Total Cost": 2652095.87, "Plan Rows": 57497507, "Plan Width": 0, "Actual Startup Time": 6219.798, "Actual Total Time": 75760.435, "Actual Rows": 151500369, "Actual Loops": 1, "Inner Unique": false, "Merge Cond": "(t.id = ci.movie_id)", "Shared Hit Blocks": 6552871, "Shared Read Blocks": 242972, "Shared Dirtied Blocks": 0, "Shared Written Blocks": 0, "Local Hit Blocks": 0, "Local Read Blocks": 0, "Local Dirtied Blocks": 0, "Local Written Blocks": 0, "Temp Read Blocks": 15888, "Temp Written Blocks": 15898, "I/O Read Time": 2447.31, "I/O Write Time": 0.0, "Plans": [{"Node Type": "Merge Join", "Parent Relationship": "Outer", "Parallel Aware": false, "Join Type": "Inner", "Startup Cost": 771064.77, "Total Cost": 1041642.58, "Plan Rows": 4005730, "Plan Width": 16, "Actual Startup Time": 6218.72, "Actual Total Time": 9968.501, "Actual Rows": 2925669, "Actual Loops": 1, "Output": ["t.id", "mc.movie_id", "mi.movie_id", "mk.movie_id"], "Inner Unique": false, "Merge Cond": "(t.id = mk.movie_id)", "Shared Hit Blocks": 4205, "Shared Read Blocks": 213241, "Shared Dirtied Blocks": 0, "Shared Written Blocks": 0, "Local Hit Blocks": 0, "Local Read Blocks": 0, "Local Dirtied Blocks": 0, "Local Written Blocks": 0, "Temp Read Blocks": 15888, "Temp Written Blocks": 15898, "I/O Read Time": 429.749, "I/O Write Time": 0.0, "Plans": [{"Node Type": "Merge Join", "Parent Relationship": "Outer", "Parallel Aware": false, "Join Type": "Inner", "Startup Cost": 771051.41, "Total Cost": 882197.14, "Plan Rows": 2238887, "Plan Width": 12, "Actual Startup Time": 6218.677, "Actual Total Time": 7633.005, "Actual Rows": 873916, "Actual Loops": 1, "Output": ["t.id", "mc.movie_id", "mi.movie_id"], "Inner Unique": false, "Merge Cond": "(mc.movie_id = t.id)", "Shared Hit Blocks": 8, "Shared Read Blocks": 204588, "Shared Dirtied Blocks": 0, "Shared Written Blocks": 0, "Local Hit Blocks": 0, "Local Read Blocks": 0, "Local Dirtied Blocks": 0, "Local Written Blocks": 0, "Temp Read Blocks": 15888, "Temp Written Blocks": 15898, "I/O Read Time": 385.151, "I/O Write Time": 0.0, "Plans": [{"Node Type": "Index Only Scan", "Parent Relationship": "Outer", "Parallel Aware": false, "Scan Direction": "Forward", "Index Name": "movie_id_movie_companies", "Relation Name": "movie_companies", "Schema": "public", "Alias": "mc", "Startup Cost": 0.43, "Total Cost": 65637.36, "Plan Rows": 2609129, "Plan Width": 4, "Actual Startup Time": 0.019, "Actual Total Time": 453.582, "Actual Rows": 2609129, "Actual Loops": 1, "Output": ["mc.movie_id"], "Heap Fetches": 0, "Shared Hit Blocks": 5, "Shared Read Blocks": 6597, "Shared Dirtied Blocks": 0, "Shared Written Blocks": 0, "Local Hit Blocks": 0, "Local Read Blocks": 0, "Local Dirtied Blocks": 0, "Local Written Blocks": 0, "Temp Read Blocks": 0, "Temp Written Blocks": 0, "I/O Read Time": 36.275, "I/O Write Time": 0.0}, {"Node Type": "Materialize", "Parent Relationship": "Inner", "Parallel Aware": false, "Startup Cost": 771046.33, "Total Cost": 781894.91, "Plan Rows": 2169717, "Plan Width": 8, "Actual Startup Time": 6218.641, "Actual Total Time": 6550.734, "Actual Rows": 1097593, "Actual Loops": 1, "Output": ["t.id", "mi.movie_id"], "Shared Hit Blocks": 3, "Shared Read Blocks": 197991, "Shared Dirtied Blocks": 0, "Shared Written Blocks": 0, "Local Hit Blocks": 0, "Local Read Blocks": 0, "Local Dirtied Blocks": 0, "Local Written Blocks": 0, "Temp Read Blocks": 15888, "Temp Written Blocks": 15898, "I/O Read Time": 348.876, "I/O Write Time": 0.0, "Plans": [{"Node Type": "Sort", "Parent Relationship": "Outer", "Parallel Aware": false, "Startup Cost": 771046.33, "Total Cost": 776470.62, "Plan Rows": 2169717, "Plan Width": 8, "Actual Startup Time": 6218.636, "Actual Total Time": 6352.052, "Actual Rows": 535369, "Actual Loops": 1, "Output": ["t.id", "mi.movie_id"], "Sort Key": ["t.id"], "Sort Method": "external merge", "Sort Space Used": 9488, "Sort Space Type": "Disk", "Shared Hit Blocks": 3, "Shared Read Blocks": 197991, "Shared Dirtied Blocks": 0, "Shared Written Blocks": 0, "Local Hit Blocks": 0, "Local Read Blocks": 0, "Local Dirtied Blocks": 0, "Local Written Blocks": 0, "Temp Read Blocks": 15888, "Temp Written Blocks": 15898, "I/O Read Time": 348.876, "I/O Write Time": 0.0, "Plans": [{"Node Type": "Hash Join", "Parent Relationship": "Outer", "Parallel Aware": false, "Join Type": "Inner", "Startup Cost": 92597.36, "Total Cost": 483361.64, "Plan Rows": 2169717, "Plan Width": 8, "Actual Startup Time": 1398.286, "Actual Total Time": 5963.903, "Actual Rows": 535381, "Actual Loops": 1, "Output": ["t.id", "mi.movie_id"], "Inner Unique": true, "Hash Cond": "(mi.movie_id = t.id)", "Shared Hit Blocks": 3, "Shared Read Blocks": 197991, "Shared Dirtied Blocks": 0, "Shared Written Blocks": 0, "Local Hit Blocks": 0, "Local Read Blocks": 0, "Local Dirtied Blocks": 0, "Local Written Blocks": 0, "Temp Read Blocks": 14702, "Temp Written Blocks": 14702, "I/O Read Time": 348.876, "I/O Write Time": 0.0, "Plans": [{"Node Type": "Seq Scan", "Parent Relationship": "Outer", "Parallel Aware": false, "Relation Name": "movie_info", "Schema": "public", "Alias": "mi", "Startup Cost": 0.0, "Total Cost": 347223.62, "Plan Rows": 3601389, "Plan Width": 4, "Actual Startup Time": 293.661, "Actual Total Time": 2956.545, "Actual Rows": 3624977, "Actual Loops": 1, "Output": ["mi.movie_id"], "Filter": "(mi.info_type_id < 4)", "Rows Removed by Filter": 11210743, "Shared Hit Blocks": 0, "Shared Read Blocks": 161993, "Shared Dirtied Blocks": 0, "Shared Written Blocks": 0, "Local Hit Blocks": 0, "Local Read Blocks": 0, "Local Dirtied Blocks": 0, "Local Written Blocks": 0, "Temp Read Blocks": 0, "Temp Written Blocks": 0, "I/O Read Time": 286.026, "I/O Write Time": 0.0}, {"Node Type": "Hash", "Parent Relationship": "Inner", "Parallel Aware": false, "Startup Cost": 67604.5, "Total Cost": 67604.5, "Plan Rows": 1523349, "Plan Width": 4, "Actual Startup Time": 1103.409, "Actual Total Time": 1103.41, "Actual Rows": 1543264, "Actual Loops": 1, "Output": ["t.id"], "Hash Buckets": 131072, "Original Hash Buckets": 131072, "Hash Batches": 32, "Original Hash Batches": 32, "Peak Memory Usage": 2722, "Shared Hit Blocks": 0, "Shared Read Blocks": 35998, "Shared Dirtied Blocks": 0, "Shared Written Blocks": 0, "Local Hit Blocks": 0, "Local Read Blocks": 0, "Local Dirtied Blocks": 0, "Local Written Blocks": 0, "Temp Read Blocks": 0, "Temp Written Blocks": 4365, "I/O Read Time": 62.851, "I/O Write Time": 0.0, "Plans": [{"Node Type": "Seq Scan", "Parent Relationship": "Outer", "Parallel Aware": false, "Relation Name": "title", "Schema": "public", "Alias": "t", "Startup Cost": 0.0, "Total Cost": 67604.5, "Plan Rows": 1523349, "Plan Width": 4, "Actual Startup Time": 2.176, "Actual Total Time": 634.797, "Actual Rows": 1543264, "Actual Loops": 1, "Output": ["t.id"], "Filter": "(t.kind_id = 7)", "Rows Removed by Filter": 985048, "Shared Hit Blocks": 0, "Shared Read Blocks": 35998, "Shared Dirtied Blocks": 0, "Shared Written Blocks": 0, "Local Hit Blocks": 0, "Local Read Blocks": 0, "Local Dirtied Blocks": 0, "Local Written Blocks": 0, "Temp Read Blocks": 0, "Temp Written Blocks": 0, "I/O Read Time": 62.851, "I/O Write Time": 0.0}]}]}]}]}]}, {"Node Type": "Index Only Scan", "Parent Relationship": "Inner", "Parallel Aware": false, "Scan Direction": "Forward", "Index Name": "movie_id_movie_keyword", "Relation Name": "movie_keyword", "Schema": "public", "Alias": "mk", "Startup Cost": 0.43, "Total Cost": 102607.38, "Plan Rows": 4523930, "Plan Width": 4, "Actual Startup Time": 0.037, "Actual Total Time": 1194.176, "Actual Rows": 7138915, "Actual Loops": 1, "Output": ["mk.movie_id"], "Heap Fetches": 0, "Shared Hit Blocks": 4197, "Shared Read Blocks": 8653, "Shared Dirtied Blocks": 0, "Shared Written Blocks": 0, "Local Hit Blocks": 0, "Local Read Blocks": 0, "Local Dirtied Blocks": 0, "Local Written Blocks": 0, "Temp Read Blocks": 0, "Temp Written Blocks": 0, "I/O Read Time": 44.598, "I/O Write Time": 0.0}]}, {"Node Type": "Materialize", "Parent Relationship": "Inner", "Parallel Aware": false, "Startup Cost": 0.44, "Total Cost": 828979.9, "Plan Rows": 36293912, "Plan Width": 4, "Actual Startup Time": 0.03, "Actual Total Time": 26350.949, "Actual Rows": 172285694, "Actual Loops": 1, "Output": ["ci.movie_id"], "Shared Hit Blocks": 6548666, "Shared Read Blocks": 29731, "Shared Dirtied Blocks": 0, "Shared Written Blocks": 0, "Local Hit Blocks": 0, "Local Read Blocks": 0, "Local Dirtied Blocks": 0, "Local Written Blocks": 0, "Temp Read Blocks": 0, "Temp Written Blocks": 0, "I/O Read Time": 2017.561, "I/O Write Time": 0.0, "Plans": [{"Node Type": "Index Only Scan", "Parent Relationship": "Outer", "Parallel Aware": false, "Scan Direction": "Forward", "Index Name": "movie_id_cast_info", "Relation Name": "cast_info", "Schema": "public", "Alias": "ci", "Startup Cost": 0.44, "Total Cost": 738245.12, "Plan Rows": 36293912, "Plan Width": 4, "Actual Startup Time": 0.027, "Actual Total Time": 8207.53, "Actual Rows": 22297831, "Actual Loops": 1, "Output": ["ci.movie_id"], "Heap Fetches": 0, "Shared Hit Blocks": 6548666, "Shared Read Blocks": 29731, "Shared Dirtied Blocks": 0, "Shared Written Blocks": 0, "Local Hit Blocks": 0, "Local Read Blocks": 0, "Local Dirtied Blocks": 0, "Local Written Blocks": 0, "Temp Read Blocks": 0, "Temp Written Blocks": 0, "I/O Read Time": 2017.561, "I/O Write Time": 0.0}]}]}]}, "Planning": {"Shared Hit Blocks": 476, "Shared Read Blocks": 66, "Shared Dirtied Blocks": 0, "Shared Written Blocks": 0, "Local Hit Blocks": 0, "Local Read Blocks": 0, "Local Dirtied Blocks": 0, "Local Written Blocks": 0, "Temp Read Blocks": 0, "Temp Written Blocks": 0, "I/O Read Time": 5.112, "I/O Write Time": 0.0}, "Planning Time": 9.527, "Triggers": [], "Execution Time": 91261.521}, "template": "scale", "query": "EXPLAIN (ANALYZE, COSTS, BUFFERS, VERBOSE, FORMAT JSON) SELECT COUNT(*) FROM title t,movie_companies mc,cast_info ci,movie_info mi,movie_keyword mk WHERE t.id=mc.movie_id AND t.id=ci.movie_id AND t.id=mi.movie_id AND t.id=mk.movie_id AND t.kind_id=7 AND mi.info_type_id<4;"}
{"planinfo": {"Plan": {"Node Type": "Aggregate", "Strategy": "Plain", "Partial Mode": "Simple", "Parallel Aware": false, "Startup Cost": 171792.8, "Total Cost": 171792.81, "Plan Rows": 1, "Plan Width": 8, "Actual Startup Time": 2812.368, "Actual Total Time": 2812.372, "Actual Rows": 1, "Actual Loops": 1, "Output": ["count(*)"], "Shared Hit Blocks": 3, "Shared Read Blocks": 56109, "Shared Dirtied Blocks": 0, "Shared Written Blocks": 0, "Local Hit Blocks": 0, "Local Read Blocks": 0, "Local Dirtied Blocks": 0, "Local Written Blocks": 0, "Temp Read Blocks": 7533, "Temp Written Blocks": 7533, "I/O Read Time": 165.414, "I/O Write Time": 0.0, "Plans": [{"Node Type": "Hash Join", "Parent Relationship": "Outer", "Parallel Aware": false, "Join Type": "Inner", "Startup Cost": 119155.08, "Total Cost": 171608.0, "Plan Rows": 73919, "Plan Width": 0, "Actual Startup Time": 1639.63, "Actual Total Time": 2774.793, "Actual Rows": 344882, "Actual Loops": 1, "Inner Unique": false, "Hash Cond": "(mc.movie_id = t.id)", "Shared Hit Blocks": 3, "Shared Read Blocks": 56109, "Shared Dirtied Blocks": 0, "Shared Written Blocks": 0, "Local Hit Blocks": 0, "Local Read Blocks": 0, "Local Dirtied Blocks": 0, "Local Written Blocks": 0, "Temp Read Blocks": 7533, "Temp Written Blocks": 7533, "I/O Read Time": 165.414, "I/O Write Time": 0.0, "Plans": [{"Node Type": "Index Scan", "Parent Relationship": "Outer", "Parallel Aware": false, "Scan Direction": "Forward", "Index Name": "company_type_id_movie_companies", "Relation Name": "movie_companies", "Schema": "public", "Alias": "mc", "Startup Cost": 0.43, "Total Cost": 38297.45, "Plan Rows": 1102852, "Plan Width": 4, "Actual Startup Time": 0.3, "Actual Total Time": 559.149, "Actual Rows": 1274246, "Actual Loops": 1, "Output": ["mc.movie_id"], "Index Cond": "(mc.company_type_id = 1)", "Rows Removed by Index Recheck": 0, "Filter": "(mc.company_id < 91092)", "Rows Removed by Filter": 0, "Shared Hit Blocks": 0, "Shared Read Blocks": 12176, "Shared Dirtied Blocks": 0, "Shared Written Blocks": 0, "Local Hit Blocks": 0, "Local Read Blocks": 0, "Local Dirtied Blocks": 0, "Local Written Blocks": 0, "Temp Read Blocks": 0, "Temp Written Blocks": 0, "I/O Read Time": 61.031, "I/O Write Time": 0.0}, {"Node Type": "Hash", "Parent Relationship": "Inner", "Parallel Aware": false, "Startup Cost": 116373.2, "Total Cost": 116373.2, "Plan Rows": 169476, "Plan Width": 8, "Actual Startup Time": 1638.443, "Actual Total Time": 1638.445, "Actual Rows": 195295, "Actual Loops": 1, "Output": ["t.id", "mi_idx.movie_id"], "Hash Buckets": 131072, "Original Hash Buckets": 131072, "Hash Batches": 4, "Original Hash Batches": 4, "Peak Memory Usage": 2921, "Shared Hit Blocks": 0, "Shared Read Blocks": 43933, "Shared Dirtied Blocks": 0, "Shared Written Blocks": 0, "Local Hit Blocks": 0, "Local Read Blocks": 0, "Local Dirtied Blocks": 0, "Local Written Blocks": 0, "Temp Read Blocks": 4227, "Temp Written Blocks": 4726, "I/O Read Time": 104.383, "I/O Write Time": 0.0, "Plans": [{"Node Type": "Hash Join", "Parent Relationship": "Outer", "Parallel Aware": false, "Join Type": "Inner", "Startup Cost": 79020.25, "Total Cost": 116373.2, "Plan Rows": 169476, "Plan Width": 8, "Actual Startup Time": 641.399, "Actual Total Time": 1574.374, "Actual Rows": 195295, "Actual Loops": 1, "Output": ["t.id", "mi_idx.movie_id"], "Inner Unique": true, "Hash Cond": "(mi_idx.movie_id = t.id)", "Shared Hit Blocks": 0, "Shared Read Blocks": 43933, "Shared Dirtied Blocks": 0, "Shared Written Blocks": 0, "Local Hit Blocks": 0, "Local Read Blocks": 0, "Local Dirtied Blocks": 0, "Local Written Blocks": 0, "Temp Read Blocks": 4227, "Temp Written Blocks": 4227, "I/O Read Time": 104.383, "I/O Write Time": 0.0, "Plans": [{"Node Type": "Seq Scan", "Parent Relationship": "Outer", "Parallel Aware": false, "Relation Name": "movie_info_idx", "Schema": "public", "Alias": "mi_idx", "Startup Cost": 0.0, "Total Cost": 21735.35, "Plan Rows": 1380035, "Plan Width": 4, "Actual Startup Time": 0.123, "Actual Total Time": 300.583, "Actual Rows": 1380035, "Actual Loops": 1, "Output": ["mi_idx.movie_id"], "Shared Hit Blocks": 0, "Shared Read Blocks": 7935, "Shared Dirtied Blocks": 0, "Shared Written Blocks": 0, "Local Hit Blocks": 0, "Local Read Blocks": 0, "Local Dirtied Blocks": 0, "Local Written Blocks": 0, "Temp Read Blocks": 0, "Temp Written Blocks": 0, "I/O Read Time": 40.629, "I/O Write Time": 0.0}, {"Node Type": "Hash", "Parent Relationship": "Inner", "Parallel Aware": false, "Startup Cost": 73925.8, "Total Cost": 73925.8, "Plan Rows": 310516, "Plan Width": 4, "Actual Startup Time": 640.662, "Actual Total Time": 640.663, "Actual Rows": 266599, "Actual Loops": 1, "Output": ["t.id"], "Hash Buckets": 131072, "Original Hash Buckets": 131072, "Hash Batches": 8, "Original Hash Batches": 8, "Peak Memory Usage": 2191, "Shared Hit Blocks": 0, "Shared Read Blocks": 35998, "Shared Dirtied Blocks": 0, "Shared Written Blocks": 0, "Local Hit Blocks": 0, "Local Read Blocks": 0, "Local Dirtied Blocks": 0, "Local Written Blocks": 0, "Temp Read Blocks": 0, "Temp Written Blocks": 681, "I/O Read Time": 63.754, "I/O Write Time": 0.0, "Plans": [{"Node Type": "Seq Scan", "Parent Relationship": "Outer", "Parallel Aware": false, "Relation Name": "title", "Schema": "public", "Alias": "t", "Startup Cost": 0.0, "Total Cost": 73925.8, "Plan Rows": 310516, "Plan Width": 4, "Actual Startup Time": 0.195, "Actual Total Time": 545.219, "Actual Rows": 266599, "Actual Loops": 1, "Output": ["t.id"], "Filter": "((t.kind_id < 7) AND (t.production_year > 2007))", "Rows Removed by Filter": 2261713, "Shared Hit Blocks": 0, "Shared Read Blocks": 35998, "Shared Dirtied Blocks": 0, "Shared Written Blocks": 0, "Local Hit Blocks": 0, "Local Read Blocks": 0, "Local Dirtied Blocks": 0, "Local Written Blocks": 0, "Temp Read Blocks": 0, "Temp Written Blocks": 0, "I/O Read Time": 63.754, "I/O Write Time": 0.0}]}]}]}]}]}, "Planning": {"Shared Hit Blocks": 202, "Shared Read Blocks": 39, "Shared Dirtied Blocks": 0, "Shared Written Blocks": 0, "Local Hit Blocks": 0, "Local Read Blocks": 0, "Local Dirtied Blocks": 0, "Local Written Blocks": 0, "Temp Read Blocks": 0, "Temp Written Blocks": 0, "I/O Read Time": 2.897, "I/O Write Time": 0.0}, "Planning Time": 4.565, "Triggers": [], "Execution Time": 2813.025}, "template": "scale", "query": "EXPLAIN (ANALYZE, COSTS, BUFFERS, VERBOSE, FORMAT JSON) SELECT COUNT(*) FROM title t,movie_companies mc,movie_info_idx mi_idx WHERE t.id=mc.movie_id AND t.id=mi_idx.movie_id AND t.kind_id<7 AND t.production_year>2007 AND mc.company_id<91092 AND mc.company_type_id=1;"}
{"planinfo": {"Plan": {"Node Type": "Aggregate", "Strategy": "Plain", "Partial Mode": "Simple", "Parallel Aware": false, "Startup Cost": 153346.4, "Total Cost": 153346.41, "Plan Rows": 1, "Plan Width": 8, "Actual Startup Time": 2226.844, "Actual Total Time": 2226.848, "Actual Rows": 1, "Actual Loops": 1, "Output": ["count(*)"], "Shared Hit Blocks": 3, "Shared Read Blocks": 44659, "Shared Dirtied Blocks": 0, "Shared Written Blocks": 0, "Local Hit Blocks": 0, "Local Read Blocks": 0, "Local Dirtied Blocks": 0, "Local Written Blocks": 0, "Temp Read Blocks": 6314, "Temp Written Blocks": 6314, "I/O Read Time": 103.37, "I/O Write Time": 0.0, "Plans": [{"Node Type": "Hash Join", "Parent Relationship": "Outer", "Parallel Aware": false, "Join Type": "Inner", "Startup Cost": 98322.37, "Total Cost": 152320.99, "Plan Rows": 410163, "Plan Width": 0, "Actual Startup Time": 1249.887, "Actual Total Time": 2203.403, "Actual Rows": 221798, "Actual Loops": 1, "Inner Unique": true, "Hash Cond": "(mc.movie_id = t.id)", "Shared Hit Blocks": 3, "Shared Read Blocks": 44659, "Shared Dirtied Blocks": 0, "Shared Written Blocks": 0, "Local Hit Blocks": 0, "Local Read Blocks": 0, "Local Dirtied Blocks": 0, "Local Written Blocks": 0, "Temp Read Blocks": 6314, "Temp Written Blocks": 6314, "I/O Read Time": 103.37, "I/O Write Time": 0.0, "Plans": [{"Node Type": "Index Scan", "Parent Relationship": "Outer", "Parallel Aware": false, "Scan Direction": "Forward", "Index Name": "company_type_id_movie_companies", "Relation Name": "movie_companies", "Schema": "public", "Alias": "mc", "Startup Cost": 0.43, "Total Cost": 40902.99, "Plan Rows": 553928, "Plan Width": 4, "Actual Startup Time": 0.391, "Actual Total Time": 491.297, "Actual Rows": 342109, "Actual Loops": 1, "Output": ["mc.movie_id"], "Index Cond": "(mc.company_type_id = 2)", "Rows Removed by Index Recheck": 0, "Filter": "(mc.company_id < 7179)", "Rows Removed by Filter": 992774, "Shared Hit Blocks": 0, "Shared Read Blocks": 8661, "Shared Dirtied Blocks": 0, "Shared Written Blocks": 0, "Local Hit Blocks": 0, "Local Read Blocks": 0, "Local Dirtied Blocks": 0, "Local Written Blocks": 0, "Temp Read Blocks": 0, "Temp Written Blocks": 0, "I/O Read Time": 44.258, "I/O Write Time": 0.0}, {"Node Type": "Hash", "Parent Relationship": "Inner", "Parallel Aware": false, "Startup Cost": 67604.5, "Total Cost": 67604.5, "Plan Rows": 1872275, "Plan Width": 4, "Actual Startup Time": 1248.777, "Actual Total Time": 1248.778, "Actual Rows": 1871198, "Actual Loops": 1, "Output": ["t.id"], "Hash Buckets": 131072, "Original Hash Buckets": 131072, "Hash Batches": 32, "Original Hash Batches": 32, "Peak Memory Usage": 3088, "Shared Hit Blocks": 0, "Shared Read Blocks": 35998, "Shared Dirtied Blocks": 0, "Shared Written Blocks": 0, "Local Hit Blocks": 0, "Local Read Blocks": 0, "Local Dirtied Blocks": 0, "Local Written Blocks": 0, "Temp Read Blocks": 0, "Temp Written Blocks": 5295, "I/O Read Time": 59.113, "I/O Write Time": 0.0, "Plans": [{"Node Type": "Seq Scan", "Parent Relationship": "Outer", "Parallel Aware": false, "Relation Name": "title", "Schema": "public", "Alias": "t", "Startup Cost": 0.0, "Total Cost": 67604.5, "Plan Rows": 1872275, "Plan Width": 4, "Actual Startup Time": 0.136, "Actual Total Time": 681.572, "Actual Rows": 1871198, "Actual Loops": 1, "Output": ["t.id"], "Filter": "(t.production_year > 1984)", "Rows Removed by Filter": 657114, "Shared Hit Blocks": 0, "Shared Read Blocks": 35998, "Shared Dirtied Blocks": 0, "Shared Written Blocks": 0, "Local Hit Blocks": 0, "Local Read Blocks": 0, "Local Dirtied Blocks": 0, "Local Written Blocks": 0, "Temp Read Blocks": 0, "Temp Written Blocks": 0, "I/O Read Time": 59.113, "I/O Write Time": 0.0}]}]}]}, "Planning": {"Shared Hit Blocks": 117, "Shared Read Blocks": 29, "Shared Dirtied Blocks": 0, "Shared Written Blocks": 0, "Local Hit Blocks": 0, "Local Read Blocks": 0, "Local Dirtied Blocks": 0, "Local Written Blocks": 0, "Temp Read Blocks": 0, "Temp Written Blocks": 0, "I/O Read Time": 2.133, "I/O Write Time": 0.0}, "Planning Time": 3.104, "Triggers": [], "Execution Time": 2227.038}, "template": "scale", "query": "EXPLAIN (ANALYZE, COSTS, BUFFERS, VERBOSE, FORMAT JSON) SELECT COUNT(*) FROM title t,movie_companies mc WHERE t.id=mc.movie_id AND t.production_year>1984 AND mc.company_id<7179 AND mc.company_type_id=2;"}
{"planinfo": {"Plan": {"Node Type": "Aggregate", "Strategy": "Plain", "Partial Mode": "Simple", "Parallel Aware": false, "Startup Cost": 69998.07, "Total Cost": 69998.08, "Plan Rows": 1, "Plan Width": 8, "Actual Startup Time": 730.036, "Actual Total Time": 730.037, "Actual Rows": 1, "Actual Loops": 1, "Output": ["count(*)"], "Shared Hit Blocks": 0, "Shared Read Blocks": 2380, "Shared Dirtied Blocks": 0, "Shared Written Blocks": 0, "Local Hit Blocks": 0, "Local Read Blocks": 0, "Local Dirtied Blocks": 0, "Local Written Blocks": 0, "Temp Read Blocks": 0, "Temp Written Blocks": 0, "I/O Read Time": 13.156, "I/O Write Time": 0.0, "Plans": [{"Node Type": "Index Only Scan", "Parent Relationship": "Outer", "Parallel Aware": false, "Scan Direction": "Forward", "Index Name": "info_type_id_movie_info", "Relation Name": "movie_info", "Schema": "public", "Alias": "mi", "Startup Cost": 0.43, "Total Cost": 62444.37, "Plan Rows": 3021482, "Plan Width": 0, "Actual Startup Time": 0.465, "Actual Total Time": 437.511, "Actual Rows": 3036719, "Actual Loops": 1, "Output": ["info_type_id"], "Index Cond": "(mi.info_type_id = 16)", "Rows Removed by Index Recheck": 0, "Heap Fetches": 0, "Shared Hit Blocks": 0, "Shared Read Blocks": 2380, "Shared Dirtied Blocks": 0, "Shared Written Blocks": 0, "Local Hit Blocks": 0, "Local Read Blocks": 0, "Local Dirtied Blocks": 0, "Local Written Blocks": 0, "Temp Read Blocks": 0, "Temp Written Blocks": 0, "I/O Read Time": 13.156, "I/O Write Time": 0.0}]}, "Planning": {"Shared Hit Blocks": 48, "Shared Read Blocks": 11, "Shared Dirtied Blocks": 0, "Shared Written Blocks": 0, "Local Hit Blocks": 0, "Local Read Blocks": 0, "Local Dirtied Blocks": 0, "Local Written Blocks": 0, "Temp Read Blocks": 0, "Temp Written Blocks": 0, "I/O Read Time": 0.743, "I/O Write Time": 0.0}, "Planning Time": 1.241, "Triggers": [], "Execution Time": 730.077}, "template": "scale", "query": "EXPLAIN (ANALYZE, COSTS, BUFFERS, VERBOSE, FORMAT JSON) SELECT COUNT(*) FROM movie_info mi WHERE mi.info_type_id=16;"}
{"planinfo": {"Plan": {"Node Type": "Aggregate", "Strategy": "Plain", "Partial Mode": "Simple", "Parallel Aware": false, "Startup Cost": 101617.77, "Total Cost": 101617.78, "Plan Rows": 1, "Plan Width": 8, "Actual Startup Time": 1420.835, "Actual Total Time": 1420.839, "Actual Rows": 1, "Actual Loops": 1, "Output": ["count(*)"], "Shared Hit Blocks": 39838, "Shared Read Blocks": 53288, "Shared Dirtied Blocks": 0, "Shared Written Blocks": 0, "Local Hit Blocks": 0, "Local Read Blocks": 0, "Local Dirtied Blocks": 0, "Local Written Blocks": 0, "Temp Read Blocks": 0, "Temp Written Blocks": 0, "I/O Read Time": 400.539, "I/O Write Time": 0.0, "Plans": [{"Node Type": "Nested Loop", "Parent Relationship": "Outer", "Parallel Aware": false, "Join Type": "Inner", "Startup Cost": 67900.36, "Total Cost": 101608.14, "Plan Rows": 3854, "Plan Width": 0, "Actual Startup Time": 548.147, "Actual Total Time": 1390.065, "Actual Rows": 299494, "Actual Loops": 1, "Inner Unique": false, "Join Filter": "(t.id = mk.movie_id)", "Rows Removed by Join Filter": 0, "Shared Hit Blocks": 39838, "Shared Read Blocks": 53288, "Shared Dirtied Blocks": 0, "Shared Written Blocks": 0, "Local Hit Blocks": 0, "Local Read Blocks": 0, "Local Dirtied Blocks": 0, "Local Written Blocks": 0, "Temp Read Blocks": 0, "Temp Written Blocks": 0, "I/O Read Time": 400.539, "I/O Write Time": 0.0, "Plans": [{"Node Type": "Nested Loop", "Parent Relationship": "Outer", "Parallel Aware": false, "Join Type": "Inner", "Startup Cost": 67899.93, "Total Cost": 97644.69, "Plan Rows": 2154, "Plan Width": 12, "Actual Startup Time": 548.118, "Actual Total Time": 1206.789, "Actual Rows": 8497, "Actual Loops": 1, "Output": ["t.id", "mc.movie_id", "mi_idx.movie_id"], "Inner Unique": false, "Join Filter": "(t.id = mc.movie_id)", "Rows Removed by Join Filter": 0, "Shared Hit Blocks": 16431, "Shared Read Blocks": 51203, "Shared Dirtied Blocks": 0, "Shared Written Blocks": 0, "Local Hit Blocks": 0, "Local Read Blocks": 0, "Local Dirtied Blocks": 0, "Local Written Blocks": 0, "Temp Read Blocks": 0, "Temp Written Blocks": 0, "I/O Read Time": 347.66, "I/O Write Time": 0.0, "Plans": [{"Node Type": "Hash Join", "Parent Relationship": "Outer", "Parallel Aware": false, "Join Type": "Inner", "Startup Cost": 67899.5, "Total Cost": 94299.35, "Plan Rows": 4318, "Plan Width": 8, "Actual Startup Time": 547.357, "Actual Total Time": 923.408, "Actual Rows": 5654, "Actual Loops": 1, "Output": ["t.id", "mi_idx.movie_id"], "Inner Unique": true, "Hash Cond": "(mi_idx.movie_id = t.id)", "Shared Hit Blocks": 3, "Shared Read Blocks": 43933, "Shared Dirtied Blocks": 0, "Shared Written Blocks": 0, "Local Hit Blocks": 0, "Local Read Blocks": 0, "Local Dirtied Blocks": 0, "Local Written Blocks": 0, "Temp Read Blocks": 0, "Temp Written Blocks": 0, "I/O Read Time": 108.806, "I/O Write Time": 0.0, "Plans": [{"Node Type": "Seq Scan", "Parent Relationship": "Outer", "Parallel Aware": false, "Relation Name": "movie_info_idx", "Schema": "public", "Alias": "mi_idx", "Startup Cost": 0.0, "Total Cost": 25185.44, "Plan Rows": 462634, "Plan Width": 4, "Actual Startup Time": 0.126, "Actual Total Time": 280.82, "Actual Rows": 459925, "Actual Loops": 1, "Output": ["mi_idx.id", "mi_idx.movie_id", "mi_idx.info_type_id", "mi_idx.info", "mi_idx.note"], "Filter": "(mi_idx.info_type_id = 100)", "Rows Removed by Filter": 920110, "Shared Hit Blocks": 0, "Shared Read Blocks": 7935, "Shared Dirtied Blocks": 0, "Shared Written Blocks": 0, "Local Hit Blocks": 0, "Local Read Blocks": 0, "Local Dirtied Blocks": 0, "Local Written Blocks": 0, "Temp Read Blocks": 0, "Temp Written Blocks": 0, "I/O Read Time": 41.096, "I/O Write Time": 0.0}, {"Node Type": "Hash", "Parent Relationship": "Inner", "Parallel Aware": false, "Startup Cost": 67604.5, "Total Cost": 67604.5, "Plan Rows": 23600, "Plan Width": 4, "Actual Startup Time": 546.692, "Actual Total Time": 546.693, "Actual Rows": 23040, "Actual Loops": 1, "Output": ["t.id"], "Hash Buckets": 32768, "Original Hash Buckets": 32768, "Hash Batches": 1, "Original Hash Batches": 1, "Peak Memory Usage": 1066, "Shared Hit Blocks": 0, "Shared Read Blocks": 35998, "Shared Dirtied Blocks": 0, "Shared Written Blocks": 0, "Local Hit Blocks": 0, "Local Read Blocks": 0, "Local Dirtied Blocks": 0, "Local Written Blocks": 0, "Temp Read Blocks": 0, "Temp Written Blocks": 0, "I/O Read Time": 67.71, "I/O Write Time": 0.0, "Plans": [{"Node Type": "Seq Scan", "Parent Relationship": "Outer", "Parallel Aware": false, "Relation Name": "title", "Schema": "public", "Alias": "t", "Startup Cost": 0.0, "Total Cost": 67604.5, "Plan Rows": 23600, "Plan Width": 4, "Actual Startup Time": 0.135, "Actual Total Time": 536.018, "Actual Rows": 23040, "Actual Loops": 1, "Output": ["t.id"], "Filter": "(t.production_year = 1990)", "Rows Removed by Filter": 2505272, "Shared Hit Blocks": 0, "Shared Read Blocks": 35998, "Shared Dirtied Blocks": 0, "Shared Written Blocks": 0, "Local Hit Blocks": 0, "Local Read Blocks": 0, "Local Dirtied Blocks": 0, "Local Written Blocks": 0, "Temp Read Blocks": 0, "Temp Written Blocks": 0, "I/O Read Time": 67.71, "I/O Write Time": 0.0}]}]}, {"Node Type": "Index Scan", "Parent Relationship": "Inner", "Parallel Aware": false, "Scan Direction": "Forward", "Index Name": "movie_id_movie_companies", "Relation Name": "movie_companies", "Schema": "public", "Alias": "mc", "Startup Cost": 0.43, "Total Cost": 0.75, "Plan Rows": 2, "Plan Width": 4, "Actual Startup Time": 0.039, "Actual Total Time": 0.049, "Actual Rows": 2, "Actual Loops": 5654, "Output": ["mc.id", "mc.movie_id", "mc.company_id", "mc.company_type_id", "mc.note"], "Index Cond": "(mc.movie_id = mi_idx.movie_id)", "Rows Removed by Index Recheck": 0, "Filter": "(mc.company_type_id < 2)", "Rows Removed by Filter": 1, "Shared Hit Blocks": 16428, "Shared Read Blocks": 7270, "Shared Dirtied Blocks": 0, "Shared Written Blocks": 0, "Local Hit Blocks": 0, "Local Read Blocks": 0, "Local Dirtied Blocks": 0, "Local Written Blocks": 0, "Temp Read Blocks": 0, "Temp Written Blocks": 0, "I/O Read Time": 238.854, "I/O Write Time": 0.0}]}, {"Node Type": "Index Only Scan", "Parent Relationship": "Inner", "Parallel Aware": false, "Scan Direction": "Forward", "Index Name": "movie_id_movie_keyword", "Relation Name": "movie_keyword", "Schema": "public", "Alias": "mk", "Startup Cost": 0.43, "Total Cost": 1.27, "Plan Rows": 46, "Plan Width": 4, "Actual Startup Time": 0.011, "Actual Total Time": 0.015, "Actual Rows": 35, "Actual Loops": 8497, "Output": ["mk.movie_id"], "Index Cond": "(mk.movie_id = mc.movie_id)", "Rows Removed by Index Recheck": 0, "Heap Fetches": 0, "Shared Hit Blocks": 23407, "Shared Read Blocks": 2085, "Shared Dirtied Blocks": 0, "Shared Written Blocks": 0, "Local Hit Blocks": 0, "Local Read Blocks": 0, "Local Dirtied Blocks": 0, "Local Written Blocks": 0, "Temp Read Blocks": 0, "Temp Written Blocks": 0, "I/O Read Time": 52.879, "I/O Write Time": 0.0}]}]}, "Planning": {"Shared Hit Blocks": 312, "Shared Read Blocks": 49, "Shared Dirtied Blocks": 0, "Shared Written Blocks": 0, "Local Hit Blocks": 0, "Local Read Blocks": 0, "Local Dirtied Blocks": 0, "Local Written Blocks": 0, "Temp Read Blocks": 0, "Temp Written Blocks": 0, "I/O Read Time": 3.798, "I/O Write Time": 0.0}, "Planning Time": 6.629, "Triggers": [], "Execution Time": 1421.059}, "template": "scale", "query": "EXPLAIN (ANALYZE, COSTS, BUFFERS, VERBOSE, FORMAT JSON) SELECT COUNT(*) FROM title t,movie_companies mc,movie_info_idx mi_idx,movie_keyword mk WHERE t.id=mc.movie_id AND t.id=mi_idx.movie_id AND t.id=mk.movie_id AND t.production_year=1990 AND mc.company_type_id<2 AND mi_idx.info_type_id=100;"}
{"planinfo": {"Plan": {"Node Type": "Aggregate", "Strategy": "Plain", "Partial Mode": "Simple", "Parallel Aware": false, "Startup Cost": 64106.17, "Total Cost": 64106.18, "Plan Rows": 1, "Plan Width": 8, "Actual Startup Time": 846.419, "Actual Total Time": 846.42, "Actual Rows": 1, "Actual Loops": 1, "Output": ["count(*)"], "Shared Hit Blocks": 0, "Shared Read Blocks": 3301, "Shared Dirtied Blocks": 0, "Shared Written Blocks": 0, "Local Hit Blocks": 0, "Local Read Blocks": 0, "Local Dirtied Blocks": 0, "Local Written Blocks": 0, "Temp Read Blocks": 0, "Temp Written Blocks": 0, "I/O Read Time": 208.355, "I/O Write Time": 0.0, "Plans": [{"Node Type": "Index Only Scan", "Parent Relationship": "Outer", "Parallel Aware": false, "Scan Direction": "Forward", "Index Name": "keyword_id_movie_keyword", "Relation Name": "movie_keyword", "Schema": "public", "Alias": "mk", "Startup Cost": 0.43, "Total Cost": 57638.96, "Plan Rows": 2586887, "Plan Width": 0, "Actual Startup Time": 0.427, "Actual Total Time": 583.996, "Actual Rows": 2576640, "Actual Loops": 1, "Output": ["keyword_id"], "Index Cond": "(mk.keyword_id > 3365)", "Rows Removed by Index Recheck": 0, "Heap Fetches": 0, "Shared Hit Blocks": 0, "Shared Read Blocks": 3301, "Shared Dirtied Blocks": 0, "Shared Written Blocks": 0, "Local Hit Blocks": 0, "Local Read Blocks": 0, "Local Dirtied Blocks": 0, "Local Written Blocks": 0, "Temp Read Blocks": 0, "Temp Written Blocks": 0, "I/O Read Time": 208.355, "I/O Write Time": 0.0}]}, "Planning": {"Shared Hit Blocks": 51, "Shared Read Blocks": 9, "Shared Dirtied Blocks": 0, "Shared Written Blocks": 0, "Local Hit Blocks": 0, "Local Read Blocks": 0, "Local Dirtied Blocks": 0, "Local Written Blocks": 0, "Temp Read Blocks": 0, "Temp Written Blocks": 0, "I/O Read Time": 0.582, "I/O Write Time": 0.0}, "Planning Time": 0.987, "Triggers": [], "Execution Time": 846.46}, "template": "scale", "query": "EXPLAIN (ANALYZE, COSTS, BUFFERS, VERBOSE, FORMAT JSON) SELECT COUNT(*) FROM movie_keyword mk WHERE mk.keyword_id>3365;"}
{"planinfo": {"Plan": {"Node Type": "Aggregate", "Strategy": "Plain", "Partial Mode": "Simple", "Parallel Aware": false, "Startup Cost": 689260.42, "Total Cost": 689260.43, "Plan Rows": 1, "Plan Width": 8, "Actual Startup Time": 17892.199, "Actual Total Time": 17892.203, "Actual Rows": 1, "Actual Loops": 1, "Output": ["count(*)"], "Shared Hit Blocks": 3, "Shared Read Blocks": 154552, "Shared Dirtied Blocks": 0, "Shared Written Blocks": 0, "Local Hit Blocks": 0, "Local Read Blocks": 0, "Local Dirtied Blocks": 0, "Local Written Blocks": 0, "Temp Read Blocks": 42050, "Temp Written Blocks": 42050, "I/O Read Time": 649.73, "I/O Write Time": 0.0, "Plans": [{"Node Type": "Hash Join", "Parent Relationship": "Outer", "Parallel Aware": false, "Join Type": "Inner", "Startup Cost": 538300.22, "Total Cost": 683869.46, "Plan Rows": 2156385, "Plan Width": 0, "Actual Startup Time": 10590.603, "Actual Total Time": 16297.856, "Actual Rows": 16159297, "Actual Loops": 1, "Inner Unique": false, "Hash Cond": "(mk.movie_id = t.id)", "Shared Hit Blocks": 3, "Shared Read Blocks": 154552, "Shared Dirtied Blocks": 0, "Shared Written Blocks": 0, "Local Hit Blocks": 0, "Local Read Blocks": 0, "Local Dirtied Blocks": 0, "Local Written Blocks": 0, "Temp Read Blocks": 42050, "Temp Written Blocks": 42050, "I/O Read Time": 649.73, "I/O Write Time": 0.0, "Plans": [{"Node Type": "Seq Scan", "Parent Relationship": "Outer", "Parallel Aware": false, "Relation Name": "movie_keyword", "Schema": "public", "Alias": "mk", "Startup Cost": 0.0, "Total Cost": 81003.12, "Plan Rows": 2752054, "Plan Width": 4, "Actual Startup Time": 0.132, "Actual Total Time": 1053.96, "Actual Rows": 2750586, "Actual Loops": 1, "Output": ["mk.movie_id"], "Filter": "(mk.keyword_id < 7820)", "Rows Removed by Filter": 1773344, "Shared Hit Blocks": 0, "Shared Read Blocks": 24454, "Shared Dirtied Blocks": 0, "Shared Written Blocks": 0, "Local Hit Blocks": 0, "Local Read Blocks": 0, "Local Dirtied Blocks": 0, "Local Written Blocks": 0, "Temp Read Blocks": 0, "Temp Written Blocks": 0, "I/O Read Time": 121.967, "I/O Write Time": 0.0}, {"Node Type": "Hash", "Parent Relationship": "Inner", "Parallel Aware": false, "Startup Cost": 505794.79, "Total Cost": 505794.79, "Plan Rows": 1981234, "Plan Width": 8, "Actual Startup Time": 10589.222, "Actual Total Time": 10589.225, "Actual Rows": 4273432, "Actual Loops": 1, "Output": ["t.id", "ci.movie_id"], "Hash Buckets": 131072, "Original Hash Buckets": 131072, "Hash Batches": 64, "Original Hash Batches": 32, "Peak Memory Usage": 3650, "Shared Hit Blocks": 0, "Shared Read Blocks": 130098, "Shared Dirtied Blocks": 0, "Shared Written Blocks": 0, "Local Hit Blocks": 0, "Local Read Blocks": 0, "Local Dirtied Blocks": 0, "Local Written Blocks": 0, "Temp Read Blocks": 19680, "Temp Written Blocks": 34025, "I/O Read Time": 527.763, "I/O Write Time": 0.0, "Plans": [{"Node Type": "Hash Join", "Parent Relationship": "Outer", "Parallel Aware": false, "Join Type": "Inner", "Startup Cost": 102768.14, "Total Cost": 505794.79, "Plan Rows": 1981234, "Plan Width": 8, "Actual Startup Time": 1302.703, "Actual Total Time": 9242.24, "Actual Rows": 4273432, "Actual Loops": 1, "Output": ["t.id", "ci.movie_id"], "Inner Unique": true, "Hash Cond": "(ci.movie_id = t.id)", "Shared Hit Blocks": 0, "Shared Read Blocks": 130098, "Shared Dirtied Blocks": 0, "Shared Written Blocks": 0, "Local Hit Blocks": 0, "Local Read Blocks": 0, "Local Dirtied Blocks": 0, "Local Written Blocks": 0, "Temp Read Blocks": 19680, "Temp Written Blocks": 19680, "I/O Read Time": 527.763, "I/O Write Time": 0.0, "Plans": [{"Node Type": "Index Scan", "Parent Relationship": "Outer", "Parallel Aware": false, "Scan Direction": "Forward", "Index Name": "role_id_cast_info", "Relation Name": "cast_info", "Schema": "public", "Alias": "ci", "Startup Cost": 0.44, "Total Cost": 372468.34, "Plan Rows": 1981234, "Plan Width": 4, "Actual Startup Time": 0.401, "Actual Total Time": 4823.064, "Actual Rows": 4273432, "Actual Loops": 1, "Output": ["ci.movie_id"], "Index Cond": "(ci.role_id < 2)", "Rows Removed by Index Recheck": 0, "Filter": "(ci.person_id < 571794)", "Rows Removed by Filter": 8397256, "Shared Hit Blocks": 0, "Shared Read Blocks": 94100, "Shared Dirtied Blocks": 0, "Shared Written Blocks": 0, "Local Hit Blocks": 0, "Local Read Blocks": 0, "Local Dirtied Blocks": 0, "Local Written Blocks": 0, "Temp Read Blocks": 0, "Temp Written Blocks": 0, "I/O Read Time": 467.785, "I/O Write Time": 0.0}, {"Node Type": "Hash", "Parent Relationship": "Inner", "Parallel Aware": false, "Startup Cost": 61283.2, "Total Cost": 61283.2, "Plan Rows": 2528520, "Plan Width": 4, "Actual Startup Time": 1300.819, "Actual Total Time": 1300.82, "Actual Rows": 2528312, "Actual Loops": 1, "Output": ["t.id"], "Hash Buckets": 131072, "Original Hash Buckets": 131072, "Hash Batches": 64, "Original Hash Batches": 64, "Peak Memory Usage": 2415, "Shared Hit Blocks": 0, "Shared Read Blocks": 35998, "Shared Dirtied Blocks": 0, "Shared Written Blocks": 0, "Local Hit Blocks": 0, "Local Read Blocks": 0, "Local Dirtied Blocks": 0, "Local Written Blocks": 0, "Temp Read Blocks": 0, "Temp Written Blocks": 7262, "I/O Read Time": 59.979, "I/O Write Time": 0.0, "Plans": [{"Node Type": "Seq Scan", "Parent Relationship": "Outer", "Parallel Aware": false, "Relation Name": "title", "Schema": "public", "Alias": "t", "Startup Cost": 0.0, "Total Cost": 61283.2, "Plan Rows": 2528520, "Plan Width": 4, "Actual Startup Time": 0.129, "Actual Total Time": 552.879, "Actual Rows": 2528312, "Actual Loops": 1, "Output": ["t.id"], "Shared Hit Blocks": 0, "Shared Read Blocks": 35998, "Shared Dirtied Blocks": 0, "Shared Written Blocks": 0, "Local Hit Blocks": 0, "Local Read Blocks": 0, "Local Dirtied Blocks": 0, "Local Written Blocks": 0, "Temp Read Blocks": 0, "Temp Written Blocks": 0, "I/O Read Time": 59.979, "I/O Write Time": 0.0}]}]}]}]}]}, "Planning": {"Shared Hit Blocks": 207, "Shared Read Blocks": 42, "Shared Dirtied Blocks": 0, "Shared Written Blocks": 0, "Local Hit Blocks": 0, "Local Read Blocks": 0, "Local Dirtied Blocks": 0, "Local Written Blocks": 0, "Temp Read Blocks": 0, "Temp Written Blocks": 0, "I/O Read Time": 3.266, "I/O Write Time": 0.0}, "Planning Time": 4.989, "Triggers": [], "Execution Time": 17892.919}, "template": "scale", "query": "EXPLAIN (ANALYZE, COSTS, BUFFERS, VERBOSE, FORMAT JSON) SELECT COUNT(*) FROM title t,cast_info ci,movie_keyword mk WHERE t.id=ci.movie_id AND t.id=mk.movie_id AND ci.person_id<571794 AND ci.role_id<2 AND mk.keyword_id<7820;"}
{"planinfo": {"Plan": {"Node Type": "Aggregate", "Strategy": "Plain", "Partial Mode": "Simple", "Parallel Aware": false, "Startup Cost": 1658170.31, "Total Cost": 1658170.32, "Plan Rows": 1, "Plan Width": 8, "Actual Startup Time": 31454.891, "Actual Total Time": 31454.896, "Actual Rows": 1, "Actual Loops": 1, "Output": ["count(*)"], "Shared Hit Blocks": 3, "Shared Read Blocks": 292091, "Shared Dirtied Blocks": 0, "Shared Written Blocks": 0, "Local Hit Blocks": 0, "Local Read Blocks": 0, "Local Dirtied Blocks": 0, "Local Written Blocks": 0, "Temp Read Blocks": 82644, "Temp Written Blocks": 82644, "I/O Read Time": 823.783, "I/O Write Time": 0.0, "Plans": [{"Node Type": "Hash Join", "Parent Relationship": "Outer", "Parallel Aware": false, "Join Type": "Inner", "Startup Cost": 667126.96, "Total Cost": 1581919.54, "Plan Rows": 30500310, "Plan Width": 0, "Actual Startup Time": 11265.41, "Actual Total Time": 28597.029, "Actual Rows": 28697712, "Actual Loops": 1, "Inner Unique": false, "Hash Cond": "(ci.movie_id = t.id)", "Shared Hit Blocks": 3, "Shared Read Blocks": 292091, "Shared Dirtied Blocks": 0, "Shared Written Blocks": 0, "Local Hit Blocks": 0, "Local Read Blocks": 0, "Local Dirtied Blocks": 0, "Local Written Blocks": 0, "Temp Read Blocks": 82644, "Temp Written Blocks": 82644, "I/O Read Time": 823.783, "I/O Write Time": 0.0, "Plans": [{"Node Type": "Index Scan", "Parent Relationship": "Outer", "Parallel Aware": false, "Scan Direction": "Forward", "Index Name": "role_id_cast_info", "Relation Name": "cast_info", "Schema": "public", "Alias": "ci", "Startup Cost": 0.44, "Total Cost": 372468.34, "Plan Rows": 11014894, "Plan Width": 4, "Actual Startup Time": 0.396, "Actual Total Time": 5801.847, "Actual Rows": 12670688, "Actual Loops": 1, "Output": ["ci.movie_id"], "Index Cond": "(ci.role_id < 2)", "Rows Removed by Index Recheck": 0, "Filter": "(ci.person_id < 3326509)", "Rows Removed by Filter": 0, "Shared Hit Blocks": 0, "Shared Read Blocks": 94100, "Shared Dirtied Blocks": 0, "Shared Written Blocks": 0, "Local Hit Blocks": 0, "Local Read Blocks": 0, "Local Dirtied Blocks": 0, "Local Written Blocks": 0, "Temp Read Blocks": 0, "Temp Written Blocks": 0, "I/O Read Time": 485.24, "I/O Write Time": 0.0}, {"Node Type": "Hash", "Parent Relationship": "Inner", "Parallel Aware": false, "Startup Cost": 552257.92, "Total Cost": 552257.92, "Plan Rows": 7001488, "Plan Width": 8, "Actual Startup Time": 11257.331, "Actual Total Time": 11257.334, "Actual Rows": 3893611, "Actual Loops": 1, "Output": ["t.id", "mi.movie_id"], "Hash Buckets": 131072, "Original Hash Buckets": 131072, "Hash Batches": 128, "Original Hash Batches": 128, "Peak Memory Usage": 2195, "Shared Hit Blocks": 0, "Shared Read Blocks": 197991, "Shared Dirtied Blocks": 0, "Shared Written Blocks": 0, "Local Hit Blocks": 0, "Local Read Blocks": 0, "Local Dirtied Blocks": 0, "Local Written Blocks": 0, "Temp Read Blocks": 32489, "Temp Written Blocks": 45628, "I/O Read Time": 338.542, "I/O Write Time": 0.0, "Plans": [{"Node Type": "Hash Join", "Parent Relationship": "Outer", "Parallel Aware": false, "Join Type": "Inner", "Startup Cost": 97970.46, "Total Cost": 552257.92, "Plan Rows": 7001488, "Plan Width": 8, "Actual Startup Time": 1217.116, "Actual Total Time": 10018.45, "Actual Rows": 3893611, "Actual Loops": 1, "Output": ["t.id", "mi.movie_id"], "Inner Unique": true, "Hash Cond": "(mi.movie_id = t.id)", "Shared Hit Blocks": 0, "Shared Read Blocks": 197991, "Shared Dirtied Blocks": 0, "Shared Written Blocks": 0, "Local Hit Blocks": 0, "Local Read Blocks": 0, "Local Dirtied Blocks": 0, "Local Written Blocks": 0, "Temp Read Blocks": 32489, "Temp Written Blocks": 32489, "I/O Read Time": 338.542, "I/O Write Time": 0.0, "Plans": [{"Node Type": "Seq Scan", "Parent Relationship": "Outer", "Parallel Aware": false, "Relation Name": "movie_info", "Schema": "public", "Alias": "mi", "Startup Cost": 0.0, "Total Cost": 347223.62, "Plan Rows": 9564872, "Plan Width": 4, "Actual Startup Time": 0.209, "Actual Total Time": 3454.427, "Actual Rows": 9565151, "Actual Loops": 1, "Output": ["mi.movie_id"], "Filter": "(mi.info_type_id < 16)", "Rows Removed by Filter": 5270569, "Shared Hit Blocks": 0, "Shared Read Blocks": 161993, "Shared Dirtied Blocks": 0, "Shared Written Blocks": 0, "Local Hit Blocks": 0, "Local Read Blocks": 0, "Local Dirtied Blocks": 0, "Local Written Blocks": 0, "Temp Read Blocks": 0, "Temp Written Blocks": 0, "I/O Read Time": 279.373, "I/O Write Time": 0.0}, {"Node Type": "Hash", "Parent Relationship": "Inner", "Parallel Aware": false, "Startup Cost": 67604.5, "Total Cost": 67604.5, "Plan Rows": 1850877, "Plan Width": 4, "Actual Startup Time": 1216.108, "Actual Total Time": 1216.11, "Actual Rows": 1865487, "Actual Loops": 1, "Output": ["t.id"], "Hash Buckets": 131072, "Original Hash Buckets": 131072, "Hash Batches": 32, "Original Hash Batches": 32, "Peak Memory Usage": 3079, "Shared Hit Blocks": 0, "Shared Read Blocks": 35998, "Shared Dirtied Blocks": 0, "Shared Written Blocks": 0, "Local Hit Blocks": 0, "Local Read Blocks": 0, "Local Dirtied Blocks": 0, "Local Written Blocks": 0, "Temp Read Blocks": 0, "Temp Written Blocks": 5278, "I/O Read Time": 59.169, "I/O Write Time": 0.0, "Plans": [{"Node Type": "Seq Scan", "Parent Relationship": "Outer", "Parallel Aware": false, "Relation Name": "title", "Schema": "public", "Alias": "t", "Startup Cost": 0.0, "Total Cost": 67604.5, "Plan Rows": 1850877, "Plan Width": 4, "Actual Startup Time": 0.138, "Actual Total Time": 649.448, "Actual Rows": 1865487, "Actual Loops": 1, "Output": ["t.id"], "Filter": "(t.kind_id > 1)", "Rows Removed by Filter": 662825, "Shared Hit Blocks": 0, "Shared Read Blocks": 35998, "Shared Dirtied Blocks": 0, "Shared Written Blocks": 0, "Local Hit Blocks": 0, "Local Read Blocks": 0, "Local Dirtied Blocks": 0, "Local Written Blocks": 0, "Temp Read Blocks": 0, "Temp Written Blocks": 0, "I/O Read Time": 59.169, "I/O Write Time": 0.0}]}]}]}]}]}, "Planning": {"Shared Hit Blocks": 214, "Shared Read Blocks": 46, "Shared Dirtied Blocks": 0, "Shared Written Blocks": 0, "Local Hit Blocks": 0, "Local Read Blocks": 0, "Local Dirtied Blocks": 0, "Local Written Blocks": 0, "Temp Read Blocks": 0, "Temp Written Blocks": 0, "I/O Read Time": 3.369, "I/O Write Time": 0.0}, "Planning Time": 5.338, "Triggers": [], "Execution Time": 31455.354}, "template": "scale", "query": "EXPLAIN (ANALYZE, COSTS, BUFFERS, VERBOSE, FORMAT JSON) SELECT COUNT(*) FROM title t,cast_info ci,movie_info mi WHERE t.id=ci.movie_id AND t.id=mi.movie_id AND t.kind_id>1 AND ci.person_id<3326509 AND ci.role_id<2 AND mi.info_type_id<16;"}
{"planinfo": {"Plan": {"Node Type": "Aggregate", "Strategy": "Plain", "Partial Mode": "Simple", "Parallel Aware": false, "Startup Cost": 534146.63, "Total Cost": 534146.64, "Plan Rows": 1, "Plan Width": 8, "Actual Startup Time": 8522.73, "Actual Total Time": 8522.732, "Actual Rows": 1, "Actual Loops": 1, "Output": ["count(*)"], "Shared Hit Blocks": 4486773, "Shared Read Blocks": 47238, "Shared Dirtied Blocks": 0, "Shared Written Blocks": 0, "Local Hit Blocks": 0, "Local Read Blocks": 0, "Local Dirtied Blocks": 0, "Local Written Blocks": 0, "Temp Read Blocks": 0, "Temp Written Blocks": 0, "I/O Read Time": 404.927, "I/O Write Time": 0.0, "Plans": [{"Node Type": "Merge Join", "Parent Relationship": "Outer", "Parallel Aware": false, "Join Type": "Inner", "Startup Cost": 32.66, "Total Cost": 527368.44, "Plan Rows": 2711277, "Plan Width": 0, "Actual Startup Time": 0.312, "Actual Total Time": 7737.414, "Actual Rows": 6930334, "Actual Loops": 1, "Inner Unique": false, "Merge Cond": "(t.id = mi.movie_id)", "Shared Hit Blocks": 4486773, "Shared Read Blocks": 47238, "Shared Dirtied Blocks": 0, "Shared Written Blocks": 0, "Local Hit Blocks": 0, "Local Read Blocks": 0, "Local Dirtied Blocks": 0, "Local Written Blocks": 0, "Temp Read Blocks": 0, "Temp Written Blocks": 0, "I/O Read Time": 404.927, "I/O Write Time": 0.0, "Plans": [{"Node Type": "Merge Join", "Parent Relationship": "Outer", "Parallel Aware": false, "Join Type": "Inner", "Startup Cost": 9.94, "Total Cost": 136197.52, "Plan Rows": 462634, "Plan Width": 8, "Actual Startup Time": 0.166, "Actual Total Time": 1649.272, "Actual Rows": 459925, "Actual Loops": 1, "Output": ["t.id", "mi_idx.movie_id"], "Inner Unique": false, "Merge Cond": "(t.id = mi_idx.movie_id)", "Shared Hit Blocks": 36376, "Shared Read Blocks": 21407, "Shared Dirtied Blocks": 0, "Shared Written Blocks": 0, "Local Hit Blocks": 0, "Local Read Blocks": 0, "Local Dirtied Blocks": 0, "Local Written Blocks": 0, "Temp Read Blocks": 0, "Temp Written Blocks": 0, "I/O Read Time": 231.223, "I/O Write Time": 0.0, "Plans": [{"Node Type": "Index Only Scan", "Parent Relationship": "Outer", "Parallel Aware": false, "Scan Direction": "Forward", "Index Name": "title_pkey", "Relation Name": "title", "Schema": "public", "Alias": "t", "Startup Cost": 0.43, "Total Cost": 73940.23, "Plan Rows": 2528520, "Plan Width": 4, "Actual Startup Time": 0.015, "Actual Total Time": 559.915, "Actual Rows": 2525794, "Actual Loops": 1, "Output": ["t.id"], "Heap Fetches": 0, "Shared Hit Blocks": 23441, "Shared Read Blocks": 8963, "Shared Dirtied Blocks": 0, "Shared Written Blocks": 0, "Local Hit Blocks": 0, "Local Read Blocks": 0, "Local Dirtied Blocks": 0, "Local Written Blocks": 0, "Temp Read Blocks": 0, "Temp Written Blocks": 0, "I/O Read Time": 161.706, "I/O Write Time": 0.0}, {"Node Type": "Index Scan", "Parent Relationship": "Inner", "Parallel Aware": false, "Scan Direction": "Forward", "Index Name": "movie_id_movie_info_idx", "Relation Name": "movie_info_idx", "Schema": "public", "Alias": "mi_idx", "Startup Cost": 0.43, "Total Cost": 50235.25, "Plan Rows": 462634, "Plan Width": 4, "Actual Startup Time": 0.147, "Actual Total Time": 619.797, "Actual Rows": 459925, "Actual Loops": 1, "Output": ["mi_idx.id", "mi_idx.movie_id", "mi_idx.info_type_id", "mi_idx.info", "mi_idx.note"], "Filter": "(mi_idx.info_type_id = 100)", "Rows Removed by Filter": 920110, "Shared Hit Blocks": 12935, "Shared Read Blocks": 12444, "Shared Dirtied Blocks": 0, "Shared Written Blocks": 0, "Local Hit Blocks": 0, "Local Read Blocks": 0, "Local Dirtied Blocks": 0, "Local Written Blocks": 0, "Temp Read Blocks": 0, "Temp Written Blocks": 0, "I/O Read Time": 69.517, "I/O Write Time": 0.0}]}, {"Node Type": "Index Only Scan", "Parent Relationship": "Inner", "Parallel Aware": false, "Scan Direction": "Forward", "Index Name": "movie_id_movie_info", "Relation Name": "movie_info", "Schema": "public", "Alias": "mi", "Startup Cost": 0.43, "Total Cost": 325993.18, "Plan Rows": 14818450, "Plan Width": 4, "Actual Startup Time": 0.032, "Actual Total Time": 3868.908, "Actual Rows": 14834661, "Actual Loops": 1, "Output": ["mi.movie_id"], "Heap Fetches": 0, "Shared Hit Blocks": 4450397, "Shared Read Blocks": 25831, "Shared Dirtied Blocks": 0, "Shared Written Blocks": 0, "Local Hit Blocks": 0, "Local Read Blocks": 0, "Local Dirtied Blocks": 0, "Local Written Blocks": 0, "Temp Read Blocks": 0, "Temp Written Blocks": 0, "I/O Read Time": 173.705, "I/O Write Time": 0.0}]}]}, "Planning": {"Shared Hit Blocks": 182, "Shared Read Blocks": 38, "Shared Dirtied Blocks": 0, "Shared Written Blocks": 0, "Local Hit Blocks": 0, "Local Read Blocks": 0, "Local Dirtied Blocks": 0, "Local Written Blocks": 0, "Temp Read Blocks": 0, "Temp Written Blocks": 0, "I/O Read Time": 2.989, "I/O Write Time": 0.0}, "Planning Time": 4.664, "Triggers": [], "Execution Time": 8522.85}, "template": "scale", "query": "EXPLAIN (ANALYZE, COSTS, BUFFERS, VERBOSE, FORMAT JSON) SELECT COUNT(*) FROM title t,movie_info mi,movie_info_idx mi_idx WHERE t.id=mi.movie_id AND t.id=mi_idx.movie_id AND mi_idx.info_type_id=100;"}
{"planinfo": {"Plan": {"Node Type": "Aggregate", "Strategy": "Plain", "Partial Mode": "Simple", "Parallel Aware": false, "Startup Cost": 162211.12, "Total Cost": 162211.13, "Plan Rows": 1, "Plan Width": 8, "Actual Startup Time": 1240.278, "Actual Total Time": 1240.282, "Actual Rows": 1, "Actual Loops": 1, "Output": ["count(*)"], "Shared Hit Blocks": 8584, "Shared Read Blocks": 42540, "Shared Dirtied Blocks": 0, "Shared Written Blocks": 0, "Local Hit Blocks": 0, "Local Read Blocks": 0, "Local Dirtied Blocks": 0, "Local Written Blocks": 0, "Temp Read Blocks": 1268, "Temp Written Blocks": 1268, "I/O Read Time": 125.561, "I/O Write Time": 0.0, "Plans": [{"Node Type": "Nested Loop", "Parent Relationship": "Outer", "Parallel Aware": false, "Join Type": "Inner", "Startup Cost": 75753.53, "Total Cost": 162185.11, "Plan Rows": 10403, "Plan Width": 0, "Actual Startup Time": 545.561, "Actual Total Time": 1239.851, "Actual Rows": 3212, "Actual Loops": 1, "Inner Unique": false, "Join Filter": "(t.id = mc.movie_id)", "Rows Removed by Join Filter": 0, "Shared Hit Blocks": 8584, "Shared Read Blocks": 42540, "Shared Dirtied Blocks": 0, "Shared Written Blocks": 0, "Local Hit Blocks": 0, "Local Read Blocks": 0, "Local Dirtied Blocks": 0, "Local Written Blocks": 0, "Temp Read Blocks": 1268, "Temp Written Blocks": 1268, "I/O Read Time": 125.561, "I/O Write Time": 0.0, "Plans": [{"Node Type": "Nested Loop", "Parent Relationship": "Outer", "Parallel Aware": false, "Join Type": "Inner", "Startup Cost": 75753.1, "Total Cost": 156198.36, "Plan Rows": 10082, "Plan Width": 16, "Actual Startup Time": 545.344, "Actual Total Time": 1230.271, "Actual Rows": 1146, "Actual Loops": 1, "Output": ["t.id", "ci.movie_id", "mi_idx.movie_id", "mk.movie_id"], "Inner Unique": false, "Join Filter": "(t.id = mk.movie_id)", "Rows Removed by Join Filter": 0, "Shared Hit Blocks": 5182, "Shared Read Blocks": 42503, "Shared Dirtied Blocks": 0, "Shared Written Blocks": 0, "Local Hit Blocks": 0, "Local Read Blocks": 0, "Local Dirtied Blocks": 0, "Local Written Blocks": 0, "Temp Read Blocks": 1268, "Temp Written Blocks": 1268, "I/O Read Time": 121.676, "I/O Write Time": 0.0, "Plans": [{"Node Type": "Nested Loop", "Parent Relationship": "Outer", "Parallel Aware": false, "Join Type": "Inner", "Startup Cost": 75752.67, "Total Cost": 133175.47, "Plan Rows": 13281, "Plan Width": 12, "Actual Startup Time": 544.997, "Actual Total Time": 1218.406, "Actual Rows": 670, "Actual Loops": 1, "Output": ["t.id", "ci.movie_id", "mi_idx.movie_id"], "Inner Unique": false, "Join Filter": "(t.id = mi_idx.movie_id)", "Rows Removed by Join Filter": 0, "Shared Hit Blocks": 2986, "Shared Read Blocks": 42427, "Shared Dirtied Blocks": 0, "Shared Written Blocks": 0, "Local Hit Blocks": 0, "Local Read Blocks": 0, "Local Dirtied Blocks": 0, "Local Written Blocks": 0, "Temp Read Blocks": 1268, "Temp Written Blocks": 1268, "I/O Read Time": 113.807, "I/O Write Time": 0.0, "Plans": [{"Node Type": "Hash Join", "Parent Relationship": "Outer", "Parallel Aware": false, "Join Type": "Inner", "Startup Cost": 75752.24, "Total Cost": 112348.85, "Plan Rows": 36356, "Plan Width": 8, "Actual Startup Time": 544.428, "Actual Total Time": 1200.569, "Actual Rows": 923, "Actual Loops": 1, "Output": ["t.id", "ci.movie_id"], "Inner Unique": true, "Hash Cond": "(ci.movie_id = t.id)", "Shared Hit Blocks": 3, "Shared Read Blocks": 42306, "Shared Dirtied Blocks": 0, "Shared Written Blocks": 0, "Local Hit Blocks": 0, "Local Read Blocks": 0, "Local Dirtied Blocks": 0, "Local Written Blocks": 0, "Temp Read Blocks": 1268, "Temp Written Blocks": 1268, "I/O Read Time": 100.821, "I/O Write Time": 0.0, "Plans": [{"Node Type": "Index Scan", "Parent Relationship": "Outer", "Parallel Aware": false, "Scan Direction": "Forward", "Index Name": "role_id_cast_info", "Relation Name": "cast_info", "Schema": "public", "Alias": "ci", "Startup Cost": 0.44, "Total Cost": 27539.58, "Plan Rows": 826085, "Plan Width": 4, "Actual Startup Time": 0.493, "Actual Total Time": 401.578, "Actual Rows": 854796, "Actual Loops": 1, "Output": ["ci.movie_id"], "Index Cond": "(ci.role_id = 5)", "Rows Removed by Index Recheck": 0, "Filter": "(ci.person_id > 335383)", "Rows Removed by Filter": 43593, "Shared Hit Blocks": 0, "Shared Read Blocks": 6308, "Shared Dirtied Blocks": 0, "Shared Written Blocks": 0, "Local Hit Blocks": 0, "Local Read Blocks": 0, "Local Dirtied Blocks": 0, "Local Written Blocks": 0, "Temp Read Blocks": 0, "Temp Written Blocks": 0, "I/O Read Time": 33.45, "I/O Write Time": 0.0}, {"Node Type": "Hash", "Parent Relationship": "Inner", "Parallel Aware": false, "Startup Cost": 73925.8, "Total Cost": 73925.8, "Plan Rows": 111280, "Plan Width": 4, "Actual Startup Time": 528.842, "Actual Total Time": 528.843, "Actual Rows": 10233, "Actual Loops": 1, "Output": ["t.id"], "Hash Buckets": 131072, "Original Hash Buckets": 131072, "Hash Batches": 2, "Original Hash Batches": 2, "Peak Memory Usage": 1206, "Shared Hit Blocks": 0, "Shared Read Blocks": 35998, "Shared Dirtied Blocks": 0, "Shared Written Blocks": 0, "Local Hit Blocks": 0, "Local Read Blocks": 0, "Local Dirtied Blocks": 0, "Local Written Blocks": 0, "Temp Read Blocks": 0, "Temp Written Blocks": 14, "I/O Read Time": 67.371, "I/O Write Time": 0.0, "Plans": [{"Node Type": "Seq Scan", "Parent Relationship": "Outer", "Parallel Aware": false, "Relation Name": "title", "Schema": "public", "Alias": "t", "Startup Cost": 0.0, "Total Cost": 73925.8, "Plan Rows": 111280, "Plan Width": 4, "Actual Startup Time": 0.153, "Actual Total Time": 523.616, "Actual Rows": 10233, "Actual Loops": 1, "Output": ["t.id"], "Filter": "((t.production_year < 1953) AND (t.kind_id = 7))", "Rows Removed by Filter": 2518079, "Shared Hit Blocks": 0, "Shared Read Blocks": 35998, "Shared Dirtied Blocks": 0, "Shared Written Blocks": 0, "Local Hit Blocks": 0, "Local Read Blocks": 0, "Local Dirtied Blocks": 0, "Local Written Blocks": 0, "Temp Read Blocks": 0, "Temp Written Blocks": 0, "I/O Read Time": 67.371, "I/O Write Time": 0.0}]}]}, {"Node Type": "Index Scan", "Parent Relationship": "Inner", "Parallel Aware": false, "Scan Direction": "Forward", "Index Name": "movie_id_movie_info_idx", "Relation Name": "movie_info_idx", "Schema": "public", "Alias": "mi_idx", "Startup Cost": 0.43, "Total Cost": 0.55, "Plan Rows": 2, "Plan Width": 4, "Actual Startup Time": 0.018, "Actual Total Time": 0.019, "Actual Rows": 1, "Actual Loops": 923, "Output": ["mi_idx.id", "mi_idx.movie_id", "mi_idx.info_type_id", "mi_idx.info", "mi_idx.note"], "Index Cond": "(mi_idx.movie_id = ci.movie_id)", "Rows Removed by Index Recheck": 0, "Filter": "(mi_idx.info_type_id > 99)", "Rows Removed by Filter": 0, "Shared Hit Blocks": 2983, "Shared Read Blocks": 121, "Shared Dirtied Blocks": 0, "Shared Written Blocks": 0, "Local Hit Blocks": 0, "Local Read Blocks": 0, "Local Dirtied Blocks": 0, "Local Written Blocks": 0, "Temp Read Blocks": 0, "Temp Written Blocks": 0, "I/O Read Time": 12.986, "I/O Write Time": 0.0}]}, {"Node Type": "Index Scan", "Parent Relationship": "Inner", "Parallel Aware": false, "Scan Direction": "Forward", "Index Name": "movie_id_movie_keyword", "Relation Name": "movie_keyword", "Schema": "public", "Alias": "mk", "Startup Cost": 0.43, "Total Cost": 1.5, "Plan Rows": 19, "Plan Width": 4, "Actual Startup Time": 0.016, "Actual Total Time": 0.017, "Actual Rows": 2, "Actual Loops": 670, "Output": ["mk.id", "mk.movie_id", "mk.keyword_id"], "Index Cond": "(mk.movie_id = mi_idx.movie_id)", "Rows Removed by Index Recheck": 0, "Filter": "(mk.keyword_id > 6898)", "Rows Removed by Filter": 2, "Shared Hit Blocks": 2196, "Shared Read Blocks": 76, "Shared Dirtied Blocks": 0, "Shared Written Blocks": 0, "Local Hit Blocks": 0, "Local Read Blocks": 0, "Local Dirtied Blocks": 0, "Local Written Blocks": 0, "Temp Read Blocks": 0, "Temp Written Blocks": 0, "I/O Read Time": 7.869, "I/O Write Time": 0.0}]}, {"Node Type": "Index Only Scan", "Parent Relationship": "Inner", "Parallel Aware": false, "Scan Direction": "Forward", "Index Name": "movie_id_movie_companies", "Relation Name": "movie_companies", "Schema": "public", "Alias": "mc", "Startup Cost": 0.43, "Total Cost": 0.53, "Plan Rows": 5, "Plan Width": 4, "Actual Startup Time": 0.007, "Actual Total Time": 0.007, "Actual Rows": 3, "Actual Loops": 1146, "Output": ["mc.movie_id"], "Index Cond": "(mc.movie_id = mk.movie_id)", "Rows Removed by Index Recheck": 0, "Heap Fetches": 0, "Shared Hit Blocks": 3402, "Shared Read Blocks": 37, "Shared Dirtied Blocks": 0, "Shared Written Blocks": 0, "Local Hit Blocks": 0, "Local Read Blocks": 0, "Local Dirtied Blocks": 0, "Local Written Blocks": 0, "Temp Read Blocks": 0, "Temp Written Blocks": 0, "I/O Read Time": 3.885, "I/O Write Time": 0.0}]}]}, "Planning": {"Shared Hit Blocks": 487, "Shared Read Blocks": 63, "Shared Dirtied Blocks": 0, "Shared Written Blocks": 0, "Local Hit Blocks": 0, "Local Read Blocks": 0, "Local Dirtied Blocks": 0, "Local Written Blocks": 0, "Temp Read Blocks": 0, "Temp Written Blocks": 0, "I/O Read Time": 5.111, "I/O Write Time": 0.0}, "Planning Time": 9.873, "Triggers": [], "Execution Time": 1240.503}, "template": "scale", "query": "EXPLAIN (ANALYZE, COSTS, BUFFERS, VERBOSE, FORMAT JSON) SELECT COUNT(*) FROM title t,movie_companies mc,cast_info ci,movie_info_idx mi_idx,movie_keyword mk WHERE t.id=mc.movie_id AND t.id=ci.movie_id AND t.id=mi_idx.movie_id AND t.id=mk.movie_id AND t.kind_id=7 AND t.production_year<1953 AND ci.person_id>335383 AND ci.role_id=5 AND mi_idx.info_type_id>99 AND mk.keyword_id>6898;"}
{"planinfo": {"Plan": {"Node Type": "Aggregate", "Strategy": "Plain", "Partial Mode": "Simple", "Parallel Aware": false, "Startup Cost": 599195.45, "Total Cost": 599195.46, "Plan Rows": 1, "Plan Width": 8, "Actual Startup Time": 16648.788, "Actual Total Time": 16648.791, "Actual Rows": 1, "Actual Loops": 1, "Output": ["count(*)"], "Shared Hit Blocks": 3, "Shared Read Blocks": 130098, "Shared Dirtied Blocks": 0, "Shared Written Blocks": 0, "Local Hit Blocks": 0, "Local Read Blocks": 0, "Local Dirtied Blocks": 0, "Local Written Blocks": 0, "Temp Read Blocks": 43893, "Temp Written Blocks": 43893, "I/O Read Time": 548.084, "I/O Write Time": 0.0, "Plans": [{"Node Type": "Hash Join", "Parent Relationship": "Outer", "Parallel Aware": false, "Join Type": "Inner", "Startup Cost": 102768.14, "Total Cost": 577150.87, "Plan Rows": 8817829, "Plan Width": 0, "Actual Startup Time": 1290.498, "Actual Total Time": 15371.601, "Actual Rows": 12670688, "Actual Loops": 1, "Inner Unique": true, "Hash Cond": "(ci.movie_id = t.id)", "Shared Hit Blocks": 3, "Shared Read Blocks": 130098, "Shared Dirtied Blocks": 0, "Shared Written Blocks": 0, "Local Hit Blocks": 0, "Local Read Blocks": 0, "Local Dirtied Blocks": 0, "Local Written Blocks": 0, "Temp Read Blocks": 43893, "Temp Written Blocks": 43893, "I/O Read Time": 548.084, "I/O Write Time": 0.0, "Plans": [{"Node Type": "Index Scan", "Parent Relationship": "Outer", "Parallel Aware": false, "Scan Direction": "Forward", "Index Name": "role_id_cast_info", "Relation Name": "cast_info", "Schema": "public", "Alias": "ci", "Startup Cost": 0.44, "Total Cost": 372468.34, "Plan Rows": 8817829, "Plan Width": 4, "Actual Startup Time": 0.398, "Actual Total Time": 5838.532, "Actual Rows": 12670688, "Actual Loops": 1, "Output": ["ci.movie_id"], "Index Cond": "(ci.role_id = 1)", "Rows Removed by Index Recheck": 0, "Filter": "(ci.person_id < 2681287)", "Rows Removed by Filter": 0, "Shared Hit Blocks": 0, "Shared Read Blocks": 94100, "Shared Dirtied Blocks": 0, "Shared Written Blocks": 0, "Local Hit Blocks": 0, "Local Read Blocks": 0, "Local Dirtied Blocks": 0, "Local Written Blocks": 0, "Temp Read Blocks": 0, "Temp Written Blocks": 0, "I/O Read Time": 488.468, "I/O Write Time": 0.0}, {"Node Type": "Hash", "Parent Relationship": "Inner", "Parallel Aware": false, "Startup Cost": 61283.2, "Total Cost": 61283.2, "Plan Rows": 2528520, "Plan Width": 4, "Actual Startup Time": 1288.6, "Actual Total Time": 1288.601, "Actual Rows": 2528312, "Actual Loops": 1, "Output": ["t.id"], "Hash Buckets": 131072, "Original Hash Buckets": 131072, "Hash Batches": 64, "Original Hash Batches": 64, "Peak Memory Usage": 2415, "Shared Hit Blocks": 0, "Shared Read Blocks": 35998, "Shared Dirtied Blocks": 0, "Shared Written Blocks": 0, "Local Hit Blocks": 0, "Local Read Blocks": 0, "Local Dirtied Blocks": 0, "Local Written Blocks": 0, "Temp Read Blocks": 0, "Temp Written Blocks": 7262, "I/O Read Time": 59.617, "I/O Write Time": 0.0, "Plans": [{"Node Type": "Seq Scan", "Parent Relationship": "Outer", "Parallel Aware": false, "Relation Name": "title", "Schema": "public", "Alias": "t", "Startup Cost": 0.0, "Total Cost": 61283.2, "Plan Rows": 2528520, "Plan Width": 4, "Actual Startup Time": 0.135, "Actual Total Time": 548.461, "Actual Rows": 2528312, "Actual Loops": 1, "Output": ["t.id"], "Shared Hit Blocks": 0, "Shared Read Blocks": 35998, "Shared Dirtied Blocks": 0, "Shared Written Blocks": 0, "Local Hit Blocks": 0, "Local Read Blocks": 0, "Local Dirtied Blocks": 0, "Local Written Blocks": 0, "Temp Read Blocks": 0, "Temp Written Blocks": 0, "I/O Read Time": 59.617, "I/O Write Time": 0.0}]}]}]}, "Planning": {"Shared Hit Blocks": 123, "Shared Read Blocks": 32, "Shared Dirtied Blocks": 0, "Shared Written Blocks": 0, "Local Hit Blocks": 0, "Local Read Blocks": 0, "Local Dirtied Blocks": 0, "Local Written Blocks": 0, "Temp Read Blocks": 0, "Temp Written Blocks": 0, "I/O Read Time": 2.429, "I/O Write Time": 0.0}, "Planning Time": 3.494, "Triggers": [], "Execution Time": 16648.954}, "template": "scale", "query": "EXPLAIN (ANALYZE, COSTS, BUFFERS, VERBOSE, FORMAT JSON) SELECT COUNT(*) FROM title t,cast_info ci WHERE t.id=ci.movie_id AND ci.person_id<2681287 AND ci.role_id=1;"}
{"planinfo": {"Plan": {"Node Type": "Aggregate", "Strategy": "Plain", "Partial Mode": "Simple", "Parallel Aware": false, "Startup Cost": 2563.85, "Total Cost": 2563.86, "Plan Rows": 1, "Plan Width": 8, "Actual Startup Time": 343.606, "Actual Total Time": 343.608, "Actual Rows": 1, "Actual Loops": 1, "Output": ["count(*)"], "Shared Hit Blocks": 18834, "Shared Read Blocks": 3070, "Shared Dirtied Blocks": 0, "Shared Written Blocks": 0, "Local Hit Blocks": 0, "Local Read Blocks": 0, "Local Dirtied Blocks": 0, "Local Written Blocks": 0, "Temp Read Blocks": 0, "Temp Written Blocks": 0, "I/O Read Time": 268.487, "I/O Write Time": 0.0, "Plans": [{"Node Type": "Nested Loop", "Parent Relationship": "Outer", "Parallel Aware": false, "Join Type": "Inner", "Startup Cost": 1.73, "Total Cost": 2563.33, "Plan Rows": 211, "Plan Width": 0, "Actual Startup Time": 30.78, "Actual Total Time": 330.549, "Actual Rows": 124927, "Actual Loops": 1, "Inner Unique": false, "Shared Hit Blocks": 18834, "Shared Read Blocks": 3070, "Shared Dirtied Blocks": 0, "Shared Written Blocks": 0, "Local Hit Blocks": 0, "Local Read Blocks": 0, "Local Dirtied Blocks": 0, "Local Written Blocks": 0, "Temp Read Blocks": 0, "Temp Written Blocks": 0, "I/O Read Time": 268.487, "I/O Write Time": 0.0, "Plans": [{"Node Type": "Nested Loop", "Parent Relationship": "Outer", "Parallel Aware": false, "Join Type": "Inner", "Startup Cost": 1.29, "Total Cost": 2503.55, "Plan Rows": 36, "Plan Width": 12, "Actual Startup Time": 30.57, "Actual Total Time": 233.151, "Actual Rows": 1485, "Actual Loops": 1, "Output": ["t.id", "mi_idx.movie_id", "mk.movie_id"], "Inner Unique": true, "Shared Hit Blocks": 8086, "Shared Read Blocks": 2538, "Shared Dirtied Blocks": 0, "Shared Written Blocks": 0, "Local Hit Blocks": 0, "Local Read Blocks": 0, "Local Dirtied Blocks": 0, "Local Written Blocks": 0, "Temp Read Blocks": 0, "Temp Written Blocks": 0, "I/O Read Time": 215.593, "I/O Write Time": 0.0, "Plans": [{"Node Type": "Nested Loop", "Parent Relationship": "Outer", "Parallel Aware": false, "Join Type": "Inner", "Startup Cost": 0.86, "Total Cost": 2074.02, "Plan Rows": 740, "Plan Width": 8, "Actual Startup Time": 0.508, "Actual Total Time": 96.23, "Actual Rows": 1920, "Actual Loops": 1, "Output": ["mi_idx.movie_id", "mk.movie_id"], "Inner Unique": false, "Shared Hit Blocks": 1593, "Shared Read Blocks": 1351, "Shared Dirtied Blocks": 0, "Shared Written Blocks": 0, "Local Hit Blocks": 0, "Local Read Blocks": 0, "Local Dirtied Blocks": 0, "Local Written Blocks": 0, "Temp Read Blocks": 0, "Temp Written Blocks": 0, "I/O Read Time": 89.953, "I/O Write Time": 0.0, "Plans": [{"Node Type": "Index Scan", "Parent Relationship": "Outer", "Parallel Aware": false, "Scan Direction": "Forward", "Index Name": "keyword_id_movie_keyword", "Relation Name": "movie_keyword", "Schema": "public", "Alias": "mk", "Startup Cost": 0.43, "Total Cost": 988.56, "Plan Rows": 246, "Plan Width": 4, "Actual Startup Time": 0.405, "Actual Total Time": 71.539, "Actual Rows": 740, "Actual Loops": 1, "Output": ["mk.id", "mk.movie_id", "mk.keyword_id"], "Index Cond": "(mk.keyword_id = 1118)", "Rows Removed by Index Recheck": 0, "Shared Hit Blocks": 0, "Shared Read Blocks": 723, "Shared Dirtied Blocks": 0, "Shared Written Blocks": 0, "Local Hit Blocks": 0, "Local Read Blocks": 0, "Local Dirtied Blocks": 0, "Local Written Blocks": 0, "Temp Read Blocks": 0, "Temp Written Blocks": 0, "I/O Read Time": 70.157, "I/O Write Time": 0.0}, {"Node Type": "Index Only Scan", "Parent Relationship": "Inner", "Parallel Aware": false, "Scan Direction": "Forward", "Index Name": "movie_id_movie_info_idx", "Relation Name": "movie_info_idx", "Schema": "public", "Alias": "mi_idx", "Startup Cost": 0.43, "Total Cost": 4.38, "Plan Rows": 3, "Plan Width": 4, "Actual Startup Time": 0.032, "Actual Total Time": 0.032, "Actual Rows": 3, "Actual Loops": 740, "Output": ["mi_idx.movie_id"], "Index Cond": "(mi_idx.movie_id = mk.movie_id)", "Rows Removed by Index Recheck": 0, "Heap Fetches": 0, "Shared Hit Blocks": 1593, "Shared Read Blocks": 628, "Shared Dirtied Blocks": 0, "Shared Written Blocks": 0, "Local Hit Blocks": 0, "Local Read Blocks": 0, "Local Dirtied Blocks": 0, "Local Written Blocks": 0, "Temp Read Blocks": 0, "Temp Written Blocks": 0, "I/O Read Time": 19.796, "I/O Write Time": 0.0}]}, {"Node Type": "Index Scan", "Parent Relationship": "Inner", "Parallel Aware": false, "Scan Direction": "Forward", "Index Name": "title_pkey", "Relation Name": "title", "Schema": "public", "Alias": "t", "Startup Cost": 0.43, "Total Cost": 0.58, "Plan Rows": 1, "Plan Width": 4, "Actual Startup Time": 0.071, "Actual Total Time": 0.071, "Actual Rows": 1, "Actual Loops": 1920, "Output": ["t.id", "t.title", "t.imdb_index", "t.kind_id", "t.production_year", "t.imdb_id", "t.phonetic_code", "t.episode_of_id", "t.season_nr", "t.episode_nr", "t.series_years", "t.md5sum"], "Index Cond": "(t.id = mi_idx.movie_id)", "Rows Removed by Index Recheck": 0, "Filter": "(t.kind_id = 1)", "Rows Removed by Filter": 0, "Shared Hit Blocks": 6493, "Shared Read Blocks": 1187, "Shared Dirtied Blocks": 0, "Shared Written Blocks": 0, "Local Hit Blocks": 0, "Local Read Blocks": 0, "Local Dirtied Blocks": 0, "Local Written Blocks": 0, "Temp Read Blocks": 0, "Temp Written Blocks": 0, "I/O Read Time": 125.64, "I/O Write Time": 0.0}]}, {"Node Type": "Index Only Scan", "Parent Relationship": "Inner", "Parallel Aware": false, "Scan Direction": "Forward", "Index Name": "movie_id_movie_info", "Relation Name": "movie_info", "Schema": "public", "Alias": "mi", "Startup Cost": 0.43, "Total Cost": 1.27, "Plan Rows": 39, "Plan Width": 4, "Actual Startup Time": 0.042, "Actual Total Time": 0.055, "Actual Rows": 84, "Actual Loops": 1485, "Output": ["mi.movie_id"], "Index Cond": "(mi.movie_id = t.id)", "Rows Removed by Index Recheck": 0, "Heap Fetches": 0, "Shared Hit Blocks": 10748, "Shared Read Blocks": 532, "Shared Dirtied Blocks": 0, "Shared Written Blocks": 0, "Local Hit Blocks": 0, "Local Read Blocks": 0, "Local Dirtied Blocks": 0, "Local Written Blocks": 0, "Temp Read Blocks": 0, "Temp Written Blocks": 0, "I/O Read Time": 52.894, "I/O Write Time": 0.0}]}]}, "Planning": {"Shared Hit Blocks": 298, "Shared Read Blocks": 48, "Shared Dirtied Blocks": 0, "Shared Written Blocks": 0, "Local Hit Blocks": 0, "Local Read Blocks": 0, "Local Dirtied Blocks": 0, "Local Written Blocks": 0, "Temp Read Blocks": 0, "Temp Written Blocks": 0, "I/O Read Time": 3.711, "I/O Write Time": 0.0}, "Planning Time": 6.384, "Triggers": [], "Execution Time": 343.747}, "template": "scale", "query": "EXPLAIN (ANALYZE, COSTS, BUFFERS, VERBOSE, FORMAT JSON) SELECT COUNT(*) FROM title t,movie_info mi,movie_info_idx mi_idx,movie_keyword mk WHERE t.id=mi.movie_id AND t.id=mi_idx.movie_id AND t.id=mk.movie_id AND t.kind_id=1 AND mk.keyword_id=1118;"}
{"planinfo": {"Plan": {"Node Type": "Aggregate", "Strategy": "Plain", "Partial Mode": "Simple", "Parallel Aware": false, "Startup Cost": 30030.83, "Total Cost": 30030.84, "Plan Rows": 1, "Plan Width": 8, "Actual Startup Time": 308.318, "Actual Total Time": 308.319, "Actual Rows": 1, "Actual Loops": 1, "Output": ["count(*)"], "Shared Hit Blocks": 0, "Shared Read Blocks": 1012, "Shared Dirtied Blocks": 0, "Shared Written Blocks": 0, "Local Hit Blocks": 0, "Local Read Blocks": 0, "Local Dirtied Blocks": 0, "Local Written Blocks": 0, "Temp Read Blocks": 0, "Temp Written Blocks": 0, "I/O Read Time": 5.901, "I/O Write Time": 0.0, "Plans": [{"Node Type": "Index Only Scan", "Parent Relationship": "Outer", "Parallel Aware": false, "Scan Direction": "Forward", "Index Name": "info_type_id_movie_info", "Relation Name": "movie_info", "Schema": "public", "Alias": "mi", "Startup Cost": 0.43, "Total Cost": 26790.53, "Plan Rows": 1296120, "Plan Width": 0, "Actual Startup Time": 0.402, "Actual Total Time": 184.269, "Actual Rows": 1288928, "Actual Loops": 1, "Output": ["info_type_id"], "Index Cond": "(mi.info_type_id = 2)", "Rows Removed by Index Recheck": 0, "Heap Fetches": 0, "Shared Hit Blocks": 0, "Shared Read Blocks": 1012, "Shared Dirtied Blocks": 0, "Shared Written Blocks": 0, "Local Hit Blocks": 0, "Local Read Blocks": 0, "Local Dirtied Blocks": 0, "Local Written Blocks": 0, "Temp Read Blocks": 0, "Temp Written Blocks": 0, "I/O Read Time": 5.901, "I/O Write Time": 0.0}]}, "Planning": {"Shared Hit Blocks": 48, "Shared Read Blocks": 11, "Shared Dirtied Blocks": 0, "Shared Written Blocks": 0, "Local Hit Blocks": 0, "Local Read Blocks": 0, "Local Dirtied Blocks": 0, "Local Written Blocks": 0, "Temp Read Blocks": 0, "Temp Written Blocks": 0, "I/O Read Time": 0.696, "I/O Write Time": 0.0}, "Planning Time": 1.133, "Triggers": [], "Execution Time": 308.354}, "template": "scale", "query": "EXPLAIN (ANALYZE, COSTS, BUFFERS, VERBOSE, FORMAT JSON) SELECT COUNT(*) FROM movie_info mi WHERE mi.info_type_id=2;"}
{"planinfo": {"Plan": {"Node Type": "Aggregate", "Strategy": "Plain", "Partial Mode": "Simple", "Parallel Aware": false, "Startup Cost": 125534.62, "Total Cost": 125534.63, "Plan Rows": 1, "Plan Width": 8, "Actual Startup Time": 2157.779, "Actual Total Time": 2157.782, "Actual Rows": 1, "Actual Loops": 1, "Output": ["count(*)"], "Shared Hit Blocks": 3, "Shared Read Blocks": 43933, "Shared Dirtied Blocks": 0, "Shared Written Blocks": 0, "Local Hit Blocks": 0, "Local Read Blocks": 0, "Local Dirtied Blocks": 0, "Local Written Blocks": 0, "Temp Read Blocks": 6510, "Temp Written Blocks": 6510, "I/O Read Time": 103.737, "I/O Write Time": 0.0, "Plans": [{"Node Type": "Hash Join", "Parent Relationship": "Outer", "Parallel Aware": false, "Join Type": "Inner", "Startup Cost": 84096.14, "Total Cost": 124163.09, "Plan Rows": 548610, "Plan Width": 0, "Actual Startup Time": 871.494, "Actual Total Time": 2058.099, "Actual Rows": 954317, "Actual Loops": 1, "Inner Unique": true, "Hash Cond": "(mi_idx.movie_id = t.id)", "Shared Hit Blocks": 3, "Shared Read Blocks": 43933, "Shared Dirtied Blocks": 0, "Shared Written Blocks": 0, "Local Hit Blocks": 0, "Local Read Blocks": 0, "Local Dirtied Blocks": 0, "Local Written Blocks": 0, "Temp Read Blocks": 6510, "Temp Written Blocks": 6510, "I/O Read Time": 103.737, "I/O Write Time": 0.0, "Plans": [{"Node Type": "Seq Scan", "Parent Relationship": "Outer", "Parallel Aware": false, "Relation Name": "movie_info_idx", "Schema": "public", "Alias": "mi_idx", "Startup Cost": 0.0, "Total Cost": 21735.35, "Plan Rows": 1380035, "Plan Width": 4, "Actual Startup Time": 0.134, "Actual Total Time": 301.783, "Actual Rows": 1380035, "Actual Loops": 1, "Output": ["mi_idx.movie_id"], "Shared Hit Blocks": 0, "Shared Read Blocks": 7935, "Shared Dirtied Blocks": 0, "Shared Written Blocks": 0, "Local Hit Blocks": 0, "Local Read Blocks": 0, "Local Dirtied Blocks": 0, "Local Written Blocks": 0, "Temp Read Blocks": 0, "Temp Written Blocks": 0, "I/O Read Time": 40.427, "I/O Write Time": 0.0}, {"Node Type": "Hash", "Parent Relationship": "Inner", "Parallel Aware": false, "Startup Cost": 67604.5, "Total Cost": 67604.5, "Plan Rows": 1005171, "Plan Width": 4, "Actual Startup Time": 870.747, "Actual Total Time": 870.748, "Actual Rows": 985048, "Actual Loops": 1, "Output": ["t.id"], "Hash Buckets": 131072, "Original Hash Buckets": 131072, "Hash Batches": 16, "Original Hash Batches": 16, "Peak Memory Usage": 3188, "Shared Hit Blocks": 0, "Shared Read Blocks": 35998, "Shared Dirtied Blocks": 0, "Shared Written Blocks": 0, "Local Hit Blocks": 0, "Local Read Blocks": 0, "Local Dirtied Blocks": 0, "Local Written Blocks": 0, "Temp Read Blocks": 0, "Temp Written Blocks": 2699, "I/O Read Time": 63.31, "I/O Write Time": 0.0, "Plans": [{"Node Type": "Seq Scan", "Parent Relationship": "Outer", "Parallel Aware": false, "Relation Name": "title", "Schema": "public", "Alias": "t", "Startup Cost": 0.0, "Total Cost": 67604.5, "Plan Rows": 1005171, "Plan Width": 4, "Actual Startup Time": 0.141, "Actual Total Time": 568.998, "Actual Rows": 985048, "Actual Loops": 1, "Output": ["t.id"], "Filter": "(t.kind_id < 7)", "Rows Removed by Filter": 1543264, "Shared Hit Blocks": 0, "Shared Read Blocks": 35998, "Shared Dirtied Blocks": 0, "Shared Written Blocks": 0, "Local Hit Blocks": 0, "Local Read Blocks": 0, "Local Dirtied Blocks": 0, "Local Written Blocks": 0, "Temp Read Blocks": 0, "Temp Written Blocks": 0, "I/O Read Time": 63.31, "I/O Write Time": 0.0}]}]}]}, "Planning": {"Shared Hit Blocks": 102, "Shared Read Blocks": 26, "Shared Dirtied Blocks": 0, "Shared Written Blocks": 0, "Local Hit Blocks": 0, "Local Read Blocks": 0, "Local Dirtied Blocks": 0, "Local Written Blocks": 0, "Temp Read Blocks": 0, "Temp Written Blocks": 0, "I/O Read Time": 1.815, "I/O Write Time": 0.0}, "Planning Time": 2.683, "Triggers": [], "Execution Time": 2157.968}, "template": "scale", "query": "EXPLAIN (ANALYZE, COSTS, BUFFERS, VERBOSE, FORMAT JSON) SELECT COUNT(*) FROM title t,movie_info_idx mi_idx WHERE t.id=mi_idx.movie_id AND t.kind_id<7;"}
{"planinfo": {"Plan": {"Node Type": "Aggregate", "Strategy": "Plain", "Partial Mode": "Simple", "Parallel Aware": false, "Startup Cost": 9.35, "Total Cost": 9.36, "Plan Rows": 1, "Plan Width": 8, "Actual Startup Time": 0.667, "Actual Total Time": 0.668, "Actual Rows": 1, "Actual Loops": 1, "Output": ["count(*)"], "Shared Hit Blocks": 0, "Shared Read Blocks": 4, "Shared Dirtied Blocks": 0, "Shared Written Blocks": 0, "Local Hit Blocks": 0, "Local Read Blocks": 0, "Local Dirtied Blocks": 0, "Local Written Blocks": 0, "Temp Read Blocks": 0, "Temp Written Blocks": 0, "I/O Read Time": 0.361, "I/O Write Time": 0.0, "Plans": [{"Node Type": "Index Only Scan", "Parent Relationship": "Outer", "Parallel Aware": false, "Scan Direction": "Forward", "Index Name": "keyword_id_movie_keyword", "Relation Name": "movie_keyword", "Schema": "public", "Alias": "mk", "Startup Cost": 0.43, "Total Cost": 8.74, "Plan Rows": 246, "Plan Width": 0, "Actual Startup Time": 0.421, "Actual Total Time": 0.553, "Actual Rows": 1068, "Actual Loops": 1, "Output": ["keyword_id"], "Index Cond": "(mk.keyword_id = 4964)", "Rows Removed by Index Recheck": 0, "Heap Fetches": 0, "Shared Hit Blocks": 0, "Shared Read Blocks": 4, "Shared Dirtied Blocks": 0, "Shared Written Blocks": 0, "Local Hit Blocks": 0, "Local Read Blocks": 0, "Local Dirtied Blocks": 0, "Local Written Blocks": 0, "Temp Read Blocks": 0, "Temp Written Blocks": 0, "I/O Read Time": 0.361, "I/O Write Time": 0.0}]}, "Planning": {"Shared Hit Blocks": 49, "Shared Read Blocks": 9, "Shared Dirtied Blocks": 0, "Shared Written Blocks": 0, "Local Hit Blocks": 0, "Local Read Blocks": 0, "Local Dirtied Blocks": 0, "Local Written Blocks": 0, "Temp Read Blocks": 0, "Temp Written Blocks": 0, "I/O Read Time": 0.579, "I/O Write Time": 0.0}, "Planning Time": 0.969, "Triggers": [], "Execution Time": 0.698}, "template": "scale", "query": "EXPLAIN (ANALYZE, COSTS, BUFFERS, VERBOSE, FORMAT JSON) SELECT COUNT(*) FROM movie_keyword mk WHERE mk.keyword_id=4964;"}
{"planinfo": {"Plan": {"Node Type": "Aggregate", "Strategy": "Plain", "Partial Mode": "Simple", "Parallel Aware": false, "Startup Cost": 273.48, "Total Cost": 273.49, "Plan Rows": 1, "Plan Width": 8, "Actual Startup Time": 0.402, "Actual Total Time": 0.403, "Actual Rows": 1, "Actual Loops": 1, "Output": ["count(*)"], "Shared Hit Blocks": 0, "Shared Read Blocks": 4, "Shared Dirtied Blocks": 0, "Shared Written Blocks": 0, "Local Hit Blocks": 0, "Local Read Blocks": 0, "Local Dirtied Blocks": 0, "Local Written Blocks": 0, "Temp Read Blocks": 0, "Temp Written Blocks": 0, "I/O Read Time": 0.375, "I/O Write Time": 0.0, "Plans": [{"Node Type": "Index Scan", "Parent Relationship": "Outer", "Parallel Aware": false, "Scan Direction": "Forward", "Index Name": "company_id_movie_companies", "Relation Name": "movie_companies", "Schema": "public", "Alias": "mc", "Startup Cost": 0.43, "Total Cost": 273.35, "Plan Rows": 53, "Plan Width": 0, "Actual Startup Time": 0.395, "Actual Total Time": 0.398, "Actual Rows": 6, "Actual Loops": 1, "Output": ["id", "movie_id", "company_id", "company_type_id", "note"], "Index Cond": "(mc.company_id = 81280)", "Rows Removed by Index Recheck": 0, "Filter": "(mc.company_type_id > 1)", "Rows Removed by Filter": 0, "Shared Hit Blocks": 0, "Shared Read Blocks": 4, "Shared Dirtied Blocks": 0, "Shared Written Blocks": 0, "Local Hit Blocks": 0, "Local Read Blocks": 0, "Local Dirtied Blocks": 0, "Local Written Blocks": 0, "Temp Read Blocks": 0, "Temp Written Blocks": 0, "I/O Read Time": 0.375, "I/O Write Time": 0.0}]}, "Planning": {"Shared Hit Blocks": 66, "Shared Read Blocks": 11, "Shared Dirtied Blocks": 0, "Shared Written Blocks": 0, "Local Hit Blocks": 0, "Local Read Blocks": 0, "Local Dirtied Blocks": 0, "Local Written Blocks": 0, "Temp Read Blocks": 0, "Temp Written Blocks": 0, "I/O Read Time": 0.881, "I/O Write Time": 0.0}, "Planning Time": 1.477, "Triggers": [], "Execution Time": 0.439}, "template": "scale", "query": "EXPLAIN (ANALYZE, COSTS, BUFFERS, VERBOSE, FORMAT JSON) SELECT COUNT(*) FROM movie_companies mc WHERE mc.company_id=81280 AND mc.company_type_id>1;"}
{"planinfo": {"Plan": {"Node Type": "Aggregate", "Strategy": "Plain", "Partial Mode": "Simple", "Parallel Aware": false, "Startup Cost": 395166.09, "Total Cost": 395166.1, "Plan Rows": 1, "Plan Width": 8, "Actual Startup Time": 210980.292, "Actual Total Time": 210980.3, "Actual Rows": 1, "Actual Loops": 1, "Output": ["count(*)"], "Shared Hit Blocks": 26081132, "Shared Read Blocks": 101084, "Shared Dirtied Blocks": 0, "Shared Written Blocks": 0, "Local Hit Blocks": 0, "Local Read Blocks": 0, "Local Dirtied Blocks": 0, "Local Written Blocks": 0, "Temp Read Blocks": 16605, "Temp Written Blocks": 16605, "I/O Read Time": 764.839, "I/O Write Time": 0.0, "Plans": [{"Node Type": "Nested Loop", "Parent Relationship": "Outer", "Parallel Aware": false, "Join Type": "Inner", "Startup Cost": 244445.16, "Total Cost": 394252.12, "Plan Rows": 365590, "Plan Width": 0, "Actual Startup Time": 3898.835, "Actual Total Time": 160236.023, "Actual Rows": 502001560, "Actual Loops": 1, "Inner Unique": false, "Shared Hit Blocks": 26081132, "Shared Read Blocks": 101084, "Shared Dirtied Blocks": 0, "Shared Written Blocks": 0, "Local Hit Blocks": 0, "Local Read Blocks": 0, "Local Dirtied Blocks": 0, "Local Written Blocks": 0, "Temp Read Blocks": 16605, "Temp Written Blocks": 16605, "I/O Read Time": 764.839, "I/O Write Time": 0.0, "Plans": [{"Node Type": "Hash Join", "Parent Relationship": "Outer", "Parallel Aware": false, "Join Type": "Inner", "Startup Cost": 244444.73, "Total Cost": 297652.44, "Plan Rows": 62382, "Plan Width": 16, "Actual Startup Time": 3898.656, "Actual Total Time": 6061.194, "Actual Rows": 3345492, "Actual Loops": 1, "Output": ["t.id", "mc.movie_id", "mi_idx.movie_id", "mk.movie_id"], "Inner Unique": false, "Hash Cond": "(mc.movie_id = t.id)", "Shared Hit Blocks": 3, "Shared Read Blocks": 80563, "Shared Dirtied Blocks": 0, "Shared Written Blocks": 0, "Local Hit Blocks": 0, "Local Read Blocks": 0, "Local Dirtied Blocks": 0, "Local Written Blocks": 0, "Temp Read Blocks": 16605, "Temp Written Blocks": 16605, "I/O Read Time": 288.159, "I/O Write Time": 0.0, "Plans": [{"Node Type": "Index Scan", "Parent Relationship": "Outer", "Parallel Aware": false, "Scan Direction": "Forward", "Index Name": "company_type_id_movie_companies", "Relation Name": "movie_companies", "Schema": "public", "Alias": "mc", "Startup Cost": 0.43, "Total Cost": 38297.45, "Plan Rows": 1178899, "Plan Width": 4, "Actual Startup Time": 0.338, "Actual Total Time": 578.285, "Actual Rows": 1131906, "Actual Loops": 1, "Output": ["mc.movie_id"], "Index Cond": "(mc.company_type_id < 2)", "Rows Removed by Index Recheck": 0, "Filter": "(mc.company_id > 34)", "Rows Removed by Filter": 142340, "Shared Hit Blocks": 0, "Shared Read Blocks": 12176, "Shared Dirtied Blocks": 0, "Shared Written Blocks": 0, "Local Hit Blocks": 0, "Local Read Blocks": 0, "Local Dirtied Blocks": 0, "Local Written Blocks": 0, "Temp Read Blocks": 0, "Temp Written Blocks": 0, "I/O Read Time": 68.054, "I/O Write Time": 0.0}, {"Node Type": "Hash", "Parent Relationship": "Inner", "Parallel Aware": false, "Startup Cost": 242117.82, "Total Cost": 242117.82, "Plan Rows": 133798, "Plan Width": 12, "Actual Startup Time": 3897.195, "Actual Total Time": 3897.201, "Actual Rows": 539629, "Actual Loops": 1, "Output": ["t.id", "mi_idx.movie_id", "mk.movie_id"], "Hash Buckets": 131072, "Original Hash Buckets": 131072, "Hash Batches": 8, "Original Hash Batches": 4, "Peak Memory Usage": 3975, "Shared Hit Blocks": 0, "Shared Read Blocks": 68387, "Shared Dirtied Blocks": 0, "Shared Written Blocks": 0, "Local Hit Blocks": 0, "Local Read Blocks": 0, "Local Dirtied Blocks": 0, "Local Written Blocks": 0, "Temp Read Blocks": 11855, "Temp Written Blocks": 13691, "I/O Read Time": 220.105, "I/O Write Time": 0.0, "Plans": [{"Node Type": "Hash Join", "Parent Relationship": "Outer", "Parallel Aware": false, "Join Type": "Inner", "Startup Cost": 203481.69, "Total Cost": 242117.82, "Plan Rows": 133798, "Plan Width": 12, "Actual Startup Time": 2801.543, "Actual Total Time": 3715.101, "Actual Rows": 539629, "Actual Loops": 1, "Output": ["t.id", "mi_idx.movie_id", "mk.movie_id"], "Inner Unique": false, "Hash Cond": "(mi_idx.movie_id = t.id)", "Shared Hit Blocks": 0, "Shared Read Blocks": 68387, "Shared Dirtied Blocks": 0, "Shared Written Blocks": 0, "Local Hit Blocks": 0, "Local Read Blocks": 0, "Local Dirtied Blocks": 0, "Local Written Blocks": 0, "Temp Read Blocks": 11855, "Temp Written Blocks": 11855, "I/O Read Time": 220.105, "I/O Write Time": 0.0, "Plans": [{"Node Type": "Seq Scan", "Parent Relationship": "Outer", "Parallel Aware": false, "Relation Name": "movie_info_idx", "Schema": "public", "Alias": "mi_idx", "Startup Cost": 0.0, "Total Cost": 25185.44, "Plan Rows": 923657, "Plan Width": 4, "Actual Startup Time": 0.127, "Actual Total Time": 336.125, "Actual Rows": 920110, "Actual Loops": 1, "Output": ["mi_idx.movie_id"], "Filter": "(mi_idx.info_type_id > 99)", "Rows Removed by Filter": 459925, "Shared Hit Blocks": 0, "Shared Read Blocks": 7935, "Shared Dirtied Blocks": 0, "Shared Written Blocks": 0, "Local Hit Blocks": 0, "Local Read Blocks": 0, "Local Dirtied Blocks": 0, "Local Written Blocks": 0, "Temp Read Blocks": 0, "Temp Written Blocks": 0, "I/O Read Time": 40.735, "I/O Write Time": 0.0}, {"Node Type": "Hash", "Parent Relationship": "Inner", "Parallel Aware": false, "Startup Cost": 197472.29, "Total Cost": 197472.29, "Plan Rows": 366272, "Plan Width": 8, "Actual Startup Time": 2800.824, "Actual Total Time": 2800.828, "Actual Rows": 363692, "Actual Loops": 1, "Output": ["t.id", "mk.movie_id"], "Hash Buckets": 131072, "Original Hash Buckets": 131072, "Hash Batches": 8, "Original Hash Batches": 8, "Peak Memory Usage": 2828, "Shared Hit Blocks": 0, "Shared Read Blocks": 60452, "Shared Dirtied Blocks": 0, "Shared Written Blocks": 0, "Local Hit Blocks": 0, "Local Read Blocks": 0, "Local Dirtied Blocks": 0, "Local Written Blocks": 0, "Temp Read Blocks": 8406, "Temp Written Blocks": 9487, "I/O Read Time": 179.37, "I/O Write Time": 0.0, "Plans": [{"Node Type": "Hash Join", "Parent Relationship": "Outer", "Parallel Aware": false, "Join Type": "Inner", "Startup Cost": 102767.7, "Total Cost": 197472.29, "Plan Rows": 366272, "Plan Width": 8, "Actual Startup Time": 1288.811, "Actual Total Time": 2690.012, "Actual Rows": 363692, "Actual Loops": 1, "Output": ["t.id", "mk.movie_id"], "Inner Unique": true, "Hash Cond": "(mk.movie_id = t.id)", "Shared Hit Blocks": 0, "Shared Read Blocks": 60452, "Shared Dirtied Blocks": 0, "Shared Written Blocks": 0, "Local Hit Blocks": 0, "Local Read Blocks": 0, "Local Dirtied Blocks": 0, "Local Written Blocks": 0, "Temp Read Blocks": 8406, "Temp Written Blocks": 8406, "I/O Read Time": 179.37, "I/O Write Time": 0.0, "Plans": [{"Node Type": "Seq Scan", "Parent Relationship": "Outer", "Parallel Aware": false, "Relation Name": "movie_keyword", "Schema": "public", "Alias": "mk", "Startup Cost": 0.0, "Total Cost": 81003.12, "Plan Rows": 366272, "Plan Width": 4, "Actual Startup Time": 0.124, "Actual Total Time": 823.696, "Actual Rows": 363692, "Actual Loops": 1, "Output": ["mk.movie_id"], "Filter": "(mk.keyword_id < 335)", "Rows Removed by Filter": 4160238, "Shared Hit Blocks": 0, "Shared Read Blocks": 24454, "Shared Dirtied Blocks": 0, "Shared Written Blocks": 0, "Local Hit Blocks": 0, "Local Read Blocks": 0, "Local Dirtied Blocks": 0, "Local Written Blocks": 0, "Temp Read Blocks": 0, "Temp Written Blocks": 0, "I/O Read Time": 119.664, "I/O Write Time": 0.0}, {"Node Type": "Hash", "Parent Relationship": "Inner", "Parallel Aware": false, "Startup Cost": 61283.2, "Total Cost": 61283.2, "Plan Rows": 2528520, "Plan Width": 4, "Actual Startup Time": 1287.627, "Actual Total Time": 1287.628, "Actual Rows": 2528312, "Actual Loops": 1, "Output": ["t.id"], "Hash Buckets": 131072, "Original Hash Buckets": 131072, "Hash Batches": 64, "Original Hash Batches": 64, "Peak Memory Usage": 2415, "Shared Hit Blocks": 0, "Shared Read Blocks": 35998, "Shared Dirtied Blocks": 0, "Shared Written Blocks": 0, "Local Hit Blocks": 0, "Local Read Blocks": 0, "Local Dirtied Blocks": 0, "Local Written Blocks": 0, "Temp Read Blocks": 0, "Temp Written Blocks": 7262, "I/O Read Time": 59.706, "I/O Write Time": 0.0, "Plans": [{"Node Type": "Seq Scan", "Parent Relationship": "Outer", "Parallel Aware": false, "Relation Name": "title", "Schema": "public", "Alias": "t", "Startup Cost": 0.0, "Total Cost": 61283.2, "Plan Rows": 2528520, "Plan Width": 4, "Actual Startup Time": 0.134, "Actual Total Time": 548.178, "Actual Rows": 2528312, "Actual Loops": 1, "Output": ["t.id"], "Shared Hit Blocks": 0, "Shared Read Blocks": 35998, "Shared Dirtied Blocks": 0, "Shared Written Blocks": 0, "Local Hit Blocks": 0, "Local Read Blocks": 0, "Local Dirtied Blocks": 0, "Local Written Blocks": 0, "Temp Read Blocks": 0, "Temp Written Blocks": 0, "I/O Read Time": 59.706, "I/O Write Time": 0.0}]}]}]}]}]}]}, {"Node Type": "Index Only Scan", "Parent Relationship": "Inner", "Parallel Aware": false, "Scan Direction": "Forward", "Index Name": "movie_id_movie_info", "Relation Name": "movie_info", "Schema": "public", "Alias": "mi", "Startup Cost": 0.43, "Total Cost": 1.16, "Plan Rows": 39, "Plan Width": 4, "Actual Startup Time": 0.007, "Actual Total Time": 0.027, "Actual Rows": 150, "Actual Loops": 3345492, "Output": ["mi.movie_id"], "Index Cond": "(mi.movie_id = t.id)", "Rows Removed by Index Recheck": 0, "Heap Fetches": 0, "Shared Hit Blocks": 26081129, "Shared Read Blocks": 20521, "Shared Dirtied Blocks": 0, "Shared Written Blocks": 0, "Local Hit Blocks": 0, "Local Read Blocks": 0, "Local Dirtied Blocks": 0, "Local Written Blocks": 0, "Temp Read Blocks": 0, "Temp Written Blocks": 0, "I/O Read Time": 476.68, "I/O Write Time": 0.0}]}]}, "Planning": {"Shared Hit Blocks": 461, "Shared Read Blocks": 63, "Shared Dirtied Blocks": 0, "Shared Written Blocks": 0, "Local Hit Blocks": 0, "Local Read Blocks": 0, "Local Dirtied Blocks": 0, "Local Written Blocks": 0, "Temp Read Blocks": 0, "Temp Written Blocks": 0, "I/O Read Time": 4.883, "I/O Write Time": 0.0}, "Planning Time": 9.469, "Triggers": [], "Execution Time": 210981.243}, "template": "scale", "query": "EXPLAIN (ANALYZE, COSTS, BUFFERS, VERBOSE, FORMAT JSON) SELECT COUNT(*) FROM title t,movie_companies mc,movie_info mi,movie_info_idx mi_idx,movie_keyword mk WHERE t.id=mc.movie_id AND t.id=mi.movie_id AND t.id=mi_idx.movie_id AND t.id=mk.movie_id AND mc.company_id>34 AND mc.company_type_id<2 AND mi_idx.info_type_id>99 AND mk.keyword_id<335;"}
{"planinfo": {"Plan": {"Node Type": "Aggregate", "Strategy": "Plain", "Partial Mode": "Simple", "Parallel Aware": false, "Startup Cost": 205631.41, "Total Cost": 205631.42, "Plan Rows": 1, "Plan Width": 8, "Actual Startup Time": 3198.211, "Actual Total Time": 3198.214, "Actual Rows": 1, "Actual Loops": 1, "Output": ["count(*)"], "Shared Hit Blocks": 3, "Shared Read Blocks": 60452, "Shared Dirtied Blocks": 0, "Shared Written Blocks": 0, "Local Hit Blocks": 0, "Local Read Blocks": 0, "Local Dirtied Blocks": 0, "Local Written Blocks": 0, "Temp Read Blocks": 10041, "Temp Written Blocks": 10041, "I/O Read Time": 180.006, "I/O Write Time": 0.0, "Plans": [{"Node Type": "Hash Join", "Parent Relationship": "Outer", "Parallel Aware": false, "Join Type": "Inner", "Startup Cost": 102767.7, "Total Cost": 203316.0, "Plan Rows": 926163, "Plan Width": 0, "Actual Startup Time": 1305.654, "Actual Total Time": 3101.992, "Actual Rows": 931394, "Actual Loops": 1, "Inner Unique": true, "Hash Cond": "(mk.movie_id = t.id)", "Shared Hit Blocks": 3, "Shared Read Blocks": 60452, "Shared Dirtied Blocks": 0, "Shared Written Blocks": 0, "Local Hit Blocks": 0, "Local Read Blocks": 0, "Local Dirtied Blocks": 0, "Local Written Blocks": 0, "Temp Read Blocks": 10041, "Temp Written Blocks": 10041, "I/O Read Time": 180.006, "I/O Write Time": 0.0, "Plans": [{"Node Type": "Seq Scan", "Parent Relationship": "Outer", "Parallel Aware": false, "Relation Name": "movie_keyword", "Schema": "public", "Alias": "mk", "Startup Cost": 0.0, "Total Cost": 81003.12, "Plan Rows": 926163, "Plan Width": 4, "Actual Startup Time": 14.062, "Actual Total Time": 889.821, "Actual Rows": 931394, "Actual Loops": 1, "Output": ["mk.movie_id"], "Filter": "(mk.keyword_id > 20319)", "Rows Removed by Filter": 3592536, "Shared Hit Blocks": 0, "Shared Read Blocks": 24454, "Shared Dirtied Blocks": 0, "Shared Written Blocks": 0, "Local Hit Blocks": 0, "Local Read Blocks": 0, "Local Dirtied Blocks": 0, "Local Written Blocks": 0, "Temp Read Blocks": 0, "Temp Written Blocks": 0, "I/O Read Time": 120.828, "I/O Write Time": 0.0}, {"Node Type": "Hash", "Parent Relationship": "Inner", "Parallel Aware": false, "Startup Cost": 61283.2, "Total Cost": 61283.2, "Plan Rows": 2528520, "Plan Width": 4, "Actual Startup Time": 1289.142, "Actual Total Time": 1289.143, "Actual Rows": 2528312, "Actual Loops": 1, "Output": ["t.id"], "Hash Buckets": 131072, "Original Hash Buckets": 131072, "Hash Batches": 64, "Original Hash Batches": 64, "Peak Memory Usage": 2415, "Shared Hit Blocks": 0, "Shared Read Blocks": 35998, "Shared Dirtied Blocks": 0, "Shared Written Blocks": 0, "Local Hit Blocks": 0, "Local Read Blocks": 0, "Local Dirtied Blocks": 0, "Local Written Blocks": 0, "Temp Read Blocks": 0, "Temp Written Blocks": 7262, "I/O Read Time": 59.179, "I/O Write Time": 0.0, "Plans": [{"Node Type": "Seq Scan", "Parent Relationship": "Outer", "Parallel Aware": false, "Relation Name": "title", "Schema": "public", "Alias": "t", "Startup Cost": 0.0, "Total Cost": 61283.2, "Plan Rows": 2528520, "Plan Width": 4, "Actual Startup Time": 0.165, "Actual Total Time": 548.271, "Actual Rows": 2528312, "Actual Loops": 1, "Output": ["t.id"], "Shared Hit Blocks": 0, "Shared Read Blocks": 35998, "Shared Dirtied Blocks": 0, "Shared Written Blocks": 0, "Local Hit Blocks": 0, "Local Read Blocks": 0, "Local Dirtied Blocks": 0, "Local Written Blocks": 0, "Temp Read Blocks": 0, "Temp Written Blocks": 0, "I/O Read Time": 59.179, "I/O Write Time": 0.0}]}]}]}, "Planning": {"Shared Hit Blocks": 105, "Shared Read Blocks": 25, "Shared Dirtied Blocks": 0, "Shared Written Blocks": 0, "Local Hit Blocks": 0, "Local Read Blocks": 0, "Local Dirtied Blocks": 0, "Local Written Blocks": 0, "Temp Read Blocks": 0, "Temp Written Blocks": 0, "I/O Read Time": 1.779, "I/O Write Time": 0.0}, "Planning Time": 2.763, "Triggers": [], "Execution Time": 3198.379}, "template": "scale", "query": "EXPLAIN (ANALYZE, COSTS, BUFFERS, VERBOSE, FORMAT JSON) SELECT COUNT(*) FROM title t,movie_keyword mk WHERE t.id=mk.movie_id AND mk.keyword_id>20319;"}
{"planinfo": {"Plan": {"Node Type": "Aggregate", "Strategy": "Plain", "Partial Mode": "Simple", "Parallel Aware": false, "Startup Cost": 36452.85, "Total Cost": 36452.86, "Plan Rows": 1, "Plan Width": 8, "Actual Startup Time": 468.752, "Actual Total Time": 468.753, "Actual Rows": 1, "Actual Loops": 1, "Output": ["count(*)"], "Shared Hit Blocks": 0, "Shared Read Blocks": 2305, "Shared Dirtied Blocks": 0, "Shared Written Blocks": 0, "Local Hit Blocks": 0, "Local Read Blocks": 0, "Local Dirtied Blocks": 0, "Local Written Blocks": 0, "Temp Read Blocks": 0, "Temp Written Blocks": 0, "I/O Read Time": 109.949, "I/O Write Time": 0.0, "Plans": [{"Node Type": "Index Only Scan", "Parent Relationship": "Outer", "Parallel Aware": false, "Scan Direction": "Forward", "Index Name": "company_id_movie_companies", "Relation Name": "movie_companies", "Schema": "public", "Alias": "mc", "Startup Cost": 0.43, "Total Cost": 32886.8, "Plan Rows": 1426421, "Plan Width": 0, "Actual Startup Time": 0.42, "Actual Total Time": 329.195, "Actual Rows": 1415641, "Actual Loops": 1, "Output": ["company_id"], "Index Cond": "(mc.company_id > 10585)", "Rows Removed by Index Recheck": 0, "Heap Fetches": 0, "Shared Hit Blocks": 0, "Shared Read Blocks": 2305, "Shared Dirtied Blocks": 0, "Shared Written Blocks": 0, "Local Hit Blocks": 0, "Local Read Blocks": 0, "Local Dirtied Blocks": 0, "Local Written Blocks": 0, "Temp Read Blocks": 0, "Temp Written Blocks": 0, "I/O Read Time": 109.949, "I/O Write Time": 0.0}]}, "Planning": {"Shared Hit Blocks": 63, "Shared Read Blocks": 10, "Shared Dirtied Blocks": 0, "Shared Written Blocks": 0, "Local Hit Blocks": 0, "Local Read Blocks": 0, "Local Dirtied Blocks": 0, "Local Written Blocks": 0, "Temp Read Blocks": 0, "Temp Written Blocks": 0, "I/O Read Time": 0.718, "I/O Write Time": 0.0}, "Planning Time": 1.182, "Triggers": [], "Execution Time": 468.786}, "template": "scale", "query": "EXPLAIN (ANALYZE, COSTS, BUFFERS, VERBOSE, FORMAT JSON) SELECT COUNT(*) FROM movie_companies mc WHERE mc.company_id>10585;"}
{"planinfo": {"Plan": {"Node Type": "Aggregate", "Strategy": "Plain", "Partial Mode": "Simple", "Parallel Aware": false, "Startup Cost": 9.35, "Total Cost": 9.36, "Plan Rows": 1, "Plan Width": 8, "Actual Startup Time": 0.956, "Actual Total Time": 0.957, "Actual Rows": 1, "Actual Loops": 1, "Output": ["count(*)"], "Shared Hit Blocks": 0, "Shared Read Blocks": 5, "Shared Dirtied Blocks": 0, "Shared Written Blocks": 0, "Local Hit Blocks": 0, "Local Read Blocks": 0, "Local Dirtied Blocks": 0, "Local Written Blocks": 0, "Temp Read Blocks": 0, "Temp Written Blocks": 0, "I/O Read Time": 0.464, "I/O Write Time": 0.0, "Plans": [{"Node Type": "Index Only Scan", "Parent Relationship": "Outer", "Parallel Aware": false, "Scan Direction": "Forward", "Index Name": "keyword_id_movie_keyword", "Relation Name": "movie_keyword", "Schema": "public", "Alias": "mk", "Startup Cost": 0.43, "Total Cost": 8.74, "Plan Rows": 246, "Plan Width": 0, "Actual Startup Time": 0.446, "Actual Total Time": 0.779, "Actual Rows": 1768, "Actual Loops": 1, "Output": ["keyword_id"], "Index Cond": "(mk.keyword_id = 16141)", "Rows Removed by Index Recheck": 0, "Heap Fetches": 0, "Shared Hit Blocks": 0, "Shared Read Blocks": 5, "Shared Dirtied Blocks": 0, "Shared Written Blocks": 0, "Local Hit Blocks": 0, "Local Read Blocks": 0, "Local Dirtied Blocks": 0, "Local Written Blocks": 0, "Temp Read Blocks": 0, "Temp Written Blocks": 0, "I/O Read Time": 0.464, "I/O Write Time": 0.0}]}, "Planning": {"Shared Hit Blocks": 49, "Shared Read Blocks": 9, "Shared Dirtied Blocks": 0, "Shared Written Blocks": 0, "Local Hit Blocks": 0, "Local Read Blocks": 0, "Local Dirtied Blocks": 0, "Local Written Blocks": 0, "Temp Read Blocks": 0, "Temp Written Blocks": 0, "I/O Read Time": 0.627, "I/O Write Time": 0.0}, "Planning Time": 1.07, "Triggers": [], "Execution Time": 0.993}, "template": "scale", "query": "EXPLAIN (ANALYZE, COSTS, BUFFERS, VERBOSE, FORMAT JSON) SELECT COUNT(*) FROM movie_keyword mk WHERE mk.keyword_id=16141;"}
{"planinfo": {"Plan": {"Node Type": "Aggregate", "Strategy": "Plain", "Partial Mode": "Simple", "Parallel Aware": false, "Startup Cost": 330249.56, "Total Cost": 330249.57, "Plan Rows": 1, "Plan Width": 8, "Actual Startup Time": 17345.826, "Actual Total Time": 17345.829, "Actual Rows": 1, "Actual Loops": 1, "Output": ["count(*)"], "Shared Hit Blocks": 30145, "Shared Read Blocks": 59183, "Shared Dirtied Blocks": 0, "Shared Written Blocks": 0, "Local Hit Blocks": 0, "Local Read Blocks": 0, "Local Dirtied Blocks": 0, "Local Written Blocks": 0, "Temp Read Blocks": 4414, "Temp Written Blocks": 4420, "I/O Read Time": 188.499, "I/O Write Time": 0.0, "Plans": [{"Node Type": "Merge Join", "Parent Relationship": "Outer", "Parallel Aware": false, "Join Type": "Inner", "Startup Cost": 136353.33, "Total Cost": 329412.19, "Plan Rows": 334947, "Plan Width": 0, "Actual Startup Time": 1781.684, "Actual Total Time": 14084.084, "Actual Rows": 31857545, "Actual Loops": 1, "Inner Unique": false, "Merge Cond": "(t.id = mk.movie_id)", "Shared Hit Blocks": 30145, "Shared Read Blocks": 59183, "Shared Dirtied Blocks": 0, "Shared Written Blocks": 0, "Local Hit Blocks": 0, "Local Read Blocks": 0, "Local Dirtied Blocks": 0, "Local Written Blocks": 0, "Temp Read Blocks": 4414, "Temp Written Blocks": 4420, "I/O Read Time": 188.499, "I/O Write Time": 0.0, "Plans": [{"Node Type": "Merge Join", "Parent Relationship": "Outer", "Parallel Aware": false, "Join Type": "Inner", "Startup Cost": 136344.39, "Total Cost": 211759.78, "Plan Rows": 187209, "Plan Width": 12, "Actual Startup Time": 1781.641, "Actual Total Time": 3190.182, "Actual Rows": 1057991, "Actual Loops": 1, "Output": ["t.id", "mc.movie_id", "mi_idx.movie_id"], "Inner Unique": false, "Merge Cond": "(mc.movie_id = t.id)", "Shared Hit Blocks": 8, "Shared Read Blocks": 50530, "Shared Dirtied Blocks": 0, "Shared Written Blocks": 0, "Local Hit Blocks": 0, "Local Read Blocks": 0, "Local Dirtied Blocks": 0, "Local Written Blocks": 0, "Temp Read Blocks": 4414, "Temp Written Blocks": 4420, "I/O Read Time": 141.661, "I/O Write Time": 0.0, "Plans": [{"Node Type": "Index Only Scan", "Parent Relationship": "Outer", "Parallel Aware": false, "Scan Direction": "Forward", "Index Name": "movie_id_movie_companies", "Relation Name": "movie_companies", "Schema": "public", "Alias": "mc", "Startup Cost": 0.43, "Total Cost": 65637.36, "Plan Rows": 2609129, "Plan Width": 4, "Actual Startup Time": 0.017, "Actual Total Time": 446.454, "Actual Rows": 2609129, "Actual Loops": 1, "Output": ["mc.movie_id"], "Heap Fetches": 0, "Shared Hit Blocks": 5, "Shared Read Blocks": 6597, "Shared Dirtied Blocks": 0, "Shared Written Blocks": 0, "Local Hit Blocks": 0, "Local Read Blocks": 0, "Local Dirtied Blocks": 0, "Local Written Blocks": 0, "Temp Read Blocks": 0, "Temp Written Blocks": 0, "I/O Read Time": 35.761, "I/O Write Time": 0.0}, {"Node Type": "Materialize", "Parent Relationship": "Inner", "Parallel Aware": false, "Startup Cost": 136339.31, "Total Cost": 137246.44, "Plan Rows": 181425, "Plan Width": 8, "Actual Startup Time": 1781.618, "Actual Total Time": 2038.285, "Actual Rows": 1096875, "Actual Loops": 1, "Output": ["t.id", "mi_idx.movie_id"], "Shared Hit Blocks": 3, "Shared Read Blocks": 43933, "Shared Dirtied Blocks": 0, "Shared Written Blocks": 0, "Local Hit Blocks": 0, "Local Read Blocks": 0, "Local Dirtied Blocks": 0, "Local Written Blocks": 0, "Temp Read Blocks": 4414, "Temp Written Blocks": 4420, "I/O Read Time": 105.9, "I/O Write Time": 0.0, "Plans": [{"Node Type": "Sort", "Parent Relationship": "Outer", "Parallel Aware": false, "Startup Cost": 136339.31, "Total Cost": 136792.87, "Plan Rows": 181425, "Plan Width": 8, "Actual Startup Time": 1781.612, "Actual Total Time": 1858.221, "Actual Rows": 318016, "Actual Loops": 1, "Output": ["t.id", "mi_idx.movie_id"], "Sort Key": ["t.id"], "Sort Method": "external merge", "Sort Space Used": 5640, "Sort Space Type": "Disk", "Shared Hit Blocks": 3, "Shared Read Blocks": 43933, "Shared Dirtied Blocks": 0, "Shared Written Blocks": 0, "Local Hit Blocks": 0, "Local Read Blocks": 0, "Local Dirtied Blocks": 0, "Local Written Blocks": 0, "Temp Read Blocks": 4414, "Temp Written Blocks": 4420, "I/O Read Time": 105.9, "I/O Write Time": 0.0, "Plans": [{"Node Type": "Hash Join", "Parent Relationship": "Outer", "Parallel Aware": false, "Join Type": "Inner", "Startup Cost": 32673.16, "Total Cost": 118011.23, "Plan Rows": 181425, "Plan Width": 8, "Actual Startup Time": 436.991, "Actual Total Time": 1611.623, "Actual Rows": 318019, "Actual Loops": 1, "Output": ["t.id", "mi_idx.movie_id"], "Inner Unique": false, "Hash Cond": "(t.id = mi_idx.movie_id)", "Shared Hit Blocks": 3, "Shared Read Blocks": 43933, "Shared Dirtied Blocks": 0, "Shared Written Blocks": 0, "Local Hit Blocks": 0, "Local Read Blocks": 0, "Local Dirtied Blocks": 0, "Local Written Blocks": 0, "Temp Read Blocks": 3709, "Temp Written Blocks": 3709, "I/O Read Time": 105.9, "I/O Write Time": 0.0, "Plans": [{"Node Type": "Seq Scan", "Parent Relationship": "Outer", "Parallel Aware": false, "Relation Name": "title", "Schema": "public", "Alias": "t", "Startup Cost": 0.0, "Total Cost": 67604.5, "Plan Rows": 1005171, "Plan Width": 4, "Actual Startup Time": 0.142, "Actual Total Time": 584.189, "Actual Rows": 985048, "Actual Loops": 1, "Output": ["t.id"], "Filter": "(t.kind_id < 7)", "Rows Removed by Filter": 1543264, "Shared Hit Blocks": 0, "Shared Read Blocks": 35998, "Shared Dirtied Blocks": 0, "Shared Written Blocks": 0, "Local Hit Blocks": 0, "Local Read Blocks": 0, "Local Dirtied Blocks": 0, "Local Written Blocks": 0, "Temp Read Blocks": 0, "Temp Written Blocks": 0, "I/O Read Time": 65.304, "I/O Write Time": 0.0}, {"Node Type": "Hash", "Parent Relationship": "Inner", "Parallel Aware": false, "Startup Cost": 25185.44, "Total Cost": 25185.44, "Plan Rows": 456378, "Plan Width": 4, "Actual Startup Time": 435.809, "Actual Total Time": 435.81, "Actual Rows": 459925, "Actual Loops": 1, "Output": ["mi_idx.movie_id"], "Hash Buckets": 131072, "Original Hash Buckets": 131072, "Hash Batches": 8, "Original Hash Batches": 8, "Peak Memory Usage": 3050, "Shared Hit Blocks": 0, "Shared Read Blocks": 7935, "Shared Dirtied Blocks": 0, "Shared Written Blocks": 0, "Local Hit Blocks": 0, "Local Read Blocks": 0, "Local Dirtied Blocks": 0, "Local Written Blocks": 0, "Temp Read Blocks": 0, "Temp Written Blocks": 1175, "I/O Read Time": 40.596, "I/O Write Time": 0.0, "Plans": [{"Node Type": "Seq Scan", "Parent Relationship": "Outer", "Parallel Aware": false, "Relation Name": "movie_info_idx", "Schema": "public", "Alias": "mi_idx", "Startup Cost": 0.0, "Total Cost": 25185.44, "Plan Rows": 456378, "Plan Width": 4, "Actual Startup Time": 0.123, "Actual Total Time": 297.576, "Actual Rows": 459925, "Actual Loops": 1, "Output": ["mi_idx.movie_id"], "Filter": "(mi_idx.info_type_id = 99)", "Rows Removed by Filter": 920110, "Shared Hit Blocks": 0, "Shared Read Blocks": 7935, "Shared Dirtied Blocks": 0, "Shared Written Blocks": 0, "Local Hit Blocks": 0, "Local Read Blocks": 0, "Local Dirtied Blocks": 0, "Local Written Blocks": 0, "Temp Read Blocks": 0, "Temp Written Blocks": 0, "I/O Read Time": 40.596, "I/O Write Time": 0.0}]}]}]}]}]}, {"Node Type": "Index Only Scan", "Parent Relationship": "Inner", "Parallel Aware": false, "Scan Direction": "Forward", "Index Name": "movie_id_movie_keyword", "Relation Name": "movie_keyword", "Schema": "public", "Alias": "mk", "Startup Cost": 0.43, "Total Cost": 102607.38, "Plan Rows": 4523930, "Plan Width": 4, "Actual Startup Time": 0.04, "Actual Total Time": 4817.547, "Actual Rows": 33377931, "Actual Loops": 1, "Output": ["mk.movie_id"], "Heap Fetches": 0, "Shared Hit Blocks": 30137, "Shared Read Blocks": 8653, "Shared Dirtied Blocks": 0, "Shared Written Blocks": 0, "Local Hit Blocks": 0, "Local Read Blocks": 0, "Local Dirtied Blocks": 0, "Local Written Blocks": 0, "Temp Read Blocks": 0, "Temp Written Blocks": 0, "I/O Read Time": 46.838, "I/O Write Time": 0.0}]}]}, "Planning": {"Shared Hit Blocks": 311, "Shared Read Blocks": 47, "Shared Dirtied Blocks": 0, "Shared Written Blocks": 0, "Local Hit Blocks": 0, "Local Read Blocks": 0, "Local Dirtied Blocks": 0, "Local Written Blocks": 0, "Temp Read Blocks": 0, "Temp Written Blocks": 0, "I/O Read Time": 3.578, "I/O Write Time": 0.0}, "Planning Time": 6.11, "Triggers": [], "Execution Time": 17349.925}, "template": "scale", "query": "EXPLAIN (ANALYZE, COSTS, BUFFERS, VERBOSE, FORMAT JSON) SELECT COUNT(*) FROM title t,movie_companies mc,movie_info_idx mi_idx,movie_keyword mk WHERE t.id=mc.movie_id AND t.id=mi_idx.movie_id AND t.id=mk.movie_id AND t.kind_id<7 AND mi_idx.info_type_id=99;"}
{"planinfo": {"Plan": {"Node Type": "Aggregate", "Strategy": "Plain", "Partial Mode": "Simple", "Parallel Aware": false, "Startup Cost": 301531.13, "Total Cost": 301531.14, "Plan Rows": 1, "Plan Width": 8, "Actual Startup Time": 18435.774, "Actual Total Time": 18435.777, "Actual Rows": 1, "Actual Loops": 1, "Output": ["count(*)"], "Shared Hit Blocks": 5664988, "Shared Read Blocks": 184958, "Shared Dirtied Blocks": 0, "Shared Written Blocks": 0, "Local Hit Blocks": 0, "Local Read Blocks": 0, "Local Dirtied Blocks": 0, "Local Written Blocks": 0, "Temp Read Blocks": 0, "Temp Written Blocks": 0, "I/O Read Time": 10597.691, "I/O Write Time": 0.0, "Plans": [{"Node Type": "Nested Loop", "Parent Relationship": "Outer", "Parallel Aware": false, "Join Type": "Inner", "Startup Cost": 68208.63, "Total Cost": 299588.37, "Plan Rows": 777104, "Plan Width": 0, "Actual Startup Time": 546.749, "Actual Total Time": 17965.391, "Actual Rows": 3436506, "Actual Loops": 1, "Inner Unique": false, "Join Filter": "(t.id = ci.movie_id)", "Rows Removed by Join Filter": 0, "Shared Hit Blocks": 5664988, "Shared Read Blocks": 184958, "Shared Dirtied Blocks": 0, "Shared Written Blocks": 0, "Local Hit Blocks": 0, "Local Read Blocks": 0, "Local Dirtied Blocks": 0, "Local Written Blocks": 0, "Temp Read Blocks": 0, "Temp Written Blocks": 0, "I/O Read Time": 10597.691, "I/O Write Time": 0.0, "Plans": [{"Node Type": "Hash Join", "Parent Relationship": "Outer", "Parallel Aware": false, "Join Type": "Inner", "Startup Cost": 68208.19, "Total Cost": 149776.83, "Plan Rows": 86408, "Plan Width": 8, "Actual Startup Time": 546.403, "Actual Total Time": 2038.305, "Actual Rows": 108792, "Actual Loops": 1, "Output": ["t.id", "mk.movie_id"], "Inner Unique": true, "Hash Cond": "(mk.movie_id = t.id)", "Shared Hit Blocks": 3, "Shared Read Blocks": 60452, "Shared Dirtied Blocks": 0, "Shared Written Blocks": 0, "Local Hit Blocks": 0, "Local Read Blocks": 0, "Local Dirtied Blocks": 0, "Local Written Blocks": 0, "Temp Read Blocks": 0, "Temp Written Blocks": 0, "I/O Read Time": 181.136, "I/O Write Time": 0.0, "Plans": [{"Node Type": "Seq Scan", "Parent Relationship": "Outer", "Parallel Aware": false, "Relation Name": "movie_keyword", "Schema": "public", "Alias": "mk", "Startup Cost": 0.0, "Total Cost": 69693.3, "Plan Rows": 4523930, "Plan Width": 4, "Actual Startup Time": 0.121, "Actual Total Time": 590.687, "Actual Rows": 4523930, "Actual Loops": 1, "Output": ["mk.id", "mk.movie_id", "mk.keyword_id"], "Shared Hit Blocks": 0, "Shared Read Blocks": 24454, "Shared Dirtied Blocks": 0, "Shared Written Blocks": 0, "Local Hit Blocks": 0, "Local Read Blocks": 0, "Local Dirtied Blocks": 0, "Local Written Blocks": 0, "Temp Read Blocks": 0, "Temp Written Blocks": 0, "I/O Read Time": 114.229, "I/O Write Time": 0.0}, {"Node Type": "Hash", "Parent Relationship": "Inner", "Parallel Aware": false, "Startup Cost": 67604.5, "Total Cost": 67604.5, "Plan Rows": 48295, "Plan Width": 4, "Actual Startup Time": 546.008, "Actual Total Time": 546.009, "Actual Rows": 53013, "Actual Loops": 1, "Output": ["t.id"], "Hash Buckets": 65536, "Original Hash Buckets": 65536, "Hash Batches": 1, "Original Hash Batches": 1, "Peak Memory Usage": 2376, "Shared Hit Blocks": 0, "Shared Read Blocks": 35998, "Shared Dirtied Blocks": 0, "Shared Written Blocks": 0, "Local Hit Blocks": 0, "Local Read Blocks": 0, "Local Dirtied Blocks": 0, "Local Written Blocks": 0, "Temp Read Blocks": 0, "Temp Written Blocks": 0, "I/O Read Time": 66.908, "I/O Write Time": 0.0, "Plans": [{"Node Type": "Seq Scan", "Parent Relationship": "Outer", "Parallel Aware": false, "Relation Name": "title", "Schema": "public", "Alias": "t", "Startup Cost": 0.0, "Total Cost": 67604.5, "Plan Rows": 48295, "Plan Width": 4, "Actual Startup Time": 0.161, "Actual Total Time": 524.777, "Actual Rows": 53013, "Actual Loops": 1, "Output": ["t.id"], "Filter": "(t.production_year = 2000)", "Rows Removed by Filter": 2475299, "Shared Hit Blocks": 0, "Shared Read Blocks": 35998, "Shared Dirtied Blocks": 0, "Shared Written Blocks": 0, "Local Hit Blocks": 0, "Local Read Blocks": 0, "Local Dirtied Blocks": 0, "Local Written Blocks": 0, "Temp Read Blocks": 0, "Temp Written Blocks": 0, "I/O Read Time": 66.908, "I/O Write Time": 0.0}]}]}, {"Node Type": "Index Scan", "Parent Relationship": "Inner", "Parallel Aware": false, "Scan Direction": "Forward", "Index Name": "movie_id_cast_info", "Relation Name": "cast_info", "Schema": "public", "Alias": "ci", "Startup Cost": 0.44, "Total Cost": 1.45, "Plan Rows": 23, "Plan Width": 4, "Actual Startup Time": 0.018, "Actual Total Time": 0.138, "Actual Rows": 32, "Actual Loops": 108792, "Output": ["ci.id", "ci.person_id", "ci.movie_id", "ci.person_role_id", "ci.note", "ci.nr_order", "ci.role_id"], "Index Cond": "(ci.movie_id = mk.movie_id)", "Rows Removed by Index Recheck": 0, "Filter": "(ci.person_id < 2338395)", "Rows Removed by Filter": 20, "Shared Hit Blocks": 5664985, "Shared Read Blocks": 124506, "Shared Dirtied Blocks": 0, "Shared Written Blocks": 0, "Local Hit Blocks": 0, "Local Read Blocks": 0, "Local Dirtied Blocks": 0, "Local Written Blocks": 0, "Temp Read Blocks": 0, "Temp Written Blocks": 0, "I/O Read Time": 10416.554, "I/O Write Time": 0.0}]}]}, "Planning": {"Shared Hit Blocks": 204, "Shared Read Blocks": 42, "Shared Dirtied Blocks": 0, "Shared Written Blocks": 0, "Local Hit Blocks": 0, "Local Read Blocks": 0, "Local Dirtied Blocks": 0, "Local Written Blocks": 0, "Temp Read Blocks": 0, "Temp Written Blocks": 0, "I/O Read Time": 3.285, "I/O Write Time": 0.0}, "Planning Time": 5.145, "Triggers": [], "Execution Time": 18436.1}, "template": "scale", "query": "EXPLAIN (ANALYZE, COSTS, BUFFERS, VERBOSE, FORMAT JSON) SELECT COUNT(*) FROM title t,cast_info ci,movie_keyword mk WHERE t.id=ci.movie_id AND t.id=mk.movie_id AND t.production_year=2000 AND ci.person_id<2338395;"}
{"planinfo": {"Plan": {"Node Type": "Aggregate", "Strategy": "Plain", "Partial Mode": "Simple", "Parallel Aware": false, "Startup Cost": 1018253.27, "Total Cost": 1018253.28, "Plan Rows": 1, "Plan Width": 8, "Actual Startup Time": 75952.851, "Actual Total Time": 75952.857, "Actual Rows": 1, "Actual Loops": 1, "Output": ["count(*)"], "Shared Hit Blocks": 3, "Shared Read Blocks": 217404, "Shared Dirtied Blocks": 0, "Shared Written Blocks": 0, "Local Hit Blocks": 0, "Local Read Blocks": 0, "Local Dirtied Blocks": 0, "Local Written Blocks": 0, "Temp Read Blocks": 120686, "Temp Written Blocks": 120686, "I/O Read Time": 851.345, "I/O Write Time": 0.0, "Plans": [{"Node Type": "Hash Join", "Parent Relationship": "Outer", "Parallel Aware": false, "Join Type": "Inner", "Startup Cost": 276377.36, "Total Cost": 1011040.25, "Plan Rows": 2885207, "Plan Width": 0, "Actual Startup Time": 10212.848, "Actual Total Time": 58356.743, "Actual Rows": 177680094, "Actual Loops": 1, "Inner Unique": false, "Hash Cond": "(ci.movie_id = t.id)", "Shared Hit Blocks": 3, "Shared Read Blocks": 217404, "Shared Dirtied Blocks": 0, "Shared Written Blocks": 0, "Local Hit Blocks": 0, "Local Read Blocks": 0, "Local Dirtied Blocks": 0, "Local Written Blocks": 0, "Temp Read Blocks": 120686, "Temp Written Blocks": 120686, "I/O Read Time": 851.345, "I/O Write Time": 0.0, "Plans": [{"Node Type": "Index Scan", "Parent Relationship": "Outer", "Parallel Aware": false, "Scan Direction": "Forward", "Index Name": "role_id_cast_info", "Relation Name": "cast_info", "Schema": "public", "Alias": "ci", "Startup Cost": 0.44, "Total Cost": 602460.7, "Plan Rows": 8579081, "Plan Width": 4, "Actual Startup Time": 0.401, "Actual Total Time": 8092.963, "Actual Rows": 11337298, "Actual Loops": 1, "Output": ["ci.movie_id"], "Index Cond": "(ci.role_id < 3)", "Rows Removed by Index Recheck": 0, "Filter": "(ci.person_id < 1554285)", "Rows Removed by Filter": 8785363, "Shared Hit Blocks": 0, "Shared Read Blocks": 149017, "Shared Dirtied Blocks": 0, "Shared Written Blocks": 0, "Local Hit Blocks": 0, "Local Read Blocks": 0, "Local Dirtied Blocks": 0, "Local Written Blocks": 0, "Temp Read Blocks": 0, "Temp Written Blocks": 0, "I/O Read Time": 604.653, "I/O Write Time": 0.0}, {"Node Type": "Hash", "Parent Relationship": "Inner", "Parallel Aware": false, "Startup Cost": 261594.42, "Total Cost": 261594.42, "Plan Rows": 850360, "Plan Width": 12, "Actual Startup Time": 10204.01, "Actual Total Time": 10204.014, "Actual Rows": 8583388, "Actual Loops": 1, "Output": ["t.id", "mi_idx.movie_id", "mk.movie_id"], "Hash Buckets": 131072, "Original Hash Buckets": 131072, "Hash Batches": 256, "Original Hash Batches": 16, "Peak Memory Usage": 3951, "Shared Hit Blocks": 0, "Shared Read Blocks": 68387, "Shared Dirtied Blocks": 0, "Shared Written Blocks": 0, "Local Hit Blocks": 0, "Local Read Blocks": 0, "Local Dirtied Blocks": 0, "Local Written Blocks": 0, "Temp Read Blocks": 21311, "Temp Written Blocks": 54508, "I/O Read Time": 246.692, "I/O Write Time": 0.0, "Plans": [{"Node Type": "Hash Join", "Parent Relationship": "Outer", "Parallel Aware": false, "Join Type": "Inner", "Startup Cost": 129231.78, "Total Cost": 261594.42, "Plan Rows": 850360, "Plan Width": 12, "Actual Startup Time": 2289.82, "Actual Total Time": 7325.828, "Actual Rows": 8583388, "Actual Loops": 1, "Output": ["t.id", "mi_idx.movie_id", "mk.movie_id"], "Inner Unique": false, "Hash Cond": "(mk.movie_id = t.id)", "Shared Hit Blocks": 0, "Shared Read Blocks": 68387, "Shared Dirtied Blocks": 0, "Shared Written Blocks": 0, "Local Hit Blocks": 0, "Local Read Blocks": 0, "Local Dirtied Blocks": 0, "Local Written Blocks": 0, "Temp Read Blocks": 21311, "Temp Written Blocks": 21311, "I/O Read Time": 246.692, "I/O Write Time": 0.0, "Plans": [{"Node Type": "Seq Scan", "Parent Relationship": "Outer", "Parallel Aware": false, "Relation Name": "movie_keyword", "Schema": "public", "Alias": "mk", "Startup Cost": 0.0, "Total Cost": 69693.3, "Plan Rows": 4523930, "Plan Width": 4, "Actual Startup Time": 0.124, "Actual Total Time": 983.707, "Actual Rows": 4523930, "Actual Loops": 1, "Output": ["mk.movie_id"], "Shared Hit Blocks": 0, "Shared Read Blocks": 24454, "Shared Dirtied Blocks": 0, "Shared Written Blocks": 0, "Local Hit Blocks": 0, "Local Read Blocks": 0, "Local Dirtied Blocks": 0, "Local Written Blocks": 0, "Temp Read Blocks": 0, "Temp Written Blocks": 0, "I/O Read Time": 141.32, "I/O Write Time": 0.0}, {"Node Type": "Hash", "Parent Relationship": "Inner", "Parallel Aware": false, "Startup Cost": 121433.73, "Total Cost": 121433.73, "Plan Rows": 475284, "Plan Width": 8, "Actual Startup Time": 2288.917, "Actual Total Time": 2288.921, "Actual Rows": 854105, "Actual Loops": 1, "Output": ["t.id", "mi_idx.movie_id"], "Hash Buckets": 131072, "Original Hash Buckets": 131072, "Hash Batches": 16, "Original Hash Batches": 8, "Peak Memory Usage": 3104, "Shared Hit Blocks": 0, "Shared Read Blocks": 43933, "Shared Dirtied Blocks": 0, "Shared Written Blocks": 0, "Local Hit Blocks": 0, "Local Read Blocks": 0, "Local Dirtied Blocks": 0, "Local Written Blocks": 0, "Temp Read Blocks": 6150, "Temp Written Blocks": 8880, "I/O Read Time": 105.372, "I/O Write Time": 0.0, "Plans": [{"Node Type": "Hash Join", "Parent Relationship": "Outer", "Parallel Aware": false, "Join Type": "Inner", "Startup Cost": 81891.77, "Total Cost": 121433.73, "Plan Rows": 475284, "Plan Width": 8, "Actual Startup Time": 840.123, "Actual Total Time": 2022.856, "Actual Rows": 854105, "Actual Loops": 1, "Output": ["t.id", "mi_idx.movie_id"], "Inner Unique": true, "Hash Cond": "(mi_idx.movie_id = t.id)", "Shared Hit Blocks": 0, "Shared Read Blocks": 43933, "Shared Dirtied Blocks": 0, "Shared Written Blocks": 0, "Local Hit Blocks": 0, "Local Read Blocks": 0, "Local Dirtied Blocks": 0, "Local Written Blocks": 0, "Temp Read Blocks": 6150, "Temp Written Blocks": 6150, "I/O Read Time": 105.372, "I/O Write Time": 0.0, "Plans": [{"Node Type": "Seq Scan", "Parent Relationship": "Outer", "Parallel Aware": false, "Relation Name": "movie_info_idx", "Schema": "public", "Alias": "mi_idx", "Startup Cost": 0.0, "Total Cost": 21735.35, "Plan Rows": 1380035, "Plan Width": 4, "Actual Startup Time": 0.125, "Actual Total Time": 306.152, "Actual Rows": 1380035, "Actual Loops": 1, "Output": ["mi_idx.movie_id"], "Shared Hit Blocks": 0, "Shared Read Blocks": 7935, "Shared Dirtied Blocks": 0, "Shared Written Blocks": 0, "Local Hit Blocks": 0, "Local Read Blocks": 0, "Local Dirtied Blocks": 0, "Local Written Blocks": 0, "Temp Read Blocks": 0, "Temp Written Blocks": 0, "I/O Read Time": 41.44, "I/O Write Time": 0.0}, {"Node Type": "Hash", "Parent Relationship": "Inner", "Parallel Aware": false, "Startup Cost": 67604.5, "Total Cost": 67604.5, "Plan Rows": 870822, "Plan Width": 4, "Actual Startup Time": 839.377, "Actual Total Time": 839.378, "Actual Rows": 854214, "Actual Loops": 1, "Output": ["t.id"], "Hash Buckets": 131072, "Original Hash Buckets": 131072, "Hash Batches": 16, "Original Hash Batches": 16, "Peak Memory Usage": 2897, "Shared Hit Blocks": 0, "Shared Read Blocks": 35998, "Shared Dirtied Blocks": 0, "Shared Written Blocks": 0, "Local Hit Blocks": 0, "Local Read Blocks": 0, "Local Dirtied Blocks": 0, "Local Written Blocks": 0, "Temp Read Blocks": 0, "Temp Written Blocks": 2339, "I/O Read Time": 63.932, "I/O Write Time": 0.0, "Plans": [{"Node Type": "Seq Scan", "Parent Relationship": "Outer", "Parallel Aware": false, "Relation Name": "title", "Schema": "public", "Alias": "t", "Startup Cost": 0.0, "Total Cost": 67604.5, "Plan Rows": 870822, "Plan Width": 4, "Actual Startup Time": 0.138, "Actual Total Time": 572.866, "Actual Rows": 854214, "Actual Loops": 1, "Output": ["t.id"], "Filter": "(t.kind_id < 4)", "Rows Removed by Filter": 1674098, "Shared Hit Blocks": 0, "Shared Read Blocks": 35998, "Shared Dirtied Blocks": 0, "Shared Written Blocks": 0, "Local Hit Blocks": 0, "Local Read Blocks": 0, "Local Dirtied Blocks": 0, "Local Written Blocks": 0, "Temp Read Blocks": 0, "Temp Written Blocks": 0, "I/O Read Time": 63.932, "I/O Write Time": 0.0}]}]}]}]}]}]}]}, "Planning": {"Shared Hit Blocks": 321, "Shared Read Blocks": 52, "Shared Dirtied Blocks": 0, "Shared Written Blocks": 0, "Local Hit Blocks": 0, "Local Read Blocks": 0, "Local Dirtied Blocks": 0, "Local Written Blocks": 0, "Temp Read Blocks": 0, "Temp Written Blocks": 0, "I/O Read Time": 4.074, "I/O Write Time": 0.0}, "Planning Time": 6.762, "Triggers": [], "Execution Time": 75953.642}, "template": "scale", "query": "EXPLAIN (ANALYZE, COSTS, BUFFERS, VERBOSE, FORMAT JSON) SELECT COUNT(*) FROM title t,cast_info ci,movie_info_idx mi_idx,movie_keyword mk WHERE t.id=ci.movie_id AND t.id=mi_idx.movie_id AND t.id=mk.movie_id AND t.kind_id<4 AND ci.person_id<1554285 AND ci.role_id<3;"}
{"planinfo": {"Plan": {"Node Type": "Aggregate", "Strategy": "Plain", "Partial Mode": "Simple", "Parallel Aware": false, "Startup Cost": 120268.23, "Total Cost": 120268.24, "Plan Rows": 1, "Plan Width": 8, "Actual Startup Time": 1718.851, "Actual Total Time": 1718.855, "Actual Rows": 1, "Actual Loops": 1, "Output": ["count(*)"], "Shared Hit Blocks": 3, "Shared Read Blocks": 43933, "Shared Dirtied Blocks": 0, "Shared Written Blocks": 0, "Local Hit Blocks": 0, "Local Read Blocks": 0, "Local Dirtied Blocks": 0, "Local Written Blocks": 0, "Temp Read Blocks": 4871, "Temp Written Blocks": 4871, "I/O Read Time": 101.973, "I/O Write Time": 0.0, "Plans": [{"Node Type": "Hash Join", "Parent Relationship": "Outer", "Parallel Aware": false, "Join Type": "Inner", "Startup Cost": 81647.17, "Total Cost": 119626.13, "Plan Rows": 256842, "Plan Width": 0, "Actual Startup Time": 761.586, "Actual Total Time": 1706.152, "Actual Rows": 115854, "Actual Loops": 1, "Inner Unique": true, "Hash Cond": "(mi_idx.movie_id = t.id)", "Shared Hit Blocks": 3, "Shared Read Blocks": 43933, "Shared Dirtied Blocks": 0, "Shared Written Blocks": 0, "Local Hit Blocks": 0, "Local Read Blocks": 0, "Local Dirtied Blocks": 0, "Local Written Blocks": 0, "Temp Read Blocks": 4871, "Temp Written Blocks": 4871, "I/O Read Time": 101.973, "I/O Write Time": 0.0, "Plans": [{"Node Type": "Seq Scan", "Parent Relationship": "Outer", "Parallel Aware": false, "Relation Name": "movie_info_idx", "Schema": "public", "Alias": "mi_idx", "Startup Cost": 0.0, "Total Cost": 21735.35, "Plan Rows": 1380035, "Plan Width": 4, "Actual Startup Time": 0.129, "Actual Total Time": 298.091, "Actual Rows": 1380035, "Actual Loops": 1, "Output": ["mi_idx.movie_id"], "Shared Hit Blocks": 0, "Shared Read Blocks": 7935, "Shared Dirtied Blocks": 0, "Shared Written Blocks": 0, "Local Hit Blocks": 0, "Local Read Blocks": 0, "Local Dirtied Blocks": 0, "Local Written Blocks": 0, "Temp Read Blocks": 0, "Temp Written Blocks": 0, "I/O Read Time": 40.563, "I/O Write Time": 0.0}, {"Node Type": "Hash", "Parent Relationship": "Inner", "Parallel Aware": false, "Startup Cost": 73925.8, "Total Cost": 73925.8, "Plan Rows": 470590, "Plan Width": 4, "Actual Startup Time": 760.624, "Actual Total Time": 760.625, "Actual Rows": 518327, "Actual Loops": 1, "Output": ["t.id"], "Hash Buckets": 131072, "Original Hash Buckets": 131072, "Hash Batches": 8, "Original Hash Batches": 8, "Peak Memory Usage": 3301, "Shared Hit Blocks": 0, "Shared Read Blocks": 35998, "Shared Dirtied Blocks": 0, "Shared Written Blocks": 0, "Local Hit Blocks": 0, "Local Read Blocks": 0, "Local Dirtied Blocks": 0, "Local Written Blocks": 0, "Temp Read Blocks": 0, "Temp Written Blocks": 1325, "I/O Read Time": 61.41, "I/O Write Time": 0.0, "Plans": [{"Node Type": "Seq Scan", "Parent Relationship": "Outer", "Parallel Aware": false, "Relation Name": "title", "Schema": "public", "Alias": "t", "Startup Cost": 0.0, "Total Cost": 73925.8, "Plan Rows": 470590, "Plan Width": 4, "Actual Startup Time": 0.146, "Actual Total Time": 583.29, "Actual Rows": 518327, "Actual Loops": 1, "Output": ["t.id"], "Filter": "((t.production_year > 2007) AND (t.kind_id = 7))", "Rows Removed by Filter": 2009985, "Shared Hit Blocks": 0, "Shared Read Blocks": 35998, "Shared Dirtied Blocks": 0, "Shared Written Blocks": 0, "Local Hit Blocks": 0, "Local Read Blocks": 0, "Local Dirtied Blocks": 0, "Local Written Blocks": 0, "Temp Read Blocks": 0, "Temp Written Blocks": 0, "I/O Read Time": 61.41, "I/O Write Time": 0.0}]}]}]}, "Planning": {"Shared Hit Blocks": 108, "Shared Read Blocks": 26, "Shared Dirtied Blocks": 0, "Shared Written Blocks": 0, "Local Hit Blocks": 0, "Local Read Blocks": 0, "Local Dirtied Blocks": 0, "Local Written Blocks": 0, "Temp Read Blocks": 0, "Temp Written Blocks": 0, "I/O Read Time": 1.796, "I/O Write Time": 0.0}, "Planning Time": 2.705, "Triggers": [], "Execution Time": 1719.065}, "template": "scale", "query": "EXPLAIN (ANALYZE, COSTS, BUFFERS, VERBOSE, FORMAT JSON) SELECT COUNT(*) FROM title t,movie_info_idx mi_idx WHERE t.id=mi_idx.movie_id AND t.kind_id=7 AND t.production_year>2007;"}
{"planinfo": {"Plan": {"Node Type": "Aggregate", "Strategy": "Plain", "Partial Mode": "Simple", "Parallel Aware": false, "Startup Cost": 931388.27, "Total Cost": 931388.28, "Plan Rows": 1, "Plan Width": 8, "Actual Startup Time": 40822.66, "Actual Total Time": 40822.67, "Actual Rows": 1, "Actual Loops": 1, "Output": ["count(*)"], "Shared Hit Blocks": 66909, "Shared Read Blocks": 106346, "Shared Dirtied Blocks": 0, "Shared Written Blocks": 0, "Local Hit Blocks": 0, "Local Read Blocks": 0, "Local Dirtied Blocks": 0, "Local Written Blocks": 0, "Temp Read Blocks": 42714, "Temp Written Blocks": 42714, "I/O Read Time": 523.731, "I/O Write Time": 0.0, "Plans": [{"Node Type": "Hash Join", "Parent Relationship": "Outer", "Parallel Aware": false, "Join Type": "Inner", "Startup Cost": 804708.92, "Total Cost": 930620.6, "Plan Rows": 307065, "Plan Width": 0, "Actual Startup Time": 7755.203, "Actual Total Time": 30053.703, "Actual Rows": 109819837, "Actual Loops": 1, "Inner Unique": false, "Hash Cond": "(mk.movie_id = t.id)", "Shared Hit Blocks": 66909, "Shared Read Blocks": 106346, "Shared Dirtied Blocks": 0, "Shared Written Blocks": 0, "Local Hit Blocks": 0, "Local Read Blocks": 0, "Local Dirtied Blocks": 0, "Local Written Blocks": 0, "Temp Read Blocks": 42714, "Temp Written Blocks": 42714, "I/O Read Time": 523.731, "I/O Write Time": 0.0, "Plans": [{"Node Type": "Seq Scan", "Parent Relationship": "Outer", "Parallel Aware": false, "Relation Name": "movie_keyword", "Schema": "public", "Alias": "mk", "Startup Cost": 0.0, "Total Cost": 69693.3, "Plan Rows": 4523930, "Plan Width": 4, "Actual Startup Time": 0.139, "Actual Total Time": 994.252, "Actual Rows": 4523930, "Actual Loops": 1, "Output": ["mk.movie_id"], "Shared Hit Blocks": 0, "Shared Read Blocks": 24454, "Shared Dirtied Blocks": 0, "Shared Written Blocks": 0, "Local Hit Blocks": 0, "Local Read Blocks": 0, "Local Dirtied Blocks": 0, "Local Written Blocks": 0, "Temp Read Blocks": 0, "Temp Written Blocks": 0, "I/O Read Time": 154.382, "I/O Write Time": 0.0}, {"Node Type": "Hash", "Parent Relationship": "Inner", "Parallel Aware": false, "Startup Cost": 801724.6, "Total Cost": 801724.6, "Plan Rows": 171625, "Plan Width": 16, "Actual Startup Time": 7754.14, "Actual Total Time": 7754.148, "Actual Rows": 1525765, "Actual Loops": 1, "Output": ["t.id", "mc.movie_id", "ci.movie_id", "mi_idx.movie_id"], "Hash Buckets": 131072, "Original Hash Buckets": 131072, "Hash Batches": 8, "Original Hash Batches": 4, "Peak Memory Usage": 9879, "Shared Hit Blocks": 66906, "Shared Read Blocks": 81892, "Shared Dirtied Blocks": 0, "Shared Written Blocks": 0, "Local Hit Blocks": 0, "Local Read Blocks": 0, "Local Dirtied Blocks": 0, "Local Written Blocks": 0, "Temp Read Blocks": 25254, "Temp Written Blocks": 31125, "I/O Read Time": 369.349, "I/O Write Time": 0.0, "Plans": [{"Node Type": "Hash Join", "Parent Relationship": "Outer", "Parallel Aware": false, "Join Type": "Inner", "Startup Cost": 220691.39, "Total Cost": 801724.6, "Plan Rows": 171625, "Plan Width": 16, "Actual Startup Time": 5524.658, "Actual Total Time": 7244.487, "Actual Rows": 1525765, "Actual Loops": 1, "Output": ["t.id", "mc.movie_id", "ci.movie_id", "mi_idx.movie_id"], "Inner Unique": false, "Hash Cond": "(ci.movie_id = t.id)", "Shared Hit Blocks": 66906, "Shared Read Blocks": 81892, "Shared Dirtied Blocks": 0, "Shared Written Blocks": 0, "Local Hit Blocks": 0, "Local Read Blocks": 0, "Local Dirtied Blocks": 0, "Local Written Blocks": 0, "Temp Read Blocks": 25254, "Temp Written Blocks": 25254, "I/O Read Time": 369.349, "I/O Write Time": 0.0, "Plans": [{"Node Type": "Index Scan", "Parent Relationship": "Outer", "Parallel Aware": false, "Scan Direction": "Forward", "Index Name": "person_id_cast_info", "Relation Name": "cast_info", "Schema": "public", "Alias": "ci", "Startup Cost": 0.44, "Total Cost": 565346.43, "Plan Rows": 1030393, "Plan Width": 4, "Actual Startup Time": 0.629, "Actual Total Time": 820.882, "Actual Rows": 452247, "Actual Loops": 1, "Output": ["ci.movie_id"], "Index Cond": "(ci.person_id < 158834)", "Rows Removed by Index Recheck": 0, "Filter": "(ci.role_id > 1)", "Rows Removed by Filter": 1143693, "Shared Hit Blocks": 66906, "Shared Read Blocks": 19169, "Shared Dirtied Blocks": 0, "Shared Written Blocks": 0, "Local Hit Blocks": 0, "Local Read Blocks": 0, "Local Dirtied Blocks": 0, "Local Written Blocks": 0, "Temp Read Blocks": 0, "Temp Written Blocks": 0, "I/O Read Time": 168.33, "I/O Write Time": 0.0}, {"Node Type": "Hash", "Parent Relationship": "Inner", "Parallel Aware": false, "Startup Cost": 213369.5, "Total Cost": 213369.5, "Plan Rows": 421156, "Plan Width": 12, "Actual Startup Time": 5520.755, "Actual Total Time": 5520.761, "Actual Rows": 2474314, "Actual Loops": 1, "Output": ["t.id", "mc.movie_id", "mi_idx.movie_id"], "Hash Buckets": 131072, "Original Hash Buckets": 131072, "Hash Batches": 16, "Original Hash Batches": 8, "Peak Memory Usage": 7645, "Shared Hit Blocks": 0, "Shared Read Blocks": 62723, "Shared Dirtied Blocks": 0, "Shared Written Blocks": 0, "Local Hit Blocks": 0, "Local Read Blocks": 0, "Local Dirtied Blocks": 0, "Local Written Blocks": 0, "Temp Read Blocks": 14932, "Temp Written Blocks": 23988, "I/O Read Time": 201.019, "I/O Write Time": 0.0, "Plans": [{"Node Type": "Hash Join", "Parent Relationship": "Outer", "Parallel Aware": false, "Join Type": "Inner", "Startup Cost": 133164.72, "Total Cost": 213369.5, "Plan Rows": 421156, "Plan Width": 12, "Actual Startup Time": 2413.811, "Actual Total Time": 4683.175, "Actual Rows": 2474314, "Actual Loops": 1, "Output": ["t.id", "mc.movie_id", "mi_idx.movie_id"], "Inner Unique": false, "Hash Cond": "(mc.movie_id = t.id)", "Shared Hit Blocks": 0, "Shared Read Blocks": 62723, "Shared Dirtied Blocks": 0, "Shared Written Blocks": 0, "Local Hit Blocks": 0, "Local Read Blocks": 0, "Local Dirtied Blocks": 0, "Local Written Blocks": 0, "Temp Read Blocks": 14932, "Temp Written Blocks": 14932, "I/O Read Time": 201.019, "I/O Write Time": 0.0, "Plans": [{"Node Type": "Seq Scan", "Parent Relationship": "Outer", "Parallel Aware": false, "Relation Name": "movie_companies", "Schema": "public", "Alias": "mc", "Startup Cost": 0.0, "Total Cost": 51404.11, "Plan Rows": 1941093, "Plan Width": 4, "Actual Startup Time": 0.133, "Actual Total Time": 677.033, "Actual Rows": 1946961, "Actual Loops": 1, "Output": ["mc.movie_id"], "Filter": "(mc.company_id < 52087)", "Rows Removed by Filter": 662168, "Shared Hit Blocks": 0, "Shared Read Blocks": 18790, "Shared Dirtied Blocks": 0, "Shared Written Blocks": 0, "Local Hit Blocks": 0, "Local Read Blocks": 0, "Local Dirtied Blocks": 0, "Local Written Blocks": 0, "Temp Read Blocks": 0, "Temp Written Blocks": 0, "I/O Read Time": 96.436, "I/O Write Time": 0.0}, {"Node Type": "Hash", "Parent Relationship": "Inner", "Parallel Aware": false, "Startup Cost": 124163.09, "Total Cost": 124163.09, "Plan Rows": 548610, "Plan Width": 8, "Actual Startup Time": 2412.919, "Actual Total Time": 2412.923, "Actual Rows": 954317, "Actual Loops": 1, "Output": ["t.id", "mi_idx.movie_id"], "Hash Buckets": 131072, "Original Hash Buckets": 131072, "Hash Batches": 16, "Original Hash Batches": 8, "Peak Memory Usage": 3354, "Shared Hit Blocks": 0, "Shared Read Blocks": 43933, "Shared Dirtied Blocks": 0, "Shared Written Blocks": 0, "Local Hit Blocks": 0, "Local Read Blocks": 0, "Local Dirtied Blocks": 0, "Local Written Blocks": 0, "Temp Read Blocks": 6510, "Temp Written Blocks": 9559, "I/O Read Time": 104.583, "I/O Write Time": 0.0, "Plans": [{"Node Type": "Hash Join", "Parent Relationship": "Outer", "Parallel Aware": false, "Join Type": "Inner", "Startup Cost": 84096.14, "Total Cost": 124163.09, "Plan Rows": 548610, "Plan Width": 8, "Actual Startup Time": 896.99, "Actual Total Time": 2117.545, "Actual Rows": 954317, "Actual Loops": 1, "Output": ["t.id", "mi_idx.movie_id"], "Inner Unique": true, "Hash Cond": "(mi_idx.movie_id = t.id)", "Shared Hit Blocks": 0, "Shared Read Blocks": 43933, "Shared Dirtied Blocks": 0, "Shared Written Blocks": 0, "Local Hit Blocks": 0, "Local Read Blocks": 0, "Local Dirtied Blocks": 0, "Local Written Blocks": 0, "Temp Read Blocks": 6510, "Temp Written Blocks": 6510, "I/O Read Time": 104.583, "I/O Write Time": 0.0, "Plans": [{"Node Type": "Seq Scan", "Parent Relationship": "Outer", "Parallel Aware": false, "Relation Name": "movie_info_idx", "Schema": "public", "Alias": "mi_idx", "Startup Cost": 0.0, "Total Cost": 21735.35, "Plan Rows": 1380035, "Plan Width": 4, "Actual Startup Time": 0.139, "Actual Total Time": 305.353, "Actual Rows": 1380035, "Actual Loops": 1, "Output": ["mi_idx.movie_id"], "Shared Hit Blocks": 0, "Shared Read Blocks": 7935, "Shared Dirtied Blocks": 0, "Shared Written Blocks": 0, "Local Hit Blocks": 0, "Local Read Blocks": 0, "Local Dirtied Blocks": 0, "Local Written Blocks": 0, "Temp Read Blocks": 0, "Temp Written Blocks": 0, "I/O Read Time": 41.301, "I/O Write Time": 0.0}, {"Node Type": "Hash", "Parent Relationship": "Inner", "Parallel Aware": false, "Startup Cost": 67604.5, "Total Cost": 67604.5, "Plan Rows": 1005171, "Plan Width": 4, "Actual Startup Time": 896.239, "Actual Total Time": 896.24, "Actual Rows": 985048, "Actual Loops": 1, "Output": ["t.id"], "Hash Buckets": 131072, "Original Hash Buckets": 131072, "Hash Batches": 16, "Original Hash Batches": 16, "Peak Memory Usage": 3188, "Shared Hit Blocks": 0, "Shared Read Blocks": 35998, "Shared Dirtied Blocks": 0, "Shared Written Blocks": 0, "Local Hit Blocks": 0, "Local Read Blocks": 0, "Local Dirtied Blocks": 0, "Local Written Blocks": 0, "Temp Read Blocks": 0, "Temp Written Blocks": 2699, "I/O Read Time": 63.282, "I/O Write Time": 0.0, "Plans": [{"Node Type": "Seq Scan", "Parent Relationship": "Outer", "Parallel Aware": false, "Relation Name": "title", "Schema": "public", "Alias": "t", "Startup Cost": 0.0, "Total Cost": 67604.5, "Plan Rows": 1005171, "Plan Width": 4, "Actual Startup Time": 0.146, "Actual Total Time": 592.182, "Actual Rows": 985048, "Actual Loops": 1, "Output": ["t.id"], "Filter": "(t.kind_id < 7)", "Rows Removed by Filter": 1543264, "Shared Hit Blocks": 0, "Shared Read Blocks": 35998, "Shared Dirtied Blocks": 0, "Shared Written Blocks": 0, "Local Hit Blocks": 0, "Local Read Blocks": 0, "Local Dirtied Blocks": 0, "Local Written Blocks": 0, "Temp Read Blocks": 0, "Temp Written Blocks": 0, "I/O Read Time": 63.282, "I/O Write Time": 0.0}]}]}]}]}]}]}]}]}]}, "Planning": {"Shared Hit Blocks": 484, "Shared Read Blocks": 63, "Shared Dirtied Blocks": 0, "Shared Written Blocks": 0, "Local Hit Blocks": 0, "Local Read Blocks": 0, "Local Dirtied Blocks": 0, "Local Written Blocks": 0, "Temp Read Blocks": 0, "Temp Written Blocks": 0, "I/O Read Time": 5.223, "I/O Write Time": 0.0}, "Planning Time": 9.862, "Triggers": [], "Execution Time": 40824.96}, "template": "scale", "query": "EXPLAIN (ANALYZE, COSTS, BUFFERS, VERBOSE, FORMAT JSON) SELECT COUNT(*) FROM title t,movie_companies mc,cast_info ci,movie_info_idx mi_idx,movie_keyword mk WHERE t.id=mc.movie_id AND t.id=ci.movie_id AND t.id=mi_idx.movie_id AND t.id=mk.movie_id AND t.kind_id<7 AND mc.company_id<52087 AND ci.person_id<158834 AND ci.role_id>1;"}
{"planinfo": {"Plan": {"Node Type": "Aggregate", "Strategy": "Plain", "Partial Mode": "Simple", "Parallel Aware": false, "Startup Cost": 684611.4, "Total Cost": 684611.41, "Plan Rows": 1, "Plan Width": 8, "Actual Startup Time": 116680.556, "Actual Total Time": 116680.558, "Actual Rows": 1, "Actual Loops": 1, "Output": ["count(*)"], "Shared Hit Blocks": 19034321, "Shared Read Blocks": 55890, "Shared Dirtied Blocks": 0, "Shared Written Blocks": 0, "Local Hit Blocks": 0, "Local Read Blocks": 0, "Local Dirtied Blocks": 0, "Local Written Blocks": 0, "Temp Read Blocks": 0, "Temp Written Blocks": 0, "I/O Read Time": 488.607, "I/O Write Time": 0.0, "Plans": [{"Node Type": "Merge Join", "Parent Relationship": "Outer", "Parallel Aware": false, "Join Type": "Inner", "Startup Cost": 48.29, "Total Cost": 672526.32, "Plan Rows": 4834031, "Plan Width": 0, "Actual Startup Time": 0.33, "Actual Total Time": 91640.451, "Actual Rows": 242786845, "Actual Loops": 1, "Inner Unique": false, "Merge Cond": "(t.id = mi.movie_id)", "Shared Hit Blocks": 19034321, "Shared Read Blocks": 55890, "Shared Dirtied Blocks": 0, "Shared Written Blocks": 0, "Local Hit Blocks": 0, "Local Read Blocks": 0, "Local Dirtied Blocks": 0, "Local Written Blocks": 0, "Temp Read Blocks": 0, "Temp Written Blocks": 0, "I/O Read Time": 488.607, "I/O Write Time": 0.0, "Plans": [{"Node Type": "Merge Join", "Parent Relationship": "Outer", "Parallel Aware": false, "Join Type": "Inner", "Startup Cost": 25.56, "Total Cost": 259346.99, "Plan Rows": 824846, "Plan Width": 12, "Actual Startup Time": 0.197, "Actual Total Time": 3761.042, "Actual Rows": 3501042, "Actual Loops": 1, "Output": ["t.id", "mi_idx.movie_id", "mk.movie_id"], "Inner Unique": false, "Merge Cond": "(t.id = mk.movie_id)", "Shared Hit Blocks": 36408, "Shared Read Blocks": 30060, "Shared Dirtied Blocks": 0, "Shared Written Blocks": 0, "Local Hit Blocks": 0, "Local Read Blocks": 0, "Local Dirtied Blocks": 0, "Local Written Blocks": 0, "Temp Read Blocks": 0, "Temp Written Blocks": 0, "I/O Read Time": 304.476, "I/O Write Time": 0.0, "Plans": [{"Node Type": "Merge Join", "Parent Relationship": "Outer", "Parallel Aware": false, "Join Type": "Inner", "Startup Cost": 9.94, "Total Cost": 136177.4, "Plan Rows": 461024, "Plan Width": 8, "Actual Startup Time": 0.169, "Actual Total Time": 1801.266, "Actual Rows": 460185, "Actual Loops": 1, "Output": ["t.id", "mi_idx.movie_id"], "Inner Unique": false, "Merge Cond": "(t.id = mi_idx.movie_id)", "Shared Hit Blocks": 36376, "Shared Read Blocks": 21407, "Shared Dirtied Blocks": 0, "Shared Written Blocks": 0, "Local Hit Blocks": 0, "Local Read Blocks": 0, "Local Dirtied Blocks": 0, "Local Written Blocks": 0, "Temp Read Blocks": 0, "Temp Written Blocks": 0, "I/O Read Time": 253.428, "I/O Write Time": 0.0, "Plans": [{"Node Type": "Index Only Scan", "Parent Relationship": "Outer", "Parallel Aware": false, "Scan Direction": "Forward", "Index Name": "title_pkey", "Relation Name": "title", "Schema": "public", "Alias": "t", "Startup Cost": 0.43, "Total Cost": 73940.23, "Plan Rows": 2528520, "Plan Width": 4, "Actual Startup Time": 0.018, "Actual Total Time": 700.774, "Actual Rows": 2525794, "Actual Loops": 1, "Output": ["t.id"], "Heap Fetches": 0, "Shared Hit Blocks": 23441, "Shared Read Blocks": 8963, "Shared Dirtied Blocks": 0, "Shared Written Blocks": 0, "Local Hit Blocks": 0, "Local Read Blocks": 0, "Local Dirtied Blocks": 0, "Local Written Blocks": 0, "Temp Read Blocks": 0, "Temp Written Blocks": 0, "I/O Read Time": 178.409, "I/O Write Time": 0.0}, {"Node Type": "Index Scan", "Parent Relationship": "Inner", "Parallel Aware": false, "Scan Direction": "Forward", "Index Name": "movie_id_movie_info_idx", "Relation Name": "movie_info_idx", "Schema": "public", "Alias": "mi_idx", "Startup Cost": 0.43, "Total Cost": 50235.25, "Plan Rows": 461024, "Plan Width": 4, "Actual Startup Time": 0.147, "Actual Total Time": 630.546, "Actual Rows": 460185, "Actual Loops": 1, "Output": ["mi_idx.id", "mi_idx.movie_id", "mi_idx.info_type_id", "mi_idx.info", "mi_idx.note"], "Filter": "(mi_idx.info_type_id > 100)", "Rows Removed by Filter": 919850, "Shared Hit Blocks": 12935, "Shared Read Blocks": 12444, "Shared Dirtied Blocks": 0, "Shared Written Blocks": 0, "Local Hit Blocks": 0, "Local Read Blocks": 0, "Local Dirtied Blocks": 0, "Local Written Blocks": 0, "Temp Read Blocks": 0, "Temp Written Blocks": 0, "I/O Read Time": 75.019, "I/O Write Time": 0.0}]}, {"Node Type": "Index Only Scan", "Parent Relationship": "Inner", "Parallel Aware": false, "Scan Direction": "Forward", "Index Name": "movie_id_movie_keyword", "Relation Name": "movie_keyword", "Schema": "public", "Alias": "mk", "Startup Cost": 0.43, "Total Cost": 102607.38, "Plan Rows": 4523930, "Plan Width": 4, "Actual Startup Time": 0.027, "Actual Total Time": 954.169, "Actual Rows": 4563175, "Actual Loops": 1, "Output": ["mk.movie_id"], "Heap Fetches": 0, "Shared Hit Blocks": 32, "Shared Read Blocks": 8653, "Shared Dirtied Blocks": 0, "Shared Written Blocks": 0, "Local Hit Blocks": 0, "Local Read Blocks": 0, "Local Dirtied Blocks": 0, "Local Written Blocks": 0, "Temp Read Blocks": 0, "Temp Written Blocks": 0, "I/O Read Time": 51.048, "I/O Write Time": 0.0}]}, {"Node Type": "Index Only Scan", "Parent Relationship": "Inner", "Parallel Aware": false, "Scan Direction": "Forward", "Index Name": "movie_id_movie_info", "Relation Name": "movie_info", "Schema": "public", "Alias": "mi", "Startup Cost": 0.43, "Total Cost": 325993.18, "Plan Rows": 14818450, "Plan Width": 4, "Actual Startup Time": 0.026, "Actual Total Time": 43364.562, "Actual Rows": 252538466, "Actual Loops": 1, "Output": ["mi.movie_id"], "Heap Fetches": 0, "Shared Hit Blocks": 18997913, "Shared Read Blocks": 25830, "Shared Dirtied Blocks": 0, "Shared Written Blocks": 0, "Local Hit Blocks": 0, "Local Read Blocks": 0, "Local Dirtied Blocks": 0, "Local Written Blocks": 0, "Temp Read Blocks": 0, "Temp Written Blocks": 0, "I/O Read Time": 184.131, "I/O Write Time": 0.0}]}]}, "Planning": {"Shared Hit Blocks": 299, "Shared Read Blocks": 47, "Shared Dirtied Blocks": 0, "Shared Written Blocks": 0, "Local Hit Blocks": 0, "Local Read Blocks": 0, "Local Dirtied Blocks": 0, "Local Written Blocks": 0, "Temp Read Blocks": 0, "Temp Written Blocks": 0, "I/O Read Time": 3.598, "I/O Write Time": 0.0}, "Planning Time": 6.096, "Triggers": [], "Execution Time": 116680.695}, "template": "scale", "query": "EXPLAIN (ANALYZE, COSTS, BUFFERS, VERBOSE, FORMAT JSON) SELECT COUNT(*) FROM title t,movie_info mi,movie_info_idx mi_idx,movie_keyword mk WHERE t.id=mi.movie_id AND t.id=mi_idx.movie_id AND t.id=mk.movie_id AND mi_idx.info_type_id>100;"}
{"planinfo": {"Plan": {"Node Type": "Aggregate", "Strategy": "Plain", "Partial Mode": "Simple", "Parallel Aware": false, "Startup Cost": 40973.85, "Total Cost": 40973.86, "Plan Rows": 1, "Plan Width": 8, "Actual Startup Time": 455.789, "Actual Total Time": 455.791, "Actual Rows": 1, "Actual Loops": 1, "Output": ["count(*)"], "Shared Hit Blocks": 0, "Shared Read Blocks": 8662, "Shared Dirtied Blocks": 0, "Shared Written Blocks": 0, "Local Hit Blocks": 0, "Local Read Blocks": 0, "Local Dirtied Blocks": 0, "Local Written Blocks": 0, "Temp Read Blocks": 0, "Temp Written Blocks": 0, "I/O Read Time": 44.408, "I/O Write Time": 0.0, "Plans": [{"Node Type": "Index Scan", "Parent Relationship": "Outer", "Parallel Aware": false, "Scan Direction": "Forward", "Index Name": "company_type_id_movie_companies", "Relation Name": "movie_companies", "Schema": "public", "Alias": "mc", "Startup Cost": 0.43, "Total Cost": 40902.99, "Plan Rows": 28343, "Plan Width": 0, "Actual Startup Time": 1.264, "Actual Total Time": 454.96, "Actual Rows": 6578, "Actual Loops": 1, "Output": ["id", "movie_id", "company_id", "company_type_id", "note"], "Index Cond": "(mc.company_type_id > 1)", "Rows Removed by Index Recheck": 0, "Filter": "(mc.company_id = 6)", "Rows Removed by Filter": 1328305, "Shared Hit Blocks": 0, "Shared Read Blocks": 8662, "Shared Dirtied Blocks": 0, "Shared Written Blocks": 0, "Local Hit Blocks": 0, "Local Read Blocks": 0, "Local Dirtied Blocks": 0, "Local Written Blocks": 0, "Temp Read Blocks": 0, "Temp Written Blocks": 0, "I/O Read Time": 44.408, "I/O Write Time": 0.0}]}, "Planning": {"Shared Hit Blocks": 66, "Shared Read Blocks": 11, "Shared Dirtied Blocks": 0, "Shared Written Blocks": 0, "Local Hit Blocks": 0, "Local Read Blocks": 0, "Local Dirtied Blocks": 0, "Local Written Blocks": 0, "Temp Read Blocks": 0, "Temp Written Blocks": 0, "I/O Read Time": 0.723, "I/O Write Time": 0.0}, "Planning Time": 1.244, "Triggers": [], "Execution Time": 455.824}, "template": "scale", "query": "EXPLAIN (ANALYZE, COSTS, BUFFERS, VERBOSE, FORMAT JSON) SELECT COUNT(*) FROM movie_companies mc WHERE mc.company_id=6 AND mc.company_type_id>1;"}
{"planinfo": {"Plan": {"Node Type": "Aggregate", "Strategy": "Plain", "Partial Mode": "Simple", "Parallel Aware": false, "Startup Cost": 1326108.69, "Total Cost": 1326108.7, "Plan Rows": 1, "Plan Width": 8, "Actual Startup Time": 25332.462, "Actual Total Time": 25332.467, "Actual Rows": 1, "Actual Loops": 1, "Output": ["count(*)"], "Shared Hit Blocks": 3, "Shared Read Blocks": 296620, "Shared Dirtied Blocks": 0, "Shared Written Blocks": 0, "Local Hit Blocks": 0, "Local Read Blocks": 0, "Local Dirtied Blocks": 0, "Local Written Blocks": 0, "Temp Read Blocks": 75424, "Temp Written Blocks": 75424, "I/O Read Time": 690.794, "I/O Write Time": 0.0, "Plans": [{"Node Type": "Hash Join", "Parent Relationship": "Outer", "Parallel Aware": false, "Join Type": "Inner", "Startup Cost": 148329.13, "Total Cost": 1306311.97, "Plan Rows": 7918686, "Plan Width": 0, "Actual Startup Time": 4099.082, "Actual Total Time": 24271.964, "Actual Rows": 10068462, "Actual Loops": 1, "Inner Unique": false, "Hash Cond": "(ci.movie_id = t.id)", "Shared Hit Blocks": 3, "Shared Read Blocks": 296620, "Shared Dirtied Blocks": 0, "Shared Written Blocks": 0, "Local Hit Blocks": 0, "Local Read Blocks": 0, "Local Dirtied Blocks": 0, "Local Written Blocks": 0, "Temp Read Blocks": 75424, "Temp Written Blocks": 75424, "I/O Read Time": 690.794, "I/O Write Time": 0.0, "Plans": [{"Node Type": "Seq Scan", "Parent Relationship": "Outer", "Parallel Aware": false, "Relation Name": "cast_info", "Schema": "public", "Alias": "ci", "Startup Cost": 0.0, "Total Cost": 797095.68, "Plan Rows": 24082214, "Plan Width": 4, "Actual Startup Time": 1694.406, "Actual Total Time": 9571.878, "Actual Rows": 23920469, "Actual Loops": 1, "Output": ["ci.movie_id"], "Filter": "((ci.person_id > 1187578) AND (ci.role_id < 11))", "Rows Removed by Filter": 12323875, "Shared Hit Blocks": 0, "Shared Read Blocks": 252687, "Shared Dirtied Blocks": 0, "Shared Written Blocks": 0, "Local Hit Blocks": 0, "Local Read Blocks": 0, "Local Dirtied Blocks": 0, "Local Written Blocks": 0, "Temp Read Blocks": 0, "Temp Written Blocks": 0, "I/O Read Time": 590.145, "I/O Write Time": 0.0}, {"Node Type": "Hash", "Parent Relationship": "Inner", "Parallel Aware": false, "Startup Cost": 134688.32, "Total Cost": 134688.32, "Plan Rows": 831425, "Plan Width": 8, "Actual Startup Time": 2403.255, "Actual Total Time": 2403.259, "Actual Rows": 425718, "Actual Loops": 1, "Output": ["t.id", "mi_idx.movie_id"], "Hash Buckets": 131072, "Original Hash Buckets": 131072, "Hash Batches": 16, "Original Hash Batches": 16, "Peak Memory Usage": 2062, "Shared Hit Blocks": 0, "Shared Read Blocks": 43933, "Shared Dirtied Blocks": 0, "Shared Written Blocks": 0, "Local Hit Blocks": 0, "Local Read Blocks": 0, "Local Dirtied Blocks": 0, "Local Written Blocks": 0, "Temp Read Blocks": 8327, "Temp Written Blocks": 9684, "I/O Read Time": 100.649, "I/O Write Time": 0.0, "Plans": [{"Node Type": "Hash Join", "Parent Relationship": "Outer", "Parallel Aware": false, "Join Type": "Inner", "Startup Cost": 92597.36, "Total Cost": 134688.32, "Plan Rows": 831425, "Plan Width": 8, "Actual Startup Time": 1086.902, "Actual Total Time": 2272.993, "Actual Rows": 425718, "Actual Loops": 1, "Output": ["t.id", "mi_idx.movie_id"], "Inner Unique": true, "Hash Cond": "(mi_idx.movie_id = t.id)", "Shared Hit Blocks": 0, "Shared Read Blocks": 43933, "Shared Dirtied Blocks": 0, "Shared Written Blocks": 0, "Local Hit Blocks": 0, "Local Read Blocks": 0, "Local Dirtied Blocks": 0, "Local Written Blocks": 0, "Temp Read Blocks": 8327, "Temp Written Blocks": 8327, "I/O Read Time": 100.649, "I/O Write Time": 0.0, "Plans": [{"Node Type": "Seq Scan", "Parent Relationship": "Outer", "Parallel Aware": false, "Relation Name": "movie_info_idx", "Schema": "public", "Alias": "mi_idx", "Startup Cost": 0.0, "Total Cost": 21735.35, "Plan Rows": 1380035, "Plan Width": 4, "Actual Startup Time": 1.312, "Actual Total Time": 308.171, "Actual Rows": 1380035, "Actual Loops": 1, "Output": ["mi_idx.movie_id"], "Shared Hit Blocks": 0, "Shared Read Blocks": 7935, "Shared Dirtied Blocks": 0, "Shared Written Blocks": 0, "Local Hit Blocks": 0, "Local Read Blocks": 0, "Local Dirtied Blocks": 0, "Local Written Blocks": 0, "Temp Read Blocks": 0, "Temp Written Blocks": 0, "I/O Read Time": 41.611, "I/O Write Time": 0.0}, {"Node Type": "Hash", "Parent Relationship": "Inner", "Parallel Aware": false, "Startup Cost": 67604.5, "Total Cost": 67604.5, "Plan Rows": 1523349, "Plan Width": 4, "Actual Startup Time": 1083.993, "Actual Total Time": 1083.994, "Actual Rows": 1543264, "Actual Loops": 1, "Output": ["t.id"], "Hash Buckets": 131072, "Original Hash Buckets": 131072, "Hash Batches": 32, "Original Hash Batches": 32, "Peak Memory Usage": 2722, "Shared Hit Blocks": 0, "Shared Read Blocks": 35998, "Shared Dirtied Blocks": 0, "Shared Written Blocks": 0, "Local Hit Blocks": 0, "Local Read Blocks": 0, "Local Dirtied Blocks": 0, "Local Written Blocks": 0, "Temp Read Blocks": 0, "Temp Written Blocks": 4365, "I/O Read Time": 59.038, "I/O Write Time": 0.0, "Plans": [{"Node Type": "Seq Scan", "Parent Relationship": "Outer", "Parallel Aware": false, "Relation Name": "title", "Schema": "public", "Alias": "t", "Startup Cost": 0.0, "Total Cost": 67604.5, "Plan Rows": 1523349, "Plan Width": 4, "Actual Startup Time": 0.155, "Actual Total Time": 626.004, "Actual Rows": 1543264, "Actual Loops": 1, "Output": ["t.id"], "Filter": "(t.kind_id = 7)", "Rows Removed by Filter": 985048, "Shared Hit Blocks": 0, "Shared Read Blocks": 35998, "Shared Dirtied Blocks": 0, "Shared Written Blocks": 0, "Local Hit Blocks": 0, "Local Read Blocks": 0, "Local Dirtied Blocks": 0, "Local Written Blocks": 0, "Temp Read Blocks": 0, "Temp Written Blocks": 0, "I/O Read Time": 59.038, "I/O Write Time": 0.0}]}]}]}]}]}, "Planning": {"Shared Hit Blocks": 209, "Shared Read Blocks": 41, "Shared Dirtied Blocks": 0, "Shared Written Blocks": 0, "Local Hit Blocks": 0, "Local Read Blocks": 0, "Local Dirtied Blocks": 0, "Local Written Blocks": 0, "Temp Read Blocks": 0, "Temp Written Blocks": 0, "I/O Read Time": 3.271, "I/O Write Time": 0.0}, "Planning Time": 5.161, "Triggers": [], "Execution Time": 25333.02}, "template": "scale", "query": "EXPLAIN (ANALYZE, COSTS, BUFFERS, VERBOSE, FORMAT JSON) SELECT COUNT(*) FROM title t,cast_info ci,movie_info_idx mi_idx WHERE t.id=ci.movie_id AND t.id=mi_idx.movie_id AND t.kind_id=7 AND ci.person_id>1187578 AND ci.role_id<11;"}
{"planinfo": {"Plan": {"Node Type": "Aggregate", "Strategy": "Plain", "Partial Mode": "Simple", "Parallel Aware": false, "Startup Cost": 699108.07, "Total Cost": 699108.08, "Plan Rows": 1, "Plan Width": 8, "Actual Startup Time": 13524.142, "Actual Total Time": 13524.15, "Actual Rows": 1, "Actual Loops": 1, "Output": ["count(*)"], "Shared Hit Blocks": 36379, "Shared Read Blocks": 216515, "Shared Dirtied Blocks": 0, "Shared Written Blocks": 0, "Local Hit Blocks": 0, "Local Read Blocks": 0, "Local Dirtied Blocks": 0, "Local Written Blocks": 0, "Temp Read Blocks": 24385, "Temp Written Blocks": 24385, "I/O Read Time": 671.397, "I/O Write Time": 0.0, "Plans": [{"Node Type": "Hash Join", "Parent Relationship": "Outer", "Parallel Aware": false, "Join Type": "Inner", "Startup Cost": 573438.73, "Total Cost": 698506.21, "Plan Rows": 240744, "Plan Width": 0, "Actual Startup Time": 7218.711, "Actual Total Time": 12286.132, "Actual Rows": 12033433, "Actual Loops": 1, "Inner Unique": false, "Hash Cond": "(mk.movie_id = t.id)", "Shared Hit Blocks": 36379, "Shared Read Blocks": 216515, "Shared Dirtied Blocks": 0, "Shared Written Blocks": 0, "Local Hit Blocks": 0, "Local Read Blocks": 0, "Local Dirtied Blocks": 0, "Local Written Blocks": 0, "Temp Read Blocks": 24385, "Temp Written Blocks": 24385, "I/O Read Time": 671.397, "I/O Write Time": 0.0, "Plans": [{"Node Type": "Seq Scan", "Parent Relationship": "Outer", "Parallel Aware": false, "Relation Name": "movie_keyword", "Schema": "public", "Alias": "mk", "Startup Cost": 0.0, "Total Cost": 69693.3, "Plan Rows": 4523930, "Plan Width": 4, "Actual Startup Time": 0.125, "Actual Total Time": 996.791, "Actual Rows": 4523930, "Actual Loops": 1, "Output": ["mk.movie_id"], "Shared Hit Blocks": 0, "Shared Read Blocks": 24454, "Shared Dirtied Blocks": 0, "Shared Written Blocks": 0, "Local Hit Blocks": 0, "Local Read Blocks": 0, "Local Dirtied Blocks": 0, "Local Written Blocks": 0, "Temp Read Blocks": 0, "Temp Written Blocks": 0, "I/O Read Time": 134.82, "I/O Write Time": 0.0}, {"Node Type": "Hash", "Parent Relationship": "Inner", "Parallel Aware": false, "Startup Cost": 571098.77, "Total Cost": 571098.77, "Plan Rows": 134557, "Plan Width": 16, "Actual Startup Time": 7217.583, "Actual Total Time": 7217.589, "Actual Rows": 674751, "Actual Loops": 1, "Output": ["t.id", "mc.movie_id", "mi.movie_id", "mi_idx.movie_id"], "Hash Buckets": 131072, "Original Hash Buckets": 131072, "Hash Batches": 8, "Original Hash Batches": 4, "Peak Memory Usage": 4982, "Shared Hit Blocks": 36376, "Shared Read Blocks": 192061, "Shared Dirtied Blocks": 0, "Shared Written Blocks": 0, "Local Hit Blocks": 0, "Local Read Blocks": 0, "Local Dirtied Blocks": 0, "Local Written Blocks": 0, "Temp Read Blocks": 10205, "Temp Written Blocks": 12796, "I/O Read Time": 536.578, "I/O Write Time": 0.0, "Plans": [{"Node Type": "Hash Join", "Parent Relationship": "Outer", "Parallel Aware": false, "Join Type": "Inner", "Startup Cost": 205165.85, "Total Cost": 571098.77, "Plan Rows": 134557, "Plan Width": 16, "Actual Startup Time": 5510.743, "Actual Total Time": 6975.12, "Actual Rows": 674751, "Actual Loops": 1, "Output": ["t.id", "mc.movie_id", "mi.movie_id", "mi_idx.movie_id"], "Inner Unique": false, "Hash Cond": "(mi.movie_id = t.id)", "Shared Hit Blocks": 36376, "Shared Read Blocks": 192061, "Shared Dirtied Blocks": 0, "Shared Written Blocks": 0, "Local Hit Blocks": 0, "Local Read Blocks": 0, "Local Dirtied Blocks": 0, "Local Written Blocks": 0, "Temp Read Blocks": 10205, "Temp Written Blocks": 10205, "I/O Read Time": 536.578, "I/O Write Time": 0.0, "Plans": [{"Node Type": "Seq Scan", "Parent Relationship": "Outer", "Parallel Aware": false, "Relation Name": "movie_info", "Schema": "public", "Alias": "mi", "Startup Cost": 0.0, "Total Cost": 347223.62, "Plan Rows": 1398862, "Plan Width": 4, "Actual Startup Time": 2189.264, "Actual Total Time": 2806.371, "Actual Rows": 1325361, "Actual Loops": 1, "Output": ["mi.movie_id"], "Filter": "(mi.info_type_id = 8)", "Rows Removed by Filter": 13510359, "Shared Hit Blocks": 0, "Shared Read Blocks": 161993, "Shared Dirtied Blocks": 0, "Shared Written Blocks": 0, "Local Hit Blocks": 0, "Local Read Blocks": 0, "Local Dirtied Blocks": 0, "Local Written Blocks": 0, "Temp Read Blocks": 0, "Temp Written Blocks": 0, "I/O Read Time": 289.568, "I/O Write Time": 0.0}, {"Node Type": "Hash", "Parent Relationship": "Inner", "Parallel Aware": false, "Startup Cost": 200937.63, "Total Cost": 200937.63, "Plan Rows": 243218, "Plan Width": 12, "Actual Startup Time": 3320.417, "Actual Total Time": 3320.421, "Actual Rows": 584222, "Actual Loops": 1, "Output": ["t.id", "mc.movie_id", "mi_idx.movie_id"], "Hash Buckets": 131072, "Original Hash Buckets": 131072, "Hash Batches": 8, "Original Hash Batches": 4, "Peak Memory Usage": 4162, "Shared Hit Blocks": 36376, "Shared Read Blocks": 30068, "Shared Dirtied Blocks": 0, "Shared Written Blocks": 0, "Local Hit Blocks": 0, "Local Read Blocks": 0, "Local Dirtied Blocks": 0, "Local Written Blocks": 0, "Temp Read Blocks": 4804, "Temp Written Blocks": 6797, "I/O Read Time": 247.01, "I/O Write Time": 0.0, "Plans": [{"Node Type": "Hash Join", "Parent Relationship": "Outer", "Parallel Aware": false, "Join Type": "Inner", "Startup Cost": 143607.48, "Total Cost": 200937.63, "Plan Rows": 243218, "Plan Width": 12, "Actual Startup Time": 1796.592, "Actual Total Time": 3115.958, "Actual Rows": 584222, "Actual Loops": 1, "Output": ["t.id", "mc.movie_id", "mi_idx.movie_id"], "Inner Unique": false, "Hash Cond": "(mc.movie_id = t.id)", "Shared Hit Blocks": 36376, "Shared Read Blocks": 30068, "Shared Dirtied Blocks": 0, "Shared Written Blocks": 0, "Local Hit Blocks": 0, "Local Read Blocks": 0, "Local Dirtied Blocks": 0, "Local Written Blocks": 0, "Temp Read Blocks": 4804, "Temp Written Blocks": 4804, "I/O Read Time": 247.01, "I/O Write Time": 0.0, "Plans": [{"Node Type": "Index Scan", "Parent Relationship": "Outer", "Parallel Aware": false, "Scan Direction": "Forward", "Index Name": "company_type_id_movie_companies", "Relation Name": "movie_companies", "Schema": "public", "Alias": "mc", "Startup Cost": 0.43, "Total Cost": 37534.17, "Plan Rows": 1347528, "Plan Width": 4, "Actual Startup Time": 2.497, "Actual Total Time": 526.36, "Actual Rows": 1334883, "Actual Loops": 1, "Output": ["mc.movie_id"], "Index Cond": "(mc.company_type_id = 2)", "Rows Removed by Index Recheck": 0, "Shared Hit Blocks": 0, "Shared Read Blocks": 8661, "Shared Dirtied Blocks": 0, "Shared Written Blocks": 0, "Local Hit Blocks": 0, "Local Read Blocks": 0, "Local Dirtied Blocks": 0, "Local Written Blocks": 0, "Temp Read Blocks": 0, "Temp Written Blocks": 0, "I/O Read Time": 47.15, "I/O Write Time": 0.0}, {"Node Type": "Hash", "Parent Relationship": "Inner", "Parallel Aware": false, "Startup Cost": 136119.32, "Total Cost": 136119.32, "Plan Rows": 456378, "Plan Width": 8, "Actual Startup Time": 1793.444, "Actual Total Time": 1793.446, "Actual Rows": 459925, "Actual Loops": 1, "Output": ["t.id", "mi_idx.movie_id"], "Hash Buckets": 131072, "Original Hash Buckets": 131072, "Hash Batches": 8, "Original Hash Batches": 8, "Peak Memory Usage": 3275, "Shared Hit Blocks": 36376, "Shared Read Blocks": 21407, "Shared Dirtied Blocks": 0, "Shared Written Blocks": 0, "Local Hit Blocks": 0, "Local Read Blocks": 0, "Local Dirtied Blocks": 0, "Local Written Blocks": 0, "Temp Read Blocks": 0, "Temp Written Blocks": 1372, "I/O Read Time": 199.86, "I/O Write Time": 0.0, "Plans": [{"Node Type": "Merge Join", "Parent Relationship": "Outer", "Parallel Aware": false, "Join Type": "Inner", "Startup Cost": 9.94, "Total Cost": 136119.32, "Plan Rows": 456378, "Plan Width": 8, "Actual Startup Time": 0.181, "Actual Total Time": 1599.369, "Actual Rows": 459925, "Actual Loops": 1, "Output": ["t.id", "mi_idx.movie_id"], "Inner Unique": false, "Merge Cond": "(t.id = mi_idx.movie_id)", "Shared Hit Blocks": 36376, "Shared Read Blocks": 21407, "Shared Dirtied Blocks": 0, "Shared Written Blocks": 0, "Local Hit Blocks": 0, "Local Read Blocks": 0, "Local Dirtied Blocks": 0, "Local Written Blocks": 0, "Temp Read Blocks": 0, "Temp Written Blocks": 0, "I/O Read Time": 199.86, "I/O Write Time": 0.0, "Plans": [{"Node Type": "Index Only Scan", "Parent Relationship": "Outer", "Parallel Aware": false, "Scan Direction": "Forward", "Index Name": "title_pkey", "Relation Name": "title", "Schema": "public", "Alias": "t", "Startup Cost": 0.43, "Total Cost": 73940.23, "Plan Rows": 2528520, "Plan Width": 4, "Actual Startup Time": 0.028, "Actual Total Time": 553.277, "Actual Rows": 2525794, "Actual Loops": 1, "Output": ["t.id"], "Heap Fetches": 0, "Shared Hit Blocks": 23441, "Shared Read Blocks": 8963, "Shared Dirtied Blocks": 0, "Shared Written Blocks": 0, "Local Hit Blocks": 0, "Local Read Blocks": 0, "Local Dirtied Blocks": 0, "Local Written Blocks": 0, "Temp Read Blocks": 0, "Temp Written Blocks": 0, "I/O Read Time": 132.725, "I/O Write Time": 0.0}, {"Node Type": "Index Scan", "Parent Relationship": "Inner", "Parallel Aware": false, "Scan Direction": "Forward", "Index Name": "movie_id_movie_info_idx", "Relation Name": "movie_info_idx", "Schema": "public", "Alias": "mi_idx", "Startup Cost": 0.43, "Total Cost": 50235.25, "Plan Rows": 456378, "Plan Width": 4, "Actual Startup Time": 0.147, "Actual Total Time": 598.776, "Actual Rows": 459925, "Actual Loops": 1, "Output": ["mi_idx.id", "mi_idx.movie_id", "mi_idx.info_type_id", "mi_idx.info", "mi_idx.note"], "Filter": "(mi_idx.info_type_id < 100)", "Rows Removed by Filter": 920110, "Shared Hit Blocks": 12935, "Shared Read Blocks": 12444, "Shared Dirtied Blocks": 0, "Shared Written Blocks": 0, "Local Hit Blocks": 0, "Local Read Blocks": 0, "Local Dirtied Blocks": 0, "Local Written Blocks": 0, "Temp Read Blocks": 0, "Temp Written Blocks": 0, "I/O Read Time": 67.135, "I/O Write Time": 0.0}]}]}]}]}]}]}]}]}, "Planning": {"Shared Hit Blocks": 457, "Shared Read Blocks": 60, "Shared Dirtied Blocks": 0, "Shared Written Blocks": 0, "Local Hit Blocks": 0, "Local Read Blocks": 0, "Local Dirtied Blocks": 0, "Local Written Blocks": 0, "Temp Read Blocks": 0, "Temp Written Blocks": 0, "I/O Read Time": 4.717, "I/O Write Time": 0.0}, "Planning Time": 8.944, "Triggers": [], "Execution Time": 13525.182}, "template": "scale", "query": "EXPLAIN (ANALYZE, COSTS, BUFFERS, VERBOSE, FORMAT JSON) SELECT COUNT(*) FROM title t,movie_companies mc,movie_info mi,movie_info_idx mi_idx,movie_keyword mk WHERE t.id=mc.movie_id AND t.id=mi.movie_id AND t.id=mi_idx.movie_id AND t.id=mk.movie_id AND mc.company_type_id=2 AND mi.info_type_id=8 AND mi_idx.info_type_id<100;"}
{"planinfo": {"Plan": {"Node Type": "Aggregate", "Strategy": "Plain", "Partial Mode": "Simple", "Parallel Aware": false, "Startup Cost": 1159444.72, "Total Cost": 1159444.73, "Plan Rows": 1, "Plan Width": 8, "Actual Startup Time": 93204.85, "Actual Total Time": 93204.852, "Actual Rows": 1, "Actual Loops": 1, "Output": ["count(*)"], "Shared Hit Blocks": 4264164, "Shared Read Blocks": 68628, "Shared Dirtied Blocks": 0, "Shared Written Blocks": 0, "Local Hit Blocks": 0, "Local Read Blocks": 0, "Local Dirtied Blocks": 0, "Local Written Blocks": 0, "Temp Read Blocks": 0, "Temp Written Blocks": 0, "I/O Read Time": 2722.306, "I/O Write Time": 0.0, "Plans": [{"Node Type": "Merge Join", "Parent Relationship": "Outer", "Parallel Aware": false, "Join Type": "Inner", "Startup Cost": 105.3, "Total Cost": 1130143.77, "Plan Rows": 11720377, "Plan Width": 0, "Actual Startup Time": 0.326, "Actual Total Time": 72715.079, "Actual Rows": 200542501, "Actual Loops": 1, "Inner Unique": false, "Merge Cond": "(t.id = mk.movie_id)", "Shared Hit Blocks": 4264164, "Shared Read Blocks": 68628, "Shared Dirtied Blocks": 0, "Shared Written Blocks": 0, "Local Hit Blocks": 0, "Local Read Blocks": 0, "Local Dirtied Blocks": 0, "Local Written Blocks": 0, "Temp Read Blocks": 0, "Temp Written Blocks": 0, "I/O Read Time": 2722.306, "I/O Write Time": 0.0, "Plans": [{"Node Type": "Nested Loop", "Parent Relationship": "Outer", "Parallel Aware": false, "Join Type": "Inner", "Startup Cost": 10.38, "Total Cost": 836276.13, "Plan Rows": 6550766, "Plan Width": 12, "Actual Startup Time": 0.291, "Actual Total Time": 11687.208, "Actual Rows": 13626495, "Actual Loops": 1, "Output": ["t.id", "ci.movie_id", "mi_idx.movie_id"], "Inner Unique": false, "Shared Hit Blocks": 4264159, "Shared Read Blocks": 59975, "Shared Dirtied Blocks": 0, "Shared Written Blocks": 0, "Local Hit Blocks": 0, "Local Read Blocks": 0, "Local Dirtied Blocks": 0, "Local Written Blocks": 0, "Temp Read Blocks": 0, "Temp Written Blocks": 0, "I/O Read Time": 2668.595, "I/O Write Time": 0.0, "Plans": [{"Node Type": "Merge Join", "Parent Relationship": "Outer", "Parallel Aware": false, "Join Type": "Inner", "Startup Cost": 9.94, "Total Cost": 136119.32, "Plan Rows": 456378, "Plan Width": 8, "Actual Startup Time": 0.177, "Actual Total Time": 1708.671, "Actual Rows": 459925, "Actual Loops": 1, "Output": ["t.id", "mi_idx.movie_id"], "Inner Unique": false, "Merge Cond": "(t.id = mi_idx.movie_id)", "Shared Hit Blocks": 36376, "Shared Read Blocks": 21407, "Shared Dirtied Blocks": 0, "Shared Written Blocks": 0, "Local Hit Blocks": 0, "Local Read Blocks": 0, "Local Dirtied Blocks": 0, "Local Written Blocks": 0, "Temp Read Blocks": 0, "Temp Written Blocks": 0, "I/O Read Time": 226.586, "I/O Write Time": 0.0, "Plans": [{"Node Type": "Index Only Scan", "Parent Relationship": "Outer", "Parallel Aware": false, "Scan Direction": "Forward", "Index Name": "title_pkey", "Relation Name": "title", "Schema": "public", "Alias": "t", "Startup Cost": 0.43, "Total Cost": 73940.23, "Plan Rows": 2528520, "Plan Width": 4, "Actual Startup Time": 0.019, "Actual Total Time": 559.963, "Actual Rows": 2525794, "Actual Loops": 1, "Output": ["t.id"], "Heap Fetches": 0, "Shared Hit Blocks": 23441, "Shared Read Blocks": 8963, "Shared Dirtied Blocks": 0, "Shared Written Blocks": 0, "Local Hit Blocks": 0, "Local Read Blocks": 0, "Local Dirtied Blocks": 0, "Local Written Blocks": 0, "Temp Read Blocks": 0, "Temp Written Blocks": 0, "I/O Read Time": 148.372, "I/O Write Time": 0.0}, {"Node Type": "Index Scan", "Parent Relationship": "Inner", "Parallel Aware": false, "Scan Direction": "Forward", "Index Name": "movie_id_movie_info_idx", "Relation Name": "movie_info_idx", "Schema": "public", "Alias": "mi_idx", "Startup Cost": 0.43, "Total Cost": 50235.25, "Plan Rows": 456378, "Plan Width": 4, "Actual Startup Time": 0.153, "Actual Total Time": 676.975, "Actual Rows": 459925, "Actual Loops": 1, "Output": ["mi_idx.id", "mi_idx.movie_id", "mi_idx.info_type_id", "mi_idx.info", "mi_idx.note"], "Filter": "(mi_idx.info_type_id < 100)", "Rows Removed by Filter": 920110, "Shared Hit Blocks": 12935, "Shared Read Blocks": 12444, "Shared Dirtied Blocks": 0, "Shared Written Blocks": 0, "Local Hit Blocks": 0, "Local Read Blocks": 0, "Local Dirtied Blocks": 0, "Local Written Blocks": 0, "Temp Read Blocks": 0, "Temp Written Blocks": 0, "I/O Read Time": 78.214, "I/O Write Time": 0.0}]}, {"Node Type": "Index Only Scan", "Parent Relationship": "Inner", "Parallel Aware": false, "Scan Direction": "Forward", "Index Name": "movie_id_cast_info", "Relation Name": "cast_info", "Schema": "public", "Alias": "ci", "Startup Cost": 0.44, "Total Cost": 1.16, "Plan Rows": 37, "Plan Width": 4, "Actual Startup Time": 0.01, "Actual Total Time": 0.016, "Actual Rows": 30, "Actual Loops": 459925, "Output": ["ci.movie_id"], "Index Cond": "(ci.movie_id = t.id)", "Rows Removed by Index Recheck": 0, "Heap Fetches": 0, "Shared Hit Blocks": 4227783, "Shared Read Blocks": 38568, "Shared Dirtied Blocks": 0, "Shared Written Blocks": 0, "Local Hit Blocks": 0, "Local Read Blocks": 0, "Local Dirtied Blocks": 0, "Local Written Blocks": 0, "Temp Read Blocks": 0, "Temp Written Blocks": 0, "I/O Read Time": 2442.009, "I/O Write Time": 0.0}]}, {"Node Type": "Materialize", "Parent Relationship": "Inner", "Parallel Aware": false, "Startup Cost": 0.43, "Total Cost": 113917.21, "Plan Rows": 4523930, "Plan Width": 4, "Actual Startup Time": 0.032, "Actual Total Time": 16339.428, "Actual Rows": 201624293, "Actual Loops": 1, "Output": ["mk.movie_id"], "Shared Hit Blocks": 5, "Shared Read Blocks": 8653, "Shared Dirtied Blocks": 0, "Shared Written Blocks": 0, "Local Hit Blocks": 0, "Local Read Blocks": 0, "Local Dirtied Blocks": 0, "Local Written Blocks": 0, "Temp Read Blocks": 0, "Temp Written Blocks": 0, "I/O Read Time": 53.711, "I/O Write Time": 0.0, "Plans": [{"Node Type": "Index Only Scan", "Parent Relationship": "Outer", "Parallel Aware": false, "Scan Direction": "Forward", "Index Name": "movie_id_movie_keyword", "Relation Name": "movie_keyword", "Schema": "public", "Alias": "mk", "Startup Cost": 0.43, "Total Cost": 102607.38, "Plan Rows": 4523930, "Plan Width": 4, "Actual Startup Time": 0.028, "Actual Total Time": 821.333, "Actual Rows": 4523925, "Actual Loops": 1, "Output": ["mk.movie_id"], "Heap Fetches": 0, "Shared Hit Blocks": 5, "Shared Read Blocks": 8653, "Shared Dirtied Blocks": 0, "Shared Written Blocks": 0, "Local Hit Blocks": 0, "Local Read Blocks": 0, "Local Dirtied Blocks": 0, "Local Written Blocks": 0, "Temp Read Blocks": 0, "Temp Written Blocks": 0, "I/O Read Time": 53.711, "I/O Write Time": 0.0}]}]}]}, "Planning": {"Shared Hit Blocks": 316, "Shared Read Blocks": 51, "Shared Dirtied Blocks": 0, "Shared Written Blocks": 0, "Local Hit Blocks": 0, "Local Read Blocks": 0, "Local Dirtied Blocks": 0, "Local Written Blocks": 0, "Temp Read Blocks": 0, "Temp Written Blocks": 0, "I/O Read Time": 4.355, "I/O Write Time": 0.0}, "Planning Time": 7.232, "Triggers": [], "Execution Time": 93205.023}, "template": "scale", "query": "EXPLAIN (ANALYZE, COSTS, BUFFERS, VERBOSE, FORMAT JSON) SELECT COUNT(*) FROM title t,cast_info ci,movie_info_idx mi_idx,movie_keyword mk WHERE t.id=ci.movie_id AND t.id=mi_idx.movie_id AND t.id=mk.movie_id AND mi_idx.info_type_id<100;"}
{"planinfo": {"Plan": {"Node Type": "Aggregate", "Strategy": "Plain", "Partial Mode": "Simple", "Parallel Aware": false, "Startup Cost": 1040353.21, "Total Cost": 1040353.22, "Plan Rows": 1, "Plan Width": 8, "Actual Startup Time": 103989.466, "Actual Total Time": 103989.468, "Actual Rows": 1, "Actual Loops": 1, "Output": ["count(*)"], "Shared Hit Blocks": 4473935, "Shared Read Blocks": 43448, "Shared Dirtied Blocks": 0, "Shared Written Blocks": 0, "Local Hit Blocks": 0, "Local Read Blocks": 0, "Local Dirtied Blocks": 0, "Local Written Blocks": 0, "Temp Read Blocks": 0, "Temp Written Blocks": 0, "I/O Read Time": 412.476, "I/O Write Time": 0.0, "Plans": [{"Node Type": "Merge Join", "Parent Relationship": "Outer", "Parallel Aware": false, "Join Type": "Inner", "Startup Cost": 34.27, "Total Cost": 974071.72, "Plan Rows": 26512597, "Plan Width": 0, "Actual Startup Time": 0.188, "Actual Total Time": 80106.185, "Actual Rows": 235420417, "Actual Loops": 1, "Inner Unique": false, "Merge Cond": "(t.id = mi.movie_id)", "Shared Hit Blocks": 4473935, "Shared Read Blocks": 43448, "Shared Dirtied Blocks": 0, "Shared Written Blocks": 0, "Local Hit Blocks": 0, "Local Read Blocks": 0, "Local Dirtied Blocks": 0, "Local Written Blocks": 0, "Temp Read Blocks": 0, "Temp Written Blocks": 0, "I/O Read Time": 412.476, "I/O Write Time": 0.0, "Plans": [{"Node Type": "Merge Join", "Parent Relationship": "Outer", "Parallel Aware": false, "Join Type": "Inner", "Startup Cost": 9.75, "Total Cost": 239331.22, "Plan Rows": 4523930, "Plan Width": 8, "Actual Startup Time": 0.046, "Actual Total Time": 2679.404, "Actual Rows": 4523930, "Actual Loops": 1, "Output": ["t.id", "mk.movie_id"], "Inner Unique": false, "Merge Cond": "(t.id = mk.movie_id)", "Shared Hit Blocks": 23446, "Shared Read Blocks": 17616, "Shared Dirtied Blocks": 0, "Shared Written Blocks": 0, "Local Hit Blocks": 0, "Local Read Blocks": 0, "Local Dirtied Blocks": 0, "Local Written Blocks": 0, "Temp Read Blocks": 0, "Temp Written Blocks": 0, "I/O Read Time": 227.838, "I/O Write Time": 0.0, "Plans": [{"Node Type": "Index Only Scan", "Parent Relationship": "Outer", "Parallel Aware": false, "Scan Direction": "Forward", "Index Name": "title_pkey", "Relation Name": "title", "Schema": "public", "Alias": "t", "Startup Cost": 0.43, "Total Cost": 73940.23, "Plan Rows": 2528520, "Plan Width": 4, "Actual Startup Time": 0.017, "Actual Total Time": 583.751, "Actual Rows": 2525972, "Actual Loops": 1, "Output": ["t.id"], "Heap Fetches": 0, "Shared Hit Blocks": 23441, "Shared Read Blocks": 8963, "Shared Dirtied Blocks": 0, "Shared Written Blocks": 0, "Local Hit Blocks": 0, "Local Read Blocks": 0, "Local Dirtied Blocks": 0, "Local Written Blocks": 0, "Temp Read Blocks": 0, "Temp Written Blocks": 0, "I/O Read Time": 176.518, "I/O Write Time": 0.0}, {"Node Type": "Index Only Scan", "Parent Relationship": "Inner", "Parallel Aware": false, "Scan Direction": "Forward", "Index Name": "movie_id_movie_keyword", "Relation Name": "movie_keyword", "Schema": "public", "Alias": "mk", "Startup Cost": 0.43, "Total Cost": 102607.38, "Plan Rows": 4523930, "Plan Width": 4, "Actual Startup Time": 0.026, "Actual Total Time": 875.236, "Actual Rows": 4523930, "Actual Loops": 1, "Output": ["mk.movie_id"], "Heap Fetches": 0, "Shared Hit Blocks": 5, "Shared Read Blocks": 8653, "Shared Dirtied Blocks": 0, "Shared Written Blocks": 0, "Local Hit Blocks": 0, "Local Read Blocks": 0, "Local Dirtied Blocks": 0, "Local Written Blocks": 0, "Temp Read Blocks": 0, "Temp Written Blocks": 0, "I/O Read Time": 51.32, "I/O Write Time": 0.0}]}, {"Node Type": "Materialize", "Parent Relationship": "Inner", "Parallel Aware": false, "Startup Cost": 0.43, "Total Cost": 363039.31, "Plan Rows": 14818450, "Plan Width": 4, "Actual Startup Time": 0.025, "Actual Total Time": 25091.734, "Actual Rows": 243422784, "Actual Loops": 1, "Output": ["mi.movie_id"], "Shared Hit Blocks": 4450489, "Shared Read Blocks": 25832, "Shared Dirtied Blocks": 0, "Shared Written Blocks": 0, "Local Hit Blocks": 0, "Local Read Blocks": 0, "Local Dirtied Blocks": 0, "Local Written Blocks": 0, "Temp Read Blocks": 0, "Temp Written Blocks": 0, "I/O Read Time": 184.638, "I/O Write Time": 0.0, "Plans": [{"Node Type": "Index Only Scan", "Parent Relationship": "Outer", "Parallel Aware": false, "Scan Direction": "Forward", "Index Name": "movie_id_movie_info", "Relation Name": "movie_info", "Schema": "public", "Alias": "mi", "Startup Cost": 0.43, "Total Cost": 325993.18, "Plan Rows": 14818450, "Plan Width": 4, "Actual Startup Time": 0.022, "Actual Total Time": 4086.376, "Actual Rows": 14835006, "Actual Loops": 1, "Output": ["mi.movie_id"], "Heap Fetches": 0, "Shared Hit Blocks": 4450489, "Shared Read Blocks": 25832, "Shared Dirtied Blocks": 0, "Shared Written Blocks": 0, "Local Hit Blocks": 0, "Local Read Blocks": 0, "Local Dirtied Blocks": 0, "Local Written Blocks": 0, "Temp Read Blocks": 0, "Temp Written Blocks": 0, "I/O Read Time": 184.638, "I/O Write Time": 0.0}]}]}]}, "Planning": {"Shared Hit Blocks": 178, "Shared Read Blocks": 38, "Shared Dirtied Blocks": 0, "Shared Written Blocks": 0, "Local Hit Blocks": 0, "Local Read Blocks": 0, "Local Dirtied Blocks": 0, "Local Written Blocks": 0, "Temp Read Blocks": 0, "Temp Written Blocks": 0, "I/O Read Time": 2.864, "I/O Write Time": 0.0}, "Planning Time": 4.335, "Triggers": [], "Execution Time": 103989.663}, "template": "scale", "query": "EXPLAIN (ANALYZE, COSTS, BUFFERS, VERBOSE, FORMAT JSON) SELECT COUNT(*) FROM title t,movie_info mi,movie_keyword mk WHERE t.id=mi.movie_id AND t.id=mk.movie_id;"}
{"planinfo": {"Plan": {"Node Type": "Aggregate", "Strategy": "Plain", "Partial Mode": "Simple", "Parallel Aware": false, "Startup Cost": 148446.96, "Total Cost": 148446.97, "Plan Rows": 1, "Plan Width": 8, "Actual Startup Time": 1699.422, "Actual Total Time": 1699.424, "Actual Rows": 1, "Actual Loops": 1, "Output": ["count(*)"], "Shared Hit Blocks": 205653, "Shared Read Blocks": 45650, "Shared Dirtied Blocks": 0, "Shared Written Blocks": 0, "Local Hit Blocks": 0, "Local Read Blocks": 0, "Local Dirtied Blocks": 0, "Local Written Blocks": 0, "Temp Read Blocks": 0, "Temp Written Blocks": 0, "I/O Read Time": 1012.03, "I/O Write Time": 0.0, "Plans": [{"Node Type": "Nested Loop", "Parent Relationship": "Outer", "Parallel Aware": false, "Join Type": "Inner", "Startup Cost": 1.3, "Total Cost": 148019.33, "Plan Rows": 171051, "Plan Width": 0, "Actual Startup Time": 338.255, "Actual Total Time": 1692.573, "Actual Rows": 46899, "Actual Loops": 1, "Inner Unique": false, "Join Filter": "(t.id = ci.movie_id)", "Rows Removed by Join Filter": 0, "Shared Hit Blocks": 205653, "Shared Read Blocks": 45650, "Shared Dirtied Blocks": 0, "Shared Written Blocks": 0, "Local Hit Blocks": 0, "Local Read Blocks": 0, "Local Dirtied Blocks": 0, "Local Written Blocks": 0, "Temp Read Blocks": 0, "Temp Written Blocks": 0, "I/O Read Time": 1012.03, "I/O Write Time": 0.0, "Plans": [{"Node Type": "Nested Loop", "Parent Relationship": "Outer", "Parallel Aware": false, "Join Type": "Inner", "Startup Cost": 0.86, "Total Cost": 108503.3, "Plan Rows": 26565, "Plan Width": 12, "Actual Startup Time": 336.689, "Actual Total Time": 980.724, "Actual Rows": 8445, "Actual Loops": 1, "Output": ["t.id", "mi.movie_id", "mi_idx.movie_id"], "Inner Unique": false, "Join Filter": "(t.id = mi.movie_id)", "Rows Removed by Join Filter": 0, "Shared Hit Blocks": 16104, "Shared Read Blocks": 40403, "Shared Dirtied Blocks": 0, "Shared Written Blocks": 0, "Local Hit Blocks": 0, "Local Read Blocks": 0, "Local Dirtied Blocks": 0, "Local Written Blocks": 0, "Temp Read Blocks": 0, "Temp Written Blocks": 0, "I/O Read Time": 487.017, "I/O Write Time": 0.0, "Plans": [{"Node Type": "Nested Loop", "Parent Relationship": "Outer", "Parallel Aware": false, "Join Type": "Inner", "Startup Cost": 0.43, "Total Cost": 96992.88, "Plan Rows": 5299, "Plan Width": 8, "Actual Startup Time": 336.257, "Actual Total Time": 640.093, "Actual Rows": 1218, "Actual Loops": 1, "Output": ["t.id", "mi_idx.movie_id"], "Inner Unique": false, "Shared Hit Blocks": 6683, "Shared Read Blocks": 37383, "Shared Dirtied Blocks": 0, "Shared Written Blocks": 0, "Local Hit Blocks": 0, "Local Read Blocks": 0, "Local Dirtied Blocks": 0, "Local Written Blocks": 0, "Temp Read Blocks": 0, "Temp Written Blocks": 0, "I/O Read Time": 166.398, "I/O Write Time": 0.0, "Plans": [{"Node Type": "Seq Scan", "Parent Relationship": "Outer", "Parallel Aware": false, "Relation Name": "title", "Schema": "public", "Alias": "t", "Startup Cost": 0.0, "Total Cost": 73925.8, "Plan Rows": 9708, "Plan Width": 4, "Actual Startup Time": 330.229, "Actual Total Time": 525.154, "Actual Rows": 2689, "Actual Loops": 1, "Output": ["t.id", "t.title", "t.imdb_index", "t.kind_id", "t.production_year", "t.imdb_id", "t.phonetic_code", "t.episode_of_id", "t.season_nr", "t.episode_nr", "t.series_years", "t.md5sum"], "Filter": "((t.production_year < 1960) AND (t.kind_id = 3))", "Rows Removed by Filter": 2525623, "Shared Hit Blocks": 0, "Shared Read Blocks": 35998, "Shared Dirtied Blocks": 0, "Shared Written Blocks": 0, "Local Hit Blocks": 0, "Local Read Blocks": 0, "Local Dirtied Blocks": 0, "Local Written Blocks": 0, "Temp Read Blocks": 0, "Temp Written Blocks": 0, "I/O Read Time": 66.278, "I/O Write Time": 0.0}, {"Node Type": "Index Only Scan", "Parent Relationship": "Inner", "Parallel Aware": false, "Scan Direction": "Forward", "Index Name": "movie_id_movie_info_idx", "Relation Name": "movie_info_idx", "Schema": "public", "Alias": "mi_idx", "Startup Cost": 0.43, "Total Cost": 2.35, "Plan Rows": 3, "Plan Width": 4, "Actual Startup Time": 0.042, "Actual Total Time": 0.042, "Actual Rows": 0, "Actual Loops": 2689, "Output": ["mi_idx.movie_id"], "Index Cond": "(mi_idx.movie_id = t.id)", "Rows Removed by Index Recheck": 0, "Heap Fetches": 0, "Shared Hit Blocks": 6683, "Shared Read Blocks": 1385, "Shared Dirtied Blocks": 0, "Shared Written Blocks": 0, "Local Hit Blocks": 0, "Local Read Blocks": 0, "Local Dirtied Blocks": 0, "Local Written Blocks": 0, "Temp Read Blocks": 0, "Temp Written Blocks": 0, "I/O Read Time": 100.12, "I/O Write Time": 0.0}]}, {"Node Type": "Index Scan", "Parent Relationship": "Inner", "Parallel Aware": false, "Scan Direction": "Forward", "Index Name": "movie_id_movie_info", "Relation Name": "movie_info", "Schema": "public", "Alias": "mi", "Startup Cost": 0.43, "Total Cost": 1.76, "Plan Rows": 33, "Plan Width": 4, "Actual Startup Time": 0.086, "Actual Total Time": 0.277, "Actual Rows": 7, "Actual Loops": 1218, "Output": ["mi.id", "mi.movie_id", "mi.info_type_id", "mi.info", "mi.note"], "Index Cond": "(mi.movie_id = mi_idx.movie_id)", "Rows Removed by Index Recheck": 0, "Filter": "(mi.info_type_id > 2)", "Rows Removed by Filter": 2, "Shared Hit Blocks": 9421, "Shared Read Blocks": 3020, "Shared Dirtied Blocks": 0, "Shared Written Blocks": 0, "Local Hit Blocks": 0, "Local Read Blocks": 0, "Local Dirtied Blocks": 0, "Local Written Blocks": 0, "Temp Read Blocks": 0, "Temp Written Blocks": 0, "I/O Read Time": 320.62, "I/O Write Time": 0.0}]}, {"Node Type": "Index Scan", "Parent Relationship": "Inner", "Parallel Aware": false, "Scan Direction": "Forward", "Index Name": "movie_id_cast_info", "Relation Name": "cast_info", "Schema": "public", "Alias": "ci", "Startup Cost": 0.44, "Total Cost": 1.28, "Plan Rows": 17, "Plan Width": 4, "Actual Startup Time": 0.066, "Actual Total Time": 0.083, "Actual Rows": 6, "Actual Loops": 8445, "Output": ["ci.id", "ci.person_id", "ci.movie_id", "ci.person_role_id", "ci.note", "ci.nr_order", "ci.role_id"], "Index Cond": "(ci.movie_id = mi.movie_id)", "Rows Removed by Index Recheck": 0, "Filter": "(ci.role_id > 2)", "Rows Removed by Filter": 15, "Shared Hit Blocks": 189549, "Shared Read Blocks": 5247, "Shared Dirtied Blocks": 0, "Shared Written Blocks": 0, "Local Hit Blocks": 0, "Local Read Blocks": 0, "Local Dirtied Blocks": 0, "Local Written Blocks": 0, "Temp Read Blocks": 0, "Temp Written Blocks": 0, "I/O Read Time": 525.013, "I/O Write Time": 0.0}]}]}, "Planning": {"Shared Hit Blocks": 325, "Shared Read Blocks": 56, "Shared Dirtied Blocks": 0, "Shared Written Blocks": 0, "Local Hit Blocks": 0, "Local Read Blocks": 0, "Local Dirtied Blocks": 0, "Local Written Blocks": 0, "Temp Read Blocks": 0, "Temp Written Blocks": 0, "I/O Read Time": 4.298, "I/O Write Time": 0.0}, "Planning Time": 7.148, "Triggers": [], "Execution Time": 1699.578}, "template": "scale", "query": "EXPLAIN (ANALYZE, COSTS, BUFFERS, VERBOSE, FORMAT JSON) SELECT COUNT(*) FROM title t,cast_info ci,movie_info mi,movie_info_idx mi_idx WHERE t.id=ci.movie_id AND t.id=mi.movie_id AND t.id=mi_idx.movie_id AND t.kind_id=3 AND t.production_year<1960 AND ci.role_id>2 AND mi.info_type_id>2;"}
{"planinfo": {"Plan": {"Node Type": "Aggregate", "Strategy": "Plain", "Partial Mode": "Simple", "Parallel Aware": false, "Startup Cost": 137260.27, "Total Cost": 137260.28, "Plan Rows": 1, "Plan Width": 8, "Actual Startup Time": 1663.555, "Actual Total Time": 1663.556, "Actual Rows": 1, "Actual Loops": 1, "Output": ["count(*)"], "Shared Hit Blocks": 36376, "Shared Read Blocks": 21407, "Shared Dirtied Blocks": 0, "Shared Written Blocks": 0, "Local Hit Blocks": 0, "Local Read Blocks": 0, "Local Dirtied Blocks": 0, "Local Written Blocks": 0, "Temp Read Blocks": 0, "Temp Written Blocks": 0, "I/O Read Time": 210.712, "I/O Write Time": 0.0, "Plans": [{"Node Type": "Merge Join", "Parent Relationship": "Outer", "Parallel Aware": false, "Join Type": "Inner", "Startup Cost": 9.94, "Total Cost": 136119.32, "Plan Rows": 456378, "Plan Width": 0, "Actual Startup Time": 0.164, "Actual Total Time": 1591.895, "Actual Rows": 459925, "Actual Loops": 1, "Inner Unique": false, "Merge Cond": "(t.id = mi_idx.movie_id)", "Shared Hit Blocks": 36376, "Shared Read Blocks": 21407, "Shared Dirtied Blocks": 0, "Shared Written Blocks": 0, "Local Hit Blocks": 0, "Local Read Blocks": 0, "Local Dirtied Blocks": 0, "Local Written Blocks": 0, "Temp Read Blocks": 0, "Temp Written Blocks": 0, "I/O Read Time": 210.712, "I/O Write Time": 0.0, "Plans": [{"Node Type": "Index Only Scan", "Parent Relationship": "Outer", "Parallel Aware": false, "Scan Direction": "Forward", "Index Name": "title_pkey", "Relation Name": "title", "Schema": "public", "Alias": "t", "Startup Cost": 0.43, "Total Cost": 73940.23, "Plan Rows": 2528520, "Plan Width": 4, "Actual Startup Time": 0.019, "Actual Total Time": 550.427, "Actual Rows": 2525794, "Actual Loops": 1, "Output": ["t.id"], "Heap Fetches": 0, "Shared Hit Blocks": 23441, "Shared Read Blocks": 8963, "Shared Dirtied Blocks": 0, "Shared Written Blocks": 0, "Local Hit Blocks": 0, "Local Read Blocks": 0, "Local Dirtied Blocks": 0, "Local Written Blocks": 0, "Temp Read Blocks": 0, "Temp Written Blocks": 0, "I/O Read Time": 141.627, "I/O Write Time": 0.0}, {"Node Type": "Index Scan", "Parent Relationship": "Inner", "Parallel Aware": false, "Scan Direction": "Forward", "Index Name": "movie_id_movie_info_idx", "Relation Name": "movie_info_idx", "Schema": "public", "Alias": "mi_idx", "Startup Cost": 0.43, "Total Cost": 50235.25, "Plan Rows": 456378, "Plan Width": 4, "Actual Startup Time": 0.142, "Actual Total Time": 593.297, "Actual Rows": 459925, "Actual Loops": 1, "Output": ["mi_idx.id", "mi_idx.movie_id", "mi_idx.info_type_id", "mi_idx.info", "mi_idx.note"], "Filter": "(mi_idx.info_type_id = 99)", "Rows Removed by Filter": 920110, "Shared Hit Blocks": 12935, "Shared Read Blocks": 12444, "Shared Dirtied Blocks": 0, "Shared Written Blocks": 0, "Local Hit Blocks": 0, "Local Read Blocks": 0, "Local Dirtied Blocks": 0, "Local Written Blocks": 0, "Temp Read Blocks": 0, "Temp Written Blocks": 0, "I/O Read Time": 69.085, "I/O Write Time": 0.0}]}]}, "Planning": {"Shared Hit Blocks": 102, "Shared Read Blocks": 26, "Shared Dirtied Blocks": 0, "Shared Written Blocks": 0, "Local Hit Blocks": 0, "Local Read Blocks": 0, "Local Dirtied Blocks": 0, "Local Written Blocks": 0, "Temp Read Blocks": 0, "Temp Written Blocks": 0, "I/O Read Time": 1.8, "I/O Write Time": 0.0}, "Planning Time": 2.688, "Triggers": [], "Execution Time": 1663.648}, "template": "scale", "query": "EXPLAIN (ANALYZE, COSTS, BUFFERS, VERBOSE, FORMAT JSON) SELECT COUNT(*) FROM title t,movie_info_idx mi_idx WHERE t.id=mi_idx.movie_id AND mi_idx.info_type_id=99;"}
{"planinfo": {"Plan": {"Node Type": "Aggregate", "Strategy": "Plain", "Partial Mode": "Simple", "Parallel Aware": false, "Startup Cost": 91491.15, "Total Cost": 91491.16, "Plan Rows": 1, "Plan Width": 8, "Actual Startup Time": 1384.039, "Actual Total Time": 1384.041, "Actual Rows": 1, "Actual Loops": 1, "Output": ["count(*)"], "Shared Hit Blocks": 0, "Shared Read Blocks": 24454, "Shared Dirtied Blocks": 0, "Shared Written Blocks": 0, "Local Hit Blocks": 0, "Local Read Blocks": 0, "Local Dirtied Blocks": 0, "Local Written Blocks": 0, "Temp Read Blocks": 0, "Temp Written Blocks": 0, "I/O Read Time": 121.075, "I/O Write Time": 0.0, "Plans": [{"Node Type": "Seq Scan", "Parent Relationship": "Outer", "Parallel Aware": false, "Relation Name": "movie_keyword", "Schema": "public", "Alias": "mk", "Startup Cost": 0.0, "Total Cost": 81003.12, "Plan Rows": 4195212, "Plan Width": 0, "Actual Startup Time": 0.191, "Actual Total Time": 964.712, "Actual Rows": 4200194, "Actual Loops": 1, "Output": ["id", "movie_id", "keyword_id"], "Filter": "(mk.keyword_id > 261)", "Rows Removed by Filter": 323736, "Shared Hit Blocks": 0, "Shared Read Blocks": 24454, "Shared Dirtied Blocks": 0, "Shared Written Blocks": 0, "Local Hit Blocks": 0, "Local Read Blocks": 0, "Local Dirtied Blocks": 0, "Local Written Blocks": 0, "Temp Read Blocks": 0, "Temp Written Blocks": 0, "I/O Read Time": 121.075, "I/O Write Time": 0.0}]}, "Planning": {"Shared Hit Blocks": 51, "Shared Read Blocks": 9, "Shared Dirtied Blocks": 0, "Shared Written Blocks": 0, "Local Hit Blocks": 0, "Local Read Blocks": 0, "Local Dirtied Blocks": 0, "Local Written Blocks": 0, "Temp Read Blocks": 0, "Temp Written Blocks": 0, "I/O Read Time": 0.623, "I/O Write Time": 0.0}, "Planning Time": 1.088, "Triggers": [], "Execution Time": 1384.081}, "template": "scale", "query": "EXPLAIN (ANALYZE, COSTS, BUFFERS, VERBOSE, FORMAT JSON) SELECT COUNT(*) FROM movie_keyword mk WHERE mk.keyword_id>261;"}
{"planinfo": {"Plan": {"Node Type": "Aggregate", "Strategy": "Plain", "Partial Mode": "Simple", "Parallel Aware": false, "Startup Cost": 1197826.27, "Total Cost": 1197826.28, "Plan Rows": 1, "Plan Width": 8, "Actual Startup Time": 35226.057, "Actual Total Time": 35226.061, "Actual Rows": 1, "Actual Loops": 1, "Output": ["count(*)"], "Shared Hit Blocks": 3, "Shared Read Blocks": 288685, "Shared Dirtied Blocks": 0, "Shared Written Blocks": 0, "Local Hit Blocks": 0, "Local Read Blocks": 0, "Local Dirtied Blocks": 0, "Local Written Blocks": 0, "Temp Read Blocks": 111878, "Temp Written Blocks": 111878, "I/O Read Time": 478.901, "I/O Write Time": 0.0, "Plans": [{"Node Type": "Hash Join", "Parent Relationship": "Outer", "Parallel Aware": false, "Join Type": "Inner", "Startup Cost": 102767.7, "Total Cost": 1107091.49, "Plan Rows": 36293912, "Plan Width": 0, "Actual Startup Time": 1302.65, "Actual Total Time": 31519.306, "Actual Rows": 36244344, "Actual Loops": 1, "Inner Unique": true, "Hash Cond": "(ci.movie_id = t.id)", "Shared Hit Blocks": 3, "Shared Read Blocks": 288685, "Shared Dirtied Blocks": 0, "Shared Written Blocks": 0, "Local Hit Blocks": 0, "Local Read Blocks": 0, "Local Dirtied Blocks": 0, "Local Written Blocks": 0, "Temp Read Blocks": 111878, "Temp Written Blocks": 111878, "I/O Read Time": 478.901, "I/O Write Time": 0.0, "Plans": [{"Node Type": "Seq Scan", "Parent Relationship": "Outer", "Parallel Aware": false, "Relation Name": "cast_info", "Schema": "public", "Alias": "ci", "Startup Cost": 0.0, "Total Cost": 615626.12, "Plan Rows": 36293912, "Plan Width": 4, "Actual Startup Time": 0.211, "Actual Total Time": 7535.975, "Actual Rows": 36244344, "Actual Loops": 1, "Output": ["ci.movie_id"], "Shared Hit Blocks": 0, "Shared Read Blocks": 252687, "Shared Dirtied Blocks": 0, "Shared Written Blocks": 0, "Local Hit Blocks": 0, "Local Read Blocks": 0, "Local Dirtied Blocks": 0, "Local Written Blocks": 0, "Temp Read Blocks": 0, "Temp Written Blocks": 0, "I/O Read Time": 419.603, "I/O Write Time": 0.0}, {"Node Type": "Hash", "Parent Relationship": "Inner", "Parallel Aware": false, "Startup Cost": 61283.2, "Total Cost": 61283.2, "Plan Rows": 2528520, "Plan Width": 4, "Actual Startup Time": 1300.846, "Actual Total Time": 1300.847, "Actual Rows": 2528312, "Actual Loops": 1, "Output": ["t.id"], "Hash Buckets": 131072, "Original Hash Buckets": 131072, "Hash Batches": 64, "Original Hash Batches": 64, "Peak Memory Usage": 2415, "Shared Hit Blocks": 0, "Shared Read Blocks": 35998, "Shared Dirtied Blocks": 0, "Shared Written Blocks": 0, "Local Hit Blocks": 0, "Local Read Blocks": 0, "Local Dirtied Blocks": 0, "Local Written Blocks": 0, "Temp Read Blocks": 0, "Temp Written Blocks": 7262, "I/O Read Time": 59.299, "I/O Write Time": 0.0, "Plans": [{"Node Type": "Seq Scan", "Parent Relationship": "Outer", "Parallel Aware": false, "Relation Name": "title", "Schema": "public", "Alias": "t", "Startup Cost": 0.0, "Total Cost": 61283.2, "Plan Rows": 2528520, "Plan Width": 4, "Actual Startup Time": 0.13, "Actual Total Time": 547.373, "Actual Rows": 2528312, "Actual Loops": 1, "Output": ["t.id"], "Shared Hit Blocks": 0, "Shared Read Blocks": 35998, "Shared Dirtied Blocks": 0, "Shared Written Blocks": 0, "Local Hit Blocks": 0, "Local Read Blocks": 0, "Local Dirtied Blocks": 0, "Local Written Blocks": 0, "Temp Read Blocks": 0, "Temp Written Blocks": 0, "I/O Read Time": 59.299, "I/O Write Time": 0.0}]}]}]}, "Planning": {"Shared Hit Blocks": 118, "Shared Read Blocks": 31, "Shared Dirtied Blocks": 0, "Shared Written Blocks": 0, "Local Hit Blocks": 0, "Local Read Blocks": 0, "Local Dirtied Blocks": 0, "Local Written Blocks": 0, "Temp Read Blocks": 0, "Temp Written Blocks": 0, "I/O Read Time": 2.283, "I/O Write Time": 0.0}, "Planning Time": 3.264, "Triggers": [], "Execution Time": 35226.22}, "template": "scale", "query": "EXPLAIN (ANALYZE, COSTS, BUFFERS, VERBOSE, FORMAT JSON) SELECT COUNT(*) FROM title t,cast_info ci WHERE t.id=ci.movie_id;"}
{"planinfo": {"Plan": {"Node Type": "Aggregate", "Strategy": "Plain", "Partial Mode": "Simple", "Parallel Aware": false, "Startup Cost": 2456.88, "Total Cost": 2456.89, "Plan Rows": 1, "Plan Width": 8, "Actual Startup Time": 6.646, "Actual Total Time": 6.647, "Actual Rows": 1, "Actual Loops": 1, "Output": ["count(*)"], "Shared Hit Blocks": 132, "Shared Read Blocks": 74, "Shared Dirtied Blocks": 0, "Shared Written Blocks": 0, "Local Hit Blocks": 0, "Local Read Blocks": 0, "Local Dirtied Blocks": 0, "Local Written Blocks": 0, "Temp Read Blocks": 0, "Temp Written Blocks": 0, "I/O Read Time": 6.032, "I/O Write Time": 0.0, "Plans": [{"Node Type": "Nested Loop", "Parent Relationship": "Outer", "Parallel Aware": false, "Join Type": "Inner", "Startup Cost": 1.3, "Total Cost": 2448.05, "Plan Rows": 3531, "Plan Width": 0, "Actual Startup Time": 0.859, "Actual Total Time": 6.558, "Actual Rows": 763, "Actual Loops": 1, "Inner Unique": false, "Shared Hit Blocks": 132, "Shared Read Blocks": 74, "Shared Dirtied Blocks": 0, "Shared Written Blocks": 0, "Local Hit Blocks": 0, "Local Read Blocks": 0, "Local Dirtied Blocks": 0, "Local Written Blocks": 0, "Temp Read Blocks": 0, "Temp Written Blocks": 0, "I/O Read Time": 6.032, "I/O Write Time": 0.0, "Plans": [{"Node Type": "Nested Loop", "Parent Relationship": "Outer", "Parallel Aware": false, "Join Type": "Inner", "Startup Cost": 0.86, "Total Cost": 2070.65, "Plan Rows": 246, "Plan Width": 8, "Actual Startup Time": 0.57, "Actual Total Time": 3.615, "Actual Rows": 14, "Actual Loops": 1, "Output": ["t.id", "mk.movie_id"], "Inner Unique": true, "Shared Hit Blocks": 21, "Shared Read Blocks": 40, "Shared Dirtied Blocks": 0, "Shared Written Blocks": 0, "Local Hit Blocks": 0, "Local Read Blocks": 0, "Local Dirtied Blocks": 0, "Local Written Blocks": 0, "Temp Read Blocks": 0, "Temp Written Blocks": 0, "I/O Read Time": 3.466, "I/O Write Time": 0.0, "Plans": [{"Node Type": "Index Scan", "Parent Relationship": "Outer", "Parallel Aware": false, "Scan Direction": "Forward", "Index Name": "keyword_id_movie_keyword", "Relation Name": "movie_keyword", "Schema": "public", "Alias": "mk", "Startup Cost": 0.43, "Total Cost": 988.56, "Plan Rows": 246, "Plan Width": 4, "Actual Startup Time": 0.382, "Actual Total Time": 1.503, "Actual Rows": 14, "Actual Loops": 1, "Output": ["mk.id", "mk.movie_id", "mk.keyword_id"], "Index Cond": "(mk.keyword_id = 33156)", "Rows Removed by Index Recheck": 0, "Shared Hit Blocks": 0, "Shared Read Blocks": 17, "Shared Dirtied Blocks": 0, "Shared Written Blocks": 0, "Local Hit Blocks": 0, "Local Read Blocks": 0, "Local Dirtied Blocks": 0, "Local Written Blocks": 0, "Temp Read Blocks": 0, "Temp Written Blocks": 0, "I/O Read Time": 1.46, "I/O Write Time": 0.0}, {"Node Type": "Index Only Scan", "Parent Relationship": "Inner", "Parallel Aware": false, "Scan Direction": "Forward", "Index Name": "title_pkey", "Relation Name": "title", "Schema": "public", "Alias": "t", "Startup Cost": 0.43, "Total Cost": 4.4, "Plan Rows": 1, "Plan Width": 4, "Actual Startup Time": 0.15, "Actual Total Time": 0.15, "Actual Rows": 1, "Actual Loops": 14, "Output": ["t.id"], "Index Cond": "(t.id = mk.movie_id)", "Rows Removed by Index Recheck": 0, "Heap Fetches": 0, "Shared Hit Blocks": 21, "Shared Read Blocks": 23, "Shared Dirtied Blocks": 0, "Shared Written Blocks": 0, "Local Hit Blocks": 0, "Local Read Blocks": 0, "Local Dirtied Blocks": 0, "Local Written Blocks": 0, "Temp Read Blocks": 0, "Temp Written Blocks": 0, "I/O Read Time": 2.006, "I/O Write Time": 0.0}]}, {"Node Type": "Index Only Scan", "Parent Relationship": "Inner", "Parallel Aware": false, "Scan Direction": "Forward", "Index Name": "movie_id_cast_info", "Relation Name": "cast_info", "Schema": "public", "Alias": "ci", "Startup Cost": 0.44, "Total Cost": 1.16, "Plan Rows": 37, "Plan Width": 4, "Actual Startup Time": 0.19, "Actual Total Time": 0.202, "Actual Rows": 54, "Actual Loops": 14, "Output": ["ci.movie_id"], "Index Cond": "(ci.movie_id = t.id)", "Rows Removed by Index Recheck": 0, "Heap Fetches": 0, "Shared Hit Blocks": 111, "Shared Read Blocks": 34, "Shared Dirtied Blocks": 0, "Shared Written Blocks": 0, "Local Hit Blocks": 0, "Local Read Blocks": 0, "Local Dirtied Blocks": 0, "Local Written Blocks": 0, "Temp Read Blocks": 0, "Temp Written Blocks": 0, "I/O Read Time": 2.566, "I/O Write Time": 0.0}]}]}, "Planning": {"Shared Hit Blocks": 202, "Shared Read Blocks": 41, "Shared Dirtied Blocks": 0, "Shared Written Blocks": 0, "Local Hit Blocks": 0, "Local Read Blocks": 0, "Local Dirtied Blocks": 0, "Local Written Blocks": 0, "Temp Read Blocks": 0, "Temp Written Blocks": 0, "I/O Read Time": 3.095, "I/O Write Time": 0.0}, "Planning Time": 4.74, "Triggers": [], "Execution Time": 6.736}, "template": "scale", "query": "EXPLAIN (ANALYZE, COSTS, BUFFERS, VERBOSE, FORMAT JSON) SELECT COUNT(*) FROM title t,cast_info ci,movie_keyword mk WHERE t.id=ci.movie_id AND t.id=mk.movie_id AND mk.keyword_id=33156;"}
{"planinfo": {"Plan": {"Node Type": "Aggregate", "Strategy": "Plain", "Partial Mode": "Simple", "Parallel Aware": false, "Startup Cost": 247578.09, "Total Cost": 247578.1, "Plan Rows": 1, "Plan Width": 8, "Actual Startup Time": 5764.005, "Actual Total Time": 5764.008, "Actual Rows": 1, "Actual Loops": 1, "Output": ["count(*)"], "Shared Hit Blocks": 3, "Shared Read Blocks": 60452, "Shared Dirtied Blocks": 0, "Shared Written Blocks": 0, "Local Hit Blocks": 0, "Local Read Blocks": 0, "Local Dirtied Blocks": 0, "Local Written Blocks": 0, "Temp Read Blocks": 19375, "Temp Written Blocks": 19375, "I/O Read Time": 185.763, "I/O Write Time": 0.0, "Plans": [{"Node Type": "Hash Join", "Parent Relationship": "Outer", "Parallel Aware": false, "Join Type": "Inner", "Startup Cost": 102767.7, "Total Cost": 237157.0, "Plan Rows": 4168438, "Plan Width": 0, "Actual Startup Time": 1294.453, "Actual Total Time": 5342.111, "Actual Rows": 4169130, "Actual Loops": 1, "Inner Unique": true, "Hash Cond": "(mk.movie_id = t.id)", "Shared Hit Blocks": 3, "Shared Read Blocks": 60452, "Shared Dirtied Blocks": 0, "Shared Written Blocks": 0, "Local Hit Blocks": 0, "Local Read Blocks": 0, "Local Dirtied Blocks": 0, "Local Written Blocks": 0, "Temp Read Blocks": 19375, "Temp Written Blocks": 19375, "I/O Read Time": 185.763, "I/O Write Time": 0.0, "Plans": [{"Node Type": "Seq Scan", "Parent Relationship": "Outer", "Parallel Aware": false, "Relation Name": "movie_keyword", "Schema": "public", "Alias": "mk", "Startup Cost": 0.0, "Total Cost": 81003.12, "Plan Rows": 4168438, "Plan Width": 4, "Actual Startup Time": 0.18, "Actual Total Time": 1177.001, "Actual Rows": 4169130, "Actual Loops": 1, "Output": ["mk.movie_id"], "Filter": "(mk.keyword_id > 315)", "Rows Removed by Filter": 354800, "Shared Hit Blocks": 0, "Shared Read Blocks": 24454, "Shared Dirtied Blocks": 0, "Shared Written Blocks": 0, "Local Hit Blocks": 0, "Local Read Blocks": 0, "Local Dirtied Blocks": 0, "Local Written Blocks": 0, "Temp Read Blocks": 0, "Temp Written Blocks": 0, "I/O Read Time": 125.495, "I/O Write Time": 0.0}, {"Node Type": "Hash", "Parent Relationship": "Inner", "Parallel Aware": false, "Startup Cost": 61283.2, "Total Cost": 61283.2, "Plan Rows": 2528520, "Plan Width": 4, "Actual Startup Time": 1293.515, "Actual Total Time": 1293.516, "Actual Rows": 2528312, "Actual Loops": 1, "Output": ["t.id"], "Hash Buckets": 131072, "Original Hash Buckets": 131072, "Hash Batches": 64, "Original Hash Batches": 64, "Peak Memory Usage": 2415, "Shared Hit Blocks": 0, "Shared Read Blocks": 35998, "Shared Dirtied Blocks": 0, "Shared Written Blocks": 0, "Local Hit Blocks": 0, "Local Read Blocks": 0, "Local Dirtied Blocks": 0, "Local Written Blocks": 0, "Temp Read Blocks": 0, "Temp Written Blocks": 7262, "I/O Read Time": 60.268, "I/O Write Time": 0.0, "Plans": [{"Node Type": "Seq Scan", "Parent Relationship": "Outer", "Parallel Aware": false, "Relation Name": "title", "Schema": "public", "Alias": "t", "Startup Cost": 0.0, "Total Cost": 61283.2, "Plan Rows": 2528520, "Plan Width": 4, "Actual Startup Time": 0.132, "Actual Total Time": 555.549, "Actual Rows": 2528312, "Actual Loops": 1, "Output": ["t.id"], "Shared Hit Blocks": 0, "Shared Read Blocks": 35998, "Shared Dirtied Blocks": 0, "Shared Written Blocks": 0, "Local Hit Blocks": 0, "Local Read Blocks": 0, "Local Dirtied Blocks": 0, "Local Written Blocks": 0, "Temp Read Blocks": 0, "Temp Written Blocks": 0, "I/O Read Time": 60.268, "I/O Write Time": 0.0}]}]}]}, "Planning": {"Shared Hit Blocks": 105, "Shared Read Blocks": 25, "Shared Dirtied Blocks": 0, "Shared Written Blocks": 0, "Local Hit Blocks": 0, "Local Read Blocks": 0, "Local Dirtied Blocks": 0, "Local Written Blocks": 0, "Temp Read Blocks": 0, "Temp Written Blocks": 0, "I/O Read Time": 1.705, "I/O Write Time": 0.0}, "Planning Time": 2.586, "Triggers": [], "Execution Time": 5764.158}, "template": "scale", "query": "EXPLAIN (ANALYZE, COSTS, BUFFERS, VERBOSE, FORMAT JSON) SELECT COUNT(*) FROM title t,movie_keyword mk WHERE t.id=mk.movie_id AND mk.keyword_id>315;"}
{"planinfo": {"Plan": {"Node Type": "Aggregate", "Strategy": "Plain", "Partial Mode": "Simple", "Parallel Aware": false, "Startup Cost": 130668.7, "Total Cost": 130668.71, "Plan Rows": 1, "Plan Width": 8, "Actual Startup Time": 6518.528, "Actual Total Time": 6518.531, "Actual Rows": 1, "Actual Loops": 1, "Output": ["count(*)"], "Shared Hit Blocks": 168462, "Shared Read Blocks": 98188, "Shared Dirtied Blocks": 0, "Shared Written Blocks": 0, "Local Hit Blocks": 0, "Local Read Blocks": 0, "Local Dirtied Blocks": 0, "Local Written Blocks": 0, "Temp Read Blocks": 0, "Temp Written Blocks": 0, "I/O Read Time": 5340.82, "I/O Write Time": 0.0, "Plans": [{"Node Type": "Nested Loop", "Parent Relationship": "Outer", "Parallel Aware": false, "Join Type": "Inner", "Startup Cost": 74261.7, "Total Cost": 130602.96, "Plan Rows": 26296, "Plan Width": 0, "Actual Startup Time": 536.777, "Actual Total Time": 6513.853, "Actual Rows": 25626, "Actual Loops": 1, "Inner Unique": false, "Join Filter": "(t.id = ci.movie_id)", "Rows Removed by Join Filter": 0, "Shared Hit Blocks": 168462, "Shared Read Blocks": 98188, "Shared Dirtied Blocks": 0, "Shared Written Blocks": 0, "Local Hit Blocks": 0, "Local Read Blocks": 0, "Local Dirtied Blocks": 0, "Local Written Blocks": 0, "Temp Read Blocks": 0, "Temp Written Blocks": 0, "I/O Read Time": 5340.82, "I/O Write Time": 0.0, "Plans": [{"Node Type": "Hash Join", "Parent Relationship": "Outer", "Parallel Aware": false, "Join Type": "Inner", "Startup Cost": 74261.26, "Total Cost": 99619.22, "Plan Rows": 14647, "Plan Width": 8, "Actual Startup Time": 534.574, "Actual Total Time": 1015.717, "Actual Rows": 6543, "Actual Loops": 1, "Output": ["t.id", "mi_idx.movie_id"], "Inner Unique": true, "Hash Cond": "(mi_idx.movie_id = t.id)", "Shared Hit Blocks": 3, "Shared Read Blocks": 43933, "Shared Dirtied Blocks": 0, "Shared Written Blocks": 0, "Local Hit Blocks": 0, "Local Read Blocks": 0, "Local Dirtied Blocks": 0, "Local Written Blocks": 0, "Temp Read Blocks": 0, "Temp Written Blocks": 0, "I/O Read Time": 109.606, "I/O Write Time": 0.0, "Plans": [{"Node Type": "Seq Scan", "Parent Relationship": "Outer", "Parallel Aware": false, "Relation Name": "movie_info_idx", "Schema": "public", "Alias": "mi_idx", "Startup Cost": 0.0, "Total Cost": 21735.35, "Plan Rows": 1380035, "Plan Width": 4, "Actual Startup Time": 0.123, "Actual Total Time": 188.51, "Actual Rows": 1380035, "Actual Loops": 1, "Output": ["mi_idx.id", "mi_idx.movie_id", "mi_idx.info_type_id", "mi_idx.info", "mi_idx.note"], "Shared Hit Blocks": 0, "Shared Read Blocks": 7935, "Shared Dirtied Blocks": 0, "Shared Written Blocks": 0, "Local Hit Blocks": 0, "Local Read Blocks": 0, "Local Dirtied Blocks": 0, "Local Written Blocks": 0, "Temp Read Blocks": 0, "Temp Written Blocks": 0, "I/O Read Time": 42.414, "I/O Write Time": 0.0}, {"Node Type": "Hash", "Parent Relationship": "Inner", "Parallel Aware": false, "Startup Cost": 73925.8, "Total Cost": 73925.8, "Plan Rows": 26837, "Plan Width": 4, "Actual Startup Time": 533.584, "Actual Total Time": 533.585, "Actual Rows": 27085, "Actual Loops": 1, "Output": ["t.id"], "Hash Buckets": 32768, "Original Hash Buckets": 32768, "Hash Batches": 1, "Original Hash Batches": 1, "Peak Memory Usage": 1209, "Shared Hit Blocks": 0, "Shared Read Blocks": 35998, "Shared Dirtied Blocks": 0, "Shared Written Blocks": 0, "Local Hit Blocks": 0, "Local Read Blocks": 0, "Local Dirtied Blocks": 0, "Local Written Blocks": 0, "Temp Read Blocks": 0, "Temp Written Blocks": 0, "I/O Read Time": 67.192, "I/O Write Time": 0.0, "Plans": [{"Node Type": "Seq Scan", "Parent Relationship": "Outer", "Parallel Aware": false, "Relation Name": "title", "Schema": "public", "Alias": "t", "Startup Cost": 0.0, "Total Cost": 73925.8, "Plan Rows": 26837, "Plan Width": 4, "Actual Startup Time": 0.403, "Actual Total Time": 523.087, "Actual Rows": 27085, "Actual Loops": 1, "Output": ["t.id"], "Filter": "((t.kind_id < 7) AND (t.production_year > 2012))", "Rows Removed by Filter": 2501227, "Shared Hit Blocks": 0, "Shared Read Blocks": 35998, "Shared Dirtied Blocks": 0, "Shared Written Blocks": 0, "Local Hit Blocks": 0, "Local Read Blocks": 0, "Local Dirtied Blocks": 0, "Local Written Blocks": 0, "Temp Read Blocks": 0, "Temp Written Blocks": 0, "I/O Read Time": 67.192, "I/O Write Time": 0.0}]}]}, {"Node Type": "Index Scan", "Parent Relationship": "Inner", "Parallel Aware": false, "Scan Direction": "Forward", "Index Name": "movie_id_cast_info", "Relation Name": "cast_info", "Schema": "public", "Alias": "ci", "Startup Cost": 0.44, "Total Cost": 2.05, "Plan Rows": 5, "Plan Width": 4, "Actual Startup Time": 0.137, "Actual Total Time": 0.838, "Actual Rows": 4, "Actual Loops": 6543, "Output": ["ci.id", "ci.person_id", "ci.movie_id", "ci.person_role_id", "ci.note", "ci.nr_order", "ci.role_id"], "Index Cond": "(ci.movie_id = mi_idx.movie_id)", "Rows Removed by Index Recheck": 0, "Filter": "(ci.person_id < 441861)", "Rows Removed by Filter": 28, "Shared Hit Blocks": 168459, "Shared Read Blocks": 54255, "Shared Dirtied Blocks": 0, "Shared Written Blocks": 0, "Local Hit Blocks": 0, "Local Read Blocks": 0, "Local Dirtied Blocks": 0, "Local Written Blocks": 0, "Temp Read Blocks": 0, "Temp Written Blocks": 0, "I/O Read Time": 5231.215, "I/O Write Time": 0.0}]}]}, "Planning": {"Shared Hit Blocks": 209, "Shared Read Blocks": 41, "Shared Dirtied Blocks": 0, "Shared Written Blocks": 0, "Local Hit Blocks": 0, "Local Read Blocks": 0, "Local Dirtied Blocks": 0, "Local Written Blocks": 0, "Temp Read Blocks": 0, "Temp Written Blocks": 0, "I/O Read Time": 3.084, "I/O Write Time": 0.0}, "Planning Time": 4.793, "Triggers": [], "Execution Time": 6518.737}, "template": "scale", "query": "EXPLAIN (ANALYZE, COSTS, BUFFERS, VERBOSE, FORMAT JSON) SELECT COUNT(*) FROM title t,cast_info ci,movie_info_idx mi_idx WHERE t.id=ci.movie_id AND t.id=mi_idx.movie_id AND t.kind_id<7 AND t.production_year>2012 AND ci.person_id<441861;"}
{"planinfo": {"Plan": {"Node Type": "Aggregate", "Strategy": "Plain", "Partial Mode": "Simple", "Parallel Aware": false, "Startup Cost": 469787.01, "Total Cost": 469787.02, "Plan Rows": 1, "Plan Width": 8, "Actual Startup Time": 5628.876, "Actual Total Time": 5628.88, "Actual Rows": 1, "Actual Loops": 1, "Output": ["count(*)"], "Shared Hit Blocks": 3, "Shared Read Blocks": 197991, "Shared Dirtied Blocks": 0, "Shared Written Blocks": 0, "Local Hit Blocks": 0, "Local Read Blocks": 0, "Local Dirtied Blocks": 0, "Local Written Blocks": 0, "Temp Read Blocks": 11060, "Temp Written Blocks": 11060, "I/O Read Time": 346.067, "I/O Write Time": 0.0, "Plans": [{"Node Type": "Hash Join", "Parent Relationship": "Outer", "Parallel Aware": false, "Join Type": "Inner", "Startup Cost": 84096.14, "Total Cost": 466784.16, "Plan Rows": 1201140, "Plan Width": 0, "Actual Startup Time": 1589.149, "Actual Total Time": 5484.804, "Actual Rows": 1394915, "Actual Loops": 1, "Inner Unique": true, "Hash Cond": "(mi.movie_id = t.id)", "Shared Hit Blocks": 3, "Shared Read Blocks": 197991, "Shared Dirtied Blocks": 0, "Shared Written Blocks": 0, "Local Hit Blocks": 0, "Local Read Blocks": 0, "Local Dirtied Blocks": 0, "Local Written Blocks": 0, "Temp Read Blocks": 11060, "Temp Written Blocks": 11060, "I/O Read Time": 346.067, "I/O Write Time": 0.0, "Plans": [{"Node Type": "Seq Scan", "Parent Relationship": "Outer", "Parallel Aware": false, "Relation Name": "movie_info", "Schema": "public", "Alias": "mi", "Startup Cost": 0.0, "Total Cost": 347223.62, "Plan Rows": 3021482, "Plan Width": 4, "Actual Startup Time": 717.634, "Actual Total Time": 2890.988, "Actual Rows": 3036719, "Actual Loops": 1, "Output": ["mi.movie_id"], "Filter": "(mi.info_type_id = 16)", "Rows Removed by Filter": 11799001, "Shared Hit Blocks": 0, "Shared Read Blocks": 161993, "Shared Dirtied Blocks": 0, "Shared Written Blocks": 0, "Local Hit Blocks": 0, "Local Read Blocks": 0, "Local Dirtied Blocks": 0, "Local Written Blocks": 0, "Temp Read Blocks": 0, "Temp Written Blocks": 0, "I/O Read Time": 284.784, "I/O Write Time": 0.0}, {"Node Type": "Hash", "Parent Relationship": "Inner", "Parallel Aware": false, "Startup Cost": 67604.5, "Total Cost": 67604.5, "Plan Rows": 1005171, "Plan Width": 4, "Actual Startup Time": 870.173, "Actual Total Time": 870.174, "Actual Rows": 985048, "Actual Loops": 1, "Output": ["t.id"], "Hash Buckets": 131072, "Original Hash Buckets": 131072, "Hash Batches": 16, "Original Hash Batches": 16, "Peak Memory Usage": 3188, "Shared Hit Blocks": 0, "Shared Read Blocks": 35998, "Shared Dirtied Blocks": 0, "Shared Written Blocks": 0, "Local Hit Blocks": 0, "Local Read Blocks": 0, "Local Dirtied Blocks": 0, "Local Written Blocks": 0, "Temp Read Blocks": 0, "Temp Written Blocks": 2699, "I/O Read Time": 61.284, "I/O Write Time": 0.0, "Plans": [{"Node Type": "Seq Scan", "Parent Relationship": "Outer", "Parallel Aware": false, "Relation Name": "title", "Schema": "public", "Alias": "t", "Startup Cost": 0.0, "Total Cost": 67604.5, "Plan Rows": 1005171, "Plan Width": 4, "Actual Startup Time": 0.243, "Actual Total Time": 568.459, "Actual Rows": 985048, "Actual Loops": 1, "Output": ["t.id"], "Filter": "(t.kind_id < 7)", "Rows Removed by Filter": 1543264, "Shared Hit Blocks": 0, "Shared Read Blocks": 35998, "Shared Dirtied Blocks": 0, "Shared Written Blocks": 0, "Local Hit Blocks": 0, "Local Read Blocks": 0, "Local Dirtied Blocks": 0, "Local Written Blocks": 0, "Temp Read Blocks": 0, "Temp Written Blocks": 0, "I/O Read Time": 61.284, "I/O Write Time": 0.0}]}]}]}, "Planning": {"Shared Hit Blocks": 102, "Shared Read Blocks": 29, "Shared Dirtied Blocks": 0, "Shared Written Blocks": 0, "Local Hit Blocks": 0, "Local Read Blocks": 0, "Local Dirtied Blocks": 0, "Local Written Blocks": 0, "Temp Read Blocks": 0, "Temp Written Blocks": 0, "I/O Read Time": 2.149, "I/O Write Time": 0.0}, "Planning Time": 3.21, "Triggers": [], "Execution Time": 5629.077}, "template": "scale", "query": "EXPLAIN (ANALYZE, COSTS, BUFFERS, VERBOSE, FORMAT JSON) SELECT COUNT(*) FROM title t,movie_info mi WHERE t.id=mi.movie_id AND t.kind_id<7 AND mi.info_type_id=16;"}
{"planinfo": {"Plan": {"Node Type": "Aggregate", "Strategy": "Plain", "Partial Mode": "Simple", "Parallel Aware": false, "Startup Cost": 2665.48, "Total Cost": 2665.49, "Plan Rows": 1, "Plan Width": 8, "Actual Startup Time": 96.785, "Actual Total Time": 96.786, "Actual Rows": 1, "Actual Loops": 1, "Output": ["count(*)"], "Shared Hit Blocks": 7504, "Shared Read Blocks": 620, "Shared Dirtied Blocks": 0, "Shared Written Blocks": 0, "Local Hit Blocks": 0, "Local Read Blocks": 0, "Local Dirtied Blocks": 0, "Local Written Blocks": 0, "Temp Read Blocks": 0, "Temp Written Blocks": 0, "I/O Read Time": 61.394, "I/O Write Time": 0.0, "Plans": [{"Node Type": "Nested Loop", "Parent Relationship": "Outer", "Parallel Aware": false, "Join Type": "Inner", "Startup Cost": 1.73, "Total Cost": 2662.99, "Plan Rows": 996, "Plan Width": 0, "Actual Startup Time": 2.139, "Actual Total Time": 90.935, "Actual Rows": 45071, "Actual Loops": 1, "Inner Unique": false, "Shared Hit Blocks": 7504, "Shared Read Blocks": 620, "Shared Dirtied Blocks": 0, "Shared Written Blocks": 0, "Local Hit Blocks": 0, "Local Read Blocks": 0, "Local Dirtied Blocks": 0, "Local Written Blocks": 0, "Temp Read Blocks": 0, "Temp Written Blocks": 0, "I/O Read Time": 61.394, "I/O Write Time": 0.0, "Plans": [{"Node Type": "Nested Loop", "Parent Relationship": "Outer", "Parallel Aware": false, "Join Type": "Inner", "Startup Cost": 1.29, "Total Cost": 2212.83, "Plan Rows": 254, "Plan Width": 12, "Actual Startup Time": 1.655, "Actual Total Time": 11.394, "Actual Rows": 338, "Actual Loops": 1, "Output": ["t.id", "mc.movie_id", "mk.movie_id"], "Inner Unique": false, "Shared Hit Blocks": 93, "Shared Read Blocks": 109, "Shared Dirtied Blocks": 0, "Shared Written Blocks": 0, "Local Hit Blocks": 0, "Local Read Blocks": 0, "Local Dirtied Blocks": 0, "Local Written Blocks": 0, "Temp Read Blocks": 0, "Temp Written Blocks": 0, "I/O Read Time": 10.727, "I/O Write Time": 0.0, "Plans": [{"Node Type": "Nested Loop", "Parent Relationship": "Outer", "Parallel Aware": false, "Join Type": "Inner", "Startup Cost": 0.86, "Total Cost": 2070.65, "Plan Rows": 246, "Plan Width": 8, "Actual Startup Time": 0.613, "Actual Total Time": 7.196, "Actual Rows": 28, "Actual Loops": 1, "Output": ["t.id", "mk.movie_id"], "Inner Unique": true, "Shared Hit Blocks": 47, "Shared Read Blocks": 70, "Shared Dirtied Blocks": 0, "Shared Written Blocks": 0, "Local Hit Blocks": 0, "Local Read Blocks": 0, "Local Dirtied Blocks": 0, "Local Written Blocks": 0, "Temp Read Blocks": 0, "Temp Written Blocks": 0, "I/O Read Time": 6.884, "I/O Write Time": 0.0, "Plans": [{"Node Type": "Index Scan", "Parent Relationship": "Outer", "Parallel Aware": false, "Scan Direction": "Forward", "Index Name": "keyword_id_movie_keyword", "Relation Name": "movie_keyword", "Schema": "public", "Alias": "mk", "Startup Cost": 0.43, "Total Cost": 988.56, "Plan Rows": 246, "Plan Width": 4, "Actual Startup Time": 0.399, "Actual Total Time": 3.133, "Actual Rows": 28, "Actual Loops": 1, "Output": ["mk.id", "mk.movie_id", "mk.keyword_id"], "Index Cond": "(mk.keyword_id = 51157)", "Rows Removed by Index Recheck": 0, "Shared Hit Blocks": 0, "Shared Read Blocks": 31, "Shared Dirtied Blocks": 0, "Shared Written Blocks": 0, "Local Hit Blocks": 0, "Local Read Blocks": 0, "Local Dirtied Blocks": 0, "Local Written Blocks": 0, "Temp Read Blocks": 0, "Temp Written Blocks": 0, "I/O Read Time": 3.056, "I/O Write Time": 0.0}, {"Node Type": "Index Only Scan", "Parent Relationship": "Inner", "Parallel Aware": false, "Scan Direction": "Forward", "Index Name": "title_pkey", "Relation Name": "title", "Schema": "public", "Alias": "t", "Startup Cost": 0.43, "Total Cost": 4.4, "Plan Rows": 1, "Plan Width": 4, "Actual Startup Time": 0.144, "Actual Total Time": 0.144, "Actual Rows": 1, "Actual Loops": 28, "Output": ["t.id"], "Index Cond": "(t.id = mk.movie_id)", "Rows Removed by Index Recheck": 0, "Heap Fetches": 0, "Shared Hit Blocks": 47, "Shared Read Blocks": 39, "Shared Dirtied Blocks": 0, "Shared Written Blocks": 0, "Local Hit Blocks": 0, "Local Read Blocks": 0, "Local Dirtied Blocks": 0, "Local Written Blocks": 0, "Temp Read Blocks": 0, "Temp Written Blocks": 0, "I/O Read Time": 3.828, "I/O Write Time": 0.0}]}, {"Node Type": "Index Only Scan", "Parent Relationship": "Inner", "Parallel Aware": false, "Scan Direction": "Forward", "Index Name": "movie_id_movie_companies", "Relation Name": "movie_companies", "Schema": "public", "Alias": "mc", "Startup Cost": 0.43, "Total Cost": 0.53, "Plan Rows": 5, "Plan Width": 4, "Actual Startup Time": 0.144, "Actual Total Time": 0.147, "Actual Rows": 12, "Actual Loops": 28, "Output": ["mc.movie_id"], "Index Cond": "(mc.movie_id = t.id)", "Rows Removed by Index Recheck": 0, "Heap Fetches": 0, "Shared Hit Blocks": 46, "Shared Read Blocks": 39, "Shared Dirtied Blocks": 0, "Shared Written Blocks": 0, "Local Hit Blocks": 0, "Local Read Blocks": 0, "Local Dirtied Blocks": 0, "Local Written Blocks": 0, "Temp Read Blocks": 0, "Temp Written Blocks": 0, "I/O Read Time": 3.844, "I/O Write Time": 0.0}]}, {"Node Type": "Index Scan", "Parent Relationship": "Inner", "Parallel Aware": false, "Scan Direction": "Forward", "Index Name": "movie_id_movie_info", "Relation Name": "movie_info", "Schema": "public", "Alias": "mi", "Startup Cost": 0.43, "Total Cost": 1.51, "Plan Rows": 26, "Plan Width": 4, "Actual Startup Time": 0.038, "Actual Total Time": 0.217, "Actual Rows": 133, "Actual Loops": 338, "Output": ["mi.id", "mi.movie_id", "mi.info_type_id", "mi.info", "mi.note"], "Index Cond": "(mi.movie_id = t.id)", "Rows Removed by Index Recheck": 0, "Filter": "(mi.info_type_id > 4)", "Rows Removed by Filter": 6, "Shared Hit Blocks": 7411, "Shared Read Blocks": 511, "Shared Dirtied Blocks": 0, "Shared Written Blocks": 0, "Local Hit Blocks": 0, "Local Read Blocks": 0, "Local Dirtied Blocks": 0, "Local Written Blocks": 0, "Temp Read Blocks": 0, "Temp Written Blocks": 0, "I/O Read Time": 50.666, "I/O Write Time": 0.0}]}]}, "Planning": {"Shared Hit Blocks": 314, "Shared Read Blocks": 51, "Shared Dirtied Blocks": 0, "Shared Written Blocks": 0, "Local Hit Blocks": 0, "Local Read Blocks": 0, "Local Dirtied Blocks": 0, "Local Written Blocks": 0, "Temp Read Blocks": 0, "Temp Written Blocks": 0, "I/O Read Time": 3.903, "I/O Write Time": 0.0}, "Planning Time": 6.908, "Triggers": [], "Execution Time": 96.909}, "template": "scale", "query": "EXPLAIN (ANALYZE, COSTS, BUFFERS, VERBOSE, FORMAT JSON) SELECT COUNT(*) FROM title t,movie_companies mc,movie_info mi,movie_keyword mk WHERE t.id=mc.movie_id AND t.id=mi.movie_id AND t.id=mk.movie_id AND mi.info_type_id>4 AND mk.keyword_id=51157;"}
{"planinfo": {"Plan": {"Node Type": "Aggregate", "Strategy": "Plain", "Partial Mode": "Simple", "Parallel Aware": false, "Startup Cost": 550102.77, "Total Cost": 550102.78, "Plan Rows": 1, "Plan Width": 8, "Actual Startup Time": 27310.218, "Actual Total Time": 27310.224, "Actual Rows": 1, "Actual Loops": 1, "Output": ["count(*)"], "Shared Hit Blocks": 34085, "Shared Read Blocks": 57661, "Shared Dirtied Blocks": 0, "Shared Written Blocks": 0, "Local Hit Blocks": 0, "Local Read Blocks": 0, "Local Dirtied Blocks": 0, "Local Written Blocks": 0, "Temp Read Blocks": 74771, "Temp Written Blocks": 74771, "I/O Read Time": 393.7, "I/O Write Time": 0.0, "Plans": [{"Node Type": "Hash Join", "Parent Relationship": "Outer", "Parallel Aware": false, "Join Type": "Inner", "Startup Cost": 321075.22, "Total Cost": 540037.51, "Plan Rows": 4026107, "Plan Width": 0, "Actual Startup Time": 9551.881, "Actual Total Time": 23019.255, "Actual Rows": 43343044, "Actual Loops": 1, "Inner Unique": false, "Hash Cond": "(ci.movie_id = t.id)", "Shared Hit Blocks": 34085, "Shared Read Blocks": 57661, "Shared Dirtied Blocks": 0, "Shared Written Blocks": 0, "Local Hit Blocks": 0, "Local Read Blocks": 0, "Local Dirtied Blocks": 0, "Local Written Blocks": 0, "Temp Read Blocks": 74771, "Temp Written Blocks": 74771, "I/O Read Time": 393.7, "I/O Write Time": 0.0, "Plans": [{"Node Type": "Index Scan", "Parent Relationship": "Outer", "Parallel Aware": false, "Scan Direction": "Forward", "Index Name": "role_id_cast_info", "Relation Name": "cast_info", "Schema": "public", "Alias": "ci", "Startup Cost": 0.44, "Total Cost": 113817.73, "Plan Rows": 4122988, "Plan Width": 4, "Actual Startup Time": 0.488, "Actual Total Time": 1662.427, "Actual Rows": 4008037, "Actual Loops": 1, "Output": ["ci.movie_id"], "Index Cond": "(ci.role_id = 3)", "Rows Removed by Index Recheck": 0, "Shared Hit Blocks": 0, "Shared Read Blocks": 35536, "Shared Dirtied Blocks": 0, "Shared Written Blocks": 0, "Local Hit Blocks": 0, "Local Read Blocks": 0, "Local Dirtied Blocks": 0, "Local Written Blocks": 0, "Temp Read Blocks": 0, "Temp Written Blocks": 0, "I/O Read Time": 182.653, "I/O Write Time": 0.0}, {"Node Type": "Hash", "Parent Relationship": "Inner", "Parallel Aware": false, "Startup Cost": 278153.96, "Total Cost": 278153.96, "Plan Rows": 2469105, "Plan Width": 12, "Actual Startup Time": 9533.856, "Actual Total Time": 9533.859, "Actual Rows": 10424626, "Actual Loops": 1, "Output": ["t.id", "mi_idx.movie_id", "mk.movie_id"], "Hash Buckets": 131072, "Original Hash Buckets": 131072, "Hash Batches": 256, "Original Hash Batches": 64, "Peak Memory Usage": 3073, "Shared Hit Blocks": 34082, "Shared Read Blocks": 22125, "Shared Dirtied Blocks": 0, "Shared Written Blocks": 0, "Local Hit Blocks": 0, "Local Read Blocks": 0, "Local Dirtied Blocks": 0, "Local Written Blocks": 0, "Temp Read Blocks": 0, "Temp Written Blocks": 40427, "I/O Read Time": 211.046, "I/O Write Time": 0.0, "Plans": [{"Node Type": "Merge Join", "Parent Relationship": "Outer", "Parallel Aware": false, "Join Type": "Inner", "Startup Cost": 25.85, "Total Cost": 278153.96, "Plan Rows": 2469105, "Plan Width": 12, "Actual Startup Time": 0.074, "Actual Total Time": 5773.339, "Actual Rows": 10424626, "Actual Loops": 1, "Output": ["t.id", "mi_idx.movie_id", "mk.movie_id"], "Inner Unique": false, "Merge Cond": "(t.id = mk.movie_id)", "Shared Hit Blocks": 34082, "Shared Read Blocks": 22125, "Shared Dirtied Blocks": 0, "Shared Written Blocks": 0, "Local Hit Blocks": 0, "Local Read Blocks": 0, "Local Dirtied Blocks": 0, "Local Written Blocks": 0, "Temp Read Blocks": 0, "Temp Written Blocks": 0, "I/O Read Time": 211.046, "I/O Write Time": 0.0, "Plans": [{"Node Type": "Merge Join", "Parent Relationship": "Outer", "Parallel Aware": false, "Join Type": "Inner", "Startup Cost": 9.94, "Total Cost": 136246.74, "Plan Rows": 1380035, "Plan Width": 8, "Actual Startup Time": 0.044, "Actual Total Time": 1422.192, "Actual Rows": 1380035, "Actual Loops": 1, "Output": ["t.id", "mi_idx.movie_id"], "Inner Unique": false, "Merge Cond": "(t.id = mi_idx.movie_id)", "Shared Hit Blocks": 23446, "Shared Read Blocks": 13472, "Shared Dirtied Blocks": 0, "Shared Written Blocks": 0, "Local Hit Blocks": 0, "Local Read Blocks": 0, "Local Dirtied Blocks": 0, "Local Written Blocks": 0, "Temp Read Blocks": 0, "Temp Written Blocks": 0, "I/O Read Time": 162.611, "I/O Write Time": 0.0, "Plans": [{"Node Type": "Index Only Scan", "Parent Relationship": "Outer", "Parallel Aware": false, "Scan Direction": "Forward", "Index Name": "title_pkey", "Relation Name": "title", "Schema": "public", "Alias": "t", "Startup Cost": 0.43, "Total Cost": 73940.23, "Plan Rows": 2528520, "Plan Width": 4, "Actual Startup Time": 0.017, "Actual Total Time": 551.257, "Actual Rows": 2525794, "Actual Loops": 1, "Output": ["t.id"], "Heap Fetches": 0, "Shared Hit Blocks": 23441, "Shared Read Blocks": 8963, "Shared Dirtied Blocks": 0, "Shared Written Blocks": 0, "Local Hit Blocks": 0, "Local Read Blocks": 0, "Local Dirtied Blocks": 0, "Local Written Blocks": 0, "Temp Read Blocks": 0, "Temp Written Blocks": 0, "I/O Read Time": 137.131, "I/O Write Time": 0.0}, {"Node Type": "Index Only Scan", "Parent Relationship": "Inner", "Parallel Aware": false, "Scan Direction": "Forward", "Index Name": "movie_id_movie_info_idx", "Relation Name": "movie_info_idx", "Schema": "public", "Alias": "mi_idx", "Startup Cost": 0.43, "Total Cost": 38816.95, "Plan Rows": 1380035, "Plan Width": 4, "Actual Startup Time": 0.023, "Actual Total Time": 262.833, "Actual Rows": 1380035, "Actual Loops": 1, "Output": ["mi_idx.movie_id"], "Heap Fetches": 0, "Shared Hit Blocks": 5, "Shared Read Blocks": 4509, "Shared Dirtied Blocks": 0, "Shared Written Blocks": 0, "Local Hit Blocks": 0, "Local Read Blocks": 0, "Local Dirtied Blocks": 0, "Local Written Blocks": 0, "Temp Read Blocks": 0, "Temp Written Blocks": 0, "I/O Read Time": 25.481, "I/O Write Time": 0.0}]}, {"Node Type": "Index Only Scan", "Parent Relationship": "Inner", "Parallel Aware": false, "Scan Direction": "Forward", "Index Name": "movie_id_movie_keyword", "Relation Name": "movie_keyword", "Schema": "public", "Alias": "mk", "Startup Cost": 0.43, "Total Cost": 102607.38, "Plan Rows": 4523930, "Plan Width": 4, "Actual Startup Time": 0.029, "Actual Total Time": 1928.196, "Actual Rows": 11486759, "Actual Loops": 1, "Output": ["mk.movie_id"], "Heap Fetches": 0, "Shared Hit Blocks": 10636, "Shared Read Blocks": 8653, "Shared Dirtied Blocks": 0, "Shared Written Blocks": 0, "Local Hit Blocks": 0, "Local Read Blocks": 0, "Local Dirtied Blocks": 0, "Local Written Blocks": 0, "Temp Read Blocks": 0, "Temp Written Blocks": 0, "I/O Read Time": 48.435, "I/O Write Time": 0.0}]}]}]}]}, "Planning": {"Shared Hit Blocks": 315, "Shared Read Blocks": 52, "Shared Dirtied Blocks": 0, "Shared Written Blocks": 0, "Local Hit Blocks": 0, "Local Read Blocks": 0, "Local Dirtied Blocks": 0, "Local Written Blocks": 0, "Temp Read Blocks": 0, "Temp Written Blocks": 0, "I/O Read Time": 3.994, "I/O Write Time": 0.0}, "Planning Time": 6.577, "Triggers": [], "Execution Time": 27310.619}, "template": "scale", "query": "EXPLAIN (ANALYZE, COSTS, BUFFERS, VERBOSE, FORMAT JSON) SELECT COUNT(*) FROM title t,cast_info ci,movie_info_idx mi_idx,movie_keyword mk WHERE t.id=ci.movie_id AND t.id=mi_idx.movie_id AND t.id=mk.movie_id AND ci.role_id=3;"}
{"planinfo": {"Plan": {"Node Type": "Aggregate", "Strategy": "Plain", "Partial Mode": "Simple", "Parallel Aware": false, "Startup Cost": 1135.05, "Total Cost": 1135.06, "Plan Rows": 1, "Plan Width": 8, "Actual Startup Time": 184.059, "Actual Total Time": 184.061, "Actual Rows": 1, "Actual Loops": 1, "Output": ["count(*)"], "Shared Hit Blocks": 1779, "Shared Read Blocks": 2069, "Shared Dirtied Blocks": 0, "Shared Written Blocks": 0, "Local Hit Blocks": 0, "Local Read Blocks": 0, "Local Dirtied Blocks": 0, "Local Written Blocks": 0, "Temp Read Blocks": 0, "Temp Written Blocks": 0, "I/O Read Time": 176.543, "I/O Write Time": 0.0, "Plans": [{"Node Type": "Nested Loop", "Parent Relationship": "Outer", "Parallel Aware": false, "Join Type": "Inner", "Startup Cost": 0.86, "Total Cost": 1135.0, "Plan Rows": 23, "Plan Width": 0, "Actual Startup Time": 0.577, "Actual Total Time": 183.88, "Actual Rows": 735, "Actual Loops": 1, "Inner Unique": true, "Shared Hit Blocks": 1779, "Shared Read Blocks": 2069, "Shared Dirtied Blocks": 0, "Shared Written Blocks": 0, "Local Hit Blocks": 0, "Local Read Blocks": 0, "Local Dirtied Blocks": 0, "Local Written Blocks": 0, "Temp Read Blocks": 0, "Temp Written Blocks": 0, "I/O Read Time": 176.543, "I/O Write Time": 0.0, "Plans": [{"Node Type": "Index Scan", "Parent Relationship": "Outer", "Parallel Aware": false, "Scan Direction": "Forward", "Index Name": "company_id_movie_companies", "Relation Name": "movie_companies", "Schema": "public", "Alias": "mc", "Startup Cost": 0.43, "Total Cost": 273.1, "Plan Rows": 102, "Plan Width": 4, "Actual Startup Time": 0.376, "Actual Total Time": 42.51, "Actual Rows": 788, "Actual Loops": 1, "Output": ["mc.id", "mc.movie_id", "mc.company_id", "mc.company_type_id", "mc.note"], "Index Cond": "(mc.company_id = 1129)", "Rows Removed by Index Recheck": 0, "Shared Hit Blocks": 0, "Shared Read Blocks": 696, "Shared Dirtied Blocks": 0, "Shared Written Blocks": 0, "Local Hit Blocks": 0, "Local Read Blocks": 0, "Local Dirtied Blocks": 0, "Local Written Blocks": 0, "Temp Read Blocks": 0, "Temp Written Blocks": 0, "I/O Read Time": 41.189, "I/O Write Time": 0.0}, {"Node Type": "Index Scan", "Parent Relationship": "Inner", "Parallel Aware": false, "Scan Direction": "Forward", "Index Name": "title_pkey", "Relation Name": "title", "Schema": "public", "Alias": "t", "Startup Cost": 0.43, "Total Cost": 8.45, "Plan Rows": 1, "Plan Width": 4, "Actual Startup Time": 0.178, "Actual Total Time": 0.178, "Actual Rows": 1, "Actual Loops": 788, "Output": ["t.id", "t.title", "t.imdb_index", "t.kind_id", "t.production_year", "t.imdb_id", "t.phonetic_code", "t.episode_of_id", "t.season_nr", "t.episode_nr", "t.series_years", "t.md5sum"], "Index Cond": "(t.id = mc.movie_id)", "Rows Removed by Index Recheck": 0, "Filter": "(t.production_year < 1984)", "Rows Removed by Filter": 0, "Shared Hit Blocks": 1779, "Shared Read Blocks": 1373, "Shared Dirtied Blocks": 0, "Shared Written Blocks": 0, "Local Hit Blocks": 0, "Local Read Blocks": 0, "Local Dirtied Blocks": 0, "Local Written Blocks": 0, "Temp Read Blocks": 0, "Temp Written Blocks": 0, "I/O Read Time": 135.355, "I/O Write Time": 0.0}]}]}, "Planning": {"Shared Hit Blocks": 111, "Shared Read Blocks": 29, "Shared Dirtied Blocks": 0, "Shared Written Blocks": 0, "Local Hit Blocks": 0, "Local Read Blocks": 0, "Local Dirtied Blocks": 0, "Local Written Blocks": 0, "Temp Read Blocks": 0, "Temp Written Blocks": 0, "I/O Read Time": 2.098, "I/O Write Time": 0.0}, "Planning Time": 3.089, "Triggers": [], "Execution Time": 184.136}, "template": "scale", "query": "EXPLAIN (ANALYZE, COSTS, BUFFERS, VERBOSE, FORMAT JSON) SELECT COUNT(*) FROM title t,movie_companies mc WHERE t.id=mc.movie_id AND t.production_year<1984 AND mc.company_id=1129;"}
{"planinfo": {"Plan": {"Node Type": "Aggregate", "Strategy": "Plain", "Partial Mode": "Simple", "Parallel Aware": false, "Startup Cost": 228398.08, "Total Cost": 228398.09, "Plan Rows": 1, "Plan Width": 8, "Actual Startup Time": 4602.987, "Actual Total Time": 4602.99, "Actual Rows": 1, "Actual Loops": 1, "Output": ["count(*)"], "Shared Hit Blocks": 3, "Shared Read Blocks": 60452, "Shared Dirtied Blocks": 0, "Shared Written Blocks": 0, "Local Hit Blocks": 0, "Local Read Blocks": 0, "Local Dirtied Blocks": 0, "Local Written Blocks": 0, "Temp Read Blocks": 15076, "Temp Written Blocks": 15076, "I/O Read Time": 183.192, "I/O Write Time": 0.0, "Plans": [{"Node Type": "Hash Join", "Parent Relationship": "Outer", "Parallel Aware": false, "Join Type": "Inner", "Startup Cost": 102767.7, "Total Cost": 221683.33, "Plan Rows": 2685901, "Plan Width": 0, "Actual Startup Time": 1296.542, "Actual Total Time": 4332.032, "Actual Rows": 2678174, "Actual Loops": 1, "Inner Unique": true, "Hash Cond": "(mk.movie_id = t.id)", "Shared Hit Blocks": 3, "Shared Read Blocks": 60452, "Shared Dirtied Blocks": 0, "Shared Written Blocks": 0, "Local Hit Blocks": 0, "Local Read Blocks": 0, "Local Dirtied Blocks": 0, "Local Written Blocks": 0, "Temp Read Blocks": 15076, "Temp Written Blocks": 15076, "I/O Read Time": 183.192, "I/O Write Time": 0.0, "Plans": [{"Node Type": "Seq Scan", "Parent Relationship": "Outer", "Parallel Aware": false, "Relation Name": "movie_keyword", "Schema": "public", "Alias": "mk", "Startup Cost": 0.0, "Total Cost": 81003.12, "Plan Rows": 2685901, "Plan Width": 4, "Actual Startup Time": 0.122, "Actual Total Time": 1056.462, "Actual Rows": 2678174, "Actual Loops": 1, "Output": ["mk.movie_id"], "Filter": "(mk.keyword_id < 7511)", "Rows Removed by Filter": 1845756, "Shared Hit Blocks": 0, "Shared Read Blocks": 24454, "Shared Dirtied Blocks": 0, "Shared Written Blocks": 0, "Local Hit Blocks": 0, "Local Read Blocks": 0, "Local Dirtied Blocks": 0, "Local Written Blocks": 0, "Temp Read Blocks": 0, "Temp Written Blocks": 0, "I/O Read Time": 123.961, "I/O Write Time": 0.0}, {"Node Type": "Hash", "Parent Relationship": "Inner", "Parallel Aware": false, "Startup Cost": 61283.2, "Total Cost": 61283.2, "Plan Rows": 2528520, "Plan Width": 4, "Actual Startup Time": 1295.325, "Actual Total Time": 1295.326, "Actual Rows": 2528312, "Actual Loops": 1, "Output": ["t.id"], "Hash Buckets": 131072, "Original Hash Buckets": 131072, "Hash Batches": 64, "Original Hash Batches": 64, "Peak Memory Usage": 2415, "Shared Hit Blocks": 0, "Shared Read Blocks": 35998, "Shared Dirtied Blocks": 0, "Shared Written Blocks": 0, "Local Hit Blocks": 0, "Local Read Blocks": 0, "Local Dirtied Blocks": 0, "Local Written Blocks": 0, "Temp Read Blocks": 0, "Temp Written Blocks": 7262, "I/O Read Time": 59.232, "I/O Write Time": 0.0, "Plans": [{"Node Type": "Seq Scan", "Parent Relationship": "Outer", "Parallel Aware": false, "Relation Name": "title", "Schema": "public", "Alias": "t", "Startup Cost": 0.0, "Total Cost": 61283.2, "Plan Rows": 2528520, "Plan Width": 4, "Actual Startup Time": 0.136, "Actual Total Time": 553.847, "Actual Rows": 2528312, "Actual Loops": 1, "Output": ["t.id"], "Shared Hit Blocks": 0, "Shared Read Blocks": 35998, "Shared Dirtied Blocks": 0, "Shared Written Blocks": 0, "Local Hit Blocks": 0, "Local Read Blocks": 0, "Local Dirtied Blocks": 0, "Local Written Blocks": 0, "Temp Read Blocks": 0, "Temp Written Blocks": 0, "I/O Read Time": 59.232, "I/O Write Time": 0.0}]}]}]}, "Planning": {"Shared Hit Blocks": 101, "Shared Read Blocks": 26, "Shared Dirtied Blocks": 0, "Shared Written Blocks": 0, "Local Hit Blocks": 0, "Local Read Blocks": 0, "Local Dirtied Blocks": 0, "Local Written Blocks": 0, "Temp Read Blocks": 0, "Temp Written Blocks": 0, "I/O Read Time": 1.797, "I/O Write Time": 0.0}, "Planning Time": 2.662, "Triggers": [], "Execution Time": 4603.149}, "template": "scale", "query": "EXPLAIN (ANALYZE, COSTS, BUFFERS, VERBOSE, FORMAT JSON) SELECT COUNT(*) FROM title t,movie_keyword mk WHERE t.id=mk.movie_id AND mk.keyword_id<7511;"}
{"planinfo": {"Plan": {"Node Type": "Aggregate", "Strategy": "Plain", "Partial Mode": "Simple", "Parallel Aware": false, "Startup Cost": 31194.99, "Total Cost": 31195.0, "Plan Rows": 1, "Plan Width": 8, "Actual Startup Time": 326.075, "Actual Total Time": 326.076, "Actual Rows": 1, "Actual Loops": 1, "Output": ["count(*)"], "Shared Hit Blocks": 0, "Shared Read Blocks": 1049, "Shared Dirtied Blocks": 0, "Shared Written Blocks": 0, "Local Hit Blocks": 0, "Local Read Blocks": 0, "Local Dirtied Blocks": 0, "Local Written Blocks": 0, "Temp Read Blocks": 0, "Temp Written Blocks": 0, "I/O Read Time": 6.0, "I/O Write Time": 0.0, "Plans": [{"Node Type": "Index Only Scan", "Parent Relationship": "Outer", "Parallel Aware": false, "Scan Direction": "Forward", "Index Name": "company_type_id_movie_companies", "Relation Name": "movie_companies", "Schema": "public", "Alias": "mc", "Startup Cost": 0.43, "Total Cost": 27826.17, "Plan Rows": 1347528, "Plan Width": 0, "Actual Startup Time": 0.532, "Actual Total Time": 193.807, "Actual Rows": 1334883, "Actual Loops": 1, "Output": ["company_type_id"], "Index Cond": "(mc.company_type_id > 1)", "Rows Removed by Index Recheck": 0, "Heap Fetches": 0, "Shared Hit Blocks": 0, "Shared Read Blocks": 1049, "Shared Dirtied Blocks": 0, "Shared Written Blocks": 0, "Local Hit Blocks": 0, "Local Read Blocks": 0, "Local Dirtied Blocks": 0, "Local Written Blocks": 0, "Temp Read Blocks": 0, "Temp Written Blocks": 0, "I/O Read Time": 6.0, "I/O Write Time": 0.0}]}, "Planning": {"Shared Hit Blocks": 59, "Shared Read Blocks": 10, "Shared Dirtied Blocks": 0, "Shared Written Blocks": 0, "Local Hit Blocks": 0, "Local Read Blocks": 0, "Local Dirtied Blocks": 0, "Local Written Blocks": 0, "Temp Read Blocks": 0, "Temp Written Blocks": 0, "I/O Read Time": 0.71, "I/O Write Time": 0.0}, "Planning Time": 1.168, "Triggers": [], "Execution Time": 326.107}, "template": "scale", "query": "EXPLAIN (ANALYZE, COSTS, BUFFERS, VERBOSE, FORMAT JSON) SELECT COUNT(*) FROM movie_companies mc WHERE mc.company_type_id>1;"}
{"planinfo": {"Plan": {"Node Type": "Aggregate", "Strategy": "Plain", "Partial Mode": "Simple", "Parallel Aware": false, "Startup Cost": 1715904.94, "Total Cost": 1715904.95, "Plan Rows": 1, "Plan Width": 8, "Actual Startup Time": 110926.943, "Actual Total Time": 110926.945, "Actual Rows": 1, "Actual Loops": 1, "Output": ["count(*)"], "Shared Hit Blocks": 16876941, "Shared Read Blocks": 2257486, "Shared Dirtied Blocks": 0, "Shared Written Blocks": 0, "Local Hit Blocks": 0, "Local Read Blocks": 0, "Local Dirtied Blocks": 0, "Local Written Blocks": 0, "Temp Read Blocks": 0, "Temp Written Blocks": 0, "I/O Read Time": 17697.008, "I/O Write Time": 0.0, "Plans": [{"Node Type": "Merge Join", "Parent Relationship": "Outer", "Parallel Aware": false, "Join Type": "Inner", "Startup Cost": 33.89, "Total Cost": 1666012.7, "Plan Rows": 19956895, "Plan Width": 0, "Actual Startup Time": 0.689, "Actual Total Time": 95631.913, "Actual Rows": 144474509, "Actual Loops": 1, "Inner Unique": false, "Merge Cond": "(t.id = mi.movie_id)", "Shared Hit Blocks": 16876941, "Shared Read Blocks": 2257486, "Shared Dirtied Blocks": 0, "Shared Written Blocks": 0, "Local Hit Blocks": 0, "Local Read Blocks": 0, "Local Dirtied Blocks": 0, "Local Written Blocks": 0, "Temp Read Blocks": 0, "Temp Written Blocks": 0, "I/O Read Time": 17697.008, "I/O Write Time": 0.0, "Plans": [{"Node Type": "Nested Loop", "Parent Relationship": "Outer", "Parallel Aware": false, "Join Type": "Inner", "Startup Cost": 10.38, "Total Cost": 1033198.05, "Plan Rows": 3405310, "Plan Width": 12, "Actual Startup Time": 0.544, "Actual Total Time": 41334.631, "Actual Rows": 5702814, "Actual Loops": 1, "Output": ["t.id", "ci.movie_id", "mi_idx.movie_id"], "Inner Unique": false, "Shared Hit Blocks": 12426544, "Shared Read Blocks": 2231655, "Shared Dirtied Blocks": 0, "Shared Written Blocks": 0, "Local Hit Blocks": 0, "Local Read Blocks": 0, "Local Dirtied Blocks": 0, "Local Written Blocks": 0, "Temp Read Blocks": 0, "Temp Written Blocks": 0, "I/O Read Time": 17591.056, "I/O Write Time": 0.0, "Plans": [{"Node Type": "Merge Join", "Parent Relationship": "Outer", "Parallel Aware": false, "Join Type": "Inner", "Startup Cost": 9.94, "Total Cost": 136197.52, "Plan Rows": 462634, "Plan Width": 8, "Actual Startup Time": 0.166, "Actual Total Time": 1709.116, "Actual Rows": 459925, "Actual Loops": 1, "Output": ["t.id", "mi_idx.movie_id"], "Inner Unique": false, "Merge Cond": "(t.id = mi_idx.movie_id)", "Shared Hit Blocks": 36330, "Shared Read Blocks": 21453, "Shared Dirtied Blocks": 0, "Shared Written Blocks": 0, "Local Hit Blocks": 0, "Local Read Blocks": 0, "Local Dirtied Blocks": 0, "Local Written Blocks": 0, "Temp Read Blocks": 0, "Temp Written Blocks": 0, "I/O Read Time": 168.489, "I/O Write Time": 0.0, "Plans": [{"Node Type": "Index Only Scan", "Parent Relationship": "Outer", "Parallel Aware": false, "Scan Direction": "Forward", "Index Name": "title_pkey", "Relation Name": "title", "Schema": "public", "Alias": "t", "Startup Cost": 0.43, "Total Cost": 73940.23, "Plan Rows": 2528520, "Plan Width": 4, "Actual Startup Time": 0.021, "Actual Total Time": 578.13, "Actual Rows": 2525794, "Actual Loops": 1, "Output": ["t.id"], "Heap Fetches": 0, "Shared Hit Blocks": 23440, "Shared Read Blocks": 8964, "Shared Dirtied Blocks": 0, "Shared Written Blocks": 0, "Local Hit Blocks": 0, "Local Read Blocks": 0, "Local Dirtied Blocks": 0, "Local Written Blocks": 0, "Temp Read Blocks": 0, "Temp Written Blocks": 0, "I/O Read Time": 124.68, "I/O Write Time": 0.0}, {"Node Type": "Index Scan", "Parent Relationship": "Inner", "Parallel Aware": false, "Scan Direction": "Forward", "Index Name": "movie_id_movie_info_idx", "Relation Name": "movie_info_idx", "Schema": "public", "Alias": "mi_idx", "Startup Cost": 0.43, "Total Cost": 50235.25, "Plan Rows": 462634, "Plan Width": 4, "Actual Startup Time": 0.142, "Actual Total Time": 630.738, "Actual Rows": 459925, "Actual Loops": 1, "Output": ["mi_idx.id", "mi_idx.movie_id", "mi_idx.info_type_id", "mi_idx.info", "mi_idx.note"], "Filter": "(mi_idx.info_type_id = 100)", "Rows Removed by Filter": 920110, "Shared Hit Blocks": 12890, "Shared Read Blocks": 12489, "Shared Dirtied Blocks": 0, "Shared Written Blocks": 0, "Local Hit Blocks": 0, "Local Read Blocks": 0, "Local Dirtied Blocks": 0, "Local Written Blocks": 0, "Temp Read Blocks": 0, "Temp Written Blocks": 0, "I/O Read Time": 43.809, "I/O Write Time": 0.0}]}, {"Node Type": "Index Scan", "Parent Relationship": "Inner", "Parallel Aware": false, "Scan Direction": "Forward", "Index Name": "movie_id_cast_info", "Relation Name": "cast_info", "Schema": "public", "Alias": "ci", "Startup Cost": 0.44, "Total Cost": 1.75, "Plan Rows": 19, "Plan Width": 4, "Actual Startup Time": 0.038, "Actual Total Time": 0.083, "Actual Rows": 12, "Actual Loops": 459925, "Output": ["ci.id", "ci.person_id", "ci.movie_id", "ci.person_role_id", "ci.note", "ci.nr_order", "ci.role_id"], "Index Cond": "(ci.movie_id = t.id)", "Rows Removed by Index Recheck": 0, "Filter": "((ci.person_id < 2887164) AND (ci.role_id > 1))", "Rows Removed by Filter": 17, "Shared Hit Blocks": 12390214, "Shared Read Blocks": 2210202, "Shared Dirtied Blocks": 0, "Shared Written Blocks": 0, "Local Hit Blocks": 0, "Local Read Blocks": 0, "Local Dirtied Blocks": 0, "Local Written Blocks": 0, "Temp Read Blocks": 0, "Temp Written Blocks": 0, "I/O Read Time": 17422.567, "I/O Write Time": 0.0}]}, {"Node Type": "Materialize", "Parent Relationship": "Inner", "Parallel Aware": false, "Startup Cost": 0.43, "Total Cost": 363039.31, "Plan Rows": 14818450, "Plan Width": 4, "Actual Startup Time": 0.032, "Actual Total Time": 19403.059, "Actual Rows": 152531303, "Actual Loops": 1, "Output": ["mi.movie_id"], "Shared Hit Blocks": 4450397, "Shared Read Blocks": 25831, "Shared Dirtied Blocks": 0, "Shared Written Blocks": 0, "Local Hit Blocks": 0, "Local Read Blocks": 0, "Local Dirtied Blocks": 0, "Local Written Blocks": 0, "Temp Read Blocks": 0, "Temp Written Blocks": 0, "I/O Read Time": 105.953, "I/O Write Time": 0.0, "Plans": [{"Node Type": "Index Only Scan", "Parent Relationship": "Outer", "Parallel Aware": false, "Scan Direction": "Forward", "Index Name": "movie_id_movie_info", "Relation Name": "movie_info", "Schema": "public", "Alias": "mi", "Startup Cost": 0.43, "Total Cost": 325993.18, "Plan Rows": 14818450, "Plan Width": 4, "Actual Startup Time": 0.027, "Actual Total Time": 4164.673, "Actual Rows": 14834661, "Actual Loops": 1, "Output": ["mi.movie_id"], "Heap Fetches": 0, "Shared Hit Blocks": 4450397, "Shared Read Blocks": 25831, "Shared Dirtied Blocks": 0, "Shared Written Blocks": 0, "Local Hit Blocks": 0, "Local Read Blocks": 0, "Local Dirtied Blocks": 0, "Local Written Blocks": 0, "Temp Read Blocks": 0, "Temp Written Blocks": 0, "I/O Read Time": 105.953, "I/O Write Time": 0.0}]}]}]}, "Planning": {"Shared Hit Blocks": 325, "Shared Read Blocks": 52, "Shared Dirtied Blocks": 0, "Shared Written Blocks": 0, "Local Hit Blocks": 0, "Local Read Blocks": 0, "Local Dirtied Blocks": 0, "Local Written Blocks": 0, "Temp Read Blocks": 0, "Temp Written Blocks": 0, "I/O Read Time": 4.288, "I/O Write Time": 0.0}, "Planning Time": 7.269, "Triggers": [], "Execution Time": 110927.164}, "template": "scale", "query": "EXPLAIN (ANALYZE, COSTS, BUFFERS, VERBOSE, FORMAT JSON) SELECT COUNT(*) FROM title t,cast_info ci,movie_info mi,movie_info_idx mi_idx WHERE t.id=ci.movie_id AND t.id=mi.movie_id AND t.id=mi_idx.movie_id AND ci.person_id<2887164 AND ci.role_id>1 AND mi_idx.info_type_id=100;"}
{"planinfo": {"Plan": {"Node Type": "Aggregate", "Strategy": "Plain", "Partial Mode": "Simple", "Parallel Aware": false, "Startup Cost": 229680.58, "Total Cost": 229680.59, "Plan Rows": 1, "Plan Width": 8, "Actual Startup Time": 2750.079, "Actual Total Time": 2750.081, "Actual Rows": 1, "Actual Loops": 1, "Output": ["count(*)"], "Shared Hit Blocks": 483819, "Shared Read Blocks": 12399, "Shared Dirtied Blocks": 0, "Shared Written Blocks": 0, "Local Hit Blocks": 0, "Local Read Blocks": 0, "Local Dirtied Blocks": 0, "Local Written Blocks": 0, "Temp Read Blocks": 0, "Temp Written Blocks": 0, "I/O Read Time": 424.791, "I/O Write Time": 0.0, "Plans": [{"Node Type": "Index Only Scan", "Parent Relationship": "Outer", "Parallel Aware": false, "Scan Direction": "Forward", "Index Name": "person_id_cast_info", "Relation Name": "cast_info", "Schema": "public", "Alias": "ci", "Startup Cost": 0.44, "Total Cost": 207431.56, "Plan Rows": 8899607, "Plan Width": 0, "Actual Startup Time": 0.415, "Actual Total Time": 1895.768, "Actual Rows": 8770614, "Actual Loops": 1, "Output": ["person_id"], "Index Cond": "(ci.person_id > 2814165)", "Rows Removed by Index Recheck": 0, "Heap Fetches": 0, "Shared Hit Blocks": 483819, "Shared Read Blocks": 12399, "Shared Dirtied Blocks": 0, "Shared Written Blocks": 0, "Local Hit Blocks": 0, "Local Read Blocks": 0, "Local Dirtied Blocks": 0, "Local Written Blocks": 0, "Temp Read Blocks": 0, "Temp Written Blocks": 0, "I/O Read Time": 424.791, "I/O Write Time": 0.0}]}, "Planning": {"Shared Hit Blocks": 72, "Shared Read Blocks": 13, "Shared Dirtied Blocks": 0, "Shared Written Blocks": 0, "Local Hit Blocks": 0, "Local Read Blocks": 0, "Local Dirtied Blocks": 0, "Local Written Blocks": 0, "Temp Read Blocks": 0, "Temp Written Blocks": 0, "I/O Read Time": 0.943, "I/O Write Time": 0.0}, "Planning Time": 1.496, "Triggers": [], "Execution Time": 2750.131}, "template": "scale", "query": "EXPLAIN (ANALYZE, COSTS, BUFFERS, VERBOSE, FORMAT JSON) SELECT COUNT(*) FROM cast_info ci WHERE ci.person_id>2814165;"}
{"planinfo": {"Plan": {"Node Type": "Aggregate", "Strategy": "Plain", "Partial Mode": "Simple", "Parallel Aware": false, "Startup Cost": 3193.43, "Total Cost": 3193.44, "Plan Rows": 1, "Plan Width": 8, "Actual Startup Time": 181.064, "Actual Total Time": 181.066, "Actual Rows": 1, "Actual Loops": 1, "Output": ["count(*)"], "Shared Hit Blocks": 1643, "Shared Read Blocks": 1936, "Shared Dirtied Blocks": 0, "Shared Written Blocks": 0, "Local Hit Blocks": 0, "Local Read Blocks": 0, "Local Dirtied Blocks": 0, "Local Written Blocks": 0, "Temp Read Blocks": 0, "Temp Written Blocks": 0, "I/O Read Time": 172.916, "I/O Write Time": 0.0, "Plans": [{"Node Type": "Nested Loop", "Parent Relationship": "Outer", "Parallel Aware": false, "Join Type": "Inner", "Startup Cost": 1.29, "Total Cost": 3193.32, "Plan Rows": 45, "Plan Width": 0, "Actual Startup Time": 3.475, "Actual Total Time": 181.01, "Actual Rows": 149, "Actual Loops": 1, "Inner Unique": false, "Shared Hit Blocks": 1643, "Shared Read Blocks": 1936, "Shared Dirtied Blocks": 0, "Shared Written Blocks": 0, "Local Hit Blocks": 0, "Local Read Blocks": 0, "Local Dirtied Blocks": 0, "Local Written Blocks": 0, "Temp Read Blocks": 0, "Temp Written Blocks": 0, "I/O Read Time": 172.916, "I/O Write Time": 0.0, "Plans": [{"Node Type": "Nested Loop", "Parent Relationship": "Outer", "Parallel Aware": false, "Join Type": "Inner", "Startup Cost": 0.86, "Total Cost": 3055.26, "Plan Rows": 232, "Plan Width": 8, "Actual Startup Time": 0.596, "Actual Total Time": 97.362, "Actual Rows": 376, "Actual Loops": 1, "Output": ["t.id", "mk.movie_id"], "Inner Unique": true, "Shared Hit Blocks": 815, "Shared Read Blocks": 1028, "Shared Dirtied Blocks": 0, "Shared Written Blocks": 0, "Local Hit Blocks": 0, "Local Read Blocks": 0, "Local Dirtied Blocks": 0, "Local Written Blocks": 0, "Temp Read Blocks": 0, "Temp Written Blocks": 0, "I/O Read Time": 93.685, "I/O Write Time": 0.0, "Plans": [{"Node Type": "Index Scan", "Parent Relationship": "Outer", "Parallel Aware": false, "Scan Direction": "Forward", "Index Name": "keyword_id_movie_keyword", "Relation Name": "movie_keyword", "Schema": "public", "Alias": "mk", "Startup Cost": 0.43, "Total Cost": 988.56, "Plan Rows": 246, "Plan Width": 4, "Actual Startup Time": 0.395, "Actual Total Time": 30.227, "Actual Rows": 379, "Actual Loops": 1, "Output": ["mk.id", "mk.movie_id", "mk.keyword_id"], "Index Cond": "(mk.keyword_id = 2198)", "Rows Removed by Index Recheck": 0, "Shared Hit Blocks": 0, "Shared Read Blocks": 327, "Shared Dirtied Blocks": 0, "Shared Written Blocks": 0, "Local Hit Blocks": 0, "Local Read Blocks": 0, "Local Dirtied Blocks": 0, "Local Written Blocks": 0, "Temp Read Blocks": 0, "Temp Written Blocks": 0, "I/O Read Time": 29.588, "I/O Write Time": 0.0}, {"Node Type": "Index Scan", "Parent Relationship": "Inner", "Parallel Aware": false, "Scan Direction": "Forward", "Index Name": "title_pkey", "Relation Name": "title", "Schema": "public", "Alias": "t", "Startup Cost": 0.43, "Total Cost": 8.4, "Plan Rows": 1, "Plan Width": 4, "Actual Startup Time": 0.176, "Actual Total Time": 0.176, "Actual Rows": 1, "Actual Loops": 379, "Output": ["t.id", "t.title", "t.imdb_index", "t.kind_id", "t.production_year", "t.imdb_id", "t.phonetic_code", "t.episode_of_id", "t.season_nr", "t.episode_nr", "t.series_years", "t.md5sum"], "Index Cond": "(t.id = mk.movie_id)", "Rows Removed by Index Recheck": 0, "Filter": "(t.production_year < 2013)", "Rows Removed by Filter": 0, "Shared Hit Blocks": 815, "Shared Read Blocks": 701, "Shared Dirtied Blocks": 0, "Shared Written Blocks": 0, "Local Hit Blocks": 0, "Local Read Blocks": 0, "Local Dirtied Blocks": 0, "Local Written Blocks": 0, "Temp Read Blocks": 0, "Temp Written Blocks": 0, "I/O Read Time": 64.097, "I/O Write Time": 0.0}]}, {"Node Type": "Index Scan", "Parent Relationship": "Inner", "Parallel Aware": false, "Scan Direction": "Forward", "Index Name": "movie_id_movie_companies", "Relation Name": "movie_companies", "Schema": "public", "Alias": "mc", "Startup Cost": 0.43, "Total Cost": 0.59, "Plan Rows": 1, "Plan Width": 4, "Actual Startup Time": 0.221, "Actual Total Time": 0.222, "Actual Rows": 0, "Actual Loops": 376, "Output": ["mc.id", "mc.movie_id", "mc.company_id", "mc.company_type_id", "mc.note"], "Index Cond": "(mc.movie_id = t.id)", "Rows Removed by Index Recheck": 0, "Filter": "((mc.company_id < 4226) AND (mc.company_type_id = 2))", "Rows Removed by Filter": 8, "Shared Hit Blocks": 828, "Shared Read Blocks": 908, "Shared Dirtied Blocks": 0, "Shared Written Blocks": 0, "Local Hit Blocks": 0, "Local Read Blocks": 0, "Local Dirtied Blocks": 0, "Local Written Blocks": 0, "Temp Read Blocks": 0, "Temp Written Blocks": 0, "I/O Read Time": 79.232, "I/O Write Time": 0.0}]}]}, "Planning": {"Shared Hit Blocks": 200, "Shared Read Blocks": 40, "Shared Dirtied Blocks": 0, "Shared Written Blocks": 0, "Local Hit Blocks": 0, "Local Read Blocks": 0, "Local Dirtied Blocks": 0, "Local Written Blocks": 0, "Temp Read Blocks": 0, "Temp Written Blocks": 0, "I/O Read Time": 3.002, "I/O Write Time": 0.0}, "Planning Time": 4.671, "Triggers": [], "Execution Time": 181.169}, "template": "scale", "query": "EXPLAIN (ANALYZE, COSTS, BUFFERS, VERBOSE, FORMAT JSON) SELECT COUNT(*) FROM title t,movie_companies mc,movie_keyword mk WHERE t.id=mc.movie_id AND t.id=mk.movie_id AND t.production_year<2013 AND mc.company_id<4226 AND mc.company_type_id=2 AND mk.keyword_id=2198;"}
{"planinfo": {"Plan": {"Node Type": "Aggregate", "Strategy": "Plain", "Partial Mode": "Simple", "Parallel Aware": false, "Startup Cost": 138558.84, "Total Cost": 138558.85, "Plan Rows": 1, "Plan Width": 8, "Actual Startup Time": 2322.008, "Actual Total Time": 2322.012, "Actual Rows": 1, "Actual Loops": 1, "Output": ["count(*)"], "Shared Hit Blocks": 3, "Shared Read Blocks": 43933, "Shared Dirtied Blocks": 0, "Shared Written Blocks": 0, "Local Hit Blocks": 0, "Local Read Blocks": 0, "Local Dirtied Blocks": 0, "Local Written Blocks": 0, "Temp Read Blocks": 6888, "Temp Written Blocks": 6888, "I/O Read Time": 99.489, "I/O Write Time": 0.0, "Plans": [{"Node Type": "Hash Join", "Parent Relationship": "Outer", "Parallel Aware": false, "Join Type": "Inner", "Startup Cost": 32745.36, "Total Cost": 137543.73, "Plan Rows": 406041, "Plan Width": 0, "Actual Startup Time": 434.723, "Actual Total Time": 2272.098, "Actual Rows": 436710, "Actual Loops": 1, "Inner Unique": false, "Hash Cond": "(t.id = mi_idx.movie_id)", "Shared Hit Blocks": 3, "Shared Read Blocks": 43933, "Shared Dirtied Blocks": 0, "Shared Written Blocks": 0, "Local Hit Blocks": 0, "Local Read Blocks": 0, "Local Dirtied Blocks": 0, "Local Written Blocks": 0, "Temp Read Blocks": 6888, "Temp Written Blocks": 6888, "I/O Read Time": 99.489, "I/O Write Time": 0.0, "Plans": [{"Node Type": "Seq Scan", "Parent Relationship": "Outer", "Parallel Aware": false, "Relation Name": "title", "Schema": "public", "Alias": "t", "Startup Cost": 0.0, "Total Cost": 67604.5, "Plan Rows": 2228074, "Plan Width": 4, "Actual Startup Time": 0.136, "Actual Total Time": 695.749, "Actual Rows": 2224569, "Actual Loops": 1, "Output": ["t.id"], "Filter": "(t.production_year < 2012)", "Rows Removed by Filter": 303743, "Shared Hit Blocks": 0, "Shared Read Blocks": 35998, "Shared Dirtied Blocks": 0, "Shared Written Blocks": 0, "Local Hit Blocks": 0, "Local Read Blocks": 0, "Local Dirtied Blocks": 0, "Local Written Blocks": 0, "Temp Read Blocks": 0, "Temp Written Blocks": 0, "I/O Read Time": 59.052, "I/O Write Time": 0.0}, {"Node Type": "Hash", "Parent Relationship": "Inner", "Parallel Aware": false, "Startup Cost": 25185.44, "Total Cost": 25185.44, "Plan Rows": 460794, "Plan Width": 4, "Actual Startup Time": 433.806, "Actual Total Time": 433.807, "Actual Rows": 459925, "Actual Loops": 1, "Output": ["mi_idx.movie_id"], "Hash Buckets": 131072, "Original Hash Buckets": 131072, "Hash Batches": 8, "Original Hash Batches": 8, "Peak Memory Usage": 3050, "Shared Hit Blocks": 0, "Shared Read Blocks": 7935, "Shared Dirtied Blocks": 0, "Shared Written Blocks": 0, "Local Hit Blocks": 0, "Local Read Blocks": 0, "Local Dirtied Blocks": 0, "Local Written Blocks": 0, "Temp Read Blocks": 0, "Temp Written Blocks": 1175, "I/O Read Time": 40.437, "I/O Write Time": 0.0, "Plans": [{"Node Type": "Seq Scan", "Parent Relationship": "Outer", "Parallel Aware": false, "Relation Name": "movie_info_idx", "Schema": "public", "Alias": "mi_idx", "Startup Cost": 0.0, "Total Cost": 25185.44, "Plan Rows": 460794, "Plan Width": 4, "Actual Startup Time": 0.126, "Actual Total Time": 295.183, "Actual Rows": 459925, "Actual Loops": 1, "Output": ["mi_idx.movie_id"], "Filter": "(mi_idx.info_type_id = 101)", "Rows Removed by Filter": 920110, "Shared Hit Blocks": 0, "Shared Read Blocks": 7935, "Shared Dirtied Blocks": 0, "Shared Written Blocks": 0, "Local Hit Blocks": 0, "Local Read Blocks": 0, "Local Dirtied Blocks": 0, "Local Written Blocks": 0, "Temp Read Blocks": 0, "Temp Written Blocks": 0, "I/O Read Time": 40.437, "I/O Write Time": 0.0}]}]}]}, "Planning": {"Shared Hit Blocks": 101, "Shared Read Blocks": 27, "Shared Dirtied Blocks": 0, "Shared Written Blocks": 0, "Local Hit Blocks": 0, "Local Read Blocks": 0, "Local Dirtied Blocks": 0, "Local Written Blocks": 0, "Temp Read Blocks": 0, "Temp Written Blocks": 0, "I/O Read Time": 1.892, "I/O Write Time": 0.0}, "Planning Time": 2.779, "Triggers": [], "Execution Time": 2322.202}, "template": "scale", "query": "EXPLAIN (ANALYZE, COSTS, BUFFERS, VERBOSE, FORMAT JSON) SELECT COUNT(*) FROM title t,movie_info_idx mi_idx WHERE t.id=mi_idx.movie_id AND t.production_year<2012 AND mi_idx.info_type_id=101;"}
{"planinfo": {"Plan": {"Node Type": "Aggregate", "Strategy": "Plain", "Partial Mode": "Simple", "Parallel Aware": false, "Startup Cost": 470734.87, "Total Cost": 470734.88, "Plan Rows": 1, "Plan Width": 8, "Actual Startup Time": 4940.567, "Actual Total Time": 4940.57, "Actual Rows": 1, "Actual Loops": 1, "Output": ["count(*)"], "Shared Hit Blocks": 3, "Shared Read Blocks": 197991, "Shared Dirtied Blocks": 0, "Shared Written Blocks": 0, "Local Hit Blocks": 0, "Local Read Blocks": 0, "Local Dirtied Blocks": 0, "Local Written Blocks": 0, "Temp Read Blocks": 9669, "Temp Written Blocks": 9669, "I/O Read Time": 344.389, "I/O Write Time": 0.0, "Plans": [{"Node Type": "Hash Join", "Parent Relationship": "Outer", "Parallel Aware": false, "Join Type": "Inner", "Startup Cost": 102767.7, "Total Cost": 468635.58, "Plan Rows": 839716, "Plan Width": 0, "Actual Startup Time": 1578.558, "Actual Total Time": 4858.0, "Actual Rows": 802140, "Actual Loops": 1, "Inner Unique": true, "Hash Cond": "(mi.movie_id = t.id)", "Shared Hit Blocks": 3, "Shared Read Blocks": 197991, "Shared Dirtied Blocks": 0, "Shared Written Blocks": 0, "Local Hit Blocks": 0, "Local Read Blocks": 0, "Local Dirtied Blocks": 0, "Local Written Blocks": 0, "Temp Read Blocks": 9669, "Temp Written Blocks": 9669, "I/O Read Time": 344.389, "I/O Write Time": 0.0, "Plans": [{"Node Type": "Seq Scan", "Parent Relationship": "Outer", "Parallel Aware": false, "Relation Name": "movie_info", "Schema": "public", "Alias": "mi", "Startup Cost": 0.0, "Total Cost": 347223.62, "Plan Rows": 839716, "Plan Width": 4, "Actual Startup Time": 285.313, "Actual Total Time": 2723.872, "Actual Rows": 802140, "Actual Loops": 1, "Output": ["mi.movie_id"], "Filter": "(mi.info_type_id < 2)", "Rows Removed by Filter": 14033580, "Shared Hit Blocks": 0, "Shared Read Blocks": 161993, "Shared Dirtied Blocks": 0, "Shared Written Blocks": 0, "Local Hit Blocks": 0, "Local Read Blocks": 0, "Local Dirtied Blocks": 0, "Local Written Blocks": 0, "Temp Read Blocks": 0, "Temp Written Blocks": 0, "I/O Read Time": 283.753, "I/O Write Time": 0.0}, {"Node Type": "Hash", "Parent Relationship": "Inner", "Parallel Aware": false, "Startup Cost": 61283.2, "Total Cost": 61283.2, "Plan Rows": 2528520, "Plan Width": 4, "Actual Startup Time": 1292.154, "Actual Total Time": 1292.155, "Actual Rows": 2528312, "Actual Loops": 1, "Output": ["t.id"], "Hash Buckets": 131072, "Original Hash Buckets": 131072, "Hash Batches": 64, "Original Hash Batches": 64, "Peak Memory Usage": 2415, "Shared Hit Blocks": 0, "Shared Read Blocks": 35998, "Shared Dirtied Blocks": 0, "Shared Written Blocks": 0, "Local Hit Blocks": 0, "Local Read Blocks": 0, "Local Dirtied Blocks": 0, "Local Written Blocks": 0, "Temp Read Blocks": 0, "Temp Written Blocks": 7262, "I/O Read Time": 60.636, "I/O Write Time": 0.0, "Plans": [{"Node Type": "Seq Scan", "Parent Relationship": "Outer", "Parallel Aware": false, "Relation Name": "title", "Schema": "public", "Alias": "t", "Startup Cost": 0.0, "Total Cost": 61283.2, "Plan Rows": 2528520, "Plan Width": 4, "Actual Startup Time": 2.105, "Actual Total Time": 559.535, "Actual Rows": 2528312, "Actual Loops": 1, "Output": ["t.id"], "Shared Hit Blocks": 0, "Shared Read Blocks": 35998, "Shared Dirtied Blocks": 0, "Shared Written Blocks": 0, "Local Hit Blocks": 0, "Local Read Blocks": 0, "Local Dirtied Blocks": 0, "Local Written Blocks": 0, "Temp Read Blocks": 0, "Temp Written Blocks": 0, "I/O Read Time": 60.636, "I/O Write Time": 0.0}]}]}]}, "Planning": {"Shared Hit Blocks": 100, "Shared Read Blocks": 32, "Shared Dirtied Blocks": 0, "Shared Written Blocks": 0, "Local Hit Blocks": 0, "Local Read Blocks": 0, "Local Dirtied Blocks": 0, "Local Written Blocks": 0, "Temp Read Blocks": 0, "Temp Written Blocks": 0, "I/O Read Time": 2.077, "I/O Write Time": 0.0}, "Planning Time": 3.118, "Triggers": [], "Execution Time": 4940.733}, "template": "scale", "query": "EXPLAIN (ANALYZE, COSTS, BUFFERS, VERBOSE, FORMAT JSON) SELECT COUNT(*) FROM title t,movie_info mi WHERE t.id=mi.movie_id AND mi.info_type_id<2;"}
{"planinfo": {"Plan": {"Node Type": "Aggregate", "Strategy": "Plain", "Partial Mode": "Simple", "Parallel Aware": false, "Startup Cost": 264189.76, "Total Cost": 264189.77, "Plan Rows": 1, "Plan Width": 8, "Actual Startup Time": 17591.924, "Actual Total Time": 17591.929, "Actual Rows": 1, "Actual Loops": 1, "Output": ["count(*)"], "Shared Hit Blocks": 5112464, "Shared Read Blocks": 75014, "Shared Dirtied Blocks": 0, "Shared Written Blocks": 0, "Local Hit Blocks": 0, "Local Read Blocks": 0, "Local Dirtied Blocks": 0, "Local Written Blocks": 0, "Temp Read Blocks": 2776, "Temp Written Blocks": 2776, "I/O Read Time": 371.343, "I/O Write Time": 0.0, "Plans": [{"Node Type": "Nested Loop", "Parent Relationship": "Outer", "Parallel Aware": false, "Join Type": "Inner", "Startup Cost": 77501.91, "Total Cost": 263350.05, "Plan Rows": 335887, "Plan Width": 0, "Actual Startup Time": 908.492, "Actual Total Time": 14792.958, "Actual Rows": 26591968, "Actual Loops": 1, "Inner Unique": false, "Join Filter": "(t.id = mi.movie_id)", "Rows Removed by Join Filter": 0, "Shared Hit Blocks": 5112464, "Shared Read Blocks": 75014, "Shared Dirtied Blocks": 0, "Shared Written Blocks": 0, "Local Hit Blocks": 0, "Local Read Blocks": 0, "Local Dirtied Blocks": 0, "Local Written Blocks": 0, "Temp Read Blocks": 2776, "Temp Written Blocks": 2776, "I/O Read Time": 371.343, "I/O Write Time": 0.0, "Plans": [{"Node Type": "Nested Loop", "Parent Relationship": "Outer", "Parallel Aware": false, "Join Type": "Inner", "Startup Cost": 77501.48, "Total Cost": 168098.33, "Plan Rows": 57313, "Plan Width": 12, "Actual Startup Time": 908.254, "Actual Total Time": 3107.324, "Actual Rows": 587363, "Actual Loops": 1, "Output": ["t.id", "mc.movie_id", "mi_idx.movie_id"], "Inner Unique": false, "Join Filter": "(t.id = mc.movie_id)", "Rows Removed by Join Filter": 0, "Shared Hit Blocks": 927095, "Shared Read Blocks": 60331, "Shared Dirtied Blocks": 0, "Shared Written Blocks": 0, "Local Hit Blocks": 0, "Local Read Blocks": 0, "Local Dirtied Blocks": 0, "Local Written Blocks": 0, "Temp Read Blocks": 2776, "Temp Written Blocks": 2776, "I/O Read Time": 200.918, "I/O Write Time": 0.0, "Plans": [{"Node Type": "Hash Join", "Parent Relationship": "Outer", "Parallel Aware": false, "Join Type": "Inner", "Startup Cost": 77501.05, "Total Cost": 113181.09, "Plan Rows": 79583, "Plan Width": 8, "Actual Startup Time": 907.759, "Actual Total Time": 1533.1, "Actual Rows": 207527, "Actual Loops": 1, "Output": ["t.id", "mi_idx.movie_id"], "Inner Unique": true, "Hash Cond": "(mi_idx.movie_id = t.id)", "Shared Hit Blocks": 3, "Shared Read Blocks": 43933, "Shared Dirtied Blocks": 0, "Shared Written Blocks": 0, "Local Hit Blocks": 0, "Local Read Blocks": 0, "Local Dirtied Blocks": 0, "Local Written Blocks": 0, "Temp Read Blocks": 2776, "Temp Written Blocks": 2776, "I/O Read Time": 106.206, "I/O Write Time": 0.0, "Plans": [{"Node Type": "Seq Scan", "Parent Relationship": "Outer", "Parallel Aware": false, "Relation Name": "movie_info_idx", "Schema": "public", "Alias": "mi_idx", "Startup Cost": 0.0, "Total Cost": 25185.44, "Plan Rows": 923657, "Plan Width": 4, "Actual Startup Time": 0.13, "Actual Total Time": 348.15, "Actual Rows": 920110, "Actual Loops": 1, "Output": ["mi_idx.movie_id"], "Filter": "(mi_idx.info_type_id > 99)", "Rows Removed by Filter": 459925, "Shared Hit Blocks": 0, "Shared Read Blocks": 7935, "Shared Dirtied Blocks": 0, "Shared Written Blocks": 0, "Local Hit Blocks": 0, "Local Read Blocks": 0, "Local Dirtied Blocks": 0, "Local Written Blocks": 0, "Temp Read Blocks": 0, "Temp Written Blocks": 0, "I/O Read Time": 41.976, "I/O Write Time": 0.0}, {"Node Type": "Hash", "Parent Relationship": "Inner", "Parallel Aware": false, "Startup Cost": 73925.8, "Total Cost": 73925.8, "Plan Rows": 217860, "Plan Width": 4, "Actual Startup Time": 673.681, "Actual Total Time": 673.682, "Actual Rows": 341626, "Actual Loops": 1, "Output": ["t.id"], "Hash Buckets": 131072, "Original Hash Buckets": 131072, "Hash Batches": 4, "Original Hash Batches": 4, "Peak Memory Usage": 4031, "Shared Hit Blocks": 0, "Shared Read Blocks": 35998, "Shared Dirtied Blocks": 0, "Shared Written Blocks": 0, "Local Hit Blocks": 0, "Local Read Blocks": 0, "Local Dirtied Blocks": 0, "Local Written Blocks": 0, "Temp Read Blocks": 0, "Temp Written Blocks": 749, "I/O Read Time": 64.23, "I/O Write Time": 0.0, "Plans": [{"Node Type": "Seq Scan", "Parent Relationship": "Outer", "Parallel Aware": false, "Relation Name": "title", "Schema": "public", "Alias": "t", "Startup Cost": 0.0, "Total Cost": 73925.8, "Plan Rows": 217860, "Plan Width": 4, "Actual Startup Time": 301.129, "Actual Total Time": 565.575, "Actual Rows": 341626, "Actual Loops": 1, "Output": ["t.id"], "Filter": "((t.production_year < 1995) AND (t.kind_id = 1))", "Rows Removed by Filter": 2186686, "Shared Hit Blocks": 0, "Shared Read Blocks": 35998, "Shared Dirtied Blocks": 0, "Shared Written Blocks": 0, "Local Hit Blocks": 0, "Local Read Blocks": 0, "Local Dirtied Blocks": 0, "Local Written Blocks": 0, "Temp Read Blocks": 0, "Temp Written Blocks": 0, "I/O Read Time": 64.23, "I/O Write Time": 0.0}]}]}, {"Node Type": "Index Scan", "Parent Relationship": "Inner", "Parallel Aware": false, "Scan Direction": "Forward", "Index Name": "movie_id_movie_companies", "Relation Name": "movie_companies", "Schema": "public", "Alias": "mc", "Startup Cost": 0.43, "Total Cost": 0.64, "Plan Rows": 4, "Plan Width": 4, "Actual Startup Time": 0.005, "Actual Total Time": 0.007, "Actual Rows": 3, "Actual Loops": 207527, "Output": ["mc.id", "mc.movie_id", "mc.company_id", "mc.company_type_id", "mc.note"], "Index Cond": "(mc.movie_id = mi_idx.movie_id)", "Rows Removed by Index Recheck": 0, "Filter": "(mc.company_id > 1736)", "Rows Removed by Filter": 1, "Shared Hit Blocks": 927092, "Shared Read Blocks": 16398, "Shared Dirtied Blocks": 0, "Shared Written Blocks": 0, "Local Hit Blocks": 0, "Local Read Blocks": 0, "Local Dirtied Blocks": 0, "Local Written Blocks": 0, "Temp Read Blocks": 0, "Temp Written Blocks": 0, "I/O Read Time": 94.712, "I/O Write Time": 0.0}]}, {"Node Type": "Index Only Scan", "Parent Relationship": "Inner", "Parallel Aware": false, "Scan Direction": "Forward", "Index Name": "movie_id_movie_info", "Relation Name": "movie_info", "Schema": "public", "Alias": "mi", "Startup Cost": 0.43, "Total Cost": 1.17, "Plan Rows": 39, "Plan Width": 4, "Actual Startup Time": 0.005, "Actual Total Time": 0.012, "Actual Rows": 45, "Actual Loops": 587363, "Output": ["mi.movie_id"], "Index Cond": "(mi.movie_id = mc.movie_id)", "Rows Removed by Index Recheck": 0, "Heap Fetches": 0, "Shared Hit Blocks": 4185369, "Shared Read Blocks": 14683, "Shared Dirtied Blocks": 0, "Shared Written Blocks": 0, "Local Hit Blocks": 0, "Local Read Blocks": 0, "Local Dirtied Blocks": 0, "Local Written Blocks": 0, "Temp Read Blocks": 0, "Temp Written Blocks": 0, "I/O Read Time": 170.425, "I/O Write Time": 0.0}]}]}, "Planning": {"Shared Hit Blocks": 315, "Shared Read Blocks": 50, "Shared Dirtied Blocks": 0, "Shared Written Blocks": 0, "Local Hit Blocks": 0, "Local Read Blocks": 0, "Local Dirtied Blocks": 0, "Local Written Blocks": 0, "Temp Read Blocks": 0, "Temp Written Blocks": 0, "I/O Read Time": 3.841, "I/O Write Time": 0.0}, "Planning Time": 6.513, "Triggers": [], "Execution Time": 17592.383}, "template": "scale", "query": "EXPLAIN (ANALYZE, COSTS, BUFFERS, VERBOSE, FORMAT JSON) SELECT COUNT(*) FROM title t,movie_companies mc,movie_info mi,movie_info_idx mi_idx WHERE t.id=mc.movie_id AND t.id=mi.movie_id AND t.id=mi_idx.movie_id AND t.kind_id=1 AND t.production_year<1995 AND mc.company_id>1736 AND mi_idx.info_type_id>99;"}
{"planinfo": {"Plan": {"Node Type": "Aggregate", "Strategy": "Plain", "Partial Mode": "Simple", "Parallel Aware": false, "Startup Cost": 2128.55, "Total Cost": 2128.56, "Plan Rows": 1, "Plan Width": 8, "Actual Startup Time": 1.167, "Actual Total Time": 1.169, "Actual Rows": 1, "Actual Loops": 1, "Output": ["count(*)"], "Shared Hit Blocks": 12, "Shared Read Blocks": 11, "Shared Dirtied Blocks": 0, "Shared Written Blocks": 0, "Local Hit Blocks": 0, "Local Read Blocks": 0, "Local Dirtied Blocks": 0, "Local Written Blocks": 0, "Temp Read Blocks": 0, "Temp Written Blocks": 0, "I/O Read Time": 1.076, "I/O Write Time": 0.0, "Plans": [{"Node Type": "Nested Loop", "Parent Relationship": "Outer", "Parallel Aware": false, "Join Type": "Inner", "Startup Cost": 1.73, "Total Cost": 2128.34, "Plan Rows": 84, "Plan Width": 0, "Actual Startup Time": 1.146, "Actual Total Time": 1.162, "Actual Rows": 2, "Actual Loops": 1, "Inner Unique": false, "Shared Hit Blocks": 12, "Shared Read Blocks": 11, "Shared Dirtied Blocks": 0, "Shared Written Blocks": 0, "Local Hit Blocks": 0, "Local Read Blocks": 0, "Local Dirtied Blocks": 0, "Local Written Blocks": 0, "Temp Read Blocks": 0, "Temp Written Blocks": 0, "I/O Read Time": 1.076, "I/O Write Time": 0.0, "Plans": [{"Node Type": "Nested Loop", "Parent Relationship": "Outer", "Parallel Aware": false, "Join Type": "Inner", "Startup Cost": 1.3, "Total Cost": 2046.15, "Plan Rows": 47, "Plan Width": 12, "Actual Startup Time": 0.961, "Actual Total Time": 0.971, "Actual Rows": 2, "Actual Loops": 1, "Output": ["t.id", "mc.movie_id", "ci.movie_id"], "Inner Unique": true, "Shared Hit Blocks": 7, "Shared Read Blocks": 9, "Shared Dirtied Blocks": 0, "Shared Written Blocks": 0, "Local Hit Blocks": 0, "Local Read Blocks": 0, "Local Dirtied Blocks": 0, "Local Written Blocks": 0, "Temp Read Blocks": 0, "Temp Written Blocks": 0, "I/O Read Time": 0.906, "I/O Write Time": 0.0, "Plans": [{"Node Type": "Nested Loop", "Parent Relationship": "Outer", "Parallel Aware": false, "Join Type": "Inner", "Startup Cost": 0.87, "Total Cost": 1810.53, "Plan Rows": 454, "Plan Width": 8, "Actual Startup Time": 0.673, "Actual Total Time": 0.675, "Actual Rows": 2, "Actual Loops": 1, "Output": ["mc.movie_id", "ci.movie_id"], "Inner Unique": false, "Shared Hit Blocks": 2, "Shared Read Blocks": 6, "Shared Dirtied Blocks": 0, "Shared Written Blocks": 0, "Local Hit Blocks": 0, "Local Read Blocks": 0, "Local Dirtied Blocks": 0, "Local Written Blocks": 0, "Temp Read Blocks": 0, "Temp Written Blocks": 0, "I/O Read Time": 0.633, "I/O Write Time": 0.0, "Plans": [{"Node Type": "Index Scan", "Parent Relationship": "Outer", "Parallel Aware": false, "Scan Direction": "Forward", "Index Name": "person_id_cast_info", "Relation Name": "cast_info", "Schema": "public", "Alias": "ci", "Startup Cost": 0.44, "Total Cost": 1042.05, "Plan Rows": 170, "Plan Width": 4, "Actual Startup Time": 0.479, "Actual Total Time": 0.48, "Actual Rows": 1, "Actual Loops": 1, "Output": ["ci.id", "ci.person_id", "ci.movie_id", "ci.person_role_id", "ci.note", "ci.nr_order", "ci.role_id"], "Index Cond": "(ci.person_id = 1675060)", "Rows Removed by Index Recheck": 0, "Filter": "(ci.role_id = 1)", "Rows Removed by Filter": 0, "Shared Hit Blocks": 0, "Shared Read Blocks": 4, "Shared Dirtied Blocks": 0, "Shared Written Blocks": 0, "Local Hit Blocks": 0, "Local Read Blocks": 0, "Local Dirtied Blocks": 0, "Local Written Blocks": 0, "Temp Read Blocks": 0, "Temp Written Blocks": 0, "I/O Read Time": 0.459, "I/O Write Time": 0.0}, {"Node Type": "Index Only Scan", "Parent Relationship": "Inner", "Parallel Aware": false, "Scan Direction": "Forward", "Index Name": "movie_id_movie_companies", "Relation Name": "movie_companies", "Schema": "public", "Alias": "mc", "Startup Cost": 0.43, "Total Cost": 4.47, "Plan Rows": 5, "Plan Width": 4, "Actual Startup Time": 0.19, "Actual Total Time": 0.191, "Actual Rows": 2, "Actual Loops": 1, "Output": ["mc.movie_id"], "Index Cond": "(mc.movie_id = ci.movie_id)", "Rows Removed by Index Recheck": 0, "Heap Fetches": 0, "Shared Hit Blocks": 2, "Shared Read Blocks": 2, "Shared Dirtied Blocks": 0, "Shared Written Blocks": 0, "Local Hit Blocks": 0, "Local Read Blocks": 0, "Local Dirtied Blocks": 0, "Local Written Blocks": 0, "Temp Read Blocks": 0, "Temp Written Blocks": 0, "I/O Read Time": 0.174, "I/O Write Time": 0.0}]}, {"Node Type": "Index Scan", "Parent Relationship": "Inner", "Parallel Aware": false, "Scan Direction": "Forward", "Index Name": "title_pkey", "Relation Name": "title", "Schema": "public", "Alias": "t", "Startup Cost": 0.43, "Total Cost": 0.52, "Plan Rows": 1, "Plan Width": 4, "Actual Startup Time": 0.146, "Actual Total Time": 0.146, "Actual Rows": 1, "Actual Loops": 2, "Output": ["t.id", "t.title", "t.imdb_index", "t.kind_id", "t.production_year", "t.imdb_id", "t.phonetic_code", "t.episode_of_id", "t.season_nr", "t.episode_nr", "t.series_years", "t.md5sum"], "Index Cond": "(t.id = mc.movie_id)", "Rows Removed by Index Recheck": 0, "Filter": "(t.kind_id = 1)", "Rows Removed by Filter": 0, "Shared Hit Blocks": 5, "Shared Read Blocks": 3, "Shared Dirtied Blocks": 0, "Shared Written Blocks": 0, "Local Hit Blocks": 0, "Local Read Blocks": 0, "Local Dirtied Blocks": 0, "Local Written Blocks": 0, "Temp Read Blocks": 0, "Temp Written Blocks": 0, "I/O Read Time": 0.273, "I/O Write Time": 0.0}]}, {"Node Type": "Index Only Scan", "Parent Relationship": "Inner", "Parallel Aware": false, "Scan Direction": "Forward", "Index Name": "movie_id_movie_keyword", "Relation Name": "movie_keyword", "Schema": "public", "Alias": "mk", "Startup Cost": 0.43, "Total Cost": 1.29, "Plan Rows": 46, "Plan Width": 4, "Actual Startup Time": 0.093, "Actual Total Time": 0.094, "Actual Rows": 1, "Actual Loops": 2, "Output": ["mk.movie_id"], "Index Cond": "(mk.movie_id = t.id)", "Rows Removed by Index Recheck": 0, "Heap Fetches": 0, "Shared Hit Blocks": 5, "Shared Read Blocks": 2, "Shared Dirtied Blocks": 0, "Shared Written Blocks": 0, "Local Hit Blocks": 0, "Local Read Blocks": 0, "Local Dirtied Blocks": 0, "Local Written Blocks": 0, "Temp Read Blocks": 0, "Temp Written Blocks": 0, "I/O Read Time": 0.171, "I/O Write Time": 0.0}]}]}, "Planning": {"Shared Hit Blocks": 332, "Shared Read Blocks": 53, "Shared Dirtied Blocks": 0, "Shared Written Blocks": 0, "Local Hit Blocks": 0, "Local Read Blocks": 0, "Local Dirtied Blocks": 0, "Local Written Blocks": 0, "Temp Read Blocks": 0, "Temp Written Blocks": 0, "I/O Read Time": 4.248, "I/O Write Time": 0.0}, "Planning Time": 7.296, "Triggers": [], "Execution Time": 1.314}, "template": "scale", "query": "EXPLAIN (ANALYZE, COSTS, BUFFERS, VERBOSE, FORMAT JSON) SELECT COUNT(*) FROM title t,movie_companies mc,cast_info ci,movie_keyword mk WHERE t.id=mc.movie_id AND t.id=ci.movie_id AND t.id=mk.movie_id AND t.kind_id=1 AND ci.person_id=1675060 AND ci.role_id=1;"}
{"planinfo": {"Plan": {"Node Type": "Aggregate", "Strategy": "Plain", "Partial Mode": "Simple", "Parallel Aware": false, "Startup Cost": 493853.13, "Total Cost": 493853.14, "Plan Rows": 1, "Plan Width": 8, "Actual Startup Time": 6836.595, "Actual Total Time": 6836.599, "Actual Rows": 1, "Actual Loops": 1, "Output": ["count(*)"], "Shared Hit Blocks": 3, "Shared Read Blocks": 197991, "Shared Dirtied Blocks": 0, "Shared Written Blocks": 0, "Local Hit Blocks": 0, "Local Read Blocks": 0, "Local Dirtied Blocks": 0, "Local Written Blocks": 0, "Temp Read Blocks": 16654, "Temp Written Blocks": 16654, "I/O Read Time": 367.851, "I/O Write Time": 0.0, "Plans": [{"Node Type": "Hash Join", "Parent Relationship": "Outer", "Parallel Aware": false, "Join Type": "Inner", "Startup Cost": 79020.25, "Total Cost": 491955.96, "Plan Rows": 758870, "Plan Width": 0, "Actual Startup Time": 840.197, "Actual Total Time": 6731.082, "Actual Rows": 943298, "Actual Loops": 1, "Inner Unique": true, "Hash Cond": "(mi.movie_id = t.id)", "Shared Hit Blocks": 3, "Shared Read Blocks": 197991, "Shared Dirtied Blocks": 0, "Shared Written Blocks": 0, "Local Hit Blocks": 0, "Local Read Blocks": 0, "Local Dirtied Blocks": 0, "Local Written Blocks": 0, "Temp Read Blocks": 16654, "Temp Written Blocks": 16654, "I/O Read Time": 367.851, "I/O Write Time": 0.0, "Plans": [{"Node Type": "Seq Scan", "Parent Relationship": "Outer", "Parallel Aware": false, "Relation Name": "movie_info", "Schema": "public", "Alias": "mi", "Startup Cost": 0.0, "Total Cost": 347223.62, "Plan Rows": 6179452, "Plan Width": 4, "Actual Startup Time": 170.594, "Actual Total Time": 3223.314, "Actual Rows": 6223494, "Actual Loops": 1, "Output": ["mi.movie_id"], "Filter": "(mi.info_type_id > 8)", "Rows Removed by Filter": 8612226, "Shared Hit Blocks": 0, "Shared Read Blocks": 161993, "Shared Dirtied Blocks": 0, "Shared Written Blocks": 0, "Local Hit Blocks": 0, "Local Read Blocks": 0, "Local Dirtied Blocks": 0, "Local Written Blocks": 0, "Temp Read Blocks": 0, "Temp Written Blocks": 0, "I/O Read Time": 304.019, "I/O Write Time": 0.0}, {"Node Type": "Hash", "Parent Relationship": "Inner", "Parallel Aware": false, "Startup Cost": 73925.8, "Total Cost": 73925.8, "Plan Rows": 310516, "Plan Width": 4, "Actual Startup Time": 668.659, "Actual Total Time": 668.66, "Actual Rows": 266599, "Actual Loops": 1, "Output": ["t.id"], "Hash Buckets": 131072, "Original Hash Buckets": 131072, "Hash Batches": 8, "Original Hash Batches": 8, "Peak Memory Usage": 2191, "Shared Hit Blocks": 0, "Shared Read Blocks": 35998, "Shared Dirtied Blocks": 0, "Shared Written Blocks": 0, "Local Hit Blocks": 0, "Local Read Blocks": 0, "Local Dirtied Blocks": 0, "Local Written Blocks": 0, "Temp Read Blocks": 0, "Temp Written Blocks": 681, "I/O Read Time": 63.832, "I/O Write Time": 0.0, "Plans": [{"Node Type": "Seq Scan", "Parent Relationship": "Outer", "Parallel Aware": false, "Relation Name": "title", "Schema": "public", "Alias": "t", "Startup Cost": 0.0, "Total Cost": 73925.8, "Plan Rows": 310516, "Plan Width": 4, "Actual Startup Time": 0.218, "Actual Total Time": 574.707, "Actual Rows": 266599, "Actual Loops": 1, "Output": ["t.id"], "Filter": "((t.kind_id < 7) AND (t.production_year > 2007))", "Rows Removed by Filter": 2261713, "Shared Hit Blocks": 0, "Shared Read Blocks": 35998, "Shared Dirtied Blocks": 0, "Shared Written Blocks": 0, "Local Hit Blocks": 0, "Local Read Blocks": 0, "Local Dirtied Blocks": 0, "Local Written Blocks": 0, "Temp Read Blocks": 0, "Temp Written Blocks": 0, "I/O Read Time": 63.832, "I/O Write Time": 0.0}]}]}]}, "Planning": {"Shared Hit Blocks": 106, "Shared Read Blocks": 32, "Shared Dirtied Blocks": 0, "Shared Written Blocks": 0, "Local Hit Blocks": 0, "Local Read Blocks": 0, "Local Dirtied Blocks": 0, "Local Written Blocks": 0, "Temp Read Blocks": 0, "Temp Written Blocks": 0, "I/O Read Time": 2.083, "I/O Write Time": 0.0}, "Planning Time": 3.065, "Triggers": [], "Execution Time": 6836.745}, "template": "scale", "query": "EXPLAIN (ANALYZE, COSTS, BUFFERS, VERBOSE, FORMAT JSON) SELECT COUNT(*) FROM title t,movie_info mi WHERE t.id=mi.movie_id AND t.kind_id<7 AND t.production_year>2007 AND mi.info_type_id>8;"}
{"planinfo": {"Plan": {"Node Type": "Aggregate", "Strategy": "Plain", "Partial Mode": "Simple", "Parallel Aware": false, "Startup Cost": 273.47, "Total Cost": 273.48, "Plan Rows": 1, "Plan Width": 8, "Actual Startup Time": 15.291, "Actual Total Time": 15.291, "Actual Rows": 1, "Actual Loops": 1, "Output": ["count(*)"], "Shared Hit Blocks": 0, "Shared Read Blocks": 168, "Shared Dirtied Blocks": 0, "Shared Written Blocks": 0, "Local Hit Blocks": 0, "Local Read Blocks": 0, "Local Dirtied Blocks": 0, "Local Written Blocks": 0, "Temp Read Blocks": 0, "Temp Written Blocks": 0, "I/O Read Time": 14.903, "I/O Write Time": 0.0, "Plans": [{"Node Type": "Index Scan", "Parent Relationship": "Outer", "Parallel Aware": false, "Scan Direction": "Forward", "Index Name": "company_id_movie_companies", "Relation Name": "movie_companies", "Schema": "public", "Alias": "mc", "Startup Cost": 0.43, "Total Cost": 273.35, "Plan Rows": 49, "Plan Width": 0, "Actual Startup Time": 0.385, "Actual Total Time": 15.253, "Actual Rows": 176, "Actual Loops": 1, "Output": ["id", "movie_id", "company_id", "company_type_id", "note"], "Index Cond": "(mc.company_id = 16041)", "Rows Removed by Index Recheck": 0, "Filter": "(mc.company_type_id = 1)", "Rows Removed by Filter": 0, "Shared Hit Blocks": 0, "Shared Read Blocks": 168, "Shared Dirtied Blocks": 0, "Shared Written Blocks": 0, "Local Hit Blocks": 0, "Local Read Blocks": 0, "Local Dirtied Blocks": 0, "Local Written Blocks": 0, "Temp Read Blocks": 0, "Temp Written Blocks": 0, "I/O Read Time": 14.903, "I/O Write Time": 0.0}]}, "Planning": {"Shared Hit Blocks": 63, "Shared Read Blocks": 11, "Shared Dirtied Blocks": 0, "Shared Written Blocks": 0, "Local Hit Blocks": 0, "Local Read Blocks": 0, "Local Dirtied Blocks": 0, "Local Written Blocks": 0, "Temp Read Blocks": 0, "Temp Written Blocks": 0, "I/O Read Time": 0.835, "I/O Write Time": 0.0}, "Planning Time": 1.364, "Triggers": [], "Execution Time": 15.322}, "template": "scale", "query": "EXPLAIN (ANALYZE, COSTS, BUFFERS, VERBOSE, FORMAT JSON) SELECT COUNT(*) FROM movie_companies mc WHERE mc.company_id=16041 AND mc.company_type_id=1;"}
{"planinfo": {"Plan": {"Node Type": "Aggregate", "Strategy": "Plain", "Partial Mode": "Simple", "Parallel Aware": false, "Startup Cost": 624544.35, "Total Cost": 624544.36, "Plan Rows": 1, "Plan Width": 8, "Actual Startup Time": 8395.282, "Actual Total Time": 8395.287, "Actual Rows": 1, "Actual Loops": 1, "Output": ["count(*)"], "Shared Hit Blocks": 3, "Shared Read Blocks": 222445, "Shared Dirtied Blocks": 0, "Shared Written Blocks": 0, "Local Hit Blocks": 0, "Local Read Blocks": 0, "Local Dirtied Blocks": 0, "Local Written Blocks": 0, "Temp Read Blocks": 22994, "Temp Written Blocks": 22994, "I/O Read Time": 475.002, "I/O Write Time": 0.0, "Plans": [{"Node Type": "Hash Join", "Parent Relationship": "Outer", "Parallel Aware": false, "Join Type": "Inner", "Startup Cost": 478862.73, "Total Cost": 620512.63, "Plan Rows": 1612687, "Plan Width": 0, "Actual Startup Time": 5125.494, "Actual Total Time": 8265.901, "Actual Rows": 1226219, "Actual Loops": 1, "Inner Unique": false, "Hash Cond": "(mk.movie_id = t.id)", "Shared Hit Blocks": 3, "Shared Read Blocks": 222445, "Shared Dirtied Blocks": 0, "Shared Written Blocks": 0, "Local Hit Blocks": 0, "Local Read Blocks": 0, "Local Dirtied Blocks": 0, "Local Written Blocks": 0, "Temp Read Blocks": 22994, "Temp Written Blocks": 22994, "I/O Read Time": 475.002, "I/O Write Time": 0.0, "Plans": [{"Node Type": "Seq Scan", "Parent Relationship": "Outer", "Parallel Aware": false, "Relation Name": "movie_keyword", "Schema": "public", "Alias": "mk", "Startup Cost": 0.0, "Total Cost": 69693.3, "Plan Rows": 4523930, "Plan Width": 4, "Actual Startup Time": 0.121, "Actual Total Time": 978.552, "Actual Rows": 4523930, "Actual Loops": 1, "Output": ["mk.movie_id"], "Shared Hit Blocks": 0, "Shared Read Blocks": 24454, "Shared Dirtied Blocks": 0, "Shared Written Blocks": 0, "Local Hit Blocks": 0, "Local Read Blocks": 0, "Local Dirtied Blocks": 0, "Local Written Blocks": 0, "Temp Read Blocks": 0, "Temp Written Blocks": 0, "I/O Read Time": 134.191, "I/O Write Time": 0.0}, {"Node Type": "Hash", "Parent Relationship": "Inner", "Parallel Aware": false, "Startup Cost": 464074.66, "Total Cost": 464074.66, "Plan Rows": 901365, "Plan Width": 8, "Actual Startup Time": 5124.283, "Actual Total Time": 5124.286, "Actual Rows": 575675, "Actual Loops": 1, "Output": ["t.id", "mi.movie_id"], "Hash Buckets": 131072, "Original Hash Buckets": 131072, "Hash Batches": 16, "Original Hash Batches": 16, "Peak Memory Usage": 2428, "Shared Hit Blocks": 0, "Shared Read Blocks": 197991, "Shared Dirtied Blocks": 0, "Shared Written Blocks": 0, "Local Hit Blocks": 0, "Local Read Blocks": 0, "Local Dirtied Blocks": 0, "Local Written Blocks": 0, "Temp Read Blocks": 8726, "Temp Written Blocks": 10563, "I/O Read Time": 340.811, "I/O Write Time": 0.0, "Plans": [{"Node Type": "Hash Join", "Parent Relationship": "Outer", "Parallel Aware": false, "Join Type": "Inner", "Startup Cost": 96453.71, "Total Cost": 464074.66, "Plan Rows": 901365, "Plan Width": 8, "Actual Startup Time": 3183.326, "Actual Total Time": 4942.365, "Actual Rows": 575675, "Actual Loops": 1, "Output": ["t.id", "mi.movie_id"], "Inner Unique": true, "Hash Cond": "(mi.movie_id = t.id)", "Shared Hit Blocks": 0, "Shared Read Blocks": 197991, "Shared Dirtied Blocks": 0, "Shared Written Blocks": 0, "Local Hit Blocks": 0, "Local Read Blocks": 0, "Local Dirtied Blocks": 0, "Local Written Blocks": 0, "Temp Read Blocks": 8726, "Temp Written Blocks": 8726, "I/O Read Time": 340.811, "I/O Write Time": 0.0, "Plans": [{"Node Type": "Seq Scan", "Parent Relationship": "Outer", "Parallel Aware": false, "Relation Name": "movie_info", "Schema": "public", "Alias": "mi", "Startup Cost": 0.0, "Total Cost": 347223.62, "Plan Rows": 1296120, "Plan Width": 4, "Actual Startup Time": 1997.998, "Actual Total Time": 2819.255, "Actual Rows": 1288928, "Actual Loops": 1, "Output": ["mi.movie_id"], "Filter": "(mi.info_type_id = 2)", "Rows Removed by Filter": 13546792, "Shared Hit Blocks": 0, "Shared Read Blocks": 161993, "Shared Dirtied Blocks": 0, "Shared Written Blocks": 0, "Local Hit Blocks": 0, "Local Read Blocks": 0, "Local Dirtied Blocks": 0, "Local Written Blocks": 0, "Temp Read Blocks": 0, "Temp Written Blocks": 0, "I/O Read Time": 284.333, "I/O Write Time": 0.0}, {"Node Type": "Hash", "Parent Relationship": "Inner", "Parallel Aware": false, "Startup Cost": 67604.5, "Total Cost": 67604.5, "Plan Rows": 1758417, "Plan Width": 4, "Actual Startup Time": 1183.934, "Actual Total Time": 1183.935, "Actual Rows": 1774635, "Actual Loops": 1, "Output": ["t.id"], "Hash Buckets": 131072, "Original Hash Buckets": 131072, "Hash Batches": 32, "Original Hash Batches": 32, "Peak Memory Usage": 2978, "Shared Hit Blocks": 0, "Shared Read Blocks": 35998, "Shared Dirtied Blocks": 0, "Shared Written Blocks": 0, "Local Hit Blocks": 0, "Local Read Blocks": 0, "Local Dirtied Blocks": 0, "Local Written Blocks": 0, "Temp Read Blocks": 0, "Temp Written Blocks": 5023, "I/O Read Time": 56.478, "I/O Write Time": 0.0, "Plans": [{"Node Type": "Seq Scan", "Parent Relationship": "Outer", "Parallel Aware": false, "Relation Name": "title", "Schema": "public", "Alias": "t", "Startup Cost": 0.0, "Total Cost": 67604.5, "Plan Rows": 1758417, "Plan Width": 4, "Actual Startup Time": 0.162, "Actual Total Time": 644.571, "Actual Rows": 1774635, "Actual Loops": 1, "Output": ["t.id"], "Filter": "(t.kind_id > 2)", "Rows Removed by Filter": 753677, "Shared Hit Blocks": 0, "Shared Read Blocks": 35998, "Shared Dirtied Blocks": 0, "Shared Written Blocks": 0, "Local Hit Blocks": 0, "Local Read Blocks": 0, "Local Dirtied Blocks": 0, "Local Written Blocks": 0, "Temp Read Blocks": 0, "Temp Written Blocks": 0, "I/O Read Time": 56.478, "I/O Write Time": 0.0}]}]}]}]}]}, "Planning": {"Shared Hit Blocks": 188, "Shared Read Blocks": 37, "Shared Dirtied Blocks": 0, "Shared Written Blocks": 0, "Local Hit Blocks": 0, "Local Read Blocks": 0, "Local Dirtied Blocks": 0, "Local Written Blocks": 0, "Temp Read Blocks": 0, "Temp Written Blocks": 0, "I/O Read Time": 2.78, "I/O Write Time": 0.0}, "Planning Time": 4.312, "Triggers": [], "Execution Time": 8395.85}, "template": "scale", "query": "EXPLAIN (ANALYZE, COSTS, BUFFERS, VERBOSE, FORMAT JSON) SELECT COUNT(*) FROM title t,movie_info mi,movie_keyword mk WHERE t.id=mi.movie_id AND t.id=mk.movie_id AND t.kind_id>2 AND mi.info_type_id=2;"}
{"planinfo": {"Plan": {"Node Type": "Aggregate", "Strategy": "Plain", "Partial Mode": "Simple", "Parallel Aware": false, "Startup Cost": 162990.26, "Total Cost": 162990.27, "Plan Rows": 1, "Plan Width": 8, "Actual Startup Time": 3056.246, "Actual Total Time": 3056.25, "Actual Rows": 1, "Actual Loops": 1, "Output": ["count(*)"], "Shared Hit Blocks": 3, "Shared Read Blocks": 54788, "Shared Dirtied Blocks": 0, "Shared Written Blocks": 0, "Local Hit Blocks": 0, "Local Read Blocks": 0, "Local Dirtied Blocks": 0, "Local Written Blocks": 0, "Temp Read Blocks": 9966, "Temp Written Blocks": 9966, "I/O Read Time": 156.32, "I/O Write Time": 0.0, "Plans": [{"Node Type": "Hash Join", "Parent Relationship": "Outer", "Parallel Aware": false, "Join Type": "Inner", "Startup Cost": 84282.56, "Total Cost": 160367.83, "Plan Rows": 1048973, "Plan Width": 0, "Actual Startup Time": 946.742, "Actual Total Time": 2967.818, "Actual Rows": 829639, "Actual Loops": 1, "Inner Unique": true, "Hash Cond": "(mc.movie_id = t.id)", "Shared Hit Blocks": 3, "Shared Read Blocks": 54788, "Shared Dirtied Blocks": 0, "Shared Written Blocks": 0, "Local Hit Blocks": 0, "Local Read Blocks": 0, "Local Dirtied Blocks": 0, "Local Written Blocks": 0, "Temp Read Blocks": 9966, "Temp Written Blocks": 9966, "I/O Read Time": 156.32, "I/O Write Time": 0.0, "Plans": [{"Node Type": "Seq Scan", "Parent Relationship": "Outer", "Parallel Aware": false, "Relation Name": "movie_companies", "Schema": "public", "Alias": "mc", "Startup Cost": 0.0, "Total Cost": 44881.29, "Plan Rows": 2609129, "Plan Width": 4, "Actual Startup Time": 0.123, "Actual Total Time": 593.891, "Actual Rows": 2609129, "Actual Loops": 1, "Output": ["mc.movie_id"], "Shared Hit Blocks": 0, "Shared Read Blocks": 18790, "Shared Dirtied Blocks": 0, "Shared Written Blocks": 0, "Local Hit Blocks": 0, "Local Read Blocks": 0, "Local Dirtied Blocks": 0, "Local Written Blocks": 0, "Temp Read Blocks": 0, "Temp Written Blocks": 0, "I/O Read Time": 97.723, "I/O Write Time": 0.0}, {"Node Type": "Hash", "Parent Relationship": "Inner", "Parallel Aware": false, "Startup Cost": 67604.5, "Total Cost": 67604.5, "Plan Rows": 1016565, "Plan Width": 4, "Actual Startup Time": 946.0, "Actual Total Time": 946.001, "Actual Rows": 1012920, "Actual Loops": 1, "Output": ["t.id"], "Hash Buckets": 131072, "Original Hash Buckets": 131072, "Hash Batches": 16, "Original Hash Batches": 16, "Peak Memory Usage": 3250, "Shared Hit Blocks": 0, "Shared Read Blocks": 35998, "Shared Dirtied Blocks": 0, "Shared Written Blocks": 0, "Local Hit Blocks": 0, "Local Read Blocks": 0, "Local Dirtied Blocks": 0, "Local Written Blocks": 0, "Temp Read Blocks": 0, "Temp Written Blocks": 2775, "I/O Read Time": 58.596, "I/O Write Time": 0.0, "Plans": [{"Node Type": "Seq Scan", "Parent Relationship": "Outer", "Parallel Aware": false, "Relation Name": "title", "Schema": "public", "Alias": "t", "Startup Cost": 0.0, "Total Cost": 67604.5, "Plan Rows": 1016565, "Plan Width": 4, "Actual Startup Time": 0.143, "Actual Total Time": 616.944, "Actual Rows": 1012920, "Actual Loops": 1, "Output": ["t.id"], "Filter": "(t.production_year > 2005)", "Rows Removed by Filter": 1515392, "Shared Hit Blocks": 0, "Shared Read Blocks": 35998, "Shared Dirtied Blocks": 0, "Shared Written Blocks": 0, "Local Hit Blocks": 0, "Local Read Blocks": 0, "Local Dirtied Blocks": 0, "Local Written Blocks": 0, "Temp Read Blocks": 0, "Temp Written Blocks": 0, "I/O Read Time": 58.596, "I/O Write Time": 0.0}]}]}]}, "Planning": {"Shared Hit Blocks": 116, "Shared Read Blocks": 27, "Shared Dirtied Blocks": 0, "Shared Written Blocks": 0, "Local Hit Blocks": 0, "Local Read Blocks": 0, "Local Dirtied Blocks": 0, "Local Written Blocks": 0, "Temp Read Blocks": 0, "Temp Written Blocks": 0, "I/O Read Time": 1.909, "I/O Write Time": 0.0}, "Planning Time": 2.827, "Triggers": [], "Execution Time": 3056.438}, "template": "scale", "query": "EXPLAIN (ANALYZE, COSTS, BUFFERS, VERBOSE, FORMAT JSON) SELECT COUNT(*) FROM title t,movie_companies mc WHERE t.id=mc.movie_id AND t.production_year>2005;"}
{"planinfo": {"Plan": {"Node Type": "Aggregate", "Strategy": "Plain", "Partial Mode": "Simple", "Parallel Aware": false, "Startup Cost": 147797.02, "Total Cost": 147797.03, "Plan Rows": 1, "Plan Width": 8, "Actual Startup Time": 3705.202, "Actual Total Time": 3705.207, "Actual Rows": 1, "Actual Loops": 1, "Output": ["count(*)"], "Shared Hit Blocks": 365282, "Shared Read Blocks": 64662, "Shared Dirtied Blocks": 0, "Shared Written Blocks": 0, "Local Hit Blocks": 0, "Local Read Blocks": 0, "Local Dirtied Blocks": 0, "Local Written Blocks": 0, "Temp Read Blocks": 0, "Temp Written Blocks": 0, "I/O Read Time": 2619.361, "I/O Write Time": 0.0, "Plans": [{"Node Type": "Nested Loop", "Parent Relationship": "Outer", "Parallel Aware": false, "Join Type": "Inner", "Startup Cost": 50772.84, "Total Cost": 147787.16, "Plan Rows": 3945, "Plan Width": 0, "Actual Startup Time": 130.218, "Actual Total Time": 3700.9, "Actual Rows": 24879, "Actual Loops": 1, "Inner Unique": false, "Join Filter": "(t.id = ci.movie_id)", "Rows Removed by Join Filter": 0, "Shared Hit Blocks": 365282, "Shared Read Blocks": 64662, "Shared Dirtied Blocks": 0, "Shared Written Blocks": 0, "Local Hit Blocks": 0, "Local Read Blocks": 0, "Local Dirtied Blocks": 0, "Local Written Blocks": 0, "Temp Read Blocks": 0, "Temp Written Blocks": 0, "I/O Read Time": 2619.361, "I/O Write Time": 0.0, "Plans": [{"Node Type": "Nested Loop", "Parent Relationship": "Outer", "Parallel Aware": false, "Join Type": "Inner", "Startup Cost": 50772.4, "Total Cost": 135296.71, "Plan Rows": 5755, "Plan Width": 12, "Actual Startup Time": 129.894, "Actual Total Time": 896.641, "Actual Rows": 5775, "Actual Loops": 1, "Output": ["t.id", "mc.movie_id", "mi_idx.movie_id"], "Inner Unique": false, "Shared Hit Blocks": 10113, "Shared Read Blocks": 40919, "Shared Dirtied Blocks": 0, "Shared Written Blocks": 0, "Local Hit Blocks": 0, "Local Read Blocks": 0, "Local Dirtied Blocks": 0, "Local Written Blocks": 0, "Temp Read Blocks": 0, "Temp Written Blocks": 0, "I/O Read Time": 175.136, "I/O Write Time": 0.0, "Plans": [{"Node Type": "Hash Join", "Parent Relationship": "Outer", "Parallel Aware": false, "Join Type": "Inner", "Startup Cost": 50771.97, "Total Cost": 129567.95, "Plan Rows": 10545, "Plan Width": 8, "Actual Startup Time": 129.847, "Actual Total Time": 857.388, "Actual Rows": 3417, "Actual Loops": 1, "Output": ["t.id", "mc.movie_id"], "Inner Unique": false, "Hash Cond": "(t.id = mc.movie_id)", "Shared Hit Blocks": 3, "Shared Read Blocks": 40777, "Shared Dirtied Blocks": 0, "Shared Written Blocks": 0, "Local Hit Blocks": 0, "Local Read Blocks": 0, "Local Dirtied Blocks": 0, "Local Written Blocks": 0, "Temp Read Blocks": 0, "Temp Written Blocks": 0, "I/O Read Time": 156.057, "I/O Write Time": 0.0, "Plans": [{"Node Type": "Seq Scan", "Parent Relationship": "Outer", "Parallel Aware": false, "Relation Name": "title", "Schema": "public", "Alias": "t", "Startup Cost": 0.0, "Total Cost": 73925.8, "Plan Rows": 544540, "Plan Width": 4, "Actual Startup Time": 0.134, "Actual Total Time": 577.808, "Actual Rows": 602403, "Actual Loops": 1, "Output": ["t.id", "t.title", "t.imdb_index", "t.kind_id", "t.production_year", "t.imdb_id", "t.phonetic_code", "t.episode_of_id", "t.season_nr", "t.episode_nr", "t.series_years", "t.md5sum"], "Filter": "((t.production_year > 2006) AND (t.kind_id = 7))", "Rows Removed by Filter": 1925909, "Shared Hit Blocks": 0, "Shared Read Blocks": 35998, "Shared Dirtied Blocks": 0, "Shared Written Blocks": 0, "Local Hit Blocks": 0, "Local Read Blocks": 0, "Local Dirtied Blocks": 0, "Local Written Blocks": 0, "Temp Read Blocks": 0, "Temp Written Blocks": 0, "I/O Read Time": 63.162, "I/O Write Time": 0.0}, {"Node Type": "Hash", "Parent Relationship": "Inner", "Parallel Aware": false, "Startup Cost": 50159.91, "Total Cost": 50159.91, "Plan Rows": 48965, "Plan Width": 4, "Actual Startup Time": 129.185, "Actual Total Time": 129.186, "Actual Rows": 47252, "Actual Loops": 1, "Output": ["mc.movie_id"], "Hash Buckets": 65536, "Original Hash Buckets": 65536, "Hash Batches": 1, "Original Hash Batches": 1, "Peak Memory Usage": 2174, "Shared Hit Blocks": 0, "Shared Read Blocks": 4779, "Shared Dirtied Blocks": 0, "Shared Written Blocks": 0, "Local Hit Blocks": 0, "Local Read Blocks": 0, "Local Dirtied Blocks": 0, "Local Written Blocks": 0, "Temp Read Blocks": 0, "Temp Written Blocks": 0, "I/O Read Time": 92.894, "I/O Write Time": 0.0, "Plans": [{"Node Type": "Index Scan", "Parent Relationship": "Outer", "Parallel Aware": false, "Scan Direction": "Forward", "Index Name": "company_id_movie_companies", "Relation Name": "movie_companies", "Schema": "public", "Alias": "mc", "Startup Cost": 0.43, "Total Cost": 50159.91, "Plan Rows": 48965, "Plan Width": 4, "Actual Startup Time": 0.339, "Actual Total Time": 115.555, "Actual Rows": 47252, "Actual Loops": 1, "Output": ["mc.movie_id"], "Index Cond": "(mc.company_id = 19)", "Rows Removed by Index Recheck": 0, "Shared Hit Blocks": 0, "Shared Read Blocks": 4779, "Shared Dirtied Blocks": 0, "Shared Written Blocks": 0, "Local Hit Blocks": 0, "Local Read Blocks": 0, "Local Dirtied Blocks": 0, "Local Written Blocks": 0, "Temp Read Blocks": 0, "Temp Written Blocks": 0, "I/O Read Time": 92.894, "I/O Write Time": 0.0}]}]}, {"Node Type": "Index Only Scan", "Parent Relationship": "Inner", "Parallel Aware": false, "Scan Direction": "Forward", "Index Name": "movie_id_movie_info_idx", "Relation Name": "movie_info_idx", "Schema": "public", "Alias": "mi_idx", "Startup Cost": 0.43, "Total Cost": 0.51, "Plan Rows": 3, "Plan Width": 4, "Actual Startup Time": 0.01, "Actual Total Time": 0.01, "Actual Rows": 2, "Actual Loops": 3417, "Output": ["mi_idx.movie_id"], "Index Cond": "(mi_idx.movie_id = t.id)", "Rows Removed by Index Recheck": 0, "Heap Fetches": 0, "Shared Hit Blocks": 10110, "Shared Read Blocks": 142, "Shared Dirtied Blocks": 0, "Shared Written Blocks": 0, "Local Hit Blocks": 0, "Local Read Blocks": 0, "Local Dirtied Blocks": 0, "Local Written Blocks": 0, "Temp Read Blocks": 0, "Temp Written Blocks": 0, "I/O Read Time": 19.08, "I/O Write Time": 0.0}]}, {"Node Type": "Index Scan", "Parent Relationship": "Inner", "Parallel Aware": false, "Scan Direction": "Forward", "Index Name": "movie_id_cast_info", "Relation Name": "cast_info", "Schema": "public", "Alias": "ci", "Startup Cost": 0.44, "Total Cost": 2.15, "Plan Rows": 2, "Plan Width": 4, "Actual Startup Time": 0.041, "Actual Total Time": 0.484, "Actual Rows": 4, "Actual Loops": 5775, "Output": ["ci.id", "ci.person_id", "ci.movie_id", "ci.person_role_id", "ci.note", "ci.nr_order", "ci.role_id"], "Index Cond": "(ci.movie_id = mi_idx.movie_id)", "Rows Removed by Index Recheck": 0, "Filter": "((ci.person_id < 493729) AND (ci.role_id = 1))", "Rows Removed by Filter": 59, "Shared Hit Blocks": 355169, "Shared Read Blocks": 23743, "Shared Dirtied Blocks": 0, "Shared Written Blocks": 0, "Local Hit Blocks": 0, "Local Read Blocks": 0, "Local Dirtied Blocks": 0, "Local Written Blocks": 0, "Temp Read Blocks": 0, "Temp Written Blocks": 0, "I/O Read Time": 2444.225, "I/O Write Time": 0.0}]}]}, "Planning": {"Shared Hit Blocks": 338, "Shared Read Blocks": 54, "Shared Dirtied Blocks": 0, "Shared Written Blocks": 0, "Local Hit Blocks": 0, "Local Read Blocks": 0, "Local Dirtied Blocks": 0, "Local Written Blocks": 0, "Temp Read Blocks": 0, "Temp Written Blocks": 0, "I/O Read Time": 4.289, "I/O Write Time": 0.0}, "Planning Time": 7.067, "Triggers": [], "Execution Time": 3705.614}, "template": "scale", "query": "EXPLAIN (ANALYZE, COSTS, BUFFERS, VERBOSE, FORMAT JSON) SELECT COUNT(*) FROM title t,movie_companies mc,cast_info ci,movie_info_idx mi_idx WHERE t.id=mc.movie_id AND t.id=ci.movie_id AND t.id=mi_idx.movie_id AND t.kind_id=7 AND t.production_year>2006 AND mc.company_id=19 AND ci.person_id<493729 AND ci.role_id=1;"}
{"planinfo": {"Plan": {"Node Type": "Aggregate", "Strategy": "Plain", "Partial Mode": "Simple", "Parallel Aware": false, "Startup Cost": 660343.56, "Total Cost": 660343.57, "Plan Rows": 1, "Plan Width": 8, "Actual Startup Time": 61523.863, "Actual Total Time": 61523.865, "Actual Rows": 1, "Actual Loops": 1, "Output": ["count(*)"], "Shared Hit Blocks": 14228992, "Shared Read Blocks": 53835, "Shared Dirtied Blocks": 0, "Shared Written Blocks": 0, "Local Hit Blocks": 0, "Local Read Blocks": 0, "Local Dirtied Blocks": 0, "Local Written Blocks": 0, "Temp Read Blocks": 0, "Temp Written Blocks": 0, "I/O Read Time": 471.308, "I/O Write Time": 0.0, "Plans": [{"Node Type": "Merge Join", "Parent Relationship": "Outer", "Parallel Aware": false, "Join Type": "Inner", "Startup Cost": 37.74, "Total Cost": 646449.59, "Plan Rows": 5557587, "Plan Width": 0, "Actual Startup Time": 0.328, "Actual Total Time": 49354.476, "Actual Rows": 115968104, "Actual Loops": 1, "Inner Unique": false, "Merge Cond": "(t.id = mi.movie_id)", "Shared Hit Blocks": 14228992, "Shared Read Blocks": 53835, "Shared Dirtied Blocks": 0, "Shared Written Blocks": 0, "Local Hit Blocks": 0, "Local Read Blocks": 0, "Local Dirtied Blocks": 0, "Local Written Blocks": 0, "Temp Read Blocks": 0, "Temp Written Blocks": 0, "I/O Read Time": 471.308, "I/O Write Time": 0.0, "Plans": [{"Node Type": "Merge Join", "Parent Relationship": "Outer", "Parallel Aware": false, "Join Type": "Inner", "Startup Cost": 15.01, "Total Cost": 225692.57, "Plan Rows": 948309, "Plan Width": 12, "Actual Startup Time": 0.19, "Actual Total Time": 3699.444, "Actual Rows": 2709766, "Actual Loops": 1, "Output": ["t.id", "mc.movie_id", "mi_idx.movie_id"], "Inner Unique": false, "Merge Cond": "(t.id = mc.movie_id)", "Shared Hit Blocks": 38941, "Shared Read Blocks": 28004, "Shared Dirtied Blocks": 0, "Shared Written Blocks": 0, "Local Hit Blocks": 0, "Local Read Blocks": 0, "Local Dirtied Blocks": 0, "Local Written Blocks": 0, "Temp Read Blocks": 0, "Temp Written Blocks": 0, "I/O Read Time": 290.699, "I/O Write Time": 0.0, "Plans": [{"Node Type": "Merge Join", "Parent Relationship": "Outer", "Parallel Aware": false, "Join Type": "Inner", "Startup Cost": 9.94, "Total Cost": 141902.23, "Plan Rows": 919011, "Plan Width": 8, "Actual Startup Time": 0.17, "Actual Total Time": 1961.886, "Actual Rows": 919835, "Actual Loops": 1, "Output": ["t.id", "mi_idx.movie_id"], "Inner Unique": false, "Merge Cond": "(t.id = mi_idx.movie_id)", "Shared Hit Blocks": 36369, "Shared Read Blocks": 21407, "Shared Dirtied Blocks": 0, "Shared Written Blocks": 0, "Local Hit Blocks": 0, "Local Read Blocks": 0, "Local Dirtied Blocks": 0, "Local Written Blocks": 0, "Temp Read Blocks": 0, "Temp Written Blocks": 0, "I/O Read Time": 252.505, "I/O Write Time": 0.0, "Plans": [{"Node Type": "Index Only Scan", "Parent Relationship": "Outer", "Parallel Aware": false, "Scan Direction": "Forward", "Index Name": "title_pkey", "Relation Name": "title", "Schema": "public", "Alias": "t", "Startup Cost": 0.43, "Total Cost": 73940.23, "Plan Rows": 2528520, "Plan Width": 4, "Actual Startup Time": 0.017, "Actual Total Time": 696.225, "Actual Rows": 2525757, "Actual Loops": 1, "Output": ["t.id"], "Heap Fetches": 0, "Shared Hit Blocks": 23441, "Shared Read Blocks": 8963, "Shared Dirtied Blocks": 0, "Shared Written Blocks": 0, "Local Hit Blocks": 0, "Local Read Blocks": 0, "Local Dirtied Blocks": 0, "Local Written Blocks": 0, "Temp Read Blocks": 0, "Temp Written Blocks": 0, "I/O Read Time": 178.402, "I/O Write Time": 0.0}, {"Node Type": "Index Scan", "Parent Relationship": "Inner", "Parallel Aware": false, "Scan Direction": "Forward", "Index Name": "movie_id_movie_info_idx", "Relation Name": "movie_info_idx", "Schema": "public", "Alias": "mi_idx", "Startup Cost": 0.43, "Total Cost": 50235.25, "Plan Rows": 919011, "Plan Width": 4, "Actual Startup Time": 0.15, "Actual Total Time": 679.381, "Actual Rows": 919835, "Actual Loops": 1, "Output": ["mi_idx.id", "mi_idx.movie_id", "mi_idx.info_type_id", "mi_idx.info", "mi_idx.note"], "Filter": "(mi_idx.info_type_id < 101)", "Rows Removed by Filter": 460177, "Shared Hit Blocks": 12928, "Shared Read Blocks": 12444, "Shared Dirtied Blocks": 0, "Shared Written Blocks": 0, "Local Hit Blocks": 0, "Local Read Blocks": 0, "Local Dirtied Blocks": 0, "Local Written Blocks": 0, "Temp Read Blocks": 0, "Temp Written Blocks": 0, "I/O Read Time": 74.103, "I/O Write Time": 0.0}]}, {"Node Type": "Index Only Scan", "Parent Relationship": "Inner", "Parallel Aware": false, "Scan Direction": "Forward", "Index Name": "movie_id_movie_companies", "Relation Name": "movie_companies", "Schema": "public", "Alias": "mc", "Startup Cost": 0.43, "Total Cost": 65637.36, "Plan Rows": 2609129, "Plan Width": 4, "Actual Startup Time": 0.018, "Actual Total Time": 774.259, "Actual Rows": 3964012, "Actual Loops": 1, "Output": ["mc.movie_id"], "Heap Fetches": 0, "Shared Hit Blocks": 2572, "Shared Read Blocks": 6597, "Shared Dirtied Blocks": 0, "Shared Written Blocks": 0, "Local Hit Blocks": 0, "Local Read Blocks": 0, "Local Dirtied Blocks": 0, "Local Written Blocks": 0, "Temp Read Blocks": 0, "Temp Written Blocks": 0, "I/O Read Time": 38.193, "I/O Write Time": 0.0}]}, {"Node Type": "Index Only Scan", "Parent Relationship": "Inner", "Parallel Aware": false, "Scan Direction": "Forward", "Index Name": "movie_id_movie_info", "Relation Name": "movie_info", "Schema": "public", "Alias": "mi", "Startup Cost": 0.43, "Total Cost": 325993.18, "Plan Rows": 14818450, "Plan Width": 4, "Actual Startup Time": 0.023, "Actual Total Time": 23568.966, "Actual Rows": 124356966, "Actual Loops": 1, "Output": ["mi.movie_id"], "Heap Fetches": 0, "Shared Hit Blocks": 14190051, "Shared Read Blocks": 25831, "Shared Dirtied Blocks": 0, "Shared Written Blocks": 0, "Local Hit Blocks": 0, "Local Read Blocks": 0, "Local Dirtied Blocks": 0, "Local Written Blocks": 0, "Temp Read Blocks": 0, "Temp Written Blocks": 0, "I/O Read Time": 180.609, "I/O Write Time": 0.0}]}]}, "Planning": {"Shared Hit Blocks": 307, "Shared Read Blocks": 49, "Shared Dirtied Blocks": 0, "Shared Written Blocks": 0, "Local Hit Blocks": 0, "Local Read Blocks": 0, "Local Dirtied Blocks": 0, "Local Written Blocks": 0, "Temp Read Blocks": 0, "Temp Written Blocks": 0, "I/O Read Time": 3.851, "I/O Write Time": 0.0}, "Planning Time": 6.564, "Triggers": [], "Execution Time": 61524.01}, "template": "scale", "query": "EXPLAIN (ANALYZE, COSTS, BUFFERS, VERBOSE, FORMAT JSON) SELECT COUNT(*) FROM title t,movie_companies mc,movie_info mi,movie_info_idx mi_idx WHERE t.id=mc.movie_id AND t.id=mi.movie_id AND t.id=mi_idx.movie_id AND mi_idx.info_type_id<101;"}
{"planinfo": {"Plan": {"Node Type": "Aggregate", "Strategy": "Plain", "Partial Mode": "Simple", "Parallel Aware": false, "Startup Cost": 297329.54, "Total Cost": 297329.55, "Plan Rows": 1, "Plan Width": 8, "Actual Startup Time": 7772.938, "Actual Total Time": 7772.943, "Actual Rows": 1, "Actual Loops": 1, "Output": ["count(*)"], "Shared Hit Blocks": 3, "Shared Read Blocks": 72628, "Shared Dirtied Blocks": 0, "Shared Written Blocks": 0, "Local Hit Blocks": 0, "Local Read Blocks": 0, "Local Dirtied Blocks": 0, "Local Written Blocks": 0, "Temp Read Blocks": 19621, "Temp Written Blocks": 19621, "I/O Read Time": 244.573, "I/O Write Time": 0.0, "Plans": [{"Node Type": "Hash Join", "Parent Relationship": "Outer", "Parallel Aware": false, "Join Type": "Inner", "Startup Cost": 184544.76, "Total Cost": 295454.65, "Plan Rows": 749955, "Plan Width": 0, "Actual Startup Time": 3406.247, "Actual Total Time": 6872.053, "Actual Rows": 9094502, "Actual Loops": 1, "Inner Unique": false, "Hash Cond": "(mk.movie_id = t.id)", "Shared Hit Blocks": 3, "Shared Read Blocks": 72628, "Shared Dirtied Blocks": 0, "Shared Written Blocks": 0, "Local Hit Blocks": 0, "Local Read Blocks": 0, "Local Dirtied Blocks": 0, "Local Written Blocks": 0, "Temp Read Blocks": 19621, "Temp Written Blocks": 19621, "I/O Read Time": 244.573, "I/O Write Time": 0.0, "Plans": [{"Node Type": "Seq Scan", "Parent Relationship": "Outer", "Parallel Aware": false, "Relation Name": "movie_keyword", "Schema": "public", "Alias": "mk", "Startup Cost": 0.0, "Total Cost": 81003.12, "Plan Rows": 1514989, "Plan Width": 4, "Actual Startup Time": 5.44, "Actual Total Time": 956.689, "Actual Rows": 1527566, "Actual Loops": 1, "Output": ["mk.movie_id"], "Filter": "(mk.keyword_id > 10495)", "Rows Removed by Filter": 2996364, "Shared Hit Blocks": 0, "Shared Read Blocks": 24454, "Shared Dirtied Blocks": 0, "Shared Written Blocks": 0, "Local Hit Blocks": 0, "Local Read Blocks": 0, "Local Dirtied Blocks": 0, "Local Written Blocks": 0, "Temp Read Blocks": 0, "Temp Written Blocks": 0, "I/O Read Time": 122.472, "I/O Write Time": 0.0}, {"Node Type": "Hash", "Parent Relationship": "Inner", "Parallel Aware": false, "Startup Cost": 164008.8, "Total Cost": 164008.8, "Plan Rows": 1251677, "Plan Width": 8, "Actual Startup Time": 3399.622, "Actual Total Time": 3399.625, "Actual Rows": 1274246, "Actual Loops": 1, "Output": ["t.id", "mc.movie_id"], "Hash Buckets": 131072, "Original Hash Buckets": 131072, "Hash Batches": 32, "Original Hash Batches": 32, "Peak Memory Usage": 2553, "Shared Hit Blocks": 0, "Shared Read Blocks": 48174, "Shared Dirtied Blocks": 0, "Shared Written Blocks": 0, "Local Hit Blocks": 0, "Local Read Blocks": 0, "Local Dirtied Blocks": 0, "Local Written Blocks": 0, "Temp Read Blocks": 11031, "Temp Written Blocks": 15239, "I/O Read Time": 122.1, "I/O Write Time": 0.0, "Plans": [{"Node Type": "Hash Join", "Parent Relationship": "Outer", "Parallel Aware": false, "Join Type": "Inner", "Startup Cost": 102768.13, "Total Cost": 164008.8, "Plan Rows": 1251677, "Plan Width": 8, "Actual Startup Time": 1287.048, "Actual Total Time": 3010.655, "Actual Rows": 1274246, "Actual Loops": 1, "Output": ["t.id", "mc.movie_id"], "Inner Unique": true, "Hash Cond": "(mc.movie_id = t.id)", "Shared Hit Blocks": 0, "Shared Read Blocks": 48174, "Shared Dirtied Blocks": 0, "Shared Written Blocks": 0, "Local Hit Blocks": 0, "Local Read Blocks": 0, "Local Dirtied Blocks": 0, "Local Written Blocks": 0, "Temp Read Blocks": 11031, "Temp Written Blocks": 11031, "I/O Read Time": 122.1, "I/O Write Time": 0.0, "Plans": [{"Node Type": "Index Scan", "Parent Relationship": "Outer", "Parallel Aware": false, "Scan Direction": "Forward", "Index Name": "company_type_id_movie_companies", "Relation Name": "movie_companies", "Schema": "public", "Alias": "mc", "Startup Cost": 0.43, "Total Cost": 38297.45, "Plan Rows": 1251677, "Plan Width": 4, "Actual Startup Time": 0.307, "Actual Total Time": 568.495, "Actual Rows": 1274246, "Actual Loops": 1, "Output": ["mc.movie_id"], "Index Cond": "(mc.company_type_id = 1)", "Rows Removed by Index Recheck": 0, "Filter": "(mc.company_id < 217207)", "Rows Removed by Filter": 0, "Shared Hit Blocks": 0, "Shared Read Blocks": 12176, "Shared Dirtied Blocks": 0, "Shared Written Blocks": 0, "Local Hit Blocks": 0, "Local Read Blocks": 0, "Local Dirtied Blocks": 0, "Local Written Blocks": 0, "Temp Read Blocks": 0, "Temp Written Blocks": 0, "I/O Read Time": 62.272, "I/O Write Time": 0.0}, {"Node Type": "Hash", "Parent Relationship": "Inner", "Parallel Aware": false, "Startup Cost": 61283.2, "Total Cost": 61283.2, "Plan Rows": 2528520, "Plan Width": 4, "Actual Startup Time": 1285.098, "Actual Total Time": 1285.099, "Actual Rows": 2528312, "Actual Loops": 1, "Output": ["t.id"], "Hash Buckets": 131072, "Original Hash Buckets": 131072, "Hash Batches": 64, "Original Hash Batches": 64, "Peak Memory Usage": 2415, "Shared Hit Blocks": 0, "Shared Read Blocks": 35998, "Shared Dirtied Blocks": 0, "Shared Written Blocks": 0, "Local Hit Blocks": 0, "Local Read Blocks": 0, "Local Dirtied Blocks": 0, "Local Written Blocks": 0, "Temp Read Blocks": 0, "Temp Written Blocks": 7262, "I/O Read Time": 59.828, "I/O Write Time": 0.0, "Plans": [{"Node Type": "Seq Scan", "Parent Relationship": "Outer", "Parallel Aware": false, "Relation Name": "title", "Schema": "public", "Alias": "t", "Startup Cost": 0.0, "Total Cost": 61283.2, "Plan Rows": 2528520, "Plan Width": 4, "Actual Startup Time": 0.141, "Actual Total Time": 548.115, "Actual Rows": 2528312, "Actual Loops": 1, "Output": ["t.id"], "Shared Hit Blocks": 0, "Shared Read Blocks": 35998, "Shared Dirtied Blocks": 0, "Shared Written Blocks": 0, "Local Hit Blocks": 0, "Local Read Blocks": 0, "Local Dirtied Blocks": 0, "Local Written Blocks": 0, "Temp Read Blocks": 0, "Temp Written Blocks": 0, "I/O Read Time": 59.828, "I/O Write Time": 0.0}]}]}]}]}]}, "Planning": {"Shared Hit Blocks": 203, "Shared Read Blocks": 41, "Shared Dirtied Blocks": 0, "Shared Written Blocks": 0, "Local Hit Blocks": 0, "Local Read Blocks": 0, "Local Dirtied Blocks": 0, "Local Written Blocks": 0, "Temp Read Blocks": 0, "Temp Written Blocks": 0, "I/O Read Time": 3.163, "I/O Write Time": 0.0}, "Planning Time": 4.919, "Triggers": [], "Execution Time": 7773.468}, "template": "scale", "query": "EXPLAIN (ANALYZE, COSTS, BUFFERS, VERBOSE, FORMAT JSON) SELECT COUNT(*) FROM title t,movie_companies mc,movie_keyword mk WHERE t.id=mc.movie_id AND t.id=mk.movie_id AND mc.company_id<217207 AND mc.company_type_id=1 AND mk.keyword_id>10495;"}
{"planinfo": {"Plan": {"Node Type": "Aggregate", "Strategy": "Plain", "Partial Mode": "Simple", "Parallel Aware": false, "Startup Cost": 2753.28, "Total Cost": 2753.29, "Plan Rows": 1, "Plan Width": 8, "Actual Startup Time": 47.946, "Actual Total Time": 47.947, "Actual Rows": 1, "Actual Loops": 1, "Output": ["count(*)"], "Shared Hit Blocks": 537, "Shared Read Blocks": 509, "Shared Dirtied Blocks": 0, "Shared Written Blocks": 0, "Local Hit Blocks": 0, "Local Read Blocks": 0, "Local Dirtied Blocks": 0, "Local Written Blocks": 0, "Temp Read Blocks": 0, "Temp Written Blocks": 0, "I/O Read Time": 45.734, "I/O Write Time": 0.0, "Plans": [{"Node Type": "Nested Loop", "Parent Relationship": "Outer", "Parallel Aware": false, "Join Type": "Inner", "Startup Cost": 0.86, "Total Cost": 2753.23, "Plan Rows": 20, "Plan Width": 0, "Actual Startup Time": 0.976, "Actual Total Time": 47.913, "Actual Rows": 120, "Actual Loops": 1, "Inner Unique": true, "Shared Hit Blocks": 537, "Shared Read Blocks": 509, "Shared Dirtied Blocks": 0, "Shared Written Blocks": 0, "Local Hit Blocks": 0, "Local Read Blocks": 0, "Local Dirtied Blocks": 0, "Local Written Blocks": 0, "Temp Read Blocks": 0, "Temp Written Blocks": 0, "I/O Read Time": 45.734, "I/O Write Time": 0.0, "Plans": [{"Node Type": "Index Scan", "Parent Relationship": "Outer", "Parallel Aware": false, "Scan Direction": "Forward", "Index Name": "info_type_id_movie_info_idx", "Relation Name": "movie_info_idx", "Schema": "public", "Alias": "mi_idx", "Startup Cost": 0.43, "Total Cost": 817.16, "Plan Rows": 230, "Plan Width": 4, "Actual Startup Time": 0.496, "Actual Total Time": 0.691, "Actual Rows": 260, "Actual Loops": 1, "Output": ["mi_idx.id", "mi_idx.movie_id", "mi_idx.info_type_id", "mi_idx.info", "mi_idx.note"], "Index Cond": "(mi_idx.info_type_id > 101)", "Rows Removed by Index Recheck": 0, "Shared Hit Blocks": 0, "Shared Read Blocks": 6, "Shared Dirtied Blocks": 0, "Shared Written Blocks": 0, "Local Hit Blocks": 0, "Local Read Blocks": 0, "Local Dirtied Blocks": 0, "Local Written Blocks": 0, "Temp Read Blocks": 0, "Temp Written Blocks": 0, "I/O Read Time": 0.576, "I/O Write Time": 0.0}, {"Node Type": "Index Scan", "Parent Relationship": "Inner", "Parallel Aware": false, "Scan Direction": "Forward", "Index Name": "title_pkey", "Relation Name": "title", "Schema": "public", "Alias": "t", "Startup Cost": 0.43, "Total Cost": 8.42, "Plan Rows": 1, "Plan Width": 4, "Actual Startup Time": 0.181, "Actual Total Time": 0.181, "Actual Rows": 0, "Actual Loops": 260, "Output": ["t.id", "t.title", "t.imdb_index", "t.kind_id", "t.production_year", "t.imdb_id", "t.phonetic_code", "t.episode_of_id", "t.season_nr", "t.episode_nr", "t.series_years", "t.md5sum"], "Index Cond": "(t.id = mi_idx.movie_id)", "Rows Removed by Index Recheck": 0, "Filter": "((t.kind_id < 7) AND (t.production_year < 1984))", "Rows Removed by Filter": 1, "Shared Hit Blocks": 537, "Shared Read Blocks": 503, "Shared Dirtied Blocks": 0, "Shared Written Blocks": 0, "Local Hit Blocks": 0, "Local Read Blocks": 0, "Local Dirtied Blocks": 0, "Local Written Blocks": 0, "Temp Read Blocks": 0, "Temp Written Blocks": 0, "I/O Read Time": 45.158, "I/O Write Time": 0.0}]}]}, "Planning": {"Shared Hit Blocks": 111, "Shared Read Blocks": 26, "Shared Dirtied Blocks": 0, "Shared Written Blocks": 0, "Local Hit Blocks": 0, "Local Read Blocks": 0, "Local Dirtied Blocks": 0, "Local Written Blocks": 0, "Temp Read Blocks": 0, "Temp Written Blocks": 0, "I/O Read Time": 1.822, "I/O Write Time": 0.0}, "Planning Time": 2.765, "Triggers": [], "Execution Time": 48.026}, "template": "scale", "query": "EXPLAIN (ANALYZE, COSTS, BUFFERS, VERBOSE, FORMAT JSON) SELECT COUNT(*) FROM title t,movie_info_idx mi_idx WHERE t.id=mi_idx.movie_id AND t.kind_id<7 AND t.production_year<1984 AND mi_idx.info_type_id>101;"}
{"planinfo": {"Plan": {"Node Type": "Aggregate", "Strategy": "Plain", "Partial Mode": "Simple", "Parallel Aware": false, "Startup Cost": 1058435.39, "Total Cost": 1058435.4, "Plan Rows": 1, "Plan Width": 8, "Actual Startup Time": 9102.599, "Actual Total Time": 9102.603, "Actual Rows": 1, "Actual Loops": 1, "Output": ["count(*)"], "Shared Hit Blocks": 3106535, "Shared Read Blocks": 54741, "Shared Dirtied Blocks": 0, "Shared Written Blocks": 0, "Local Hit Blocks": 0, "Local Read Blocks": 0, "Local Dirtied Blocks": 0, "Local Written Blocks": 0, "Temp Read Blocks": 6440, "Temp Written Blocks": 6440, "I/O Read Time": 1169.247, "I/O Write Time": 0.0, "Plans": [{"Node Type": "Nested Loop", "Parent Relationship": "Outer", "Parallel Aware": false, "Join Type": "Inner", "Startup Cost": 90473.88, "Total Cost": 1038681.41, "Plan Rows": 7901595, "Plan Width": 0, "Actual Startup Time": 918.677, "Actual Total Time": 7961.238, "Actual Rows": 10216806, "Actual Loops": 1, "Inner Unique": false, "Shared Hit Blocks": 3106535, "Shared Read Blocks": 54741, "Shared Dirtied Blocks": 0, "Shared Written Blocks": 0, "Local Hit Blocks": 0, "Local Read Blocks": 0, "Local Dirtied Blocks": 0, "Local Written Blocks": 0, "Temp Read Blocks": 6440, "Temp Written Blocks": 6440, "I/O Read Time": 1169.247, "I/O Write Time": 0.0, "Plans": [{"Node Type": "Hash Join", "Parent Relationship": "Outer", "Parallel Aware": false, "Join Type": "Inner", "Startup Cost": 90473.44, "Total Cost": 130553.39, "Plan Rows": 550487, "Plan Width": 8, "Actual Startup Time": 918.424, "Actual Total Time": 2012.169, "Actual Rows": 309714, "Actual Loops": 1, "Output": ["t.id", "mi_idx.movie_id"], "Inner Unique": true, "Hash Cond": "(mi_idx.movie_id = t.id)", "Shared Hit Blocks": 3, "Shared Read Blocks": 43933, "Shared Dirtied Blocks": 0, "Shared Written Blocks": 0, "Local Hit Blocks": 0, "Local Read Blocks": 0, "Local Dirtied Blocks": 0, "Local Written Blocks": 0, "Temp Read Blocks": 6440, "Temp Written Blocks": 6440, "I/O Read Time": 101.475, "I/O Write Time": 0.0, "Plans": [{"Node Type": "Seq Scan", "Parent Relationship": "Outer", "Parallel Aware": false, "Relation Name": "movie_info_idx", "Schema": "public", "Alias": "mi_idx", "Startup Cost": 0.0, "Total Cost": 21735.35, "Plan Rows": 1380035, "Plan Width": 4, "Actual Startup Time": 0.133, "Actual Total Time": 305.042, "Actual Rows": 1380035, "Actual Loops": 1, "Output": ["mi_idx.movie_id"], "Shared Hit Blocks": 0, "Shared Read Blocks": 7935, "Shared Dirtied Blocks": 0, "Shared Written Blocks": 0, "Local Hit Blocks": 0, "Local Read Blocks": 0, "Local Dirtied Blocks": 0, "Local Written Blocks": 0, "Temp Read Blocks": 0, "Temp Written Blocks": 0, "I/O Read Time": 41.184, "I/O Write Time": 0.0}, {"Node Type": "Hash", "Parent Relationship": "Inner", "Parallel Aware": false, "Startup Cost": 73925.8, "Total Cost": 73925.8, "Plan Rows": 1008611, "Plan Width": 4, "Actual Startup Time": 917.061, "Actual Total Time": 917.062, "Actual Rows": 960113, "Actual Loops": 1, "Output": ["t.id"], "Hash Buckets": 131072, "Original Hash Buckets": 131072, "Hash Batches": 16, "Original Hash Batches": 16, "Peak Memory Usage": 3135, "Shared Hit Blocks": 0, "Shared Read Blocks": 35998, "Shared Dirtied Blocks": 0, "Shared Written Blocks": 0, "Local Hit Blocks": 0, "Local Read Blocks": 0, "Local Dirtied Blocks": 0, "Local Written Blocks": 0, "Temp Read Blocks": 0, "Temp Written Blocks": 2629, "I/O Read Time": 60.291, "I/O Write Time": 0.0, "Plans": [{"Node Type": "Seq Scan", "Parent Relationship": "Outer", "Parallel Aware": false, "Relation Name": "title", "Schema": "public", "Alias": "t", "Startup Cost": 0.0, "Total Cost": 73925.8, "Plan Rows": 1008611, "Plan Width": 4, "Actual Startup Time": 0.142, "Actual Total Time": 620.788, "Actual Rows": 960113, "Actual Loops": 1, "Output": ["t.id"], "Filter": "((t.production_year < 2008) AND (t.kind_id = 7))", "Rows Removed by Filter": 1568199, "Shared Hit Blocks": 0, "Shared Read Blocks": 35998, "Shared Dirtied Blocks": 0, "Shared Written Blocks": 0, "Local Hit Blocks": 0, "Local Read Blocks": 0, "Local Dirtied Blocks": 0, "Local Written Blocks": 0, "Temp Read Blocks": 0, "Temp Written Blocks": 0, "I/O Read Time": 60.291, "I/O Write Time": 0.0}]}]}, {"Node Type": "Index Only Scan", "Parent Relationship": "Inner", "Parallel Aware": false, "Scan Direction": "Forward", "Index Name": "movie_id_cast_info", "Relation Name": "cast_info", "Schema": "public", "Alias": "ci", "Startup Cost": 0.44, "Total Cost": 1.28, "Plan Rows": 37, "Plan Width": 4, "Actual Startup Time": 0.008, "Actual Total Time": 0.014, "Actual Rows": 33, "Actual Loops": 309714, "Output": ["ci.movie_id"], "Index Cond": "(ci.movie_id = t.id)", "Rows Removed by Index Recheck": 0, "Heap Fetches": 0, "Shared Hit Blocks": 3106532, "Shared Read Blocks": 10808, "Shared Dirtied Blocks": 0, "Shared Written Blocks": 0, "Local Hit Blocks": 0, "Local Read Blocks": 0, "Local Dirtied Blocks": 0, "Local Written Blocks": 0, "Temp Read Blocks": 0, "Temp Written Blocks": 0, "I/O Read Time": 1067.772, "I/O Write Time": 0.0}]}]}, "Planning": {"Shared Hit Blocks": 202, "Shared Read Blocks": 42, "Shared Dirtied Blocks": 0, "Shared Written Blocks": 0, "Local Hit Blocks": 0, "Local Read Blocks": 0, "Local Dirtied Blocks": 0, "Local Written Blocks": 0, "Temp Read Blocks": 0, "Temp Written Blocks": 0, "I/O Read Time": 3.341, "I/O Write Time": 0.0}, "Planning Time": 5.246, "Triggers": [], "Execution Time": 9102.831}, "template": "scale", "query": "EXPLAIN (ANALYZE, COSTS, BUFFERS, VERBOSE, FORMAT JSON) SELECT COUNT(*) FROM title t,cast_info ci,movie_info_idx mi_idx WHERE t.id=ci.movie_id AND t.id=mi_idx.movie_id AND t.kind_id=7 AND t.production_year<2008;"}
{"planinfo": {"Plan": {"Node Type": "Aggregate", "Strategy": "Plain", "Partial Mode": "Simple", "Parallel Aware": false, "Startup Cost": 558.82, "Total Cost": 558.83, "Plan Rows": 1, "Plan Width": 8, "Actual Startup Time": 2.797, "Actual Total Time": 2.799, "Actual Rows": 1, "Actual Loops": 1, "Output": ["count(*)"], "Shared Hit Blocks": 19, "Shared Read Blocks": 30, "Shared Dirtied Blocks": 0, "Shared Written Blocks": 0, "Local Hit Blocks": 0, "Local Read Blocks": 0, "Local Dirtied Blocks": 0, "Local Written Blocks": 0, "Temp Read Blocks": 0, "Temp Written Blocks": 0, "I/O Read Time": 2.657, "I/O Write Time": 0.0, "Plans": [{"Node Type": "Nested Loop", "Parent Relationship": "Outer", "Parallel Aware": false, "Join Type": "Inner", "Startup Cost": 1.72, "Total Cost": 558.43, "Plan Rows": 157, "Plan Width": 0, "Actual Startup Time": 0.964, "Actual Total Time": 2.789, "Actual Rows": 42, "Actual Loops": 1, "Inner Unique": false, "Shared Hit Blocks": 19, "Shared Read Blocks": 30, "Shared Dirtied Blocks": 0, "Shared Written Blocks": 0, "Local Hit Blocks": 0, "Local Read Blocks": 0, "Local Dirtied Blocks": 0, "Local Written Blocks": 0, "Temp Read Blocks": 0, "Temp Written Blocks": 0, "I/O Read Time": 2.657, "I/O Write Time": 0.0, "Plans": [{"Node Type": "Nested Loop", "Parent Relationship": "Outer", "Parallel Aware": false, "Join Type": "Inner", "Startup Cost": 1.29, "Total Cost": 516.62, "Plan Rows": 27, "Plan Width": 12, "Actual Startup Time": 0.78, "Actual Total Time": 2.491, "Actual Rows": 3, "Actual Loops": 1, "Output": ["t.id", "mc.movie_id", "mi_idx.movie_id"], "Inner Unique": false, "Shared Hit Blocks": 4, "Shared Read Blocks": 27, "Shared Dirtied Blocks": 0, "Shared Written Blocks": 0, "Local Hit Blocks": 0, "Local Read Blocks": 0, "Local Dirtied Blocks": 0, "Local Written Blocks": 0, "Temp Read Blocks": 0, "Temp Written Blocks": 0, "I/O Read Time": 2.4, "I/O Write Time": 0.0, "Plans": [{"Node Type": "Nested Loop", "Parent Relationship": "Outer", "Parallel Aware": false, "Join Type": "Inner", "Startup Cost": 0.86, "Total Cost": 491.28, "Plan Rows": 49, "Plan Width": 8, "Actual Startup Time": 0.575, "Actual Total Time": 2.285, "Actual Rows": 1, "Actual Loops": 1, "Output": ["t.id", "mc.movie_id"], "Inner Unique": true, "Shared Hit Blocks": 2, "Shared Read Blocks": 25, "Shared Dirtied Blocks": 0, "Shared Written Blocks": 0, "Local Hit Blocks": 0, "Local Read Blocks": 0, "Local Dirtied Blocks": 0, "Local Written Blocks": 0, "Temp Read Blocks": 0, "Temp Written Blocks": 0, "I/O Read Time": 2.208, "I/O Write Time": 0.0, "Plans": [{"Node Type": "Index Scan", "Parent Relationship": "Outer", "Parallel Aware": false, "Scan Direction": "Forward", "Index Name": "company_id_movie_companies", "Relation Name": "movie_companies", "Schema": "public", "Alias": "mc", "Startup Cost": 0.43, "Total Cost": 273.35, "Plan Rows": 49, "Plan Width": 4, "Actual Startup Time": 0.384, "Actual Total Time": 2.093, "Actual Rows": 1, "Actual Loops": 1, "Output": ["mc.id", "mc.movie_id", "mc.company_id", "mc.company_type_id", "mc.note"], "Index Cond": "(mc.company_id = 21738)", "Rows Removed by Index Recheck": 0, "Filter": "(mc.company_type_id = 1)", "Rows Removed by Filter": 19, "Shared Hit Blocks": 0, "Shared Read Blocks": 23, "Shared Dirtied Blocks": 0, "Shared Written Blocks": 0, "Local Hit Blocks": 0, "Local Read Blocks": 0, "Local Dirtied Blocks": 0, "Local Written Blocks": 0, "Temp Read Blocks": 0, "Temp Written Blocks": 0, "I/O Read Time": 2.034, "I/O Write Time": 0.0}, {"Node Type": "Index Only Scan", "Parent Relationship": "Inner", "Parallel Aware": false, "Scan Direction": "Forward", "Index Name": "title_pkey", "Relation Name": "title", "Schema": "public", "Alias": "t", "Startup Cost": 0.43, "Total Cost": 4.45, "Plan Rows": 1, "Plan Width": 4, "Actual Startup Time": 0.189, "Actual Total Time": 0.189, "Actual Rows": 1, "Actual Loops": 1, "Output": ["t.id"], "Index Cond": "(t.id = mc.movie_id)", "Rows Removed by Index Recheck": 0, "Heap Fetches": 0, "Shared Hit Blocks": 2, "Shared Read Blocks": 2, "Shared Dirtied Blocks": 0, "Shared Written Blocks": 0, "Local Hit Blocks": 0, "Local Read Blocks": 0, "Local Dirtied Blocks": 0, "Local Written Blocks": 0, "Temp Read Blocks": 0, "Temp Written Blocks": 0, "I/O Read Time": 0.175, "I/O Write Time": 0.0}]}, {"Node Type": "Index Only Scan", "Parent Relationship": "Inner", "Parallel Aware": false, "Scan Direction": "Forward", "Index Name": "movie_id_movie_info_idx", "Relation Name": "movie_info_idx", "Schema": "public", "Alias": "mi_idx", "Startup Cost": 0.43, "Total Cost": 0.49, "Plan Rows": 3, "Plan Width": 4, "Actual Startup Time": 0.203, "Actual Total Time": 0.203, "Actual Rows": 3, "Actual Loops": 1, "Output": ["mi_idx.movie_id"], "Index Cond": "(mi_idx.movie_id = t.id)", "Rows Removed by Index Recheck": 0, "Heap Fetches": 0, "Shared Hit Blocks": 2, "Shared Read Blocks": 2, "Shared Dirtied Blocks": 0, "Shared Written Blocks": 0, "Local Hit Blocks": 0, "Local Read Blocks": 0, "Local Dirtied Blocks": 0, "Local Written Blocks": 0, "Temp Read Blocks": 0, "Temp Written Blocks": 0, "I/O Read Time": 0.191, "I/O Write Time": 0.0}]}, {"Node Type": "Index Only Scan", "Parent Relationship": "Inner", "Parallel Aware": false, "Scan Direction": "Forward", "Index Name": "movie_id_movie_info", "Relation Name": "movie_info", "Schema": "public", "Alias": "mi", "Startup Cost": 0.43, "Total Cost": 1.16, "Plan Rows": 39, "Plan Width": 4, "Actual Startup Time": 0.064, "Actual Total Time": 0.096, "Actual Rows": 14, "Actual Loops": 3, "Output": ["mi.movie_id"], "Index Cond": "(mi.movie_id = t.id)", "Rows Removed by Index Recheck": 0, "Heap Fetches": 0, "Shared Hit Blocks": 15, "Shared Read Blocks": 3, "Shared Dirtied Blocks": 0, "Shared Written Blocks": 0, "Local Hit Blocks": 0, "Local Read Blocks": 0, "Local Dirtied Blocks": 0, "Local Written Blocks": 0, "Temp Read Blocks": 0, "Temp Written Blocks": 0, "I/O Read Time": 0.257, "I/O Write Time": 0.0}]}]}, "Planning": {"Shared Hit Blocks": 308, "Shared Read Blocks": 51, "Shared Dirtied Blocks": 0, "Shared Written Blocks": 0, "Local Hit Blocks": 0, "Local Read Blocks": 0, "Local Dirtied Blocks": 0, "Local Written Blocks": 0, "Temp Read Blocks": 0, "Temp Written Blocks": 0, "I/O Read Time": 3.953, "I/O Write Time": 0.0}, "Planning Time": 6.623, "Triggers": [], "Execution Time": 2.923}, "template": "scale", "query": "EXPLAIN (ANALYZE, COSTS, BUFFERS, VERBOSE, FORMAT JSON) SELECT COUNT(*) FROM title t,movie_companies mc,movie_info mi,movie_info_idx mi_idx WHERE t.id=mc.movie_id AND t.id=mi.movie_id AND t.id=mi_idx.movie_id AND mc.company_id=21738 AND mc.company_type_id=1;"}
{"planinfo": {"Plan": {"Node Type": "Aggregate", "Strategy": "Plain", "Partial Mode": "Simple", "Parallel Aware": false, "Startup Cost": 822738.16, "Total Cost": 822738.17, "Plan Rows": 1, "Plan Width": 8, "Actual Startup Time": 27920.971, "Actual Total Time": 27920.977, "Actual Rows": 1, "Actual Loops": 1, "Output": ["count(*)"], "Shared Hit Blocks": 3, "Shared Read Blocks": 241235, "Shared Dirtied Blocks": 0, "Shared Written Blocks": 0, "Local Hit Blocks": 0, "Local Read Blocks": 0, "Local Dirtied Blocks": 0, "Local Written Blocks": 0, "Temp Read Blocks": 56563, "Temp Written Blocks": 56563, "I/O Read Time": 562.222, "I/O Write Time": 0.0, "Plans": [{"Node Type": "Hash Join", "Parent Relationship": "Outer", "Parallel Aware": false, "Join Type": "Inner", "Startup Cost": 703792.31, "Total Cost": 816842.98, "Plan Rows": 2358072, "Plan Width": 0, "Actual Startup Time": 12166.355, "Actual Total Time": 23172.991, "Actual Rows": 48515468, "Actual Loops": 1, "Inner Unique": false, "Hash Cond": "(mc.movie_id = t.id)", "Shared Hit Blocks": 3, "Shared Read Blocks": 241235, "Shared Dirtied Blocks": 0, "Shared Written Blocks": 0, "Local Hit Blocks": 0, "Local Read Blocks": 0, "Local Dirtied Blocks": 0, "Local Written Blocks": 0, "Temp Read Blocks": 56563, "Temp Written Blocks": 56563, "I/O Read Time": 562.222, "I/O Write Time": 0.0, "Plans": [{"Node Type": "Seq Scan", "Parent Relationship": "Outer", "Parallel Aware": false, "Relation Name": "movie_companies", "Schema": "public", "Alias": "mc", "Startup Cost": 0.0, "Total Cost": 44881.29, "Plan Rows": 2609129, "Plan Width": 4, "Actual Startup Time": 0.121, "Actual Total Time": 591.891, "Actual Rows": 2609129, "Actual Loops": 1, "Output": ["mc.movie_id"], "Shared Hit Blocks": 0, "Shared Read Blocks": 18790, "Shared Dirtied Blocks": 0, "Shared Written Blocks": 0, "Local Hit Blocks": 0, "Local Read Blocks": 0, "Local Dirtied Blocks": 0, "Local Written Blocks": 0, "Temp Read Blocks": 0, "Temp Written Blocks": 0, "I/O Read Time": 95.008, "I/O Write Time": 0.0}, {"Node Type": "Hash", "Parent Relationship": "Inner", "Parallel Aware": false, "Startup Cost": 664068.06, "Total Cost": 664068.06, "Plan Rows": 2285220, "Plan Width": 12, "Actual Startup Time": 12157.771, "Actual Total Time": 12157.775, "Actual Rows": 5339769, "Actual Loops": 1, "Output": ["t.id", "mi.movie_id", "mk.movie_id"], "Hash Buckets": 131072, "Original Hash Buckets": 131072, "Hash Batches": 128, "Original Hash Batches": 64, "Peak Memory Usage": 3073, "Shared Hit Blocks": 0, "Shared Read Blocks": 222445, "Shared Dirtied Blocks": 0, "Shared Written Blocks": 0, "Local Hit Blocks": 0, "Local Read Blocks": 0, "Local Dirtied Blocks": 0, "Local Written Blocks": 0, "Temp Read Blocks": 28013, "Temp Written Blocks": 48650, "I/O Read Time": 467.214, "I/O Write Time": 0.0, "Plans": [{"Node Type": "Hash Join", "Parent Relationship": "Outer", "Parallel Aware": false, "Join Type": "Inner", "Startup Cost": 517205.92, "Total Cost": 664068.06, "Plan Rows": 2285220, "Plan Width": 12, "Actual Startup Time": 6498.585, "Actual Total Time": 10377.353, "Actual Rows": 5339769, "Actual Loops": 1, "Output": ["t.id", "mi.movie_id", "mk.movie_id"], "Inner Unique": false, "Hash Cond": "(mk.movie_id = t.id)", "Shared Hit Blocks": 0, "Shared Read Blocks": 222445, "Shared Dirtied Blocks": 0, "Shared Written Blocks": 0, "Local Hit Blocks": 0, "Local Read Blocks": 0, "Local Dirtied Blocks": 0, "Local Written Blocks": 0, "Temp Read Blocks": 28013, "Temp Written Blocks": 28013, "I/O Read Time": 467.214, "I/O Write Time": 0.0, "Plans": [{"Node Type": "Seq Scan", "Parent Relationship": "Outer", "Parallel Aware": false, "Relation Name": "movie_keyword", "Schema": "public", "Alias": "mk", "Startup Cost": 0.0, "Total Cost": 81003.12, "Plan Rows": 2705364, "Plan Width": 4, "Actual Startup Time": 0.124, "Actual Total Time": 1056.139, "Actual Rows": 2701175, "Actual Loops": 1, "Output": ["mk.movie_id"], "Filter": "(mk.keyword_id < 7637)", "Rows Removed by Filter": 1822755, "Shared Hit Blocks": 0, "Shared Read Blocks": 24454, "Shared Dirtied Blocks": 0, "Shared Written Blocks": 0, "Local Hit Blocks": 0, "Local Read Blocks": 0, "Local Dirtied Blocks": 0, "Local Written Blocks": 0, "Temp Read Blocks": 0, "Temp Written Blocks": 0, "I/O Read Time": 122.834, "I/O Write Time": 0.0}, {"Node Type": "Hash", "Parent Relationship": "Inner", "Parallel Aware": false, "Startup Cost": 482163.92, "Total Cost": 482163.92, "Plan Rows": 2135840, "Plan Width": 8, "Actual Startup Time": 6497.701, "Actual Total Time": 6497.704, "Actual Rows": 2091068, "Actual Loops": 1, "Output": ["t.id", "mi.movie_id"], "Hash Buckets": 131072, "Original Hash Buckets": 131072, "Hash Batches": 32, "Original Hash Batches": 32, "Peak Memory Usage": 3553, "Shared Hit Blocks": 0, "Shared Read Blocks": 197991, "Shared Dirtied Blocks": 0, "Shared Written Blocks": 0, "Local Hit Blocks": 0, "Local Read Blocks": 0, "Local Dirtied Blocks": 0, "Local Written Blocks": 0, "Temp Read Blocks": 13385, "Temp Written Blocks": 20296, "I/O Read Time": 344.38, "I/O Write Time": 0.0, "Plans": [{"Node Type": "Hash Join", "Parent Relationship": "Outer", "Parallel Aware": false, "Join Type": "Inner", "Startup Cost": 102767.7, "Total Cost": 482163.92, "Plan Rows": 2135840, "Plan Width": 8, "Actual Startup Time": 1581.971, "Actual Total Time": 5862.727, "Actual Rows": 2091068, "Actual Loops": 1, "Output": ["t.id", "mi.movie_id"], "Inner Unique": true, "Hash Cond": "(mi.movie_id = t.id)", "Shared Hit Blocks": 0, "Shared Read Blocks": 197991, "Shared Dirtied Blocks": 0, "Shared Written Blocks": 0, "Local Hit Blocks": 0, "Local Read Blocks": 0, "Local Dirtied Blocks": 0, "Local Written Blocks": 0, "Temp Read Blocks": 13385, "Temp Written Blocks": 13385, "I/O Read Time": 344.38, "I/O Write Time": 0.0, "Plans": [{"Node Type": "Seq Scan", "Parent Relationship": "Outer", "Parallel Aware": false, "Relation Name": "movie_info", "Schema": "public", "Alias": "mi", "Startup Cost": 0.0, "Total Cost": 347223.62, "Plan Rows": 2135840, "Plan Width": 4, "Actual Startup Time": 284.683, "Actual Total Time": 2852.843, "Actual Rows": 2091068, "Actual Loops": 1, "Output": ["mi.movie_id"], "Filter": "(mi.info_type_id < 3)", "Rows Removed by Filter": 12744652, "Shared Hit Blocks": 0, "Shared Read Blocks": 161993, "Shared Dirtied Blocks": 0, "Shared Written Blocks": 0, "Local Hit Blocks": 0, "Local Read Blocks": 0, "Local Dirtied Blocks": 0, "Local Written Blocks": 0, "Temp Read Blocks": 0, "Temp Written Blocks": 0, "I/O Read Time": 283.414, "I/O Write Time": 0.0}, {"Node Type": "Hash", "Parent Relationship": "Inner", "Parallel Aware": false, "Startup Cost": 61283.2, "Total Cost": 61283.2, "Plan Rows": 2528520, "Plan Width": 4, "Actual Startup Time": 1296.255, "Actual Total Time": 1296.256, "Actual Rows": 2528312, "Actual Loops": 1, "Output": ["t.id"], "Hash Buckets": 131072, "Original Hash Buckets": 131072, "Hash Batches": 64, "Original Hash Batches": 64, "Peak Memory Usage": 2415, "Shared Hit Blocks": 0, "Shared Read Blocks": 35998, "Shared Dirtied Blocks": 0, "Shared Written Blocks": 0, "Local Hit Blocks": 0, "Local Read Blocks": 0, "Local Dirtied Blocks": 0, "Local Written Blocks": 0, "Temp Read Blocks": 0, "Temp Written Blocks": 7262, "I/O Read Time": 60.966, "I/O Write Time": 0.0, "Plans": [{"Node Type": "Seq Scan", "Parent Relationship": "Outer", "Parallel Aware": false, "Relation Name": "title", "Schema": "public", "Alias": "t", "Startup Cost": 0.0, "Total Cost": 61283.2, "Plan Rows": 2528520, "Plan Width": 4, "Actual Startup Time": 2.233, "Actual Total Time": 550.582, "Actual Rows": 2528312, "Actual Loops": 1, "Output": ["t.id"], "Shared Hit Blocks": 0, "Shared Read Blocks": 35998, "Shared Dirtied Blocks": 0, "Shared Written Blocks": 0, "Local Hit Blocks": 0, "Local Read Blocks": 0, "Local Dirtied Blocks": 0, "Local Written Blocks": 0, "Temp Read Blocks": 0, "Temp Written Blocks": 0, "I/O Read Time": 60.966, "I/O Write Time": 0.0}]}]}]}]}]}]}]}, "Planning": {"Shared Hit Blocks": 310, "Shared Read Blocks": 52, "Shared Dirtied Blocks": 0, "Shared Written Blocks": 0, "Local Hit Blocks": 0, "Local Read Blocks": 0, "Local Dirtied Blocks": 0, "Local Written Blocks": 0, "Temp Read Blocks": 0, "Temp Written Blocks": 0, "I/O Read Time": 3.872, "I/O Write Time": 0.0}, "Planning Time": 6.495, "Triggers": [], "Execution Time": 27921.713}, "template": "scale", "query": "EXPLAIN (ANALYZE, COSTS, BUFFERS, VERBOSE, FORMAT JSON) SELECT COUNT(*) FROM title t,movie_companies mc,movie_info mi,movie_keyword mk WHERE t.id=mc.movie_id AND t.id=mi.movie_id AND t.id=mk.movie_id AND mi.info_type_id<3 AND mk.keyword_id<7637;"}
{"planinfo": {"Plan": {"Node Type": "Aggregate", "Strategy": "Plain", "Partial Mode": "Simple", "Parallel Aware": false, "Startup Cost": 149798.66, "Total Cost": 149798.67, "Plan Rows": 1, "Plan Width": 8, "Actual Startup Time": 5487.962, "Actual Total Time": 5487.964, "Actual Rows": 1, "Actual Loops": 1, "Output": ["count(*)"], "Shared Hit Blocks": 728441, "Shared Read Blocks": 76327, "Shared Dirtied Blocks": 0, "Shared Written Blocks": 0, "Local Hit Blocks": 0, "Local Read Blocks": 0, "Local Dirtied Blocks": 0, "Local Written Blocks": 0, "Temp Read Blocks": 0, "Temp Written Blocks": 0, "I/O Read Time": 3501.046, "I/O Write Time": 0.0, "Plans": [{"Node Type": "Nested Loop", "Parent Relationship": "Outer", "Parallel Aware": false, "Join Type": "Inner", "Startup Cost": 1.3, "Total Cost": 149154.1, "Plan Rows": 257822, "Plan Width": 0, "Actual Startup Time": 1.486, "Actual Total Time": 5304.18, "Actual Rows": 1644741, "Actual Loops": 1, "Inner Unique": false, "Join Filter": "(t.id = ci.movie_id)", "Rows Removed by Join Filter": 0, "Shared Hit Blocks": 728441, "Shared Read Blocks": 76327, "Shared Dirtied Blocks": 0, "Shared Written Blocks": 0, "Local Hit Blocks": 0, "Local Read Blocks": 0, "Local Dirtied Blocks": 0, "Local Written Blocks": 0, "Temp Read Blocks": 0, "Temp Written Blocks": 0, "I/O Read Time": 3501.046, "I/O Write Time": 0.0, "Plans": [{"Node Type": "Nested Loop", "Parent Relationship": "Outer", "Parallel Aware": false, "Join Type": "Inner", "Startup Cost": 0.86, "Total Cost": 120346.24, "Plan Rows": 17962, "Plan Width": 12, "Actual Startup Time": 1.171, "Actual Total Time": 3930.257, "Actual Rows": 53918, "Actual Loops": 1, "Output": ["t.id", "mc.movie_id", "mi.movie_id"], "Inner Unique": false, "Join Filter": "(t.id = mi.movie_id)", "Rows Removed by Join Filter": 0, "Shared Hit Blocks": 226010, "Shared Read Blocks": 71767, "Shared Dirtied Blocks": 0, "Shared Written Blocks": 0, "Local Hit Blocks": 0, "Local Read Blocks": 0, "Local Dirtied Blocks": 0, "Local Written Blocks": 0, "Temp Read Blocks": 0, "Temp Written Blocks": 0, "I/O Read Time": 3027.463, "I/O Write Time": 0.0, "Plans": [{"Node Type": "Nested Loop", "Parent Relationship": "Outer", "Parallel Aware": false, "Join Type": "Inner", "Startup Cost": 0.43, "Total Cost": 99971.92, "Plan Rows": 12611, "Plan Width": 8, "Actual Startup Time": 0.638, "Actual Total Time": 768.503, "Actual Rows": 18643, "Actual Loops": 1, "Output": ["t.id", "mc.movie_id"], "Inner Unique": false, "Shared Hit Blocks": 38509, "Shared Read Blocks": 39604, "Shared Dirtied Blocks": 0, "Shared Written Blocks": 0, "Local Hit Blocks": 0, "Local Read Blocks": 0, "Local Dirtied Blocks": 0, "Local Written Blocks": 0, "Temp Read Blocks": 0, "Temp Written Blocks": 0, "I/O Read Time": 232.222, "I/O Write Time": 0.0, "Plans": [{"Node Type": "Seq Scan", "Parent Relationship": "Outer", "Parallel Aware": false, "Relation Name": "title", "Schema": "public", "Alias": "t", "Startup Cost": 0.0, "Total Cost": 67604.5, "Plan Rows": 12221, "Plan Width": 4, "Actual Startup Time": 0.139, "Actual Total Time": 521.976, "Actual Rows": 14038, "Actual Loops": 1, "Output": ["t.id", "t.title", "t.imdb_index", "t.kind_id", "t.production_year", "t.imdb_id", "t.phonetic_code", "t.episode_of_id", "t.season_nr", "t.episode_nr", "t.series_years", "t.md5sum"], "Filter": "(t.production_year = 1977)", "Rows Removed by Filter": 2514274, "Shared Hit Blocks": 0, "Shared Read Blocks": 35998, "Shared Dirtied Blocks": 0, "Shared Written Blocks": 0, "Local Hit Blocks": 0, "Local Read Blocks": 0, "Local Dirtied Blocks": 0, "Local Written Blocks": 0, "Temp Read Blocks": 0, "Temp Written Blocks": 0, "I/O Read Time": 65.195, "I/O Write Time": 0.0}, {"Node Type": "Index Only Scan", "Parent Relationship": "Inner", "Parallel Aware": false, "Scan Direction": "Forward", "Index Name": "movie_id_movie_companies", "Relation Name": "movie_companies", "Schema": "public", "Alias": "mc", "Startup Cost": 0.43, "Total Cost": 2.6, "Plan Rows": 5, "Plan Width": 4, "Actual Startup Time": 0.016, "Actual Total Time": 0.017, "Actual Rows": 1, "Actual Loops": 14038, "Output": ["mc.movie_id"], "Index Cond": "(mc.movie_id = t.id)", "Rows Removed by Index Recheck": 0, "Heap Fetches": 0, "Shared Hit Blocks": 38509, "Shared Read Blocks": 3606, "Shared Dirtied Blocks": 0, "Shared Written Blocks": 0, "Local Hit Blocks": 0, "Local Read Blocks": 0, "Local Dirtied Blocks": 0, "Local Written Blocks": 0, "Temp Read Blocks": 0, "Temp Written Blocks": 0, "I/O Read Time": 167.027, "I/O Write Time": 0.0}]}, {"Node Type": "Index Scan", "Parent Relationship": "Inner", "Parallel Aware": false, "Scan Direction": "Forward", "Index Name": "movie_id_movie_info", "Relation Name": "movie_info", "Schema": "public", "Alias": "mi", "Startup Cost": 0.43, "Total Cost": 1.5, "Plan Rows": 9, "Plan Width": 4, "Actual Startup Time": 0.077, "Actual Total Time": 0.168, "Actual Rows": 3, "Actual Loops": 18643, "Output": ["mi.id", "mi.movie_id", "mi.info_type_id", "mi.info", "mi.note"], "Index Cond": "(mi.movie_id = mc.movie_id)", "Rows Removed by Index Recheck": 0, "Filter": "(mi.info_type_id < 4)", "Rows Removed by Filter": 22, "Shared Hit Blocks": 187501, "Shared Read Blocks": 32163, "Shared Dirtied Blocks": 0, "Shared Written Blocks": 0, "Local Hit Blocks": 0, "Local Read Blocks": 0, "Local Dirtied Blocks": 0, "Local Written Blocks": 0, "Temp Read Blocks": 0, "Temp Written Blocks": 0, "I/O Read Time": 2795.241, "I/O Write Time": 0.0}]}, {"Node Type": "Index Only Scan", "Parent Relationship": "Inner", "Parallel Aware": false, "Scan Direction": "Forward", "Index Name": "movie_id_cast_info", "Relation Name": "cast_info", "Schema": "public", "Alias": "ci", "Startup Cost": 0.44, "Total Cost": 1.14, "Plan Rows": 37, "Plan Width": 4, "Actual Startup Time": 0.014, "Actual Total Time": 0.02, "Actual Rows": 31, "Actual Loops": 53918, "Output": ["ci.movie_id"], "Index Cond": "(ci.movie_id = mi.movie_id)", "Rows Removed by Index Recheck": 0, "Heap Fetches": 0, "Shared Hit Blocks": 502431, "Shared Read Blocks": 4560, "Shared Dirtied Blocks": 0, "Shared Written Blocks": 0, "Local Hit Blocks": 0, "Local Read Blocks": 0, "Local Dirtied Blocks": 0, "Local Written Blocks": 0, "Temp Read Blocks": 0, "Temp Written Blocks": 0, "I/O Read Time": 473.583, "I/O Write Time": 0.0}]}]}, "Planning": {"Shared Hit Blocks": 329, "Shared Read Blocks": 58, "Shared Dirtied Blocks": 0, "Shared Written Blocks": 0, "Local Hit Blocks": 0, "Local Read Blocks": 0, "Local Dirtied Blocks": 0, "Local Written Blocks": 0, "Temp Read Blocks": 0, "Temp Written Blocks": 0, "I/O Read Time": 4.387, "I/O Write Time": 0.0}, "Planning Time": 7.179, "Triggers": [], "Execution Time": 5488.106}, "template": "scale", "query": "EXPLAIN (ANALYZE, COSTS, BUFFERS, VERBOSE, FORMAT JSON) SELECT COUNT(*) FROM title t,movie_companies mc,cast_info ci,movie_info mi WHERE t.id=mc.movie_id AND t.id=ci.movie_id AND t.id=mi.movie_id AND t.production_year=1977 AND mi.info_type_id<4;"}
{"planinfo": {"Plan": {"Node Type": "Aggregate", "Strategy": "Plain", "Partial Mode": "Simple", "Parallel Aware": false, "Startup Cost": 686817.01, "Total Cost": 686817.02, "Plan Rows": 1, "Plan Width": 8, "Actual Startup Time": 372441.902, "Actual Total Time": 372441.91, "Actual Rows": 1, "Actual Loops": 1, "Output": ["count(*)"], "Shared Hit Blocks": 138310790, "Shared Read Blocks": 266190, "Shared Dirtied Blocks": 0, "Shared Written Blocks": 0, "Local Hit Blocks": 0, "Local Read Blocks": 0, "Local Dirtied Blocks": 0, "Local Written Blocks": 0, "Temp Read Blocks": 26083, "Temp Written Blocks": 26083, "I/O Read Time": 3483.736, "I/O Write Time": 0.0, "Plans": [{"Node Type": "Nested Loop", "Parent Relationship": "Outer", "Parallel Aware": false, "Join Type": "Inner", "Startup Cost": 208276.88, "Total Cost": 684997.09, "Plan Rows": 727965, "Plan Width": 0, "Actual Startup Time": 4571.665, "Actual Total Time": 348394.424, "Actual Rows": 182347075, "Actual Loops": 1, "Inner Unique": false, "Shared Hit Blocks": 138310790, "Shared Read Blocks": 266190, "Shared Dirtied Blocks": 0, "Shared Written Blocks": 0, "Local Hit Blocks": 0, "Local Read Blocks": 0, "Local Dirtied Blocks": 0, "Local Written Blocks": 0, "Temp Read Blocks": 26083, "Temp Written Blocks": 26083, "I/O Read Time": 3483.736, "I/O Write Time": 0.0, "Plans": [{"Node Type": "Hash Join", "Parent Relationship": "Outer", "Parallel Aware": false, "Join Type": "Inner", "Startup Cost": 208276.44, "Total Cost": 320189.0, "Plan Rows": 209385, "Plan Width": 16, "Actual Startup Time": 4571.312, "Actual Total Time": 8979.096, "Actual Rows": 7090886, "Actual Loops": 1, "Output": ["t.id", "mc.movie_id", "mi_idx.movie_id", "mk.movie_id"], "Inner Unique": false, "Hash Cond": "(mk.movie_id = t.id)", "Shared Hit Blocks": 3, "Shared Read Blocks": 77049, "Shared Dirtied Blocks": 0, "Shared Written Blocks": 0, "Local Hit Blocks": 0, "Local Read Blocks": 0, "Local Dirtied Blocks": 0, "Local Written Blocks": 0, "Temp Read Blocks": 26083, "Temp Written Blocks": 26083, "I/O Read Time": 294.636, "I/O Write Time": 0.0, "Plans": [{"Node Type": "Seq Scan", "Parent Relationship": "Outer", "Parallel Aware": false, "Relation Name": "movie_keyword", "Schema": "public", "Alias": "mk", "Startup Cost": 0.0, "Total Cost": 81003.12, "Plan Rows": 2398823, "Plan Width": 4, "Actual Startup Time": 2.068, "Actual Total Time": 1042.664, "Actual Rows": 2393790, "Actual Loops": 1, "Output": ["mk.movie_id"], "Filter": "(mk.keyword_id > 3921)", "Rows Removed by Filter": 2130140, "Shared Hit Blocks": 0, "Shared Read Blocks": 24454, "Shared Dirtied Blocks": 0, "Shared Written Blocks": 0, "Local Hit Blocks": 0, "Local Read Blocks": 0, "Local Dirtied Blocks": 0, "Local Written Blocks": 0, "Temp Read Blocks": 0, "Temp Written Blocks": 0, "I/O Read Time": 129.237, "I/O Write Time": 0.0}, {"Node Type": "Hash", "Parent Relationship": "Inner", "Parallel Aware": false, "Startup Cost": 204439.62, "Total Cost": 204439.62, "Plan Rows": 220706, "Plan Width": 12, "Actual Startup Time": 4566.798, "Actual Total Time": 4566.804, "Actual Rows": 984818, "Actual Loops": 1, "Output": ["t.id", "mc.movie_id", "mi_idx.movie_id"], "Hash Buckets": 131072, "Original Hash Buckets": 131072, "Hash Batches": 16, "Original Hash Batches": 4, "Peak Memory Usage": 3668, "Shared Hit Blocks": 0, "Shared Read Blocks": 52595, "Shared Dirtied Blocks": 0, "Shared Written Blocks": 0, "Local Hit Blocks": 0, "Local Read Blocks": 0, "Local Dirtied Blocks": 0, "Local Written Blocks": 0, "Temp Read Blocks": 15897, "Temp Written Blocks": 19497, "I/O Read Time": 165.399, "I/O Write Time": 0.0, "Plans": [{"Node Type": "Hash Join", "Parent Relationship": "Outer", "Parallel Aware": false, "Join Type": "Inner", "Startup Cost": 162960.08, "Total Cost": 204439.62, "Plan Rows": 220706, "Plan Width": 12, "Actual Startup Time": 2991.948, "Actual Total Time": 4233.752, "Actual Rows": 984818, "Actual Loops": 1, "Output": ["t.id", "mc.movie_id", "mi_idx.movie_id"], "Inner Unique": false, "Hash Cond": "(mi_idx.movie_id = t.id)", "Shared Hit Blocks": 0, "Shared Read Blocks": 52595, "Shared Dirtied Blocks": 0, "Shared Written Blocks": 0, "Local Hit Blocks": 0, "Local Read Blocks": 0, "Local Dirtied Blocks": 0, "Local Written Blocks": 0, "Temp Read Blocks": 15897, "Temp Written Blocks": 15897, "I/O Read Time": 165.399, "I/O Write Time": 0.0, "Plans": [{"Node Type": "Seq Scan", "Parent Relationship": "Outer", "Parallel Aware": false, "Relation Name": "movie_info_idx", "Schema": "public", "Alias": "mi_idx", "Startup Cost": 0.0, "Total Cost": 21735.35, "Plan Rows": 1380035, "Plan Width": 4, "Actual Startup Time": 0.143, "Actual Total Time": 302.042, "Actual Rows": 1380035, "Actual Loops": 1, "Output": ["mi_idx.movie_id"], "Shared Hit Blocks": 0, "Shared Read Blocks": 7935, "Shared Dirtied Blocks": 0, "Shared Written Blocks": 0, "Local Hit Blocks": 0, "Local Read Blocks": 0, "Local Dirtied Blocks": 0, "Local Written Blocks": 0, "Temp Read Blocks": 0, "Temp Written Blocks": 0, "I/O Read Time": 41.173, "I/O Write Time": 0.0}, {"Node Type": "Hash", "Parent Relationship": "Inner", "Parallel Aware": false, "Startup Cost": 156325.31, "Total Cost": 156325.31, "Plan Rows": 404381, "Plan Width": 8, "Actual Startup Time": 2990.878, "Actual Total Time": 2990.881, "Actual Rows": 712782, "Actual Loops": 1, "Output": ["t.id", "mc.movie_id"], "Hash Buckets": 131072, "Original Hash Buckets": 131072, "Hash Batches": 16, "Original Hash Batches": 8, "Peak Memory Usage": 3073, "Shared Hit Blocks": 0, "Shared Read Blocks": 44660, "Shared Dirtied Blocks": 0, "Shared Written Blocks": 0, "Local Hit Blocks": 0, "Local Read Blocks": 0, "Local Dirtied Blocks": 0, "Local Written Blocks": 0, "Temp Read Blocks": 9811, "Temp Written Blocks": 12086, "I/O Read Time": 124.226, "I/O Write Time": 0.0, "Plans": [{"Node Type": "Hash Join", "Parent Relationship": "Outer", "Parallel Aware": false, "Join Type": "Inner", "Startup Cost": 47537.75, "Total Cost": 156325.31, "Plan Rows": 404381, "Plan Width": 8, "Actual Startup Time": 761.738, "Actual Total Time": 2758.326, "Actual Rows": 712782, "Actual Loops": 1, "Output": ["t.id", "mc.movie_id"], "Inner Unique": false, "Hash Cond": "(t.id = mc.movie_id)", "Shared Hit Blocks": 0, "Shared Read Blocks": 44660, "Shared Dirtied Blocks": 0, "Shared Written Blocks": 0, "Local Hit Blocks": 0, "Local Read Blocks": 0, "Local Dirtied Blocks": 0, "Local Written Blocks": 0, "Temp Read Blocks": 9811, "Temp Written Blocks": 9811, "I/O Read Time": 124.226, "I/O Write Time": 0.0, "Plans": [{"Node Type": "Seq Scan", "Parent Relationship": "Outer", "Parallel Aware": false, "Relation Name": "title", "Schema": "public", "Alias": "t", "Startup Cost": 0.0, "Total Cost": 61283.2, "Plan Rows": 2528520, "Plan Width": 4, "Actual Startup Time": 0.151, "Actual Total Time": 565.701, "Actual Rows": 2528312, "Actual Loops": 1, "Output": ["t.id"], "Shared Hit Blocks": 0, "Shared Read Blocks": 35998, "Shared Dirtied Blocks": 0, "Shared Written Blocks": 0, "Local Hit Blocks": 0, "Local Read Blocks": 0, "Local Dirtied Blocks": 0, "Local Written Blocks": 0, "Temp Read Blocks": 0, "Temp Written Blocks": 0, "I/O Read Time": 78.672, "I/O Write Time": 0.0}, {"Node Type": "Hash", "Parent Relationship": "Inner", "Parallel Aware": false, "Startup Cost": 40902.99, "Total Cost": 40902.99, "Plan Rows": 404381, "Plan Width": 4, "Actual Startup Time": 760.384, "Actual Total Time": 760.385, "Actual Rows": 712782, "Actual Loops": 1, "Output": ["mc.movie_id"], "Hash Buckets": 131072, "Original Hash Buckets": 131072, "Hash Batches": 16, "Original Hash Batches": 8, "Peak Memory Usage": 3073, "Shared Hit Blocks": 0, "Shared Read Blocks": 8662, "Shared Dirtied Blocks": 0, "Shared Written Blocks": 0, "Local Hit Blocks": 0, "Local Read Blocks": 0, "Local Dirtied Blocks": 0, "Local Written Blocks": 0, "Temp Read Blocks": 0, "Temp Written Blocks": 1949, "I/O Read Time": 45.554, "I/O Write Time": 0.0, "Plans": [{"Node Type": "Index Scan", "Parent Relationship": "Outer", "Parallel Aware": false, "Scan Direction": "Forward", "Index Name": "company_type_id_movie_companies", "Relation Name": "movie_companies", "Schema": "public", "Alias": "mc", "Startup Cost": 0.43, "Total Cost": 40902.99, "Plan Rows": 404381, "Plan Width": 4, "Actual Startup Time": 0.567, "Actual Total Time": 540.356, "Actual Rows": 712782, "Actual Loops": 1, "Output": ["mc.movie_id"], "Index Cond": "(mc.company_type_id > 1)", "Rows Removed by Index Recheck": 0, "Filter": "(mc.company_id > 33285)", "Rows Removed by Filter": 622101, "Shared Hit Blocks": 0, "Shared Read Blocks": 8662, "Shared Dirtied Blocks": 0, "Shared Written Blocks": 0, "Local Hit Blocks": 0, "Local Read Blocks": 0, "Local Dirtied Blocks": 0, "Local Written Blocks": 0, "Temp Read Blocks": 0, "Temp Written Blocks": 0, "I/O Read Time": 45.554, "I/O Write Time": 0.0}]}]}]}]}]}]}, {"Node Type": "Index Scan", "Parent Relationship": "Inner", "Parallel Aware": false, "Scan Direction": "Forward", "Index Name": "movie_id_movie_info", "Relation Name": "movie_info", "Schema": "public", "Alias": "mi", "Startup Cost": 0.43, "Total Cost": 1.51, "Plan Rows": 23, "Plan Width": 4, "Actual Startup Time": 0.006, "Actual Total Time": 0.044, "Actual Rows": 26, "Actual Loops": 7090886, "Output": ["mi.id", "mi.movie_id", "mi.info_type_id", "mi.info", "mi.note"], "Index Cond": "(mi.movie_id = t.id)", "Rows Removed by Index Recheck": 0, "Filter": "(mi.info_type_id < 13)", "Rows Removed by Filter": 77, "Shared Hit Blocks": 138310787, "Shared Read Blocks": 189141, "Shared Dirtied Blocks": 0, "Shared Written Blocks": 0, "Local Hit Blocks": 0, "Local Read Blocks": 0, "Local Dirtied Blocks": 0, "Local Written Blocks": 0, "Temp Read Blocks": 0, "Temp Written Blocks": 0, "I/O Read Time": 3189.1, "I/O Write Time": 0.0}]}]}, "Planning": {"Shared Hit Blocks": 461, "Shared Read Blocks": 63, "Shared Dirtied Blocks": 0, "Shared Written Blocks": 0, "Local Hit Blocks": 0, "Local Read Blocks": 0, "Local Dirtied Blocks": 0, "Local Written Blocks": 0, "Temp Read Blocks": 0, "Temp Written Blocks": 0, "I/O Read Time": 4.896, "I/O Write Time": 0.0}, "Planning Time": 9.577, "Triggers": [], "Execution Time": 372442.982}, "template": "scale", "query": "EXPLAIN (ANALYZE, COSTS, BUFFERS, VERBOSE, FORMAT JSON) SELECT COUNT(*) FROM title t,movie_companies mc,movie_info mi,movie_info_idx mi_idx,movie_keyword mk WHERE t.id=mc.movie_id AND t.id=mi.movie_id AND t.id=mi_idx.movie_id AND t.id=mk.movie_id AND mc.company_id>33285 AND mc.company_type_id>1 AND mi.info_type_id<13 AND mk.keyword_id>3921;"}
{"planinfo": {"Plan": {"Node Type": "Aggregate", "Strategy": "Plain", "Partial Mode": "Simple", "Parallel Aware": false, "Startup Cost": 19632.53, "Total Cost": 19632.54, "Plan Rows": 1, "Plan Width": 8, "Actual Startup Time": 691.944, "Actual Total Time": 691.947, "Actual Rows": 1, "Actual Loops": 1, "Output": ["count(*)"], "Shared Hit Blocks": 14194, "Shared Read Blocks": 7432, "Shared Dirtied Blocks": 0, "Shared Written Blocks": 0, "Local Hit Blocks": 0, "Local Read Blocks": 0, "Local Dirtied Blocks": 0, "Local Written Blocks": 0, "Temp Read Blocks": 0, "Temp Written Blocks": 0, "I/O Read Time": 654.218, "I/O Write Time": 0.0, "Plans": [{"Node Type": "Nested Loop", "Parent Relationship": "Outer", "Parallel Aware": false, "Join Type": "Inner", "Startup Cost": 1.29, "Total Cost": 19632.41, "Plan Rows": 51, "Plan Width": 0, "Actual Startup Time": 34.726, "Actual Total Time": 691.888, "Actual Rows": 211, "Actual Loops": 1, "Inner Unique": false, "Shared Hit Blocks": 14194, "Shared Read Blocks": 7432, "Shared Dirtied Blocks": 0, "Shared Written Blocks": 0, "Local Hit Blocks": 0, "Local Read Blocks": 0, "Local Dirtied Blocks": 0, "Local Written Blocks": 0, "Temp Read Blocks": 0, "Temp Written Blocks": 0, "I/O Read Time": 654.218, "I/O Write Time": 0.0, "Plans": [{"Node Type": "Nested Loop", "Parent Relationship": "Outer", "Parallel Aware": false, "Join Type": "Inner", "Startup Cost": 0.86, "Total Cost": 19019.14, "Plan Rows": 58, "Plan Width": 8, "Actual Startup Time": 34.146, "Actual Total Time": 669.009, "Actual Rows": 103, "Actual Loops": 1, "Output": ["t.id", "mc.movie_id"], "Inner Unique": true, "Shared Hit Blocks": 13562, "Shared Read Blocks": 7200, "Shared Dirtied Blocks": 0, "Shared Written Blocks": 0, "Local Hit Blocks": 0, "Local Read Blocks": 0, "Local Dirtied Blocks": 0, "Local Written Blocks": 0, "Temp Read Blocks": 0, "Temp Written Blocks": 0, "I/O Read Time": 632.846, "I/O Write Time": 0.0, "Plans": [{"Node Type": "Index Scan", "Parent Relationship": "Outer", "Parallel Aware": false, "Scan Direction": "Forward", "Index Name": "company_id_movie_companies", "Relation Name": "movie_companies", "Schema": "public", "Alias": "mc", "Startup Cost": 0.43, "Total Cost": 4547.66, "Plan Rows": 1811, "Plan Width": 4, "Actual Startup Time": 0.157, "Actual Total Time": 123.474, "Actual Rows": 4712, "Actual Loops": 1, "Output": ["mc.id", "mc.movie_id", "mc.company_id", "mc.company_type_id", "mc.note"], "Index Cond": "(mc.company_id < 6)", "Rows Removed by Index Recheck": 0, "Shared Hit Blocks": 108, "Shared Read Blocks": 1806, "Shared Dirtied Blocks": 0, "Shared Written Blocks": 0, "Local Hit Blocks": 0, "Local Read Blocks": 0, "Local Dirtied Blocks": 0, "Local Written Blocks": 0, "Temp Read Blocks": 0, "Temp Written Blocks": 0, "I/O Read Time": 119.206, "I/O Write Time": 0.0}, {"Node Type": "Index Scan", "Parent Relationship": "Inner", "Parallel Aware": false, "Scan Direction": "Forward", "Index Name": "title_pkey", "Relation Name": "title", "Schema": "public", "Alias": "t", "Startup Cost": 0.43, "Total Cost": 7.99, "Plan Rows": 1, "Plan Width": 4, "Actual Startup Time": 0.115, "Actual Total Time": 0.115, "Actual Rows": 0, "Actual Loops": 4712, "Output": ["t.id", "t.title", "t.imdb_index", "t.kind_id", "t.production_year", "t.imdb_id", "t.phonetic_code", "t.episode_of_id", "t.season_nr", "t.episode_nr", "t.series_years", "t.md5sum"], "Index Cond": "(t.id = mc.movie_id)", "Rows Removed by Index Recheck": 0, "Filter": "((t.kind_id > 3) AND (t.production_year = 2007))", "Rows Removed by Filter": 1, "Shared Hit Blocks": 13454, "Shared Read Blocks": 5394, "Shared Dirtied Blocks": 0, "Shared Written Blocks": 0, "Local Hit Blocks": 0, "Local Read Blocks": 0, "Local Dirtied Blocks": 0, "Local Written Blocks": 0, "Temp Read Blocks": 0, "Temp Written Blocks": 0, "I/O Read Time": 513.64, "I/O Write Time": 0.0}]}, {"Node Type": "Index Scan", "Parent Relationship": "Inner", "Parallel Aware": false, "Scan Direction": "Forward", "Index Name": "movie_id_movie_info", "Relation Name": "movie_info", "Schema": "public", "Alias": "mi", "Startup Cost": 0.43, "Total Cost": 10.51, "Plan Rows": 6, "Plan Width": 4, "Actual Startup Time": 0.102, "Actual Total Time": 0.221, "Actual Rows": 2, "Actual Loops": 103, "Output": ["mi.id", "mi.movie_id", "mi.info_type_id", "mi.info", "mi.note"], "Index Cond": "(mi.movie_id = t.id)", "Rows Removed by Index Recheck": 0, "Filter": "(mi.info_type_id > 16)", "Rows Removed by Filter": 7, "Shared Hit Blocks": 632, "Shared Read Blocks": 232, "Shared Dirtied Blocks": 0, "Shared Written Blocks": 0, "Local Hit Blocks": 0, "Local Read Blocks": 0, "Local Dirtied Blocks": 0, "Local Written Blocks": 0, "Temp Read Blocks": 0, "Temp Written Blocks": 0, "I/O Read Time": 21.372, "I/O Write Time": 0.0}]}]}, "Planning": {"Shared Hit Blocks": 205, "Shared Read Blocks": 47, "Shared Dirtied Blocks": 0, "Shared Written Blocks": 0, "Local Hit Blocks": 0, "Local Read Blocks": 0, "Local Dirtied Blocks": 0, "Local Written Blocks": 0, "Temp Read Blocks": 0, "Temp Written Blocks": 0, "I/O Read Time": 3.343, "I/O Write Time": 0.0}, "Planning Time": 5.376, "Triggers": [], "Execution Time": 692.067}, "template": "scale", "query": "EXPLAIN (ANALYZE, COSTS, BUFFERS, VERBOSE, FORMAT JSON) SELECT COUNT(*) FROM title t,movie_companies mc,movie_info mi WHERE t.id=mc.movie_id AND t.id=mi.movie_id AND t.kind_id>3 AND t.production_year=2007 AND mc.company_id<6 AND mi.info_type_id>16;"}
{"planinfo": {"Plan": {"Node Type": "Aggregate", "Strategy": "Plain", "Partial Mode": "Simple", "Parallel Aware": false, "Startup Cost": 1601370.33, "Total Cost": 1601370.34, "Plan Rows": 1, "Plan Width": 8, "Actual Startup Time": 333166.311, "Actual Total Time": 333166.314, "Actual Rows": 1, "Actual Loops": 1, "Output": ["count(*)"], "Shared Hit Blocks": 13330431, "Shared Read Blocks": 110731, "Shared Dirtied Blocks": 0, "Shared Written Blocks": 0, "Local Hit Blocks": 0, "Local Read Blocks": 0, "Local Dirtied Blocks": 0, "Local Written Blocks": 0, "Temp Read Blocks": 2335, "Temp Written Blocks": 2355, "I/O Read Time": 3973.908, "I/O Write Time": 0.0, "Plans": [{"Node Type": "Merge Join", "Parent Relationship": "Outer", "Parallel Aware": false, "Join Type": "Inner", "Startup Cost": 131429.31, "Total Cost": 1533698.67, "Plan Rows": 27068666, "Plan Width": 0, "Actual Startup Time": 1025.041, "Actual Total Time": 253108.858, "Actual Rows": 782709780, "Actual Loops": 1, "Inner Unique": false, "Merge Cond": "(t.id = mi.movie_id)", "Shared Hit Blocks": 13330431, "Shared Read Blocks": 110731, "Shared Dirtied Blocks": 0, "Shared Written Blocks": 0, "Local Hit Blocks": 0, "Local Read Blocks": 0, "Local Dirtied Blocks": 0, "Local Written Blocks": 0, "Temp Read Blocks": 2335, "Temp Written Blocks": 2355, "I/O Read Time": 3973.908, "I/O Write Time": 0.0, "Plans": [{"Node Type": "Nested Loop", "Parent Relationship": "Outer", "Parallel Aware": false, "Join Type": "Inner", "Startup Cost": 131404.7, "Total Cost": 790801.75, "Plan Rows": 4618814, "Plan Width": 12, "Actual Startup Time": 1024.88, "Actual Total Time": 19435.993, "Actual Rows": 17685425, "Actual Loops": 1, "Output": ["t.id", "mc.movie_id", "ci.movie_id"], "Inner Unique": false, "Shared Hit Blocks": 8880124, "Shared Read Blocks": 84900, "Shared Dirtied Blocks": 0, "Shared Written Blocks": 0, "Local Hit Blocks": 0, "Local Read Blocks": 0, "Local Dirtied Blocks": 0, "Local Written Blocks": 0, "Temp Read Blocks": 2335, "Temp Written Blocks": 2355, "I/O Read Time": 3780.656, "I/O Write Time": 0.0, "Plans": [{"Node Type": "Merge Join", "Parent Relationship": "Outer", "Parallel Aware": false, "Join Type": "Inner", "Startup Cost": 131404.26, "Total Cost": 259750.77, "Plan Rows": 321783, "Plan Width": 8, "Actual Startup Time": 1024.749, "Actual Total Time": 5784.75, "Actual Rows": 772669, "Actual Loops": 1, "Output": ["t.id", "mc.movie_id"], "Inner Unique": false, "Merge Cond": "(t.id = mc.movie_id)", "Shared Hit Blocks": 2488148, "Shared Read Blocks": 53587, "Shared Dirtied Blocks": 0, "Shared Written Blocks": 0, "Local Hit Blocks": 0, "Local Read Blocks": 0, "Local Dirtied Blocks": 0, "Local Written Blocks": 0, "Temp Read Blocks": 2335, "Temp Written Blocks": 2355, "I/O Read Time": 1200.39, "I/O Write Time": 0.0, "Plans": [{"Node Type": "Index Scan", "Parent Relationship": "Outer", "Parallel Aware": false, "Scan Direction": "Forward", "Index Name": "title_pkey", "Relation Name": "title", "Schema": "public", "Alias": "t", "Startup Cost": 0.43, "Total Cost": 116669.84, "Plan Rows": 1005171, "Plan Width": 4, "Actual Startup Time": 0.112, "Actual Total Time": 3611.593, "Actual Rows": 983645, "Actual Loops": 1, "Output": ["t.id", "t.title", "t.imdb_index", "t.kind_id", "t.production_year", "t.imdb_id", "t.phonetic_code", "t.episode_of_id", "t.season_nr", "t.episode_nr", "t.series_years", "t.md5sum"], "Filter": "(t.kind_id < 7)", "Rows Removed by Filter": 1542102, "Shared Hit Blocks": 2488148, "Shared Read Blocks": 44925, "Shared Dirtied Blocks": 0, "Shared Written Blocks": 0, "Local Hit Blocks": 0, "Local Read Blocks": 0, "Local Dirtied Blocks": 0, "Local Written Blocks": 0, "Temp Read Blocks": 0, "Temp Written Blocks": 0, "I/O Read Time": 1155.067, "I/O Write Time": 0.0}, {"Node Type": "Materialize", "Parent Relationship": "Inner", "Parallel Aware": false, "Startup Cost": 131403.57, "Total Cost": 135450.82, "Plan Rows": 809449, "Plan Width": 4, "Actual Startup Time": 1024.393, "Actual Total Time": 1549.483, "Actual Rows": 1007606, "Actual Loops": 1, "Output": ["mc.movie_id"], "Shared Hit Blocks": 0, "Shared Read Blocks": 8662, "Shared Dirtied Blocks": 0, "Shared Written Blocks": 0, "Local Hit Blocks": 0, "Local Read Blocks": 0, "Local Dirtied Blocks": 0, "Local Written Blocks": 0, "Temp Read Blocks": 2335, "Temp Written Blocks": 2355, "I/O Read Time": 45.323, "I/O Write Time": 0.0, "Plans": [{"Node Type": "Sort", "Parent Relationship": "Outer", "Parallel Aware": false, "Startup Cost": 131403.57, "Total Cost": 133427.19, "Plan Rows": 809449, "Plan Width": 4, "Actual Startup Time": 1024.388, "Actual Total Time": 1266.578, "Actual Rows": 1007606, "Actual Loops": 1, "Output": ["mc.movie_id"], "Sort Key": ["mc.movie_id"], "Sort Method": "external merge", "Sort Space Used": 13840, "Sort Space Type": "Disk", "Shared Hit Blocks": 0, "Shared Read Blocks": 8662, "Shared Dirtied Blocks": 0, "Shared Written Blocks": 0, "Local Hit Blocks": 0, "Local Read Blocks": 0, "Local Dirtied Blocks": 0, "Local Written Blocks": 0, "Temp Read Blocks": 2335, "Temp Written Blocks": 2355, "I/O Read Time": 45.323, "I/O Write Time": 0.0, "Plans": [{"Node Type": "Index Scan", "Parent Relationship": "Outer", "Parallel Aware": false, "Scan Direction": "Forward", "Index Name": "company_type_id_movie_companies", "Relation Name": "movie_companies", "Schema": "public", "Alias": "mc", "Startup Cost": 0.43, "Total Cost": 40902.99, "Plan Rows": 809449, "Plan Width": 4, "Actual Startup Time": 0.498, "Actual Total Time": 551.727, "Actual Rows": 1007606, "Actual Loops": 1, "Output": ["mc.movie_id"], "Index Cond": "(mc.company_type_id > 1)", "Rows Removed by Index Recheck": 0, "Filter": "(mc.company_id > 6227)", "Rows Removed by Filter": 327277, "Shared Hit Blocks": 0, "Shared Read Blocks": 8662, "Shared Dirtied Blocks": 0, "Shared Written Blocks": 0, "Local Hit Blocks": 0, "Local Read Blocks": 0, "Local Dirtied Blocks": 0, "Local Written Blocks": 0, "Temp Read Blocks": 0, "Temp Written Blocks": 0, "I/O Read Time": 45.323, "I/O Write Time": 0.0}]}]}]}, {"Node Type": "Index Only Scan", "Parent Relationship": "Inner", "Parallel Aware": false, "Scan Direction": "Forward", "Index Name": "movie_id_cast_info", "Relation Name": "cast_info", "Schema": "public", "Alias": "ci", "Startup Cost": 0.44, "Total Cost": 1.28, "Plan Rows": 37, "Plan Width": 4, "Actual Startup Time": 0.008, "Actual Total Time": 0.013, "Actual Rows": 23, "Actual Loops": 772669, "Output": ["ci.movie_id"], "Index Cond": "(ci.movie_id = t.id)", "Rows Removed by Index Recheck": 0, "Heap Fetches": 0, "Shared Hit Blocks": 6391976, "Shared Read Blocks": 31313, "Shared Dirtied Blocks": 0, "Shared Written Blocks": 0, "Local Hit Blocks": 0, "Local Read Blocks": 0, "Local Dirtied Blocks": 0, "Local Written Blocks": 0, "Temp Read Blocks": 0, "Temp Written Blocks": 0, "I/O Read Time": 2580.266, "I/O Write Time": 0.0}]}, {"Node Type": "Materialize", "Parent Relationship": "Inner", "Parallel Aware": false, "Startup Cost": 0.43, "Total Cost": 363039.31, "Plan Rows": 14818450, "Plan Width": 4, "Actual Startup Time": 0.032, "Actual Total Time": 63356.425, "Actual Rows": 790018311, "Actual Loops": 1, "Output": ["mi.movie_id"], "Shared Hit Blocks": 4450307, "Shared Read Blocks": 25831, "Shared Dirtied Blocks": 0, "Shared Written Blocks": 0, "Local Hit Blocks": 0, "Local Read Blocks": 0, "Local Dirtied Blocks": 0, "Local Written Blocks": 0, "Temp Read Blocks": 0, "Temp Written Blocks": 0, "I/O Read Time": 193.252, "I/O Write Time": 0.0, "Plans": [{"Node Type": "Index Only Scan", "Parent Relationship": "Outer", "Parallel Aware": false, "Scan Direction": "Forward", "Index Name": "movie_id_movie_info", "Relation Name": "movie_info", "Schema": "public", "Alias": "mi", "Startup Cost": 0.43, "Total Cost": 325993.18, "Plan Rows": 14818450, "Plan Width": 4, "Actual Startup Time": 0.027, "Actual Total Time": 4153.896, "Actual Rows": 14834465, "Actual Loops": 1, "Output": ["mi.movie_id"], "Heap Fetches": 0, "Shared Hit Blocks": 4450307, "Shared Read Blocks": 25831, "Shared Dirtied Blocks": 0, "Shared Written Blocks": 0, "Local Hit Blocks": 0, "Local Read Blocks": 0, "Local Dirtied Blocks": 0, "Local Written Blocks": 0, "Temp Read Blocks": 0, "Temp Written Blocks": 0, "I/O Read Time": 193.252, "I/O Write Time": 0.0}]}]}]}, "Planning": {"Shared Hit Blocks": 331, "Shared Read Blocks": 55, "Shared Dirtied Blocks": 0, "Shared Written Blocks": 0, "Local Hit Blocks": 0, "Local Read Blocks": 0, "Local Dirtied Blocks": 0, "Local Written Blocks": 0, "Temp Read Blocks": 0, "Temp Written Blocks": 0, "I/O Read Time": 4.42, "I/O Write Time": 0.0}, "Planning Time": 7.325, "Triggers": [], "Execution Time": 333167.387}, "template": "scale", "query": "EXPLAIN (ANALYZE, COSTS, BUFFERS, VERBOSE, FORMAT JSON) SELECT COUNT(*) FROM title t,movie_companies mc,cast_info ci,movie_info mi WHERE t.id=mc.movie_id AND t.id=ci.movie_id AND t.id=mi.movie_id AND t.kind_id<7 AND mc.company_id>6227 AND mc.company_type_id>1;"}
{"planinfo": {"Plan": {"Node Type": "Aggregate", "Strategy": "Plain", "Partial Mode": "Simple", "Parallel Aware": false, "Startup Cost": 84333.53, "Total Cost": 84333.54, "Plan Rows": 1, "Plan Width": 8, "Actual Startup Time": 1065.479, "Actual Total Time": 1065.48, "Actual Rows": 1, "Actual Loops": 1, "Output": ["count(*)"], "Shared Hit Blocks": 0, "Shared Read Blocks": 21913, "Shared Dirtied Blocks": 0, "Shared Written Blocks": 0, "Local Hit Blocks": 0, "Local Read Blocks": 0, "Local Dirtied Blocks": 0, "Local Written Blocks": 0, "Temp Read Blocks": 0, "Temp Written Blocks": 0, "I/O Read Time": 110.711, "I/O Write Time": 0.0, "Plans": [{"Node Type": "Index Scan", "Parent Relationship": "Outer", "Parallel Aware": false, "Scan Direction": "Forward", "Index Name": "role_id_cast_info", "Relation Name": "cast_info", "Schema": "public", "Alias": "ci", "Startup Cost": 0.44, "Total Cost": 82168.48, "Plan Rows": 866020, "Plan Width": 0, "Actual Startup Time": 0.473, "Actual Total Time": 980.632, "Actual Rows": 813698, "Actual Loops": 1, "Output": ["id", "person_id", "movie_id", "person_role_id", "note", "nr_order", "role_id"], "Index Cond": "(ci.role_id = 4)", "Rows Removed by Index Recheck": 0, "Filter": "(ci.person_id < 1139765)", "Rows Removed by Filter": 1915245, "Shared Hit Blocks": 0, "Shared Read Blocks": 21913, "Shared Dirtied Blocks": 0, "Shared Written Blocks": 0, "Local Hit Blocks": 0, "Local Read Blocks": 0, "Local Dirtied Blocks": 0, "Local Written Blocks": 0, "Temp Read Blocks": 0, "Temp Written Blocks": 0, "I/O Read Time": 110.711, "I/O Write Time": 0.0}]}, "Planning": {"Shared Hit Blocks": 75, "Shared Read Blocks": 14, "Shared Dirtied Blocks": 0, "Shared Written Blocks": 0, "Local Hit Blocks": 0, "Local Read Blocks": 0, "Local Dirtied Blocks": 0, "Local Written Blocks": 0, "Temp Read Blocks": 0, "Temp Written Blocks": 0, "I/O Read Time": 1.067, "I/O Write Time": 0.0}, "Planning Time": 1.647, "Triggers": [], "Execution Time": 1065.513}, "template": "scale", "query": "EXPLAIN (ANALYZE, COSTS, BUFFERS, VERBOSE, FORMAT JSON) SELECT COUNT(*) FROM cast_info ci WHERE ci.person_id<1139765 AND ci.role_id=4;"}
{"planinfo": {"Plan": {"Node Type": "Aggregate", "Strategy": "Plain", "Partial Mode": "Simple", "Parallel Aware": false, "Startup Cost": 133416.46, "Total Cost": 133416.47, "Plan Rows": 1, "Plan Width": 8, "Actual Startup Time": 2831.364, "Actual Total Time": 2831.369, "Actual Rows": 1, "Actual Loops": 1, "Output": ["count(*)"], "Shared Hit Blocks": 225773, "Shared Read Blocks": 57564, "Shared Dirtied Blocks": 0, "Shared Written Blocks": 0, "Local Hit Blocks": 0, "Local Read Blocks": 0, "Local Dirtied Blocks": 0, "Local Written Blocks": 0, "Temp Read Blocks": 807, "Temp Written Blocks": 807, "I/O Read Time": 1454.863, "I/O Write Time": 0.0, "Plans": [{"Node Type": "Nested Loop", "Parent Relationship": "Outer", "Parallel Aware": false, "Join Type": "Inner", "Startup Cost": 69122.69, "Total Cost": 132809.4, "Plan Rows": 242824, "Plan Width": 0, "Actual Startup Time": 536.783, "Actual Total Time": 2773.643, "Actual Rows": 498621, "Actual Loops": 1, "Inner Unique": false, "Join Filter": "(t.id = ci.movie_id)", "Rows Removed by Join Filter": 0, "Shared Hit Blocks": 225773, "Shared Read Blocks": 57564, "Shared Dirtied Blocks": 0, "Shared Written Blocks": 0, "Local Hit Blocks": 0, "Local Read Blocks": 0, "Local Dirtied Blocks": 0, "Local Written Blocks": 0, "Temp Read Blocks": 807, "Temp Written Blocks": 807, "I/O Read Time": 1454.863, "I/O Write Time": 0.0, "Plans": [{"Node Type": "Hash Join", "Parent Relationship": "Outer", "Parallel Aware": false, "Join Type": "Inner", "Startup Cost": 69122.25, "Total Cost": 99500.1, "Plan Rows": 16917, "Plan Width": 8, "Actual Startup Time": 536.63, "Actual Total Time": 1028.833, "Actual Rows": 37686, "Actual Loops": 1, "Output": ["t.id", "mi_idx.movie_id"], "Inner Unique": true, "Hash Cond": "(mi_idx.movie_id = t.id)", "Shared Hit Blocks": 3, "Shared Read Blocks": 43933, "Shared Dirtied Blocks": 0, "Shared Written Blocks": 0, "Local Hit Blocks": 0, "Local Read Blocks": 0, "Local Dirtied Blocks": 0, "Local Written Blocks": 0, "Temp Read Blocks": 807, "Temp Written Blocks": 807, "I/O Read Time": 107.739, "I/O Write Time": 0.0, "Plans": [{"Node Type": "Seq Scan", "Parent Relationship": "Outer", "Parallel Aware": false, "Relation Name": "movie_info_idx", "Schema": "public", "Alias": "mi_idx", "Startup Cost": 0.0, "Total Cost": 25185.44, "Plan Rows": 462634, "Plan Width": 4, "Actual Startup Time": 0.126, "Actual Total Time": 301.626, "Actual Rows": 459925, "Actual Loops": 1, "Output": ["mi_idx.movie_id"], "Filter": "(mi_idx.info_type_id = 100)", "Rows Removed by Filter": 920110, "Shared Hit Blocks": 0, "Shared Read Blocks": 7935, "Shared Dirtied Blocks": 0, "Shared Written Blocks": 0, "Local Hit Blocks": 0, "Local Read Blocks": 0, "Local Dirtied Blocks": 0, "Local Written Blocks": 0, "Temp Read Blocks": 0, "Temp Written Blocks": 0, "I/O Read Time": 41.213, "I/O Write Time": 0.0}, {"Node Type": "Hash", "Parent Relationship": "Inner", "Parallel Aware": false, "Startup Cost": 67604.5, "Total Cost": 67604.5, "Plan Rows": 92460, "Plan Width": 4, "Actual Startup Time": 535.95, "Actual Total Time": 535.951, "Actual Rows": 90852, "Actual Loops": 1, "Output": ["t.id"], "Hash Buckets": 131072, "Original Hash Buckets": 131072, "Hash Batches": 2, "Original Hash Batches": 2, "Peak Memory Usage": 2626, "Shared Hit Blocks": 0, "Shared Read Blocks": 35998, "Shared Dirtied Blocks": 0, "Shared Written Blocks": 0, "Local Hit Blocks": 0, "Local Read Blocks": 0, "Local Dirtied Blocks": 0, "Local Written Blocks": 0, "Temp Read Blocks": 0, "Temp Written Blocks": 132, "I/O Read Time": 66.526, "I/O Write Time": 0.0, "Plans": [{"Node Type": "Seq Scan", "Parent Relationship": "Outer", "Parallel Aware": false, "Relation Name": "title", "Schema": "public", "Alias": "t", "Startup Cost": 0.0, "Total Cost": 67604.5, "Plan Rows": 92460, "Plan Width": 4, "Actual Startup Time": 0.145, "Actual Total Time": 500.287, "Actual Rows": 90852, "Actual Loops": 1, "Output": ["t.id"], "Filter": "(t.kind_id = 2)", "Rows Removed by Filter": 2437460, "Shared Hit Blocks": 0, "Shared Read Blocks": 35998, "Shared Dirtied Blocks": 0, "Shared Written Blocks": 0, "Local Hit Blocks": 0, "Local Read Blocks": 0, "Local Dirtied Blocks": 0, "Local Written Blocks": 0, "Temp Read Blocks": 0, "Temp Written Blocks": 0, "I/O Read Time": 66.526, "I/O Write Time": 0.0}]}]}, {"Node Type": "Index Only Scan", "Parent Relationship": "Inner", "Parallel Aware": false, "Scan Direction": "Forward", "Index Name": "movie_id_cast_info", "Relation Name": "cast_info", "Schema": "public", "Alias": "ci", "Startup Cost": 0.44, "Total Cost": 1.51, "Plan Rows": 37, "Plan Width": 4, "Actual Startup Time": 0.041, "Actual Total Time": 0.044, "Actual Rows": 13, "Actual Loops": 37686, "Output": ["ci.movie_id"], "Index Cond": "(ci.movie_id = mi_idx.movie_id)", "Rows Removed by Index Recheck": 0, "Heap Fetches": 0, "Shared Hit Blocks": 225770, "Shared Read Blocks": 13631, "Shared Dirtied Blocks": 0, "Shared Written Blocks": 0, "Local Hit Blocks": 0, "Local Read Blocks": 0, "Local Dirtied Blocks": 0, "Local Written Blocks": 0, "Temp Read Blocks": 0, "Temp Written Blocks": 0, "I/O Read Time": 1347.125, "I/O Write Time": 0.0}]}]}, "Planning": {"Shared Hit Blocks": 206, "Shared Read Blocks": 41, "Shared Dirtied Blocks": 0, "Shared Written Blocks": 0, "Local Hit Blocks": 0, "Local Read Blocks": 0, "Local Dirtied Blocks": 0, "Local Written Blocks": 0, "Temp Read Blocks": 0, "Temp Written Blocks": 0, "I/O Read Time": 3.093, "I/O Write Time": 0.0}, "Planning Time": 4.763, "Triggers": [], "Execution Time": 2831.6}, "template": "scale", "query": "EXPLAIN (ANALYZE, COSTS, BUFFERS, VERBOSE, FORMAT JSON) SELECT COUNT(*) FROM title t,cast_info ci,movie_info_idx mi_idx WHERE t.id=ci.movie_id AND t.id=mi_idx.movie_id AND t.kind_id=2 AND mi_idx.info_type_id=100;"}
{"planinfo": {"Plan": {"Node Type": "Aggregate", "Strategy": "Plain", "Partial Mode": "Simple", "Parallel Aware": false, "Startup Cost": 31447.83, "Total Cost": 31447.84, "Plan Rows": 1, "Plan Width": 8, "Actual Startup Time": 337.788, "Actual Total Time": 337.789, "Actual Rows": 1, "Actual Loops": 1, "Output": ["count(*)"], "Shared Hit Blocks": 0, "Shared Read Blocks": 1100, "Shared Dirtied Blocks": 0, "Shared Written Blocks": 0, "Local Hit Blocks": 0, "Local Read Blocks": 0, "Local Dirtied Blocks": 0, "Local Written Blocks": 0, "Temp Read Blocks": 0, "Temp Written Blocks": 0, "I/O Read Time": 6.387, "I/O Write Time": 0.0, "Plans": [{"Node Type": "Index Only Scan", "Parent Relationship": "Outer", "Parallel Aware": false, "Scan Direction": "Forward", "Index Name": "info_type_id_movie_info", "Relation Name": "movie_info", "Schema": "public", "Alias": "mi", "Startup Cost": 0.43, "Total Cost": 28054.41, "Plan Rows": 1357370, "Plan Width": 0, "Actual Startup Time": 0.436, "Actual Total Time": 202.131, "Actual Rows": 1401902, "Actual Loops": 1, "Output": ["info_type_id"], "Index Cond": "(mi.info_type_id = 7)", "Rows Removed by Index Recheck": 0, "Heap Fetches": 0, "Shared Hit Blocks": 0, "Shared Read Blocks": 1100, "Shared Dirtied Blocks": 0, "Shared Written Blocks": 0, "Local Hit Blocks": 0, "Local Read Blocks": 0, "Local Dirtied Blocks": 0, "Local Written Blocks": 0, "Temp Read Blocks": 0, "Temp Written Blocks": 0, "I/O Read Time": 6.387, "I/O Write Time": 0.0}]}, "Planning": {"Shared Hit Blocks": 48, "Shared Read Blocks": 11, "Shared Dirtied Blocks": 0, "Shared Written Blocks": 0, "Local Hit Blocks": 0, "Local Read Blocks": 0, "Local Dirtied Blocks": 0, "Local Written Blocks": 0, "Temp Read Blocks": 0, "Temp Written Blocks": 0, "I/O Read Time": 0.689, "I/O Write Time": 0.0}, "Planning Time": 1.124, "Triggers": [], "Execution Time": 337.821}, "template": "scale", "query": "EXPLAIN (ANALYZE, COSTS, BUFFERS, VERBOSE, FORMAT JSON) SELECT COUNT(*) FROM movie_info mi WHERE mi.info_type_id=7;"}
{"planinfo": {"Plan": {"Node Type": "Aggregate", "Strategy": "Plain", "Partial Mode": "Simple", "Parallel Aware": false, "Startup Cost": 67649.8, "Total Cost": 67649.81, "Plan Rows": 1, "Plan Width": 8, "Actual Startup Time": 513.217, "Actual Total Time": 513.219, "Actual Rows": 1, "Actual Loops": 1, "Output": ["count(*)"], "Shared Hit Blocks": 0, "Shared Read Blocks": 35998, "Shared Dirtied Blocks": 0, "Shared Written Blocks": 0, "Local Hit Blocks": 0, "Local Read Blocks": 0, "Local Dirtied Blocks": 0, "Local Written Blocks": 0, "Temp Read Blocks": 0, "Temp Written Blocks": 0, "I/O Read Time": 67.874, "I/O Write Time": 0.0, "Plans": [{"Node Type": "Seq Scan", "Parent Relationship": "Outer", "Parallel Aware": false, "Relation Name": "title", "Schema": "public", "Alias": "t", "Startup Cost": 0.0, "Total Cost": 67604.5, "Plan Rows": 18121, "Plan Width": 0, "Actual Startup Time": 0.219, "Actual Total Time": 510.211, "Actual Rows": 16571, "Actual Loops": 1, "Output": ["id", "title", "imdb_index", "kind_id", "production_year", "imdb_id", "phonetic_code", "episode_of_id", "season_nr", "episode_nr", "series_years", "md5sum"], "Filter": "(t.production_year = 1984)", "Rows Removed by Filter": 2511741, "Shared Hit Blocks": 0, "Shared Read Blocks": 35998, "Shared Dirtied Blocks": 0, "Shared Written Blocks": 0, "Local Hit Blocks": 0, "Local Read Blocks": 0, "Local Dirtied Blocks": 0, "Local Written Blocks": 0, "Temp Read Blocks": 0, "Temp Written Blocks": 0, "I/O Read Time": 67.874, "I/O Write Time": 0.0}]}, "Planning": {"Shared Hit Blocks": 36, "Shared Read Blocks": 7, "Shared Dirtied Blocks": 0, "Shared Written Blocks": 0, "Local Hit Blocks": 0, "Local Read Blocks": 0, "Local Dirtied Blocks": 0, "Local Written Blocks": 0, "Temp Read Blocks": 0, "Temp Written Blocks": 0, "I/O Read Time": 0.473, "I/O Write Time": 0.0}, "Planning Time": 0.855, "Triggers": [], "Execution Time": 513.265}, "template": "scale", "query": "EXPLAIN (ANALYZE, COSTS, BUFFERS, VERBOSE, FORMAT JSON) SELECT COUNT(*) FROM title t WHERE t.production_year=1984;"}
{"planinfo": {"Plan": {"Node Type": "Aggregate", "Strategy": "Plain", "Partial Mode": "Simple", "Parallel Aware": false, "Startup Cost": 3063.95, "Total Cost": 3063.96, "Plan Rows": 1, "Plan Width": 8, "Actual Startup Time": 3.707, "Actual Total Time": 3.709, "Actual Rows": 1, "Actual Loops": 1, "Output": ["count(*)"], "Shared Hit Blocks": 41, "Shared Read Blocks": 38, "Shared Dirtied Blocks": 0, "Shared Written Blocks": 0, "Local Hit Blocks": 0, "Local Read Blocks": 0, "Local Dirtied Blocks": 0, "Local Written Blocks": 0, "Temp Read Blocks": 0, "Temp Written Blocks": 0, "I/O Read Time": 3.497, "I/O Write Time": 0.0, "Plans": [{"Node Type": "Nested Loop", "Parent Relationship": "Outer", "Parallel Aware": false, "Join Type": "Inner", "Startup Cost": 1.29, "Total Cost": 3063.95, "Plan Rows": 2, "Plan Width": 0, "Actual Startup Time": 0.973, "Actual Total Time": 3.703, "Actual Rows": 1, "Actual Loops": 1, "Inner Unique": false, "Shared Hit Blocks": 41, "Shared Read Blocks": 38, "Shared Dirtied Blocks": 0, "Shared Written Blocks": 0, "Local Hit Blocks": 0, "Local Read Blocks": 0, "Local Dirtied Blocks": 0, "Local Written Blocks": 0, "Temp Read Blocks": 0, "Temp Written Blocks": 0, "I/O Read Time": 3.497, "I/O Write Time": 0.0, "Plans": [{"Node Type": "Nested Loop", "Parent Relationship": "Outer", "Parallel Aware": false, "Join Type": "Inner", "Startup Cost": 0.86, "Total Cost": 3055.26, "Plan Rows": 8, "Plan Width": 8, "Actual Startup Time": 0.685, "Actual Total Time": 3.414, "Actual Rows": 1, "Actual Loops": 1, "Output": ["t.id", "mk.movie_id"], "Inner Unique": true, "Shared Hit Blocks": 40, "Shared Read Blocks": 35, "Shared Dirtied Blocks": 0, "Shared Written Blocks": 0, "Local Hit Blocks": 0, "Local Read Blocks": 0, "Local Dirtied Blocks": 0, "Local Written Blocks": 0, "Temp Read Blocks": 0, "Temp Written Blocks": 0, "I/O Read Time": 3.227, "I/O Write Time": 0.0, "Plans": [{"Node Type": "Index Scan", "Parent Relationship": "Outer", "Parallel Aware": false, "Scan Direction": "Forward", "Index Name": "keyword_id_movie_keyword", "Relation Name": "movie_keyword", "Schema": "public", "Alias": "mk", "Startup Cost": 0.43, "Total Cost": 988.56, "Plan Rows": 246, "Plan Width": 4, "Actual Startup Time": 0.383, "Actual Total Time": 0.893, "Actual Rows": 16, "Actual Loops": 1, "Output": ["mk.id", "mk.movie_id", "mk.keyword_id"], "Index Cond": "(mk.keyword_id = 57196)", "Rows Removed by Index Recheck": 0, "Shared Hit Blocks": 0, "Shared Read Blocks": 11, "Shared Dirtied Blocks": 0, "Shared Written Blocks": 0, "Local Hit Blocks": 0, "Local Read Blocks": 0, "Local Dirtied Blocks": 0, "Local Written Blocks": 0, "Temp Read Blocks": 0, "Temp Written Blocks": 0, "I/O Read Time": 0.855, "I/O Write Time": 0.0}, {"Node Type": "Index Scan", "Parent Relationship": "Inner", "Parallel Aware": false, "Scan Direction": "Forward", "Index Name": "title_pkey", "Relation Name": "title", "Schema": "public", "Alias": "t", "Startup Cost": 0.43, "Total Cost": 8.4, "Plan Rows": 1, "Plan Width": 4, "Actual Startup Time": 0.156, "Actual Total Time": 0.157, "Actual Rows": 0, "Actual Loops": 16, "Output": ["t.id", "t.title", "t.imdb_index", "t.kind_id", "t.production_year", "t.imdb_id", "t.phonetic_code", "t.episode_of_id", "t.season_nr", "t.episode_nr", "t.series_years", "t.md5sum"], "Index Cond": "(t.id = mk.movie_id)", "Rows Removed by Index Recheck": 0, "Filter": "(t.production_year = 2004)", "Rows Removed by Filter": 1, "Shared Hit Blocks": 40, "Shared Read Blocks": 24, "Shared Dirtied Blocks": 0, "Shared Written Blocks": 0, "Local Hit Blocks": 0, "Local Read Blocks": 0, "Local Dirtied Blocks": 0, "Local Written Blocks": 0, "Temp Read Blocks": 0, "Temp Written Blocks": 0, "I/O Read Time": 2.372, "I/O Write Time": 0.0}]}, {"Node Type": "Index Scan", "Parent Relationship": "Inner", "Parallel Aware": false, "Scan Direction": "Forward", "Index Name": "movie_id_movie_info_idx", "Relation Name": "movie_info_idx", "Schema": "public", "Alias": "mi_idx", "Startup Cost": 0.43, "Total Cost": 1.08, "Plan Rows": 1, "Plan Width": 4, "Actual Startup Time": 0.286, "Actual Total Time": 0.287, "Actual Rows": 1, "Actual Loops": 1, "Output": ["mi_idx.id", "mi_idx.movie_id", "mi_idx.info_type_id", "mi_idx.info", "mi_idx.note"], "Index Cond": "(mi_idx.movie_id = t.id)", "Rows Removed by Index Recheck": 0, "Filter": "(mi_idx.info_type_id = 100)", "Rows Removed by Filter": 2, "Shared Hit Blocks": 1, "Shared Read Blocks": 3, "Shared Dirtied Blocks": 0, "Shared Written Blocks": 0, "Local Hit Blocks": 0, "Local Read Blocks": 0, "Local Dirtied Blocks": 0, "Local Written Blocks": 0, "Temp Read Blocks": 0, "Temp Written Blocks": 0, "I/O Read Time": 0.269, "I/O Write Time": 0.0}]}]}, "Planning": {"Shared Hit Blocks": 188, "Shared Read Blocks": 37, "Shared Dirtied Blocks": 0, "Shared Written Blocks": 0, "Local Hit Blocks": 0, "Local Read Blocks": 0, "Local Dirtied Blocks": 0, "Local Written Blocks": 0, "Temp Read Blocks": 0, "Temp Written Blocks": 0, "I/O Read Time": 2.841, "I/O Write Time": 0.0}, "Planning Time": 4.572, "Triggers": [], "Execution Time": 3.821}, "template": "scale", "query": "EXPLAIN (ANALYZE, COSTS, BUFFERS, VERBOSE, FORMAT JSON) SELECT COUNT(*) FROM title t,movie_info_idx mi_idx,movie_keyword mk WHERE t.id=mi_idx.movie_id AND t.id=mk.movie_id AND t.production_year=2004 AND mi_idx.info_type_id=100 AND mk.keyword_id=57196;"}
{"planinfo": {"Plan": {"Node Type": "Aggregate", "Strategy": "Plain", "Partial Mode": "Simple", "Parallel Aware": false, "Startup Cost": 11399.9, "Total Cost": 11399.91, "Plan Rows": 1, "Plan Width": 8, "Actual Startup Time": 117.609, "Actual Total Time": 117.61, "Actual Rows": 1, "Actual Loops": 1, "Output": ["count(*)"], "Shared Hit Blocks": 0, "Shared Read Blocks": 385, "Shared Dirtied Blocks": 0, "Shared Written Blocks": 0, "Local Hit Blocks": 0, "Local Read Blocks": 0, "Local Dirtied Blocks": 0, "Local Written Blocks": 0, "Temp Read Blocks": 0, "Temp Written Blocks": 0, "I/O Read Time": 2.962, "I/O Write Time": 0.0, "Plans": [{"Node Type": "Index Only Scan", "Parent Relationship": "Outer", "Parallel Aware": false, "Scan Direction": "Forward", "Index Name": "info_type_id_movie_info", "Relation Name": "movie_info", "Schema": "public", "Alias": "mi", "Startup Cost": 0.43, "Total Cost": 10169.96, "Plan Rows": 491973, "Plan Width": 0, "Actual Startup Time": 0.43, "Actual Total Time": 70.681, "Actual Rows": 486554, "Actual Loops": 1, "Output": ["info_type_id"], "Index Cond": "(mi.info_type_id = 5)", "Rows Removed by Index Recheck": 0, "Heap Fetches": 0, "Shared Hit Blocks": 0, "Shared Read Blocks": 385, "Shared Dirtied Blocks": 0, "Shared Written Blocks": 0, "Local Hit Blocks": 0, "Local Read Blocks": 0, "Local Dirtied Blocks": 0, "Local Written Blocks": 0, "Temp Read Blocks": 0, "Temp Written Blocks": 0, "I/O Read Time": 2.962, "I/O Write Time": 0.0}]}, "Planning": {"Shared Hit Blocks": 48, "Shared Read Blocks": 11, "Shared Dirtied Blocks": 0, "Shared Written Blocks": 0, "Local Hit Blocks": 0, "Local Read Blocks": 0, "Local Dirtied Blocks": 0, "Local Written Blocks": 0, "Temp Read Blocks": 0, "Temp Written Blocks": 0, "I/O Read Time": 0.747, "I/O Write Time": 0.0}, "Planning Time": 1.225, "Triggers": [], "Execution Time": 117.648}, "template": "scale", "query": "EXPLAIN (ANALYZE, COSTS, BUFFERS, VERBOSE, FORMAT JSON) SELECT COUNT(*) FROM movie_info mi WHERE mi.info_type_id=5;"}
{"planinfo": {"Plan": {"Node Type": "Aggregate", "Strategy": "Plain", "Partial Mode": "Simple", "Parallel Aware": false, "Startup Cost": 794913.95, "Total Cost": 794913.96, "Plan Rows": 1, "Plan Width": 8, "Actual Startup Time": 14560.21, "Actual Total Time": 14560.214, "Actual Rows": 1, "Actual Loops": 1, "Output": ["count(*)"], "Shared Hit Blocks": 812948, "Shared Read Blocks": 323898, "Shared Dirtied Blocks": 0, "Shared Written Blocks": 0, "Local Hit Blocks": 0, "Local Read Blocks": 0, "Local Dirtied Blocks": 0, "Local Written Blocks": 0, "Temp Read Blocks": 2543, "Temp Written Blocks": 2543, "I/O Read Time": 9807.895, "I/O Write Time": 0.0, "Plans": [{"Node Type": "Nested Loop", "Parent Relationship": "Outer", "Parallel Aware": false, "Join Type": "Inner", "Startup Cost": 81852.9, "Total Cost": 793607.02, "Plan Rows": 522773, "Plan Width": 0, "Actual Startup Time": 2651.693, "Actual Total Time": 14499.205, "Actual Rows": 410328, "Actual Loops": 1, "Inner Unique": false, "Join Filter": "(t.id = ci.movie_id)", "Rows Removed by Join Filter": 0, "Shared Hit Blocks": 812948, "Shared Read Blocks": 323898, "Shared Dirtied Blocks": 0, "Shared Written Blocks": 0, "Local Hit Blocks": 0, "Local Read Blocks": 0, "Local Dirtied Blocks": 0, "Local Written Blocks": 0, "Temp Read Blocks": 2543, "Temp Written Blocks": 2543, "I/O Read Time": 9807.895, "I/O Write Time": 0.0, "Plans": [{"Node Type": "Hash Join", "Parent Relationship": "Outer", "Parallel Aware": false, "Join Type": "Inner", "Startup Cost": 81852.46, "Total Cost": 436099.52, "Plan Rows": 93995, "Plan Width": 8, "Actual Startup Time": 2650.849, "Actual Total Time": 3823.5, "Actual Rows": 21516, "Actual Loops": 1, "Output": ["t.id", "mi.movie_id"], "Inner Unique": true, "Hash Cond": "(mi.movie_id = t.id)", "Shared Hit Blocks": 3, "Shared Read Blocks": 197991, "Shared Dirtied Blocks": 0, "Shared Written Blocks": 0, "Local Hit Blocks": 0, "Local Read Blocks": 0, "Local Dirtied Blocks": 0, "Local Written Blocks": 0, "Temp Read Blocks": 2543, "Temp Written Blocks": 2543, "I/O Read Time": 342.151, "I/O Write Time": 0.0, "Plans": [{"Node Type": "Seq Scan", "Parent Relationship": "Outer", "Parallel Aware": false, "Relation Name": "movie_info", "Schema": "public", "Alias": "mi", "Startup Cost": 0.0, "Total Cost": 347223.62, "Plan Rows": 491973, "Plan Width": 4, "Actual Startup Time": 1888.44, "Actual Total Time": 2751.484, "Actual Rows": 486554, "Actual Loops": 1, "Output": ["mi.movie_id"], "Filter": "(mi.info_type_id = 5)", "Rows Removed by Filter": 14349166, "Shared Hit Blocks": 0, "Shared Read Blocks": 161993, "Shared Dirtied Blocks": 0, "Shared Written Blocks": 0, "Local Hit Blocks": 0, "Local Read Blocks": 0, "Local Dirtied Blocks": 0, "Local Written Blocks": 0, "Temp Read Blocks": 0, "Temp Written Blocks": 0, "I/O Read Time": 283.867, "I/O Write Time": 0.0}, {"Node Type": "Hash", "Parent Relationship": "Inner", "Parallel Aware": false, "Startup Cost": 73925.8, "Total Cost": 73925.8, "Plan Rows": 483093, "Plan Width": 4, "Actual Startup Time": 760.937, "Actual Total Time": 760.938, "Actual Rows": 501779, "Actual Loops": 1, "Output": ["t.id"], "Hash Buckets": 131072, "Original Hash Buckets": 131072, "Hash Batches": 8, "Original Hash Batches": 8, "Peak Memory Usage": 3231, "Shared Hit Blocks": 0, "Shared Read Blocks": 35998, "Shared Dirtied Blocks": 0, "Shared Written Blocks": 0, "Local Hit Blocks": 0, "Local Read Blocks": 0, "Local Dirtied Blocks": 0, "Local Written Blocks": 0, "Temp Read Blocks": 0, "Temp Written Blocks": 1284, "I/O Read Time": 58.284, "I/O Write Time": 0.0, "Plans": [{"Node Type": "Seq Scan", "Parent Relationship": "Outer", "Parallel Aware": false, "Relation Name": "title", "Schema": "public", "Alias": "t", "Startup Cost": 0.0, "Total Cost": 73925.8, "Plan Rows": 483093, "Plan Width": 4, "Actual Startup Time": 0.703, "Actual Total Time": 588.752, "Actual Rows": 501779, "Actual Loops": 1, "Output": ["t.id"], "Filter": "((t.kind_id > 1) AND (t.production_year > 2008))", "Rows Removed by Filter": 2026533, "Shared Hit Blocks": 0, "Shared Read Blocks": 35998, "Shared Dirtied Blocks": 0, "Shared Written Blocks": 0, "Local Hit Blocks": 0, "Local Read Blocks": 0, "Local Dirtied Blocks": 0, "Local Written Blocks": 0, "Temp Read Blocks": 0, "Temp Written Blocks": 0, "I/O Read Time": 58.284, "I/O Write Time": 0.0}]}]}, {"Node Type": "Index Scan", "Parent Relationship": "Inner", "Parallel Aware": false, "Scan Direction": "Forward", "Index Name": "movie_id_cast_info", "Relation Name": "cast_info", "Schema": "public", "Alias": "ci", "Startup Cost": 0.44, "Total Cost": 3.63, "Plan Rows": 14, "Plan Width": 4, "Actual Startup Time": 0.258, "Actual Total Time": 0.491, "Actual Rows": 19, "Actual Loops": 21516, "Output": ["ci.id", "ci.person_id", "ci.movie_id", "ci.person_role_id", "ci.note", "ci.nr_order", "ci.role_id"], "Index Cond": "(ci.movie_id = mi.movie_id)", "Rows Removed by Index Recheck": 0, "Filter": "(ci.person_id > 2289189)", "Rows Removed by Filter": 23, "Shared Hit Blocks": 812945, "Shared Read Blocks": 125907, "Shared Dirtied Blocks": 0, "Shared Written Blocks": 0, "Local Hit Blocks": 0, "Local Read Blocks": 0, "Local Dirtied Blocks": 0, "Local Written Blocks": 0, "Temp Read Blocks": 0, "Temp Written Blocks": 0, "I/O Read Time": 9465.744, "I/O Write Time": 0.0}]}]}, "Planning": {"Shared Hit Blocks": 213, "Shared Read Blocks": 43, "Shared Dirtied Blocks": 0, "Shared Written Blocks": 0, "Local Hit Blocks": 0, "Local Read Blocks": 0, "Local Dirtied Blocks": 0, "Local Written Blocks": 0, "Temp Read Blocks": 0, "Temp Written Blocks": 0, "I/O Read Time": 3.334, "I/O Write Time": 0.0}, "Planning Time": 5.113, "Triggers": [], "Execution Time": 14560.584}, "template": "scale", "query": "EXPLAIN (ANALYZE, COSTS, BUFFERS, VERBOSE, FORMAT JSON) SELECT COUNT(*) FROM title t,cast_info ci,movie_info mi WHERE t.id=ci.movie_id AND t.id=mi.movie_id AND t.kind_id>1 AND t.production_year>2008 AND ci.person_id>2289189 AND mi.info_type_id=5;"}
{"planinfo": {"Plan": {"Node Type": "Aggregate", "Strategy": "Plain", "Partial Mode": "Simple", "Parallel Aware": false, "Startup Cost": 1200945.71, "Total Cost": 1200945.72, "Plan Rows": 1, "Plan Width": 8, "Actual Startup Time": 27402.608, "Actual Total Time": 27402.61, "Actual Rows": 1, "Actual Loops": 1, "Output": ["count(*)"], "Shared Hit Blocks": 14390039, "Shared Read Blocks": 82633, "Shared Dirtied Blocks": 0, "Shared Written Blocks": 0, "Local Hit Blocks": 0, "Local Read Blocks": 0, "Local Dirtied Blocks": 0, "Local Written Blocks": 0, "Temp Read Blocks": 0, "Temp Written Blocks": 0, "I/O Read Time": 2458.331, "I/O Write Time": 0.0, "Plans": [{"Node Type": "Merge Join", "Parent Relationship": "Outer", "Parallel Aware": false, "Join Type": "Inner", "Startup Cost": 116.05, "Total Cost": 1172130.36, "Plan Rows": 11526143, "Plan Width": 0, "Actual Startup Time": 0.279, "Actual Total Time": 24446.659, "Actual Rows": 27039480, "Actual Loops": 1, "Inner Unique": false, "Merge Cond": "(t.id = ci.movie_id)", "Shared Hit Blocks": 14390039, "Shared Read Blocks": 82633, "Shared Dirtied Blocks": 0, "Shared Written Blocks": 0, "Local Hit Blocks": 0, "Local Read Blocks": 0, "Local Dirtied Blocks": 0, "Local Written Blocks": 0, "Temp Read Blocks": 0, "Temp Written Blocks": 0, "I/O Read Time": 2458.331, "I/O Write Time": 0.0, "Plans": [{"Node Type": "Merge Join", "Parent Relationship": "Outer", "Parallel Aware": false, "Join Type": "Inner", "Startup Cost": 9.79, "Total Cost": 226099.96, "Plan Rows": 803002, "Plan Width": 8, "Actual Startup Time": 0.158, "Actual Total Time": 2785.973, "Actual Rows": 812591, "Actual Loops": 1, "Output": ["t.id", "mc.movie_id"], "Inner Unique": false, "Merge Cond": "(t.id = mc.movie_id)", "Shared Hit Blocks": 1236724, "Shared Read Blocks": 34349, "Shared Dirtied Blocks": 0, "Shared Written Blocks": 0, "Local Hit Blocks": 0, "Local Read Blocks": 0, "Local Dirtied Blocks": 0, "Local Written Blocks": 0, "Temp Read Blocks": 0, "Temp Written Blocks": 0, "I/O Read Time": 284.624, "I/O Write Time": 0.0, "Plans": [{"Node Type": "Index Only Scan", "Parent Relationship": "Outer", "Parallel Aware": false, "Scan Direction": "Forward", "Index Name": "title_pkey", "Relation Name": "title", "Schema": "public", "Alias": "t", "Startup Cost": 0.43, "Total Cost": 73940.23, "Plan Rows": 2528520, "Plan Width": 4, "Actual Startup Time": 0.015, "Actual Total Time": 546.715, "Actual Rows": 2525678, "Actual Loops": 1, "Output": ["t.id"], "Heap Fetches": 0, "Shared Hit Blocks": 23441, "Shared Read Blocks": 8962, "Shared Dirtied Blocks": 0, "Shared Written Blocks": 0, "Local Hit Blocks": 0, "Local Read Blocks": 0, "Local Dirtied Blocks": 0, "Local Written Blocks": 0, "Temp Read Blocks": 0, "Temp Written Blocks": 0, "I/O Read Time": 140.586, "I/O Write Time": 0.0}, {"Node Type": "Index Scan", "Parent Relationship": "Inner", "Parallel Aware": false, "Scan Direction": "Forward", "Index Name": "movie_id_movie_companies", "Relation Name": "movie_companies", "Schema": "public", "Alias": "mc", "Startup Cost": 0.43, "Total Cost": 135884.61, "Plan Rows": 803002, "Plan Width": 4, "Actual Startup Time": 0.139, "Actual Total Time": 1646.706, "Actual Rows": 812591, "Actual Loops": 1, "Output": ["mc.id", "mc.movie_id", "mc.company_id", "mc.company_type_id", "mc.note"], "Filter": "(mc.company_id < 1886)", "Rows Removed by Filter": 1796538, "Shared Hit Blocks": 1213283, "Shared Read Blocks": 25387, "Shared Dirtied Blocks": 0, "Shared Written Blocks": 0, "Local Hit Blocks": 0, "Local Read Blocks": 0, "Local Dirtied Blocks": 0, "Local Written Blocks": 0, "Temp Read Blocks": 0, "Temp Written Blocks": 0, "I/O Read Time": 144.038, "I/O Write Time": 0.0}]}, {"Node Type": "Index Only Scan", "Parent Relationship": "Inner", "Parallel Aware": false, "Scan Direction": "Forward", "Index Name": "movie_id_cast_info", "Relation Name": "cast_info", "Schema": "public", "Alias": "ci", "Startup Cost": 0.44, "Total Cost": 738245.12, "Plan Rows": 36293912, "Plan Width": 4, "Actual Startup Time": 0.03, "Actual Total Time": 14015.168, "Actual Rows": 51808981, "Actual Loops": 1, "Output": ["ci.movie_id"], "Heap Fetches": 0, "Shared Hit Blocks": 13153315, "Shared Read Blocks": 48284, "Shared Dirtied Blocks": 0, "Shared Written Blocks": 0, "Local Hit Blocks": 0, "Local Read Blocks": 0, "Local Dirtied Blocks": 0, "Local Written Blocks": 0, "Temp Read Blocks": 0, "Temp Written Blocks": 0, "I/O Read Time": 2173.708, "I/O Write Time": 0.0}]}]}, "Planning": {"Shared Hit Blocks": 213, "Shared Read Blocks": 43, "Shared Dirtied Blocks": 0, "Shared Written Blocks": 0, "Local Hit Blocks": 0, "Local Read Blocks": 0, "Local Dirtied Blocks": 0, "Local Written Blocks": 0, "Temp Read Blocks": 0, "Temp Written Blocks": 0, "I/O Read Time": 3.364, "I/O Write Time": 0.0}, "Planning Time": 5.091, "Triggers": [], "Execution Time": 27402.727}, "template": "scale", "query": "EXPLAIN (ANALYZE, COSTS, BUFFERS, VERBOSE, FORMAT JSON) SELECT COUNT(*) FROM title t,movie_companies mc,cast_info ci WHERE t.id=mc.movie_id AND t.id=ci.movie_id AND mc.company_id<1886;"}
{"planinfo": {"Plan": {"Node Type": "Aggregate", "Strategy": "Plain", "Partial Mode": "Simple", "Parallel Aware": false, "Startup Cost": 714357.21, "Total Cost": 714357.22, "Plan Rows": 1, "Plan Width": 8, "Actual Startup Time": 15953.318, "Actual Total Time": 15953.323, "Actual Rows": 1, "Actual Loops": 1, "Output": ["count(*)"], "Shared Hit Blocks": 5902691, "Shared Read Blocks": 113819, "Shared Dirtied Blocks": 0, "Shared Written Blocks": 0, "Local Hit Blocks": 0, "Local Read Blocks": 0, "Local Dirtied Blocks": 0, "Local Written Blocks": 0, "Temp Read Blocks": 12215, "Temp Written Blocks": 12215, "I/O Read Time": 2182.26, "I/O Write Time": 0.0, "Plans": [{"Node Type": "Nested Loop", "Parent Relationship": "Outer", "Parallel Aware": false, "Join Type": "Inner", "Startup Cost": 133521.63, "Total Cost": 711823.14, "Plan Rows": 1013627, "Plan Width": 0, "Actual Startup Time": 1937.975, "Actual Total Time": 15201.811, "Actual Rows": 5500892, "Actual Loops": 1, "Inner Unique": false, "Join Filter": "(t.id = mi.movie_id)", "Rows Removed by Join Filter": 0, "Shared Hit Blocks": 5902691, "Shared Read Blocks": 113819, "Shared Dirtied Blocks": 0, "Shared Written Blocks": 0, "Local Hit Blocks": 0, "Local Read Blocks": 0, "Local Dirtied Blocks": 0, "Local Written Blocks": 0, "Temp Read Blocks": 12215, "Temp Written Blocks": 12215, "I/O Read Time": 2182.26, "I/O Write Time": 0.0, "Plans": [{"Node Type": "Hash Join", "Parent Relationship": "Outer", "Parallel Aware": false, "Join Type": "Inner", "Startup Cost": 133521.19, "Total Cost": 278368.22, "Plan Rows": 203631, "Plan Width": 12, "Actual Startup Time": 1937.561, "Actual Total Time": 4945.571, "Actual Rows": 703168, "Actual Loops": 1, "Output": ["t.id", "ci.movie_id", "mi_idx.movie_id"], "Inner Unique": false, "Hash Cond": "(ci.movie_id = t.id)", "Shared Hit Blocks": 3, "Shared Read Blocks": 79469, "Shared Dirtied Blocks": 0, "Shared Written Blocks": 0, "Local Hit Blocks": 0, "Local Read Blocks": 0, "Local Dirtied Blocks": 0, "Local Written Blocks": 0, "Temp Read Blocks": 12215, "Temp Written Blocks": 12215, "I/O Read Time": 283.838, "I/O Write Time": 0.0, "Plans": [{"Node Type": "Index Scan", "Parent Relationship": "Outer", "Parallel Aware": false, "Scan Direction": "Forward", "Index Name": "role_id_cast_info", "Relation Name": "cast_info", "Schema": "public", "Alias": "ci", "Startup Cost": 0.44, "Total Cost": 124125.2, "Plan Rows": 1499988, "Plan Width": 4, "Actual Startup Time": 0.487, "Actual Total Time": 1695.422, "Actual Rows": 2436525, "Actual Loops": 1, "Output": ["ci.movie_id"], "Index Cond": "(ci.role_id = 3)", "Rows Removed by Index Recheck": 0, "Filter": "(ci.person_id > 2375987)", "Rows Removed by Filter": 1571512, "Shared Hit Blocks": 0, "Shared Read Blocks": 35536, "Shared Dirtied Blocks": 0, "Shared Written Blocks": 0, "Local Hit Blocks": 0, "Local Read Blocks": 0, "Local Dirtied Blocks": 0, "Local Written Blocks": 0, "Temp Read Blocks": 0, "Temp Written Blocks": 0, "I/O Read Time": 183.564, "I/O Write Time": 0.0}, {"Node Type": "Hash", "Parent Relationship": "Inner", "Parallel Aware": false, "Startup Cost": 127889.0, "Total Cost": 127889.0, "Plan Rows": 343260, "Plan Width": 8, "Actual Startup Time": 1935.48, "Actual Total Time": 1935.483, "Actual Rows": 178468, "Actual Loops": 1, "Output": ["t.id", "mi_idx.movie_id"], "Hash Buckets": 131072, "Original Hash Buckets": 131072, "Hash Batches": 8, "Original Hash Batches": 8, "Peak Memory Usage": 1892, "Shared Hit Blocks": 0, "Shared Read Blocks": 43933, "Shared Dirtied Blocks": 0, "Shared Written Blocks": 0, "Local Hit Blocks": 0, "Local Read Blocks": 0, "Local Dirtied Blocks": 0, "Local Written Blocks": 0, "Temp Read Blocks": 5426, "Temp Written Blocks": 5957, "I/O Read Time": 100.273, "I/O Write Time": 0.0, "Plans": [{"Node Type": "Hash Join", "Parent Relationship": "Outer", "Parallel Aware": false, "Join Type": "Inner", "Startup Cost": 89421.16, "Total Cost": 127889.0, "Plan Rows": 343260, "Plan Width": 8, "Actual Startup Time": 969.564, "Actual Total Time": 1878.981, "Actual Rows": 178468, "Actual Loops": 1, "Output": ["t.id", "mi_idx.movie_id"], "Inner Unique": true, "Hash Cond": "(mi_idx.movie_id = t.id)", "Shared Hit Blocks": 0, "Shared Read Blocks": 43933, "Shared Dirtied Blocks": 0, "Shared Written Blocks": 0, "Local Hit Blocks": 0, "Local Read Blocks": 0, "Local Dirtied Blocks": 0, "Local Written Blocks": 0, "Temp Read Blocks": 5426, "Temp Written Blocks": 5426, "I/O Read Time": 100.273, "I/O Write Time": 0.0, "Plans": [{"Node Type": "Seq Scan", "Parent Relationship": "Outer", "Parallel Aware": false, "Relation Name": "movie_info_idx", "Schema": "public", "Alias": "mi_idx", "Startup Cost": 0.0, "Total Cost": 25185.44, "Plan Rows": 919011, "Plan Width": 4, "Actual Startup Time": 0.128, "Actual Total Time": 336.071, "Actual Rows": 919850, "Actual Loops": 1, "Output": ["mi_idx.movie_id"], "Filter": "(mi_idx.info_type_id < 101)", "Rows Removed by Filter": 460185, "Shared Hit Blocks": 0, "Shared Read Blocks": 7935, "Shared Dirtied Blocks": 0, "Shared Written Blocks": 0, "Local Hit Blocks": 0, "Local Read Blocks": 0, "Local Dirtied Blocks": 0, "Local Written Blocks": 0, "Temp Read Blocks": 0, "Temp Written Blocks": 0, "I/O Read Time": 40.361, "I/O Write Time": 0.0}, {"Node Type": "Hash", "Parent Relationship": "Inner", "Parallel Aware": false, "Startup Cost": 73925.8, "Total Cost": 73925.8, "Plan Rows": 944429, "Plan Width": 4, "Actual Startup Time": 968.179, "Actual Total Time": 968.18, "Actual Rows": 1050192, "Actual Loops": 1, "Output": ["t.id"], "Hash Buckets": 131072, "Original Hash Buckets": 131072, "Hash Batches": 16, "Original Hash Batches": 16, "Peak Memory Usage": 3340, "Shared Hit Blocks": 0, "Shared Read Blocks": 35998, "Shared Dirtied Blocks": 0, "Shared Written Blocks": 0, "Local Hit Blocks": 0, "Local Read Blocks": 0, "Local Dirtied Blocks": 0, "Local Written Blocks": 0, "Temp Read Blocks": 0, "Temp Written Blocks": 2875, "I/O Read Time": 59.913, "I/O Write Time": 0.0, "Plans": [{"Node Type": "Seq Scan", "Parent Relationship": "Outer", "Parallel Aware": false, "Relation Name": "title", "Schema": "public", "Alias": "t", "Startup Cost": 0.0, "Total Cost": 73925.8, "Plan Rows": 944429, "Plan Width": 4, "Actual Startup Time": 0.135, "Actual Total Time": 644.219, "Actual Rows": 1050192, "Actual Loops": 1, "Output": ["t.id"], "Filter": "((t.production_year > 1996) AND (t.kind_id = 7))", "Rows Removed by Filter": 1478120, "Shared Hit Blocks": 0, "Shared Read Blocks": 35998, "Shared Dirtied Blocks": 0, "Shared Written Blocks": 0, "Local Hit Blocks": 0, "Local Read Blocks": 0, "Local Dirtied Blocks": 0, "Local Written Blocks": 0, "Temp Read Blocks": 0, "Temp Written Blocks": 0, "I/O Read Time": 59.913, "I/O Write Time": 0.0}]}]}]}]}, {"Node Type": "Index Scan", "Parent Relationship": "Inner", "Parallel Aware": false, "Scan Direction": "Forward", "Index Name": "movie_id_movie_info", "Relation Name": "movie_info", "Schema": "public", "Alias": "mi", "Startup Cost": 0.43, "Total Cost": 1.72, "Plan Rows": 33, "Plan Width": 4, "Actual Startup Time": 0.006, "Actual Total Time": 0.013, "Actual Rows": 8, "Actual Loops": 703168, "Output": ["mi.id", "mi.movie_id", "mi.info_type_id", "mi.info", "mi.note"], "Index Cond": "(mi.movie_id = ci.movie_id)", "Rows Removed by Index Recheck": 0, "Filter": "(mi.info_type_id < 17)", "Rows Removed by Filter": 2, "Shared Hit Blocks": 5902688, "Shared Read Blocks": 34350, "Shared Dirtied Blocks": 0, "Shared Written Blocks": 0, "Local Hit Blocks": 0, "Local Read Blocks": 0, "Local Dirtied Blocks": 0, "Local Written Blocks": 0, "Temp Read Blocks": 0, "Temp Written Blocks": 0, "I/O Read Time": 1898.423, "I/O Write Time": 0.0}]}]}, "Planning": {"Shared Hit Blocks": 331, "Shared Read Blocks": 56, "Shared Dirtied Blocks": 0, "Shared Written Blocks": 0, "Local Hit Blocks": 0, "Local Read Blocks": 0, "Local Dirtied Blocks": 0, "Local Written Blocks": 0, "Temp Read Blocks": 0, "Temp Written Blocks": 0, "I/O Read Time": 4.194, "I/O Write Time": 0.0}, "Planning Time": 7.034, "Triggers": [], "Execution Time": 15953.836}, "template": "scale", "query": "EXPLAIN (ANALYZE, COSTS, BUFFERS, VERBOSE, FORMAT JSON) SELECT COUNT(*) FROM title t,cast_info ci,movie_info mi,movie_info_idx mi_idx WHERE t.id=ci.movie_id AND t.id=mi.movie_id AND t.id=mi_idx.movie_id AND t.kind_id=7 AND t.production_year>1996 AND ci.person_id>2375987 AND ci.role_id=3 AND mi.info_type_id<17 AND mi_idx.info_type_id<101;"}
{"planinfo": {"Plan": {"Node Type": "Aggregate", "Strategy": "Plain", "Partial Mode": "Simple", "Parallel Aware": false, "Startup Cost": 626701.0, "Total Cost": 626701.01, "Plan Rows": 1, "Plan Width": 8, "Actual Startup Time": 10078.69, "Actual Total Time": 10078.694, "Actual Rows": 1, "Actual Loops": 1, "Output": ["count(*)"], "Shared Hit Blocks": 3, "Shared Read Blocks": 205926, "Shared Dirtied Blocks": 0, "Shared Written Blocks": 0, "Local Hit Blocks": 0, "Local Read Blocks": 0, "Local Dirtied Blocks": 0, "Local Written Blocks": 0, "Temp Read Blocks": 32050, "Temp Written Blocks": 32050, "I/O Read Time": 441.645, "I/O Write Time": 0.0, "Plans": [{"Node Type": "Hash Join", "Parent Relationship": "Outer", "Parallel Aware": false, "Join Type": "Inner", "Startup Cost": 142410.12, "Total Cost": 621536.52, "Plan Rows": 2065795, "Plan Width": 0, "Actual Startup Time": 2346.772, "Actual Total Time": 9884.614, "Actual Rows": 1866714, "Actual Loops": 1, "Inner Unique": false, "Hash Cond": "(mi.movie_id = t.id)", "Shared Hit Blocks": 3, "Shared Read Blocks": 205926, "Shared Dirtied Blocks": 0, "Shared Written Blocks": 0, "Local Hit Blocks": 0, "Local Read Blocks": 0, "Local Dirtied Blocks": 0, "Local Written Blocks": 0, "Temp Read Blocks": 32050, "Temp Written Blocks": 32050, "I/O Read Time": 441.645, "I/O Write Time": 0.0, "Plans": [{"Node Type": "Seq Scan", "Parent Relationship": "Outer", "Parallel Aware": false, "Relation Name": "movie_info", "Schema": "public", "Alias": "mi", "Startup Cost": 0.0, "Total Cost": 347223.62, "Plan Rows": 9434089, "Plan Width": 4, "Actual Startup Time": 170.076, "Actual Total Time": 3479.903, "Actual Rows": 9425200, "Actual Loops": 1, "Output": ["mi.movie_id"], "Filter": "(mi.info_type_id > 5)", "Rows Removed by Filter": 5410520, "Shared Hit Blocks": 0, "Shared Read Blocks": 161993, "Shared Dirtied Blocks": 0, "Shared Written Blocks": 0, "Local Hit Blocks": 0, "Local Read Blocks": 0, "Local Dirtied Blocks": 0, "Local Written Blocks": 0, "Temp Read Blocks": 0, "Temp Written Blocks": 0, "I/O Read Time": 336.647, "I/O Write Time": 0.0}, {"Node Type": "Hash", "Parent Relationship": "Inner", "Parallel Aware": false, "Startup Cost": 133326.2, "Total Cost": 133326.2, "Plan Rows": 553673, "Plan Width": 8, "Actual Startup Time": 2175.793, "Actual Total Time": 2175.796, "Actual Rows": 283812, "Actual Loops": 1, "Output": ["t.id", "mi_idx.movie_id"], "Hash Buckets": 131072, "Original Hash Buckets": 131072, "Hash Batches": 8, "Original Hash Batches": 8, "Peak Memory Usage": 2409, "Shared Hit Blocks": 0, "Shared Read Blocks": 43933, "Shared Dirtied Blocks": 0, "Shared Written Blocks": 0, "Local Hit Blocks": 0, "Local Read Blocks": 0, "Local Dirtied Blocks": 0, "Local Written Blocks": 0, "Temp Read Blocks": 7024, "Temp Written Blocks": 7870, "I/O Read Time": 104.998, "I/O Write Time": 0.0, "Plans": [{"Node Type": "Hash Join", "Parent Relationship": "Outer", "Parallel Aware": false, "Join Type": "Inner", "Startup Cost": 92597.36, "Total Cost": 133326.2, "Plan Rows": 553673, "Plan Width": 8, "Actual Startup Time": 1099.41, "Actual Total Time": 2089.501, "Actual Rows": 283812, "Actual Loops": 1, "Output": ["t.id", "mi_idx.movie_id"], "Inner Unique": true, "Hash Cond": "(mi_idx.movie_id = t.id)", "Shared Hit Blocks": 0, "Shared Read Blocks": 43933, "Shared Dirtied Blocks": 0, "Shared Written Blocks": 0, "Local Hit Blocks": 0, "Local Read Blocks": 0, "Local Dirtied Blocks": 0, "Local Written Blocks": 0, "Temp Read Blocks": 7024, "Temp Written Blocks": 7024, "I/O Read Time": 104.998, "I/O Write Time": 0.0, "Plans": [{"Node Type": "Seq Scan", "Parent Relationship": "Outer", "Parallel Aware": false, "Relation Name": "movie_info_idx", "Schema": "public", "Alias": "mi_idx", "Startup Cost": 0.0, "Total Cost": 25185.44, "Plan Rows": 919011, "Plan Width": 4, "Actual Startup Time": 0.221, "Actual Total Time": 338.031, "Actual Rows": 919850, "Actual Loops": 1, "Output": ["mi_idx.movie_id"], "Filter": "(mi_idx.info_type_id < 101)", "Rows Removed by Filter": 460185, "Shared Hit Blocks": 0, "Shared Read Blocks": 7935, "Shared Dirtied Blocks": 0, "Shared Written Blocks": 0, "Local Hit Blocks": 0, "Local Read Blocks": 0, "Local Dirtied Blocks": 0, "Local Written Blocks": 0, "Temp Read Blocks": 0, "Temp Written Blocks": 0, "I/O Read Time": 40.183, "I/O Write Time": 0.0}, {"Node Type": "Hash", "Parent Relationship": "Inner", "Parallel Aware": false, "Startup Cost": 67604.5, "Total Cost": 67604.5, "Plan Rows": 1523349, "Plan Width": 4, "Actual Startup Time": 1097.562, "Actual Total Time": 1097.563, "Actual Rows": 1543264, "Actual Loops": 1, "Output": ["t.id"], "Hash Buckets": 131072, "Original Hash Buckets": 131072, "Hash Batches": 32, "Original Hash Batches": 32, "Peak Memory Usage": 2722, "Shared Hit Blocks": 0, "Shared Read Blocks": 35998, "Shared Dirtied Blocks": 0, "Shared Written Blocks": 0, "Local Hit Blocks": 0, "Local Read Blocks": 0, "Local Dirtied Blocks": 0, "Local Written Blocks": 0, "Temp Read Blocks": 0, "Temp Written Blocks": 4365, "I/O Read Time": 64.815, "I/O Write Time": 0.0, "Plans": [{"Node Type": "Seq Scan", "Parent Relationship": "Outer", "Parallel Aware": false, "Relation Name": "title", "Schema": "public", "Alias": "t", "Startup Cost": 0.0, "Total Cost": 67604.5, "Plan Rows": 1523349, "Plan Width": 4, "Actual Startup Time": 0.154, "Actual Total Time": 636.901, "Actual Rows": 1543264, "Actual Loops": 1, "Output": ["t.id"], "Filter": "(t.kind_id = 7)", "Rows Removed by Filter": 985048, "Shared Hit Blocks": 0, "Shared Read Blocks": 35998, "Shared Dirtied Blocks": 0, "Shared Written Blocks": 0, "Local Hit Blocks": 0, "Local Read Blocks": 0, "Local Dirtied Blocks": 0, "Local Written Blocks": 0, "Temp Read Blocks": 0, "Temp Written Blocks": 0, "I/O Read Time": 64.815, "I/O Write Time": 0.0}]}]}]}]}]}, "Planning": {"Shared Hit Blocks": 190, "Shared Read Blocks": 40, "Shared Dirtied Blocks": 0, "Shared Written Blocks": 0, "Local Hit Blocks": 0, "Local Read Blocks": 0, "Local Dirtied Blocks": 0, "Local Written Blocks": 0, "Temp Read Blocks": 0, "Temp Written Blocks": 0, "I/O Read Time": 2.891, "I/O Write Time": 0.0}, "Planning Time": 4.692, "Triggers": [], "Execution Time": 10079.287}, "template": "scale", "query": "EXPLAIN (ANALYZE, COSTS, BUFFERS, VERBOSE, FORMAT JSON) SELECT COUNT(*) FROM title t,movie_info mi,movie_info_idx mi_idx WHERE t.id=mi.movie_id AND t.id=mi_idx.movie_id AND t.kind_id=7 AND mi.info_type_id>5 AND mi_idx.info_type_id<101;"}
{"planinfo": {"Plan": {"Node Type": "Aggregate", "Strategy": "Plain", "Partial Mode": "Simple", "Parallel Aware": false, "Startup Cost": 1365691.28, "Total Cost": 1365691.29, "Plan Rows": 1, "Plan Width": 8, "Actual Startup Time": 95057.254, "Actual Total Time": 95057.26, "Actual Rows": 1, "Actual Loops": 1, "Output": ["count(*)"], "Shared Hit Blocks": 5318842, "Shared Read Blocks": 150090, "Shared Dirtied Blocks": 0, "Shared Written Blocks": 0, "Local Hit Blocks": 0, "Local Read Blocks": 0, "Local Dirtied Blocks": 0, "Local Written Blocks": 0, "Temp Read Blocks": 117392, "Temp Written Blocks": 117404, "I/O Read Time": 848.969, "I/O Write Time": 0.0, "Plans": [{"Node Type": "Hash Join", "Parent Relationship": "Outer", "Parallel Aware": false, "Join Type": "Inner", "Startup Cost": 667137.15, "Total Cost": 1330938.48, "Plan Rows": 13901120, "Plan Width": 0, "Actual Startup Time": 16209.079, "Actual Total Time": 71424.954, "Actual Rows": 236669097, "Actual Loops": 1, "Inner Unique": false, "Hash Cond": "(ci.movie_id = t.id)", "Shared Hit Blocks": 5318842, "Shared Read Blocks": 150090, "Shared Dirtied Blocks": 0, "Shared Written Blocks": 0, "Local Hit Blocks": 0, "Local Read Blocks": 0, "Local Dirtied Blocks": 0, "Local Written Blocks": 0, "Temp Read Blocks": 117392, "Temp Written Blocks": 117404, "I/O Read Time": 848.969, "I/O Write Time": 0.0, "Plans": [{"Node Type": "Index Scan", "Parent Relationship": "Outer", "Parallel Aware": false, "Scan Direction": "Forward", "Index Name": "role_id_cast_info", "Relation Name": "cast_info", "Schema": "public", "Alias": "ci", "Startup Cost": 0.44, "Total Cost": 366023.64, "Plan Rows": 10079022, "Plan Width": 4, "Actual Startup Time": 0.615, "Actual Total Time": 4960.21, "Actual Rows": 6158070, "Actual Loops": 1, "Output": ["ci.movie_id"], "Index Cond": "(ci.role_id > 3)", "Rows Removed by Index Recheck": 0, "Filter": "(ci.person_id < 3036144)", "Rows Removed by Filter": 5955576, "Shared Hit Blocks": 2, "Shared Read Blocks": 96508, "Shared Dirtied Blocks": 0, "Shared Written Blocks": 0, "Local Hit Blocks": 0, "Local Read Blocks": 0, "Local Dirtied Blocks": 0, "Local Written Blocks": 0, "Temp Read Blocks": 0, "Temp Written Blocks": 0, "I/O Read Time": 432.786, "I/O Write Time": 0.0}, {"Node Type": "Hash", "Parent Relationship": "Inner", "Parallel Aware": false, "Startup Cost": 606515.6, "Total Cost": 606515.6, "Plan Rows": 3487369, "Plan Width": 12, "Actual Startup Time": 16193.012, "Actual Total Time": 16193.016, "Actual Rows": 13016114, "Actual Loops": 1, "Output": ["t.id", "mc.movie_id", "mi.movie_id"], "Hash Buckets": 131072, "Original Hash Buckets": 131072, "Hash Batches": 512, "Original Hash Batches": 64, "Peak Memory Usage": 3073, "Shared Hit Blocks": 5318837, "Shared Read Blocks": 53582, "Shared Dirtied Blocks": 0, "Shared Written Blocks": 0, "Local Hit Blocks": 0, "Local Read Blocks": 0, "Local Dirtied Blocks": 0, "Local Written Blocks": 0, "Temp Read Blocks": 1043, "Temp Written Blocks": 51596, "I/O Read Time": 416.183, "I/O Write Time": 0.0, "Plans": [{"Node Type": "Merge Join", "Parent Relationship": "Outer", "Parallel Aware": false, "Join Type": "Inner", "Startup Cost": 116639.28, "Total Cost": 606515.6, "Plan Rows": 3487369, "Plan Width": 12, "Actual Startup Time": 838.239, "Actual Total Time": 11486.589, "Actual Rows": 13016114, "Actual Loops": 1, "Output": ["t.id", "mc.movie_id", "mi.movie_id"], "Inner Unique": false, "Merge Cond": "(t.id = mi.movie_id)", "Shared Hit Blocks": 5318837, "Shared Read Blocks": 53582, "Shared Dirtied Blocks": 0, "Shared Written Blocks": 0, "Local Hit Blocks": 0, "Local Read Blocks": 0, "Local Dirtied Blocks": 0, "Local Written Blocks": 0, "Temp Read Blocks": 1043, "Temp Written Blocks": 1055, "I/O Read Time": 416.183, "I/O Write Time": 0.0, "Plans": [{"Node Type": "Merge Join", "Parent Relationship": "Outer", "Parallel Aware": false, "Join Type": "Inner", "Startup Cost": 116616.55, "Total Cost": 207207.32, "Plan Rows": 595061, "Plan Width": 8, "Actual Startup Time": 837.954, "Actual Total Time": 2303.97, "Actual Rows": 607408, "Actual Loops": 1, "Output": ["t.id", "mc.movie_id"], "Inner Unique": false, "Merge Cond": "(t.id = mc.movie_id)", "Shared Hit Blocks": 23441, "Shared Read Blocks": 27752, "Shared Dirtied Blocks": 0, "Shared Written Blocks": 0, "Local Hit Blocks": 0, "Local Read Blocks": 0, "Local Dirtied Blocks": 0, "Local Written Blocks": 0, "Temp Read Blocks": 1043, "Temp Written Blocks": 1055, "I/O Read Time": 245.558, "I/O Write Time": 0.0, "Plans": [{"Node Type": "Index Only Scan", "Parent Relationship": "Outer", "Parallel Aware": false, "Scan Direction": "Forward", "Index Name": "title_pkey", "Relation Name": "title", "Schema": "public", "Alias": "t", "Startup Cost": 0.43, "Total Cost": 73940.23, "Plan Rows": 2528520, "Plan Width": 4, "Actual Startup Time": 0.018, "Actual Total Time": 561.263, "Actual Rows": 2525678, "Actual Loops": 1, "Output": ["t.id"], "Heap Fetches": 0, "Shared Hit Blocks": 23441, "Shared Read Blocks": 8962, "Shared Dirtied Blocks": 0, "Shared Written Blocks": 0, "Local Hit Blocks": 0, "Local Read Blocks": 0, "Local Dirtied Blocks": 0, "Local Written Blocks": 0, "Temp Read Blocks": 0, "Temp Written Blocks": 0, "I/O Read Time": 150.836, "I/O Write Time": 0.0}, {"Node Type": "Materialize", "Parent Relationship": "Inner", "Parallel Aware": false, "Startup Cost": 116615.93, "Total Cost": 119591.24, "Plan Rows": 595061, "Plan Width": 4, "Actual Startup Time": 837.925, "Actual Total Time": 1191.17, "Actual Rows": 607408, "Actual Loops": 1, "Output": ["mc.movie_id"], "Shared Hit Blocks": 0, "Shared Read Blocks": 18790, "Shared Dirtied Blocks": 0, "Shared Written Blocks": 0, "Local Hit Blocks": 0, "Local Read Blocks": 0, "Local Dirtied Blocks": 0, "Local Written Blocks": 0, "Temp Read Blocks": 1043, "Temp Written Blocks": 1055, "I/O Read Time": 94.722, "I/O Write Time": 0.0, "Plans": [{"Node Type": "Sort", "Parent Relationship": "Outer", "Parallel Aware": false, "Startup Cost": 116615.93, "Total Cost": 118103.58, "Plan Rows": 595061, "Plan Width": 4, "Actual Startup Time": 837.921, "Actual Total Time": 987.213, "Actual Rows": 607408, "Actual Loops": 1, "Output": ["mc.movie_id"], "Sort Key": ["mc.movie_id"], "Sort Method": "external merge", "Sort Space Used": 8344, "Sort Space Type": "Disk", "Shared Hit Blocks": 0, "Shared Read Blocks": 18790, "Shared Dirtied Blocks": 0, "Shared Written Blocks": 0, "Local Hit Blocks": 0, "Local Read Blocks": 0, "Local Dirtied Blocks": 0, "Local Written Blocks": 0, "Temp Read Blocks": 1043, "Temp Written Blocks": 1055, "I/O Read Time": 94.722, "I/O Write Time": 0.0, "Plans": [{"Node Type": "Seq Scan", "Parent Relationship": "Outer", "Parallel Aware": false, "Relation Name": "movie_companies", "Schema": "public", "Alias": "mc", "Startup Cost": 0.0, "Total Cost": 51404.11, "Plan Rows": 595061, "Plan Width": 4, "Actual Startup Time": 0.136, "Actual Total Time": 570.195, "Actual Rows": 607408, "Actual Loops": 1, "Output": ["mc.movie_id"], "Filter": "(mc.company_id < 708)", "Rows Removed by Filter": 2001721, "Shared Hit Blocks": 0, "Shared Read Blocks": 18790, "Shared Dirtied Blocks": 0, "Shared Written Blocks": 0, "Local Hit Blocks": 0, "Local Read Blocks": 0, "Local Dirtied Blocks": 0, "Local Written Blocks": 0, "Temp Read Blocks": 0, "Temp Written Blocks": 0, "I/O Read Time": 94.722, "I/O Write Time": 0.0}]}]}]}, {"Node Type": "Index Only Scan", "Parent Relationship": "Inner", "Parallel Aware": false, "Scan Direction": "Forward", "Index Name": "movie_id_movie_info", "Relation Name": "movie_info", "Schema": "public", "Alias": "mi", "Startup Cost": 0.43, "Total Cost": 325993.18, "Plan Rows": 14818450, "Plan Width": 4, "Actual Startup Time": 0.028, "Actual Total Time": 5408.446, "Actual Rows": 22932047, "Actual Loops": 1, "Output": ["mi.movie_id"], "Heap Fetches": 0, "Shared Hit Blocks": 5295396, "Shared Read Blocks": 25830, "Shared Dirtied Blocks": 0, "Shared Written Blocks": 0, "Local Hit Blocks": 0, "Local Read Blocks": 0, "Local Dirtied Blocks": 0, "Local Written Blocks": 0, "Temp Read Blocks": 0, "Temp Written Blocks": 0, "I/O Read Time": 170.625, "I/O Write Time": 0.0}]}]}]}]}, "Planning": {"Shared Hit Blocks": 334, "Shared Read Blocks": 55, "Shared Dirtied Blocks": 0, "Shared Written Blocks": 0, "Local Hit Blocks": 0, "Local Read Blocks": 0, "Local Dirtied Blocks": 0, "Local Written Blocks": 0, "Temp Read Blocks": 0, "Temp Written Blocks": 0, "I/O Read Time": 4.518, "I/O Write Time": 0.0}, "Planning Time": 7.63, "Triggers": [], "Execution Time": 95058.144}, "template": "scale", "query": "EXPLAIN (ANALYZE, COSTS, BUFFERS, VERBOSE, FORMAT JSON) SELECT COUNT(*) FROM title t,movie_companies mc,cast_info ci,movie_info mi WHERE t.id=mc.movie_id AND t.id=ci.movie_id AND t.id=mi.movie_id AND mc.company_id<708 AND ci.person_id<3036144 AND ci.role_id>3;"}
{"planinfo": {"Plan": {"Node Type": "Aggregate", "Strategy": "Plain", "Partial Mode": "Simple", "Parallel Aware": false, "Startup Cost": 475589.03, "Total Cost": 475589.04, "Plan Rows": 1, "Plan Width": 8, "Actual Startup Time": 9681.076, "Actual Total Time": 9681.078, "Actual Rows": 1, "Actual Loops": 1, "Output": ["count(*)"], "Shared Hit Blocks": 412444, "Shared Read Blocks": 59053, "Shared Dirtied Blocks": 0, "Shared Written Blocks": 0, "Local Hit Blocks": 0, "Local Read Blocks": 0, "Local Dirtied Blocks": 0, "Local Written Blocks": 0, "Temp Read Blocks": 398, "Temp Written Blocks": 402, "I/O Read Time": 399.623, "I/O Write Time": 0.0, "Plans": [{"Node Type": "Merge Join", "Parent Relationship": "Outer", "Parallel Aware": false, "Join Type": "Inner", "Startup Cost": 90952.88, "Total Cost": 472338.92, "Plan Rows": 1300046, "Plan Width": 0, "Actual Startup Time": 670.538, "Actual Total Time": 8193.677, "Actual Rows": 14848189, "Actual Loops": 1, "Inner Unique": false, "Merge Cond": "(t.id = mk.movie_id)", "Shared Hit Blocks": 412444, "Shared Read Blocks": 59053, "Shared Dirtied Blocks": 0, "Shared Written Blocks": 0, "Local Hit Blocks": 0, "Local Read Blocks": 0, "Local Dirtied Blocks": 0, "Local Written Blocks": 0, "Temp Read Blocks": 398, "Temp Written Blocks": 402, "I/O Read Time": 399.623, "I/O Write Time": 0.0, "Plans": [{"Node Type": "Nested Loop", "Parent Relationship": "Outer", "Parallel Aware": false, "Join Type": "Inner", "Startup Cost": 90924.04, "Total Cost": 343880.28, "Plan Rows": 726623, "Plan Width": 12, "Actual Startup Time": 670.509, "Actual Total Time": 2049.68, "Actual Rows": 744814, "Actual Loops": 1, "Output": ["t.id", "mi.movie_id", "mi_idx.movie_id"], "Inner Unique": false, "Join Filter": "(t.id = mi.movie_id)", "Rows Removed by Join Filter": 0, "Shared Hit Blocks": 397103, "Shared Read Blocks": 50400, "Shared Dirtied Blocks": 0, "Shared Written Blocks": 0, "Local Hit Blocks": 0, "Local Read Blocks": 0, "Local Dirtied Blocks": 0, "Local Written Blocks": 0, "Temp Read Blocks": 398, "Temp Written Blocks": 402, "I/O Read Time": 353.446, "I/O Write Time": 0.0, "Plans": [{"Node Type": "Merge Join", "Parent Relationship": "Outer", "Parallel Aware": false, "Join Type": "Inner", "Startup Cost": 90923.61, "Total Cost": 135564.63, "Plan Rows": 123986, "Plan Width": 8, "Actual Startup Time": 670.481, "Actual Total Time": 1145.775, "Actual Rows": 69471, "Actual Loops": 1, "Output": ["t.id", "mi_idx.movie_id"], "Inner Unique": true, "Merge Cond": "(mi_idx.movie_id = t.id)", "Shared Hit Blocks": 5, "Shared Read Blocks": 40507, "Shared Dirtied Blocks": 0, "Shared Written Blocks": 0, "Local Hit Blocks": 0, "Local Read Blocks": 0, "Local Dirtied Blocks": 0, "Local Written Blocks": 0, "Temp Read Blocks": 398, "Temp Written Blocks": 402, "I/O Read Time": 91.19, "I/O Write Time": 0.0, "Plans": [{"Node Type": "Index Only Scan", "Parent Relationship": "Outer", "Parallel Aware": false, "Scan Direction": "Forward", "Index Name": "movie_id_movie_info_idx", "Relation Name": "movie_info_idx", "Schema": "public", "Alias": "mi_idx", "Startup Cost": 0.43, "Total Cost": 38816.95, "Plan Rows": 1380035, "Plan Width": 4, "Actual Startup Time": 0.024, "Actual Total Time": 240.172, "Actual Rows": 1380035, "Actual Loops": 1, "Output": ["mi_idx.movie_id"], "Heap Fetches": 0, "Shared Hit Blocks": 5, "Shared Read Blocks": 4509, "Shared Dirtied Blocks": 0, "Shared Written Blocks": 0, "Local Hit Blocks": 0, "Local Read Blocks": 0, "Local Dirtied Blocks": 0, "Local Written Blocks": 0, "Temp Read Blocks": 0, "Temp Written Blocks": 0, "I/O Read Time": 24.935, "I/O Write Time": 0.0}, {"Node Type": "Sort", "Parent Relationship": "Inner", "Parallel Aware": false, "Startup Cost": 90923.05, "Total Cost": 91490.97, "Plan Rows": 227169, "Plan Width": 4, "Actual Startup Time": 670.446, "Actual Total Time": 712.393, "Actual Rows": 231574, "Actual Loops": 1, "Output": ["t.id"], "Sort Key": ["t.id"], "Sort Method": "external merge", "Sort Space Used": 3184, "Sort Space Type": "Disk", "Shared Hit Blocks": 0, "Shared Read Blocks": 35998, "Shared Dirtied Blocks": 0, "Shared Written Blocks": 0, "Local Hit Blocks": 0, "Local Read Blocks": 0, "Local Dirtied Blocks": 0, "Local Written Blocks": 0, "Temp Read Blocks": 398, "Temp Written Blocks": 402, "I/O Read Time": 66.254, "I/O Write Time": 0.0, "Plans": [{"Node Type": "Seq Scan", "Parent Relationship": "Outer", "Parallel Aware": false, "Relation Name": "title", "Schema": "public", "Alias": "t", "Startup Cost": 0.0, "Total Cost": 67604.5, "Plan Rows": 227169, "Plan Width": 4, "Actual Startup Time": 0.142, "Actual Total Time": 540.372, "Actual Rows": 231649, "Actual Loops": 1, "Output": ["t.id"], "Filter": "(t.production_year > 2011)", "Rows Removed by Filter": 2296663, "Shared Hit Blocks": 0, "Shared Read Blocks": 35998, "Shared Dirtied Blocks": 0, "Shared Written Blocks": 0, "Local Hit Blocks": 0, "Local Read Blocks": 0, "Local Dirtied Blocks": 0, "Local Written Blocks": 0, "Temp Read Blocks": 0, "Temp Written Blocks": 0, "I/O Read Time": 66.254, "I/O Write Time": 0.0}]}]}, {"Node Type": "Index Only Scan", "Parent Relationship": "Inner", "Parallel Aware": false, "Scan Direction": "Forward", "Index Name": "movie_id_movie_info", "Relation Name": "movie_info", "Schema": "public", "Alias": "mi", "Startup Cost": 0.43, "Total Cost": 1.19, "Plan Rows": 39, "Plan Width": 4, "Actual Startup Time": 0.008, "Actual Total Time": 0.01, "Actual Rows": 11, "Actual Loops": 69471, "Output": ["mi.movie_id"], "Index Cond": "(mi.movie_id = mi_idx.movie_id)", "Rows Removed by Index Recheck": 0, "Heap Fetches": 0, "Shared Hit Blocks": 397098, "Shared Read Blocks": 9893, "Shared Dirtied Blocks": 0, "Shared Written Blocks": 0, "Local Hit Blocks": 0, "Local Read Blocks": 0, "Local Dirtied Blocks": 0, "Local Written Blocks": 0, "Temp Read Blocks": 0, "Temp Written Blocks": 0, "I/O Read Time": 262.256, "I/O Write Time": 0.0}]}, {"Node Type": "Index Only Scan", "Parent Relationship": "Inner", "Parallel Aware": false, "Scan Direction": "Forward", "Index Name": "movie_id_movie_keyword", "Relation Name": "movie_keyword", "Schema": "public", "Alias": "mk", "Startup Cost": 0.43, "Total Cost": 102607.38, "Plan Rows": 4523930, "Plan Width": 4, "Actual Startup Time": 0.025, "Actual Total Time": 2947.051, "Actual Rows": 19293512, "Actual Loops": 1, "Output": ["mk.movie_id"], "Heap Fetches": 0, "Shared Hit Blocks": 15341, "Shared Read Blocks": 8653, "Shared Dirtied Blocks": 0, "Shared Written Blocks": 0, "Local Hit Blocks": 0, "Local Read Blocks": 0, "Local Dirtied Blocks": 0, "Local Written Blocks": 0, "Temp Read Blocks": 0, "Temp Written Blocks": 0, "I/O Read Time": 46.177, "I/O Write Time": 0.0}]}]}, "Planning": {"Shared Hit Blocks": 298, "Shared Read Blocks": 48, "Shared Dirtied Blocks": 0, "Shared Written Blocks": 0, "Local Hit Blocks": 0, "Local Read Blocks": 0, "Local Dirtied Blocks": 0, "Local Written Blocks": 0, "Temp Read Blocks": 0, "Temp Written Blocks": 0, "I/O Read Time": 3.659, "I/O Write Time": 0.0}, "Planning Time": 6.171, "Triggers": [], "Execution Time": 9681.697}, "template": "scale", "query": "EXPLAIN (ANALYZE, COSTS, BUFFERS, VERBOSE, FORMAT JSON) SELECT COUNT(*) FROM title t,movie_info mi,movie_info_idx mi_idx,movie_keyword mk WHERE t.id=mi.movie_id AND t.id=mi_idx.movie_id AND t.id=mk.movie_id AND t.production_year>2011;"}
{"planinfo": {"Plan": {"Node Type": "Aggregate", "Strategy": "Plain", "Partial Mode": "Simple", "Parallel Aware": false, "Startup Cost": 156284.51, "Total Cost": 156284.52, "Plan Rows": 1, "Plan Width": 8, "Actual Startup Time": 2810.126, "Actual Total Time": 2810.129, "Actual Rows": 1, "Actual Loops": 1, "Output": ["count(*)"], "Shared Hit Blocks": 3, "Shared Read Blocks": 48174, "Shared Dirtied Blocks": 0, "Shared Written Blocks": 0, "Local Hit Blocks": 0, "Local Read Blocks": 0, "Local Dirtied Blocks": 0, "Local Written Blocks": 0, "Temp Read Blocks": 8957, "Temp Written Blocks": 8957, "I/O Read Time": 121.756, "I/O Write Time": 0.0, "Plans": [{"Node Type": "Hash Join", "Parent Relationship": "Outer", "Parallel Aware": false, "Join Type": "Inner", "Startup Cost": 98322.37, "Total Cost": 153949.09, "Plan Rows": 934169, "Plan Width": 0, "Actual Startup Time": 1262.723, "Actual Total Time": 2729.008, "Actual Rows": 785208, "Actual Loops": 1, "Inner Unique": true, "Hash Cond": "(mc.movie_id = t.id)", "Shared Hit Blocks": 3, "Shared Read Blocks": 48174, "Shared Dirtied Blocks": 0, "Shared Written Blocks": 0, "Local Hit Blocks": 0, "Local Read Blocks": 0, "Local Dirtied Blocks": 0, "Local Written Blocks": 0, "Temp Read Blocks": 8957, "Temp Written Blocks": 8957, "I/O Read Time": 121.756, "I/O Write Time": 0.0, "Plans": [{"Node Type": "Index Scan", "Parent Relationship": "Outer", "Parallel Aware": false, "Scan Direction": "Forward", "Index Name": "company_type_id_movie_companies", "Relation Name": "movie_companies", "Schema": "public", "Alias": "mc", "Startup Cost": 0.43, "Total Cost": 35143.45, "Plan Rows": 1261601, "Plan Width": 4, "Actual Startup Time": 0.316, "Actual Total Time": 515.091, "Actual Rows": 1274246, "Actual Loops": 1, "Output": ["mc.movie_id"], "Index Cond": "(mc.company_type_id = 1)", "Rows Removed by Index Recheck": 0, "Shared Hit Blocks": 0, "Shared Read Blocks": 12176, "Shared Dirtied Blocks": 0, "Shared Written Blocks": 0, "Local Hit Blocks": 0, "Local Read Blocks": 0, "Local Dirtied Blocks": 0, "Local Written Blocks": 0, "Temp Read Blocks": 0, "Temp Written Blocks": 0, "I/O Read Time": 62.846, "I/O Write Time": 0.0}, {"Node Type": "Hash", "Parent Relationship": "Inner", "Parallel Aware": false, "Startup Cost": 67604.5, "Total Cost": 67604.5, "Plan Rows": 1872275, "Plan Width": 4, "Actual Startup Time": 1261.781, "Actual Total Time": 1261.782, "Actual Rows": 1871198, "Actual Loops": 1, "Output": ["t.id"], "Hash Buckets": 131072, "Original Hash Buckets": 131072, "Hash Batches": 32, "Original Hash Batches": 32, "Peak Memory Usage": 3088, "Shared Hit Blocks": 0, "Shared Read Blocks": 35998, "Shared Dirtied Blocks": 0, "Shared Written Blocks": 0, "Local Hit Blocks": 0, "Local Read Blocks": 0, "Local Dirtied Blocks": 0, "Local Written Blocks": 0, "Temp Read Blocks": 0, "Temp Written Blocks": 5295, "I/O Read Time": 58.91, "I/O Write Time": 0.0, "Plans": [{"Node Type": "Seq Scan", "Parent Relationship": "Outer", "Parallel Aware": false, "Relation Name": "title", "Schema": "public", "Alias": "t", "Startup Cost": 0.0, "Total Cost": 67604.5, "Plan Rows": 1872275, "Plan Width": 4, "Actual Startup Time": 0.152, "Actual Total Time": 689.883, "Actual Rows": 1871198, "Actual Loops": 1, "Output": ["t.id"], "Filter": "(t.production_year > 1984)", "Rows Removed by Filter": 657114, "Shared Hit Blocks": 0, "Shared Read Blocks": 35998, "Shared Dirtied Blocks": 0, "Shared Written Blocks": 0, "Local Hit Blocks": 0, "Local Read Blocks": 0, "Local Dirtied Blocks": 0, "Local Written Blocks": 0, "Temp Read Blocks": 0, "Temp Written Blocks": 0, "I/O Read Time": 58.91, "I/O Write Time": 0.0}]}]}]}, "Planning": {"Shared Hit Blocks": 118, "Shared Read Blocks": 28, "Shared Dirtied Blocks": 0, "Shared Written Blocks": 0, "Local Hit Blocks": 0, "Local Read Blocks": 0, "Local Dirtied Blocks": 0, "Local Written Blocks": 0, "Temp Read Blocks": 0, "Temp Written Blocks": 0, "I/O Read Time": 2.097, "I/O Write Time": 0.0}, "Planning Time": 3.182, "Triggers": [], "Execution Time": 2810.328}, "template": "scale", "query": "EXPLAIN (ANALYZE, COSTS, BUFFERS, VERBOSE, FORMAT JSON) SELECT COUNT(*) FROM title t,movie_companies mc WHERE t.id=mc.movie_id AND t.production_year>1984 AND mc.company_type_id=1;"}
{"planinfo": {"Plan": {"Node Type": "Aggregate", "Strategy": "Plain", "Partial Mode": "Simple", "Parallel Aware": false, "Startup Cost": 612932.52, "Total Cost": 612932.53, "Plan Rows": 1, "Plan Width": 8, "Actual Startup Time": 12877.382, "Actual Total Time": 12877.384, "Actual Rows": 1, "Actual Loops": 1, "Output": ["count(*)"], "Shared Hit Blocks": 8467295, "Shared Read Blocks": 75265, "Shared Dirtied Blocks": 0, "Shared Written Blocks": 0, "Local Hit Blocks": 0, "Local Read Blocks": 0, "Local Dirtied Blocks": 0, "Local Written Blocks": 0, "Temp Read Blocks": 0, "Temp Written Blocks": 0, "I/O Read Time": 1345.23, "I/O Write Time": 0.0, "Plans": [{"Node Type": "Merge Join", "Parent Relationship": "Outer", "Parallel Aware": false, "Join Type": "Inner", "Startup Cost": 37.35, "Total Cost": 598131.98, "Plan Rows": 5920218, "Plan Width": 0, "Actual Startup Time": 0.374, "Actual Total Time": 12033.958, "Actual Rows": 7246866, "Actual Loops": 1, "Inner Unique": false, "Merge Cond": "(t.id = mi.movie_id)", "Shared Hit Blocks": 8467295, "Shared Read Blocks": 75265, "Shared Dirtied Blocks": 0, "Shared Written Blocks": 0, "Local Hit Blocks": 0, "Local Read Blocks": 0, "Local Dirtied Blocks": 0, "Local Written Blocks": 0, "Temp Read Blocks": 0, "Temp Written Blocks": 0, "I/O Read Time": 1345.23, "I/O Write Time": 0.0, "Plans": [{"Node Type": "Merge Join", "Parent Relationship": "Outer", "Parallel Aware": false, "Join Type": "Inner", "Startup Cost": 14.62, "Total Cost": 173541.74, "Plan Rows": 1010186, "Plan Width": 8, "Actual Startup Time": 0.238, "Actual Total Time": 4270.031, "Actual Rows": 750135, "Actual Loops": 1, "Output": ["t.id", "mi_idx.movie_id"], "Inner Unique": false, "Merge Cond": "(t.id = mi_idx.movie_id)", "Shared Hit Blocks": 2488153, "Shared Read Blocks": 49434, "Shared Dirtied Blocks": 0, "Shared Written Blocks": 0, "Local Hit Blocks": 0, "Local Read Blocks": 0, "Local Dirtied Blocks": 0, "Local Written Blocks": 0, "Temp Read Blocks": 0, "Temp Written Blocks": 0, "I/O Read Time": 1167.403, "I/O Write Time": 0.0, "Plans": [{"Node Type": "Index Scan", "Parent Relationship": "Outer", "Parallel Aware": false, "Scan Direction": "Forward", "Index Name": "title_pkey", "Relation Name": "title", "Schema": "public", "Alias": "t", "Startup Cost": 0.43, "Total Cost": 116669.84, "Plan Rows": 1850877, "Plan Width": 4, "Actual Startup Time": 0.119, "Actual Total Time": 3475.018, "Actual Rows": 1864138, "Actual Loops": 1, "Output": ["t.id", "t.title", "t.imdb_index", "t.kind_id", "t.production_year", "t.imdb_id", "t.phonetic_code", "t.episode_of_id", "t.season_nr", "t.episode_nr", "t.series_years", "t.md5sum"], "Filter": "(t.kind_id > 1)", "Rows Removed by Filter": 661658, "Shared Hit Blocks": 2488148, "Shared Read Blocks": 44925, "Shared Dirtied Blocks": 0, "Shared Written Blocks": 0, "Local Hit Blocks": 0, "Local Read Blocks": 0, "Local Dirtied Blocks": 0, "Local Written Blocks": 0, "Temp Read Blocks": 0, "Temp Written Blocks": 0, "I/O Read Time": 1141.179, "I/O Write Time": 0.0}, {"Node Type": "Index Only Scan", "Parent Relationship": "Inner", "Parallel Aware": false, "Scan Direction": "Forward", "Index Name": "movie_id_movie_info_idx", "Relation Name": "movie_info_idx", "Schema": "public", "Alias": "mi_idx", "Startup Cost": 0.43, "Total Cost": 38816.95, "Plan Rows": 1380035, "Plan Width": 4, "Actual Startup Time": 0.026, "Actual Total Time": 261.111, "Actual Rows": 1380035, "Actual Loops": 1, "Output": ["mi_idx.movie_id"], "Heap Fetches": 0, "Shared Hit Blocks": 5, "Shared Read Blocks": 4509, "Shared Dirtied Blocks": 0, "Shared Written Blocks": 0, "Local Hit Blocks": 0, "Local Read Blocks": 0, "Local Dirtied Blocks": 0, "Local Written Blocks": 0, "Temp Read Blocks": 0, "Temp Written Blocks": 0, "I/O Read Time": 26.223, "I/O Write Time": 0.0}]}, {"Node Type": "Index Only Scan", "Parent Relationship": "Inner", "Parallel Aware": false, "Scan Direction": "Forward", "Index Name": "movie_id_movie_info", "Relation Name": "movie_info", "Schema": "public", "Alias": "mi", "Startup Cost": 0.43, "Total Cost": 325993.18, "Plan Rows": 14818450, "Plan Width": 4, "Actual Startup Time": 0.025, "Actual Total Time": 5042.932, "Actual Rows": 19665895, "Actual Loops": 1, "Output": ["mi.movie_id"], "Heap Fetches": 0, "Shared Hit Blocks": 5979142, "Shared Read Blocks": 25831, "Shared Dirtied Blocks": 0, "Shared Written Blocks": 0, "Local Hit Blocks": 0, "Local Read Blocks": 0, "Local Dirtied Blocks": 0, "Local Written Blocks": 0, "Temp Read Blocks": 0, "Temp Written Blocks": 0, "I/O Read Time": 177.827, "I/O Write Time": 0.0}]}]}, "Planning": {"Shared Hit Blocks": 186, "Shared Read Blocks": 37, "Shared Dirtied Blocks": 0, "Shared Written Blocks": 0, "Local Hit Blocks": 0, "Local Read Blocks": 0, "Local Dirtied Blocks": 0, "Local Written Blocks": 0, "Temp Read Blocks": 0, "Temp Written Blocks": 0, "I/O Read Time": 2.893, "I/O Write Time": 0.0}, "Planning Time": 4.68, "Triggers": [], "Execution Time": 12877.531}, "template": "scale", "query": "EXPLAIN (ANALYZE, COSTS, BUFFERS, VERBOSE, FORMAT JSON) SELECT COUNT(*) FROM title t,movie_info mi,movie_info_idx mi_idx WHERE t.id=mi.movie_id AND t.id=mi_idx.movie_id AND t.kind_id>1;"}
{"planinfo": {"Plan": {"Node Type": "Aggregate", "Strategy": "Plain", "Partial Mode": "Simple", "Parallel Aware": false, "Startup Cost": 236781.95, "Total Cost": 236781.96, "Plan Rows": 1, "Plan Width": 8, "Actual Startup Time": 2495.695, "Actual Total Time": 2495.697, "Actual Rows": 1, "Actual Loops": 1, "Output": ["count(*)"], "Shared Hit Blocks": 953136, "Shared Read Blocks": 50308, "Shared Dirtied Blocks": 0, "Shared Written Blocks": 0, "Local Hit Blocks": 0, "Local Read Blocks": 0, "Local Dirtied Blocks": 0, "Local Written Blocks": 0, "Temp Read Blocks": 0, "Temp Written Blocks": 0, "I/O Read Time": 386.095, "I/O Write Time": 0.0, "Plans": [{"Node Type": "Nested Loop", "Parent Relationship": "Outer", "Parallel Aware": false, "Join Type": "Inner", "Startup Cost": 0.43, "Total Cost": 236133.66, "Plan Rows": 259316, "Plan Width": 0, "Actual Startup Time": 282.056, "Actual Total Time": 2280.44, "Actual Rows": 1835628, "Actual Loops": 1, "Inner Unique": false, "Shared Hit Blocks": 953136, "Shared Read Blocks": 50308, "Shared Dirtied Blocks": 0, "Shared Written Blocks": 0, "Local Hit Blocks": 0, "Local Read Blocks": 0, "Local Dirtied Blocks": 0, "Local Written Blocks": 0, "Temp Read Blocks": 0, "Temp Written Blocks": 0, "I/O Read Time": 386.095, "I/O Write Time": 0.0, "Plans": [{"Node Type": "Seq Scan", "Parent Relationship": "Outer", "Parallel Aware": false, "Relation Name": "title", "Schema": "public", "Alias": "t", "Startup Cost": 0.0, "Total Cost": 73925.8, "Plan Rows": 44248, "Plan Width": 4, "Actual Startup Time": 279.987, "Actual Total Time": 527.909, "Actual Rows": 156740, "Actual Loops": 1, "Output": ["t.id", "t.title", "t.imdb_index", "t.kind_id", "t.production_year", "t.imdb_id", "t.phonetic_code", "t.episode_of_id", "t.season_nr", "t.episode_nr", "t.series_years", "t.md5sum"], "Filter": "((t.production_year < 1948) AND (t.kind_id = 1))", "Rows Removed by Filter": 2371572, "Shared Hit Blocks": 0, "Shared Read Blocks": 35998, "Shared Dirtied Blocks": 0, "Shared Written Blocks": 0, "Local Hit Blocks": 0, "Local Read Blocks": 0, "Local Dirtied Blocks": 0, "Local Written Blocks": 0, "Temp Read Blocks": 0, "Temp Written Blocks": 0, "I/O Read Time": 68.6, "I/O Write Time": 0.0}, {"Node Type": "Index Only Scan", "Parent Relationship": "Inner", "Parallel Aware": false, "Scan Direction": "Forward", "Index Name": "movie_id_movie_info", "Relation Name": "movie_info", "Schema": "public", "Alias": "mi", "Startup Cost": 0.43, "Total Cost": 3.28, "Plan Rows": 39, "Plan Width": 4, "Actual Startup Time": 0.007, "Actual Total Time": 0.009, "Actual Rows": 12, "Actual Loops": 156740, "Output": ["mi.movie_id"], "Index Cond": "(mi.movie_id = t.id)", "Rows Removed by Index Recheck": 0, "Heap Fetches": 0, "Shared Hit Blocks": 953136, "Shared Read Blocks": 14310, "Shared Dirtied Blocks": 0, "Shared Written Blocks": 0, "Local Hit Blocks": 0, "Local Read Blocks": 0, "Local Dirtied Blocks": 0, "Local Written Blocks": 0, "Temp Read Blocks": 0, "Temp Written Blocks": 0, "I/O Read Time": 317.495, "I/O Write Time": 0.0}]}]}, "Planning": {"Shared Hit Blocks": 98, "Shared Read Blocks": 30, "Shared Dirtied Blocks": 0, "Shared Written Blocks": 0, "Local Hit Blocks": 0, "Local Read Blocks": 0, "Local Dirtied Blocks": 0, "Local Written Blocks": 0, "Temp Read Blocks": 0, "Temp Written Blocks": 0, "I/O Read Time": 2.129, "I/O Write Time": 0.0}, "Planning Time": 3.058, "Triggers": [], "Execution Time": 2495.774}, "template": "scale", "query": "EXPLAIN (ANALYZE, COSTS, BUFFERS, VERBOSE, FORMAT JSON) SELECT COUNT(*) FROM title t,movie_info mi WHERE t.id=mi.movie_id AND t.kind_id=1 AND t.production_year<1948;"}
{"planinfo": {"Plan": {"Node Type": "Aggregate", "Strategy": "Plain", "Partial Mode": "Simple", "Parallel Aware": false, "Startup Cost": 9.03, "Total Cost": 9.04, "Plan Rows": 1, "Plan Width": 8, "Actual Startup Time": 0.59, "Actual Total Time": 0.598, "Actual Rows": 1, "Actual Loops": 1, "Output": ["count(*)"], "Shared Hit Blocks": 0, "Shared Read Blocks": 5, "Shared Dirtied Blocks": 0, "Shared Written Blocks": 0, "Local Hit Blocks": 0, "Local Read Blocks": 0, "Local Dirtied Blocks": 0, "Local Written Blocks": 0, "Temp Read Blocks": 0, "Temp Written Blocks": 0, "I/O Read Time": 0.477, "I/O Write Time": 0.0, "Plans": [{"Node Type": "Index Only Scan", "Parent Relationship": "Outer", "Parallel Aware": false, "Scan Direction": "Forward", "Index Name": "info_type_id_movie_info_idx", "Relation Name": "movie_info_idx", "Schema": "public", "Alias": "mi_idx", "Startup Cost": 0.43, "Total Cost": 8.45, "Plan Rows": 230, "Plan Width": 0, "Actual Startup Time": 0.527, "Actual Total Time": 0.566, "Actual Rows": 260, "Actual Loops": 1, "Output": ["info_type_id"], "Index Cond": "(mi_idx.info_type_id > 101)", "Rows Removed by Index Recheck": 0, "Heap Fetches": 0, "Shared Hit Blocks": 0, "Shared Read Blocks": 5, "Shared Dirtied Blocks": 0, "Shared Written Blocks": 0, "Local Hit Blocks": 0, "Local Read Blocks": 0, "Local Dirtied Blocks": 0, "Local Written Blocks": 0, "Temp Read Blocks": 0, "Temp Written Blocks": 0, "I/O Read Time": 0.477, "I/O Write Time": 0.0}]}, "Planning": {"Shared Hit Blocks": 48, "Shared Read Blocks": 9, "Shared Dirtied Blocks": 0, "Shared Written Blocks": 0, "Local Hit Blocks": 0, "Local Read Blocks": 0, "Local Dirtied Blocks": 0, "Local Written Blocks": 0, "Temp Read Blocks": 0, "Temp Written Blocks": 0, "I/O Read Time": 0.583, "I/O Write Time": 0.0}, "Planning Time": 0.994, "Triggers": [], "Execution Time": 0.628}, "template": "scale", "query": "EXPLAIN (ANALYZE, COSTS, BUFFERS, VERBOSE, FORMAT JSON) SELECT COUNT(*) FROM movie_info_idx mi_idx WHERE mi_idx.info_type_id>101;"}
{"planinfo": {"Plan": {"Node Type": "Aggregate", "Strategy": "Plain", "Partial Mode": "Simple", "Parallel Aware": false, "Startup Cost": 315940.4, "Total Cost": 315940.41, "Plan Rows": 1, "Plan Width": 8, "Actual Startup Time": 12802.809, "Actual Total Time": 12802.814, "Actual Rows": 1, "Actual Loops": 1, "Output": ["count(*)"], "Shared Hit Blocks": 3, "Shared Read Blocks": 79242, "Shared Dirtied Blocks": 0, "Shared Written Blocks": 0, "Local Hit Blocks": 0, "Local Read Blocks": 0, "Local Dirtied Blocks": 0, "Local Written Blocks": 0, "Temp Read Blocks": 25137, "Temp Written Blocks": 25137, "I/O Read Time": 296.034, "I/O Write Time": 0.0, "Plans": [{"Node Type": "Hash Join", "Parent Relationship": "Outer", "Parallel Aware": false, "Join Type": "Inner", "Startup Cost": 173760.96, "Total Cost": 312505.12, "Plan Rows": 1374112, "Plan Width": 0, "Actual Startup Time": 3250.458, "Actual Total Time": 10456.125, "Actual Rows": 23512458, "Actual Loops": 1, "Inner Unique": false, "Hash Cond": "(mk.movie_id = t.id)", "Shared Hit Blocks": 3, "Shared Read Blocks": 79242, "Shared Dirtied Blocks": 0, "Shared Written Blocks": 0, "Local Hit Blocks": 0, "Local Read Blocks": 0, "Local Dirtied Blocks": 0, "Local Written Blocks": 0, "Temp Read Blocks": 25137, "Temp Written Blocks": 25137, "I/O Read Time": 296.034, "I/O Write Time": 0.0, "Plans": [{"Node Type": "Seq Scan", "Parent Relationship": "Outer", "Parallel Aware": false, "Relation Name": "movie_keyword", "Schema": "public", "Alias": "mk", "Startup Cost": 0.0, "Total Cost": 69693.3, "Plan Rows": 4523930, "Plan Width": 4, "Actual Startup Time": 0.125, "Actual Total Time": 974.004, "Actual Rows": 4523930, "Actual Loops": 1, "Output": ["mk.movie_id"], "Shared Hit Blocks": 0, "Shared Read Blocks": 24454, "Shared Dirtied Blocks": 0, "Shared Written Blocks": 0, "Local Hit Blocks": 0, "Local Read Blocks": 0, "Local Dirtied Blocks": 0, "Local Written Blocks": 0, "Temp Read Blocks": 0, "Temp Written Blocks": 0, "I/O Read Time": 133.898, "I/O Write Time": 0.0}, {"Node Type": "Hash", "Parent Relationship": "Inner", "Parallel Aware": false, "Startup Cost": 161159.71, "Total Cost": 161159.71, "Plan Rows": 768020, "Plan Width": 8, "Actual Startup Time": 3249.282, "Actual Total Time": 3249.285, "Actual Rows": 1180827, "Actual Loops": 1, "Output": ["t.id", "mc.movie_id"], "Hash Buckets": 131072, "Original Hash Buckets": 131072, "Hash Batches": 16, "Original Hash Batches": 16, "Peak Memory Usage": 3883, "Shared Hit Blocks": 0, "Shared Read Blocks": 54788, "Shared Dirtied Blocks": 0, "Shared Written Blocks": 0, "Local Hit Blocks": 0, "Local Read Blocks": 0, "Local Dirtied Blocks": 0, "Local Written Blocks": 0, "Temp Read Blocks": 8929, "Temp Written Blocks": 12706, "I/O Read Time": 162.135, "I/O Write Time": 0.0, "Plans": [{"Node Type": "Hash Join", "Parent Relationship": "Outer", "Parallel Aware": false, "Join Type": "Inner", "Startup Cost": 86137.45, "Total Cost": 161159.71, "Plan Rows": 768020, "Plan Width": 8, "Actual Startup Time": 797.803, "Actual Total Time": 2878.011, "Actual Rows": 1180827, "Actual Loops": 1, "Output": ["t.id", "mc.movie_id"], "Inner Unique": true, "Hash Cond": "(mc.movie_id = t.id)", "Shared Hit Blocks": 0, "Shared Read Blocks": 54788, "Shared Dirtied Blocks": 0, "Shared Written Blocks": 0, "Local Hit Blocks": 0, "Local Read Blocks": 0, "Local Dirtied Blocks": 0, "Local Written Blocks": 0, "Temp Read Blocks": 8929, "Temp Written Blocks": 8929, "I/O Read Time": 162.135, "I/O Write Time": 0.0, "Plans": [{"Node Type": "Seq Scan", "Parent Relationship": "Outer", "Parallel Aware": false, "Relation Name": "movie_companies", "Schema": "public", "Alias": "mc", "Startup Cost": 0.0, "Total Cost": 44881.29, "Plan Rows": 2609129, "Plan Width": 4, "Actual Startup Time": 0.121, "Actual Total Time": 599.663, "Actual Rows": 2609129, "Actual Loops": 1, "Output": ["mc.movie_id"], "Shared Hit Blocks": 0, "Shared Read Blocks": 18790, "Shared Dirtied Blocks": 0, "Shared Written Blocks": 0, "Local Hit Blocks": 0, "Local Read Blocks": 0, "Local Dirtied Blocks": 0, "Local Written Blocks": 0, "Temp Read Blocks": 0, "Temp Written Blocks": 0, "I/O Read Time": 99.006, "I/O Write Time": 0.0}, {"Node Type": "Hash", "Parent Relationship": "Inner", "Parallel Aware": false, "Startup Cost": 73925.8, "Total Cost": 73925.8, "Plan Rows": 744292, "Plan Width": 4, "Actual Startup Time": 797.066, "Actual Total Time": 797.068, "Actual Rows": 635910, "Actual Loops": 1, "Output": ["t.id"], "Hash Buckets": 131072, "Original Hash Buckets": 131072, "Hash Batches": 16, "Original Hash Batches": 16, "Peak Memory Usage": 2421, "Shared Hit Blocks": 0, "Shared Read Blocks": 35998, "Shared Dirtied Blocks": 0, "Shared Written Blocks": 0, "Local Hit Blocks": 0, "Local Read Blocks": 0, "Local Dirtied Blocks": 0, "Local Written Blocks": 0, "Temp Read Blocks": 0, "Temp Written Blocks": 1738, "I/O Read Time": 63.129, "I/O Write Time": 0.0, "Plans": [{"Node Type": "Seq Scan", "Parent Relationship": "Outer", "Parallel Aware": false, "Relation Name": "title", "Schema": "public", "Alias": "t", "Startup Cost": 0.0, "Total Cost": 73925.8, "Plan Rows": 744292, "Plan Width": 4, "Actual Startup Time": 0.139, "Actual Total Time": 592.012, "Actual Rows": 635910, "Actual Loops": 1, "Output": ["t.id"], "Filter": "((t.kind_id < 7) AND (t.production_year > 1984))", "Rows Removed by Filter": 1892402, "Shared Hit Blocks": 0, "Shared Read Blocks": 35998, "Shared Dirtied Blocks": 0, "Shared Written Blocks": 0, "Local Hit Blocks": 0, "Local Read Blocks": 0, "Local Dirtied Blocks": 0, "Local Written Blocks": 0, "Temp Read Blocks": 0, "Temp Written Blocks": 0, "I/O Read Time": 63.129, "I/O Write Time": 0.0}]}]}]}]}]}, "Planning": {"Shared Hit Blocks": 197, "Shared Read Blocks": 37, "Shared Dirtied Blocks": 0, "Shared Written Blocks": 0, "Local Hit Blocks": 0, "Local Read Blocks": 0, "Local Dirtied Blocks": 0, "Local Written Blocks": 0, "Temp Read Blocks": 0, "Temp Written Blocks": 0, "I/O Read Time": 2.743, "I/O Write Time": 0.0}, "Planning Time": 4.32, "Triggers": [], "Execution Time": 12803.551}, "template": "scale", "query": "EXPLAIN (ANALYZE, COSTS, BUFFERS, VERBOSE, FORMAT JSON) SELECT COUNT(*) FROM title t,movie_companies mc,movie_keyword mk WHERE t.id=mc.movie_id AND t.id=mk.movie_id AND t.kind_id<7 AND t.production_year>1984;"}
{"planinfo": {"Plan": {"Node Type": "Aggregate", "Strategy": "Plain", "Partial Mode": "Simple", "Parallel Aware": false, "Startup Cost": 29777.51, "Total Cost": 29777.52, "Plan Rows": 1, "Plan Width": 8, "Actual Startup Time": 320.889, "Actual Total Time": 320.89, "Actual Rows": 1, "Actual Loops": 1, "Output": ["count(*)"], "Shared Hit Blocks": 0, "Shared Read Blocks": 1021, "Shared Dirtied Blocks": 0, "Shared Written Blocks": 0, "Local Hit Blocks": 0, "Local Read Blocks": 0, "Local Dirtied Blocks": 0, "Local Written Blocks": 0, "Temp Read Blocks": 0, "Temp Written Blocks": 0, "I/O Read Time": 6.568, "I/O Write Time": 0.0, "Plans": [{"Node Type": "Index Only Scan", "Parent Relationship": "Outer", "Parallel Aware": false, "Scan Direction": "Forward", "Index Name": "info_type_id_movie_info", "Relation Name": "movie_info", "Schema": "public", "Alias": "mi", "Startup Cost": 0.43, "Total Cost": 26564.38, "Plan Rows": 1285254, "Plan Width": 0, "Actual Startup Time": 0.467, "Actual Total Time": 191.372, "Actual Rows": 1298989, "Actual Loops": 1, "Output": ["info_type_id"], "Index Cond": "(mi.info_type_id = 4)", "Rows Removed by Index Recheck": 0, "Heap Fetches": 0, "Shared Hit Blocks": 0, "Shared Read Blocks": 1021, "Shared Dirtied Blocks": 0, "Shared Written Blocks": 0, "Local Hit Blocks": 0, "Local Read Blocks": 0, "Local Dirtied Blocks": 0, "Local Written Blocks": 0, "Temp Read Blocks": 0, "Temp Written Blocks": 0, "I/O Read Time": 6.568, "I/O Write Time": 0.0}]}, "Planning": {"Shared Hit Blocks": 48, "Shared Read Blocks": 11, "Shared Dirtied Blocks": 0, "Shared Written Blocks": 0, "Local Hit Blocks": 0, "Local Read Blocks": 0, "Local Dirtied Blocks": 0, "Local Written Blocks": 0, "Temp Read Blocks": 0, "Temp Written Blocks": 0, "I/O Read Time": 0.737, "I/O Write Time": 0.0}, "Planning Time": 1.209, "Triggers": [], "Execution Time": 320.929}, "template": "scale", "query": "EXPLAIN (ANALYZE, COSTS, BUFFERS, VERBOSE, FORMAT JSON) SELECT COUNT(*) FROM movie_info mi WHERE mi.info_type_id=4;"}
{"planinfo": {"Plan": {"Node Type": "Aggregate", "Strategy": "Plain", "Partial Mode": "Simple", "Parallel Aware": false, "Startup Cost": 284005.27, "Total Cost": 284005.28, "Plan Rows": 1, "Plan Width": 8, "Actual Startup Time": 9861.577, "Actual Total Time": 9861.582, "Actual Rows": 1, "Actual Loops": 1, "Output": ["count(*)"], "Shared Hit Blocks": 3584965, "Shared Read Blocks": 165105, "Shared Dirtied Blocks": 0, "Shared Written Blocks": 0, "Local Hit Blocks": 0, "Local Read Blocks": 0, "Local Dirtied Blocks": 0, "Local Written Blocks": 0, "Temp Read Blocks": 3991, "Temp Written Blocks": 3991, "I/O Read Time": 2373.225, "I/O Write Time": 0.0, "Plans": [{"Node Type": "Nested Loop", "Parent Relationship": "Outer", "Parallel Aware": false, "Join Type": "Inner", "Startup Cost": 75516.35, "Total Cost": 283718.25, "Plan Rows": 114811, "Plan Width": 0, "Actual Startup Time": 644.063, "Actual Total Time": 9669.623, "Actual Rows": 1333985, "Actual Loops": 1, "Inner Unique": false, "Join Filter": "(t.id = mi.movie_id)", "Rows Removed by Join Filter": 0, "Shared Hit Blocks": 3584965, "Shared Read Blocks": 165105, "Shared Dirtied Blocks": 0, "Shared Written Blocks": 0, "Local Hit Blocks": 0, "Local Read Blocks": 0, "Local Dirtied Blocks": 0, "Local Written Blocks": 0, "Temp Read Blocks": 3991, "Temp Written Blocks": 3991, "I/O Read Time": 2373.225, "I/O Write Time": 0.0, "Plans": [{"Node Type": "Hash Join", "Parent Relationship": "Outer", "Parallel Aware": false, "Join Type": "Inner", "Startup Cost": 75515.91, "Total Cost": 173081.74, "Plan Rows": 59407, "Plan Width": 8, "Actual Startup Time": 643.489, "Actual Total Time": 2360.898, "Actual Rows": 239718, "Actual Loops": 1, "Output": ["t.id", "mk.movie_id"], "Inner Unique": true, "Hash Cond": "(mk.movie_id = t.id)", "Shared Hit Blocks": 3, "Shared Read Blocks": 60452, "Shared Dirtied Blocks": 0, "Shared Written Blocks": 0, "Local Hit Blocks": 0, "Local Read Blocks": 0, "Local Dirtied Blocks": 0, "Local Written Blocks": 0, "Temp Read Blocks": 3991, "Temp Written Blocks": 3991, "I/O Read Time": 192.37, "I/O Write Time": 0.0, "Plans": [{"Node Type": "Seq Scan", "Parent Relationship": "Outer", "Parallel Aware": false, "Relation Name": "movie_keyword", "Schema": "public", "Alias": "mk", "Startup Cost": 0.0, "Total Cost": 81003.12, "Plan Rows": 1550358, "Plan Width": 4, "Actual Startup Time": 0.139, "Actual Total Time": 970.665, "Actual Rows": 1562891, "Actual Loops": 1, "Output": ["mk.movie_id"], "Filter": "(mk.keyword_id < 2346)", "Rows Removed by Filter": 2961039, "Shared Hit Blocks": 0, "Shared Read Blocks": 24454, "Shared Dirtied Blocks": 0, "Shared Written Blocks": 0, "Local Hit Blocks": 0, "Local Read Blocks": 0, "Local Dirtied Blocks": 0, "Local Written Blocks": 0, "Temp Read Blocks": 0, "Temp Written Blocks": 0, "I/O Read Time": 126.986, "I/O Write Time": 0.0}, {"Node Type": "Hash", "Parent Relationship": "Inner", "Parallel Aware": false, "Startup Cost": 73925.8, "Total Cost": 73925.8, "Plan Rows": 96889, "Plan Width": 4, "Actual Startup Time": 641.827, "Actual Total Time": 641.828, "Actual Rows": 194973, "Actual Loops": 1, "Output": ["t.id"], "Hash Buckets": 131072, "Original Hash Buckets": 131072, "Hash Batches": 4, "Original Hash Batches": 2, "Peak Memory Usage": 3073, "Shared Hit Blocks": 0, "Shared Read Blocks": 35998, "Shared Dirtied Blocks": 0, "Shared Written Blocks": 0, "Local Hit Blocks": 0, "Local Read Blocks": 0, "Local Dirtied Blocks": 0, "Local Written Blocks": 0, "Temp Read Blocks": 0, "Temp Written Blocks": 427, "I/O Read Time": 65.385, "I/O Write Time": 0.0, "Plans": [{"Node Type": "Seq Scan", "Parent Relationship": "Outer", "Parallel Aware": false, "Relation Name": "title", "Schema": "public", "Alias": "t", "Startup Cost": 0.0, "Total Cost": 73925.8, "Plan Rows": 96889, "Plan Width": 4, "Actual Startup Time": 0.484, "Actual Total Time": 569.165, "Actual Rows": 194973, "Actual Loops": 1, "Output": ["t.id"], "Filter": "((t.kind_id < 7) AND (t.production_year < 1960))", "Rows Removed by Filter": 2333339, "Shared Hit Blocks": 0, "Shared Read Blocks": 35998, "Shared Dirtied Blocks": 0, "Shared Written Blocks": 0, "Local Hit Blocks": 0, "Local Read Blocks": 0, "Local Dirtied Blocks": 0, "Local Written Blocks": 0, "Temp Read Blocks": 0, "Temp Written Blocks": 0, "I/O Read Time": 65.385, "I/O Write Time": 0.0}]}]}, {"Node Type": "Index Scan", "Parent Relationship": "Inner", "Parallel Aware": false, "Scan Direction": "Forward", "Index Name": "movie_id_movie_info", "Relation Name": "movie_info", "Schema": "public", "Alias": "mi", "Startup Cost": 0.43, "Total Cost": 1.7, "Plan Rows": 13, "Plan Width": 4, "Actual Startup Time": 0.008, "Actual Total Time": 0.029, "Actual Rows": 6, "Actual Loops": 239718, "Output": ["mi.id", "mi.movie_id", "mi.info_type_id", "mi.info", "mi.note"], "Index Cond": "(mi.movie_id = mk.movie_id)", "Rows Removed by Index Recheck": 0, "Filter": "(mi.info_type_id < 5)", "Rows Removed by Filter": 27, "Shared Hit Blocks": 3584962, "Shared Read Blocks": 104653, "Shared Dirtied Blocks": 0, "Shared Written Blocks": 0, "Local Hit Blocks": 0, "Local Read Blocks": 0, "Local Dirtied Blocks": 0, "Local Written Blocks": 0, "Temp Read Blocks": 0, "Temp Written Blocks": 0, "I/O Read Time": 2180.855, "I/O Write Time": 0.0}]}]}, "Planning": {"Shared Hit Blocks": 190, "Shared Read Blocks": 42, "Shared Dirtied Blocks": 0, "Shared Written Blocks": 0, "Local Hit Blocks": 0, "Local Read Blocks": 0, "Local Dirtied Blocks": 0, "Local Written Blocks": 0, "Temp Read Blocks": 0, "Temp Written Blocks": 0, "I/O Read Time": 3.062, "I/O Write Time": 0.0}, "Planning Time": 4.95, "Triggers": [], "Execution Time": 9861.925}, "template": "scale", "query": "EXPLAIN (ANALYZE, COSTS, BUFFERS, VERBOSE, FORMAT JSON) SELECT COUNT(*) FROM title t,movie_info mi,movie_keyword mk WHERE t.id=mi.movie_id AND t.id=mk.movie_id AND t.kind_id<7 AND t.production_year<1960 AND mi.info_type_id<5 AND mk.keyword_id<2346;"}
{"planinfo": {"Plan": {"Node Type": "Aggregate", "Strategy": "Plain", "Partial Mode": "Simple", "Parallel Aware": false, "Startup Cost": 693088.66, "Total Cost": 693088.67, "Plan Rows": 1, "Plan Width": 8, "Actual Startup Time": 73187.329, "Actual Total Time": 73187.33, "Actual Rows": 1, "Actual Loops": 1, "Output": ["count(*)"], "Shared Hit Blocks": 14553805, "Shared Read Blocks": 103867, "Shared Dirtied Blocks": 0, "Shared Written Blocks": 0, "Local Hit Blocks": 0, "Local Read Blocks": 0, "Local Dirtied Blocks": 0, "Local Written Blocks": 0, "Temp Read Blocks": 0, "Temp Written Blocks": 0, "I/O Read Time": 1507.393, "I/O Write Time": 0.0, "Plans": [{"Node Type": "Merge Join", "Parent Relationship": "Outer", "Parallel Aware": false, "Join Type": "Inner", "Startup Cost": 36.69, "Total Cost": 681741.51, "Plan Rows": 4538859, "Plan Width": 0, "Actual Startup Time": 4130.06, "Actual Total Time": 58296.649, "Actual Rows": 141280828, "Actual Loops": 1, "Inner Unique": false, "Merge Cond": "(t.id = mi.movie_id)", "Shared Hit Blocks": 14553805, "Shared Read Blocks": 103867, "Shared Dirtied Blocks": 0, "Shared Written Blocks": 0, "Local Hit Blocks": 0, "Local Read Blocks": 0, "Local Dirtied Blocks": 0, "Local Written Blocks": 0, "Temp Read Blocks": 0, "Temp Written Blocks": 0, "I/O Read Time": 1507.393, "I/O Write Time": 0.0, "Plans": [{"Node Type": "Merge Join", "Parent Relationship": "Outer", "Parallel Aware": false, "Join Type": "Inner", "Startup Cost": 13.96, "Total Cost": 271651.88, "Plan Rows": 774480, "Plan Width": 8, "Actual Startup Time": 2387.492, "Actual Total Time": 5919.257, "Actual Rows": 1835303, "Actual Loops": 1, "Output": ["t.id", "mk.movie_id"], "Inner Unique": false, "Merge Cond": "(t.id = mk.movie_id)", "Shared Hit Blocks": 2509828, "Shared Read Blocks": 78035, "Shared Dirtied Blocks": 0, "Shared Written Blocks": 0, "Local Hit Blocks": 0, "Local Read Blocks": 0, "Local Dirtied Blocks": 0, "Local Written Blocks": 0, "Temp Read Blocks": 0, "Temp Written Blocks": 0, "I/O Read Time": 1332.565, "I/O Write Time": 0.0, "Plans": [{"Node Type": "Index Scan", "Parent Relationship": "Outer", "Parallel Aware": false, "Scan Direction": "Forward", "Index Name": "title_pkey", "Relation Name": "title", "Schema": "public", "Alias": "t", "Startup Cost": 0.43, "Total Cost": 116669.84, "Plan Rows": 677643, "Plan Width": 4, "Actual Startup Time": 312.749, "Actual Total Time": 3249.637, "Actual Rows": 661678, "Actual Loops": 1, "Output": ["t.id", "t.title", "t.imdb_index", "t.kind_id", "t.production_year", "t.imdb_id", "t.phonetic_code", "t.episode_of_id", "t.season_nr", "t.episode_nr", "t.series_years", "t.md5sum"], "Filter": "(t.kind_id = 1)", "Rows Removed by Filter": 1864295, "Shared Hit Blocks": 2488188, "Shared Read Blocks": 44928, "Shared Dirtied Blocks": 0, "Shared Written Blocks": 0, "Local Hit Blocks": 0, "Local Read Blocks": 0, "Local Dirtied Blocks": 0, "Local Written Blocks": 0, "Temp Read Blocks": 0, "Temp Written Blocks": 0, "I/O Read Time": 1136.7, "I/O Write Time": 0.0}, {"Node Type": "Index Scan", "Parent Relationship": "Inner", "Parallel Aware": false, "Scan Direction": "Forward", "Index Name": "movie_id_movie_keyword", "Relation Name": "movie_keyword", "Schema": "public", "Alias": "mk", "Startup Cost": 0.43, "Total Cost": 138446.54, "Plan Rows": 2889853, "Plan Width": 4, "Actual Startup Time": 2.585, "Actual Total Time": 1969.876, "Actual Rows": 2883031, "Actual Loops": 1, "Output": ["mk.id", "mk.movie_id", "mk.keyword_id"], "Filter": "(mk.keyword_id > 2488)", "Rows Removed by Filter": 1640899, "Shared Hit Blocks": 21640, "Shared Read Blocks": 33107, "Shared Dirtied Blocks": 0, "Shared Written Blocks": 0, "Local Hit Blocks": 0, "Local Read Blocks": 0, "Local Dirtied Blocks": 0, "Local Written Blocks": 0, "Temp Read Blocks": 0, "Temp Written Blocks": 0, "I/O Read Time": 195.865, "I/O Write Time": 0.0}]}, {"Node Type": "Index Only Scan", "Parent Relationship": "Inner", "Parallel Aware": false, "Scan Direction": "Forward", "Index Name": "movie_id_movie_info", "Relation Name": "movie_info", "Schema": "public", "Alias": "mi", "Startup Cost": 0.43, "Total Cost": 325993.18, "Plan Rows": 14818450, "Plan Width": 4, "Actual Startup Time": 0.039, "Actual Total Time": 25588.483, "Actual Rows": 152076233, "Actual Loops": 1, "Output": ["mi.movie_id"], "Heap Fetches": 0, "Shared Hit Blocks": 12043977, "Shared Read Blocks": 25832, "Shared Dirtied Blocks": 0, "Shared Written Blocks": 0, "Local Hit Blocks": 0, "Local Read Blocks": 0, "Local Dirtied Blocks": 0, "Local Written Blocks": 0, "Temp Read Blocks": 0, "Temp Written Blocks": 0, "I/O Read Time": 174.828, "I/O Write Time": 0.0}]}]}, "Planning": {"Shared Hit Blocks": 188, "Shared Read Blocks": 37, "Shared Dirtied Blocks": 0, "Shared Written Blocks": 0, "Local Hit Blocks": 0, "Local Read Blocks": 0, "Local Dirtied Blocks": 0, "Local Written Blocks": 0, "Temp Read Blocks": 0, "Temp Written Blocks": 0, "I/O Read Time": 2.871, "I/O Write Time": 0.0}, "Planning Time": 4.494, "Triggers": [], "Execution Time": 73187.457}, "template": "scale", "query": "EXPLAIN (ANALYZE, COSTS, BUFFERS, VERBOSE, FORMAT JSON) SELECT COUNT(*) FROM title t,movie_info mi,movie_keyword mk WHERE t.id=mi.movie_id AND t.id=mk.movie_id AND t.kind_id=1 AND mk.keyword_id>2488;"}
{"planinfo": {"Plan": {"Node Type": "Aggregate", "Strategy": "Plain", "Partial Mode": "Simple", "Parallel Aware": false, "Startup Cost": 824.55, "Total Cost": 824.56, "Plan Rows": 1, "Plan Width": 8, "Actual Startup Time": 44.858, "Actual Total Time": 44.86, "Actual Rows": 1, "Actual Loops": 1, "Output": ["count(*)"], "Shared Hit Blocks": 5046, "Shared Read Blocks": 262, "Shared Dirtied Blocks": 0, "Shared Written Blocks": 0, "Local Hit Blocks": 0, "Local Read Blocks": 0, "Local Dirtied Blocks": 0, "Local Written Blocks": 0, "Temp Read Blocks": 0, "Temp Written Blocks": 0, "I/O Read Time": 23.578, "I/O Write Time": 0.0, "Plans": [{"Node Type": "Nested Loop", "Parent Relationship": "Outer", "Parallel Aware": false, "Join Type": "Inner", "Startup Cost": 2.16, "Total Cost": 824.19, "Plan Rows": 144, "Plan Width": 0, "Actual Startup Time": 1.461, "Actual Total Time": 40.222, "Actual Rows": 41554, "Actual Loops": 1, "Inner Unique": false, "Shared Hit Blocks": 5046, "Shared Read Blocks": 262, "Shared Dirtied Blocks": 0, "Shared Written Blocks": 0, "Local Hit Blocks": 0, "Local Read Blocks": 0, "Local Dirtied Blocks": 0, "Local Written Blocks": 0, "Temp Read Blocks": 0, "Temp Written Blocks": 0, "I/O Read Time": 23.578, "I/O Write Time": 0.0, "Plans": [{"Node Type": "Nested Loop", "Parent Relationship": "Outer", "Parallel Aware": false, "Join Type": "Inner", "Startup Cost": 1.72, "Total Cost": 808.85, "Plan Rows": 10, "Plan Width": 16, "Actual Startup Time": 1.152, "Actual Total Time": 20.993, "Actual Rows": 449, "Actual Loops": 1, "Output": ["t.id", "mc.movie_id", "mi_idx.movie_id", "mk.movie_id"], "Inner Unique": false, "Shared Hit Blocks": 158, "Shared Read Blocks": 211, "Shared Dirtied Blocks": 0, "Shared Written Blocks": 0, "Local Hit Blocks": 0, "Local Read Blocks": 0, "Local Dirtied Blocks": 0, "Local Written Blocks": 0, "Temp Read Blocks": 0, "Temp Written Blocks": 0, "I/O Read Time": 19.416, "I/O Write Time": 0.0, "Plans": [{"Node Type": "Nested Loop", "Parent Relationship": "Outer", "Parallel Aware": false, "Join Type": "Inner", "Startup Cost": 1.29, "Total Cost": 779.5, "Plan Rows": 19, "Plan Width": 12, "Actual Startup Time": 0.885, "Actual Total Time": 12.428, "Actual Rows": 29, "Actual Loops": 1, "Output": ["t.id", "mc.movie_id", "mi_idx.movie_id"], "Inner Unique": false, "Shared Hit Blocks": 110, "Shared Read Blocks": 130, "Shared Dirtied Blocks": 0, "Shared Written Blocks": 0, "Local Hit Blocks": 0, "Local Read Blocks": 0, "Local Dirtied Blocks": 0, "Local Written Blocks": 0, "Temp Read Blocks": 0, "Temp Written Blocks": 0, "I/O Read Time": 11.83, "I/O Write Time": 0.0, "Plans": [{"Node Type": "Nested Loop", "Parent Relationship": "Outer", "Parallel Aware": false, "Join Type": "Inner", "Startup Cost": 0.86, "Total Cost": 726.74, "Plan Rows": 102, "Plan Width": 8, "Actual Startup Time": 0.579, "Actual Total Time": 6.436, "Actual Rows": 29, "Actual Loops": 1, "Output": ["t.id", "mc.movie_id"], "Inner Unique": true, "Shared Hit Blocks": 56, "Shared Read Blocks": 67, "Shared Dirtied Blocks": 0, "Shared Written Blocks": 0, "Local Hit Blocks": 0, "Local Read Blocks": 0, "Local Dirtied Blocks": 0, "Local Written Blocks": 0, "Temp Read Blocks": 0, "Temp Written Blocks": 0, "I/O Read Time": 6.126, "I/O Write Time": 0.0, "Plans": [{"Node Type": "Index Scan", "Parent Relationship": "Outer", "Parallel Aware": false, "Scan Direction": "Forward", "Index Name": "company_id_movie_companies", "Relation Name": "movie_companies", "Schema": "public", "Alias": "mc", "Startup Cost": 0.43, "Total Cost": 273.1, "Plan Rows": 102, "Plan Width": 4, "Actual Startup Time": 0.378, "Actual Total Time": 3.041, "Actual Rows": 29, "Actual Loops": 1, "Output": ["mc.id", "mc.movie_id", "mc.company_id", "mc.company_type_id", "mc.note"], "Index Cond": "(mc.company_id = 26870)", "Rows Removed by Index Recheck": 0, "Shared Hit Blocks": 0, "Shared Read Blocks": 32, "Shared Dirtied Blocks": 0, "Shared Written Blocks": 0, "Local Hit Blocks": 0, "Local Read Blocks": 0, "Local Dirtied Blocks": 0, "Local Written Blocks": 0, "Temp Read Blocks": 0, "Temp Written Blocks": 0, "I/O Read Time": 2.96, "I/O Write Time": 0.0}, {"Node Type": "Index Only Scan", "Parent Relationship": "Inner", "Parallel Aware": false, "Scan Direction": "Forward", "Index Name": "title_pkey", "Relation Name": "title", "Schema": "public", "Alias": "t", "Startup Cost": 0.43, "Total Cost": 4.45, "Plan Rows": 1, "Plan Width": 4, "Actual Startup Time": 0.116, "Actual Total Time": 0.116, "Actual Rows": 1, "Actual Loops": 29, "Output": ["t.id"], "Index Cond": "(t.id = mc.movie_id)", "Rows Removed by Index Recheck": 0, "Heap Fetches": 0, "Shared Hit Blocks": 56, "Shared Read Blocks": 35, "Shared Dirtied Blocks": 0, "Shared Written Blocks": 0, "Local Hit Blocks": 0, "Local Read Blocks": 0, "Local Dirtied Blocks": 0, "Local Written Blocks": 0, "Temp Read Blocks": 0, "Temp Written Blocks": 0, "I/O Read Time": 3.166, "I/O Write Time": 0.0}]}, {"Node Type": "Index Scan", "Parent Relationship": "Inner", "Parallel Aware": false, "Scan Direction": "Forward", "Index Name": "movie_id_movie_info_idx", "Relation Name": "movie_info_idx", "Schema": "public", "Alias": "mi_idx", "Startup Cost": 0.43, "Total Cost": 0.51, "Plan Rows": 1, "Plan Width": 4, "Actual Startup Time": 0.205, "Actual Total Time": 0.206, "Actual Rows": 1, "Actual Loops": 29, "Output": ["mi_idx.id", "mi_idx.movie_id", "mi_idx.info_type_id", "mi_idx.info", "mi_idx.note"], "Index Cond": "(mi_idx.movie_id = t.id)", "Rows Removed by Index Recheck": 0, "Filter": "(mi_idx.info_type_id > 100)", "Rows Removed by Filter": 2, "Shared Hit Blocks": 54, "Shared Read Blocks": 63, "Shared Dirtied Blocks": 0, "Shared Written Blocks": 0, "Local Hit Blocks": 0, "Local Read Blocks": 0, "Local Dirtied Blocks": 0, "Local Written Blocks": 0, "Temp Read Blocks": 0, "Temp Written Blocks": 0, "I/O Read Time": 5.704, "I/O Write Time": 0.0}]}, {"Node Type": "Index Scan", "Parent Relationship": "Inner", "Parallel Aware": false, "Scan Direction": "Forward", "Index Name": "movie_id_movie_keyword", "Relation Name": "movie_keyword", "Schema": "public", "Alias": "mk", "Startup Cost": 0.43, "Total Cost": 1.4, "Plan Rows": 14, "Plan Width": 4, "Actual Startup Time": 0.231, "Actual Total Time": 0.292, "Actual Rows": 15, "Actual Loops": 29, "Output": ["mk.id", "mk.movie_id", "mk.keyword_id"], "Index Cond": "(mk.movie_id = t.id)", "Rows Removed by Index Recheck": 0, "Filter": "(mk.keyword_id > 12102)", "Rows Removed by Filter": 40, "Shared Hit Blocks": 48, "Shared Read Blocks": 81, "Shared Dirtied Blocks": 0, "Shared Written Blocks": 0, "Local Hit Blocks": 0, "Local Read Blocks": 0, "Local Dirtied Blocks": 0, "Local Written Blocks": 0, "Temp Read Blocks": 0, "Temp Written Blocks": 0, "I/O Read Time": 7.586, "I/O Write Time": 0.0}]}, {"Node Type": "Index Only Scan", "Parent Relationship": "Inner", "Parallel Aware": false, "Scan Direction": "Forward", "Index Name": "movie_id_cast_info", "Relation Name": "cast_info", "Schema": "public", "Alias": "ci", "Startup Cost": 0.44, "Total Cost": 1.16, "Plan Rows": 37, "Plan Width": 4, "Actual Startup Time": 0.015, "Actual Total Time": 0.031, "Actual Rows": 93, "Actual Loops": 449, "Output": ["ci.movie_id"], "Index Cond": "(ci.movie_id = t.id)", "Rows Removed by Index Recheck": 0, "Heap Fetches": 0, "Shared Hit Blocks": 4888, "Shared Read Blocks": 51, "Shared Dirtied Blocks": 0, "Shared Written Blocks": 0, "Local Hit Blocks": 0, "Local Read Blocks": 0, "Local Dirtied Blocks": 0, "Local Written Blocks": 0, "Temp Read Blocks": 0, "Temp Written Blocks": 0, "I/O Read Time": 4.162, "I/O Write Time": 0.0}]}]}, "Planning": {"Shared Hit Blocks": 482, "Shared Read Blocks": 62, "Shared Dirtied Blocks": 0, "Shared Written Blocks": 0, "Local Hit Blocks": 0, "Local Read Blocks": 0, "Local Dirtied Blocks": 0, "Local Written Blocks": 0, "Temp Read Blocks": 0, "Temp Written Blocks": 0, "I/O Read Time": 4.886, "I/O Write Time": 0.0}, "Planning Time": 9.278, "Triggers": [], "Execution Time": 45.017}, "template": "scale", "query": "EXPLAIN (ANALYZE, COSTS, BUFFERS, VERBOSE, FORMAT JSON) SELECT COUNT(*) FROM title t,movie_companies mc,cast_info ci,movie_info_idx mi_idx,movie_keyword mk WHERE t.id=mc.movie_id AND t.id=ci.movie_id AND t.id=mi_idx.movie_id AND t.id=mk.movie_id AND mc.company_id=26870 AND mi_idx.info_type_id>100 AND mk.keyword_id>12102;"}
{"planinfo": {"Plan": {"Node Type": "Aggregate", "Strategy": "Plain", "Partial Mode": "Simple", "Parallel Aware": false, "Startup Cost": 220756.91, "Total Cost": 220756.92, "Plan Rows": 1, "Plan Width": 8, "Actual Startup Time": 1286.567, "Actual Total Time": 1286.569, "Actual Rows": 1, "Actual Loops": 1, "Output": ["count(*)"], "Shared Hit Blocks": 195340, "Shared Read Blocks": 48504, "Shared Dirtied Blocks": 0, "Shared Written Blocks": 0, "Local Hit Blocks": 0, "Local Read Blocks": 0, "Local Dirtied Blocks": 0, "Local Written Blocks": 0, "Temp Read Blocks": 0, "Temp Written Blocks": 0, "I/O Read Time": 432.716, "I/O Write Time": 0.0, "Plans": [{"Node Type": "Nested Loop", "Parent Relationship": "Outer", "Parallel Aware": false, "Join Type": "Inner", "Startup Cost": 0.43, "Total Cost": 220193.64, "Plan Rows": 225308, "Plan Width": 0, "Actual Startup Time": 305.624, "Actual Total Time": 1239.889, "Actual Rows": 378799, "Actual Loops": 1, "Inner Unique": false, "Shared Hit Blocks": 195340, "Shared Read Blocks": 48504, "Shared Dirtied Blocks": 0, "Shared Written Blocks": 0, "Local Hit Blocks": 0, "Local Read Blocks": 0, "Local Dirtied Blocks": 0, "Local Written Blocks": 0, "Temp Read Blocks": 0, "Temp Written Blocks": 0, "I/O Read Time": 432.716, "I/O Write Time": 0.0, "Plans": [{"Node Type": "Seq Scan", "Parent Relationship": "Outer", "Parallel Aware": false, "Relation Name": "title", "Schema": "public", "Alias": "t", "Startup Cost": 0.0, "Total Cost": 73925.8, "Plan Rows": 38445, "Plan Width": 4, "Actual Startup Time": 305.369, "Actual Total Time": 545.503, "Actual Rows": 33190, "Actual Loops": 1, "Output": ["t.id", "t.title", "t.imdb_index", "t.kind_id", "t.production_year", "t.imdb_id", "t.phonetic_code", "t.episode_of_id", "t.season_nr", "t.episode_nr", "t.series_years", "t.md5sum"], "Filter": "((t.kind_id = 1) AND (t.production_year = 2010))", "Rows Removed by Filter": 2495122, "Shared Hit Blocks": 0, "Shared Read Blocks": 35998, "Shared Dirtied Blocks": 0, "Shared Written Blocks": 0, "Local Hit Blocks": 0, "Local Read Blocks": 0, "Local Dirtied Blocks": 0, "Local Written Blocks": 0, "Temp Read Blocks": 0, "Temp Written Blocks": 0, "I/O Read Time": 67.475, "I/O Write Time": 0.0}, {"Node Type": "Index Only Scan", "Parent Relationship": "Inner", "Parallel Aware": false, "Scan Direction": "Forward", "Index Name": "movie_id_movie_info", "Relation Name": "movie_info", "Schema": "public", "Alias": "mi", "Startup Cost": 0.43, "Total Cost": 3.41, "Plan Rows": 39, "Plan Width": 4, "Actual Startup Time": 0.016, "Actual Total Time": 0.019, "Actual Rows": 11, "Actual Loops": 33190, "Output": ["mi.movie_id"], "Index Cond": "(mi.movie_id = t.id)", "Rows Removed by Index Recheck": 0, "Heap Fetches": 0, "Shared Hit Blocks": 195340, "Shared Read Blocks": 12506, "Shared Dirtied Blocks": 0, "Shared Written Blocks": 0, "Local Hit Blocks": 0, "Local Read Blocks": 0, "Local Dirtied Blocks": 0, "Local Written Blocks": 0, "Temp Read Blocks": 0, "Temp Written Blocks": 0, "I/O Read Time": 365.24, "I/O Write Time": 0.0}]}]}, "Planning": {"Shared Hit Blocks": 101, "Shared Read Blocks": 30, "Shared Dirtied Blocks": 0, "Shared Written Blocks": 0, "Local Hit Blocks": 0, "Local Read Blocks": 0, "Local Dirtied Blocks": 0, "Local Written Blocks": 0, "Temp Read Blocks": 0, "Temp Written Blocks": 0, "I/O Read Time": 2.187, "I/O Write Time": 0.0}, "Planning Time": 3.108, "Triggers": [], "Execution Time": 1286.649}, "template": "scale", "query": "EXPLAIN (ANALYZE, COSTS, BUFFERS, VERBOSE, FORMAT JSON) SELECT COUNT(*) FROM title t,movie_info mi WHERE t.id=mi.movie_id AND t.kind_id=1 AND t.production_year=2010;"}
{"planinfo": {"Plan": {"Node Type": "Aggregate", "Strategy": "Plain", "Partial Mode": "Simple", "Parallel Aware": false, "Startup Cost": 288900.05, "Total Cost": 288900.06, "Plan Rows": 1, "Plan Width": 8, "Actual Startup Time": 4028.835, "Actual Total Time": 4028.836, "Actual Rows": 1, "Actual Loops": 1, "Output": ["count(*)"], "Shared Hit Blocks": 2, "Shared Read Blocks": 74598, "Shared Dirtied Blocks": 0, "Shared Written Blocks": 0, "Local Hit Blocks": 0, "Local Read Blocks": 0, "Local Dirtied Blocks": 0, "Local Written Blocks": 0, "Temp Read Blocks": 0, "Temp Written Blocks": 0, "I/O Read Time": 369.832, "I/O Write Time": 0.0, "Plans": [{"Node Type": "Index Scan", "Parent Relationship": "Outer", "Parallel Aware": false, "Scan Direction": "Forward", "Index Name": "role_id_cast_info", "Relation Name": "cast_info", "Schema": "public", "Alias": "ci", "Startup Cost": 0.44, "Total Cost": 283859.6, "Plan Rows": 2016178, "Plan Width": 0, "Actual Startup Time": 0.59, "Actual Total Time": 3447.388, "Actual Rows": 5637455, "Actual Loops": 1, "Output": ["id", "person_id", "movie_id", "person_role_id", "note", "nr_order", "role_id"], "Index Cond": "(ci.role_id > 4)", "Rows Removed by Index Recheck": 0, "Filter": "(ci.person_id > 2911291)", "Rows Removed by Filter": 3747248, "Shared Hit Blocks": 2, "Shared Read Blocks": 74598, "Shared Dirtied Blocks": 0, "Shared Written Blocks": 0, "Local Hit Blocks": 0, "Local Read Blocks": 0, "Local Dirtied Blocks": 0, "Local Written Blocks": 0, "Temp Read Blocks": 0, "Temp Written Blocks": 0, "I/O Read Time": 369.832, "I/O Write Time": 0.0}]}, "Planning": {"Shared Hit Blocks": 74, "Shared Read Blocks": 14, "Shared Dirtied Blocks": 0, "Shared Written Blocks": 0, "Local Hit Blocks": 0, "Local Read Blocks": 0, "Local Dirtied Blocks": 0, "Local Written Blocks": 0, "Temp Read Blocks": 0, "Temp Written Blocks": 0, "I/O Read Time": 1.052, "I/O Write Time": 0.0}, "Planning Time": 1.649, "Triggers": [], "Execution Time": 4028.885}, "template": "scale", "query": "EXPLAIN (ANALYZE, COSTS, BUFFERS, VERBOSE, FORMAT JSON) SELECT COUNT(*) FROM cast_info ci WHERE ci.person_id>2911291 AND ci.role_id>4;"}
{"planinfo": {"Plan": {"Node Type": "Aggregate", "Strategy": "Plain", "Partial Mode": "Simple", "Parallel Aware": false, "Startup Cost": 537229.6, "Total Cost": 537229.61, "Plan Rows": 1, "Plan Width": 8, "Actual Startup Time": 9031.615, "Actual Total Time": 9031.616, "Actual Rows": 1, "Actual Loops": 1, "Output": ["count(*)"], "Shared Hit Blocks": 6939093, "Shared Read Blocks": 70776, "Shared Dirtied Blocks": 0, "Shared Written Blocks": 0, "Local Hit Blocks": 0, "Local Read Blocks": 0, "Local Dirtied Blocks": 0, "Local Written Blocks": 0, "Temp Read Blocks": 0, "Temp Written Blocks": 0, "I/O Read Time": 1285.985, "I/O Write Time": 0.0, "Plans": [{"Node Type": "Merge Join", "Parent Relationship": "Outer", "Parallel Aware": false, "Join Type": "Inner", "Startup Cost": 23.16, "Total Cost": 527303.49, "Plan Rows": 3970446, "Plan Width": 0, "Actual Startup Time": 24.211, "Actual Total Time": 8779.266, "Actual Rows": 2055671, "Actual Loops": 1, "Inner Unique": false, "Merge Cond": "(t.id = mi.movie_id)", "Shared Hit Blocks": 6939093, "Shared Read Blocks": 70776, "Shared Dirtied Blocks": 0, "Shared Written Blocks": 0, "Local Hit Blocks": 0, "Local Read Blocks": 0, "Local Dirtied Blocks": 0, "Local Written Blocks": 0, "Temp Read Blocks": 0, "Temp Written Blocks": 0, "I/O Read Time": 1285.985, "I/O Write Time": 0.0, "Plans": [{"Node Type": "Index Scan", "Parent Relationship": "Outer", "Parallel Aware": false, "Scan Direction": "Forward", "Index Name": "title_pkey", "Relation Name": "title", "Schema": "public", "Alias": "t", "Startup Cost": 0.43, "Total Cost": 122991.14, "Plan Rows": 677490, "Plan Width": 4, "Actual Startup Time": 23.71, "Actual Total Time": 3209.169, "Actual Rows": 596494, "Actual Loops": 1, "Output": ["t.id", "t.title", "t.imdb_index", "t.kind_id", "t.production_year", "t.imdb_id", "t.phonetic_code", "t.episode_of_id", "t.season_nr", "t.episode_nr", "t.series_years", "t.md5sum"], "Filter": "((t.production_year < 2002) AND (t.kind_id = 7))", "Rows Removed by Filter": 1930090, "Shared Hit Blocks": 2488589, "Shared Read Blocks": 44944, "Shared Dirtied Blocks": 0, "Shared Written Blocks": 0, "Local Hit Blocks": 0, "Local Read Blocks": 0, "Local Dirtied Blocks": 0, "Local Written Blocks": 0, "Temp Read Blocks": 0, "Temp Written Blocks": 0, "I/O Read Time": 1115.863, "I/O Write Time": 0.0}, {"Node Type": "Index Only Scan", "Parent Relationship": "Inner", "Parallel Aware": false, "Scan Direction": "Forward", "Index Name": "movie_id_movie_info", "Relation Name": "movie_info", "Schema": "public", "Alias": "mi", "Startup Cost": 0.43, "Total Cost": 325993.18, "Plan Rows": 14818450, "Plan Width": 4, "Actual Startup Time": 0.033, "Actual Total Time": 3739.264, "Actual Rows": 14835720, "Actual Loops": 1, "Output": ["mi.movie_id"], "Heap Fetches": 0, "Shared Hit Blocks": 4450504, "Shared Read Blocks": 25832, "Shared Dirtied Blocks": 0, "Shared Written Blocks": 0, "Local Hit Blocks": 0, "Local Read Blocks": 0, "Local Dirtied Blocks": 0, "Local Written Blocks": 0, "Temp Read Blocks": 0, "Temp Written Blocks": 0, "I/O Read Time": 170.123, "I/O Write Time": 0.0}]}]}, "Planning": {"Shared Hit Blocks": 98, "Shared Read Blocks": 30, "Shared Dirtied Blocks": 0, "Shared Written Blocks": 0, "Local Hit Blocks": 0, "Local Read Blocks": 0, "Local Dirtied Blocks": 0, "Local Written Blocks": 0, "Temp Read Blocks": 0, "Temp Written Blocks": 0, "I/O Read Time": 2.241, "I/O Write Time": 0.0}, "Planning Time": 3.322, "Triggers": [], "Execution Time": 9031.732}, "template": "scale", "query": "EXPLAIN (ANALYZE, COSTS, BUFFERS, VERBOSE, FORMAT JSON) SELECT COUNT(*) FROM title t,movie_info mi WHERE t.id=mi.movie_id AND t.kind_id=7 AND t.production_year<2002;"}
{"planinfo": {"Plan": {"Node Type": "Aggregate", "Strategy": "Plain", "Partial Mode": "Simple", "Parallel Aware": false, "Startup Cost": 360652.84, "Total Cost": 360652.85, "Plan Rows": 1, "Plan Width": 8, "Actual Startup Time": 17463.854, "Actual Total Time": 17463.855, "Actual Rows": 1, "Actual Loops": 1, "Output": ["count(*)"], "Shared Hit Blocks": 57533, "Shared Read Blocks": 24213, "Shared Dirtied Blocks": 0, "Shared Written Blocks": 0, "Local Hit Blocks": 0, "Local Read Blocks": 0, "Local Dirtied Blocks": 0, "Local Written Blocks": 0, "Temp Read Blocks": 0, "Temp Written Blocks": 0, "I/O Read Time": 242.427, "I/O Write Time": 0.0, "Plans": [{"Node Type": "Merge Join", "Parent Relationship": "Outer", "Parallel Aware": false, "Join Type": "Inner", "Startup Cost": 26.42, "Total Cost": 348982.46, "Plan Rows": 4668152, "Plan Width": 0, "Actual Startup Time": 0.072, "Actual Total Time": 13889.199, "Actual Rows": 34863638, "Actual Loops": 1, "Inner Unique": false, "Merge Cond": "(t.id = mk.movie_id)", "Shared Hit Blocks": 57533, "Shared Read Blocks": 24213, "Shared Dirtied Blocks": 0, "Shared Written Blocks": 0, "Local Hit Blocks": 0, "Local Read Blocks": 0, "Local Dirtied Blocks": 0, "Local Written Blocks": 0, "Temp Read Blocks": 0, "Temp Written Blocks": 0, "I/O Read Time": 242.427, "I/O Write Time": 0.0, "Plans": [{"Node Type": "Merge Join", "Parent Relationship": "Outer", "Parallel Aware": false, "Join Type": "Inner", "Startup Cost": 5.51, "Total Cost": 178429.3, "Plan Rows": 2609129, "Plan Width": 8, "Actual Startup Time": 0.044, "Actual Total Time": 1990.956, "Actual Rows": 2609129, "Actual Loops": 1, "Output": ["t.id", "mc.movie_id"], "Inner Unique": false, "Merge Cond": "(t.id = mc.movie_id)", "Shared Hit Blocks": 23446, "Shared Read Blocks": 15560, "Shared Dirtied Blocks": 0, "Shared Written Blocks": 0, "Local Hit Blocks": 0, "Local Read Blocks": 0, "Local Dirtied Blocks": 0, "Local Written Blocks": 0, "Temp Read Blocks": 0, "Temp Written Blocks": 0, "I/O Read Time": 193.051, "I/O Write Time": 0.0, "Plans": [{"Node Type": "Index Only Scan", "Parent Relationship": "Outer", "Parallel Aware": false, "Scan Direction": "Forward", "Index Name": "title_pkey", "Relation Name": "title", "Schema": "public", "Alias": "t", "Startup Cost": 0.43, "Total Cost": 73940.23, "Plan Rows": 2528520, "Plan Width": 4, "Actual Startup Time": 0.02, "Actual Total Time": 568.674, "Actual Rows": 2525746, "Actual Loops": 1, "Output": ["t.id"], "Heap Fetches": 0, "Shared Hit Blocks": 23441, "Shared Read Blocks": 8963, "Shared Dirtied Blocks": 0, "Shared Written Blocks": 0, "Local Hit Blocks": 0, "Local Read Blocks": 0, "Local Dirtied Blocks": 0, "Local Written Blocks": 0, "Temp Read Blocks": 0, "Temp Written Blocks": 0, "I/O Read Time": 155.485, "I/O Write Time": 0.0}, {"Node Type": "Index Only Scan", "Parent Relationship": "Inner", "Parallel Aware": false, "Scan Direction": "Forward", "Index Name": "movie_id_movie_companies", "Relation Name": "movie_companies", "Schema": "public", "Alias": "mc", "Startup Cost": 0.43, "Total Cost": 65637.36, "Plan Rows": 2609129, "Plan Width": 4, "Actual Startup Time": 0.021, "Actual Total Time": 474.226, "Actual Rows": 2609129, "Actual Loops": 1, "Output": ["mc.movie_id"], "Heap Fetches": 0, "Shared Hit Blocks": 5, "Shared Read Blocks": 6597, "Shared Dirtied Blocks": 0, "Shared Written Blocks": 0, "Local Hit Blocks": 0, "Local Read Blocks": 0, "Local Dirtied Blocks": 0, "Local Written Blocks": 0, "Temp Read Blocks": 0, "Temp Written Blocks": 0, "I/O Read Time": 37.567, "I/O Write Time": 0.0}]}, {"Node Type": "Index Only Scan", "Parent Relationship": "Inner", "Parallel Aware": false, "Scan Direction": "Forward", "Index Name": "movie_id_movie_keyword", "Relation Name": "movie_keyword", "Schema": "public", "Alias": "mk", "Startup Cost": 0.43, "Total Cost": 102607.38, "Plan Rows": 4523930, "Plan Width": 4, "Actual Startup Time": 0.027, "Actual Total Time": 5313.652, "Actual Rows": 35338247, "Actual Loops": 1, "Output": ["mk.movie_id"], "Heap Fetches": 0, "Shared Hit Blocks": 34087, "Shared Read Blocks": 8653, "Shared Dirtied Blocks": 0, "Shared Written Blocks": 0, "Local Hit Blocks": 0, "Local Read Blocks": 0, "Local Dirtied Blocks": 0, "Local Written Blocks": 0, "Temp Read Blocks": 0, "Temp Written Blocks": 0, "I/O Read Time": 49.376, "I/O Write Time": 0.0}]}]}, "Planning": {"Shared Hit Blocks": 191, "Shared Read Blocks": 37, "Shared Dirtied Blocks": 0, "Shared Written Blocks": 0, "Local Hit Blocks": 0, "Local Read Blocks": 0, "Local Dirtied Blocks": 0, "Local Written Blocks": 0, "Temp Read Blocks": 0, "Temp Written Blocks": 0, "I/O Read Time": 2.733, "I/O Write Time": 0.0}, "Planning Time": 4.269, "Triggers": [], "Execution Time": 17463.958}, "template": "scale", "query": "EXPLAIN (ANALYZE, COSTS, BUFFERS, VERBOSE, FORMAT JSON) SELECT COUNT(*) FROM title t,movie_companies mc,movie_keyword mk WHERE t.id=mc.movie_id AND t.id=mk.movie_id;"}
{"planinfo": {"Plan": {"Node Type": "Aggregate", "Strategy": "Plain", "Partial Mode": "Simple", "Parallel Aware": false, "Startup Cost": 36600.47, "Total Cost": 36600.48, "Plan Rows": 1, "Plan Width": 8, "Actual Startup Time": 677.543, "Actual Total Time": 677.545, "Actual Rows": 1, "Actual Loops": 1, "Output": ["count(*)"], "Shared Hit Blocks": 37766, "Shared Read Blocks": 8338, "Shared Dirtied Blocks": 0, "Shared Written Blocks": 0, "Local Hit Blocks": 0, "Local Read Blocks": 0, "Local Dirtied Blocks": 0, "Local Written Blocks": 0, "Temp Read Blocks": 0, "Temp Written Blocks": 0, "I/O Read Time": 485.23, "I/O Write Time": 0.0, "Plans": [{"Node Type": "Nested Loop", "Parent Relationship": "Outer", "Parallel Aware": false, "Join Type": "Inner", "Startup Cost": 1.3, "Total Cost": 36540.81, "Plan Rows": 23864, "Plan Width": 0, "Actual Startup Time": 0.663, "Actual Total Time": 640.568, "Actual Rows": 347649, "Actual Loops": 1, "Inner Unique": false, "Shared Hit Blocks": 37766, "Shared Read Blocks": 8338, "Shared Dirtied Blocks": 0, "Shared Written Blocks": 0, "Local Hit Blocks": 0, "Local Read Blocks": 0, "Local Dirtied Blocks": 0, "Local Written Blocks": 0, "Temp Read Blocks": 0, "Temp Written Blocks": 0, "I/O Read Time": 485.23, "I/O Write Time": 0.0, "Plans": [{"Node Type": "Nested Loop", "Parent Relationship": "Outer", "Parallel Aware": false, "Join Type": "Inner", "Startup Cost": 0.86, "Total Cost": 30235.24, "Plan Rows": 4072, "Plan Width": 8, "Actual Startup Time": 0.549, "Actual Total Time": 297.275, "Actual Rows": 4049, "Actual Loops": 1, "Output": ["t.id", "mk.movie_id"], "Inner Unique": true, "Shared Hit Blocks": 10330, "Shared Read Blocks": 5342, "Shared Dirtied Blocks": 0, "Shared Written Blocks": 0, "Local Hit Blocks": 0, "Local Read Blocks": 0, "Local Dirtied Blocks": 0, "Local Written Blocks": 0, "Temp Read Blocks": 0, "Temp Written Blocks": 0, "I/O Read Time": 268.411, "I/O Write Time": 0.0, "Plans": [{"Node Type": "Index Scan", "Parent Relationship": "Outer", "Parallel Aware": false, "Scan Direction": "Forward", "Index Name": "keyword_id_movie_keyword", "Relation Name": "movie_keyword", "Schema": "public", "Alias": "mk", "Startup Cost": 0.43, "Total Cost": 15129.02, "Plan Rows": 4072, "Plan Width": 4, "Actual Startup Time": 0.431, "Actual Total Time": 132.609, "Actual Rows": 4049, "Actual Loops": 1, "Output": ["mk.id", "mk.movie_id", "mk.keyword_id"], "Index Cond": "(mk.keyword_id = 1749)", "Rows Removed by Index Recheck": 0, "Shared Hit Blocks": 0, "Shared Read Blocks": 3427, "Shared Dirtied Blocks": 0, "Shared Written Blocks": 0, "Local Hit Blocks": 0, "Local Read Blocks": 0, "Local Dirtied Blocks": 0, "Local Written Blocks": 0, "Temp Read Blocks": 0, "Temp Written Blocks": 0, "I/O Read Time": 125.813, "I/O Write Time": 0.0}, {"Node Type": "Index Only Scan", "Parent Relationship": "Inner", "Parallel Aware": false, "Scan Direction": "Forward", "Index Name": "title_pkey", "Relation Name": "title", "Schema": "public", "Alias": "t", "Startup Cost": 0.43, "Total Cost": 3.71, "Plan Rows": 1, "Plan Width": 4, "Actual Startup Time": 0.04, "Actual Total Time": 0.04, "Actual Rows": 1, "Actual Loops": 4049, "Output": ["t.id"], "Index Cond": "(t.id = mk.movie_id)", "Rows Removed by Index Recheck": 0, "Heap Fetches": 0, "Shared Hit Blocks": 10330, "Shared Read Blocks": 1915, "Shared Dirtied Blocks": 0, "Shared Written Blocks": 0, "Local Hit Blocks": 0, "Local Read Blocks": 0, "Local Dirtied Blocks": 0, "Local Written Blocks": 0, "Temp Read Blocks": 0, "Temp Written Blocks": 0, "I/O Read Time": 142.598, "I/O Write Time": 0.0}]}, {"Node Type": "Index Only Scan", "Parent Relationship": "Inner", "Parallel Aware": false, "Scan Direction": "Forward", "Index Name": "movie_id_movie_info", "Relation Name": "movie_info", "Schema": "public", "Alias": "mi", "Startup Cost": 0.43, "Total Cost": 1.16, "Plan Rows": 39, "Plan Width": 4, "Actual Startup Time": 0.06, "Actual Total Time": 0.073, "Actual Rows": 86, "Actual Loops": 4049, "Output": ["mi.movie_id"], "Index Cond": "(mi.movie_id = t.id)", "Rows Removed by Index Recheck": 0, "Heap Fetches": 0, "Shared Hit Blocks": 27436, "Shared Read Blocks": 2996, "Shared Dirtied Blocks": 0, "Shared Written Blocks": 0, "Local Hit Blocks": 0, "Local Read Blocks": 0, "Local Dirtied Blocks": 0, "Local Written Blocks": 0, "Temp Read Blocks": 0, "Temp Written Blocks": 0, "I/O Read Time": 216.82, "I/O Write Time": 0.0}]}]}, "Planning": {"Shared Hit Blocks": 181, "Shared Read Blocks": 38, "Shared Dirtied Blocks": 0, "Shared Written Blocks": 0, "Local Hit Blocks": 0, "Local Read Blocks": 0, "Local Dirtied Blocks": 0, "Local Written Blocks": 0, "Temp Read Blocks": 0, "Temp Written Blocks": 0, "I/O Read Time": 2.841, "I/O Write Time": 0.0}, "Planning Time": 4.369, "Triggers": [], "Execution Time": 677.639}, "template": "scale", "query": "EXPLAIN (ANALYZE, COSTS, BUFFERS, VERBOSE, FORMAT JSON) SELECT COUNT(*) FROM title t,movie_info mi,movie_keyword mk WHERE t.id=mi.movie_id AND t.id=mk.movie_id AND mk.keyword_id=1749;"}
{"planinfo": {"Plan": {"Node Type": "Aggregate", "Strategy": "Plain", "Partial Mode": "Simple", "Parallel Aware": false, "Startup Cost": 6.47, "Total Cost": 6.48, "Plan Rows": 1, "Plan Width": 8, "Actual Startup Time": 0.423, "Actual Total Time": 0.423, "Actual Rows": 1, "Actual Loops": 1, "Output": ["count(*)"], "Shared Hit Blocks": 0, "Shared Read Blocks": 4, "Shared Dirtied Blocks": 0, "Shared Written Blocks": 0, "Local Hit Blocks": 0, "Local Read Blocks": 0, "Local Dirtied Blocks": 0, "Local Written Blocks": 0, "Temp Read Blocks": 0, "Temp Written Blocks": 0, "I/O Read Time": 0.366, "I/O Write Time": 0.0, "Plans": [{"Node Type": "Index Only Scan", "Parent Relationship": "Outer", "Parallel Aware": false, "Scan Direction": "Forward", "Index Name": "company_id_movie_companies", "Relation Name": "movie_companies", "Schema": "public", "Alias": "mc", "Startup Cost": 0.43, "Total Cost": 6.21, "Plan Rows": 102, "Plan Width": 0, "Actual Startup Time": 0.409, "Actual Total Time": 0.414, "Actual Rows": 29, "Actual Loops": 1, "Output": ["company_id"], "Index Cond": "(mc.company_id = 18737)", "Rows Removed by Index Recheck": 0, "Heap Fetches": 0, "Shared Hit Blocks": 0, "Shared Read Blocks": 4, "Shared Dirtied Blocks": 0, "Shared Written Blocks": 0, "Local Hit Blocks": 0, "Local Read Blocks": 0, "Local Dirtied Blocks": 0, "Local Written Blocks": 0, "Temp Read Blocks": 0, "Temp Written Blocks": 0, "I/O Read Time": 0.366, "I/O Write Time": 0.0}]}, "Planning": {"Shared Hit Blocks": 61, "Shared Read Blocks": 10, "Shared Dirtied Blocks": 0, "Shared Written Blocks": 0, "Local Hit Blocks": 0, "Local Read Blocks": 0, "Local Dirtied Blocks": 0, "Local Written Blocks": 0, "Temp Read Blocks": 0, "Temp Written Blocks": 0, "I/O Read Time": 0.712, "I/O Write Time": 0.0}, "Planning Time": 1.166, "Triggers": [], "Execution Time": 0.456}, "template": "scale", "query": "EXPLAIN (ANALYZE, COSTS, BUFFERS, VERBOSE, FORMAT JSON) SELECT COUNT(*) FROM movie_companies mc WHERE mc.company_id=18737;"}
{"planinfo": {"Plan": {"Node Type": "Aggregate", "Strategy": "Plain", "Partial Mode": "Simple", "Parallel Aware": false, "Startup Cost": 29208.45, "Total Cost": 29208.46, "Plan Rows": 1, "Plan Width": 8, "Actual Startup Time": 309.18, "Actual Total Time": 309.181, "Actual Rows": 1, "Actual Loops": 1, "Output": ["count(*)"], "Shared Hit Blocks": 0, "Shared Read Blocks": 1000, "Shared Dirtied Blocks": 0, "Shared Written Blocks": 0, "Local Hit Blocks": 0, "Local Read Blocks": 0, "Local Dirtied Blocks": 0, "Local Written Blocks": 0, "Temp Read Blocks": 0, "Temp Written Blocks": 0, "I/O Read Time": 5.783, "I/O Write Time": 0.0, "Plans": [{"Node Type": "Index Only Scan", "Parent Relationship": "Outer", "Parallel Aware": false, "Scan Direction": "Forward", "Index Name": "company_type_id_movie_companies", "Relation Name": "movie_companies", "Schema": "public", "Alias": "mc", "Startup Cost": 0.43, "Total Cost": 26054.45, "Plan Rows": 1261601, "Plan Width": 0, "Actual Startup Time": 0.279, "Actual Total Time": 183.276, "Actual Rows": 1274246, "Actual Loops": 1, "Output": ["company_type_id"], "Index Cond": "(mc.company_type_id < 2)", "Rows Removed by Index Recheck": 0, "Heap Fetches": 0, "Shared Hit Blocks": 0, "Shared Read Blocks": 1000, "Shared Dirtied Blocks": 0, "Shared Written Blocks": 0, "Local Hit Blocks": 0, "Local Read Blocks": 0, "Local Dirtied Blocks": 0, "Local Written Blocks": 0, "Temp Read Blocks": 0, "Temp Written Blocks": 0, "I/O Read Time": 5.783, "I/O Write Time": 0.0}]}, "Planning": {"Shared Hit Blocks": 59, "Shared Read Blocks": 10, "Shared Dirtied Blocks": 0, "Shared Written Blocks": 0, "Local Hit Blocks": 0, "Local Read Blocks": 0, "Local Dirtied Blocks": 0, "Local Written Blocks": 0, "Temp Read Blocks": 0, "Temp Written Blocks": 0, "I/O Read Time": 0.707, "I/O Write Time": 0.0}, "Planning Time": 1.174, "Triggers": [], "Execution Time": 309.216}, "template": "scale", "query": "EXPLAIN (ANALYZE, COSTS, BUFFERS, VERBOSE, FORMAT JSON) SELECT COUNT(*) FROM movie_companies mc WHERE mc.company_type_id<2;"}
{"planinfo": {"Plan": {"Node Type": "Aggregate", "Strategy": "Plain", "Partial Mode": "Simple", "Parallel Aware": false, "Startup Cost": 137329.96, "Total Cost": 137329.97, "Plan Rows": 1, "Plan Width": 8, "Actual Startup Time": 1667.577, "Actual Total Time": 1667.579, "Actual Rows": 1, "Actual Loops": 1, "Output": ["count(*)"], "Shared Hit Blocks": 36376, "Shared Read Blocks": 21407, "Shared Dirtied Blocks": 0, "Shared Written Blocks": 0, "Local Hit Blocks": 0, "Local Read Blocks": 0, "Local Dirtied Blocks": 0, "Local Written Blocks": 0, "Temp Read Blocks": 0, "Temp Written Blocks": 0, "I/O Read Time": 212.517, "I/O Write Time": 0.0, "Plans": [{"Node Type": "Merge Join", "Parent Relationship": "Outer", "Parallel Aware": false, "Join Type": "Inner", "Startup Cost": 9.94, "Total Cost": 136177.4, "Plan Rows": 461024, "Plan Width": 0, "Actual Startup Time": 0.176, "Actual Total Time": 1596.691, "Actual Rows": 460185, "Actual Loops": 1, "Inner Unique": false, "Merge Cond": "(t.id = mi_idx.movie_id)", "Shared Hit Blocks": 36376, "Shared Read Blocks": 21407, "Shared Dirtied Blocks": 0, "Shared Written Blocks": 0, "Local Hit Blocks": 0, "Local Read Blocks": 0, "Local Dirtied Blocks": 0, "Local Written Blocks": 0, "Temp Read Blocks": 0, "Temp Written Blocks": 0, "I/O Read Time": 212.517, "I/O Write Time": 0.0, "Plans": [{"Node Type": "Index Only Scan", "Parent Relationship": "Outer", "Parallel Aware": false, "Scan Direction": "Forward", "Index Name": "title_pkey", "Relation Name": "title", "Schema": "public", "Alias": "t", "Startup Cost": 0.43, "Total Cost": 73940.23, "Plan Rows": 2528520, "Plan Width": 4, "Actual Startup Time": 0.018, "Actual Total Time": 551.996, "Actual Rows": 2525794, "Actual Loops": 1, "Output": ["t.id"], "Heap Fetches": 0, "Shared Hit Blocks": 23441, "Shared Read Blocks": 8963, "Shared Dirtied Blocks": 0, "Shared Written Blocks": 0, "Local Hit Blocks": 0, "Local Read Blocks": 0, "Local Dirtied Blocks": 0, "Local Written Blocks": 0, "Temp Read Blocks": 0, "Temp Written Blocks": 0, "I/O Read Time": 143.025, "I/O Write Time": 0.0}, {"Node Type": "Index Scan", "Parent Relationship": "Inner", "Parallel Aware": false, "Scan Direction": "Forward", "Index Name": "movie_id_movie_info_idx", "Relation Name": "movie_info_idx", "Schema": "public", "Alias": "mi_idx", "Startup Cost": 0.43, "Total Cost": 50235.25, "Plan Rows": 461024, "Plan Width": 4, "Actual Startup Time": 0.153, "Actual Total Time": 594.515, "Actual Rows": 460185, "Actual Loops": 1, "Output": ["mi_idx.id", "mi_idx.movie_id", "mi_idx.info_type_id", "mi_idx.info", "mi_idx.note"], "Filter": "(mi_idx.info_type_id > 100)", "Rows Removed by Filter": 919850, "Shared Hit Blocks": 12935, "Shared Read Blocks": 12444, "Shared Dirtied Blocks": 0, "Shared Written Blocks": 0, "Local Hit Blocks": 0, "Local Read Blocks": 0, "Local Dirtied Blocks": 0, "Local Written Blocks": 0, "Temp Read Blocks": 0, "Temp Written Blocks": 0, "I/O Read Time": 69.492, "I/O Write Time": 0.0}]}]}, "Planning": {"Shared Hit Blocks": 106, "Shared Read Blocks": 25, "Shared Dirtied Blocks": 0, "Shared Written Blocks": 0, "Local Hit Blocks": 0, "Local Read Blocks": 0, "Local Dirtied Blocks": 0, "Local Written Blocks": 0, "Temp Read Blocks": 0, "Temp Written Blocks": 0, "I/O Read Time": 1.791, "I/O Write Time": 0.0}, "Planning Time": 2.765, "Triggers": [], "Execution Time": 1667.685}, "template": "scale", "query": "EXPLAIN (ANALYZE, COSTS, BUFFERS, VERBOSE, FORMAT JSON) SELECT COUNT(*) FROM title t,movie_info_idx mi_idx WHERE t.id=mi_idx.movie_id AND mi_idx.info_type_id>100;"}
{"planinfo": {"Plan": {"Node Type": "Aggregate", "Strategy": "Plain", "Partial Mode": "Simple", "Parallel Aware": false, "Startup Cost": 127542.92, "Total Cost": 127542.93, "Plan Rows": 1, "Plan Width": 8, "Actual Startup Time": 1676.435, "Actual Total Time": 1676.44, "Actual Rows": 1, "Actual Loops": 1, "Output": ["count(*)"], "Shared Hit Blocks": 98862, "Shared Read Blocks": 53381, "Shared Dirtied Blocks": 0, "Shared Written Blocks": 0, "Local Hit Blocks": 0, "Local Read Blocks": 0, "Local Dirtied Blocks": 0, "Local Written Blocks": 0, "Temp Read Blocks": 798, "Temp Written Blocks": 798, "I/O Read Time": 489.668, "I/O Write Time": 0.0, "Plans": [{"Node Type": "Nested Loop", "Parent Relationship": "Outer", "Parallel Aware": false, "Join Type": "Inner", "Startup Cost": 68996.81, "Total Cost": 127318.7, "Plan Rows": 89689, "Plan Width": 0, "Actual Startup Time": 585.585, "Actual Total Time": 1645.348, "Actual Rows": 259361, "Actual Loops": 1, "Inner Unique": false, "Join Filter": "(t.id = mi.movie_id)", "Rows Removed by Join Filter": 0, "Shared Hit Blocks": 98862, "Shared Read Blocks": 53381, "Shared Dirtied Blocks": 0, "Shared Written Blocks": 0, "Local Hit Blocks": 0, "Local Read Blocks": 0, "Local Dirtied Blocks": 0, "Local Written Blocks": 0, "Temp Read Blocks": 798, "Temp Written Blocks": 798, "I/O Read Time": 489.668, "I/O Write Time": 0.0, "Plans": [{"Node Type": "Hash Join", "Parent Relationship": "Outer", "Parallel Aware": false, "Join Type": "Inner", "Startup Cost": 68996.38, "Total Cost": 99277.8, "Plan Rows": 15304, "Plan Width": 8, "Actual Startup Time": 585.551, "Actual Total Time": 1067.036, "Actual Rows": 17034, "Actual Loops": 1, "Output": ["t.id", "mi_idx.movie_id"], "Inner Unique": true, "Hash Cond": "(mi_idx.movie_id = t.id)", "Shared Hit Blocks": 3, "Shared Read Blocks": 43933, "Shared Dirtied Blocks": 0, "Shared Written Blocks": 0, "Local Hit Blocks": 0, "Local Read Blocks": 0, "Local Dirtied Blocks": 0, "Local Written Blocks": 0, "Temp Read Blocks": 798, "Temp Written Blocks": 798, "I/O Read Time": 107.742, "I/O Write Time": 0.0, "Plans": [{"Node Type": "Seq Scan", "Parent Relationship": "Outer", "Parallel Aware": false, "Relation Name": "movie_info_idx", "Schema": "public", "Alias": "mi_idx", "Startup Cost": 0.0, "Total Cost": 25185.44, "Plan Rows": 456378, "Plan Width": 4, "Actual Startup Time": 0.133, "Actual Total Time": 300.854, "Actual Rows": 459925, "Actual Loops": 1, "Output": ["mi_idx.movie_id"], "Filter": "(mi_idx.info_type_id = 99)", "Rows Removed by Filter": 920110, "Shared Hit Blocks": 0, "Shared Read Blocks": 7935, "Shared Dirtied Blocks": 0, "Shared Written Blocks": 0, "Local Hit Blocks": 0, "Local Read Blocks": 0, "Local Dirtied Blocks": 0, "Local Written Blocks": 0, "Temp Read Blocks": 0, "Temp Written Blocks": 0, "I/O Read Time": 41.664, "I/O Write Time": 0.0}, {"Node Type": "Hash", "Parent Relationship": "Inner", "Parallel Aware": false, "Startup Cost": 67604.5, "Total Cost": 67604.5, "Plan Rows": 84790, "Plan Width": 4, "Actual Startup Time": 584.86, "Actual Total Time": 584.862, "Actual Rows": 84593, "Actual Loops": 1, "Output": ["t.id"], "Hash Buckets": 131072, "Original Hash Buckets": 131072, "Hash Batches": 2, "Original Hash Batches": 2, "Peak Memory Usage": 2518, "Shared Hit Blocks": 0, "Shared Read Blocks": 35998, "Shared Dirtied Blocks": 0, "Shared Written Blocks": 0, "Local Hit Blocks": 0, "Local Read Blocks": 0, "Local Dirtied Blocks": 0, "Local Written Blocks": 0, "Temp Read Blocks": 0, "Temp Written Blocks": 123, "I/O Read Time": 66.078, "I/O Write Time": 0.0, "Plans": [{"Node Type": "Seq Scan", "Parent Relationship": "Outer", "Parallel Aware": false, "Relation Name": "title", "Schema": "public", "Alias": "t", "Startup Cost": 0.0, "Total Cost": 67604.5, "Plan Rows": 84790, "Plan Width": 4, "Actual Startup Time": 0.151, "Actual Total Time": 544.425, "Actual Rows": 84593, "Actual Loops": 1, "Output": ["t.id"], "Filter": "(t.production_year = 2004)", "Rows Removed by Filter": 2443719, "Shared Hit Blocks": 0, "Shared Read Blocks": 35998, "Shared Dirtied Blocks": 0, "Shared Written Blocks": 0, "Local Hit Blocks": 0, "Local Read Blocks": 0, "Local Dirtied Blocks": 0, "Local Written Blocks": 0, "Temp Read Blocks": 0, "Temp Written Blocks": 0, "I/O Read Time": 66.078, "I/O Write Time": 0.0}]}]}, {"Node Type": "Index Only Scan", "Parent Relationship": "Inner", "Parallel Aware": false, "Scan Direction": "Forward", "Index Name": "movie_id_movie_info", "Relation Name": "movie_info", "Schema": "public", "Alias": "mi", "Startup Cost": 0.43, "Total Cost": 1.34, "Plan Rows": 39, "Plan Width": 4, "Actual Startup Time": 0.028, "Actual Total Time": 0.031, "Actual Rows": 15, "Actual Loops": 17034, "Output": ["mi.movie_id"], "Index Cond": "(mi.movie_id = mi_idx.movie_id)", "Rows Removed by Index Recheck": 0, "Heap Fetches": 0, "Shared Hit Blocks": 98859, "Shared Read Blocks": 9448, "Shared Dirtied Blocks": 0, "Shared Written Blocks": 0, "Local Hit Blocks": 0, "Local Read Blocks": 0, "Local Dirtied Blocks": 0, "Local Written Blocks": 0, "Temp Read Blocks": 0, "Temp Written Blocks": 0, "I/O Read Time": 381.926, "I/O Write Time": 0.0}]}]}, "Planning": {"Shared Hit Blocks": 184, "Shared Read Blocks": 39, "Shared Dirtied Blocks": 0, "Shared Written Blocks": 0, "Local Hit Blocks": 0, "Local Read Blocks": 0, "Local Dirtied Blocks": 0, "Local Written Blocks": 0, "Temp Read Blocks": 0, "Temp Written Blocks": 0, "I/O Read Time": 3.014, "I/O Write Time": 0.0}, "Planning Time": 4.759, "Triggers": [], "Execution Time": 1676.679}, "template": "scale", "query": "EXPLAIN (ANALYZE, COSTS, BUFFERS, VERBOSE, FORMAT JSON) SELECT COUNT(*) FROM title t,movie_info mi,movie_info_idx mi_idx WHERE t.id=mi.movie_id AND t.id=mi_idx.movie_id AND t.production_year=2004 AND mi_idx.info_type_id=99;"}
{"planinfo": {"Plan": {"Node Type": "Aggregate", "Strategy": "Plain", "Partial Mode": "Simple", "Parallel Aware": false, "Startup Cost": 632587.31, "Total Cost": 632587.32, "Plan Rows": 1, "Plan Width": 8, "Actual Startup Time": 16921.422, "Actual Total Time": 16921.431, "Actual Rows": 1, "Actual Loops": 1, "Output": ["count(*)"], "Shared Hit Blocks": 3, "Shared Read Blocks": 131968, "Shared Dirtied Blocks": 0, "Shared Written Blocks": 0, "Local Hit Blocks": 0, "Local Read Blocks": 0, "Local Dirtied Blocks": 0, "Local Written Blocks": 0, "Temp Read Blocks": 49210, "Temp Written Blocks": 49210, "I/O Read Time": 562.84, "I/O Write Time": 0.0, "Plans": [{"Node Type": "Hash Join", "Parent Relationship": "Outer", "Parallel Aware": false, "Join Type": "Inner", "Startup Cost": 328128.97, "Total Cost": 630825.02, "Plan Rows": 704919, "Plan Width": 0, "Actual Startup Time": 6996.004, "Actual Total Time": 15810.845, "Actual Rows": 10919218, "Actual Loops": 1, "Inner Unique": false, "Hash Cond": "(ci.movie_id = t.id)", "Shared Hit Blocks": 3, "Shared Read Blocks": 131968, "Shared Dirtied Blocks": 0, "Shared Written Blocks": 0, "Local Hit Blocks": 0, "Local Read Blocks": 0, "Local Dirtied Blocks": 0, "Local Written Blocks": 0, "Temp Read Blocks": 49210, "Temp Written Blocks": 49210, "I/O Read Time": 562.84, "I/O Write Time": 0.0, "Plans": [{"Node Type": "Index Scan", "Parent Relationship": "Outer", "Parallel Aware": false, "Scan Direction": "Forward", "Index Name": "role_id_cast_info", "Relation Name": "cast_info", "Schema": "public", "Alias": "ci", "Startup Cost": 0.44, "Total Cost": 229995.82, "Plan Rows": 5541992, "Plan Width": 4, "Actual Startup Time": 0.492, "Actual Total Time": 3409.212, "Actual Rows": 7450294, "Actual Loops": 1, "Output": ["ci.movie_id"], "Index Cond": "(ci.role_id = 2)", "Rows Removed by Index Recheck": 0, "Filter": "(ci.person_id > 990535)", "Rows Removed by Filter": 1679, "Shared Hit Blocks": 0, "Shared Read Blocks": 54920, "Shared Dirtied Blocks": 0, "Shared Written Blocks": 0, "Local Hit Blocks": 0, "Local Read Blocks": 0, "Local Dirtied Blocks": 0, "Local Written Blocks": 0, "Temp Read Blocks": 0, "Temp Written Blocks": 0, "I/O Read Time": 280.71, "I/O Write Time": 0.0}, {"Node Type": "Hash", "Parent Relationship": "Inner", "Parallel Aware": false, "Startup Cost": 322537.3, "Total Cost": 322537.3, "Plan Rows": 321618, "Plan Width": 16, "Actual Startup Time": 6991.95, "Actual Total Time": 6991.957, "Actual Rows": 1555036, "Actual Loops": 1, "Output": ["t.id", "mc.movie_id", "mi_idx.movie_id", "mk.movie_id"], "Hash Buckets": 131072, "Original Hash Buckets": 131072, "Hash Batches": 32, "Original Hash Batches": 8, "Peak Memory Usage": 3280, "Shared Hit Blocks": 0, "Shared Read Blocks": 77048, "Shared Dirtied Blocks": 0, "Shared Written Blocks": 0, "Local Hit Blocks": 0, "Local Read Blocks": 0, "Local Dirtied Blocks": 0, "Local Written Blocks": 0, "Temp Read Blocks": 20910, "Temp Written Blocks": 27515, "I/O Read Time": 282.13, "I/O Write Time": 0.0, "Plans": [{"Node Type": "Hash Join", "Parent Relationship": "Outer", "Parallel Aware": false, "Join Type": "Inner", "Startup Cost": 196441.08, "Total Cost": 322537.3, "Plan Rows": 321618, "Plan Width": 16, "Actual Startup Time": 3399.241, "Actual Total Time": 6440.561, "Actual Rows": 1555036, "Actual Loops": 1, "Output": ["t.id", "mc.movie_id", "mi_idx.movie_id", "mk.movie_id"], "Inner Unique": false, "Hash Cond": "(mk.movie_id = t.id)", "Shared Hit Blocks": 0, "Shared Read Blocks": 77048, "Shared Dirtied Blocks": 0, "Shared Written Blocks": 0, "Local Hit Blocks": 0, "Local Read Blocks": 0, "Local Dirtied Blocks": 0, "Local Written Blocks": 0, "Temp Read Blocks": 20910, "Temp Written Blocks": 20910, "I/O Read Time": 282.13, "I/O Write Time": 0.0, "Plans": [{"Node Type": "Seq Scan", "Parent Relationship": "Outer", "Parallel Aware": false, "Relation Name": "movie_keyword", "Schema": "public", "Alias": "mk", "Startup Cost": 0.0, "Total Cost": 69693.3, "Plan Rows": 4523930, "Plan Width": 4, "Actual Startup Time": 0.124, "Actual Total Time": 975.915, "Actual Rows": 4523930, "Actual Loops": 1, "Output": ["mk.movie_id"], "Shared Hit Blocks": 0, "Shared Read Blocks": 24454, "Shared Dirtied Blocks": 0, "Shared Written Blocks": 0, "Local Hit Blocks": 0, "Local Read Blocks": 0, "Local Dirtied Blocks": 0, "Local Written Blocks": 0, "Temp Read Blocks": 0, "Temp Written Blocks": 0, "I/O Read Time": 138.291, "I/O Write Time": 0.0}, {"Node Type": "Hash", "Parent Relationship": "Inner", "Parallel Aware": false, "Startup Cost": 193316.1, "Total Cost": 193316.1, "Plan Rows": 179759, "Plan Width": 12, "Actual Startup Time": 3398.253, "Actual Total Time": 3398.258, "Actual Rows": 281612, "Actual Loops": 1, "Output": ["t.id", "mc.movie_id", "mi_idx.movie_id"], "Hash Buckets": 131072, "Original Hash Buckets": 131072, "Hash Batches": 4, "Original Hash Batches": 4, "Peak Memory Usage": 4038, "Shared Hit Blocks": 0, "Shared Read Blocks": 52594, "Shared Dirtied Blocks": 0, "Shared Written Blocks": 0, "Local Hit Blocks": 0, "Local Read Blocks": 0, "Local Dirtied Blocks": 0, "Local Written Blocks": 0, "Temp Read Blocks": 10144, "Temp Written Blocks": 10968, "I/O Read Time": 143.839, "I/O Write Time": 0.0, "Plans": [{"Node Type": "Hash Join", "Parent Relationship": "Outer", "Parallel Aware": false, "Join Type": "Inner", "Startup Cost": 137085.55, "Total Cost": 193316.1, "Plan Rows": 179759, "Plan Width": 12, "Actual Startup Time": 2126.988, "Actual Total Time": 3300.255, "Actual Rows": 281612, "Actual Loops": 1, "Output": ["t.id", "mc.movie_id", "mi_idx.movie_id"], "Inner Unique": false, "Hash Cond": "(mc.movie_id = t.id)", "Shared Hit Blocks": 0, "Shared Read Blocks": 52594, "Shared Dirtied Blocks": 0, "Shared Written Blocks": 0, "Local Hit Blocks": 0, "Local Read Blocks": 0, "Local Dirtied Blocks": 0, "Local Written Blocks": 0, "Temp Read Blocks": 10144, "Temp Written Blocks": 10144, "I/O Read Time": 143.839, "I/O Write Time": 0.0, "Plans": [{"Node Type": "Index Scan", "Parent Relationship": "Outer", "Parallel Aware": false, "Scan Direction": "Forward", "Index Name": "company_type_id_movie_companies", "Relation Name": "movie_companies", "Schema": "public", "Alias": "mc", "Startup Cost": 0.43, "Total Cost": 37534.17, "Plan Rows": 1347528, "Plan Width": 4, "Actual Startup Time": 0.391, "Actual Total Time": 513.179, "Actual Rows": 1334883, "Actual Loops": 1, "Output": ["mc.movie_id"], "Index Cond": "(mc.company_type_id = 2)", "Rows Removed by Index Recheck": 0, "Shared Hit Blocks": 0, "Shared Read Blocks": 8661, "Shared Dirtied Blocks": 0, "Shared Written Blocks": 0, "Local Hit Blocks": 0, "Local Read Blocks": 0, "Local Dirtied Blocks": 0, "Local Written Blocks": 0, "Temp Read Blocks": 0, "Temp Written Blocks": 0, "I/O Read Time": 44.841, "I/O Write Time": 0.0}, {"Node Type": "Hash", "Parent Relationship": "Inner", "Parallel Aware": false, "Startup Cost": 131550.85, "Total Cost": 131550.85, "Plan Rows": 337301, "Plan Width": 8, "Actual Startup Time": 2125.439, "Actual Total Time": 2125.442, "Actual Rows": 250045, "Actual Loops": 1, "Output": ["t.id", "mi_idx.movie_id"], "Hash Buckets": 131072, "Original Hash Buckets": 131072, "Hash Batches": 8, "Original Hash Batches": 8, "Peak Memory Usage": 2248, "Shared Hit Blocks": 0, "Shared Read Blocks": 43933, "Shared Dirtied Blocks": 0, "Shared Written Blocks": 0, "Local Hit Blocks": 0, "Local Read Blocks": 0, "Local Dirtied Blocks": 0, "Local Written Blocks": 0, "Temp Read Blocks": 5967, "Temp Written Blocks": 6712, "I/O Read Time": 98.998, "I/O Write Time": 0.0, "Plans": [{"Node Type": "Hash Join", "Parent Relationship": "Outer", "Parallel Aware": false, "Join Type": "Inner", "Startup Cost": 32745.36, "Total Cost": 131550.85, "Plan Rows": 337301, "Plan Width": 8, "Actual Startup Time": 434.501, "Actual Total Time": 2036.865, "Actual Rows": 250045, "Actual Loops": 1, "Output": ["t.id", "mi_idx.movie_id"], "Inner Unique": false, "Hash Cond": "(t.id = mi_idx.movie_id)", "Shared Hit Blocks": 0, "Shared Read Blocks": 43933, "Shared Dirtied Blocks": 0, "Shared Written Blocks": 0, "Local Hit Blocks": 0, "Local Read Blocks": 0, "Local Dirtied Blocks": 0, "Local Written Blocks": 0, "Temp Read Blocks": 5967, "Temp Written Blocks": 5967, "I/O Read Time": 98.998, "I/O Write Time": 0.0, "Plans": [{"Node Type": "Seq Scan", "Parent Relationship": "Outer", "Parallel Aware": false, "Relation Name": "title", "Schema": "public", "Alias": "t", "Startup Cost": 0.0, "Total Cost": 67604.5, "Plan Rows": 1850877, "Plan Width": 4, "Actual Startup Time": 0.137, "Actual Total Time": 649.553, "Actual Rows": 1865487, "Actual Loops": 1, "Output": ["t.id"], "Filter": "(t.kind_id > 1)", "Rows Removed by Filter": 662825, "Shared Hit Blocks": 0, "Shared Read Blocks": 35998, "Shared Dirtied Blocks": 0, "Shared Written Blocks": 0, "Local Hit Blocks": 0, "Local Read Blocks": 0, "Local Dirtied Blocks": 0, "Local Written Blocks": 0, "Temp Read Blocks": 0, "Temp Written Blocks": 0, "I/O Read Time": 58.675, "I/O Write Time": 0.0}, {"Node Type": "Hash", "Parent Relationship": "Inner", "Parallel Aware": false, "Startup Cost": 25185.44, "Total Cost": 25185.44, "Plan Rows": 460794, "Plan Width": 4, "Actual Startup Time": 433.587, "Actual Total Time": 433.588, "Actual Rows": 459925, "Actual Loops": 1, "Output": ["mi_idx.movie_id"], "Hash Buckets": 131072, "Original Hash Buckets": 131072, "Hash Batches": 8, "Original Hash Batches": 8, "Peak Memory Usage": 3050, "Shared Hit Blocks": 0, "Shared Read Blocks": 7935, "Shared Dirtied Blocks": 0, "Shared Written Blocks": 0, "Local Hit Blocks": 0, "Local Read Blocks": 0, "Local Dirtied Blocks": 0, "Local Written Blocks": 0, "Temp Read Blocks": 0, "Temp Written Blocks": 1175, "I/O Read Time": 40.323, "I/O Write Time": 0.0, "Plans": [{"Node Type": "Seq Scan", "Parent Relationship": "Outer", "Parallel Aware": false, "Relation Name": "movie_info_idx", "Schema": "public", "Alias": "mi_idx", "Startup Cost": 0.0, "Total Cost": 25185.44, "Plan Rows": 460794, "Plan Width": 4, "Actual Startup Time": 0.122, "Actual Total Time": 296.675, "Actual Rows": 459925, "Actual Loops": 1, "Output": ["mi_idx.movie_id"], "Filter": "(mi_idx.info_type_id = 101)", "Rows Removed by Filter": 920110, "Shared Hit Blocks": 0, "Shared Read Blocks": 7935, "Shared Dirtied Blocks": 0, "Shared Written Blocks": 0, "Local Hit Blocks": 0, "Local Read Blocks": 0, "Local Dirtied Blocks": 0, "Local Written Blocks": 0, "Temp Read Blocks": 0, "Temp Written Blocks": 0, "I/O Read Time": 40.323, "I/O Write Time": 0.0}]}]}]}]}]}]}]}]}]}, "Planning": {"Shared Hit Blocks": 487, "Shared Read Blocks": 63, "Shared Dirtied Blocks": 0, "Shared Written Blocks": 0, "Local Hit Blocks": 0, "Local Read Blocks": 0, "Local Dirtied Blocks": 0, "Local Written Blocks": 0, "Temp Read Blocks": 0, "Temp Written Blocks": 0, "I/O Read Time": 5.036, "I/O Write Time": 0.0}, "Planning Time": 9.464, "Triggers": [], "Execution Time": 16922.561}, "template": "scale", "query": "EXPLAIN (ANALYZE, COSTS, BUFFERS, VERBOSE, FORMAT JSON) SELECT COUNT(*) FROM title t,movie_companies mc,cast_info ci,movie_info_idx mi_idx,movie_keyword mk WHERE t.id=mc.movie_id AND t.id=ci.movie_id AND t.id=mi_idx.movie_id AND t.id=mk.movie_id AND t.kind_id>1 AND mc.company_type_id=2 AND ci.person_id>990535 AND ci.role_id=2 AND mi_idx.info_type_id=101;"}
{"planinfo": {"Plan": {"Node Type": "Aggregate", "Strategy": "Plain", "Partial Mode": "Simple", "Parallel Aware": false, "Startup Cost": 90872.01, "Total Cost": 90872.02, "Plan Rows": 1, "Plan Width": 8, "Actual Startup Time": 1332.527, "Actual Total Time": 1332.528, "Actual Rows": 1, "Actual Loops": 1, "Output": ["count(*)"], "Shared Hit Blocks": 0, "Shared Read Blocks": 24454, "Shared Dirtied Blocks": 0, "Shared Written Blocks": 0, "Local Hit Blocks": 0, "Local Read Blocks": 0, "Local Dirtied Blocks": 0, "Local Written Blocks": 0, "Temp Read Blocks": 0, "Temp Written Blocks": 0, "I/O Read Time": 121.086, "I/O Write Time": 0.0, "Plans": [{"Node Type": "Seq Scan", "Parent Relationship": "Outer", "Parallel Aware": false, "Relation Name": "movie_keyword", "Schema": "public", "Alias": "mk", "Startup Cost": 0.0, "Total Cost": 81003.12, "Plan Rows": 3947556, "Plan Width": 0, "Actual Startup Time": 0.239, "Actual Total Time": 939.349, "Actual Rows": 3957660, "Actual Loops": 1, "Output": ["id", "movie_id", "keyword_id"], "Filter": "(mk.keyword_id > 398)", "Rows Removed by Filter": 566270, "Shared Hit Blocks": 0, "Shared Read Blocks": 24454, "Shared Dirtied Blocks": 0, "Shared Written Blocks": 0, "Local Hit Blocks": 0, "Local Read Blocks": 0, "Local Dirtied Blocks": 0, "Local Written Blocks": 0, "Temp Read Blocks": 0, "Temp Written Blocks": 0, "I/O Read Time": 121.086, "I/O Write Time": 0.0}]}, "Planning": {"Shared Hit Blocks": 51, "Shared Read Blocks": 9, "Shared Dirtied Blocks": 0, "Shared Written Blocks": 0, "Local Hit Blocks": 0, "Local Read Blocks": 0, "Local Dirtied Blocks": 0, "Local Written Blocks": 0, "Temp Read Blocks": 0, "Temp Written Blocks": 0, "I/O Read Time": 0.575, "I/O Write Time": 0.0}, "Planning Time": 0.971, "Triggers": [], "Execution Time": 1332.556}, "template": "scale", "query": "EXPLAIN (ANALYZE, COSTS, BUFFERS, VERBOSE, FORMAT JSON) SELECT COUNT(*) FROM movie_keyword mk WHERE mk.keyword_id>398;"}
{"planinfo": {"Plan": {"Node Type": "Aggregate", "Strategy": "Plain", "Partial Mode": "Simple", "Parallel Aware": false, "Startup Cost": 305481.11, "Total Cost": 305481.12, "Plan Rows": 1, "Plan Width": 8, "Actual Startup Time": 64172.58, "Actual Total Time": 64172.584, "Actual Rows": 1, "Actual Loops": 1, "Output": ["count(*)"], "Shared Hit Blocks": 18185182, "Shared Read Blocks": 459811, "Shared Dirtied Blocks": 0, "Shared Written Blocks": 0, "Local Hit Blocks": 0, "Local Read Blocks": 0, "Local Dirtied Blocks": 0, "Local Written Blocks": 0, "Temp Read Blocks": 1310, "Temp Written Blocks": 1310, "I/O Read Time": 14932.85, "I/O Write Time": 0.0, "Plans": [{"Node Type": "Nested Loop", "Parent Relationship": "Outer", "Parallel Aware": false, "Join Type": "Inner", "Startup Cost": 76470.4, "Total Cost": 304807.54, "Plan Rows": 269425, "Plan Width": 0, "Actual Startup Time": 587.674, "Actual Total Time": 60127.977, "Actual Rows": 30826466, "Actual Loops": 1, "Inner Unique": false, "Join Filter": "(t.id = mi.movie_id)", "Rows Removed by Join Filter": 0, "Shared Hit Blocks": 18185182, "Shared Read Blocks": 459811, "Shared Dirtied Blocks": 0, "Shared Written Blocks": 0, "Local Hit Blocks": 0, "Local Read Blocks": 0, "Local Dirtied Blocks": 0, "Local Written Blocks": 0, "Temp Read Blocks": 1310, "Temp Written Blocks": 1310, "I/O Read Time": 14932.85, "I/O Write Time": 0.0, "Plans": [{"Node Type": "Nested Loop", "Parent Relationship": "Outer", "Parallel Aware": false, "Join Type": "Inner", "Startup Cost": 76469.97, "Total Cost": 187431.7, "Plan Rows": 71224, "Plan Width": 16, "Actual Startup Time": 587.373, "Actual Total Time": 18414.468, "Actual Rows": 747560, "Actual Loops": 1, "Output": ["t.id", "mc.movie_id", "ci.movie_id", "mi_idx.movie_id"], "Inner Unique": false, "Join Filter": "(t.id = ci.movie_id)", "Rows Removed by Join Filter": 0, "Shared Hit Blocks": 4491728, "Shared Read Blocks": 362807, "Shared Dirtied Blocks": 0, "Shared Written Blocks": 0, "Local Hit Blocks": 0, "Local Read Blocks": 0, "Local Dirtied Blocks": 0, "Local Written Blocks": 0, "Temp Read Blocks": 1310, "Temp Written Blocks": 1310, "I/O Read Time": 12574.718, "I/O Write Time": 0.0, "Plans": [{"Node Type": "Nested Loop", "Parent Relationship": "Outer", "Parallel Aware": false, "Join Type": "Inner", "Startup Cost": 76469.53, "Total Cost": 124873.15, "Plan Rows": 28865, "Plan Width": 12, "Actual Startup Time": 585.573, "Actual Total Time": 1425.395, "Actual Rows": 82002, "Actual Loops": 1, "Output": ["t.id", "mc.movie_id", "mi_idx.movie_id"], "Inner Unique": false, "Join Filter": "(t.id = mc.movie_id)", "Rows Removed by Join Filter": 0, "Shared Hit Blocks": 63022, "Shared Read Blocks": 57484, "Shared Dirtied Blocks": 0, "Shared Written Blocks": 0, "Local Hit Blocks": 0, "Local Read Blocks": 0, "Local Dirtied Blocks": 0, "Local Written Blocks": 0, "Temp Read Blocks": 1310, "Temp Written Blocks": 1310, "I/O Read Time": 171.933, "I/O Write Time": 0.0, "Plans": [{"Node Type": "Hash Join", "Parent Relationship": "Outer", "Parallel Aware": false, "Join Type": "Inner", "Startup Cost": 76469.1, "Total Cost": 107024.53, "Plan Rows": 27973, "Plan Width": 8, "Actual Startup Time": 585.441, "Actual Total Time": 1167.852, "Actual Rows": 25523, "Actual Loops": 1, "Output": ["t.id", "mi_idx.movie_id"], "Inner Unique": true, "Hash Cond": "(mi_idx.movie_id = t.id)", "Shared Hit Blocks": 3, "Shared Read Blocks": 43933, "Shared Dirtied Blocks": 0, "Shared Written Blocks": 0, "Local Hit Blocks": 0, "Local Read Blocks": 0, "Local Dirtied Blocks": 0, "Local Written Blocks": 0, "Temp Read Blocks": 1310, "Temp Written Blocks": 1310, "I/O Read Time": 106.953, "I/O Write Time": 0.0, "Plans": [{"Node Type": "Seq Scan", "Parent Relationship": "Outer", "Parallel Aware": false, "Relation Name": "movie_info_idx", "Schema": "public", "Alias": "mi_idx", "Startup Cost": 0.0, "Total Cost": 25185.44, "Plan Rows": 456378, "Plan Width": 4, "Actual Startup Time": 0.126, "Actual Total Time": 310.346, "Actual Rows": 459925, "Actual Loops": 1, "Output": ["mi_idx.movie_id"], "Filter": "(mi_idx.info_type_id < 100)", "Rows Removed by Filter": 920110, "Shared Hit Blocks": 0, "Shared Read Blocks": 7935, "Shared Dirtied Blocks": 0, "Shared Written Blocks": 0, "Local Hit Blocks": 0, "Local Read Blocks": 0, "Local Dirtied Blocks": 0, "Local Written Blocks": 0, "Temp Read Blocks": 0, "Temp Written Blocks": 0, "I/O Read Time": 41.727, "I/O Write Time": 0.0}, {"Node Type": "Hash", "Parent Relationship": "Inner", "Parallel Aware": false, "Startup Cost": 73925.8, "Total Cost": 73925.8, "Plan Rows": 154984, "Plan Width": 4, "Actual Startup Time": 584.441, "Actual Total Time": 584.442, "Actual Rows": 134760, "Actual Loops": 1, "Output": ["t.id"], "Hash Buckets": 131072, "Original Hash Buckets": 131072, "Hash Batches": 4, "Original Hash Batches": 4, "Peak Memory Usage": 2216, "Shared Hit Blocks": 0, "Shared Read Blocks": 35998, "Shared Dirtied Blocks": 0, "Shared Written Blocks": 0, "Local Hit Blocks": 0, "Local Read Blocks": 0, "Local Dirtied Blocks": 0, "Local Written Blocks": 0, "Temp Read Blocks": 0, "Temp Written Blocks": 295, "I/O Read Time": 65.226, "I/O Write Time": 0.0, "Plans": [{"Node Type": "Seq Scan", "Parent Relationship": "Outer", "Parallel Aware": false, "Relation Name": "title", "Schema": "public", "Alias": "t", "Startup Cost": 0.0, "Total Cost": 73925.8, "Plan Rows": 154984, "Plan Width": 4, "Actual Startup Time": 0.205, "Actual Total Time": 535.707, "Actual Rows": 134760, "Actual Loops": 1, "Output": ["t.id"], "Filter": "((t.kind_id < 7) AND (t.production_year > 2010))", "Rows Removed by Filter": 2393552, "Shared Hit Blocks": 0, "Shared Read Blocks": 35998, "Shared Dirtied Blocks": 0, "Shared Written Blocks": 0, "Local Hit Blocks": 0, "Local Read Blocks": 0, "Local Dirtied Blocks": 0, "Local Written Blocks": 0, "Temp Read Blocks": 0, "Temp Written Blocks": 0, "I/O Read Time": 65.226, "I/O Write Time": 0.0}]}]}, {"Node Type": "Index Only Scan", "Parent Relationship": "Inner", "Parallel Aware": false, "Scan Direction": "Forward", "Index Name": "movie_id_movie_companies", "Relation Name": "movie_companies", "Schema": "public", "Alias": "mc", "Startup Cost": 0.43, "Total Cost": 0.58, "Plan Rows": 5, "Plan Width": 4, "Actual Startup Time": 0.008, "Actual Total Time": 0.009, "Actual Rows": 3, "Actual Loops": 25523, "Output": ["mc.movie_id"], "Index Cond": "(mc.movie_id = mi_idx.movie_id)", "Rows Removed by Index Recheck": 0, "Heap Fetches": 0, "Shared Hit Blocks": 63019, "Shared Read Blocks": 13551, "Shared Dirtied Blocks": 0, "Shared Written Blocks": 0, "Local Hit Blocks": 0, "Local Read Blocks": 0, "Local Dirtied Blocks": 0, "Local Written Blocks": 0, "Temp Read Blocks": 0, "Temp Written Blocks": 0, "I/O Read Time": 64.98, "I/O Write Time": 0.0}]}, {"Node Type": "Index Scan", "Parent Relationship": "Inner", "Parallel Aware": false, "Scan Direction": "Forward", "Index Name": "movie_id_cast_info", "Relation Name": "cast_info", "Schema": "public", "Alias": "ci", "Startup Cost": 0.44, "Total Cost": 2.09, "Plan Rows": 6, "Plan Width": 4, "Actual Startup Time": 0.04, "Actual Total Time": 0.204, "Actual Rows": 9, "Actual Loops": 82002, "Output": ["ci.id", "ci.person_id", "ci.movie_id", "ci.person_role_id", "ci.note", "ci.nr_order", "ci.role_id"], "Index Cond": "(ci.movie_id = mc.movie_id)", "Rows Removed by Index Recheck": 0, "Filter": "(ci.person_id < 614751)", "Rows Removed by Filter": 48, "Shared Hit Blocks": 4428706, "Shared Read Blocks": 305323, "Shared Dirtied Blocks": 0, "Shared Written Blocks": 0, "Local Hit Blocks": 0, "Local Read Blocks": 0, "Local Dirtied Blocks": 0, "Local Written Blocks": 0, "Temp Read Blocks": 0, "Temp Written Blocks": 0, "I/O Read Time": 12402.785, "I/O Write Time": 0.0}]}, {"Node Type": "Index Scan", "Parent Relationship": "Inner", "Parallel Aware": false, "Scan Direction": "Forward", "Index Name": "movie_id_movie_info", "Relation Name": "movie_info", "Schema": "public", "Alias": "mi", "Startup Cost": 0.43, "Total Cost": 1.34, "Plan Rows": 25, "Plan Width": 4, "Actual Startup Time": 0.007, "Actual Total Time": 0.048, "Actual Rows": 41, "Actual Loops": 747560, "Output": ["mi.id", "mi.movie_id", "mi.info_type_id", "mi.info", "mi.note"], "Index Cond": "(mi.movie_id = ci.movie_id)", "Rows Removed by Index Recheck": 0, "Filter": "(mi.info_type_id < 16)", "Rows Removed by Filter": 59, "Shared Hit Blocks": 13693454, "Shared Read Blocks": 97004, "Shared Dirtied Blocks": 0, "Shared Written Blocks": 0, "Local Hit Blocks": 0, "Local Read Blocks": 0, "Local Dirtied Blocks": 0, "Local Written Blocks": 0, "Temp Read Blocks": 0, "Temp Written Blocks": 0, "I/O Read Time": 2358.132, "I/O Write Time": 0.0}]}]}, "Planning": {"Shared Hit Blocks": 486, "Shared Read Blocks": 66, "Shared Dirtied Blocks": 0, "Shared Written Blocks": 0, "Local Hit Blocks": 0, "Local Read Blocks": 0, "Local Dirtied Blocks": 0, "Local Written Blocks": 0, "Temp Read Blocks": 0, "Temp Written Blocks": 0, "I/O Read Time": 5.116, "I/O Write Time": 0.0}, "Planning Time": 9.622, "Triggers": [], "Execution Time": 64172.93}, "template": "scale", "query": "EXPLAIN (ANALYZE, COSTS, BUFFERS, VERBOSE, FORMAT JSON) SELECT COUNT(*) FROM title t,movie_companies mc,cast_info ci,movie_info mi,movie_info_idx mi_idx WHERE t.id=mc.movie_id AND t.id=ci.movie_id AND t.id=mi.movie_id AND t.id=mi_idx.movie_id AND t.kind_id<7 AND t.production_year>2010 AND ci.person_id<614751 AND mi.info_type_id<16 AND mi_idx.info_type_id<100;"}
{"planinfo": {"Plan": {"Node Type": "Aggregate", "Strategy": "Plain", "Partial Mode": "Simple", "Parallel Aware": false, "Startup Cost": 523284.27, "Total Cost": 523284.28, "Plan Rows": 1, "Plan Width": 8, "Actual Startup Time": 8509.476, "Actual Total Time": 8509.48, "Actual Rows": 1, "Actual Loops": 1, "Output": ["count(*)"], "Shared Hit Blocks": 3, "Shared Read Blocks": 197991, "Shared Dirtied Blocks": 0, "Shared Written Blocks": 0, "Local Hit Blocks": 0, "Local Read Blocks": 0, "Local Dirtied Blocks": 0, "Local Written Blocks": 0, "Temp Read Blocks": 23311, "Temp Written Blocks": 23311, "I/O Read Time": 365.247, "I/O Write Time": 0.0, "Plans": [{"Node Type": "Hash Join", "Parent Relationship": "Outer", "Parallel Aware": false, "Join Type": "Inner", "Startup Cost": 87284.44, "Total Cost": 514704.38, "Plan Rows": 3431954, "Plan Width": 0, "Actual Startup Time": 1007.592, "Actual Total Time": 8234.726, "Actual Rows": 2591194, "Actual Loops": 1, "Inner Unique": true, "Hash Cond": "(mi.movie_id = t.id)", "Shared Hit Blocks": 3, "Shared Read Blocks": 197991, "Shared Dirtied Blocks": 0, "Shared Written Blocks": 0, "Local Hit Blocks": 0, "Local Read Blocks": 0, "Local Dirtied Blocks": 0, "Local Written Blocks": 0, "Temp Read Blocks": 23311, "Temp Written Blocks": 23311, "I/O Read Time": 365.247, "I/O Write Time": 0.0, "Plans": [{"Node Type": "Seq Scan", "Parent Relationship": "Outer", "Parallel Aware": false, "Relation Name": "movie_info", "Schema": "public", "Alias": "mi", "Startup Cost": 0.0, "Total Cost": 347223.62, "Plan Rows": 7234394, "Plan Width": 4, "Actual Startup Time": 0.207, "Actual Total Time": 3328.328, "Actual Rows": 7286865, "Actual Loops": 1, "Output": ["mi.movie_id"], "Filter": "(mi.info_type_id < 8)", "Rows Removed by Filter": 7548855, "Shared Hit Blocks": 0, "Shared Read Blocks": 161993, "Shared Dirtied Blocks": 0, "Shared Written Blocks": 0, "Local Hit Blocks": 0, "Local Read Blocks": 0, "Local Dirtied Blocks": 0, "Local Written Blocks": 0, "Temp Read Blocks": 0, "Temp Written Blocks": 0, "I/O Read Time": 307.204, "I/O Write Time": 0.0}, {"Node Type": "Hash", "Parent Relationship": "Inner", "Parallel Aware": false, "Startup Cost": 67604.5, "Total Cost": 67604.5, "Plan Rows": 1199515, "Plan Width": 4, "Actual Startup Time": 1004.578, "Actual Total Time": 1004.579, "Actual Rows": 1192518, "Actual Loops": 1, "Output": ["t.id"], "Hash Buckets": 131072, "Original Hash Buckets": 131072, "Hash Batches": 16, "Original Hash Batches": 16, "Peak Memory Usage": 3646, "Shared Hit Blocks": 0, "Shared Read Blocks": 35998, "Shared Dirtied Blocks": 0, "Shared Written Blocks": 0, "Local Hit Blocks": 0, "Local Read Blocks": 0, "Local Dirtied Blocks": 0, "Local Written Blocks": 0, "Temp Read Blocks": 0, "Temp Written Blocks": 3268, "I/O Read Time": 58.043, "I/O Write Time": 0.0, "Plans": [{"Node Type": "Seq Scan", "Parent Relationship": "Outer", "Parallel Aware": false, "Relation Name": "title", "Schema": "public", "Alias": "t", "Startup Cost": 0.0, "Total Cost": 67604.5, "Plan Rows": 1199515, "Plan Width": 4, "Actual Startup Time": 0.136, "Actual Total Time": 628.338, "Actual Rows": 1192518, "Actual Loops": 1, "Output": ["t.id"], "Filter": "(t.production_year > 2003)", "Rows Removed by Filter": 1335794, "Shared Hit Blocks": 0, "Shared Read Blocks": 35998, "Shared Dirtied Blocks": 0, "Shared Written Blocks": 0, "Local Hit Blocks": 0, "Local Read Blocks": 0, "Local Dirtied Blocks": 0, "Local Written Blocks": 0, "Temp Read Blocks": 0, "Temp Written Blocks": 0, "I/O Read Time": 58.043, "I/O Write Time": 0.0}]}]}]}, "Planning": {"Shared Hit Blocks": 103, "Shared Read Blocks": 32, "Shared Dirtied Blocks": 0, "Shared Written Blocks": 0, "Local Hit Blocks": 0, "Local Read Blocks": 0, "Local Dirtied Blocks": 0, "Local Written Blocks": 0, "Temp Read Blocks": 0, "Temp Written Blocks": 0, "I/O Read Time": 2.307, "I/O Write Time": 0.0}, "Planning Time": 3.273, "Triggers": [], "Execution Time": 8509.684}, "template": "scale", "query": "EXPLAIN (ANALYZE, COSTS, BUFFERS, VERBOSE, FORMAT JSON) SELECT COUNT(*) FROM title t,movie_info mi WHERE t.id=mi.movie_id AND t.production_year>2003 AND mi.info_type_id<8;"}
{"planinfo": {"Plan": {"Node Type": "Aggregate", "Strategy": "Plain", "Partial Mode": "Simple", "Parallel Aware": false, "Startup Cost": 22183.27, "Total Cost": 22183.28, "Plan Rows": 1, "Plan Width": 8, "Actual Startup Time": 265.941, "Actual Total Time": 265.942, "Actual Rows": 1, "Actual Loops": 1, "Output": ["count(*)"], "Shared Hit Blocks": 0, "Shared Read Blocks": 924, "Shared Dirtied Blocks": 0, "Shared Written Blocks": 0, "Local Hit Blocks": 0, "Local Read Blocks": 0, "Local Dirtied Blocks": 0, "Local Written Blocks": 0, "Temp Read Blocks": 0, "Temp Written Blocks": 0, "I/O Read Time": 54.388, "I/O Write Time": 0.0, "Plans": [{"Node Type": "Index Only Scan", "Parent Relationship": "Outer", "Parallel Aware": false, "Scan Direction": "Forward", "Index Name": "company_id_movie_companies", "Relation Name": "movie_companies", "Schema": "public", "Alias": "mc", "Startup Cost": 0.43, "Total Cost": 20013.42, "Plan Rows": 867942, "Plan Width": 0, "Actual Startup Time": 0.298, "Actual Total Time": 180.779, "Actual Rows": 877826, "Actual Loops": 1, "Output": ["company_id"], "Index Cond": "(mc.company_id < 2609)", "Rows Removed by Index Recheck": 0, "Heap Fetches": 0, "Shared Hit Blocks": 0, "Shared Read Blocks": 924, "Shared Dirtied Blocks": 0, "Shared Written Blocks": 0, "Local Hit Blocks": 0, "Local Read Blocks": 0, "Local Dirtied Blocks": 0, "Local Written Blocks": 0, "Temp Read Blocks": 0, "Temp Written Blocks": 0, "I/O Read Time": 54.388, "I/O Write Time": 0.0}]}, "Planning": {"Shared Hit Blocks": 59, "Shared Read Blocks": 10, "Shared Dirtied Blocks": 0, "Shared Written Blocks": 0, "Local Hit Blocks": 0, "Local Read Blocks": 0, "Local Dirtied Blocks": 0, "Local Written Blocks": 0, "Temp Read Blocks": 0, "Temp Written Blocks": 0, "I/O Read Time": 0.753, "I/O Write Time": 0.0}, "Planning Time": 1.277, "Triggers": [], "Execution Time": 265.978}, "template": "scale", "query": "EXPLAIN (ANALYZE, COSTS, BUFFERS, VERBOSE, FORMAT JSON) SELECT COUNT(*) FROM movie_companies mc WHERE mc.company_id<2609;"}
{"planinfo": {"Plan": {"Node Type": "Aggregate", "Strategy": "Plain", "Partial Mode": "Simple", "Parallel Aware": false, "Startup Cost": 9.35, "Total Cost": 9.36, "Plan Rows": 1, "Plan Width": 8, "Actual Startup Time": 0.66, "Actual Total Time": 0.661, "Actual Rows": 1, "Actual Loops": 1, "Output": ["count(*)"], "Shared Hit Blocks": 0, "Shared Read Blocks": 4, "Shared Dirtied Blocks": 0, "Shared Written Blocks": 0, "Local Hit Blocks": 0, "Local Read Blocks": 0, "Local Dirtied Blocks": 0, "Local Written Blocks": 0, "Temp Read Blocks": 0, "Temp Written Blocks": 0, "I/O Read Time": 0.376, "I/O Write Time": 0.0, "Plans": [{"Node Type": "Index Only Scan", "Parent Relationship": "Outer", "Parallel Aware": false, "Scan Direction": "Forward", "Index Name": "keyword_id_movie_keyword", "Relation Name": "movie_keyword", "Schema": "public", "Alias": "mk", "Startup Cost": 0.43, "Total Cost": 8.74, "Plan Rows": 246, "Plan Width": 0, "Actual Startup Time": 0.437, "Actual Total Time": 0.557, "Actual Rows": 992, "Actual Loops": 1, "Output": ["keyword_id"], "Index Cond": "(mk.keyword_id = 1114)", "Rows Removed by Index Recheck": 0, "Heap Fetches": 0, "Shared Hit Blocks": 0, "Shared Read Blocks": 4, "Shared Dirtied Blocks": 0, "Shared Written Blocks": 0, "Local Hit Blocks": 0, "Local Read Blocks": 0, "Local Dirtied Blocks": 0, "Local Written Blocks": 0, "Temp Read Blocks": 0, "Temp Written Blocks": 0, "I/O Read Time": 0.376, "I/O Write Time": 0.0}]}, "Planning": {"Shared Hit Blocks": 49, "Shared Read Blocks": 9, "Shared Dirtied Blocks": 0, "Shared Written Blocks": 0, "Local Hit Blocks": 0, "Local Read Blocks": 0, "Local Dirtied Blocks": 0, "Local Written Blocks": 0, "Temp Read Blocks": 0, "Temp Written Blocks": 0, "I/O Read Time": 0.596, "I/O Write Time": 0.0}, "Planning Time": 0.998, "Triggers": [], "Execution Time": 0.689}, "template": "scale", "query": "EXPLAIN (ANALYZE, COSTS, BUFFERS, VERBOSE, FORMAT JSON) SELECT COUNT(*) FROM movie_keyword mk WHERE mk.keyword_id=1114;"}
{"planinfo": {"Plan": {"Node Type": "Aggregate", "Strategy": "Plain", "Partial Mode": "Simple", "Parallel Aware": false, "Startup Cost": 132264.51, "Total Cost": 132264.52, "Plan Rows": 1, "Plan Width": 8, "Actual Startup Time": 2047.542, "Actual Total Time": 2047.546, "Actual Rows": 1, "Actual Loops": 1, "Output": ["count(*)"], "Shared Hit Blocks": 3, "Shared Read Blocks": 43933, "Shared Dirtied Blocks": 0, "Shared Written Blocks": 0, "Local Hit Blocks": 0, "Local Read Blocks": 0, "Local Dirtied Blocks": 0, "Local Written Blocks": 0, "Temp Read Blocks": 5967, "Temp Written Blocks": 5967, "I/O Read Time": 99.418, "I/O Write Time": 0.0, "Plans": [{"Node Type": "Hash Join", "Parent Relationship": "Outer", "Parallel Aware": false, "Join Type": "Inner", "Startup Cost": 32673.16, "Total Cost": 131429.33, "Plan Rows": 334069, "Plan Width": 0, "Actual Startup Time": 437.182, "Actual Total Time": 2017.463, "Actual Rows": 250045, "Actual Loops": 1, "Inner Unique": false, "Hash Cond": "(t.id = mi_idx.movie_id)", "Shared Hit Blocks": 3, "Shared Read Blocks": 43933, "Shared Dirtied Blocks": 0, "Shared Written Blocks": 0, "Local Hit Blocks": 0, "Local Read Blocks": 0, "Local Dirtied Blocks": 0, "Local Written Blocks": 0, "Temp Read Blocks": 5967, "Temp Written Blocks": 5967, "I/O Read Time": 99.418, "I/O Write Time": 0.0, "Plans": [{"Node Type": "Seq Scan", "Parent Relationship": "Outer", "Parallel Aware": false, "Relation Name": "title", "Schema": "public", "Alias": "t", "Startup Cost": 0.0, "Total Cost": 67604.5, "Plan Rows": 1850877, "Plan Width": 4, "Actual Startup Time": 0.138, "Actual Total Time": 644.089, "Actual Rows": 1865487, "Actual Loops": 1, "Output": ["t.id"], "Filter": "(t.kind_id > 1)", "Rows Removed by Filter": 662825, "Shared Hit Blocks": 0, "Shared Read Blocks": 35998, "Shared Dirtied Blocks": 0, "Shared Written Blocks": 0, "Local Hit Blocks": 0, "Local Read Blocks": 0, "Local Dirtied Blocks": 0, "Local Written Blocks": 0, "Temp Read Blocks": 0, "Temp Written Blocks": 0, "I/O Read Time": 58.591, "I/O Write Time": 0.0}, {"Node Type": "Hash", "Parent Relationship": "Inner", "Parallel Aware": false, "Startup Cost": 25185.44, "Total Cost": 25185.44, "Plan Rows": 456378, "Plan Width": 4, "Actual Startup Time": 436.212, "Actual Total Time": 436.214, "Actual Rows": 459925, "Actual Loops": 1, "Output": ["mi_idx.movie_id"], "Hash Buckets": 131072, "Original Hash Buckets": 131072, "Hash Batches": 8, "Original Hash Batches": 8, "Peak Memory Usage": 3050, "Shared Hit Blocks": 0, "Shared Read Blocks": 7935, "Shared Dirtied Blocks": 0, "Shared Written Blocks": 0, "Local Hit Blocks": 0, "Local Read Blocks": 0, "Local Dirtied Blocks": 0, "Local Written Blocks": 0, "Temp Read Blocks": 0, "Temp Written Blocks": 1175, "I/O Read Time": 40.827, "I/O Write Time": 0.0, "Plans": [{"Node Type": "Seq Scan", "Parent Relationship": "Outer", "Parallel Aware": false, "Relation Name": "movie_info_idx", "Schema": "public", "Alias": "mi_idx", "Startup Cost": 0.0, "Total Cost": 25185.44, "Plan Rows": 456378, "Plan Width": 4, "Actual Startup Time": 0.135, "Actual Total Time": 296.725, "Actual Rows": 459925, "Actual Loops": 1, "Output": ["mi_idx.movie_id"], "Filter": "(mi_idx.info_type_id < 100)", "Rows Removed by Filter": 920110, "Shared Hit Blocks": 0, "Shared Read Blocks": 7935, "Shared Dirtied Blocks": 0, "Shared Written Blocks": 0, "Local Hit Blocks": 0, "Local Read Blocks": 0, "Local Dirtied Blocks": 0, "Local Written Blocks": 0, "Temp Read Blocks": 0, "Temp Written Blocks": 0, "I/O Read Time": 40.827, "I/O Write Time": 0.0}]}]}]}, "Planning": {"Shared Hit Blocks": 109, "Shared Read Blocks": 25, "Shared Dirtied Blocks": 0, "Shared Written Blocks": 0, "Local Hit Blocks": 0, "Local Read Blocks": 0, "Local Dirtied Blocks": 0, "Local Written Blocks": 0, "Temp Read Blocks": 0, "Temp Written Blocks": 0, "I/O Read Time": 1.85, "I/O Write Time": 0.0}, "Planning Time": 2.844, "Triggers": [], "Execution Time": 2047.743}, "template": "scale", "query": "EXPLAIN (ANALYZE, COSTS, BUFFERS, VERBOSE, FORMAT JSON) SELECT COUNT(*) FROM title t,movie_info_idx mi_idx WHERE t.id=mi_idx.movie_id AND t.kind_id>1 AND mi_idx.info_type_id<100;"}
{"planinfo": {"Plan": {"Node Type": "Aggregate", "Strategy": "Plain", "Partial Mode": "Simple", "Parallel Aware": false, "Startup Cost": 203657.32, "Total Cost": 203657.33, "Plan Rows": 1, "Plan Width": 8, "Actual Startup Time": 2124.363, "Actual Total Time": 2124.364, "Actual Rows": 1, "Actual Loops": 1, "Output": ["count(*)"], "Shared Hit Blocks": 9, "Shared Read Blocks": 6885, "Shared Dirtied Blocks": 0, "Shared Written Blocks": 0, "Local Hit Blocks": 0, "Local Read Blocks": 0, "Local Dirtied Blocks": 0, "Local Written Blocks": 0, "Temp Read Blocks": 0, "Temp Written Blocks": 0, "I/O Read Time": 38.102, "I/O Write Time": 0.0, "Plans": [{"Node Type": "Index Only Scan", "Parent Relationship": "Outer", "Parallel Aware": false, "Scan Direction": "Forward", "Index Name": "info_type_id_movie_info", "Relation Name": "movie_info", "Schema": "public", "Alias": "mi", "Startup Cost": 0.43, "Total Cost": 181680.21, "Plan Rows": 8790844, "Plan Width": 0, "Actual Startup Time": 0.028, "Actual Total Time": 1254.527, "Actual Rows": 8786582, "Actual Loops": 1, "Output": ["info_type_id"], "Index Cond": "(mi.info_type_id < 13)", "Rows Removed by Index Recheck": 0, "Heap Fetches": 0, "Shared Hit Blocks": 9, "Shared Read Blocks": 6885, "Shared Dirtied Blocks": 0, "Shared Written Blocks": 0, "Local Hit Blocks": 0, "Local Read Blocks": 0, "Local Dirtied Blocks": 0, "Local Written Blocks": 0, "Temp Read Blocks": 0, "Temp Written Blocks": 0, "I/O Read Time": 38.102, "I/O Write Time": 0.0}]}, "Planning": {"Shared Hit Blocks": 46, "Shared Read Blocks": 15, "Shared Dirtied Blocks": 0, "Shared Written Blocks": 0, "Local Hit Blocks": 0, "Local Read Blocks": 0, "Local Dirtied Blocks": 0, "Local Written Blocks": 0, "Temp Read Blocks": 0, "Temp Written Blocks": 0, "I/O Read Time": 0.967, "I/O Write Time": 0.0}, "Planning Time": 1.523, "Triggers": [], "Execution Time": 2124.421}, "template": "scale", "query": "EXPLAIN (ANALYZE, COSTS, BUFFERS, VERBOSE, FORMAT JSON) SELECT COUNT(*) FROM movie_info mi WHERE mi.info_type_id<13;"}
{"planinfo": {"Plan": {"Node Type": "Aggregate", "Strategy": "Plain", "Partial Mode": "Simple", "Parallel Aware": false, "Startup Cost": 151750.34, "Total Cost": 151750.35, "Plan Rows": 1, "Plan Width": 8, "Actual Startup Time": 1538.865, "Actual Total Time": 1538.868, "Actual Rows": 1, "Actual Loops": 1, "Output": ["count(*)"], "Shared Hit Blocks": 124915, "Shared Read Blocks": 54760, "Shared Dirtied Blocks": 0, "Shared Written Blocks": 0, "Local Hit Blocks": 0, "Local Read Blocks": 0, "Local Dirtied Blocks": 0, "Local Written Blocks": 0, "Temp Read Blocks": 0, "Temp Written Blocks": 0, "I/O Read Time": 310.962, "I/O Write Time": 0.0, "Plans": [{"Node Type": "Nested Loop", "Parent Relationship": "Outer", "Parallel Aware": false, "Join Type": "Inner", "Startup Cost": 74639.07, "Total Cost": 151697.03, "Plan Rows": 21324, "Plan Width": 0, "Actual Startup Time": 553.535, "Actual Total Time": 1524.598, "Actual Rows": 102118, "Actual Loops": 1, "Inner Unique": false, "Join Filter": "(t.id = mk.movie_id)", "Rows Removed by Join Filter": 0, "Shared Hit Blocks": 124915, "Shared Read Blocks": 54760, "Shared Dirtied Blocks": 0, "Shared Written Blocks": 0, "Local Hit Blocks": 0, "Local Read Blocks": 0, "Local Dirtied Blocks": 0, "Local Written Blocks": 0, "Temp Read Blocks": 0, "Temp Written Blocks": 0, "I/O Read Time": 310.962, "I/O Write Time": 0.0, "Plans": [{"Node Type": "Hash Join", "Parent Relationship": "Outer", "Parallel Aware": false, "Join Type": "Inner", "Startup Cost": 74638.64, "Total Cost": 99996.59, "Plan Rows": 31125, "Plan Width": 8, "Actual Startup Time": 553.365, "Actual Total Time": 1035.741, "Actual Rows": 39380, "Actual Loops": 1, "Output": ["t.id", "mi_idx.movie_id"], "Inner Unique": true, "Hash Cond": "(mi_idx.movie_id = t.id)", "Shared Hit Blocks": 3, "Shared Read Blocks": 43933, "Shared Dirtied Blocks": 0, "Shared Written Blocks": 0, "Local Hit Blocks": 0, "Local Read Blocks": 0, "Local Dirtied Blocks": 0, "Local Written Blocks": 0, "Temp Read Blocks": 0, "Temp Written Blocks": 0, "I/O Read Time": 108.632, "I/O Write Time": 0.0, "Plans": [{"Node Type": "Seq Scan", "Parent Relationship": "Outer", "Parallel Aware": false, "Relation Name": "movie_info_idx", "Schema": "public", "Alias": "mi_idx", "Startup Cost": 0.0, "Total Cost": 21735.35, "Plan Rows": 1380035, "Plan Width": 4, "Actual Startup Time": 0.133, "Actual Total Time": 188.536, "Actual Rows": 1380035, "Actual Loops": 1, "Output": ["mi_idx.id", "mi_idx.movie_id", "mi_idx.info_type_id", "mi_idx.info", "mi_idx.note"], "Shared Hit Blocks": 0, "Shared Read Blocks": 7935, "Shared Dirtied Blocks": 0, "Shared Written Blocks": 0, "Local Hit Blocks": 0, "Local Read Blocks": 0, "Local Dirtied Blocks": 0, "Local Written Blocks": 0, "Temp Read Blocks": 0, "Temp Written Blocks": 0, "I/O Read Time": 41.633, "I/O Write Time": 0.0}, {"Node Type": "Hash", "Parent Relationship": "Inner", "Parallel Aware": false, "Startup Cost": 73925.8, "Total Cost": 73925.8, "Plan Rows": 57027, "Plan Width": 4, "Actual Startup Time": 553.012, "Actual Total Time": 553.013, "Actual Rows": 49075, "Actual Loops": 1, "Output": ["t.id"], "Hash Buckets": 65536, "Original Hash Buckets": 65536, "Hash Batches": 1, "Original Hash Batches": 1, "Peak Memory Usage": 2238, "Shared Hit Blocks": 0, "Shared Read Blocks": 35998, "Shared Dirtied Blocks": 0, "Shared Written Blocks": 0, "Local Hit Blocks": 0, "Local Read Blocks": 0, "Local Dirtied Blocks": 0, "Local Written Blocks": 0, "Temp Read Blocks": 0, "Temp Written Blocks": 0, "I/O Read Time": 66.999, "I/O Write Time": 0.0, "Plans": [{"Node Type": "Seq Scan", "Parent Relationship": "Outer", "Parallel Aware": false, "Relation Name": "title", "Schema": "public", "Alias": "t", "Startup Cost": 0.0, "Total Cost": 73925.8, "Plan Rows": 57027, "Plan Width": 4, "Actual Startup Time": 0.304, "Actual Total Time": 535.519, "Actual Rows": 49075, "Actual Loops": 1, "Output": ["t.id"], "Filter": "((t.kind_id < 7) AND (t.production_year = 2010))", "Rows Removed by Filter": 2479237, "Shared Hit Blocks": 0, "Shared Read Blocks": 35998, "Shared Dirtied Blocks": 0, "Shared Written Blocks": 0, "Local Hit Blocks": 0, "Local Read Blocks": 0, "Local Dirtied Blocks": 0, "Local Written Blocks": 0, "Temp Read Blocks": 0, "Temp Written Blocks": 0, "I/O Read Time": 66.999, "I/O Write Time": 0.0}]}]}, {"Node Type": "Index Scan", "Parent Relationship": "Inner", "Parallel Aware": false, "Scan Direction": "Forward", "Index Name": "movie_id_movie_keyword", "Relation Name": "movie_keyword", "Schema": "public", "Alias": "mk", "Startup Cost": 0.43, "Total Cost": 1.45, "Plan Rows": 17, "Plan Width": 4, "Actual Startup Time": 0.009, "Actual Total Time": 0.011, "Actual Rows": 3, "Actual Loops": 39380, "Output": ["mk.id", "mk.movie_id", "mk.keyword_id"], "Index Cond": "(mk.movie_id = mi_idx.movie_id)", "Rows Removed by Index Recheck": 0, "Filter": "(mk.keyword_id < 2849)", "Rows Removed by Filter": 5, "Shared Hit Blocks": 124912, "Shared Read Blocks": 10827, "Shared Dirtied Blocks": 0, "Shared Written Blocks": 0, "Local Hit Blocks": 0, "Local Read Blocks": 0, "Local Dirtied Blocks": 0, "Local Written Blocks": 0, "Temp Read Blocks": 0, "Temp Written Blocks": 0, "I/O Read Time": 202.33, "I/O Write Time": 0.0}]}]}, "Planning": {"Shared Hit Blocks": 188, "Shared Read Blocks": 37, "Shared Dirtied Blocks": 0, "Shared Written Blocks": 0, "Local Hit Blocks": 0, "Local Read Blocks": 0, "Local Dirtied Blocks": 0, "Local Written Blocks": 0, "Temp Read Blocks": 0, "Temp Written Blocks": 0, "I/O Read Time": 2.799, "I/O Write Time": 0.0}, "Planning Time": 4.511, "Triggers": [], "Execution Time": 1539.147}, "template": "scale", "query": "EXPLAIN (ANALYZE, COSTS, BUFFERS, VERBOSE, FORMAT JSON) SELECT COUNT(*) FROM title t,movie_info_idx mi_idx,movie_keyword mk WHERE t.id=mi_idx.movie_id AND t.id=mk.movie_id AND t.kind_id<7 AND t.production_year=2010 AND mk.keyword_id<2849;"}
{"planinfo": {"Plan": {"Node Type": "Aggregate", "Strategy": "Plain", "Partial Mode": "Simple", "Parallel Aware": false, "Startup Cost": 1042.61, "Total Cost": 1042.62, "Plan Rows": 1, "Plan Width": 8, "Actual Startup Time": 1.22, "Actual Total Time": 1.221, "Actual Rows": 1, "Actual Loops": 1, "Output": ["count(*)"], "Shared Hit Blocks": 0, "Shared Read Blocks": 10, "Shared Dirtied Blocks": 0, "Shared Written Blocks": 0, "Local Hit Blocks": 0, "Local Read Blocks": 0, "Local Dirtied Blocks": 0, "Local Written Blocks": 0, "Temp Read Blocks": 0, "Temp Written Blocks": 0, "I/O Read Time": 1.12, "I/O Write Time": 0.0, "Plans": [{"Node Type": "Index Scan", "Parent Relationship": "Outer", "Parallel Aware": false, "Scan Direction": "Forward", "Index Name": "person_id_cast_info", "Relation Name": "cast_info", "Schema": "public", "Alias": "ci", "Startup Cost": 0.44, "Total Cost": 1042.05, "Plan Rows": 223, "Plan Width": 0, "Actual Startup Time": 0.627, "Actual Total Time": 1.203, "Actual Rows": 127, "Actual Loops": 1, "Output": ["id", "person_id", "movie_id", "person_role_id", "note", "nr_order", "role_id"], "Index Cond": "(ci.person_id = 983649)", "Rows Removed by Index Recheck": 0, "Filter": "(ci.role_id > 2)", "Rows Removed by Filter": 6, "Shared Hit Blocks": 0, "Shared Read Blocks": 10, "Shared Dirtied Blocks": 0, "Shared Written Blocks": 0, "Local Hit Blocks": 0, "Local Read Blocks": 0, "Local Dirtied Blocks": 0, "Local Written Blocks": 0, "Temp Read Blocks": 0, "Temp Written Blocks": 0, "I/O Read Time": 1.12, "I/O Write Time": 0.0}]}, "Planning": {"Shared Hit Blocks": 75, "Shared Read Blocks": 14, "Shared Dirtied Blocks": 0, "Shared Written Blocks": 0, "Local Hit Blocks": 0, "Local Read Blocks": 0, "Local Dirtied Blocks": 0, "Local Written Blocks": 0, "Temp Read Blocks": 0, "Temp Written Blocks": 0, "I/O Read Time": 0.993, "I/O Write Time": 0.0}, "Planning Time": 1.647, "Triggers": [], "Execution Time": 1.254}, "template": "scale", "query": "EXPLAIN (ANALYZE, COSTS, BUFFERS, VERBOSE, FORMAT JSON) SELECT COUNT(*) FROM cast_info ci WHERE ci.person_id=983649 AND ci.role_id>2;"}
{"planinfo": {"Plan": {"Node Type": "Aggregate", "Strategy": "Plain", "Partial Mode": "Simple", "Parallel Aware": false, "Startup Cost": 533984.31, "Total Cost": 533984.32, "Plan Rows": 1, "Plan Width": 8, "Actual Startup Time": 8530.767, "Actual Total Time": 8530.769, "Actual Rows": 1, "Actual Loops": 1, "Output": ["count(*)"], "Shared Hit Blocks": 4486773, "Shared Read Blocks": 47238, "Shared Dirtied Blocks": 0, "Shared Written Blocks": 0, "Local Hit Blocks": 0, "Local Read Blocks": 0, "Local Dirtied Blocks": 0, "Local Written Blocks": 0, "Temp Read Blocks": 0, "Temp Written Blocks": 0, "I/O Read Time": 401.419, "I/O Write Time": 0.0, "Plans": [{"Node Type": "Merge Join", "Parent Relationship": "Outer", "Parallel Aware": false, "Join Type": "Inner", "Startup Cost": 32.66, "Total Cost": 527233.08, "Plan Rows": 2700494, "Plan Width": 0, "Actual Startup Time": 0.301, "Actual Total Time": 7749.069, "Actual Rows": 6930334, "Actual Loops": 1, "Inner Unique": false, "Merge Cond": "(t.id = mi.movie_id)", "Shared Hit Blocks": 4486773, "Shared Read Blocks": 47238, "Shared Dirtied Blocks": 0, "Shared Written Blocks": 0, "Local Hit Blocks": 0, "Local Read Blocks": 0, "Local Dirtied Blocks": 0, "Local Written Blocks": 0, "Temp Read Blocks": 0, "Temp Written Blocks": 0, "I/O Read Time": 401.419, "I/O Write Time": 0.0, "Plans": [{"Node Type": "Merge Join", "Parent Relationship": "Outer", "Parallel Aware": false, "Join Type": "Inner", "Startup Cost": 9.94, "Total Cost": 136174.52, "Plan Rows": 460794, "Plan Width": 8, "Actual Startup Time": 0.166, "Actual Total Time": 1652.546, "Actual Rows": 459925, "Actual Loops": 1, "Output": ["t.id", "mi_idx.movie_id"], "Inner Unique": false, "Merge Cond": "(t.id = mi_idx.movie_id)", "Shared Hit Blocks": 36376, "Shared Read Blocks": 21407, "Shared Dirtied Blocks": 0, "Shared Written Blocks": 0, "Local Hit Blocks": 0, "Local Read Blocks": 0, "Local Dirtied Blocks": 0, "Local Written Blocks": 0, "Temp Read Blocks": 0, "Temp Written Blocks": 0, "I/O Read Time": 228.054, "I/O Write Time": 0.0, "Plans": [{"Node Type": "Index Only Scan", "Parent Relationship": "Outer", "Parallel Aware": false, "Scan Direction": "Forward", "Index Name": "title_pkey", "Relation Name": "title", "Schema": "public", "Alias": "t", "Startup Cost": 0.43, "Total Cost": 73940.23, "Plan Rows": 2528520, "Plan Width": 4, "Actual Startup Time": 0.014, "Actual Total Time": 556.078, "Actual Rows": 2525794, "Actual Loops": 1, "Output": ["t.id"], "Heap Fetches": 0, "Shared Hit Blocks": 23441, "Shared Read Blocks": 8963, "Shared Dirtied Blocks": 0, "Shared Written Blocks": 0, "Local Hit Blocks": 0, "Local Read Blocks": 0, "Local Dirtied Blocks": 0, "Local Written Blocks": 0, "Temp Read Blocks": 0, "Temp Written Blocks": 0, "I/O Read Time": 158.482, "I/O Write Time": 0.0}, {"Node Type": "Index Scan", "Parent Relationship": "Inner", "Parallel Aware": false, "Scan Direction": "Forward", "Index Name": "movie_id_movie_info_idx", "Relation Name": "movie_info_idx", "Schema": "public", "Alias": "mi_idx", "Startup Cost": 0.43, "Total Cost": 50235.25, "Plan Rows": 460794, "Plan Width": 4, "Actual Startup Time": 0.148, "Actual Total Time": 623.885, "Actual Rows": 459925, "Actual Loops": 1, "Output": ["mi_idx.id", "mi_idx.movie_id", "mi_idx.info_type_id", "mi_idx.info", "mi_idx.note"], "Filter": "(mi_idx.info_type_id = 101)", "Rows Removed by Filter": 920110, "Shared Hit Blocks": 12935, "Shared Read Blocks": 12444, "Shared Dirtied Blocks": 0, "Shared Written Blocks": 0, "Local Hit Blocks": 0, "Local Read Blocks": 0, "Local Dirtied Blocks": 0, "Local Written Blocks": 0, "Temp Read Blocks": 0, "Temp Written Blocks": 0, "I/O Read Time": 69.572, "I/O Write Time": 0.0}]}, {"Node Type": "Index Only Scan", "Parent Relationship": "Inner", "Parallel Aware": false, "Scan Direction": "Forward", "Index Name": "movie_id_movie_info", "Relation Name": "movie_info", "Schema": "public", "Alias": "mi", "Startup Cost": 0.43, "Total Cost": 325993.18, "Plan Rows": 14818450, "Plan Width": 4, "Actual Startup Time": 0.024, "Actual Total Time": 3888.492, "Actual Rows": 14834661, "Actual Loops": 1, "Output": ["mi.movie_id"], "Heap Fetches": 0, "Shared Hit Blocks": 4450397, "Shared Read Blocks": 25831, "Shared Dirtied Blocks": 0, "Shared Written Blocks": 0, "Local Hit Blocks": 0, "Local Read Blocks": 0, "Local Dirtied Blocks": 0, "Local Written Blocks": 0, "Temp Read Blocks": 0, "Temp Written Blocks": 0, "I/O Read Time": 173.365, "I/O Write Time": 0.0}]}]}, "Planning": {"Shared Hit Blocks": 182, "Shared Read Blocks": 38, "Shared Dirtied Blocks": 0, "Shared Written Blocks": 0, "Local Hit Blocks": 0, "Local Read Blocks": 0, "Local Dirtied Blocks": 0, "Local Written Blocks": 0, "Temp Read Blocks": 0, "Temp Written Blocks": 0, "I/O Read Time": 3.001, "I/O Write Time": 0.0}, "Planning Time": 4.692, "Triggers": [], "Execution Time": 8530.891}, "template": "scale", "query": "EXPLAIN (ANALYZE, COSTS, BUFFERS, VERBOSE, FORMAT JSON) SELECT COUNT(*) FROM title t,movie_info mi,movie_info_idx mi_idx WHERE t.id=mi.movie_id AND t.id=mi_idx.movie_id AND mi_idx.info_type_id=101;"}
{"planinfo": {"Plan": {"Node Type": "Aggregate", "Strategy": "Plain", "Partial Mode": "Simple", "Parallel Aware": false, "Startup Cost": 431220.54, "Total Cost": 431220.55, "Plan Rows": 1, "Plan Width": 8, "Actual Startup Time": 3999.035, "Actual Total Time": 3999.039, "Actual Rows": 1, "Actual Loops": 1, "Output": ["count(*)"], "Shared Hit Blocks": 3, "Shared Read Blocks": 197991, "Shared Dirtied Blocks": 0, "Shared Written Blocks": 0, "Local Hit Blocks": 0, "Local Read Blocks": 0, "Local Dirtied Blocks": 0, "Local Written Blocks": 0, "Temp Read Blocks": 0, "Temp Written Blocks": 0, "I/O Read Time": 351.295, "I/O Write Time": 0.0, "Plans": [{"Node Type": "Hash Join", "Parent Relationship": "Outer", "Parallel Aware": false, "Join Type": "Inner", "Startup Cost": 74406.36, "Total Cost": 431083.64, "Plan Rows": 54757, "Plan Width": 0, "Actual Startup Time": 916.844, "Actual Total Time": 3981.348, "Actual Rows": 140436, "Actual Loops": 1, "Inner Unique": true, "Hash Cond": "(mi.movie_id = t.id)", "Shared Hit Blocks": 3, "Shared Read Blocks": 197991, "Shared Dirtied Blocks": 0, "Shared Written Blocks": 0, "Local Hit Blocks": 0, "Local Read Blocks": 0, "Local Dirtied Blocks": 0, "Local Written Blocks": 0, "Temp Read Blocks": 0, "Temp Written Blocks": 0, "I/O Read Time": 351.295, "I/O Write Time": 0.0, "Plans": [{"Node Type": "Seq Scan", "Parent Relationship": "Outer", "Parallel Aware": false, "Relation Name": "movie_info", "Schema": "public", "Alias": "mi", "Startup Cost": 0.0, "Total Cost": 347223.62, "Plan Rows": 3601389, "Plan Width": 4, "Actual Startup Time": 287.976, "Actual Total Time": 2803.893, "Actual Rows": 3624977, "Actual Loops": 1, "Output": ["mi.id", "mi.movie_id", "mi.info_type_id", "mi.info", "mi.note"], "Filter": "(mi.info_type_id < 4)", "Rows Removed by Filter": 11210743, "Shared Hit Blocks": 0, "Shared Read Blocks": 161993, "Shared Dirtied Blocks": 0, "Shared Written Blocks": 0, "Local Hit Blocks": 0, "Local Read Blocks": 0, "Local Dirtied Blocks": 0, "Local Written Blocks": 0, "Temp Read Blocks": 0, "Temp Written Blocks": 0, "I/O Read Time": 284.038, "I/O Write Time": 0.0}, {"Node Type": "Hash", "Parent Relationship": "Inner", "Parallel Aware": false, "Startup Cost": 73925.8, "Total Cost": 73925.8, "Plan Rows": 38445, "Plan Width": 4, "Actual Startup Time": 547.242, "Actual Total Time": 547.243, "Actual Rows": 33190, "Actual Loops": 1, "Output": ["t.id"], "Hash Buckets": 65536, "Original Hash Buckets": 65536, "Hash Batches": 1, "Original Hash Batches": 1, "Peak Memory Usage": 1679, "Shared Hit Blocks": 0, "Shared Read Blocks": 35998, "Shared Dirtied Blocks": 0, "Shared Written Blocks": 0, "Local Hit Blocks": 0, "Local Read Blocks": 0, "Local Dirtied Blocks": 0, "Local Written Blocks": 0, "Temp Read Blocks": 0, "Temp Written Blocks": 0, "I/O Read Time": 67.258, "I/O Write Time": 0.0, "Plans": [{"Node Type": "Seq Scan", "Parent Relationship": "Outer", "Parallel Aware": false, "Relation Name": "title", "Schema": "public", "Alias": "t", "Startup Cost": 0.0, "Total Cost": 73925.8, "Plan Rows": 38445, "Plan Width": 4, "Actual Startup Time": 303.503, "Actual Total Time": 535.426, "Actual Rows": 33190, "Actual Loops": 1, "Output": ["t.id"], "Filter": "((t.kind_id = 1) AND (t.production_year = 2010))", "Rows Removed by Filter": 2495122, "Shared Hit Blocks": 0, "Shared Read Blocks": 35998, "Shared Dirtied Blocks": 0, "Shared Written Blocks": 0, "Local Hit Blocks": 0, "Local Read Blocks": 0, "Local Dirtied Blocks": 0, "Local Written Blocks": 0, "Temp Read Blocks": 0, "Temp Written Blocks": 0, "I/O Read Time": 67.258, "I/O Write Time": 0.0}]}]}]}, "Planning": {"Shared Hit Blocks": 105, "Shared Read Blocks": 33, "Shared Dirtied Blocks": 0, "Shared Written Blocks": 0, "Local Hit Blocks": 0, "Local Read Blocks": 0, "Local Dirtied Blocks": 0, "Local Written Blocks": 0, "Temp Read Blocks": 0, "Temp Written Blocks": 0, "I/O Read Time": 2.122, "I/O Write Time": 0.0}, "Planning Time": 3.095, "Triggers": [], "Execution Time": 3999.247}, "template": "scale", "query": "EXPLAIN (ANALYZE, COSTS, BUFFERS, VERBOSE, FORMAT JSON) SELECT COUNT(*) FROM title t,movie_info mi WHERE t.id=mi.movie_id AND t.kind_id=1 AND t.production_year=2010 AND mi.info_type_id<4;"}
{"planinfo": {"Plan": {"Node Type": "Aggregate", "Strategy": "Plain", "Partial Mode": "Simple", "Parallel Aware": false, "Startup Cost": 194878.91, "Total Cost": 194878.92, "Plan Rows": 1, "Plan Width": 8, "Actual Startup Time": 2557.799, "Actual Total Time": 2557.803, "Actual Rows": 1, "Actual Loops": 1, "Output": ["count(*)"], "Shared Hit Blocks": 3, "Shared Read Blocks": 68387, "Shared Dirtied Blocks": 0, "Shared Written Blocks": 0, "Local Hit Blocks": 0, "Local Read Blocks": 0, "Local Dirtied Blocks": 0, "Local Written Blocks": 0, "Temp Read Blocks": 2200, "Temp Written Blocks": 2200, "I/O Read Time": 227.382, "I/O Write Time": 0.0, "Plans": [{"Node Type": "Hash Join", "Parent Relationship": "Outer", "Parallel Aware": false, "Join Type": "Inner", "Startup Cost": 107032.7, "Total Cost": 194769.21, "Plan Rows": 43883, "Plan Width": 0, "Actual Startup Time": 1374.523, "Actual Total Time": 2539.765, "Actual Rows": 159774, "Actual Loops": 1, "Inner Unique": false, "Hash Cond": "(mk.movie_id = t.id)", "Shared Hit Blocks": 3, "Shared Read Blocks": 68387, "Shared Dirtied Blocks": 0, "Shared Written Blocks": 0, "Local Hit Blocks": 0, "Local Read Blocks": 0, "Local Dirtied Blocks": 0, "Local Written Blocks": 0, "Temp Read Blocks": 2200, "Temp Written Blocks": 2200, "I/O Read Time": 227.382, "I/O Write Time": 0.0, "Plans": [{"Node Type": "Seq Scan", "Parent Relationship": "Outer", "Parallel Aware": false, "Relation Name": "movie_keyword", "Schema": "public", "Alias": "mk", "Startup Cost": 0.0, "Total Cost": 81003.12, "Plan Rows": 1678546, "Plan Width": 4, "Actual Startup Time": 4.637, "Actual Total Time": 881.959, "Actual Rows": 1687794, "Actual Loops": 1, "Output": ["mk.id", "mk.movie_id", "mk.keyword_id"], "Filter": "(mk.keyword_id > 8583)", "Rows Removed by Filter": 2836136, "Shared Hit Blocks": 0, "Shared Read Blocks": 24454, "Shared Dirtied Blocks": 0, "Shared Written Blocks": 0, "Local Hit Blocks": 0, "Local Read Blocks": 0, "Local Dirtied Blocks": 0, "Local Written Blocks": 0, "Temp Read Blocks": 0, "Temp Written Blocks": 0, "I/O Read Time": 120.227, "I/O Write Time": 0.0}, {"Node Type": "Hash", "Parent Relationship": "Inner", "Parallel Aware": false, "Startup Cost": 106206.4, "Total Cost": 106206.4, "Plan Rows": 66104, "Plan Width": 8, "Actual Startup Time": 1368.158, "Actual Total Time": 1368.162, "Actual Rows": 58600, "Actual Loops": 1, "Output": ["t.id", "mi_idx.movie_id"], "Hash Buckets": 131072, "Original Hash Buckets": 131072, "Hash Batches": 1, "Original Hash Batches": 1, "Peak Memory Usage": 3314, "Shared Hit Blocks": 0, "Shared Read Blocks": 43933, "Shared Dirtied Blocks": 0, "Shared Written Blocks": 0, "Local Hit Blocks": 0, "Local Read Blocks": 0, "Local Dirtied Blocks": 0, "Local Written Blocks": 0, "Temp Read Blocks": 2200, "Temp Written Blocks": 2200, "I/O Read Time": 107.155, "I/O Write Time": 0.0, "Plans": [{"Node Type": "Hash Join", "Parent Relationship": "Outer", "Parallel Aware": false, "Join Type": "Inner", "Startup Cost": 69592.45, "Total Cost": 106206.4, "Plan Rows": 66104, "Plan Width": 8, "Actual Startup Time": 597.359, "Actual Total Time": 1346.989, "Actual Rows": 58600, "Actual Loops": 1, "Output": ["t.id", "mi_idx.movie_id"], "Inner Unique": true, "Hash Cond": "(mi_idx.movie_id = t.id)", "Shared Hit Blocks": 0, "Shared Read Blocks": 43933, "Shared Dirtied Blocks": 0, "Shared Written Blocks": 0, "Local Hit Blocks": 0, "Local Read Blocks": 0, "Local Dirtied Blocks": 0, "Local Written Blocks": 0, "Temp Read Blocks": 2200, "Temp Written Blocks": 2200, "I/O Read Time": 107.155, "I/O Write Time": 0.0, "Plans": [{"Node Type": "Seq Scan", "Parent Relationship": "Outer", "Parallel Aware": false, "Relation Name": "movie_info_idx", "Schema": "public", "Alias": "mi_idx", "Startup Cost": 0.0, "Total Cost": 21735.35, "Plan Rows": 1380035, "Plan Width": 4, "Actual Startup Time": 0.141, "Actual Total Time": 298.526, "Actual Rows": 1380035, "Actual Loops": 1, "Output": ["mi_idx.movie_id"], "Shared Hit Blocks": 0, "Shared Read Blocks": 7935, "Shared Dirtied Blocks": 0, "Shared Written Blocks": 0, "Local Hit Blocks": 0, "Local Read Blocks": 0, "Local Dirtied Blocks": 0, "Local Written Blocks": 0, "Temp Read Blocks": 0, "Temp Written Blocks": 0, "I/O Read Time": 40.881, "I/O Write Time": 0.0}, {"Node Type": "Hash", "Parent Relationship": "Inner", "Parallel Aware": false, "Startup Cost": 67604.5, "Total Cost": 67604.5, "Plan Rows": 121116, "Plan Width": 4, "Actual Startup Time": 596.498, "Actual Total Time": 596.5, "Actual Rows": 122861, "Actual Loops": 1, "Output": ["t.id"], "Hash Buckets": 131072, "Original Hash Buckets": 131072, "Hash Batches": 2, "Original Hash Batches": 2, "Peak Memory Usage": 3191, "Shared Hit Blocks": 0, "Shared Read Blocks": 35998, "Shared Dirtied Blocks": 0, "Shared Written Blocks": 0, "Local Hit Blocks": 0, "Local Read Blocks": 0, "Local Dirtied Blocks": 0, "Local Written Blocks": 0, "Temp Read Blocks": 0, "Temp Written Blocks": 179, "I/O Read Time": 66.274, "I/O Write Time": 0.0, "Plans": [{"Node Type": "Seq Scan", "Parent Relationship": "Outer", "Parallel Aware": false, "Relation Name": "title", "Schema": "public", "Alias": "t", "Startup Cost": 0.0, "Total Cost": 67604.5, "Plan Rows": 121116, "Plan Width": 4, "Actual Startup Time": 0.153, "Actual Total Time": 540.86, "Actual Rows": 122861, "Actual Loops": 1, "Output": ["t.id"], "Filter": "(t.production_year = 2008)", "Rows Removed by Filter": 2405451, "Shared Hit Blocks": 0, "Shared Read Blocks": 35998, "Shared Dirtied Blocks": 0, "Shared Written Blocks": 0, "Local Hit Blocks": 0, "Local Read Blocks": 0, "Local Dirtied Blocks": 0, "Local Written Blocks": 0, "Temp Read Blocks": 0, "Temp Written Blocks": 0, "I/O Read Time": 66.274, "I/O Write Time": 0.0}]}]}]}]}]}, "Planning": {"Shared Hit Blocks": 189, "Shared Read Blocks": 36, "Shared Dirtied Blocks": 0, "Shared Written Blocks": 0, "Local Hit Blocks": 0, "Local Read Blocks": 0, "Local Dirtied Blocks": 0, "Local Written Blocks": 0, "Temp Read Blocks": 0, "Temp Written Blocks": 0, "I/O Read Time": 2.721, "I/O Write Time": 0.0}, "Planning Time": 4.419, "Triggers": [], "Execution Time": 2558.464}, "template": "scale", "query": "EXPLAIN (ANALYZE, COSTS, BUFFERS, VERBOSE, FORMAT JSON) SELECT COUNT(*) FROM title t,movie_info_idx mi_idx,movie_keyword mk WHERE t.id=mi_idx.movie_id AND t.id=mk.movie_id AND t.production_year=2008 AND mk.keyword_id>8583;"}
{"planinfo": {"Plan": {"Node Type": "Aggregate", "Strategy": "Plain", "Partial Mode": "Simple", "Parallel Aware": false, "Startup Cost": 71980.1, "Total Cost": 71980.11, "Plan Rows": 1, "Plan Width": 8, "Actual Startup Time": 760.922, "Actual Total Time": 760.923, "Actual Rows": 1, "Actual Loops": 1, "Output": ["count(*)"], "Shared Hit Blocks": 0, "Shared Read Blocks": 35998, "Shared Dirtied Blocks": 0, "Shared Written Blocks": 0, "Local Hit Blocks": 0, "Local Read Blocks": 0, "Local Dirtied Blocks": 0, "Local Written Blocks": 0, "Temp Read Blocks": 0, "Temp Written Blocks": 0, "I/O Read Time": 60.779, "I/O Write Time": 0.0, "Plans": [{"Node Type": "Seq Scan", "Parent Relationship": "Outer", "Parallel Aware": false, "Relation Name": "title", "Schema": "public", "Alias": "t", "Startup Cost": 0.0, "Total Cost": 67604.5, "Plan Rows": 1750239, "Plan Width": 0, "Actual Startup Time": 0.143, "Actual Total Time": 580.749, "Actual Rows": 1749032, "Actual Loops": 1, "Output": ["id", "title", "imdb_index", "kind_id", "production_year", "imdb_id", "phonetic_code", "episode_of_id", "season_nr", "episode_nr", "series_years", "md5sum"], "Filter": "(t.production_year > 1990)", "Rows Removed by Filter": 779280, "Shared Hit Blocks": 0, "Shared Read Blocks": 35998, "Shared Dirtied Blocks": 0, "Shared Written Blocks": 0, "Local Hit Blocks": 0, "Local Read Blocks": 0, "Local Dirtied Blocks": 0, "Local Written Blocks": 0, "Temp Read Blocks": 0, "Temp Written Blocks": 0, "I/O Read Time": 60.779, "I/O Write Time": 0.0}]}, "Planning": {"Shared Hit Blocks": 38, "Shared Read Blocks": 7, "Shared Dirtied Blocks": 0, "Shared Written Blocks": 0, "Local Hit Blocks": 0, "Local Read Blocks": 0, "Local Dirtied Blocks": 0, "Local Written Blocks": 0, "Temp Read Blocks": 0, "Temp Written Blocks": 0, "I/O Read Time": 0.476, "I/O Write Time": 0.0}, "Planning Time": 0.931, "Triggers": [], "Execution Time": 760.973}, "template": "scale", "query": "EXPLAIN (ANALYZE, COSTS, BUFFERS, VERBOSE, FORMAT JSON) SELECT COUNT(*) FROM title t WHERE t.production_year>1990;"}
{"planinfo": {"Plan": {"Node Type": "Aggregate", "Strategy": "Plain", "Partial Mode": "Simple", "Parallel Aware": false, "Startup Cost": 133909.17, "Total Cost": 133909.18, "Plan Rows": 1, "Plan Width": 8, "Actual Startup Time": 1597.068, "Actual Total Time": 1597.069, "Actual Rows": 1, "Actual Loops": 1, "Output": ["count(*)"], "Shared Hit Blocks": 0, "Shared Read Blocks": 41301, "Shared Dirtied Blocks": 0, "Shared Written Blocks": 0, "Local Hit Blocks": 0, "Local Read Blocks": 0, "Local Dirtied Blocks": 0, "Local Written Blocks": 0, "Temp Read Blocks": 0, "Temp Written Blocks": 0, "I/O Read Time": 204.961, "I/O Write Time": 0.0, "Plans": [{"Node Type": "Index Scan", "Parent Relationship": "Outer", "Parallel Aware": false, "Scan Direction": "Forward", "Index Name": "role_id_cast_info", "Relation Name": "cast_info", "Schema": "public", "Alias": "ci", "Startup Cost": 0.44, "Total Cost": 130969.04, "Plan Rows": 1176051, "Plan Width": 0, "Actual Startup Time": 0.487, "Actual Total Time": 1552.437, "Actual Rows": 387833, "Actual Loops": 1, "Output": ["id", "person_id", "movie_id", "person_role_id", "note", "nr_order", "role_id"], "Index Cond": "(ci.role_id = 10)", "Rows Removed by Index Recheck": 0, "Filter": "(ci.person_id < 975780)", "Rows Removed by Filter": 3935185, "Shared Hit Blocks": 0, "Shared Read Blocks": 41301, "Shared Dirtied Blocks": 0, "Shared Written Blocks": 0, "Local Hit Blocks": 0, "Local Read Blocks": 0, "Local Dirtied Blocks": 0, "Local Written Blocks": 0, "Temp Read Blocks": 0, "Temp Written Blocks": 0, "I/O Read Time": 204.961, "I/O Write Time": 0.0}]}, "Planning": {"Shared Hit Blocks": 75, "Shared Read Blocks": 14, "Shared Dirtied Blocks": 0, "Shared Written Blocks": 0, "Local Hit Blocks": 0, "Local Read Blocks": 0, "Local Dirtied Blocks": 0, "Local Written Blocks": 0, "Temp Read Blocks": 0, "Temp Written Blocks": 0, "I/O Read Time": 1.067, "I/O Write Time": 0.0}, "Planning Time": 1.664, "Triggers": [], "Execution Time": 1597.118}, "template": "scale", "query": "EXPLAIN (ANALYZE, COSTS, BUFFERS, VERBOSE, FORMAT JSON) SELECT COUNT(*) FROM cast_info ci WHERE ci.person_id<975780 AND ci.role_id=10;"}
{"planinfo": {"Plan": {"Node Type": "Aggregate", "Strategy": "Plain", "Partial Mode": "Simple", "Parallel Aware": false, "Startup Cost": 2474.99, "Total Cost": 2475.0, "Plan Rows": 1, "Plan Width": 8, "Actual Startup Time": 63.15, "Actual Total Time": 63.152, "Actual Rows": 1, "Actual Loops": 1, "Output": ["count(*)"], "Shared Hit Blocks": 1583, "Shared Read Blocks": 657, "Shared Dirtied Blocks": 0, "Shared Written Blocks": 0, "Local Hit Blocks": 0, "Local Read Blocks": 0, "Local Dirtied Blocks": 0, "Local Written Blocks": 0, "Temp Read Blocks": 0, "Temp Written Blocks": 0, "I/O Read Time": 59.122, "I/O Write Time": 0.0, "Plans": [{"Node Type": "Nested Loop", "Parent Relationship": "Outer", "Parallel Aware": false, "Join Type": "Inner", "Startup Cost": 0.87, "Total Cost": 2474.98, "Plan Rows": 3, "Plan Width": 0, "Actual Startup Time": 42.504, "Actual Total Time": 63.142, "Actual Rows": 8, "Actual Loops": 1, "Inner Unique": true, "Shared Hit Blocks": 1583, "Shared Read Blocks": 657, "Shared Dirtied Blocks": 0, "Shared Written Blocks": 0, "Local Hit Blocks": 0, "Local Read Blocks": 0, "Local Dirtied Blocks": 0, "Local Written Blocks": 0, "Temp Read Blocks": 0, "Temp Written Blocks": 0, "I/O Read Time": 59.122, "I/O Write Time": 0.0, "Plans": [{"Node Type": "Index Scan", "Parent Relationship": "Outer", "Parallel Aware": false, "Scan Direction": "Forward", "Index Name": "person_id_cast_info", "Relation Name": "cast_info", "Schema": "public", "Alias": "ci", "Startup Cost": 0.44, "Total Cost": 1042.05, "Plan Rows": 170, "Plan Width": 4, "Actual Startup Time": 0.441, "Actual Total Time": 1.021, "Actual Rows": 558, "Actual Loops": 1, "Output": ["ci.id", "ci.person_id", "ci.movie_id", "ci.person_role_id", "ci.note", "ci.nr_order", "ci.role_id"], "Index Cond": "(ci.person_id = 802024)", "Rows Removed by Index Recheck": 0, "Filter": "(ci.role_id = 1)", "Rows Removed by Filter": 2, "Shared Hit Blocks": 0, "Shared Read Blocks": 8, "Shared Dirtied Blocks": 0, "Shared Written Blocks": 0, "Local Hit Blocks": 0, "Local Read Blocks": 0, "Local Dirtied Blocks": 0, "Local Written Blocks": 0, "Temp Read Blocks": 0, "Temp Written Blocks": 0, "I/O Read Time": 0.712, "I/O Write Time": 0.0}, {"Node Type": "Index Scan", "Parent Relationship": "Inner", "Parallel Aware": false, "Scan Direction": "Forward", "Index Name": "title_pkey", "Relation Name": "title", "Schema": "public", "Alias": "t", "Startup Cost": 0.43, "Total Cost": 8.43, "Plan Rows": 1, "Plan Width": 4, "Actual Startup Time": 0.111, "Actual Total Time": 0.111, "Actual Rows": 0, "Actual Loops": 558, "Output": ["t.id", "t.title", "t.imdb_index", "t.kind_id", "t.production_year", "t.imdb_id", "t.phonetic_code", "t.episode_of_id", "t.season_nr", "t.episode_nr", "t.series_years", "t.md5sum"], "Index Cond": "(t.id = ci.movie_id)", "Rows Removed by Index Recheck": 0, "Filter": "((t.production_year > 2012) AND (t.kind_id = 7))", "Rows Removed by Filter": 1, "Shared Hit Blocks": 1583, "Shared Read Blocks": 649, "Shared Dirtied Blocks": 0, "Shared Written Blocks": 0, "Local Hit Blocks": 0, "Local Read Blocks": 0, "Local Dirtied Blocks": 0, "Local Written Blocks": 0, "Temp Read Blocks": 0, "Temp Written Blocks": 0, "I/O Read Time": 58.409, "I/O Write Time": 0.0}]}]}, "Planning": {"Shared Hit Blocks": 132, "Shared Read Blocks": 32, "Shared Dirtied Blocks": 0, "Shared Written Blocks": 0, "Local Hit Blocks": 0, "Local Read Blocks": 0, "Local Dirtied Blocks": 0, "Local Written Blocks": 0, "Temp Read Blocks": 0, "Temp Written Blocks": 0, "I/O Read Time": 2.431, "I/O Write Time": 0.0}, "Planning Time": 3.532, "Triggers": [], "Execution Time": 63.23}, "template": "scale", "query": "EXPLAIN (ANALYZE, COSTS, BUFFERS, VERBOSE, FORMAT JSON) SELECT COUNT(*) FROM title t,cast_info ci WHERE t.id=ci.movie_id AND t.kind_id=7 AND t.production_year>2012 AND ci.person_id=802024 AND ci.role_id=1;"}
{"planinfo": {"Plan": {"Node Type": "Aggregate", "Strategy": "Plain", "Partial Mode": "Simple", "Parallel Aware": false, "Startup Cost": 740320.83, "Total Cost": 740320.84, "Plan Rows": 1, "Plan Width": 8, "Actual Startup Time": 23315.43, "Actual Total Time": 23315.436, "Actual Rows": 1, "Actual Loops": 1, "Output": ["count(*)"], "Shared Hit Blocks": 3, "Shared Read Blocks": 222445, "Shared Dirtied Blocks": 0, "Shared Written Blocks": 0, "Local Hit Blocks": 0, "Local Read Blocks": 0, "Local Dirtied Blocks": 0, "Local Written Blocks": 0, "Temp Read Blocks": 41897, "Temp Written Blocks": 41897, "I/O Read Time": 514.724, "I/O Write Time": 0.0, "Plans": [{"Node Type": "Hash Join", "Parent Relationship": "Outer", "Parallel Aware": false, "Join Type": "Inner", "Startup Cost": 211446.9, "Total Cost": 730602.26, "Plan Rows": 3887426, "Plan Width": 0, "Actual Startup Time": 3319.95, "Actual Total Time": 19241.09, "Actual Rows": 41255053, "Actual Loops": 1, "Inner Unique": false, "Hash Cond": "(mi.movie_id = t.id)", "Shared Hit Blocks": 3, "Shared Read Blocks": 222445, "Shared Dirtied Blocks": 0, "Shared Written Blocks": 0, "Local Hit Blocks": 0, "Local Read Blocks": 0, "Local Dirtied Blocks": 0, "Local Written Blocks": 0, "Temp Read Blocks": 41897, "Temp Written Blocks": 41897, "I/O Read Time": 514.724, "I/O Write Time": 0.0, "Plans": [{"Node Type": "Seq Scan", "Parent Relationship": "Outer", "Parallel Aware": false, "Relation Name": "movie_info", "Schema": "public", "Alias": "mi", "Startup Cost": 0.0, "Total Cost": 347223.62, "Plan Rows": 11211323, "Plan Width": 4, "Actual Startup Time": 0.208, "Actual Total Time": 3669.498, "Actual Rows": 11210743, "Actual Loops": 1, "Output": ["mi.movie_id"], "Filter": "(mi.info_type_id > 3)", "Rows Removed by Filter": 3624977, "Shared Hit Blocks": 0, "Shared Read Blocks": 161993, "Shared Dirtied Blocks": 0, "Shared Written Blocks": 0, "Local Hit Blocks": 0, "Local Read Blocks": 0, "Local Dirtied Blocks": 0, "Local Written Blocks": 0, "Temp Read Blocks": 0, "Temp Written Blocks": 0, "I/O Read Time": 333.568, "I/O Write Time": 0.0}, {"Node Type": "Hash", "Parent Relationship": "Inner", "Parallel Aware": false, "Startup Cost": 197062.63, "Total Cost": 197062.63, "Plan Rows": 876742, "Plan Width": 8, "Actual Startup Time": 3316.606, "Actual Total Time": 3316.61, "Actual Rows": 774780, "Actual Loops": 1, "Output": ["t.id", "mk.movie_id"], "Hash Buckets": 131072, "Original Hash Buckets": 131072, "Hash Batches": 16, "Original Hash Batches": 16, "Peak Memory Usage": 2984, "Shared Hit Blocks": 0, "Shared Read Blocks": 60452, "Shared Dirtied Blocks": 0, "Shared Written Blocks": 0, "Local Hit Blocks": 0, "Local Read Blocks": 0, "Local Dirtied Blocks": 0, "Local Written Blocks": 0, "Temp Read Blocks": 8602, "Temp Written Blocks": 11073, "I/O Read Time": 181.156, "I/O Write Time": 0.0, "Plans": [{"Node Type": "Hash Join", "Parent Relationship": "Outer", "Parallel Aware": false, "Join Type": "Inner", "Startup Cost": 95907.2, "Total Cost": 197062.63, "Plan Rows": 876742, "Plan Width": 8, "Actual Startup Time": 1200.313, "Actual Total Time": 3075.32, "Actual Rows": 774780, "Actual Loops": 1, "Output": ["t.id", "mk.movie_id"], "Inner Unique": true, "Hash Cond": "(mk.movie_id = t.id)", "Shared Hit Blocks": 0, "Shared Read Blocks": 60452, "Shared Dirtied Blocks": 0, "Shared Written Blocks": 0, "Local Hit Blocks": 0, "Local Read Blocks": 0, "Local Dirtied Blocks": 0, "Local Written Blocks": 0, "Temp Read Blocks": 8602, "Temp Written Blocks": 8602, "I/O Read Time": 181.156, "I/O Write Time": 0.0, "Plans": [{"Node Type": "Seq Scan", "Parent Relationship": "Outer", "Parallel Aware": false, "Relation Name": "movie_keyword", "Schema": "public", "Alias": "mk", "Startup Cost": 0.0, "Total Cost": 81003.12, "Plan Rows": 1285064, "Plan Width": 4, "Actual Startup Time": 8.12, "Actual Total Time": 932.536, "Actual Rows": 1293457, "Actual Loops": 1, "Output": ["mk.movie_id"], "Filter": "(mk.keyword_id > 13654)", "Rows Removed by Filter": 3230473, "Shared Hit Blocks": 0, "Shared Read Blocks": 24454, "Shared Dirtied Blocks": 0, "Shared Written Blocks": 0, "Local Hit Blocks": 0, "Local Read Blocks": 0, "Local Dirtied Blocks": 0, "Local Written Blocks": 0, "Temp Read Blocks": 0, "Temp Written Blocks": 0, "I/O Read Time": 121.758, "I/O Write Time": 0.0}, {"Node Type": "Hash", "Parent Relationship": "Inner", "Parallel Aware": false, "Startup Cost": 67604.5, "Total Cost": 67604.5, "Plan Rows": 1725096, "Plan Width": 4, "Actual Startup Time": 1190.417, "Actual Total Time": 1190.418, "Actual Rows": 1725233, "Actual Loops": 1, "Output": ["t.id"], "Hash Buckets": 131072, "Original Hash Buckets": 131072, "Hash Batches": 32, "Original Hash Batches": 32, "Peak Memory Usage": 2923, "Shared Hit Blocks": 0, "Shared Read Blocks": 35998, "Shared Dirtied Blocks": 0, "Shared Written Blocks": 0, "Local Hit Blocks": 0, "Local Read Blocks": 0, "Local Dirtied Blocks": 0, "Local Written Blocks": 0, "Temp Read Blocks": 0, "Temp Written Blocks": 4882, "I/O Read Time": 59.398, "I/O Write Time": 0.0, "Plans": [{"Node Type": "Seq Scan", "Parent Relationship": "Outer", "Parallel Aware": false, "Relation Name": "title", "Schema": "public", "Alias": "t", "Startup Cost": 0.0, "Total Cost": 67604.5, "Plan Rows": 1725096, "Plan Width": 4, "Actual Startup Time": 1.241, "Actual Total Time": 668.959, "Actual Rows": 1725233, "Actual Loops": 1, "Output": ["t.id"], "Filter": "(t.production_year > 1991)", "Rows Removed by Filter": 803079, "Shared Hit Blocks": 0, "Shared Read Blocks": 35998, "Shared Dirtied Blocks": 0, "Shared Written Blocks": 0, "Local Hit Blocks": 0, "Local Read Blocks": 0, "Local Dirtied Blocks": 0, "Local Written Blocks": 0, "Temp Read Blocks": 0, "Temp Written Blocks": 0, "I/O Read Time": 59.398, "I/O Write Time": 0.0}]}]}]}]}]}, "Planning": {"Shared Hit Blocks": 191, "Shared Read Blocks": 41, "Shared Dirtied Blocks": 0, "Shared Written Blocks": 0, "Local Hit Blocks": 0, "Local Read Blocks": 0, "Local Dirtied Blocks": 0, "Local Written Blocks": 0, "Temp Read Blocks": 0, "Temp Written Blocks": 0, "I/O Read Time": 2.875, "I/O Write Time": 0.0}, "Planning Time": 4.457, "Triggers": [], "Execution Time": 23316.085}, "template": "scale", "query": "EXPLAIN (ANALYZE, COSTS, BUFFERS, VERBOSE, FORMAT JSON) SELECT COUNT(*) FROM title t,movie_info mi,movie_keyword mk WHERE t.id=mi.movie_id AND t.id=mk.movie_id AND t.production_year>1991 AND mi.info_type_id>3 AND mk.keyword_id>13654;"}
{"planinfo": {"Plan": {"Node Type": "Aggregate", "Strategy": "Plain", "Partial Mode": "Simple", "Parallel Aware": false, "Startup Cost": 10672.31, "Total Cost": 10672.32, "Plan Rows": 1, "Plan Width": 8, "Actual Startup Time": 117.521, "Actual Total Time": 117.522, "Actual Rows": 1, "Actual Loops": 1, "Output": ["count(*)"], "Shared Hit Blocks": 0, "Shared Read Blocks": 363, "Shared Dirtied Blocks": 0, "Shared Written Blocks": 0, "Local Hit Blocks": 0, "Local Read Blocks": 0, "Local Dirtied Blocks": 0, "Local Written Blocks": 0, "Temp Read Blocks": 0, "Temp Written Blocks": 0, "I/O Read Time": 8.868, "I/O Write Time": 0.0, "Plans": [{"Node Type": "Index Only Scan", "Parent Relationship": "Outer", "Parallel Aware": false, "Scan Direction": "Forward", "Index Name": "info_type_id_movie_info_idx", "Relation Name": "movie_info_idx", "Schema": "public", "Alias": "mi_idx", "Startup Cost": 0.43, "Total Cost": 9520.32, "Plan Rows": 460794, "Plan Width": 0, "Actual Startup Time": 0.589, "Actual Total Time": 73.164, "Actual Rows": 459925, "Actual Loops": 1, "Output": ["info_type_id"], "Index Cond": "(mi_idx.info_type_id = 101)", "Rows Removed by Index Recheck": 0, "Heap Fetches": 0, "Shared Hit Blocks": 0, "Shared Read Blocks": 363, "Shared Dirtied Blocks": 0, "Shared Written Blocks": 0, "Local Hit Blocks": 0, "Local Read Blocks": 0, "Local Dirtied Blocks": 0, "Local Written Blocks": 0, "Temp Read Blocks": 0, "Temp Written Blocks": 0, "I/O Read Time": 8.868, "I/O Write Time": 0.0}]}, "Planning": {"Shared Hit Blocks": 50, "Shared Read Blocks": 9, "Shared Dirtied Blocks": 0, "Shared Written Blocks": 0, "Local Hit Blocks": 0, "Local Read Blocks": 0, "Local Dirtied Blocks": 0, "Local Written Blocks": 0, "Temp Read Blocks": 0, "Temp Written Blocks": 0, "I/O Read Time": 0.634, "I/O Write Time": 0.0}, "Planning Time": 1.073, "Triggers": [], "Execution Time": 117.558}, "template": "scale", "query": "EXPLAIN (ANALYZE, COSTS, BUFFERS, VERBOSE, FORMAT JSON) SELECT COUNT(*) FROM movie_info_idx mi_idx WHERE mi_idx.info_type_id=101;"}
{"planinfo": {"Plan": {"Node Type": "Aggregate", "Strategy": "Plain", "Partial Mode": "Simple", "Parallel Aware": false, "Startup Cost": 1397388.79, "Total Cost": 1397388.8, "Plan Rows": 1, "Plan Width": 8, "Actual Startup Time": 54877.34, "Actual Total Time": 54877.345, "Actual Rows": 1, "Actual Loops": 1, "Output": ["count(*)"], "Shared Hit Blocks": 28596, "Shared Read Blocks": 207027, "Shared Dirtied Blocks": 0, "Shared Written Blocks": 0, "Local Hit Blocks": 0, "Local Read Blocks": 0, "Local Dirtied Blocks": 0, "Local Written Blocks": 0, "Temp Read Blocks": 82277, "Temp Written Blocks": 82277, "I/O Read Time": 934.86, "I/O Write Time": 0.0, "Plans": [{"Node Type": "Hash Join", "Parent Relationship": "Outer", "Parallel Aware": false, "Join Type": "Inner", "Startup Cost": 250706.47, "Total Cost": 1365630.61, "Plan Rows": 12703271, "Plan Width": 0, "Actual Startup Time": 5013.653, "Actual Total Time": 44555.411, "Actual Rows": 103184347, "Actual Loops": 1, "Inner Unique": false, "Hash Cond": "(ci.movie_id = t.id)", "Shared Hit Blocks": 28596, "Shared Read Blocks": 207027, "Shared Dirtied Blocks": 0, "Shared Written Blocks": 0, "Local Hit Blocks": 0, "Local Read Blocks": 0, "Local Dirtied Blocks": 0, "Local Written Blocks": 0, "Temp Read Blocks": 82277, "Temp Written Blocks": 82277, "I/O Read Time": 934.86, "I/O Write Time": 0.0, "Plans": [{"Node Type": "Index Scan", "Parent Relationship": "Outer", "Parallel Aware": false, "Scan Direction": "Forward", "Index Name": "role_id_cast_info", "Relation Name": "cast_info", "Schema": "public", "Alias": "ci", "Startup Cost": 0.44, "Total Cost": 720132.78, "Plan Rows": 22556032, "Plan Width": 4, "Actual Startup Time": 0.62, "Actual Total Time": 10481.877, "Actual Rows": 21562497, "Actual Loops": 1, "Output": ["ci.movie_id"], "Index Cond": "(ci.role_id > 1)", "Rows Removed by Index Recheck": 0, "Filter": "(ci.person_id < 3666974)", "Rows Removed by Filter": 2011159, "Shared Hit Blocks": 2, "Shared Read Blocks": 186958, "Shared Dirtied Blocks": 0, "Shared Written Blocks": 0, "Local Hit Blocks": 0, "Local Read Blocks": 0, "Local Dirtied Blocks": 0, "Local Written Blocks": 0, "Temp Read Blocks": 0, "Temp Written Blocks": 0, "I/O Read Time": 732.582, "I/O Write Time": 0.0}, {"Node Type": "Hash", "Parent Relationship": "Inner", "Parallel Aware": false, "Startup Cost": 225951.66, "Total Cost": 225951.66, "Plan Rows": 1424030, "Plan Width": 12, "Actual Startup Time": 4999.421, "Actual Total Time": 4999.424, "Actual Rows": 4073078, "Actual Loops": 1, "Output": ["t.id", "mc.movie_id", "mi_idx.movie_id"], "Hash Buckets": 131072, "Original Hash Buckets": 131072, "Hash Batches": 64, "Original Hash Batches": 32, "Peak Memory Usage": 3748, "Shared Hit Blocks": 28591, "Shared Read Blocks": 20069, "Shared Dirtied Blocks": 0, "Shared Written Blocks": 0, "Local Hit Blocks": 0, "Local Read Blocks": 0, "Local Dirtied Blocks": 0, "Local Written Blocks": 0, "Temp Read Blocks": 0, "Temp Written Blocks": 15631, "I/O Read Time": 202.278, "I/O Write Time": 0.0, "Plans": [{"Node Type": "Merge Join", "Parent Relationship": "Outer", "Parallel Aware": false, "Join Type": "Inner", "Startup Cost": 15.01, "Total Cost": 225951.66, "Plan Rows": 1424030, "Plan Width": 12, "Actual Startup Time": 0.08, "Actual Total Time": 3545.324, "Actual Rows": 4073078, "Actual Loops": 1, "Output": ["t.id", "mc.movie_id", "mi_idx.movie_id"], "Inner Unique": false, "Merge Cond": "(t.id = mc.movie_id)", "Shared Hit Blocks": 28591, "Shared Read Blocks": 20069, "Shared Dirtied Blocks": 0, "Shared Written Blocks": 0, "Local Hit Blocks": 0, "Local Read Blocks": 0, "Local Dirtied Blocks": 0, "Local Written Blocks": 0, "Temp Read Blocks": 0, "Temp Written Blocks": 0, "I/O Read Time": 202.278, "I/O Write Time": 0.0, "Plans": [{"Node Type": "Merge Join", "Parent Relationship": "Outer", "Parallel Aware": false, "Join Type": "Inner", "Startup Cost": 9.94, "Total Cost": 136246.74, "Plan Rows": 1380035, "Plan Width": 8, "Actual Startup Time": 0.055, "Actual Total Time": 1411.016, "Actual Rows": 1380012, "Actual Loops": 1, "Output": ["t.id", "mi_idx.movie_id"], "Inner Unique": false, "Merge Cond": "(t.id = mi_idx.movie_id)", "Shared Hit Blocks": 23446, "Shared Read Blocks": 13472, "Shared Dirtied Blocks": 0, "Shared Written Blocks": 0, "Local Hit Blocks": 0, "Local Read Blocks": 0, "Local Dirtied Blocks": 0, "Local Written Blocks": 0, "Temp Read Blocks": 0, "Temp Written Blocks": 0, "I/O Read Time": 165.151, "I/O Write Time": 0.0, "Plans": [{"Node Type": "Index Only Scan", "Parent Relationship": "Outer", "Parallel Aware": false, "Scan Direction": "Forward", "Index Name": "title_pkey", "Relation Name": "title", "Schema": "public", "Alias": "t", "Startup Cost": 0.43, "Total Cost": 73940.23, "Plan Rows": 2528520, "Plan Width": 4, "Actual Startup Time": 0.026, "Actual Total Time": 547.538, "Actual Rows": 2525757, "Actual Loops": 1, "Output": ["t.id"], "Heap Fetches": 0, "Shared Hit Blocks": 23441, "Shared Read Blocks": 8963, "Shared Dirtied Blocks": 0, "Shared Written Blocks": 0, "Local Hit Blocks": 0, "Local Read Blocks": 0, "Local Dirtied Blocks": 0, "Local Written Blocks": 0, "Temp Read Blocks": 0, "Temp Written Blocks": 0, "I/O Read Time": 139.985, "I/O Write Time": 0.0}, {"Node Type": "Index Only Scan", "Parent Relationship": "Inner", "Parallel Aware": false, "Scan Direction": "Forward", "Index Name": "movie_id_movie_info_idx", "Relation Name": "movie_info_idx", "Schema": "public", "Alias": "mi_idx", "Startup Cost": 0.43, "Total Cost": 38816.95, "Plan Rows": 1380035, "Plan Width": 4, "Actual Startup Time": 0.025, "Actual Total Time": 261.665, "Actual Rows": 1380012, "Actual Loops": 1, "Output": ["mi_idx.movie_id"], "Heap Fetches": 0, "Shared Hit Blocks": 5, "Shared Read Blocks": 4509, "Shared Dirtied Blocks": 0, "Shared Written Blocks": 0, "Local Hit Blocks": 0, "Local Read Blocks": 0, "Local Dirtied Blocks": 0, "Local Written Blocks": 0, "Temp Read Blocks": 0, "Temp Written Blocks": 0, "I/O Read Time": 25.166, "I/O Write Time": 0.0}]}, {"Node Type": "Index Only Scan", "Parent Relationship": "Inner", "Parallel Aware": false, "Scan Direction": "Forward", "Index Name": "movie_id_movie_companies", "Relation Name": "movie_companies", "Schema": "public", "Alias": "mc", "Startup Cost": 0.43, "Total Cost": 65637.36, "Plan Rows": 2609129, "Plan Width": 4, "Actual Startup Time": 0.023, "Actual Total Time": 943.908, "Actual Rows": 5327324, "Actual Loops": 1, "Output": ["mc.movie_id"], "Heap Fetches": 0, "Shared Hit Blocks": 5145, "Shared Read Blocks": 6597, "Shared Dirtied Blocks": 0, "Shared Written Blocks": 0, "Local Hit Blocks": 0, "Local Read Blocks": 0, "Local Dirtied Blocks": 0, "Local Written Blocks": 0, "Temp Read Blocks": 0, "Temp Written Blocks": 0, "I/O Read Time": 37.126, "I/O Write Time": 0.0}]}]}]}]}, "Planning": {"Shared Hit Blocks": 334, "Shared Read Blocks": 52, "Shared Dirtied Blocks": 0, "Shared Written Blocks": 0, "Local Hit Blocks": 0, "Local Read Blocks": 0, "Local Dirtied Blocks": 0, "Local Written Blocks": 0, "Temp Read Blocks": 0, "Temp Written Blocks": 0, "I/O Read Time": 4.21, "I/O Write Time": 0.0}, "Planning Time": 6.948, "Triggers": [], "Execution Time": 54877.66}, "template": "scale", "query": "EXPLAIN (ANALYZE, COSTS, BUFFERS, VERBOSE, FORMAT JSON) SELECT COUNT(*) FROM title t,movie_companies mc,cast_info ci,movie_info_idx mi_idx WHERE t.id=mc.movie_id AND t.id=ci.movie_id AND t.id=mi_idx.movie_id AND ci.person_id<3666974 AND ci.role_id>1;"}
{"planinfo": {"Plan": {"Node Type": "Aggregate", "Strategy": "Plain", "Partial Mode": "Simple", "Parallel Aware": false, "Startup Cost": 786674.4, "Total Cost": 786674.41, "Plan Rows": 1, "Plan Width": 8, "Actual Startup Time": 18423.156, "Actual Total Time": 18423.161, "Actual Rows": 1, "Actual Loops": 1, "Output": ["count(*)"], "Shared Hit Blocks": 28594, "Shared Read Blocks": 114169, "Shared Dirtied Blocks": 0, "Shared Written Blocks": 0, "Local Hit Blocks": 0, "Local Read Blocks": 0, "Local Dirtied Blocks": 0, "Local Written Blocks": 0, "Temp Read Blocks": 32289, "Temp Written Blocks": 32289, "I/O Read Time": 669.519, "I/O Write Time": 0.0, "Plans": [{"Node Type": "Hash Join", "Parent Relationship": "Outer", "Parallel Aware": false, "Join Type": "Inner", "Startup Cost": 250706.47, "Total Cost": 774825.89, "Plan Rows": 4739405, "Plan Width": 0, "Actual Startup Time": 7884.368, "Actual Total Time": 16297.885, "Actual Rows": 21509570, "Actual Loops": 1, "Inner Unique": false, "Hash Cond": "(ci.movie_id = t.id)", "Shared Hit Blocks": 28594, "Shared Read Blocks": 114169, "Shared Dirtied Blocks": 0, "Shared Written Blocks": 0, "Local Hit Blocks": 0, "Local Read Blocks": 0, "Local Dirtied Blocks": 0, "Local Written Blocks": 0, "Temp Read Blocks": 32289, "Temp Written Blocks": 32289, "I/O Read Time": 669.519, "I/O Write Time": 0.0, "Plans": [{"Node Type": "Index Scan", "Parent Relationship": "Outer", "Parallel Aware": false, "Scan Direction": "Forward", "Index Name": "role_id_cast_info", "Relation Name": "cast_info", "Schema": "public", "Alias": "ci", "Startup Cost": 0.44, "Total Cost": 372468.34, "Plan Rows": 8415327, "Plan Width": 4, "Actual Startup Time": 2904.186, "Actual Total Time": 4854.539, "Actual Rows": 4232346, "Actual Loops": 1, "Output": ["ci.movie_id"], "Index Cond": "(ci.role_id < 2)", "Rows Removed by Index Recheck": 0, "Filter": "(ci.person_id > 1148661)", "Rows Removed by Filter": 8438342, "Shared Hit Blocks": 0, "Shared Read Blocks": 94100, "Shared Dirtied Blocks": 0, "Shared Written Blocks": 0, "Local Hit Blocks": 0, "Local Read Blocks": 0, "Local Dirtied Blocks": 0, "Local Written Blocks": 0, "Temp Read Blocks": 0, "Temp Written Blocks": 0, "I/O Read Time": 474.091, "I/O Write Time": 0.0}, {"Node Type": "Hash", "Parent Relationship": "Inner", "Parallel Aware": false, "Startup Cost": 225951.66, "Total Cost": 225951.66, "Plan Rows": 1424030, "Plan Width": 12, "Actual Startup Time": 4976.856, "Actual Total Time": 4976.859, "Actual Rows": 4073078, "Actual Loops": 1, "Output": ["t.id", "mc.movie_id", "mi_idx.movie_id"], "Hash Buckets": 131072, "Original Hash Buckets": 131072, "Hash Batches": 64, "Original Hash Batches": 32, "Peak Memory Usage": 3748, "Shared Hit Blocks": 28591, "Shared Read Blocks": 20069, "Shared Dirtied Blocks": 0, "Shared Written Blocks": 0, "Local Hit Blocks": 0, "Local Read Blocks": 0, "Local Dirtied Blocks": 0, "Local Written Blocks": 0, "Temp Read Blocks": 0, "Temp Written Blocks": 15631, "I/O Read Time": 195.429, "I/O Write Time": 0.0, "Plans": [{"Node Type": "Merge Join", "Parent Relationship": "Outer", "Parallel Aware": false, "Join Type": "Inner", "Startup Cost": 15.01, "Total Cost": 225951.66, "Plan Rows": 1424030, "Plan Width": 12, "Actual Startup Time": 0.081, "Actual Total Time": 3509.39, "Actual Rows": 4073078, "Actual Loops": 1, "Output": ["t.id", "mc.movie_id", "mi_idx.movie_id"], "Inner Unique": false, "Merge Cond": "(t.id = mc.movie_id)", "Shared Hit Blocks": 28591, "Shared Read Blocks": 20069, "Shared Dirtied Blocks": 0, "Shared Written Blocks": 0, "Local Hit Blocks": 0, "Local Read Blocks": 0, "Local Dirtied Blocks": 0, "Local Written Blocks": 0, "Temp Read Blocks": 0, "Temp Written Blocks": 0, "I/O Read Time": 195.429, "I/O Write Time": 0.0, "Plans": [{"Node Type": "Merge Join", "Parent Relationship": "Outer", "Parallel Aware": false, "Join Type": "Inner", "Startup Cost": 9.94, "Total Cost": 136246.74, "Plan Rows": 1380035, "Plan Width": 8, "Actual Startup Time": 0.055, "Actual Total Time": 1400.061, "Actual Rows": 1380012, "Actual Loops": 1, "Output": ["t.id", "mi_idx.movie_id"], "Inner Unique": false, "Merge Cond": "(t.id = mi_idx.movie_id)", "Shared Hit Blocks": 23446, "Shared Read Blocks": 13472, "Shared Dirtied Blocks": 0, "Shared Written Blocks": 0, "Local Hit Blocks": 0, "Local Read Blocks": 0, "Local Dirtied Blocks": 0, "Local Written Blocks": 0, "Temp Read Blocks": 0, "Temp Written Blocks": 0, "I/O Read Time": 159.357, "I/O Write Time": 0.0, "Plans": [{"Node Type": "Index Only Scan", "Parent Relationship": "Outer", "Parallel Aware": false, "Scan Direction": "Forward", "Index Name": "title_pkey", "Relation Name": "title", "Schema": "public", "Alias": "t", "Startup Cost": 0.43, "Total Cost": 73940.23, "Plan Rows": 2528520, "Plan Width": 4, "Actual Startup Time": 0.023, "Actual Total Time": 542.766, "Actual Rows": 2525757, "Actual Loops": 1, "Output": ["t.id"], "Heap Fetches": 0, "Shared Hit Blocks": 23441, "Shared Read Blocks": 8963, "Shared Dirtied Blocks": 0, "Shared Written Blocks": 0, "Local Hit Blocks": 0, "Local Read Blocks": 0, "Local Dirtied Blocks": 0, "Local Written Blocks": 0, "Temp Read Blocks": 0, "Temp Written Blocks": 0, "I/O Read Time": 134.942, "I/O Write Time": 0.0}, {"Node Type": "Index Only Scan", "Parent Relationship": "Inner", "Parallel Aware": false, "Scan Direction": "Forward", "Index Name": "movie_id_movie_info_idx", "Relation Name": "movie_info_idx", "Schema": "public", "Alias": "mi_idx", "Startup Cost": 0.43, "Total Cost": 38816.95, "Plan Rows": 1380035, "Plan Width": 4, "Actual Startup Time": 0.026, "Actual Total Time": 255.713, "Actual Rows": 1380012, "Actual Loops": 1, "Output": ["mi_idx.movie_id"], "Heap Fetches": 0, "Shared Hit Blocks": 5, "Shared Read Blocks": 4509, "Shared Dirtied Blocks": 0, "Shared Written Blocks": 0, "Local Hit Blocks": 0, "Local Read Blocks": 0, "Local Dirtied Blocks": 0, "Local Written Blocks": 0, "Temp Read Blocks": 0, "Temp Written Blocks": 0, "I/O Read Time": 24.415, "I/O Write Time": 0.0}]}, {"Node Type": "Index Only Scan", "Parent Relationship": "Inner", "Parallel Aware": false, "Scan Direction": "Forward", "Index Name": "movie_id_movie_companies", "Relation Name": "movie_companies", "Schema": "public", "Alias": "mc", "Startup Cost": 0.43, "Total Cost": 65637.36, "Plan Rows": 2609129, "Plan Width": 4, "Actual Startup Time": 0.024, "Actual Total Time": 931.609, "Actual Rows": 5327324, "Actual Loops": 1, "Output": ["mc.movie_id"], "Heap Fetches": 0, "Shared Hit Blocks": 5145, "Shared Read Blocks": 6597, "Shared Dirtied Blocks": 0, "Shared Written Blocks": 0, "Local Hit Blocks": 0, "Local Read Blocks": 0, "Local Dirtied Blocks": 0, "Local Written Blocks": 0, "Temp Read Blocks": 0, "Temp Written Blocks": 0, "I/O Read Time": 36.071, "I/O Write Time": 0.0}]}]}]}]}, "Planning": {"Shared Hit Blocks": 331, "Shared Read Blocks": 52, "Shared Dirtied Blocks": 0, "Shared Written Blocks": 0, "Local Hit Blocks": 0, "Local Read Blocks": 0, "Local Dirtied Blocks": 0, "Local Written Blocks": 0, "Temp Read Blocks": 0, "Temp Written Blocks": 0, "I/O Read Time": 4.198, "I/O Write Time": 0.0}, "Planning Time": 6.929, "Triggers": [], "Execution Time": 18423.475}, "template": "scale", "query": "EXPLAIN (ANALYZE, COSTS, BUFFERS, VERBOSE, FORMAT JSON) SELECT COUNT(*) FROM title t,movie_companies mc,cast_info ci,movie_info_idx mi_idx WHERE t.id=mc.movie_id AND t.id=ci.movie_id AND t.id=mi_idx.movie_id AND ci.person_id>1148661 AND ci.role_id<2;"}
{"planinfo": {"Plan": {"Node Type": "Aggregate", "Strategy": "Plain", "Partial Mode": "Simple", "Parallel Aware": false, "Startup Cost": 1094483.9, "Total Cost": 1094483.91, "Plan Rows": 1, "Plan Width": 8, "Actual Startup Time": 48530.815, "Actual Total Time": 48530.818, "Actual Rows": 1, "Actual Loops": 1, "Output": ["count(*)"], "Shared Hit Blocks": 16249782, "Shared Read Blocks": 461250, "Shared Dirtied Blocks": 0, "Shared Written Blocks": 0, "Local Hit Blocks": 0, "Local Read Blocks": 0, "Local Dirtied Blocks": 0, "Local Written Blocks": 0, "Temp Read Blocks": 375, "Temp Written Blocks": 379, "I/O Read Time": 14244.208, "I/O Write Time": 0.0, "Plans": [{"Node Type": "Merge Join", "Parent Relationship": "Outer", "Parallel Aware": false, "Join Type": "Inner", "Startup Cost": 81152.63, "Total Cost": 1070422.71, "Plan Rows": 9624473, "Plan Width": 0, "Actual Startup Time": 598.279, "Actual Total Time": 43796.794, "Actual Rows": 43462819, "Actual Loops": 1, "Inner Unique": false, "Merge Cond": "(t.id = mi.movie_id)", "Shared Hit Blocks": 16249782, "Shared Read Blocks": 461250, "Shared Dirtied Blocks": 0, "Shared Written Blocks": 0, "Local Hit Blocks": 0, "Local Read Blocks": 0, "Local Dirtied Blocks": 0, "Local Written Blocks": 0, "Temp Read Blocks": 375, "Temp Written Blocks": 379, "I/O Read Time": 14244.208, "I/O Write Time": 0.0, "Plans": [{"Node Type": "Nested Loop", "Parent Relationship": "Outer", "Parallel Aware": false, "Join Type": "Inner", "Startup Cost": 81129.9, "Total Cost": 607565.43, "Plan Rows": 1642255, "Plan Width": 12, "Actual Startup Time": 598.028, "Actual Total Time": 22030.652, "Actual Rows": 1976859, "Actual Loops": 1, "Output": ["t.id", "mc.movie_id", "ci.movie_id"], "Inner Unique": false, "Shared Hit Blocks": 4923583, "Shared Read Blocks": 435421, "Shared Dirtied Blocks": 0, "Shared Written Blocks": 0, "Local Hit Blocks": 0, "Local Read Blocks": 0, "Local Dirtied Blocks": 0, "Local Written Blocks": 0, "Temp Read Blocks": 375, "Temp Written Blocks": 379, "I/O Read Time": 14138.589, "I/O Write Time": 0.0, "Plans": [{"Node Type": "Merge Join", "Parent Relationship": "Outer", "Parallel Aware": false, "Join Type": "Inner", "Startup Cost": 81129.46, "Total Cost": 204586.49, "Plan Rows": 152557, "Plan Width": 8, "Actual Startup Time": 597.696, "Actual Total Time": 4535.796, "Actual Rows": 124515, "Actual Loops": 1, "Output": ["t.id", "mc.movie_id"], "Inner Unique": false, "Merge Cond": "(t.id = mc.movie_id)", "Shared Hit Blocks": 2488146, "Shared Read Blocks": 53586, "Shared Dirtied Blocks": 0, "Shared Written Blocks": 0, "Local Hit Blocks": 0, "Local Read Blocks": 0, "Local Dirtied Blocks": 0, "Local Written Blocks": 0, "Temp Read Blocks": 375, "Temp Written Blocks": 379, "I/O Read Time": 1067.491, "I/O Write Time": 0.0, "Plans": [{"Node Type": "Index Scan", "Parent Relationship": "Outer", "Parallel Aware": false, "Scan Direction": "Forward", "Index Name": "title_pkey", "Relation Name": "title", "Schema": "public", "Alias": "t", "Startup Cost": 0.43, "Total Cost": 116669.84, "Plan Rows": 1019540, "Plan Width": 4, "Actual Startup Time": 0.107, "Actual Total Time": 3553.732, "Actual Rows": 1020941, "Actual Loops": 1, "Output": ["t.id", "t.title", "t.imdb_index", "t.kind_id", "t.production_year", "t.imdb_id", "t.phonetic_code", "t.episode_of_id", "t.season_nr", "t.episode_nr", "t.series_years", "t.md5sum"], "Filter": "(t.production_year < 2000)", "Rows Removed by Filter": 1504785, "Shared Hit Blocks": 2488146, "Shared Read Blocks": 44924, "Shared Dirtied Blocks": 0, "Shared Written Blocks": 0, "Local Hit Blocks": 0, "Local Read Blocks": 0, "Local Dirtied Blocks": 0, "Local Written Blocks": 0, "Temp Read Blocks": 0, "Temp Written Blocks": 0, "I/O Read Time": 1022.955, "I/O Write Time": 0.0}, {"Node Type": "Materialize", "Parent Relationship": "Inner", "Parallel Aware": false, "Startup Cost": 81128.91, "Total Cost": 83020.66, "Plan Rows": 378350, "Plan Width": 4, "Actual Startup Time": 590.616, "Actual Total Time": 728.226, "Actual Rows": 218186, "Actual Loops": 1, "Output": ["mc.movie_id"], "Shared Hit Blocks": 0, "Shared Read Blocks": 8662, "Shared Dirtied Blocks": 0, "Shared Written Blocks": 0, "Local Hit Blocks": 0, "Local Read Blocks": 0, "Local Dirtied Blocks": 0, "Local Written Blocks": 0, "Temp Read Blocks": 375, "Temp Written Blocks": 379, "I/O Read Time": 44.536, "I/O Write Time": 0.0, "Plans": [{"Node Type": "Sort", "Parent Relationship": "Outer", "Parallel Aware": false, "Startup Cost": 81128.91, "Total Cost": 82074.79, "Plan Rows": 378350, "Plan Width": 4, "Actual Startup Time": 590.61, "Actual Total Time": 648.482, "Actual Rows": 218186, "Actual Loops": 1, "Output": ["mc.movie_id"], "Sort Key": ["mc.movie_id"], "Sort Method": "external merge", "Sort Space Used": 3000, "Sort Space Type": "Disk", "Shared Hit Blocks": 0, "Shared Read Blocks": 8662, "Shared Dirtied Blocks": 0, "Shared Written Blocks": 0, "Local Hit Blocks": 0, "Local Read Blocks": 0, "Local Dirtied Blocks": 0, "Local Written Blocks": 0, "Temp Read Blocks": 375, "Temp Written Blocks": 379, "I/O Read Time": 44.536, "I/O Write Time": 0.0, "Plans": [{"Node Type": "Index Scan", "Parent Relationship": "Outer", "Parallel Aware": false, "Scan Direction": "Forward", "Index Name": "company_type_id_movie_companies", "Relation Name": "movie_companies", "Schema": "public", "Alias": "mc", "Startup Cost": 0.43, "Total Cost": 40902.99, "Plan Rows": 378350, "Plan Width": 4, "Actual Startup Time": 0.501, "Actual Total Time": 491.692, "Actual Rows": 218186, "Actual Loops": 1, "Output": ["mc.movie_id"], "Index Cond": "(mc.company_type_id > 1)", "Rows Removed by Index Recheck": 0, "Filter": "(mc.company_id < 1451)", "Rows Removed by Filter": 1116697, "Shared Hit Blocks": 0, "Shared Read Blocks": 8662, "Shared Dirtied Blocks": 0, "Shared Written Blocks": 0, "Local Hit Blocks": 0, "Local Read Blocks": 0, "Local Dirtied Blocks": 0, "Local Written Blocks": 0, "Temp Read Blocks": 0, "Temp Written Blocks": 0, "I/O Read Time": 44.536, "I/O Write Time": 0.0}]}]}]}, {"Node Type": "Index Scan", "Parent Relationship": "Inner", "Parallel Aware": false, "Scan Direction": "Forward", "Index Name": "movie_id_cast_info", "Relation Name": "cast_info", "Schema": "public", "Alias": "ci", "Startup Cost": 0.44, "Total Cost": 2.36, "Plan Rows": 28, "Plan Width": 4, "Actual Startup Time": 0.029, "Actual Total Time": 0.136, "Actual Rows": 16, "Actual Loops": 124515, "Output": ["ci.id", "ci.person_id", "ci.movie_id", "ci.person_role_id", "ci.note", "ci.nr_order", "ci.role_id"], "Index Cond": "(ci.movie_id = t.id)", "Rows Removed by Index Recheck": 0, "Filter": "(ci.person_id < 2800476)", "Rows Removed by Filter": 4, "Shared Hit Blocks": 2435437, "Shared Read Blocks": 381835, "Shared Dirtied Blocks": 0, "Shared Written Blocks": 0, "Local Hit Blocks": 0, "Local Read Blocks": 0, "Local Dirtied Blocks": 0, "Local Written Blocks": 0, "Temp Read Blocks": 0, "Temp Written Blocks": 0, "I/O Read Time": 13071.098, "I/O Write Time": 0.0}]}, {"Node Type": "Index Only Scan", "Parent Relationship": "Inner", "Parallel Aware": false, "Scan Direction": "Forward", "Index Name": "movie_id_movie_info", "Relation Name": "movie_info", "Schema": "public", "Alias": "mi", "Startup Cost": 0.43, "Total Cost": 325993.18, "Plan Rows": 14818450, "Plan Width": 4, "Actual Startup Time": 0.032, "Actual Total Time": 12031.162, "Actual Rows": 56947468, "Actual Loops": 1, "Output": ["mi.movie_id"], "Heap Fetches": 0, "Shared Hit Blocks": 11326199, "Shared Read Blocks": 25829, "Shared Dirtied Blocks": 0, "Shared Written Blocks": 0, "Local Hit Blocks": 0, "Local Read Blocks": 0, "Local Dirtied Blocks": 0, "Local Written Blocks": 0, "Temp Read Blocks": 0, "Temp Written Blocks": 0, "I/O Read Time": 105.619, "I/O Write Time": 0.0}]}]}, "Planning": {"Shared Hit Blocks": 336, "Shared Read Blocks": 56, "Shared Dirtied Blocks": 0, "Shared Written Blocks": 0, "Local Hit Blocks": 0, "Local Read Blocks": 0, "Local Dirtied Blocks": 0, "Local Written Blocks": 0, "Temp Read Blocks": 0, "Temp Written Blocks": 0, "I/O Read Time": 4.461, "I/O Write Time": 0.0}, "Planning Time": 7.317, "Triggers": [], "Execution Time": 48531.305}, "template": "scale", "query": "EXPLAIN (ANALYZE, COSTS, BUFFERS, VERBOSE, FORMAT JSON) SELECT COUNT(*) FROM title t,movie_companies mc,cast_info ci,movie_info mi WHERE t.id=mc.movie_id AND t.id=ci.movie_id AND t.id=mi.movie_id AND t.production_year<2000 AND mc.company_id<1451 AND mc.company_type_id>1 AND ci.person_id<2800476;"}
{"planinfo": {"Plan": {"Node Type": "Aggregate", "Strategy": "Plain", "Partial Mode": "Simple", "Parallel Aware": false, "Startup Cost": 14.4, "Total Cost": 14.41, "Plan Rows": 1, "Plan Width": 8, "Actual Startup Time": 0.528, "Actual Total Time": 0.529, "Actual Rows": 1, "Actual Loops": 1, "Output": ["count(*)"], "Shared Hit Blocks": 0, "Shared Read Blocks": 6, "Shared Dirtied Blocks": 0, "Shared Written Blocks": 0, "Local Hit Blocks": 0, "Local Read Blocks": 0, "Local Dirtied Blocks": 0, "Local Written Blocks": 0, "Temp Read Blocks": 0, "Temp Written Blocks": 0, "I/O Read Time": 0.467, "I/O Write Time": 0.0, "Plans": [{"Node Type": "Index Only Scan", "Parent Relationship": "Outer", "Parallel Aware": false, "Scan Direction": "Forward", "Index Name": "person_id_cast_info", "Relation Name": "cast_info", "Schema": "public", "Alias": "ci", "Startup Cost": 0.44, "Total Cost": 13.15, "Plan Rows": 498, "Plan Width": 0, "Actual Startup Time": 0.414, "Actual Total Time": 0.521, "Actual Rows": 13, "Actual Loops": 1, "Output": ["person_id"], "Index Cond": "(ci.person_id = 3049090)", "Rows Removed by Index Recheck": 0, "Heap Fetches": 0, "Shared Hit Blocks": 0, "Shared Read Blocks": 6, "Shared Dirtied Blocks": 0, "Shared Written Blocks": 0, "Local Hit Blocks": 0, "Local Read Blocks": 0, "Local Dirtied Blocks": 0, "Local Written Blocks": 0, "Temp Read Blocks": 0, "Temp Written Blocks": 0, "I/O Read Time": 0.467, "I/O Write Time": 0.0}]}, "Planning": {"Shared Hit Blocks": 70, "Shared Read Blocks": 13, "Shared Dirtied Blocks": 0, "Shared Written Blocks": 0, "Local Hit Blocks": 0, "Local Read Blocks": 0, "Local Dirtied Blocks": 0, "Local Written Blocks": 0, "Temp Read Blocks": 0, "Temp Written Blocks": 0, "I/O Read Time": 0.999, "I/O Write Time": 0.0}, "Planning Time": 1.597, "Triggers": [], "Execution Time": 0.566}, "template": "scale", "query": "EXPLAIN (ANALYZE, COSTS, BUFFERS, VERBOSE, FORMAT JSON) SELECT COUNT(*) FROM cast_info ci WHERE ci.person_id=3049090;"}
{"planinfo": {"Plan": {"Node Type": "Aggregate", "Strategy": "Plain", "Partial Mode": "Simple", "Parallel Aware": false, "Startup Cost": 9.35, "Total Cost": 9.36, "Plan Rows": 1, "Plan Width": 8, "Actual Startup Time": 0.487, "Actual Total Time": 0.487, "Actual Rows": 1, "Actual Loops": 1, "Output": ["count(*)"], "Shared Hit Blocks": 0, "Shared Read Blocks": 4, "Shared Dirtied Blocks": 0, "Shared Written Blocks": 0, "Local Hit Blocks": 0, "Local Read Blocks": 0, "Local Dirtied Blocks": 0, "Local Written Blocks": 0, "Temp Read Blocks": 0, "Temp Written Blocks": 0, "I/O Read Time": 0.373, "I/O Write Time": 0.0, "Plans": [{"Node Type": "Index Only Scan", "Parent Relationship": "Outer", "Parallel Aware": false, "Scan Direction": "Forward", "Index Name": "keyword_id_movie_keyword", "Relation Name": "movie_keyword", "Schema": "public", "Alias": "mk", "Startup Cost": 0.43, "Total Cost": 8.74, "Plan Rows": 246, "Plan Width": 0, "Actual Startup Time": 0.42, "Actual Total Time": 0.451, "Actual Rows": 243, "Actual Loops": 1, "Output": ["keyword_id"], "Index Cond": "(mk.keyword_id = 5703)", "Rows Removed by Index Recheck": 0, "Heap Fetches": 0, "Shared Hit Blocks": 0, "Shared Read Blocks": 4, "Shared Dirtied Blocks": 0, "Shared Written Blocks": 0, "Local Hit Blocks": 0, "Local Read Blocks": 0, "Local Dirtied Blocks": 0, "Local Written Blocks": 0, "Temp Read Blocks": 0, "Temp Written Blocks": 0, "I/O Read Time": 0.373, "I/O Write Time": 0.0}]}, "Planning": {"Shared Hit Blocks": 49, "Shared Read Blocks": 9, "Shared Dirtied Blocks": 0, "Shared Written Blocks": 0, "Local Hit Blocks": 0, "Local Read Blocks": 0, "Local Dirtied Blocks": 0, "Local Written Blocks": 0, "Temp Read Blocks": 0, "Temp Written Blocks": 0, "I/O Read Time": 0.585, "I/O Write Time": 0.0}, "Planning Time": 0.993, "Triggers": [], "Execution Time": 0.517}, "template": "scale", "query": "EXPLAIN (ANALYZE, COSTS, BUFFERS, VERBOSE, FORMAT JSON) SELECT COUNT(*) FROM movie_keyword mk WHERE mk.keyword_id=5703;"}
{"planinfo": {"Plan": {"Node Type": "Aggregate", "Strategy": "Plain", "Partial Mode": "Simple", "Parallel Aware": false, "Startup Cost": 2071.26, "Total Cost": 2071.27, "Plan Rows": 1, "Plan Width": 8, "Actual Startup Time": 208.499, "Actual Total Time": 208.5, "Actual Rows": 1, "Actual Loops": 1, "Output": ["count(*)"], "Shared Hit Blocks": 3078, "Shared Read Blocks": 2361, "Shared Dirtied Blocks": 0, "Shared Written Blocks": 0, "Local Hit Blocks": 0, "Local Read Blocks": 0, "Local Dirtied Blocks": 0, "Local Written Blocks": 0, "Temp Read Blocks": 0, "Temp Written Blocks": 0, "I/O Read Time": 197.926, "I/O Write Time": 0.0, "Plans": [{"Node Type": "Nested Loop", "Parent Relationship": "Outer", "Parallel Aware": false, "Join Type": "Inner", "Startup Cost": 0.86, "Total Cost": 2070.65, "Plan Rows": 246, "Plan Width": 0, "Actual Startup Time": 0.499, "Actual Total Time": 208.187, "Actual Rows": 1365, "Actual Loops": 1, "Inner Unique": true, "Shared Hit Blocks": 3078, "Shared Read Blocks": 2361, "Shared Dirtied Blocks": 0, "Shared Written Blocks": 0, "Local Hit Blocks": 0, "Local Read Blocks": 0, "Local Dirtied Blocks": 0, "Local Written Blocks": 0, "Temp Read Blocks": 0, "Temp Written Blocks": 0, "I/O Read Time": 197.926, "I/O Write Time": 0.0, "Plans": [{"Node Type": "Index Scan", "Parent Relationship": "Outer", "Parallel Aware": false, "Scan Direction": "Forward", "Index Name": "keyword_id_movie_keyword", "Relation Name": "movie_keyword", "Schema": "public", "Alias": "mk", "Startup Cost": 0.43, "Total Cost": 988.56, "Plan Rows": 246, "Plan Width": 4, "Actual Startup Time": 0.391, "Actual Total Time": 108.305, "Actual Rows": 1365, "Actual Loops": 1, "Output": ["mk.id", "mk.movie_id", "mk.keyword_id"], "Index Cond": "(mk.keyword_id = 4618)", "Rows Removed by Index Recheck": 0, "Shared Hit Blocks": 0, "Shared Read Blocks": 1302, "Shared Dirtied Blocks": 0, "Shared Written Blocks": 0, "Local Hit Blocks": 0, "Local Read Blocks": 0, "Local Dirtied Blocks": 0, "Local Written Blocks": 0, "Temp Read Blocks": 0, "Temp Written Blocks": 0, "I/O Read Time": 105.728, "I/O Write Time": 0.0}, {"Node Type": "Index Only Scan", "Parent Relationship": "Inner", "Parallel Aware": false, "Scan Direction": "Forward", "Index Name": "title_pkey", "Relation Name": "title", "Schema": "public", "Alias": "t", "Startup Cost": 0.43, "Total Cost": 4.4, "Plan Rows": 1, "Plan Width": 4, "Actual Startup Time": 0.072, "Actual Total Time": 0.072, "Actual Rows": 1, "Actual Loops": 1365, "Output": ["t.id"], "Index Cond": "(t.id = mk.movie_id)", "Rows Removed by Index Recheck": 0, "Heap Fetches": 0, "Shared Hit Blocks": 3078, "Shared Read Blocks": 1059, "Shared Dirtied Blocks": 0, "Shared Written Blocks": 0, "Local Hit Blocks": 0, "Local Read Blocks": 0, "Local Dirtied Blocks": 0, "Local Written Blocks": 0, "Temp Read Blocks": 0, "Temp Written Blocks": 0, "I/O Read Time": 92.197, "I/O Write Time": 0.0}]}]}, "Planning": {"Shared Hit Blocks": 101, "Shared Read Blocks": 26, "Shared Dirtied Blocks": 0, "Shared Written Blocks": 0, "Local Hit Blocks": 0, "Local Read Blocks": 0, "Local Dirtied Blocks": 0, "Local Written Blocks": 0, "Temp Read Blocks": 0, "Temp Written Blocks": 0, "I/O Read Time": 1.852, "I/O Write Time": 0.0}, "Planning Time": 2.737, "Triggers": [], "Execution Time": 208.559}, "template": "scale", "query": "EXPLAIN (ANALYZE, COSTS, BUFFERS, VERBOSE, FORMAT JSON) SELECT COUNT(*) FROM title t,movie_keyword mk WHERE t.id=mk.movie_id AND mk.keyword_id=4618;"}
{"planinfo": {"Plan": {"Node Type": "Aggregate", "Strategy": "Plain", "Partial Mode": "Simple", "Parallel Aware": false, "Startup Cost": 72714.37, "Total Cost": 72714.38, "Plan Rows": 1, "Plan Width": 8, "Actual Startup Time": 798.389, "Actual Total Time": 798.39, "Actual Rows": 1, "Actual Loops": 1, "Output": ["count(*)"], "Shared Hit Blocks": 0, "Shared Read Blocks": 35998, "Shared Dirtied Blocks": 0, "Shared Written Blocks": 0, "Local Hit Blocks": 0, "Local Read Blocks": 0, "Local Dirtied Blocks": 0, "Local Written Blocks": 0, "Temp Read Blocks": 0, "Temp Written Blocks": 0, "I/O Read Time": 59.548, "I/O Write Time": 0.0, "Plans": [{"Node Type": "Seq Scan", "Parent Relationship": "Outer", "Parallel Aware": false, "Relation Name": "title", "Schema": "public", "Alias": "t", "Startup Cost": 0.0, "Total Cost": 67604.5, "Plan Rows": 2043947, "Plan Width": 0, "Actual Startup Time": 0.136, "Actual Total Time": 584.224, "Actual Rows": 2046723, "Actual Loops": 1, "Output": ["id", "title", "imdb_index", "kind_id", "production_year", "imdb_id", "phonetic_code", "episode_of_id", "season_nr", "episode_nr", "series_years", "md5sum"], "Filter": "(t.production_year > 1972)", "Rows Removed by Filter": 481589, "Shared Hit Blocks": 0, "Shared Read Blocks": 35998, "Shared Dirtied Blocks": 0, "Shared Written Blocks": 0, "Local Hit Blocks": 0, "Local Read Blocks": 0, "Local Dirtied Blocks": 0, "Local Written Blocks": 0, "Temp Read Blocks": 0, "Temp Written Blocks": 0, "I/O Read Time": 59.548, "I/O Write Time": 0.0}]}, "Planning": {"Shared Hit Blocks": 38, "Shared Read Blocks": 7, "Shared Dirtied Blocks": 0, "Shared Written Blocks": 0, "Local Hit Blocks": 0, "Local Read Blocks": 0, "Local Dirtied Blocks": 0, "Local Written Blocks": 0, "Temp Read Blocks": 0, "Temp Written Blocks": 0, "I/O Read Time": 0.451, "I/O Write Time": 0.0}, "Planning Time": 0.789, "Triggers": [], "Execution Time": 798.438}, "template": "scale", "query": "EXPLAIN (ANALYZE, COSTS, BUFFERS, VERBOSE, FORMAT JSON) SELECT COUNT(*) FROM title t WHERE t.production_year>1972;"}
{"planinfo": {"Plan": {"Node Type": "Aggregate", "Strategy": "Plain", "Partial Mode": "Simple", "Parallel Aware": false, "Startup Cost": 115414.9, "Total Cost": 115414.91, "Plan Rows": 1, "Plan Width": 8, "Actual Startup Time": 735.331, "Actual Total Time": 735.333, "Actual Rows": 1, "Actual Loops": 1, "Output": ["count(*)"], "Shared Hit Blocks": 42523, "Shared Read Blocks": 39847, "Shared Dirtied Blocks": 0, "Shared Written Blocks": 0, "Local Hit Blocks": 0, "Local Read Blocks": 0, "Local Dirtied Blocks": 0, "Local Written Blocks": 0, "Temp Read Blocks": 0, "Temp Written Blocks": 0, "I/O Read Time": 157.613, "I/O Write Time": 0.0, "Plans": [{"Node Type": "Nested Loop", "Parent Relationship": "Outer", "Parallel Aware": false, "Join Type": "Inner", "Startup Cost": 0.43, "Total Cost": 115347.08, "Plan Rows": 27131, "Plan Width": 0, "Actual Startup Time": 300.737, "Actual Total Time": 730.282, "Actual Rows": 33733, "Actual Loops": 1, "Inner Unique": false, "Shared Hit Blocks": 42523, "Shared Read Blocks": 39847, "Shared Dirtied Blocks": 0, "Shared Written Blocks": 0, "Local Hit Blocks": 0, "Local Read Blocks": 0, "Local Dirtied Blocks": 0, "Local Written Blocks": 0, "Temp Read Blocks": 0, "Temp Written Blocks": 0, "I/O Read Time": 157.613, "I/O Write Time": 0.0, "Plans": [{"Node Type": "Seq Scan", "Parent Relationship": "Outer", "Parallel Aware": false, "Relation Name": "title", "Schema": "public", "Alias": "t", "Startup Cost": 0.0, "Total Cost": 73925.8, "Plan Rows": 26293, "Plan Width": 4, "Actual Startup Time": 298.919, "Actual Total Time": 550.267, "Actual Rows": 15457, "Actual Loops": 1, "Output": ["t.id", "t.title", "t.imdb_index", "t.kind_id", "t.production_year", "t.imdb_id", "t.phonetic_code", "t.episode_of_id", "t.season_nr", "t.episode_nr", "t.series_years", "t.md5sum"], "Filter": "((t.kind_id = 1) AND (t.production_year = 2005))", "Rows Removed by Filter": 2512855, "Shared Hit Blocks": 0, "Shared Read Blocks": 35998, "Shared Dirtied Blocks": 0, "Shared Written Blocks": 0, "Local Hit Blocks": 0, "Local Read Blocks": 0, "Local Dirtied Blocks": 0, "Local Written Blocks": 0, "Temp Read Blocks": 0, "Temp Written Blocks": 0, "I/O Read Time": 66.699, "I/O Write Time": 0.0}, {"Node Type": "Index Only Scan", "Parent Relationship": "Inner", "Parallel Aware": false, "Scan Direction": "Forward", "Index Name": "movie_id_movie_companies", "Relation Name": "movie_companies", "Schema": "public", "Alias": "mc", "Startup Cost": 0.43, "Total Cost": 1.53, "Plan Rows": 5, "Plan Width": 4, "Actual Startup Time": 0.01, "Actual Total Time": 0.011, "Actual Rows": 2, "Actual Loops": 15457, "Output": ["mc.movie_id"], "Index Cond": "(mc.movie_id = t.id)", "Rows Removed by Index Recheck": 0, "Heap Fetches": 0, "Shared Hit Blocks": 42523, "Shared Read Blocks": 3849, "Shared Dirtied Blocks": 0, "Shared Written Blocks": 0, "Local Hit Blocks": 0, "Local Read Blocks": 0, "Local Dirtied Blocks": 0, "Local Written Blocks": 0, "Temp Read Blocks": 0, "Temp Written Blocks": 0, "I/O Read Time": 90.913, "I/O Write Time": 0.0}]}]}, "Planning": {"Shared Hit Blocks": 115, "Shared Read Blocks": 28, "Shared Dirtied Blocks": 0, "Shared Written Blocks": 0, "Local Hit Blocks": 0, "Local Read Blocks": 0, "Local Dirtied Blocks": 0, "Local Written Blocks": 0, "Temp Read Blocks": 0, "Temp Written Blocks": 0, "I/O Read Time": 1.998, "I/O Write Time": 0.0}, "Planning Time": 2.962, "Triggers": [], "Execution Time": 735.415}, "template": "scale", "query": "EXPLAIN (ANALYZE, COSTS, BUFFERS, VERBOSE, FORMAT JSON) SELECT COUNT(*) FROM title t,movie_companies mc WHERE t.id=mc.movie_id AND t.kind_id=1 AND t.production_year=2005;"}
{"planinfo": {"Plan": {"Node Type": "Aggregate", "Strategy": "Plain", "Partial Mode": "Simple", "Parallel Aware": false, "Startup Cost": 479736.51, "Total Cost": 479736.52, "Plan Rows": 1, "Plan Width": 8, "Actual Startup Time": 5464.754, "Actual Total Time": 5464.758, "Actual Rows": 1, "Actual Loops": 1, "Output": ["count(*)"], "Shared Hit Blocks": 3, "Shared Read Blocks": 197991, "Shared Dirtied Blocks": 0, "Shared Written Blocks": 0, "Local Hit Blocks": 0, "Local Read Blocks": 0, "Local Dirtied Blocks": 0, "Local Written Blocks": 0, "Temp Read Blocks": 11676, "Temp Written Blocks": 11676, "I/O Read Time": 329.604, "I/O Write Time": 0.0, "Plans": [{"Node Type": "Hash Join", "Parent Relationship": "Outer", "Parallel Aware": false, "Join Type": "Inner", "Startup Cost": 97970.46, "Total Cost": 475662.28, "Plan Rows": 1629691, "Plan Width": 0, "Actual Startup Time": 1386.815, "Actual Total Time": 5392.294, "Actual Rows": 687938, "Actual Loops": 1, "Inner Unique": true, "Hash Cond": "(mi.movie_id = t.id)", "Shared Hit Blocks": 3, "Shared Read Blocks": 197991, "Shared Dirtied Blocks": 0, "Shared Written Blocks": 0, "Local Hit Blocks": 0, "Local Read Blocks": 0, "Local Dirtied Blocks": 0, "Local Written Blocks": 0, "Temp Read Blocks": 11676, "Temp Written Blocks": 11676, "I/O Read Time": 329.604, "I/O Write Time": 0.0, "Plans": [{"Node Type": "Seq Scan", "Parent Relationship": "Outer", "Parallel Aware": false, "Relation Name": "movie_info", "Schema": "public", "Alias": "mi", "Startup Cost": 0.0, "Total Cost": 347223.62, "Plan Rows": 2226354, "Plan Width": 4, "Actual Startup Time": 175.2, "Actual Total Time": 2808.888, "Actual Rows": 2233850, "Actual Loops": 1, "Output": ["mi.movie_id"], "Filter": "(mi.info_type_id > 16)", "Rows Removed by Filter": 12601870, "Shared Hit Blocks": 0, "Shared Read Blocks": 161993, "Shared Dirtied Blocks": 0, "Shared Written Blocks": 0, "Local Hit Blocks": 0, "Local Read Blocks": 0, "Local Dirtied Blocks": 0, "Local Written Blocks": 0, "Temp Read Blocks": 0, "Temp Written Blocks": 0, "I/O Read Time": 270.649, "I/O Write Time": 0.0}, {"Node Type": "Hash", "Parent Relationship": "Inner", "Parallel Aware": false, "Startup Cost": 67604.5, "Total Cost": 67604.5, "Plan Rows": 1850877, "Plan Width": 4, "Actual Startup Time": 1210.831, "Actual Total Time": 1210.832, "Actual Rows": 1865487, "Actual Loops": 1, "Output": ["t.id"], "Hash Buckets": 131072, "Original Hash Buckets": 131072, "Hash Batches": 32, "Original Hash Batches": 32, "Peak Memory Usage": 3079, "Shared Hit Blocks": 0, "Shared Read Blocks": 35998, "Shared Dirtied Blocks": 0, "Shared Written Blocks": 0, "Local Hit Blocks": 0, "Local Read Blocks": 0, "Local Dirtied Blocks": 0, "Local Written Blocks": 0, "Temp Read Blocks": 0, "Temp Written Blocks": 5278, "I/O Read Time": 58.955, "I/O Write Time": 0.0, "Plans": [{"Node Type": "Seq Scan", "Parent Relationship": "Outer", "Parallel Aware": false, "Relation Name": "title", "Schema": "public", "Alias": "t", "Startup Cost": 0.0, "Total Cost": 67604.5, "Plan Rows": 1850877, "Plan Width": 4, "Actual Startup Time": 0.158, "Actual Total Time": 649.141, "Actual Rows": 1865487, "Actual Loops": 1, "Output": ["t.id"], "Filter": "(t.kind_id > 1)", "Rows Removed by Filter": 662825, "Shared Hit Blocks": 0, "Shared Read Blocks": 35998, "Shared Dirtied Blocks": 0, "Shared Written Blocks": 0, "Local Hit Blocks": 0, "Local Read Blocks": 0, "Local Dirtied Blocks": 0, "Local Written Blocks": 0, "Temp Read Blocks": 0, "Temp Written Blocks": 0, "I/O Read Time": 58.955, "I/O Write Time": 0.0}]}]}]}, "Planning": {"Shared Hit Blocks": 107, "Shared Read Blocks": 31, "Shared Dirtied Blocks": 0, "Shared Written Blocks": 0, "Local Hit Blocks": 0, "Local Read Blocks": 0, "Local Dirtied Blocks": 0, "Local Written Blocks": 0, "Temp Read Blocks": 0, "Temp Written Blocks": 0, "I/O Read Time": 2.084, "I/O Write Time": 0.0}, "Planning Time": 3.194, "Triggers": [], "Execution Time": 5464.969}, "template": "scale", "query": "EXPLAIN (ANALYZE, COSTS, BUFFERS, VERBOSE, FORMAT JSON) SELECT COUNT(*) FROM title t,movie_info mi WHERE t.id=mi.movie_id AND t.kind_id>1 AND mi.info_type_id>16;"}
{"planinfo": {"Plan": {"Node Type": "Aggregate", "Strategy": "Plain", "Partial Mode": "Simple", "Parallel Aware": false, "Startup Cost": 142441.56, "Total Cost": 142441.57, "Plan Rows": 1, "Plan Width": 8, "Actual Startup Time": 1034.496, "Actual Total Time": 1034.498, "Actual Rows": 1, "Actual Loops": 1, "Output": ["count(*)"], "Shared Hit Blocks": 247955, "Shared Read Blocks": 41823, "Shared Dirtied Blocks": 0, "Shared Written Blocks": 0, "Local Hit Blocks": 0, "Local Read Blocks": 0, "Local Dirtied Blocks": 0, "Local Written Blocks": 0, "Temp Read Blocks": 0, "Temp Written Blocks": 0, "I/O Read Time": 173.268, "I/O Write Time": 0.0, "Plans": [{"Node Type": "Nested Loop", "Parent Relationship": "Outer", "Parallel Aware": false, "Join Type": "Inner", "Startup Cost": 0.43, "Total Cost": 142222.82, "Plan Rows": 87493, "Plan Width": 0, "Actual Startup Time": 0.476, "Actual Total Time": 1023.226, "Actual Rows": 75723, "Actual Loops": 1, "Inner Unique": false, "Shared Hit Blocks": 247955, "Shared Read Blocks": 41823, "Shared Dirtied Blocks": 0, "Shared Written Blocks": 0, "Local Hit Blocks": 0, "Local Read Blocks": 0, "Local Dirtied Blocks": 0, "Local Written Blocks": 0, "Temp Read Blocks": 0, "Temp Written Blocks": 0, "I/O Read Time": 173.268, "I/O Write Time": 0.0, "Plans": [{"Node Type": "Seq Scan", "Parent Relationship": "Outer", "Parallel Aware": false, "Relation Name": "title", "Schema": "public", "Alias": "t", "Startup Cost": 0.0, "Total Cost": 67604.5, "Plan Rows": 84790, "Plan Width": 4, "Actual Startup Time": 0.153, "Actual Total Time": 526.682, "Actual Rows": 84593, "Actual Loops": 1, "Output": ["t.id", "t.title", "t.imdb_index", "t.kind_id", "t.production_year", "t.imdb_id", "t.phonetic_code", "t.episode_of_id", "t.season_nr", "t.episode_nr", "t.series_years", "t.md5sum"], "Filter": "(t.production_year = 2004)", "Rows Removed by Filter": 2443719, "Shared Hit Blocks": 0, "Shared Read Blocks": 35998, "Shared Dirtied Blocks": 0, "Shared Written Blocks": 0, "Local Hit Blocks": 0, "Local Read Blocks": 0, "Local Dirtied Blocks": 0, "Local Written Blocks": 0, "Temp Read Blocks": 0, "Temp Written Blocks": 0, "I/O Read Time": 62.235, "I/O Write Time": 0.0}, {"Node Type": "Index Only Scan", "Parent Relationship": "Inner", "Parallel Aware": false, "Scan Direction": "Forward", "Index Name": "movie_id_movie_companies", "Relation Name": "movie_companies", "Schema": "public", "Alias": "mc", "Startup Cost": 0.43, "Total Cost": 0.83, "Plan Rows": 5, "Plan Width": 4, "Actual Startup Time": 0.005, "Actual Total Time": 0.005, "Actual Rows": 1, "Actual Loops": 84593, "Output": ["mc.movie_id"], "Index Cond": "(mc.movie_id = t.id)", "Rows Removed by Index Recheck": 0, "Heap Fetches": 0, "Shared Hit Blocks": 247955, "Shared Read Blocks": 5825, "Shared Dirtied Blocks": 0, "Shared Written Blocks": 0, "Local Hit Blocks": 0, "Local Read Blocks": 0, "Local Dirtied Blocks": 0, "Local Written Blocks": 0, "Temp Read Blocks": 0, "Temp Written Blocks": 0, "I/O Read Time": 111.033, "I/O Write Time": 0.0}]}]}, "Planning": {"Shared Hit Blocks": 112, "Shared Read Blocks": 28, "Shared Dirtied Blocks": 0, "Shared Written Blocks": 0, "Local Hit Blocks": 0, "Local Read Blocks": 0, "Local Dirtied Blocks": 0, "Local Written Blocks": 0, "Temp Read Blocks": 0, "Temp Written Blocks": 0, "I/O Read Time": 2.106, "I/O Write Time": 0.0}, "Planning Time": 3.172, "Triggers": [], "Execution Time": 1034.592}, "template": "scale", "query": "EXPLAIN (ANALYZE, COSTS, BUFFERS, VERBOSE, FORMAT JSON) SELECT COUNT(*) FROM title t,movie_companies mc WHERE t.id=mc.movie_id AND t.production_year=2004;"}
{"planinfo": {"Plan": {"Node Type": "Aggregate", "Strategy": "Plain", "Partial Mode": "Simple", "Parallel Aware": false, "Startup Cost": 596568.24, "Total Cost": 596568.25, "Plan Rows": 1, "Plan Width": 8, "Actual Startup Time": 14217.982, "Actual Total Time": 14217.985, "Actual Rows": 1, "Actual Loops": 1, "Output": ["count(*)"], "Shared Hit Blocks": 3, "Shared Read Blocks": 197991, "Shared Dirtied Blocks": 0, "Shared Written Blocks": 0, "Local Hit Blocks": 0, "Local Read Blocks": 0, "Local Dirtied Blocks": 0, "Local Written Blocks": 0, "Temp Read Blocks": 47366, "Temp Written Blocks": 47366, "I/O Read Time": 328.126, "I/O Write Time": 0.0, "Plans": [{"Node Type": "Hash Join", "Parent Relationship": "Outer", "Parallel Aware": false, "Join Type": "Inner", "Startup Cost": 97690.85, "Total Cost": 569700.85, "Plan Rows": 10746957, "Plan Width": 0, "Actual Startup Time": 1242.631, "Actual Total Time": 13204.308, "Actual Rows": 9631551, "Actual Loops": 1, "Inner Unique": true, "Hash Cond": "(mi.movie_id = t.id)", "Shared Hit Blocks": 3, "Shared Read Blocks": 197991, "Shared Dirtied Blocks": 0, "Shared Written Blocks": 0, "Local Hit Blocks": 0, "Local Read Blocks": 0, "Local Dirtied Blocks": 0, "Local Written Blocks": 0, "Temp Read Blocks": 47366, "Temp Written Blocks": 47366, "I/O Read Time": 328.126, "I/O Write Time": 0.0, "Plans": [{"Node Type": "Seq Scan", "Parent Relationship": "Outer", "Parallel Aware": false, "Relation Name": "movie_info", "Schema": "public", "Alias": "mi", "Startup Cost": 0.0, "Total Cost": 310177.5, "Plan Rows": 14818450, "Plan Width": 4, "Actual Startup Time": 0.204, "Actual Total Time": 3298.97, "Actual Rows": 14835720, "Actual Loops": 1, "Output": ["mi.movie_id"], "Shared Hit Blocks": 0, "Shared Read Blocks": 161993, "Shared Dirtied Blocks": 0, "Shared Written Blocks": 0, "Local Hit Blocks": 0, "Local Read Blocks": 0, "Local Dirtied Blocks": 0, "Local Written Blocks": 0, "Temp Read Blocks": 0, "Temp Written Blocks": 0, "I/O Read Time": 269.025, "I/O Write Time": 0.0}, {"Node Type": "Hash", "Parent Relationship": "Inner", "Parallel Aware": false, "Startup Cost": 67604.5, "Total Cost": 67604.5, "Plan Rows": 1833788, "Plan Width": 4, "Actual Startup Time": 1241.602, "Actual Total Time": 1241.603, "Actual Rows": 1833367, "Actual Loops": 1, "Output": ["t.id"], "Hash Buckets": 131072, "Original Hash Buckets": 131072, "Hash Batches": 32, "Original Hash Batches": 32, "Peak Memory Usage": 3045, "Shared Hit Blocks": 0, "Shared Read Blocks": 35998, "Shared Dirtied Blocks": 0, "Shared Written Blocks": 0, "Local Hit Blocks": 0, "Local Read Blocks": 0, "Local Dirtied Blocks": 0, "Local Written Blocks": 0, "Temp Read Blocks": 0, "Temp Written Blocks": 5186, "I/O Read Time": 59.102, "I/O Write Time": 0.0, "Plans": [{"Node Type": "Seq Scan", "Parent Relationship": "Outer", "Parallel Aware": false, "Relation Name": "title", "Schema": "public", "Alias": "t", "Startup Cost": 0.0, "Total Cost": 67604.5, "Plan Rows": 1833788, "Plan Width": 4, "Actual Startup Time": 0.141, "Actual Total Time": 681.613, "Actual Rows": 1833367, "Actual Loops": 1, "Output": ["t.id"], "Filter": "(t.production_year > 1986)", "Rows Removed by Filter": 694945, "Shared Hit Blocks": 0, "Shared Read Blocks": 35998, "Shared Dirtied Blocks": 0, "Shared Written Blocks": 0, "Local Hit Blocks": 0, "Local Read Blocks": 0, "Local Dirtied Blocks": 0, "Local Written Blocks": 0, "Temp Read Blocks": 0, "Temp Written Blocks": 0, "I/O Read Time": 59.102, "I/O Write Time": 0.0}]}]}]}, "Planning": {"Shared Hit Blocks": 102, "Shared Read Blocks": 29, "Shared Dirtied Blocks": 0, "Shared Written Blocks": 0, "Local Hit Blocks": 0, "Local Read Blocks": 0, "Local Dirtied Blocks": 0, "Local Written Blocks": 0, "Temp Read Blocks": 0, "Temp Written Blocks": 0, "I/O Read Time": 2.069, "I/O Write Time": 0.0}, "Planning Time": 3.0, "Triggers": [], "Execution Time": 14218.172}, "template": "scale", "query": "EXPLAIN (ANALYZE, COSTS, BUFFERS, VERBOSE, FORMAT JSON) SELECT COUNT(*) FROM title t,movie_info mi WHERE t.id=mi.movie_id AND t.production_year>1986;"}
{"planinfo": {"Plan": {"Node Type": "Aggregate", "Strategy": "Plain", "Partial Mode": "Simple", "Parallel Aware": false, "Startup Cost": 126145.0, "Total Cost": 126145.01, "Plan Rows": 1, "Plan Width": 8, "Actual Startup Time": 1629.176, "Actual Total Time": 1629.179, "Actual Rows": 1, "Actual Loops": 1, "Output": ["count(*)"], "Shared Hit Blocks": 3, "Shared Read Blocks": 43933, "Shared Dirtied Blocks": 0, "Shared Written Blocks": 0, "Local Hit Blocks": 0, "Local Read Blocks": 0, "Local Dirtied Blocks": 0, "Local Written Blocks": 0, "Temp Read Blocks": 3862, "Temp Written Blocks": 3862, "I/O Read Time": 100.883, "I/O Write Time": 0.0, "Plans": [{"Node Type": "Hash Join", "Parent Relationship": "Outer", "Parallel Aware": false, "Join Type": "Inner", "Startup Cost": 32745.36, "Total Cost": 125652.23, "Plan Rows": 197109, "Plan Width": 0, "Actual Startup Time": 442.282, "Actual Total Time": 1615.207, "Actual Rows": 109567, "Actual Loops": 1, "Inner Unique": false, "Hash Cond": "(t.id = mi_idx.movie_id)", "Shared Hit Blocks": 3, "Shared Read Blocks": 43933, "Shared Dirtied Blocks": 0, "Shared Written Blocks": 0, "Local Hit Blocks": 0, "Local Read Blocks": 0, "Local Dirtied Blocks": 0, "Local Written Blocks": 0, "Temp Read Blocks": 3862, "Temp Written Blocks": 3862, "I/O Read Time": 100.883, "I/O Write Time": 0.0, "Plans": [{"Node Type": "Seq Scan", "Parent Relationship": "Outer", "Parallel Aware": false, "Relation Name": "title", "Schema": "public", "Alias": "t", "Startup Cost": 0.0, "Total Cost": 73925.8, "Plan Rows": 1081596, "Plan Width": 4, "Actual Startup Time": 0.144, "Actual Total Time": 627.428, "Actual Rows": 1044222, "Actual Loops": 1, "Output": ["t.id"], "Filter": "((t.production_year < 2009) AND (t.kind_id = 7))", "Rows Removed by Filter": 1484090, "Shared Hit Blocks": 0, "Shared Read Blocks": 35998, "Shared Dirtied Blocks": 0, "Shared Written Blocks": 0, "Local Hit Blocks": 0, "Local Read Blocks": 0, "Local Dirtied Blocks": 0, "Local Written Blocks": 0, "Temp Read Blocks": 0, "Temp Written Blocks": 0, "I/O Read Time": 59.848, "I/O Write Time": 0.0}, {"Node Type": "Hash", "Parent Relationship": "Inner", "Parallel Aware": false, "Startup Cost": 25185.44, "Total Cost": 25185.44, "Plan Rows": 460794, "Plan Width": 4, "Actual Startup Time": 441.453, "Actual Total Time": 441.454, "Actual Rows": 459925, "Actual Loops": 1, "Output": ["mi_idx.movie_id"], "Hash Buckets": 131072, "Original Hash Buckets": 131072, "Hash Batches": 8, "Original Hash Batches": 8, "Peak Memory Usage": 3050, "Shared Hit Blocks": 0, "Shared Read Blocks": 7935, "Shared Dirtied Blocks": 0, "Shared Written Blocks": 0, "Local Hit Blocks": 0, "Local Read Blocks": 0, "Local Dirtied Blocks": 0, "Local Written Blocks": 0, "Temp Read Blocks": 0, "Temp Written Blocks": 1175, "I/O Read Time": 41.035, "I/O Write Time": 0.0, "Plans": [{"Node Type": "Seq Scan", "Parent Relationship": "Outer", "Parallel Aware": false, "Relation Name": "movie_info_idx", "Schema": "public", "Alias": "mi_idx", "Startup Cost": 0.0, "Total Cost": 25185.44, "Plan Rows": 460794, "Plan Width": 4, "Actual Startup Time": 0.138, "Actual Total Time": 300.319, "Actual Rows": 459925, "Actual Loops": 1, "Output": ["mi_idx.movie_id"], "Filter": "(mi_idx.info_type_id = 101)", "Rows Removed by Filter": 920110, "Shared Hit Blocks": 0, "Shared Read Blocks": 7935, "Shared Dirtied Blocks": 0, "Shared Written Blocks": 0, "Local Hit Blocks": 0, "Local Read Blocks": 0, "Local Dirtied Blocks": 0, "Local Written Blocks": 0, "Temp Read Blocks": 0, "Temp Written Blocks": 0, "I/O Read Time": 41.035, "I/O Write Time": 0.0}]}]}]}, "Planning": {"Shared Hit Blocks": 104, "Shared Read Blocks": 27, "Shared Dirtied Blocks": 0, "Shared Written Blocks": 0, "Local Hit Blocks": 0, "Local Read Blocks": 0, "Local Dirtied Blocks": 0, "Local Written Blocks": 0, "Temp Read Blocks": 0, "Temp Written Blocks": 0, "I/O Read Time": 1.988, "I/O Write Time": 0.0}, "Planning Time": 2.999, "Triggers": [], "Execution Time": 1629.385}, "template": "scale", "query": "EXPLAIN (ANALYZE, COSTS, BUFFERS, VERBOSE, FORMAT JSON) SELECT COUNT(*) FROM title t,movie_info_idx mi_idx WHERE t.id=mi_idx.movie_id AND t.kind_id=7 AND t.production_year<2009 AND mi_idx.info_type_id=101;"}
{"planinfo": {"Plan": {"Node Type": "Aggregate", "Strategy": "Plain", "Partial Mode": "Simple", "Parallel Aware": false, "Startup Cost": 152460.02, "Total Cost": 152460.03, "Plan Rows": 1, "Plan Width": 8, "Actual Startup Time": 6160.331, "Actual Total Time": 6160.334, "Actual Rows": 1, "Actual Loops": 1, "Output": ["count(*)"], "Shared Hit Blocks": 1281250, "Shared Read Blocks": 63341, "Shared Dirtied Blocks": 0, "Shared Written Blocks": 0, "Local Hit Blocks": 0, "Local Read Blocks": 0, "Local Dirtied Blocks": 0, "Local Written Blocks": 0, "Temp Read Blocks": 0, "Temp Written Blocks": 0, "I/O Read Time": 771.098, "I/O Write Time": 0.0, "Plans": [{"Node Type": "Nested Loop", "Parent Relationship": "Outer", "Parallel Aware": false, "Join Type": "Inner", "Startup Cost": 74064.46, "Total Cost": 152153.71, "Plan Rows": 122525, "Plan Width": 0, "Actual Startup Time": 633.621, "Actual Total Time": 5311.831, "Actual Rows": 7924201, "Actual Loops": 1, "Inner Unique": false, "Join Filter": "(t.id = ci.movie_id)", "Rows Removed by Join Filter": 0, "Shared Hit Blocks": 1281250, "Shared Read Blocks": 63341, "Shared Dirtied Blocks": 0, "Shared Written Blocks": 0, "Local Hit Blocks": 0, "Local Read Blocks": 0, "Local Dirtied Blocks": 0, "Local Written Blocks": 0, "Temp Read Blocks": 0, "Temp Written Blocks": 0, "I/O Read Time": 771.098, "I/O Write Time": 0.0, "Plans": [{"Node Type": "Nested Loop", "Parent Relationship": "Outer", "Parallel Aware": false, "Join Type": "Inner", "Startup Cost": 74064.02, "Total Cost": 138538.61, "Plan Rows": 8536, "Plan Width": 12, "Actual Startup Time": 633.303, "Actual Total Time": 1751.845, "Actual Rows": 119819, "Actual Loops": 1, "Output": ["t.id", "mc.movie_id", "mk.movie_id"], "Inner Unique": false, "Join Filter": "(t.id = mk.movie_id)", "Rows Removed by Join Filter": 0, "Shared Hit Blocks": 27332, "Shared Read Blocks": 60793, "Shared Dirtied Blocks": 0, "Shared Written Blocks": 0, "Local Hit Blocks": 0, "Local Read Blocks": 0, "Local Dirtied Blocks": 0, "Local Written Blocks": 0, "Temp Read Blocks": 0, "Temp Written Blocks": 0, "I/O Read Time": 487.749, "I/O Write Time": 0.0, "Plans": [{"Node Type": "Hash Join", "Parent Relationship": "Outer", "Parallel Aware": false, "Join Type": "Inner", "Startup Cost": 74063.59, "Total Cost": 128486.12, "Plan Rows": 5013, "Plan Width": 8, "Actual Startup Time": 632.956, "Actual Total Time": 1297.065, "Actual Rows": 8987, "Actual Loops": 1, "Output": ["t.id", "mc.movie_id"], "Inner Unique": true, "Hash Cond": "(mc.movie_id = t.id)", "Shared Hit Blocks": 3, "Shared Read Blocks": 54788, "Shared Dirtied Blocks": 0, "Shared Written Blocks": 0, "Local Hit Blocks": 0, "Local Read Blocks": 0, "Local Dirtied Blocks": 0, "Local Written Blocks": 0, "Temp Read Blocks": 0, "Temp Written Blocks": 0, "I/O Read Time": 164.391, "I/O Write Time": 0.0, "Plans": [{"Node Type": "Seq Scan", "Parent Relationship": "Outer", "Parallel Aware": false, "Relation Name": "movie_companies", "Schema": "public", "Alias": "mc", "Startup Cost": 0.0, "Total Cost": 51404.11, "Plan Rows": 1149873, "Plan Width": 4, "Actual Startup Time": 85.349, "Actual Total Time": 551.14, "Actual Rows": 1142566, "Actual Loops": 1, "Output": ["mc.id", "mc.movie_id", "mc.company_id", "mc.company_type_id", "mc.note"], "Filter": "(mc.company_id > 13255)", "Rows Removed by Filter": 1466563, "Shared Hit Blocks": 0, "Shared Read Blocks": 18790, "Shared Dirtied Blocks": 0, "Shared Written Blocks": 0, "Local Hit Blocks": 0, "Local Read Blocks": 0, "Local Dirtied Blocks": 0, "Local Written Blocks": 0, "Temp Read Blocks": 0, "Temp Written Blocks": 0, "I/O Read Time": 97.98, "I/O Write Time": 0.0}, {"Node Type": "Hash", "Parent Relationship": "Inner", "Parallel Aware": false, "Startup Cost": 73925.8, "Total Cost": 73925.8, "Plan Rows": 11023, "Plan Width": 4, "Actual Startup Time": 547.005, "Actual Total Time": 547.006, "Actual Rows": 10528, "Actual Loops": 1, "Output": ["t.id"], "Hash Buckets": 16384, "Original Hash Buckets": 16384, "Hash Batches": 1, "Original Hash Batches": 1, "Peak Memory Usage": 499, "Shared Hit Blocks": 0, "Shared Read Blocks": 35998, "Shared Dirtied Blocks": 0, "Shared Written Blocks": 0, "Local Hit Blocks": 0, "Local Read Blocks": 0, "Local Dirtied Blocks": 0, "Local Written Blocks": 0, "Temp Read Blocks": 0, "Temp Written Blocks": 0, "I/O Read Time": 66.411, "I/O Write Time": 0.0, "Plans": [{"Node Type": "Seq Scan", "Parent Relationship": "Outer", "Parallel Aware": false, "Relation Name": "title", "Schema": "public", "Alias": "t", "Startup Cost": 0.0, "Total Cost": 73925.8, "Plan Rows": 11023, "Plan Width": 4, "Actual Startup Time": 0.723, "Actual Total Time": 542.219, "Actual Rows": 10528, "Actual Loops": 1, "Output": ["t.id"], "Filter": "((t.kind_id < 7) AND (t.production_year = 1993))", "Rows Removed by Filter": 2517784, "Shared Hit Blocks": 0, "Shared Read Blocks": 35998, "Shared Dirtied Blocks": 0, "Shared Written Blocks": 0, "Local Hit Blocks": 0, "Local Read Blocks": 0, "Local Dirtied Blocks": 0, "Local Written Blocks": 0, "Temp Read Blocks": 0, "Temp Written Blocks": 0, "I/O Read Time": 66.411, "I/O Write Time": 0.0}]}]}, {"Node Type": "Index Scan", "Parent Relationship": "Inner", "Parallel Aware": false, "Scan Direction": "Forward", "Index Name": "movie_id_movie_keyword", "Relation Name": "movie_keyword", "Schema": "public", "Alias": "mk", "Startup Cost": 0.43, "Total Cost": 1.47, "Plan Rows": 43, "Plan Width": 4, "Actual Startup Time": 0.039, "Actual Total Time": 0.047, "Actual Rows": 13, "Actual Loops": 8987, "Output": ["mk.id", "mk.movie_id", "mk.keyword_id"], "Index Cond": "(mk.movie_id = mc.movie_id)", "Rows Removed by Index Recheck": 0, "Filter": "(mk.keyword_id > 151)", "Rows Removed by Filter": 1, "Shared Hit Blocks": 27329, "Shared Read Blocks": 6005, "Shared Dirtied Blocks": 0, "Shared Written Blocks": 0, "Local Hit Blocks": 0, "Local Read Blocks": 0, "Local Dirtied Blocks": 0, "Local Written Blocks": 0, "Temp Read Blocks": 0, "Temp Written Blocks": 0, "I/O Read Time": 323.358, "I/O Write Time": 0.0}]}, {"Node Type": "Index Only Scan", "Parent Relationship": "Inner", "Parallel Aware": false, "Scan Direction": "Forward", "Index Name": "movie_id_cast_info", "Relation Name": "cast_info", "Schema": "public", "Alias": "ci", "Startup Cost": 0.44, "Total Cost": 1.13, "Plan Rows": 37, "Plan Width": 4, "Actual Startup Time": 0.008, "Actual Total Time": 0.019, "Actual Rows": 66, "Actual Loops": 119819, "Output": ["ci.movie_id"], "Index Cond": "(ci.movie_id = mk.movie_id)", "Rows Removed by Index Recheck": 0, "Heap Fetches": 0, "Shared Hit Blocks": 1253918, "Shared Read Blocks": 2548, "Shared Dirtied Blocks": 0, "Shared Written Blocks": 0, "Local Hit Blocks": 0, "Local Read Blocks": 0, "Local Dirtied Blocks": 0, "Local Written Blocks": 0, "Temp Read Blocks": 0, "Temp Written Blocks": 0, "I/O Read Time": 283.349, "I/O Write Time": 0.0}]}]}, "Planning": {"Shared Hit Blocks": 335, "Shared Read Blocks": 53, "Shared Dirtied Blocks": 0, "Shared Written Blocks": 0, "Local Hit Blocks": 0, "Local Read Blocks": 0, "Local Dirtied Blocks": 0, "Local Written Blocks": 0, "Temp Read Blocks": 0, "Temp Written Blocks": 0, "I/O Read Time": 4.249, "I/O Write Time": 0.0}, "Planning Time": 7.012, "Triggers": [], "Execution Time": 6160.486}, "template": "scale", "query": "EXPLAIN (ANALYZE, COSTS, BUFFERS, VERBOSE, FORMAT JSON) SELECT COUNT(*) FROM title t,movie_companies mc,cast_info ci,movie_keyword mk WHERE t.id=mc.movie_id AND t.id=ci.movie_id AND t.id=mk.movie_id AND t.kind_id<7 AND t.production_year=1993 AND mc.company_id>13255 AND mk.keyword_id>151;"}
{"planinfo": {"Plan": {"Node Type": "Aggregate", "Strategy": "Plain", "Partial Mode": "Simple", "Parallel Aware": false, "Startup Cost": 74923.72, "Total Cost": 74923.73, "Plan Rows": 1, "Plan Width": 8, "Actual Startup Time": 588.615, "Actual Total Time": 588.616, "Actual Rows": 1, "Actual Loops": 1, "Output": ["count(*)"], "Shared Hit Blocks": 0, "Shared Read Blocks": 35998, "Shared Dirtied Blocks": 0, "Shared Written Blocks": 0, "Local Hit Blocks": 0, "Local Read Blocks": 0, "Local Dirtied Blocks": 0, "Local Written Blocks": 0, "Temp Read Blocks": 0, "Temp Written Blocks": 0, "I/O Read Time": 65.994, "I/O Write Time": 0.0, "Plans": [{"Node Type": "Seq Scan", "Parent Relationship": "Outer", "Parallel Aware": false, "Relation Name": "title", "Schema": "public", "Alias": "t", "Startup Cost": 0.0, "Total Cost": 73925.8, "Plan Rows": 399167, "Plan Width": 0, "Actual Startup Time": 0.134, "Actual Total Time": 552.661, "Actual Rows": 288892, "Actual Loops": 1, "Output": ["id", "title", "imdb_index", "kind_id", "production_year", "imdb_id", "phonetic_code", "episode_of_id", "season_nr", "episode_nr", "series_years", "md5sum"], "Filter": "((t.production_year < 1989) AND (t.kind_id = 7))", "Rows Removed by Filter": 2239420, "Shared Hit Blocks": 0, "Shared Read Blocks": 35998, "Shared Dirtied Blocks": 0, "Shared Written Blocks": 0, "Local Hit Blocks": 0, "Local Read Blocks": 0, "Local Dirtied Blocks": 0, "Local Written Blocks": 0, "Temp Read Blocks": 0, "Temp Written Blocks": 0, "I/O Read Time": 65.994, "I/O Write Time": 0.0}]}, "Planning": {"Shared Hit Blocks": 41, "Shared Read Blocks": 8, "Shared Dirtied Blocks": 0, "Shared Written Blocks": 0, "Local Hit Blocks": 0, "Local Read Blocks": 0, "Local Dirtied Blocks": 0, "Local Written Blocks": 0, "Temp Read Blocks": 0, "Temp Written Blocks": 0, "I/O Read Time": 0.547, "I/O Write Time": 0.0}, "Planning Time": 0.915, "Triggers": [], "Execution Time": 588.659}, "template": "scale", "query": "EXPLAIN (ANALYZE, COSTS, BUFFERS, VERBOSE, FORMAT JSON) SELECT COUNT(*) FROM title t WHERE t.kind_id=7 AND t.production_year<1989;"}
{"planinfo": {"Plan": {"Node Type": "Aggregate", "Strategy": "Plain", "Partial Mode": "Simple", "Parallel Aware": false, "Startup Cost": 1832.66, "Total Cost": 1832.67, "Plan Rows": 1, "Plan Width": 8, "Actual Startup Time": 27.308, "Actual Total Time": 27.309, "Actual Rows": 1, "Actual Loops": 1, "Output": ["count(*)"], "Shared Hit Blocks": 661, "Shared Read Blocks": 253, "Shared Dirtied Blocks": 0, "Shared Written Blocks": 0, "Local Hit Blocks": 0, "Local Read Blocks": 0, "Local Dirtied Blocks": 0, "Local Written Blocks": 0, "Temp Read Blocks": 0, "Temp Written Blocks": 0, "I/O Read Time": 25.487, "I/O Write Time": 0.0, "Plans": [{"Node Type": "Nested Loop", "Parent Relationship": "Outer", "Parallel Aware": false, "Join Type": "Inner", "Startup Cost": 0.86, "Total Cost": 1832.08, "Plan Rows": 230, "Plan Width": 0, "Actual Startup Time": 0.771, "Actual Total Time": 27.247, "Actual Rows": 260, "Actual Loops": 1, "Inner Unique": true, "Shared Hit Blocks": 661, "Shared Read Blocks": 253, "Shared Dirtied Blocks": 0, "Shared Written Blocks": 0, "Local Hit Blocks": 0, "Local Read Blocks": 0, "Local Dirtied Blocks": 0, "Local Written Blocks": 0, "Temp Read Blocks": 0, "Temp Written Blocks": 0, "I/O Read Time": 25.487, "I/O Write Time": 0.0, "Plans": [{"Node Type": "Index Scan", "Parent Relationship": "Outer", "Parallel Aware": false, "Scan Direction": "Forward", "Index Name": "info_type_id_movie_info_idx", "Relation Name": "movie_info_idx", "Schema": "public", "Alias": "mi_idx", "Startup Cost": 0.43, "Total Cost": 817.16, "Plan Rows": 230, "Plan Width": 4, "Actual Startup Time": 0.556, "Actual Total Time": 0.806, "Actual Rows": 260, "Actual Loops": 1, "Output": ["mi_idx.id", "mi_idx.movie_id", "mi_idx.info_type_id", "mi_idx.info", "mi_idx.note"], "Index Cond": "(mi_idx.info_type_id > 101)", "Rows Removed by Index Recheck": 0, "Shared Hit Blocks": 0, "Shared Read Blocks": 6, "Shared Dirtied Blocks": 0, "Shared Written Blocks": 0, "Local Hit Blocks": 0, "Local Read Blocks": 0, "Local Dirtied Blocks": 0, "Local Written Blocks": 0, "Temp Read Blocks": 0, "Temp Written Blocks": 0, "I/O Read Time": 0.641, "I/O Write Time": 0.0}, {"Node Type": "Index Only Scan", "Parent Relationship": "Inner", "Parallel Aware": false, "Scan Direction": "Forward", "Index Name": "title_pkey", "Relation Name": "title", "Schema": "public", "Alias": "t", "Startup Cost": 0.43, "Total Cost": 4.41, "Plan Rows": 1, "Plan Width": 4, "Actual Startup Time": 0.101, "Actual Total Time": 0.101, "Actual Rows": 1, "Actual Loops": 260, "Output": ["t.id"], "Index Cond": "(t.id = mi_idx.movie_id)", "Rows Removed by Index Recheck": 0, "Heap Fetches": 0, "Shared Hit Blocks": 661, "Shared Read Blocks": 247, "Shared Dirtied Blocks": 0, "Shared Written Blocks": 0, "Local Hit Blocks": 0, "Local Read Blocks": 0, "Local Dirtied Blocks": 0, "Local Written Blocks": 0, "Temp Read Blocks": 0, "Temp Written Blocks": 0, "I/O Read Time": 24.846, "I/O Write Time": 0.0}]}]}, "Planning": {"Shared Hit Blocks": 106, "Shared Read Blocks": 25, "Shared Dirtied Blocks": 0, "Shared Written Blocks": 0, "Local Hit Blocks": 0, "Local Read Blocks": 0, "Local Dirtied Blocks": 0, "Local Written Blocks": 0, "Temp Read Blocks": 0, "Temp Written Blocks": 0, "I/O Read Time": 1.917, "I/O Write Time": 0.0}, "Planning Time": 2.933, "Triggers": [], "Execution Time": 27.371}, "template": "scale", "query": "EXPLAIN (ANALYZE, COSTS, BUFFERS, VERBOSE, FORMAT JSON) SELECT COUNT(*) FROM title t,movie_info_idx mi_idx WHERE t.id=mi_idx.movie_id AND mi_idx.info_type_id>101;"}
{"planinfo": {"Plan": {"Node Type": "Aggregate", "Strategy": "Plain", "Partial Mode": "Simple", "Parallel Aware": false, "Startup Cost": 1214574.64, "Total Cost": 1214574.65, "Plan Rows": 1, "Plan Width": 8, "Actual Startup Time": 33299.177, "Actual Total Time": 33299.18, "Actual Rows": 1, "Actual Loops": 1, "Output": ["count(*)"], "Shared Hit Blocks": 3, "Shared Read Blocks": 288685, "Shared Dirtied Blocks": 0, "Shared Written Blocks": 0, "Local Hit Blocks": 0, "Local Read Blocks": 0, "Local Dirtied Blocks": 0, "Local Written Blocks": 0, "Temp Read Blocks": 95348, "Temp Written Blocks": 95348, "I/O Read Time": 475.108, "I/O Write Time": 0.0, "Plans": [{"Node Type": "Hash Join", "Parent Relationship": "Outer", "Parallel Aware": false, "Join Type": "Inner", "Startup Cost": 102767.7, "Total Cost": 1138136.64, "Plan Rows": 30575201, "Plan Width": 0, "Actual Startup Time": 1305.889, "Actual Total Time": 30212.752, "Actual Rows": 30511650, "Actual Loops": 1, "Inner Unique": true, "Hash Cond": "(ci.movie_id = t.id)", "Shared Hit Blocks": 3, "Shared Read Blocks": 288685, "Shared Dirtied Blocks": 0, "Shared Written Blocks": 0, "Local Hit Blocks": 0, "Local Read Blocks": 0, "Local Dirtied Blocks": 0, "Local Written Blocks": 0, "Temp Read Blocks": 95348, "Temp Written Blocks": 95348, "I/O Read Time": 475.108, "I/O Write Time": 0.0, "Plans": [{"Node Type": "Seq Scan", "Parent Relationship": "Outer", "Parallel Aware": false, "Relation Name": "cast_info", "Schema": "public", "Alias": "ci", "Startup Cost": 0.0, "Total Cost": 706360.9, "Plan Rows": 30575201, "Plan Width": 4, "Actual Startup Time": 0.237, "Actual Total Time": 9512.272, "Actual Rows": 30511650, "Actual Loops": 1, "Output": ["ci.movie_id"], "Filter": "(ci.role_id < 9)", "Rows Removed by Filter": 5732694, "Shared Hit Blocks": 0, "Shared Read Blocks": 252687, "Shared Dirtied Blocks": 0, "Shared Written Blocks": 0, "Local Hit Blocks": 0, "Local Read Blocks": 0, "Local Dirtied Blocks": 0, "Local Written Blocks": 0, "Temp Read Blocks": 0, "Temp Written Blocks": 0, "I/O Read Time": 415.158, "I/O Write Time": 0.0}, {"Node Type": "Hash", "Parent Relationship": "Inner", "Parallel Aware": false, "Startup Cost": 61283.2, "Total Cost": 61283.2, "Plan Rows": 2528520, "Plan Width": 4, "Actual Startup Time": 1304.126, "Actual Total Time": 1304.127, "Actual Rows": 2528312, "Actual Loops": 1, "Output": ["t.id"], "Hash Buckets": 131072, "Original Hash Buckets": 131072, "Hash Batches": 64, "Original Hash Batches": 64, "Peak Memory Usage": 2415, "Shared Hit Blocks": 0, "Shared Read Blocks": 35998, "Shared Dirtied Blocks": 0, "Shared Written Blocks": 0, "Local Hit Blocks": 0, "Local Read Blocks": 0, "Local Dirtied Blocks": 0, "Local Written Blocks": 0, "Temp Read Blocks": 0, "Temp Written Blocks": 7262, "I/O Read Time": 59.95, "I/O Write Time": 0.0, "Plans": [{"Node Type": "Seq Scan", "Parent Relationship": "Outer", "Parallel Aware": false, "Relation Name": "title", "Schema": "public", "Alias": "t", "Startup Cost": 0.0, "Total Cost": 61283.2, "Plan Rows": 2528520, "Plan Width": 4, "Actual Startup Time": 0.133, "Actual Total Time": 559.859, "Actual Rows": 2528312, "Actual Loops": 1, "Output": ["t.id"], "Shared Hit Blocks": 0, "Shared Read Blocks": 35998, "Shared Dirtied Blocks": 0, "Shared Written Blocks": 0, "Local Hit Blocks": 0, "Local Read Blocks": 0, "Local Dirtied Blocks": 0, "Local Written Blocks": 0, "Temp Read Blocks": 0, "Temp Written Blocks": 0, "I/O Read Time": 59.95, "I/O Write Time": 0.0}]}]}]}, "Planning": {"Shared Hit Blocks": 120, "Shared Read Blocks": 32, "Shared Dirtied Blocks": 0, "Shared Written Blocks": 0, "Local Hit Blocks": 0, "Local Read Blocks": 0, "Local Dirtied Blocks": 0, "Local Written Blocks": 0, "Temp Read Blocks": 0, "Temp Written Blocks": 0, "I/O Read Time": 2.472, "I/O Write Time": 0.0}, "Planning Time": 3.63, "Triggers": [], "Execution Time": 33299.355}, "template": "scale", "query": "EXPLAIN (ANALYZE, COSTS, BUFFERS, VERBOSE, FORMAT JSON) SELECT COUNT(*) FROM title t,cast_info ci WHERE t.id=ci.movie_id AND ci.role_id<9;"}
{"planinfo": {"Plan": {"Node Type": "Aggregate", "Strategy": "Plain", "Partial Mode": "Simple", "Parallel Aware": false, "Startup Cost": 200525.16, "Total Cost": 200525.17, "Plan Rows": 1, "Plan Width": 8, "Actual Startup Time": 4864.405, "Actual Total Time": 4864.41, "Actual Rows": 1, "Actual Loops": 1, "Output": ["count(*)"], "Shared Hit Blocks": 232617, "Shared Read Blocks": 136478, "Shared Dirtied Blocks": 0, "Shared Written Blocks": 0, "Local Hit Blocks": 0, "Local Read Blocks": 0, "Local Dirtied Blocks": 0, "Local Written Blocks": 0, "Temp Read Blocks": 1310, "Temp Written Blocks": 1310, "I/O Read Time": 2818.195, "I/O Write Time": 0.0, "Plans": [{"Node Type": "Nested Loop", "Parent Relationship": "Outer", "Parallel Aware": false, "Join Type": "Inner", "Startup Cost": 76469.97, "Total Cost": 200495.7, "Plan Rows": 11787, "Plan Width": 0, "Actual Startup Time": 594.361, "Actual Total Time": 4751.908, "Actual Rows": 1117547, "Actual Loops": 1, "Inner Unique": false, "Join Filter": "(t.id = mk.movie_id)", "Rows Removed by Join Filter": 0, "Shared Hit Blocks": 232617, "Shared Read Blocks": 136478, "Shared Dirtied Blocks": 0, "Shared Written Blocks": 0, "Local Hit Blocks": 0, "Local Read Blocks": 0, "Local Dirtied Blocks": 0, "Local Written Blocks": 0, "Temp Read Blocks": 1310, "Temp Written Blocks": 1310, "I/O Read Time": 2818.195, "I/O Write Time": 0.0, "Plans": [{"Node Type": "Nested Loop", "Parent Relationship": "Outer", "Parallel Aware": false, "Join Type": "Inner", "Startup Cost": 76469.53, "Total Cost": 188166.8, "Plan Rows": 6588, "Plan Width": 12, "Actual Startup Time": 594.319, "Actual Total Time": 4214.347, "Actual Rows": 13312, "Actual Loops": 1, "Output": ["t.id", "mi.movie_id", "mi_idx.movie_id"], "Inner Unique": false, "Join Filter": "(t.id = mi.movie_id)", "Rows Removed by Join Filter": 0, "Shared Hit Blocks": 194079, "Shared Read Blocks": 135079, "Shared Dirtied Blocks": 0, "Shared Written Blocks": 0, "Local Hit Blocks": 0, "Local Read Blocks": 0, "Local Dirtied Blocks": 0, "Local Written Blocks": 0, "Temp Read Blocks": 1310, "Temp Written Blocks": 1310, "I/O Read Time": 2680.347, "I/O Write Time": 0.0, "Plans": [{"Node Type": "Hash Join", "Parent Relationship": "Outer", "Parallel Aware": false, "Join Type": "Inner", "Startup Cost": 76469.1, "Total Cost": 107070.12, "Plan Rows": 28244, "Plan Width": 8, "Actual Startup Time": 584.929, "Actual Total Time": 1141.496, "Actual Rows": 25523, "Actual Loops": 1, "Output": ["t.id", "mi_idx.movie_id"], "Inner Unique": true, "Hash Cond": "(mi_idx.movie_id = t.id)", "Shared Hit Blocks": 3, "Shared Read Blocks": 43933, "Shared Dirtied Blocks": 0, "Shared Written Blocks": 0, "Local Hit Blocks": 0, "Local Read Blocks": 0, "Local Dirtied Blocks": 0, "Local Written Blocks": 0, "Temp Read Blocks": 1310, "Temp Written Blocks": 1310, "I/O Read Time": 106.779, "I/O Write Time": 0.0, "Plans": [{"Node Type": "Seq Scan", "Parent Relationship": "Outer", "Parallel Aware": false, "Relation Name": "movie_info_idx", "Schema": "public", "Alias": "mi_idx", "Startup Cost": 0.0, "Total Cost": 25185.44, "Plan Rows": 460794, "Plan Width": 4, "Actual Startup Time": 0.126, "Actual Total Time": 305.863, "Actual Rows": 459925, "Actual Loops": 1, "Output": ["mi_idx.movie_id"], "Filter": "(mi_idx.info_type_id = 101)", "Rows Removed by Filter": 920110, "Shared Hit Blocks": 0, "Shared Read Blocks": 7935, "Shared Dirtied Blocks": 0, "Shared Written Blocks": 0, "Local Hit Blocks": 0, "Local Read Blocks": 0, "Local Dirtied Blocks": 0, "Local Written Blocks": 0, "Temp Read Blocks": 0, "Temp Written Blocks": 0, "I/O Read Time": 41.483, "I/O Write Time": 0.0}, {"Node Type": "Hash", "Parent Relationship": "Inner", "Parallel Aware": false, "Startup Cost": 73925.8, "Total Cost": 73925.8, "Plan Rows": 154984, "Plan Width": 4, "Actual Startup Time": 583.86, "Actual Total Time": 583.861, "Actual Rows": 134760, "Actual Loops": 1, "Output": ["t.id"], "Hash Buckets": 131072, "Original Hash Buckets": 131072, "Hash Batches": 4, "Original Hash Batches": 4, "Peak Memory Usage": 2216, "Shared Hit Blocks": 0, "Shared Read Blocks": 35998, "Shared Dirtied Blocks": 0, "Shared Written Blocks": 0, "Local Hit Blocks": 0, "Local Read Blocks": 0, "Local Dirtied Blocks": 0, "Local Written Blocks": 0, "Temp Read Blocks": 0, "Temp Written Blocks": 295, "I/O Read Time": 65.296, "I/O Write Time": 0.0, "Plans": [{"Node Type": "Seq Scan", "Parent Relationship": "Outer", "Parallel Aware": false, "Relation Name": "title", "Schema": "public", "Alias": "t", "Startup Cost": 0.0, "Total Cost": 73925.8, "Plan Rows": 154984, "Plan Width": 4, "Actual Startup Time": 0.204, "Actual Total Time": 535.568, "Actual Rows": 134760, "Actual Loops": 1, "Output": ["t.id"], "Filter": "((t.kind_id < 7) AND (t.production_year > 2010))", "Rows Removed by Filter": 2393552, "Shared Hit Blocks": 0, "Shared Read Blocks": 35998, "Shared Dirtied Blocks": 0, "Shared Written Blocks": 0, "Local Hit Blocks": 0, "Local Read Blocks": 0, "Local Dirtied Blocks": 0, "Local Written Blocks": 0, "Temp Read Blocks": 0, "Temp Written Blocks": 0, "I/O Read Time": 65.296, "I/O Write Time": 0.0}]}]}, {"Node Type": "Index Scan", "Parent Relationship": "Inner", "Parallel Aware": false, "Scan Direction": "Forward", "Index Name": "movie_id_movie_info", "Relation Name": "movie_info", "Schema": "public", "Alias": "mi", "Startup Cost": 0.43, "Total Cost": 2.85, "Plan Rows": 2, "Plan Width": 4, "Actual Startup Time": 0.111, "Actual Total Time": 0.12, "Actual Rows": 1, "Actual Loops": 25523, "Output": ["mi.id", "mi.movie_id", "mi.info_type_id", "mi.info", "mi.note"], "Index Cond": "(mi.movie_id = mi_idx.movie_id)", "Rows Removed by Index Recheck": 0, "Filter": "(mi.info_type_id = 15)", "Rows Removed by Filter": 15, "Shared Hit Blocks": 194076, "Shared Read Blocks": 91146, "Shared Dirtied Blocks": 0, "Shared Written Blocks": 0, "Local Hit Blocks": 0, "Local Read Blocks": 0, "Local Dirtied Blocks": 0, "Local Written Blocks": 0, "Temp Read Blocks": 0, "Temp Written Blocks": 0, "I/O Read Time": 2573.568, "I/O Write Time": 0.0}]}, {"Node Type": "Index Only Scan", "Parent Relationship": "Inner", "Parallel Aware": false, "Scan Direction": "Forward", "Index Name": "movie_id_movie_keyword", "Relation Name": "movie_keyword", "Schema": "public", "Alias": "mk", "Startup Cost": 0.43, "Total Cost": 1.3, "Plan Rows": 46, "Plan Width": 4, "Actual Startup Time": 0.016, "Actual Total Time": 0.027, "Actual Rows": 84, "Actual Loops": 13312, "Output": ["mk.movie_id"], "Index Cond": "(mk.movie_id = mi.movie_id)", "Rows Removed by Index Recheck": 0, "Heap Fetches": 0, "Shared Hit Blocks": 38538, "Shared Read Blocks": 1399, "Shared Dirtied Blocks": 0, "Shared Written Blocks": 0, "Local Hit Blocks": 0, "Local Read Blocks": 0, "Local Dirtied Blocks": 0, "Local Written Blocks": 0, "Temp Read Blocks": 0, "Temp Written Blocks": 0, "I/O Read Time": 137.848, "I/O Write Time": 0.0}]}]}, "Planning": {"Shared Hit Blocks": 304, "Shared Read Blocks": 48, "Shared Dirtied Blocks": 0, "Shared Written Blocks": 0, "Local Hit Blocks": 0, "Local Read Blocks": 0, "Local Dirtied Blocks": 0, "Local Written Blocks": 0, "Temp Read Blocks": 0, "Temp Written Blocks": 0, "I/O Read Time": 3.671, "I/O Write Time": 0.0}, "Planning Time": 6.253, "Triggers": [], "Execution Time": 4864.723}, "template": "scale", "query": "EXPLAIN (ANALYZE, COSTS, BUFFERS, VERBOSE, FORMAT JSON) SELECT COUNT(*) FROM title t,movie_info mi,movie_info_idx mi_idx,movie_keyword mk WHERE t.id=mi.movie_id AND t.id=mi_idx.movie_id AND t.id=mk.movie_id AND t.kind_id<7 AND t.production_year>2010 AND mi.info_type_id=15 AND mi_idx.info_type_id=101;"}
{"planinfo": {"Plan": {"Node Type": "Aggregate", "Strategy": "Plain", "Partial Mode": "Simple", "Parallel Aware": false, "Startup Cost": 400637.89, "Total Cost": 400637.9, "Plan Rows": 1, "Plan Width": 8, "Actual Startup Time": 13144.976, "Actual Total Time": 13144.982, "Actual Rows": 1, "Actual Loops": 1, "Output": ["count(*)"], "Shared Hit Blocks": 3733052, "Shared Read Blocks": 168714, "Shared Dirtied Blocks": 0, "Shared Written Blocks": 0, "Local Hit Blocks": 0, "Local Read Blocks": 0, "Local Dirtied Blocks": 0, "Local Written Blocks": 0, "Temp Read Blocks": 7599, "Temp Written Blocks": 7599, "I/O Read Time": 2494.162, "I/O Write Time": 0.0, "Plans": [{"Node Type": "Nested Loop", "Parent Relationship": "Outer", "Parallel Aware": false, "Join Type": "Inner", "Startup Cost": 119724.11, "Total Cost": 400280.36, "Plan Rows": 143015, "Plan Width": 0, "Actual Startup Time": 1751.277, "Actual Total Time": 12691.597, "Actual Rows": 3363280, "Actual Loops": 1, "Inner Unique": false, "Join Filter": "(t.id = mi.movie_id)", "Rows Removed by Join Filter": 0, "Shared Hit Blocks": 3733052, "Shared Read Blocks": 168714, "Shared Dirtied Blocks": 0, "Shared Written Blocks": 0, "Local Hit Blocks": 0, "Local Read Blocks": 0, "Local Dirtied Blocks": 0, "Local Written Blocks": 0, "Temp Read Blocks": 7599, "Temp Written Blocks": 7599, "I/O Read Time": 2494.162, "I/O Write Time": 0.0, "Plans": [{"Node Type": "Hash Join", "Parent Relationship": "Outer", "Parallel Aware": false, "Join Type": "Inner", "Startup Cost": 119723.67, "Total Cost": 171589.51, "Plan Rows": 119682, "Plan Width": 12, "Actual Startup Time": 1749.965, "Actual Total Time": 2921.445, "Actual Rows": 260642, "Actual Loops": 1, "Output": ["t.id", "mc.movie_id", "mi_idx.movie_id"], "Inner Unique": false, "Hash Cond": "(mc.movie_id = t.id)", "Shared Hit Blocks": 3, "Shared Read Blocks": 56109, "Shared Dirtied Blocks": 0, "Shared Written Blocks": 0, "Local Hit Blocks": 0, "Local Read Blocks": 0, "Local Dirtied Blocks": 0, "Local Written Blocks": 0, "Temp Read Blocks": 7599, "Temp Written Blocks": 7599, "I/O Read Time": 165.366, "I/O Write Time": 0.0, "Plans": [{"Node Type": "Index Scan", "Parent Relationship": "Outer", "Parallel Aware": false, "Scan Direction": "Forward", "Index Name": "company_type_id_movie_companies", "Relation Name": "movie_companies", "Schema": "public", "Alias": "mc", "Startup Cost": 0.43, "Total Cost": 35143.45, "Plan Rows": 1261601, "Plan Width": 4, "Actual Startup Time": 0.315, "Actual Total Time": 516.932, "Actual Rows": 1274246, "Actual Loops": 1, "Output": ["mc.movie_id"], "Index Cond": "(mc.company_type_id = 1)", "Rows Removed by Index Recheck": 0, "Shared Hit Blocks": 0, "Shared Read Blocks": 12176, "Shared Dirtied Blocks": 0, "Shared Written Blocks": 0, "Local Hit Blocks": 0, "Local Read Blocks": 0, "Local Dirtied Blocks": 0, "Local Written Blocks": 0, "Temp Read Blocks": 0, "Temp Written Blocks": 0, "I/O Read Time": 65.043, "I/O Write Time": 0.0}, {"Node Type": "Hash", "Parent Relationship": "Inner", "Parallel Aware": false, "Startup Cost": 115787.88, "Total Cost": 115787.88, "Plan Rows": 239869, "Plan Width": 8, "Actual Startup Time": 1748.987, "Actual Total Time": 1748.991, "Actual Rows": 168348, "Actual Loops": 1, "Output": ["t.id", "mi_idx.movie_id"], "Hash Buckets": 131072, "Original Hash Buckets": 131072, "Hash Batches": 4, "Original Hash Batches": 4, "Peak Memory Usage": 2657, "Shared Hit Blocks": 0, "Shared Read Blocks": 43933, "Shared Dirtied Blocks": 0, "Shared Written Blocks": 0, "Local Hit Blocks": 0, "Local Read Blocks": 0, "Local Dirtied Blocks": 0, "Local Written Blocks": 0, "Temp Read Blocks": 4360, "Temp Written Blocks": 4792, "I/O Read Time": 100.322, "I/O Write Time": 0.0, "Plans": [{"Node Type": "Hash Join", "Parent Relationship": "Outer", "Parallel Aware": false, "Join Type": "Inner", "Startup Cost": 78432.04, "Total Cost": 115787.88, "Plan Rows": 239869, "Plan Width": 8, "Actual Startup Time": 821.008, "Actual Total Time": 1693.026, "Actual Rows": 168348, "Actual Loops": 1, "Output": ["t.id", "mi_idx.movie_id"], "Inner Unique": true, "Hash Cond": "(mi_idx.movie_id = t.id)", "Shared Hit Blocks": 0, "Shared Read Blocks": 43933, "Shared Dirtied Blocks": 0, "Shared Written Blocks": 0, "Local Hit Blocks": 0, "Local Read Blocks": 0, "Local Dirtied Blocks": 0, "Local Written Blocks": 0, "Temp Read Blocks": 4360, "Temp Written Blocks": 4360, "I/O Read Time": 100.322, "I/O Write Time": 0.0, "Plans": [{"Node Type": "Seq Scan", "Parent Relationship": "Outer", "Parallel Aware": false, "Relation Name": "movie_info_idx", "Schema": "public", "Alias": "mi_idx", "Startup Cost": 0.0, "Total Cost": 25185.44, "Plan Rows": 919011, "Plan Width": 4, "Actual Startup Time": 0.137, "Actual Total Time": 338.985, "Actual Rows": 919850, "Actual Loops": 1, "Output": ["mi_idx.movie_id"], "Filter": "(mi_idx.info_type_id < 101)", "Rows Removed by Filter": 460185, "Shared Hit Blocks": 0, "Shared Read Blocks": 7935, "Shared Dirtied Blocks": 0, "Shared Written Blocks": 0, "Local Hit Blocks": 0, "Local Read Blocks": 0, "Local Dirtied Blocks": 0, "Local Written Blocks": 0, "Temp Read Blocks": 0, "Temp Written Blocks": 0, "I/O Read Time": 40.461, "I/O Write Time": 0.0}, {"Node Type": "Hash", "Parent Relationship": "Inner", "Parallel Aware": false, "Startup Cost": 67604.5, "Total Cost": 67604.5, "Plan Rows": 659963, "Plan Width": 4, "Actual Startup Time": 820.257, "Actual Total Time": 820.259, "Actual Rows": 662065, "Actual Loops": 1, "Output": ["t.id"], "Hash Buckets": 131072, "Original Hash Buckets": 131072, "Hash Batches": 16, "Original Hash Batches": 16, "Peak Memory Usage": 2481, "Shared Hit Blocks": 0, "Shared Read Blocks": 35998, "Shared Dirtied Blocks": 0, "Shared Written Blocks": 0, "Local Hit Blocks": 0, "Local Read Blocks": 0, "Local Dirtied Blocks": 0, "Local Written Blocks": 0, "Temp Read Blocks": 0, "Temp Written Blocks": 1809, "I/O Read Time": 59.861, "I/O Write Time": 0.0, "Plans": [{"Node Type": "Seq Scan", "Parent Relationship": "Outer", "Parallel Aware": false, "Relation Name": "title", "Schema": "public", "Alias": "t", "Startup Cost": 0.0, "Total Cost": 67604.5, "Plan Rows": 659963, "Plan Width": 4, "Actual Startup Time": 0.144, "Actual Total Time": 593.944, "Actual Rows": 662065, "Actual Loops": 1, "Output": ["t.id"], "Filter": "(t.production_year > 2008)", "Rows Removed by Filter": 1866247, "Shared Hit Blocks": 0, "Shared Read Blocks": 35998, "Shared Dirtied Blocks": 0, "Shared Written Blocks": 0, "Local Hit Blocks": 0, "Local Read Blocks": 0, "Local Dirtied Blocks": 0, "Local Written Blocks": 0, "Temp Read Blocks": 0, "Temp Written Blocks": 0, "I/O Read Time": 59.861, "I/O Write Time": 0.0}]}]}]}]}, {"Node Type": "Index Scan", "Parent Relationship": "Inner", "Parallel Aware": false, "Scan Direction": "Forward", "Index Name": "movie_id_movie_info", "Relation Name": "movie_info", "Schema": "public", "Alias": "mi", "Startup Cost": 0.43, "Total Cost": 1.81, "Plan Rows": 8, "Plan Width": 4, "Actual Startup Time": 0.013, "Actual Total Time": 0.035, "Actual Rows": 13, "Actual Loops": 260642, "Output": ["mi.id", "mi.movie_id", "mi.info_type_id", "mi.info", "mi.note"], "Index Cond": "(mi.movie_id = mc.movie_id)", "Rows Removed by Index Recheck": 0, "Filter": "(mi.info_type_id = 16)", "Rows Removed by Filter": 39, "Shared Hit Blocks": 3733049, "Shared Read Blocks": 112605, "Shared Dirtied Blocks": 0, "Shared Written Blocks": 0, "Local Hit Blocks": 0, "Local Read Blocks": 0, "Local Dirtied Blocks": 0, "Local Written Blocks": 0, "Temp Read Blocks": 0, "Temp Written Blocks": 0, "I/O Read Time": 2328.796, "I/O Write Time": 0.0}]}]}, "Planning": {"Shared Hit Blocks": 315, "Shared Read Blocks": 50, "Shared Dirtied Blocks": 0, "Shared Written Blocks": 0, "Local Hit Blocks": 0, "Local Read Blocks": 0, "Local Dirtied Blocks": 0, "Local Written Blocks": 0, "Temp Read Blocks": 0, "Temp Written Blocks": 0, "I/O Read Time": 4.034, "I/O Write Time": 0.0}, "Planning Time": 6.951, "Triggers": [], "Execution Time": 13145.531}, "template": "scale", "query": "EXPLAIN (ANALYZE, COSTS, BUFFERS, VERBOSE, FORMAT JSON) SELECT COUNT(*) FROM title t,movie_companies mc,movie_info mi,movie_info_idx mi_idx WHERE t.id=mc.movie_id AND t.id=mi.movie_id AND t.id=mi_idx.movie_id AND t.production_year>2008 AND mc.company_type_id=1 AND mi.info_type_id=16 AND mi_idx.info_type_id<101;"}
{"planinfo": {"Plan": {"Node Type": "Aggregate", "Strategy": "Plain", "Partial Mode": "Simple", "Parallel Aware": false, "Startup Cost": 509.2, "Total Cost": 509.21, "Plan Rows": 1, "Plan Width": 8, "Actual Startup Time": 101.412, "Actual Total Time": 101.413, "Actual Rows": 1, "Actual Loops": 1, "Output": ["count(*)"], "Shared Hit Blocks": 2985, "Shared Read Blocks": 1582, "Shared Dirtied Blocks": 0, "Shared Written Blocks": 0, "Local Hit Blocks": 0, "Local Read Blocks": 0, "Local Dirtied Blocks": 0, "Local Written Blocks": 0, "Temp Read Blocks": 0, "Temp Written Blocks": 0, "I/O Read Time": 92.372, "I/O Write Time": 0.0, "Plans": [{"Node Type": "Nested Loop", "Parent Relationship": "Outer", "Parallel Aware": false, "Join Type": "Inner", "Startup Cost": 0.86, "Total Cost": 509.07, "Plan Rows": 53, "Plan Width": 0, "Actual Startup Time": 15.619, "Actual Total Time": 101.154, "Actual Rows": 1208, "Actual Loops": 1, "Inner Unique": true, "Shared Hit Blocks": 2985, "Shared Read Blocks": 1582, "Shared Dirtied Blocks": 0, "Shared Written Blocks": 0, "Local Hit Blocks": 0, "Local Read Blocks": 0, "Local Dirtied Blocks": 0, "Local Written Blocks": 0, "Temp Read Blocks": 0, "Temp Written Blocks": 0, "I/O Read Time": 92.372, "I/O Write Time": 0.0, "Plans": [{"Node Type": "Index Scan", "Parent Relationship": "Outer", "Parallel Aware": false, "Scan Direction": "Forward", "Index Name": "company_id_movie_companies", "Relation Name": "movie_companies", "Schema": "public", "Alias": "mc", "Startup Cost": 0.43, "Total Cost": 273.35, "Plan Rows": 53, "Plan Width": 4, "Actual Startup Time": 15.382, "Actual Total Time": 36.948, "Actual Rows": 1208, "Actual Loops": 1, "Output": ["mc.id", "mc.movie_id", "mc.company_id", "mc.company_type_id", "mc.note"], "Index Cond": "(mc.company_id = 14328)", "Rows Removed by Index Recheck": 0, "Filter": "(mc.company_type_id > 1)", "Rows Removed by Filter": 188, "Shared Hit Blocks": 0, "Shared Read Blocks": 927, "Shared Dirtied Blocks": 0, "Shared Written Blocks": 0, "Local Hit Blocks": 0, "Local Read Blocks": 0, "Local Dirtied Blocks": 0, "Local Written Blocks": 0, "Temp Read Blocks": 0, "Temp Written Blocks": 0, "I/O Read Time": 34.685, "I/O Write Time": 0.0}, {"Node Type": "Index Only Scan", "Parent Relationship": "Inner", "Parallel Aware": false, "Scan Direction": "Forward", "Index Name": "title_pkey", "Relation Name": "title", "Schema": "public", "Alias": "t", "Startup Cost": 0.43, "Total Cost": 4.45, "Plan Rows": 1, "Plan Width": 4, "Actual Startup Time": 0.052, "Actual Total Time": 0.052, "Actual Rows": 1, "Actual Loops": 1208, "Output": ["t.id"], "Index Cond": "(t.id = mc.movie_id)", "Rows Removed by Index Recheck": 0, "Heap Fetches": 0, "Shared Hit Blocks": 2985, "Shared Read Blocks": 655, "Shared Dirtied Blocks": 0, "Shared Written Blocks": 0, "Local Hit Blocks": 0, "Local Read Blocks": 0, "Local Dirtied Blocks": 0, "Local Written Blocks": 0, "Temp Read Blocks": 0, "Temp Written Blocks": 0, "I/O Read Time": 57.687, "I/O Write Time": 0.0}]}]}, "Planning": {"Shared Hit Blocks": 118, "Shared Read Blocks": 28, "Shared Dirtied Blocks": 0, "Shared Written Blocks": 0, "Local Hit Blocks": 0, "Local Read Blocks": 0, "Local Dirtied Blocks": 0, "Local Written Blocks": 0, "Temp Read Blocks": 0, "Temp Written Blocks": 0, "I/O Read Time": 2.009, "I/O Write Time": 0.0}, "Planning Time": 2.984, "Triggers": [], "Execution Time": 101.474}, "template": "scale", "query": "EXPLAIN (ANALYZE, COSTS, BUFFERS, VERBOSE, FORMAT JSON) SELECT COUNT(*) FROM title t,movie_companies mc WHERE t.id=mc.movie_id AND mc.company_id=14328 AND mc.company_type_id>1;"}
{"planinfo": {"Plan": {"Node Type": "Aggregate", "Strategy": "Plain", "Partial Mode": "Simple", "Parallel Aware": false, "Startup Cost": 477431.86, "Total Cost": 477431.87, "Plan Rows": 1, "Plan Width": 8, "Actual Startup Time": 5394.04, "Actual Total Time": 5394.043, "Actual Rows": 1, "Actual Loops": 1, "Output": ["count(*)"], "Shared Hit Blocks": 3, "Shared Read Blocks": 197991, "Shared Dirtied Blocks": 0, "Shared Written Blocks": 0, "Local Hit Blocks": 0, "Local Read Blocks": 0, "Local Dirtied Blocks": 0, "Local Written Blocks": 0, "Temp Read Blocks": 11401, "Temp Written Blocks": 11401, "I/O Read Time": 342.002, "I/O Write Time": 0.0, "Plans": [{"Node Type": "Hash Join", "Parent Relationship": "Outer", "Parallel Aware": false, "Join Type": "Inner", "Startup Cost": 102767.7, "Total Cost": 474038.43, "Plan Rows": 1357370, "Plan Width": 0, "Actual Startup Time": 1781.624, "Actual Total Time": 5250.362, "Actual Rows": 1401902, "Actual Loops": 1, "Inner Unique": true, "Hash Cond": "(mi.movie_id = t.id)", "Shared Hit Blocks": 3, "Shared Read Blocks": 197991, "Shared Dirtied Blocks": 0, "Shared Written Blocks": 0, "Local Hit Blocks": 0, "Local Read Blocks": 0, "Local Dirtied Blocks": 0, "Local Written Blocks": 0, "Temp Read Blocks": 11401, "Temp Written Blocks": 11401, "I/O Read Time": 342.002, "I/O Write Time": 0.0, "Plans": [{"Node Type": "Seq Scan", "Parent Relationship": "Outer", "Parallel Aware": false, "Relation Name": "movie_info", "Schema": "public", "Alias": "mi", "Startup Cost": 0.0, "Total Cost": 347223.62, "Plan Rows": 1357370, "Plan Width": 4, "Actual Startup Time": 502.362, "Actual Total Time": 2750.863, "Actual Rows": 1401902, "Actual Loops": 1, "Output": ["mi.movie_id"], "Filter": "(mi.info_type_id = 7)", "Rows Removed by Filter": 13433818, "Shared Hit Blocks": 0, "Shared Read Blocks": 161993, "Shared Dirtied Blocks": 0, "Shared Written Blocks": 0, "Local Hit Blocks": 0, "Local Read Blocks": 0, "Local Dirtied Blocks": 0, "Local Written Blocks": 0, "Temp Read Blocks": 0, "Temp Written Blocks": 0, "I/O Read Time": 284.093, "I/O Write Time": 0.0}, {"Node Type": "Hash", "Parent Relationship": "Inner", "Parallel Aware": false, "Startup Cost": 61283.2, "Total Cost": 61283.2, "Plan Rows": 2528520, "Plan Width": 4, "Actual Startup Time": 1277.192, "Actual Total Time": 1277.193, "Actual Rows": 2528312, "Actual Loops": 1, "Output": ["t.id"], "Hash Buckets": 131072, "Original Hash Buckets": 131072, "Hash Batches": 64, "Original Hash Batches": 64, "Peak Memory Usage": 2415, "Shared Hit Blocks": 0, "Shared Read Blocks": 35998, "Shared Dirtied Blocks": 0, "Shared Written Blocks": 0, "Local Hit Blocks": 0, "Local Read Blocks": 0, "Local Dirtied Blocks": 0, "Local Written Blocks": 0, "Temp Read Blocks": 0, "Temp Written Blocks": 7262, "I/O Read Time": 57.909, "I/O Write Time": 0.0, "Plans": [{"Node Type": "Seq Scan", "Parent Relationship": "Outer", "Parallel Aware": false, "Relation Name": "title", "Schema": "public", "Alias": "t", "Startup Cost": 0.0, "Total Cost": 61283.2, "Plan Rows": 2528520, "Plan Width": 4, "Actual Startup Time": 0.154, "Actual Total Time": 543.334, "Actual Rows": 2528312, "Actual Loops": 1, "Output": ["t.id"], "Shared Hit Blocks": 0, "Shared Read Blocks": 35998, "Shared Dirtied Blocks": 0, "Shared Written Blocks": 0, "Local Hit Blocks": 0, "Local Read Blocks": 0, "Local Dirtied Blocks": 0, "Local Written Blocks": 0, "Temp Read Blocks": 0, "Temp Written Blocks": 0, "I/O Read Time": 57.909, "I/O Write Time": 0.0}]}]}]}, "Planning": {"Shared Hit Blocks": 99, "Shared Read Blocks": 29, "Shared Dirtied Blocks": 0, "Shared Written Blocks": 0, "Local Hit Blocks": 0, "Local Read Blocks": 0, "Local Dirtied Blocks": 0, "Local Written Blocks": 0, "Temp Read Blocks": 0, "Temp Written Blocks": 0, "I/O Read Time": 2.157, "I/O Write Time": 0.0}, "Planning Time": 3.176, "Triggers": [], "Execution Time": 5394.196}, "template": "scale", "query": "EXPLAIN (ANALYZE, COSTS, BUFFERS, VERBOSE, FORMAT JSON) SELECT COUNT(*) FROM title t,movie_info mi WHERE t.id=mi.movie_id AND mi.info_type_id=7;"}
{"planinfo": {"Plan": {"Node Type": "Aggregate", "Strategy": "Plain", "Partial Mode": "Simple", "Parallel Aware": false, "Startup Cost": 569648.03, "Total Cost": 569648.04, "Plan Rows": 1, "Plan Width": 8, "Actual Startup Time": 4346.982, "Actual Total Time": 4346.986, "Actual Rows": 1, "Actual Loops": 1, "Output": ["count(*)"], "Shared Hit Blocks": 1641686, "Shared Read Blocks": 55390, "Shared Dirtied Blocks": 0, "Shared Written Blocks": 0, "Local Hit Blocks": 0, "Local Read Blocks": 0, "Local Dirtied Blocks": 0, "Local Written Blocks": 0, "Temp Read Blocks": 5867, "Temp Written Blocks": 5869, "I/O Read Time": 179.849, "I/O Write Time": 0.0, "Plans": [{"Node Type": "Merge Join", "Parent Relationship": "Outer", "Parallel Aware": false, "Join Type": "Inner", "Startup Cost": 172343.44, "Total Cost": 564865.96, "Plan Rows": 1912828, "Plan Width": 0, "Actual Startup Time": 2103.311, "Actual Total Time": 4235.877, "Actual Rows": 968944, "Actual Loops": 1, "Inner Unique": false, "Merge Cond": "(mi.movie_id = t.id)", "Shared Hit Blocks": 1641686, "Shared Read Blocks": 55390, "Shared Dirtied Blocks": 0, "Shared Written Blocks": 0, "Local Hit Blocks": 0, "Local Read Blocks": 0, "Local Dirtied Blocks": 0, "Local Written Blocks": 0, "Temp Read Blocks": 5867, "Temp Written Blocks": 5869, "I/O Read Time": 179.849, "I/O Write Time": 0.0, "Plans": [{"Node Type": "Index Only Scan", "Parent Relationship": "Outer", "Parallel Aware": false, "Scan Direction": "Forward", "Index Name": "movie_id_movie_info", "Relation Name": "movie_info", "Schema": "public", "Alias": "mi", "Startup Cost": 0.43, "Total Cost": 325993.18, "Plan Rows": 14818450, "Plan Width": 4, "Actual Startup Time": 0.019, "Actual Total Time": 1247.081, "Actual Rows": 4732188, "Actual Loops": 1, "Output": ["mi.movie_id"], "Heap Fetches": 0, "Shared Hit Blocks": 1641683, "Shared Read Blocks": 10730, "Shared Dirtied Blocks": 0, "Shared Written Blocks": 0, "Local Hit Blocks": 0, "Local Read Blocks": 0, "Local Dirtied Blocks": 0, "Local Written Blocks": 0, "Temp Read Blocks": 0, "Temp Written Blocks": 0, "I/O Read Time": 73.568, "I/O Write Time": 0.0}, {"Node Type": "Materialize", "Parent Relationship": "Inner", "Parallel Aware": false, "Startup Cost": 172320.71, "Total Cost": 173952.67, "Plan Rows": 326392, "Plan Width": 8, "Actual Startup Time": 2103.093, "Actual Total Time": 2243.84, "Actual Rows": 968944, "Actual Loops": 1, "Output": ["t.id", "mc.movie_id"], "Shared Hit Blocks": 3, "Shared Read Blocks": 44660, "Shared Dirtied Blocks": 0, "Shared Written Blocks": 0, "Local Hit Blocks": 0, "Local Read Blocks": 0, "Local Dirtied Blocks": 0, "Local Written Blocks": 0, "Temp Read Blocks": 5867, "Temp Written Blocks": 5869, "I/O Read Time": 106.281, "I/O Write Time": 0.0, "Plans": [{"Node Type": "Sort", "Parent Relationship": "Outer", "Parallel Aware": false, "Startup Cost": 172320.71, "Total Cost": 173136.69, "Plan Rows": 326392, "Plan Width": 8, "Actual Startup Time": 2103.089, "Actual Total Time": 2135.662, "Actual Rows": 147855, "Actual Loops": 1, "Output": ["t.id", "mc.movie_id"], "Sort Key": ["t.id"], "Sort Method": "external merge", "Sort Space Used": 2616, "Sort Space Type": "Disk", "Shared Hit Blocks": 3, "Shared Read Blocks": 44660, "Shared Dirtied Blocks": 0, "Shared Written Blocks": 0, "Local Hit Blocks": 0, "Local Read Blocks": 0, "Local Dirtied Blocks": 0, "Local Written Blocks": 0, "Temp Read Blocks": 5867, "Temp Written Blocks": 5869, "I/O Read Time": 106.281, "I/O Write Time": 0.0, "Plans": [{"Node Type": "Hash Join", "Parent Relationship": "Outer", "Parallel Aware": false, "Join Type": "Inner", "Startup Cost": 83974.82, "Total Cost": 137966.83, "Plan Rows": 326392, "Plan Width": 8, "Actual Startup Time": 813.973, "Actual Total Time": 2029.817, "Actual Rows": 147855, "Actual Loops": 1, "Output": ["t.id", "mc.movie_id"], "Inner Unique": true, "Hash Cond": "(mc.movie_id = t.id)", "Shared Hit Blocks": 3, "Shared Read Blocks": 44660, "Shared Dirtied Blocks": 0, "Shared Written Blocks": 0, "Local Hit Blocks": 0, "Local Read Blocks": 0, "Local Dirtied Blocks": 0, "Local Written Blocks": 0, "Temp Read Blocks": 5540, "Temp Written Blocks": 5540, "I/O Read Time": 106.281, "I/O Write Time": 0.0, "Plans": [{"Node Type": "Index Scan", "Parent Relationship": "Outer", "Parallel Aware": false, "Scan Direction": "Forward", "Index Name": "company_type_id_movie_companies", "Relation Name": "movie_companies", "Schema": "public", "Alias": "mc", "Startup Cost": 0.43, "Total Cost": 37534.17, "Plan Rows": 1347528, "Plan Width": 4, "Actual Startup Time": 0.541, "Actual Total Time": 514.766, "Actual Rows": 1334883, "Actual Loops": 1, "Output": ["mc.movie_id"], "Index Cond": "(mc.company_type_id > 1)", "Rows Removed by Index Recheck": 0, "Shared Hit Blocks": 0, "Shared Read Blocks": 8662, "Shared Dirtied Blocks": 0, "Shared Written Blocks": 0, "Local Hit Blocks": 0, "Local Read Blocks": 0, "Local Dirtied Blocks": 0, "Local Written Blocks": 0, "Temp Read Blocks": 0, "Temp Written Blocks": 0, "I/O Read Time": 45.492, "I/O Write Time": 0.0}, {"Node Type": "Hash", "Parent Relationship": "Inner", "Parallel Aware": false, "Startup Cost": 73925.8, "Total Cost": 73925.8, "Plan Rows": 612447, "Plan Width": 4, "Actual Startup Time": 812.069, "Actual Total Time": 812.07, "Actual Rows": 676927, "Actual Loops": 1, "Output": ["t.id"], "Hash Buckets": 131072, "Original Hash Buckets": 131072, "Hash Batches": 16, "Original Hash Batches": 16, "Peak Memory Usage": 2516, "Shared Hit Blocks": 0, "Shared Read Blocks": 35998, "Shared Dirtied Blocks": 0, "Shared Written Blocks": 0, "Local Hit Blocks": 0, "Local Read Blocks": 0, "Local Dirtied Blocks": 0, "Local Written Blocks": 0, "Temp Read Blocks": 0, "Temp Written Blocks": 1850, "I/O Read Time": 60.79, "I/O Write Time": 0.0, "Plans": [{"Node Type": "Seq Scan", "Parent Relationship": "Outer", "Parallel Aware": false, "Relation Name": "title", "Schema": "public", "Alias": "t", "Startup Cost": 0.0, "Total Cost": 73925.8, "Plan Rows": 612447, "Plan Width": 4, "Actual Startup Time": 0.154, "Actual Total Time": 593.818, "Actual Rows": 676927, "Actual Loops": 1, "Output": ["t.id"], "Filter": "((t.production_year > 2005) AND (t.kind_id = 7))", "Rows Removed by Filter": 1851385, "Shared Hit Blocks": 0, "Shared Read Blocks": 35998, "Shared Dirtied Blocks": 0, "Shared Written Blocks": 0, "Local Hit Blocks": 0, "Local Read Blocks": 0, "Local Dirtied Blocks": 0, "Local Written Blocks": 0, "Temp Read Blocks": 0, "Temp Written Blocks": 0, "I/O Read Time": 60.79, "I/O Write Time": 0.0}]}]}]}]}]}]}, "Planning": {"Shared Hit Blocks": 200, "Shared Read Blocks": 41, "Shared Dirtied Blocks": 0, "Shared Written Blocks": 0, "Local Hit Blocks": 0, "Local Read Blocks": 0, "Local Dirtied Blocks": 0, "Local Written Blocks": 0, "Temp Read Blocks": 0, "Temp Written Blocks": 0, "I/O Read Time": 3.073, "I/O Write Time": 0.0}, "Planning Time": 4.715, "Triggers": [], "Execution Time": 4348.89}, "template": "scale", "query": "EXPLAIN (ANALYZE, COSTS, BUFFERS, VERBOSE, FORMAT JSON) SELECT COUNT(*) FROM title t,movie_companies mc,movie_info mi WHERE t.id=mc.movie_id AND t.id=mi.movie_id AND t.kind_id=7 AND t.production_year>2005 AND mc.company_type_id>1;"}
{"planinfo": {"Plan": {"Node Type": "Aggregate", "Strategy": "Plain", "Partial Mode": "Simple", "Parallel Aware": false, "Startup Cost": 1082458.04, "Total Cost": 1082458.05, "Plan Rows": 1, "Plan Width": 8, "Actual Startup Time": 27992.58, "Actual Total Time": 27992.583, "Actual Rows": 1, "Actual Loops": 1, "Output": ["count(*)"], "Shared Hit Blocks": 5, "Shared Read Blocks": 222956, "Shared Dirtied Blocks": 0, "Shared Written Blocks": 0, "Local Hit Blocks": 0, "Local Read Blocks": 0, "Local Dirtied Blocks": 0, "Local Written Blocks": 0, "Temp Read Blocks": 75350, "Temp Written Blocks": 75350, "I/O Read Time": 852.837, "I/O Write Time": 0.0, "Plans": [{"Node Type": "Hash Join", "Parent Relationship": "Outer", "Parallel Aware": false, "Join Type": "Inner", "Startup Cost": 102768.14, "Total Cost": 1022654.74, "Plan Rows": 23921317, "Plan Width": 0, "Actual Startup Time": 1301.505, "Actual Total Time": 25583.597, "Actual Rows": 23573656, "Actual Loops": 1, "Inner Unique": true, "Hash Cond": "(ci.movie_id = t.id)", "Shared Hit Blocks": 5, "Shared Read Blocks": 222956, "Shared Dirtied Blocks": 0, "Shared Written Blocks": 0, "Local Hit Blocks": 0, "Local Read Blocks": 0, "Local Dirtied Blocks": 0, "Local Written Blocks": 0, "Temp Read Blocks": 75350, "Temp Written Blocks": 75350, "I/O Read Time": 852.837, "I/O Write Time": 0.0, "Plans": [{"Node Type": "Index Scan", "Parent Relationship": "Outer", "Parallel Aware": false, "Scan Direction": "Forward", "Index Name": "role_id_cast_info", "Relation Name": "cast_info", "Schema": "public", "Alias": "ci", "Startup Cost": 0.44, "Total Cost": 660329.49, "Plan Rows": 23921317, "Plan Width": 4, "Actual Startup Time": 0.615, "Actual Total Time": 9213.09, "Actual Rows": 23573656, "Actual Loops": 1, "Output": ["ci.movie_id"], "Index Cond": "(ci.role_id > 1)", "Rows Removed by Index Recheck": 0, "Shared Hit Blocks": 2, "Shared Read Blocks": 186958, "Shared Dirtied Blocks": 0, "Shared Written Blocks": 0, "Local Hit Blocks": 0, "Local Read Blocks": 0, "Local Dirtied Blocks": 0, "Local Written Blocks": 0, "Temp Read Blocks": 0, "Temp Written Blocks": 0, "I/O Read Time": 793.353, "I/O Write Time": 0.0}, {"Node Type": "Hash", "Parent Relationship": "Inner", "Parallel Aware": false, "Startup Cost": 61283.2, "Total Cost": 61283.2, "Plan Rows": 2528520, "Plan Width": 4, "Actual Startup Time": 1299.019, "Actual Total Time": 1299.02, "Actual Rows": 2528312, "Actual Loops": 1, "Output": ["t.id"], "Hash Buckets": 131072, "Original Hash Buckets": 131072, "Hash Batches": 64, "Original Hash Batches": 64, "Peak Memory Usage": 2415, "Shared Hit Blocks": 0, "Shared Read Blocks": 35998, "Shared Dirtied Blocks": 0, "Shared Written Blocks": 0, "Local Hit Blocks": 0, "Local Read Blocks": 0, "Local Dirtied Blocks": 0, "Local Written Blocks": 0, "Temp Read Blocks": 0, "Temp Written Blocks": 7262, "I/O Read Time": 59.484, "I/O Write Time": 0.0, "Plans": [{"Node Type": "Seq Scan", "Parent Relationship": "Outer", "Parallel Aware": false, "Relation Name": "title", "Schema": "public", "Alias": "t", "Startup Cost": 0.0, "Total Cost": 61283.2, "Plan Rows": 2528520, "Plan Width": 4, "Actual Startup Time": 0.149, "Actual Total Time": 552.404, "Actual Rows": 2528312, "Actual Loops": 1, "Output": ["t.id"], "Shared Hit Blocks": 0, "Shared Read Blocks": 35998, "Shared Dirtied Blocks": 0, "Shared Written Blocks": 0, "Local Hit Blocks": 0, "Local Read Blocks": 0, "Local Dirtied Blocks": 0, "Local Written Blocks": 0, "Temp Read Blocks": 0, "Temp Written Blocks": 0, "I/O Read Time": 59.484, "I/O Write Time": 0.0}]}]}]}, "Planning": {"Shared Hit Blocks": 124, "Shared Read Blocks": 31, "Shared Dirtied Blocks": 0, "Shared Written Blocks": 0, "Local Hit Blocks": 0, "Local Read Blocks": 0, "Local Dirtied Blocks": 0, "Local Written Blocks": 0, "Temp Read Blocks": 0, "Temp Written Blocks": 0, "I/O Read Time": 2.4, "I/O Write Time": 0.0}, "Planning Time": 3.57, "Triggers": [], "Execution Time": 27992.752}, "template": "scale", "query": "EXPLAIN (ANALYZE, COSTS, BUFFERS, VERBOSE, FORMAT JSON) SELECT COUNT(*) FROM title t,cast_info ci WHERE t.id=ci.movie_id AND ci.role_id>1;"}
{"planinfo": {"Plan": {"Node Type": "Aggregate", "Strategy": "Plain", "Partial Mode": "Simple", "Parallel Aware": false, "Startup Cost": 2223.43, "Total Cost": 2223.44, "Plan Rows": 1, "Plan Width": 8, "Actual Startup Time": 292.125, "Actual Total Time": 292.127, "Actual Rows": 1, "Actual Loops": 1, "Output": ["count(*)"], "Shared Hit Blocks": 5375, "Shared Read Blocks": 3611, "Shared Dirtied Blocks": 0, "Shared Written Blocks": 0, "Local Hit Blocks": 0, "Local Read Blocks": 0, "Local Dirtied Blocks": 0, "Local Written Blocks": 0, "Temp Read Blocks": 0, "Temp Written Blocks": 0, "I/O Read Time": 272.547, "I/O Write Time": 0.0, "Plans": [{"Node Type": "Nested Loop", "Parent Relationship": "Outer", "Parallel Aware": false, "Join Type": "Inner", "Startup Cost": 1.72, "Total Cost": 2223.32, "Plan Rows": 46, "Plan Width": 0, "Actual Startup Time": 1.017, "Actual Total Time": 291.481, "Actual Rows": 4898, "Actual Loops": 1, "Inner Unique": false, "Shared Hit Blocks": 5375, "Shared Read Blocks": 3611, "Shared Dirtied Blocks": 0, "Shared Written Blocks": 0, "Local Hit Blocks": 0, "Local Read Blocks": 0, "Local Dirtied Blocks": 0, "Local Written Blocks": 0, "Temp Read Blocks": 0, "Temp Written Blocks": 0, "I/O Read Time": 272.547, "I/O Write Time": 0.0, "Plans": [{"Node Type": "Nested Loop", "Parent Relationship": "Outer", "Parallel Aware": false, "Join Type": "Inner", "Startup Cost": 1.29, "Total Cost": 2197.88, "Plan Rows": 44, "Plan Width": 12, "Actual Startup Time": 0.908, "Actual Total Time": 245.738, "Actual Rows": 642, "Actual Loops": 1, "Output": ["t.id", "mi_idx.movie_id", "mk.movie_id"], "Inner Unique": false, "Shared Hit Blocks": 4035, "Shared Read Blocks": 3024, "Shared Dirtied Blocks": 0, "Shared Written Blocks": 0, "Local Hit Blocks": 0, "Local Read Blocks": 0, "Local Dirtied Blocks": 0, "Local Written Blocks": 0, "Temp Read Blocks": 0, "Temp Written Blocks": 0, "I/O Read Time": 232.126, "I/O Write Time": 0.0, "Plans": [{"Node Type": "Nested Loop", "Parent Relationship": "Outer", "Parallel Aware": false, "Join Type": "Inner", "Startup Cost": 0.86, "Total Cost": 2070.65, "Plan Rows": 246, "Plan Width": 8, "Actual Startup Time": 0.421, "Actual Total Time": 178.231, "Actual Rows": 917, "Actual Loops": 1, "Output": ["t.id", "mk.movie_id"], "Inner Unique": true, "Shared Hit Blocks": 1990, "Shared Read Blocks": 1665, "Shared Dirtied Blocks": 0, "Shared Written Blocks": 0, "Local Hit Blocks": 0, "Local Read Blocks": 0, "Local Dirtied Blocks": 0, "Local Written Blocks": 0, "Temp Read Blocks": 0, "Temp Written Blocks": 0, "I/O Read Time": 171.218, "I/O Write Time": 0.0, "Plans": [{"Node Type": "Index Scan", "Parent Relationship": "Outer", "Parallel Aware": false, "Scan Direction": "Forward", "Index Name": "keyword_id_movie_keyword", "Relation Name": "movie_keyword", "Schema": "public", "Alias": "mk", "Startup Cost": 0.43, "Total Cost": 988.56, "Plan Rows": 246, "Plan Width": 4, "Actual Startup Time": 0.39, "Actual Total Time": 94.517, "Actual Rows": 917, "Actual Loops": 1, "Output": ["mk.id", "mk.movie_id", "mk.keyword_id"], "Index Cond": "(mk.keyword_id = 3305)", "Rows Removed by Index Recheck": 0, "Shared Hit Blocks": 0, "Shared Read Blocks": 880, "Shared Dirtied Blocks": 0, "Shared Written Blocks": 0, "Local Hit Blocks": 0, "Local Read Blocks": 0, "Local Dirtied Blocks": 0, "Local Written Blocks": 0, "Temp Read Blocks": 0, "Temp Written Blocks": 0, "I/O Read Time": 92.885, "I/O Write Time": 0.0}, {"Node Type": "Index Only Scan", "Parent Relationship": "Inner", "Parallel Aware": false, "Scan Direction": "Forward", "Index Name": "title_pkey", "Relation Name": "title", "Schema": "public", "Alias": "t", "Startup Cost": 0.43, "Total Cost": 4.4, "Plan Rows": 1, "Plan Width": 4, "Actual Startup Time": 0.09, "Actual Total Time": 0.09, "Actual Rows": 1, "Actual Loops": 917, "Output": ["t.id"], "Index Cond": "(t.id = mk.movie_id)", "Rows Removed by Index Recheck": 0, "Heap Fetches": 0, "Shared Hit Blocks": 1990, "Shared Read Blocks": 785, "Shared Dirtied Blocks": 0, "Shared Written Blocks": 0, "Local Hit Blocks": 0, "Local Read Blocks": 0, "Local Dirtied Blocks": 0, "Local Written Blocks": 0, "Temp Read Blocks": 0, "Temp Written Blocks": 0, "I/O Read Time": 78.333, "I/O Write Time": 0.0}]}, {"Node Type": "Index Scan", "Parent Relationship": "Inner", "Parallel Aware": false, "Scan Direction": "Forward", "Index Name": "movie_id_movie_info_idx", "Relation Name": "movie_info_idx", "Schema": "public", "Alias": "mi_idx", "Startup Cost": 0.43, "Total Cost": 0.51, "Plan Rows": 1, "Plan Width": 4, "Actual Startup Time": 0.072, "Actual Total Time": 0.073, "Actual Rows": 1, "Actual Loops": 917, "Output": ["mi_idx.id", "mi_idx.movie_id", "mi_idx.info_type_id", "mi_idx.info", "mi_idx.note"], "Index Cond": "(mi_idx.movie_id = t.id)", "Rows Removed by Index Recheck": 0, "Filter": "(mi_idx.info_type_id = 99)", "Rows Removed by Filter": 1, "Shared Hit Blocks": 2045, "Shared Read Blocks": 1359, "Shared Dirtied Blocks": 0, "Shared Written Blocks": 0, "Local Hit Blocks": 0, "Local Read Blocks": 0, "Local Dirtied Blocks": 0, "Local Written Blocks": 0, "Temp Read Blocks": 0, "Temp Written Blocks": 0, "I/O Read Time": 60.908, "I/O Write Time": 0.0}]}, {"Node Type": "Index Only Scan", "Parent Relationship": "Inner", "Parallel Aware": false, "Scan Direction": "Forward", "Index Name": "movie_id_movie_companies", "Relation Name": "movie_companies", "Schema": "public", "Alias": "mc", "Startup Cost": 0.43, "Total Cost": 0.53, "Plan Rows": 5, "Plan Width": 4, "Actual Startup Time": 0.068, "Actual Total Time": 0.069, "Actual Rows": 8, "Actual Loops": 642, "Output": ["mc.movie_id"], "Index Cond": "(mc.movie_id = t.id)", "Rows Removed by Index Recheck": 0, "Heap Fetches": 0, "Shared Hit Blocks": 1340, "Shared Read Blocks": 587, "Shared Dirtied Blocks": 0, "Shared Written Blocks": 0, "Local Hit Blocks": 0, "Local Read Blocks": 0, "Local Dirtied Blocks": 0, "Local Written Blocks": 0, "Temp Read Blocks": 0, "Temp Written Blocks": 0, "I/O Read Time": 40.421, "I/O Write Time": 0.0}]}]}, "Planning": {"Shared Hit Blocks": 311, "Shared Read Blocks": 47, "Shared Dirtied Blocks": 0, "Shared Written Blocks": 0, "Local Hit Blocks": 0, "Local Read Blocks": 0, "Local Dirtied Blocks": 0, "Local Written Blocks": 0, "Temp Read Blocks": 0, "Temp Written Blocks": 0, "I/O Read Time": 3.634, "I/O Write Time": 0.0}, "Planning Time": 6.176, "Triggers": [], "Execution Time": 292.252}, "template": "scale", "query": "EXPLAIN (ANALYZE, COSTS, BUFFERS, VERBOSE, FORMAT JSON) SELECT COUNT(*) FROM title t,movie_companies mc,movie_info_idx mi_idx,movie_keyword mk WHERE t.id=mc.movie_id AND t.id=mi_idx.movie_id AND t.id=mk.movie_id AND mi_idx.info_type_id=99 AND mk.keyword_id=3305;"}
{"planinfo": {"Plan": {"Node Type": "Aggregate", "Strategy": "Plain", "Partial Mode": "Simple", "Parallel Aware": false, "Startup Cost": 1606712.97, "Total Cost": 1606712.98, "Plan Rows": 1, "Plan Width": 8, "Actual Startup Time": 38461.474, "Actual Total Time": 38461.477, "Actual Rows": 1, "Actual Loops": 1, "Output": ["count(*)"], "Shared Hit Blocks": 16737309, "Shared Read Blocks": 223752, "Shared Dirtied Blocks": 0, "Shared Written Blocks": 0, "Local Hit Blocks": 0, "Local Read Blocks": 0, "Local Dirtied Blocks": 0, "Local Written Blocks": 0, "Temp Read Blocks": 3264, "Temp Written Blocks": 3289, "I/O Read Time": 2611.969, "I/O Write Time": 0.0, "Plans": [{"Node Type": "Merge Join", "Parent Relationship": "Outer", "Parallel Aware": false, "Join Type": "Inner", "Startup Cost": 495328.88, "Total Cost": 1581540.84, "Plan Rows": 10068854, "Plan Width": 0, "Actual Startup Time": 3408.574, "Actual Total Time": 33986.801, "Actual Rows": 40701900, "Actual Loops": 1, "Inner Unique": false, "Merge Cond": "(t.id = ci.movie_id)", "Shared Hit Blocks": 16737309, "Shared Read Blocks": 223752, "Shared Dirtied Blocks": 0, "Shared Written Blocks": 0, "Local Hit Blocks": 0, "Local Read Blocks": 0, "Local Dirtied Blocks": 0, "Local Written Blocks": 0, "Temp Read Blocks": 3264, "Temp Written Blocks": 3289, "I/O Read Time": 2611.969, "I/O Write Time": 0.0, "Plans": [{"Node Type": "Merge Join", "Parent Relationship": "Outer", "Parallel Aware": false, "Join Type": "Inner", "Startup Cost": 495222.62, "Total Cost": 650268.88, "Plan Rows": 701476, "Plan Width": 12, "Actual Startup Time": 3408.41, "Actual Total Time": 6415.895, "Actual Rows": 1282604, "Actual Loops": 1, "Output": ["t.id", "mi.movie_id", "mi_idx.movie_id"], "Inner Unique": false, "Merge Cond": "(t.id = mi_idx.movie_id)", "Shared Hit Blocks": 23828, "Shared Read Blocks": 175465, "Shared Dirtied Blocks": 0, "Shared Written Blocks": 0, "Local Hit Blocks": 0, "Local Read Blocks": 0, "Local Dirtied Blocks": 0, "Local Written Blocks": 0, "Temp Read Blocks": 3264, "Temp Written Blocks": 3289, "I/O Read Time": 457.928, "I/O Write Time": 0.0, "Plans": [{"Node Type": "Merge Join", "Parent Relationship": "Outer", "Parallel Aware": false, "Join Type": "Inner", "Startup Cost": 495210.24, "Total Cost": 597882.36, "Plan Rows": 1285254, "Plan Width": 8, "Actual Startup Time": 3408.371, "Actual Total Time": 5613.713, "Actual Rows": 1298965, "Actual Loops": 1, "Output": ["t.id", "mi.movie_id"], "Inner Unique": false, "Merge Cond": "(t.id = mi.movie_id)", "Shared Hit Blocks": 23441, "Shared Read Blocks": 170956, "Shared Dirtied Blocks": 0, "Shared Written Blocks": 0, "Local Hit Blocks": 0, "Local Read Blocks": 0, "Local Dirtied Blocks": 0, "Local Written Blocks": 0, "Temp Read Blocks": 3264, "Temp Written Blocks": 3289, "I/O Read Time": 432.141, "I/O Write Time": 0.0, "Plans": [{"Node Type": "Index Only Scan", "Parent Relationship": "Outer", "Parallel Aware": false, "Scan Direction": "Forward", "Index Name": "title_pkey", "Relation Name": "title", "Schema": "public", "Alias": "t", "Startup Cost": 0.43, "Total Cost": 73940.23, "Plan Rows": 2528520, "Plan Width": 4, "Actual Startup Time": 0.019, "Actual Total Time": 562.849, "Actual Rows": 2525794, "Actual Loops": 1, "Output": ["t.id"], "Heap Fetches": 0, "Shared Hit Blocks": 23441, "Shared Read Blocks": 8963, "Shared Dirtied Blocks": 0, "Shared Written Blocks": 0, "Local Hit Blocks": 0, "Local Read Blocks": 0, "Local Dirtied Blocks": 0, "Local Written Blocks": 0, "Temp Read Blocks": 0, "Temp Written Blocks": 0, "I/O Read Time": 146.464, "I/O Write Time": 0.0}, {"Node Type": "Materialize", "Parent Relationship": "Inner", "Parallel Aware": false, "Startup Cost": 495209.42, "Total Cost": 501635.69, "Plan Rows": 1285254, "Plan Width": 4, "Actual Startup Time": 3408.346, "Actual Total Time": 4061.797, "Actual Rows": 1298965, "Actual Loops": 1, "Output": ["mi.movie_id"], "Shared Hit Blocks": 0, "Shared Read Blocks": 161993, "Shared Dirtied Blocks": 0, "Shared Written Blocks": 0, "Local Hit Blocks": 0, "Local Read Blocks": 0, "Local Dirtied Blocks": 0, "Local Written Blocks": 0, "Temp Read Blocks": 3264, "Temp Written Blocks": 3289, "I/O Read Time": 285.676, "I/O Write Time": 0.0, "Plans": [{"Node Type": "Sort", "Parent Relationship": "Outer", "Parallel Aware": false, "Startup Cost": 495209.42, "Total Cost": 498422.55, "Plan Rows": 1285254, "Plan Width": 4, "Actual Startup Time": 3408.337, "Actual Total Time": 3676.044, "Actual Rows": 1298965, "Actual Loops": 1, "Output": ["mi.movie_id"], "Sort Key": ["mi.movie_id"], "Sort Method": "external merge", "Sort Space Used": 17840, "Sort Space Type": "Disk", "Shared Hit Blocks": 0, "Shared Read Blocks": 161993, "Shared Dirtied Blocks": 0, "Shared Written Blocks": 0, "Local Hit Blocks": 0, "Local Read Blocks": 0, "Local Dirtied Blocks": 0, "Local Written Blocks": 0, "Temp Read Blocks": 3264, "Temp Written Blocks": 3289, "I/O Read Time": 285.676, "I/O Write Time": 0.0, "Plans": [{"Node Type": "Seq Scan", "Parent Relationship": "Outer", "Parallel Aware": false, "Relation Name": "movie_info", "Schema": "public", "Alias": "mi", "Startup Cost": 0.0, "Total Cost": 347223.62, "Plan Rows": 1285254, "Plan Width": 4, "Actual Startup Time": 0.211, "Actual Total Time": 2780.063, "Actual Rows": 1298989, "Actual Loops": 1, "Output": ["mi.movie_id"], "Filter": "(mi.info_type_id = 4)", "Rows Removed by Filter": 13536731, "Shared Hit Blocks": 0, "Shared Read Blocks": 161993, "Shared Dirtied Blocks": 0, "Shared Written Blocks": 0, "Local Hit Blocks": 0, "Local Read Blocks": 0, "Local Dirtied Blocks": 0, "Local Written Blocks": 0, "Temp Read Blocks": 0, "Temp Written Blocks": 0, "I/O Read Time": 285.676, "I/O Write Time": 0.0}]}]}]}, {"Node Type": "Index Only Scan", "Parent Relationship": "Inner", "Parallel Aware": false, "Scan Direction": "Forward", "Index Name": "movie_id_movie_info_idx", "Relation Name": "movie_info_idx", "Schema": "public", "Alias": "mi_idx", "Startup Cost": 0.43, "Total Cost": 38816.95, "Plan Rows": 1380035, "Plan Width": 4, "Actual Startup Time": 0.031, "Actual Total Time": 278.033, "Actual Rows": 1496714, "Actual Loops": 1, "Output": ["mi_idx.movie_id"], "Heap Fetches": 0, "Shared Hit Blocks": 387, "Shared Read Blocks": 4509, "Shared Dirtied Blocks": 0, "Shared Written Blocks": 0, "Local Hit Blocks": 0, "Local Read Blocks": 0, "Local Dirtied Blocks": 0, "Local Written Blocks": 0, "Temp Read Blocks": 0, "Temp Written Blocks": 0, "I/O Read Time": 25.787, "I/O Write Time": 0.0}]}, {"Node Type": "Index Only Scan", "Parent Relationship": "Inner", "Parallel Aware": false, "Scan Direction": "Forward", "Index Name": "movie_id_cast_info", "Relation Name": "cast_info", "Schema": "public", "Alias": "ci", "Startup Cost": 0.44, "Total Cost": 738245.12, "Plan Rows": 36293912, "Plan Width": 4, "Actual Startup Time": 0.032, "Actual Total Time": 17469.446, "Actual Rows": 65254689, "Actual Loops": 1, "Output": ["ci.movie_id"], "Heap Fetches": 0, "Shared Hit Blocks": 16713481, "Shared Read Blocks": 48287, "Shared Dirtied Blocks": 0, "Shared Written Blocks": 0, "Local Hit Blocks": 0, "Local Read Blocks": 0, "Local Dirtied Blocks": 0, "Local Written Blocks": 0, "Temp Read Blocks": 0, "Temp Written Blocks": 0, "I/O Read Time": 2154.041, "I/O Write Time": 0.0}]}]}, "Planning": {"Shared Hit Blocks": 316, "Shared Read Blocks": 52, "Shared Dirtied Blocks": 0, "Shared Written Blocks": 0, "Local Hit Blocks": 0, "Local Read Blocks": 0, "Local Dirtied Blocks": 0, "Local Written Blocks": 0, "Temp Read Blocks": 0, "Temp Written Blocks": 0, "I/O Read Time": 4.136, "I/O Write Time": 0.0}, "Planning Time": 6.772, "Triggers": [], "Execution Time": 38462.86}, "template": "scale", "query": "EXPLAIN (ANALYZE, COSTS, BUFFERS, VERBOSE, FORMAT JSON) SELECT COUNT(*) FROM title t,cast_info ci,movie_info mi,movie_info_idx mi_idx WHERE t.id=ci.movie_id AND t.id=mi.movie_id AND t.id=mi_idx.movie_id AND mi.info_type_id=4;"}
{"planinfo": {"Plan": {"Node Type": "Aggregate", "Strategy": "Plain", "Partial Mode": "Simple", "Parallel Aware": false, "Startup Cost": 3159.94, "Total Cost": 3159.95, "Plan Rows": 1, "Plan Width": 8, "Actual Startup Time": 2.203, "Actual Total Time": 2.205, "Actual Rows": 1, "Actual Loops": 1, "Output": ["count(*)"], "Shared Hit Blocks": 133, "Shared Read Blocks": 19, "Shared Dirtied Blocks": 0, "Shared Written Blocks": 0, "Local Hit Blocks": 0, "Local Read Blocks": 0, "Local Dirtied Blocks": 0, "Local Written Blocks": 0, "Temp Read Blocks": 0, "Temp Written Blocks": 0, "I/O Read Time": 1.897, "I/O Write Time": 0.0, "Plans": [{"Node Type": "Nested Loop", "Parent Relationship": "Outer", "Parallel Aware": false, "Join Type": "Inner", "Startup Cost": 1.73, "Total Cost": 3159.26, "Plan Rows": 271, "Plan Width": 0, "Actual Startup Time": 1.344, "Actual Total Time": 2.194, "Actual Rows": 48, "Actual Loops": 1, "Inner Unique": false, "Shared Hit Blocks": 133, "Shared Read Blocks": 19, "Shared Dirtied Blocks": 0, "Shared Written Blocks": 0, "Local Hit Blocks": 0, "Local Read Blocks": 0, "Local Dirtied Blocks": 0, "Local Written Blocks": 0, "Temp Read Blocks": 0, "Temp Written Blocks": 0, "I/O Read Time": 1.897, "I/O Write Time": 0.0, "Plans": [{"Node Type": "Nested Loop", "Parent Relationship": "Outer", "Parallel Aware": false, "Join Type": "Inner", "Startup Cost": 1.3, "Total Cost": 3007.25, "Plan Rows": 263, "Plan Width": 12, "Actual Startup Time": 1.132, "Actual Total Time": 1.946, "Actual Rows": 6, "Actual Loops": 1, "Output": ["t.id", "ci.movie_id", "mk.movie_id"], "Inner Unique": false, "Shared Hit Blocks": 116, "Shared Read Blocks": 17, "Shared Dirtied Blocks": 0, "Shared Written Blocks": 0, "Local Hit Blocks": 0, "Local Read Blocks": 0, "Local Dirtied Blocks": 0, "Local Written Blocks": 0, "Temp Read Blocks": 0, "Temp Written Blocks": 0, "I/O Read Time": 1.7, "I/O Write Time": 0.0, "Plans": [{"Node Type": "Nested Loop", "Parent Relationship": "Outer", "Parallel Aware": false, "Join Type": "Inner", "Startup Cost": 0.87, "Total Cost": 2480.83, "Plan Rows": 328, "Plan Width": 8, "Actual Startup Time": 0.844, "Actual Total Time": 1.302, "Actual Rows": 21, "Actual Loops": 1, "Output": ["t.id", "ci.movie_id"], "Inner Unique": true, "Shared Hit Blocks": 58, "Shared Read Blocks": 11, "Shared Dirtied Blocks": 0, "Shared Written Blocks": 0, "Local Hit Blocks": 0, "Local Read Blocks": 0, "Local Dirtied Blocks": 0, "Local Written Blocks": 0, "Temp Read Blocks": 0, "Temp Written Blocks": 0, "I/O Read Time": 1.159, "I/O Write Time": 0.0, "Plans": [{"Node Type": "Index Scan", "Parent Relationship": "Outer", "Parallel Aware": false, "Scan Direction": "Forward", "Index Name": "person_id_cast_info", "Relation Name": "cast_info", "Schema": "public", "Alias": "ci", "Startup Cost": 0.44, "Total Cost": 1042.05, "Plan Rows": 328, "Plan Width": 4, "Actual Startup Time": 0.632, "Actual Total Time": 0.642, "Actual Rows": 21, "Actual Loops": 1, "Output": ["ci.id", "ci.person_id", "ci.movie_id", "ci.person_role_id", "ci.note", "ci.nr_order", "ci.role_id"], "Index Cond": "(ci.person_id = 1395474)", "Rows Removed by Index Recheck": 0, "Filter": "(ci.role_id > 1)", "Rows Removed by Filter": 1, "Shared Hit Blocks": 0, "Shared Read Blocks": 5, "Shared Dirtied Blocks": 0, "Shared Written Blocks": 0, "Local Hit Blocks": 0, "Local Read Blocks": 0, "Local Dirtied Blocks": 0, "Local Written Blocks": 0, "Temp Read Blocks": 0, "Temp Written Blocks": 0, "I/O Read Time": 0.607, "I/O Write Time": 0.0}, {"Node Type": "Index Only Scan", "Parent Relationship": "Inner", "Parallel Aware": false, "Scan Direction": "Forward", "Index Name": "title_pkey", "Relation Name": "title", "Schema": "public", "Alias": "t", "Startup Cost": 0.43, "Total Cost": 4.39, "Plan Rows": 1, "Plan Width": 4, "Actual Startup Time": 0.031, "Actual Total Time": 0.031, "Actual Rows": 1, "Actual Loops": 21, "Output": ["t.id"], "Index Cond": "(t.id = ci.movie_id)", "Rows Removed by Index Recheck": 0, "Heap Fetches": 0, "Shared Hit Blocks": 58, "Shared Read Blocks": 6, "Shared Dirtied Blocks": 0, "Shared Written Blocks": 0, "Local Hit Blocks": 0, "Local Read Blocks": 0, "Local Dirtied Blocks": 0, "Local Written Blocks": 0, "Temp Read Blocks": 0, "Temp Written Blocks": 0, "I/O Read Time": 0.552, "I/O Write Time": 0.0}]}, {"Node Type": "Index Scan", "Parent Relationship": "Inner", "Parallel Aware": false, "Scan Direction": "Forward", "Index Name": "movie_id_movie_keyword", "Relation Name": "movie_keyword", "Schema": "public", "Alias": "mk", "Startup Cost": 0.43, "Total Cost": 1.4, "Plan Rows": 20, "Plan Width": 4, "Actual Startup Time": 0.03, "Actual Total Time": 0.03, "Actual Rows": 0, "Actual Loops": 21, "Output": ["mk.id", "mk.movie_id", "mk.keyword_id"], "Index Cond": "(mk.movie_id = t.id)", "Rows Removed by Index Recheck": 0, "Filter": "(mk.keyword_id < 3636)", "Rows Removed by Filter": 1, "Shared Hit Blocks": 58, "Shared Read Blocks": 6, "Shared Dirtied Blocks": 0, "Shared Written Blocks": 0, "Local Hit Blocks": 0, "Local Read Blocks": 0, "Local Dirtied Blocks": 0, "Local Written Blocks": 0, "Temp Read Blocks": 0, "Temp Written Blocks": 0, "I/O Read Time": 0.541, "I/O Write Time": 0.0}]}, {"Node Type": "Index Only Scan", "Parent Relationship": "Inner", "Parallel Aware": false, "Scan Direction": "Forward", "Index Name": "movie_id_movie_companies", "Relation Name": "movie_companies", "Schema": "public", "Alias": "mc", "Startup Cost": 0.43, "Total Cost": 0.53, "Plan Rows": 5, "Plan Width": 4, "Actual Startup Time": 0.038, "Actual Total Time": 0.039, "Actual Rows": 8, "Actual Loops": 6, "Output": ["mc.movie_id"], "Index Cond": "(mc.movie_id = t.id)", "Rows Removed by Index Recheck": 0, "Heap Fetches": 0, "Shared Hit Blocks": 17, "Shared Read Blocks": 2, "Shared Dirtied Blocks": 0, "Shared Written Blocks": 0, "Local Hit Blocks": 0, "Local Read Blocks": 0, "Local Dirtied Blocks": 0, "Local Written Blocks": 0, "Temp Read Blocks": 0, "Temp Written Blocks": 0, "I/O Read Time": 0.198, "I/O Write Time": 0.0}]}]}, "Planning": {"Shared Hit Blocks": 336, "Shared Read Blocks": 52, "Shared Dirtied Blocks": 0, "Shared Written Blocks": 0, "Local Hit Blocks": 0, "Local Read Blocks": 0, "Local Dirtied Blocks": 0, "Local Written Blocks": 0, "Temp Read Blocks": 0, "Temp Written Blocks": 0, "I/O Read Time": 4.938, "I/O Write Time": 0.0}, "Planning Time": 7.95, "Triggers": [], "Execution Time": 2.33}, "template": "scale", "query": "EXPLAIN (ANALYZE, COSTS, BUFFERS, VERBOSE, FORMAT JSON) SELECT COUNT(*) FROM title t,movie_companies mc,cast_info ci,movie_keyword mk WHERE t.id=mc.movie_id AND t.id=ci.movie_id AND t.id=mk.movie_id AND ci.person_id=1395474 AND ci.role_id>1 AND mk.keyword_id<3636;"}
{"planinfo": {"Plan": {"Node Type": "Aggregate", "Strategy": "Plain", "Partial Mode": "Simple", "Parallel Aware": false, "Startup Cost": 464386.64, "Total Cost": 464386.65, "Plan Rows": 1, "Plan Width": 8, "Actual Startup Time": 9388.251, "Actual Total Time": 9388.255, "Actual Rows": 1, "Actual Loops": 1, "Output": ["count(*)"], "Shared Hit Blocks": 3, "Shared Read Blocks": 95988, "Shared Dirtied Blocks": 0, "Shared Written Blocks": 0, "Local Hit Blocks": 0, "Local Read Blocks": 0, "Local Dirtied Blocks": 0, "Local Written Blocks": 0, "Temp Read Blocks": 32207, "Temp Written Blocks": 32207, "I/O Read Time": 368.422, "I/O Write Time": 0.0, "Plans": [{"Node Type": "Hash Join", "Parent Relationship": "Outer", "Parallel Aware": false, "Join Type": "Inner", "Startup Cost": 290521.0, "Total Cost": 456519.1, "Plan Rows": 3147015, "Plan Width": 0, "Actual Startup Time": 5679.479, "Actual Total Time": 9160.887, "Actual Rows": 2255207, "Actual Loops": 1, "Inner Unique": false, "Hash Cond": "(mk.movie_id = t.id)", "Shared Hit Blocks": 3, "Shared Read Blocks": 95988, "Shared Dirtied Blocks": 0, "Shared Written Blocks": 0, "Local Hit Blocks": 0, "Local Read Blocks": 0, "Local Dirtied Blocks": 0, "Local Written Blocks": 0, "Temp Read Blocks": 32207, "Temp Written Blocks": 32207, "I/O Read Time": 368.422, "I/O Write Time": 0.0, "Plans": [{"Node Type": "Seq Scan", "Parent Relationship": "Outer", "Parallel Aware": false, "Relation Name": "movie_keyword", "Schema": "public", "Alias": "mk", "Startup Cost": 0.0, "Total Cost": 69693.3, "Plan Rows": 4523930, "Plan Width": 4, "Actual Startup Time": 0.124, "Actual Total Time": 965.614, "Actual Rows": 4523930, "Actual Loops": 1, "Output": ["mk.movie_id"], "Shared Hit Blocks": 0, "Shared Read Blocks": 24454, "Shared Dirtied Blocks": 0, "Shared Written Blocks": 0, "Local Hit Blocks": 0, "Local Read Blocks": 0, "Local Dirtied Blocks": 0, "Local Written Blocks": 0, "Temp Read Blocks": 0, "Temp Written Blocks": 0, "I/O Read Time": 124.244, "I/O Write Time": 0.0}, {"Node Type": "Hash", "Parent Relationship": "Inner", "Parallel Aware": false, "Startup Cost": 261663.34, "Total Cost": 261663.34, "Plan Rows": 1758933, "Plan Width": 8, "Actual Startup Time": 5677.613, "Actual Total Time": 5677.616, "Actual Rows": 1731751, "Actual Loops": 1, "Output": ["t.id", "ci.movie_id"], "Hash Buckets": 131072, "Original Hash Buckets": 131072, "Hash Batches": 32, "Original Hash Batches": 32, "Peak Memory Usage": 3100, "Shared Hit Blocks": 0, "Shared Read Blocks": 71534, "Shared Dirtied Blocks": 0, "Shared Written Blocks": 0, "Local Hit Blocks": 0, "Local Read Blocks": 0, "Local Dirtied Blocks": 0, "Local Written Blocks": 0, "Temp Read Blocks": 13597, "Temp Written Blocks": 19318, "I/O Read Time": 244.179, "I/O Write Time": 0.0, "Plans": [{"Node Type": "Hash Join", "Parent Relationship": "Outer", "Parallel Aware": false, "Join Type": "Inner", "Startup Cost": 92922.75, "Total Cost": 261663.34, "Plan Rows": 1758933, "Plan Width": 8, "Actual Startup Time": 987.246, "Actual Total Time": 5129.098, "Actual Rows": 1731751, "Actual Loops": 1, "Output": ["t.id", "ci.movie_id"], "Inner Unique": true, "Hash Cond": "(ci.movie_id = t.id)", "Shared Hit Blocks": 0, "Shared Read Blocks": 71534, "Shared Dirtied Blocks": 0, "Shared Written Blocks": 0, "Local Hit Blocks": 0, "Local Read Blocks": 0, "Local Dirtied Blocks": 0, "Local Written Blocks": 0, "Temp Read Blocks": 13597, "Temp Written Blocks": 13597, "I/O Read Time": 244.179, "I/O Write Time": 0.0, "Plans": [{"Node Type": "Index Scan", "Parent Relationship": "Outer", "Parallel Aware": false, "Scan Direction": "Forward", "Index Name": "role_id_cast_info", "Relation Name": "cast_info", "Schema": "public", "Alias": "ci", "Startup Cost": 0.44, "Total Cost": 124125.2, "Plan Rows": 3841067, "Plan Width": 4, "Actual Startup Time": 0.488, "Actual Total Time": 1876.509, "Actual Rows": 3813806, "Actual Loops": 1, "Output": ["ci.movie_id"], "Index Cond": "(ci.role_id = 3)", "Rows Removed by Index Recheck": 0, "Filter": "(ci.person_id > 240473)", "Rows Removed by Filter": 194231, "Shared Hit Blocks": 0, "Shared Read Blocks": 35536, "Shared Dirtied Blocks": 0, "Shared Written Blocks": 0, "Local Hit Blocks": 0, "Local Read Blocks": 0, "Local Dirtied Blocks": 0, "Local Written Blocks": 0, "Temp Read Blocks": 0, "Temp Written Blocks": 0, "I/O Read Time": 183.306, "I/O Write Time": 0.0}, {"Node Type": "Hash", "Parent Relationship": "Inner", "Parallel Aware": false, "Startup Cost": 73925.8, "Total Cost": 73925.8, "Plan Rows": 1157881, "Plan Width": 4, "Actual Startup Time": 985.213, "Actual Total Time": 985.214, "Actual Rows": 1128906, "Actual Loops": 1, "Output": ["t.id"], "Hash Buckets": 131072, "Original Hash Buckets": 131072, "Hash Batches": 16, "Original Hash Batches": 16, "Peak Memory Usage": 3503, "Shared Hit Blocks": 0, "Shared Read Blocks": 35998, "Shared Dirtied Blocks": 0, "Shared Written Blocks": 0, "Local Hit Blocks": 0, "Local Read Blocks": 0, "Local Dirtied Blocks": 0, "Local Written Blocks": 0, "Temp Read Blocks": 0, "Temp Written Blocks": 3094, "I/O Read Time": 60.873, "I/O Write Time": 0.0, "Plans": [{"Node Type": "Seq Scan", "Parent Relationship": "Outer", "Parallel Aware": false, "Relation Name": "title", "Schema": "public", "Alias": "t", "Startup Cost": 0.0, "Total Cost": 73925.8, "Plan Rows": 1157881, "Plan Width": 4, "Actual Startup Time": 0.139, "Actual Total Time": 642.688, "Actual Rows": 1128906, "Actual Loops": 1, "Output": ["t.id"], "Filter": "((t.production_year < 2010) AND (t.kind_id = 7))", "Rows Removed by Filter": 1399406, "Shared Hit Blocks": 0, "Shared Read Blocks": 35998, "Shared Dirtied Blocks": 0, "Shared Written Blocks": 0, "Local Hit Blocks": 0, "Local Read Blocks": 0, "Local Dirtied Blocks": 0, "Local Written Blocks": 0, "Temp Read Blocks": 0, "Temp Written Blocks": 0, "I/O Read Time": 60.873, "I/O Write Time": 0.0}]}]}]}]}]}, "Planning": {"Shared Hit Blocks": 210, "Shared Read Blocks": 42, "Shared Dirtied Blocks": 0, "Shared Written Blocks": 0, "Local Hit Blocks": 0, "Local Read Blocks": 0, "Local Dirtied Blocks": 0, "Local Written Blocks": 0, "Temp Read Blocks": 0, "Temp Written Blocks": 0, "I/O Read Time": 3.252, "I/O Write Time": 0.0}, "Planning Time": 4.995, "Triggers": [], "Execution Time": 9388.878}, "template": "scale", "query": "EXPLAIN (ANALYZE, COSTS, BUFFERS, VERBOSE, FORMAT JSON) SELECT COUNT(*) FROM title t,cast_info ci,movie_keyword mk WHERE t.id=ci.movie_id AND t.id=mk.movie_id AND t.kind_id=7 AND t.production_year<2010 AND ci.person_id>240473 AND ci.role_id=3;"}
{"planinfo": {"Plan": {"Node Type": "Aggregate", "Strategy": "Plain", "Partial Mode": "Simple", "Parallel Aware": false, "Startup Cost": 118330.03, "Total Cost": 118330.04, "Plan Rows": 1, "Plan Width": 8, "Actual Startup Time": 790.653, "Actual Total Time": 790.654, "Actual Rows": 1, "Actual Loops": 1, "Output": ["count(*)"], "Shared Hit Blocks": 27630, "Shared Read Blocks": 37748, "Shared Dirtied Blocks": 0, "Shared Written Blocks": 0, "Local Hit Blocks": 0, "Local Read Blocks": 0, "Local Dirtied Blocks": 0, "Local Written Blocks": 0, "Temp Read Blocks": 0, "Temp Written Blocks": 0, "I/O Read Time": 274.31, "I/O Write Time": 0.0, "Plans": [{"Node Type": "Nested Loop", "Parent Relationship": "Outer", "Parallel Aware": false, "Join Type": "Inner", "Startup Cost": 0.43, "Total Cost": 118282.58, "Plan Rows": 18981, "Plan Width": 0, "Actual Startup Time": 1.987, "Actual Total Time": 789.651, "Actual Rows": 6815, "Actual Loops": 1, "Inner Unique": false, "Shared Hit Blocks": 27630, "Shared Read Blocks": 37748, "Shared Dirtied Blocks": 0, "Shared Written Blocks": 0, "Local Hit Blocks": 0, "Local Read Blocks": 0, "Local Dirtied Blocks": 0, "Local Written Blocks": 0, "Temp Read Blocks": 0, "Temp Written Blocks": 0, "I/O Read Time": 274.31, "I/O Write Time": 0.0, "Plans": [{"Node Type": "Seq Scan", "Parent Relationship": "Outer", "Parallel Aware": false, "Relation Name": "title", "Schema": "public", "Alias": "t", "Startup Cost": 0.0, "Total Cost": 73925.8, "Plan Rows": 10609, "Plan Width": 4, "Actual Startup Time": 0.198, "Actual Total Time": 532.839, "Actual Rows": 9793, "Actual Loops": 1, "Output": ["t.id", "t.title", "t.imdb_index", "t.kind_id", "t.production_year", "t.imdb_id", "t.phonetic_code", "t.episode_of_id", "t.season_nr", "t.episode_nr", "t.series_years", "t.md5sum"], "Filter": "((t.kind_id > 2) AND (t.production_year = 1979))", "Rows Removed by Filter": 2518519, "Shared Hit Blocks": 0, "Shared Read Blocks": 35998, "Shared Dirtied Blocks": 0, "Shared Written Blocks": 0, "Local Hit Blocks": 0, "Local Read Blocks": 0, "Local Dirtied Blocks": 0, "Local Written Blocks": 0, "Temp Read Blocks": 0, "Temp Written Blocks": 0, "I/O Read Time": 62.587, "I/O Write Time": 0.0}, {"Node Type": "Index Only Scan", "Parent Relationship": "Inner", "Parallel Aware": false, "Scan Direction": "Forward", "Index Name": "movie_id_movie_keyword", "Relation Name": "movie_keyword", "Schema": "public", "Alias": "mk", "Startup Cost": 0.43, "Total Cost": 3.72, "Plan Rows": 46, "Plan Width": 4, "Actual Startup Time": 0.025, "Actual Total Time": 0.026, "Actual Rows": 1, "Actual Loops": 9793, "Output": ["mk.movie_id"], "Index Cond": "(mk.movie_id = t.id)", "Rows Removed by Index Recheck": 0, "Heap Fetches": 0, "Shared Hit Blocks": 27630, "Shared Read Blocks": 1750, "Shared Dirtied Blocks": 0, "Shared Written Blocks": 0, "Local Hit Blocks": 0, "Local Read Blocks": 0, "Local Dirtied Blocks": 0, "Local Written Blocks": 0, "Temp Read Blocks": 0, "Temp Written Blocks": 0, "I/O Read Time": 211.723, "I/O Write Time": 0.0}]}]}, "Planning": {"Shared Hit Blocks": 107, "Shared Read Blocks": 26, "Shared Dirtied Blocks": 0, "Shared Written Blocks": 0, "Local Hit Blocks": 0, "Local Read Blocks": 0, "Local Dirtied Blocks": 0, "Local Written Blocks": 0, "Temp Read Blocks": 0, "Temp Written Blocks": 0, "I/O Read Time": 1.783, "I/O Write Time": 0.0}, "Planning Time": 2.663, "Triggers": [], "Execution Time": 790.749}, "template": "scale", "query": "EXPLAIN (ANALYZE, COSTS, BUFFERS, VERBOSE, FORMAT JSON) SELECT COUNT(*) FROM title t,movie_keyword mk WHERE t.id=mk.movie_id AND t.kind_id>2 AND t.production_year=1979;"}
{"planinfo": {"Plan": {"Node Type": "Aggregate", "Strategy": "Plain", "Partial Mode": "Simple", "Parallel Aware": false, "Startup Cost": 742726.33, "Total Cost": 742726.34, "Plan Rows": 1, "Plan Width": 8, "Actual Startup Time": 31651.927, "Actual Total Time": 31651.932, "Actual Rows": 1, "Actual Loops": 1, "Output": ["count(*)"], "Shared Hit Blocks": 12034282, "Shared Read Blocks": 83469, "Shared Dirtied Blocks": 0, "Shared Written Blocks": 0, "Local Hit Blocks": 0, "Local Read Blocks": 0, "Local Dirtied Blocks": 0, "Local Written Blocks": 0, "Temp Read Blocks": 13251, "Temp Written Blocks": 13259, "I/O Read Time": 345.489, "I/O Write Time": 0.0, "Plans": [{"Node Type": "Merge Join", "Parent Relationship": "Outer", "Parallel Aware": false, "Join Type": "Inner", "Startup Cost": 216935.27, "Total Cost": 734938.4, "Plan Rows": 3115173, "Plan Width": 0, "Actual Startup Time": 3597.04, "Actual Total Time": 27089.845, "Actual Rows": 41263407, "Actual Loops": 1, "Inner Unique": false, "Merge Cond": "(t.id = mi.movie_id)", "Shared Hit Blocks": 12034282, "Shared Read Blocks": 83469, "Shared Dirtied Blocks": 0, "Shared Written Blocks": 0, "Local Hit Blocks": 0, "Local Read Blocks": 0, "Local Dirtied Blocks": 0, "Local Written Blocks": 0, "Temp Read Blocks": 13251, "Temp Written Blocks": 13259, "I/O Read Time": 345.489, "I/O Write Time": 0.0, "Plans": [{"Node Type": "Merge Join", "Parent Relationship": "Outer", "Parallel Aware": false, "Join Type": "Inner", "Startup Cost": 216912.54, "Total Cost": 339542.71, "Plan Rows": 531553, "Plan Width": 16, "Actual Startup Time": 3596.818, "Actual Total Time": 5851.166, "Actual Rows": 1902990, "Actual Loops": 1, "Output": ["t.id", "ci.movie_id", "mi_idx.movie_id", "mk.movie_id"], "Inner Unique": false, "Merge Cond": "(mk.movie_id = t.id)", "Shared Hit Blocks": 8, "Shared Read Blocks": 57639, "Shared Dirtied Blocks": 0, "Shared Written Blocks": 0, "Local Hit Blocks": 0, "Local Read Blocks": 0, "Local Dirtied Blocks": 0, "Local Written Blocks": 0, "Temp Read Blocks": 13251, "Temp Written Blocks": 13259, "I/O Read Time": 175.384, "I/O Write Time": 0.0, "Plans": [{"Node Type": "Index Only Scan", "Parent Relationship": "Outer", "Parallel Aware": false, "Scan Direction": "Forward", "Index Name": "movie_id_movie_keyword", "Relation Name": "movie_keyword", "Schema": "public", "Alias": "mk", "Startup Cost": 0.43, "Total Cost": 102607.38, "Plan Rows": 4523930, "Plan Width": 4, "Actual Startup Time": 0.024, "Actual Total Time": 724.121, "Actual Rows": 4523925, "Actual Loops": 1, "Output": ["mk.movie_id"], "Heap Fetches": 0, "Shared Hit Blocks": 5, "Shared Read Blocks": 8653, "Shared Dirtied Blocks": 0, "Shared Written Blocks": 0, "Local Hit Blocks": 0, "Local Read Blocks": 0, "Local Dirtied Blocks": 0, "Local Written Blocks": 0, "Temp Read Blocks": 0, "Temp Written Blocks": 0, "I/O Read Time": 47.696, "I/O Write Time": 0.0}, {"Node Type": "Materialize", "Parent Relationship": "Inner", "Parallel Aware": false, "Startup Cost": 216911.88, "Total Cost": 218397.36, "Plan Rows": 297096, "Plan Width": 12, "Actual Startup Time": 3596.779, "Actual Total Time": 3984.878, "Actual Rows": 2144901, "Actual Loops": 1, "Output": ["t.id", "ci.movie_id", "mi_idx.movie_id"], "Shared Hit Blocks": 3, "Shared Read Blocks": 48986, "Shared Dirtied Blocks": 0, "Shared Written Blocks": 0, "Local Hit Blocks": 0, "Local Read Blocks": 0, "Local Dirtied Blocks": 0, "Local Written Blocks": 0, "Temp Read Blocks": 13251, "Temp Written Blocks": 13259, "I/O Read Time": 127.688, "I/O Write Time": 0.0, "Plans": [{"Node Type": "Sort", "Parent Relationship": "Outer", "Parallel Aware": false, "Startup Cost": 216911.88, "Total Cost": 217654.62, "Plan Rows": 297096, "Plan Width": 12, "Actual Startup Time": 3596.765, "Actual Total Time": 3693.234, "Actual Rows": 426531, "Actual Loops": 1, "Output": ["t.id", "ci.movie_id", "mi_idx.movie_id"], "Sort Key": ["t.id"], "Sort Method": "external merge", "Sort Space Used": 9208, "Sort Space Type": "Disk", "Shared Hit Blocks": 3, "Shared Read Blocks": 48986, "Shared Dirtied Blocks": 0, "Shared Written Blocks": 0, "Local Hit Blocks": 0, "Local Read Blocks": 0, "Local Dirtied Blocks": 0, "Local Written Blocks": 0, "Temp Read Blocks": 13251, "Temp Written Blocks": 13259, "I/O Read Time": 127.688, "I/O Write Time": 0.0, "Plans": [{"Node Type": "Hash Join", "Parent Relationship": "Outer", "Parallel Aware": false, "Join Type": "Inner", "Startup Cost": 142036.06, "Total Cost": 184826.5, "Plan Rows": 297096, "Plan Width": 12, "Actual Startup Time": 2379.536, "Actual Total Time": 3402.609, "Actual Rows": 426531, "Actual Loops": 1, "Output": ["t.id", "ci.movie_id", "mi_idx.movie_id"], "Inner Unique": false, "Hash Cond": "(mi_idx.movie_id = t.id)", "Shared Hit Blocks": 3, "Shared Read Blocks": 48986, "Shared Dirtied Blocks": 0, "Shared Written Blocks": 0, "Local Hit Blocks": 0, "Local Read Blocks": 0, "Local Dirtied Blocks": 0, "Local Written Blocks": 0, "Temp Read Blocks": 12100, "Temp Written Blocks": 12100, "I/O Read Time": 127.688, "I/O Write Time": 0.0, "Plans": [{"Node Type": "Seq Scan", "Parent Relationship": "Outer", "Parallel Aware": false, "Relation Name": "movie_info_idx", "Schema": "public", "Alias": "mi_idx", "Startup Cost": 0.0, "Total Cost": 21735.35, "Plan Rows": 1380035, "Plan Width": 4, "Actual Startup Time": 0.127, "Actual Total Time": 297.853, "Actual Rows": 1380035, "Actual Loops": 1, "Output": ["mi_idx.movie_id"], "Shared Hit Blocks": 0, "Shared Read Blocks": 7935, "Shared Dirtied Blocks": 0, "Shared Written Blocks": 0, "Local Hit Blocks": 0, "Local Read Blocks": 0, "Local Dirtied Blocks": 0, "Local Written Blocks": 0, "Temp Read Blocks": 0, "Temp Written Blocks": 0, "I/O Read Time": 40.249, "I/O Write Time": 0.0}, {"Node Type": "Hash", "Parent Relationship": "Inner", "Parallel Aware": false, "Startup Cost": 133104.77, "Total Cost": 133104.77, "Plan Rows": 544343, "Plan Width": 8, "Actual Startup Time": 2378.602, "Actual Total Time": 2378.605, "Actual Rows": 432034, "Actual Loops": 1, "Output": ["t.id", "ci.movie_id"], "Hash Buckets": 131072, "Original Hash Buckets": 131072, "Hash Batches": 8, "Original Hash Batches": 8, "Peak Memory Usage": 3122, "Shared Hit Blocks": 0, "Shared Read Blocks": 41051, "Shared Dirtied Blocks": 0, "Shared Written Blocks": 0, "Local Hit Blocks": 0, "Local Read Blocks": 0, "Local Dirtied Blocks": 0, "Local Written Blocks": 0, "Temp Read Blocks": 7264, "Temp Written Blocks": 8554, "I/O Read Time": 87.439, "I/O Write Time": 0.0, "Plans": [{"Node Type": "Hash Join", "Parent Relationship": "Outer", "Parallel Aware": false, "Join Type": "Inner", "Startup Cost": 96454.15, "Total Cost": 133104.77, "Plan Rows": 544343, "Plan Width": 8, "Actual Startup Time": 1232.022, "Actual Total Time": 2242.938, "Actual Rows": 432034, "Actual Loops": 1, "Output": ["t.id", "ci.movie_id"], "Inner Unique": true, "Hash Cond": "(ci.movie_id = t.id)", "Shared Hit Blocks": 0, "Shared Read Blocks": 41051, "Shared Dirtied Blocks": 0, "Shared Written Blocks": 0, "Local Hit Blocks": 0, "Local Read Blocks": 0, "Local Dirtied Blocks": 0, "Local Written Blocks": 0, "Temp Read Blocks": 7264, "Temp Written Blocks": 7264, "I/O Read Time": 87.439, "I/O Write Time": 0.0, "Plans": [{"Node Type": "Index Scan", "Parent Relationship": "Outer", "Parallel Aware": false, "Scan Direction": "Forward", "Index Name": "role_id_cast_info", "Relation Name": "cast_info", "Schema": "public", "Alias": "ci", "Startup Cost": 0.44, "Total Cost": 21611.37, "Plan Rows": 782739, "Plan Width": 4, "Actual Startup Time": 0.546, "Actual Total Time": 311.323, "Actual Rows": 773674, "Actual Loops": 1, "Output": ["ci.movie_id"], "Index Cond": "(ci.role_id = 6)", "Rows Removed by Index Recheck": 0, "Shared Hit Blocks": 0, "Shared Read Blocks": 5053, "Shared Dirtied Blocks": 0, "Shared Written Blocks": 0, "Local Hit Blocks": 0, "Local Read Blocks": 0, "Local Dirtied Blocks": 0, "Local Written Blocks": 0, "Temp Read Blocks": 0, "Temp Written Blocks": 0, "I/O Read Time": 27.993, "I/O Write Time": 0.0}, {"Node Type": "Hash", "Parent Relationship": "Inner", "Parallel Aware": false, "Startup Cost": 67604.5, "Total Cost": 67604.5, "Plan Rows": 1758417, "Plan Width": 4, "Actual Startup Time": 1229.719, "Actual Total Time": 1229.72, "Actual Rows": 1774635, "Actual Loops": 1, "Output": ["t.id"], "Hash Buckets": 131072, "Original Hash Buckets": 131072, "Hash Batches": 32, "Original Hash Batches": 32, "Peak Memory Usage": 2978, "Shared Hit Blocks": 0, "Shared Read Blocks": 35998, "Shared Dirtied Blocks": 0, "Shared Written Blocks": 0, "Local Hit Blocks": 0, "Local Read Blocks": 0, "Local Dirtied Blocks": 0, "Local Written Blocks": 0, "Temp Read Blocks": 0, "Temp Written Blocks": 5023, "I/O Read Time": 59.446, "I/O Write Time": 0.0, "Plans": [{"Node Type": "Seq Scan", "Parent Relationship": "Outer", "Parallel Aware": false, "Relation Name": "title", "Schema": "public", "Alias": "t", "Startup Cost": 0.0, "Total Cost": 67604.5, "Plan Rows": 1758417, "Plan Width": 4, "Actual Startup Time": 0.139, "Actual Total Time": 658.257, "Actual Rows": 1774635, "Actual Loops": 1, "Output": ["t.id"], "Filter": "(t.kind_id > 2)", "Rows Removed by Filter": 753677, "Shared Hit Blocks": 0, "Shared Read Blocks": 35998, "Shared Dirtied Blocks": 0, "Shared Written Blocks": 0, "Local Hit Blocks": 0, "Local Read Blocks": 0, "Local Dirtied Blocks": 0, "Local Written Blocks": 0, "Temp Read Blocks": 0, "Temp Written Blocks": 0, "I/O Read Time": 59.446, "I/O Write Time": 0.0}]}]}]}]}]}]}]}, {"Node Type": "Index Only Scan", "Parent Relationship": "Inner", "Parallel Aware": false, "Scan Direction": "Forward", "Index Name": "movie_id_movie_info", "Relation Name": "movie_info", "Schema": "public", "Alias": "mi", "Startup Cost": 0.43, "Total Cost": 325993.18, "Plan Rows": 14818450, "Plan Width": 4, "Actual Startup Time": 0.033, "Actual Total Time": 12084.469, "Actual Rows": 55328802, "Actual Loops": 1, "Output": ["mi.movie_id"], "Heap Fetches": 0, "Shared Hit Blocks": 12034274, "Shared Read Blocks": 25830, "Shared Dirtied Blocks": 0, "Shared Written Blocks": 0, "Local Hit Blocks": 0, "Local Read Blocks": 0, "Local Dirtied Blocks": 0, "Local Written Blocks": 0, "Temp Read Blocks": 0, "Temp Written Blocks": 0, "I/O Read Time": 170.105, "I/O Write Time": 0.0}]}]}, "Planning": {"Shared Hit Blocks": 467, "Shared Read Blocks": 62, "Shared Dirtied Blocks": 0, "Shared Written Blocks": 0, "Local Hit Blocks": 0, "Local Read Blocks": 0, "Local Dirtied Blocks": 0, "Local Written Blocks": 0, "Temp Read Blocks": 0, "Temp Written Blocks": 0, "I/O Read Time": 5.236, "I/O Write Time": 0.0}, "Planning Time": 9.505, "Triggers": [], "Execution Time": 31658.005}, "template": "scale", "query": "EXPLAIN (ANALYZE, COSTS, BUFFERS, VERBOSE, FORMAT JSON) SELECT COUNT(*) FROM title t,cast_info ci,movie_info mi,movie_info_idx mi_idx,movie_keyword mk WHERE t.id=ci.movie_id AND t.id=mi.movie_id AND t.id=mi_idx.movie_id AND t.id=mk.movie_id AND t.kind_id>2 AND ci.role_id=6;"}
{"planinfo": {"Plan": {"Node Type": "Aggregate", "Strategy": "Plain", "Partial Mode": "Simple", "Parallel Aware": false, "Startup Cost": 212439.06, "Total Cost": 212439.07, "Plan Rows": 1, "Plan Width": 8, "Actual Startup Time": 6042.206, "Actual Total Time": 6042.211, "Actual Rows": 1, "Actual Loops": 1, "Output": ["count(*)"], "Shared Hit Blocks": 1153285, "Shared Read Blocks": 57391, "Shared Dirtied Blocks": 0, "Shared Written Blocks": 0, "Local Hit Blocks": 0, "Local Read Blocks": 0, "Local Dirtied Blocks": 0, "Local Written Blocks": 0, "Temp Read Blocks": 2144, "Temp Written Blocks": 2144, "I/O Read Time": 579.869, "I/O Write Time": 0.0, "Plans": [{"Node Type": "Nested Loop", "Parent Relationship": "Outer", "Parallel Aware": false, "Join Type": "Inner", "Startup Cost": 68997.24, "Total Cost": 211739.42, "Plan Rows": 279855, "Plan Width": 0, "Actual Startup Time": 556.391, "Actual Total Time": 5240.431, "Actual Rows": 7598041, "Actual Loops": 1, "Inner Unique": false, "Join Filter": "(t.id = mi.movie_id)", "Rows Removed by Join Filter": 0, "Shared Hit Blocks": 1153285, "Shared Read Blocks": 57391, "Shared Dirtied Blocks": 0, "Shared Written Blocks": 0, "Local Hit Blocks": 0, "Local Read Blocks": 0, "Local Dirtied Blocks": 0, "Local Written Blocks": 0, "Temp Read Blocks": 2144, "Temp Written Blocks": 2144, "I/O Read Time": 579.869, "I/O Write Time": 0.0, "Plans": [{"Node Type": "Nested Loop", "Parent Relationship": "Outer", "Parallel Aware": false, "Join Type": "Inner", "Startup Cost": 68996.8, "Total Cost": 133197.62, "Plan Rows": 47753, "Plan Width": 12, "Actual Startup Time": 556.373, "Actual Total Time": 1641.97, "Actual Rows": 144075, "Actual Loops": 1, "Output": ["t.id", "mc.movie_id", "mi_idx.movie_id"], "Inner Unique": false, "Join Filter": "(t.id = mc.movie_id)", "Rows Removed by Join Filter": 0, "Shared Hit Blocks": 148437, "Shared Read Blocks": 48824, "Shared Dirtied Blocks": 0, "Shared Written Blocks": 0, "Local Hit Blocks": 0, "Local Read Blocks": 0, "Local Dirtied Blocks": 0, "Local Written Blocks": 0, "Temp Read Blocks": 2144, "Temp Written Blocks": 2144, "I/O Read Time": 151.897, "I/O Write Time": 0.0, "Plans": [{"Node Type": "Hash Join", "Parent Relationship": "Outer", "Parallel Aware": false, "Join Type": "Inner", "Startup Cost": 68996.38, "Total Cost": 105468.33, "Plan Rows": 46277, "Plan Width": 8, "Actual Startup Time": 556.335, "Actual Total Time": 1328.851, "Actual Rows": 51108, "Actual Loops": 1, "Output": ["t.id", "mi_idx.movie_id"], "Inner Unique": true, "Hash Cond": "(mi_idx.movie_id = t.id)", "Shared Hit Blocks": 3, "Shared Read Blocks": 43933, "Shared Dirtied Blocks": 0, "Shared Written Blocks": 0, "Local Hit Blocks": 0, "Local Read Blocks": 0, "Local Dirtied Blocks": 0, "Local Written Blocks": 0, "Temp Read Blocks": 2144, "Temp Written Blocks": 2144, "I/O Read Time": 109.088, "I/O Write Time": 0.0, "Plans": [{"Node Type": "Seq Scan", "Parent Relationship": "Outer", "Parallel Aware": false, "Relation Name": "movie_info_idx", "Schema": "public", "Alias": "mi_idx", "Startup Cost": 0.0, "Total Cost": 21735.35, "Plan Rows": 1380035, "Plan Width": 4, "Actual Startup Time": 0.124, "Actual Total Time": 307.113, "Actual Rows": 1380035, "Actual Loops": 1, "Output": ["mi_idx.movie_id"], "Shared Hit Blocks": 0, "Shared Read Blocks": 7935, "Shared Dirtied Blocks": 0, "Shared Written Blocks": 0, "Local Hit Blocks": 0, "Local Read Blocks": 0, "Local Dirtied Blocks": 0, "Local Written Blocks": 0, "Temp Read Blocks": 0, "Temp Written Blocks": 0, "I/O Read Time": 42.742, "I/O Write Time": 0.0}, {"Node Type": "Hash", "Parent Relationship": "Inner", "Parallel Aware": false, "Startup Cost": 67604.5, "Total Cost": 67604.5, "Plan Rows": 84790, "Plan Width": 4, "Actual Startup Time": 555.651, "Actual Total Time": 555.652, "Actual Rows": 84593, "Actual Loops": 1, "Output": ["t.id"], "Hash Buckets": 131072, "Original Hash Buckets": 131072, "Hash Batches": 2, "Original Hash Batches": 2, "Peak Memory Usage": 2518, "Shared Hit Blocks": 0, "Shared Read Blocks": 35998, "Shared Dirtied Blocks": 0, "Shared Written Blocks": 0, "Local Hit Blocks": 0, "Local Read Blocks": 0, "Local Dirtied Blocks": 0, "Local Written Blocks": 0, "Temp Read Blocks": 0, "Temp Written Blocks": 123, "I/O Read Time": 66.346, "I/O Write Time": 0.0, "Plans": [{"Node Type": "Seq Scan", "Parent Relationship": "Outer", "Parallel Aware": false, "Relation Name": "title", "Schema": "public", "Alias": "t", "Startup Cost": 0.0, "Total Cost": 67604.5, "Plan Rows": 84790, "Plan Width": 4, "Actual Startup Time": 0.143, "Actual Total Time": 518.342, "Actual Rows": 84593, "Actual Loops": 1, "Output": ["t.id"], "Filter": "(t.production_year = 2004)", "Rows Removed by Filter": 2443719, "Shared Hit Blocks": 0, "Shared Read Blocks": 35998, "Shared Dirtied Blocks": 0, "Shared Written Blocks": 0, "Local Hit Blocks": 0, "Local Read Blocks": 0, "Local Dirtied Blocks": 0, "Local Written Blocks": 0, "Temp Read Blocks": 0, "Temp Written Blocks": 0, "I/O Read Time": 66.346, "I/O Write Time": 0.0}]}]}, {"Node Type": "Index Only Scan", "Parent Relationship": "Inner", "Parallel Aware": false, "Scan Direction": "Forward", "Index Name": "movie_id_movie_companies", "Relation Name": "movie_companies", "Schema": "public", "Alias": "mc", "Startup Cost": 0.43, "Total Cost": 0.54, "Plan Rows": 5, "Plan Width": 4, "Actual Startup Time": 0.005, "Actual Total Time": 0.005, "Actual Rows": 3, "Actual Loops": 51108, "Output": ["mc.movie_id"], "Index Cond": "(mc.movie_id = mi_idx.movie_id)", "Rows Removed by Index Recheck": 0, "Heap Fetches": 0, "Shared Hit Blocks": 148434, "Shared Read Blocks": 4891, "Shared Dirtied Blocks": 0, "Shared Written Blocks": 0, "Local Hit Blocks": 0, "Local Read Blocks": 0, "Local Dirtied Blocks": 0, "Local Written Blocks": 0, "Temp Read Blocks": 0, "Temp Written Blocks": 0, "I/O Read Time": 42.809, "I/O Write Time": 0.0}]}, {"Node Type": "Index Only Scan", "Parent Relationship": "Inner", "Parallel Aware": false, "Scan Direction": "Forward", "Index Name": "movie_id_movie_info", "Relation Name": "movie_info", "Schema": "public", "Alias": "mi", "Startup Cost": 0.43, "Total Cost": 1.16, "Plan Rows": 39, "Plan Width": 4, "Actual Startup Time": 0.008, "Actual Total Time": 0.016, "Actual Rows": 53, "Actual Loops": 144075, "Output": ["mi.movie_id"], "Index Cond": "(mi.movie_id = mc.movie_id)", "Rows Removed by Index Recheck": 0, "Heap Fetches": 0, "Shared Hit Blocks": 1004848, "Shared Read Blocks": 8567, "Shared Dirtied Blocks": 0, "Shared Written Blocks": 0, "Local Hit Blocks": 0, "Local Read Blocks": 0, "Local Dirtied Blocks": 0, "Local Written Blocks": 0, "Temp Read Blocks": 0, "Temp Written Blocks": 0, "I/O Read Time": 427.972, "I/O Write Time": 0.0}]}]}, "Planning": {"Shared Hit Blocks": 306, "Shared Read Blocks": 50, "Shared Dirtied Blocks": 0, "Shared Written Blocks": 0, "Local Hit Blocks": 0, "Local Read Blocks": 0, "Local Dirtied Blocks": 0, "Local Written Blocks": 0, "Temp Read Blocks": 0, "Temp Written Blocks": 0, "I/O Read Time": 3.911, "I/O Write Time": 0.0}, "Planning Time": 6.572, "Triggers": [], "Execution Time": 6042.559}, "template": "scale", "query": "EXPLAIN (ANALYZE, COSTS, BUFFERS, VERBOSE, FORMAT JSON) SELECT COUNT(*) FROM title t,movie_companies mc,movie_info mi,movie_info_idx mi_idx WHERE t.id=mc.movie_id AND t.id=mi.movie_id AND t.id=mi_idx.movie_id AND t.production_year=2004;"}
{"planinfo": {"Plan": {"Node Type": "Aggregate", "Strategy": "Plain", "Partial Mode": "Simple", "Parallel Aware": false, "Startup Cost": 104027.87, "Total Cost": 104027.88, "Plan Rows": 1, "Plan Width": 8, "Actual Startup Time": 3740.647, "Actual Total Time": 3740.65, "Actual Rows": 1, "Actual Loops": 1, "Output": ["count(*)"], "Shared Hit Blocks": 1048243, "Shared Read Blocks": 43572, "Shared Dirtied Blocks": 0, "Shared Written Blocks": 0, "Local Hit Blocks": 0, "Local Read Blocks": 0, "Local Dirtied Blocks": 0, "Local Written Blocks": 0, "Temp Read Blocks": 0, "Temp Written Blocks": 0, "I/O Read Time": 784.493, "I/O Write Time": 0.0, "Plans": [{"Node Type": "Nested Loop", "Parent Relationship": "Outer", "Parallel Aware": false, "Join Type": "Inner", "Startup Cost": 1.73, "Total Cost": 103881.82, "Plan Rows": 58421, "Plan Width": 0, "Actual Startup Time": 3.004, "Actual Total Time": 3293.516, "Actual Rows": 4018376, "Actual Loops": 1, "Inner Unique": false, "Join Filter": "(t.id = ci.movie_id)", "Rows Removed by Join Filter": 0, "Shared Hit Blocks": 1048243, "Shared Read Blocks": 43572, "Shared Dirtied Blocks": 0, "Shared Written Blocks": 0, "Local Hit Blocks": 0, "Local Read Blocks": 0, "Local Dirtied Blocks": 0, "Local Written Blocks": 0, "Temp Read Blocks": 0, "Temp Written Blocks": 0, "I/O Read Time": 784.493, "I/O Write Time": 0.0, "Plans": [{"Node Type": "Nested Loop", "Parent Relationship": "Outer", "Parallel Aware": false, "Join Type": "Inner", "Startup Cost": 1.29, "Total Cost": 97398.93, "Plan Rows": 4070, "Plan Width": 16, "Actual Startup Time": 2.694, "Actual Total Time": 1297.169, "Actual Rows": 93560, "Actual Loops": 1, "Output": ["t.id", "mc.movie_id", "mi_idx.movie_id", "mk.movie_id"], "Inner Unique": false, "Join Filter": "(t.id = mk.movie_id)", "Rows Removed by Join Filter": 0, "Shared Hit Blocks": 73211, "Shared Read Blocks": 42706, "Shared Dirtied Blocks": 0, "Shared Written Blocks": 0, "Local Hit Blocks": 0, "Local Read Blocks": 0, "Local Dirtied Blocks": 0, "Local Written Blocks": 0, "Temp Read Blocks": 0, "Temp Written Blocks": 0, "I/O Read Time": 689.412, "I/O Write Time": 0.0, "Plans": [{"Node Type": "Nested Loop", "Parent Relationship": "Outer", "Parallel Aware": false, "Join Type": "Inner", "Startup Cost": 0.86, "Total Cost": 93218.21, "Plan Rows": 2275, "Plan Width": 12, "Actual Startup Time": 2.582, "Actual Total Time": 1135.411, "Actual Rows": 7179, "Actual Loops": 1, "Output": ["t.id", "mc.movie_id", "mi_idx.movie_id"], "Inner Unique": false, "Join Filter": "(t.id = mc.movie_id)", "Rows Removed by Join Filter": 0, "Shared Hit Blocks": 52650, "Shared Read Blocks": 41729, "Shared Dirtied Blocks": 0, "Shared Written Blocks": 0, "Local Hit Blocks": 0, "Local Read Blocks": 0, "Local Dirtied Blocks": 0, "Local Written Blocks": 0, "Temp Read Blocks": 0, "Temp Written Blocks": 0, "I/O Read Time": 593.434, "I/O Write Time": 0.0, "Plans": [{"Node Type": "Nested Loop", "Parent Relationship": "Outer", "Parallel Aware": false, "Join Type": "Inner", "Startup Cost": 0.43, "Total Cost": 90152.84, "Plan Rows": 4876, "Plan Width": 8, "Actual Startup Time": 2.258, "Actual Total Time": 675.276, "Actual Rows": 6167, "Actual Loops": 1, "Output": ["t.id", "mi_idx.movie_id"], "Inner Unique": false, "Shared Hit Blocks": 27078, "Shared Read Blocks": 38225, "Shared Dirtied Blocks": 0, "Shared Written Blocks": 0, "Local Hit Blocks": 0, "Local Read Blocks": 0, "Local Dirtied Blocks": 0, "Local Written Blocks": 0, "Temp Read Blocks": 0, "Temp Written Blocks": 0, "I/O Read Time": 179.755, "I/O Write Time": 0.0, "Plans": [{"Node Type": "Seq Scan", "Parent Relationship": "Outer", "Parallel Aware": false, "Relation Name": "title", "Schema": "public", "Alias": "t", "Startup Cost": 0.0, "Total Cost": 67604.5, "Plan Rows": 8934, "Plan Width": 4, "Actual Startup Time": 0.506, "Actual Total Time": 512.551, "Actual Rows": 9768, "Actual Loops": 1, "Output": ["t.id", "t.title", "t.imdb_index", "t.kind_id", "t.production_year", "t.imdb_id", "t.phonetic_code", "t.episode_of_id", "t.season_nr", "t.episode_nr", "t.series_years", "t.md5sum"], "Filter": "(t.production_year = 1958)", "Rows Removed by Filter": 2518544, "Shared Hit Blocks": 0, "Shared Read Blocks": 35998, "Shared Dirtied Blocks": 0, "Shared Written Blocks": 0, "Local Hit Blocks": 0, "Local Read Blocks": 0, "Local Dirtied Blocks": 0, "Local Written Blocks": 0, "Temp Read Blocks": 0, "Temp Written Blocks": 0, "I/O Read Time": 63.955, "I/O Write Time": 0.0}, {"Node Type": "Index Only Scan", "Parent Relationship": "Inner", "Parallel Aware": false, "Scan Direction": "Forward", "Index Name": "movie_id_movie_info_idx", "Relation Name": "movie_info_idx", "Schema": "public", "Alias": "mi_idx", "Startup Cost": 0.43, "Total Cost": 2.49, "Plan Rows": 3, "Plan Width": 4, "Actual Startup Time": 0.016, "Actual Total Time": 0.016, "Actual Rows": 1, "Actual Loops": 9768, "Output": ["mi_idx.movie_id"], "Index Cond": "(mi_idx.movie_id = t.id)", "Rows Removed by Index Recheck": 0, "Heap Fetches": 0, "Shared Hit Blocks": 27078, "Shared Read Blocks": 2227, "Shared Dirtied Blocks": 0, "Shared Written Blocks": 0, "Local Hit Blocks": 0, "Local Read Blocks": 0, "Local Dirtied Blocks": 0, "Local Written Blocks": 0, "Temp Read Blocks": 0, "Temp Written Blocks": 0, "I/O Read Time": 115.8, "I/O Write Time": 0.0}]}, {"Node Type": "Index Scan", "Parent Relationship": "Inner", "Parallel Aware": false, "Scan Direction": "Forward", "Index Name": "movie_id_movie_companies", "Relation Name": "movie_companies", "Schema": "public", "Alias": "mc", "Startup Cost": 0.43, "Total Cost": 0.6, "Plan Rows": 2, "Plan Width": 4, "Actual Startup Time": 0.067, "Actual Total Time": 0.074, "Actual Rows": 1, "Actual Loops": 6167, "Output": ["mc.id", "mc.movie_id", "mc.company_id", "mc.company_type_id", "mc.note"], "Index Cond": "(mc.movie_id = mi_idx.movie_id)", "Rows Removed by Index Recheck": 0, "Filter": "(mc.company_id > 12740)", "Rows Removed by Filter": 2, "Shared Hit Blocks": 25572, "Shared Read Blocks": 3504, "Shared Dirtied Blocks": 0, "Shared Written Blocks": 0, "Local Hit Blocks": 0, "Local Read Blocks": 0, "Local Dirtied Blocks": 0, "Local Written Blocks": 0, "Temp Read Blocks": 0, "Temp Written Blocks": 0, "I/O Read Time": 413.679, "I/O Write Time": 0.0}]}, {"Node Type": "Index Only Scan", "Parent Relationship": "Inner", "Parallel Aware": false, "Scan Direction": "Forward", "Index Name": "movie_id_movie_keyword", "Relation Name": "movie_keyword", "Schema": "public", "Alias": "mk", "Startup Cost": 0.43, "Total Cost": 1.26, "Plan Rows": 46, "Plan Width": 4, "Actual Startup Time": 0.017, "Actual Total Time": 0.019, "Actual Rows": 13, "Actual Loops": 7179, "Output": ["mk.movie_id"], "Index Cond": "(mk.movie_id = mi_idx.movie_id)", "Rows Removed by Index Recheck": 0, "Heap Fetches": 0, "Shared Hit Blocks": 20561, "Shared Read Blocks": 977, "Shared Dirtied Blocks": 0, "Shared Written Blocks": 0, "Local Hit Blocks": 0, "Local Read Blocks": 0, "Local Dirtied Blocks": 0, "Local Written Blocks": 0, "Temp Read Blocks": 0, "Temp Written Blocks": 0, "I/O Read Time": 95.978, "I/O Write Time": 0.0}]}, {"Node Type": "Index Only Scan", "Parent Relationship": "Inner", "Parallel Aware": false, "Scan Direction": "Forward", "Index Name": "movie_id_cast_info", "Relation Name": "cast_info", "Schema": "public", "Alias": "ci", "Startup Cost": 0.44, "Total Cost": 1.13, "Plan Rows": 37, "Plan Width": 4, "Actual Startup Time": 0.006, "Actual Total Time": 0.014, "Actual Rows": 43, "Actual Loops": 93560, "Output": ["ci.movie_id"], "Index Cond": "(ci.movie_id = mk.movie_id)", "Rows Removed by Index Recheck": 0, "Heap Fetches": 0, "Shared Hit Blocks": 975032, "Shared Read Blocks": 866, "Shared Dirtied Blocks": 0, "Shared Written Blocks": 0, "Local Hit Blocks": 0, "Local Read Blocks": 0, "Local Dirtied Blocks": 0, "Local Written Blocks": 0, "Temp Read Blocks": 0, "Temp Written Blocks": 0, "I/O Read Time": 95.081, "I/O Write Time": 0.0}]}]}, "Planning": {"Shared Hit Blocks": 478, "Shared Read Blocks": 63, "Shared Dirtied Blocks": 0, "Shared Written Blocks": 0, "Local Hit Blocks": 0, "Local Read Blocks": 0, "Local Dirtied Blocks": 0, "Local Written Blocks": 0, "Temp Read Blocks": 0, "Temp Written Blocks": 0, "I/O Read Time": 4.957, "I/O Write Time": 0.0}, "Planning Time": 9.33, "Triggers": [], "Execution Time": 3740.825}, "template": "scale", "query": "EXPLAIN (ANALYZE, COSTS, BUFFERS, VERBOSE, FORMAT JSON) SELECT COUNT(*) FROM title t,movie_companies mc,cast_info ci,movie_info_idx mi_idx,movie_keyword mk WHERE t.id=mc.movie_id AND t.id=ci.movie_id AND t.id=mi_idx.movie_id AND t.id=mk.movie_id AND t.production_year=1958 AND mc.company_id>12740;"}
{"planinfo": {"Plan": {"Node Type": "Aggregate", "Strategy": "Plain", "Partial Mode": "Simple", "Parallel Aware": false, "Startup Cost": 286324.34, "Total Cost": 286324.35, "Plan Rows": 1, "Plan Width": 8, "Actual Startup Time": 3055.075, "Actual Total Time": 3055.076, "Actual Rows": 1, "Actual Loops": 1, "Output": ["count(*)"], "Shared Hit Blocks": 0, "Shared Read Blocks": 9920, "Shared Dirtied Blocks": 0, "Shared Written Blocks": 0, "Local Hit Blocks": 0, "Local Read Blocks": 0, "Local Dirtied Blocks": 0, "Local Written Blocks": 0, "Temp Read Blocks": 0, "Temp Written Blocks": 0, "I/O Read Time": 52.114, "I/O Write Time": 0.0, "Plans": [{"Node Type": "Index Only Scan", "Parent Relationship": "Outer", "Parallel Aware": false, "Scan Direction": "Forward", "Index Name": "role_id_cast_info", "Relation Name": "cast_info", "Schema": "public", "Alias": "ci", "Startup Cost": 0.44, "Total Cost": 255392.85, "Plan Rows": 12372595, "Plan Width": 0, "Actual Startup Time": 0.308, "Actual Total Time": 1813.583, "Actual Rows": 12670688, "Actual Loops": 1, "Output": ["role_id"], "Index Cond": "(ci.role_id = 1)", "Rows Removed by Index Recheck": 0, "Heap Fetches": 0, "Shared Hit Blocks": 0, "Shared Read Blocks": 9920, "Shared Dirtied Blocks": 0, "Shared Written Blocks": 0, "Local Hit Blocks": 0, "Local Read Blocks": 0, "Local Dirtied Blocks": 0, "Local Written Blocks": 0, "Temp Read Blocks": 0, "Temp Written Blocks": 0, "I/O Read Time": 52.114, "I/O Write Time": 0.0}]}, "Planning": {"Shared Hit Blocks": 70, "Shared Read Blocks": 13, "Shared Dirtied Blocks": 0, "Shared Written Blocks": 0, "Local Hit Blocks": 0, "Local Read Blocks": 0, "Local Dirtied Blocks": 0, "Local Written Blocks": 0, "Temp Read Blocks": 0, "Temp Written Blocks": 0, "I/O Read Time": 0.945, "I/O Write Time": 0.0}, "Planning Time": 1.499, "Triggers": [], "Execution Time": 3055.125}, "template": "scale", "query": "EXPLAIN (ANALYZE, COSTS, BUFFERS, VERBOSE, FORMAT JSON) SELECT COUNT(*) FROM cast_info ci WHERE ci.role_id=1;"}
{"planinfo": {"Plan": {"Node Type": "Aggregate", "Strategy": "Plain", "Partial Mode": "Simple", "Parallel Aware": false, "Startup Cost": 131753.55, "Total Cost": 131753.56, "Plan Rows": 1, "Plan Width": 8, "Actual Startup Time": 747.476, "Actual Total Time": 747.479, "Actual Rows": 1, "Actual Loops": 1, "Output": ["count(*)"], "Shared Hit Blocks": 61636, "Shared Read Blocks": 36744, "Shared Dirtied Blocks": 0, "Shared Written Blocks": 0, "Local Hit Blocks": 0, "Local Read Blocks": 0, "Local Dirtied Blocks": 0, "Local Written Blocks": 0, "Temp Read Blocks": 0, "Temp Written Blocks": 0, "I/O Read Time": 149.101, "I/O Write Time": 0.0, "Plans": [{"Node Type": "Nested Loop", "Parent Relationship": "Outer", "Parallel Aware": false, "Join Type": "Inner", "Startup Cost": 0.87, "Total Cost": 131548.56, "Plan Rows": 81995, "Plan Width": 0, "Actual Startup Time": 0.544, "Actual Total Time": 738.012, "Actual Rows": 80581, "Actual Loops": 1, "Inner Unique": false, "Join Filter": "(t.id = mi.movie_id)", "Rows Removed by Join Filter": 0, "Shared Hit Blocks": 61636, "Shared Read Blocks": 36744, "Shared Dirtied Blocks": 0, "Shared Written Blocks": 0, "Local Hit Blocks": 0, "Local Read Blocks": 0, "Local Dirtied Blocks": 0, "Local Written Blocks": 0, "Temp Read Blocks": 0, "Temp Written Blocks": 0, "I/O Read Time": 149.101, "I/O Write Time": 0.0, "Plans": [{"Node Type": "Nested Loop", "Parent Relationship": "Outer", "Parallel Aware": false, "Join Type": "Inner", "Startup Cost": 0.43, "Total Cost": 108772.25, "Plan Rows": 13991, "Plan Width": 8, "Actual Startup Time": 0.33, "Actual Total Time": 626.95, "Actual Rows": 5175, "Actual Loops": 1, "Output": ["t.id", "mk.movie_id"], "Inner Unique": false, "Shared Hit Blocks": 25960, "Shared Read Blocks": 36493, "Shared Dirtied Blocks": 0, "Shared Written Blocks": 0, "Local Hit Blocks": 0, "Local Read Blocks": 0, "Local Dirtied Blocks": 0, "Local Written Blocks": 0, "Temp Read Blocks": 0, "Temp Written Blocks": 0, "I/O Read Time": 94.216, "I/O Write Time": 0.0, "Plans": [{"Node Type": "Seq Scan", "Parent Relationship": "Outer", "Parallel Aware": false, "Relation Name": "title", "Schema": "public", "Alias": "t", "Startup Cost": 0.0, "Total Cost": 73925.8, "Plan Rows": 7820, "Plan Width": 4, "Actual Startup Time": 0.172, "Actual Total Time": 557.883, "Actual Rows": 8818, "Actual Loops": 1, "Output": ["t.id", "t.title", "t.imdb_index", "t.kind_id", "t.production_year", "t.imdb_id", "t.phonetic_code", "t.episode_of_id", "t.season_nr", "t.episode_nr", "t.series_years", "t.md5sum"], "Filter": "((t.kind_id = 7) AND (t.production_year = 1967))", "Rows Removed by Filter": 2519494, "Shared Hit Blocks": 0, "Shared Read Blocks": 35998, "Shared Dirtied Blocks": 0, "Shared Written Blocks": 0, "Local Hit Blocks": 0, "Local Read Blocks": 0, "Local Dirtied Blocks": 0, "Local Written Blocks": 0, "Temp Read Blocks": 0, "Temp Written Blocks": 0, "I/O Read Time": 66.726, "I/O Write Time": 0.0}, {"Node Type": "Index Only Scan", "Parent Relationship": "Inner", "Parallel Aware": false, "Scan Direction": "Forward", "Index Name": "movie_id_movie_keyword", "Relation Name": "movie_keyword", "Schema": "public", "Alias": "mk", "Startup Cost": 0.43, "Total Cost": 4.0, "Plan Rows": 46, "Plan Width": 4, "Actual Startup Time": 0.007, "Actual Total Time": 0.007, "Actual Rows": 1, "Actual Loops": 8818, "Output": ["mk.movie_id"], "Index Cond": "(mk.movie_id = t.id)", "Rows Removed by Index Recheck": 0, "Heap Fetches": 0, "Shared Hit Blocks": 25960, "Shared Read Blocks": 495, "Shared Dirtied Blocks": 0, "Shared Written Blocks": 0, "Local Hit Blocks": 0, "Local Read Blocks": 0, "Local Dirtied Blocks": 0, "Local Written Blocks": 0, "Temp Read Blocks": 0, "Temp Written Blocks": 0, "I/O Read Time": 27.49, "I/O Write Time": 0.0}]}, {"Node Type": "Index Only Scan", "Parent Relationship": "Inner", "Parallel Aware": false, "Scan Direction": "Forward", "Index Name": "movie_id_movie_info", "Relation Name": "movie_info", "Schema": "public", "Alias": "mi", "Startup Cost": 0.43, "Total Cost": 1.14, "Plan Rows": 39, "Plan Width": 4, "Actual Startup Time": 0.015, "Actual Total Time": 0.018, "Actual Rows": 16, "Actual Loops": 5175, "Output": ["mi.movie_id"], "Index Cond": "(mi.movie_id = mk.movie_id)", "Rows Removed by Index Recheck": 0, "Heap Fetches": 0, "Shared Hit Blocks": 35676, "Shared Read Blocks": 251, "Shared Dirtied Blocks": 0, "Shared Written Blocks": 0, "Local Hit Blocks": 0, "Local Read Blocks": 0, "Local Dirtied Blocks": 0, "Local Written Blocks": 0, "Temp Read Blocks": 0, "Temp Written Blocks": 0, "I/O Read Time": 54.886, "I/O Write Time": 0.0}]}]}, "Planning": {"Shared Hit Blocks": 183, "Shared Read Blocks": 39, "Shared Dirtied Blocks": 0, "Shared Written Blocks": 0, "Local Hit Blocks": 0, "Local Read Blocks": 0, "Local Dirtied Blocks": 0, "Local Written Blocks": 0, "Temp Read Blocks": 0, "Temp Written Blocks": 0, "I/O Read Time": 3.068, "I/O Write Time": 0.0}, "Planning Time": 4.798, "Triggers": [], "Execution Time": 747.611}, "template": "scale", "query": "EXPLAIN (ANALYZE, COSTS, BUFFERS, VERBOSE, FORMAT JSON) SELECT COUNT(*) FROM title t,movie_info mi,movie_keyword mk WHERE t.id=mi.movie_id AND t.id=mk.movie_id AND t.kind_id=7 AND t.production_year=1967;"}
{"planinfo": {"Plan": {"Node Type": "Aggregate", "Strategy": "Plain", "Partial Mode": "Simple", "Parallel Aware": false, "Startup Cost": 449041.36, "Total Cost": 449041.37, "Plan Rows": 1, "Plan Width": 8, "Actual Startup Time": 4704.715, "Actual Total Time": 4704.718, "Actual Rows": 1, "Actual Loops": 1, "Output": ["count(*)"], "Shared Hit Blocks": 3, "Shared Read Blocks": 197991, "Shared Dirtied Blocks": 0, "Shared Written Blocks": 0, "Local Hit Blocks": 0, "Local Read Blocks": 0, "Local Dirtied Blocks": 0, "Local Written Blocks": 0, "Temp Read Blocks": 6407, "Temp Written Blocks": 6407, "I/O Read Time": 347.933, "I/O Write Time": 0.0, "Plans": [{"Node Type": "Hash Join", "Parent Relationship": "Outer", "Parallel Aware": false, "Join Type": "Inner", "Startup Cost": 82790.43, "Total Cost": 447799.16, "Plan Rows": 496881, "Plan Width": 0, "Actual Startup Time": 1418.974, "Actual Total Time": 4592.65, "Actual Rows": 1097116, "Actual Loops": 1, "Inner Unique": true, "Hash Cond": "(mi.movie_id = t.id)", "Shared Hit Blocks": 3, "Shared Read Blocks": 197991, "Shared Dirtied Blocks": 0, "Shared Written Blocks": 0, "Local Hit Blocks": 0, "Local Read Blocks": 0, "Local Dirtied Blocks": 0, "Local Written Blocks": 0, "Temp Read Blocks": 6407, "Temp Written Blocks": 6407, "I/O Read Time": 347.933, "I/O Write Time": 0.0, "Plans": [{"Node Type": "Seq Scan", "Parent Relationship": "Outer", "Parallel Aware": false, "Relation Name": "movie_info", "Schema": "public", "Alias": "mi", "Startup Cost": 0.0, "Total Cost": 347223.62, "Plan Rows": 1357370, "Plan Width": 4, "Actual Startup Time": 519.717, "Actual Total Time": 2796.254, "Actual Rows": 1401902, "Actual Loops": 1, "Output": ["mi.movie_id"], "Filter": "(mi.info_type_id = 7)", "Rows Removed by Filter": 13433818, "Shared Hit Blocks": 0, "Shared Read Blocks": 161993, "Shared Dirtied Blocks": 0, "Shared Written Blocks": 0, "Local Hit Blocks": 0, "Local Read Blocks": 0, "Local Dirtied Blocks": 0, "Local Written Blocks": 0, "Temp Read Blocks": 0, "Temp Written Blocks": 0, "I/O Read Time": 291.092, "I/O Write Time": 0.0}, {"Node Type": "Hash", "Parent Relationship": "Inner", "Parallel Aware": false, "Startup Cost": 67604.5, "Total Cost": 67604.5, "Plan Rows": 925594, "Plan Width": 4, "Actual Startup Time": 898.206, "Actual Total Time": 898.206, "Actual Rows": 924605, "Actual Loops": 1, "Output": ["t.id"], "Hash Buckets": 131072, "Original Hash Buckets": 131072, "Hash Batches": 16, "Original Hash Batches": 16, "Peak Memory Usage": 3056, "Shared Hit Blocks": 0, "Shared Read Blocks": 35998, "Shared Dirtied Blocks": 0, "Shared Written Blocks": 0, "Local Hit Blocks": 0, "Local Read Blocks": 0, "Local Dirtied Blocks": 0, "Local Written Blocks": 0, "Temp Read Blocks": 0, "Temp Written Blocks": 2532, "I/O Read Time": 56.841, "I/O Write Time": 0.0, "Plans": [{"Node Type": "Seq Scan", "Parent Relationship": "Outer", "Parallel Aware": false, "Relation Name": "title", "Schema": "public", "Alias": "t", "Startup Cost": 0.0, "Total Cost": 67604.5, "Plan Rows": 925594, "Plan Width": 4, "Actual Startup Time": 0.159, "Actual Total Time": 601.854, "Actual Rows": 924605, "Actual Loops": 1, "Output": ["t.id"], "Filter": "(t.production_year < 1998)", "Rows Removed by Filter": 1603707, "Shared Hit Blocks": 0, "Shared Read Blocks": 35998, "Shared Dirtied Blocks": 0, "Shared Written Blocks": 0, "Local Hit Blocks": 0, "Local Read Blocks": 0, "Local Dirtied Blocks": 0, "Local Written Blocks": 0, "Temp Read Blocks": 0, "Temp Written Blocks": 0, "I/O Read Time": 56.841, "I/O Write Time": 0.0}]}]}]}, "Planning": {"Shared Hit Blocks": 98, "Shared Read Blocks": 30, "Shared Dirtied Blocks": 0, "Shared Written Blocks": 0, "Local Hit Blocks": 0, "Local Read Blocks": 0, "Local Dirtied Blocks": 0, "Local Written Blocks": 0, "Temp Read Blocks": 0, "Temp Written Blocks": 0, "I/O Read Time": 2.238, "I/O Write Time": 0.0}, "Planning Time": 3.3, "Triggers": [], "Execution Time": 4704.905}, "template": "scale", "query": "EXPLAIN (ANALYZE, COSTS, BUFFERS, VERBOSE, FORMAT JSON) SELECT COUNT(*) FROM title t,movie_info mi WHERE t.id=mi.movie_id AND t.production_year<1998 AND mi.info_type_id=7;"}
{"planinfo": {"Plan": {"Node Type": "Aggregate", "Strategy": "Plain", "Partial Mode": "Simple", "Parallel Aware": false, "Startup Cost": 195434.19, "Total Cost": 195434.2, "Plan Rows": 1, "Plan Width": 8, "Actual Startup Time": 2161.675, "Actual Total Time": 2161.679, "Actual Rows": 1, "Actual Loops": 1, "Output": ["count(*)"], "Shared Hit Blocks": 245770, "Shared Read Blocks": 52965, "Shared Dirtied Blocks": 0, "Shared Written Blocks": 0, "Local Hit Blocks": 0, "Local Read Blocks": 0, "Local Dirtied Blocks": 0, "Local Written Blocks": 0, "Temp Read Blocks": 2139, "Temp Written Blocks": 2139, "I/O Read Time": 467.314, "I/O Write Time": 0.0, "Plans": [{"Node Type": "Nested Loop", "Parent Relationship": "Outer", "Parallel Aware": false, "Join Type": "Inner", "Startup Cost": 75408.07, "Total Cost": 194712.05, "Plan Rows": 288856, "Plan Width": 0, "Actual Startup Time": 567.565, "Actual Total Time": 2094.705, "Actual Rows": 580834, "Actual Loops": 1, "Inner Unique": false, "Join Filter": "(t.id = mi.movie_id)", "Rows Removed by Join Filter": 0, "Shared Hit Blocks": 245770, "Shared Read Blocks": 52965, "Shared Dirtied Blocks": 0, "Shared Written Blocks": 0, "Local Hit Blocks": 0, "Local Read Blocks": 0, "Local Dirtied Blocks": 0, "Local Written Blocks": 0, "Temp Read Blocks": 2139, "Temp Written Blocks": 2139, "I/O Read Time": 467.314, "I/O Write Time": 0.0, "Plans": [{"Node Type": "Hash Join", "Parent Relationship": "Outer", "Parallel Aware": false, "Join Type": "Inner", "Startup Cost": 75407.64, "Total Cost": 111900.59, "Plan Rows": 49288, "Plan Width": 8, "Actual Startup Time": 567.528, "Actual Total Time": 1321.145, "Actual Rows": 38610, "Actual Loops": 1, "Output": ["t.id", "mi_idx.movie_id"], "Inner Unique": true, "Hash Cond": "(mi_idx.movie_id = t.id)", "Shared Hit Blocks": 3, "Shared Read Blocks": 43933, "Shared Dirtied Blocks": 0, "Shared Written Blocks": 0, "Local Hit Blocks": 0, "Local Read Blocks": 0, "Local Dirtied Blocks": 0, "Local Written Blocks": 0, "Temp Read Blocks": 2139, "Temp Written Blocks": 2139, "I/O Read Time": 108.211, "I/O Write Time": 0.0, "Plans": [{"Node Type": "Seq Scan", "Parent Relationship": "Outer", "Parallel Aware": false, "Relation Name": "movie_info_idx", "Schema": "public", "Alias": "mi_idx", "Startup Cost": 0.0, "Total Cost": 21735.35, "Plan Rows": 1380035, "Plan Width": 4, "Actual Startup Time": 0.121, "Actual Total Time": 303.558, "Actual Rows": 1380035, "Actual Loops": 1, "Output": ["mi_idx.movie_id"], "Shared Hit Blocks": 0, "Shared Read Blocks": 7935, "Shared Dirtied Blocks": 0, "Shared Written Blocks": 0, "Local Hit Blocks": 0, "Local Read Blocks": 0, "Local Dirtied Blocks": 0, "Local Written Blocks": 0, "Temp Read Blocks": 0, "Temp Written Blocks": 0, "I/O Read Time": 42.191, "I/O Write Time": 0.0}, {"Node Type": "Hash", "Parent Relationship": "Inner", "Parallel Aware": false, "Startup Cost": 73925.8, "Total Cost": 73925.8, "Plan Rows": 90307, "Plan Width": 4, "Actual Startup Time": 566.886, "Actual Total Time": 566.888, "Actual Rows": 80990, "Actual Loops": 1, "Output": ["t.id"], "Hash Buckets": 131072, "Original Hash Buckets": 131072, "Hash Batches": 2, "Original Hash Batches": 2, "Peak Memory Usage": 2450, "Shared Hit Blocks": 0, "Shared Read Blocks": 35998, "Shared Dirtied Blocks": 0, "Shared Written Blocks": 0, "Local Hit Blocks": 0, "Local Read Blocks": 0, "Local Dirtied Blocks": 0, "Local Written Blocks": 0, "Temp Read Blocks": 0, "Temp Written Blocks": 118, "I/O Read Time": 66.02, "I/O Write Time": 0.0, "Plans": [{"Node Type": "Seq Scan", "Parent Relationship": "Outer", "Parallel Aware": false, "Relation Name": "title", "Schema": "public", "Alias": "t", "Startup Cost": 0.0, "Total Cost": 73925.8, "Plan Rows": 90307, "Plan Width": 4, "Actual Startup Time": 0.21, "Actual Total Time": 534.461, "Actual Rows": 80990, "Actual Loops": 1, "Output": ["t.id"], "Filter": "((t.kind_id < 7) AND (t.production_year > 2011))", "Rows Removed by Filter": 2447322, "Shared Hit Blocks": 0, "Shared Read Blocks": 35998, "Shared Dirtied Blocks": 0, "Shared Written Blocks": 0, "Local Hit Blocks": 0, "Local Read Blocks": 0, "Local Dirtied Blocks": 0, "Local Written Blocks": 0, "Temp Read Blocks": 0, "Temp Written Blocks": 0, "I/O Read Time": 66.02, "I/O Write Time": 0.0}]}]}, {"Node Type": "Index Only Scan", "Parent Relationship": "Inner", "Parallel Aware": false, "Scan Direction": "Forward", "Index Name": "movie_id_movie_info", "Relation Name": "movie_info", "Schema": "public", "Alias": "mi", "Startup Cost": 0.43, "Total Cost": 1.19, "Plan Rows": 39, "Plan Width": 4, "Actual Startup Time": 0.014, "Actual Total Time": 0.017, "Actual Rows": 15, "Actual Loops": 38610, "Output": ["mi.movie_id"], "Index Cond": "(mi.movie_id = mi_idx.movie_id)", "Rows Removed by Index Recheck": 0, "Heap Fetches": 0, "Shared Hit Blocks": 245767, "Shared Read Blocks": 9032, "Shared Dirtied Blocks": 0, "Shared Written Blocks": 0, "Local Hit Blocks": 0, "Local Read Blocks": 0, "Local Dirtied Blocks": 0, "Local Written Blocks": 0, "Temp Read Blocks": 0, "Temp Written Blocks": 0, "I/O Read Time": 359.103, "I/O Write Time": 0.0}]}]}, "Planning": {"Shared Hit Blocks": 185, "Shared Read Blocks": 38, "Shared Dirtied Blocks": 0, "Shared Written Blocks": 0, "Local Hit Blocks": 0, "Local Read Blocks": 0, "Local Dirtied Blocks": 0, "Local Written Blocks": 0, "Temp Read Blocks": 0, "Temp Written Blocks": 0, "I/O Read Time": 2.844, "I/O Write Time": 0.0}, "Planning Time": 4.399, "Triggers": [], "Execution Time": 2161.936}, "template": "scale", "query": "EXPLAIN (ANALYZE, COSTS, BUFFERS, VERBOSE, FORMAT JSON) SELECT COUNT(*) FROM title t,movie_info mi,movie_info_idx mi_idx WHERE t.id=mi.movie_id AND t.id=mi_idx.movie_id AND t.kind_id<7 AND t.production_year>2011;"}
{"planinfo": {"Plan": {"Node Type": "Aggregate", "Strategy": "Plain", "Partial Mode": "Simple", "Parallel Aware": false, "Startup Cost": 229953.76, "Total Cost": 229953.77, "Plan Rows": 1, "Plan Width": 8, "Actual Startup Time": 2475.426, "Actual Total Time": 2475.427, "Actual Rows": 1, "Actual Loops": 1, "Output": ["count(*)"], "Shared Hit Blocks": 31, "Shared Read Blocks": 7806, "Shared Dirtied Blocks": 0, "Shared Written Blocks": 0, "Local Hit Blocks": 0, "Local Read Blocks": 0, "Local Dirtied Blocks": 0, "Local Written Blocks": 0, "Temp Read Blocks": 0, "Temp Written Blocks": 0, "I/O Read Time": 47.441, "I/O Write Time": 0.0, "Plans": [{"Node Type": "Index Only Scan", "Parent Relationship": "Outer", "Parallel Aware": false, "Scan Direction": "Forward", "Index Name": "info_type_id_movie_info", "Relation Name": "movie_info", "Schema": "public", "Alias": "mi", "Startup Cost": 0.43, "Total Cost": 205138.59, "Plan Rows": 9926066, "Plan Width": 0, "Actual Startup Time": 0.308, "Actual Total Time": 1450.178, "Actual Rows": 9911754, "Actual Loops": 1, "Output": ["info_type_id"], "Index Cond": "(mi.info_type_id > 4)", "Rows Removed by Index Recheck": 0, "Heap Fetches": 0, "Shared Hit Blocks": 31, "Shared Read Blocks": 7806, "Shared Dirtied Blocks": 0, "Shared Written Blocks": 0, "Local Hit Blocks": 0, "Local Read Blocks": 0, "Local Dirtied Blocks": 0, "Local Written Blocks": 0, "Temp Read Blocks": 0, "Temp Written Blocks": 0, "I/O Read Time": 47.441, "I/O Write Time": 0.0}]}, "Planning": {"Shared Hit Blocks": 50, "Shared Read Blocks": 15, "Shared Dirtied Blocks": 0, "Shared Written Blocks": 0, "Local Hit Blocks": 0, "Local Read Blocks": 0, "Local Dirtied Blocks": 0, "Local Written Blocks": 0, "Temp Read Blocks": 0, "Temp Written Blocks": 0, "I/O Read Time": 0.938, "I/O Write Time": 0.0}, "Planning Time": 1.437, "Triggers": [], "Execution Time": 2475.471}, "template": "scale", "query": "EXPLAIN (ANALYZE, COSTS, BUFFERS, VERBOSE, FORMAT JSON) SELECT COUNT(*) FROM movie_info mi WHERE mi.info_type_id>4;"}
{"planinfo": {"Plan": {"Node Type": "Aggregate", "Strategy": "Plain", "Partial Mode": "Simple", "Parallel Aware": false, "Startup Cost": 212242.81, "Total Cost": 212242.82, "Plan Rows": 1, "Plan Width": 8, "Actual Startup Time": 2837.805, "Actual Total Time": 2837.81, "Actual Rows": 1, "Actual Loops": 1, "Output": ["count(*)"], "Shared Hit Blocks": 148360, "Shared Read Blocks": 35832, "Shared Dirtied Blocks": 0, "Shared Written Blocks": 0, "Local Hit Blocks": 0, "Local Read Blocks": 0, "Local Dirtied Blocks": 0, "Local Written Blocks": 0, "Temp Read Blocks": 3011, "Temp Written Blocks": 3011, "I/O Read Time": 600.415, "I/O Write Time": 0.0, "Plans": [{"Node Type": "Nested Loop", "Parent Relationship": "Outer", "Parallel Aware": false, "Join Type": "Inner", "Startup Cost": 43727.31, "Total Cost": 212107.12, "Plan Rows": 54276, "Plan Width": 0, "Actual Startup Time": 494.648, "Actual Total Time": 2829.478, "Actual Rows": 49188, "Actual Loops": 1, "Inner Unique": true, "Join Filter": "(mc.movie_id = t.id)", "Rows Removed by Join Filter": 0, "Shared Hit Blocks": 148360, "Shared Read Blocks": 35832, "Shared Dirtied Blocks": 0, "Shared Written Blocks": 0, "Local Hit Blocks": 0, "Local Read Blocks": 0, "Local Dirtied Blocks": 0, "Local Written Blocks": 0, "Temp Read Blocks": 3011, "Temp Written Blocks": 3011, "I/O Read Time": 600.415, "I/O Write Time": 0.0, "Plans": [{"Node Type": "Hash Join", "Parent Relationship": "Outer", "Parallel Aware": false, "Join Type": "Inner", "Startup Cost": 43726.88, "Total Cost": 141186.02, "Plan Rows": 140398, "Plan Width": 8, "Actual Startup Time": 494.408, "Actual Total Time": 2145.97, "Actual Rows": 49188, "Actual Loops": 1, "Output": ["mc.movie_id", "ci.movie_id"], "Inner Unique": false, "Hash Cond": "(ci.movie_id = mc.movie_id)", "Shared Hit Blocks": 3, "Shared Read Blocks": 30574, "Shared Dirtied Blocks": 0, "Shared Written Blocks": 0, "Local Hit Blocks": 0, "Local Read Blocks": 0, "Local Dirtied Blocks": 0, "Local Written Blocks": 0, "Temp Read Blocks": 3011, "Temp Written Blocks": 3011, "I/O Read Time": 158.942, "I/O Write Time": 0.0, "Plans": [{"Node Type": "Index Scan", "Parent Relationship": "Outer", "Parallel Aware": false, "Scan Direction": "Forward", "Index Name": "role_id_cast_info", "Relation Name": "cast_info", "Schema": "public", "Alias": "ci", "Startup Cost": 0.44, "Total Cost": 82168.48, "Plan Rows": 797728, "Plan Width": 4, "Actual Startup Time": 0.476, "Actual Total Time": 1111.418, "Actual Rows": 1299125, "Actual Loops": 1, "Output": ["ci.movie_id"], "Index Cond": "(ci.role_id = 4)", "Rows Removed by Index Recheck": 0, "Filter": "(ci.person_id > 2661217)", "Rows Removed by Filter": 1429818, "Shared Hit Blocks": 0, "Shared Read Blocks": 21913, "Shared Dirtied Blocks": 0, "Shared Written Blocks": 0, "Local Hit Blocks": 0, "Local Read Blocks": 0, "Local Dirtied Blocks": 0, "Local Written Blocks": 0, "Temp Read Blocks": 0, "Temp Written Blocks": 0, "I/O Read Time": 114.069, "I/O Write Time": 0.0}, {"Node Type": "Hash", "Parent Relationship": "Inner", "Parallel Aware": false, "Startup Cost": 40902.99, "Total Cost": 40902.99, "Plan Rows": 172036, "Plan Width": 4, "Actual Startup Time": 491.752, "Actual Total Time": 491.753, "Actual Rows": 69352, "Actual Loops": 1, "Output": ["mc.movie_id"], "Hash Buckets": 131072, "Original Hash Buckets": 131072, "Hash Batches": 4, "Original Hash Batches": 4, "Peak Memory Usage": 1637, "Shared Hit Blocks": 0, "Shared Read Blocks": 8661, "Shared Dirtied Blocks": 0, "Shared Written Blocks": 0, "Local Hit Blocks": 0, "Local Read Blocks": 0, "Local Dirtied Blocks": 0, "Local Written Blocks": 0, "Temp Read Blocks": 0, "Temp Written Blocks": 150, "I/O Read Time": 44.873, "I/O Write Time": 0.0, "Plans": [{"Node Type": "Index Scan", "Parent Relationship": "Outer", "Parallel Aware": false, "Scan Direction": "Forward", "Index Name": "company_type_id_movie_companies", "Relation Name": "movie_companies", "Schema": "public", "Alias": "mc", "Startup Cost": 0.43, "Total Cost": 40902.99, "Plan Rows": 172036, "Plan Width": 4, "Actual Startup Time": 0.389, "Actual Total Time": 465.985, "Actual Rows": 69352, "Actual Loops": 1, "Output": ["mc.movie_id"], "Index Cond": "(mc.company_type_id = 2)", "Rows Removed by Index Recheck": 0, "Filter": "(mc.company_id < 166)", "Rows Removed by Filter": 1265531, "Shared Hit Blocks": 0, "Shared Read Blocks": 8661, "Shared Dirtied Blocks": 0, "Shared Written Blocks": 0, "Local Hit Blocks": 0, "Local Read Blocks": 0, "Local Dirtied Blocks": 0, "Local Written Blocks": 0, "Temp Read Blocks": 0, "Temp Written Blocks": 0, "I/O Read Time": 44.873, "I/O Write Time": 0.0}]}]}, {"Node Type": "Index Only Scan", "Parent Relationship": "Inner", "Parallel Aware": false, "Scan Direction": "Forward", "Index Name": "title_pkey", "Relation Name": "title", "Schema": "public", "Alias": "t", "Startup Cost": 0.43, "Total Cost": 0.49, "Plan Rows": 1, "Plan Width": 4, "Actual Startup Time": 0.013, "Actual Total Time": 0.013, "Actual Rows": 1, "Actual Loops": 49188, "Output": ["t.id"], "Index Cond": "(t.id = ci.movie_id)", "Rows Removed by Index Recheck": 0, "Heap Fetches": 0, "Shared Hit Blocks": 148357, "Shared Read Blocks": 5258, "Shared Dirtied Blocks": 0, "Shared Written Blocks": 0, "Local Hit Blocks": 0, "Local Read Blocks": 0, "Local Dirtied Blocks": 0, "Local Written Blocks": 0, "Temp Read Blocks": 0, "Temp Written Blocks": 0, "I/O Read Time": 441.472, "I/O Write Time": 0.0}]}]}, "Planning": {"Shared Hit Blocks": 221, "Shared Read Blocks": 44, "Shared Dirtied Blocks": 0, "Shared Written Blocks": 0, "Local Hit Blocks": 0, "Local Read Blocks": 0, "Local Dirtied Blocks": 0, "Local Written Blocks": 0, "Temp Read Blocks": 0, "Temp Written Blocks": 0, "I/O Read Time": 3.52, "I/O Write Time": 0.0}, "Planning Time": 5.549, "Triggers": [], "Execution Time": 2837.988}, "template": "scale", "query": "EXPLAIN (ANALYZE, COSTS, BUFFERS, VERBOSE, FORMAT JSON) SELECT COUNT(*) FROM title t,movie_companies mc,cast_info ci WHERE t.id=mc.movie_id AND t.id=ci.movie_id AND mc.company_id<166 AND mc.company_type_id=2 AND ci.person_id>2661217 AND ci.role_id=4;"}
{"planinfo": {"Plan": {"Node Type": "Aggregate", "Strategy": "Plain", "Partial Mode": "Simple", "Parallel Aware": false, "Startup Cost": 671861.15, "Total Cost": 671861.16, "Plan Rows": 1, "Plan Width": 8, "Actual Startup Time": 95436.101, "Actual Total Time": 95436.107, "Actual Rows": 1, "Actual Loops": 1, "Output": ["count(*)"], "Shared Hit Blocks": 62822956, "Shared Read Blocks": 633289, "Shared Dirtied Blocks": 0, "Shared Written Blocks": 0, "Local Hit Blocks": 0, "Local Read Blocks": 0, "Local Dirtied Blocks": 0, "Local Written Blocks": 0, "Temp Read Blocks": 9815, "Temp Written Blocks": 9815, "I/O Read Time": 13679.238, "I/O Write Time": 0.0, "Plans": [{"Node Type": "Nested Loop", "Parent Relationship": "Outer", "Parallel Aware": false, "Join Type": "Inner", "Startup Cost": 115783.52, "Total Cost": 670757.4, "Plan Rows": 441498, "Plan Width": 0, "Actual Startup Time": 1752.005, "Actual Total Time": 90038.724, "Actual Rows": 39749609, "Actual Loops": 1, "Inner Unique": false, "Join Filter": "(t.id = ci.movie_id)", "Rows Removed by Join Filter": 0, "Shared Hit Blocks": 62822956, "Shared Read Blocks": 633289, "Shared Dirtied Blocks": 0, "Shared Written Blocks": 0, "Local Hit Blocks": 0, "Local Read Blocks": 0, "Local Dirtied Blocks": 0, "Local Written Blocks": 0, "Temp Read Blocks": 9815, "Temp Written Blocks": 9815, "I/O Read Time": 13679.238, "I/O Write Time": 0.0, "Plans": [{"Node Type": "Nested Loop", "Parent Relationship": "Outer", "Parallel Aware": false, "Join Type": "Inner", "Startup Cost": 115783.08, "Total Cost": 517748.92, "Plan Rows": 36511, "Plan Width": 16, "Actual Startup Time": 1751.708, "Actual Total Time": 31489.304, "Actual Rows": 1059095, "Actual Loops": 1, "Output": ["t.id", "mi.movie_id", "mi_idx.movie_id", "mk.movie_id"], "Inner Unique": false, "Join Filter": "(t.id = mi.movie_id)", "Rows Removed by Join Filter": 0, "Shared Hit Blocks": 17410155, "Shared Read Blocks": 343566, "Shared Dirtied Blocks": 0, "Shared Written Blocks": 0, "Local Hit Blocks": 0, "Local Read Blocks": 0, "Local Dirtied Blocks": 0, "Local Written Blocks": 0, "Temp Read Blocks": 9815, "Temp Written Blocks": 9815, "I/O Read Time": 2235.344, "I/O Write Time": 0.0, "Plans": [{"Node Type": "Hash Join", "Parent Relationship": "Outer", "Parallel Aware": false, "Join Type": "Inner", "Startup Cost": 115782.64, "Total Cost": 223641.28, "Plan Rows": 185233, "Plan Width": 12, "Actual Startup Time": 1751.151, "Actual Total Time": 3984.338, "Actual Rows": 1057076, "Actual Loops": 1, "Output": ["t.id", "mi_idx.movie_id", "mk.movie_id"], "Inner Unique": false, "Hash Cond": "(mk.movie_id = t.id)", "Shared Hit Blocks": 3, "Shared Read Blocks": 68387, "Shared Dirtied Blocks": 0, "Shared Written Blocks": 0, "Local Hit Blocks": 0, "Local Read Blocks": 0, "Local Dirtied Blocks": 0, "Local Written Blocks": 0, "Temp Read Blocks": 9815, "Temp Written Blocks": 9815, "I/O Read Time": 204.876, "I/O Write Time": 0.0, "Plans": [{"Node Type": "Seq Scan", "Parent Relationship": "Outer", "Parallel Aware": false, "Relation Name": "movie_keyword", "Schema": "public", "Alias": "mk", "Startup Cost": 0.0, "Total Cost": 81003.12, "Plan Rows": 2086450, "Plan Width": 4, "Actual Startup Time": 0.131, "Actual Total Time": 1005.361, "Actual Rows": 2088928, "Actual Loops": 1, "Output": ["mk.movie_id"], "Filter": "(mk.keyword_id < 3736)", "Rows Removed by Filter": 2435002, "Shared Hit Blocks": 0, "Shared Read Blocks": 24454, "Shared Dirtied Blocks": 0, "Shared Written Blocks": 0, "Local Hit Blocks": 0, "Local Read Blocks": 0, "Local Dirtied Blocks": 0, "Local Written Blocks": 0, "Temp Read Blocks": 0, "Temp Written Blocks": 0, "I/O Read Time": 100.954, "I/O Write Time": 0.0}, {"Node Type": "Hash", "Parent Relationship": "Inner", "Parallel Aware": false, "Startup Cost": 112099.64, "Total Cost": 112099.64, "Plan Rows": 224480, "Plan Width": 8, "Actual Startup Time": 1749.082, "Actual Total Time": 1749.084, "Actual Rows": 245859, "Actual Loops": 1, "Output": ["t.id", "mi_idx.movie_id"], "Hash Buckets": 131072, "Original Hash Buckets": 131072, "Hash Batches": 4, "Original Hash Batches": 4, "Peak Memory Usage": 3433, "Shared Hit Blocks": 0, "Shared Read Blocks": 43933, "Shared Dirtied Blocks": 0, "Shared Written Blocks": 0, "Local Hit Blocks": 0, "Local Read Blocks": 0, "Local Dirtied Blocks": 0, "Local Written Blocks": 0, "Temp Read Blocks": 4593, "Temp Written Blocks": 5221, "I/O Read Time": 103.922, "I/O Write Time": 0.0, "Plans": [{"Node Type": "Hash Join", "Parent Relationship": "Outer", "Parallel Aware": false, "Join Type": "Inner", "Startup Cost": 74352.69, "Total Cost": 112099.64, "Plan Rows": 224480, "Plan Width": 8, "Actual Startup Time": 692.924, "Actual Total Time": 1668.303, "Actual Rows": 245859, "Actual Loops": 1, "Output": ["t.id", "mi_idx.movie_id"], "Inner Unique": true, "Hash Cond": "(mi_idx.movie_id = t.id)", "Shared Hit Blocks": 0, "Shared Read Blocks": 43933, "Shared Dirtied Blocks": 0, "Shared Written Blocks": 0, "Local Hit Blocks": 0, "Local Read Blocks": 0, "Local Dirtied Blocks": 0, "Local Written Blocks": 0, "Temp Read Blocks": 4593, "Temp Written Blocks": 4593, "I/O Read Time": 103.922, "I/O Write Time": 0.0, "Plans": [{"Node Type": "Seq Scan", "Parent Relationship": "Outer", "Parallel Aware": false, "Relation Name": "movie_info_idx", "Schema": "public", "Alias": "mi_idx", "Startup Cost": 0.0, "Total Cost": 21735.35, "Plan Rows": 1380035, "Plan Width": 4, "Actual Startup Time": 0.126, "Actual Total Time": 302.989, "Actual Rows": 1380035, "Actual Loops": 1, "Output": ["mi_idx.movie_id"], "Shared Hit Blocks": 0, "Shared Read Blocks": 7935, "Shared Dirtied Blocks": 0, "Shared Written Blocks": 0, "Local Hit Blocks": 0, "Local Read Blocks": 0, "Local Dirtied Blocks": 0, "Local Written Blocks": 0, "Temp Read Blocks": 0, "Temp Written Blocks": 0, "I/O Read Time": 41.213, "I/O Write Time": 0.0}, {"Node Type": "Hash", "Parent Relationship": "Inner", "Parallel Aware": false, "Startup Cost": 67604.5, "Total Cost": 67604.5, "Plan Rows": 411295, "Plan Width": 4, "Actual Startup Time": 690.995, "Actual Total Time": 690.996, "Actual Rows": 409495, "Actual Loops": 1, "Output": ["t.id"], "Hash Buckets": 131072, "Original Hash Buckets": 131072, "Hash Batches": 8, "Original Hash Batches": 8, "Peak Memory Usage": 2821, "Shared Hit Blocks": 0, "Shared Read Blocks": 35998, "Shared Dirtied Blocks": 0, "Shared Written Blocks": 0, "Local Hit Blocks": 0, "Local Read Blocks": 0, "Local Dirtied Blocks": 0, "Local Written Blocks": 0, "Temp Read Blocks": 0, "Temp Written Blocks": 1047, "I/O Read Time": 62.709, "I/O Write Time": 0.0, "Plans": [{"Node Type": "Seq Scan", "Parent Relationship": "Outer", "Parallel Aware": false, "Relation Name": "title", "Schema": "public", "Alias": "t", "Startup Cost": 0.0, "Total Cost": 67604.5, "Plan Rows": 411295, "Plan Width": 4, "Actual Startup Time": 0.132, "Actual Total Time": 550.433, "Actual Rows": 409495, "Actual Loops": 1, "Output": ["t.id"], "Filter": "(t.production_year < 1973)", "Rows Removed by Filter": 2118817, "Shared Hit Blocks": 0, "Shared Read Blocks": 35998, "Shared Dirtied Blocks": 0, "Shared Written Blocks": 0, "Local Hit Blocks": 0, "Local Read Blocks": 0, "Local Dirtied Blocks": 0, "Local Written Blocks": 0, "Temp Read Blocks": 0, "Temp Written Blocks": 0, "I/O Read Time": 62.709, "I/O Write Time": 0.0}]}]}]}]}, {"Node Type": "Index Scan", "Parent Relationship": "Inner", "Parallel Aware": false, "Scan Direction": "Forward", "Index Name": "movie_id_movie_info", "Relation Name": "movie_info", "Schema": "public", "Alias": "mi", "Startup Cost": 0.43, "Total Cost": 1.58, "Plan Rows": 1, "Plan Width": 4, "Actual Startup Time": 0.008, "Actual Total Time": 0.025, "Actual Rows": 1, "Actual Loops": 1057076, "Output": ["mi.id", "mi.movie_id", "mi.info_type_id", "mi.info", "mi.note"], "Index Cond": "(mi.movie_id = mk.movie_id)", "Rows Removed by Index Recheck": 0, "Filter": "(mi.info_type_id = 6)", "Rows Removed by Filter": 44, "Shared Hit Blocks": 17410152, "Shared Read Blocks": 275179, "Shared Dirtied Blocks": 0, "Shared Written Blocks": 0, "Local Hit Blocks": 0, "Local Read Blocks": 0, "Local Dirtied Blocks": 0, "Local Written Blocks": 0, "Temp Read Blocks": 0, "Temp Written Blocks": 0, "I/O Read Time": 2030.468, "I/O Write Time": 0.0}]}, {"Node Type": "Index Scan", "Parent Relationship": "Inner", "Parallel Aware": false, "Scan Direction": "Forward", "Index Name": "movie_id_cast_info", "Relation Name": "cast_info", "Schema": "public", "Alias": "ci", "Startup Cost": 0.44, "Total Cost": 3.8, "Plan Rows": 31, "Plan Width": 4, "Actual Startup Time": 0.007, "Actual Total Time": 0.047, "Actual Rows": 38, "Actual Loops": 1059095, "Output": ["ci.id", "ci.person_id", "ci.movie_id", "ci.person_role_id", "ci.note", "ci.nr_order", "ci.role_id"], "Index Cond": "(ci.movie_id = mk.movie_id)", "Rows Removed by Index Recheck": 0, "Filter": "(ci.role_id < 9)", "Rows Removed by Filter": 3, "Shared Hit Blocks": 45412801, "Shared Read Blocks": 289723, "Shared Dirtied Blocks": 0, "Shared Written Blocks": 0, "Local Hit Blocks": 0, "Local Read Blocks": 0, "Local Dirtied Blocks": 0, "Local Written Blocks": 0, "Temp Read Blocks": 0, "Temp Written Blocks": 0, "I/O Read Time": 11443.894, "I/O Write Time": 0.0}]}]}, "Planning": {"Shared Hit Blocks": 468, "Shared Read Blocks": 64, "Shared Dirtied Blocks": 0, "Shared Written Blocks": 0, "Local Hit Blocks": 0, "Local Read Blocks": 0, "Local Dirtied Blocks": 0, "Local Written Blocks": 0, "Temp Read Blocks": 0, "Temp Written Blocks": 0, "I/O Read Time": 5.196, "I/O Write Time": 0.0}, "Planning Time": 9.761, "Triggers": [], "Execution Time": 95436.766}, "template": "scale", "query": "EXPLAIN (ANALYZE, COSTS, BUFFERS, VERBOSE, FORMAT JSON) SELECT COUNT(*) FROM title t,cast_info ci,movie_info mi,movie_info_idx mi_idx,movie_keyword mk WHERE t.id=ci.movie_id AND t.id=mi.movie_id AND t.id=mi_idx.movie_id AND t.id=mk.movie_id AND t.production_year<1973 AND ci.role_id<9 AND mi.info_type_id=6 AND mk.keyword_id<3736;"}
{"planinfo": {"Plan": {"Node Type": "Aggregate", "Strategy": "Plain", "Partial Mode": "Simple", "Parallel Aware": false, "Startup Cost": 526942.57, "Total Cost": 526942.58, "Plan Rows": 1, "Plan Width": 8, "Actual Startup Time": 5455.907, "Actual Total Time": 5455.911, "Actual Rows": 1, "Actual Loops": 1, "Output": ["count(*)"], "Shared Hit Blocks": 23449, "Shared Read Blocks": 175465, "Shared Dirtied Blocks": 0, "Shared Written Blocks": 0, "Local Hit Blocks": 0, "Local Read Blocks": 0, "Local Dirtied Blocks": 0, "Local Written Blocks": 0, "Temp Read Blocks": 6878, "Temp Written Blocks": 6878, "I/O Read Time": 437.652, "I/O Write Time": 0.0, "Plans": [{"Node Type": "Hash Join", "Parent Relationship": "Outer", "Parallel Aware": false, "Join Type": "Inner", "Startup Cost": 158888.18, "Total Cost": 525796.81, "Plan Rows": 458307, "Plan Width": 0, "Actual Startup Time": 2151.625, "Actual Total Time": 5354.358, "Actual Rows": 993826, "Actual Loops": 1, "Inner Unique": false, "Hash Cond": "(mi.movie_id = t.id)", "Shared Hit Blocks": 23449, "Shared Read Blocks": 175465, "Shared Dirtied Blocks": 0, "Shared Written Blocks": 0, "Local Hit Blocks": 0, "Local Read Blocks": 0, "Local Dirtied Blocks": 0, "Local Written Blocks": 0, "Temp Read Blocks": 6878, "Temp Written Blocks": 6878, "I/O Read Time": 437.652, "I/O Write Time": 0.0, "Plans": [{"Node Type": "Seq Scan", "Parent Relationship": "Outer", "Parallel Aware": false, "Relation Name": "movie_info", "Schema": "public", "Alias": "mi", "Startup Cost": 0.0, "Total Cost": 347223.62, "Plan Rows": 839716, "Plan Width": 4, "Actual Startup Time": 306.178, "Actual Total Time": 2792.101, "Actual Rows": 802140, "Actual Loops": 1, "Output": ["mi.movie_id"], "Filter": "(mi.info_type_id < 2)", "Rows Removed by Filter": 14033580, "Shared Hit Blocks": 0, "Shared Read Blocks": 161993, "Shared Dirtied Blocks": 0, "Shared Written Blocks": 0, "Local Hit Blocks": 0, "Local Read Blocks": 0, "Local Dirtied Blocks": 0, "Local Written Blocks": 0, "Temp Read Blocks": 0, "Temp Written Blocks": 0, "I/O Read Time": 283.16, "I/O Write Time": 0.0}, {"Node Type": "Hash", "Parent Relationship": "Inner", "Parallel Aware": false, "Startup Cost": 136246.74, "Total Cost": 136246.74, "Plan Rows": 1380035, "Plan Width": 8, "Actual Startup Time": 1844.857, "Actual Total Time": 1844.859, "Actual Rows": 1380035, "Actual Loops": 1, "Output": ["t.id", "mi_idx.movie_id"], "Hash Buckets": 131072, "Original Hash Buckets": 131072, "Hash Batches": 32, "Original Hash Batches": 32, "Peak Memory Usage": 2708, "Shared Hit Blocks": 23446, "Shared Read Blocks": 13472, "Shared Dirtied Blocks": 0, "Shared Written Blocks": 0, "Local Hit Blocks": 0, "Local Read Blocks": 0, "Local Dirtied Blocks": 0, "Local Written Blocks": 0, "Temp Read Blocks": 0, "Temp Written Blocks": 4554, "I/O Read Time": 154.492, "I/O Write Time": 0.0, "Plans": [{"Node Type": "Merge Join", "Parent Relationship": "Outer", "Parallel Aware": false, "Join Type": "Inner", "Startup Cost": 9.94, "Total Cost": 136246.74, "Plan Rows": 1380035, "Plan Width": 8, "Actual Startup Time": 0.055, "Actual Total Time": 1374.945, "Actual Rows": 1380035, "Actual Loops": 1, "Output": ["t.id", "mi_idx.movie_id"], "Inner Unique": false, "Merge Cond": "(t.id = mi_idx.movie_id)", "Shared Hit Blocks": 23446, "Shared Read Blocks": 13472, "Shared Dirtied Blocks": 0, "Shared Written Blocks": 0, "Local Hit Blocks": 0, "Local Read Blocks": 0, "Local Dirtied Blocks": 0, "Local Written Blocks": 0, "Temp Read Blocks": 0, "Temp Written Blocks": 0, "I/O Read Time": 154.492, "I/O Write Time": 0.0, "Plans": [{"Node Type": "Index Only Scan", "Parent Relationship": "Outer", "Parallel Aware": false, "Scan Direction": "Forward", "Index Name": "title_pkey", "Relation Name": "title", "Schema": "public", "Alias": "t", "Startup Cost": 0.43, "Total Cost": 73940.23, "Plan Rows": 2528520, "Plan Width": 4, "Actual Startup Time": 0.022, "Actual Total Time": 533.172, "Actual Rows": 2525794, "Actual Loops": 1, "Output": ["t.id"], "Heap Fetches": 0, "Shared Hit Blocks": 23441, "Shared Read Blocks": 8963, "Shared Dirtied Blocks": 0, "Shared Written Blocks": 0, "Local Hit Blocks": 0, "Local Read Blocks": 0, "Local Dirtied Blocks": 0, "Local Written Blocks": 0, "Temp Read Blocks": 0, "Temp Written Blocks": 0, "I/O Read Time": 130.045, "I/O Write Time": 0.0}, {"Node Type": "Index Only Scan", "Parent Relationship": "Inner", "Parallel Aware": false, "Scan Direction": "Forward", "Index Name": "movie_id_movie_info_idx", "Relation Name": "movie_info_idx", "Schema": "public", "Alias": "mi_idx", "Startup Cost": 0.43, "Total Cost": 38816.95, "Plan Rows": 1380035, "Plan Width": 4, "Actual Startup Time": 0.027, "Actual Total Time": 258.501, "Actual Rows": 1380035, "Actual Loops": 1, "Output": ["mi_idx.movie_id"], "Heap Fetches": 0, "Shared Hit Blocks": 5, "Shared Read Blocks": 4509, "Shared Dirtied Blocks": 0, "Shared Written Blocks": 0, "Local Hit Blocks": 0, "Local Read Blocks": 0, "Local Dirtied Blocks": 0, "Local Written Blocks": 0, "Temp Read Blocks": 0, "Temp Written Blocks": 0, "I/O Read Time": 24.448, "I/O Write Time": 0.0}]}]}]}]}, "Planning": {"Shared Hit Blocks": 183, "Shared Read Blocks": 41, "Shared Dirtied Blocks": 0, "Shared Written Blocks": 0, "Local Hit Blocks": 0, "Local Read Blocks": 0, "Local Dirtied Blocks": 0, "Local Written Blocks": 0, "Temp Read Blocks": 0, "Temp Written Blocks": 0, "I/O Read Time": 2.982, "I/O Write Time": 0.0}, "Planning Time": 4.73, "Triggers": [], "Execution Time": 5456.147}, "template": "scale", "query": "EXPLAIN (ANALYZE, COSTS, BUFFERS, VERBOSE, FORMAT JSON) SELECT COUNT(*) FROM title t,movie_info mi,movie_info_idx mi_idx WHERE t.id=mi.movie_id AND t.id=mi_idx.movie_id AND mi.info_type_id<2;"}
{"planinfo": {"Plan": {"Node Type": "Aggregate", "Strategy": "Plain", "Partial Mode": "Simple", "Parallel Aware": false, "Startup Cost": 9.35, "Total Cost": 9.36, "Plan Rows": 1, "Plan Width": 8, "Actual Startup Time": 0.845, "Actual Total Time": 0.846, "Actual Rows": 1, "Actual Loops": 1, "Output": ["count(*)"], "Shared Hit Blocks": 0, "Shared Read Blocks": 5, "Shared Dirtied Blocks": 0, "Shared Written Blocks": 0, "Local Hit Blocks": 0, "Local Read Blocks": 0, "Local Dirtied Blocks": 0, "Local Written Blocks": 0, "Temp Read Blocks": 0, "Temp Written Blocks": 0, "I/O Read Time": 0.454, "I/O Write Time": 0.0, "Plans": [{"Node Type": "Index Only Scan", "Parent Relationship": "Outer", "Parallel Aware": false, "Scan Direction": "Forward", "Index Name": "keyword_id_movie_keyword", "Relation Name": "movie_keyword", "Schema": "public", "Alias": "mk", "Startup Cost": 0.43, "Total Cost": 8.74, "Plan Rows": 246, "Plan Width": 0, "Actual Startup Time": 0.433, "Actual Total Time": 0.702, "Actual Rows": 1423, "Actual Loops": 1, "Output": ["keyword_id"], "Index Cond": "(mk.keyword_id = 1615)", "Rows Removed by Index Recheck": 0, "Heap Fetches": 0, "Shared Hit Blocks": 0, "Shared Read Blocks": 5, "Shared Dirtied Blocks": 0, "Shared Written Blocks": 0, "Local Hit Blocks": 0, "Local Read Blocks": 0, "Local Dirtied Blocks": 0, "Local Written Blocks": 0, "Temp Read Blocks": 0, "Temp Written Blocks": 0, "I/O Read Time": 0.454, "I/O Write Time": 0.0}]}, "Planning": {"Shared Hit Blocks": 49, "Shared Read Blocks": 9, "Shared Dirtied Blocks": 0, "Shared Written Blocks": 0, "Local Hit Blocks": 0, "Local Read Blocks": 0, "Local Dirtied Blocks": 0, "Local Written Blocks": 0, "Temp Read Blocks": 0, "Temp Written Blocks": 0, "I/O Read Time": 0.587, "I/O Write Time": 0.0}, "Planning Time": 0.975, "Triggers": [], "Execution Time": 0.876}, "template": "scale", "query": "EXPLAIN (ANALYZE, COSTS, BUFFERS, VERBOSE, FORMAT JSON) SELECT COUNT(*) FROM movie_keyword mk WHERE mk.keyword_id=1615;"}
{"planinfo": {"Plan": {"Node Type": "Aggregate", "Strategy": "Plain", "Partial Mode": "Simple", "Parallel Aware": false, "Startup Cost": 15693.29, "Total Cost": 15693.3, "Plan Rows": 1, "Plan Width": 8, "Actual Startup Time": 163.368, "Actual Total Time": 163.369, "Actual Rows": 1, "Actual Loops": 1, "Output": ["count(*)"], "Shared Hit Blocks": 0, "Shared Read Blocks": 523, "Shared Dirtied Blocks": 0, "Shared Written Blocks": 0, "Local Hit Blocks": 0, "Local Read Blocks": 0, "Local Dirtied Blocks": 0, "Local Written Blocks": 0, "Temp Read Blocks": 0, "Temp Written Blocks": 0, "I/O Read Time": 4.604, "I/O Write Time": 0.0, "Plans": [{"Node Type": "Index Only Scan", "Parent Relationship": "Outer", "Parallel Aware": false, "Scan Direction": "Forward", "Index Name": "kind_id_title", "Relation Name": "title", "Schema": "public", "Alias": "t", "Startup Cost": 0.43, "Total Cost": 13999.18, "Plan Rows": 677643, "Plan Width": 0, "Actual Startup Time": 0.293, "Actual Total Time": 98.494, "Actual Rows": 662825, "Actual Loops": 1, "Output": ["kind_id"], "Index Cond": "(t.kind_id = 1)", "Rows Removed by Index Recheck": 0, "Heap Fetches": 0, "Shared Hit Blocks": 0, "Shared Read Blocks": 523, "Shared Dirtied Blocks": 0, "Shared Written Blocks": 0, "Local Hit Blocks": 0, "Local Read Blocks": 0, "Local Dirtied Blocks": 0, "Local Written Blocks": 0, "Temp Read Blocks": 0, "Temp Written Blocks": 0, "I/O Read Time": 4.604, "I/O Write Time": 0.0}]}, "Planning": {"Shared Hit Blocks": 39, "Shared Read Blocks": 7, "Shared Dirtied Blocks": 0, "Shared Written Blocks": 0, "Local Hit Blocks": 0, "Local Read Blocks": 0, "Local Dirtied Blocks": 0, "Local Written Blocks": 0, "Temp Read Blocks": 0, "Temp Written Blocks": 0, "I/O Read Time": 0.45, "I/O Write Time": 0.0}, "Planning Time": 0.816, "Triggers": [], "Execution Time": 163.402}, "template": "scale", "query": "EXPLAIN (ANALYZE, COSTS, BUFFERS, VERBOSE, FORMAT JSON) SELECT COUNT(*) FROM title t WHERE t.kind_id=1;"}
{"planinfo": {"Plan": {"Node Type": "Aggregate", "Strategy": "Plain", "Partial Mode": "Simple", "Parallel Aware": false, "Startup Cost": 25060.33, "Total Cost": 25060.34, "Plan Rows": 1, "Plan Width": 8, "Actual Startup Time": 287.978, "Actual Total Time": 287.979, "Actual Rows": 1, "Actual Loops": 1, "Output": ["count(*)"], "Shared Hit Blocks": 17, "Shared Read Blocks": 859, "Shared Dirtied Blocks": 0, "Shared Written Blocks": 0, "Local Hit Blocks": 0, "Local Read Blocks": 0, "Local Dirtied Blocks": 0, "Local Written Blocks": 0, "Temp Read Blocks": 0, "Temp Written Blocks": 0, "I/O Read Time": 25.632, "I/O Write Time": 0.0, "Plans": [{"Node Type": "Index Only Scan", "Parent Relationship": "Outer", "Parallel Aware": false, "Scan Direction": "Forward", "Index Name": "info_type_id_movie_info", "Relation Name": "movie_info", "Schema": "public", "Alias": "mi", "Startup Cost": 0.43, "Total Cost": 22356.35, "Plan Rows": 1081595, "Plan Width": 0, "Actual Startup Time": 0.524, "Actual Total Time": 178.826, "Actual Rows": 1065990, "Actual Loops": 1, "Output": ["info_type_id"], "Index Cond": "(mi.info_type_id > 75)", "Rows Removed by Index Recheck": 0, "Heap Fetches": 0, "Shared Hit Blocks": 17, "Shared Read Blocks": 859, "Shared Dirtied Blocks": 0, "Shared Written Blocks": 0, "Local Hit Blocks": 0, "Local Read Blocks": 0, "Local Dirtied Blocks": 0, "Local Written Blocks": 0, "Temp Read Blocks": 0, "Temp Written Blocks": 0, "I/O Read Time": 25.632, "I/O Write Time": 0.0}]}, "Planning": {"Shared Hit Blocks": 50, "Shared Read Blocks": 11, "Shared Dirtied Blocks": 0, "Shared Written Blocks": 0, "Local Hit Blocks": 0, "Local Read Blocks": 0, "Local Dirtied Blocks": 0, "Local Written Blocks": 0, "Temp Read Blocks": 0, "Temp Written Blocks": 0, "I/O Read Time": 0.75, "I/O Write Time": 0.0}, "Planning Time": 1.228, "Triggers": [], "Execution Time": 288.018}, "template": "scale", "query": "EXPLAIN (ANALYZE, COSTS, BUFFERS, VERBOSE, FORMAT JSON) SELECT COUNT(*) FROM movie_info mi WHERE mi.info_type_id>75;"}
{"planinfo": {"Plan": {"Node Type": "Aggregate", "Strategy": "Plain", "Partial Mode": "Simple", "Parallel Aware": false, "Startup Cost": 794847.07, "Total Cost": 794847.08, "Plan Rows": 1, "Plan Width": 8, "Actual Startup Time": 10473.854, "Actual Total Time": 10473.855, "Actual Rows": 1, "Actual Loops": 1, "Output": ["count(*)"], "Shared Hit Blocks": 0, "Shared Read Blocks": 252687, "Shared Dirtied Blocks": 0, "Shared Written Blocks": 0, "Local Hit Blocks": 0, "Local Read Blocks": 0, "Local Dirtied Blocks": 0, "Local Written Blocks": 0, "Temp Read Blocks": 0, "Temp Written Blocks": 0, "I/O Read Time": 377.576, "I/O Write Time": 0.0, "Plans": [{"Node Type": "Seq Scan", "Parent Relationship": "Outer", "Parallel Aware": false, "Relation Name": "cast_info", "Schema": "public", "Alias": "ci", "Startup Cost": 0.0, "Total Cost": 706360.9, "Plan Rows": 35394469, "Plan Width": 0, "Actual Startup Time": 0.222, "Actual Total Time": 6973.26, "Actual Rows": 35385517, "Actual Loops": 1, "Output": ["id", "person_id", "movie_id", "person_role_id", "note", "nr_order", "role_id"], "Filter": "(ci.person_id < 3896608)", "Rows Removed by Filter": 858827, "Shared Hit Blocks": 0, "Shared Read Blocks": 252687, "Shared Dirtied Blocks": 0, "Shared Written Blocks": 0, "Local Hit Blocks": 0, "Local Read Blocks": 0, "Local Dirtied Blocks": 0, "Local Written Blocks": 0, "Temp Read Blocks": 0, "Temp Written Blocks": 0, "I/O Read Time": 377.576, "I/O Write Time": 0.0}]}, "Planning": {"Shared Hit Blocks": 68, "Shared Read Blocks": 13, "Shared Dirtied Blocks": 0, "Shared Written Blocks": 0, "Local Hit Blocks": 0, "Local Read Blocks": 0, "Local Dirtied Blocks": 0, "Local Written Blocks": 0, "Temp Read Blocks": 0, "Temp Written Blocks": 0, "I/O Read Time": 0.999, "I/O Write Time": 0.0}, "Planning Time": 1.632, "Triggers": [], "Execution Time": 10473.91}, "template": "scale", "query": "EXPLAIN (ANALYZE, COSTS, BUFFERS, VERBOSE, FORMAT JSON) SELECT COUNT(*) FROM cast_info ci WHERE ci.person_id<3896608;"}
{"planinfo": {"Plan": {"Node Type": "Aggregate", "Strategy": "Plain", "Partial Mode": "Simple", "Parallel Aware": false, "Startup Cost": 354181.82, "Total Cost": 354181.83, "Plan Rows": 1, "Plan Width": 8, "Actual Startup Time": 2932.349, "Actual Total Time": 2932.354, "Actual Rows": 1, "Actual Loops": 1, "Output": ["count(*)"], "Shared Hit Blocks": 319355, "Shared Read Blocks": 62171, "Shared Dirtied Blocks": 0, "Shared Written Blocks": 0, "Local Hit Blocks": 0, "Local Read Blocks": 0, "Local Dirtied Blocks": 0, "Local Written Blocks": 0, "Temp Read Blocks": 0, "Temp Written Blocks": 0, "I/O Read Time": 380.006, "I/O Write Time": 0.0, "Plans": [{"Node Type": "Nested Loop", "Parent Relationship": "Outer", "Parallel Aware": false, "Join Type": "Inner", "Startup Cost": 74774.88, "Total Cost": 349822.99, "Plan Rows": 1743529, "Plan Width": 0, "Actual Startup Time": 558.028, "Actual Total Time": 2786.285, "Actual Rows": 1331546, "Actual Loops": 1, "Inner Unique": false, "Join Filter": "(t.id = ci.movie_id)", "Rows Removed by Join Filter": 0, "Shared Hit Blocks": 319355, "Shared Read Blocks": 62171, "Shared Dirtied Blocks": 0, "Shared Written Blocks": 0, "Local Hit Blocks": 0, "Local Read Blocks": 0, "Local Dirtied Blocks": 0, "Local Written Blocks": 0, "Temp Read Blocks": 0, "Temp Written Blocks": 0, "I/O Read Time": 380.006, "I/O Write Time": 0.0, "Plans": [{"Node Type": "Hash Join", "Parent Relationship": "Outer", "Parallel Aware": false, "Join Type": "Inner", "Startup Cost": 74774.44, "Total Cost": 156343.08, "Plan Rows": 121468, "Plan Width": 8, "Actual Startup Time": 557.67, "Actual Total Time": 1971.77, "Actual Rows": 32611, "Actual Loops": 1, "Output": ["t.id", "mk.movie_id"], "Inner Unique": true, "Hash Cond": "(mk.movie_id = t.id)", "Shared Hit Blocks": 3, "Shared Read Blocks": 60452, "Shared Dirtied Blocks": 0, "Shared Written Blocks": 0, "Local Hit Blocks": 0, "Local Read Blocks": 0, "Local Dirtied Blocks": 0, "Local Written Blocks": 0, "Temp Read Blocks": 0, "Temp Written Blocks": 0, "I/O Read Time": 188.65, "I/O Write Time": 0.0, "Plans": [{"Node Type": "Seq Scan", "Parent Relationship": "Outer", "Parallel Aware": false, "Relation Name": "movie_keyword", "Schema": "public", "Alias": "mk", "Startup Cost": 0.0, "Total Cost": 69693.3, "Plan Rows": 4523930, "Plan Width": 4, "Actual Startup Time": 0.127, "Actual Total Time": 591.259, "Actual Rows": 4523930, "Actual Loops": 1, "Output": ["mk.id", "mk.movie_id", "mk.keyword_id"], "Shared Hit Blocks": 0, "Shared Read Blocks": 24454, "Shared Dirtied Blocks": 0, "Shared Written Blocks": 0, "Local Hit Blocks": 0, "Local Read Blocks": 0, "Local Dirtied Blocks": 0, "Local Written Blocks": 0, "Temp Read Blocks": 0, "Temp Written Blocks": 0, "I/O Read Time": 122.962, "I/O Write Time": 0.0}, {"Node Type": "Hash", "Parent Relationship": "Inner", "Parallel Aware": false, "Startup Cost": 73925.8, "Total Cost": 73925.8, "Plan Rows": 67891, "Plan Width": 4, "Actual Startup Time": 557.109, "Actual Total Time": 557.111, "Actual Rows": 74524, "Actual Loops": 1, "Output": ["t.id"], "Hash Buckets": 131072, "Original Hash Buckets": 131072, "Hash Batches": 1, "Original Hash Batches": 1, "Peak Memory Usage": 3644, "Shared Hit Blocks": 0, "Shared Read Blocks": 35998, "Shared Dirtied Blocks": 0, "Shared Written Blocks": 0, "Local Hit Blocks": 0, "Local Read Blocks": 0, "Local Dirtied Blocks": 0, "Local Written Blocks": 0, "Temp Read Blocks": 0, "Temp Written Blocks": 0, "I/O Read Time": 65.688, "I/O Write Time": 0.0, "Plans": [{"Node Type": "Seq Scan", "Parent Relationship": "Outer", "Parallel Aware": false, "Relation Name": "title", "Schema": "public", "Alias": "t", "Startup Cost": 0.0, "Total Cost": 73925.8, "Plan Rows": 67891, "Plan Width": 4, "Actual Startup Time": 0.137, "Actual Total Time": 530.757, "Actual Rows": 74524, "Actual Loops": 1, "Output": ["t.id"], "Filter": "((t.kind_id = 7) AND (t.production_year = 2006))", "Rows Removed by Filter": 2453788, "Shared Hit Blocks": 0, "Shared Read Blocks": 35998, "Shared Dirtied Blocks": 0, "Shared Written Blocks": 0, "Local Hit Blocks": 0, "Local Read Blocks": 0, "Local Dirtied Blocks": 0, "Local Written Blocks": 0, "Temp Read Blocks": 0, "Temp Written Blocks": 0, "I/O Read Time": 65.688, "I/O Write Time": 0.0}]}]}, {"Node Type": "Index Only Scan", "Parent Relationship": "Inner", "Parallel Aware": false, "Scan Direction": "Forward", "Index Name": "movie_id_cast_info", "Relation Name": "cast_info", "Schema": "public", "Alias": "ci", "Startup Cost": 0.44, "Total Cost": 1.13, "Plan Rows": 37, "Plan Width": 4, "Actual Startup Time": 0.011, "Actual Total Time": 0.018, "Actual Rows": 41, "Actual Loops": 32611, "Output": ["ci.movie_id"], "Index Cond": "(ci.movie_id = mk.movie_id)", "Rows Removed by Index Recheck": 0, "Heap Fetches": 0, "Shared Hit Blocks": 319352, "Shared Read Blocks": 1719, "Shared Dirtied Blocks": 0, "Shared Written Blocks": 0, "Local Hit Blocks": 0, "Local Read Blocks": 0, "Local Dirtied Blocks": 0, "Local Written Blocks": 0, "Temp Read Blocks": 0, "Temp Written Blocks": 0, "I/O Read Time": 191.356, "I/O Write Time": 0.0}]}]}, "Planning": {"Shared Hit Blocks": 204, "Shared Read Blocks": 42, "Shared Dirtied Blocks": 0, "Shared Written Blocks": 0, "Local Hit Blocks": 0, "Local Read Blocks": 0, "Local Dirtied Blocks": 0, "Local Written Blocks": 0, "Temp Read Blocks": 0, "Temp Written Blocks": 0, "I/O Read Time": 3.204, "I/O Write Time": 0.0}, "Planning Time": 4.877, "Triggers": [], "Execution Time": 2932.741}, "template": "scale", "query": "EXPLAIN (ANALYZE, COSTS, BUFFERS, VERBOSE, FORMAT JSON) SELECT COUNT(*) FROM title t,cast_info ci,movie_keyword mk WHERE t.id=ci.movie_id AND t.id=mk.movie_id AND t.kind_id=7 AND t.production_year=2006;"}
{"planinfo": {"Plan": {"Node Type": "Aggregate", "Strategy": "Plain", "Partial Mode": "Simple", "Parallel Aware": false, "Startup Cost": 83436.21, "Total Cost": 83436.22, "Plan Rows": 1, "Plan Width": 8, "Actual Startup Time": 878.446, "Actual Total Time": 878.447, "Actual Rows": 1, "Actual Loops": 1, "Output": ["count(*)"], "Shared Hit Blocks": 4, "Shared Read Blocks": 2838, "Shared Dirtied Blocks": 0, "Shared Written Blocks": 0, "Local Hit Blocks": 0, "Local Read Blocks": 0, "Local Dirtied Blocks": 0, "Local Written Blocks": 0, "Temp Read Blocks": 0, "Temp Written Blocks": 0, "I/O Read Time": 16.071, "I/O Write Time": 0.0, "Plans": [{"Node Type": "Index Only Scan", "Parent Relationship": "Outer", "Parallel Aware": false, "Scan Direction": "Forward", "Index Name": "info_type_id_movie_info", "Relation Name": "movie_info", "Schema": "public", "Alias": "mi", "Startup Cost": 0.43, "Total Cost": 74432.74, "Plan Rows": 3601389, "Plan Width": 0, "Actual Startup Time": 0.028, "Actual Total Time": 530.002, "Actual Rows": 3624977, "Actual Loops": 1, "Output": ["info_type_id"], "Index Cond": "(mi.info_type_id < 4)", "Rows Removed by Index Recheck": 0, "Heap Fetches": 0, "Shared Hit Blocks": 4, "Shared Read Blocks": 2838, "Shared Dirtied Blocks": 0, "Shared Written Blocks": 0, "Local Hit Blocks": 0, "Local Read Blocks": 0, "Local Dirtied Blocks": 0, "Local Written Blocks": 0, "Temp Read Blocks": 0, "Temp Written Blocks": 0, "I/O Read Time": 16.071, "I/O Write Time": 0.0}]}, "Planning": {"Shared Hit Blocks": 46, "Shared Read Blocks": 15, "Shared Dirtied Blocks": 0, "Shared Written Blocks": 0, "Local Hit Blocks": 0, "Local Read Blocks": 0, "Local Dirtied Blocks": 0, "Local Written Blocks": 0, "Temp Read Blocks": 0, "Temp Written Blocks": 0, "I/O Read Time": 1.086, "I/O Write Time": 0.0}, "Planning Time": 1.675, "Triggers": [], "Execution Time": 878.485}, "template": "scale", "query": "EXPLAIN (ANALYZE, COSTS, BUFFERS, VERBOSE, FORMAT JSON) SELECT COUNT(*) FROM movie_info mi WHERE mi.info_type_id<4;"}
{"planinfo": {"Plan": {"Node Type": "Aggregate", "Strategy": "Plain", "Partial Mode": "Simple", "Parallel Aware": false, "Startup Cost": 354597.0, "Total Cost": 354597.01, "Plan Rows": 1, "Plan Width": 8, "Actual Startup Time": 5997.77, "Actual Total Time": 5997.775, "Actual Rows": 1, "Actual Loops": 1, "Output": ["count(*)"], "Shared Hit Blocks": 1808427, "Shared Read Blocks": 53936, "Shared Dirtied Blocks": 0, "Shared Written Blocks": 0, "Local Hit Blocks": 0, "Local Read Blocks": 0, "Local Dirtied Blocks": 0, "Local Written Blocks": 0, "Temp Read Blocks": 2176, "Temp Written Blocks": 2176, "I/O Read Time": 774.83, "I/O Write Time": 0.0, "Plans": [{"Node Type": "Nested Loop", "Parent Relationship": "Outer", "Parallel Aware": false, "Join Type": "Inner", "Startup Cost": 75535.12, "Total Cost": 354362.51, "Plan Rows": 93795, "Plan Width": 0, "Actual Startup Time": 589.353, "Actual Total Time": 5663.688, "Actual Rows": 2563380, "Actual Loops": 1, "Inner Unique": false, "Join Filter": "(t.id = mk.movie_id)", "Rows Removed by Join Filter": 0, "Shared Hit Blocks": 1808427, "Shared Read Blocks": 53936, "Shared Dirtied Blocks": 0, "Shared Written Blocks": 0, "Local Hit Blocks": 0, "Local Read Blocks": 0, "Local Dirtied Blocks": 0, "Local Written Blocks": 0, "Temp Read Blocks": 2176, "Temp Written Blocks": 2176, "I/O Read Time": 774.83, "I/O Write Time": 0.0, "Plans": [{"Node Type": "Nested Loop", "Parent Relationship": "Outer", "Parallel Aware": false, "Join Type": "Inner", "Startup Cost": 75534.69, "Total Cost": 232586.77, "Plan Rows": 65954, "Plan Width": 16, "Actual Startup Time": 583.881, "Actual Total Time": 2930.526, "Actual Rows": 303687, "Actual Loops": 1, "Output": ["t.id", "mc.movie_id", "mi.movie_id", "mi_idx.movie_id"], "Inner Unique": false, "Join Filter": "(t.id = mi.movie_id)", "Rows Removed by Join Filter": 0, "Shared Hit Blocks": 711590, "Shared Read Blocks": 52704, "Shared Dirtied Blocks": 0, "Shared Written Blocks": 0, "Local Hit Blocks": 0, "Local Read Blocks": 0, "Local Dirtied Blocks": 0, "Local Written Blocks": 0, "Temp Read Blocks": 2176, "Temp Written Blocks": 2176, "I/O Read Time": 744.165, "I/O Write Time": 0.0, "Plans": [{"Node Type": "Nested Loop", "Parent Relationship": "Outer", "Parallel Aware": false, "Join Type": "Inner", "Startup Cost": 75534.25, "Total Cost": 144106.92, "Plan Rows": 55193, "Plan Width": 12, "Actual Startup Time": 583.312, "Actual Total Time": 1486.454, "Actual Rows": 58386, "Actual Loops": 1, "Output": ["t.id", "mc.movie_id", "mi_idx.movie_id"], "Inner Unique": false, "Join Filter": "(t.id = mc.movie_id)", "Rows Removed by Join Filter": 0, "Shared Hit Blocks": 71351, "Shared Read Blocks": 44838, "Shared Dirtied Blocks": 0, "Shared Written Blocks": 0, "Local Hit Blocks": 0, "Local Read Blocks": 0, "Local Dirtied Blocks": 0, "Local Written Blocks": 0, "Temp Read Blocks": 2176, "Temp Written Blocks": 2176, "I/O Read Time": 125.396, "I/O Write Time": 0.0, "Plans": [{"Node Type": "Hash Join", "Parent Relationship": "Outer", "Parallel Aware": false, "Join Type": "Inner", "Startup Cost": 75533.82, "Total Cost": 112056.78, "Plan Rows": 53488, "Plan Width": 8, "Actual Startup Time": 583.275, "Actual Total Time": 1343.71, "Actual Rows": 24084, "Actual Loops": 1, "Output": ["t.id", "mi_idx.movie_id"], "Inner Unique": true, "Hash Cond": "(mi_idx.movie_id = t.id)", "Shared Hit Blocks": 3, "Shared Read Blocks": 43933, "Shared Dirtied Blocks": 0, "Shared Written Blocks": 0, "Local Hit Blocks": 0, "Local Read Blocks": 0, "Local Dirtied Blocks": 0, "Local Written Blocks": 0, "Temp Read Blocks": 2176, "Temp Written Blocks": 2176, "I/O Read Time": 106.813, "I/O Write Time": 0.0, "Plans": [{"Node Type": "Seq Scan", "Parent Relationship": "Outer", "Parallel Aware": false, "Relation Name": "movie_info_idx", "Schema": "public", "Alias": "mi_idx", "Startup Cost": 0.0, "Total Cost": 21735.35, "Plan Rows": 1380035, "Plan Width": 4, "Actual Startup Time": 0.127, "Actual Total Time": 303.173, "Actual Rows": 1380035, "Actual Loops": 1, "Output": ["mi_idx.movie_id"], "Shared Hit Blocks": 0, "Shared Read Blocks": 7935, "Shared Dirtied Blocks": 0, "Shared Written Blocks": 0, "Local Hit Blocks": 0, "Local Read Blocks": 0, "Local Dirtied Blocks": 0, "Local Written Blocks": 0, "Temp Read Blocks": 0, "Temp Written Blocks": 0, "I/O Read Time": 41.603, "I/O Write Time": 0.0}, {"Node Type": "Hash", "Parent Relationship": "Inner", "Parallel Aware": false, "Startup Cost": 73925.8, "Total Cost": 73925.8, "Plan Rows": 98002, "Plan Width": 4, "Actual Startup Time": 582.589, "Actual Total Time": 582.59, "Actual Rows": 106247, "Actual Loops": 1, "Output": ["t.id"], "Hash Buckets": 131072, "Original Hash Buckets": 131072, "Hash Batches": 2, "Original Hash Batches": 2, "Peak Memory Usage": 2890, "Shared Hit Blocks": 0, "Shared Read Blocks": 35998, "Shared Dirtied Blocks": 0, "Shared Written Blocks": 0, "Local Hit Blocks": 0, "Local Read Blocks": 0, "Local Dirtied Blocks": 0, "Local Written Blocks": 0, "Temp Read Blocks": 0, "Temp Written Blocks": 155, "I/O Read Time": 65.21, "I/O Write Time": 0.0, "Plans": [{"Node Type": "Seq Scan", "Parent Relationship": "Outer", "Parallel Aware": false, "Relation Name": "title", "Schema": "public", "Alias": "t", "Startup Cost": 0.0, "Total Cost": 73925.8, "Plan Rows": 98002, "Plan Width": 4, "Actual Startup Time": 0.136, "Actual Total Time": 541.501, "Actual Rows": 106247, "Actual Loops": 1, "Output": ["t.id"], "Filter": "((t.kind_id = 7) AND (t.production_year = 2011))", "Rows Removed by Filter": 2422065, "Shared Hit Blocks": 0, "Shared Read Blocks": 35998, "Shared Dirtied Blocks": 0, "Shared Written Blocks": 0, "Local Hit Blocks": 0, "Local Read Blocks": 0, "Local Dirtied Blocks": 0, "Local Written Blocks": 0, "Temp Read Blocks": 0, "Temp Written Blocks": 0, "I/O Read Time": 65.21, "I/O Write Time": 0.0}]}]}, {"Node Type": "Index Only Scan", "Parent Relationship": "Inner", "Parallel Aware": false, "Scan Direction": "Forward", "Index Name": "movie_id_movie_companies", "Relation Name": "movie_companies", "Schema": "public", "Alias": "mc", "Startup Cost": 0.43, "Total Cost": 0.54, "Plan Rows": 5, "Plan Width": 4, "Actual Startup Time": 0.004, "Actual Total Time": 0.005, "Actual Rows": 2, "Actual Loops": 24084, "Output": ["mc.movie_id"], "Index Cond": "(mc.movie_id = mi_idx.movie_id)", "Rows Removed by Index Recheck": 0, "Heap Fetches": 0, "Shared Hit Blocks": 71348, "Shared Read Blocks": 905, "Shared Dirtied Blocks": 0, "Shared Written Blocks": 0, "Local Hit Blocks": 0, "Local Read Blocks": 0, "Local Dirtied Blocks": 0, "Local Written Blocks": 0, "Temp Read Blocks": 0, "Temp Written Blocks": 0, "I/O Read Time": 18.582, "I/O Write Time": 0.0}]}, {"Node Type": "Index Scan", "Parent Relationship": "Inner", "Parallel Aware": false, "Scan Direction": "Forward", "Index Name": "movie_id_movie_info", "Relation Name": "movie_info", "Schema": "public", "Alias": "mi", "Startup Cost": 0.43, "Total Cost": 1.5, "Plan Rows": 8, "Plan Width": 4, "Actual Startup Time": 0.012, "Actual Total Time": 0.023, "Actual Rows": 5, "Actual Loops": 58386, "Output": ["mi.id", "mi.movie_id", "mi.info_type_id", "mi.info", "mi.note"], "Index Cond": "(mi.movie_id = mc.movie_id)", "Rows Removed by Index Recheck": 0, "Filter": "(mi.info_type_id = 16)", "Rows Removed by Filter": 10, "Shared Hit Blocks": 640239, "Shared Read Blocks": 7866, "Shared Dirtied Blocks": 0, "Shared Written Blocks": 0, "Local Hit Blocks": 0, "Local Read Blocks": 0, "Local Dirtied Blocks": 0, "Local Written Blocks": 0, "Temp Read Blocks": 0, "Temp Written Blocks": 0, "I/O Read Time": 618.769, "I/O Write Time": 0.0}]}, {"Node Type": "Index Scan", "Parent Relationship": "Inner", "Parallel Aware": false, "Scan Direction": "Forward", "Index Name": "movie_id_movie_keyword", "Relation Name": "movie_keyword", "Schema": "public", "Alias": "mk", "Startup Cost": 0.43, "Total Cost": 1.4, "Plan Rows": 36, "Plan Width": 4, "Actual Startup Time": 0.004, "Actual Total Time": 0.007, "Actual Rows": 8, "Actual Loops": 303687, "Output": ["mk.id", "mk.movie_id", "mk.keyword_id"], "Index Cond": "(mk.movie_id = mi.movie_id)", "Rows Removed by Index Recheck": 0, "Filter": "(mk.keyword_id > 870)", "Rows Removed by Filter": 1, "Shared Hit Blocks": 1096837, "Shared Read Blocks": 1232, "Shared Dirtied Blocks": 0, "Shared Written Blocks": 0, "Local Hit Blocks": 0, "Local Read Blocks": 0, "Local Dirtied Blocks": 0, "Local Written Blocks": 0, "Temp Read Blocks": 0, "Temp Written Blocks": 0, "I/O Read Time": 30.665, "I/O Write Time": 0.0}]}]}, "Planning": {"Shared Hit Blocks": 464, "Shared Read Blocks": 59, "Shared Dirtied Blocks": 0, "Shared Written Blocks": 0, "Local Hit Blocks": 0, "Local Read Blocks": 0, "Local Dirtied Blocks": 0, "Local Written Blocks": 0, "Temp Read Blocks": 0, "Temp Written Blocks": 0, "I/O Read Time": 4.6, "I/O Write Time": 0.0}, "Planning Time": 8.921, "Triggers": [], "Execution Time": 5998.101}, "template": "scale", "query": "EXPLAIN (ANALYZE, COSTS, BUFFERS, VERBOSE, FORMAT JSON) SELECT COUNT(*) FROM title t,movie_companies mc,movie_info mi,movie_info_idx mi_idx,movie_keyword mk WHERE t.id=mc.movie_id AND t.id=mi.movie_id AND t.id=mi_idx.movie_id AND t.id=mk.movie_id AND t.kind_id=7 AND t.production_year=2011 AND mi.info_type_id=16 AND mk.keyword_id>870;"}
{"planinfo": {"Plan": {"Node Type": "Aggregate", "Strategy": "Plain", "Partial Mode": "Simple", "Parallel Aware": false, "Startup Cost": 41493.77, "Total Cost": 41493.78, "Plan Rows": 1, "Plan Width": 8, "Actual Startup Time": 5514.484, "Actual Total Time": 5514.486, "Actual Rows": 1, "Actual Loops": 1, "Output": ["count(*)"], "Shared Hit Blocks": 304037, "Shared Read Blocks": 53481, "Shared Dirtied Blocks": 0, "Shared Written Blocks": 0, "Local Hit Blocks": 0, "Local Read Blocks": 0, "Local Dirtied Blocks": 0, "Local Written Blocks": 0, "Temp Read Blocks": 0, "Temp Written Blocks": 0, "I/O Read Time": 5025.653, "I/O Write Time": 0.0, "Plans": [{"Node Type": "Nested Loop", "Parent Relationship": "Outer", "Parallel Aware": false, "Join Type": "Inner", "Startup Cost": 1.73, "Total Cost": 41440.47, "Plan Rows": 21318, "Plan Width": 0, "Actual Startup Time": 3.15, "Actual Total Time": 5492.907, "Actual Rows": 144096, "Actual Loops": 1, "Inner Unique": false, "Shared Hit Blocks": 304037, "Shared Read Blocks": 53481, "Shared Dirtied Blocks": 0, "Shared Written Blocks": 0, "Local Hit Blocks": 0, "Local Read Blocks": 0, "Local Dirtied Blocks": 0, "Local Written Blocks": 0, "Temp Read Blocks": 0, "Temp Written Blocks": 0, "I/O Read Time": 5025.653, "I/O Write Time": 0.0, "Plans": [{"Node Type": "Nested Loop", "Parent Relationship": "Outer", "Parallel Aware": false, "Join Type": "Inner", "Startup Cost": 1.29, "Total Cost": 33657.13, "Plan Rows": 4357, "Plan Width": 12, "Actual Startup Time": 1.194, "Actual Total Time": 294.759, "Actual Rows": 7386, "Actual Loops": 1, "Output": ["t.id", "mc.movie_id", "mk.movie_id"], "Inner Unique": false, "Shared Hit Blocks": 22751, "Shared Read Blocks": 4112, "Shared Dirtied Blocks": 0, "Shared Written Blocks": 0, "Local Hit Blocks": 0, "Local Read Blocks": 0, "Local Dirtied Blocks": 0, "Local Written Blocks": 0, "Temp Read Blocks": 0, "Temp Written Blocks": 0, "I/O Read Time": 244.38, "I/O Write Time": 0.0, "Plans": [{"Node Type": "Nested Loop", "Parent Relationship": "Outer", "Parallel Aware": false, "Join Type": "Inner", "Startup Cost": 0.86, "Total Cost": 31216.9, "Plan Rows": 4222, "Plan Width": 8, "Actual Startup Time": 0.523, "Actual Total Time": 239.656, "Actual Rows": 4196, "Actual Loops": 1, "Output": ["t.id", "mk.movie_id"], "Inner Unique": true, "Shared Hit Blocks": 11420, "Shared Read Blocks": 2854, "Shared Dirtied Blocks": 0, "Shared Written Blocks": 0, "Local Hit Blocks": 0, "Local Read Blocks": 0, "Local Dirtied Blocks": 0, "Local Written Blocks": 0, "Temp Read Blocks": 0, "Temp Written Blocks": 0, "I/O Read Time": 212.906, "I/O Write Time": 0.0, "Plans": [{"Node Type": "Index Scan", "Parent Relationship": "Outer", "Parallel Aware": false, "Scan Direction": "Forward", "Index Name": "keyword_id_movie_keyword", "Relation Name": "movie_keyword", "Schema": "public", "Alias": "mk", "Startup Cost": 0.43, "Total Cost": 15643.56, "Plan Rows": 4222, "Plan Width": 4, "Actual Startup Time": 0.414, "Actual Total Time": 111.989, "Actual Rows": 4196, "Actual Loops": 1, "Output": ["mk.id", "mk.movie_id", "mk.keyword_id"], "Index Cond": "(mk.keyword_id = 1578)", "Rows Removed by Index Recheck": 0, "Shared Hit Blocks": 0, "Shared Read Blocks": 1636, "Shared Dirtied Blocks": 0, "Shared Written Blocks": 0, "Local Hit Blocks": 0, "Local Read Blocks": 0, "Local Dirtied Blocks": 0, "Local Written Blocks": 0, "Temp Read Blocks": 0, "Temp Written Blocks": 0, "I/O Read Time": 107.847, "I/O Write Time": 0.0}, {"Node Type": "Index Only Scan", "Parent Relationship": "Inner", "Parallel Aware": false, "Scan Direction": "Forward", "Index Name": "title_pkey", "Relation Name": "title", "Schema": "public", "Alias": "t", "Startup Cost": 0.43, "Total Cost": 3.69, "Plan Rows": 1, "Plan Width": 4, "Actual Startup Time": 0.03, "Actual Total Time": 0.03, "Actual Rows": 1, "Actual Loops": 4196, "Output": ["t.id"], "Index Cond": "(t.id = mk.movie_id)", "Rows Removed by Index Recheck": 0, "Heap Fetches": 0, "Shared Hit Blocks": 11420, "Shared Read Blocks": 1218, "Shared Dirtied Blocks": 0, "Shared Written Blocks": 0, "Local Hit Blocks": 0, "Local Read Blocks": 0, "Local Dirtied Blocks": 0, "Local Written Blocks": 0, "Temp Read Blocks": 0, "Temp Written Blocks": 0, "I/O Read Time": 105.06, "I/O Write Time": 0.0}]}, {"Node Type": "Index Only Scan", "Parent Relationship": "Inner", "Parallel Aware": false, "Scan Direction": "Forward", "Index Name": "movie_id_movie_companies", "Relation Name": "movie_companies", "Schema": "public", "Alias": "mc", "Startup Cost": 0.43, "Total Cost": 0.53, "Plan Rows": 5, "Plan Width": 4, "Actual Startup Time": 0.012, "Actual Total Time": 0.012, "Actual Rows": 2, "Actual Loops": 4196, "Output": ["mc.movie_id"], "Index Cond": "(mc.movie_id = t.id)", "Rows Removed by Index Recheck": 0, "Heap Fetches": 0, "Shared Hit Blocks": 11331, "Shared Read Blocks": 1258, "Shared Dirtied Blocks": 0, "Shared Written Blocks": 0, "Local Hit Blocks": 0, "Local Read Blocks": 0, "Local Dirtied Blocks": 0, "Local Written Blocks": 0, "Temp Read Blocks": 0, "Temp Written Blocks": 0, "I/O Read Time": 31.474, "I/O Write Time": 0.0}]}, {"Node Type": "Index Scan", "Parent Relationship": "Inner", "Parallel Aware": false, "Scan Direction": "Forward", "Index Name": "movie_id_cast_info", "Relation Name": "cast_info", "Schema": "public", "Alias": "ci", "Startup Cost": 0.44, "Total Cost": 1.66, "Plan Rows": 13, "Plan Width": 4, "Actual Startup Time": 0.057, "Actual Total Time": 0.7, "Actual Rows": 20, "Actual Loops": 7386, "Output": ["ci.id", "ci.person_id", "ci.movie_id", "ci.person_role_id", "ci.note", "ci.nr_order", "ci.role_id"], "Index Cond": "(ci.movie_id = t.id)", "Rows Removed by Index Recheck": 0, "Filter": "(ci.role_id = 1)", "Rows Removed by Filter": 23, "Shared Hit Blocks": 281286, "Shared Read Blocks": 49369, "Shared Dirtied Blocks": 0, "Shared Written Blocks": 0, "Local Hit Blocks": 0, "Local Read Blocks": 0, "Local Dirtied Blocks": 0, "Local Written Blocks": 0, "Temp Read Blocks": 0, "Temp Written Blocks": 0, "I/O Read Time": 4781.273, "I/O Write Time": 0.0}]}]}, "Planning": {"Shared Hit Blocks": 329, "Shared Read Blocks": 53, "Shared Dirtied Blocks": 0, "Shared Written Blocks": 0, "Local Hit Blocks": 0, "Local Read Blocks": 0, "Local Dirtied Blocks": 0, "Local Written Blocks": 0, "Temp Read Blocks": 0, "Temp Written Blocks": 0, "I/O Read Time": 4.252, "I/O Write Time": 0.0}, "Planning Time": 7.154, "Triggers": [], "Execution Time": 5514.609}, "template": "scale", "query": "EXPLAIN (ANALYZE, COSTS, BUFFERS, VERBOSE, FORMAT JSON) SELECT COUNT(*) FROM title t,movie_companies mc,cast_info ci,movie_keyword mk WHERE t.id=mc.movie_id AND t.id=ci.movie_id AND t.id=mk.movie_id AND ci.role_id=1 AND mk.keyword_id=1578;"}
{"planinfo": {"Plan": {"Node Type": "Aggregate", "Strategy": "Plain", "Partial Mode": "Simple", "Parallel Aware": false, "Startup Cost": 1411252.69, "Total Cost": 1411252.7, "Plan Rows": 1, "Plan Width": 8, "Actual Startup Time": 12317.859, "Actual Total Time": 12317.863, "Actual Rows": 1, "Actual Loops": 1, "Output": ["count(*)"], "Shared Hit Blocks": 822397, "Shared Read Blocks": 202886, "Shared Dirtied Blocks": 0, "Shared Written Blocks": 0, "Local Hit Blocks": 0, "Local Read Blocks": 0, "Local Dirtied Blocks": 0, "Local Written Blocks": 0, "Temp Read Blocks": 32468, "Temp Written Blocks": 32468, "I/O Read Time": 874.461, "I/O Write Time": 0.0, "Plans": [{"Node Type": "Hash Join", "Parent Relationship": "Outer", "Parallel Aware": false, "Join Type": "Inner", "Startup Cost": 626727.52, "Total Cost": 1381384.05, "Plan Rows": 11947458, "Plan Width": 0, "Actual Startup Time": 2745.341, "Actual Total Time": 11707.103, "Actual Rows": 6019495, "Actual Loops": 1, "Inner Unique": false, "Hash Cond": "(mi.movie_id = t.id)", "Shared Hit Blocks": 822397, "Shared Read Blocks": 202886, "Shared Dirtied Blocks": 0, "Shared Written Blocks": 0, "Local Hit Blocks": 0, "Local Read Blocks": 0, "Local Dirtied Blocks": 0, "Local Written Blocks": 0, "Temp Read Blocks": 32468, "Temp Written Blocks": 32468, "I/O Read Time": 874.461, "I/O Write Time": 0.0, "Plans": [{"Node Type": "Seq Scan", "Parent Relationship": "Outer", "Parallel Aware": false, "Relation Name": "movie_info", "Schema": "public", "Alias": "mi", "Startup Cost": 0.0, "Total Cost": 347223.62, "Plan Rows": 9926066, "Plan Width": 4, "Actual Startup Time": 170.1, "Actual Total Time": 3509.298, "Actual Rows": 9911754, "Actual Loops": 1, "Output": ["mi.movie_id"], "Filter": "(mi.info_type_id > 4)", "Rows Removed by Filter": 4923966, "Shared Hit Blocks": 0, "Shared Read Blocks": 161993, "Shared Dirtied Blocks": 0, "Shared Written Blocks": 0, "Local Hit Blocks": 0, "Local Read Blocks": 0, "Local Dirtied Blocks": 0, "Local Written Blocks": 0, "Temp Read Blocks": 0, "Temp Written Blocks": 0, "I/O Read Time": 263.709, "I/O Write Time": 0.0}, {"Node Type": "Hash", "Parent Relationship": "Inner", "Parallel Aware": false, "Startup Cost": 576795.52, "Total Cost": 576795.52, "Plan Rows": 3043440, "Plan Width": 8, "Actual Startup Time": 2572.666, "Actual Total Time": 2572.668, "Actual Rows": 1133097, "Actual Loops": 1, "Output": ["t.id", "ci.movie_id"], "Hash Buckets": 131072, "Original Hash Buckets": 131072, "Hash Batches": 64, "Original Hash Batches": 64, "Peak Memory Usage": 1707, "Shared Hit Blocks": 822394, "Shared Read Blocks": 40893, "Shared Dirtied Blocks": 0, "Shared Written Blocks": 0, "Local Hit Blocks": 0, "Local Read Blocks": 0, "Local Dirtied Blocks": 0, "Local Written Blocks": 0, "Temp Read Blocks": 0, "Temp Written Blocks": 3783, "I/O Read Time": 610.752, "I/O Write Time": 0.0, "Plans": [{"Node Type": "Nested Loop", "Parent Relationship": "Outer", "Parallel Aware": false, "Join Type": "Inner", "Startup Cost": 0.44, "Total Cost": 576795.52, "Plan Rows": 3043440, "Plan Width": 8, "Actual Startup Time": 0.692, "Actual Total Time": 2149.304, "Actual Rows": 1133097, "Actual Loops": 1, "Output": ["t.id", "ci.movie_id"], "Inner Unique": false, "Shared Hit Blocks": 822394, "Shared Read Blocks": 40893, "Shared Dirtied Blocks": 0, "Shared Written Blocks": 0, "Local Hit Blocks": 0, "Local Read Blocks": 0, "Local Dirtied Blocks": 0, "Local Written Blocks": 0, "Temp Read Blocks": 0, "Temp Written Blocks": 0, "I/O Read Time": 610.752, "I/O Write Time": 0.0, "Plans": [{"Node Type": "Seq Scan", "Parent Relationship": "Outer", "Parallel Aware": false, "Relation Name": "title", "Schema": "public", "Alias": "t", "Startup Cost": 0.0, "Total Cost": 73925.8, "Plan Rows": 212030, "Plan Width": 4, "Actual Startup Time": 0.16, "Actual Total Time": 536.867, "Actual Rows": 112299, "Actual Loops": 1, "Output": ["t.id", "t.title", "t.imdb_index", "t.kind_id", "t.production_year", "t.imdb_id", "t.phonetic_code", "t.episode_of_id", "t.season_nr", "t.episode_nr", "t.series_years", "t.md5sum"], "Filter": "((t.production_year < 1969) AND (t.kind_id = 7))", "Rows Removed by Filter": 2416013, "Shared Hit Blocks": 0, "Shared Read Blocks": 35998, "Shared Dirtied Blocks": 0, "Shared Written Blocks": 0, "Local Hit Blocks": 0, "Local Read Blocks": 0, "Local Dirtied Blocks": 0, "Local Written Blocks": 0, "Temp Read Blocks": 0, "Temp Written Blocks": 0, "I/O Read Time": 65.519, "I/O Write Time": 0.0}, {"Node Type": "Index Only Scan", "Parent Relationship": "Inner", "Parallel Aware": false, "Scan Direction": "Forward", "Index Name": "movie_id_cast_info", "Relation Name": "cast_info", "Schema": "public", "Alias": "ci", "Startup Cost": 0.44, "Total Cost": 2.0, "Plan Rows": 37, "Plan Width": 4, "Actual Startup Time": 0.009, "Actual Total Time": 0.012, "Actual Rows": 10, "Actual Loops": 112299, "Output": ["ci.movie_id"], "Index Cond": "(ci.movie_id = t.id)", "Rows Removed by Index Recheck": 0, "Heap Fetches": 0, "Shared Hit Blocks": 822394, "Shared Read Blocks": 4895, "Shared Dirtied Blocks": 0, "Shared Written Blocks": 0, "Local Hit Blocks": 0, "Local Read Blocks": 0, "Local Dirtied Blocks": 0, "Local Written Blocks": 0, "Temp Read Blocks": 0, "Temp Written Blocks": 0, "I/O Read Time": 545.233, "I/O Write Time": 0.0}]}]}]}]}, "Planning": {"Shared Hit Blocks": 208, "Shared Read Blocks": 46, "Shared Dirtied Blocks": 0, "Shared Written Blocks": 0, "Local Hit Blocks": 0, "Local Read Blocks": 0, "Local Dirtied Blocks": 0, "Local Written Blocks": 0, "Temp Read Blocks": 0, "Temp Written Blocks": 0, "I/O Read Time": 3.518, "I/O Write Time": 0.0}, "Planning Time": 5.566, "Triggers": [], "Execution Time": 12318.046}, "template": "scale", "query": "EXPLAIN (ANALYZE, COSTS, BUFFERS, VERBOSE, FORMAT JSON) SELECT COUNT(*) FROM title t,cast_info ci,movie_info mi WHERE t.id=ci.movie_id AND t.id=mi.movie_id AND t.kind_id=7 AND t.production_year<1969 AND mi.info_type_id>4;"}
{"planinfo": {"Plan": {"Node Type": "Aggregate", "Strategy": "Plain", "Partial Mode": "Simple", "Parallel Aware": false, "Startup Cost": 790122.44, "Total Cost": 790122.45, "Plan Rows": 1, "Plan Width": 8, "Actual Startup Time": 16393.866, "Actual Total Time": 16393.871, "Actual Rows": 1, "Actual Loops": 1, "Output": ["count(*)"], "Shared Hit Blocks": 3, "Shared Read Blocks": 222445, "Shared Dirtied Blocks": 0, "Shared Written Blocks": 0, "Local Hit Blocks": 0, "Local Read Blocks": 0, "Local Dirtied Blocks": 0, "Local Written Blocks": 0, "Temp Read Blocks": 43125, "Temp Written Blocks": 43125, "I/O Read Time": 469.52, "I/O Write Time": 0.0, "Plans": [{"Node Type": "Hash Join", "Parent Relationship": "Outer", "Parallel Aware": false, "Join Type": "Inner", "Startup Cost": 556544.34, "Total Cost": 774013.78, "Plan Rows": 6443466, "Plan Width": 0, "Actual Startup Time": 8021.367, "Actual Total Time": 14626.084, "Actual Rows": 17797517, "Actual Loops": 1, "Inner Unique": false, "Hash Cond": "(mk.movie_id = t.id)", "Shared Hit Blocks": 3, "Shared Read Blocks": 222445, "Shared Dirtied Blocks": 0, "Shared Written Blocks": 0, "Local Hit Blocks": 0, "Local Read Blocks": 0, "Local Dirtied Blocks": 0, "Local Written Blocks": 0, "Temp Read Blocks": 43125, "Temp Written Blocks": 43125, "I/O Read Time": 469.52, "I/O Write Time": 0.0, "Plans": [{"Node Type": "Seq Scan", "Parent Relationship": "Outer", "Parallel Aware": false, "Relation Name": "movie_keyword", "Schema": "public", "Alias": "mk", "Startup Cost": 0.0, "Total Cost": 69693.3, "Plan Rows": 4523930, "Plan Width": 4, "Actual Startup Time": 0.122, "Actual Total Time": 965.998, "Actual Rows": 4523930, "Actual Loops": 1, "Output": ["mk.movie_id"], "Shared Hit Blocks": 0, "Shared Read Blocks": 24454, "Shared Dirtied Blocks": 0, "Shared Written Blocks": 0, "Local Hit Blocks": 0, "Local Read Blocks": 0, "Local Dirtied Blocks": 0, "Local Written Blocks": 0, "Temp Read Blocks": 0, "Temp Written Blocks": 0, "I/O Read Time": 122.923, "I/O Write Time": 0.0}, {"Node Type": "Hash", "Parent Relationship": "Inner", "Parallel Aware": false, "Startup Cost": 497458.98, "Total Cost": 497458.98, "Plan Rows": 3601389, "Plan Width": 8, "Actual Startup Time": 8020.028, "Actual Total Time": 8020.031, "Actual Rows": 3624977, "Actual Loops": 1, "Output": ["t.id", "mi.movie_id"], "Hash Buckets": 131072, "Original Hash Buckets": 131072, "Hash Batches": 64, "Original Hash Batches": 64, "Peak Memory Usage": 3234, "Shared Hit Blocks": 0, "Shared Read Blocks": 197991, "Shared Dirtied Blocks": 0, "Shared Written Blocks": 0, "Local Hit Blocks": 0, "Local Read Blocks": 0, "Local Dirtied Blocks": 0, "Local Written Blocks": 0, "Temp Read Blocks": 17813, "Temp Written Blocks": 29984, "I/O Read Time": 346.596, "I/O Write Time": 0.0, "Plans": [{"Node Type": "Hash Join", "Parent Relationship": "Outer", "Parallel Aware": false, "Join Type": "Inner", "Startup Cost": 102767.7, "Total Cost": 497458.98, "Plan Rows": 3601389, "Plan Width": 8, "Actual Startup Time": 1560.215, "Actual Total Time": 6911.0, "Actual Rows": 3624977, "Actual Loops": 1, "Output": ["t.id", "mi.movie_id"], "Inner Unique": true, "Hash Cond": "(mi.movie_id = t.id)", "Shared Hit Blocks": 0, "Shared Read Blocks": 197991, "Shared Dirtied Blocks": 0, "Shared Written Blocks": 0, "Local Hit Blocks": 0, "Local Read Blocks": 0, "Local Dirtied Blocks": 0, "Local Written Blocks": 0, "Temp Read Blocks": 17813, "Temp Written Blocks": 17813, "I/O Read Time": 346.596, "I/O Write Time": 0.0, "Plans": [{"Node Type": "Seq Scan", "Parent Relationship": "Outer", "Parallel Aware": false, "Relation Name": "movie_info", "Schema": "public", "Alias": "mi", "Startup Cost": 0.0, "Total Cost": 347223.62, "Plan Rows": 3601389, "Plan Width": 4, "Actual Startup Time": 284.909, "Actual Total Time": 2946.266, "Actual Rows": 3624977, "Actual Loops": 1, "Output": ["mi.movie_id"], "Filter": "(mi.info_type_id < 4)", "Rows Removed by Filter": 11210743, "Shared Hit Blocks": 0, "Shared Read Blocks": 161993, "Shared Dirtied Blocks": 0, "Shared Written Blocks": 0, "Local Hit Blocks": 0, "Local Read Blocks": 0, "Local Dirtied Blocks": 0, "Local Written Blocks": 0, "Temp Read Blocks": 0, "Temp Written Blocks": 0, "I/O Read Time": 286.274, "I/O Write Time": 0.0}, {"Node Type": "Hash", "Parent Relationship": "Inner", "Parallel Aware": false, "Startup Cost": 61283.2, "Total Cost": 61283.2, "Plan Rows": 2528520, "Plan Width": 4, "Actual Startup Time": 1274.317, "Actual Total Time": 1274.318, "Actual Rows": 2528312, "Actual Loops": 1, "Output": ["t.id"], "Hash Buckets": 131072, "Original Hash Buckets": 131072, "Hash Batches": 64, "Original Hash Batches": 64, "Peak Memory Usage": 2415, "Shared Hit Blocks": 0, "Shared Read Blocks": 35998, "Shared Dirtied Blocks": 0, "Shared Written Blocks": 0, "Local Hit Blocks": 0, "Local Read Blocks": 0, "Local Dirtied Blocks": 0, "Local Written Blocks": 0, "Temp Read Blocks": 0, "Temp Written Blocks": 7262, "I/O Read Time": 60.323, "I/O Write Time": 0.0, "Plans": [{"Node Type": "Seq Scan", "Parent Relationship": "Outer", "Parallel Aware": false, "Relation Name": "title", "Schema": "public", "Alias": "t", "Startup Cost": 0.0, "Total Cost": 61283.2, "Plan Rows": 2528520, "Plan Width": 4, "Actual Startup Time": 2.157, "Actual Total Time": 546.116, "Actual Rows": 2528312, "Actual Loops": 1, "Output": ["t.id"], "Shared Hit Blocks": 0, "Shared Read Blocks": 35998, "Shared Dirtied Blocks": 0, "Shared Written Blocks": 0, "Local Hit Blocks": 0, "Local Read Blocks": 0, "Local Dirtied Blocks": 0, "Local Written Blocks": 0, "Temp Read Blocks": 0, "Temp Written Blocks": 0, "I/O Read Time": 60.323, "I/O Write Time": 0.0}]}]}]}]}]}, "Planning": {"Shared Hit Blocks": 182, "Shared Read Blocks": 41, "Shared Dirtied Blocks": 0, "Shared Written Blocks": 0, "Local Hit Blocks": 0, "Local Read Blocks": 0, "Local Dirtied Blocks": 0, "Local Written Blocks": 0, "Temp Read Blocks": 0, "Temp Written Blocks": 0, "I/O Read Time": 2.888, "I/O Write Time": 0.0}, "Planning Time": 4.425, "Triggers": [], "Execution Time": 16394.527}, "template": "scale", "query": "EXPLAIN (ANALYZE, COSTS, BUFFERS, VERBOSE, FORMAT JSON) SELECT COUNT(*) FROM title t,movie_info mi,movie_keyword mk WHERE t.id=mi.movie_id AND t.id=mk.movie_id AND mi.info_type_id<4;"}
{"planinfo": {"Plan": {"Node Type": "Aggregate", "Strategy": "Plain", "Partial Mode": "Simple", "Parallel Aware": false, "Startup Cost": 178256.61, "Total Cost": 178256.62, "Plan Rows": 1, "Plan Width": 8, "Actual Startup Time": 2496.65, "Actual Total Time": 2496.654, "Actual Rows": 1, "Actual Loops": 1, "Output": ["count(*)"], "Shared Hit Blocks": 3, "Shared Read Blocks": 52594, "Shared Dirtied Blocks": 0, "Shared Written Blocks": 0, "Local Hit Blocks": 0, "Local Read Blocks": 0, "Local Dirtied Blocks": 0, "Local Written Blocks": 0, "Temp Read Blocks": 6018, "Temp Written Blocks": 6018, "I/O Read Time": 160.463, "I/O Write Time": 0.0, "Plans": [{"Node Type": "Hash Join", "Parent Relationship": "Outer", "Parallel Aware": false, "Join Type": "Inner", "Startup Cost": 130972.47, "Total Cost": 178143.94, "Plan Rows": 45069, "Plan Width": 0, "Actual Startup Time": 1882.467, "Actual Total Time": 2491.89, "Actual Rows": 41224, "Actual Loops": 1, "Inner Unique": false, "Hash Cond": "(mc.movie_id = t.id)", "Shared Hit Blocks": 3, "Shared Read Blocks": 52594, "Shared Dirtied Blocks": 0, "Shared Written Blocks": 0, "Local Hit Blocks": 0, "Local Read Blocks": 0, "Local Dirtied Blocks": 0, "Local Written Blocks": 0, "Temp Read Blocks": 6018, "Temp Written Blocks": 6018, "I/O Read Time": 160.463, "I/O Write Time": 0.0, "Plans": [{"Node Type": "Index Scan", "Parent Relationship": "Outer", "Parallel Aware": false, "Scan Direction": "Forward", "Index Name": "company_type_id_movie_companies", "Relation Name": "movie_companies", "Schema": "public", "Alias": "mc", "Startup Cost": 0.43, "Total Cost": 40902.99, "Plan Rows": 408859, "Plan Width": 4, "Actual Startup Time": 0.395, "Actual Total Time": 485.792, "Actual Rows": 232563, "Actual Loops": 1, "Output": ["mc.movie_id"], "Index Cond": "(mc.company_type_id = 2)", "Rows Removed by Index Recheck": 0, "Filter": "(mc.company_id < 1772)", "Rows Removed by Filter": 1102320, "Shared Hit Blocks": 0, "Shared Read Blocks": 8661, "Shared Dirtied Blocks": 0, "Shared Written Blocks": 0, "Local Hit Blocks": 0, "Local Read Blocks": 0, "Local Dirtied Blocks": 0, "Local Written Blocks": 0, "Temp Read Blocks": 0, "Temp Written Blocks": 0, "I/O Read Time": 43.979, "I/O Write Time": 0.0}, {"Node Type": "Hash", "Parent Relationship": "Inner", "Parallel Aware": false, "Startup Cost": 126399.01, "Total Cost": 126399.01, "Plan Rows": 278722, "Plan Width": 8, "Actual Startup Time": 1881.04, "Actual Total Time": 1881.043, "Actual Rows": 141906, "Actual Loops": 1, "Output": ["t.id", "mi_idx.movie_id"], "Hash Buckets": 131072, "Original Hash Buckets": 131072, "Hash Batches": 4, "Original Hash Batches": 4, "Peak Memory Usage": 2407, "Shared Hit Blocks": 0, "Shared Read Blocks": 43933, "Shared Dirtied Blocks": 0, "Shared Written Blocks": 0, "Local Hit Blocks": 0, "Local Read Blocks": 0, "Local Dirtied Blocks": 0, "Local Written Blocks": 0, "Temp Read Blocks": 5141, "Temp Written Blocks": 5503, "I/O Read Time": 116.484, "I/O Write Time": 0.0, "Plans": [{"Node Type": "Hash Join", "Parent Relationship": "Outer", "Parallel Aware": false, "Join Type": "Inner", "Startup Cost": 32776.36, "Total Cost": 126399.01, "Plan Rows": 278722, "Plan Width": 8, "Actual Startup Time": 437.659, "Actual Total Time": 1828.61, "Actual Rows": 141906, "Actual Loops": 1, "Output": ["t.id", "mi_idx.movie_id"], "Inner Unique": false, "Hash Cond": "(t.id = mi_idx.movie_id)", "Shared Hit Blocks": 0, "Shared Read Blocks": 43933, "Shared Dirtied Blocks": 0, "Shared Written Blocks": 0, "Local Hit Blocks": 0, "Local Read Blocks": 0, "Local Dirtied Blocks": 0, "Local Written Blocks": 0, "Temp Read Blocks": 5141, "Temp Written Blocks": 5141, "I/O Read Time": 116.484, "I/O Write Time": 0.0, "Plans": [{"Node Type": "Seq Scan", "Parent Relationship": "Outer", "Parallel Aware": false, "Relation Name": "title", "Schema": "public", "Alias": "t", "Startup Cost": 0.0, "Total Cost": 67604.5, "Plan Rows": 1523349, "Plan Width": 4, "Actual Startup Time": 0.136, "Actual Total Time": 634.474, "Actual Rows": 1543264, "Actual Loops": 1, "Output": ["t.id"], "Filter": "(t.kind_id = 7)", "Rows Removed by Filter": 985048, "Shared Hit Blocks": 0, "Shared Read Blocks": 35998, "Shared Dirtied Blocks": 0, "Shared Written Blocks": 0, "Local Hit Blocks": 0, "Local Read Blocks": 0, "Local Dirtied Blocks": 0, "Local Written Blocks": 0, "Temp Read Blocks": 0, "Temp Written Blocks": 0, "I/O Read Time": 75.666, "I/O Write Time": 0.0}, {"Node Type": "Hash", "Parent Relationship": "Inner", "Parallel Aware": false, "Startup Cost": 25185.44, "Total Cost": 25185.44, "Plan Rows": 462634, "Plan Width": 4, "Actual Startup Time": 436.77, "Actual Total Time": 436.77, "Actual Rows": 459925, "Actual Loops": 1, "Output": ["mi_idx.movie_id"], "Hash Buckets": 131072, "Original Hash Buckets": 131072, "Hash Batches": 8, "Original Hash Batches": 8, "Peak Memory Usage": 3050, "Shared Hit Blocks": 0, "Shared Read Blocks": 7935, "Shared Dirtied Blocks": 0, "Shared Written Blocks": 0, "Local Hit Blocks": 0, "Local Read Blocks": 0, "Local Dirtied Blocks": 0, "Local Written Blocks": 0, "Temp Read Blocks": 0, "Temp Written Blocks": 1175, "I/O Read Time": 40.817, "I/O Write Time": 0.0, "Plans": [{"Node Type": "Seq Scan", "Parent Relationship": "Outer", "Parallel Aware": false, "Relation Name": "movie_info_idx", "Schema": "public", "Alias": "mi_idx", "Startup Cost": 0.0, "Total Cost": 25185.44, "Plan Rows": 462634, "Plan Width": 4, "Actual Startup Time": 0.122, "Actual Total Time": 297.347, "Actual Rows": 459925, "Actual Loops": 1, "Output": ["mi_idx.movie_id"], "Filter": "(mi_idx.info_type_id = 100)", "Rows Removed by Filter": 920110, "Shared Hit Blocks": 0, "Shared Read Blocks": 7935, "Shared Dirtied Blocks": 0, "Shared Written Blocks": 0, "Local Hit Blocks": 0, "Local Read Blocks": 0, "Local Dirtied Blocks": 0, "Local Written Blocks": 0, "Temp Read Blocks": 0, "Temp Written Blocks": 0, "I/O Read Time": 40.817, "I/O Write Time": 0.0}]}]}]}]}]}, "Planning": {"Shared Hit Blocks": 202, "Shared Read Blocks": 39, "Shared Dirtied Blocks": 0, "Shared Written Blocks": 0, "Local Hit Blocks": 0, "Local Read Blocks": 0, "Local Dirtied Blocks": 0, "Local Written Blocks": 0, "Temp Read Blocks": 0, "Temp Written Blocks": 0, "I/O Read Time": 2.916, "I/O Write Time": 0.0}, "Planning Time": 4.563, "Triggers": [], "Execution Time": 2497.238}, "template": "scale", "query": "EXPLAIN (ANALYZE, COSTS, BUFFERS, VERBOSE, FORMAT JSON) SELECT COUNT(*) FROM title t,movie_companies mc,movie_info_idx mi_idx WHERE t.id=mc.movie_id AND t.id=mi_idx.movie_id AND t.kind_id=7 AND mc.company_id<1772 AND mc.company_type_id=2 AND mi_idx.info_type_id=100;"}
{"planinfo": {"Plan": {"Node Type": "Aggregate", "Strategy": "Plain", "Partial Mode": "Simple", "Parallel Aware": false, "Startup Cost": 782813.09, "Total Cost": 782813.1, "Plan Rows": 1, "Plan Width": 8, "Actual Startup Time": 37656.237, "Actual Total Time": 37656.242, "Actual Rows": 1, "Actual Loops": 1, "Output": ["count(*)"], "Shared Hit Blocks": 28594, "Shared Read Blocks": 182062, "Shared Dirtied Blocks": 0, "Shared Written Blocks": 0, "Local Hit Blocks": 0, "Local Read Blocks": 0, "Local Dirtied Blocks": 0, "Local Written Blocks": 0, "Temp Read Blocks": 47673, "Temp Written Blocks": 47673, "I/O Read Time": 476.023, "I/O Write Time": 0.0, "Plans": [{"Node Type": "Hash Join", "Parent Relationship": "Outer", "Parallel Aware": false, "Join Type": "Inner", "Startup Cost": 250706.03, "Total Cost": 769346.06, "Plan Rows": 5386814, "Plan Width": 0, "Actual Startup Time": 4986.006, "Actual Total Time": 28986.379, "Actual Rows": 86419138, "Actual Loops": 1, "Inner Unique": false, "Hash Cond": "(mi.movie_id = t.id)", "Shared Hit Blocks": 28594, "Shared Read Blocks": 182062, "Shared Dirtied Blocks": 0, "Shared Written Blocks": 0, "Local Hit Blocks": 0, "Local Read Blocks": 0, "Local Dirtied Blocks": 0, "Local Written Blocks": 0, "Temp Read Blocks": 47673, "Temp Written Blocks": 47673, "I/O Read Time": 476.023, "I/O Write Time": 0.0, "Plans": [{"Node Type": "Seq Scan", "Parent Relationship": "Outer", "Parallel Aware": false, "Relation Name": "movie_info", "Schema": "public", "Alias": "mi", "Startup Cost": 0.0, "Total Cost": 347223.62, "Plan Rows": 9564872, "Plan Width": 4, "Actual Startup Time": 0.214, "Actual Total Time": 3575.954, "Actual Rows": 9565151, "Actual Loops": 1, "Output": ["mi.movie_id"], "Filter": "(mi.info_type_id < 16)", "Rows Removed by Filter": 5270569, "Shared Hit Blocks": 0, "Shared Read Blocks": 161993, "Shared Dirtied Blocks": 0, "Shared Written Blocks": 0, "Local Hit Blocks": 0, "Local Read Blocks": 0, "Local Dirtied Blocks": 0, "Local Written Blocks": 0, "Temp Read Blocks": 0, "Temp Written Blocks": 0, "I/O Read Time": 279.259, "I/O Write Time": 0.0}, {"Node Type": "Hash", "Parent Relationship": "Inner", "Parallel Aware": false, "Startup Cost": 225951.66, "Total Cost": 225951.66, "Plan Rows": 1424030, "Plan Width": 12, "Actual Startup Time": 4979.487, "Actual Total Time": 4979.49, "Actual Rows": 4073078, "Actual Loops": 1, "Output": ["t.id", "mc.movie_id", "mi_idx.movie_id"], "Hash Buckets": 131072, "Original Hash Buckets": 131072, "Hash Batches": 64, "Original Hash Batches": 32, "Peak Memory Usage": 3748, "Shared Hit Blocks": 28591, "Shared Read Blocks": 20069, "Shared Dirtied Blocks": 0, "Shared Written Blocks": 0, "Local Hit Blocks": 0, "Local Read Blocks": 0, "Local Dirtied Blocks": 0, "Local Written Blocks": 0, "Temp Read Blocks": 0, "Temp Written Blocks": 15631, "I/O Read Time": 196.764, "I/O Write Time": 0.0, "Plans": [{"Node Type": "Merge Join", "Parent Relationship": "Outer", "Parallel Aware": false, "Join Type": "Inner", "Startup Cost": 15.01, "Total Cost": 225951.66, "Plan Rows": 1424030, "Plan Width": 12, "Actual Startup Time": 0.068, "Actual Total Time": 3527.379, "Actual Rows": 4073078, "Actual Loops": 1, "Output": ["t.id", "mc.movie_id", "mi_idx.movie_id"], "Inner Unique": false, "Merge Cond": "(t.id = mc.movie_id)", "Shared Hit Blocks": 28591, "Shared Read Blocks": 20069, "Shared Dirtied Blocks": 0, "Shared Written Blocks": 0, "Local Hit Blocks": 0, "Local Read Blocks": 0, "Local Dirtied Blocks": 0, "Local Written Blocks": 0, "Temp Read Blocks": 0, "Temp Written Blocks": 0, "I/O Read Time": 196.764, "I/O Write Time": 0.0, "Plans": [{"Node Type": "Merge Join", "Parent Relationship": "Outer", "Parallel Aware": false, "Join Type": "Inner", "Startup Cost": 9.94, "Total Cost": 136246.74, "Plan Rows": 1380035, "Plan Width": 8, "Actual Startup Time": 0.047, "Actual Total Time": 1396.354, "Actual Rows": 1380012, "Actual Loops": 1, "Output": ["t.id", "mi_idx.movie_id"], "Inner Unique": false, "Merge Cond": "(t.id = mi_idx.movie_id)", "Shared Hit Blocks": 23446, "Shared Read Blocks": 13472, "Shared Dirtied Blocks": 0, "Shared Written Blocks": 0, "Local Hit Blocks": 0, "Local Read Blocks": 0, "Local Dirtied Blocks": 0, "Local Written Blocks": 0, "Temp Read Blocks": 0, "Temp Written Blocks": 0, "I/O Read Time": 159.97, "I/O Write Time": 0.0, "Plans": [{"Node Type": "Index Only Scan", "Parent Relationship": "Outer", "Parallel Aware": false, "Scan Direction": "Forward", "Index Name": "title_pkey", "Relation Name": "title", "Schema": "public", "Alias": "t", "Startup Cost": 0.43, "Total Cost": 73940.23, "Plan Rows": 2528520, "Plan Width": 4, "Actual Startup Time": 0.019, "Actual Total Time": 543.503, "Actual Rows": 2525757, "Actual Loops": 1, "Output": ["t.id"], "Heap Fetches": 0, "Shared Hit Blocks": 23441, "Shared Read Blocks": 8963, "Shared Dirtied Blocks": 0, "Shared Written Blocks": 0, "Local Hit Blocks": 0, "Local Read Blocks": 0, "Local Dirtied Blocks": 0, "Local Written Blocks": 0, "Temp Read Blocks": 0, "Temp Written Blocks": 0, "I/O Read Time": 135.18, "I/O Write Time": 0.0}, {"Node Type": "Index Only Scan", "Parent Relationship": "Inner", "Parallel Aware": false, "Scan Direction": "Forward", "Index Name": "movie_id_movie_info_idx", "Relation Name": "movie_info_idx", "Schema": "public", "Alias": "mi_idx", "Startup Cost": 0.43, "Total Cost": 38816.95, "Plan Rows": 1380035, "Plan Width": 4, "Actual Startup Time": 0.024, "Actual Total Time": 256.633, "Actual Rows": 1380012, "Actual Loops": 1, "Output": ["mi_idx.movie_id"], "Heap Fetches": 0, "Shared Hit Blocks": 5, "Shared Read Blocks": 4509, "Shared Dirtied Blocks": 0, "Shared Written Blocks": 0, "Local Hit Blocks": 0, "Local Read Blocks": 0, "Local Dirtied Blocks": 0, "Local Written Blocks": 0, "Temp Read Blocks": 0, "Temp Written Blocks": 0, "I/O Read Time": 24.79, "I/O Write Time": 0.0}]}, {"Node Type": "Index Only Scan", "Parent Relationship": "Inner", "Parallel Aware": false, "Scan Direction": "Forward", "Index Name": "movie_id_movie_companies", "Relation Name": "movie_companies", "Schema": "public", "Alias": "mc", "Startup Cost": 0.43, "Total Cost": 65637.36, "Plan Rows": 2609129, "Plan Width": 4, "Actual Startup Time": 0.02, "Actual Total Time": 944.313, "Actual Rows": 5327324, "Actual Loops": 1, "Output": ["mc.movie_id"], "Heap Fetches": 0, "Shared Hit Blocks": 5145, "Shared Read Blocks": 6597, "Shared Dirtied Blocks": 0, "Shared Written Blocks": 0, "Local Hit Blocks": 0, "Local Read Blocks": 0, "Local Dirtied Blocks": 0, "Local Written Blocks": 0, "Temp Read Blocks": 0, "Temp Written Blocks": 0, "I/O Read Time": 36.794, "I/O Write Time": 0.0}]}]}]}]}, "Planning": {"Shared Hit Blocks": 308, "Shared Read Blocks": 52, "Shared Dirtied Blocks": 0, "Shared Written Blocks": 0, "Local Hit Blocks": 0, "Local Read Blocks": 0, "Local Dirtied Blocks": 0, "Local Written Blocks": 0, "Temp Read Blocks": 0, "Temp Written Blocks": 0, "I/O Read Time": 3.812, "I/O Write Time": 0.0}, "Planning Time": 6.434, "Triggers": [], "Execution Time": 37656.556}, "template": "scale", "query": "EXPLAIN (ANALYZE, COSTS, BUFFERS, VERBOSE, FORMAT JSON) SELECT COUNT(*) FROM title t,movie_companies mc,movie_info mi,movie_info_idx mi_idx WHERE t.id=mc.movie_id AND t.id=mi.movie_id AND t.id=mi_idx.movie_id AND mi.info_type_id<16;"}
{"planinfo": {"Plan": {"Node Type": "Aggregate", "Strategy": "Plain", "Partial Mode": "Simple", "Parallel Aware": false, "Startup Cost": 162378.19, "Total Cost": 162378.2, "Plan Rows": 1, "Plan Width": 8, "Actual Startup Time": 3116.858, "Actual Total Time": 3116.861, "Actual Rows": 1, "Actual Loops": 1, "Output": ["count(*)"], "Shared Hit Blocks": 3, "Shared Read Blocks": 54788, "Shared Dirtied Blocks": 0, "Shared Written Blocks": 0, "Local Hit Blocks": 0, "Local Read Blocks": 0, "Local Dirtied Blocks": 0, "Local Written Blocks": 0, "Temp Read Blocks": 9243, "Temp Written Blocks": 9243, "I/O Read Time": 172.149, "I/O Write Time": 0.0, "Plans": [{"Node Type": "Hash Join", "Parent Relationship": "Outer", "Parallel Aware": false, "Join Type": "Inner", "Startup Cost": 85634.84, "Total Cost": 160537.1, "Plan Rows": 736435, "Plan Width": 0, "Actual Startup Time": 866.257, "Actual Total Time": 2957.091, "Actual Rows": 1537006, "Actual Loops": 1, "Inner Unique": true, "Hash Cond": "(mc.movie_id = t.id)", "Shared Hit Blocks": 3, "Shared Read Blocks": 54788, "Shared Dirtied Blocks": 0, "Shared Written Blocks": 0, "Local Hit Blocks": 0, "Local Read Blocks": 0, "Local Dirtied Blocks": 0, "Local Written Blocks": 0, "Temp Read Blocks": 9243, "Temp Written Blocks": 9243, "I/O Read Time": 172.149, "I/O Write Time": 0.0, "Plans": [{"Node Type": "Seq Scan", "Parent Relationship": "Outer", "Parallel Aware": false, "Relation Name": "movie_companies", "Schema": "public", "Alias": "mc", "Startup Cost": 0.0, "Total Cost": 44881.29, "Plan Rows": 2609129, "Plan Width": 4, "Actual Startup Time": 0.121, "Actual Total Time": 600.65, "Actual Rows": 2609129, "Actual Loops": 1, "Output": ["mc.movie_id"], "Shared Hit Blocks": 0, "Shared Read Blocks": 18790, "Shared Dirtied Blocks": 0, "Shared Written Blocks": 0, "Local Hit Blocks": 0, "Local Read Blocks": 0, "Local Dirtied Blocks": 0, "Local Written Blocks": 0, "Temp Read Blocks": 0, "Temp Written Blocks": 0, "I/O Read Time": 107.331, "I/O Write Time": 0.0}, {"Node Type": "Hash", "Parent Relationship": "Inner", "Parallel Aware": false, "Startup Cost": 73925.8, "Total Cost": 73925.8, "Plan Rows": 713683, "Plan Width": 4, "Actual Startup Time": 865.029, "Actual Total Time": 865.03, "Actual Rows": 749931, "Actual Loops": 1, "Output": ["t.id"], "Hash Buckets": 131072, "Original Hash Buckets": 131072, "Hash Batches": 16, "Original Hash Batches": 16, "Peak Memory Usage": 2673, "Shared Hit Blocks": 0, "Shared Read Blocks": 35998, "Shared Dirtied Blocks": 0, "Shared Written Blocks": 0, "Local Hit Blocks": 0, "Local Read Blocks": 0, "Local Dirtied Blocks": 0, "Local Written Blocks": 0, "Temp Read Blocks": 0, "Temp Written Blocks": 2052, "I/O Read Time": 64.818, "I/O Write Time": 0.0, "Plans": [{"Node Type": "Seq Scan", "Parent Relationship": "Outer", "Parallel Aware": false, "Relation Name": "title", "Schema": "public", "Alias": "t", "Startup Cost": 0.0, "Total Cost": 73925.8, "Plan Rows": 713683, "Plan Width": 4, "Actual Startup Time": 0.138, "Actual Total Time": 623.981, "Actual Rows": 749931, "Actual Loops": 1, "Output": ["t.id"], "Filter": "((t.kind_id < 7) AND (t.production_year < 2009))", "Rows Removed by Filter": 1778381, "Shared Hit Blocks": 0, "Shared Read Blocks": 35998, "Shared Dirtied Blocks": 0, "Shared Written Blocks": 0, "Local Hit Blocks": 0, "Local Read Blocks": 0, "Local Dirtied Blocks": 0, "Local Written Blocks": 0, "Temp Read Blocks": 0, "Temp Written Blocks": 0, "I/O Read Time": 64.818, "I/O Write Time": 0.0}]}]}]}, "Planning": {"Shared Hit Blocks": 115, "Shared Read Blocks": 28, "Shared Dirtied Blocks": 0, "Shared Written Blocks": 0, "Local Hit Blocks": 0, "Local Read Blocks": 0, "Local Dirtied Blocks": 0, "Local Written Blocks": 0, "Temp Read Blocks": 0, "Temp Written Blocks": 0, "I/O Read Time": 1.994, "I/O Write Time": 0.0}, "Planning Time": 2.939, "Triggers": [], "Execution Time": 3117.024}, "template": "scale", "query": "EXPLAIN (ANALYZE, COSTS, BUFFERS, VERBOSE, FORMAT JSON) SELECT COUNT(*) FROM title t,movie_companies mc WHERE t.id=mc.movie_id AND t.kind_id<7 AND t.production_year<2009;"}
{"planinfo": {"Plan": {"Node Type": "Aggregate", "Strategy": "Plain", "Partial Mode": "Simple", "Parallel Aware": false, "Startup Cost": 3575212.2, "Total Cost": 3575212.21, "Plan Rows": 1, "Plan Width": 8, "Actual Startup Time": 73282.873, "Actual Total Time": 73282.875, "Actual Rows": 1, "Actual Loops": 1, "Output": ["count(*)"], "Shared Hit Blocks": 17724404, "Shared Read Blocks": 119056, "Shared Dirtied Blocks": 0, "Shared Written Blocks": 0, "Local Hit Blocks": 0, "Local Read Blocks": 0, "Local Dirtied Blocks": 0, "Local Written Blocks": 0, "Temp Read Blocks": 0, "Temp Written Blocks": 0, "I/O Read Time": 3532.955, "I/O Write Time": 0.0, "Plans": [{"Node Type": "Merge Join", "Parent Relationship": "Outer", "Parallel Aware": false, "Join Type": "Inner", "Startup Cost": 158.73, "Total Cost": 3254848.57, "Plan Rows": 128145449, "Plan Width": 0, "Actual Startup Time": 0.705, "Actual Total Time": 63563.095, "Actual Rows": 90419130, "Actual Loops": 1, "Inner Unique": false, "Merge Cond": "(t.id = ci.movie_id)", "Shared Hit Blocks": 17724404, "Shared Read Blocks": 119056, "Shared Dirtied Blocks": 0, "Shared Written Blocks": 0, "Local Hit Blocks": 0, "Local Read Blocks": 0, "Local Dirtied Blocks": 0, "Local Written Blocks": 0, "Temp Read Blocks": 0, "Temp Written Blocks": 0, "I/O Read Time": 3532.955, "I/O Write Time": 0.0, "Plans": [{"Node Type": "Merge Join", "Parent Relationship": "Outer", "Parallel Aware": false, "Join Type": "Inner", "Startup Cost": 23.16, "Total Cost": 572672.81, "Plan Rows": 8927622, "Plan Width": 8, "Actual Startup Time": 0.444, "Actual Total Time": 9799.04, "Actual Rows": 3963321, "Actual Loops": 1, "Output": ["t.id", "mi.movie_id"], "Inner Unique": false, "Merge Cond": "(t.id = mi.movie_id)", "Shared Hit Blocks": 6938958, "Shared Read Blocks": 70768, "Shared Dirtied Blocks": 0, "Shared Written Blocks": 0, "Local Hit Blocks": 0, "Local Read Blocks": 0, "Local Dirtied Blocks": 0, "Local Written Blocks": 0, "Temp Read Blocks": 0, "Temp Written Blocks": 0, "I/O Read Time": 1280.296, "I/O Write Time": 0.0, "Plans": [{"Node Type": "Index Scan", "Parent Relationship": "Outer", "Parallel Aware": false, "Scan Direction": "Forward", "Index Name": "title_pkey", "Relation Name": "title", "Schema": "public", "Alias": "t", "Startup Cost": 0.43, "Total Cost": 116669.84, "Plan Rows": 1523349, "Plan Width": 4, "Actual Startup Time": 0.296, "Actual Total Time": 3500.547, "Actual Rows": 1542290, "Actual Loops": 1, "Output": ["t.id", "t.title", "t.imdb_index", "t.kind_id", "t.production_year", "t.imdb_id", "t.phonetic_code", "t.episode_of_id", "t.season_nr", "t.episode_nr", "t.series_years", "t.md5sum"], "Filter": "(t.kind_id = 7)", "Rows Removed by Filter": 984121, "Shared Hit Blocks": 2488455, "Shared Read Blocks": 44936, "Shared Dirtied Blocks": 0, "Shared Written Blocks": 0, "Local Hit Blocks": 0, "Local Read Blocks": 0, "Local Dirtied Blocks": 0, "Local Written Blocks": 0, "Temp Read Blocks": 0, "Temp Written Blocks": 0, "I/O Read Time": 1111.449, "I/O Write Time": 0.0}, {"Node Type": "Index Only Scan", "Parent Relationship": "Inner", "Parallel Aware": false, "Scan Direction": "Forward", "Index Name": "movie_id_movie_info", "Relation Name": "movie_info", "Schema": "public", "Alias": "mi", "Startup Cost": 0.43, "Total Cost": 325993.18, "Plan Rows": 14818450, "Plan Width": 4, "Actual Startup Time": 0.026, "Actual Total Time": 3891.449, "Actual Rows": 14835704, "Actual Loops": 1, "Output": ["mi.movie_id"], "Heap Fetches": 0, "Shared Hit Blocks": 4450503, "Shared Read Blocks": 25832, "Shared Dirtied Blocks": 0, "Shared Written Blocks": 0, "Local Hit Blocks": 0, "Local Read Blocks": 0, "Local Dirtied Blocks": 0, "Local Written Blocks": 0, "Temp Read Blocks": 0, "Temp Written Blocks": 0, "I/O Read Time": 168.847, "I/O Write Time": 0.0}]}, {"Node Type": "Materialize", "Parent Relationship": "Inner", "Parallel Aware": false, "Startup Cost": 0.44, "Total Cost": 828979.9, "Plan Rows": 36293912, "Plan Width": 4, "Actual Startup Time": 0.038, "Actual Total Time": 28865.26, "Actual Rows": 105528448, "Actual Loops": 1, "Output": ["ci.movie_id"], "Shared Hit Blocks": 10785446, "Shared Read Blocks": 48288, "Shared Dirtied Blocks": 0, "Shared Written Blocks": 0, "Local Hit Blocks": 0, "Local Read Blocks": 0, "Local Dirtied Blocks": 0, "Local Written Blocks": 0, "Temp Read Blocks": 0, "Temp Written Blocks": 0, "I/O Read Time": 2252.66, "I/O Write Time": 0.0, "Plans": [{"Node Type": "Index Only Scan", "Parent Relationship": "Outer", "Parallel Aware": false, "Scan Direction": "Forward", "Index Name": "movie_id_cast_info", "Relation Name": "cast_info", "Schema": "public", "Alias": "ci", "Startup Cost": 0.44, "Total Cost": 738245.12, "Plan Rows": 36293912, "Plan Width": 4, "Actual Startup Time": 0.032, "Actual Total Time": 11803.562, "Actual Rows": 36244344, "Actual Loops": 1, "Output": ["ci.movie_id"], "Heap Fetches": 0, "Shared Hit Blocks": 10785446, "Shared Read Blocks": 48288, "Shared Dirtied Blocks": 0, "Shared Written Blocks": 0, "Local Hit Blocks": 0, "Local Read Blocks": 0, "Local Dirtied Blocks": 0, "Local Written Blocks": 0, "Temp Read Blocks": 0, "Temp Written Blocks": 0, "I/O Read Time": 2252.66, "I/O Write Time": 0.0}]}]}]}, "Planning": {"Shared Hit Blocks": 201, "Shared Read Blocks": 43, "Shared Dirtied Blocks": 0, "Shared Written Blocks": 0, "Local Hit Blocks": 0, "Local Read Blocks": 0, "Local Dirtied Blocks": 0, "Local Written Blocks": 0, "Temp Read Blocks": 0, "Temp Written Blocks": 0, "I/O Read Time": 3.431, "I/O Write Time": 0.0}, "Planning Time": 5.338, "Triggers": [], "Execution Time": 73283.028}, "template": "scale", "query": "EXPLAIN (ANALYZE, COSTS, BUFFERS, VERBOSE, FORMAT JSON) SELECT COUNT(*) FROM title t,cast_info ci,movie_info mi WHERE t.id=ci.movie_id AND t.id=mi.movie_id AND t.kind_id=7;"}
{"planinfo": {"Plan": {"Node Type": "Aggregate", "Strategy": "Plain", "Partial Mode": "Simple", "Parallel Aware": false, "Startup Cost": 691782.4, "Total Cost": 691782.41, "Plan Rows": 1, "Plan Width": 8, "Actual Startup Time": 17143.337, "Actual Total Time": 17143.344, "Actual Rows": 1, "Actual Loops": 1, "Output": ["count(*)"], "Shared Hit Blocks": 3, "Shared Read Blocks": 224716, "Shared Dirtied Blocks": 0, "Shared Written Blocks": 0, "Local Hit Blocks": 0, "Local Read Blocks": 0, "Local Dirtied Blocks": 0, "Local Written Blocks": 0, "Temp Read Blocks": 42422, "Temp Written Blocks": 42422, "I/O Read Time": 490.248, "I/O Write Time": 0.0, "Plans": [{"Node Type": "Hash Join", "Parent Relationship": "Outer", "Parallel Aware": false, "Join Type": "Inner", "Startup Cost": 248251.05, "Total Cost": 686927.82, "Plan Rows": 1941833, "Plan Width": 0, "Actual Startup Time": 5667.528, "Actual Total Time": 15205.922, "Actual Rows": 19521101, "Actual Loops": 1, "Inner Unique": false, "Hash Cond": "(mi.movie_id = t.id)", "Shared Hit Blocks": 3, "Shared Read Blocks": 224716, "Shared Dirtied Blocks": 0, "Shared Written Blocks": 0, "Local Hit Blocks": 0, "Local Read Blocks": 0, "Local Dirtied Blocks": 0, "Local Written Blocks": 0, "Temp Read Blocks": 42422, "Temp Written Blocks": 42422, "I/O Read Time": 490.248, "I/O Write Time": 0.0, "Plans": [{"Node Type": "Seq Scan", "Parent Relationship": "Outer", "Parallel Aware": false, "Relation Name": "movie_info", "Schema": "public", "Alias": "mi", "Startup Cost": 0.0, "Total Cost": 347223.62, "Plan Rows": 5877020, "Plan Width": 4, "Actual Startup Time": 0.21, "Actual Total Time": 3142.469, "Actual Rows": 5884963, "Actual Loops": 1, "Output": ["mi.movie_id"], "Filter": "(mi.info_type_id < 7)", "Rows Removed by Filter": 8950757, "Shared Hit Blocks": 0, "Shared Read Blocks": 161993, "Shared Dirtied Blocks": 0, "Shared Written Blocks": 0, "Local Hit Blocks": 0, "Local Read Blocks": 0, "Local Dirtied Blocks": 0, "Local Written Blocks": 0, "Temp Read Blocks": 0, "Temp Written Blocks": 0, "I/O Read Time": 286.906, "I/O Write Time": 0.0}, {"Node Type": "Hash", "Parent Relationship": "Inner", "Parallel Aware": false, "Startup Cost": 233727.91, "Total Cost": 233727.91, "Plan Rows": 835451, "Plan Width": 12, "Actual Startup Time": 5661.831, "Actual Total Time": 5661.836, "Actual Rows": 2113401, "Actual Loops": 1, "Output": ["t.id", "mc.movie_id", "mi_idx.movie_id"], "Hash Buckets": 131072, "Original Hash Buckets": 131072, "Hash Batches": 32, "Original Hash Batches": 16, "Peak Memory Usage": 3819, "Shared Hit Blocks": 0, "Shared Read Blocks": 62723, "Shared Dirtied Blocks": 0, "Shared Written Blocks": 0, "Local Hit Blocks": 0, "Local Read Blocks": 0, "Local Dirtied Blocks": 0, "Local Written Blocks": 0, "Temp Read Blocks": 17682, "Temp Written Blocks": 25667, "I/O Read Time": 203.342, "I/O Write Time": 0.0, "Plans": [{"Node Type": "Hash Join", "Parent Relationship": "Outer", "Parallel Aware": false, "Join Type": "Inner", "Startup Cost": 147160.88, "Total Cost": 233727.91, "Plan Rows": 835451, "Plan Width": 12, "Actual Startup Time": 2589.401, "Actual Total Time": 4938.37, "Actual Rows": 2113401, "Actual Loops": 1, "Output": ["t.id", "mc.movie_id", "mi_idx.movie_id"], "Inner Unique": false, "Hash Cond": "(mc.movie_id = t.id)", "Shared Hit Blocks": 0, "Shared Read Blocks": 62723, "Shared Dirtied Blocks": 0, "Shared Written Blocks": 0, "Local Hit Blocks": 0, "Local Read Blocks": 0, "Local Dirtied Blocks": 0, "Local Written Blocks": 0, "Temp Read Blocks": 17682, "Temp Written Blocks": 17682, "I/O Read Time": 203.342, "I/O Write Time": 0.0, "Plans": [{"Node Type": "Seq Scan", "Parent Relationship": "Outer", "Parallel Aware": false, "Relation Name": "movie_companies", "Schema": "public", "Alias": "mc", "Startup Cost": 0.0, "Total Cost": 44881.29, "Plan Rows": 2609129, "Plan Width": 4, "Actual Startup Time": 0.12, "Actual Total Time": 600.861, "Actual Rows": 2609129, "Actual Loops": 1, "Output": ["mc.movie_id"], "Shared Hit Blocks": 0, "Shared Read Blocks": 18790, "Shared Dirtied Blocks": 0, "Shared Written Blocks": 0, "Local Hit Blocks": 0, "Local Read Blocks": 0, "Local Dirtied Blocks": 0, "Local Written Blocks": 0, "Temp Read Blocks": 0, "Temp Written Blocks": 0, "I/O Read Time": 103.589, "I/O Write Time": 0.0}, {"Node Type": "Hash", "Parent Relationship": "Inner", "Parallel Aware": false, "Startup Cost": 133877.38, "Total Cost": 133877.38, "Plan Rows": 809640, "Plan Width": 8, "Actual Startup Time": 2588.604, "Actual Total Time": 2588.607, "Actual Rows": 729984, "Actual Loops": 1, "Output": ["t.id", "mi_idx.movie_id"], "Hash Buckets": 131072, "Original Hash Buckets": 131072, "Hash Batches": 16, "Original Hash Batches": 16, "Peak Memory Usage": 2801, "Shared Hit Blocks": 0, "Shared Read Blocks": 43933, "Shared Dirtied Blocks": 0, "Shared Written Blocks": 0, "Local Hit Blocks": 0, "Local Read Blocks": 0, "Local Dirtied Blocks": 0, "Local Written Blocks": 0, "Temp Read Blocks": 8158, "Temp Written Blocks": 10491, "I/O Read Time": 99.753, "I/O Write Time": 0.0, "Plans": [{"Node Type": "Hash Join", "Parent Relationship": "Outer", "Parallel Aware": false, "Join Type": "Inner", "Startup Cost": 91942.43, "Total Cost": 133877.38, "Plan Rows": 809640, "Plan Width": 8, "Actual Startup Time": 1112.771, "Actual Total Time": 2362.017, "Actual Rows": 729984, "Actual Loops": 1, "Output": ["t.id", "mi_idx.movie_id"], "Inner Unique": true, "Hash Cond": "(mi_idx.movie_id = t.id)", "Shared Hit Blocks": 0, "Shared Read Blocks": 43933, "Shared Dirtied Blocks": 0, "Shared Written Blocks": 0, "Local Hit Blocks": 0, "Local Read Blocks": 0, "Local Dirtied Blocks": 0, "Local Written Blocks": 0, "Temp Read Blocks": 8158, "Temp Written Blocks": 8158, "I/O Read Time": 99.753, "I/O Write Time": 0.0, "Plans": [{"Node Type": "Seq Scan", "Parent Relationship": "Outer", "Parallel Aware": false, "Relation Name": "movie_info_idx", "Schema": "public", "Alias": "mi_idx", "Startup Cost": 0.0, "Total Cost": 21735.35, "Plan Rows": 1380035, "Plan Width": 4, "Actual Startup Time": 0.128, "Actual Total Time": 301.598, "Actual Rows": 1380035, "Actual Loops": 1, "Output": ["mi_idx.movie_id"], "Shared Hit Blocks": 0, "Shared Read Blocks": 7935, "Shared Dirtied Blocks": 0, "Shared Written Blocks": 0, "Local Hit Blocks": 0, "Local Read Blocks": 0, "Local Dirtied Blocks": 0, "Local Written Blocks": 0, "Temp Read Blocks": 0, "Temp Written Blocks": 0, "I/O Read Time": 41.12, "I/O Write Time": 0.0}, {"Node Type": "Hash", "Parent Relationship": "Inner", "Parallel Aware": false, "Startup Cost": 67604.5, "Total Cost": 67604.5, "Plan Rows": 1483434, "Plan Width": 4, "Actual Startup Time": 1112.057, "Actual Total Time": 1112.058, "Actual Rows": 1485030, "Actual Loops": 1, "Output": ["t.id"], "Hash Buckets": 131072, "Original Hash Buckets": 131072, "Hash Batches": 32, "Original Hash Batches": 32, "Peak Memory Usage": 2655, "Shared Hit Blocks": 0, "Shared Read Blocks": 35998, "Shared Dirtied Blocks": 0, "Shared Written Blocks": 0, "Local Hit Blocks": 0, "Local Read Blocks": 0, "Local Dirtied Blocks": 0, "Local Written Blocks": 0, "Temp Read Blocks": 0, "Temp Written Blocks": 4196, "I/O Read Time": 58.633, "I/O Write Time": 0.0, "Plans": [{"Node Type": "Seq Scan", "Parent Relationship": "Outer", "Parallel Aware": false, "Relation Name": "title", "Schema": "public", "Alias": "t", "Startup Cost": 0.0, "Total Cost": 67604.5, "Plan Rows": 1483434, "Plan Width": 4, "Actual Startup Time": 0.127, "Actual Total Time": 651.168, "Actual Rows": 1485030, "Actual Loops": 1, "Output": ["t.id"], "Filter": "(t.production_year > 1998)", "Rows Removed by Filter": 1043282, "Shared Hit Blocks": 0, "Shared Read Blocks": 35998, "Shared Dirtied Blocks": 0, "Shared Written Blocks": 0, "Local Hit Blocks": 0, "Local Read Blocks": 0, "Local Dirtied Blocks": 0, "Local Written Blocks": 0, "Temp Read Blocks": 0, "Temp Written Blocks": 0, "I/O Read Time": 58.633, "I/O Write Time": 0.0}]}]}]}]}]}]}]}, "Planning": {"Shared Hit Blocks": 311, "Shared Read Blocks": 52, "Shared Dirtied Blocks": 0, "Shared Written Blocks": 0, "Local Hit Blocks": 0, "Local Read Blocks": 0, "Local Dirtied Blocks": 0, "Local Written Blocks": 0, "Temp Read Blocks": 0, "Temp Written Blocks": 0, "I/O Read Time": 3.818, "I/O Write Time": 0.0}, "Planning Time": 6.443, "Triggers": [], "Execution Time": 17144.084}, "template": "scale", "query": "EXPLAIN (ANALYZE, COSTS, BUFFERS, VERBOSE, FORMAT JSON) SELECT COUNT(*) FROM title t,movie_companies mc,movie_info mi,movie_info_idx mi_idx WHERE t.id=mc.movie_id AND t.id=mi.movie_id AND t.id=mi_idx.movie_id AND t.production_year>1998 AND mi.info_type_id<7;"}
{"planinfo": {"Plan": {"Node Type": "Aggregate", "Strategy": "Plain", "Partial Mode": "Simple", "Parallel Aware": false, "Startup Cost": 477968.5, "Total Cost": 477968.51, "Plan Rows": 1, "Plan Width": 8, "Actual Startup Time": 5399.634, "Actual Total Time": 5399.637, "Actual Rows": 1, "Actual Loops": 1, "Output": ["count(*)"], "Shared Hit Blocks": 3, "Shared Read Blocks": 197991, "Shared Dirtied Blocks": 0, "Shared Written Blocks": 0, "Local Hit Blocks": 0, "Local Read Blocks": 0, "Local Dirtied Blocks": 0, "Local Written Blocks": 0, "Temp Read Blocks": 11178, "Temp Written Blocks": 11178, "I/O Read Time": 342.532, "I/O Write Time": 0.0, "Plans": [{"Node Type": "Hash Join", "Parent Relationship": "Outer", "Parallel Aware": false, "Join Type": "Inner", "Startup Cost": 102767.7, "Total Cost": 474471.35, "Plan Rows": 1398862, "Plan Width": 0, "Actual Startup Time": 3471.459, "Actual Total Time": 5265.074, "Actual Rows": 1325361, "Actual Loops": 1, "Inner Unique": true, "Hash Cond": "(mi.movie_id = t.id)", "Shared Hit Blocks": 3, "Shared Read Blocks": 197991, "Shared Dirtied Blocks": 0, "Shared Written Blocks": 0, "Local Hit Blocks": 0, "Local Read Blocks": 0, "Local Dirtied Blocks": 0, "Local Written Blocks": 0, "Temp Read Blocks": 11178, "Temp Written Blocks": 11178, "I/O Read Time": 342.532, "I/O Write Time": 0.0, "Plans": [{"Node Type": "Seq Scan", "Parent Relationship": "Outer", "Parallel Aware": false, "Relation Name": "movie_info", "Schema": "public", "Alias": "mi", "Startup Cost": 0.0, "Total Cost": 347223.62, "Plan Rows": 1398862, "Plan Width": 4, "Actual Startup Time": 2167.816, "Actual Total Time": 2777.056, "Actual Rows": 1325361, "Actual Loops": 1, "Output": ["mi.movie_id"], "Filter": "(mi.info_type_id = 8)", "Rows Removed by Filter": 13510359, "Shared Hit Blocks": 0, "Shared Read Blocks": 161993, "Shared Dirtied Blocks": 0, "Shared Written Blocks": 0, "Local Hit Blocks": 0, "Local Read Blocks": 0, "Local Dirtied Blocks": 0, "Local Written Blocks": 0, "Temp Read Blocks": 0, "Temp Written Blocks": 0, "I/O Read Time": 283.44, "I/O Write Time": 0.0}, {"Node Type": "Hash", "Parent Relationship": "Inner", "Parallel Aware": false, "Startup Cost": 61283.2, "Total Cost": 61283.2, "Plan Rows": 2528520, "Plan Width": 4, "Actual Startup Time": 1301.938, "Actual Total Time": 1301.939, "Actual Rows": 2528312, "Actual Loops": 1, "Output": ["t.id"], "Hash Buckets": 131072, "Original Hash Buckets": 131072, "Hash Batches": 64, "Original Hash Batches": 64, "Peak Memory Usage": 2415, "Shared Hit Blocks": 0, "Shared Read Blocks": 35998, "Shared Dirtied Blocks": 0, "Shared Written Blocks": 0, "Local Hit Blocks": 0, "Local Read Blocks": 0, "Local Dirtied Blocks": 0, "Local Written Blocks": 0, "Temp Read Blocks": 0, "Temp Written Blocks": 7262, "I/O Read Time": 59.092, "I/O Write Time": 0.0, "Plans": [{"Node Type": "Seq Scan", "Parent Relationship": "Outer", "Parallel Aware": false, "Relation Name": "title", "Schema": "public", "Alias": "t", "Startup Cost": 0.0, "Total Cost": 61283.2, "Plan Rows": 2528520, "Plan Width": 4, "Actual Startup Time": 2.123, "Actual Total Time": 551.562, "Actual Rows": 2528312, "Actual Loops": 1, "Output": ["t.id"], "Shared Hit Blocks": 0, "Shared Read Blocks": 35998, "Shared Dirtied Blocks": 0, "Shared Written Blocks": 0, "Local Hit Blocks": 0, "Local Read Blocks": 0, "Local Dirtied Blocks": 0, "Local Written Blocks": 0, "Temp Read Blocks": 0, "Temp Written Blocks": 0, "I/O Read Time": 59.092, "I/O Write Time": 0.0}]}]}]}, "Planning": {"Shared Hit Blocks": 99, "Shared Read Blocks": 29, "Shared Dirtied Blocks": 0, "Shared Written Blocks": 0, "Local Hit Blocks": 0, "Local Read Blocks": 0, "Local Dirtied Blocks": 0, "Local Written Blocks": 0, "Temp Read Blocks": 0, "Temp Written Blocks": 0, "I/O Read Time": 2.035, "I/O Write Time": 0.0}, "Planning Time": 2.96, "Triggers": [], "Execution Time": 5399.792}, "template": "scale", "query": "EXPLAIN (ANALYZE, COSTS, BUFFERS, VERBOSE, FORMAT JSON) SELECT COUNT(*) FROM title t,movie_info mi WHERE t.id=mi.movie_id AND mi.info_type_id=8;"}
{"planinfo": {"Plan": {"Node Type": "Aggregate", "Strategy": "Plain", "Partial Mode": "Simple", "Parallel Aware": false, "Startup Cost": 837913.73, "Total Cost": 837913.74, "Plan Rows": 1, "Plan Width": 8, "Actual Startup Time": 245841.73, "Actual Total Time": 245841.739, "Actual Rows": 1, "Actual Loops": 1, "Output": ["count(*)"], "Shared Hit Blocks": 23449, "Shared Read Blocks": 208580, "Shared Dirtied Blocks": 0, "Shared Written Blocks": 0, "Local Hit Blocks": 0, "Local Read Blocks": 0, "Local Dirtied Blocks": 0, "Local Written Blocks": 0, "Temp Read Blocks": 82483, "Temp Written Blocks": 82483, "I/O Read Time": 667.114, "I/O Write Time": 0.0, "Plans": [{"Node Type": "Hash Join", "Parent Relationship": "Outer", "Parallel Aware": false, "Join Type": "Inner", "Startup Cost": 341401.14, "Total Cost": 834300.84, "Plan Rows": 1445158, "Plan Width": 0, "Actual Startup Time": 10802.242, "Actual Total Time": 164226.158, "Actual Rows": 817994676, "Actual Loops": 1, "Inner Unique": false, "Hash Cond": "(mi.movie_id = t.id)", "Shared Hit Blocks": 23449, "Shared Read Blocks": 208580, "Shared Dirtied Blocks": 0, "Shared Written Blocks": 0, "Local Hit Blocks": 0, "Local Read Blocks": 0, "Local Dirtied Blocks": 0, "Local Written Blocks": 0, "Temp Read Blocks": 82483, "Temp Written Blocks": 82483, "I/O Read Time": 667.114, "I/O Write Time": 0.0, "Plans": [{"Node Type": "Seq Scan", "Parent Relationship": "Outer", "Parallel Aware": false, "Relation Name": "movie_info", "Schema": "public", "Alias": "mi", "Startup Cost": 0.0, "Total Cost": 347223.62, "Plan Rows": 11211323, "Plan Width": 4, "Actual Startup Time": 0.214, "Actual Total Time": 3699.24, "Actual Rows": 11210743, "Actual Loops": 1, "Output": ["mi.movie_id"], "Filter": "(mi.info_type_id > 3)", "Rows Removed by Filter": 3624977, "Shared Hit Blocks": 0, "Shared Read Blocks": 161993, "Shared Dirtied Blocks": 0, "Shared Written Blocks": 0, "Local Hit Blocks": 0, "Local Read Blocks": 0, "Local Dirtied Blocks": 0, "Local Written Blocks": 0, "Temp Read Blocks": 0, "Temp Written Blocks": 0, "I/O Read Time": 346.57, "I/O Write Time": 0.0}, {"Node Type": "Hash", "Parent Relationship": "Inner", "Parallel Aware": false, "Startup Cost": 335735.0, "Total Cost": 335735.0, "Plan Rows": 325931, "Plan Width": 16, "Actual Startup Time": 10796.619, "Actual Total Time": 10796.626, "Actual Rows": 8344784, "Actual Loops": 1, "Output": ["t.id", "mc.movie_id", "mi_idx.movie_id", "mk.movie_id"], "Hash Buckets": 131072, "Original Hash Buckets": 131072, "Hash Batches": 16, "Original Hash Batches": 8, "Peak Memory Usage": 26966, "Shared Hit Blocks": 23446, "Shared Read Blocks": 46587, "Shared Dirtied Blocks": 0, "Shared Written Blocks": 0, "Local Hit Blocks": 0, "Local Read Blocks": 0, "Local Dirtied Blocks": 0, "Local Written Blocks": 0, "Temp Read Blocks": 17428, "Temp Written Blocks": 51659, "I/O Read Time": 320.545, "I/O Write Time": 0.0, "Plans": [{"Node Type": "Hash Join", "Parent Relationship": "Outer", "Parallel Aware": false, "Join Type": "Inner", "Startup Cost": 223921.88, "Total Cost": 335735.0, "Plan Rows": 325931, "Plan Width": 16, "Actual Startup Time": 3681.043, "Actual Total Time": 7873.406, "Actual Rows": 8344784, "Actual Loops": 1, "Output": ["t.id", "mc.movie_id", "mi_idx.movie_id", "mk.movie_id"], "Inner Unique": false, "Hash Cond": "(mk.movie_id = t.id)", "Shared Hit Blocks": 23446, "Shared Read Blocks": 46587, "Shared Dirtied Blocks": 0, "Shared Written Blocks": 0, "Local Hit Blocks": 0, "Local Read Blocks": 0, "Local Dirtied Blocks": 0, "Local Written Blocks": 0, "Temp Read Blocks": 17428, "Temp Written Blocks": 17428, "I/O Read Time": 320.545, "I/O Write Time": 0.0, "Plans": [{"Node Type": "Seq Scan", "Parent Relationship": "Outer", "Parallel Aware": false, "Relation Name": "movie_keyword", "Schema": "public", "Alias": "mk", "Startup Cost": 0.0, "Total Cost": 81003.12, "Plan Rows": 2226317, "Plan Width": 4, "Actual Startup Time": 2.392, "Actual Total Time": 1015.099, "Actual Rows": 2214006, "Actual Loops": 1, "Output": ["mk.movie_id"], "Filter": "(mk.keyword_id > 4962)", "Rows Removed by Filter": 2309924, "Shared Hit Blocks": 0, "Shared Read Blocks": 24454, "Shared Dirtied Blocks": 0, "Shared Written Blocks": 0, "Local Hit Blocks": 0, "Local Read Blocks": 0, "Local Dirtied Blocks": 0, "Local Written Blocks": 0, "Temp Read Blocks": 0, "Temp Written Blocks": 0, "I/O Read Time": 122.514, "I/O Write Time": 0.0}, {"Node Type": "Hash", "Parent Relationship": "Inner", "Parallel Aware": false, "Startup Cost": 217486.72, "Total Cost": 217486.72, "Plan Rows": 370173, "Plan Width": 12, "Actual Startup Time": 3677.743, "Actual Total Time": 3677.748, "Actual Rows": 1203396, "Actual Loops": 1, "Output": ["t.id", "mc.movie_id", "mi_idx.movie_id"], "Hash Buckets": 131072, "Original Hash Buckets": 131072, "Hash Batches": 16, "Original Hash Batches": 8, "Peak Memory Usage": 4251, "Shared Hit Blocks": 23446, "Shared Read Blocks": 22133, "Shared Dirtied Blocks": 0, "Shared Written Blocks": 0, "Local Hit Blocks": 0, "Local Read Blocks": 0, "Local Dirtied Blocks": 0, "Local Written Blocks": 0, "Temp Read Blocks": 6931, "Temp Written Blocks": 11331, "I/O Read Time": 198.031, "I/O Write Time": 0.0, "Plans": [{"Node Type": "Hash Join", "Parent Relationship": "Outer", "Parallel Aware": false, "Join Type": "Inner", "Startup Cost": 52040.88, "Total Cost": 217486.72, "Plan Rows": 370173, "Plan Width": 12, "Actual Startup Time": 836.793, "Actual Total Time": 3282.891, "Actual Rows": 1203396, "Actual Loops": 1, "Output": ["t.id", "mc.movie_id", "mi_idx.movie_id"], "Inner Unique": false, "Hash Cond": "(t.id = mc.movie_id)", "Shared Hit Blocks": 23446, "Shared Read Blocks": 22133, "Shared Dirtied Blocks": 0, "Shared Written Blocks": 0, "Local Hit Blocks": 0, "Local Read Blocks": 0, "Local Dirtied Blocks": 0, "Local Written Blocks": 0, "Temp Read Blocks": 6931, "Temp Written Blocks": 6931, "I/O Read Time": 198.031, "I/O Write Time": 0.0, "Plans": [{"Node Type": "Merge Join", "Parent Relationship": "Outer", "Parallel Aware": false, "Join Type": "Inner", "Startup Cost": 9.94, "Total Cost": 136246.74, "Plan Rows": 1380035, "Plan Width": 8, "Actual Startup Time": 0.049, "Actual Total Time": 1373.113, "Actual Rows": 1380035, "Actual Loops": 1, "Output": ["t.id", "mi_idx.movie_id"], "Inner Unique": false, "Merge Cond": "(t.id = mi_idx.movie_id)", "Shared Hit Blocks": 23446, "Shared Read Blocks": 13472, "Shared Dirtied Blocks": 0, "Shared Written Blocks": 0, "Local Hit Blocks": 0, "Local Read Blocks": 0, "Local Dirtied Blocks": 0, "Local Written Blocks": 0, "Temp Read Blocks": 0, "Temp Written Blocks": 0, "I/O Read Time": 152.007, "I/O Write Time": 0.0, "Plans": [{"Node Type": "Index Only Scan", "Parent Relationship": "Outer", "Parallel Aware": false, "Scan Direction": "Forward", "Index Name": "title_pkey", "Relation Name": "title", "Schema": "public", "Alias": "t", "Startup Cost": 0.43, "Total Cost": 73940.23, "Plan Rows": 2528520, "Plan Width": 4, "Actual Startup Time": 0.022, "Actual Total Time": 531.61, "Actual Rows": 2525794, "Actual Loops": 1, "Output": ["t.id"], "Heap Fetches": 0, "Shared Hit Blocks": 23441, "Shared Read Blocks": 8963, "Shared Dirtied Blocks": 0, "Shared Written Blocks": 0, "Local Hit Blocks": 0, "Local Read Blocks": 0, "Local Dirtied Blocks": 0, "Local Written Blocks": 0, "Temp Read Blocks": 0, "Temp Written Blocks": 0, "I/O Read Time": 127.742, "I/O Write Time": 0.0}, {"Node Type": "Index Only Scan", "Parent Relationship": "Inner", "Parallel Aware": false, "Scan Direction": "Forward", "Index Name": "movie_id_movie_info_idx", "Relation Name": "movie_info_idx", "Schema": "public", "Alias": "mi_idx", "Startup Cost": 0.43, "Total Cost": 38816.95, "Plan Rows": 1380035, "Plan Width": 4, "Actual Startup Time": 0.023, "Actual Total Time": 257.808, "Actual Rows": 1380035, "Actual Loops": 1, "Output": ["mi_idx.movie_id"], "Heap Fetches": 0, "Shared Hit Blocks": 5, "Shared Read Blocks": 4509, "Shared Dirtied Blocks": 0, "Shared Written Blocks": 0, "Local Hit Blocks": 0, "Local Read Blocks": 0, "Local Dirtied Blocks": 0, "Local Written Blocks": 0, "Temp Read Blocks": 0, "Temp Written Blocks": 0, "I/O Read Time": 24.265, "I/O Write Time": 0.0}]}, {"Node Type": "Hash", "Parent Relationship": "Inner", "Parallel Aware": false, "Startup Cost": 40902.99, "Total Cost": 40902.99, "Plan Rows": 678236, "Plan Width": 4, "Actual Startup Time": 836.109, "Actual Total Time": 836.11, "Actual Rows": 908322, "Actual Loops": 1, "Output": ["mc.movie_id"], "Hash Buckets": 131072, "Original Hash Buckets": 131072, "Hash Batches": 16, "Original Hash Batches": 16, "Peak Memory Usage": 3022, "Shared Hit Blocks": 0, "Shared Read Blocks": 8661, "Shared Dirtied Blocks": 0, "Shared Written Blocks": 0, "Local Hit Blocks": 0, "Local Read Blocks": 0, "Local Dirtied Blocks": 0, "Local Written Blocks": 0, "Temp Read Blocks": 0, "Temp Written Blocks": 2486, "I/O Read Time": 46.024, "I/O Write Time": 0.0, "Plans": [{"Node Type": "Index Scan", "Parent Relationship": "Outer", "Parallel Aware": false, "Scan Direction": "Forward", "Index Name": "company_type_id_movie_companies", "Relation Name": "movie_companies", "Schema": "public", "Alias": "mc", "Startup Cost": 0.43, "Total Cost": 40902.99, "Plan Rows": 678236, "Plan Width": 4, "Actual Startup Time": 0.446, "Actual Total Time": 567.995, "Actual Rows": 908322, "Actual Loops": 1, "Output": ["mc.movie_id"], "Index Cond": "(mc.company_type_id = 2)", "Rows Removed by Index Recheck": 0, "Filter": "(mc.company_id > 11323)", "Rows Removed by Filter": 426561, "Shared Hit Blocks": 0, "Shared Read Blocks": 8661, "Shared Dirtied Blocks": 0, "Shared Written Blocks": 0, "Local Hit Blocks": 0, "Local Read Blocks": 0, "Local Dirtied Blocks": 0, "Local Written Blocks": 0, "Temp Read Blocks": 0, "Temp Written Blocks": 0, "I/O Read Time": 46.024, "I/O Write Time": 0.0}]}]}]}]}]}]}]}, "Planning": {"Shared Hit Blocks": 464, "Shared Read Blocks": 63, "Shared Dirtied Blocks": 0, "Shared Written Blocks": 0, "Local Hit Blocks": 0, "Local Read Blocks": 0, "Local Dirtied Blocks": 0, "Local Written Blocks": 0, "Temp Read Blocks": 0, "Temp Written Blocks": 0, "I/O Read Time": 4.72, "I/O Write Time": 0.0}, "Planning Time": 9.033, "Triggers": [], "Execution Time": 245843.987}, "template": "scale", "query": "EXPLAIN (ANALYZE, COSTS, BUFFERS, VERBOSE, FORMAT JSON) SELECT COUNT(*) FROM title t,movie_companies mc,movie_info mi,movie_info_idx mi_idx,movie_keyword mk WHERE t.id=mc.movie_id AND t.id=mi.movie_id AND t.id=mi_idx.movie_id AND t.id=mk.movie_id AND mc.company_id>11323 AND mc.company_type_id=2 AND mi.info_type_id>3 AND mk.keyword_id>4962;"}
{"planinfo": {"Plan": {"Node Type": "Aggregate", "Strategy": "Plain", "Partial Mode": "Simple", "Parallel Aware": false, "Startup Cost": 686846.09, "Total Cost": 686846.1, "Plan Rows": 1, "Plan Width": 8, "Actual Startup Time": 271219.179, "Actual Total Time": 271219.185, "Actual Rows": 1, "Actual Loops": 1, "Output": ["count(*)"], "Shared Hit Blocks": 30614247, "Shared Read Blocks": 2057788, "Shared Dirtied Blocks": 0, "Shared Written Blocks": 0, "Local Hit Blocks": 0, "Local Read Blocks": 0, "Local Dirtied Blocks": 0, "Local Written Blocks": 0, "Temp Read Blocks": 72705, "Temp Written Blocks": 72705, "I/O Read Time": 16451.045, "I/O Write Time": 0.0, "Plans": [{"Node Type": "Hash Join", "Parent Relationship": "Outer", "Parallel Aware": false, "Join Type": "Inner", "Startup Cost": 540400.09, "Total Cost": 682833.49, "Plan Rows": 1605037, "Plan Width": 0, "Actual Startup Time": 58649.441, "Actual Total Time": 196803.667, "Actual Rows": 761621040, "Actual Loops": 1, "Inner Unique": false, "Hash Cond": "(mk.movie_id = t.id)", "Shared Hit Blocks": 30614247, "Shared Read Blocks": 2057788, "Shared Dirtied Blocks": 0, "Shared Written Blocks": 0, "Local Hit Blocks": 0, "Local Read Blocks": 0, "Local Dirtied Blocks": 0, "Local Written Blocks": 0, "Temp Read Blocks": 72705, "Temp Written Blocks": 72705, "I/O Read Time": 16451.045, "I/O Write Time": 0.0, "Plans": [{"Node Type": "Seq Scan", "Parent Relationship": "Outer", "Parallel Aware": false, "Relation Name": "movie_keyword", "Schema": "public", "Alias": "mk", "Startup Cost": 0.0, "Total Cost": 69693.3, "Plan Rows": 4523930, "Plan Width": 4, "Actual Startup Time": 0.127, "Actual Total Time": 935.801, "Actual Rows": 4523930, "Actual Loops": 1, "Output": ["mk.movie_id"], "Shared Hit Blocks": 0, "Shared Read Blocks": 24454, "Shared Dirtied Blocks": 0, "Shared Written Blocks": 0, "Local Hit Blocks": 0, "Local Read Blocks": 0, "Local Dirtied Blocks": 0, "Local Written Blocks": 0, "Temp Read Blocks": 0, "Temp Written Blocks": 0, "I/O Read Time": 56.903, "I/O Write Time": 0.0}, {"Node Type": "Hash", "Parent Relationship": "Inner", "Parallel Aware": false, "Startup Cost": 524805.47, "Total Cost": 524805.47, "Plan Rows": 897089, "Plan Width": 16, "Actual Startup Time": 58626.78, "Actual Total Time": 58626.785, "Actual Rows": 11392825, "Actual Loops": 1, "Output": ["t.id", "mc.movie_id", "ci.movie_id", "mi_idx.movie_id"], "Hash Buckets": 131072, "Original Hash Buckets": 131072, "Hash Batches": 512, "Original Hash Batches": 16, "Peak Memory Usage": 3073, "Shared Hit Blocks": 30614244, "Shared Read Blocks": 2033334, "Shared Dirtied Blocks": 0, "Shared Written Blocks": 0, "Local Hit Blocks": 0, "Local Read Blocks": 0, "Local Dirtied Blocks": 0, "Local Written Blocks": 0, "Temp Read Blocks": 3632, "Temp Written Blocks": 53383, "I/O Read Time": 16394.142, "I/O Write Time": 0.0, "Plans": [{"Node Type": "Nested Loop", "Parent Relationship": "Outer", "Parallel Aware": false, "Join Type": "Inner", "Startup Cost": 143742.07, "Total Cost": 524805.47, "Plan Rows": 897089, "Plan Width": 16, "Actual Startup Time": 1803.913, "Actual Total Time": 53778.958, "Actual Rows": 11392825, "Actual Loops": 1, "Output": ["t.id", "mc.movie_id", "ci.movie_id", "mi_idx.movie_id"], "Inner Unique": false, "Shared Hit Blocks": 30614244, "Shared Read Blocks": 2033334, "Shared Dirtied Blocks": 0, "Shared Written Blocks": 0, "Local Hit Blocks": 0, "Local Read Blocks": 0, "Local Dirtied Blocks": 0, "Local Written Blocks": 0, "Temp Read Blocks": 3632, "Temp Written Blocks": 3632, "I/O Read Time": 16394.142, "I/O Write Time": 0.0, "Plans": [{"Node Type": "Hash Join", "Parent Relationship": "Outer", "Parallel Aware": false, "Join Type": "Inner", "Startup Cost": 143741.63, "Total Cost": 197299.62, "Plan Rows": 183333, "Plan Width": 12, "Actual Startup Time": 1803.529, "Actual Total Time": 3126.793, "Actual Rows": 563285, "Actual Loops": 1, "Output": ["t.id", "mc.movie_id", "mi_idx.movie_id"], "Inner Unique": false, "Hash Cond": "(mc.movie_id = t.id)", "Shared Hit Blocks": 36376, "Shared Read Blocks": 33583, "Shared Dirtied Blocks": 0, "Shared Written Blocks": 0, "Local Hit Blocks": 0, "Local Read Blocks": 0, "Local Dirtied Blocks": 0, "Local Written Blocks": 0, "Temp Read Blocks": 3632, "Temp Written Blocks": 3632, "I/O Read Time": 251.99, "I/O Write Time": 0.0, "Plans": [{"Node Type": "Index Scan", "Parent Relationship": "Outer", "Parallel Aware": false, "Scan Direction": "Forward", "Index Name": "company_type_id_movie_companies", "Relation Name": "movie_companies", "Schema": "public", "Alias": "mc", "Startup Cost": 0.43, "Total Cost": 38297.45, "Plan Rows": 1005504, "Plan Width": 4, "Actual Startup Time": 1.952, "Actual Total Time": 562.774, "Actual Rows": 876673, "Actual Loops": 1, "Output": ["mc.movie_id"], "Index Cond": "(mc.company_type_id < 2)", "Rows Removed by Index Recheck": 0, "Filter": "(mc.company_id > 525)", "Rows Removed by Filter": 397573, "Shared Hit Blocks": 0, "Shared Read Blocks": 12176, "Shared Dirtied Blocks": 0, "Shared Written Blocks": 0, "Local Hit Blocks": 0, "Local Read Blocks": 0, "Local Dirtied Blocks": 0, "Local Written Blocks": 0, "Temp Read Blocks": 0, "Temp Written Blocks": 0, "I/O Read Time": 44.744, "I/O Write Time": 0.0}, {"Node Type": "Hash", "Parent Relationship": "Inner", "Parallel Aware": false, "Startup Cost": 136177.4, "Total Cost": 136177.4, "Plan Rows": 461024, "Plan Width": 8, "Actual Startup Time": 1800.913, "Actual Total Time": 1800.915, "Actual Rows": 460185, "Actual Loops": 1, "Output": ["t.id", "mi_idx.movie_id"], "Hash Buckets": 131072, "Original Hash Buckets": 131072, "Hash Batches": 8, "Original Hash Batches": 8, "Peak Memory Usage": 3276, "Shared Hit Blocks": 36376, "Shared Read Blocks": 21407, "Shared Dirtied Blocks": 0, "Shared Written Blocks": 0, "Local Hit Blocks": 0, "Local Read Blocks": 0, "Local Dirtied Blocks": 0, "Local Written Blocks": 0, "Temp Read Blocks": 0, "Temp Written Blocks": 1373, "I/O Read Time": 207.247, "I/O Write Time": 0.0, "Plans": [{"Node Type": "Merge Join", "Parent Relationship": "Outer", "Parallel Aware": false, "Join Type": "Inner", "Startup Cost": 9.94, "Total Cost": 136177.4, "Plan Rows": 461024, "Plan Width": 8, "Actual Startup Time": 0.171, "Actual Total Time": 1609.846, "Actual Rows": 460185, "Actual Loops": 1, "Output": ["t.id", "mi_idx.movie_id"], "Inner Unique": false, "Merge Cond": "(t.id = mi_idx.movie_id)", "Shared Hit Blocks": 36376, "Shared Read Blocks": 21407, "Shared Dirtied Blocks": 0, "Shared Written Blocks": 0, "Local Hit Blocks": 0, "Local Read Blocks": 0, "Local Dirtied Blocks": 0, "Local Written Blocks": 0, "Temp Read Blocks": 0, "Temp Written Blocks": 0, "I/O Read Time": 207.247, "I/O Write Time": 0.0, "Plans": [{"Node Type": "Index Only Scan", "Parent Relationship": "Outer", "Parallel Aware": false, "Scan Direction": "Forward", "Index Name": "title_pkey", "Relation Name": "title", "Schema": "public", "Alias": "t", "Startup Cost": 0.43, "Total Cost": 73940.23, "Plan Rows": 2528520, "Plan Width": 4, "Actual Startup Time": 0.024, "Actual Total Time": 555.417, "Actual Rows": 2525794, "Actual Loops": 1, "Output": ["t.id"], "Heap Fetches": 0, "Shared Hit Blocks": 23441, "Shared Read Blocks": 8963, "Shared Dirtied Blocks": 0, "Shared Written Blocks": 0, "Local Hit Blocks": 0, "Local Read Blocks": 0, "Local Dirtied Blocks": 0, "Local Written Blocks": 0, "Temp Read Blocks": 0, "Temp Written Blocks": 0, "I/O Read Time": 137.957, "I/O Write Time": 0.0}, {"Node Type": "Index Scan", "Parent Relationship": "Inner", "Parallel Aware": false, "Scan Direction": "Forward", "Index Name": "movie_id_movie_info_idx", "Relation Name": "movie_info_idx", "Schema": "public", "Alias": "mi_idx", "Startup Cost": 0.43, "Total Cost": 50235.25, "Plan Rows": 461024, "Plan Width": 4, "Actual Startup Time": 0.142, "Actual Total Time": 601.512, "Actual Rows": 460185, "Actual Loops": 1, "Output": ["mi_idx.id", "mi_idx.movie_id", "mi_idx.info_type_id", "mi_idx.info", "mi_idx.note"], "Filter": "(mi_idx.info_type_id > 100)", "Rows Removed by Filter": 919850, "Shared Hit Blocks": 12935, "Shared Read Blocks": 12444, "Shared Dirtied Blocks": 0, "Shared Written Blocks": 0, "Local Hit Blocks": 0, "Local Read Blocks": 0, "Local Dirtied Blocks": 0, "Local Written Blocks": 0, "Temp Read Blocks": 0, "Temp Written Blocks": 0, "I/O Read Time": 69.289, "I/O Write Time": 0.0}]}]}]}, {"Node Type": "Index Scan", "Parent Relationship": "Inner", "Parallel Aware": false, "Scan Direction": "Forward", "Index Name": "movie_id_cast_info", "Relation Name": "cast_info", "Schema": "public", "Alias": "ci", "Startup Cost": 0.44, "Total Cost": 1.66, "Plan Rows": 13, "Plan Width": 4, "Actual Startup Time": 0.013, "Actual Total Time": 0.085, "Actual Rows": 20, "Actual Loops": 563285, "Output": ["ci.id", "ci.person_id", "ci.movie_id", "ci.person_role_id", "ci.note", "ci.nr_order", "ci.role_id"], "Index Cond": "(ci.movie_id = t.id)", "Rows Removed by Index Recheck": 0, "Filter": "(ci.role_id = 1)", "Rows Removed by Filter": 36, "Shared Hit Blocks": 30577868, "Shared Read Blocks": 1999751, "Shared Dirtied Blocks": 0, "Shared Written Blocks": 0, "Local Hit Blocks": 0, "Local Read Blocks": 0, "Local Dirtied Blocks": 0, "Local Written Blocks": 0, "Temp Read Blocks": 0, "Temp Written Blocks": 0, "I/O Read Time": 16142.152, "I/O Write Time": 0.0}]}]}]}]}, "Planning": {"Shared Hit Blocks": 480, "Shared Read Blocks": 64, "Shared Dirtied Blocks": 0, "Shared Written Blocks": 0, "Local Hit Blocks": 0, "Local Read Blocks": 0, "Local Dirtied Blocks": 0, "Local Written Blocks": 0, "Temp Read Blocks": 0, "Temp Written Blocks": 0, "I/O Read Time": 4.994, "I/O Write Time": 0.0}, "Planning Time": 9.427, "Triggers": [], "Execution Time": 271219.735}, "template": "scale", "query": "EXPLAIN (ANALYZE, COSTS, BUFFERS, VERBOSE, FORMAT JSON) SELECT COUNT(*) FROM title t,movie_companies mc,cast_info ci,movie_info_idx mi_idx,movie_keyword mk WHERE t.id=mc.movie_id AND t.id=ci.movie_id AND t.id=mi_idx.movie_id AND t.id=mk.movie_id AND mc.company_id>525 AND mc.company_type_id<2 AND ci.role_id=1 AND mi_idx.info_type_id>100;"}
{"planinfo": {"Plan": {"Node Type": "Aggregate", "Strategy": "Plain", "Partial Mode": "Simple", "Parallel Aware": false, "Startup Cost": 136321.75, "Total Cost": 136321.76, "Plan Rows": 1, "Plan Width": 8, "Actual Startup Time": 1964.43, "Actual Total Time": 1964.434, "Actual Rows": 1, "Actual Loops": 1, "Output": ["count(*)"], "Shared Hit Blocks": 134316, "Shared Read Blocks": 63227, "Shared Dirtied Blocks": 0, "Shared Written Blocks": 0, "Local Hit Blocks": 0, "Local Read Blocks": 0, "Local Dirtied Blocks": 0, "Local Written Blocks": 0, "Temp Read Blocks": 1365, "Temp Written Blocks": 1365, "I/O Read Time": 515.261, "I/O Write Time": 0.0, "Plans": [{"Node Type": "Nested Loop", "Parent Relationship": "Outer", "Parallel Aware": false, "Join Type": "Inner", "Startup Cost": 70274.71, "Total Cost": 136292.39, "Plan Rows": 11746, "Plan Width": 0, "Actual Startup Time": 593.228, "Actual Total Time": 1918.375, "Actual Rows": 446433, "Actual Loops": 1, "Inner Unique": false, "Join Filter": "(t.id = mk.movie_id)", "Rows Removed by Join Filter": 0, "Shared Hit Blocks": 134316, "Shared Read Blocks": 63227, "Shared Dirtied Blocks": 0, "Shared Written Blocks": 0, "Local Hit Blocks": 0, "Local Read Blocks": 0, "Local Dirtied Blocks": 0, "Local Written Blocks": 0, "Temp Read Blocks": 1365, "Temp Written Blocks": 1365, "I/O Read Time": 515.261, "I/O Write Time": 0.0, "Plans": [{"Node Type": "Nested Loop", "Parent Relationship": "Outer", "Parallel Aware": false, "Join Type": "Inner", "Startup Cost": 70274.28, "Total Cost": 123984.34, "Plan Rows": 6565, "Plan Width": 12, "Actual Startup Time": 591.546, "Actual Total Time": 1570.908, "Actual Rows": 21868, "Actual Loops": 1, "Output": ["t.id", "mc.movie_id", "mi_idx.movie_id"], "Inner Unique": false, "Join Filter": "(t.id = mc.movie_id)", "Rows Removed by Join Filter": 0, "Shared Hit Blocks": 72151, "Shared Read Blocks": 59787, "Shared Dirtied Blocks": 0, "Shared Written Blocks": 0, "Local Hit Blocks": 0, "Local Read Blocks": 0, "Local Dirtied Blocks": 0, "Local Written Blocks": 0, "Temp Read Blocks": 1365, "Temp Written Blocks": 1365, "I/O Read Time": 398.842, "I/O Write Time": 0.0, "Plans": [{"Node Type": "Hash Join", "Parent Relationship": "Outer", "Parallel Aware": false, "Join Type": "Inner", "Startup Cost": 70273.85, "Total Cost": 100925.7, "Plan Rows": 29763, "Plan Width": 8, "Actual Startup Time": 591.361, "Actual Total Time": 1119.596, "Actual Rows": 20683, "Actual Loops": 1, "Output": ["t.id", "mi_idx.movie_id"], "Inner Unique": true, "Hash Cond": "(mi_idx.movie_id = t.id)", "Shared Hit Blocks": 3, "Shared Read Blocks": 43933, "Shared Dirtied Blocks": 0, "Shared Written Blocks": 0, "Local Hit Blocks": 0, "Local Read Blocks": 0, "Local Dirtied Blocks": 0, "Local Written Blocks": 0, "Temp Read Blocks": 1365, "Temp Written Blocks": 1365, "I/O Read Time": 106.357, "I/O Write Time": 0.0, "Plans": [{"Node Type": "Seq Scan", "Parent Relationship": "Outer", "Parallel Aware": false, "Relation Name": "movie_info_idx", "Schema": "public", "Alias": "mi_idx", "Startup Cost": 0.0, "Total Cost": 25185.44, "Plan Rows": 462634, "Plan Width": 4, "Actual Startup Time": 0.126, "Actual Total Time": 300.308, "Actual Rows": 459925, "Actual Loops": 1, "Output": ["mi_idx.movie_id"], "Filter": "(mi_idx.info_type_id = 100)", "Rows Removed by Filter": 920110, "Shared Hit Blocks": 0, "Shared Read Blocks": 7935, "Shared Dirtied Blocks": 0, "Shared Written Blocks": 0, "Local Hit Blocks": 0, "Local Read Blocks": 0, "Local Dirtied Blocks": 0, "Local Written Blocks": 0, "Temp Read Blocks": 0, "Temp Written Blocks": 0, "I/O Read Time": 41.161, "I/O Write Time": 0.0}, {"Node Type": "Hash", "Parent Relationship": "Inner", "Parallel Aware": false, "Startup Cost": 67604.5, "Total Cost": 67604.5, "Plan Rows": 162668, "Plan Width": 4, "Actual Startup Time": 590.607, "Actual Total Time": 590.608, "Actual Rows": 160017, "Actual Loops": 1, "Output": ["t.id"], "Hash Buckets": 131072, "Original Hash Buckets": 131072, "Hash Batches": 4, "Original Hash Batches": 4, "Peak Memory Usage": 2436, "Shared Hit Blocks": 0, "Shared Read Blocks": 35998, "Shared Dirtied Blocks": 0, "Shared Written Blocks": 0, "Local Hit Blocks": 0, "Local Read Blocks": 0, "Local Dirtied Blocks": 0, "Local Written Blocks": 0, "Temp Read Blocks": 0, "Temp Written Blocks": 350, "I/O Read Time": 65.196, "I/O Write Time": 0.0, "Plans": [{"Node Type": "Seq Scan", "Parent Relationship": "Outer", "Parallel Aware": false, "Relation Name": "title", "Schema": "public", "Alias": "t", "Startup Cost": 0.0, "Total Cost": 67604.5, "Plan Rows": 162668, "Plan Width": 4, "Actual Startup Time": 0.139, "Actual Total Time": 528.186, "Actual Rows": 160017, "Actual Loops": 1, "Output": ["t.id"], "Filter": "(t.production_year = 2011)", "Rows Removed by Filter": 2368295, "Shared Hit Blocks": 0, "Shared Read Blocks": 35998, "Shared Dirtied Blocks": 0, "Shared Written Blocks": 0, "Local Hit Blocks": 0, "Local Read Blocks": 0, "Local Dirtied Blocks": 0, "Local Written Blocks": 0, "Temp Read Blocks": 0, "Temp Written Blocks": 0, "I/O Read Time": 65.196, "I/O Write Time": 0.0}]}]}, {"Node Type": "Index Scan", "Parent Relationship": "Inner", "Parallel Aware": false, "Scan Direction": "Forward", "Index Name": "movie_id_movie_companies", "Relation Name": "movie_companies", "Schema": "public", "Alias": "mc", "Startup Cost": 0.43, "Total Cost": 0.76, "Plan Rows": 1, "Plan Width": 4, "Actual Startup Time": 0.018, "Actual Total Time": 0.021, "Actual Rows": 1, "Actual Loops": 20683, "Output": ["mc.id", "mc.movie_id", "mc.company_id", "mc.company_type_id", "mc.note"], "Index Cond": "(mc.movie_id = mi_idx.movie_id)", "Rows Removed by Index Recheck": 0, "Filter": "((mc.company_id < 9749) AND (mc.company_type_id < 2))", "Rows Removed by Filter": 2, "Shared Hit Blocks": 72148, "Shared Read Blocks": 15854, "Shared Dirtied Blocks": 0, "Shared Written Blocks": 0, "Local Hit Blocks": 0, "Local Read Blocks": 0, "Local Dirtied Blocks": 0, "Local Written Blocks": 0, "Temp Read Blocks": 0, "Temp Written Blocks": 0, "I/O Read Time": 292.485, "I/O Write Time": 0.0}]}, {"Node Type": "Index Only Scan", "Parent Relationship": "Inner", "Parallel Aware": false, "Scan Direction": "Forward", "Index Name": "movie_id_movie_keyword", "Relation Name": "movie_keyword", "Schema": "public", "Alias": "mk", "Startup Cost": 0.43, "Total Cost": 1.3, "Plan Rows": 46, "Plan Width": 4, "Actual Startup Time": 0.009, "Actual Total Time": 0.012, "Actual Rows": 20, "Actual Loops": 21868, "Output": ["mk.movie_id"], "Index Cond": "(mk.movie_id = mc.movie_id)", "Rows Removed by Index Recheck": 0, "Heap Fetches": 0, "Shared Hit Blocks": 62165, "Shared Read Blocks": 3440, "Shared Dirtied Blocks": 0, "Shared Written Blocks": 0, "Local Hit Blocks": 0, "Local Read Blocks": 0, "Local Dirtied Blocks": 0, "Local Written Blocks": 0, "Temp Read Blocks": 0, "Temp Written Blocks": 0, "I/O Read Time": 116.419, "I/O Write Time": 0.0}]}]}, "Planning": {"Shared Hit Blocks": 314, "Shared Read Blocks": 50, "Shared Dirtied Blocks": 0, "Shared Written Blocks": 0, "Local Hit Blocks": 0, "Local Read Blocks": 0, "Local Dirtied Blocks": 0, "Local Written Blocks": 0, "Temp Read Blocks": 0, "Temp Written Blocks": 0, "I/O Read Time": 3.784, "I/O Write Time": 0.0}, "Planning Time": 6.394, "Triggers": [], "Execution Time": 1964.684}, "template": "scale", "query": "EXPLAIN (ANALYZE, COSTS, BUFFERS, VERBOSE, FORMAT JSON) SELECT COUNT(*) FROM title t,movie_companies mc,movie_info_idx mi_idx,movie_keyword mk WHERE t.id=mc.movie_id AND t.id=mi_idx.movie_id AND t.id=mk.movie_id AND t.production_year=2011 AND mc.company_id<9749 AND mc.company_type_id<2 AND mi_idx.info_type_id=100;"}
{"planinfo": {"Plan": {"Node Type": "Aggregate", "Strategy": "Plain", "Partial Mode": "Simple", "Parallel Aware": false, "Startup Cost": 618698.45, "Total Cost": 618698.46, "Plan Rows": 1, "Plan Width": 8, "Actual Startup Time": 9728.966, "Actual Total Time": 9728.969, "Actual Rows": 1, "Actual Loops": 1, "Output": ["count(*)"], "Shared Hit Blocks": 4450160, "Shared Read Blocks": 74004, "Shared Dirtied Blocks": 0, "Shared Written Blocks": 0, "Local Hit Blocks": 0, "Local Read Blocks": 0, "Local Dirtied Blocks": 0, "Local Written Blocks": 0, "Temp Read Blocks": 7437, "Temp Written Blocks": 7443, "I/O Read Time": 285.287, "I/O Write Time": 0.0, "Plans": [{"Node Type": "Merge Join", "Parent Relationship": "Outer", "Parallel Aware": false, "Join Type": "Inner", "Startup Cost": 200596.78, "Total Cost": 611015.86, "Plan Rows": 3073036, "Plan Width": 0, "Actual Startup Time": 2469.204, "Actual Total Time": 9254.247, "Actual Rows": 4230738, "Actual Loops": 1, "Inner Unique": false, "Merge Cond": "(mi.movie_id = t.id)", "Shared Hit Blocks": 4450160, "Shared Read Blocks": 74004, "Shared Dirtied Blocks": 0, "Shared Written Blocks": 0, "Local Hit Blocks": 0, "Local Read Blocks": 0, "Local Dirtied Blocks": 0, "Local Written Blocks": 0, "Temp Read Blocks": 7437, "Temp Written Blocks": 7443, "I/O Read Time": 285.287, "I/O Write Time": 0.0, "Plans": [{"Node Type": "Index Only Scan", "Parent Relationship": "Outer", "Parallel Aware": false, "Scan Direction": "Forward", "Index Name": "movie_id_movie_info", "Relation Name": "movie_info", "Schema": "public", "Alias": "mi", "Startup Cost": 0.43, "Total Cost": 325993.18, "Plan Rows": 14818450, "Plan Width": 4, "Actual Startup Time": 0.02, "Actual Total Time": 3676.211, "Actual Rows": 14834046, "Actual Loops": 1, "Output": ["mi.movie_id"], "Heap Fetches": 0, "Shared Hit Blocks": 4450157, "Shared Read Blocks": 25830, "Shared Dirtied Blocks": 0, "Shared Written Blocks": 0, "Local Hit Blocks": 0, "Local Read Blocks": 0, "Local Dirtied Blocks": 0, "Local Written Blocks": 0, "Temp Read Blocks": 0, "Temp Written Blocks": 0, "I/O Read Time": 164.418, "I/O Write Time": 0.0}, {"Node Type": "Materialize", "Parent Relationship": "Inner", "Parallel Aware": false, "Startup Cost": 200574.05, "Total Cost": 203195.86, "Plan Rows": 524362, "Plan Width": 8, "Actual Startup Time": 2469.017, "Actual Total Time": 2963.632, "Actual Rows": 4230732, "Actual Loops": 1, "Output": ["t.id", "mc.movie_id"], "Shared Hit Blocks": 3, "Shared Read Blocks": 48174, "Shared Dirtied Blocks": 0, "Shared Written Blocks": 0, "Local Hit Blocks": 0, "Local Read Blocks": 0, "Local Dirtied Blocks": 0, "Local Written Blocks": 0, "Temp Read Blocks": 7437, "Temp Written Blocks": 7443, "I/O Read Time": 120.87, "I/O Write Time": 0.0, "Plans": [{"Node Type": "Sort", "Parent Relationship": "Outer", "Parallel Aware": false, "Startup Cost": 200574.05, "Total Cost": 201884.95, "Plan Rows": 524362, "Plan Width": 8, "Actual Startup Time": 2469.013, "Actual Total Time": 2554.471, "Actual Rows": 341362, "Actual Loops": 1, "Output": ["t.id", "mc.movie_id"], "Sort Key": ["t.id"], "Sort Method": "external merge", "Sort Space Used": 6048, "Sort Space Type": "Disk", "Shared Hit Blocks": 3, "Shared Read Blocks": 48174, "Shared Dirtied Blocks": 0, "Shared Written Blocks": 0, "Local Hit Blocks": 0, "Local Read Blocks": 0, "Local Dirtied Blocks": 0, "Local Written Blocks": 0, "Temp Read Blocks": 7437, "Temp Written Blocks": 7443, "I/O Read Time": 120.87, "I/O Write Time": 0.0, "Plans": [{"Node Type": "Hash Join", "Parent Relationship": "Outer", "Parallel Aware": false, "Join Type": "Inner", "Startup Cost": 91168.9, "Total Cost": 143587.63, "Plan Rows": 524362, "Plan Width": 8, "Actual Startup Time": 1005.301, "Actual Total Time": 2307.885, "Actual Rows": 341362, "Actual Loops": 1, "Output": ["t.id", "mc.movie_id"], "Inner Unique": true, "Hash Cond": "(mc.movie_id = t.id)", "Shared Hit Blocks": 3, "Shared Read Blocks": 48174, "Shared Dirtied Blocks": 0, "Shared Written Blocks": 0, "Local Hit Blocks": 0, "Local Read Blocks": 0, "Local Dirtied Blocks": 0, "Local Written Blocks": 0, "Temp Read Blocks": 6681, "Temp Written Blocks": 6681, "I/O Read Time": 120.87, "I/O Write Time": 0.0, "Plans": [{"Node Type": "Index Scan", "Parent Relationship": "Outer", "Parallel Aware": false, "Scan Direction": "Forward", "Index Name": "company_type_id_movie_companies", "Relation Name": "movie_companies", "Schema": "public", "Alias": "mc", "Startup Cost": 0.43, "Total Cost": 35143.45, "Plan Rows": 1261601, "Plan Width": 4, "Actual Startup Time": 0.314, "Actual Total Time": 513.633, "Actual Rows": 1274246, "Actual Loops": 1, "Output": ["mc.movie_id"], "Index Cond": "(mc.company_type_id < 2)", "Rows Removed by Index Recheck": 0, "Shared Hit Blocks": 0, "Shared Read Blocks": 12176, "Shared Dirtied Blocks": 0, "Shared Written Blocks": 0, "Local Hit Blocks": 0, "Local Read Blocks": 0, "Local Dirtied Blocks": 0, "Local Written Blocks": 0, "Temp Read Blocks": 0, "Temp Written Blocks": 0, "I/O Read Time": 61.764, "I/O Write Time": 0.0}, {"Node Type": "Hash", "Parent Relationship": "Inner", "Parallel Aware": false, "Startup Cost": 73925.8, "Total Cost": 73925.8, "Plan Rows": 1050934, "Plan Width": 4, "Actual Startup Time": 1004.342, "Actual Total Time": 1004.343, "Actual Rows": 1152351, "Actual Loops": 1, "Output": ["t.id"], "Hash Buckets": 131072, "Original Hash Buckets": 131072, "Hash Batches": 16, "Original Hash Batches": 16, "Peak Memory Usage": 3561, "Shared Hit Blocks": 0, "Shared Read Blocks": 35998, "Shared Dirtied Blocks": 0, "Shared Written Blocks": 0, "Local Hit Blocks": 0, "Local Read Blocks": 0, "Local Dirtied Blocks": 0, "Local Written Blocks": 0, "Temp Read Blocks": 0, "Temp Written Blocks": 3157, "I/O Read Time": 59.106, "I/O Write Time": 0.0, "Plans": [{"Node Type": "Seq Scan", "Parent Relationship": "Outer", "Parallel Aware": false, "Relation Name": "title", "Schema": "public", "Alias": "t", "Startup Cost": 0.0, "Total Cost": 73925.8, "Plan Rows": 1050934, "Plan Width": 4, "Actual Startup Time": 0.161, "Actual Total Time": 648.283, "Actual Rows": 1152351, "Actual Loops": 1, "Output": ["t.id"], "Filter": "((t.kind_id > 1) AND (t.production_year > 1999))", "Rows Removed by Filter": 1375961, "Shared Hit Blocks": 0, "Shared Read Blocks": 35998, "Shared Dirtied Blocks": 0, "Shared Written Blocks": 0, "Local Hit Blocks": 0, "Local Read Blocks": 0, "Local Dirtied Blocks": 0, "Local Written Blocks": 0, "Temp Read Blocks": 0, "Temp Written Blocks": 0, "I/O Read Time": 59.106, "I/O Write Time": 0.0}]}]}]}]}]}]}, "Planning": {"Shared Hit Blocks": 197, "Shared Read Blocks": 41, "Shared Dirtied Blocks": 0, "Shared Written Blocks": 0, "Local Hit Blocks": 0, "Local Read Blocks": 0, "Local Dirtied Blocks": 0, "Local Written Blocks": 0, "Temp Read Blocks": 0, "Temp Written Blocks": 0, "I/O Read Time": 3.213, "I/O Write Time": 0.0}, "Planning Time": 5.152, "Triggers": [], "Execution Time": 9734.102}, "template": "scale", "query": "EXPLAIN (ANALYZE, COSTS, BUFFERS, VERBOSE, FORMAT JSON) SELECT COUNT(*) FROM title t,movie_companies mc,movie_info mi WHERE t.id=mc.movie_id AND t.id=mi.movie_id AND t.kind_id>1 AND t.production_year>1999 AND mc.company_type_id<2;"}
{"planinfo": {"Plan": {"Node Type": "Aggregate", "Strategy": "Plain", "Partial Mode": "Simple", "Parallel Aware": false, "Startup Cost": 30490.91, "Total Cost": 30490.92, "Plan Rows": 1, "Plan Width": 8, "Actual Startup Time": 414.4, "Actual Total Time": 414.401, "Actual Rows": 1, "Actual Loops": 1, "Output": ["count(*)"], "Shared Hit Blocks": 0, "Shared Read Blocks": 1287, "Shared Dirtied Blocks": 0, "Shared Written Blocks": 0, "Local Hit Blocks": 0, "Local Read Blocks": 0, "Local Dirtied Blocks": 0, "Local Written Blocks": 0, "Temp Read Blocks": 0, "Temp Written Blocks": 0, "I/O Read Time": 115.304, "I/O Write Time": 0.0, "Plans": [{"Node Type": "Index Only Scan", "Parent Relationship": "Outer", "Parallel Aware": false, "Scan Direction": "Forward", "Index Name": "keyword_id_movie_keyword", "Relation Name": "movie_keyword", "Schema": "public", "Alias": "mk", "Startup Cost": 0.43, "Total Cost": 27415.1, "Plan Rows": 1230324, "Plan Width": 0, "Actual Startup Time": 0.269, "Actual Total Time": 294.875, "Actual Rows": 1235356, "Actual Loops": 1, "Output": ["keyword_id"], "Index Cond": "(mk.keyword_id < 1571)", "Rows Removed by Index Recheck": 0, "Heap Fetches": 0, "Shared Hit Blocks": 0, "Shared Read Blocks": 1287, "Shared Dirtied Blocks": 0, "Shared Written Blocks": 0, "Local Hit Blocks": 0, "Local Read Blocks": 0, "Local Dirtied Blocks": 0, "Local Written Blocks": 0, "Temp Read Blocks": 0, "Temp Written Blocks": 0, "I/O Read Time": 115.304, "I/O Write Time": 0.0}]}, "Planning": {"Shared Hit Blocks": 47, "Shared Read Blocks": 9, "Shared Dirtied Blocks": 0, "Shared Written Blocks": 0, "Local Hit Blocks": 0, "Local Read Blocks": 0, "Local Dirtied Blocks": 0, "Local Written Blocks": 0, "Temp Read Blocks": 0, "Temp Written Blocks": 0, "I/O Read Time": 0.582, "I/O Write Time": 0.0}, "Planning Time": 0.976, "Triggers": [], "Execution Time": 414.432}, "template": "scale", "query": "EXPLAIN (ANALYZE, COSTS, BUFFERS, VERBOSE, FORMAT JSON) SELECT COUNT(*) FROM movie_keyword mk WHERE mk.keyword_id<1571;"}
{"planinfo": {"Plan": {"Node Type": "Aggregate", "Strategy": "Plain", "Partial Mode": "Simple", "Parallel Aware": false, "Startup Cost": 300917.82, "Total Cost": 300917.83, "Plan Rows": 1, "Plan Width": 8, "Actual Startup Time": 2782.696, "Actual Total Time": 2782.699, "Actual Rows": 1, "Actual Loops": 1, "Output": ["count(*)"], "Shared Hit Blocks": 194744, "Shared Read Blocks": 65176, "Shared Dirtied Blocks": 0, "Shared Written Blocks": 0, "Local Hit Blocks": 0, "Local Read Blocks": 0, "Local Dirtied Blocks": 0, "Local Written Blocks": 0, "Temp Read Blocks": 0, "Temp Written Blocks": 0, "I/O Read Time": 529.346, "I/O Write Time": 0.0, "Plans": [{"Node Type": "Nested Loop", "Parent Relationship": "Outer", "Parallel Aware": false, "Join Type": "Inner", "Startup Cost": 68448.79, "Total Cost": 299649.69, "Plan Rows": 507251, "Plan Width": 0, "Actual Startup Time": 544.01, "Actual Total Time": 2711.279, "Actual Rows": 657708, "Actual Loops": 1, "Inner Unique": false, "Join Filter": "(t.id = mi.movie_id)", "Rows Removed by Join Filter": 0, "Shared Hit Blocks": 194744, "Shared Read Blocks": 65176, "Shared Dirtied Blocks": 0, "Shared Written Blocks": 0, "Local Hit Blocks": 0, "Local Read Blocks": 0, "Local Dirtied Blocks": 0, "Local Written Blocks": 0, "Temp Read Blocks": 0, "Temp Written Blocks": 0, "I/O Read Time": 529.346, "I/O Write Time": 0.0, "Plans": [{"Node Type": "Hash Join", "Parent Relationship": "Outer", "Parallel Aware": false, "Join Type": "Inner", "Startup Cost": 68448.35, "Total Cost": 157961.44, "Plan Rows": 86554, "Plan Width": 8, "Actual Startup Time": 543.975, "Actual Total Time": 1993.511, "Actual Rows": 30795, "Actual Loops": 1, "Output": ["t.id", "mk.movie_id"], "Inner Unique": true, "Hash Cond": "(mk.movie_id = t.id)", "Shared Hit Blocks": 3, "Shared Read Blocks": 60452, "Shared Dirtied Blocks": 0, "Shared Written Blocks": 0, "Local Hit Blocks": 0, "Local Read Blocks": 0, "Local Dirtied Blocks": 0, "Local Written Blocks": 0, "Temp Read Blocks": 0, "Temp Written Blocks": 0, "I/O Read Time": 190.243, "I/O Write Time": 0.0, "Plans": [{"Node Type": "Seq Scan", "Parent Relationship": "Outer", "Parallel Aware": false, "Relation Name": "movie_keyword", "Schema": "public", "Alias": "mk", "Startup Cost": 0.0, "Total Cost": 81003.12, "Plan Rows": 3241889, "Plan Width": 4, "Actual Startup Time": 0.122, "Actual Total Time": 949.416, "Actual Rows": 3233226, "Actual Loops": 1, "Output": ["mk.id", "mk.movie_id", "mk.keyword_id"], "Filter": "(mk.keyword_id < 13699)", "Rows Removed by Filter": 1290704, "Shared Hit Blocks": 0, "Shared Read Blocks": 24454, "Shared Dirtied Blocks": 0, "Shared Written Blocks": 0, "Local Hit Blocks": 0, "Local Read Blocks": 0, "Local Dirtied Blocks": 0, "Local Written Blocks": 0, "Temp Read Blocks": 0, "Temp Written Blocks": 0, "I/O Read Time": 123.616, "I/O Write Time": 0.0}, {"Node Type": "Hash", "Parent Relationship": "Inner", "Parallel Aware": false, "Startup Cost": 67604.5, "Total Cost": 67604.5, "Plan Rows": 67508, "Plan Width": 4, "Actual Startup Time": 543.45, "Actual Total Time": 543.451, "Actual Rows": 67342, "Actual Loops": 1, "Output": ["t.id"], "Hash Buckets": 131072, "Original Hash Buckets": 131072, "Hash Batches": 1, "Original Hash Batches": 1, "Peak Memory Usage": 3392, "Shared Hit Blocks": 0, "Shared Read Blocks": 35998, "Shared Dirtied Blocks": 0, "Shared Written Blocks": 0, "Local Hit Blocks": 0, "Local Read Blocks": 0, "Local Dirtied Blocks": 0, "Local Written Blocks": 0, "Temp Read Blocks": 0, "Temp Written Blocks": 0, "I/O Read Time": 66.626, "I/O Write Time": 0.0, "Plans": [{"Node Type": "Seq Scan", "Parent Relationship": "Outer", "Parallel Aware": false, "Relation Name": "title", "Schema": "public", "Alias": "t", "Startup Cost": 0.0, "Total Cost": 67604.5, "Plan Rows": 67508, "Plan Width": 4, "Actual Startup Time": 0.191, "Actual Total Time": 516.158, "Actual Rows": 67342, "Actual Loops": 1, "Output": ["t.id"], "Filter": "(t.production_year > 2012)", "Rows Removed by Filter": 2460970, "Shared Hit Blocks": 0, "Shared Read Blocks": 35998, "Shared Dirtied Blocks": 0, "Shared Written Blocks": 0, "Local Hit Blocks": 0, "Local Read Blocks": 0, "Local Dirtied Blocks": 0, "Local Written Blocks": 0, "Temp Read Blocks": 0, "Temp Written Blocks": 0, "I/O Read Time": 66.626, "I/O Write Time": 0.0}]}]}, {"Node Type": "Index Only Scan", "Parent Relationship": "Inner", "Parallel Aware": false, "Scan Direction": "Forward", "Index Name": "movie_id_movie_info", "Relation Name": "movie_info", "Schema": "public", "Alias": "mi", "Startup Cost": 0.43, "Total Cost": 1.15, "Plan Rows": 39, "Plan Width": 4, "Actual Startup Time": 0.016, "Actual Total Time": 0.019, "Actual Rows": 21, "Actual Loops": 30795, "Output": ["mi.movie_id"], "Index Cond": "(mi.movie_id = mk.movie_id)", "Rows Removed by Index Recheck": 0, "Heap Fetches": 0, "Shared Hit Blocks": 194741, "Shared Read Blocks": 4724, "Shared Dirtied Blocks": 0, "Shared Written Blocks": 0, "Local Hit Blocks": 0, "Local Read Blocks": 0, "Local Dirtied Blocks": 0, "Local Written Blocks": 0, "Temp Read Blocks": 0, "Temp Written Blocks": 0, "I/O Read Time": 339.103, "I/O Write Time": 0.0}]}]}, "Planning": {"Shared Hit Blocks": 184, "Shared Read Blocks": 38, "Shared Dirtied Blocks": 0, "Shared Written Blocks": 0, "Local Hit Blocks": 0, "Local Read Blocks": 0, "Local Dirtied Blocks": 0, "Local Written Blocks": 0, "Temp Read Blocks": 0, "Temp Written Blocks": 0, "I/O Read Time": 2.841, "I/O Write Time": 0.0}, "Planning Time": 4.376, "Triggers": [], "Execution Time": 2783.095}, "template": "scale", "query": "EXPLAIN (ANALYZE, COSTS, BUFFERS, VERBOSE, FORMAT JSON) SELECT COUNT(*) FROM title t,movie_info mi,movie_keyword mk WHERE t.id=mi.movie_id AND t.id=mk.movie_id AND t.production_year>2012 AND mk.keyword_id<13699;"}
{"planinfo": {"Plan": {"Node Type": "Aggregate", "Strategy": "Plain", "Partial Mode": "Simple", "Parallel Aware": false, "Startup Cost": 2763.66, "Total Cost": 2763.67, "Plan Rows": 1, "Plan Width": 8, "Actual Startup Time": 902.686, "Actual Total Time": 902.689, "Actual Rows": 1, "Actual Loops": 1, "Output": ["count(*)"], "Shared Hit Blocks": 191775, "Shared Read Blocks": 582, "Shared Dirtied Blocks": 0, "Shared Written Blocks": 0, "Local Hit Blocks": 0, "Local Read Blocks": 0, "Local Dirtied Blocks": 0, "Local Written Blocks": 0, "Temp Read Blocks": 0, "Temp Written Blocks": 0, "I/O Read Time": 55.877, "I/O Write Time": 0.0, "Plans": [{"Node Type": "Nested Loop", "Parent Relationship": "Outer", "Parallel Aware": false, "Join Type": "Inner", "Startup Cost": 2.15, "Total Cost": 2763.66, "Plan Rows": 1, "Plan Width": 0, "Actual Startup Time": 29.371, "Actual Total Time": 871.486, "Actual Rows": 233863, "Actual Loops": 1, "Inner Unique": false, "Join Filter": "(t.id = mi.movie_id)", "Rows Removed by Join Filter": 0, "Shared Hit Blocks": 191775, "Shared Read Blocks": 582, "Shared Dirtied Blocks": 0, "Shared Written Blocks": 0, "Local Hit Blocks": 0, "Local Read Blocks": 0, "Local Dirtied Blocks": 0, "Local Written Blocks": 0, "Temp Read Blocks": 0, "Temp Written Blocks": 0, "I/O Read Time": 55.877, "I/O Write Time": 0.0, "Plans": [{"Node Type": "Nested Loop", "Parent Relationship": "Outer", "Parallel Aware": false, "Join Type": "Inner", "Startup Cost": 1.72, "Total Cost": 2762.12, "Plan Rows": 1, "Plan Width": 16, "Actual Startup Time": 28.52, "Actual Total Time": 58.662, "Actual Rows": 6421, "Actual Loops": 1, "Output": ["t.id", "mc.movie_id", "mi_idx.movie_id", "mk.movie_id"], "Inner Unique": false, "Join Filter": "(t.id = mc.movie_id)", "Rows Removed by Join Filter": 0, "Shared Hit Blocks": 1783, "Shared Read Blocks": 525, "Shared Dirtied Blocks": 0, "Shared Written Blocks": 0, "Local Hit Blocks": 0, "Local Read Blocks": 0, "Local Dirtied Blocks": 0, "Local Written Blocks": 0, "Temp Read Blocks": 0, "Temp Written Blocks": 0, "I/O Read Time": 50.057, "I/O Write Time": 0.0, "Plans": [{"Node Type": "Nested Loop", "Parent Relationship": "Outer", "Parallel Aware": false, "Join Type": "Inner", "Startup Cost": 1.29, "Total Cost": 2761.49, "Plan Rows": 1, "Plan Width": 12, "Actual Startup Time": 28.219, "Actual Total Time": 51.528, "Actual Rows": 209, "Actual Loops": 1, "Output": ["t.id", "mi_idx.movie_id", "mk.movie_id"], "Inner Unique": false, "Shared Hit Blocks": 539, "Shared Read Blocks": 515, "Shared Dirtied Blocks": 0, "Shared Written Blocks": 0, "Local Hit Blocks": 0, "Local Read Blocks": 0, "Local Dirtied Blocks": 0, "Local Written Blocks": 0, "Temp Read Blocks": 0, "Temp Written Blocks": 0, "I/O Read Time": 49.02, "I/O Write Time": 0.0, "Plans": [{"Node Type": "Nested Loop", "Parent Relationship": "Outer", "Parallel Aware": false, "Join Type": "Inner", "Startup Cost": 0.86, "Total Cost": 2753.23, "Plan Rows": 1, "Plan Width": 8, "Actual Startup Time": 27.918, "Actual Total Time": 50.757, "Actual Rows": 2, "Actual Loops": 1, "Output": ["t.id", "mi_idx.movie_id"], "Inner Unique": true, "Shared Hit Blocks": 537, "Shared Read Blocks": 509, "Shared Dirtied Blocks": 0, "Shared Written Blocks": 0, "Local Hit Blocks": 0, "Local Read Blocks": 0, "Local Dirtied Blocks": 0, "Local Written Blocks": 0, "Temp Read Blocks": 0, "Temp Written Blocks": 0, "I/O Read Time": 48.436, "I/O Write Time": 0.0, "Plans": [{"Node Type": "Index Scan", "Parent Relationship": "Outer", "Parallel Aware": false, "Scan Direction": "Forward", "Index Name": "info_type_id_movie_info_idx", "Relation Name": "movie_info_idx", "Schema": "public", "Alias": "mi_idx", "Startup Cost": 0.43, "Total Cost": 817.16, "Plan Rows": 230, "Plan Width": 4, "Actual Startup Time": 0.52, "Actual Total Time": 0.728, "Actual Rows": 260, "Actual Loops": 1, "Output": ["mi_idx.id", "mi_idx.movie_id", "mi_idx.info_type_id", "mi_idx.info", "mi_idx.note"], "Index Cond": "(mi_idx.info_type_id > 101)", "Rows Removed by Index Recheck": 0, "Shared Hit Blocks": 0, "Shared Read Blocks": 6, "Shared Dirtied Blocks": 0, "Shared Written Blocks": 0, "Local Hit Blocks": 0, "Local Read Blocks": 0, "Local Dirtied Blocks": 0, "Local Written Blocks": 0, "Temp Read Blocks": 0, "Temp Written Blocks": 0, "I/O Read Time": 0.602, "I/O Write Time": 0.0}, {"Node Type": "Index Scan", "Parent Relationship": "Inner", "Parallel Aware": false, "Scan Direction": "Forward", "Index Name": "title_pkey", "Relation Name": "title", "Schema": "public", "Alias": "t", "Startup Cost": 0.43, "Total Cost": 8.42, "Plan Rows": 1, "Plan Width": 4, "Actual Startup Time": 0.192, "Actual Total Time": 0.192, "Actual Rows": 0, "Actual Loops": 260, "Output": ["t.id", "t.title", "t.imdb_index", "t.kind_id", "t.production_year", "t.imdb_id", "t.phonetic_code", "t.episode_of_id", "t.season_nr", "t.episode_nr", "t.series_years", "t.md5sum"], "Index Cond": "(t.id = mi_idx.movie_id)", "Rows Removed by Index Recheck": 0, "Filter": "((t.kind_id < 7) AND (t.production_year = 1969))", "Rows Removed by Filter": 1, "Shared Hit Blocks": 537, "Shared Read Blocks": 503, "Shared Dirtied Blocks": 0, "Shared Written Blocks": 0, "Local Hit Blocks": 0, "Local Read Blocks": 0, "Local Dirtied Blocks": 0, "Local Written Blocks": 0, "Temp Read Blocks": 0, "Temp Written Blocks": 0, "I/O Read Time": 47.834, "I/O Write Time": 0.0}]}, {"Node Type": "Index Scan", "Parent Relationship": "Inner", "Parallel Aware": false, "Scan Direction": "Forward", "Index Name": "movie_id_movie_keyword", "Relation Name": "movie_keyword", "Schema": "public", "Alias": "mk", "Startup Cost": 0.43, "Total Cost": 7.93, "Plan Rows": 33, "Plan Width": 4, "Actual Startup Time": 0.306, "Actual Total Time": 0.36, "Actual Rows": 104, "Actual Loops": 2, "Output": ["mk.id", "mk.movie_id", "mk.keyword_id"], "Index Cond": "(mk.movie_id = t.id)", "Rows Removed by Index Recheck": 0, "Filter": "(mk.keyword_id > 1614)", "Rows Removed by Filter": 24, "Shared Hit Blocks": 2, "Shared Read Blocks": 6, "Shared Dirtied Blocks": 0, "Shared Written Blocks": 0, "Local Hit Blocks": 0, "Local Read Blocks": 0, "Local Dirtied Blocks": 0, "Local Written Blocks": 0, "Temp Read Blocks": 0, "Temp Written Blocks": 0, "I/O Read Time": 0.584, "I/O Write Time": 0.0}]}, {"Node Type": "Index Scan", "Parent Relationship": "Inner", "Parallel Aware": false, "Scan Direction": "Forward", "Index Name": "movie_id_movie_companies", "Relation Name": "movie_companies", "Schema": "public", "Alias": "mc", "Startup Cost": 0.43, "Total Cost": 0.56, "Plan Rows": 5, "Plan Width": 4, "Actual Startup Time": 0.008, "Actual Total Time": 0.024, "Actual Rows": 31, "Actual Loops": 209, "Output": ["mc.id", "mc.movie_id", "mc.company_id", "mc.company_type_id", "mc.note"], "Index Cond": "(mc.movie_id = mk.movie_id)", "Rows Removed by Index Recheck": 0, "Filter": "(mc.company_id < 115151)", "Rows Removed by Filter": 1, "Shared Hit Blocks": 1244, "Shared Read Blocks": 10, "Shared Dirtied Blocks": 0, "Shared Written Blocks": 0, "Local Hit Blocks": 0, "Local Read Blocks": 0, "Local Dirtied Blocks": 0, "Local Written Blocks": 0, "Temp Read Blocks": 0, "Temp Written Blocks": 0, "I/O Read Time": 1.037, "I/O Write Time": 0.0}]}, {"Node Type": "Index Scan", "Parent Relationship": "Inner", "Parallel Aware": false, "Scan Direction": "Forward", "Index Name": "movie_id_movie_info", "Relation Name": "movie_info", "Schema": "public", "Alias": "mi", "Startup Cost": 0.43, "Total Cost": 1.44, "Plan Rows": 8, "Plan Width": 4, "Actual Startup Time": 0.021, "Actual Total Time": 0.119, "Actual Rows": 36, "Actual Loops": 6421, "Output": ["mi.id", "mi.movie_id", "mi.info_type_id", "mi.info", "mi.note"], "Index Cond": "(mi.movie_id = mk.movie_id)", "Rows Removed by Index Recheck": 0, "Filter": "(mi.info_type_id = 16)", "Rows Removed by Filter": 282, "Shared Hit Blocks": 189992, "Shared Read Blocks": 57, "Shared Dirtied Blocks": 0, "Shared Written Blocks": 0, "Local Hit Blocks": 0, "Local Read Blocks": 0, "Local Dirtied Blocks": 0, "Local Written Blocks": 0, "Temp Read Blocks": 0, "Temp Written Blocks": 0, "I/O Read Time": 5.821, "I/O Write Time": 0.0}]}]}, "Planning": {"Shared Hit Blocks": 466, "Shared Read Blocks": 60, "Shared Dirtied Blocks": 0, "Shared Written Blocks": 0, "Local Hit Blocks": 0, "Local Read Blocks": 0, "Local Dirtied Blocks": 0, "Local Written Blocks": 0, "Temp Read Blocks": 0, "Temp Written Blocks": 0, "I/O Read Time": 4.861, "I/O Write Time": 0.0}, "Planning Time": 9.516, "Triggers": [], "Execution Time": 902.85}, "template": "scale", "query": "EXPLAIN (ANALYZE, COSTS, BUFFERS, VERBOSE, FORMAT JSON) SELECT COUNT(*) FROM title t,movie_companies mc,movie_info mi,movie_info_idx mi_idx,movie_keyword mk WHERE t.id=mc.movie_id AND t.id=mi.movie_id AND t.id=mi_idx.movie_id AND t.id=mk.movie_id AND t.kind_id<7 AND t.production_year=1969 AND mc.company_id<115151 AND mi.info_type_id=16 AND mi_idx.info_type_id>101 AND mk.keyword_id>1614;"}
{"planinfo": {"Plan": {"Node Type": "Aggregate", "Strategy": "Plain", "Partial Mode": "Simple", "Parallel Aware": false, "Startup Cost": 2506.03, "Total Cost": 2506.04, "Plan Rows": 1, "Plan Width": 8, "Actual Startup Time": 266.405, "Actual Total Time": 266.407, "Actual Rows": 1, "Actual Loops": 1, "Output": ["count(*)"], "Shared Hit Blocks": 9224, "Shared Read Blocks": 2816, "Shared Dirtied Blocks": 0, "Shared Written Blocks": 0, "Local Hit Blocks": 0, "Local Read Blocks": 0, "Local Dirtied Blocks": 0, "Local Written Blocks": 0, "Temp Read Blocks": 0, "Temp Written Blocks": 0, "I/O Read Time": 246.943, "I/O Write Time": 0.0, "Plans": [{"Node Type": "Nested Loop", "Parent Relationship": "Outer", "Parallel Aware": false, "Join Type": "Inner", "Startup Cost": 1.72, "Total Cost": 2506.02, "Plan Rows": 1, "Plan Width": 0, "Actual Startup Time": 68.453, "Actual Total Time": 266.382, "Actual Rows": 57, "Actual Loops": 1, "Inner Unique": false, "Join Filter": "(t.id = mc.movie_id)", "Rows Removed by Join Filter": 0, "Shared Hit Blocks": 9224, "Shared Read Blocks": 2816, "Shared Dirtied Blocks": 0, "Shared Written Blocks": 0, "Local Hit Blocks": 0, "Local Read Blocks": 0, "Local Dirtied Blocks": 0, "Local Written Blocks": 0, "Temp Read Blocks": 0, "Temp Written Blocks": 0, "I/O Read Time": 246.943, "I/O Write Time": 0.0, "Plans": [{"Node Type": "Nested Loop", "Parent Relationship": "Outer", "Parallel Aware": false, "Join Type": "Inner", "Startup Cost": 1.29, "Total Cost": 2505.4, "Plan Rows": 1, "Plan Width": 12, "Actual Startup Time": 68.12, "Actual Total Time": 263.893, "Actual Rows": 18, "Actual Loops": 1, "Output": ["t.id", "mi_idx.movie_id", "mk.movie_id"], "Inner Unique": true, "Shared Hit Blocks": 9159, "Shared Read Blocks": 2794, "Shared Dirtied Blocks": 0, "Shared Written Blocks": 0, "Local Hit Blocks": 0, "Local Read Blocks": 0, "Local Dirtied Blocks": 0, "Local Written Blocks": 0, "Temp Read Blocks": 0, "Temp Written Blocks": 0, "I/O Read Time": 244.659, "I/O Write Time": 0.0, "Plans": [{"Node Type": "Nested Loop", "Parent Relationship": "Outer", "Parallel Aware": false, "Join Type": "Inner", "Startup Cost": 0.86, "Total Cost": 2074.02, "Plan Rows": 740, "Plan Width": 8, "Actual Startup Time": 0.573, "Actual Total Time": 116.196, "Actual Rows": 2093, "Actual Loops": 1, "Output": ["mi_idx.movie_id", "mk.movie_id"], "Inner Unique": false, "Shared Hit Blocks": 2084, "Shared Read Blocks": 1497, "Shared Dirtied Blocks": 0, "Shared Written Blocks": 0, "Local Hit Blocks": 0, "Local Read Blocks": 0, "Local Dirtied Blocks": 0, "Local Written Blocks": 0, "Temp Read Blocks": 0, "Temp Written Blocks": 0, "I/O Read Time": 108.984, "I/O Write Time": 0.0, "Plans": [{"Node Type": "Index Scan", "Parent Relationship": "Outer", "Parallel Aware": false, "Scan Direction": "Forward", "Index Name": "keyword_id_movie_keyword", "Relation Name": "movie_keyword", "Schema": "public", "Alias": "mk", "Startup Cost": 0.43, "Total Cost": 988.56, "Plan Rows": 246, "Plan Width": 4, "Actual Startup Time": 0.438, "Actual Total Time": 77.752, "Actual Rows": 923, "Actual Loops": 1, "Output": ["mk.id", "mk.movie_id", "mk.keyword_id"], "Index Cond": "(mk.keyword_id = 687)", "Rows Removed by Index Recheck": 0, "Shared Hit Blocks": 0, "Shared Read Blocks": 811, "Shared Dirtied Blocks": 0, "Shared Written Blocks": 0, "Local Hit Blocks": 0, "Local Read Blocks": 0, "Local Dirtied Blocks": 0, "Local Written Blocks": 0, "Temp Read Blocks": 0, "Temp Written Blocks": 0, "I/O Read Time": 76.248, "I/O Write Time": 0.0}, {"Node Type": "Index Only Scan", "Parent Relationship": "Inner", "Parallel Aware": false, "Scan Direction": "Forward", "Index Name": "movie_id_movie_info_idx", "Relation Name": "movie_info_idx", "Schema": "public", "Alias": "mi_idx", "Startup Cost": 0.43, "Total Cost": 4.38, "Plan Rows": 3, "Plan Width": 4, "Actual Startup Time": 0.04, "Actual Total Time": 0.041, "Actual Rows": 2, "Actual Loops": 923, "Output": ["mi_idx.movie_id"], "Index Cond": "(mi_idx.movie_id = mk.movie_id)", "Rows Removed by Index Recheck": 0, "Heap Fetches": 0, "Shared Hit Blocks": 2084, "Shared Read Blocks": 686, "Shared Dirtied Blocks": 0, "Shared Written Blocks": 0, "Local Hit Blocks": 0, "Local Read Blocks": 0, "Local Dirtied Blocks": 0, "Local Written Blocks": 0, "Temp Read Blocks": 0, "Temp Written Blocks": 0, "I/O Read Time": 32.736, "I/O Write Time": 0.0}]}, {"Node Type": "Index Scan", "Parent Relationship": "Inner", "Parallel Aware": false, "Scan Direction": "Forward", "Index Name": "title_pkey", "Relation Name": "title", "Schema": "public", "Alias": "t", "Startup Cost": 0.43, "Total Cost": 0.58, "Plan Rows": 1, "Plan Width": 4, "Actual Startup Time": 0.07, "Actual Total Time": 0.07, "Actual Rows": 0, "Actual Loops": 2093, "Output": ["t.id", "t.title", "t.imdb_index", "t.kind_id", "t.production_year", "t.imdb_id", "t.phonetic_code", "t.episode_of_id", "t.season_nr", "t.episode_nr", "t.series_years", "t.md5sum"], "Index Cond": "(t.id = mi_idx.movie_id)", "Rows Removed by Index Recheck": 0, "Filter": "((t.kind_id < 7) AND (t.production_year = 1997))", "Rows Removed by Filter": 1, "Shared Hit Blocks": 7075, "Shared Read Blocks": 1297, "Shared Dirtied Blocks": 0, "Shared Written Blocks": 0, "Local Hit Blocks": 0, "Local Read Blocks": 0, "Local Dirtied Blocks": 0, "Local Written Blocks": 0, "Temp Read Blocks": 0, "Temp Written Blocks": 0, "I/O Read Time": 135.675, "I/O Write Time": 0.0}]}, {"Node Type": "Index Scan", "Parent Relationship": "Inner", "Parallel Aware": false, "Scan Direction": "Forward", "Index Name": "movie_id_movie_companies", "Relation Name": "movie_companies", "Schema": "public", "Alias": "mc", "Startup Cost": 0.43, "Total Cost": 0.62, "Plan Rows": 1, "Plan Width": 4, "Actual Startup Time": 0.103, "Actual Total Time": 0.137, "Actual Rows": 3, "Actual Loops": 18, "Output": ["mc.id", "mc.movie_id", "mc.company_id", "mc.company_type_id", "mc.note"], "Index Cond": "(mc.movie_id = mi_idx.movie_id)", "Rows Removed by Index Recheck": 0, "Filter": "((mc.company_id > 10922) AND (mc.company_type_id < 2))", "Rows Removed by Filter": 4, "Shared Hit Blocks": 65, "Shared Read Blocks": 22, "Shared Dirtied Blocks": 0, "Shared Written Blocks": 0, "Local Hit Blocks": 0, "Local Read Blocks": 0, "Local Dirtied Blocks": 0, "Local Written Blocks": 0, "Temp Read Blocks": 0, "Temp Written Blocks": 0, "I/O Read Time": 2.284, "I/O Write Time": 0.0}]}]}, "Planning": {"Shared Hit Blocks": 318, "Shared Read Blocks": 49, "Shared Dirtied Blocks": 0, "Shared Written Blocks": 0, "Local Hit Blocks": 0, "Local Read Blocks": 0, "Local Dirtied Blocks": 0, "Local Written Blocks": 0, "Temp Read Blocks": 0, "Temp Written Blocks": 0, "I/O Read Time": 3.999, "I/O Write Time": 0.0}, "Planning Time": 6.671, "Triggers": [], "Execution Time": 266.546}, "template": "scale", "query": "EXPLAIN (ANALYZE, COSTS, BUFFERS, VERBOSE, FORMAT JSON) SELECT COUNT(*) FROM title t,movie_companies mc,movie_info_idx mi_idx,movie_keyword mk WHERE t.id=mc.movie_id AND t.id=mi_idx.movie_id AND t.id=mk.movie_id AND t.kind_id<7 AND t.production_year=1997 AND mc.company_id>10922 AND mc.company_type_id<2 AND mk.keyword_id=687;"}
{"planinfo": {"Plan": {"Node Type": "Aggregate", "Strategy": "Plain", "Partial Mode": "Simple", "Parallel Aware": false, "Startup Cost": 3055.81, "Total Cost": 3055.82, "Plan Rows": 1, "Plan Width": 8, "Actual Startup Time": 241.489, "Actual Total Time": 241.491, "Actual Rows": 1, "Actual Loops": 1, "Output": ["count(*)"], "Shared Hit Blocks": 2257, "Shared Read Blocks": 2371, "Shared Dirtied Blocks": 0, "Shared Written Blocks": 0, "Local Hit Blocks": 0, "Local Read Blocks": 0, "Local Dirtied Blocks": 0, "Local Written Blocks": 0, "Temp Read Blocks": 0, "Temp Written Blocks": 0, "I/O Read Time": 232.173, "I/O Write Time": 0.0, "Plans": [{"Node Type": "Nested Loop", "Parent Relationship": "Outer", "Parallel Aware": false, "Join Type": "Inner", "Startup Cost": 0.86, "Total Cost": 3055.26, "Plan Rows": 219, "Plan Width": 0, "Actual Startup Time": 0.586, "Actual Total Time": 241.274, "Actual Rows": 848, "Actual Loops": 1, "Inner Unique": true, "Shared Hit Blocks": 2257, "Shared Read Blocks": 2371, "Shared Dirtied Blocks": 0, "Shared Written Blocks": 0, "Local Hit Blocks": 0, "Local Read Blocks": 0, "Local Dirtied Blocks": 0, "Local Written Blocks": 0, "Temp Read Blocks": 0, "Temp Written Blocks": 0, "I/O Read Time": 232.173, "I/O Write Time": 0.0, "Plans": [{"Node Type": "Index Scan", "Parent Relationship": "Outer", "Parallel Aware": false, "Scan Direction": "Forward", "Index Name": "keyword_id_movie_keyword", "Relation Name": "movie_keyword", "Schema": "public", "Alias": "mk", "Startup Cost": 0.43, "Total Cost": 988.56, "Plan Rows": 246, "Plan Width": 4, "Actual Startup Time": 0.39, "Actual Total Time": 72.19, "Actual Rows": 970, "Actual Loops": 1, "Output": ["mk.id", "mk.movie_id", "mk.keyword_id"], "Index Cond": "(mk.keyword_id = 2218)", "Rows Removed by Index Recheck": 0, "Shared Hit Blocks": 0, "Shared Read Blocks": 748, "Shared Dirtied Blocks": 0, "Shared Written Blocks": 0, "Local Hit Blocks": 0, "Local Read Blocks": 0, "Local Dirtied Blocks": 0, "Local Written Blocks": 0, "Temp Read Blocks": 0, "Temp Written Blocks": 0, "I/O Read Time": 70.62, "I/O Write Time": 0.0}, {"Node Type": "Index Scan", "Parent Relationship": "Inner", "Parallel Aware": false, "Scan Direction": "Forward", "Index Name": "title_pkey", "Relation Name": "title", "Schema": "public", "Alias": "t", "Startup Cost": 0.43, "Total Cost": 8.4, "Plan Rows": 1, "Plan Width": 4, "Actual Startup Time": 0.173, "Actual Total Time": 0.173, "Actual Rows": 1, "Actual Loops": 970, "Output": ["t.id", "t.title", "t.imdb_index", "t.kind_id", "t.production_year", "t.imdb_id", "t.phonetic_code", "t.episode_of_id", "t.season_nr", "t.episode_nr", "t.series_years", "t.md5sum"], "Index Cond": "(t.id = mk.movie_id)", "Rows Removed by Index Recheck": 0, "Filter": "(t.production_year > 1954)", "Rows Removed by Filter": 0, "Shared Hit Blocks": 2257, "Shared Read Blocks": 1623, "Shared Dirtied Blocks": 0, "Shared Written Blocks": 0, "Local Hit Blocks": 0, "Local Read Blocks": 0, "Local Dirtied Blocks": 0, "Local Written Blocks": 0, "Temp Read Blocks": 0, "Temp Written Blocks": 0, "I/O Read Time": 161.553, "I/O Write Time": 0.0}]}]}, "Planning": {"Shared Hit Blocks": 107, "Shared Read Blocks": 26, "Shared Dirtied Blocks": 0, "Shared Written Blocks": 0, "Local Hit Blocks": 0, "Local Read Blocks": 0, "Local Dirtied Blocks": 0, "Local Written Blocks": 0, "Temp Read Blocks": 0, "Temp Written Blocks": 0, "I/O Read Time": 1.783, "I/O Write Time": 0.0}, "Planning Time": 2.679, "Triggers": [], "Execution Time": 241.559}, "template": "scale", "query": "EXPLAIN (ANALYZE, COSTS, BUFFERS, VERBOSE, FORMAT JSON) SELECT COUNT(*) FROM title t,movie_keyword mk WHERE t.id=mk.movie_id AND t.production_year>1954 AND mk.keyword_id=2218;"}
{"planinfo": {"Plan": {"Node Type": "Aggregate", "Strategy": "Plain", "Partial Mode": "Simple", "Parallel Aware": false, "Startup Cost": 38654.49, "Total Cost": 38654.5, "Plan Rows": 1, "Plan Width": 8, "Actual Startup Time": 497.066, "Actual Total Time": 497.067, "Actual Rows": 1, "Actual Loops": 1, "Output": ["count(*)"], "Shared Hit Blocks": 0, "Shared Read Blocks": 12176, "Shared Dirtied Blocks": 0, "Shared Written Blocks": 0, "Local Hit Blocks": 0, "Local Read Blocks": 0, "Local Dirtied Blocks": 0, "Local Written Blocks": 0, "Temp Read Blocks": 0, "Temp Written Blocks": 0, "I/O Read Time": 61.407, "I/O Write Time": 0.0, "Plans": [{"Node Type": "Index Scan", "Parent Relationship": "Outer", "Parallel Aware": false, "Scan Direction": "Forward", "Index Name": "company_type_id_movie_companies", "Relation Name": "movie_companies", "Schema": "public", "Alias": "mc", "Startup Cost": 0.43, "Total Cost": 38297.45, "Plan Rows": 142814, "Plan Width": 0, "Actual Startup Time": 0.284, "Actual Total Time": 471.466, "Actual Rows": 224384, "Actual Loops": 1, "Output": ["id", "movie_id", "company_id", "company_type_id", "note"], "Index Cond": "(mc.company_type_id = 1)", "Rows Removed by Index Recheck": 0, "Filter": "(mc.company_id < 160)", "Rows Removed by Filter": 1049862, "Shared Hit Blocks": 0, "Shared Read Blocks": 12176, "Shared Dirtied Blocks": 0, "Shared Written Blocks": 0, "Local Hit Blocks": 0, "Local Read Blocks": 0, "Local Dirtied Blocks": 0, "Local Written Blocks": 0, "Temp Read Blocks": 0, "Temp Written Blocks": 0, "I/O Read Time": 61.407, "I/O Write Time": 0.0}]}, "Planning": {"Shared Hit Blocks": 66, "Shared Read Blocks": 11, "Shared Dirtied Blocks": 0, "Shared Written Blocks": 0, "Local Hit Blocks": 0, "Local Read Blocks": 0, "Local Dirtied Blocks": 0, "Local Written Blocks": 0, "Temp Read Blocks": 0, "Temp Written Blocks": 0, "I/O Read Time": 0.829, "I/O Write Time": 0.0}, "Planning Time": 1.309, "Triggers": [], "Execution Time": 497.098}, "template": "scale", "query": "EXPLAIN (ANALYZE, COSTS, BUFFERS, VERBOSE, FORMAT JSON) SELECT COUNT(*) FROM movie_companies mc WHERE mc.company_id<160 AND mc.company_type_id=1;"}
{"planinfo": {"Plan": {"Node Type": "Aggregate", "Strategy": "Plain", "Partial Mode": "Simple", "Parallel Aware": false, "Startup Cost": 947948.15, "Total Cost": 947948.16, "Plan Rows": 1, "Plan Width": 8, "Actual Startup Time": 31907.894, "Actual Total Time": 31907.896, "Actual Rows": 1, "Actual Loops": 1, "Output": ["count(*)"], "Shared Hit Blocks": 4279405, "Shared Read Blocks": 71905, "Shared Dirtied Blocks": 0, "Shared Written Blocks": 0, "Local Hit Blocks": 0, "Local Read Blocks": 0, "Local Dirtied Blocks": 0, "Local Written Blocks": 0, "Temp Read Blocks": 0, "Temp Written Blocks": 0, "I/O Read Time": 2942.266, "I/O Write Time": 0.0, "Plans": [{"Node Type": "Merge Join", "Parent Relationship": "Outer", "Parallel Aware": false, "Join Type": "Inner", "Startup Cost": 81.43, "Total Cost": 930456.68, "Plan Rows": 6996585, "Plan Width": 0, "Actual Startup Time": 2616.653, "Actual Total Time": 26417.324, "Actual Rows": 53765709, "Actual Loops": 1, "Inner Unique": false, "Merge Cond": "(t.id = mk.movie_id)", "Shared Hit Blocks": 4279405, "Shared Read Blocks": 71905, "Shared Dirtied Blocks": 0, "Shared Written Blocks": 0, "Local Hit Blocks": 0, "Local Read Blocks": 0, "Local Dirtied Blocks": 0, "Local Written Blocks": 0, "Temp Read Blocks": 0, "Temp Written Blocks": 0, "I/O Read Time": 2942.266, "I/O Write Time": 0.0, "Plans": [{"Node Type": "Nested Loop", "Parent Relationship": "Outer", "Parallel Aware": false, "Join Type": "Inner", "Startup Cost": 0.87, "Total Cost": 713906.98, "Plan Rows": 3910539, "Plan Width": 8, "Actual Startup Time": 320.313, "Actual Total Time": 7612.731, "Actual Rows": 3785581, "Actual Loops": 1, "Output": ["t.id", "ci.movie_id"], "Inner Unique": false, "Shared Hit Blocks": 4279400, "Shared Read Blocks": 63252, "Shared Dirtied Blocks": 0, "Shared Written Blocks": 0, "Local Hit Blocks": 0, "Local Read Blocks": 0, "Local Dirtied Blocks": 0, "Local Written Blocks": 0, "Temp Read Blocks": 0, "Temp Written Blocks": 0, "I/O Read Time": 2891.998, "I/O Write Time": 0.0, "Plans": [{"Node Type": "Index Scan", "Parent Relationship": "Outer", "Parallel Aware": false, "Scan Direction": "Forward", "Index Name": "title_pkey", "Relation Name": "title", "Schema": "public", "Alias": "t", "Startup Cost": 0.43, "Total Cost": 122991.14, "Plan Rows": 272439, "Plan Width": 4, "Actual Startup Time": 320.075, "Actual Total Time": 3209.377, "Actual Rows": 216098, "Actual Loops": 1, "Output": ["t.id", "t.title", "t.imdb_index", "t.kind_id", "t.production_year", "t.imdb_id", "t.phonetic_code", "t.episode_of_id", "t.season_nr", "t.episode_nr", "t.series_years", "t.md5sum"], "Filter": "((t.production_year > 2005) AND (t.kind_id = 1))", "Rows Removed by Filter": 2309875, "Shared Hit Blocks": 2488188, "Shared Read Blocks": 44928, "Shared Dirtied Blocks": 0, "Shared Written Blocks": 0, "Local Hit Blocks": 0, "Local Read Blocks": 0, "Local Dirtied Blocks": 0, "Local Written Blocks": 0, "Temp Read Blocks": 0, "Temp Written Blocks": 0, "I/O Read Time": 1106.863, "I/O Write Time": 0.0}, {"Node Type": "Index Only Scan", "Parent Relationship": "Inner", "Parallel Aware": false, "Scan Direction": "Forward", "Index Name": "movie_id_cast_info", "Relation Name": "cast_info", "Schema": "public", "Alias": "ci", "Startup Cost": 0.44, "Total Cost": 1.8, "Plan Rows": 37, "Plan Width": 4, "Actual Startup Time": 0.013, "Actual Total Time": 0.017, "Actual Rows": 18, "Actual Loops": 216098, "Output": ["ci.movie_id"], "Index Cond": "(ci.movie_id = t.id)", "Rows Removed by Index Recheck": 0, "Heap Fetches": 0, "Shared Hit Blocks": 1791212, "Shared Read Blocks": 18324, "Shared Dirtied Blocks": 0, "Shared Written Blocks": 0, "Local Hit Blocks": 0, "Local Read Blocks": 0, "Local Dirtied Blocks": 0, "Local Written Blocks": 0, "Temp Read Blocks": 0, "Temp Written Blocks": 0, "I/O Read Time": 1785.136, "I/O Write Time": 0.0}]}, {"Node Type": "Materialize", "Parent Relationship": "Inner", "Parallel Aware": false, "Startup Cost": 0.43, "Total Cost": 113917.21, "Plan Rows": 4523930, "Plan Width": 4, "Actual Startup Time": 0.041, "Actual Total Time": 6012.001, "Actual Rows": 57607661, "Actual Loops": 1, "Output": ["mk.movie_id"], "Shared Hit Blocks": 5, "Shared Read Blocks": 8653, "Shared Dirtied Blocks": 0, "Shared Written Blocks": 0, "Local Hit Blocks": 0, "Local Read Blocks": 0, "Local Dirtied Blocks": 0, "Local Written Blocks": 0, "Temp Read Blocks": 0, "Temp Written Blocks": 0, "I/O Read Time": 50.268, "I/O Write Time": 0.0, "Plans": [{"Node Type": "Index Only Scan", "Parent Relationship": "Outer", "Parallel Aware": false, "Scan Direction": "Forward", "Index Name": "movie_id_movie_keyword", "Relation Name": "movie_keyword", "Schema": "public", "Alias": "mk", "Startup Cost": 0.43, "Total Cost": 102607.38, "Plan Rows": 4523930, "Plan Width": 4, "Actual Startup Time": 0.035, "Actual Total Time": 808.809, "Actual Rows": 4523930, "Actual Loops": 1, "Output": ["mk.movie_id"], "Heap Fetches": 0, "Shared Hit Blocks": 5, "Shared Read Blocks": 8653, "Shared Dirtied Blocks": 0, "Shared Written Blocks": 0, "Local Hit Blocks": 0, "Local Read Blocks": 0, "Local Dirtied Blocks": 0, "Local Written Blocks": 0, "Temp Read Blocks": 0, "Temp Written Blocks": 0, "I/O Read Time": 50.268, "I/O Write Time": 0.0}]}]}]}, "Planning": {"Shared Hit Blocks": 208, "Shared Read Blocks": 41, "Shared Dirtied Blocks": 0, "Shared Written Blocks": 0, "Local Hit Blocks": 0, "Local Read Blocks": 0, "Local Dirtied Blocks": 0, "Local Written Blocks": 0, "Temp Read Blocks": 0, "Temp Written Blocks": 0, "I/O Read Time": 3.093, "I/O Write Time": 0.0}, "Planning Time": 4.774, "Triggers": [], "Execution Time": 31908.059}, "template": "scale", "query": "EXPLAIN (ANALYZE, COSTS, BUFFERS, VERBOSE, FORMAT JSON) SELECT COUNT(*) FROM title t,cast_info ci,movie_keyword mk WHERE t.id=ci.movie_id AND t.id=mk.movie_id AND t.kind_id=1 AND t.production_year>2005;"}
{"planinfo": {"Plan": {"Node Type": "Aggregate", "Strategy": "Plain", "Partial Mode": "Simple", "Parallel Aware": false, "Startup Cost": 968.76, "Total Cost": 968.77, "Plan Rows": 1, "Plan Width": 8, "Actual Startup Time": 44.655, "Actual Total Time": 44.658, "Actual Rows": 1, "Actual Loops": 1, "Output": ["count(*)"], "Shared Hit Blocks": 404, "Shared Read Blocks": 743, "Shared Dirtied Blocks": 0, "Shared Written Blocks": 0, "Local Hit Blocks": 0, "Local Read Blocks": 0, "Local Dirtied Blocks": 0, "Local Written Blocks": 0, "Temp Read Blocks": 0, "Temp Written Blocks": 0, "I/O Read Time": 42.496, "I/O Write Time": 0.0, "Plans": [{"Node Type": "Nested Loop", "Parent Relationship": "Outer", "Parallel Aware": false, "Join Type": "Inner", "Startup Cost": 2.17, "Total Cost": 961.87, "Plan Rows": 2754, "Plan Width": 0, "Actual Startup Time": 41.896, "Actual Total Time": 44.59, "Actual Rows": 455, "Actual Loops": 1, "Inner Unique": false, "Shared Hit Blocks": 404, "Shared Read Blocks": 743, "Shared Dirtied Blocks": 0, "Shared Written Blocks": 0, "Local Hit Blocks": 0, "Local Read Blocks": 0, "Local Dirtied Blocks": 0, "Local Written Blocks": 0, "Temp Read Blocks": 0, "Temp Written Blocks": 0, "I/O Read Time": 42.496, "I/O Write Time": 0.0, "Plans": [{"Node Type": "Nested Loop", "Parent Relationship": "Outer", "Parallel Aware": false, "Join Type": "Inner", "Startup Cost": 1.73, "Total Cost": 643.11, "Plan Rows": 192, "Plan Width": 16, "Actual Startup Time": 41.57, "Actual Total Time": 43.883, "Actual Rows": 35, "Actual Loops": 1, "Output": ["t.id", "mc.movie_id", "mi.movie_id", "mk.movie_id"], "Inner Unique": false, "Shared Hit Blocks": 95, "Shared Read Blocks": 737, "Shared Dirtied Blocks": 0, "Shared Written Blocks": 0, "Local Hit Blocks": 0, "Local Read Blocks": 0, "Local Dirtied Blocks": 0, "Local Written Blocks": 0, "Temp Read Blocks": 0, "Temp Written Blocks": 0, "I/O Read Time": 42.164, "I/O Write Time": 0.0, "Plans": [{"Node Type": "Nested Loop", "Parent Relationship": "Outer", "Parallel Aware": false, "Join Type": "Inner", "Startup Cost": 1.29, "Total Cost": 592.01, "Plan Rows": 33, "Plan Width": 12, "Actual Startup Time": 41.362, "Actual Total Time": 43.537, "Actual Rows": 5, "Actual Loops": 1, "Output": ["t.id", "mc.movie_id", "mk.movie_id"], "Inner Unique": false, "Shared Hit Blocks": 68, "Shared Read Blocks": 734, "Shared Dirtied Blocks": 0, "Shared Written Blocks": 0, "Local Hit Blocks": 0, "Local Read Blocks": 0, "Local Dirtied Blocks": 0, "Local Written Blocks": 0, "Temp Read Blocks": 0, "Temp Written Blocks": 0, "I/O Read Time": 41.872, "I/O Write Time": 0.0, "Plans": [{"Node Type": "Nested Loop", "Parent Relationship": "Outer", "Parallel Aware": false, "Join Type": "Inner", "Startup Cost": 0.86, "Total Cost": 509.07, "Plan Rows": 53, "Plan Width": 8, "Actual Startup Time": 35.495, "Actual Total Time": 40.061, "Actual Rows": 21, "Actual Loops": 1, "Output": ["t.id", "mc.movie_id"], "Inner Unique": true, "Shared Hit Blocks": 37, "Shared Read Blocks": 701, "Shared Dirtied Blocks": 0, "Shared Written Blocks": 0, "Local Hit Blocks": 0, "Local Read Blocks": 0, "Local Dirtied Blocks": 0, "Local Written Blocks": 0, "Temp Read Blocks": 0, "Temp Written Blocks": 0, "I/O Read Time": 38.55, "I/O Write Time": 0.0, "Plans": [{"Node Type": "Index Scan", "Parent Relationship": "Outer", "Parallel Aware": false, "Scan Direction": "Forward", "Index Name": "company_id_movie_companies", "Relation Name": "movie_companies", "Schema": "public", "Alias": "mc", "Startup Cost": 0.43, "Total Cost": 273.35, "Plan Rows": 53, "Plan Width": 4, "Actual Startup Time": 35.259, "Actual Total Time": 37.067, "Actual Rows": 21, "Actual Loops": 1, "Output": ["mc.id", "mc.movie_id", "mc.company_id", "mc.company_type_id", "mc.note"], "Index Cond": "(mc.company_id = 1627)", "Rows Removed by Index Recheck": 0, "Filter": "(mc.company_type_id > 1)", "Rows Removed by Filter": 729, "Shared Hit Blocks": 0, "Shared Read Blocks": 673, "Shared Dirtied Blocks": 0, "Shared Written Blocks": 0, "Local Hit Blocks": 0, "Local Read Blocks": 0, "Local Dirtied Blocks": 0, "Local Written Blocks": 0, "Temp Read Blocks": 0, "Temp Written Blocks": 0, "I/O Read Time": 35.723, "I/O Write Time": 0.0}, {"Node Type": "Index Only Scan", "Parent Relationship": "Inner", "Parallel Aware": false, "Scan Direction": "Forward", "Index Name": "title_pkey", "Relation Name": "title", "Schema": "public", "Alias": "t", "Startup Cost": 0.43, "Total Cost": 4.45, "Plan Rows": 1, "Plan Width": 4, "Actual Startup Time": 0.141, "Actual Total Time": 0.141, "Actual Rows": 1, "Actual Loops": 21, "Output": ["t.id"], "Index Cond": "(t.id = mc.movie_id)", "Rows Removed by Index Recheck": 0, "Heap Fetches": 0, "Shared Hit Blocks": 37, "Shared Read Blocks": 28, "Shared Dirtied Blocks": 0, "Shared Written Blocks": 0, "Local Hit Blocks": 0, "Local Read Blocks": 0, "Local Dirtied Blocks": 0, "Local Written Blocks": 0, "Temp Read Blocks": 0, "Temp Written Blocks": 0, "I/O Read Time": 2.828, "I/O Write Time": 0.0}]}, {"Node Type": "Index Scan", "Parent Relationship": "Inner", "Parallel Aware": false, "Scan Direction": "Forward", "Index Name": "movie_id_movie_keyword", "Relation Name": "movie_keyword", "Schema": "public", "Alias": "mk", "Startup Cost": 0.43, "Total Cost": 1.4, "Plan Rows": 16, "Plan Width": 4, "Actual Startup Time": 0.164, "Actual Total Time": 0.165, "Actual Rows": 0, "Actual Loops": 21, "Output": ["mk.id", "mk.movie_id", "mk.keyword_id"], "Index Cond": "(mk.movie_id = t.id)", "Rows Removed by Index Recheck": 0, "Filter": "(mk.keyword_id > 9986)", "Rows Removed by Filter": 0, "Shared Hit Blocks": 31, "Shared Read Blocks": 33, "Shared Dirtied Blocks": 0, "Shared Written Blocks": 0, "Local Hit Blocks": 0, "Local Read Blocks": 0, "Local Dirtied Blocks": 0, "Local Written Blocks": 0, "Temp Read Blocks": 0, "Temp Written Blocks": 0, "I/O Read Time": 3.321, "I/O Write Time": 0.0}]}, {"Node Type": "Index Only Scan", "Parent Relationship": "Inner", "Parallel Aware": false, "Scan Direction": "Forward", "Index Name": "movie_id_movie_info", "Relation Name": "movie_info", "Schema": "public", "Alias": "mi", "Startup Cost": 0.43, "Total Cost": 1.16, "Plan Rows": 39, "Plan Width": 4, "Actual Startup Time": 0.045, "Actual Total Time": 0.067, "Actual Rows": 7, "Actual Loops": 5, "Output": ["mi.movie_id"], "Index Cond": "(mi.movie_id = t.id)", "Rows Removed by Index Recheck": 0, "Heap Fetches": 0, "Shared Hit Blocks": 27, "Shared Read Blocks": 3, "Shared Dirtied Blocks": 0, "Shared Written Blocks": 0, "Local Hit Blocks": 0, "Local Read Blocks": 0, "Local Dirtied Blocks": 0, "Local Written Blocks": 0, "Temp Read Blocks": 0, "Temp Written Blocks": 0, "I/O Read Time": 0.292, "I/O Write Time": 0.0}]}, {"Node Type": "Index Only Scan", "Parent Relationship": "Inner", "Parallel Aware": false, "Scan Direction": "Forward", "Index Name": "movie_id_cast_info", "Relation Name": "cast_info", "Schema": "public", "Alias": "ci", "Startup Cost": 0.44, "Total Cost": 1.29, "Plan Rows": 37, "Plan Width": 4, "Actual Startup Time": 0.013, "Actual Total Time": 0.018, "Actual Rows": 13, "Actual Loops": 35, "Output": ["ci.movie_id"], "Index Cond": "(ci.movie_id = t.id)", "Rows Removed by Index Recheck": 0, "Heap Fetches": 0, "Shared Hit Blocks": 309, "Shared Read Blocks": 6, "Shared Dirtied Blocks": 0, "Shared Written Blocks": 0, "Local Hit Blocks": 0, "Local Read Blocks": 0, "Local Dirtied Blocks": 0, "Local Written Blocks": 0, "Temp Read Blocks": 0, "Temp Written Blocks": 0, "I/O Read Time": 0.332, "I/O Write Time": 0.0}]}]}, "Planning": {"Shared Hit Blocks": 480, "Shared Read Blocks": 64, "Shared Dirtied Blocks": 0, "Shared Written Blocks": 0, "Local Hit Blocks": 0, "Local Read Blocks": 0, "Local Dirtied Blocks": 0, "Local Written Blocks": 0, "Temp Read Blocks": 0, "Temp Written Blocks": 0, "I/O Read Time": 5.185, "I/O Write Time": 0.0}, "Planning Time": 9.613, "Triggers": [], "Execution Time": 44.803}, "template": "scale", "query": "EXPLAIN (ANALYZE, COSTS, BUFFERS, VERBOSE, FORMAT JSON) SELECT COUNT(*) FROM title t,movie_companies mc,cast_info ci,movie_info mi,movie_keyword mk WHERE t.id=mc.movie_id AND t.id=ci.movie_id AND t.id=mi.movie_id AND t.id=mk.movie_id AND mc.company_id=1627 AND mc.company_type_id>1 AND mk.keyword_id>9986;"}
{"planinfo": {"Plan": {"Node Type": "Aggregate", "Strategy": "Plain", "Partial Mode": "Simple", "Parallel Aware": false, "Startup Cost": 198177.48, "Total Cost": 198177.49, "Plan Rows": 1, "Plan Width": 8, "Actual Startup Time": 3660.644, "Actual Total Time": 3660.649, "Actual Rows": 1, "Actual Loops": 1, "Output": ["count(*)"], "Shared Hit Blocks": 521400, "Shared Read Blocks": 55779, "Shared Dirtied Blocks": 0, "Shared Written Blocks": 0, "Local Hit Blocks": 0, "Local Read Blocks": 0, "Local Dirtied Blocks": 0, "Local Written Blocks": 0, "Temp Read Blocks": 2158, "Temp Written Blocks": 2158, "I/O Read Time": 1290.524, "I/O Write Time": 0.0, "Plans": [{"Node Type": "Nested Loop", "Parent Relationship": "Outer", "Parallel Aware": false, "Join Type": "Inner", "Startup Cost": 69215.28, "Total Cost": 196256.02, "Plan Rows": 768584, "Plan Width": 0, "Actual Startup Time": 559.653, "Actual Total Time": 3466.773, "Actual Rows": 1756832, "Actual Loops": 1, "Inner Unique": false, "Join Filter": "(t.id = ci.movie_id)", "Rows Removed by Join Filter": 0, "Shared Hit Blocks": 521400, "Shared Read Blocks": 55779, "Shared Dirtied Blocks": 0, "Shared Written Blocks": 0, "Local Hit Blocks": 0, "Local Read Blocks": 0, "Local Dirtied Blocks": 0, "Local Written Blocks": 0, "Temp Read Blocks": 2158, "Temp Written Blocks": 2158, "I/O Read Time": 1290.524, "I/O Write Time": 0.0, "Plans": [{"Node Type": "Hash Join", "Parent Relationship": "Outer", "Parallel Aware": false, "Join Type": "Inner", "Startup Cost": 69214.84, "Total Cost": 105738.79, "Plan Rows": 53546, "Plan Width": 8, "Actual Startup Time": 559.395, "Actual Total Time": 1333.256, "Actual Rows": 57870, "Actual Loops": 1, "Output": ["t.id", "mi_idx.movie_id"], "Inner Unique": true, "Hash Cond": "(mi_idx.movie_id = t.id)", "Shared Hit Blocks": 3, "Shared Read Blocks": 43933, "Shared Dirtied Blocks": 0, "Shared Written Blocks": 0, "Local Hit Blocks": 0, "Local Read Blocks": 0, "Local Dirtied Blocks": 0, "Local Written Blocks": 0, "Temp Read Blocks": 2158, "Temp Written Blocks": 2158, "I/O Read Time": 107.679, "I/O Write Time": 0.0, "Plans": [{"Node Type": "Seq Scan", "Parent Relationship": "Outer", "Parallel Aware": false, "Relation Name": "movie_info_idx", "Schema": "public", "Alias": "mi_idx", "Startup Cost": 0.0, "Total Cost": 21735.35, "Plan Rows": 1380035, "Plan Width": 4, "Actual Startup Time": 0.123, "Actual Total Time": 309.967, "Actual Rows": 1380035, "Actual Loops": 1, "Output": ["mi_idx.movie_id"], "Shared Hit Blocks": 0, "Shared Read Blocks": 7935, "Shared Dirtied Blocks": 0, "Shared Written Blocks": 0, "Local Hit Blocks": 0, "Local Read Blocks": 0, "Local Dirtied Blocks": 0, "Local Written Blocks": 0, "Temp Read Blocks": 0, "Temp Written Blocks": 0, "I/O Read Time": 42.919, "I/O Write Time": 0.0}, {"Node Type": "Hash", "Parent Relationship": "Inner", "Parallel Aware": false, "Startup Cost": 67604.5, "Total Cost": 67604.5, "Plan Rows": 98107, "Plan Width": 4, "Actual Startup Time": 558.233, "Actual Total Time": 558.235, "Actual Rows": 95005, "Actual Loops": 1, "Output": ["t.id"], "Hash Buckets": 131072, "Original Hash Buckets": 131072, "Hash Batches": 2, "Original Hash Batches": 2, "Peak Memory Usage": 2716, "Shared Hit Blocks": 0, "Shared Read Blocks": 35998, "Shared Dirtied Blocks": 0, "Shared Written Blocks": 0, "Local Hit Blocks": 0, "Local Read Blocks": 0, "Local Dirtied Blocks": 0, "Local Written Blocks": 0, "Temp Read Blocks": 0, "Temp Written Blocks": 137, "I/O Read Time": 64.76, "I/O Write Time": 0.0, "Plans": [{"Node Type": "Seq Scan", "Parent Relationship": "Outer", "Parallel Aware": false, "Relation Name": "title", "Schema": "public", "Alias": "t", "Startup Cost": 0.0, "Total Cost": 67604.5, "Plan Rows": 98107, "Plan Width": 4, "Actual Startup Time": 0.142, "Actual Total Time": 517.486, "Actual Rows": 95005, "Actual Loops": 1, "Output": ["t.id"], "Filter": "(t.production_year = 2005)", "Rows Removed by Filter": 2433307, "Shared Hit Blocks": 0, "Shared Read Blocks": 35998, "Shared Dirtied Blocks": 0, "Shared Written Blocks": 0, "Local Hit Blocks": 0, "Local Read Blocks": 0, "Local Dirtied Blocks": 0, "Local Written Blocks": 0, "Temp Read Blocks": 0, "Temp Written Blocks": 0, "I/O Read Time": 64.76, "I/O Write Time": 0.0}]}]}, {"Node Type": "Index Only Scan", "Parent Relationship": "Inner", "Parallel Aware": false, "Scan Direction": "Forward", "Index Name": "movie_id_cast_info", "Relation Name": "cast_info", "Schema": "public", "Alias": "ci", "Startup Cost": 0.44, "Total Cost": 1.23, "Plan Rows": 37, "Plan Width": 4, "Actual Startup Time": 0.026, "Actual Total Time": 0.031, "Actual Rows": 30, "Actual Loops": 57870, "Output": ["ci.movie_id"], "Index Cond": "(ci.movie_id = mi_idx.movie_id)", "Rows Removed by Index Recheck": 0, "Heap Fetches": 0, "Shared Hit Blocks": 521397, "Shared Read Blocks": 11846, "Shared Dirtied Blocks": 0, "Shared Written Blocks": 0, "Local Hit Blocks": 0, "Local Read Blocks": 0, "Local Dirtied Blocks": 0, "Local Written Blocks": 0, "Temp Read Blocks": 0, "Temp Written Blocks": 0, "I/O Read Time": 1182.846, "I/O Write Time": 0.0}]}]}, "Planning": {"Shared Hit Blocks": 202, "Shared Read Blocks": 42, "Shared Dirtied Blocks": 0, "Shared Written Blocks": 0, "Local Hit Blocks": 0, "Local Read Blocks": 0, "Local Dirtied Blocks": 0, "Local Written Blocks": 0, "Temp Read Blocks": 0, "Temp Written Blocks": 0, "I/O Read Time": 3.331, "I/O Write Time": 0.0}, "Planning Time": 5.129, "Triggers": [], "Execution Time": 3660.925}, "template": "scale", "query": "EXPLAIN (ANALYZE, COSTS, BUFFERS, VERBOSE, FORMAT JSON) SELECT COUNT(*) FROM title t,cast_info ci,movie_info_idx mi_idx WHERE t.id=ci.movie_id AND t.id=mi_idx.movie_id AND t.production_year=2005;"}
{"planinfo": {"Plan": {"Node Type": "Aggregate", "Strategy": "Plain", "Partial Mode": "Simple", "Parallel Aware": false, "Startup Cost": 202385.77, "Total Cost": 202385.78, "Plan Rows": 1, "Plan Width": 8, "Actual Startup Time": 3847.431, "Actual Total Time": 3847.435, "Actual Rows": 1, "Actual Loops": 1, "Output": ["count(*)"], "Shared Hit Blocks": 3, "Shared Read Blocks": 60452, "Shared Dirtied Blocks": 0, "Shared Written Blocks": 0, "Local Hit Blocks": 0, "Local Read Blocks": 0, "Local Dirtied Blocks": 0, "Local Written Blocks": 0, "Temp Read Blocks": 12489, "Temp Written Blocks": 12489, "I/O Read Time": 199.275, "I/O Write Time": 0.0, "Plans": [{"Node Type": "Hash Join", "Parent Relationship": "Outer", "Parallel Aware": false, "Join Type": "Inner", "Startup Cost": 81569.3, "Total Cost": 200301.94, "Plan Rows": 833534, "Plan Width": 0, "Actual Startup Time": 683.83, "Actual Total Time": 3707.761, "Actual Rows": 1320062, "Actual Loops": 1, "Inner Unique": true, "Hash Cond": "(mk.movie_id = t.id)", "Shared Hit Blocks": 3, "Shared Read Blocks": 60452, "Shared Dirtied Blocks": 0, "Shared Written Blocks": 0, "Local Hit Blocks": 0, "Local Read Blocks": 0, "Local Dirtied Blocks": 0, "Local Written Blocks": 0, "Temp Read Blocks": 12489, "Temp Written Blocks": 12489, "I/O Read Time": 199.275, "I/O Write Time": 0.0, "Plans": [{"Node Type": "Seq Scan", "Parent Relationship": "Outer", "Parallel Aware": false, "Relation Name": "movie_keyword", "Schema": "public", "Alias": "mk", "Startup Cost": 0.0, "Total Cost": 69693.3, "Plan Rows": 4523930, "Plan Width": 4, "Actual Startup Time": 0.128, "Actual Total Time": 970.865, "Actual Rows": 4523930, "Actual Loops": 1, "Output": ["mk.movie_id"], "Shared Hit Blocks": 0, "Shared Read Blocks": 24454, "Shared Dirtied Blocks": 0, "Shared Written Blocks": 0, "Local Hit Blocks": 0, "Local Read Blocks": 0, "Local Dirtied Blocks": 0, "Local Written Blocks": 0, "Temp Read Blocks": 0, "Temp Written Blocks": 0, "I/O Read Time": 135.274, "I/O Write Time": 0.0}, {"Node Type": "Hash", "Parent Relationship": "Inner", "Parallel Aware": false, "Startup Cost": 73925.8, "Total Cost": 73925.8, "Plan Rows": 465880, "Plan Width": 4, "Actual Startup Time": 683.058, "Actual Total Time": 683.059, "Actual Rows": 352583, "Actual Loops": 1, "Output": ["t.id"], "Hash Buckets": 131072, "Original Hash Buckets": 131072, "Hash Batches": 8, "Original Hash Batches": 8, "Peak Memory Usage": 2579, "Shared Hit Blocks": 0, "Shared Read Blocks": 35998, "Shared Dirtied Blocks": 0, "Shared Written Blocks": 0, "Local Hit Blocks": 0, "Local Read Blocks": 0, "Local Dirtied Blocks": 0, "Local Written Blocks": 0, "Temp Read Blocks": 0, "Temp Written Blocks": 900, "I/O Read Time": 64.001, "I/O Write Time": 0.0, "Plans": [{"Node Type": "Seq Scan", "Parent Relationship": "Outer", "Parallel Aware": false, "Relation Name": "title", "Schema": "public", "Alias": "t", "Startup Cost": 0.0, "Total Cost": 73925.8, "Plan Rows": 465880, "Plan Width": 4, "Actual Startup Time": 0.136, "Actual Total Time": 562.693, "Actual Rows": 352583, "Actual Loops": 1, "Output": ["t.id"], "Filter": "((t.kind_id < 3) AND (t.production_year > 1997))", "Rows Removed by Filter": 2175729, "Shared Hit Blocks": 0, "Shared Read Blocks": 35998, "Shared Dirtied Blocks": 0, "Shared Written Blocks": 0, "Local Hit Blocks": 0, "Local Read Blocks": 0, "Local Dirtied Blocks": 0, "Local Written Blocks": 0, "Temp Read Blocks": 0, "Temp Written Blocks": 0, "I/O Read Time": 64.001, "I/O Write Time": 0.0}]}]}]}, "Planning": {"Shared Hit Blocks": 104, "Shared Read Blocks": 26, "Shared Dirtied Blocks": 0, "Shared Written Blocks": 0, "Local Hit Blocks": 0, "Local Read Blocks": 0, "Local Dirtied Blocks": 0, "Local Written Blocks": 0, "Temp Read Blocks": 0, "Temp Written Blocks": 0, "I/O Read Time": 1.809, "I/O Write Time": 0.0}, "Planning Time": 2.693, "Triggers": [], "Execution Time": 3847.595}, "template": "scale", "query": "EXPLAIN (ANALYZE, COSTS, BUFFERS, VERBOSE, FORMAT JSON) SELECT COUNT(*) FROM title t,movie_keyword mk WHERE t.id=mk.movie_id AND t.kind_id<3 AND t.production_year>1997;"}
{"planinfo": {"Plan": {"Node Type": "Aggregate", "Strategy": "Plain", "Partial Mode": "Simple", "Parallel Aware": false, "Startup Cost": 549087.54, "Total Cost": 549087.55, "Plan Rows": 1, "Plan Width": 8, "Actual Startup Time": 4615.464, "Actual Total Time": 4615.47, "Actual Rows": 1, "Actual Loops": 1, "Output": ["count(*)"], "Shared Hit Blocks": 12815, "Shared Read Blocks": 206203, "Shared Dirtied Blocks": 0, "Shared Written Blocks": 0, "Local Hit Blocks": 0, "Local Read Blocks": 0, "Local Dirtied Blocks": 0, "Local Written Blocks": 0, "Temp Read Blocks": 5995, "Temp Written Blocks": 5995, "I/O Read Time": 410.743, "I/O Write Time": 0.0, "Plans": [{"Node Type": "Nested Loop", "Parent Relationship": "Outer", "Parallel Aware": false, "Join Type": "Inner", "Startup Cost": 125271.4, "Total Cost": 548227.09, "Plan Rows": 344180, "Plan Width": 0, "Actual Startup Time": 2824.977, "Actual Total Time": 4607.891, "Actual Rows": 65833, "Actual Loops": 1, "Inner Unique": false, "Shared Hit Blocks": 12815, "Shared Read Blocks": 206203, "Shared Dirtied Blocks": 0, "Shared Written Blocks": 0, "Local Hit Blocks": 0, "Local Read Blocks": 0, "Local Dirtied Blocks": 0, "Local Written Blocks": 0, "Temp Read Blocks": 5995, "Temp Written Blocks": 5995, "I/O Read Time": 410.743, "I/O Write Time": 0.0, "Plans": [{"Node Type": "Nested Loop", "Parent Relationship": "Outer", "Parallel Aware": false, "Join Type": "Inner", "Startup Cost": 125270.96, "Total Cost": 509046.02, "Plan Rows": 23978, "Plan Width": 16, "Actual Startup Time": 2824.656, "Actual Total Time": 4568.983, "Actual Rows": 1203, "Actual Loops": 1, "Output": ["t.id", "mi.movie_id", "mi_idx.movie_id", "mk.movie_id"], "Inner Unique": false, "Shared Hit Blocks": 295, "Shared Read Blocks": 206083, "Shared Dirtied Blocks": 0, "Shared Written Blocks": 0, "Local Hit Blocks": 0, "Local Read Blocks": 0, "Local Dirtied Blocks": 0, "Local Written Blocks": 0, "Temp Read Blocks": 5995, "Temp Written Blocks": 5995, "I/O Read Time": 399.397, "I/O Write Time": 0.0, "Plans": [{"Node Type": "Hash Join", "Parent Relationship": "Outer", "Parallel Aware": false, "Join Type": "Inner", "Startup Cost": 125270.53, "Total Cost": 482798.5, "Plan Rows": 13965, "Plan Width": 12, "Actual Startup Time": 2824.491, "Actual Total Time": 4552.209, "Actual Rows": 117, "Actual Loops": 1, "Output": ["t.id", "mi.movie_id", "mi_idx.movie_id"], "Inner Unique": false, "Hash Cond": "(t.id = mi_idx.movie_id)", "Shared Hit Blocks": 3, "Shared Read Blocks": 205926, "Shared Dirtied Blocks": 0, "Shared Written Blocks": 0, "Local Hit Blocks": 0, "Local Read Blocks": 0, "Local Dirtied Blocks": 0, "Local Written Blocks": 0, "Temp Read Blocks": 5995, "Temp Written Blocks": 5995, "I/O Read Time": 384.358, "I/O Write Time": 0.0, "Plans": [{"Node Type": "Hash Join", "Parent Relationship": "Outer", "Parallel Aware": false, "Join Type": "Inner", "Startup Cost": 92597.36, "Total Cost": 447113.11, "Plan Rows": 77373, "Plan Width": 8, "Actual Startup Time": 2375.824, "Actual Total Time": 4047.303, "Actual Rows": 210, "Actual Loops": 1, "Output": ["t.id", "mi.movie_id"], "Inner Unique": true, "Hash Cond": "(mi.movie_id = t.id)", "Shared Hit Blocks": 0, "Shared Read Blocks": 197991, "Shared Dirtied Blocks": 0, "Shared Written Blocks": 0, "Local Hit Blocks": 0, "Local Read Blocks": 0, "Local Dirtied Blocks": 0, "Local Written Blocks": 0, "Temp Read Blocks": 4806, "Temp Written Blocks": 4806, "I/O Read Time": 342.866, "I/O Write Time": 0.0, "Plans": [{"Node Type": "Seq Scan", "Parent Relationship": "Outer", "Parallel Aware": false, "Relation Name": "movie_info", "Schema": "public", "Alias": "mi", "Startup Cost": 0.0, "Total Cost": 347223.62, "Plan Rows": 128427, "Plan Width": 4, "Actual Startup Time": 1268.26, "Actual Total Time": 2672.395, "Actual Rows": 140065, "Actual Loops": 1, "Output": ["mi.movie_id"], "Filter": "(mi.info_type_id = 9)", "Rows Removed by Filter": 14695655, "Shared Hit Blocks": 0, "Shared Read Blocks": 161993, "Shared Dirtied Blocks": 0, "Shared Written Blocks": 0, "Local Hit Blocks": 0, "Local Read Blocks": 0, "Local Dirtied Blocks": 0, "Local Written Blocks": 0, "Temp Read Blocks": 0, "Temp Written Blocks": 0, "I/O Read Time": 282.533, "I/O Write Time": 0.0}, {"Node Type": "Hash", "Parent Relationship": "Inner", "Parallel Aware": false, "Startup Cost": 67604.5, "Total Cost": 67604.5, "Plan Rows": 1523349, "Plan Width": 4, "Actual Startup Time": 1105.546, "Actual Total Time": 1105.547, "Actual Rows": 1543264, "Actual Loops": 1, "Output": ["t.id"], "Hash Buckets": 131072, "Original Hash Buckets": 131072, "Hash Batches": 32, "Original Hash Batches": 32, "Peak Memory Usage": 2722, "Shared Hit Blocks": 0, "Shared Read Blocks": 35998, "Shared Dirtied Blocks": 0, "Shared Written Blocks": 0, "Local Hit Blocks": 0, "Local Read Blocks": 0, "Local Dirtied Blocks": 0, "Local Written Blocks": 0, "Temp Read Blocks": 0, "Temp Written Blocks": 4365, "I/O Read Time": 60.333, "I/O Write Time": 0.0, "Plans": [{"Node Type": "Seq Scan", "Parent Relationship": "Outer", "Parallel Aware": false, "Relation Name": "title", "Schema": "public", "Alias": "t", "Startup Cost": 0.0, "Total Cost": 67604.5, "Plan Rows": 1523349, "Plan Width": 4, "Actual Startup Time": 1.36, "Actual Total Time": 635.539, "Actual Rows": 1543264, "Actual Loops": 1, "Output": ["t.id"], "Filter": "(t.kind_id = 7)", "Rows Removed by Filter": 985048, "Shared Hit Blocks": 0, "Shared Read Blocks": 35998, "Shared Dirtied Blocks": 0, "Shared Written Blocks": 0, "Local Hit Blocks": 0, "Local Read Blocks": 0, "Local Dirtied Blocks": 0, "Local Written Blocks": 0, "Temp Read Blocks": 0, "Temp Written Blocks": 0, "I/O Read Time": 60.333, "I/O Write Time": 0.0}]}]}, {"Node Type": "Hash", "Parent Relationship": "Inner", "Parallel Aware": false, "Startup Cost": 25185.44, "Total Cost": 25185.44, "Plan Rows": 456378, "Plan Width": 4, "Actual Startup Time": 448.253, "Actual Total Time": 448.254, "Actual Rows": 459925, "Actual Loops": 1, "Output": ["mi_idx.movie_id"], "Hash Buckets": 131072, "Original Hash Buckets": 131072, "Hash Batches": 8, "Original Hash Batches": 8, "Peak Memory Usage": 3050, "Shared Hit Blocks": 0, "Shared Read Blocks": 7935, "Shared Dirtied Blocks": 0, "Shared Written Blocks": 0, "Local Hit Blocks": 0, "Local Read Blocks": 0, "Local Dirtied Blocks": 0, "Local Written Blocks": 0, "Temp Read Blocks": 0, "Temp Written Blocks": 1175, "I/O Read Time": 41.492, "I/O Write Time": 0.0, "Plans": [{"Node Type": "Seq Scan", "Parent Relationship": "Outer", "Parallel Aware": false, "Relation Name": "movie_info_idx", "Schema": "public", "Alias": "mi_idx", "Startup Cost": 0.0, "Total Cost": 25185.44, "Plan Rows": 456378, "Plan Width": 4, "Actual Startup Time": 0.132, "Actual Total Time": 303.042, "Actual Rows": 459925, "Actual Loops": 1, "Output": ["mi_idx.movie_id"], "Filter": "(mi_idx.info_type_id < 100)", "Rows Removed by Filter": 920110, "Shared Hit Blocks": 0, "Shared Read Blocks": 7935, "Shared Dirtied Blocks": 0, "Shared Written Blocks": 0, "Local Hit Blocks": 0, "Local Read Blocks": 0, "Local Dirtied Blocks": 0, "Local Written Blocks": 0, "Temp Read Blocks": 0, "Temp Written Blocks": 0, "I/O Read Time": 41.492, "I/O Write Time": 0.0}]}]}, {"Node Type": "Index Scan", "Parent Relationship": "Inner", "Parallel Aware": false, "Scan Direction": "Forward", "Index Name": "movie_id_movie_keyword", "Relation Name": "movie_keyword", "Schema": "public", "Alias": "mk", "Startup Cost": 0.43, "Total Cost": 1.44, "Plan Rows": 44, "Plan Width": 4, "Actual Startup Time": 0.131, "Actual Total Time": 0.14, "Actual Rows": 10, "Actual Loops": 117, "Output": ["mk.id", "mk.movie_id", "mk.keyword_id"], "Index Cond": "(mk.movie_id = t.id)", "Rows Removed by Index Recheck": 0, "Filter": "(mk.keyword_id < 71574)", "Rows Removed by Filter": 0, "Shared Hit Blocks": 292, "Shared Read Blocks": 157, "Shared Dirtied Blocks": 0, "Shared Written Blocks": 0, "Local Hit Blocks": 0, "Local Read Blocks": 0, "Local Dirtied Blocks": 0, "Local Written Blocks": 0, "Temp Read Blocks": 0, "Temp Written Blocks": 0, "I/O Read Time": 15.039, "I/O Write Time": 0.0}]}, {"Node Type": "Index Only Scan", "Parent Relationship": "Inner", "Parallel Aware": false, "Scan Direction": "Forward", "Index Name": "movie_id_cast_info", "Relation Name": "cast_info", "Schema": "public", "Alias": "ci", "Startup Cost": 0.44, "Total Cost": 1.26, "Plan Rows": 37, "Plan Width": 4, "Actual Startup Time": 0.015, "Actual Total Time": 0.025, "Actual Rows": 55, "Actual Loops": 1203, "Output": ["ci.movie_id"], "Index Cond": "(ci.movie_id = t.id)", "Rows Removed by Index Recheck": 0, "Heap Fetches": 0, "Shared Hit Blocks": 12520, "Shared Read Blocks": 120, "Shared Dirtied Blocks": 0, "Shared Written Blocks": 0, "Local Hit Blocks": 0, "Local Read Blocks": 0, "Local Dirtied Blocks": 0, "Local Written Blocks": 0, "Temp Read Blocks": 0, "Temp Written Blocks": 0, "I/O Read Time": 11.347, "I/O Write Time": 0.0}]}]}, "Planning": {"Shared Hit Blocks": 470, "Shared Read Blocks": 62, "Shared Dirtied Blocks": 0, "Shared Written Blocks": 0, "Local Hit Blocks": 0, "Local Read Blocks": 0, "Local Dirtied Blocks": 0, "Local Written Blocks": 0, "Temp Read Blocks": 0, "Temp Written Blocks": 0, "I/O Read Time": 4.975, "I/O Write Time": 0.0}, "Planning Time": 9.359, "Triggers": [], "Execution Time": 4615.865}, "template": "scale", "query": "EXPLAIN (ANALYZE, COSTS, BUFFERS, VERBOSE, FORMAT JSON) SELECT COUNT(*) FROM title t,cast_info ci,movie_info mi,movie_info_idx mi_idx,movie_keyword mk WHERE t.id=ci.movie_id AND t.id=mi.movie_id AND t.id=mi_idx.movie_id AND t.id=mk.movie_id AND t.kind_id=7 AND mi.info_type_id=9 AND mi_idx.info_type_id<100 AND mk.keyword_id<71574;"}
{"planinfo": {"Plan": {"Node Type": "Aggregate", "Strategy": "Plain", "Partial Mode": "Simple", "Parallel Aware": false, "Startup Cost": 824665.0, "Total Cost": 824665.01, "Plan Rows": 1, "Plan Width": 8, "Actual Startup Time": 15143.867, "Actual Total Time": 15143.872, "Actual Rows": 1, "Actual Loops": 1, "Output": ["count(*)"], "Shared Hit Blocks": 3, "Shared Read Blocks": 222445, "Shared Dirtied Blocks": 0, "Shared Written Blocks": 0, "Local Hit Blocks": 0, "Local Read Blocks": 0, "Local Dirtied Blocks": 0, "Local Written Blocks": 0, "Temp Read Blocks": 41689, "Temp Written Blocks": 41689, "I/O Read Time": 442.674, "I/O Write Time": 0.0, "Plans": [{"Node Type": "Hash Join", "Parent Relationship": "Outer", "Parallel Aware": false, "Join Type": "Inner", "Startup Cost": 276443.06, "Total Cost": 804432.45, "Plan Rows": 8093020, "Plan Width": 0, "Actual Startup Time": 5341.851, "Actual Total Time": 13794.44, "Actual Rows": 13613824, "Actual Loops": 1, "Inner Unique": false, "Hash Cond": "(mi.movie_id = t.id)", "Shared Hit Blocks": 3, "Shared Read Blocks": 222445, "Shared Dirtied Blocks": 0, "Shared Written Blocks": 0, "Local Hit Blocks": 0, "Local Read Blocks": 0, "Local Dirtied Blocks": 0, "Local Written Blocks": 0, "Temp Read Blocks": 41689, "Temp Written Blocks": 41689, "I/O Read Time": 442.674, "I/O Write Time": 0.0, "Plans": [{"Node Type": "Seq Scan", "Parent Relationship": "Outer", "Parallel Aware": false, "Relation Name": "movie_info", "Schema": "public", "Alias": "mi", "Startup Cost": 0.0, "Total Cost": 347223.62, "Plan Rows": 6179452, "Plan Width": 4, "Actual Startup Time": 169.473, "Actual Total Time": 3161.924, "Actual Rows": 6223494, "Actual Loops": 1, "Output": ["mi.movie_id"], "Filter": "(mi.info_type_id > 8)", "Rows Removed by Filter": 8612226, "Shared Hit Blocks": 0, "Shared Read Blocks": 161993, "Shared Dirtied Blocks": 0, "Shared Written Blocks": 0, "Local Hit Blocks": 0, "Local Read Blocks": 0, "Local Dirtied Blocks": 0, "Local Written Blocks": 0, "Temp Read Blocks": 0, "Temp Written Blocks": 0, "I/O Read Time": 258.899, "I/O Write Time": 0.0}, {"Node Type": "Hash", "Parent Relationship": "Inner", "Parallel Aware": false, "Startup Cost": 222113.1, "Total Cost": 222113.1, "Plan Rows": 3311517, "Plan Width": 8, "Actual Startup Time": 5171.312, "Actual Total Time": 5171.315, "Actual Rows": 1637255, "Actual Loops": 1, "Output": ["t.id", "mk.movie_id"], "Hash Buckets": 131072, "Original Hash Buckets": 131072, "Hash Batches": 64, "Original Hash Batches": 64, "Peak Memory Usage": 2002, "Shared Hit Blocks": 0, "Shared Read Blocks": 60452, "Shared Dirtied Blocks": 0, "Shared Written Blocks": 0, "Local Hit Blocks": 0, "Local Read Blocks": 0, "Local Dirtied Blocks": 0, "Local Written Blocks": 0, "Temp Read Blocks": 18167, "Temp Written Blocks": 23646, "I/O Read Time": 183.775, "I/O Write Time": 0.0, "Plans": [{"Node Type": "Hash Join", "Parent Relationship": "Outer", "Parallel Aware": false, "Join Type": "Inner", "Startup Cost": 97970.46, "Total Cost": 222113.1, "Plan Rows": 3311517, "Plan Width": 8, "Actual Startup Time": 1231.783, "Actual Total Time": 4662.91, "Actual Rows": 1637255, "Actual Loops": 1, "Output": ["t.id", "mk.movie_id"], "Inner Unique": true, "Hash Cond": "(mk.movie_id = t.id)", "Shared Hit Blocks": 0, "Shared Read Blocks": 60452, "Shared Dirtied Blocks": 0, "Shared Written Blocks": 0, "Local Hit Blocks": 0, "Local Read Blocks": 0, "Local Dirtied Blocks": 0, "Local Written Blocks": 0, "Temp Read Blocks": 18167, "Temp Written Blocks": 18167, "I/O Read Time": 183.775, "I/O Write Time": 0.0, "Plans": [{"Node Type": "Seq Scan", "Parent Relationship": "Outer", "Parallel Aware": false, "Relation Name": "movie_keyword", "Schema": "public", "Alias": "mk", "Startup Cost": 0.0, "Total Cost": 69693.3, "Plan Rows": 4523930, "Plan Width": 4, "Actual Startup Time": 0.141, "Actual Total Time": 963.944, "Actual Rows": 4523930, "Actual Loops": 1, "Output": ["mk.movie_id"], "Shared Hit Blocks": 0, "Shared Read Blocks": 24454, "Shared Dirtied Blocks": 0, "Shared Written Blocks": 0, "Local Hit Blocks": 0, "Local Read Blocks": 0, "Local Dirtied Blocks": 0, "Local Written Blocks": 0, "Temp Read Blocks": 0, "Temp Written Blocks": 0, "I/O Read Time": 124.343, "I/O Write Time": 0.0}, {"Node Type": "Hash", "Parent Relationship": "Inner", "Parallel Aware": false, "Startup Cost": 67604.5, "Total Cost": 67604.5, "Plan Rows": 1850877, "Plan Width": 4, "Actual Startup Time": 1230.93, "Actual Total Time": 1230.931, "Actual Rows": 1865487, "Actual Loops": 1, "Output": ["t.id"], "Hash Buckets": 131072, "Original Hash Buckets": 131072, "Hash Batches": 32, "Original Hash Batches": 32, "Peak Memory Usage": 3079, "Shared Hit Blocks": 0, "Shared Read Blocks": 35998, "Shared Dirtied Blocks": 0, "Shared Written Blocks": 0, "Local Hit Blocks": 0, "Local Read Blocks": 0, "Local Dirtied Blocks": 0, "Local Written Blocks": 0, "Temp Read Blocks": 0, "Temp Written Blocks": 5278, "I/O Read Time": 59.432, "I/O Write Time": 0.0, "Plans": [{"Node Type": "Seq Scan", "Parent Relationship": "Outer", "Parallel Aware": false, "Relation Name": "title", "Schema": "public", "Alias": "t", "Startup Cost": 0.0, "Total Cost": 67604.5, "Plan Rows": 1850877, "Plan Width": 4, "Actual Startup Time": 0.144, "Actual Total Time": 659.024, "Actual Rows": 1865487, "Actual Loops": 1, "Output": ["t.id"], "Filter": "(t.kind_id > 1)", "Rows Removed by Filter": 662825, "Shared Hit Blocks": 0, "Shared Read Blocks": 35998, "Shared Dirtied Blocks": 0, "Shared Written Blocks": 0, "Local Hit Blocks": 0, "Local Read Blocks": 0, "Local Dirtied Blocks": 0, "Local Written Blocks": 0, "Temp Read Blocks": 0, "Temp Written Blocks": 0, "I/O Read Time": 59.432, "I/O Write Time": 0.0}]}]}]}]}]}, "Planning": {"Shared Hit Blocks": 189, "Shared Read Blocks": 40, "Shared Dirtied Blocks": 0, "Shared Written Blocks": 0, "Local Hit Blocks": 0, "Local Read Blocks": 0, "Local Dirtied Blocks": 0, "Local Written Blocks": 0, "Temp Read Blocks": 0, "Temp Written Blocks": 0, "I/O Read Time": 2.804, "I/O Write Time": 0.0}, "Planning Time": 4.359, "Triggers": [], "Execution Time": 15144.306}, "template": "scale", "query": "EXPLAIN (ANALYZE, COSTS, BUFFERS, VERBOSE, FORMAT JSON) SELECT COUNT(*) FROM title t,movie_info mi,movie_keyword mk WHERE t.id=mi.movie_id AND t.id=mk.movie_id AND t.kind_id>1 AND mi.info_type_id>8;"}
{"planinfo": {"Plan": {"Node Type": "Aggregate", "Strategy": "Plain", "Partial Mode": "Simple", "Parallel Aware": false, "Startup Cost": 273286.74, "Total Cost": 273286.75, "Plan Rows": 1, "Plan Width": 8, "Actual Startup Time": 267800.615, "Actual Total Time": 267800.62, "Actual Rows": 1, "Actual Loops": 1, "Output": ["count(*)"], "Shared Hit Blocks": 234872041, "Shared Read Blocks": 372866, "Shared Dirtied Blocks": 0, "Shared Written Blocks": 0, "Local Hit Blocks": 0, "Local Read Blocks": 0, "Local Dirtied Blocks": 0, "Local Written Blocks": 0, "Temp Read Blocks": 851, "Temp Written Blocks": 851, "I/O Read Time": 13900.533, "I/O Write Time": 0.0, "Plans": [{"Node Type": "Nested Loop", "Parent Relationship": "Outer", "Parallel Aware": false, "Join Type": "Inner", "Startup Cost": 69619.77, "Total Cost": 271965.64, "Plan Rows": 528438, "Plan Width": 0, "Actual Startup Time": 564.235, "Actual Total Time": 244341.57, "Actual Rows": 174070516, "Actual Loops": 1, "Inner Unique": false, "Join Filter": "(t.id = ci.movie_id)", "Rows Removed by Join Filter": 0, "Shared Hit Blocks": 234872041, "Shared Read Blocks": 372866, "Shared Dirtied Blocks": 0, "Shared Written Blocks": 0, "Local Hit Blocks": 0, "Local Read Blocks": 0, "Local Dirtied Blocks": 0, "Local Written Blocks": 0, "Temp Read Blocks": 851, "Temp Written Blocks": 851, "I/O Read Time": 13900.533, "I/O Write Time": 0.0, "Plans": [{"Node Type": "Nested Loop", "Parent Relationship": "Outer", "Parallel Aware": false, "Join Type": "Inner", "Startup Cost": 69619.33, "Total Cost": 153106.45, "Plan Rows": 55857, "Plan Width": 16, "Actual Startup Time": 563.939, "Actual Total Time": 5418.674, "Actual Rows": 1737639, "Actual Loops": 1, "Output": ["t.id", "mc.movie_id", "mi.movie_id", "mi_idx.movie_id"], "Inner Unique": false, "Join Filter": "(t.id = mi.movie_id)", "Rows Removed by Join Filter": 0, "Shared Hit Blocks": 772978, "Shared Read Blocks": 146602, "Shared Dirtied Blocks": 0, "Shared Written Blocks": 0, "Local Hit Blocks": 0, "Local Read Blocks": 0, "Local Dirtied Blocks": 0, "Local Written Blocks": 0, "Temp Read Blocks": 851, "Temp Written Blocks": 851, "I/O Read Time": 2160.232, "I/O Write Time": 0.0, "Plans": [{"Node Type": "Nested Loop", "Parent Relationship": "Outer", "Parallel Aware": false, "Join Type": "Inner", "Startup Cost": 69618.89, "Total Cost": 114180.41, "Plan Rows": 22856, "Plan Width": 12, "Actual Startup Time": 563.465, "Actual Total Time": 1314.644, "Actual Rows": 58696, "Actual Loops": 1, "Output": ["t.id", "mc.movie_id", "mi_idx.movie_id"], "Inner Unique": false, "Join Filter": "(t.id = mc.movie_id)", "Rows Removed by Join Filter": 0, "Shared Hit Blocks": 49918, "Shared Read Blocks": 52036, "Shared Dirtied Blocks": 0, "Shared Written Blocks": 0, "Local Hit Blocks": 0, "Local Read Blocks": 0, "Local Dirtied Blocks": 0, "Local Written Blocks": 0, "Temp Read Blocks": 851, "Temp Written Blocks": 851, "I/O Read Time": 149.329, "I/O Write Time": 0.0, "Plans": [{"Node Type": "Hash Join", "Parent Relationship": "Outer", "Parallel Aware": false, "Join Type": "Inner", "Startup Cost": 69618.46, "Total Cost": 100047.89, "Plan Rows": 22149, "Plan Width": 8, "Actual Startup Time": 563.424, "Actual Total Time": 1126.785, "Actual Rows": 19339, "Actual Loops": 1, "Output": ["t.id", "mi_idx.movie_id"], "Inner Unique": true, "Hash Cond": "(mi_idx.movie_id = t.id)", "Shared Hit Blocks": 3, "Shared Read Blocks": 43933, "Shared Dirtied Blocks": 0, "Shared Written Blocks": 0, "Local Hit Blocks": 0, "Local Read Blocks": 0, "Local Dirtied Blocks": 0, "Local Written Blocks": 0, "Temp Read Blocks": 851, "Temp Written Blocks": 851, "I/O Read Time": 104.393, "I/O Write Time": 0.0, "Plans": [{"Node Type": "Seq Scan", "Parent Relationship": "Outer", "Parallel Aware": false, "Relation Name": "movie_info_idx", "Schema": "public", "Alias": "mi_idx", "Startup Cost": 0.0, "Total Cost": 25185.44, "Plan Rows": 456378, "Plan Width": 4, "Actual Startup Time": 0.126, "Actual Total Time": 308.36, "Actual Rows": 459925, "Actual Loops": 1, "Output": ["mi_idx.movie_id"], "Filter": "(mi_idx.info_type_id < 100)", "Rows Removed by Filter": 920110, "Shared Hit Blocks": 0, "Shared Read Blocks": 7935, "Shared Dirtied Blocks": 0, "Shared Written Blocks": 0, "Local Hit Blocks": 0, "Local Read Blocks": 0, "Local Dirtied Blocks": 0, "Local Written Blocks": 0, "Temp Read Blocks": 0, "Temp Written Blocks": 0, "I/O Read Time": 38.099, "I/O Write Time": 0.0}, {"Node Type": "Hash", "Parent Relationship": "Inner", "Parallel Aware": false, "Startup Cost": 67604.5, "Total Cost": 67604.5, "Plan Rows": 122717, "Plan Width": 4, "Actual Startup Time": 562.639, "Actual Total Time": 562.639, "Actual Rows": 119565, "Actual Loops": 1, "Output": ["t.id"], "Hash Buckets": 131072, "Original Hash Buckets": 131072, "Hash Batches": 2, "Original Hash Batches": 2, "Peak Memory Usage": 3115, "Shared Hit Blocks": 0, "Shared Read Blocks": 35998, "Shared Dirtied Blocks": 0, "Shared Written Blocks": 0, "Local Hit Blocks": 0, "Local Read Blocks": 0, "Local Dirtied Blocks": 0, "Local Written Blocks": 0, "Temp Read Blocks": 0, "Temp Written Blocks": 176, "I/O Read Time": 66.294, "I/O Write Time": 0.0, "Plans": [{"Node Type": "Seq Scan", "Parent Relationship": "Outer", "Parallel Aware": false, "Relation Name": "title", "Schema": "public", "Alias": "t", "Startup Cost": 0.0, "Total Cost": 67604.5, "Plan Rows": 122717, "Plan Width": 4, "Actual Startup Time": 0.157, "Actual Total Time": 515.746, "Actual Rows": 119565, "Actual Loops": 1, "Output": ["t.id"], "Filter": "(t.production_year = 2007)", "Rows Removed by Filter": 2408747, "Shared Hit Blocks": 0, "Shared Read Blocks": 35998, "Shared Dirtied Blocks": 0, "Shared Written Blocks": 0, "Local Hit Blocks": 0, "Local Read Blocks": 0, "Local Dirtied Blocks": 0, "Local Written Blocks": 0, "Temp Read Blocks": 0, "Temp Written Blocks": 0, "I/O Read Time": 66.294, "I/O Write Time": 0.0}]}]}, {"Node Type": "Index Only Scan", "Parent Relationship": "Inner", "Parallel Aware": false, "Scan Direction": "Forward", "Index Name": "movie_id_movie_companies", "Relation Name": "movie_companies", "Schema": "public", "Alias": "mc", "Startup Cost": 0.43, "Total Cost": 0.58, "Plan Rows": 5, "Plan Width": 4, "Actual Startup Time": 0.007, "Actual Total Time": 0.008, "Actual Rows": 3, "Actual Loops": 19339, "Output": ["mc.movie_id"], "Index Cond": "(mc.movie_id = mi_idx.movie_id)", "Rows Removed by Index Recheck": 0, "Heap Fetches": 0, "Shared Hit Blocks": 49915, "Shared Read Blocks": 8103, "Shared Dirtied Blocks": 0, "Shared Written Blocks": 0, "Local Hit Blocks": 0, "Local Read Blocks": 0, "Local Dirtied Blocks": 0, "Local Written Blocks": 0, "Temp Read Blocks": 0, "Temp Written Blocks": 0, "I/O Read Time": 44.936, "I/O Write Time": 0.0}]}, {"Node Type": "Index Scan", "Parent Relationship": "Inner", "Parallel Aware": false, "Scan Direction": "Forward", "Index Name": "movie_id_movie_info", "Relation Name": "movie_info", "Schema": "public", "Alias": "mi", "Startup Cost": 0.43, "Total Cost": 1.5, "Plan Rows": 16, "Plan Width": 4, "Actual Startup Time": 0.02, "Actual Total Time": 0.062, "Actual Rows": 30, "Actual Loops": 58696, "Output": ["mi.id", "mi.movie_id", "mi.info_type_id", "mi.info", "mi.note"], "Index Cond": "(mi.movie_id = mc.movie_id)", "Rows Removed by Index Recheck": 0, "Filter": "(mi.info_type_id > 8)", "Rows Removed by Filter": 12, "Shared Hit Blocks": 723060, "Shared Read Blocks": 94566, "Shared Dirtied Blocks": 0, "Shared Written Blocks": 0, "Local Hit Blocks": 0, "Local Read Blocks": 0, "Local Dirtied Blocks": 0, "Local Written Blocks": 0, "Temp Read Blocks": 0, "Temp Written Blocks": 0, "I/O Read Time": 2010.903, "I/O Write Time": 0.0}]}, {"Node Type": "Index Scan", "Parent Relationship": "Inner", "Parallel Aware": false, "Scan Direction": "Forward", "Index Name": "movie_id_cast_info", "Relation Name": "cast_info", "Schema": "public", "Alias": "ci", "Startup Cost": 0.44, "Total Cost": 1.83, "Plan Rows": 24, "Plan Width": 4, "Actual Startup Time": 0.036, "Actual Total Time": 0.117, "Actual Rows": 100, "Actual Loops": 1737639, "Output": ["ci.id", "ci.person_id", "ci.movie_id", "ci.person_role_id", "ci.note", "ci.nr_order", "ci.role_id"], "Index Cond": "(ci.movie_id = mi.movie_id)", "Rows Removed by Index Recheck": 0, "Filter": "(ci.role_id > 1)", "Rows Removed by Filter": 36, "Shared Hit Blocks": 234099063, "Shared Read Blocks": 226264, "Shared Dirtied Blocks": 0, "Shared Written Blocks": 0, "Local Hit Blocks": 0, "Local Read Blocks": 0, "Local Dirtied Blocks": 0, "Local Written Blocks": 0, "Temp Read Blocks": 0, "Temp Written Blocks": 0, "I/O Read Time": 11740.302, "I/O Write Time": 0.0}]}]}, "Planning": {"Shared Hit Blocks": 482, "Shared Read Blocks": 67, "Shared Dirtied Blocks": 0, "Shared Written Blocks": 0, "Local Hit Blocks": 0, "Local Read Blocks": 0, "Local Dirtied Blocks": 0, "Local Written Blocks": 0, "Temp Read Blocks": 0, "Temp Written Blocks": 0, "I/O Read Time": 5.214, "I/O Write Time": 0.0}, "Planning Time": 9.73, "Triggers": [], "Execution Time": 267801.051}, "template": "scale", "query": "EXPLAIN (ANALYZE, COSTS, BUFFERS, VERBOSE, FORMAT JSON) SELECT COUNT(*) FROM title t,movie_companies mc,cast_info ci,movie_info mi,movie_info_idx mi_idx WHERE t.id=mc.movie_id AND t.id=ci.movie_id AND t.id=mi.movie_id AND t.id=mi_idx.movie_id AND t.production_year=2007 AND ci.role_id>1 AND mi.info_type_id>8 AND mi_idx.info_type_id<100;"}
{"planinfo": {"Plan": {"Node Type": "Aggregate", "Strategy": "Plain", "Partial Mode": "Simple", "Parallel Aware": false, "Startup Cost": 448790.02, "Total Cost": 448790.03, "Plan Rows": 1, "Plan Width": 8, "Actual Startup Time": 8283.205, "Actual Total Time": 8283.211, "Actual Rows": 1, "Actual Loops": 1, "Output": ["count(*)"], "Shared Hit Blocks": 3, "Shared Read Blocks": 103094, "Shared Dirtied Blocks": 0, "Shared Written Blocks": 0, "Local Hit Blocks": 0, "Local Read Blocks": 0, "Local Dirtied Blocks": 0, "Local Written Blocks": 0, "Temp Read Blocks": 21404, "Temp Written Blocks": 21404, "I/O Read Time": 443.447, "I/O Write Time": 0.0, "Plans": [{"Node Type": "Hash Join", "Parent Relationship": "Outer", "Parallel Aware": false, "Join Type": "Inner", "Startup Cost": 142633.74, "Total Cost": 447535.21, "Plan Rows": 501925, "Plan Width": 0, "Actual Startup Time": 2083.011, "Actual Total Time": 8153.379, "Actual Rows": 1124770, "Actual Loops": 1, "Inner Unique": false, "Hash Cond": "(ci.movie_id = t.id)", "Shared Hit Blocks": 3, "Shared Read Blocks": 103094, "Shared Dirtied Blocks": 0, "Shared Written Blocks": 0, "Local Hit Blocks": 0, "Local Read Blocks": 0, "Local Dirtied Blocks": 0, "Local Written Blocks": 0, "Temp Read Blocks": 21404, "Temp Written Blocks": 21404, "I/O Read Time": 443.447, "I/O Write Time": 0.0, "Plans": [{"Node Type": "Index Scan", "Parent Relationship": "Outer", "Parallel Aware": false, "Scan Direction": "Forward", "Index Name": "role_id_cast_info", "Relation Name": "cast_info", "Schema": "public", "Alias": "ci", "Startup Cost": 0.44, "Total Cost": 210896.15, "Plan Rows": 7639869, "Plan Width": 4, "Actual Startup Time": 0.483, "Actual Total Time": 2968.292, "Actual Rows": 7451973, "Actual Loops": 1, "Output": ["ci.movie_id"], "Index Cond": "(ci.role_id = 2)", "Rows Removed by Index Recheck": 0, "Shared Hit Blocks": 0, "Shared Read Blocks": 54920, "Shared Dirtied Blocks": 0, "Shared Written Blocks": 0, "Local Hit Blocks": 0, "Local Read Blocks": 0, "Local Dirtied Blocks": 0, "Local Written Blocks": 0, "Temp Read Blocks": 0, "Temp Written Blocks": 0, "I/O Read Time": 320.723, "I/O Write Time": 0.0}, {"Node Type": "Hash", "Parent Relationship": "Inner", "Parallel Aware": false, "Startup Cost": 139907.82, "Total Cost": 139907.82, "Plan Rows": 166119, "Plan Width": 8, "Actual Startup Time": 2081.583, "Actual Total Time": 2081.586, "Actual Rows": 174921, "Actual Loops": 1, "Output": ["t.id", "mc.movie_id"], "Hash Buckets": 131072, "Original Hash Buckets": 131072, "Hash Batches": 4, "Original Hash Batches": 4, "Peak Memory Usage": 2716, "Shared Hit Blocks": 0, "Shared Read Blocks": 48174, "Shared Dirtied Blocks": 0, "Shared Written Blocks": 0, "Local Hit Blocks": 0, "Local Read Blocks": 0, "Local Dirtied Blocks": 0, "Local Written Blocks": 0, "Temp Read Blocks": 4565, "Temp Written Blocks": 5013, "I/O Read Time": 122.724, "I/O Write Time": 0.0, "Plans": [{"Node Type": "Hash Join", "Parent Relationship": "Outer", "Parallel Aware": false, "Join Type": "Inner", "Startup Cost": 44535.86, "Total Cost": 139907.82, "Plan Rows": 166119, "Plan Width": 8, "Actual Startup Time": 697.417, "Actual Total Time": 2020.408, "Actual Rows": 174921, "Actual Loops": 1, "Output": ["t.id", "mc.movie_id"], "Inner Unique": false, "Hash Cond": "(t.id = mc.movie_id)", "Shared Hit Blocks": 0, "Shared Read Blocks": 48174, "Shared Dirtied Blocks": 0, "Shared Written Blocks": 0, "Local Hit Blocks": 0, "Local Read Blocks": 0, "Local Dirtied Blocks": 0, "Local Written Blocks": 0, "Temp Read Blocks": 4565, "Temp Written Blocks": 4565, "I/O Read Time": 122.724, "I/O Write Time": 0.0, "Plans": [{"Node Type": "Seq Scan", "Parent Relationship": "Outer", "Parallel Aware": false, "Relation Name": "title", "Schema": "public", "Alias": "t", "Startup Cost": 0.0, "Total Cost": 73925.8, "Plan Rows": 1104796, "Plan Width": 4, "Actual Startup Time": 0.139, "Actual Total Time": 653.226, "Actual Rows": 1213086, "Actual Loops": 1, "Output": ["t.id"], "Filter": "((t.production_year > 1986) AND (t.kind_id = 7))", "Rows Removed by Filter": 1315226, "Shared Hit Blocks": 0, "Shared Read Blocks": 35998, "Shared Dirtied Blocks": 0, "Shared Written Blocks": 0, "Local Hit Blocks": 0, "Local Read Blocks": 0, "Local Dirtied Blocks": 0, "Local Written Blocks": 0, "Temp Read Blocks": 0, "Temp Written Blocks": 0, "I/O Read Time": 60.114, "I/O Write Time": 0.0}, {"Node Type": "Hash", "Parent Relationship": "Inner", "Parallel Aware": false, "Startup Cost": 38297.45, "Total Cost": 38297.45, "Plan Rows": 380193, "Plan Width": 4, "Actual Startup Time": 696.512, "Actual Total Time": 696.513, "Actual Rows": 564884, "Actual Loops": 1, "Output": ["mc.movie_id"], "Hash Buckets": 131072, "Original Hash Buckets": 131072, "Hash Batches": 8, "Original Hash Batches": 8, "Peak Memory Usage": 3493, "Shared Hit Blocks": 0, "Shared Read Blocks": 12176, "Shared Dirtied Blocks": 0, "Shared Written Blocks": 0, "Local Hit Blocks": 0, "Local Read Blocks": 0, "Local Dirtied Blocks": 0, "Local Written Blocks": 0, "Temp Read Blocks": 0, "Temp Written Blocks": 1447, "I/O Read Time": 62.61, "I/O Write Time": 0.0, "Plans": [{"Node Type": "Index Scan", "Parent Relationship": "Outer", "Parallel Aware": false, "Scan Direction": "Forward", "Index Name": "company_type_id_movie_companies", "Relation Name": "movie_companies", "Schema": "public", "Alias": "mc", "Startup Cost": 0.43, "Total Cost": 38297.45, "Plan Rows": 380193, "Plan Width": 4, "Actual Startup Time": 0.291, "Actual Total Time": 524.406, "Actual Rows": 564884, "Actual Loops": 1, "Output": ["mc.movie_id"], "Index Cond": "(mc.company_type_id = 1)", "Rows Removed by Index Recheck": 0, "Filter": "(mc.company_id < 1724)", "Rows Removed by Filter": 709362, "Shared Hit Blocks": 0, "Shared Read Blocks": 12176, "Shared Dirtied Blocks": 0, "Shared Written Blocks": 0, "Local Hit Blocks": 0, "Local Read Blocks": 0, "Local Dirtied Blocks": 0, "Local Written Blocks": 0, "Temp Read Blocks": 0, "Temp Written Blocks": 0, "I/O Read Time": 62.61, "I/O Write Time": 0.0}]}]}]}]}]}, "Planning": {"Shared Hit Blocks": 223, "Shared Read Blocks": 45, "Shared Dirtied Blocks": 0, "Shared Written Blocks": 0, "Local Hit Blocks": 0, "Local Read Blocks": 0, "Local Dirtied Blocks": 0, "Local Written Blocks": 0, "Temp Read Blocks": 0, "Temp Written Blocks": 0, "I/O Read Time": 3.529, "I/O Write Time": 0.0}, "Planning Time": 5.371, "Triggers": [], "Execution Time": 8283.736}, "template": "scale", "query": "EXPLAIN (ANALYZE, COSTS, BUFFERS, VERBOSE, FORMAT JSON) SELECT COUNT(*) FROM title t,movie_companies mc,cast_info ci WHERE t.id=mc.movie_id AND t.id=ci.movie_id AND t.kind_id=7 AND t.production_year>1986 AND mc.company_id<1724 AND mc.company_type_id=1 AND ci.role_id=2;"}
{"planinfo": {"Plan": {"Node Type": "Aggregate", "Strategy": "Plain", "Partial Mode": "Simple", "Parallel Aware": false, "Startup Cost": 6.47, "Total Cost": 6.48, "Plan Rows": 1, "Plan Width": 8, "Actual Startup Time": 0.507, "Actual Total Time": 0.507, "Actual Rows": 1, "Actual Loops": 1, "Output": ["count(*)"], "Shared Hit Blocks": 0, "Shared Read Blocks": 4, "Shared Dirtied Blocks": 0, "Shared Written Blocks": 0, "Local Hit Blocks": 0, "Local Read Blocks": 0, "Local Dirtied Blocks": 0, "Local Written Blocks": 0, "Temp Read Blocks": 0, "Temp Written Blocks": 0, "I/O Read Time": 0.366, "I/O Write Time": 0.0, "Plans": [{"Node Type": "Index Only Scan", "Parent Relationship": "Outer", "Parallel Aware": false, "Scan Direction": "Forward", "Index Name": "company_id_movie_companies", "Relation Name": "movie_companies", "Schema": "public", "Alias": "mc", "Startup Cost": 0.43, "Total Cost": 6.21, "Plan Rows": 102, "Plan Width": 0, "Actual Startup Time": 0.418, "Actual Total Time": 0.467, "Actual Rows": 356, "Actual Loops": 1, "Output": ["company_id"], "Index Cond": "(mc.company_id = 12094)", "Rows Removed by Index Recheck": 0, "Heap Fetches": 0, "Shared Hit Blocks": 0, "Shared Read Blocks": 4, "Shared Dirtied Blocks": 0, "Shared Written Blocks": 0, "Local Hit Blocks": 0, "Local Read Blocks": 0, "Local Dirtied Blocks": 0, "Local Written Blocks": 0, "Temp Read Blocks": 0, "Temp Written Blocks": 0, "I/O Read Time": 0.366, "I/O Write Time": 0.0}]}, "Planning": {"Shared Hit Blocks": 61, "Shared Read Blocks": 10, "Shared Dirtied Blocks": 0, "Shared Written Blocks": 0, "Local Hit Blocks": 0, "Local Read Blocks": 0, "Local Dirtied Blocks": 0, "Local Written Blocks": 0, "Temp Read Blocks": 0, "Temp Written Blocks": 0, "I/O Read Time": 0.752, "I/O Write Time": 0.0}, "Planning Time": 1.248, "Triggers": [], "Execution Time": 0.545}, "template": "scale", "query": "EXPLAIN (ANALYZE, COSTS, BUFFERS, VERBOSE, FORMAT JSON) SELECT COUNT(*) FROM movie_companies mc WHERE mc.company_id=12094;"}
{"planinfo": {"Plan": {"Node Type": "Aggregate", "Strategy": "Plain", "Partial Mode": "Simple", "Parallel Aware": false, "Startup Cost": 181299.25, "Total Cost": 181299.26, "Plan Rows": 1, "Plan Width": 8, "Actual Startup Time": 3556.757, "Actual Total Time": 3556.759, "Actual Rows": 1, "Actual Loops": 1, "Output": ["count(*)"], "Shared Hit Blocks": 3, "Shared Read Blocks": 54788, "Shared Dirtied Blocks": 0, "Shared Written Blocks": 0, "Local Hit Blocks": 0, "Local Read Blocks": 0, "Local Dirtied Blocks": 0, "Local Written Blocks": 0, "Temp Read Blocks": 11666, "Temp Written Blocks": 11666, "I/O Read Time": 154.532, "I/O Write Time": 0.0, "Plans": [{"Node Type": "Hash Join", "Parent Relationship": "Outer", "Parallel Aware": false, "Join Type": "Inner", "Startup Cost": 93323.54, "Total Cost": 177362.71, "Plan Rows": 1574614, "Plan Width": 0, "Actual Startup Time": 1128.164, "Actual Total Time": 3419.921, "Actual Rows": 1312127, "Actual Loops": 1, "Inner Unique": true, "Hash Cond": "(mc.movie_id = t.id)", "Shared Hit Blocks": 3, "Shared Read Blocks": 54788, "Shared Dirtied Blocks": 0, "Shared Written Blocks": 0, "Local Hit Blocks": 0, "Local Read Blocks": 0, "Local Dirtied Blocks": 0, "Local Written Blocks": 0, "Temp Read Blocks": 11666, "Temp Written Blocks": 11666, "I/O Read Time": 154.532, "I/O Write Time": 0.0, "Plans": [{"Node Type": "Seq Scan", "Parent Relationship": "Outer", "Parallel Aware": false, "Relation Name": "movie_companies", "Schema": "public", "Alias": "mc", "Startup Cost": 0.0, "Total Cost": 51404.11, "Plan Rows": 2539829, "Plan Width": 4, "Actual Startup Time": 0.135, "Actual Total Time": 709.691, "Actual Rows": 2528534, "Actual Loops": 1, "Output": ["mc.movie_id"], "Filter": "(mc.company_id > 11)", "Rows Removed by Filter": 80595, "Shared Hit Blocks": 0, "Shared Read Blocks": 18790, "Shared Dirtied Blocks": 0, "Shared Written Blocks": 0, "Local Hit Blocks": 0, "Local Read Blocks": 0, "Local Dirtied Blocks": 0, "Local Written Blocks": 0, "Temp Read Blocks": 0, "Temp Written Blocks": 0, "I/O Read Time": 96.206, "I/O Write Time": 0.0}, {"Node Type": "Hash", "Parent Relationship": "Inner", "Parallel Aware": false, "Startup Cost": 67604.5, "Total Cost": 67604.5, "Plan Rows": 1567603, "Plan Width": 4, "Actual Startup Time": 1127.282, "Actual Total Time": 1127.283, "Actual Rows": 1570568, "Actual Loops": 1, "Output": ["t.id"], "Hash Buckets": 131072, "Original Hash Buckets": 131072, "Hash Batches": 32, "Original Hash Batches": 32, "Peak Memory Usage": 2751, "Shared Hit Blocks": 0, "Shared Read Blocks": 35998, "Shared Dirtied Blocks": 0, "Shared Written Blocks": 0, "Local Hit Blocks": 0, "Local Read Blocks": 0, "Local Dirtied Blocks": 0, "Local Written Blocks": 0, "Temp Read Blocks": 0, "Temp Written Blocks": 4443, "I/O Read Time": 58.326, "I/O Write Time": 0.0, "Plans": [{"Node Type": "Seq Scan", "Parent Relationship": "Outer", "Parallel Aware": false, "Relation Name": "title", "Schema": "public", "Alias": "t", "Startup Cost": 0.0, "Total Cost": 67604.5, "Plan Rows": 1567603, "Plan Width": 4, "Actual Startup Time": 0.133, "Actual Total Time": 649.711, "Actual Rows": 1570568, "Actual Loops": 1, "Output": ["t.id"], "Filter": "(t.production_year > 1996)", "Rows Removed by Filter": 957744, "Shared Hit Blocks": 0, "Shared Read Blocks": 35998, "Shared Dirtied Blocks": 0, "Shared Written Blocks": 0, "Local Hit Blocks": 0, "Local Read Blocks": 0, "Local Dirtied Blocks": 0, "Local Written Blocks": 0, "Temp Read Blocks": 0, "Temp Written Blocks": 0, "I/O Read Time": 58.326, "I/O Write Time": 0.0}]}]}]}, "Planning": {"Shared Hit Blocks": 119, "Shared Read Blocks": 31, "Shared Dirtied Blocks": 0, "Shared Written Blocks": 0, "Local Hit Blocks": 0, "Local Read Blocks": 0, "Local Dirtied Blocks": 0, "Local Written Blocks": 0, "Temp Read Blocks": 0, "Temp Written Blocks": 0, "I/O Read Time": 2.141, "I/O Write Time": 0.0}, "Planning Time": 3.17, "Triggers": [], "Execution Time": 3556.935}, "template": "scale", "query": "EXPLAIN (ANALYZE, COSTS, BUFFERS, VERBOSE, FORMAT JSON) SELECT COUNT(*) FROM title t,movie_companies mc WHERE t.id=mc.movie_id AND t.production_year>1996 AND mc.company_id>11;"}
{"planinfo": {"Plan": {"Node Type": "Aggregate", "Strategy": "Plain", "Partial Mode": "Simple", "Parallel Aware": false, "Startup Cost": 80529.88, "Total Cost": 80529.89, "Plan Rows": 1, "Plan Width": 8, "Actual Startup Time": 4751.446, "Actual Total Time": 4751.448, "Actual Rows": 1, "Actual Loops": 1, "Output": ["count(*)"], "Shared Hit Blocks": 291186, "Shared Read Blocks": 54551, "Shared Dirtied Blocks": 0, "Shared Written Blocks": 0, "Local Hit Blocks": 0, "Local Read Blocks": 0, "Local Dirtied Blocks": 0, "Local Written Blocks": 0, "Temp Read Blocks": 0, "Temp Written Blocks": 0, "I/O Read Time": 1879.541, "I/O Write Time": 0.0, "Plans": [{"Node Type": "Nested Loop", "Parent Relationship": "Outer", "Parallel Aware": false, "Join Type": "Inner", "Startup Cost": 1.3, "Total Cost": 80522.78, "Plan Rows": 2841, "Plan Width": 0, "Actual Startup Time": 350.165, "Actual Total Time": 4283.242, "Actual Rows": 4681531, "Actual Loops": 1, "Inner Unique": false, "Join Filter": "(t.id = mk.movie_id)", "Rows Removed by Join Filter": 0, "Shared Hit Blocks": 291186, "Shared Read Blocks": 54551, "Shared Dirtied Blocks": 0, "Shared Written Blocks": 0, "Local Hit Blocks": 0, "Local Read Blocks": 0, "Local Dirtied Blocks": 0, "Local Written Blocks": 0, "Temp Read Blocks": 0, "Temp Written Blocks": 0, "I/O Read Time": 1879.541, "I/O Write Time": 0.0, "Plans": [{"Node Type": "Nested Loop", "Parent Relationship": "Outer", "Parallel Aware": false, "Join Type": "Inner", "Startup Cost": 0.86, "Total Cost": 77623.38, "Plan Rows": 1588, "Plan Width": 12, "Actual Startup Time": 349.936, "Actual Total Time": 2440.782, "Actual Rows": 69111, "Actual Loops": 1, "Output": ["t.id", "mc.movie_id", "mi.movie_id"], "Inner Unique": false, "Join Filter": "(t.id = mi.movie_id)", "Rows Removed by Join Filter": 0, "Shared Hit Blocks": 84876, "Shared Read Blocks": 53527, "Shared Dirtied Blocks": 0, "Shared Written Blocks": 0, "Local Hit Blocks": 0, "Local Read Blocks": 0, "Local Dirtied Blocks": 0, "Local Written Blocks": 0, "Temp Read Blocks": 0, "Temp Written Blocks": 0, "I/O Read Time": 1776.958, "I/O Write Time": 0.0, "Plans": [{"Node Type": "Nested Loop", "Parent Relationship": "Outer", "Parallel Aware": false, "Join Type": "Inner", "Startup Cost": 0.43, "Total Cost": 74776.49, "Plan Rows": 1804, "Plan Width": 8, "Actual Startup Time": 317.008, "Actual Total Time": 685.449, "Actual Rows": 6382, "Actual Loops": 1, "Output": ["t.id", "mc.movie_id"], "Inner Unique": false, "Shared Hit Blocks": 5047, "Shared Read Blocks": 37558, "Shared Dirtied Blocks": 0, "Shared Written Blocks": 0, "Local Hit Blocks": 0, "Local Read Blocks": 0, "Local Dirtied Blocks": 0, "Local Written Blocks": 0, "Temp Read Blocks": 0, "Temp Written Blocks": 0, "I/O Read Time": 202.799, "I/O Write Time": 0.0, "Plans": [{"Node Type": "Seq Scan", "Parent Relationship": "Outer", "Parallel Aware": false, "Relation Name": "title", "Schema": "public", "Alias": "t", "Startup Cost": 0.0, "Total Cost": 67604.5, "Plan Rows": 1748, "Plan Width": 4, "Actual Startup Time": 306.247, "Actual Total Time": 532.776, "Actual Rows": 2202, "Actual Loops": 1, "Output": ["t.id", "t.title", "t.imdb_index", "t.kind_id", "t.production_year", "t.imdb_id", "t.phonetic_code", "t.episode_of_id", "t.season_nr", "t.episode_nr", "t.series_years", "t.md5sum"], "Filter": "(t.production_year = 1940)", "Rows Removed by Filter": 2526110, "Shared Hit Blocks": 0, "Shared Read Blocks": 35998, "Shared Dirtied Blocks": 0, "Shared Written Blocks": 0, "Local Hit Blocks": 0, "Local Read Blocks": 0, "Local Dirtied Blocks": 0, "Local Written Blocks": 0, "Temp Read Blocks": 0, "Temp Written Blocks": 0, "I/O Read Time": 66.817, "I/O Write Time": 0.0}, {"Node Type": "Index Only Scan", "Parent Relationship": "Inner", "Parallel Aware": false, "Scan Direction": "Forward", "Index Name": "movie_id_movie_companies", "Relation Name": "movie_companies", "Schema": "public", "Alias": "mc", "Startup Cost": 0.43, "Total Cost": 4.05, "Plan Rows": 5, "Plan Width": 4, "Actual Startup Time": 0.067, "Actual Total Time": 0.068, "Actual Rows": 3, "Actual Loops": 2202, "Output": ["mc.movie_id"], "Index Cond": "(mc.movie_id = t.id)", "Rows Removed by Index Recheck": 0, "Heap Fetches": 0, "Shared Hit Blocks": 5047, "Shared Read Blocks": 1560, "Shared Dirtied Blocks": 0, "Shared Written Blocks": 0, "Local Hit Blocks": 0, "Local Read Blocks": 0, "Local Dirtied Blocks": 0, "Local Written Blocks": 0, "Temp Read Blocks": 0, "Temp Written Blocks": 0, "I/O Read Time": 135.982, "I/O Write Time": 0.0}]}, {"Node Type": "Index Scan", "Parent Relationship": "Inner", "Parallel Aware": false, "Scan Direction": "Forward", "Index Name": "movie_id_movie_info", "Relation Name": "movie_info", "Schema": "public", "Alias": "mi", "Startup Cost": 0.43, "Total Cost": 1.5, "Plan Rows": 6, "Plan Width": 4, "Actual Startup Time": 0.155, "Actual Total Time": 0.272, "Actual Rows": 11, "Actual Loops": 6382, "Output": ["mi.id", "mi.movie_id", "mi.info_type_id", "mi.info", "mi.note"], "Index Cond": "(mi.movie_id = mc.movie_id)", "Rows Removed by Index Recheck": 0, "Filter": "(mi.info_type_id > 16)", "Rows Removed by Filter": 24, "Shared Hit Blocks": 79829, "Shared Read Blocks": 15969, "Shared Dirtied Blocks": 0, "Shared Written Blocks": 0, "Local Hit Blocks": 0, "Local Read Blocks": 0, "Local Dirtied Blocks": 0, "Local Written Blocks": 0, "Temp Read Blocks": 0, "Temp Written Blocks": 0, "I/O Read Time": 1574.159, "I/O Write Time": 0.0}]}, {"Node Type": "Index Only Scan", "Parent Relationship": "Inner", "Parallel Aware": false, "Scan Direction": "Forward", "Index Name": "movie_id_movie_keyword", "Relation Name": "movie_keyword", "Schema": "public", "Alias": "mk", "Startup Cost": 0.43, "Total Cost": 1.25, "Plan Rows": 46, "Plan Width": 4, "Actual Startup Time": 0.006, "Actual Total Time": 0.015, "Actual Rows": 68, "Actual Loops": 69111, "Output": ["mk.movie_id"], "Index Cond": "(mk.movie_id = mc.movie_id)", "Rows Removed by Index Recheck": 0, "Heap Fetches": 0, "Shared Hit Blocks": 206310, "Shared Read Blocks": 1024, "Shared Dirtied Blocks": 0, "Shared Written Blocks": 0, "Local Hit Blocks": 0, "Local Read Blocks": 0, "Local Dirtied Blocks": 0, "Local Written Blocks": 0, "Temp Read Blocks": 0, "Temp Written Blocks": 0, "I/O Read Time": 102.584, "I/O Write Time": 0.0}]}]}, "Planning": {"Shared Hit Blocks": 313, "Shared Read Blocks": 52, "Shared Dirtied Blocks": 0, "Shared Written Blocks": 0, "Local Hit Blocks": 0, "Local Read Blocks": 0, "Local Dirtied Blocks": 0, "Local Written Blocks": 0, "Temp Read Blocks": 0, "Temp Written Blocks": 0, "I/O Read Time": 4.007, "I/O Write Time": 0.0}, "Planning Time": 6.928, "Triggers": [], "Execution Time": 4751.593}, "template": "scale", "query": "EXPLAIN (ANALYZE, COSTS, BUFFERS, VERBOSE, FORMAT JSON) SELECT COUNT(*) FROM title t,movie_companies mc,movie_info mi,movie_keyword mk WHERE t.id=mc.movie_id AND t.id=mi.movie_id AND t.id=mk.movie_id AND t.production_year=1940 AND mi.info_type_id>16;"}
{"planinfo": {"Plan": {"Node Type": "Aggregate", "Strategy": "Plain", "Partial Mode": "Simple", "Parallel Aware": false, "Startup Cost": 112687.36, "Total Cost": 112687.37, "Plan Rows": 1, "Plan Width": 8, "Actual Startup Time": 1257.027, "Actual Total Time": 1257.031, "Actual Rows": 1, "Actual Loops": 1, "Output": ["count(*)"], "Shared Hit Blocks": 3, "Shared Read Blocks": 43933, "Shared Dirtied Blocks": 0, "Shared Written Blocks": 0, "Local Hit Blocks": 0, "Local Read Blocks": 0, "Local Dirtied Blocks": 0, "Local Written Blocks": 0, "Temp Read Blocks": 2022, "Temp Written Blocks": 2022, "I/O Read Time": 106.987, "I/O Write Time": 0.0, "Plans": [{"Node Type": "Hash Join", "Parent Relationship": "Outer", "Parallel Aware": false, "Join Type": "Inner", "Startup Cost": 75909.5, "Total Cost": 112522.45, "Plan Rows": 65962, "Plan Width": 0, "Actual Startup Time": 549.791, "Actual Total Time": 1256.974, "Actual Rows": 198, "Actual Loops": 1, "Inner Unique": true, "Hash Cond": "(mi_idx.movie_id = t.id)", "Shared Hit Blocks": 3, "Shared Read Blocks": 43933, "Shared Dirtied Blocks": 0, "Shared Written Blocks": 0, "Local Hit Blocks": 0, "Local Read Blocks": 0, "Local Dirtied Blocks": 0, "Local Written Blocks": 0, "Temp Read Blocks": 2022, "Temp Written Blocks": 2022, "I/O Read Time": 106.987, "I/O Write Time": 0.0, "Plans": [{"Node Type": "Seq Scan", "Parent Relationship": "Outer", "Parallel Aware": false, "Relation Name": "movie_info_idx", "Schema": "public", "Alias": "mi_idx", "Startup Cost": 0.0, "Total Cost": 21735.35, "Plan Rows": 1380035, "Plan Width": 4, "Actual Startup Time": 0.13, "Actual Total Time": 301.458, "Actual Rows": 1380035, "Actual Loops": 1, "Output": ["mi_idx.movie_id"], "Shared Hit Blocks": 0, "Shared Read Blocks": 7935, "Shared Dirtied Blocks": 0, "Shared Written Blocks": 0, "Local Hit Blocks": 0, "Local Read Blocks": 0, "Local Dirtied Blocks": 0, "Local Written Blocks": 0, "Temp Read Blocks": 0, "Temp Written Blocks": 0, "I/O Read Time": 40.649, "I/O Write Time": 0.0}, {"Node Type": "Hash", "Parent Relationship": "Inner", "Parallel Aware": false, "Startup Cost": 73925.8, "Total Cost": 73925.8, "Plan Rows": 120856, "Plan Width": 4, "Actual Startup Time": 547.818, "Actual Total Time": 547.819, "Actual Rows": 757, "Actual Loops": 1, "Output": ["t.id"], "Hash Buckets": 131072, "Original Hash Buckets": 131072, "Hash Batches": 2, "Original Hash Batches": 2, "Peak Memory Usage": 1038, "Shared Hit Blocks": 0, "Shared Read Blocks": 35998, "Shared Dirtied Blocks": 0, "Shared Written Blocks": 0, "Local Hit Blocks": 0, "Local Read Blocks": 0, "Local Dirtied Blocks": 0, "Local Written Blocks": 0, "Temp Read Blocks": 0, "Temp Written Blocks": 1, "I/O Read Time": 66.338, "I/O Write Time": 0.0, "Plans": [{"Node Type": "Seq Scan", "Parent Relationship": "Outer", "Parallel Aware": false, "Relation Name": "title", "Schema": "public", "Alias": "t", "Startup Cost": 0.0, "Total Cost": 73925.8, "Plan Rows": 120856, "Plan Width": 4, "Actual Startup Time": 2.189, "Actual Total Time": 547.11, "Actual Rows": 757, "Actual Loops": 1, "Output": ["t.id"], "Filter": "((t.kind_id > 1) AND (t.production_year < 1948))", "Rows Removed by Filter": 2527555, "Shared Hit Blocks": 0, "Shared Read Blocks": 35998, "Shared Dirtied Blocks": 0, "Shared Written Blocks": 0, "Local Hit Blocks": 0, "Local Read Blocks": 0, "Local Dirtied Blocks": 0, "Local Written Blocks": 0, "Temp Read Blocks": 0, "Temp Written Blocks": 0, "I/O Read Time": 66.338, "I/O Write Time": 0.0}]}]}]}, "Planning": {"Shared Hit Blocks": 105, "Shared Read Blocks": 26, "Shared Dirtied Blocks": 0, "Shared Written Blocks": 0, "Local Hit Blocks": 0, "Local Read Blocks": 0, "Local Dirtied Blocks": 0, "Local Written Blocks": 0, "Temp Read Blocks": 0, "Temp Written Blocks": 0, "I/O Read Time": 1.893, "I/O Write Time": 0.0}, "Planning Time": 2.888, "Triggers": [], "Execution Time": 1257.136}, "template": "scale", "query": "EXPLAIN (ANALYZE, COSTS, BUFFERS, VERBOSE, FORMAT JSON) SELECT COUNT(*) FROM title t,movie_info_idx mi_idx WHERE t.id=mi_idx.movie_id AND t.kind_id>1 AND t.production_year<1948;"}
{"planinfo": {"Plan": {"Node Type": "Aggregate", "Strategy": "Plain", "Partial Mode": "Simple", "Parallel Aware": false, "Startup Cost": 424033.12, "Total Cost": 424033.13, "Plan Rows": 1, "Plan Width": 8, "Actual Startup Time": 281801.23, "Actual Total Time": 281801.234, "Actual Rows": 1, "Actual Loops": 1, "Output": ["count(*)"], "Shared Hit Blocks": 40505496, "Shared Read Blocks": 96230, "Shared Dirtied Blocks": 0, "Shared Written Blocks": 0, "Local Hit Blocks": 0, "Local Read Blocks": 0, "Local Dirtied Blocks": 0, "Local Written Blocks": 0, "Temp Read Blocks": 1366, "Temp Written Blocks": 1366, "I/O Read Time": 3826.499, "I/O Write Time": 0.0, "Plans": [{"Node Type": "Nested Loop", "Parent Relationship": "Outer", "Parallel Aware": false, "Join Type": "Inner", "Startup Cost": 70275.16, "Total Cost": 420081.0, "Plan Rows": 1580849, "Plan Width": 0, "Actual Startup Time": 588.135, "Actual Total Time": 220654.955, "Actual Rows": 600741041, "Actual Loops": 1, "Inner Unique": false, "Join Filter": "(t.id = ci.movie_id)", "Rows Removed by Join Filter": 0, "Shared Hit Blocks": 40505496, "Shared Read Blocks": 96230, "Shared Dirtied Blocks": 0, "Shared Written Blocks": 0, "Local Hit Blocks": 0, "Local Read Blocks": 0, "Local Dirtied Blocks": 0, "Local Written Blocks": 0, "Temp Read Blocks": 1366, "Temp Written Blocks": 1366, "I/O Read Time": 3826.499, "I/O Write Time": 0.0, "Plans": [{"Node Type": "Nested Loop", "Parent Relationship": "Outer", "Parallel Aware": false, "Join Type": "Inner", "Startup Cost": 70274.72, "Total Cost": 239477.39, "Plan Rows": 110134, "Plan Width": 16, "Actual Startup Time": 587.912, "Actual Total Time": 8774.655, "Actual Rows": 3584830, "Actual Loops": 1, "Output": ["t.id", "mi.movie_id", "mi_idx.movie_id", "mk.movie_id"], "Inner Unique": false, "Join Filter": "(t.id = mi.movie_id)", "Rows Removed by Join Filter": 0, "Shared Hit Blocks": 1578997, "Shared Read Blocks": 91259, "Shared Dirtied Blocks": 0, "Shared Written Blocks": 0, "Local Hit Blocks": 0, "Local Read Blocks": 0, "Local Dirtied Blocks": 0, "Local Written Blocks": 0, "Temp Read Blocks": 1366, "Temp Written Blocks": 1366, "I/O Read Time": 3304.33, "I/O Write Time": 0.0, "Plans": [{"Node Type": "Nested Loop", "Parent Relationship": "Outer", "Parallel Aware": false, "Join Type": "Inner", "Startup Cost": 70274.28, "Total Cost": 156899.85, "Plan Rows": 53065, "Plan Width": 12, "Actual Startup Time": 586.629, "Actual Total Time": 1368.252, "Actual Rows": 101489, "Actual Loops": 1, "Output": ["t.id", "mi_idx.movie_id", "mk.movie_id"], "Inner Unique": false, "Join Filter": "(t.id = mk.movie_id)", "Rows Removed by Join Filter": 0, "Shared Hit Blocks": 56057, "Shared Read Blocks": 49947, "Shared Dirtied Blocks": 0, "Shared Written Blocks": 0, "Local Hit Blocks": 0, "Local Read Blocks": 0, "Local Dirtied Blocks": 0, "Local Written Blocks": 0, "Temp Read Blocks": 1366, "Temp Written Blocks": 1366, "I/O Read Time": 185.151, "I/O Write Time": 0.0, "Plans": [{"Node Type": "Hash Join", "Parent Relationship": "Outer", "Parallel Aware": false, "Join Type": "Inner", "Startup Cost": 70273.85, "Total Cost": 100907.48, "Plan Rows": 29659, "Plan Width": 8, "Actual Startup Time": 585.946, "Actual Total Time": 1146.963, "Actual Rows": 20689, "Actual Loops": 1, "Output": ["t.id", "mi_idx.movie_id"], "Inner Unique": true, "Hash Cond": "(mi_idx.movie_id = t.id)", "Shared Hit Blocks": 3, "Shared Read Blocks": 43933, "Shared Dirtied Blocks": 0, "Shared Written Blocks": 0, "Local Hit Blocks": 0, "Local Read Blocks": 0, "Local Dirtied Blocks": 0, "Local Written Blocks": 0, "Temp Read Blocks": 1366, "Temp Written Blocks": 1366, "I/O Read Time": 108.353, "I/O Write Time": 0.0, "Plans": [{"Node Type": "Seq Scan", "Parent Relationship": "Outer", "Parallel Aware": false, "Relation Name": "movie_info_idx", "Schema": "public", "Alias": "mi_idx", "Startup Cost": 0.0, "Total Cost": 25185.44, "Plan Rows": 461024, "Plan Width": 4, "Actual Startup Time": 0.13, "Actual Total Time": 304.053, "Actual Rows": 460185, "Actual Loops": 1, "Output": ["mi_idx.movie_id"], "Filter": "(mi_idx.info_type_id > 100)", "Rows Removed by Filter": 919850, "Shared Hit Blocks": 0, "Shared Read Blocks": 7935, "Shared Dirtied Blocks": 0, "Shared Written Blocks": 0, "Local Hit Blocks": 0, "Local Read Blocks": 0, "Local Dirtied Blocks": 0, "Local Written Blocks": 0, "Temp Read Blocks": 0, "Temp Written Blocks": 0, "I/O Read Time": 43.331, "I/O Write Time": 0.0}, {"Node Type": "Hash", "Parent Relationship": "Inner", "Parallel Aware": false, "Startup Cost": 67604.5, "Total Cost": 67604.5, "Plan Rows": 162668, "Plan Width": 4, "Actual Startup Time": 585.186, "Actual Total Time": 585.188, "Actual Rows": 160017, "Actual Loops": 1, "Output": ["t.id"], "Hash Buckets": 131072, "Original Hash Buckets": 131072, "Hash Batches": 4, "Original Hash Batches": 4, "Peak Memory Usage": 2436, "Shared Hit Blocks": 0, "Shared Read Blocks": 35998, "Shared Dirtied Blocks": 0, "Shared Written Blocks": 0, "Local Hit Blocks": 0, "Local Read Blocks": 0, "Local Dirtied Blocks": 0, "Local Written Blocks": 0, "Temp Read Blocks": 0, "Temp Written Blocks": 350, "I/O Read Time": 65.022, "I/O Write Time": 0.0, "Plans": [{"Node Type": "Seq Scan", "Parent Relationship": "Outer", "Parallel Aware": false, "Relation Name": "title", "Schema": "public", "Alias": "t", "Startup Cost": 0.0, "Total Cost": 67604.5, "Plan Rows": 162668, "Plan Width": 4, "Actual Startup Time": 0.139, "Actual Total Time": 523.603, "Actual Rows": 160017, "Actual Loops": 1, "Output": ["t.id"], "Filter": "(t.production_year = 2011)", "Rows Removed by Filter": 2368295, "Shared Hit Blocks": 0, "Shared Read Blocks": 35998, "Shared Dirtied Blocks": 0, "Shared Written Blocks": 0, "Local Hit Blocks": 0, "Local Read Blocks": 0, "Local Dirtied Blocks": 0, "Local Written Blocks": 0, "Temp Read Blocks": 0, "Temp Written Blocks": 0, "I/O Read Time": 65.022, "I/O Write Time": 0.0}]}]}, {"Node Type": "Index Only Scan", "Parent Relationship": "Inner", "Parallel Aware": false, "Scan Direction": "Forward", "Index Name": "movie_id_movie_keyword", "Relation Name": "movie_keyword", "Schema": "public", "Alias": "mk", "Startup Cost": 0.43, "Total Cost": 1.31, "Plan Rows": 46, "Plan Width": 4, "Actual Startup Time": 0.008, "Actual Total Time": 0.009, "Actual Rows": 5, "Actual Loops": 20689, "Output": ["mk.movie_id"], "Index Cond": "(mk.movie_id = mi_idx.movie_id)", "Rows Removed by Index Recheck": 0, "Heap Fetches": 0, "Shared Hit Blocks": 56054, "Shared Read Blocks": 6014, "Shared Dirtied Blocks": 0, "Shared Written Blocks": 0, "Local Hit Blocks": 0, "Local Read Blocks": 0, "Local Dirtied Blocks": 0, "Local Written Blocks": 0, "Temp Read Blocks": 0, "Temp Written Blocks": 0, "I/O Read Time": 76.798, "I/O Write Time": 0.0}]}, {"Node Type": "Index Scan", "Parent Relationship": "Inner", "Parallel Aware": false, "Scan Direction": "Forward", "Index Name": "movie_id_movie_info", "Relation Name": "movie_info", "Schema": "public", "Alias": "mi", "Startup Cost": 0.43, "Total Cost": 1.38, "Plan Rows": 14, "Plan Width": 4, "Actual Startup Time": 0.018, "Actual Total Time": 0.065, "Actual Rows": 35, "Actual Loops": 101489, "Output": ["mi.id", "mi.movie_id", "mi.info_type_id", "mi.info", "mi.note"], "Index Cond": "(mi.movie_id = mk.movie_id)", "Rows Removed by Index Recheck": 0, "Filter": "(mi.info_type_id > 15)", "Rows Removed by Filter": 27, "Shared Hit Blocks": 1522940, "Shared Read Blocks": 41312, "Shared Dirtied Blocks": 0, "Shared Written Blocks": 0, "Local Hit Blocks": 0, "Local Read Blocks": 0, "Local Dirtied Blocks": 0, "Local Written Blocks": 0, "Temp Read Blocks": 0, "Temp Written Blocks": 0, "I/O Read Time": 3119.179, "I/O Write Time": 0.0}]}, {"Node Type": "Index Only Scan", "Parent Relationship": "Inner", "Parallel Aware": false, "Scan Direction": "Forward", "Index Name": "movie_id_cast_info", "Relation Name": "cast_info", "Schema": "public", "Alias": "ci", "Startup Cost": 0.44, "Total Cost": 1.18, "Plan Rows": 37, "Plan Width": 4, "Actual Startup Time": 0.008, "Actual Total Time": 0.033, "Actual Rows": 168, "Actual Loops": 3584830, "Output": ["ci.movie_id"], "Index Cond": "(ci.movie_id = mi.movie_id)", "Rows Removed by Index Recheck": 0, "Heap Fetches": 0, "Shared Hit Blocks": 38926499, "Shared Read Blocks": 4971, "Shared Dirtied Blocks": 0, "Shared Written Blocks": 0, "Local Hit Blocks": 0, "Local Read Blocks": 0, "Local Dirtied Blocks": 0, "Local Written Blocks": 0, "Temp Read Blocks": 0, "Temp Written Blocks": 0, "I/O Read Time": 522.169, "I/O Write Time": 0.0}]}]}, "Planning": {"Shared Hit Blocks": 471, "Shared Read Blocks": 65, "Shared Dirtied Blocks": 0, "Shared Written Blocks": 0, "Local Hit Blocks": 0, "Local Read Blocks": 0, "Local Dirtied Blocks": 0, "Local Written Blocks": 0, "Temp Read Blocks": 0, "Temp Written Blocks": 0, "I/O Read Time": 4.981, "I/O Write Time": 0.0}, "Planning Time": 9.373, "Triggers": [], "Execution Time": 281801.595}, "template": "scale", "query": "EXPLAIN (ANALYZE, COSTS, BUFFERS, VERBOSE, FORMAT JSON) SELECT COUNT(*) FROM title t,cast_info ci,movie_info mi,movie_info_idx mi_idx,movie_keyword mk WHERE t.id=ci.movie_id AND t.id=mi.movie_id AND t.id=mi_idx.movie_id AND t.id=mk.movie_id AND t.production_year=2011 AND mi.info_type_id>15 AND mi_idx.info_type_id>100;"}
{"planinfo": {"Plan": {"Node Type": "Aggregate", "Strategy": "Plain", "Partial Mode": "Simple", "Parallel Aware": false, "Startup Cost": 39633.13, "Total Cost": 39633.14, "Plan Rows": 1, "Plan Width": 8, "Actual Startup Time": 577.464, "Actual Total Time": 577.465, "Actual Rows": 1, "Actual Loops": 1, "Output": ["count(*)"], "Shared Hit Blocks": 0, "Shared Read Blocks": 12176, "Shared Dirtied Blocks": 0, "Shared Written Blocks": 0, "Local Hit Blocks": 0, "Local Read Blocks": 0, "Local Dirtied Blocks": 0, "Local Written Blocks": 0, "Temp Read Blocks": 0, "Temp Written Blocks": 0, "I/O Read Time": 61.705, "I/O Write Time": 0.0, "Plans": [{"Node Type": "Index Scan", "Parent Relationship": "Outer", "Parallel Aware": false, "Scan Direction": "Forward", "Index Name": "company_type_id_movie_companies", "Relation Name": "movie_companies", "Schema": "public", "Alias": "mc", "Startup Cost": 0.43, "Total Cost": 38297.45, "Plan Rows": 534273, "Plan Width": 0, "Actual Startup Time": 0.31, "Actual Total Time": 497.095, "Actual Rows": 760775, "Actual Loops": 1, "Output": ["id", "movie_id", "company_id", "company_type_id", "note"], "Index Cond": "(mc.company_type_id < 2)", "Rows Removed by Index Recheck": 0, "Filter": "(mc.company_id < 7876)", "Rows Removed by Filter": 513471, "Shared Hit Blocks": 0, "Shared Read Blocks": 12176, "Shared Dirtied Blocks": 0, "Shared Written Blocks": 0, "Local Hit Blocks": 0, "Local Read Blocks": 0, "Local Dirtied Blocks": 0, "Local Written Blocks": 0, "Temp Read Blocks": 0, "Temp Written Blocks": 0, "I/O Read Time": 61.705, "I/O Write Time": 0.0}]}, "Planning": {"Shared Hit Blocks": 61, "Shared Read Blocks": 11, "Shared Dirtied Blocks": 0, "Shared Written Blocks": 0, "Local Hit Blocks": 0, "Local Read Blocks": 0, "Local Dirtied Blocks": 0, "Local Written Blocks": 0, "Temp Read Blocks": 0, "Temp Written Blocks": 0, "I/O Read Time": 0.862, "I/O Write Time": 0.0}, "Planning Time": 1.415, "Triggers": [], "Execution Time": 577.508}, "template": "scale", "query": "EXPLAIN (ANALYZE, COSTS, BUFFERS, VERBOSE, FORMAT JSON) SELECT COUNT(*) FROM movie_companies mc WHERE mc.company_id<7876 AND mc.company_type_id<2;"}
{"planinfo": {"Plan": {"Node Type": "Aggregate", "Strategy": "Plain", "Partial Mode": "Simple", "Parallel Aware": false, "Startup Cost": 154939.72, "Total Cost": 154939.73, "Plan Rows": 1, "Plan Width": 8, "Actual Startup Time": 1534.362, "Actual Total Time": 1534.366, "Actual Rows": 1, "Actual Loops": 1, "Output": ["count(*)"], "Shared Hit Blocks": 3, "Shared Read Blocks": 60452, "Shared Dirtied Blocks": 0, "Shared Written Blocks": 0, "Local Hit Blocks": 0, "Local Read Blocks": 0, "Local Dirtied Blocks": 0, "Local Written Blocks": 0, "Temp Read Blocks": 870, "Temp Written Blocks": 870, "I/O Read Time": 183.36, "I/O Write Time": 0.0, "Plans": [{"Node Type": "Hash Join", "Parent Relationship": "Outer", "Parallel Aware": false, "Join Type": "Inner", "Startup Cost": 71332.11, "Total Cost": 154903.59, "Plan Rows": 14455, "Plan Width": 0, "Actual Startup Time": 626.297, "Actual Total Time": 1533.637, "Actual Rows": 4304, "Actual Loops": 1, "Inner Unique": true, "Hash Cond": "(mk.movie_id = t.id)", "Shared Hit Blocks": 3, "Shared Read Blocks": 60452, "Shared Dirtied Blocks": 0, "Shared Written Blocks": 0, "Local Hit Blocks": 0, "Local Read Blocks": 0, "Local Dirtied Blocks": 0, "Local Written Blocks": 0, "Temp Read Blocks": 870, "Temp Written Blocks": 870, "I/O Read Time": 183.36, "I/O Write Time": 0.0, "Plans": [{"Node Type": "Seq Scan", "Parent Relationship": "Outer", "Parallel Aware": false, "Relation Name": "movie_keyword", "Schema": "public", "Alias": "mk", "Startup Cost": 0.0, "Total Cost": 81003.12, "Plan Rows": 160895, "Plan Width": 4, "Actual Startup Time": 0.122, "Actual Total Time": 807.971, "Actual Rows": 163809, "Actual Loops": 1, "Output": ["mk.movie_id"], "Filter": "(mk.keyword_id < 121)", "Rows Removed by Filter": 4360121, "Shared Hit Blocks": 0, "Shared Read Blocks": 24454, "Shared Dirtied Blocks": 0, "Shared Written Blocks": 0, "Local Hit Blocks": 0, "Local Read Blocks": 0, "Local Dirtied Blocks": 0, "Local Written Blocks": 0, "Temp Read Blocks": 0, "Temp Written Blocks": 0, "I/O Read Time": 118.361, "I/O Write Time": 0.0}, {"Node Type": "Hash", "Parent Relationship": "Inner", "Parallel Aware": false, "Startup Cost": 67604.5, "Total Cost": 67604.5, "Plan Rows": 227169, "Plan Width": 4, "Actual Startup Time": 625.188, "Actual Total Time": 625.189, "Actual Rows": 231649, "Actual Loops": 1, "Output": ["t.id"], "Hash Buckets": 131072, "Original Hash Buckets": 131072, "Hash Batches": 4, "Original Hash Batches": 4, "Peak Memory Usage": 3076, "Shared Hit Blocks": 0, "Shared Read Blocks": 35998, "Shared Dirtied Blocks": 0, "Shared Written Blocks": 0, "Local Hit Blocks": 0, "Local Read Blocks": 0, "Local Dirtied Blocks": 0, "Local Written Blocks": 0, "Temp Read Blocks": 0, "Temp Written Blocks": 507, "I/O Read Time": 64.999, "I/O Write Time": 0.0, "Plans": [{"Node Type": "Seq Scan", "Parent Relationship": "Outer", "Parallel Aware": false, "Relation Name": "title", "Schema": "public", "Alias": "t", "Startup Cost": 0.0, "Total Cost": 67604.5, "Plan Rows": 227169, "Plan Width": 4, "Actual Startup Time": 0.137, "Actual Total Time": 538.804, "Actual Rows": 231649, "Actual Loops": 1, "Output": ["t.id"], "Filter": "(t.production_year > 2011)", "Rows Removed by Filter": 2296663, "Shared Hit Blocks": 0, "Shared Read Blocks": 35998, "Shared Dirtied Blocks": 0, "Shared Written Blocks": 0, "Local Hit Blocks": 0, "Local Read Blocks": 0, "Local Dirtied Blocks": 0, "Local Written Blocks": 0, "Temp Read Blocks": 0, "Temp Written Blocks": 0, "I/O Read Time": 64.999, "I/O Write Time": 0.0}]}]}]}, "Planning": {"Shared Hit Blocks": 104, "Shared Read Blocks": 26, "Shared Dirtied Blocks": 0, "Shared Written Blocks": 0, "Local Hit Blocks": 0, "Local Read Blocks": 0, "Local Dirtied Blocks": 0, "Local Written Blocks": 0, "Temp Read Blocks": 0, "Temp Written Blocks": 0, "I/O Read Time": 1.81, "I/O Write Time": 0.0}, "Planning Time": 2.699, "Triggers": [], "Execution Time": 1534.543}, "template": "scale", "query": "EXPLAIN (ANALYZE, COSTS, BUFFERS, VERBOSE, FORMAT JSON) SELECT COUNT(*) FROM title t,movie_keyword mk WHERE t.id=mk.movie_id AND t.production_year>2011 AND mk.keyword_id<121;"}
{"planinfo": {"Plan": {"Node Type": "Aggregate", "Strategy": "Plain", "Partial Mode": "Simple", "Parallel Aware": false, "Startup Cost": 200263.88, "Total Cost": 200263.89, "Plan Rows": 1, "Plan Width": 8, "Actual Startup Time": 3533.863, "Actual Total Time": 3533.867, "Actual Rows": 1, "Actual Loops": 1, "Output": ["count(*)"], "Shared Hit Blocks": 3, "Shared Read Blocks": 60452, "Shared Dirtied Blocks": 0, "Shared Written Blocks": 0, "Local Hit Blocks": 0, "Local Read Blocks": 0, "Local Dirtied Blocks": 0, "Local Written Blocks": 0, "Temp Read Blocks": 10906, "Temp Written Blocks": 10906, "I/O Read Time": 198.809, "I/O Write Time": 0.0, "Plans": [{"Node Type": "Hash Join", "Parent Relationship": "Outer", "Parallel Aware": false, "Join Type": "Inner", "Startup Cost": 76355.27, "Total Cost": 198300.75, "Plan Rows": 785251, "Plan Width": 0, "Actual Startup Time": 760.993, "Actual Total Time": 3491.022, "Actual Rows": 378514, "Actual Loops": 1, "Inner Unique": true, "Hash Cond": "(mk.movie_id = t.id)", "Shared Hit Blocks": 3, "Shared Read Blocks": 60452, "Shared Dirtied Blocks": 0, "Shared Written Blocks": 0, "Local Hit Blocks": 0, "Local Read Blocks": 0, "Local Dirtied Blocks": 0, "Local Written Blocks": 0, "Temp Read Blocks": 10906, "Temp Written Blocks": 10906, "I/O Read Time": 198.809, "I/O Write Time": 0.0, "Plans": [{"Node Type": "Seq Scan", "Parent Relationship": "Outer", "Parallel Aware": false, "Relation Name": "movie_keyword", "Schema": "public", "Alias": "mk", "Startup Cost": 0.0, "Total Cost": 81003.12, "Plan Rows": 3722795, "Plan Width": 4, "Actual Startup Time": 0.13, "Actual Total Time": 1127.626, "Actual Rows": 3725186, "Actual Loops": 1, "Output": ["mk.movie_id"], "Filter": "(mk.keyword_id < 23175)", "Rows Removed by Filter": 798744, "Shared Hit Blocks": 0, "Shared Read Blocks": 24454, "Shared Dirtied Blocks": 0, "Shared Written Blocks": 0, "Local Hit Blocks": 0, "Local Read Blocks": 0, "Local Dirtied Blocks": 0, "Local Written Blocks": 0, "Temp Read Blocks": 0, "Temp Written Blocks": 0, "I/O Read Time": 137.55, "I/O Write Time": 0.0}, {"Node Type": "Hash", "Parent Relationship": "Inner", "Parallel Aware": false, "Startup Cost": 67604.5, "Total Cost": 67604.5, "Plan Rows": 533342, "Plan Width": 4, "Actual Startup Time": 760.17, "Actual Total Time": 760.172, "Actual Rows": 533369, "Actual Loops": 1, "Output": ["t.id"], "Hash Buckets": 131072, "Original Hash Buckets": 131072, "Hash Batches": 8, "Original Hash Batches": 8, "Peak Memory Usage": 3369, "Shared Hit Blocks": 0, "Shared Read Blocks": 35998, "Shared Dirtied Blocks": 0, "Shared Written Blocks": 0, "Local Hit Blocks": 0, "Local Read Blocks": 0, "Local Dirtied Blocks": 0, "Local Written Blocks": 0, "Temp Read Blocks": 0, "Temp Written Blocks": 1363, "I/O Read Time": 61.259, "I/O Write Time": 0.0, "Plans": [{"Node Type": "Seq Scan", "Parent Relationship": "Outer", "Parallel Aware": false, "Relation Name": "title", "Schema": "public", "Alias": "t", "Startup Cost": 0.0, "Total Cost": 67604.5, "Plan Rows": 533342, "Plan Width": 4, "Actual Startup Time": 0.149, "Actual Total Time": 573.218, "Actual Rows": 533369, "Actual Loops": 1, "Output": ["t.id"], "Filter": "(t.production_year > 2009)", "Rows Removed by Filter": 1994943, "Shared Hit Blocks": 0, "Shared Read Blocks": 35998, "Shared Dirtied Blocks": 0, "Shared Written Blocks": 0, "Local Hit Blocks": 0, "Local Read Blocks": 0, "Local Dirtied Blocks": 0, "Local Written Blocks": 0, "Temp Read Blocks": 0, "Temp Written Blocks": 0, "I/O Read Time": 61.259, "I/O Write Time": 0.0}]}]}]}, "Planning": {"Shared Hit Blocks": 104, "Shared Read Blocks": 26, "Shared Dirtied Blocks": 0, "Shared Written Blocks": 0, "Local Hit Blocks": 0, "Local Read Blocks": 0, "Local Dirtied Blocks": 0, "Local Written Blocks": 0, "Temp Read Blocks": 0, "Temp Written Blocks": 0, "I/O Read Time": 1.849, "I/O Write Time": 0.0}, "Planning Time": 2.871, "Triggers": [], "Execution Time": 3534.083}, "template": "scale", "query": "EXPLAIN (ANALYZE, COSTS, BUFFERS, VERBOSE, FORMAT JSON) SELECT COUNT(*) FROM title t,movie_keyword mk WHERE t.id=mk.movie_id AND t.production_year>2009 AND mk.keyword_id<23175;"}
{"planinfo": {"Plan": {"Node Type": "Aggregate", "Strategy": "Plain", "Partial Mode": "Simple", "Parallel Aware": false, "Startup Cost": 140583.17, "Total Cost": 140583.18, "Plan Rows": 1, "Plan Width": 8, "Actual Startup Time": 15021.979, "Actual Total Time": 15021.981, "Actual Rows": 1, "Actual Loops": 1, "Output": ["count(*)"], "Shared Hit Blocks": 4814848, "Shared Read Blocks": 68784, "Shared Dirtied Blocks": 0, "Shared Written Blocks": 0, "Local Hit Blocks": 0, "Local Read Blocks": 0, "Local Dirtied Blocks": 0, "Local Written Blocks": 0, "Temp Read Blocks": 0, "Temp Written Blocks": 0, "I/O Read Time": 2191.928, "I/O Write Time": 0.0, "Plans": [{"Node Type": "Nested Loop", "Parent Relationship": "Outer", "Parallel Aware": false, "Join Type": "Inner", "Startup Cost": 2.16, "Total Cost": 140512.84, "Plan Rows": 28131, "Plan Width": 0, "Actual Startup Time": 0.756, "Actual Total Time": 14611.593, "Actual Rows": 3018509, "Actual Loops": 1, "Inner Unique": false, "Shared Hit Blocks": 4814848, "Shared Read Blocks": 68784, "Shared Dirtied Blocks": 0, "Shared Written Blocks": 0, "Local Hit Blocks": 0, "Local Read Blocks": 0, "Local Dirtied Blocks": 0, "Local Written Blocks": 0, "Temp Read Blocks": 0, "Temp Written Blocks": 0, "I/O Read Time": 2191.928, "I/O Write Time": 0.0, "Plans": [{"Node Type": "Nested Loop", "Parent Relationship": "Outer", "Parallel Aware": false, "Join Type": "Inner", "Startup Cost": 1.72, "Total Cost": 118663.04, "Plan Rows": 13224, "Plan Width": 16, "Actual Startup Time": 0.468, "Actual Total Time": 1746.842, "Actual Rows": 219016, "Actual Loops": 1, "Output": ["t.id", "mc.movie_id", "mi_idx.movie_id", "mk.movie_id"], "Inner Unique": false, "Shared Hit Blocks": 420074, "Shared Read Blocks": 24894, "Shared Dirtied Blocks": 0, "Shared Written Blocks": 0, "Local Hit Blocks": 0, "Local Read Blocks": 0, "Local Dirtied Blocks": 0, "Local Written Blocks": 0, "Temp Read Blocks": 0, "Temp Written Blocks": 0, "I/O Read Time": 585.301, "I/O Write Time": 0.0, "Plans": [{"Node Type": "Nested Loop", "Parent Relationship": "Outer", "Parallel Aware": false, "Join Type": "Inner", "Startup Cost": 1.29, "Total Cost": 97148.85, "Plan Rows": 12922, "Plan Width": 12, "Actual Startup Time": 0.345, "Actual Total Time": 1152.647, "Actual Rows": 51072, "Actual Loops": 1, "Output": ["t.id", "mc.movie_id", "mi_idx.movie_id"], "Inner Unique": false, "Shared Hit Blocks": 246600, "Shared Read Blocks": 18041, "Shared Dirtied Blocks": 0, "Shared Written Blocks": 0, "Local Hit Blocks": 0, "Local Read Blocks": 0, "Local Dirtied Blocks": 0, "Local Written Blocks": 0, "Temp Read Blocks": 0, "Temp Written Blocks": 0, "I/O Read Time": 387.669, "I/O Write Time": 0.0, "Plans": [{"Node Type": "Nested Loop", "Parent Relationship": "Outer", "Parallel Aware": false, "Join Type": "Inner", "Startup Cost": 0.86, "Total Cost": 84904.46, "Plan Rows": 23676, "Plan Width": 8, "Actual Startup Time": 0.334, "Actual Total Time": 954.582, "Actual Rows": 42064, "Actual Loops": 1, "Output": ["t.id", "mc.movie_id"], "Inner Unique": true, "Shared Hit Blocks": 123035, "Shared Read Blocks": 15413, "Shared Dirtied Blocks": 0, "Shared Written Blocks": 0, "Local Hit Blocks": 0, "Local Read Blocks": 0, "Local Dirtied Blocks": 0, "Local Written Blocks": 0, "Temp Read Blocks": 0, "Temp Written Blocks": 0, "I/O Read Time": 365.999, "I/O Write Time": 0.0, "Plans": [{"Node Type": "Index Scan", "Parent Relationship": "Outer", "Parallel Aware": false, "Scan Direction": "Forward", "Index Name": "company_type_id_movie_companies", "Relation Name": "movie_companies", "Schema": "public", "Alias": "mc", "Startup Cost": 0.43, "Total Cost": 38297.45, "Plan Rows": 23676, "Plan Width": 4, "Actual Startup Time": 0.317, "Actual Total Time": 480.264, "Actual Rows": 42064, "Actual Loops": 1, "Output": ["mc.id", "mc.movie_id", "mc.company_id", "mc.company_type_id", "mc.note"], "Index Cond": "(mc.company_type_id < 2)", "Rows Removed by Index Recheck": 0, "Filter": "(mc.company_id = 19)", "Rows Removed by Filter": 1232182, "Shared Hit Blocks": 0, "Shared Read Blocks": 12176, "Shared Dirtied Blocks": 0, "Shared Written Blocks": 0, "Local Hit Blocks": 0, "Local Read Blocks": 0, "Local Dirtied Blocks": 0, "Local Written Blocks": 0, "Temp Read Blocks": 0, "Temp Written Blocks": 0, "I/O Read Time": 65.512, "I/O Write Time": 0.0}, {"Node Type": "Index Only Scan", "Parent Relationship": "Inner", "Parallel Aware": false, "Scan Direction": "Forward", "Index Name": "title_pkey", "Relation Name": "title", "Schema": "public", "Alias": "t", "Startup Cost": 0.43, "Total Cost": 1.97, "Plan Rows": 1, "Plan Width": 4, "Actual Startup Time": 0.011, "Actual Total Time": 0.011, "Actual Rows": 1, "Actual Loops": 42064, "Output": ["t.id"], "Index Cond": "(t.id = mc.movie_id)", "Rows Removed by Index Recheck": 0, "Heap Fetches": 0, "Shared Hit Blocks": 123035, "Shared Read Blocks": 3237, "Shared Dirtied Blocks": 0, "Shared Written Blocks": 0, "Local Hit Blocks": 0, "Local Read Blocks": 0, "Local Dirtied Blocks": 0, "Local Written Blocks": 0, "Temp Read Blocks": 0, "Temp Written Blocks": 0, "I/O Read Time": 300.486, "I/O Write Time": 0.0}]}, {"Node Type": "Index Only Scan", "Parent Relationship": "Inner", "Parallel Aware": false, "Scan Direction": "Forward", "Index Name": "movie_id_movie_info_idx", "Relation Name": "movie_info_idx", "Schema": "public", "Alias": "mi_idx", "Startup Cost": 0.43, "Total Cost": 0.49, "Plan Rows": 3, "Plan Width": 4, "Actual Startup Time": 0.004, "Actual Total Time": 0.004, "Actual Rows": 1, "Actual Loops": 42064, "Output": ["mi_idx.movie_id"], "Index Cond": "(mi_idx.movie_id = t.id)", "Rows Removed by Index Recheck": 0, "Heap Fetches": 0, "Shared Hit Blocks": 123565, "Shared Read Blocks": 2628, "Shared Dirtied Blocks": 0, "Shared Written Blocks": 0, "Local Hit Blocks": 0, "Local Read Blocks": 0, "Local Dirtied Blocks": 0, "Local Written Blocks": 0, "Temp Read Blocks": 0, "Temp Written Blocks": 0, "I/O Read Time": 21.671, "I/O Write Time": 0.0}]}, {"Node Type": "Index Scan", "Parent Relationship": "Inner", "Parallel Aware": false, "Scan Direction": "Forward", "Index Name": "movie_id_movie_keyword", "Relation Name": "movie_keyword", "Schema": "public", "Alias": "mk", "Startup Cost": 0.43, "Total Cost": 1.4, "Plan Rows": 26, "Plan Width": 4, "Actual Startup Time": 0.008, "Actual Total Time": 0.01, "Actual Rows": 4, "Actual Loops": 51072, "Output": ["mk.id", "mk.movie_id", "mk.keyword_id"], "Index Cond": "(mk.movie_id = t.id)", "Rows Removed by Index Recheck": 0, "Filter": "(mk.keyword_id < 6663)", "Rows Removed by Filter": 3, "Shared Hit Blocks": 173474, "Shared Read Blocks": 6853, "Shared Dirtied Blocks": 0, "Shared Written Blocks": 0, "Local Hit Blocks": 0, "Local Read Blocks": 0, "Local Dirtied Blocks": 0, "Local Written Blocks": 0, "Temp Read Blocks": 0, "Temp Written Blocks": 0, "I/O Read Time": 197.632, "I/O Write Time": 0.0}]}, {"Node Type": "Index Scan", "Parent Relationship": "Inner", "Parallel Aware": false, "Scan Direction": "Forward", "Index Name": "movie_id_movie_info", "Relation Name": "movie_info", "Schema": "public", "Alias": "mi", "Startup Cost": 0.43, "Total Cost": 1.51, "Plan Rows": 14, "Plan Width": 4, "Actual Startup Time": 0.009, "Actual Total Time": 0.056, "Actual Rows": 14, "Actual Loops": 219016, "Output": ["mi.id", "mi.movie_id", "mi.info_type_id", "mi.info", "mi.note"], "Index Cond": "(mi.movie_id = t.id)", "Rows Removed by Index Recheck": 0, "Filter": "(mi.info_type_id < 6)", "Rows Removed by Filter": 99, "Shared Hit Blocks": 4394774, "Shared Read Blocks": 43890, "Shared Dirtied Blocks": 0, "Shared Written Blocks": 0, "Local Hit Blocks": 0, "Local Read Blocks": 0, "Local Dirtied Blocks": 0, "Local Written Blocks": 0, "Temp Read Blocks": 0, "Temp Written Blocks": 0, "I/O Read Time": 1606.627, "I/O Write Time": 0.0}]}]}, "Planning": {"Shared Hit Blocks": 460, "Shared Read Blocks": 64, "Shared Dirtied Blocks": 0, "Shared Written Blocks": 0, "Local Hit Blocks": 0, "Local Read Blocks": 0, "Local Dirtied Blocks": 0, "Local Written Blocks": 0, "Temp Read Blocks": 0, "Temp Written Blocks": 0, "I/O Read Time": 4.808, "I/O Write Time": 0.0}, "Planning Time": 9.125, "Triggers": [], "Execution Time": 15022.144}, "template": "scale", "query": "EXPLAIN (ANALYZE, COSTS, BUFFERS, VERBOSE, FORMAT JSON) SELECT COUNT(*) FROM title t,movie_companies mc,movie_info mi,movie_info_idx mi_idx,movie_keyword mk WHERE t.id=mc.movie_id AND t.id=mi.movie_id AND t.id=mi_idx.movie_id AND t.id=mk.movie_id AND mc.company_id=19 AND mc.company_type_id<2 AND mi.info_type_id<6 AND mk.keyword_id<6663;"}
{"planinfo": {"Plan": {"Node Type": "Aggregate", "Strategy": "Plain", "Partial Mode": "Simple", "Parallel Aware": false, "Startup Cost": 565519.47, "Total Cost": 565519.48, "Plan Rows": 1, "Plan Width": 8, "Actual Startup Time": 9807.34, "Actual Total Time": 9807.341, "Actual Rows": 1, "Actual Loops": 1, "Output": ["count(*)"], "Shared Hit Blocks": 6939040, "Shared Read Blocks": 70776, "Shared Dirtied Blocks": 0, "Shared Written Blocks": 0, "Local Hit Blocks": 0, "Local Read Blocks": 0, "Local Dirtied Blocks": 0, "Local Written Blocks": 0, "Temp Read Blocks": 0, "Temp Written Blocks": 0, "I/O Read Time": 1313.234, "I/O Write Time": 0.0, "Plans": [{"Node Type": "Merge Join", "Parent Relationship": "Outer", "Parallel Aware": false, "Join Type": "Inner", "Startup Cost": 23.16, "Total Cost": 550121.91, "Plan Rows": 6159023, "Plan Width": 0, "Actual Startup Time": 0.331, "Actual Total Time": 9347.799, "Actual Rows": 3636397, "Actual Loops": 1, "Inner Unique": false, "Merge Cond": "(t.id = mi.movie_id)", "Shared Hit Blocks": 6939040, "Shared Read Blocks": 70776, "Shared Dirtied Blocks": 0, "Shared Written Blocks": 0, "Local Hit Blocks": 0, "Local Read Blocks": 0, "Local Dirtied Blocks": 0, "Local Written Blocks": 0, "Temp Read Blocks": 0, "Temp Written Blocks": 0, "I/O Read Time": 1313.234, "I/O Write Time": 0.0, "Plans": [{"Node Type": "Index Scan", "Parent Relationship": "Outer", "Parallel Aware": false, "Scan Direction": "Forward", "Index Name": "title_pkey", "Relation Name": "title", "Schema": "public", "Alias": "t", "Startup Cost": 0.43, "Total Cost": 122991.14, "Plan Rows": 1050934, "Plan Width": 4, "Actual Startup Time": 0.188, "Actual Total Time": 3377.898, "Actual Rows": 1152288, "Actual Loops": 1, "Output": ["t.id", "t.title", "t.imdb_index", "t.kind_id", "t.production_year", "t.imdb_id", "t.phonetic_code", "t.episode_of_id", "t.season_nr", "t.episode_nr", "t.series_years", "t.md5sum"], "Filter": "((t.kind_id > 1) AND (t.production_year > 1999))", "Rows Removed by Filter": 1374236, "Shared Hit Blocks": 2488536, "Shared Read Blocks": 44944, "Shared Dirtied Blocks": 0, "Shared Written Blocks": 0, "Local Hit Blocks": 0, "Local Read Blocks": 0, "Local Dirtied Blocks": 0, "Local Written Blocks": 0, "Temp Read Blocks": 0, "Temp Written Blocks": 0, "I/O Read Time": 1135.966, "I/O Write Time": 0.0}, {"Node Type": "Index Only Scan", "Parent Relationship": "Inner", "Parallel Aware": false, "Scan Direction": "Forward", "Index Name": "movie_id_movie_info", "Relation Name": "movie_info", "Schema": "public", "Alias": "mi", "Startup Cost": 0.43, "Total Cost": 325993.18, "Plan Rows": 14818450, "Plan Width": 4, "Actual Startup Time": 0.028, "Actual Total Time": 3773.394, "Actual Rows": 14835720, "Actual Loops": 1, "Output": ["mi.movie_id"], "Heap Fetches": 0, "Shared Hit Blocks": 4450504, "Shared Read Blocks": 25832, "Shared Dirtied Blocks": 0, "Shared Written Blocks": 0, "Local Hit Blocks": 0, "Local Read Blocks": 0, "Local Dirtied Blocks": 0, "Local Written Blocks": 0, "Temp Read Blocks": 0, "Temp Written Blocks": 0, "I/O Read Time": 177.268, "I/O Write Time": 0.0}]}]}, "Planning": {"Shared Hit Blocks": 105, "Shared Read Blocks": 29, "Shared Dirtied Blocks": 0, "Shared Written Blocks": 0, "Local Hit Blocks": 0, "Local Read Blocks": 0, "Local Dirtied Blocks": 0, "Local Written Blocks": 0, "Temp Read Blocks": 0, "Temp Written Blocks": 0, "I/O Read Time": 2.057, "I/O Write Time": 0.0}, "Planning Time": 2.997, "Triggers": [], "Execution Time": 9807.436}, "template": "scale", "query": "EXPLAIN (ANALYZE, COSTS, BUFFERS, VERBOSE, FORMAT JSON) SELECT COUNT(*) FROM title t,movie_info mi WHERE t.id=mi.movie_id AND t.kind_id>1 AND t.production_year>1999;"}
{"planinfo": {"Plan": {"Node Type": "Aggregate", "Strategy": "Plain", "Partial Mode": "Simple", "Parallel Aware": false, "Startup Cost": 74702.09, "Total Cost": 74702.1, "Plan Rows": 1, "Plan Width": 8, "Actual Startup Time": 593.629, "Actual Total Time": 593.63, "Actual Rows": 1, "Actual Loops": 1, "Output": ["count(*)"], "Shared Hit Blocks": 0, "Shared Read Blocks": 35998, "Shared Dirtied Blocks": 0, "Shared Written Blocks": 0, "Local Hit Blocks": 0, "Local Read Blocks": 0, "Local Dirtied Blocks": 0, "Local Written Blocks": 0, "Temp Read Blocks": 0, "Temp Written Blocks": 0, "I/O Read Time": 65.549, "I/O Write Time": 0.0, "Plans": [{"Node Type": "Seq Scan", "Parent Relationship": "Outer", "Parallel Aware": false, "Relation Name": "title", "Schema": "public", "Alias": "t", "Startup Cost": 0.0, "Total Cost": 73925.8, "Plan Rows": 310516, "Plan Width": 0, "Actual Startup Time": 0.223, "Actual Total Time": 561.217, "Actual Rows": 266599, "Actual Loops": 1, "Output": ["id", "title", "imdb_index", "kind_id", "production_year", "imdb_id", "phonetic_code", "episode_of_id", "season_nr", "episode_nr", "series_years", "md5sum"], "Filter": "((t.kind_id < 7) AND (t.production_year > 2007))", "Rows Removed by Filter": 2261713, "Shared Hit Blocks": 0, "Shared Read Blocks": 35998, "Shared Dirtied Blocks": 0, "Shared Written Blocks": 0, "Local Hit Blocks": 0, "Local Read Blocks": 0, "Local Dirtied Blocks": 0, "Local Written Blocks": 0, "Temp Read Blocks": 0, "Temp Written Blocks": 0, "I/O Read Time": 65.549, "I/O Write Time": 0.0}]}, "Planning": {"Shared Hit Blocks": 43, "Shared Read Blocks": 8, "Shared Dirtied Blocks": 0, "Shared Written Blocks": 0, "Local Hit Blocks": 0, "Local Read Blocks": 0, "Local Dirtied Blocks": 0, "Local Written Blocks": 0, "Temp Read Blocks": 0, "Temp Written Blocks": 0, "I/O Read Time": 0.482, "I/O Write Time": 0.0}, "Planning Time": 0.903, "Triggers": [], "Execution Time": 593.676}, "template": "scale", "query": "EXPLAIN (ANALYZE, COSTS, BUFFERS, VERBOSE, FORMAT JSON) SELECT COUNT(*) FROM title t WHERE t.kind_id<7 AND t.production_year>2007;"}
{"planinfo": {"Plan": {"Node Type": "Aggregate", "Strategy": "Plain", "Partial Mode": "Simple", "Parallel Aware": false, "Startup Cost": 528036.4, "Total Cost": 528036.41, "Plan Rows": 1, "Plan Width": 8, "Actual Startup Time": 6249.795, "Actual Total Time": 6249.801, "Actual Rows": 1, "Actual Loops": 1, "Output": ["count(*)"], "Shared Hit Blocks": 3, "Shared Read Blocks": 210167, "Shared Dirtied Blocks": 0, "Shared Written Blocks": 0, "Local Hit Blocks": 0, "Local Read Blocks": 0, "Local Dirtied Blocks": 0, "Local Written Blocks": 0, "Temp Read Blocks": 13416, "Temp Written Blocks": 13416, "I/O Read Time": 399.385, "I/O Write Time": 0.0, "Plans": [{"Node Type": "Hash Join", "Parent Relationship": "Outer", "Parallel Aware": false, "Join Type": "Inner", "Startup Cost": 473248.96, "Total Cost": 527414.72, "Plan Rows": 248673, "Plan Width": 0, "Actual Startup Time": 4850.083, "Actual Total Time": 6154.947, "Actual Rows": 899370, "Actual Loops": 1, "Inner Unique": false, "Hash Cond": "(mc.movie_id = t.id)", "Shared Hit Blocks": 3, "Shared Read Blocks": 210167, "Shared Dirtied Blocks": 0, "Shared Written Blocks": 0, "Local Hit Blocks": 0, "Local Read Blocks": 0, "Local Dirtied Blocks": 0, "Local Written Blocks": 0, "Temp Read Blocks": 13416, "Temp Written Blocks": 13416, "I/O Read Time": 399.385, "I/O Write Time": 0.0, "Plans": [{"Node Type": "Index Scan", "Parent Relationship": "Outer", "Parallel Aware": false, "Scan Direction": "Forward", "Index Name": "company_type_id_movie_companies", "Relation Name": "movie_companies", "Schema": "public", "Alias": "mc", "Startup Cost": 0.43, "Total Cost": 35143.45, "Plan Rows": 1261601, "Plan Width": 4, "Actual Startup Time": 0.284, "Actual Total Time": 510.685, "Actual Rows": 1274246, "Actual Loops": 1, "Output": ["mc.movie_id"], "Index Cond": "(mc.company_type_id < 2)", "Rows Removed by Index Recheck": 0, "Shared Hit Blocks": 0, "Shared Read Blocks": 12176, "Shared Dirtied Blocks": 0, "Shared Written Blocks": 0, "Local Hit Blocks": 0, "Local Read Blocks": 0, "Local Dirtied Blocks": 0, "Local Written Blocks": 0, "Temp Read Blocks": 0, "Temp Written Blocks": 0, "I/O Read Time": 61.74, "I/O Write Time": 0.0}, {"Node Type": "Hash", "Parent Relationship": "Inner", "Parallel Aware": false, "Startup Cost": 465071.61, "Total Cost": 465071.61, "Plan Rows": 498394, "Plan Width": 8, "Actual Startup Time": 4849.173, "Actual Total Time": 4849.177, "Actual Rows": 474443, "Actual Loops": 1, "Output": ["t.id", "mi.movie_id"], "Hash Buckets": 131072, "Original Hash Buckets": 131072, "Hash Batches": 8, "Original Hash Batches": 8, "Peak Memory Usage": 3338, "Shared Hit Blocks": 0, "Shared Read Blocks": 197991, "Shared Dirtied Blocks": 0, "Shared Written Blocks": 0, "Local Hit Blocks": 0, "Local Read Blocks": 0, "Local Dirtied Blocks": 0, "Local Written Blocks": 0, "Temp Read Blocks": 8721, "Temp Written Blocks": 10138, "I/O Read Time": 337.645, "I/O Write Time": 0.0, "Plans": [{"Node Type": "Hash Join", "Parent Relationship": "Outer", "Parallel Aware": false, "Join Type": "Inner", "Startup Cost": 102767.7, "Total Cost": 465071.61, "Plan Rows": 498394, "Plan Width": 8, "Actual Startup Time": 1716.095, "Actual Total Time": 4705.635, "Actual Rows": 474443, "Actual Loops": 1, "Output": ["t.id", "mi.movie_id"], "Inner Unique": true, "Hash Cond": "(mi.movie_id = t.id)", "Shared Hit Blocks": 0, "Shared Read Blocks": 197991, "Shared Dirtied Blocks": 0, "Shared Written Blocks": 0, "Local Hit Blocks": 0, "Local Read Blocks": 0, "Local Dirtied Blocks": 0, "Local Written Blocks": 0, "Temp Read Blocks": 8721, "Temp Written Blocks": 8721, "I/O Read Time": 337.645, "I/O Write Time": 0.0, "Plans": [{"Node Type": "Seq Scan", "Parent Relationship": "Outer", "Parallel Aware": false, "Relation Name": "movie_info", "Schema": "public", "Alias": "mi", "Startup Cost": 0.0, "Total Cost": 347223.62, "Plan Rows": 498394, "Plan Width": 4, "Actual Startup Time": 420.315, "Actual Total Time": 2745.212, "Actual Rows": 474443, "Actual Loops": 1, "Output": ["mi.movie_id"], "Filter": "(mi.info_type_id = 6)", "Rows Removed by Filter": 14361277, "Shared Hit Blocks": 0, "Shared Read Blocks": 161993, "Shared Dirtied Blocks": 0, "Shared Written Blocks": 0, "Local Hit Blocks": 0, "Local Read Blocks": 0, "Local Dirtied Blocks": 0, "Local Written Blocks": 0, "Temp Read Blocks": 0, "Temp Written Blocks": 0, "I/O Read Time": 279.519, "I/O Write Time": 0.0}, {"Node Type": "Hash", "Parent Relationship": "Inner", "Parallel Aware": false, "Startup Cost": 61283.2, "Total Cost": 61283.2, "Plan Rows": 2528520, "Plan Width": 4, "Actual Startup Time": 1293.768, "Actual Total Time": 1293.769, "Actual Rows": 2528312, "Actual Loops": 1, "Output": ["t.id"], "Hash Buckets": 131072, "Original Hash Buckets": 131072, "Hash Batches": 64, "Original Hash Batches": 64, "Peak Memory Usage": 2415, "Shared Hit Blocks": 0, "Shared Read Blocks": 35998, "Shared Dirtied Blocks": 0, "Shared Written Blocks": 0, "Local Hit Blocks": 0, "Local Read Blocks": 0, "Local Dirtied Blocks": 0, "Local Written Blocks": 0, "Temp Read Blocks": 0, "Temp Written Blocks": 7262, "I/O Read Time": 58.127, "I/O Write Time": 0.0, "Plans": [{"Node Type": "Seq Scan", "Parent Relationship": "Outer", "Parallel Aware": false, "Relation Name": "title", "Schema": "public", "Alias": "t", "Startup Cost": 0.0, "Total Cost": 61283.2, "Plan Rows": 2528520, "Plan Width": 4, "Actual Startup Time": 0.166, "Actual Total Time": 545.798, "Actual Rows": 2528312, "Actual Loops": 1, "Output": ["t.id"], "Shared Hit Blocks": 0, "Shared Read Blocks": 35998, "Shared Dirtied Blocks": 0, "Shared Written Blocks": 0, "Local Hit Blocks": 0, "Local Read Blocks": 0, "Local Dirtied Blocks": 0, "Local Written Blocks": 0, "Temp Read Blocks": 0, "Temp Written Blocks": 0, "I/O Read Time": 58.127, "I/O Write Time": 0.0}]}]}]}]}]}, "Planning": {"Shared Hit Blocks": 194, "Shared Read Blocks": 41, "Shared Dirtied Blocks": 0, "Shared Written Blocks": 0, "Local Hit Blocks": 0, "Local Read Blocks": 0, "Local Dirtied Blocks": 0, "Local Written Blocks": 0, "Temp Read Blocks": 0, "Temp Written Blocks": 0, "I/O Read Time": 3.058, "I/O Write Time": 0.0}, "Planning Time": 4.686, "Triggers": [], "Execution Time": 6250.319}, "template": "scale", "query": "EXPLAIN (ANALYZE, COSTS, BUFFERS, VERBOSE, FORMAT JSON) SELECT COUNT(*) FROM title t,movie_companies mc,movie_info mi WHERE t.id=mc.movie_id AND t.id=mi.movie_id AND mc.company_type_id<2 AND mi.info_type_id=6;"}
{"planinfo": {"Plan": {"Node Type": "Aggregate", "Strategy": "Plain", "Partial Mode": "Simple", "Parallel Aware": false, "Startup Cost": 689387.18, "Total Cost": 689387.19, "Plan Rows": 1, "Plan Width": 8, "Actual Startup Time": 36301.056, "Actual Total Time": 36301.063, "Actual Rows": 1, "Actual Loops": 1, "Output": ["count(*)"], "Shared Hit Blocks": 23661, "Shared Read Blocks": 181661, "Shared Dirtied Blocks": 0, "Shared Written Blocks": 0, "Local Hit Blocks": 0, "Local Read Blocks": 0, "Local Dirtied Blocks": 0, "Local Written Blocks": 0, "Temp Read Blocks": 24568, "Temp Written Blocks": 24574, "I/O Read Time": 477.001, "I/O Write Time": 0.0, "Plans": [{"Node Type": "Hash Join", "Parent Relationship": "Outer", "Parallel Aware": false, "Join Type": "Inner", "Startup Cost": 262734.68, "Total Cost": 686231.28, "Plan Rows": 1262357, "Plan Width": 0, "Actual Startup Time": 3720.322, "Actual Total Time": 26647.632, "Actual Rows": 98474517, "Actual Loops": 1, "Inner Unique": false, "Hash Cond": "(mi.movie_id = t.id)", "Shared Hit Blocks": 23661, "Shared Read Blocks": 181661, "Shared Dirtied Blocks": 0, "Shared Written Blocks": 0, "Local Hit Blocks": 0, "Local Read Blocks": 0, "Local Dirtied Blocks": 0, "Local Written Blocks": 0, "Temp Read Blocks": 24568, "Temp Written Blocks": 24574, "I/O Read Time": 477.001, "I/O Write Time": 0.0, "Plans": [{"Node Type": "Seq Scan", "Parent Relationship": "Outer", "Parallel Aware": false, "Relation Name": "movie_info", "Schema": "public", "Alias": "mi", "Startup Cost": 0.0, "Total Cost": 347223.62, "Plan Rows": 5247839, "Plan Width": 4, "Actual Startup Time": 173.929, "Actual Total Time": 3070.807, "Actual Rows": 5270569, "Actual Loops": 1, "Output": ["mi.movie_id"], "Filter": "(mi.info_type_id > 15)", "Rows Removed by Filter": 9565151, "Shared Hit Blocks": 0, "Shared Read Blocks": 161993, "Shared Dirtied Blocks": 0, "Shared Written Blocks": 0, "Local Hit Blocks": 0, "Local Read Blocks": 0, "Local Dirtied Blocks": 0, "Local Written Blocks": 0, "Temp Read Blocks": 0, "Temp Written Blocks": 0, "I/O Read Time": 283.592, "I/O Write Time": 0.0}, {"Node Type": "Hash", "Parent Relationship": "Inner", "Parallel Aware": false, "Startup Cost": 252161.79, "Total Cost": 252161.79, "Plan Rows": 608231, "Plan Width": 12, "Actual Startup Time": 3545.654, "Actual Total Time": 3545.658, "Actual Rows": 1859874, "Actual Loops": 1, "Output": ["t.id", "ci.movie_id", "mk.movie_id"], "Hash Buckets": 131072, "Original Hash Buckets": 131072, "Hash Batches": 32, "Original Hash Batches": 16, "Peak Memory Usage": 3503, "Shared Hit Blocks": 23658, "Shared Read Blocks": 19668, "Shared Dirtied Blocks": 0, "Shared Written Blocks": 0, "Local Hit Blocks": 0, "Local Read Blocks": 0, "Local Dirtied Blocks": 0, "Local Written Blocks": 0, "Temp Read Blocks": 543, "Temp Written Blocks": 7574, "I/O Read Time": 193.409, "I/O Write Time": 0.0, "Plans": [{"Node Type": "Merge Join", "Parent Relationship": "Outer", "Parallel Aware": false, "Join Type": "Inner", "Startup Cost": 45283.56, "Total Cost": 252161.79, "Plan Rows": 608231, "Plan Width": 12, "Actual Startup Time": 279.832, "Actual Total Time": 2879.708, "Actual Rows": 1859874, "Actual Loops": 1, "Output": ["t.id", "ci.movie_id", "mk.movie_id"], "Inner Unique": false, "Merge Cond": "(t.id = mk.movie_id)", "Shared Hit Blocks": 23658, "Shared Read Blocks": 19668, "Shared Dirtied Blocks": 0, "Shared Written Blocks": 0, "Local Hit Blocks": 0, "Local Read Blocks": 0, "Local Dirtied Blocks": 0, "Local Written Blocks": 0, "Temp Read Blocks": 543, "Temp Written Blocks": 549, "I/O Read Time": 193.409, "I/O Write Time": 0.0, "Plans": [{"Node Type": "Merge Join", "Parent Relationship": "Outer", "Parallel Aware": false, "Join Type": "Inner", "Startup Cost": 45273.4, "Total Cost": 131406.55, "Plan Rows": 339953, "Plan Width": 8, "Actual Startup Time": 279.726, "Actual Total Time": 1403.516, "Actual Rows": 316118, "Actual Loops": 1, "Output": ["t.id", "ci.movie_id"], "Inner Unique": false, "Merge Cond": "(t.id = ci.movie_id)", "Shared Hit Blocks": 23441, "Shared Read Blocks": 11015, "Shared Dirtied Blocks": 0, "Shared Written Blocks": 0, "Local Hit Blocks": 0, "Local Read Blocks": 0, "Local Dirtied Blocks": 0, "Local Written Blocks": 0, "Temp Read Blocks": 543, "Temp Written Blocks": 549, "I/O Read Time": 146.616, "I/O Write Time": 0.0, "Plans": [{"Node Type": "Index Only Scan", "Parent Relationship": "Outer", "Parallel Aware": false, "Scan Direction": "Forward", "Index Name": "title_pkey", "Relation Name": "title", "Schema": "public", "Alias": "t", "Startup Cost": 0.43, "Total Cost": 73940.23, "Plan Rows": 2528520, "Plan Width": 4, "Actual Startup Time": 0.023, "Actual Total Time": 539.118, "Actual Rows": 2525973, "Actual Loops": 1, "Output": ["t.id"], "Heap Fetches": 0, "Shared Hit Blocks": 23441, "Shared Read Blocks": 8963, "Shared Dirtied Blocks": 0, "Shared Written Blocks": 0, "Local Hit Blocks": 0, "Local Read Blocks": 0, "Local Dirtied Blocks": 0, "Local Written Blocks": 0, "Temp Read Blocks": 0, "Temp Written Blocks": 0, "I/O Read Time": 135.24, "I/O Write Time": 0.0}, {"Node Type": "Materialize", "Parent Relationship": "Inner", "Parallel Aware": false, "Startup Cost": 45272.76, "Total Cost": 46972.52, "Plan Rows": 339953, "Plan Width": 4, "Actual Startup Time": 279.692, "Actual Total Time": 446.376, "Actual Rows": 316118, "Actual Loops": 1, "Output": ["ci.movie_id"], "Shared Hit Blocks": 0, "Shared Read Blocks": 2052, "Shared Dirtied Blocks": 0, "Shared Written Blocks": 0, "Local Hit Blocks": 0, "Local Read Blocks": 0, "Local Dirtied Blocks": 0, "Local Written Blocks": 0, "Temp Read Blocks": 543, "Temp Written Blocks": 549, "I/O Read Time": 11.376, "I/O Write Time": 0.0, "Plans": [{"Node Type": "Sort", "Parent Relationship": "Outer", "Parallel Aware": false, "Startup Cost": 45272.76, "Total Cost": 46122.64, "Plan Rows": 339953, "Plan Width": 4, "Actual Startup Time": 279.686, "Actual Total Time": 354.838, "Actual Rows": 316118, "Actual Loops": 1, "Output": ["ci.movie_id"], "Sort Key": ["ci.movie_id"], "Sort Method": "external merge", "Sort Space Used": 4344, "Sort Space Type": "Disk", "Shared Hit Blocks": 0, "Shared Read Blocks": 2052, "Shared Dirtied Blocks": 0, "Shared Written Blocks": 0, "Local Hit Blocks": 0, "Local Read Blocks": 0, "Local Dirtied Blocks": 0, "Local Written Blocks": 0, "Temp Read Blocks": 543, "Temp Written Blocks": 549, "I/O Read Time": 11.376, "I/O Write Time": 0.0, "Plans": [{"Node Type": "Index Scan", "Parent Relationship": "Outer", "Parallel Aware": false, "Scan Direction": "Forward", "Index Name": "role_id_cast_info", "Relation Name": "cast_info", "Schema": "public", "Alias": "ci", "Startup Cost": 0.44, "Total Cost": 9391.62, "Plan Rows": 339953, "Plan Width": 4, "Actual Startup Time": 0.697, "Actual Total Time": 127.017, "Actual Rows": 316118, "Actual Loops": 1, "Output": ["ci.movie_id"], "Index Cond": "(ci.role_id > 10)", "Rows Removed by Index Recheck": 0, "Shared Hit Blocks": 0, "Shared Read Blocks": 2052, "Shared Dirtied Blocks": 0, "Shared Written Blocks": 0, "Local Hit Blocks": 0, "Local Read Blocks": 0, "Local Dirtied Blocks": 0, "Local Written Blocks": 0, "Temp Read Blocks": 0, "Temp Written Blocks": 0, "I/O Read Time": 11.376, "I/O Write Time": 0.0}]}]}]}, {"Node Type": "Index Only Scan", "Parent Relationship": "Inner", "Parallel Aware": false, "Scan Direction": "Forward", "Index Name": "movie_id_movie_keyword", "Relation Name": "movie_keyword", "Schema": "public", "Alias": "mk", "Startup Cost": 0.43, "Total Cost": 102607.38, "Plan Rows": 4523930, "Plan Width": 4, "Actual Startup Time": 0.038, "Actual Total Time": 776.28, "Actual Rows": 4663245, "Actual Loops": 1, "Output": ["mk.movie_id"], "Heap Fetches": 0, "Shared Hit Blocks": 217, "Shared Read Blocks": 8653, "Shared Dirtied Blocks": 0, "Shared Written Blocks": 0, "Local Hit Blocks": 0, "Local Read Blocks": 0, "Local Dirtied Blocks": 0, "Local Written Blocks": 0, "Temp Read Blocks": 0, "Temp Written Blocks": 0, "I/O Read Time": 46.792, "I/O Write Time": 0.0}]}]}]}]}, "Planning": {"Shared Hit Blocks": 322, "Shared Read Blocks": 55, "Shared Dirtied Blocks": 0, "Shared Written Blocks": 0, "Local Hit Blocks": 0, "Local Read Blocks": 0, "Local Dirtied Blocks": 0, "Local Written Blocks": 0, "Temp Read Blocks": 0, "Temp Written Blocks": 0, "I/O Read Time": 4.128, "I/O Write Time": 0.0}, "Planning Time": 6.88, "Triggers": [], "Execution Time": 36301.777}, "template": "scale", "query": "EXPLAIN (ANALYZE, COSTS, BUFFERS, VERBOSE, FORMAT JSON) SELECT COUNT(*) FROM title t,cast_info ci,movie_info mi,movie_keyword mk WHERE t.id=ci.movie_id AND t.id=mi.movie_id AND t.id=mk.movie_id AND ci.role_id>10 AND mi.info_type_id>15;"}
{"planinfo": {"Plan": {"Node Type": "Aggregate", "Strategy": "Plain", "Partial Mode": "Simple", "Parallel Aware": false, "Startup Cost": 865.81, "Total Cost": 865.82, "Plan Rows": 1, "Plan Width": 8, "Actual Startup Time": 18.106, "Actual Total Time": 18.108, "Actual Rows": 1, "Actual Loops": 1, "Output": ["count(*)"], "Shared Hit Blocks": 6154, "Shared Read Blocks": 128, "Shared Dirtied Blocks": 0, "Shared Written Blocks": 0, "Local Hit Blocks": 0, "Local Read Blocks": 0, "Local Dirtied Blocks": 0, "Local Written Blocks": 0, "Temp Read Blocks": 0, "Temp Written Blocks": 0, "I/O Read Time": 11.673, "I/O Write Time": 0.0, "Plans": [{"Node Type": "Nested Loop", "Parent Relationship": "Outer", "Parallel Aware": false, "Join Type": "Inner", "Startup Cost": 2.16, "Total Cost": 863.05, "Plan Rows": 1104, "Plan Width": 0, "Actual Startup Time": 8.891, "Actual Total Time": 17.755, "Actual Rows": 2457, "Actual Loops": 1, "Inner Unique": false, "Join Filter": "(t.id = ci.movie_id)", "Rows Removed by Join Filter": 0, "Shared Hit Blocks": 6154, "Shared Read Blocks": 128, "Shared Dirtied Blocks": 0, "Shared Written Blocks": 0, "Local Hit Blocks": 0, "Local Read Blocks": 0, "Local Dirtied Blocks": 0, "Local Written Blocks": 0, "Temp Read Blocks": 0, "Temp Written Blocks": 0, "I/O Read Time": 11.673, "I/O Write Time": 0.0, "Plans": [{"Node Type": "Nested Loop", "Parent Relationship": "Outer", "Parallel Aware": false, "Join Type": "Inner", "Startup Cost": 1.72, "Total Cost": 558.43, "Plan Rows": 157, "Plan Width": 16, "Actual Startup Time": 1.662, "Actual Total Time": 7.216, "Actual Rows": 132, "Actual Loops": 1, "Output": ["t.id", "mc.movie_id", "mi.movie_id", "mi_idx.movie_id"], "Inner Unique": false, "Shared Hit Blocks": 78, "Shared Read Blocks": 75, "Shared Dirtied Blocks": 0, "Shared Written Blocks": 0, "Local Hit Blocks": 0, "Local Read Blocks": 0, "Local Dirtied Blocks": 0, "Local Written Blocks": 0, "Temp Read Blocks": 0, "Temp Written Blocks": 0, "I/O Read Time": 6.795, "I/O Write Time": 0.0, "Plans": [{"Node Type": "Nested Loop", "Parent Relationship": "Outer", "Parallel Aware": false, "Join Type": "Inner", "Startup Cost": 1.29, "Total Cost": 516.62, "Plan Rows": 27, "Plan Width": 12, "Actual Startup Time": 1.465, "Actual Total Time": 6.635, "Actual Rows": 6, "Actual Loops": 1, "Output": ["t.id", "mc.movie_id", "mi_idx.movie_id"], "Inner Unique": false, "Shared Hit Blocks": 46, "Shared Read Blocks": 68, "Shared Dirtied Blocks": 0, "Shared Written Blocks": 0, "Local Hit Blocks": 0, "Local Read Blocks": 0, "Local Dirtied Blocks": 0, "Local Written Blocks": 0, "Temp Read Blocks": 0, "Temp Written Blocks": 0, "I/O Read Time": 6.321, "I/O Write Time": 0.0, "Plans": [{"Node Type": "Nested Loop", "Parent Relationship": "Outer", "Parallel Aware": false, "Join Type": "Inner", "Startup Cost": 0.86, "Total Cost": 491.28, "Plan Rows": 49, "Plan Width": 8, "Actual Startup Time": 0.593, "Actual Total Time": 4.599, "Actual Rows": 15, "Actual Loops": 1, "Output": ["t.id", "mc.movie_id"], "Inner Unique": true, "Shared Hit Blocks": 21, "Shared Read Blocks": 47, "Shared Dirtied Blocks": 0, "Shared Written Blocks": 0, "Local Hit Blocks": 0, "Local Read Blocks": 0, "Local Dirtied Blocks": 0, "Local Written Blocks": 0, "Temp Read Blocks": 0, "Temp Written Blocks": 0, "I/O Read Time": 4.394, "I/O Write Time": 0.0, "Plans": [{"Node Type": "Index Scan", "Parent Relationship": "Outer", "Parallel Aware": false, "Scan Direction": "Forward", "Index Name": "company_id_movie_companies", "Relation Name": "movie_companies", "Schema": "public", "Alias": "mc", "Startup Cost": 0.43, "Total Cost": 273.35, "Plan Rows": 49, "Plan Width": 4, "Actual Startup Time": 0.399, "Actual Total Time": 2.152, "Actual Rows": 15, "Actual Loops": 1, "Output": ["mc.id", "mc.movie_id", "mc.company_id", "mc.company_type_id", "mc.note"], "Index Cond": "(mc.company_id = 4482)", "Rows Removed by Index Recheck": 0, "Filter": "(mc.company_type_id < 2)", "Rows Removed by Filter": 4, "Shared Hit Blocks": 0, "Shared Read Blocks": 22, "Shared Dirtied Blocks": 0, "Shared Written Blocks": 0, "Local Hit Blocks": 0, "Local Read Blocks": 0, "Local Dirtied Blocks": 0, "Local Written Blocks": 0, "Temp Read Blocks": 0, "Temp Written Blocks": 0, "I/O Read Time": 2.08, "I/O Write Time": 0.0}, {"Node Type": "Index Only Scan", "Parent Relationship": "Inner", "Parallel Aware": false, "Scan Direction": "Forward", "Index Name": "title_pkey", "Relation Name": "title", "Schema": "public", "Alias": "t", "Startup Cost": 0.43, "Total Cost": 4.45, "Plan Rows": 1, "Plan Width": 4, "Actual Startup Time": 0.162, "Actual Total Time": 0.162, "Actual Rows": 1, "Actual Loops": 15, "Output": ["t.id"], "Index Cond": "(t.id = mc.movie_id)", "Rows Removed by Index Recheck": 0, "Heap Fetches": 0, "Shared Hit Blocks": 21, "Shared Read Blocks": 25, "Shared Dirtied Blocks": 0, "Shared Written Blocks": 0, "Local Hit Blocks": 0, "Local Read Blocks": 0, "Local Dirtied Blocks": 0, "Local Written Blocks": 0, "Temp Read Blocks": 0, "Temp Written Blocks": 0, "I/O Read Time": 2.315, "I/O Write Time": 0.0}]}, {"Node Type": "Index Only Scan", "Parent Relationship": "Inner", "Parallel Aware": false, "Scan Direction": "Forward", "Index Name": "movie_id_movie_info_idx", "Relation Name": "movie_info_idx", "Schema": "public", "Alias": "mi_idx", "Startup Cost": 0.43, "Total Cost": 0.49, "Plan Rows": 3, "Plan Width": 4, "Actual Startup Time": 0.135, "Actual Total Time": 0.135, "Actual Rows": 0, "Actual Loops": 15, "Output": ["mi_idx.movie_id"], "Index Cond": "(mi_idx.movie_id = t.id)", "Rows Removed by Index Recheck": 0, "Heap Fetches": 0, "Shared Hit Blocks": 25, "Shared Read Blocks": 21, "Shared Dirtied Blocks": 0, "Shared Written Blocks": 0, "Local Hit Blocks": 0, "Local Read Blocks": 0, "Local Dirtied Blocks": 0, "Local Written Blocks": 0, "Temp Read Blocks": 0, "Temp Written Blocks": 0, "I/O Read Time": 1.926, "I/O Write Time": 0.0}]}, {"Node Type": "Index Only Scan", "Parent Relationship": "Inner", "Parallel Aware": false, "Scan Direction": "Forward", "Index Name": "movie_id_movie_info", "Relation Name": "movie_info", "Schema": "public", "Alias": "mi", "Startup Cost": 0.43, "Total Cost": 1.16, "Plan Rows": 39, "Plan Width": 4, "Actual Startup Time": 0.068, "Actual Total Time": 0.092, "Actual Rows": 22, "Actual Loops": 6, "Output": ["mi.movie_id"], "Index Cond": "(mi.movie_id = t.id)", "Rows Removed by Index Recheck": 0, "Heap Fetches": 0, "Shared Hit Blocks": 32, "Shared Read Blocks": 7, "Shared Dirtied Blocks": 0, "Shared Written Blocks": 0, "Local Hit Blocks": 0, "Local Read Blocks": 0, "Local Dirtied Blocks": 0, "Local Written Blocks": 0, "Temp Read Blocks": 0, "Temp Written Blocks": 0, "I/O Read Time": 0.474, "I/O Write Time": 0.0}]}, {"Node Type": "Index Scan", "Parent Relationship": "Inner", "Parallel Aware": false, "Scan Direction": "Forward", "Index Name": "movie_id_cast_info", "Relation Name": "cast_info", "Schema": "public", "Alias": "ci", "Startup Cost": 0.44, "Total Cost": 1.72, "Plan Rows": 18, "Plan Width": 4, "Actual Startup Time": 0.039, "Actual Total Time": 0.075, "Actual Rows": 19, "Actual Loops": 132, "Output": ["ci.id", "ci.person_id", "ci.movie_id", "ci.person_role_id", "ci.note", "ci.nr_order", "ci.role_id"], "Index Cond": "(ci.movie_id = mi.movie_id)", "Rows Removed by Index Recheck": 0, "Filter": "(ci.person_id > 1875226)", "Rows Removed by Filter": 25, "Shared Hit Blocks": 6076, "Shared Read Blocks": 53, "Shared Dirtied Blocks": 0, "Shared Written Blocks": 0, "Local Hit Blocks": 0, "Local Read Blocks": 0, "Local Dirtied Blocks": 0, "Local Written Blocks": 0, "Temp Read Blocks": 0, "Temp Written Blocks": 0, "I/O Read Time": 4.879, "I/O Write Time": 0.0}]}]}, "Planning": {"Shared Hit Blocks": 478, "Shared Read Blocks": 64, "Shared Dirtied Blocks": 0, "Shared Written Blocks": 0, "Local Hit Blocks": 0, "Local Read Blocks": 0, "Local Dirtied Blocks": 0, "Local Written Blocks": 0, "Temp Read Blocks": 0, "Temp Written Blocks": 0, "I/O Read Time": 5.38, "I/O Write Time": 0.0}, "Planning Time": 10.128, "Triggers": [], "Execution Time": 18.262}, "template": "scale", "query": "EXPLAIN (ANALYZE, COSTS, BUFFERS, VERBOSE, FORMAT JSON) SELECT COUNT(*) FROM title t,movie_companies mc,cast_info ci,movie_info mi,movie_info_idx mi_idx WHERE t.id=mc.movie_id AND t.id=ci.movie_id AND t.id=mi.movie_id AND t.id=mi_idx.movie_id AND mc.company_id=4482 AND mc.company_type_id<2 AND ci.person_id>1875226;"}
{"planinfo": {"Plan": {"Node Type": "Aggregate", "Strategy": "Plain", "Partial Mode": "Simple", "Parallel Aware": false, "Startup Cost": 260.53, "Total Cost": 260.54, "Plan Rows": 1, "Plan Width": 8, "Actual Startup Time": 3.74, "Actual Total Time": 3.74, "Actual Rows": 1, "Actual Loops": 1, "Output": ["count(*)"], "Shared Hit Blocks": 0, "Shared Read Blocks": 12, "Shared Dirtied Blocks": 0, "Shared Written Blocks": 0, "Local Hit Blocks": 0, "Local Read Blocks": 0, "Local Dirtied Blocks": 0, "Local Written Blocks": 0, "Temp Read Blocks": 0, "Temp Written Blocks": 0, "I/O Read Time": 1.094, "I/O Write Time": 0.0, "Plans": [{"Node Type": "Index Only Scan", "Parent Relationship": "Outer", "Parallel Aware": false, "Scan Direction": "Forward", "Index Name": "keyword_id_movie_keyword", "Relation Name": "movie_keyword", "Schema": "public", "Alias": "mk", "Startup Cost": 0.43, "Total Cost": 234.52, "Plan Rows": 10405, "Plan Width": 0, "Actual Startup Time": 0.455, "Actual Total Time": 2.69, "Actual Rows": 10799, "Actual Loops": 1, "Output": ["keyword_id"], "Index Cond": "(mk.keyword_id = 347)", "Rows Removed by Index Recheck": 0, "Heap Fetches": 0, "Shared Hit Blocks": 0, "Shared Read Blocks": 12, "Shared Dirtied Blocks": 0, "Shared Written Blocks": 0, "Local Hit Blocks": 0, "Local Read Blocks": 0, "Local Dirtied Blocks": 0, "Local Written Blocks": 0, "Temp Read Blocks": 0, "Temp Written Blocks": 0, "I/O Read Time": 1.094, "I/O Write Time": 0.0}]}, "Planning": {"Shared Hit Blocks": 49, "Shared Read Blocks": 9, "Shared Dirtied Blocks": 0, "Shared Written Blocks": 0, "Local Hit Blocks": 0, "Local Read Blocks": 0, "Local Dirtied Blocks": 0, "Local Written Blocks": 0, "Temp Read Blocks": 0, "Temp Written Blocks": 0, "I/O Read Time": 0.612, "I/O Write Time": 0.0}, "Planning Time": 1.05, "Triggers": [], "Execution Time": 3.775}, "template": "scale", "query": "EXPLAIN (ANALYZE, COSTS, BUFFERS, VERBOSE, FORMAT JSON) SELECT COUNT(*) FROM movie_keyword mk WHERE mk.keyword_id=347;"}
{"planinfo": {"Plan": {"Node Type": "Aggregate", "Strategy": "Plain", "Partial Mode": "Simple", "Parallel Aware": false, "Startup Cost": 43330.41, "Total Cost": 43330.42, "Plan Rows": 1, "Plan Width": 8, "Actual Startup Time": 605.257, "Actual Total Time": 605.258, "Actual Rows": 1, "Actual Loops": 1, "Output": ["count(*)"], "Shared Hit Blocks": 0, "Shared Read Blocks": 2345, "Shared Dirtied Blocks": 0, "Shared Written Blocks": 0, "Local Hit Blocks": 0, "Local Read Blocks": 0, "Local Dirtied Blocks": 0, "Local Written Blocks": 0, "Temp Read Blocks": 0, "Temp Written Blocks": 0, "I/O Read Time": 178.613, "I/O Write Time": 0.0, "Plans": [{"Node Type": "Index Only Scan", "Parent Relationship": "Outer", "Parallel Aware": false, "Scan Direction": "Forward", "Index Name": "keyword_id_movie_keyword", "Relation Name": "movie_keyword", "Schema": "public", "Alias": "mk", "Startup Cost": 0.43, "Total Cost": 38959.17, "Plan Rows": 1748499, "Plan Width": 0, "Actual Startup Time": 0.444, "Actual Total Time": 435.543, "Actual Rows": 1750725, "Actual Loops": 1, "Output": ["keyword_id"], "Index Cond": "(mk.keyword_id > 7956)", "Rows Removed by Index Recheck": 0, "Heap Fetches": 0, "Shared Hit Blocks": 0, "Shared Read Blocks": 2345, "Shared Dirtied Blocks": 0, "Shared Written Blocks": 0, "Local Hit Blocks": 0, "Local Read Blocks": 0, "Local Dirtied Blocks": 0, "Local Written Blocks": 0, "Temp Read Blocks": 0, "Temp Written Blocks": 0, "I/O Read Time": 178.613, "I/O Write Time": 0.0}]}, "Planning": {"Shared Hit Blocks": 51, "Shared Read Blocks": 9, "Shared Dirtied Blocks": 0, "Shared Written Blocks": 0, "Local Hit Blocks": 0, "Local Read Blocks": 0, "Local Dirtied Blocks": 0, "Local Written Blocks": 0, "Temp Read Blocks": 0, "Temp Written Blocks": 0, "I/O Read Time": 0.623, "I/O Write Time": 0.0}, "Planning Time": 1.118, "Triggers": [], "Execution Time": 605.296}, "template": "scale", "query": "EXPLAIN (ANALYZE, COSTS, BUFFERS, VERBOSE, FORMAT JSON) SELECT COUNT(*) FROM movie_keyword mk WHERE mk.keyword_id>7956;"}
{"planinfo": {"Plan": {"Node Type": "Aggregate", "Strategy": "Plain", "Partial Mode": "Simple", "Parallel Aware": false, "Startup Cost": 9.35, "Total Cost": 9.36, "Plan Rows": 1, "Plan Width": 8, "Actual Startup Time": 0.435, "Actual Total Time": 0.436, "Actual Rows": 1, "Actual Loops": 1, "Output": ["count(*)"], "Shared Hit Blocks": 0, "Shared Read Blocks": 4, "Shared Dirtied Blocks": 0, "Shared Written Blocks": 0, "Local Hit Blocks": 0, "Local Read Blocks": 0, "Local Dirtied Blocks": 0, "Local Written Blocks": 0, "Temp Read Blocks": 0, "Temp Written Blocks": 0, "I/O Read Time": 0.361, "I/O Write Time": 0.0, "Plans": [{"Node Type": "Index Only Scan", "Parent Relationship": "Outer", "Parallel Aware": false, "Scan Direction": "Forward", "Index Name": "keyword_id_movie_keyword", "Relation Name": "movie_keyword", "Schema": "public", "Alias": "mk", "Startup Cost": 0.43, "Total Cost": 8.74, "Plan Rows": 246, "Plan Width": 0, "Actual Startup Time": 0.404, "Actual Total Time": 0.419, "Actual Rows": 107, "Actual Loops": 1, "Output": ["keyword_id"], "Index Cond": "(mk.keyword_id = 13168)", "Rows Removed by Index Recheck": 0, "Heap Fetches": 0, "Shared Hit Blocks": 0, "Shared Read Blocks": 4, "Shared Dirtied Blocks": 0, "Shared Written Blocks": 0, "Local Hit Blocks": 0, "Local Read Blocks": 0, "Local Dirtied Blocks": 0, "Local Written Blocks": 0, "Temp Read Blocks": 0, "Temp Written Blocks": 0, "I/O Read Time": 0.361, "I/O Write Time": 0.0}]}, "Planning": {"Shared Hit Blocks": 49, "Shared Read Blocks": 9, "Shared Dirtied Blocks": 0, "Shared Written Blocks": 0, "Local Hit Blocks": 0, "Local Read Blocks": 0, "Local Dirtied Blocks": 0, "Local Written Blocks": 0, "Temp Read Blocks": 0, "Temp Written Blocks": 0, "I/O Read Time": 0.589, "I/O Write Time": 0.0}, "Planning Time": 0.988, "Triggers": [], "Execution Time": 0.466}, "template": "scale", "query": "EXPLAIN (ANALYZE, COSTS, BUFFERS, VERBOSE, FORMAT JSON) SELECT COUNT(*) FROM movie_keyword mk WHERE mk.keyword_id=13168;"}
{"planinfo": {"Plan": {"Node Type": "Aggregate", "Strategy": "Plain", "Partial Mode": "Simple", "Parallel Aware": false, "Startup Cost": 756707.03, "Total Cost": 756707.04, "Plan Rows": 1, "Plan Width": 8, "Actual Startup Time": 12329.776, "Actual Total Time": 12329.78, "Actual Rows": 1, "Actual Loops": 1, "Output": ["count(*)"], "Shared Hit Blocks": 4559529, "Shared Read Blocks": 60504, "Shared Dirtied Blocks": 0, "Shared Written Blocks": 0, "Local Hit Blocks": 0, "Local Read Blocks": 0, "Local Dirtied Blocks": 0, "Local Written Blocks": 0, "Temp Read Blocks": 6988, "Temp Written Blocks": 6991, "I/O Read Time": 207.102, "I/O Write Time": 0.0, "Plans": [{"Node Type": "Merge Join", "Parent Relationship": "Outer", "Parallel Aware": false, "Join Type": "Inner", "Startup Cost": 197119.14, "Total Cost": 743544.42, "Plan Rows": 5265044, "Plan Width": 0, "Actual Startup Time": 2330.803, "Actual Total Time": 10657.373, "Actual Rows": 15169699, "Actual Loops": 1, "Inner Unique": false, "Merge Cond": "(t.id = mi.movie_id)", "Shared Hit Blocks": 4559529, "Shared Read Blocks": 60504, "Shared Dirtied Blocks": 0, "Shared Written Blocks": 0, "Local Hit Blocks": 0, "Local Read Blocks": 0, "Local Dirtied Blocks": 0, "Local Written Blocks": 0, "Temp Read Blocks": 6988, "Temp Written Blocks": 6991, "I/O Read Time": 207.102, "I/O Write Time": 0.0, "Plans": [{"Node Type": "Merge Join", "Parent Relationship": "Outer", "Parallel Aware": false, "Join Type": "Inner", "Startup Cost": 197096.41, "Total Cost": 325739.93, "Plan Rows": 898392, "Plan Width": 12, "Actual Startup Time": 2330.595, "Actual Total Time": 2945.818, "Actual Rows": 684163, "Actual Loops": 1, "Output": ["t.id", "mc.movie_id", "mk.movie_id"], "Inner Unique": false, "Merge Cond": "(mk.movie_id = t.id)", "Shared Hit Blocks": 7, "Shared Read Blocks": 49776, "Shared Dirtied Blocks": 0, "Shared Written Blocks": 0, "Local Hit Blocks": 0, "Local Read Blocks": 0, "Local Dirtied Blocks": 0, "Local Written Blocks": 0, "Temp Read Blocks": 6988, "Temp Written Blocks": 6991, "I/O Read Time": 131.526, "I/O Write Time": 0.0, "Plans": [{"Node Type": "Index Only Scan", "Parent Relationship": "Outer", "Parallel Aware": false, "Scan Direction": "Forward", "Index Name": "movie_id_movie_keyword", "Relation Name": "movie_keyword", "Schema": "public", "Alias": "mk", "Startup Cost": 0.43, "Total Cost": 102607.38, "Plan Rows": 4523930, "Plan Width": 4, "Actual Startup Time": 0.022, "Actual Total Time": 133.34, "Actual Rows": 828545, "Actual Loops": 1, "Output": ["mk.movie_id"], "Heap Fetches": 0, "Shared Hit Blocks": 4, "Shared Read Blocks": 1602, "Shared Dirtied Blocks": 0, "Shared Written Blocks": 0, "Local Hit Blocks": 0, "Local Read Blocks": 0, "Local Dirtied Blocks": 0, "Local Written Blocks": 0, "Temp Read Blocks": 0, "Temp Written Blocks": 0, "I/O Read Time": 8.737, "I/O Write Time": 0.0}, {"Node Type": "Materialize", "Parent Relationship": "Inner", "Parallel Aware": false, "Startup Cost": 197095.59, "Total Cost": 199606.24, "Plan Rows": 502130, "Plan Width": 8, "Actual Startup Time": 2330.558, "Actual Total Time": 2479.478, "Actual Rows": 801933, "Actual Loops": 1, "Output": ["t.id", "mc.movie_id"], "Shared Hit Blocks": 3, "Shared Read Blocks": 48174, "Shared Dirtied Blocks": 0, "Shared Written Blocks": 0, "Local Hit Blocks": 0, "Local Read Blocks": 0, "Local Dirtied Blocks": 0, "Local Written Blocks": 0, "Temp Read Blocks": 6988, "Temp Written Blocks": 6991, "I/O Read Time": 122.789, "I/O Write Time": 0.0, "Plans": [{"Node Type": "Sort", "Parent Relationship": "Outer", "Parallel Aware": false, "Startup Cost": 197095.59, "Total Cost": 198350.92, "Plan Rows": 502130, "Plan Width": 8, "Actual Startup Time": 2330.553, "Actual Total Time": 2367.982, "Actual Rows": 181103, "Actual Loops": 1, "Output": ["t.id", "mc.movie_id"], "Sort Key": ["t.id"], "Sort Method": "external merge", "Sort Space Used": 3208, "Sort Space Type": "Disk", "Shared Hit Blocks": 3, "Shared Read Blocks": 48174, "Shared Dirtied Blocks": 0, "Shared Written Blocks": 0, "Local Hit Blocks": 0, "Local Read Blocks": 0, "Local Dirtied Blocks": 0, "Local Written Blocks": 0, "Temp Read Blocks": 6988, "Temp Written Blocks": 6991, "I/O Read Time": 122.789, "I/O Write Time": 0.0, "Plans": [{"Node Type": "Hash Join", "Parent Relationship": "Outer", "Parallel Aware": false, "Join Type": "Inner", "Startup Cost": 90437.93, "Total Cost": 142682.65, "Plan Rows": 502130, "Plan Width": 8, "Actual Startup Time": 991.891, "Actual Total Time": 2243.411, "Actual Rows": 181103, "Actual Loops": 1, "Output": ["t.id", "mc.movie_id"], "Inner Unique": true, "Hash Cond": "(mc.movie_id = t.id)", "Shared Hit Blocks": 3, "Shared Read Blocks": 48174, "Shared Dirtied Blocks": 0, "Shared Written Blocks": 0, "Local Hit Blocks": 0, "Local Read Blocks": 0, "Local Dirtied Blocks": 0, "Local Written Blocks": 0, "Temp Read Blocks": 6587, "Temp Written Blocks": 6587, "I/O Read Time": 122.789, "I/O Write Time": 0.0, "Plans": [{"Node Type": "Index Scan", "Parent Relationship": "Outer", "Parallel Aware": false, "Scan Direction": "Forward", "Index Name": "company_type_id_movie_companies", "Relation Name": "movie_companies", "Schema": "public", "Alias": "mc", "Startup Cost": 0.43, "Total Cost": 35143.45, "Plan Rows": 1261601, "Plan Width": 4, "Actual Startup Time": 0.288, "Actual Total Time": 516.17, "Actual Rows": 1274246, "Actual Loops": 1, "Output": ["mc.movie_id"], "Index Cond": "(mc.company_type_id = 1)", "Rows Removed by Index Recheck": 0, "Shared Hit Blocks": 0, "Shared Read Blocks": 12176, "Shared Dirtied Blocks": 0, "Shared Written Blocks": 0, "Local Hit Blocks": 0, "Local Read Blocks": 0, "Local Dirtied Blocks": 0, "Local Written Blocks": 0, "Temp Read Blocks": 0, "Temp Written Blocks": 0, "I/O Read Time": 62.028, "I/O Write Time": 0.0}, {"Node Type": "Hash", "Parent Relationship": "Inner", "Parallel Aware": false, "Startup Cost": 73925.8, "Total Cost": 73925.8, "Plan Rows": 1006376, "Plan Width": 4, "Actual Startup Time": 990.218, "Actual Total Time": 990.219, "Actual Rows": 1117981, "Actual Loops": 1, "Output": ["t.id"], "Hash Buckets": 131072, "Original Hash Buckets": 131072, "Hash Batches": 16, "Original Hash Batches": 16, "Peak Memory Usage": 3489, "Shared Hit Blocks": 0, "Shared Read Blocks": 35998, "Shared Dirtied Blocks": 0, "Shared Written Blocks": 0, "Local Hit Blocks": 0, "Local Read Blocks": 0, "Local Dirtied Blocks": 0, "Local Written Blocks": 0, "Temp Read Blocks": 0, "Temp Written Blocks": 3063, "I/O Read Time": 60.761, "I/O Write Time": 0.0, "Plans": [{"Node Type": "Seq Scan", "Parent Relationship": "Outer", "Parallel Aware": false, "Relation Name": "title", "Schema": "public", "Alias": "t", "Startup Cost": 0.0, "Total Cost": 73925.8, "Plan Rows": 1006376, "Plan Width": 4, "Actual Startup Time": 0.137, "Actual Total Time": 650.402, "Actual Rows": 1117981, "Actual Loops": 1, "Output": ["t.id"], "Filter": "((t.production_year > 1993) AND (t.kind_id = 7))", "Rows Removed by Filter": 1410331, "Shared Hit Blocks": 0, "Shared Read Blocks": 35998, "Shared Dirtied Blocks": 0, "Shared Written Blocks": 0, "Local Hit Blocks": 0, "Local Read Blocks": 0, "Local Dirtied Blocks": 0, "Local Written Blocks": 0, "Temp Read Blocks": 0, "Temp Written Blocks": 0, "I/O Read Time": 60.761, "I/O Write Time": 0.0}]}]}]}]}]}, {"Node Type": "Index Only Scan", "Parent Relationship": "Inner", "Parallel Aware": false, "Scan Direction": "Forward", "Index Name": "movie_id_movie_info", "Relation Name": "movie_info", "Schema": "public", "Alias": "mi", "Startup Cost": 0.43, "Total Cost": 325993.18, "Plan Rows": 14818450, "Plan Width": 4, "Actual Startup Time": 0.033, "Actual Total Time": 4388.893, "Actual Rows": 19550267, "Actual Loops": 1, "Output": ["mi.movie_id"], "Heap Fetches": 0, "Shared Hit Blocks": 4559522, "Shared Read Blocks": 10728, "Shared Dirtied Blocks": 0, "Shared Written Blocks": 0, "Local Hit Blocks": 0, "Local Read Blocks": 0, "Local Dirtied Blocks": 0, "Local Written Blocks": 0, "Temp Read Blocks": 0, "Temp Written Blocks": 0, "I/O Read Time": 75.576, "I/O Write Time": 0.0}]}]}, "Planning": {"Shared Hit Blocks": 314, "Shared Read Blocks": 50, "Shared Dirtied Blocks": 0, "Shared Written Blocks": 0, "Local Hit Blocks": 0, "Local Read Blocks": 0, "Local Dirtied Blocks": 0, "Local Written Blocks": 0, "Temp Read Blocks": 0, "Temp Written Blocks": 0, "I/O Read Time": 3.872, "I/O Write Time": 0.0}, "Planning Time": 6.512, "Triggers": [], "Execution Time": 12332.326}, "template": "scale", "query": "EXPLAIN (ANALYZE, COSTS, BUFFERS, VERBOSE, FORMAT JSON) SELECT COUNT(*) FROM title t,movie_companies mc,movie_info mi,movie_keyword mk WHERE t.id=mc.movie_id AND t.id=mi.movie_id AND t.id=mk.movie_id AND t.kind_id=7 AND t.production_year>1993 AND mc.company_type_id=1;"}
{"planinfo": {"Plan": {"Node Type": "Aggregate", "Strategy": "Plain", "Partial Mode": "Simple", "Parallel Aware": false, "Startup Cost": 3371.9, "Total Cost": 3371.91, "Plan Rows": 1, "Plan Width": 8, "Actual Startup Time": 985.831, "Actual Total Time": 985.833, "Actual Rows": 1, "Actual Loops": 1, "Output": ["count(*)"], "Shared Hit Blocks": 8587, "Shared Read Blocks": 9771, "Shared Dirtied Blocks": 0, "Shared Written Blocks": 0, "Local Hit Blocks": 0, "Local Read Blocks": 0, "Local Dirtied Blocks": 0, "Local Written Blocks": 0, "Temp Read Blocks": 0, "Temp Written Blocks": 0, "I/O Read Time": 928.4, "I/O Write Time": 0.0, "Plans": [{"Node Type": "Nested Loop", "Parent Relationship": "Outer", "Parallel Aware": false, "Join Type": "Inner", "Startup Cost": 1.74, "Total Cost": 3369.77, "Plan Rows": 851, "Plan Width": 0, "Actual Startup Time": 2.545, "Actual Total Time": 981.045, "Actual Rows": 44028, "Actual Loops": 1, "Inner Unique": false, "Shared Hit Blocks": 8587, "Shared Read Blocks": 9771, "Shared Dirtied Blocks": 0, "Shared Written Blocks": 0, "Local Hit Blocks": 0, "Local Read Blocks": 0, "Local Dirtied Blocks": 0, "Local Written Blocks": 0, "Temp Read Blocks": 0, "Temp Written Blocks": 0, "I/O Read Time": 928.4, "I/O Write Time": 0.0, "Plans": [{"Node Type": "Nested Loop", "Parent Relationship": "Outer", "Parallel Aware": false, "Join Type": "Inner", "Startup Cost": 1.3, "Total Cost": 3274.25, "Plan Rows": 59, "Plan Width": 12, "Actual Startup Time": 2.344, "Actual Total Time": 914.917, "Actual Rows": 508, "Actual Loops": 1, "Output": ["t.id", "mi.movie_id", "mk.movie_id"], "Inner Unique": false, "Shared Hit Blocks": 3828, "Shared Read Blocks": 9280, "Shared Dirtied Blocks": 0, "Shared Written Blocks": 0, "Local Hit Blocks": 0, "Local Read Blocks": 0, "Local Dirtied Blocks": 0, "Local Written Blocks": 0, "Temp Read Blocks": 0, "Temp Written Blocks": 0, "I/O Read Time": 880.19, "I/O Write Time": 0.0, "Plans": [{"Node Type": "Nested Loop", "Parent Relationship": "Outer", "Parallel Aware": false, "Join Type": "Inner", "Startup Cost": 0.86, "Total Cost": 3055.26, "Plan Rows": 117, "Plan Width": 8, "Actual Startup Time": 0.597, "Actual Total Time": 332.69, "Actual Rows": 422, "Actual Loops": 1, "Output": ["t.id", "mk.movie_id"], "Inner Unique": true, "Shared Hit Blocks": 2659, "Shared Read Blocks": 3312, "Shared Dirtied Blocks": 0, "Shared Written Blocks": 0, "Local Hit Blocks": 0, "Local Read Blocks": 0, "Local Dirtied Blocks": 0, "Local Written Blocks": 0, "Temp Read Blocks": 0, "Temp Written Blocks": 0, "I/O Read Time": 320.442, "I/O Write Time": 0.0, "Plans": [{"Node Type": "Index Scan", "Parent Relationship": "Outer", "Parallel Aware": false, "Scan Direction": "Forward", "Index Name": "keyword_id_movie_keyword", "Relation Name": "movie_keyword", "Schema": "public", "Alias": "mk", "Startup Cost": 0.43, "Total Cost": 988.56, "Plan Rows": 246, "Plan Width": 4, "Actual Startup Time": 0.405, "Actual Total Time": 109.73, "Actual Rows": 1201, "Actual Loops": 1, "Output": ["mk.id", "mk.movie_id", "mk.keyword_id"], "Index Cond": "(mk.keyword_id = 1417)", "Rows Removed by Index Recheck": 0, "Shared Hit Blocks": 0, "Shared Read Blocks": 1167, "Shared Dirtied Blocks": 0, "Shared Written Blocks": 0, "Local Hit Blocks": 0, "Local Read Blocks": 0, "Local Dirtied Blocks": 0, "Local Written Blocks": 0, "Temp Read Blocks": 0, "Temp Written Blocks": 0, "I/O Read Time": 107.534, "I/O Write Time": 0.0}, {"Node Type": "Index Scan", "Parent Relationship": "Inner", "Parallel Aware": false, "Scan Direction": "Forward", "Index Name": "title_pkey", "Relation Name": "title", "Schema": "public", "Alias": "t", "Startup Cost": 0.43, "Total Cost": 8.4, "Plan Rows": 1, "Plan Width": 4, "Actual Startup Time": 0.185, "Actual Total Time": 0.185, "Actual Rows": 0, "Actual Loops": 1201, "Output": ["t.id", "t.title", "t.imdb_index", "t.kind_id", "t.production_year", "t.imdb_id", "t.phonetic_code", "t.episode_of_id", "t.season_nr", "t.episode_nr", "t.series_years", "t.md5sum"], "Index Cond": "(t.id = mk.movie_id)", "Rows Removed by Index Recheck": 0, "Filter": "(t.production_year > 2003)", "Rows Removed by Filter": 1, "Shared Hit Blocks": 2659, "Shared Read Blocks": 2145, "Shared Dirtied Blocks": 0, "Shared Written Blocks": 0, "Local Hit Blocks": 0, "Local Read Blocks": 0, "Local Dirtied Blocks": 0, "Local Written Blocks": 0, "Temp Read Blocks": 0, "Temp Written Blocks": 0, "I/O Read Time": 212.908, "I/O Write Time": 0.0}]}, {"Node Type": "Index Scan", "Parent Relationship": "Inner", "Parallel Aware": false, "Scan Direction": "Forward", "Index Name": "movie_id_movie_info", "Relation Name": "movie_info", "Schema": "public", "Alias": "mi", "Startup Cost": 0.43, "Total Cost": 1.84, "Plan Rows": 3, "Plan Width": 4, "Actual Startup Time": 0.283, "Actual Total Time": 1.379, "Actual Rows": 1, "Actual Loops": 422, "Output": ["mi.id", "mi.movie_id", "mi.info_type_id", "mi.info", "mi.note"], "Index Cond": "(mi.movie_id = t.id)", "Rows Removed by Index Recheck": 0, "Filter": "(mi.info_type_id = 4)", "Rows Removed by Filter": 73, "Shared Hit Blocks": 1169, "Shared Read Blocks": 5968, "Shared Dirtied Blocks": 0, "Shared Written Blocks": 0, "Local Hit Blocks": 0, "Local Read Blocks": 0, "Local Dirtied Blocks": 0, "Local Written Blocks": 0, "Temp Read Blocks": 0, "Temp Written Blocks": 0, "I/O Read Time": 559.748, "I/O Write Time": 0.0}]}, {"Node Type": "Index Only Scan", "Parent Relationship": "Inner", "Parallel Aware": false, "Scan Direction": "Forward", "Index Name": "movie_id_cast_info", "Relation Name": "cast_info", "Schema": "public", "Alias": "ci", "Startup Cost": 0.44, "Total Cost": 1.25, "Plan Rows": 37, "Plan Width": 4, "Actual Startup Time": 0.103, "Actual Total Time": 0.118, "Actual Rows": 87, "Actual Loops": 508, "Output": ["ci.movie_id"], "Index Cond": "(ci.movie_id = t.id)", "Rows Removed by Index Recheck": 0, "Heap Fetches": 0, "Shared Hit Blocks": 4759, "Shared Read Blocks": 491, "Shared Dirtied Blocks": 0, "Shared Written Blocks": 0, "Local Hit Blocks": 0, "Local Read Blocks": 0, "Local Dirtied Blocks": 0, "Local Written Blocks": 0, "Temp Read Blocks": 0, "Temp Written Blocks": 0, "I/O Read Time": 48.21, "I/O Write Time": 0.0}]}]}, "Planning": {"Shared Hit Blocks": 324, "Shared Read Blocks": 52, "Shared Dirtied Blocks": 0, "Shared Written Blocks": 0, "Local Hit Blocks": 0, "Local Read Blocks": 0, "Local Dirtied Blocks": 0, "Local Written Blocks": 0, "Temp Read Blocks": 0, "Temp Written Blocks": 0, "I/O Read Time": 4.162, "I/O Write Time": 0.0}, "Planning Time": 6.962, "Triggers": [], "Execution Time": 985.962}, "template": "scale", "query": "EXPLAIN (ANALYZE, COSTS, BUFFERS, VERBOSE, FORMAT JSON) SELECT COUNT(*) FROM title t,cast_info ci,movie_info mi,movie_keyword mk WHERE t.id=ci.movie_id AND t.id=mi.movie_id AND t.id=mk.movie_id AND t.production_year>2003 AND mi.info_type_id=4 AND mk.keyword_id=1417;"}
{"planinfo": {"Plan": {"Node Type": "Aggregate", "Strategy": "Plain", "Partial Mode": "Simple", "Parallel Aware": false, "Startup Cost": 2157539.19, "Total Cost": 2157539.2, "Plan Rows": 1, "Plan Width": 8, "Actual Startup Time": 117257.289, "Actual Total Time": 117257.291, "Actual Rows": 1, "Actual Loops": 1, "Output": ["count(*)"], "Shared Hit Blocks": 10830522, "Shared Read Blocks": 90358, "Shared Dirtied Blocks": 0, "Shared Written Blocks": 0, "Local Hit Blocks": 0, "Local Read Blocks": 0, "Local Dirtied Blocks": 0, "Local Written Blocks": 0, "Temp Read Blocks": 0, "Temp Written Blocks": 0, "I/O Read Time": 2557.547, "I/O Write Time": 0.0, "Plans": [{"Node Type": "Merge Join", "Parent Relationship": "Outer", "Parallel Aware": false, "Join Type": "Inner", "Startup Cost": 125.1, "Total Cost": 1995643.0, "Plan Rows": 64758477, "Plan Width": 0, "Actual Startup Time": 0.295, "Actual Total Time": 94991.93, "Actual Rows": 215111956, "Actual Loops": 1, "Inner Unique": false, "Merge Cond": "(t.id = ci.movie_id)", "Shared Hit Blocks": 10830522, "Shared Read Blocks": 90358, "Shared Dirtied Blocks": 0, "Shared Written Blocks": 0, "Local Hit Blocks": 0, "Local Read Blocks": 0, "Local Dirtied Blocks": 0, "Local Written Blocks": 0, "Temp Read Blocks": 0, "Temp Written Blocks": 0, "I/O Read Time": 2557.547, "I/O Write Time": 0.0, "Plans": [{"Node Type": "Merge Join", "Parent Relationship": "Outer", "Parallel Aware": false, "Join Type": "Inner", "Startup Cost": 9.75, "Total Cost": 275016.08, "Plan Rows": 4511586, "Plan Width": 8, "Actual Startup Time": 0.165, "Actual Total Time": 4202.217, "Actual Rows": 4514217, "Actual Loops": 1, "Output": ["t.id", "mk.movie_id"], "Inner Unique": false, "Merge Cond": "(t.id = mk.movie_id)", "Shared Hit Blocks": 45081, "Shared Read Blocks": 42070, "Shared Dirtied Blocks": 0, "Shared Written Blocks": 0, "Local Hit Blocks": 0, "Local Read Blocks": 0, "Local Dirtied Blocks": 0, "Local Written Blocks": 0, "Temp Read Blocks": 0, "Temp Written Blocks": 0, "I/O Read Time": 354.922, "I/O Write Time": 0.0, "Plans": [{"Node Type": "Index Only Scan", "Parent Relationship": "Outer", "Parallel Aware": false, "Scan Direction": "Forward", "Index Name": "title_pkey", "Relation Name": "title", "Schema": "public", "Alias": "t", "Startup Cost": 0.43, "Total Cost": 73940.23, "Plan Rows": 2528520, "Plan Width": 4, "Actual Startup Time": 0.015, "Actual Total Time": 581.958, "Actual Rows": 2525972, "Actual Loops": 1, "Output": ["t.id"], "Heap Fetches": 0, "Shared Hit Blocks": 23441, "Shared Read Blocks": 8963, "Shared Dirtied Blocks": 0, "Shared Written Blocks": 0, "Local Hit Blocks": 0, "Local Read Blocks": 0, "Local Dirtied Blocks": 0, "Local Written Blocks": 0, "Temp Read Blocks": 0, "Temp Written Blocks": 0, "I/O Read Time": 154.523, "I/O Write Time": 0.0}, {"Node Type": "Index Scan", "Parent Relationship": "Inner", "Parallel Aware": false, "Scan Direction": "Forward", "Index Name": "movie_id_movie_keyword", "Relation Name": "movie_keyword", "Schema": "public", "Alias": "mk", "Startup Cost": 0.43, "Total Cost": 138446.54, "Plan Rows": 4511586, "Plan Width": 4, "Actual Startup Time": 0.146, "Actual Total Time": 2257.863, "Actual Rows": 4514217, "Actual Loops": 1, "Output": ["mk.id", "mk.movie_id", "mk.keyword_id"], "Filter": "(mk.keyword_id < 125340)", "Rows Removed by Filter": 9713, "Shared Hit Blocks": 21640, "Shared Read Blocks": 33107, "Shared Dirtied Blocks": 0, "Shared Written Blocks": 0, "Local Hit Blocks": 0, "Local Read Blocks": 0, "Local Dirtied Blocks": 0, "Local Written Blocks": 0, "Temp Read Blocks": 0, "Temp Written Blocks": 0, "I/O Read Time": 200.399, "I/O Write Time": 0.0}]}, {"Node Type": "Materialize", "Parent Relationship": "Inner", "Parallel Aware": false, "Startup Cost": 0.44, "Total Cost": 828979.9, "Plan Rows": 36293912, "Plan Width": 4, "Actual Startup Time": 0.034, "Actual Total Time": 38107.345, "Actual Rows": 240422766, "Actual Loops": 1, "Output": ["ci.movie_id"], "Shared Hit Blocks": 10785441, "Shared Read Blocks": 48288, "Shared Dirtied Blocks": 0, "Shared Written Blocks": 0, "Local Hit Blocks": 0, "Local Read Blocks": 0, "Local Dirtied Blocks": 0, "Local Written Blocks": 0, "Temp Read Blocks": 0, "Temp Written Blocks": 0, "I/O Read Time": 2202.625, "I/O Write Time": 0.0, "Plans": [{"Node Type": "Index Only Scan", "Parent Relationship": "Outer", "Parallel Aware": false, "Scan Direction": "Forward", "Index Name": "movie_id_cast_info", "Relation Name": "cast_info", "Schema": "public", "Alias": "ci", "Startup Cost": 0.44, "Total Cost": 738245.12, "Plan Rows": 36293912, "Plan Width": 4, "Actual Startup Time": 0.029, "Actual Total Time": 11534.199, "Actual Rows": 36244332, "Actual Loops": 1, "Output": ["ci.movie_id"], "Heap Fetches": 0, "Shared Hit Blocks": 10785441, "Shared Read Blocks": 48288, "Shared Dirtied Blocks": 0, "Shared Written Blocks": 0, "Local Hit Blocks": 0, "Local Read Blocks": 0, "Local Dirtied Blocks": 0, "Local Written Blocks": 0, "Temp Read Blocks": 0, "Temp Written Blocks": 0, "I/O Read Time": 2202.625, "I/O Write Time": 0.0}]}]}]}, "Planning": {"Shared Hit Blocks": 203, "Shared Read Blocks": 44, "Shared Dirtied Blocks": 0, "Shared Written Blocks": 0, "Local Hit Blocks": 0, "Local Read Blocks": 0, "Local Dirtied Blocks": 0, "Local Written Blocks": 0, "Temp Read Blocks": 0, "Temp Written Blocks": 0, "I/O Read Time": 3.377, "I/O Write Time": 0.0}, "Planning Time": 5.052, "Triggers": [], "Execution Time": 117257.445}, "template": "scale", "query": "EXPLAIN (ANALYZE, COSTS, BUFFERS, VERBOSE, FORMAT JSON) SELECT COUNT(*) FROM title t,cast_info ci,movie_keyword mk WHERE t.id=ci.movie_id AND t.id=mk.movie_id AND mk.keyword_id<125340;"}
{"planinfo": {"Plan": {"Node Type": "Aggregate", "Strategy": "Plain", "Partial Mode": "Simple", "Parallel Aware": false, "Startup Cost": 219351.25, "Total Cost": 219351.26, "Plan Rows": 1, "Plan Width": 8, "Actual Startup Time": 3733.116, "Actual Total Time": 3733.12, "Actual Rows": 1, "Actual Loops": 1, "Output": ["count(*)"], "Shared Hit Blocks": 23449, "Shared Read Blocks": 25648, "Shared Dirtied Blocks": 0, "Shared Written Blocks": 0, "Local Hit Blocks": 0, "Local Read Blocks": 0, "Local Dirtied Blocks": 0, "Local Written Blocks": 0, "Temp Read Blocks": 7563, "Temp Written Blocks": 7563, "I/O Read Time": 221.816, "I/O Write Time": 0.0, "Plans": [{"Node Type": "Hash Join", "Parent Relationship": "Outer", "Parallel Aware": false, "Join Type": "Inner", "Startup Cost": 51578.57, "Total Cost": 218247.53, "Plan Rows": 441485, "Plan Width": 0, "Actual Startup Time": 919.063, "Actual Total Time": 3520.111, "Actual Rows": 2097160, "Actual Loops": 1, "Inner Unique": false, "Hash Cond": "(t.id = mc.movie_id)", "Shared Hit Blocks": 23449, "Shared Read Blocks": 25648, "Shared Dirtied Blocks": 0, "Shared Written Blocks": 0, "Local Hit Blocks": 0, "Local Read Blocks": 0, "Local Dirtied Blocks": 0, "Local Written Blocks": 0, "Temp Read Blocks": 7563, "Temp Written Blocks": 7563, "I/O Read Time": 221.816, "I/O Write Time": 0.0, "Plans": [{"Node Type": "Merge Join", "Parent Relationship": "Outer", "Parallel Aware": false, "Join Type": "Inner", "Startup Cost": 9.94, "Total Cost": 136246.74, "Plan Rows": 1380035, "Plan Width": 8, "Actual Startup Time": 0.074, "Actual Total Time": 1378.146, "Actual Rows": 1380035, "Actual Loops": 1, "Output": ["t.id", "mi_idx.movie_id"], "Inner Unique": false, "Merge Cond": "(t.id = mi_idx.movie_id)", "Shared Hit Blocks": 23446, "Shared Read Blocks": 13472, "Shared Dirtied Blocks": 0, "Shared Written Blocks": 0, "Local Hit Blocks": 0, "Local Read Blocks": 0, "Local Dirtied Blocks": 0, "Local Written Blocks": 0, "Temp Read Blocks": 0, "Temp Written Blocks": 0, "I/O Read Time": 157.931, "I/O Write Time": 0.0, "Plans": [{"Node Type": "Index Only Scan", "Parent Relationship": "Outer", "Parallel Aware": false, "Scan Direction": "Forward", "Index Name": "title_pkey", "Relation Name": "title", "Schema": "public", "Alias": "t", "Startup Cost": 0.43, "Total Cost": 73940.23, "Plan Rows": 2528520, "Plan Width": 4, "Actual Startup Time": 0.032, "Actual Total Time": 533.892, "Actual Rows": 2525794, "Actual Loops": 1, "Output": ["t.id"], "Heap Fetches": 0, "Shared Hit Blocks": 23441, "Shared Read Blocks": 8963, "Shared Dirtied Blocks": 0, "Shared Written Blocks": 0, "Local Hit Blocks": 0, "Local Read Blocks": 0, "Local Dirtied Blocks": 0, "Local Written Blocks": 0, "Temp Read Blocks": 0, "Temp Written Blocks": 0, "I/O Read Time": 133.381, "I/O Write Time": 0.0}, {"Node Type": "Index Only Scan", "Parent Relationship": "Inner", "Parallel Aware": false, "Scan Direction": "Forward", "Index Name": "movie_id_movie_info_idx", "Relation Name": "movie_info_idx", "Schema": "public", "Alias": "mi_idx", "Startup Cost": 0.43, "Total Cost": 38816.95, "Plan Rows": 1380035, "Plan Width": 4, "Actual Startup Time": 0.036, "Actual Total Time": 255.863, "Actual Rows": 1380035, "Actual Loops": 1, "Output": ["mi_idx.movie_id"], "Heap Fetches": 0, "Shared Hit Blocks": 5, "Shared Read Blocks": 4509, "Shared Dirtied Blocks": 0, "Shared Written Blocks": 0, "Local Hit Blocks": 0, "Local Read Blocks": 0, "Local Dirtied Blocks": 0, "Local Written Blocks": 0, "Temp Read Blocks": 0, "Temp Written Blocks": 0, "I/O Read Time": 24.55, "I/O Write Time": 0.0}]}, {"Node Type": "Hash", "Parent Relationship": "Inner", "Parallel Aware": false, "Startup Cost": 38297.45, "Total Cost": 38297.45, "Plan Rows": 808895, "Plan Width": 4, "Actual Startup Time": 918.247, "Actual Total Time": 918.248, "Actual Rows": 1137239, "Actual Loops": 1, "Output": ["mc.movie_id"], "Hash Buckets": 131072, "Original Hash Buckets": 131072, "Hash Batches": 16, "Original Hash Batches": 16, "Peak Memory Usage": 3499, "Shared Hit Blocks": 0, "Shared Read Blocks": 12176, "Shared Dirtied Blocks": 0, "Shared Written Blocks": 0, "Local Hit Blocks": 0, "Local Read Blocks": 0, "Local Dirtied Blocks": 0, "Local Written Blocks": 0, "Temp Read Blocks": 0, "Temp Written Blocks": 3118, "I/O Read Time": 63.884, "I/O Write Time": 0.0, "Plans": [{"Node Type": "Index Scan", "Parent Relationship": "Outer", "Parallel Aware": false, "Scan Direction": "Forward", "Index Name": "company_type_id_movie_companies", "Relation Name": "movie_companies", "Schema": "public", "Alias": "mc", "Startup Cost": 0.43, "Total Cost": 38297.45, "Plan Rows": 808895, "Plan Width": 4, "Actual Startup Time": 0.314, "Actual Total Time": 583.037, "Actual Rows": 1137239, "Actual Loops": 1, "Output": ["mc.movie_id"], "Index Cond": "(mc.company_type_id = 1)", "Rows Removed by Index Recheck": 0, "Filter": "(mc.company_id < 19613)", "Rows Removed by Filter": 137007, "Shared Hit Blocks": 0, "Shared Read Blocks": 12176, "Shared Dirtied Blocks": 0, "Shared Written Blocks": 0, "Local Hit Blocks": 0, "Local Read Blocks": 0, "Local Dirtied Blocks": 0, "Local Written Blocks": 0, "Temp Read Blocks": 0, "Temp Written Blocks": 0, "I/O Read Time": 63.884, "I/O Write Time": 0.0}]}]}]}, "Planning": {"Shared Hit Blocks": 196, "Shared Read Blocks": 39, "Shared Dirtied Blocks": 0, "Shared Written Blocks": 0, "Local Hit Blocks": 0, "Local Read Blocks": 0, "Local Dirtied Blocks": 0, "Local Written Blocks": 0, "Temp Read Blocks": 0, "Temp Written Blocks": 0, "I/O Read Time": 3.0, "I/O Write Time": 0.0}, "Planning Time": 5.286, "Triggers": [], "Execution Time": 3733.488}, "template": "scale", "query": "EXPLAIN (ANALYZE, COSTS, BUFFERS, VERBOSE, FORMAT JSON) SELECT COUNT(*) FROM title t,movie_companies mc,movie_info_idx mi_idx WHERE t.id=mc.movie_id AND t.id=mi_idx.movie_id AND mc.company_id<19613 AND mc.company_type_id=1;"}
{"planinfo": {"Plan": {"Node Type": "Aggregate", "Strategy": "Plain", "Partial Mode": "Simple", "Parallel Aware": false, "Startup Cost": 49481.23, "Total Cost": 49481.24, "Plan Rows": 1, "Plan Width": 8, "Actual Startup Time": 503.025, "Actual Total Time": 503.026, "Actual Rows": 1, "Actual Loops": 1, "Output": ["count(*)"], "Shared Hit Blocks": 4, "Shared Read Blocks": 1637, "Shared Dirtied Blocks": 0, "Shared Written Blocks": 0, "Local Hit Blocks": 0, "Local Read Blocks": 0, "Local Dirtied Blocks": 0, "Local Written Blocks": 0, "Temp Read Blocks": 0, "Temp Written Blocks": 0, "I/O Read Time": 9.187, "I/O Write Time": 0.0, "Plans": [{"Node Type": "Index Only Scan", "Parent Relationship": "Outer", "Parallel Aware": false, "Scan Direction": "Forward", "Index Name": "info_type_id_movie_info", "Relation Name": "movie_info", "Schema": "public", "Alias": "mi", "Startup Cost": 0.43, "Total Cost": 44141.63, "Plan Rows": 2135840, "Plan Width": 0, "Actual Startup Time": 0.027, "Actual Total Time": 300.904, "Actual Rows": 2091068, "Actual Loops": 1, "Output": ["info_type_id"], "Index Cond": "(mi.info_type_id < 3)", "Rows Removed by Index Recheck": 0, "Heap Fetches": 0, "Shared Hit Blocks": 4, "Shared Read Blocks": 1637, "Shared Dirtied Blocks": 0, "Shared Written Blocks": 0, "Local Hit Blocks": 0, "Local Read Blocks": 0, "Local Dirtied Blocks": 0, "Local Written Blocks": 0, "Temp Read Blocks": 0, "Temp Written Blocks": 0, "I/O Read Time": 9.187, "I/O Write Time": 0.0}]}, "Planning": {"Shared Hit Blocks": 46, "Shared Read Blocks": 15, "Shared Dirtied Blocks": 0, "Shared Written Blocks": 0, "Local Hit Blocks": 0, "Local Read Blocks": 0, "Local Dirtied Blocks": 0, "Local Written Blocks": 0, "Temp Read Blocks": 0, "Temp Written Blocks": 0, "I/O Read Time": 0.973, "I/O Write Time": 0.0}, "Planning Time": 1.551, "Triggers": [], "Execution Time": 503.06}, "template": "scale", "query": "EXPLAIN (ANALYZE, COSTS, BUFFERS, VERBOSE, FORMAT JSON) SELECT COUNT(*) FROM movie_info mi WHERE mi.info_type_id<3;"}
{"planinfo": {"Plan": {"Node Type": "Aggregate", "Strategy": "Plain", "Partial Mode": "Simple", "Parallel Aware": false, "Startup Cost": 47638.51, "Total Cost": 47638.52, "Plan Rows": 1, "Plan Width": 8, "Actual Startup Time": 654.579, "Actual Total Time": 654.58, "Actual Rows": 1, "Actual Loops": 1, "Output": ["count(*)"], "Shared Hit Blocks": 0, "Shared Read Blocks": 2553, "Shared Dirtied Blocks": 0, "Shared Written Blocks": 0, "Local Hit Blocks": 0, "Local Read Blocks": 0, "Local Dirtied Blocks": 0, "Local Written Blocks": 0, "Temp Read Blocks": 0, "Temp Written Blocks": 0, "I/O Read Time": 183.793, "I/O Write Time": 0.0, "Plans": [{"Node Type": "Index Only Scan", "Parent Relationship": "Outer", "Parallel Aware": false, "Scan Direction": "Forward", "Index Name": "keyword_id_movie_keyword", "Relation Name": "movie_keyword", "Schema": "public", "Alias": "mk", "Startup Cost": 0.43, "Total Cost": 42832.75, "Plan Rows": 1922304, "Plan Width": 0, "Actual Startup Time": 0.413, "Actual Total Time": 466.986, "Actual Rows": 1934752, "Actual Loops": 1, "Output": ["keyword_id"], "Index Cond": "(mk.keyword_id > 6857)", "Rows Removed by Index Recheck": 0, "Heap Fetches": 0, "Shared Hit Blocks": 0, "Shared Read Blocks": 2553, "Shared Dirtied Blocks": 0, "Shared Written Blocks": 0, "Local Hit Blocks": 0, "Local Read Blocks": 0, "Local Dirtied Blocks": 0, "Local Written Blocks": 0, "Temp Read Blocks": 0, "Temp Written Blocks": 0, "I/O Read Time": 183.793, "I/O Write Time": 0.0}]}, "Planning": {"Shared Hit Blocks": 51, "Shared Read Blocks": 9, "Shared Dirtied Blocks": 0, "Shared Written Blocks": 0, "Local Hit Blocks": 0, "Local Read Blocks": 0, "Local Dirtied Blocks": 0, "Local Written Blocks": 0, "Temp Read Blocks": 0, "Temp Written Blocks": 0, "I/O Read Time": 0.581, "I/O Write Time": 0.0}, "Planning Time": 0.99, "Triggers": [], "Execution Time": 654.613}, "template": "scale", "query": "EXPLAIN (ANALYZE, COSTS, BUFFERS, VERBOSE, FORMAT JSON) SELECT COUNT(*) FROM movie_keyword mk WHERE mk.keyword_id>6857;"}
{"planinfo": {"Plan": {"Node Type": "Aggregate", "Strategy": "Plain", "Partial Mode": "Simple", "Parallel Aware": false, "Startup Cost": 73945.27, "Total Cost": 73945.28, "Plan Rows": 1, "Plan Width": 8, "Actual Startup Time": 516.282, "Actual Total Time": 516.283, "Actual Rows": 1, "Actual Loops": 1, "Output": ["count(*)"], "Shared Hit Blocks": 0, "Shared Read Blocks": 35998, "Shared Dirtied Blocks": 0, "Shared Written Blocks": 0, "Local Hit Blocks": 0, "Local Read Blocks": 0, "Local Dirtied Blocks": 0, "Local Written Blocks": 0, "Temp Read Blocks": 0, "Temp Written Blocks": 0, "I/O Read Time": 67.221, "I/O Write Time": 0.0, "Plans": [{"Node Type": "Seq Scan", "Parent Relationship": "Outer", "Parallel Aware": false, "Relation Name": "title", "Schema": "public", "Alias": "t", "Startup Cost": 0.0, "Total Cost": 73925.8, "Plan Rows": 7790, "Plan Width": 0, "Actual Startup Time": 351.35, "Actual Total Time": 516.27, "Actual Rows": 1, "Actual Loops": 1, "Output": ["id", "title", "imdb_index", "kind_id", "production_year", "imdb_id", "phonetic_code", "episode_of_id", "season_nr", "episode_nr", "series_years", "md5sum"], "Filter": "((t.production_year < 1947) AND (t.kind_id = 4))", "Rows Removed by Filter": 2528311, "Shared Hit Blocks": 0, "Shared Read Blocks": 35998, "Shared Dirtied Blocks": 0, "Shared Written Blocks": 0, "Local Hit Blocks": 0, "Local Read Blocks": 0, "Local Dirtied Blocks": 0, "Local Written Blocks": 0, "Temp Read Blocks": 0, "Temp Written Blocks": 0, "I/O Read Time": 67.221, "I/O Write Time": 0.0}]}, "Planning": {"Shared Hit Blocks": 41, "Shared Read Blocks": 8, "Shared Dirtied Blocks": 0, "Shared Written Blocks": 0, "Local Hit Blocks": 0, "Local Read Blocks": 0, "Local Dirtied Blocks": 0, "Local Written Blocks": 0, "Temp Read Blocks": 0, "Temp Written Blocks": 0, "I/O Read Time": 0.616, "I/O Write Time": 0.0}, "Planning Time": 0.976, "Triggers": [], "Execution Time": 516.326}, "template": "scale", "query": "EXPLAIN (ANALYZE, COSTS, BUFFERS, VERBOSE, FORMAT JSON) SELECT COUNT(*) FROM title t WHERE t.kind_id=4 AND t.production_year<1947;"}
{"planinfo": {"Plan": {"Node Type": "Aggregate", "Strategy": "Plain", "Partial Mode": "Simple", "Parallel Aware": false, "Startup Cost": 5186.17, "Total Cost": 5186.18, "Plan Rows": 1, "Plan Width": 8, "Actual Startup Time": 74.352, "Actual Total Time": 74.353, "Actual Rows": 1, "Actual Loops": 1, "Output": ["count(*)"], "Shared Hit Blocks": 2796, "Shared Read Blocks": 741, "Shared Dirtied Blocks": 0, "Shared Written Blocks": 0, "Local Hit Blocks": 0, "Local Read Blocks": 0, "Local Dirtied Blocks": 0, "Local Written Blocks": 0, "Temp Read Blocks": 0, "Temp Written Blocks": 0, "I/O Read Time": 68.532, "I/O Write Time": 0.0, "Plans": [{"Node Type": "Nested Loop", "Parent Relationship": "Outer", "Parallel Aware": false, "Join Type": "Inner", "Startup Cost": 0.87, "Total Cost": 5186.15, "Plan Rows": 6, "Plan Width": 0, "Actual Startup Time": 1.869, "Actual Total Time": 74.346, "Actual Rows": 1, "Actual Loops": 1, "Inner Unique": true, "Shared Hit Blocks": 2796, "Shared Read Blocks": 741, "Shared Dirtied Blocks": 0, "Shared Written Blocks": 0, "Local Hit Blocks": 0, "Local Read Blocks": 0, "Local Dirtied Blocks": 0, "Local Written Blocks": 0, "Temp Read Blocks": 0, "Temp Written Blocks": 0, "I/O Read Time": 68.532, "I/O Write Time": 0.0, "Plans": [{"Node Type": "Index Scan", "Parent Relationship": "Outer", "Parallel Aware": false, "Scan Direction": "Forward", "Index Name": "person_id_cast_info", "Relation Name": "cast_info", "Schema": "public", "Alias": "ci", "Startup Cost": 0.44, "Total Cost": 1040.81, "Plan Rows": 498, "Plan Width": 4, "Actual Startup Time": 0.454, "Actual Total Time": 0.906, "Actual Rows": 882, "Actual Loops": 1, "Output": ["ci.id", "ci.person_id", "ci.movie_id", "ci.person_role_id", "ci.note", "ci.nr_order", "ci.role_id"], "Index Cond": "(ci.person_id = 41459)", "Rows Removed by Index Recheck": 0, "Shared Hit Blocks": 0, "Shared Read Blocks": 9, "Shared Dirtied Blocks": 0, "Shared Written Blocks": 0, "Local Hit Blocks": 0, "Local Read Blocks": 0, "Local Dirtied Blocks": 0, "Local Written Blocks": 0, "Temp Read Blocks": 0, "Temp Written Blocks": 0, "I/O Read Time": 0.563, "I/O Write Time": 0.0}, {"Node Type": "Index Scan", "Parent Relationship": "Inner", "Parallel Aware": false, "Scan Direction": "Forward", "Index Name": "title_pkey", "Relation Name": "title", "Schema": "public", "Alias": "t", "Startup Cost": 0.43, "Total Cost": 8.32, "Plan Rows": 1, "Plan Width": 4, "Actual Startup Time": 0.083, "Actual Total Time": 0.083, "Actual Rows": 0, "Actual Loops": 882, "Output": ["t.id", "t.title", "t.imdb_index", "t.kind_id", "t.production_year", "t.imdb_id", "t.phonetic_code", "t.episode_of_id", "t.season_nr", "t.episode_nr", "t.series_years", "t.md5sum"], "Index Cond": "(t.id = ci.movie_id)", "Rows Removed by Index Recheck": 0, "Filter": "((t.kind_id = 1) AND (t.production_year = 2007))", "Rows Removed by Filter": 1, "Shared Hit Blocks": 2796, "Shared Read Blocks": 732, "Shared Dirtied Blocks": 0, "Shared Written Blocks": 0, "Local Hit Blocks": 0, "Local Read Blocks": 0, "Local Dirtied Blocks": 0, "Local Written Blocks": 0, "Temp Read Blocks": 0, "Temp Written Blocks": 0, "I/O Read Time": 67.969, "I/O Write Time": 0.0}]}]}, "Planning": {"Shared Hit Blocks": 126, "Shared Read Blocks": 32, "Shared Dirtied Blocks": 0, "Shared Written Blocks": 0, "Local Hit Blocks": 0, "Local Read Blocks": 0, "Local Dirtied Blocks": 0, "Local Written Blocks": 0, "Temp Read Blocks": 0, "Temp Written Blocks": 0, "I/O Read Time": 2.386, "I/O Write Time": 0.0}, "Planning Time": 3.469, "Triggers": [], "Execution Time": 74.423}, "template": "scale", "query": "EXPLAIN (ANALYZE, COSTS, BUFFERS, VERBOSE, FORMAT JSON) SELECT COUNT(*) FROM title t,cast_info ci WHERE t.id=ci.movie_id AND t.kind_id=1 AND t.production_year=2007 AND ci.person_id=41459;"}
{"planinfo": {"Plan": {"Node Type": "Aggregate", "Strategy": "Plain", "Partial Mode": "Simple", "Parallel Aware": false, "Startup Cost": 741187.19, "Total Cost": 741187.2, "Plan Rows": 1, "Plan Width": 8, "Actual Startup Time": 9832.829, "Actual Total Time": 9832.835, "Actual Rows": 1, "Actual Loops": 1, "Output": ["count(*)"], "Shared Hit Blocks": 5, "Shared Read Blocks": 249275, "Shared Dirtied Blocks": 0, "Shared Written Blocks": 0, "Local Hit Blocks": 0, "Local Read Blocks": 0, "Local Dirtied Blocks": 0, "Local Written Blocks": 0, "Temp Read Blocks": 22622, "Temp Written Blocks": 22622, "I/O Read Time": 596.675, "I/O Write Time": 0.0, "Plans": [{"Node Type": "Hash Join", "Parent Relationship": "Outer", "Parallel Aware": false, "Join Type": "Inner", "Startup Cost": 344996.35, "Total Cost": 739072.46, "Plan Rows": 845893, "Plan Width": 0, "Actual Startup Time": 5835.039, "Actual Total Time": 9664.094, "Actual Rows": 1668276, "Actual Loops": 1, "Inner Unique": false, "Hash Cond": "(mi.movie_id = t.id)", "Shared Hit Blocks": 5, "Shared Read Blocks": 249275, "Shared Dirtied Blocks": 0, "Shared Written Blocks": 0, "Local Hit Blocks": 0, "Local Read Blocks": 0, "Local Dirtied Blocks": 0, "Local Written Blocks": 0, "Temp Read Blocks": 22622, "Temp Written Blocks": 22622, "I/O Read Time": 596.675, "I/O Write Time": 0.0, "Plans": [{"Node Type": "Seq Scan", "Parent Relationship": "Outer", "Parallel Aware": false, "Relation Name": "movie_info", "Schema": "public", "Alias": "mi", "Startup Cost": 0.0, "Total Cost": 347223.62, "Plan Rows": 3021482, "Plan Width": 4, "Actual Startup Time": 712.98, "Actual Total Time": 2845.699, "Actual Rows": 3036719, "Actual Loops": 1, "Output": ["mi.movie_id"], "Filter": "(mi.info_type_id = 16)", "Rows Removed by Filter": 11799001, "Shared Hit Blocks": 0, "Shared Read Blocks": 161993, "Shared Dirtied Blocks": 0, "Shared Written Blocks": 0, "Local Hit Blocks": 0, "Local Read Blocks": 0, "Local Dirtied Blocks": 0, "Local Written Blocks": 0, "Temp Read Blocks": 0, "Temp Written Blocks": 0, "I/O Read Time": 280.895, "I/O Write Time": 0.0}, {"Node Type": "Hash", "Parent Relationship": "Inner", "Parallel Aware": false, "Startup Cost": 332690.82, "Total Cost": 332690.82, "Plan Rows": 707883, "Plan Width": 12, "Actual Startup Time": 5120.624, "Actual Total Time": 5120.629, "Actual Rows": 626292, "Actual Loops": 1, "Output": ["t.id", "ci.movie_id", "mi_idx.movie_id"], "Hash Buckets": 131072, "Original Hash Buckets": 131072, "Hash Batches": 16, "Original Hash Batches": 16, "Peak Memory Usage": 2687, "Shared Hit Blocks": 2, "Shared Read Blocks": 87282, "Shared Dirtied Blocks": 0, "Shared Written Blocks": 0, "Local Hit Blocks": 0, "Local Read Blocks": 0, "Local Dirtied Blocks": 0, "Local Written Blocks": 0, "Temp Read Blocks": 11974, "Temp Written Blocks": 14261, "I/O Read Time": 315.78, "I/O Write Time": 0.0, "Plans": [{"Node Type": "Hash Join", "Parent Relationship": "Outer", "Parallel Aware": false, "Join Type": "Inner", "Startup Cost": 151015.69, "Total Cost": 332690.82, "Plan Rows": 707883, "Plan Width": 12, "Actual Startup Time": 2496.679, "Actual Total Time": 4913.22, "Actual Rows": 626292, "Actual Loops": 1, "Output": ["t.id", "ci.movie_id", "mi_idx.movie_id"], "Inner Unique": false, "Hash Cond": "(ci.movie_id = t.id)", "Shared Hit Blocks": 2, "Shared Read Blocks": 87282, "Shared Dirtied Blocks": 0, "Shared Written Blocks": 0, "Local Hit Blocks": 0, "Local Read Blocks": 0, "Local Dirtied Blocks": 0, "Local Written Blocks": 0, "Temp Read Blocks": 11974, "Temp Written Blocks": 11974, "I/O Read Time": 315.78, "I/O Write Time": 0.0, "Plans": [{"Node Type": "Index Scan", "Parent Relationship": "Outer", "Parallel Aware": false, "Scan Direction": "Forward", "Index Name": "role_id_cast_info", "Relation Name": "cast_info", "Schema": "public", "Alias": "ci", "Startup Cost": 0.44, "Total Cost": 141203.1, "Plan Rows": 2660702, "Plan Width": 4, "Actual Startup Time": 0.775, "Actual Total Time": 1770.776, "Actual Rows": 880979, "Actual Loops": 1, "Output": ["ci.movie_id"], "Index Cond": "(ci.role_id > 9)", "Rows Removed by Index Recheck": 0, "Filter": "(ci.person_id < 2102346)", "Rows Removed by Filter": 3758157, "Shared Hit Blocks": 2, "Shared Read Blocks": 43349, "Shared Dirtied Blocks": 0, "Shared Written Blocks": 0, "Local Hit Blocks": 0, "Local Read Blocks": 0, "Local Dirtied Blocks": 0, "Local Written Blocks": 0, "Temp Read Blocks": 0, "Temp Written Blocks": 0, "I/O Read Time": 216.99, "I/O Write Time": 0.0}, {"Node Type": "Hash", "Parent Relationship": "Inner", "Parallel Aware": false, "Startup Cost": 139978.3, "Total Cost": 139978.3, "Plan Rows": 672716, "Plan Width": 8, "Actual Startup Time": 2492.93, "Actual Total Time": 2492.933, "Actual Rows": 500090, "Actual Loops": 1, "Output": ["t.id", "mi_idx.movie_id"], "Hash Buckets": 131072, "Original Hash Buckets": 131072, "Hash Batches": 16, "Original Hash Batches": 16, "Peak Memory Usage": 2253, "Shared Hit Blocks": 0, "Shared Read Blocks": 43933, "Shared Dirtied Blocks": 0, "Shared Written Blocks": 0, "Local Hit Blocks": 0, "Local Read Blocks": 0, "Local Dirtied Blocks": 0, "Local Written Blocks": 0, "Temp Read Blocks": 7937, "Temp Written Blocks": 9532, "I/O Read Time": 98.79, "I/O Write Time": 0.0, "Plans": [{"Node Type": "Hash Join", "Parent Relationship": "Outer", "Parallel Aware": false, "Join Type": "Inner", "Startup Cost": 97970.46, "Total Cost": 139978.3, "Plan Rows": 672716, "Plan Width": 8, "Actual Startup Time": 1249.918, "Actual Total Time": 2338.471, "Actual Rows": 500090, "Actual Loops": 1, "Output": ["t.id", "mi_idx.movie_id"], "Inner Unique": true, "Hash Cond": "(mi_idx.movie_id = t.id)", "Shared Hit Blocks": 0, "Shared Read Blocks": 43933, "Shared Dirtied Blocks": 0, "Shared Written Blocks": 0, "Local Hit Blocks": 0, "Local Read Blocks": 0, "Local Dirtied Blocks": 0, "Local Written Blocks": 0, "Temp Read Blocks": 7937, "Temp Written Blocks": 7937, "I/O Read Time": 98.79, "I/O Write Time": 0.0, "Plans": [{"Node Type": "Seq Scan", "Parent Relationship": "Outer", "Parallel Aware": false, "Relation Name": "movie_info_idx", "Schema": "public", "Alias": "mi_idx", "Startup Cost": 0.0, "Total Cost": 25185.44, "Plan Rows": 919011, "Plan Width": 4, "Actual Startup Time": 0.132, "Actual Total Time": 336.223, "Actual Rows": 919850, "Actual Loops": 1, "Output": ["mi_idx.movie_id"], "Filter": "(mi_idx.info_type_id < 101)", "Rows Removed by Filter": 460185, "Shared Hit Blocks": 0, "Shared Read Blocks": 7935, "Shared Dirtied Blocks": 0, "Shared Written Blocks": 0, "Local Hit Blocks": 0, "Local Read Blocks": 0, "Local Dirtied Blocks": 0, "Local Written Blocks": 0, "Temp Read Blocks": 0, "Temp Written Blocks": 0, "I/O Read Time": 40.11, "I/O Write Time": 0.0}, {"Node Type": "Hash", "Parent Relationship": "Inner", "Parallel Aware": false, "Startup Cost": 67604.5, "Total Cost": 67604.5, "Plan Rows": 1850877, "Plan Width": 4, "Actual Startup Time": 1249.169, "Actual Total Time": 1249.17, "Actual Rows": 1865487, "Actual Loops": 1, "Output": ["t.id"], "Hash Buckets": 131072, "Original Hash Buckets": 131072, "Hash Batches": 32, "Original Hash Batches": 32, "Peak Memory Usage": 3079, "Shared Hit Blocks": 0, "Shared Read Blocks": 35998, "Shared Dirtied Blocks": 0, "Shared Written Blocks": 0, "Local Hit Blocks": 0, "Local Read Blocks": 0, "Local Dirtied Blocks": 0, "Local Written Blocks": 0, "Temp Read Blocks": 0, "Temp Written Blocks": 5278, "I/O Read Time": 58.68, "I/O Write Time": 0.0, "Plans": [{"Node Type": "Seq Scan", "Parent Relationship": "Outer", "Parallel Aware": false, "Relation Name": "title", "Schema": "public", "Alias": "t", "Startup Cost": 0.0, "Total Cost": 67604.5, "Plan Rows": 1850877, "Plan Width": 4, "Actual Startup Time": 0.141, "Actual Total Time": 662.534, "Actual Rows": 1865487, "Actual Loops": 1, "Output": ["t.id"], "Filter": "(t.kind_id > 1)", "Rows Removed by Filter": 662825, "Shared Hit Blocks": 0, "Shared Read Blocks": 35998, "Shared Dirtied Blocks": 0, "Shared Written Blocks": 0, "Local Hit Blocks": 0, "Local Read Blocks": 0, "Local Dirtied Blocks": 0, "Local Written Blocks": 0, "Temp Read Blocks": 0, "Temp Written Blocks": 0, "I/O Read Time": 58.68, "I/O Write Time": 0.0}]}]}]}]}]}]}]}, "Planning": {"Shared Hit Blocks": 331, "Shared Read Blocks": 52, "Shared Dirtied Blocks": 0, "Shared Written Blocks": 0, "Local Hit Blocks": 0, "Local Read Blocks": 0, "Local Dirtied Blocks": 0, "Local Written Blocks": 0, "Temp Read Blocks": 0, "Temp Written Blocks": 0, "I/O Read Time": 4.072, "I/O Write Time": 0.0}, "Planning Time": 6.783, "Triggers": [], "Execution Time": 9833.765}, "template": "scale", "query": "EXPLAIN (ANALYZE, COSTS, BUFFERS, VERBOSE, FORMAT JSON) SELECT COUNT(*) FROM title t,cast_info ci,movie_info mi,movie_info_idx mi_idx WHERE t.id=ci.movie_id AND t.id=mi.movie_id AND t.id=mi_idx.movie_id AND t.kind_id>1 AND ci.person_id<2102346 AND ci.role_id>9 AND mi.info_type_id=16 AND mi_idx.info_type_id<101;"}
{"planinfo": {"Plan": {"Node Type": "Aggregate", "Strategy": "Plain", "Partial Mode": "Simple", "Parallel Aware": false, "Startup Cost": 92142.21, "Total Cost": 92142.22, "Plan Rows": 1, "Plan Width": 8, "Actual Startup Time": 655.557, "Actual Total Time": 655.559, "Actual Rows": 1, "Actual Loops": 1, "Output": ["count(*)"], "Shared Hit Blocks": 38435, "Shared Read Blocks": 38697, "Shared Dirtied Blocks": 0, "Shared Written Blocks": 0, "Local Hit Blocks": 0, "Local Read Blocks": 0, "Local Dirtied Blocks": 0, "Local Written Blocks": 0, "Temp Read Blocks": 0, "Temp Written Blocks": 0, "I/O Read Time": 145.87, "I/O Write Time": 0.0, "Plans": [{"Node Type": "Nested Loop", "Parent Relationship": "Outer", "Parallel Aware": false, "Join Type": "Inner", "Startup Cost": 0.43, "Total Cost": 92125.08, "Plan Rows": 6854, "Plan Width": 0, "Actual Startup Time": 1.553, "Actual Total Time": 653.903, "Actual Rows": 10183, "Actual Loops": 1, "Inner Unique": false, "Shared Hit Blocks": 38435, "Shared Read Blocks": 38697, "Shared Dirtied Blocks": 0, "Shared Written Blocks": 0, "Local Hit Blocks": 0, "Local Read Blocks": 0, "Local Dirtied Blocks": 0, "Local Written Blocks": 0, "Temp Read Blocks": 0, "Temp Written Blocks": 0, "I/O Read Time": 145.87, "I/O Write Time": 0.0, "Plans": [{"Node Type": "Seq Scan", "Parent Relationship": "Outer", "Parallel Aware": false, "Relation Name": "title", "Schema": "public", "Alias": "t", "Startup Cost": 0.0, "Total Cost": 67604.5, "Plan Rows": 12558, "Plan Width": 4, "Actual Startup Time": 0.136, "Actual Total Time": 506.75, "Actual Rows": 13711, "Actual Loops": 1, "Output": ["t.id", "t.title", "t.imdb_index", "t.kind_id", "t.production_year", "t.imdb_id", "t.phonetic_code", "t.episode_of_id", "t.season_nr", "t.episode_nr", "t.series_years", "t.md5sum"], "Filter": "(t.production_year = 1966)", "Rows Removed by Filter": 2514601, "Shared Hit Blocks": 0, "Shared Read Blocks": 35998, "Shared Dirtied Blocks": 0, "Shared Written Blocks": 0, "Local Hit Blocks": 0, "Local Read Blocks": 0, "Local Dirtied Blocks": 0, "Local Written Blocks": 0, "Temp Read Blocks": 0, "Temp Written Blocks": 0, "I/O Read Time": 62.103, "I/O Write Time": 0.0}, {"Node Type": "Index Only Scan", "Parent Relationship": "Inner", "Parallel Aware": false, "Scan Direction": "Forward", "Index Name": "movie_id_movie_info_idx", "Relation Name": "movie_info_idx", "Schema": "public", "Alias": "mi_idx", "Startup Cost": 0.43, "Total Cost": 1.92, "Plan Rows": 3, "Plan Width": 4, "Actual Startup Time": 0.01, "Actual Total Time": 0.01, "Actual Rows": 1, "Actual Loops": 13711, "Output": ["mi_idx.movie_id"], "Index Cond": "(mi_idx.movie_id = t.id)", "Rows Removed by Index Recheck": 0, "Heap Fetches": 0, "Shared Hit Blocks": 38435, "Shared Read Blocks": 2699, "Shared Dirtied Blocks": 0, "Shared Written Blocks": 0, "Local Hit Blocks": 0, "Local Read Blocks": 0, "Local Dirtied Blocks": 0, "Local Written Blocks": 0, "Temp Read Blocks": 0, "Temp Written Blocks": 0, "I/O Read Time": 83.767, "I/O Write Time": 0.0}]}]}, "Planning": {"Shared Hit Blocks": 101, "Shared Read Blocks": 27, "Shared Dirtied Blocks": 0, "Shared Written Blocks": 0, "Local Hit Blocks": 0, "Local Read Blocks": 0, "Local Dirtied Blocks": 0, "Local Written Blocks": 0, "Temp Read Blocks": 0, "Temp Written Blocks": 0, "I/O Read Time": 1.885, "I/O Write Time": 0.0}, "Planning Time": 2.739, "Triggers": [], "Execution Time": 655.627}, "template": "scale", "query": "EXPLAIN (ANALYZE, COSTS, BUFFERS, VERBOSE, FORMAT JSON) SELECT COUNT(*) FROM title t,movie_info_idx mi_idx WHERE t.id=mi_idx.movie_id AND t.production_year=1966;"}
{"planinfo": {"Plan": {"Node Type": "Aggregate", "Strategy": "Plain", "Partial Mode": "Simple", "Parallel Aware": false, "Startup Cost": 283776.1, "Total Cost": 283776.11, "Plan Rows": 1, "Plan Width": 8, "Actual Startup Time": 6555.81, "Actual Total Time": 6555.815, "Actual Rows": 1, "Actual Loops": 1, "Output": ["count(*)"], "Shared Hit Blocks": 3, "Shared Read Blocks": 68387, "Shared Dirtied Blocks": 0, "Shared Written Blocks": 0, "Local Hit Blocks": 0, "Local Read Blocks": 0, "Local Dirtied Blocks": 0, "Local Written Blocks": 0, "Temp Read Blocks": 22132, "Temp Written Blocks": 22132, "I/O Read Time": 240.894, "I/O Write Time": 0.0, "Plans": [{"Node Type": "Hash Join", "Parent Relationship": "Outer", "Parallel Aware": false, "Join Type": "Inner", "Startup Cost": 142692.99, "Total Cost": 280527.49, "Plan Rows": 1299446, "Plan Width": 0, "Actual Startup Time": 2459.82, "Actual Total Time": 6156.725, "Actual Rows": 3940515, "Actual Loops": 1, "Inner Unique": false, "Hash Cond": "(mk.movie_id = t.id)", "Shared Hit Blocks": 3, "Shared Read Blocks": 68387, "Shared Dirtied Blocks": 0, "Shared Written Blocks": 0, "Local Hit Blocks": 0, "Local Read Blocks": 0, "Local Dirtied Blocks": 0, "Local Written Blocks": 0, "Temp Read Blocks": 22132, "Temp Written Blocks": 22132, "I/O Read Time": 240.894, "I/O Write Time": 0.0, "Plans": [{"Node Type": "Seq Scan", "Parent Relationship": "Outer", "Parallel Aware": false, "Relation Name": "movie_keyword", "Schema": "public", "Alias": "mk", "Startup Cost": 0.0, "Total Cost": 69693.3, "Plan Rows": 4523930, "Plan Width": 4, "Actual Startup Time": 0.122, "Actual Total Time": 1014.843, "Actual Rows": 4523930, "Actual Loops": 1, "Output": ["mk.movie_id"], "Shared Hit Blocks": 0, "Shared Read Blocks": 24454, "Shared Dirtied Blocks": 0, "Shared Written Blocks": 0, "Local Hit Blocks": 0, "Local Read Blocks": 0, "Local Dirtied Blocks": 0, "Local Written Blocks": 0, "Temp Read Blocks": 0, "Temp Written Blocks": 0, "I/O Read Time": 141.893, "I/O Write Time": 0.0}, {"Node Type": "Hash", "Parent Relationship": "Inner", "Parallel Aware": false, "Startup Cost": 130776.39, "Total Cost": 130776.39, "Plan Rows": 726288, "Plan Width": 8, "Actual Startup Time": 2458.965, "Actual Total Time": 2458.968, "Actual Rows": 626561, "Actual Loops": 1, "Output": ["t.id", "mi_idx.movie_id"], "Hash Buckets": 131072, "Original Hash Buckets": 131072, "Hash Batches": 16, "Original Hash Batches": 16, "Peak Memory Usage": 2548, "Shared Hit Blocks": 0, "Shared Read Blocks": 43933, "Shared Dirtied Blocks": 0, "Shared Written Blocks": 0, "Local Hit Blocks": 0, "Local Read Blocks": 0, "Local Dirtied Blocks": 0, "Local Written Blocks": 0, "Temp Read Blocks": 7702, "Temp Written Blocks": 9701, "I/O Read Time": 99.001, "I/O Write Time": 0.0, "Plans": [{"Node Type": "Hash Join", "Parent Relationship": "Outer", "Parallel Aware": false, "Join Type": "Inner", "Startup Cost": 89437.44, "Total Cost": 130776.39, "Plan Rows": 726288, "Plan Width": 8, "Actual Startup Time": 1057.505, "Actual Total Time": 2264.477, "Actual Rows": 626561, "Actual Loops": 1, "Output": ["t.id", "mi_idx.movie_id"], "Inner Unique": true, "Hash Cond": "(mi_idx.movie_id = t.id)", "Shared Hit Blocks": 0, "Shared Read Blocks": 43933, "Shared Dirtied Blocks": 0, "Shared Written Blocks": 0, "Local Hit Blocks": 0, "Local Read Blocks": 0, "Local Dirtied Blocks": 0, "Local Written Blocks": 0, "Temp Read Blocks": 7702, "Temp Written Blocks": 7702, "I/O Read Time": 99.001, "I/O Write Time": 0.0, "Plans": [{"Node Type": "Seq Scan", "Parent Relationship": "Outer", "Parallel Aware": false, "Relation Name": "movie_info_idx", "Schema": "public", "Alias": "mi_idx", "Startup Cost": 0.0, "Total Cost": 21735.35, "Plan Rows": 1380035, "Plan Width": 4, "Actual Startup Time": 0.125, "Actual Total Time": 304.742, "Actual Rows": 1380035, "Actual Loops": 1, "Output": ["mi_idx.movie_id"], "Shared Hit Blocks": 0, "Shared Read Blocks": 7935, "Shared Dirtied Blocks": 0, "Shared Written Blocks": 0, "Local Hit Blocks": 0, "Local Read Blocks": 0, "Local Dirtied Blocks": 0, "Local Written Blocks": 0, "Temp Read Blocks": 0, "Temp Written Blocks": 0, "I/O Read Time": 40.711, "I/O Write Time": 0.0}, {"Node Type": "Hash", "Parent Relationship": "Inner", "Parallel Aware": false, "Startup Cost": 67604.5, "Total Cost": 67604.5, "Plan Rows": 1330715, "Plan Width": 4, "Actual Startup Time": 1056.759, "Actual Total Time": 1056.76, "Actual Rows": 1322863, "Actual Loops": 1, "Output": ["t.id"], "Hash Buckets": 131072, "Original Hash Buckets": 131072, "Hash Batches": 32, "Original Hash Batches": 32, "Peak Memory Usage": 2481, "Shared Hit Blocks": 0, "Shared Read Blocks": 35998, "Shared Dirtied Blocks": 0, "Shared Written Blocks": 0, "Local Hit Blocks": 0, "Local Read Blocks": 0, "Local Dirtied Blocks": 0, "Local Written Blocks": 0, "Temp Read Blocks": 0, "Temp Written Blocks": 3740, "I/O Read Time": 58.29, "I/O Write Time": 0.0, "Plans": [{"Node Type": "Seq Scan", "Parent Relationship": "Outer", "Parallel Aware": false, "Relation Name": "title", "Schema": "public", "Alias": "t", "Startup Cost": 0.0, "Total Cost": 67604.5, "Plan Rows": 1330715, "Plan Width": 4, "Actual Startup Time": 0.134, "Actual Total Time": 639.848, "Actual Rows": 1322863, "Actual Loops": 1, "Output": ["t.id"], "Filter": "(t.production_year > 2001)", "Rows Removed by Filter": 1205449, "Shared Hit Blocks": 0, "Shared Read Blocks": 35998, "Shared Dirtied Blocks": 0, "Shared Written Blocks": 0, "Local Hit Blocks": 0, "Local Read Blocks": 0, "Local Dirtied Blocks": 0, "Local Written Blocks": 0, "Temp Read Blocks": 0, "Temp Written Blocks": 0, "I/O Read Time": 58.29, "I/O Write Time": 0.0}]}]}]}]}]}, "Planning": {"Shared Hit Blocks": 186, "Shared Read Blocks": 36, "Shared Dirtied Blocks": 0, "Shared Written Blocks": 0, "Local Hit Blocks": 0, "Local Read Blocks": 0, "Local Dirtied Blocks": 0, "Local Written Blocks": 0, "Temp Read Blocks": 0, "Temp Written Blocks": 0, "I/O Read Time": 2.605, "I/O Write Time": 0.0}, "Planning Time": 4.059, "Triggers": [], "Execution Time": 6556.302}, "template": "scale", "query": "EXPLAIN (ANALYZE, COSTS, BUFFERS, VERBOSE, FORMAT JSON) SELECT COUNT(*) FROM title t,movie_info_idx mi_idx,movie_keyword mk WHERE t.id=mi_idx.movie_id AND t.id=mk.movie_id AND t.production_year>2001;"}
{"planinfo": {"Plan": {"Node Type": "Aggregate", "Strategy": "Plain", "Partial Mode": "Simple", "Parallel Aware": false, "Startup Cost": 73940.21, "Total Cost": 73940.22, "Plan Rows": 1, "Plan Width": 8, "Actual Startup Time": 522.179, "Actual Total Time": 522.181, "Actual Rows": 1, "Actual Loops": 1, "Output": ["count(*)"], "Shared Hit Blocks": 0, "Shared Read Blocks": 35998, "Shared Dirtied Blocks": 0, "Shared Written Blocks": 0, "Local Hit Blocks": 0, "Local Read Blocks": 0, "Local Dirtied Blocks": 0, "Local Written Blocks": 0, "Temp Read Blocks": 0, "Temp Written Blocks": 0, "I/O Read Time": 66.951, "I/O Write Time": 0.0, "Plans": [{"Node Type": "Seq Scan", "Parent Relationship": "Outer", "Parallel Aware": false, "Relation Name": "title", "Schema": "public", "Alias": "t", "Startup Cost": 0.0, "Total Cost": 73925.8, "Plan Rows": 5763, "Plan Width": 0, "Actual Startup Time": 0.414, "Actual Total Time": 521.004, "Actual Rows": 6232, "Actual Loops": 1, "Output": ["id", "title", "imdb_index", "kind_id", "production_year", "imdb_id", "phonetic_code", "episode_of_id", "season_nr", "episode_nr", "series_years", "md5sum"], "Filter": "((t.kind_id < 7) AND (t.production_year = 1970))", "Rows Removed by Filter": 2522080, "Shared Hit Blocks": 0, "Shared Read Blocks": 35998, "Shared Dirtied Blocks": 0, "Shared Written Blocks": 0, "Local Hit Blocks": 0, "Local Read Blocks": 0, "Local Dirtied Blocks": 0, "Local Written Blocks": 0, "Temp Read Blocks": 0, "Temp Written Blocks": 0, "I/O Read Time": 66.951, "I/O Write Time": 0.0}]}, "Planning": {"Shared Hit Blocks": 44, "Shared Read Blocks": 8, "Shared Dirtied Blocks": 0, "Shared Written Blocks": 0, "Local Hit Blocks": 0, "Local Read Blocks": 0, "Local Dirtied Blocks": 0, "Local Written Blocks": 0, "Temp Read Blocks": 0, "Temp Written Blocks": 0, "I/O Read Time": 0.541, "I/O Write Time": 0.0}, "Planning Time": 0.915, "Triggers": [], "Execution Time": 522.22}, "template": "scale", "query": "EXPLAIN (ANALYZE, COSTS, BUFFERS, VERBOSE, FORMAT JSON) SELECT COUNT(*) FROM title t WHERE t.kind_id<7 AND t.production_year=1970;"}
{"planinfo": {"Plan": {"Node Type": "Aggregate", "Strategy": "Plain", "Partial Mode": "Simple", "Parallel Aware": false, "Startup Cost": 9.35, "Total Cost": 9.36, "Plan Rows": 1, "Plan Width": 8, "Actual Startup Time": 0.423, "Actual Total Time": 0.423, "Actual Rows": 1, "Actual Loops": 1, "Output": ["count(*)"], "Shared Hit Blocks": 0, "Shared Read Blocks": 4, "Shared Dirtied Blocks": 0, "Shared Written Blocks": 0, "Local Hit Blocks": 0, "Local Read Blocks": 0, "Local Dirtied Blocks": 0, "Local Written Blocks": 0, "Temp Read Blocks": 0, "Temp Written Blocks": 0, "I/O Read Time": 0.356, "I/O Write Time": 0.0, "Plans": [{"Node Type": "Index Only Scan", "Parent Relationship": "Outer", "Parallel Aware": false, "Scan Direction": "Forward", "Index Name": "keyword_id_movie_keyword", "Relation Name": "movie_keyword", "Schema": "public", "Alias": "mk", "Startup Cost": 0.43, "Total Cost": 8.74, "Plan Rows": 246, "Plan Width": 0, "Actual Startup Time": 0.402, "Actual Total Time": 0.412, "Actual Rows": 29, "Actual Loops": 1, "Output": ["keyword_id"], "Index Cond": "(mk.keyword_id = 87437)", "Rows Removed by Index Recheck": 0, "Heap Fetches": 0, "Shared Hit Blocks": 0, "Shared Read Blocks": 4, "Shared Dirtied Blocks": 0, "Shared Written Blocks": 0, "Local Hit Blocks": 0, "Local Read Blocks": 0, "Local Dirtied Blocks": 0, "Local Written Blocks": 0, "Temp Read Blocks": 0, "Temp Written Blocks": 0, "I/O Read Time": 0.356, "I/O Write Time": 0.0}]}, "Planning": {"Shared Hit Blocks": 49, "Shared Read Blocks": 9, "Shared Dirtied Blocks": 0, "Shared Written Blocks": 0, "Local Hit Blocks": 0, "Local Read Blocks": 0, "Local Dirtied Blocks": 0, "Local Written Blocks": 0, "Temp Read Blocks": 0, "Temp Written Blocks": 0, "I/O Read Time": 0.579, "I/O Write Time": 0.0}, "Planning Time": 0.972, "Triggers": [], "Execution Time": 0.455}, "template": "scale", "query": "EXPLAIN (ANALYZE, COSTS, BUFFERS, VERBOSE, FORMAT JSON) SELECT COUNT(*) FROM movie_keyword mk WHERE mk.keyword_id=87437;"}
{"planinfo": {"Plan": {"Node Type": "Aggregate", "Strategy": "Plain", "Partial Mode": "Simple", "Parallel Aware": false, "Startup Cost": 2754.28, "Total Cost": 2754.29, "Plan Rows": 1, "Plan Width": 8, "Actual Startup Time": 346.82, "Actual Total Time": 346.822, "Actual Rows": 1, "Actual Loops": 1, "Output": ["count(*)"], "Shared Hit Blocks": 16923, "Shared Read Blocks": 4051, "Shared Dirtied Blocks": 0, "Shared Written Blocks": 0, "Local Hit Blocks": 0, "Local Read Blocks": 0, "Local Dirtied Blocks": 0, "Local Written Blocks": 0, "Temp Read Blocks": 0, "Temp Written Blocks": 0, "I/O Read Time": 313.935, "I/O Write Time": 0.0, "Plans": [{"Node Type": "Nested Loop", "Parent Relationship": "Outer", "Parallel Aware": false, "Join Type": "Inner", "Startup Cost": 1.29, "Total Cost": 2754.25, "Plan Rows": 14, "Plan Width": 0, "Actual Startup Time": 5.83, "Actual Total Time": 346.758, "Actual Rows": 179, "Actual Loops": 1, "Inner Unique": true, "Shared Hit Blocks": 16923, "Shared Read Blocks": 4051, "Shared Dirtied Blocks": 0, "Shared Written Blocks": 0, "Local Hit Blocks": 0, "Local Read Blocks": 0, "Local Dirtied Blocks": 0, "Local Written Blocks": 0, "Temp Read Blocks": 0, "Temp Written Blocks": 0, "I/O Read Time": 313.935, "I/O Write Time": 0.0, "Plans": [{"Node Type": "Nested Loop", "Parent Relationship": "Outer", "Parallel Aware": false, "Join Type": "Inner", "Startup Cost": 0.86, "Total Cost": 2096.17, "Plan Rows": 1268, "Plan Width": 8, "Actual Startup Time": 0.737, "Actual Total Time": 129.89, "Actual Rows": 3855, "Actual Loops": 1, "Output": ["mc.movie_id", "mk.movie_id"], "Inner Unique": false, "Shared Hit Blocks": 3675, "Shared Read Blocks": 1879, "Shared Dirtied Blocks": 0, "Shared Written Blocks": 0, "Local Hit Blocks": 0, "Local Read Blocks": 0, "Local Dirtied Blocks": 0, "Local Written Blocks": 0, "Temp Read Blocks": 0, "Temp Written Blocks": 0, "I/O Read Time": 118.423, "I/O Write Time": 0.0, "Plans": [{"Node Type": "Index Scan", "Parent Relationship": "Outer", "Parallel Aware": false, "Scan Direction": "Forward", "Index Name": "keyword_id_movie_keyword", "Relation Name": "movie_keyword", "Schema": "public", "Alias": "mk", "Startup Cost": 0.43, "Total Cost": 988.56, "Plan Rows": 246, "Plan Width": 4, "Actual Startup Time": 0.409, "Actual Total Time": 91.087, "Actual Rows": 1517, "Actual Loops": 1, "Output": ["mk.id", "mk.movie_id", "mk.keyword_id"], "Index Cond": "(mk.keyword_id = 6226)", "Rows Removed by Index Recheck": 0, "Shared Hit Blocks": 0, "Shared Read Blocks": 1002, "Shared Dirtied Blocks": 0, "Shared Written Blocks": 0, "Local Hit Blocks": 0, "Local Read Blocks": 0, "Local Dirtied Blocks": 0, "Local Written Blocks": 0, "Temp Read Blocks": 0, "Temp Written Blocks": 0, "I/O Read Time": 89.105, "I/O Write Time": 0.0}, {"Node Type": "Index Only Scan", "Parent Relationship": "Inner", "Parallel Aware": false, "Scan Direction": "Forward", "Index Name": "movie_id_movie_companies", "Relation Name": "movie_companies", "Schema": "public", "Alias": "mc", "Startup Cost": 0.43, "Total Cost": 4.45, "Plan Rows": 5, "Plan Width": 4, "Actual Startup Time": 0.024, "Actual Total Time": 0.024, "Actual Rows": 3, "Actual Loops": 1517, "Output": ["mc.movie_id"], "Index Cond": "(mc.movie_id = mk.movie_id)", "Rows Removed by Index Recheck": 0, "Heap Fetches": 0, "Shared Hit Blocks": 3675, "Shared Read Blocks": 877, "Shared Dirtied Blocks": 0, "Shared Written Blocks": 0, "Local Hit Blocks": 0, "Local Read Blocks": 0, "Local Dirtied Blocks": 0, "Local Written Blocks": 0, "Temp Read Blocks": 0, "Temp Written Blocks": 0, "I/O Read Time": 29.318, "I/O Write Time": 0.0}]}, {"Node Type": "Index Scan", "Parent Relationship": "Inner", "Parallel Aware": false, "Scan Direction": "Forward", "Index Name": "title_pkey", "Relation Name": "title", "Schema": "public", "Alias": "t", "Startup Cost": 0.43, "Total Cost": 0.52, "Plan Rows": 1, "Plan Width": 4, "Actual Startup Time": 0.056, "Actual Total Time": 0.056, "Actual Rows": 0, "Actual Loops": 3855, "Output": ["t.id", "t.title", "t.imdb_index", "t.kind_id", "t.production_year", "t.imdb_id", "t.phonetic_code", "t.episode_of_id", "t.season_nr", "t.episode_nr", "t.series_years", "t.md5sum"], "Index Cond": "(t.id = mc.movie_id)", "Rows Removed by Index Recheck": 0, "Filter": "(t.production_year = 2010)", "Rows Removed by Filter": 1, "Shared Hit Blocks": 13248, "Shared Read Blocks": 2172, "Shared Dirtied Blocks": 0, "Shared Written Blocks": 0, "Local Hit Blocks": 0, "Local Read Blocks": 0, "Local Dirtied Blocks": 0, "Local Written Blocks": 0, "Temp Read Blocks": 0, "Temp Written Blocks": 0, "I/O Read Time": 195.512, "I/O Write Time": 0.0}]}]}, "Planning": {"Shared Hit Blocks": 196, "Shared Read Blocks": 38, "Shared Dirtied Blocks": 0, "Shared Written Blocks": 0, "Local Hit Blocks": 0, "Local Read Blocks": 0, "Local Dirtied Blocks": 0, "Local Written Blocks": 0, "Temp Read Blocks": 0, "Temp Written Blocks": 0, "I/O Read Time": 2.943, "I/O Write Time": 0.0}, "Planning Time": 4.757, "Triggers": [], "Execution Time": 346.945}, "template": "scale", "query": "EXPLAIN (ANALYZE, COSTS, BUFFERS, VERBOSE, FORMAT JSON) SELECT COUNT(*) FROM title t,movie_companies mc,movie_keyword mk WHERE t.id=mc.movie_id AND t.id=mk.movie_id AND t.production_year=2010 AND mk.keyword_id=6226;"}
{"planinfo": {"Plan": {"Node Type": "Aggregate", "Strategy": "Plain", "Partial Mode": "Simple", "Parallel Aware": false, "Startup Cost": 2043.93, "Total Cost": 2043.94, "Plan Rows": 1, "Plan Width": 8, "Actual Startup Time": 26.937, "Actual Total Time": 26.939, "Actual Rows": 1, "Actual Loops": 1, "Output": ["count(*)"], "Shared Hit Blocks": 2836, "Shared Read Blocks": 233, "Shared Dirtied Blocks": 0, "Shared Written Blocks": 0, "Local Hit Blocks": 0, "Local Read Blocks": 0, "Local Dirtied Blocks": 0, "Local Written Blocks": 0, "Temp Read Blocks": 0, "Temp Written Blocks": 0, "I/O Read Time": 20.95, "I/O Write Time": 0.0, "Plans": [{"Node Type": "Nested Loop", "Parent Relationship": "Outer", "Parallel Aware": false, "Join Type": "Inner", "Startup Cost": 2.17, "Total Cost": 2043.68, "Plan Rows": 102, "Plan Width": 0, "Actual Startup Time": 3.581, "Actual Total Time": 26.615, "Actual Rows": 2877, "Actual Loops": 1, "Inner Unique": false, "Shared Hit Blocks": 2836, "Shared Read Blocks": 233, "Shared Dirtied Blocks": 0, "Shared Written Blocks": 0, "Local Hit Blocks": 0, "Local Read Blocks": 0, "Local Dirtied Blocks": 0, "Local Written Blocks": 0, "Temp Read Blocks": 0, "Temp Written Blocks": 0, "I/O Read Time": 20.95, "I/O Write Time": 0.0, "Plans": [{"Node Type": "Nested Loop", "Parent Relationship": "Outer", "Parallel Aware": false, "Join Type": "Inner", "Startup Cost": 1.73, "Total Cost": 2017.36, "Plan Rows": 17, "Plan Width": 16, "Actual Startup Time": 3.374, "Actual Total Time": 23.489, "Actual Rows": 84, "Actual Loops": 1, "Output": ["t.id", "ci.movie_id", "mi_idx.movie_id", "mk.movie_id"], "Inner Unique": false, "Shared Hit Blocks": 2239, "Shared Read Blocks": 212, "Shared Dirtied Blocks": 0, "Shared Written Blocks": 0, "Local Hit Blocks": 0, "Local Read Blocks": 0, "Local Dirtied Blocks": 0, "Local Written Blocks": 0, "Temp Read Blocks": 0, "Temp Written Blocks": 0, "I/O Read Time": 19.202, "I/O Write Time": 0.0, "Plans": [{"Node Type": "Nested Loop", "Parent Relationship": "Outer", "Parallel Aware": false, "Join Type": "Inner", "Startup Cost": 1.3, "Total Cost": 1882.05, "Plan Rows": 93, "Plan Width": 12, "Actual Startup Time": 0.877, "Actual Total Time": 15.526, "Actual Rows": 243, "Actual Loops": 1, "Output": ["t.id", "ci.movie_id", "mi_idx.movie_id"], "Inner Unique": false, "Shared Hit Blocks": 1454, "Shared Read Blocks": 142, "Shared Dirtied Blocks": 0, "Shared Written Blocks": 0, "Local Hit Blocks": 0, "Local Read Blocks": 0, "Local Dirtied Blocks": 0, "Local Written Blocks": 0, "Temp Read Blocks": 0, "Temp Written Blocks": 0, "I/O Read Time": 12.97, "I/O Write Time": 0.0, "Plans": [{"Node Type": "Nested Loop", "Parent Relationship": "Outer", "Parallel Aware": false, "Join Type": "Inner", "Startup Cost": 0.87, "Total Cost": 1794.13, "Plan Rows": 170, "Plan Width": 8, "Actual Startup Time": 0.677, "Actual Total Time": 8.752, "Actual Rows": 264, "Actual Loops": 1, "Output": ["t.id", "ci.movie_id"], "Inner Unique": true, "Shared Hit Blocks": 723, "Shared Read Blocks": 80, "Shared Dirtied Blocks": 0, "Shared Written Blocks": 0, "Local Hit Blocks": 0, "Local Read Blocks": 0, "Local Dirtied Blocks": 0, "Local Written Blocks": 0, "Temp Read Blocks": 0, "Temp Written Blocks": 0, "I/O Read Time": 7.384, "I/O Write Time": 0.0, "Plans": [{"Node Type": "Index Scan", "Parent Relationship": "Outer", "Parallel Aware": false, "Scan Direction": "Forward", "Index Name": "person_id_cast_info", "Relation Name": "cast_info", "Schema": "public", "Alias": "ci", "Startup Cost": 0.44, "Total Cost": 1042.05, "Plan Rows": 170, "Plan Width": 4, "Actual Startup Time": 0.472, "Actual Total Time": 0.734, "Actual Rows": 264, "Actual Loops": 1, "Output": ["ci.id", "ci.person_id", "ci.movie_id", "ci.person_role_id", "ci.note", "ci.nr_order", "ci.role_id"], "Index Cond": "(ci.person_id = 360343)", "Rows Removed by Index Recheck": 0, "Filter": "(ci.role_id < 2)", "Rows Removed by Filter": 0, "Shared Hit Blocks": 0, "Shared Read Blocks": 6, "Shared Dirtied Blocks": 0, "Shared Written Blocks": 0, "Local Hit Blocks": 0, "Local Read Blocks": 0, "Local Dirtied Blocks": 0, "Local Written Blocks": 0, "Temp Read Blocks": 0, "Temp Written Blocks": 0, "I/O Read Time": 0.566, "I/O Write Time": 0.0}, {"Node Type": "Index Only Scan", "Parent Relationship": "Inner", "Parallel Aware": false, "Scan Direction": "Forward", "Index Name": "title_pkey", "Relation Name": "title", "Schema": "public", "Alias": "t", "Startup Cost": 0.43, "Total Cost": 4.42, "Plan Rows": 1, "Plan Width": 4, "Actual Startup Time": 0.03, "Actual Total Time": 0.03, "Actual Rows": 1, "Actual Loops": 264, "Output": ["t.id"], "Index Cond": "(t.id = ci.movie_id)", "Rows Removed by Index Recheck": 0, "Heap Fetches": 0, "Shared Hit Blocks": 723, "Shared Read Blocks": 74, "Shared Dirtied Blocks": 0, "Shared Written Blocks": 0, "Local Hit Blocks": 0, "Local Read Blocks": 0, "Local Dirtied Blocks": 0, "Local Written Blocks": 0, "Temp Read Blocks": 0, "Temp Written Blocks": 0, "I/O Read Time": 6.819, "I/O Write Time": 0.0}]}, {"Node Type": "Index Only Scan", "Parent Relationship": "Inner", "Parallel Aware": false, "Scan Direction": "Forward", "Index Name": "movie_id_movie_info_idx", "Relation Name": "movie_info_idx", "Schema": "public", "Alias": "mi_idx", "Startup Cost": 0.43, "Total Cost": 0.49, "Plan Rows": 3, "Plan Width": 4, "Actual Startup Time": 0.025, "Actual Total Time": 0.025, "Actual Rows": 1, "Actual Loops": 264, "Output": ["mi_idx.movie_id"], "Index Cond": "(mi_idx.movie_id = t.id)", "Rows Removed by Index Recheck": 0, "Heap Fetches": 0, "Shared Hit Blocks": 731, "Shared Read Blocks": 62, "Shared Dirtied Blocks": 0, "Shared Written Blocks": 0, "Local Hit Blocks": 0, "Local Read Blocks": 0, "Local Dirtied Blocks": 0, "Local Written Blocks": 0, "Temp Read Blocks": 0, "Temp Written Blocks": 0, "I/O Read Time": 5.586, "I/O Write Time": 0.0}]}, {"Node Type": "Index Scan", "Parent Relationship": "Inner", "Parallel Aware": false, "Scan Direction": "Forward", "Index Name": "movie_id_movie_keyword", "Relation Name": "movie_keyword", "Schema": "public", "Alias": "mk", "Startup Cost": 0.43, "Total Cost": 1.4, "Plan Rows": 5, "Plan Width": 4, "Actual Startup Time": 0.031, "Actual Total Time": 0.032, "Actual Rows": 0, "Actual Loops": 243, "Output": ["mk.id", "mk.movie_id", "mk.keyword_id"], "Index Cond": "(mk.movie_id = t.id)", "Rows Removed by Index Recheck": 0, "Filter": "(mk.keyword_id < 359)", "Rows Removed by Filter": 7, "Shared Hit Blocks": 785, "Shared Read Blocks": 70, "Shared Dirtied Blocks": 0, "Shared Written Blocks": 0, "Local Hit Blocks": 0, "Local Read Blocks": 0, "Local Dirtied Blocks": 0, "Local Written Blocks": 0, "Temp Read Blocks": 0, "Temp Written Blocks": 0, "I/O Read Time": 6.232, "I/O Write Time": 0.0}]}, {"Node Type": "Index Only Scan", "Parent Relationship": "Inner", "Parallel Aware": false, "Scan Direction": "Forward", "Index Name": "movie_id_movie_info", "Relation Name": "movie_info", "Schema": "public", "Alias": "mi", "Startup Cost": 0.43, "Total Cost": 1.16, "Plan Rows": 39, "Plan Width": 4, "Actual Startup Time": 0.025, "Actual Total Time": 0.032, "Actual Rows": 34, "Actual Loops": 84, "Output": ["mi.movie_id"], "Index Cond": "(mi.movie_id = t.id)", "Rows Removed by Index Recheck": 0, "Heap Fetches": 0, "Shared Hit Blocks": 597, "Shared Read Blocks": 21, "Shared Dirtied Blocks": 0, "Shared Written Blocks": 0, "Local Hit Blocks": 0, "Local Read Blocks": 0, "Local Dirtied Blocks": 0, "Local Written Blocks": 0, "Temp Read Blocks": 0, "Temp Written Blocks": 0, "I/O Read Time": 1.748, "I/O Write Time": 0.0}]}]}, "Planning": {"Shared Hit Blocks": 466, "Shared Read Blocks": 63, "Shared Dirtied Blocks": 0, "Shared Written Blocks": 0, "Local Hit Blocks": 0, "Local Read Blocks": 0, "Local Dirtied Blocks": 0, "Local Written Blocks": 0, "Temp Read Blocks": 0, "Temp Written Blocks": 0, "I/O Read Time": 5.164, "I/O Write Time": 0.0}, "Planning Time": 9.836, "Triggers": [], "Execution Time": 27.087}, "template": "scale", "query": "EXPLAIN (ANALYZE, COSTS, BUFFERS, VERBOSE, FORMAT JSON) SELECT COUNT(*) FROM title t,cast_info ci,movie_info mi,movie_info_idx mi_idx,movie_keyword mk WHERE t.id=ci.movie_id AND t.id=mi.movie_id AND t.id=mi_idx.movie_id AND t.id=mk.movie_id AND ci.person_id=360343 AND ci.role_id<2 AND mk.keyword_id<359;"}
{"planinfo": {"Plan": {"Node Type": "Aggregate", "Strategy": "Plain", "Partial Mode": "Simple", "Parallel Aware": false, "Startup Cost": 225605.09, "Total Cost": 225605.1, "Plan Rows": 1, "Plan Width": 8, "Actual Startup Time": 4547.573, "Actual Total Time": 4547.576, "Actual Rows": 1, "Actual Loops": 1, "Output": ["count(*)"], "Shared Hit Blocks": 3, "Shared Read Blocks": 60452, "Shared Dirtied Blocks": 0, "Shared Written Blocks": 0, "Local Hit Blocks": 0, "Local Read Blocks": 0, "Local Dirtied Blocks": 0, "Local Written Blocks": 0, "Temp Read Blocks": 17625, "Temp Written Blocks": 17625, "I/O Read Time": 184.356, "I/O Write Time": 0.0, "Plans": [{"Node Type": "Hash Join", "Parent Relationship": "Outer", "Parallel Aware": false, "Join Type": "Inner", "Startup Cost": 94801.73, "Total Cost": 218190.36, "Plan Rows": 2965889, "Plan Width": 0, "Actual Startup Time": 1139.156, "Actual Total Time": 4421.102, "Actual Rows": 1203219, "Actual Loops": 1, "Inner Unique": true, "Hash Cond": "(mk.movie_id = t.id)", "Shared Hit Blocks": 3, "Shared Read Blocks": 60452, "Shared Dirtied Blocks": 0, "Shared Written Blocks": 0, "Local Hit Blocks": 0, "Local Read Blocks": 0, "Local Dirtied Blocks": 0, "Local Written Blocks": 0, "Temp Read Blocks": 17625, "Temp Written Blocks": 17625, "I/O Read Time": 184.356, "I/O Write Time": 0.0, "Plans": [{"Node Type": "Seq Scan", "Parent Relationship": "Outer", "Parallel Aware": false, "Relation Name": "movie_keyword", "Schema": "public", "Alias": "mk", "Startup Cost": 0.0, "Total Cost": 69693.3, "Plan Rows": 4523930, "Plan Width": 4, "Actual Startup Time": 0.121, "Actual Total Time": 963.624, "Actual Rows": 4523930, "Actual Loops": 1, "Output": ["mk.movie_id"], "Shared Hit Blocks": 0, "Shared Read Blocks": 24454, "Shared Dirtied Blocks": 0, "Shared Written Blocks": 0, "Local Hit Blocks": 0, "Local Read Blocks": 0, "Local Dirtied Blocks": 0, "Local Written Blocks": 0, "Temp Read Blocks": 0, "Temp Written Blocks": 0, "I/O Read Time": 124.313, "I/O Write Time": 0.0}, {"Node Type": "Hash", "Parent Relationship": "Inner", "Parallel Aware": false, "Startup Cost": 67604.5, "Total Cost": 67604.5, "Plan Rows": 1657698, "Plan Width": 4, "Actual Startup Time": 1137.92, "Actual Total Time": 1137.921, "Actual Rows": 1674098, "Actual Loops": 1, "Output": ["t.id"], "Hash Buckets": 131072, "Original Hash Buckets": 131072, "Hash Batches": 32, "Original Hash Batches": 32, "Peak Memory Usage": 2869, "Shared Hit Blocks": 0, "Shared Read Blocks": 35998, "Shared Dirtied Blocks": 0, "Shared Written Blocks": 0, "Local Hit Blocks": 0, "Local Read Blocks": 0, "Local Dirtied Blocks": 0, "Local Written Blocks": 0, "Temp Read Blocks": 0, "Temp Written Blocks": 4736, "I/O Read Time": 60.042, "I/O Write Time": 0.0, "Plans": [{"Node Type": "Seq Scan", "Parent Relationship": "Outer", "Parallel Aware": false, "Relation Name": "title", "Schema": "public", "Alias": "t", "Startup Cost": 0.0, "Total Cost": 67604.5, "Plan Rows": 1657698, "Plan Width": 4, "Actual Startup Time": 0.139, "Actual Total Time": 632.165, "Actual Rows": 1674098, "Actual Loops": 1, "Output": ["t.id"], "Filter": "(t.kind_id > 3)", "Rows Removed by Filter": 854214, "Shared Hit Blocks": 0, "Shared Read Blocks": 35998, "Shared Dirtied Blocks": 0, "Shared Written Blocks": 0, "Local Hit Blocks": 0, "Local Read Blocks": 0, "Local Dirtied Blocks": 0, "Local Written Blocks": 0, "Temp Read Blocks": 0, "Temp Written Blocks": 0, "I/O Read Time": 60.042, "I/O Write Time": 0.0}]}]}]}, "Planning": {"Shared Hit Blocks": 105, "Shared Read Blocks": 25, "Shared Dirtied Blocks": 0, "Shared Written Blocks": 0, "Local Hit Blocks": 0, "Local Read Blocks": 0, "Local Dirtied Blocks": 0, "Local Written Blocks": 0, "Temp Read Blocks": 0, "Temp Written Blocks": 0, "I/O Read Time": 1.709, "I/O Write Time": 0.0}, "Planning Time": 2.58, "Triggers": [], "Execution Time": 4547.744}, "template": "scale", "query": "EXPLAIN (ANALYZE, COSTS, BUFFERS, VERBOSE, FORMAT JSON) SELECT COUNT(*) FROM title t,movie_keyword mk WHERE t.id=mk.movie_id AND t.kind_id>3;"}
{"planinfo": {"Plan": {"Node Type": "Aggregate", "Strategy": "Plain", "Partial Mode": "Simple", "Parallel Aware": false, "Startup Cost": 1124694.49, "Total Cost": 1124694.5, "Plan Rows": 1, "Plan Width": 8, "Actual Startup Time": 30143.827, "Actual Total Time": 30143.83, "Actual Rows": 1, "Actual Loops": 1, "Output": ["count(*)"], "Shared Hit Blocks": 3, "Shared Read Blocks": 288685, "Shared Dirtied Blocks": 0, "Shared Written Blocks": 0, "Local Hit Blocks": 0, "Local Read Blocks": 0, "Local Dirtied Blocks": 0, "Local Written Blocks": 0, "Temp Read Blocks": 102632, "Temp Written Blocks": 102632, "I/O Read Time": 727.92, "I/O Write Time": 0.0, "Plans": [{"Node Type": "Hash Join", "Parent Relationship": "Outer", "Parallel Aware": false, "Join Type": "Inner", "Startup Cost": 85893.24, "Total Cost": 1084694.03, "Plan Rows": 16000185, "Plan Width": 0, "Actual Startup Time": 961.557, "Actual Total Time": 28181.178, "Actual Rows": 17363029, "Actual Loops": 1, "Inner Unique": true, "Hash Cond": "(ci.movie_id = t.id)", "Shared Hit Blocks": 3, "Shared Read Blocks": 288685, "Shared Dirtied Blocks": 0, "Shared Written Blocks": 0, "Local Hit Blocks": 0, "Local Read Blocks": 0, "Local Dirtied Blocks": 0, "Local Written Blocks": 0, "Temp Read Blocks": 102632, "Temp Written Blocks": 102632, "I/O Read Time": 727.92, "I/O Write Time": 0.0, "Plans": [{"Node Type": "Seq Scan", "Parent Relationship": "Outer", "Parallel Aware": false, "Relation Name": "cast_info", "Schema": "public", "Alias": "ci", "Startup Cost": 0.0, "Total Cost": 615626.12, "Plan Rows": 36293912, "Plan Width": 4, "Actual Startup Time": 0.207, "Actual Total Time": 7762.595, "Actual Rows": 36244344, "Actual Loops": 1, "Output": ["ci.movie_id"], "Shared Hit Blocks": 0, "Shared Read Blocks": 252687, "Shared Dirtied Blocks": 0, "Shared Written Blocks": 0, "Local Hit Blocks": 0, "Local Read Blocks": 0, "Local Dirtied Blocks": 0, "Local Written Blocks": 0, "Temp Read Blocks": 0, "Temp Written Blocks": 0, "I/O Read Time": 670.239, "I/O Write Time": 0.0}, {"Node Type": "Hash", "Parent Relationship": "Inner", "Parallel Aware": false, "Startup Cost": 67604.5, "Total Cost": 67604.5, "Plan Rows": 1114699, "Plan Width": 4, "Actual Startup Time": 960.529, "Actual Total Time": 960.53, "Actual Rows": 1107925, "Actual Loops": 1, "Output": ["t.id"], "Hash Buckets": 131072, "Original Hash Buckets": 131072, "Hash Batches": 16, "Original Hash Batches": 16, "Peak Memory Usage": 3460, "Shared Hit Blocks": 0, "Shared Read Blocks": 35998, "Shared Dirtied Blocks": 0, "Shared Written Blocks": 0, "Local Hit Blocks": 0, "Local Read Blocks": 0, "Local Dirtied Blocks": 0, "Local Written Blocks": 0, "Temp Read Blocks": 0, "Temp Written Blocks": 3035, "I/O Read Time": 57.681, "I/O Write Time": 0.0, "Plans": [{"Node Type": "Seq Scan", "Parent Relationship": "Outer", "Parallel Aware": false, "Relation Name": "title", "Schema": "public", "Alias": "t", "Startup Cost": 0.0, "Total Cost": 67604.5, "Plan Rows": 1114699, "Plan Width": 4, "Actual Startup Time": 0.134, "Actual Total Time": 612.848, "Actual Rows": 1107925, "Actual Loops": 1, "Output": ["t.id"], "Filter": "(t.production_year > 2004)", "Rows Removed by Filter": 1420387, "Shared Hit Blocks": 0, "Shared Read Blocks": 35998, "Shared Dirtied Blocks": 0, "Shared Written Blocks": 0, "Local Hit Blocks": 0, "Local Read Blocks": 0, "Local Dirtied Blocks": 0, "Local Written Blocks": 0, "Temp Read Blocks": 0, "Temp Written Blocks": 0, "I/O Read Time": 57.681, "I/O Write Time": 0.0}]}]}]}, "Planning": {"Shared Hit Blocks": 124, "Shared Read Blocks": 31, "Shared Dirtied Blocks": 0, "Shared Written Blocks": 0, "Local Hit Blocks": 0, "Local Read Blocks": 0, "Local Dirtied Blocks": 0, "Local Written Blocks": 0, "Temp Read Blocks": 0, "Temp Written Blocks": 0, "I/O Read Time": 2.333, "I/O Write Time": 0.0}, "Planning Time": 3.341, "Triggers": [], "Execution Time": 30144.038}, "template": "scale", "query": "EXPLAIN (ANALYZE, COSTS, BUFFERS, VERBOSE, FORMAT JSON) SELECT COUNT(*) FROM title t,cast_info ci WHERE t.id=ci.movie_id AND t.production_year>2004;"}
{"planinfo": {"Plan": {"Node Type": "Aggregate", "Strategy": "Plain", "Partial Mode": "Simple", "Parallel Aware": false, "Startup Cost": 218558.21, "Total Cost": 218558.23, "Plan Rows": 1, "Plan Width": 8, "Actual Startup Time": 2291.383, "Actual Total Time": 2291.384, "Actual Rows": 1, "Actual Loops": 1, "Output": ["count(*)"], "Shared Hit Blocks": 29, "Shared Read Blocks": 7425, "Shared Dirtied Blocks": 0, "Shared Written Blocks": 0, "Local Hit Blocks": 0, "Local Read Blocks": 0, "Local Dirtied Blocks": 0, "Local Written Blocks": 0, "Temp Read Blocks": 0, "Temp Written Blocks": 0, "I/O Read Time": 45.531, "I/O Write Time": 0.0, "Plans": [{"Node Type": "Index Only Scan", "Parent Relationship": "Outer", "Parallel Aware": false, "Scan Direction": "Forward", "Index Name": "info_type_id_movie_info", "Relation Name": "movie_info", "Schema": "public", "Alias": "mi", "Startup Cost": 0.43, "Total Cost": 194972.99, "Plan Rows": 9434089, "Plan Width": 0, "Actual Startup Time": 0.321, "Actual Total Time": 1378.342, "Actual Rows": 9425200, "Actual Loops": 1, "Output": ["info_type_id"], "Index Cond": "(mi.info_type_id > 5)", "Rows Removed by Index Recheck": 0, "Heap Fetches": 0, "Shared Hit Blocks": 29, "Shared Read Blocks": 7425, "Shared Dirtied Blocks": 0, "Shared Written Blocks": 0, "Local Hit Blocks": 0, "Local Read Blocks": 0, "Local Dirtied Blocks": 0, "Local Written Blocks": 0, "Temp Read Blocks": 0, "Temp Written Blocks": 0, "I/O Read Time": 45.531, "I/O Write Time": 0.0}]}, "Planning": {"Shared Hit Blocks": 50, "Shared Read Blocks": 15, "Shared Dirtied Blocks": 0, "Shared Written Blocks": 0, "Local Hit Blocks": 0, "Local Read Blocks": 0, "Local Dirtied Blocks": 0, "Local Written Blocks": 0, "Temp Read Blocks": 0, "Temp Written Blocks": 0, "I/O Read Time": 0.932, "I/O Write Time": 0.0}, "Planning Time": 1.458, "Triggers": [], "Execution Time": 2291.429}, "template": "scale", "query": "EXPLAIN (ANALYZE, COSTS, BUFFERS, VERBOSE, FORMAT JSON) SELECT COUNT(*) FROM movie_info mi WHERE mi.info_type_id>5;"}
{"planinfo": {"Plan": {"Node Type": "Aggregate", "Strategy": "Plain", "Partial Mode": "Simple", "Parallel Aware": false, "Startup Cost": 259730.89, "Total Cost": 259730.9, "Plan Rows": 1, "Plan Width": 8, "Actual Startup Time": 2714.902, "Actual Total Time": 2714.903, "Actual Rows": 1, "Actual Loops": 1, "Output": ["count(*)"], "Shared Hit Blocks": 33, "Shared Read Blocks": 8823, "Shared Dirtied Blocks": 0, "Shared Written Blocks": 0, "Local Hit Blocks": 0, "Local Read Blocks": 0, "Local Dirtied Blocks": 0, "Local Written Blocks": 0, "Temp Read Blocks": 0, "Temp Written Blocks": 0, "I/O Read Time": 52.702, "I/O Write Time": 0.0, "Plans": [{"Node Type": "Index Only Scan", "Parent Relationship": "Outer", "Parallel Aware": false, "Scan Direction": "Forward", "Index Name": "info_type_id_movie_info", "Relation Name": "movie_info", "Schema": "public", "Alias": "mi", "Startup Cost": 0.43, "Total Cost": 231702.59, "Plan Rows": 11211323, "Plan Width": 0, "Actual Startup Time": 0.316, "Actual Total Time": 1636.067, "Actual Rows": 11210743, "Actual Loops": 1, "Output": ["info_type_id"], "Index Cond": "(mi.info_type_id > 3)", "Rows Removed by Index Recheck": 0, "Heap Fetches": 0, "Shared Hit Blocks": 33, "Shared Read Blocks": 8823, "Shared Dirtied Blocks": 0, "Shared Written Blocks": 0, "Local Hit Blocks": 0, "Local Read Blocks": 0, "Local Dirtied Blocks": 0, "Local Written Blocks": 0, "Temp Read Blocks": 0, "Temp Written Blocks": 0, "I/O Read Time": 52.702, "I/O Write Time": 0.0}]}, "Planning": {"Shared Hit Blocks": 50, "Shared Read Blocks": 15, "Shared Dirtied Blocks": 0, "Shared Written Blocks": 0, "Local Hit Blocks": 0, "Local Read Blocks": 0, "Local Dirtied Blocks": 0, "Local Written Blocks": 0, "Temp Read Blocks": 0, "Temp Written Blocks": 0, "I/O Read Time": 0.959, "I/O Write Time": 0.0}, "Planning Time": 1.543, "Triggers": [], "Execution Time": 2714.951}, "template": "scale", "query": "EXPLAIN (ANALYZE, COSTS, BUFFERS, VERBOSE, FORMAT JSON) SELECT COUNT(*) FROM movie_info mi WHERE mi.info_type_id>3;"}
{"planinfo": {"Plan": {"Node Type": "Aggregate", "Strategy": "Plain", "Partial Mode": "Simple", "Parallel Aware": false, "Startup Cost": 328190.78, "Total Cost": 328190.79, "Plan Rows": 1, "Plan Width": 8, "Actual Startup Time": 6088.472, "Actual Total Time": 6088.477, "Actual Rows": 1, "Actual Loops": 1, "Output": ["count(*)"], "Shared Hit Blocks": 3, "Shared Read Blocks": 79242, "Shared Dirtied Blocks": 0, "Shared Written Blocks": 0, "Local Hit Blocks": 0, "Local Read Blocks": 0, "Local Dirtied Blocks": 0, "Local Written Blocks": 0, "Temp Read Blocks": 23506, "Temp Written Blocks": 23506, "I/O Read Time": 294.332, "I/O Write Time": 0.0, "Plans": [{"Node Type": "Hash Join", "Parent Relationship": "Outer", "Parallel Aware": false, "Join Type": "Inner", "Startup Cost": 180851.08, "Total Cost": 323876.84, "Plan Rows": 1725573, "Plan Width": 0, "Actual Startup Time": 2969.485, "Actual Total Time": 6005.332, "Actual Rows": 819332, "Actual Loops": 1, "Inner Unique": false, "Hash Cond": "(mk.movie_id = t.id)", "Shared Hit Blocks": 3, "Shared Read Blocks": 79242, "Shared Dirtied Blocks": 0, "Shared Written Blocks": 0, "Local Hit Blocks": 0, "Local Read Blocks": 0, "Local Dirtied Blocks": 0, "Local Written Blocks": 0, "Temp Read Blocks": 23506, "Temp Written Blocks": 23506, "I/O Read Time": 294.332, "I/O Write Time": 0.0, "Plans": [{"Node Type": "Seq Scan", "Parent Relationship": "Outer", "Parallel Aware": false, "Relation Name": "movie_keyword", "Schema": "public", "Alias": "mk", "Startup Cost": 0.0, "Total Cost": 69693.3, "Plan Rows": 4523930, "Plan Width": 4, "Actual Startup Time": 0.123, "Actual Total Time": 983.419, "Actual Rows": 4523930, "Actual Loops": 1, "Output": ["mk.movie_id"], "Shared Hit Blocks": 0, "Shared Read Blocks": 24454, "Shared Dirtied Blocks": 0, "Shared Written Blocks": 0, "Local Hit Blocks": 0, "Local Read Blocks": 0, "Local Dirtied Blocks": 0, "Local Written Blocks": 0, "Temp Read Blocks": 0, "Temp Written Blocks": 0, "I/O Read Time": 136.868, "I/O Write Time": 0.0}, {"Node Type": "Hash", "Parent Relationship": "Inner", "Parallel Aware": false, "Startup Cost": 165027.34, "Total Cost": 165027.34, "Plan Rows": 964459, "Plan Width": 8, "Actual Startup Time": 2967.517, "Actual Total Time": 2967.52, "Actual Rows": 465794, "Actual Loops": 1, "Output": ["t.id", "mc.movie_id"], "Hash Buckets": 131072, "Original Hash Buckets": 131072, "Hash Batches": 16, "Original Hash Batches": 16, "Peak Memory Usage": 2154, "Shared Hit Blocks": 0, "Shared Read Blocks": 54788, "Shared Dirtied Blocks": 0, "Shared Written Blocks": 0, "Local Hit Blocks": 0, "Local Read Blocks": 0, "Local Dirtied Blocks": 0, "Local Written Blocks": 0, "Temp Read Blocks": 9590, "Temp Written Blocks": 11075, "I/O Read Time": 157.464, "I/O Write Time": 0.0, "Plans": [{"Node Type": "Hash Join", "Parent Relationship": "Outer", "Parallel Aware": false, "Join Type": "Inner", "Startup Cost": 89261.07, "Total Cost": 165027.34, "Plan Rows": 964459, "Plan Width": 8, "Actual Startup Time": 888.271, "Actual Total Time": 2821.061, "Actual Rows": 465794, "Actual Loops": 1, "Output": ["t.id", "mc.movie_id"], "Inner Unique": true, "Hash Cond": "(mc.movie_id = t.id)", "Shared Hit Blocks": 0, "Shared Read Blocks": 54788, "Shared Dirtied Blocks": 0, "Shared Written Blocks": 0, "Local Hit Blocks": 0, "Local Read Blocks": 0, "Local Dirtied Blocks": 0, "Local Written Blocks": 0, "Temp Read Blocks": 9590, "Temp Written Blocks": 9590, "I/O Read Time": 157.464, "I/O Write Time": 0.0, "Plans": [{"Node Type": "Seq Scan", "Parent Relationship": "Outer", "Parallel Aware": false, "Relation Name": "movie_companies", "Schema": "public", "Alias": "mc", "Startup Cost": 0.0, "Total Cost": 44881.29, "Plan Rows": 2609129, "Plan Width": 4, "Actual Startup Time": 0.124, "Actual Total Time": 594.992, "Actual Rows": 2609129, "Actual Loops": 1, "Output": ["mc.movie_id"], "Shared Hit Blocks": 0, "Shared Read Blocks": 18790, "Shared Dirtied Blocks": 0, "Shared Written Blocks": 0, "Local Hit Blocks": 0, "Local Read Blocks": 0, "Local Dirtied Blocks": 0, "Local Written Blocks": 0, "Temp Read Blocks": 0, "Temp Written Blocks": 0, "I/O Read Time": 96.763, "I/O Write Time": 0.0}, {"Node Type": "Hash", "Parent Relationship": "Inner", "Parallel Aware": false, "Startup Cost": 73925.8, "Total Cost": 73925.8, "Plan Rows": 934662, "Plan Width": 4, "Actual Startup Time": 886.64, "Actual Total Time": 886.641, "Actual Rows": 876037, "Actual Loops": 1, "Output": ["t.id"], "Hash Buckets": 131072, "Original Hash Buckets": 131072, "Hash Batches": 16, "Original Hash Batches": 16, "Peak Memory Usage": 2949, "Shared Hit Blocks": 0, "Shared Read Blocks": 35998, "Shared Dirtied Blocks": 0, "Shared Written Blocks": 0, "Local Hit Blocks": 0, "Local Read Blocks": 0, "Local Dirtied Blocks": 0, "Local Written Blocks": 0, "Temp Read Blocks": 0, "Temp Written Blocks": 2399, "I/O Read Time": 60.701, "I/O Write Time": 0.0, "Plans": [{"Node Type": "Seq Scan", "Parent Relationship": "Outer", "Parallel Aware": false, "Relation Name": "title", "Schema": "public", "Alias": "t", "Startup Cost": 0.0, "Total Cost": 73925.8, "Plan Rows": 934662, "Plan Width": 4, "Actual Startup Time": 0.134, "Actual Total Time": 614.235, "Actual Rows": 876037, "Actual Loops": 1, "Output": ["t.id"], "Filter": "((t.production_year < 2007) AND (t.kind_id = 7))", "Rows Removed by Filter": 1652275, "Shared Hit Blocks": 0, "Shared Read Blocks": 35998, "Shared Dirtied Blocks": 0, "Shared Written Blocks": 0, "Local Hit Blocks": 0, "Local Read Blocks": 0, "Local Dirtied Blocks": 0, "Local Written Blocks": 0, "Temp Read Blocks": 0, "Temp Written Blocks": 0, "I/O Read Time": 60.701, "I/O Write Time": 0.0}]}]}]}]}]}, "Planning": {"Shared Hit Blocks": 193, "Shared Read Blocks": 38, "Shared Dirtied Blocks": 0, "Shared Written Blocks": 0, "Local Hit Blocks": 0, "Local Read Blocks": 0, "Local Dirtied Blocks": 0, "Local Written Blocks": 0, "Temp Read Blocks": 0, "Temp Written Blocks": 0, "I/O Read Time": 2.976, "I/O Write Time": 0.0}, "Planning Time": 4.755, "Triggers": [], "Execution Time": 6089.017}, "template": "scale", "query": "EXPLAIN (ANALYZE, COSTS, BUFFERS, VERBOSE, FORMAT JSON) SELECT COUNT(*) FROM title t,movie_companies mc,movie_keyword mk WHERE t.id=mc.movie_id AND t.id=mk.movie_id AND t.kind_id=7 AND t.production_year<2007;"}
{"planinfo": {"Plan": {"Node Type": "Aggregate", "Strategy": "Plain", "Partial Mode": "Simple", "Parallel Aware": false, "Startup Cost": 173927.91, "Total Cost": 173927.92, "Plan Rows": 1, "Plan Width": 8, "Actual Startup Time": 2455.041, "Actual Total Time": 2455.046, "Actual Rows": 1, "Actual Loops": 1, "Output": ["count(*)"], "Shared Hit Blocks": 3, "Shared Read Blocks": 62723, "Shared Dirtied Blocks": 0, "Shared Written Blocks": 0, "Local Hit Blocks": 0, "Local Read Blocks": 0, "Local Dirtied Blocks": 0, "Local Written Blocks": 0, "Temp Read Blocks": 5085, "Temp Written Blocks": 5085, "I/O Read Time": 198.275, "I/O Write Time": 0.0, "Plans": [{"Node Type": "Hash Join", "Parent Relationship": "Outer", "Parallel Aware": false, "Join Type": "Inner", "Startup Cost": 110394.89, "Total Cost": 173810.69, "Plan Rows": 46888, "Plan Width": 0, "Actual Startup Time": 1520.491, "Actual Total Time": 2447.133, "Actual Rows": 67492, "Actual Loops": 1, "Inner Unique": false, "Hash Cond": "(mc.movie_id = t.id)", "Shared Hit Blocks": 3, "Shared Read Blocks": 62723, "Shared Dirtied Blocks": 0, "Shared Written Blocks": 0, "Local Hit Blocks": 0, "Local Read Blocks": 0, "Local Dirtied Blocks": 0, "Local Written Blocks": 0, "Temp Read Blocks": 5085, "Temp Written Blocks": 5085, "I/O Read Time": 198.275, "I/O Write Time": 0.0, "Plans": [{"Node Type": "Seq Scan", "Parent Relationship": "Outer", "Parallel Aware": false, "Relation Name": "movie_companies", "Schema": "public", "Alias": "mc", "Startup Cost": 0.0, "Total Cost": 51404.11, "Plan Rows": 956214, "Plan Width": 4, "Actual Startup Time": 0.121, "Actual Total Time": 589.95, "Actual Rows": 969643, "Actual Loops": 1, "Output": ["mc.movie_id"], "Filter": "(mc.company_id < 4155)", "Rows Removed by Filter": 1639486, "Shared Hit Blocks": 0, "Shared Read Blocks": 18790, "Shared Dirtied Blocks": 0, "Shared Written Blocks": 0, "Local Hit Blocks": 0, "Local Read Blocks": 0, "Local Dirtied Blocks": 0, "Local Written Blocks": 0, "Temp Read Blocks": 0, "Temp Written Blocks": 0, "I/O Read Time": 93.152, "I/O Write Time": 0.0}, {"Node Type": "Hash", "Parent Relationship": "Inner", "Parallel Aware": false, "Startup Cost": 108360.07, "Total Cost": 108360.07, "Plan Rows": 123986, "Plan Width": 8, "Actual Startup Time": 1519.129, "Actual Total Time": 1519.132, "Actual Rows": 69471, "Actual Loops": 1, "Output": ["t.id", "mi_idx.movie_id"], "Hash Buckets": 131072, "Original Hash Buckets": 131072, "Hash Batches": 2, "Original Hash Batches": 2, "Peak Memory Usage": 2377, "Shared Hit Blocks": 0, "Shared Read Blocks": 43933, "Shared Dirtied Blocks": 0, "Shared Written Blocks": 0, "Local Hit Blocks": 0, "Local Read Blocks": 0, "Local Dirtied Blocks": 0, "Local Written Blocks": 0, "Temp Read Blocks": 3544, "Temp Written Blocks": 3663, "I/O Read Time": 105.123, "I/O Write Time": 0.0, "Plans": [{"Node Type": "Hash Join", "Parent Relationship": "Outer", "Parallel Aware": false, "Join Type": "Inner", "Startup Cost": 71332.11, "Total Cost": 108360.07, "Plan Rows": 123986, "Plan Width": 8, "Actual Startup Time": 641.114, "Actual Total Time": 1494.659, "Actual Rows": 69471, "Actual Loops": 1, "Output": ["t.id", "mi_idx.movie_id"], "Inner Unique": true, "Hash Cond": "(mi_idx.movie_id = t.id)", "Shared Hit Blocks": 0, "Shared Read Blocks": 43933, "Shared Dirtied Blocks": 0, "Shared Written Blocks": 0, "Local Hit Blocks": 0, "Local Read Blocks": 0, "Local Dirtied Blocks": 0, "Local Written Blocks": 0, "Temp Read Blocks": 3544, "Temp Written Blocks": 3544, "I/O Read Time": 105.123, "I/O Write Time": 0.0, "Plans": [{"Node Type": "Seq Scan", "Parent Relationship": "Outer", "Parallel Aware": false, "Relation Name": "movie_info_idx", "Schema": "public", "Alias": "mi_idx", "Startup Cost": 0.0, "Total Cost": 21735.35, "Plan Rows": 1380035, "Plan Width": 4, "Actual Startup Time": 0.125, "Actual Total Time": 296.765, "Actual Rows": 1380035, "Actual Loops": 1, "Output": ["mi_idx.movie_id"], "Shared Hit Blocks": 0, "Shared Read Blocks": 7935, "Shared Dirtied Blocks": 0, "Shared Written Blocks": 0, "Local Hit Blocks": 0, "Local Read Blocks": 0, "Local Dirtied Blocks": 0, "Local Written Blocks": 0, "Temp Read Blocks": 0, "Temp Written Blocks": 0, "I/O Read Time": 40.712, "I/O Write Time": 0.0}, {"Node Type": "Hash", "Parent Relationship": "Inner", "Parallel Aware": false, "Startup Cost": 67604.5, "Total Cost": 67604.5, "Plan Rows": 227169, "Plan Width": 4, "Actual Startup Time": 639.983, "Actual Total Time": 639.984, "Actual Rows": 231649, "Actual Loops": 1, "Output": ["t.id"], "Hash Buckets": 131072, "Original Hash Buckets": 131072, "Hash Batches": 4, "Original Hash Batches": 4, "Peak Memory Usage": 3076, "Shared Hit Blocks": 0, "Shared Read Blocks": 35998, "Shared Dirtied Blocks": 0, "Shared Written Blocks": 0, "Local Hit Blocks": 0, "Local Read Blocks": 0, "Local Dirtied Blocks": 0, "Local Written Blocks": 0, "Temp Read Blocks": 0, "Temp Written Blocks": 507, "I/O Read Time": 64.411, "I/O Write Time": 0.0, "Plans": [{"Node Type": "Seq Scan", "Parent Relationship": "Outer", "Parallel Aware": false, "Relation Name": "title", "Schema": "public", "Alias": "t", "Startup Cost": 0.0, "Total Cost": 67604.5, "Plan Rows": 227169, "Plan Width": 4, "Actual Startup Time": 0.131, "Actual Total Time": 550.8, "Actual Rows": 231649, "Actual Loops": 1, "Output": ["t.id"], "Filter": "(t.production_year > 2011)", "Rows Removed by Filter": 2296663, "Shared Hit Blocks": 0, "Shared Read Blocks": 35998, "Shared Dirtied Blocks": 0, "Shared Written Blocks": 0, "Local Hit Blocks": 0, "Local Read Blocks": 0, "Local Dirtied Blocks": 0, "Local Written Blocks": 0, "Temp Read Blocks": 0, "Temp Written Blocks": 0, "I/O Read Time": 64.411, "I/O Write Time": 0.0}]}]}]}]}]}, "Planning": {"Shared Hit Blocks": 197, "Shared Read Blocks": 38, "Shared Dirtied Blocks": 0, "Shared Written Blocks": 0, "Local Hit Blocks": 0, "Local Read Blocks": 0, "Local Dirtied Blocks": 0, "Local Written Blocks": 0, "Temp Read Blocks": 0, "Temp Written Blocks": 0, "I/O Read Time": 2.854, "I/O Write Time": 0.0}, "Planning Time": 4.44, "Triggers": [], "Execution Time": 2455.496}, "template": "scale", "query": "EXPLAIN (ANALYZE, COSTS, BUFFERS, VERBOSE, FORMAT JSON) SELECT COUNT(*) FROM title t,movie_companies mc,movie_info_idx mi_idx WHERE t.id=mc.movie_id AND t.id=mi_idx.movie_id AND t.production_year>2011 AND mc.company_id<4155;"}
{"planinfo": {"Plan": {"Node Type": "Aggregate", "Strategy": "Plain", "Partial Mode": "Simple", "Parallel Aware": false, "Startup Cost": 2670.4, "Total Cost": 2670.41, "Plan Rows": 1, "Plan Width": 8, "Actual Startup Time": 56.298, "Actual Total Time": 56.3, "Actual Rows": 1, "Actual Loops": 1, "Output": ["count(*)"], "Shared Hit Blocks": 8230, "Shared Read Blocks": 526, "Shared Dirtied Blocks": 0, "Shared Written Blocks": 0, "Local Hit Blocks": 0, "Local Read Blocks": 0, "Local Dirtied Blocks": 0, "Local Written Blocks": 0, "Temp Read Blocks": 0, "Temp Written Blocks": 0, "I/O Read Time": 46.775, "I/O Write Time": 0.0, "Plans": [{"Node Type": "Nested Loop", "Parent Relationship": "Outer", "Parallel Aware": false, "Join Type": "Inner", "Startup Cost": 1.73, "Total Cost": 2669.19, "Plan Rows": 486, "Plan Width": 0, "Actual Startup Time": 2.601, "Actual Total Time": 56.114, "Actual Rows": 1086, "Actual Loops": 1, "Inner Unique": false, "Join Filter": "(t.id = ci.movie_id)", "Rows Removed by Join Filter": 0, "Shared Hit Blocks": 8230, "Shared Read Blocks": 526, "Shared Dirtied Blocks": 0, "Shared Written Blocks": 0, "Local Hit Blocks": 0, "Local Read Blocks": 0, "Local Dirtied Blocks": 0, "Local Written Blocks": 0, "Temp Read Blocks": 0, "Temp Written Blocks": 0, "I/O Read Time": 46.775, "I/O Write Time": 0.0, "Plans": [{"Node Type": "Nested Loop", "Parent Relationship": "Outer", "Parallel Aware": false, "Join Type": "Inner", "Startup Cost": 1.29, "Total Cost": 2212.83, "Plan Rows": 254, "Plan Width": 12, "Actual Startup Time": 1.047, "Actual Total Time": 3.398, "Actual Rows": 76, "Actual Loops": 1, "Output": ["t.id", "mc.movie_id", "mk.movie_id"], "Inner Unique": false, "Shared Hit Blocks": 26, "Shared Read Blocks": 35, "Shared Dirtied Blocks": 0, "Shared Written Blocks": 0, "Local Hit Blocks": 0, "Local Read Blocks": 0, "Local Dirtied Blocks": 0, "Local Written Blocks": 0, "Temp Read Blocks": 0, "Temp Written Blocks": 0, "I/O Read Time": 3.168, "I/O Write Time": 0.0, "Plans": [{"Node Type": "Nested Loop", "Parent Relationship": "Outer", "Parallel Aware": false, "Join Type": "Inner", "Startup Cost": 0.86, "Total Cost": 2070.65, "Plan Rows": 246, "Plan Width": 8, "Actual Startup Time": 0.583, "Actual Total Time": 2.233, "Actual Rows": 8, "Actual Loops": 1, "Output": ["t.id", "mk.movie_id"], "Inner Unique": true, "Shared Hit Blocks": 13, "Shared Read Blocks": 23, "Shared Dirtied Blocks": 0, "Shared Written Blocks": 0, "Local Hit Blocks": 0, "Local Read Blocks": 0, "Local Dirtied Blocks": 0, "Local Written Blocks": 0, "Temp Read Blocks": 0, "Temp Written Blocks": 0, "I/O Read Time": 2.113, "I/O Write Time": 0.0, "Plans": [{"Node Type": "Index Scan", "Parent Relationship": "Outer", "Parallel Aware": false, "Scan Direction": "Forward", "Index Name": "keyword_id_movie_keyword", "Relation Name": "movie_keyword", "Schema": "public", "Alias": "mk", "Startup Cost": 0.43, "Total Cost": 988.56, "Plan Rows": 246, "Plan Width": 4, "Actual Startup Time": 0.381, "Actual Total Time": 1.039, "Actual Rows": 8, "Actual Loops": 1, "Output": ["mk.id", "mk.movie_id", "mk.keyword_id"], "Index Cond": "(mk.keyword_id = 53929)", "Rows Removed by Index Recheck": 0, "Shared Hit Blocks": 0, "Shared Read Blocks": 11, "Shared Dirtied Blocks": 0, "Shared Written Blocks": 0, "Local Hit Blocks": 0, "Local Read Blocks": 0, "Local Dirtied Blocks": 0, "Local Written Blocks": 0, "Temp Read Blocks": 0, "Temp Written Blocks": 0, "I/O Read Time": 0.998, "I/O Write Time": 0.0}, {"Node Type": "Index Only Scan", "Parent Relationship": "Inner", "Parallel Aware": false, "Scan Direction": "Forward", "Index Name": "title_pkey", "Relation Name": "title", "Schema": "public", "Alias": "t", "Startup Cost": 0.43, "Total Cost": 4.4, "Plan Rows": 1, "Plan Width": 4, "Actual Startup Time": 0.147, "Actual Total Time": 0.147, "Actual Rows": 1, "Actual Loops": 8, "Output": ["t.id"], "Index Cond": "(t.id = mk.movie_id)", "Rows Removed by Index Recheck": 0, "Heap Fetches": 0, "Shared Hit Blocks": 13, "Shared Read Blocks": 12, "Shared Dirtied Blocks": 0, "Shared Written Blocks": 0, "Local Hit Blocks": 0, "Local Read Blocks": 0, "Local Dirtied Blocks": 0, "Local Written Blocks": 0, "Temp Read Blocks": 0, "Temp Written Blocks": 0, "I/O Read Time": 1.114, "I/O Write Time": 0.0}]}, {"Node Type": "Index Only Scan", "Parent Relationship": "Inner", "Parallel Aware": false, "Scan Direction": "Forward", "Index Name": "movie_id_movie_companies", "Relation Name": "movie_companies", "Schema": "public", "Alias": "mc", "Startup Cost": 0.43, "Total Cost": 0.53, "Plan Rows": 5, "Plan Width": 4, "Actual Startup Time": 0.139, "Actual Total Time": 0.142, "Actual Rows": 10, "Actual Loops": 8, "Output": ["mc.movie_id"], "Index Cond": "(mc.movie_id = t.id)", "Rows Removed by Index Recheck": 0, "Heap Fetches": 0, "Shared Hit Blocks": 13, "Shared Read Blocks": 12, "Shared Dirtied Blocks": 0, "Shared Written Blocks": 0, "Local Hit Blocks": 0, "Local Read Blocks": 0, "Local Dirtied Blocks": 0, "Local Written Blocks": 0, "Temp Read Blocks": 0, "Temp Written Blocks": 0, "I/O Read Time": 1.056, "I/O Write Time": 0.0}]}, {"Node Type": "Index Scan", "Parent Relationship": "Inner", "Parallel Aware": false, "Scan Direction": "Forward", "Index Name": "movie_id_cast_info", "Relation Name": "cast_info", "Schema": "public", "Alias": "ci", "Startup Cost": 0.44, "Total Cost": 1.73, "Plan Rows": 5, "Plan Width": 4, "Actual Startup Time": 0.224, "Actual Total Time": 0.689, "Actual Rows": 14, "Actual Loops": 76, "Output": ["ci.id", "ci.person_id", "ci.movie_id", "ci.person_role_id", "ci.note", "ci.nr_order", "ci.role_id"], "Index Cond": "(ci.movie_id = mc.movie_id)", "Rows Removed by Index Recheck": 0, "Filter": "((ci.person_id > 1323513) AND (ci.role_id = 2))", "Rows Removed by Filter": 100, "Shared Hit Blocks": 8204, "Shared Read Blocks": 491, "Shared Dirtied Blocks": 0, "Shared Written Blocks": 0, "Local Hit Blocks": 0, "Local Read Blocks": 0, "Local Dirtied Blocks": 0, "Local Written Blocks": 0, "Temp Read Blocks": 0, "Temp Written Blocks": 0, "I/O Read Time": 43.607, "I/O Write Time": 0.0}]}]}, "Planning": {"Shared Hit Blocks": 336, "Shared Read Blocks": 52, "Shared Dirtied Blocks": 0, "Shared Written Blocks": 0, "Local Hit Blocks": 0, "Local Read Blocks": 0, "Local Dirtied Blocks": 0, "Local Written Blocks": 0, "Temp Read Blocks": 0, "Temp Written Blocks": 0, "I/O Read Time": 4.269, "I/O Write Time": 0.0}, "Planning Time": 7.056, "Triggers": [], "Execution Time": 56.438}, "template": "scale", "query": "EXPLAIN (ANALYZE, COSTS, BUFFERS, VERBOSE, FORMAT JSON) SELECT COUNT(*) FROM title t,movie_companies mc,cast_info ci,movie_keyword mk WHERE t.id=mc.movie_id AND t.id=ci.movie_id AND t.id=mk.movie_id AND ci.person_id>1323513 AND ci.role_id=2 AND mk.keyword_id=53929;"}
{"planinfo": {"Plan": {"Node Type": "Aggregate", "Strategy": "Plain", "Partial Mode": "Simple", "Parallel Aware": false, "Startup Cost": 284326.73, "Total Cost": 284326.74, "Plan Rows": 1, "Plan Width": 8, "Actual Startup Time": 6545.881, "Actual Total Time": 6545.882, "Actual Rows": 1, "Actual Loops": 1, "Output": ["count(*)"], "Shared Hit Blocks": 34082, "Shared Read Blocks": 22125, "Shared Dirtied Blocks": 0, "Shared Written Blocks": 0, "Local Hit Blocks": 0, "Local Read Blocks": 0, "Local Dirtied Blocks": 0, "Local Written Blocks": 0, "Temp Read Blocks": 0, "Temp Written Blocks": 0, "I/O Read Time": 218.49, "I/O Write Time": 0.0, "Plans": [{"Node Type": "Merge Join", "Parent Relationship": "Outer", "Parallel Aware": false, "Join Type": "Inner", "Startup Cost": 25.85, "Total Cost": 278153.96, "Plan Rows": 2469105, "Plan Width": 0, "Actual Startup Time": 0.08, "Actual Total Time": 5474.641, "Actual Rows": 10424626, "Actual Loops": 1, "Inner Unique": false, "Merge Cond": "(t.id = mk.movie_id)", "Shared Hit Blocks": 34082, "Shared Read Blocks": 22125, "Shared Dirtied Blocks": 0, "Shared Written Blocks": 0, "Local Hit Blocks": 0, "Local Read Blocks": 0, "Local Dirtied Blocks": 0, "Local Written Blocks": 0, "Temp Read Blocks": 0, "Temp Written Blocks": 0, "I/O Read Time": 218.49, "I/O Write Time": 0.0, "Plans": [{"Node Type": "Merge Join", "Parent Relationship": "Outer", "Parallel Aware": false, "Join Type": "Inner", "Startup Cost": 9.94, "Total Cost": 136246.74, "Plan Rows": 1380035, "Plan Width": 8, "Actual Startup Time": 0.051, "Actual Total Time": 1436.686, "Actual Rows": 1380035, "Actual Loops": 1, "Output": ["t.id", "mi_idx.movie_id"], "Inner Unique": false, "Merge Cond": "(t.id = mi_idx.movie_id)", "Shared Hit Blocks": 23446, "Shared Read Blocks": 13472, "Shared Dirtied Blocks": 0, "Shared Written Blocks": 0, "Local Hit Blocks": 0, "Local Read Blocks": 0, "Local Dirtied Blocks": 0, "Local Written Blocks": 0, "Temp Read Blocks": 0, "Temp Written Blocks": 0, "I/O Read Time": 170.676, "I/O Write Time": 0.0, "Plans": [{"Node Type": "Index Only Scan", "Parent Relationship": "Outer", "Parallel Aware": false, "Scan Direction": "Forward", "Index Name": "title_pkey", "Relation Name": "title", "Schema": "public", "Alias": "t", "Startup Cost": 0.43, "Total Cost": 73940.23, "Plan Rows": 2528520, "Plan Width": 4, "Actual Startup Time": 0.026, "Actual Total Time": 581.2, "Actual Rows": 2525794, "Actual Loops": 1, "Output": ["t.id"], "Heap Fetches": 0, "Shared Hit Blocks": 23441, "Shared Read Blocks": 8963, "Shared Dirtied Blocks": 0, "Shared Written Blocks": 0, "Local Hit Blocks": 0, "Local Read Blocks": 0, "Local Dirtied Blocks": 0, "Local Written Blocks": 0, "Temp Read Blocks": 0, "Temp Written Blocks": 0, "I/O Read Time": 145.547, "I/O Write Time": 0.0}, {"Node Type": "Index Only Scan", "Parent Relationship": "Inner", "Parallel Aware": false, "Scan Direction": "Forward", "Index Name": "movie_id_movie_info_idx", "Relation Name": "movie_info_idx", "Schema": "public", "Alias": "mi_idx", "Startup Cost": 0.43, "Total Cost": 38816.95, "Plan Rows": 1380035, "Plan Width": 4, "Actual Startup Time": 0.021, "Actual Total Time": 252.052, "Actual Rows": 1380035, "Actual Loops": 1, "Output": ["mi_idx.movie_id"], "Heap Fetches": 0, "Shared Hit Blocks": 5, "Shared Read Blocks": 4509, "Shared Dirtied Blocks": 0, "Shared Written Blocks": 0, "Local Hit Blocks": 0, "Local Read Blocks": 0, "Local Dirtied Blocks": 0, "Local Written Blocks": 0, "Temp Read Blocks": 0, "Temp Written Blocks": 0, "I/O Read Time": 25.129, "I/O Write Time": 0.0}]}, {"Node Type": "Index Only Scan", "Parent Relationship": "Inner", "Parallel Aware": false, "Scan Direction": "Forward", "Index Name": "movie_id_movie_keyword", "Relation Name": "movie_keyword", "Schema": "public", "Alias": "mk", "Startup Cost": 0.43, "Total Cost": 102607.38, "Plan Rows": 4523930, "Plan Width": 4, "Actual Startup Time": 0.028, "Actual Total Time": 1847.492, "Actual Rows": 11486759, "Actual Loops": 1, "Output": ["mk.movie_id"], "Heap Fetches": 0, "Shared Hit Blocks": 10636, "Shared Read Blocks": 8653, "Shared Dirtied Blocks": 0, "Shared Written Blocks": 0, "Local Hit Blocks": 0, "Local Read Blocks": 0, "Local Dirtied Blocks": 0, "Local Written Blocks": 0, "Temp Read Blocks": 0, "Temp Written Blocks": 0, "I/O Read Time": 47.814, "I/O Write Time": 0.0}]}]}, "Planning": {"Shared Hit Blocks": 180, "Shared Read Blocks": 36, "Shared Dirtied Blocks": 0, "Shared Written Blocks": 0, "Local Hit Blocks": 0, "Local Read Blocks": 0, "Local Dirtied Blocks": 0, "Local Written Blocks": 0, "Temp Read Blocks": 0, "Temp Written Blocks": 0, "I/O Read Time": 2.724, "I/O Write Time": 0.0}, "Planning Time": 4.358, "Triggers": [], "Execution Time": 6546.015}, "template": "scale", "query": "EXPLAIN (ANALYZE, COSTS, BUFFERS, VERBOSE, FORMAT JSON) SELECT COUNT(*) FROM title t,movie_info_idx mi_idx,movie_keyword mk WHERE t.id=mi_idx.movie_id AND t.id=mk.movie_id;"}
{"planinfo": {"Plan": {"Node Type": "Aggregate", "Strategy": "Plain", "Partial Mode": "Simple", "Parallel Aware": false, "Startup Cost": 79024.04, "Total Cost": 79024.05, "Plan Rows": 1, "Plan Width": 8, "Actual Startup Time": 650.525, "Actual Total Time": 650.527, "Actual Rows": 1, "Actual Loops": 1, "Output": ["count(*)"], "Shared Hit Blocks": 2318, "Shared Read Blocks": 36834, "Shared Dirtied Blocks": 0, "Shared Written Blocks": 0, "Local Hit Blocks": 0, "Local Read Blocks": 0, "Local Dirtied Blocks": 0, "Local Written Blocks": 0, "Temp Read Blocks": 0, "Temp Written Blocks": 0, "I/O Read Time": 190.119, "I/O Write Time": 0.0, "Plans": [{"Node Type": "Nested Loop", "Parent Relationship": "Outer", "Parallel Aware": false, "Join Type": "Inner", "Startup Cost": 0.86, "Total Cost": 79023.84, "Plan Rows": 78, "Plan Width": 0, "Actual Startup Time": 8.579, "Actual Total Time": 650.362, "Actual Rows": 866, "Actual Loops": 1, "Inner Unique": false, "Join Filter": "(t.id = mc.movie_id)", "Rows Removed by Join Filter": 0, "Shared Hit Blocks": 2318, "Shared Read Blocks": 36834, "Shared Dirtied Blocks": 0, "Shared Written Blocks": 0, "Local Hit Blocks": 0, "Local Read Blocks": 0, "Local Dirtied Blocks": 0, "Local Written Blocks": 0, "Temp Read Blocks": 0, "Temp Written Blocks": 0, "I/O Read Time": 190.119, "I/O Write Time": 0.0, "Plans": [{"Node Type": "Nested Loop", "Parent Relationship": "Outer", "Parallel Aware": false, "Join Type": "Inner", "Startup Cost": 0.43, "Total Cost": 78796.26, "Plan Rows": 373, "Plan Width": 8, "Actual Startup Time": 8.368, "Actual Total Time": 624.802, "Actual Rows": 249, "Actual Loops": 1, "Output": ["t.id", "mk.movie_id"], "Inner Unique": false, "Shared Hit Blocks": 1319, "Shared Read Blocks": 36622, "Shared Dirtied Blocks": 0, "Shared Written Blocks": 0, "Local Hit Blocks": 0, "Local Read Blocks": 0, "Local Dirtied Blocks": 0, "Local Written Blocks": 0, "Temp Read Blocks": 0, "Temp Written Blocks": 0, "I/O Read Time": 166.911, "I/O Write Time": 0.0, "Plans": [{"Node Type": "Seq Scan", "Parent Relationship": "Outer", "Parallel Aware": false, "Relation Name": "title", "Schema": "public", "Alias": "t", "Startup Cost": 0.0, "Total Cost": 73925.8, "Plan Rows": 512, "Plan Width": 4, "Actual Startup Time": 1.106, "Actual Total Time": 518.974, "Actual Rows": 556, "Actual Loops": 1, "Output": ["t.id", "t.title", "t.imdb_index", "t.kind_id", "t.production_year", "t.imdb_id", "t.phonetic_code", "t.episode_of_id", "t.season_nr", "t.episode_nr", "t.series_years", "t.md5sum"], "Filter": "((t.kind_id = 2) AND (t.production_year = 1971))", "Rows Removed by Filter": 2527756, "Shared Hit Blocks": 0, "Shared Read Blocks": 35998, "Shared Dirtied Blocks": 0, "Shared Written Blocks": 0, "Local Hit Blocks": 0, "Local Read Blocks": 0, "Local Dirtied Blocks": 0, "Local Written Blocks": 0, "Temp Read Blocks": 0, "Temp Written Blocks": 0, "I/O Read Time": 66.216, "I/O Write Time": 0.0}, {"Node Type": "Index Scan", "Parent Relationship": "Inner", "Parallel Aware": false, "Scan Direction": "Forward", "Index Name": "movie_id_movie_keyword", "Relation Name": "movie_keyword", "Schema": "public", "Alias": "mk", "Startup Cost": 0.43, "Total Cost": 9.32, "Plan Rows": 19, "Plan Width": 4, "Actual Startup Time": 0.188, "Actual Total Time": 0.189, "Actual Rows": 0, "Actual Loops": 556, "Output": ["mk.id", "mk.movie_id", "mk.keyword_id"], "Index Cond": "(mk.movie_id = t.id)", "Rows Removed by Index Recheck": 0, "Filter": "(mk.keyword_id > 7473)", "Rows Removed by Filter": 2, "Shared Hit Blocks": 1319, "Shared Read Blocks": 624, "Shared Dirtied Blocks": 0, "Shared Written Blocks": 0, "Local Hit Blocks": 0, "Local Read Blocks": 0, "Local Dirtied Blocks": 0, "Local Written Blocks": 0, "Temp Read Blocks": 0, "Temp Written Blocks": 0, "I/O Read Time": 100.695, "I/O Write Time": 0.0}]}, {"Node Type": "Index Scan", "Parent Relationship": "Inner", "Parallel Aware": false, "Scan Direction": "Forward", "Index Name": "movie_id_movie_companies", "Relation Name": "movie_companies", "Schema": "public", "Alias": "mc", "Startup Cost": 0.43, "Total Cost": 0.6, "Plan Rows": 1, "Plan Width": 4, "Actual Startup Time": 0.076, "Actual Total Time": 0.101, "Actual Rows": 3, "Actual Loops": 249, "Output": ["mc.id", "mc.movie_id", "mc.company_id", "mc.company_type_id", "mc.note"], "Index Cond": "(mc.movie_id = mk.movie_id)", "Rows Removed by Index Recheck": 0, "Filter": "((mc.company_id < 7851) AND (mc.company_type_id = 1))", "Rows Removed by Filter": 2, "Shared Hit Blocks": 999, "Shared Read Blocks": 212, "Shared Dirtied Blocks": 0, "Shared Written Blocks": 0, "Local Hit Blocks": 0, "Local Read Blocks": 0, "Local Dirtied Blocks": 0, "Local Written Blocks": 0, "Temp Read Blocks": 0, "Temp Written Blocks": 0, "I/O Read Time": 23.208, "I/O Write Time": 0.0}]}]}, "Planning": {"Shared Hit Blocks": 204, "Shared Read Blocks": 39, "Shared Dirtied Blocks": 0, "Shared Written Blocks": 0, "Local Hit Blocks": 0, "Local Read Blocks": 0, "Local Dirtied Blocks": 0, "Local Written Blocks": 0, "Temp Read Blocks": 0, "Temp Written Blocks": 0, "I/O Read Time": 2.972, "I/O Write Time": 0.0}, "Planning Time": 4.678, "Triggers": [], "Execution Time": 650.63}, "template": "scale", "query": "EXPLAIN (ANALYZE, COSTS, BUFFERS, VERBOSE, FORMAT JSON) SELECT COUNT(*) FROM title t,movie_companies mc,movie_keyword mk WHERE t.id=mc.movie_id AND t.id=mk.movie_id AND t.kind_id=2 AND t.production_year=1971 AND mc.company_id<7851 AND mc.company_type_id=1 AND mk.keyword_id>7473;"}
{"planinfo": {"Plan": {"Node Type": "Aggregate", "Strategy": "Plain", "Partial Mode": "Simple", "Parallel Aware": false, "Startup Cost": 1216152.53, "Total Cost": 1216152.54, "Plan Rows": 1, "Plan Width": 8, "Actual Startup Time": 33466.603, "Actual Total Time": 33466.604, "Actual Rows": 1, "Actual Loops": 1, "Output": ["count(*)"], "Shared Hit Blocks": 16783237, "Shared Read Blocks": 61759, "Shared Dirtied Blocks": 0, "Shared Written Blocks": 0, "Local Hit Blocks": 0, "Local Read Blocks": 0, "Local Dirtied Blocks": 0, "Local Written Blocks": 0, "Temp Read Blocks": 0, "Temp Written Blocks": 0, "I/O Read Time": 2311.157, "I/O Write Time": 0.0, "Plans": [{"Node Type": "Merge Join", "Parent Relationship": "Outer", "Parallel Aware": false, "Join Type": "Inner", "Startup Cost": 116.2, "Total Cost": 1166630.6, "Plan Rows": 19808769, "Plan Width": 0, "Actual Startup Time": 0.175, "Actual Total Time": 28925.545, "Actual Rows": 40911741, "Actual Loops": 1, "Inner Unique": false, "Merge Cond": "(t.id = ci.movie_id)", "Shared Hit Blocks": 16783237, "Shared Read Blocks": 61759, "Shared Dirtied Blocks": 0, "Shared Written Blocks": 0, "Local Hit Blocks": 0, "Local Read Blocks": 0, "Local Dirtied Blocks": 0, "Local Written Blocks": 0, "Temp Read Blocks": 0, "Temp Written Blocks": 0, "I/O Read Time": 2311.157, "I/O Write Time": 0.0, "Plans": [{"Node Type": "Merge Join", "Parent Relationship": "Outer", "Parallel Aware": false, "Join Type": "Inner", "Startup Cost": 9.94, "Total Cost": 136246.74, "Plan Rows": 1380035, "Plan Width": 8, "Actual Startup Time": 0.049, "Actual Total Time": 1431.377, "Actual Rows": 1380035, "Actual Loops": 1, "Output": ["t.id", "mi_idx.movie_id"], "Inner Unique": false, "Merge Cond": "(t.id = mi_idx.movie_id)", "Shared Hit Blocks": 23446, "Shared Read Blocks": 13472, "Shared Dirtied Blocks": 0, "Shared Written Blocks": 0, "Local Hit Blocks": 0, "Local Read Blocks": 0, "Local Dirtied Blocks": 0, "Local Written Blocks": 0, "Temp Read Blocks": 0, "Temp Written Blocks": 0, "I/O Read Time": 167.013, "I/O Write Time": 0.0, "Plans": [{"Node Type": "Index Only Scan", "Parent Relationship": "Outer", "Parallel Aware": false, "Scan Direction": "Forward", "Index Name": "title_pkey", "Relation Name": "title", "Schema": "public", "Alias": "t", "Startup Cost": 0.43, "Total Cost": 73940.23, "Plan Rows": 2528520, "Plan Width": 4, "Actual Startup Time": 0.021, "Actual Total Time": 537.407, "Actual Rows": 2525794, "Actual Loops": 1, "Output": ["t.id"], "Heap Fetches": 0, "Shared Hit Blocks": 23441, "Shared Read Blocks": 8963, "Shared Dirtied Blocks": 0, "Shared Written Blocks": 0, "Local Hit Blocks": 0, "Local Read Blocks": 0, "Local Dirtied Blocks": 0, "Local Written Blocks": 0, "Temp Read Blocks": 0, "Temp Written Blocks": 0, "I/O Read Time": 141.173, "I/O Write Time": 0.0}, {"Node Type": "Index Only Scan", "Parent Relationship": "Inner", "Parallel Aware": false, "Scan Direction": "Forward", "Index Name": "movie_id_movie_info_idx", "Relation Name": "movie_info_idx", "Schema": "public", "Alias": "mi_idx", "Startup Cost": 0.43, "Total Cost": 38816.95, "Plan Rows": 1380035, "Plan Width": 4, "Actual Startup Time": 0.023, "Actual Total Time": 257.813, "Actual Rows": 1380035, "Actual Loops": 1, "Output": ["mi_idx.movie_id"], "Heap Fetches": 0, "Shared Hit Blocks": 5, "Shared Read Blocks": 4509, "Shared Dirtied Blocks": 0, "Shared Written Blocks": 0, "Local Hit Blocks": 0, "Local Read Blocks": 0, "Local Dirtied Blocks": 0, "Local Written Blocks": 0, "Temp Read Blocks": 0, "Temp Written Blocks": 0, "I/O Read Time": 25.84, "I/O Write Time": 0.0}]}, {"Node Type": "Index Only Scan", "Parent Relationship": "Inner", "Parallel Aware": false, "Scan Direction": "Forward", "Index Name": "movie_id_cast_info", "Relation Name": "cast_info", "Schema": "public", "Alias": "ci", "Startup Cost": 0.44, "Total Cost": 738245.12, "Plan Rows": 36293912, "Plan Width": 4, "Actual Startup Time": 0.033, "Actual Total Time": 17477.869, "Actual Rows": 63528532, "Actual Loops": 1, "Output": ["ci.movie_id"], "Heap Fetches": 0, "Shared Hit Blocks": 16759791, "Shared Read Blocks": 48287, "Shared Dirtied Blocks": 0, "Shared Written Blocks": 0, "Local Hit Blocks": 0, "Local Read Blocks": 0, "Local Dirtied Blocks": 0, "Local Written Blocks": 0, "Temp Read Blocks": 0, "Temp Written Blocks": 0, "I/O Read Time": 2144.144, "I/O Write Time": 0.0}]}]}, "Planning": {"Shared Hit Blocks": 200, "Shared Read Blocks": 41, "Shared Dirtied Blocks": 0, "Shared Written Blocks": 0, "Local Hit Blocks": 0, "Local Read Blocks": 0, "Local Dirtied Blocks": 0, "Local Written Blocks": 0, "Temp Read Blocks": 0, "Temp Written Blocks": 0, "I/O Read Time": 3.088, "I/O Write Time": 0.0}, "Planning Time": 4.701, "Triggers": [], "Execution Time": 33466.712}, "template": "scale", "query": "EXPLAIN (ANALYZE, COSTS, BUFFERS, VERBOSE, FORMAT JSON) SELECT COUNT(*) FROM title t,cast_info ci,movie_info_idx mi_idx WHERE t.id=ci.movie_id AND t.id=mi_idx.movie_id;"}
{"planinfo": {"Plan": {"Node Type": "Aggregate", "Strategy": "Plain", "Partial Mode": "Simple", "Parallel Aware": false, "Startup Cost": 727763.65, "Total Cost": 727763.66, "Plan Rows": 1, "Plan Width": 8, "Actual Startup Time": 12120.192, "Actual Total Time": 12120.2, "Actual Rows": 1, "Actual Loops": 1, "Output": ["count(*)"], "Shared Hit Blocks": 3, "Shared Read Blocks": 242556, "Shared Dirtied Blocks": 0, "Shared Written Blocks": 0, "Local Hit Blocks": 0, "Local Read Blocks": 0, "Local Dirtied Blocks": 0, "Local Written Blocks": 0, "Temp Read Blocks": 35586, "Temp Written Blocks": 35586, "I/O Read Time": 591.246, "I/O Write Time": 0.0, "Plans": [{"Node Type": "Hash Join", "Parent Relationship": "Outer", "Parallel Aware": false, "Join Type": "Inner", "Startup Cost": 596212.77, "Total Cost": 726196.28, "Plan Rows": 626947, "Plan Width": 0, "Actual Startup Time": 7979.975, "Actual Total Time": 11674.479, "Actual Rows": 4495017, "Actual Loops": 1, "Inner Unique": false, "Hash Cond": "(mk.movie_id = t.id)", "Shared Hit Blocks": 3, "Shared Read Blocks": 242556, "Shared Dirtied Blocks": 0, "Shared Written Blocks": 0, "Local Hit Blocks": 0, "Local Read Blocks": 0, "Local Dirtied Blocks": 0, "Local Written Blocks": 0, "Temp Read Blocks": 35586, "Temp Written Blocks": 35586, "I/O Read Time": 591.246, "I/O Write Time": 0.0, "Plans": [{"Node Type": "Seq Scan", "Parent Relationship": "Outer", "Parallel Aware": false, "Relation Name": "movie_keyword", "Schema": "public", "Alias": "mk", "Startup Cost": 0.0, "Total Cost": 69693.3, "Plan Rows": 4523930, "Plan Width": 4, "Actual Startup Time": 0.126, "Actual Total Time": 965.895, "Actual Rows": 4523930, "Actual Loops": 1, "Output": ["mk.movie_id"], "Shared Hit Blocks": 0, "Shared Read Blocks": 24454, "Shared Dirtied Blocks": 0, "Shared Written Blocks": 0, "Local Hit Blocks": 0, "Local Read Blocks": 0, "Local Dirtied Blocks": 0, "Local Written Blocks": 0, "Temp Read Blocks": 0, "Temp Written Blocks": 0, "I/O Read Time": 122.495, "I/O Write Time": 0.0}, {"Node Type": "Hash", "Parent Relationship": "Inner", "Parallel Aware": false, "Startup Cost": 590120.6, "Total Cost": 590120.6, "Plan Rows": 350414, "Plan Width": 16, "Actual Startup Time": 7977.116, "Actual Total Time": 7977.123, "Actual Rows": 730560, "Actual Loops": 1, "Output": ["t.id", "mc.movie_id", "mi.movie_id", "mi_idx.movie_id"], "Hash Buckets": 131072, "Original Hash Buckets": 131072, "Hash Batches": 16, "Original Hash Batches": 8, "Peak Memory Usage": 3096, "Shared Hit Blocks": 0, "Shared Read Blocks": 218102, "Shared Dirtied Blocks": 0, "Shared Written Blocks": 0, "Local Hit Blocks": 0, "Local Read Blocks": 0, "Local Dirtied Blocks": 0, "Local Written Blocks": 0, "Temp Read Blocks": 20146, "Temp Written Blocks": 23155, "I/O Read Time": 468.751, "I/O Write Time": 0.0, "Plans": [{"Node Type": "Hash Join", "Parent Relationship": "Outer", "Parallel Aware": false, "Join Type": "Inner", "Startup Cost": 212669.43, "Total Cost": 590120.6, "Plan Rows": 350414, "Plan Width": 16, "Actual Startup Time": 4073.259, "Actual Total Time": 7722.163, "Actual Rows": 730560, "Actual Loops": 1, "Output": ["t.id", "mc.movie_id", "mi.movie_id", "mi_idx.movie_id"], "Inner Unique": false, "Hash Cond": "(mi.movie_id = t.id)", "Shared Hit Blocks": 0, "Shared Read Blocks": 218102, "Shared Dirtied Blocks": 0, "Shared Written Blocks": 0, "Local Hit Blocks": 0, "Local Read Blocks": 0, "Local Dirtied Blocks": 0, "Local Written Blocks": 0, "Temp Read Blocks": 20146, "Temp Written Blocks": 20146, "I/O Read Time": 468.751, "I/O Write Time": 0.0, "Plans": [{"Node Type": "Seq Scan", "Parent Relationship": "Outer", "Parallel Aware": false, "Relation Name": "movie_info", "Schema": "public", "Alias": "mi", "Startup Cost": 0.0, "Total Cost": 347223.62, "Plan Rows": 2135840, "Plan Width": 4, "Actual Startup Time": 289.184, "Actual Total Time": 2857.963, "Actual Rows": 2091068, "Actual Loops": 1, "Output": ["mi.movie_id"], "Filter": "(mi.info_type_id < 3)", "Rows Removed by Filter": 12744652, "Shared Hit Blocks": 0, "Shared Read Blocks": 161993, "Shared Dirtied Blocks": 0, "Shared Written Blocks": 0, "Local Hit Blocks": 0, "Local Read Blocks": 0, "Local Dirtied Blocks": 0, "Local Written Blocks": 0, "Temp Read Blocks": 0, "Temp Written Blocks": 0, "I/O Read Time": 304.53, "I/O Write Time": 0.0}, {"Node Type": "Hash", "Parent Relationship": "Inner", "Parallel Aware": false, "Startup Cost": 205457.96, "Total Cost": 205457.96, "Plan Rows": 414838, "Plan Width": 12, "Actual Startup Time": 3783.276, "Actual Total Time": 3783.281, "Actual Rows": 458721, "Actual Loops": 1, "Output": ["t.id", "mc.movie_id", "mi_idx.movie_id"], "Hash Buckets": 131072, "Original Hash Buckets": 131072, "Hash Batches": 8, "Original Hash Batches": 8, "Peak Memory Usage": 3444, "Shared Hit Blocks": 0, "Shared Read Blocks": 56109, "Shared Dirtied Blocks": 0, "Shared Written Blocks": 0, "Local Hit Blocks": 0, "Local Read Blocks": 0, "Local Dirtied Blocks": 0, "Local Written Blocks": 0, "Temp Read Blocks": 13208, "Temp Written Blocks": 14776, "I/O Read Time": 164.221, "I/O Write Time": 0.0, "Plans": [{"Node Type": "Hash Join", "Parent Relationship": "Outer", "Parallel Aware": false, "Join Type": "Inner", "Startup Cost": 148329.56, "Total Cost": 205457.96, "Plan Rows": 414838, "Plan Width": 12, "Actual Startup Time": 2416.3, "Actual Total Time": 3634.514, "Actual Rows": 458721, "Actual Loops": 1, "Output": ["t.id", "mc.movie_id", "mi_idx.movie_id"], "Inner Unique": false, "Hash Cond": "(mc.movie_id = t.id)", "Shared Hit Blocks": 0, "Shared Read Blocks": 56109, "Shared Dirtied Blocks": 0, "Shared Written Blocks": 0, "Local Hit Blocks": 0, "Local Read Blocks": 0, "Local Dirtied Blocks": 0, "Local Written Blocks": 0, "Temp Read Blocks": 13208, "Temp Written Blocks": 13208, "I/O Read Time": 164.221, "I/O Write Time": 0.0, "Plans": [{"Node Type": "Index Scan", "Parent Relationship": "Outer", "Parallel Aware": false, "Scan Direction": "Forward", "Index Name": "company_type_id_movie_companies", "Relation Name": "movie_companies", "Schema": "public", "Alias": "mc", "Startup Cost": 0.43, "Total Cost": 35143.45, "Plan Rows": 1261601, "Plan Width": 4, "Actual Startup Time": 2.332, "Actual Total Time": 509.633, "Actual Rows": 1274246, "Actual Loops": 1, "Output": ["mc.movie_id"], "Index Cond": "(mc.company_type_id < 2)", "Rows Removed by Index Recheck": 0, "Shared Hit Blocks": 0, "Shared Read Blocks": 12176, "Shared Dirtied Blocks": 0, "Shared Written Blocks": 0, "Local Hit Blocks": 0, "Local Read Blocks": 0, "Local Dirtied Blocks": 0, "Local Written Blocks": 0, "Temp Read Blocks": 0, "Temp Written Blocks": 0, "I/O Read Time": 63.127, "I/O Write Time": 0.0}, {"Node Type": "Hash", "Parent Relationship": "Inner", "Parallel Aware": false, "Startup Cost": 134688.32, "Total Cost": 134688.32, "Plan Rows": 831425, "Plan Width": 8, "Actual Startup Time": 2412.15, "Actual Total Time": 2412.153, "Actual Rows": 425718, "Actual Loops": 1, "Output": ["t.id", "mi_idx.movie_id"], "Hash Buckets": 131072, "Original Hash Buckets": 131072, "Hash Batches": 16, "Original Hash Batches": 16, "Peak Memory Usage": 2062, "Shared Hit Blocks": 0, "Shared Read Blocks": 43933, "Shared Dirtied Blocks": 0, "Shared Written Blocks": 0, "Local Hit Blocks": 0, "Local Read Blocks": 0, "Local Dirtied Blocks": 0, "Local Written Blocks": 0, "Temp Read Blocks": 8327, "Temp Written Blocks": 9684, "I/O Read Time": 101.094, "I/O Write Time": 0.0, "Plans": [{"Node Type": "Hash Join", "Parent Relationship": "Outer", "Parallel Aware": false, "Join Type": "Inner", "Startup Cost": 92597.36, "Total Cost": 134688.32, "Plan Rows": 831425, "Plan Width": 8, "Actual Startup Time": 1103.965, "Actual Total Time": 2282.44, "Actual Rows": 425718, "Actual Loops": 1, "Output": ["t.id", "mi_idx.movie_id"], "Inner Unique": true, "Hash Cond": "(mi_idx.movie_id = t.id)", "Shared Hit Blocks": 0, "Shared Read Blocks": 43933, "Shared Dirtied Blocks": 0, "Shared Written Blocks": 0, "Local Hit Blocks": 0, "Local Read Blocks": 0, "Local Dirtied Blocks": 0, "Local Written Blocks": 0, "Temp Read Blocks": 8327, "Temp Written Blocks": 8327, "I/O Read Time": 101.094, "I/O Write Time": 0.0, "Plans": [{"Node Type": "Seq Scan", "Parent Relationship": "Outer", "Parallel Aware": false, "Relation Name": "movie_info_idx", "Schema": "public", "Alias": "mi_idx", "Startup Cost": 0.0, "Total Cost": 21735.35, "Plan Rows": 1380035, "Plan Width": 4, "Actual Startup Time": 0.127, "Actual Total Time": 303.763, "Actual Rows": 1380035, "Actual Loops": 1, "Output": ["mi_idx.movie_id"], "Shared Hit Blocks": 0, "Shared Read Blocks": 7935, "Shared Dirtied Blocks": 0, "Shared Written Blocks": 0, "Local Hit Blocks": 0, "Local Read Blocks": 0, "Local Dirtied Blocks": 0, "Local Written Blocks": 0, "Temp Read Blocks": 0, "Temp Written Blocks": 0, "I/O Read Time": 40.646, "I/O Write Time": 0.0}, {"Node Type": "Hash", "Parent Relationship": "Inner", "Parallel Aware": false, "Startup Cost": 67604.5, "Total Cost": 67604.5, "Plan Rows": 1523349, "Plan Width": 4, "Actual Startup Time": 1102.236, "Actual Total Time": 1102.237, "Actual Rows": 1543264, "Actual Loops": 1, "Output": ["t.id"], "Hash Buckets": 131072, "Original Hash Buckets": 131072, "Hash Batches": 32, "Original Hash Batches": 32, "Peak Memory Usage": 2722, "Shared Hit Blocks": 0, "Shared Read Blocks": 35998, "Shared Dirtied Blocks": 0, "Shared Written Blocks": 0, "Local Hit Blocks": 0, "Local Read Blocks": 0, "Local Dirtied Blocks": 0, "Local Written Blocks": 0, "Temp Read Blocks": 0, "Temp Written Blocks": 4365, "I/O Read Time": 60.448, "I/O Write Time": 0.0, "Plans": [{"Node Type": "Seq Scan", "Parent Relationship": "Outer", "Parallel Aware": false, "Relation Name": "title", "Schema": "public", "Alias": "t", "Startup Cost": 0.0, "Total Cost": 67604.5, "Plan Rows": 1523349, "Plan Width": 4, "Actual Startup Time": 0.135, "Actual Total Time": 635.082, "Actual Rows": 1543264, "Actual Loops": 1, "Output": ["t.id"], "Filter": "(t.kind_id = 7)", "Rows Removed by Filter": 985048, "Shared Hit Blocks": 0, "Shared Read Blocks": 35998, "Shared Dirtied Blocks": 0, "Shared Written Blocks": 0, "Local Hit Blocks": 0, "Local Read Blocks": 0, "Local Dirtied Blocks": 0, "Local Written Blocks": 0, "Temp Read Blocks": 0, "Temp Written Blocks": 0, "I/O Read Time": 60.448, "I/O Write Time": 0.0}]}]}]}]}]}]}]}]}]}, "Planning": {"Shared Hit Blocks": 458, "Shared Read Blocks": 63, "Shared Dirtied Blocks": 0, "Shared Written Blocks": 0, "Local Hit Blocks": 0, "Local Read Blocks": 0, "Local Dirtied Blocks": 0, "Local Written Blocks": 0, "Temp Read Blocks": 0, "Temp Written Blocks": 0, "I/O Read Time": 4.709, "I/O Write Time": 0.0}, "Planning Time": 9.045, "Triggers": [], "Execution Time": 12121.223}, "template": "scale", "query": "EXPLAIN (ANALYZE, COSTS, BUFFERS, VERBOSE, FORMAT JSON) SELECT COUNT(*) FROM title t,movie_companies mc,movie_info mi,movie_info_idx mi_idx,movie_keyword mk WHERE t.id=mc.movie_id AND t.id=mi.movie_id AND t.id=mi_idx.movie_id AND t.id=mk.movie_id AND t.kind_id=7 AND mc.company_type_id<2 AND mi.info_type_id<3;"}
{"planinfo": {"Plan": {"Node Type": "Aggregate", "Strategy": "Plain", "Partial Mode": "Simple", "Parallel Aware": false, "Startup Cost": 855093.54, "Total Cost": 855093.55, "Plan Rows": 1, "Plan Width": 8, "Actual Startup Time": 9207.829, "Actual Total Time": 9207.832, "Actual Rows": 1, "Actual Loops": 1, "Output": ["count(*)"], "Shared Hit Blocks": 208915, "Shared Read Blocks": 120354, "Shared Dirtied Blocks": 0, "Shared Written Blocks": 0, "Local Hit Blocks": 0, "Local Read Blocks": 0, "Local Dirtied Blocks": 0, "Local Written Blocks": 0, "Temp Read Blocks": 23528, "Temp Written Blocks": 23528, "I/O Read Time": 1293.671, "I/O Write Time": 0.0, "Plans": [{"Node Type": "Hash Join", "Parent Relationship": "Outer", "Parallel Aware": false, "Join Type": "Inner", "Startup Cost": 102768.14, "Total Cost": 841041.75, "Plan Rows": 5620716, "Plan Width": 0, "Actual Startup Time": 1304.776, "Actual Total Time": 8642.18, "Actual Rows": 5605668, "Actual Loops": 1, "Inner Unique": true, "Hash Cond": "(ci.movie_id = t.id)", "Shared Hit Blocks": 208915, "Shared Read Blocks": 120354, "Shared Dirtied Blocks": 0, "Shared Written Blocks": 0, "Local Hit Blocks": 0, "Local Read Blocks": 0, "Local Dirtied Blocks": 0, "Local Written Blocks": 0, "Temp Read Blocks": 23528, "Temp Written Blocks": 23528, "I/O Read Time": 1293.671, "I/O Write Time": 0.0, "Plans": [{"Node Type": "Index Scan", "Parent Relationship": "Outer", "Parallel Aware": false, "Scan Direction": "Forward", "Index Name": "person_id_cast_info", "Relation Name": "cast_info", "Schema": "public", "Alias": "ci", "Startup Cost": 0.44, "Total Cost": 669729.65, "Plan Rows": 5620716, "Plan Width": 4, "Actual Startup Time": 0.463, "Actual Total Time": 3513.308, "Actual Rows": 5605668, "Actual Loops": 1, "Output": ["ci.movie_id"], "Index Cond": "(ci.person_id > 3091529)", "Rows Removed by Index Recheck": 0, "Shared Hit Blocks": 208912, "Shared Read Blocks": 84356, "Shared Dirtied Blocks": 0, "Shared Written Blocks": 0, "Local Hit Blocks": 0, "Local Read Blocks": 0, "Local Dirtied Blocks": 0, "Local Written Blocks": 0, "Temp Read Blocks": 0, "Temp Written Blocks": 0, "I/O Read Time": 1233.339, "I/O Write Time": 0.0}, {"Node Type": "Hash", "Parent Relationship": "Inner", "Parallel Aware": false, "Startup Cost": 61283.2, "Total Cost": 61283.2, "Plan Rows": 2528520, "Plan Width": 4, "Actual Startup Time": 1301.293, "Actual Total Time": 1301.294, "Actual Rows": 2528312, "Actual Loops": 1, "Output": ["t.id"], "Hash Buckets": 131072, "Original Hash Buckets": 131072, "Hash Batches": 64, "Original Hash Batches": 64, "Peak Memory Usage": 2415, "Shared Hit Blocks": 0, "Shared Read Blocks": 35998, "Shared Dirtied Blocks": 0, "Shared Written Blocks": 0, "Local Hit Blocks": 0, "Local Read Blocks": 0, "Local Dirtied Blocks": 0, "Local Written Blocks": 0, "Temp Read Blocks": 0, "Temp Written Blocks": 7262, "I/O Read Time": 60.332, "I/O Write Time": 0.0, "Plans": [{"Node Type": "Seq Scan", "Parent Relationship": "Outer", "Parallel Aware": false, "Relation Name": "title", "Schema": "public", "Alias": "t", "Startup Cost": 0.0, "Total Cost": 61283.2, "Plan Rows": 2528520, "Plan Width": 4, "Actual Startup Time": 0.147, "Actual Total Time": 554.608, "Actual Rows": 2528312, "Actual Loops": 1, "Output": ["t.id"], "Shared Hit Blocks": 0, "Shared Read Blocks": 35998, "Shared Dirtied Blocks": 0, "Shared Written Blocks": 0, "Local Hit Blocks": 0, "Local Read Blocks": 0, "Local Dirtied Blocks": 0, "Local Written Blocks": 0, "Temp Read Blocks": 0, "Temp Written Blocks": 0, "I/O Read Time": 60.332, "I/O Write Time": 0.0}]}]}]}, "Planning": {"Shared Hit Blocks": 125, "Shared Read Blocks": 30, "Shared Dirtied Blocks": 0, "Shared Written Blocks": 0, "Local Hit Blocks": 0, "Local Read Blocks": 0, "Local Dirtied Blocks": 0, "Local Written Blocks": 0, "Temp Read Blocks": 0, "Temp Written Blocks": 0, "I/O Read Time": 2.3, "I/O Write Time": 0.0}, "Planning Time": 3.427, "Triggers": [], "Execution Time": 9208.01}, "template": "scale", "query": "EXPLAIN (ANALYZE, COSTS, BUFFERS, VERBOSE, FORMAT JSON) SELECT COUNT(*) FROM title t,cast_info ci WHERE t.id=ci.movie_id AND ci.person_id>3091529;"}
{"planinfo": {"Plan": {"Node Type": "Aggregate", "Strategy": "Plain", "Partial Mode": "Simple", "Parallel Aware": false, "Startup Cost": 29433.44, "Total Cost": 29433.45, "Plan Rows": 1, "Plan Width": 8, "Actual Startup Time": 265.249, "Actual Total Time": 265.251, "Actual Rows": 1, "Actual Loops": 1, "Output": ["count(*)"], "Shared Hit Blocks": 16141, "Shared Read Blocks": 3029, "Shared Dirtied Blocks": 0, "Shared Written Blocks": 0, "Local Hit Blocks": 0, "Local Read Blocks": 0, "Local Dirtied Blocks": 0, "Local Written Blocks": 0, "Temp Read Blocks": 0, "Temp Written Blocks": 0, "I/O Read Time": 197.206, "I/O Write Time": 0.0, "Plans": [{"Node Type": "Nested Loop", "Parent Relationship": "Outer", "Parallel Aware": false, "Join Type": "Inner", "Startup Cost": 1.29, "Total Cost": 29416.71, "Plan Rows": 6691, "Plan Width": 0, "Actual Startup Time": 0.582, "Actual Total Time": 254.748, "Actual Rows": 100720, "Actual Loops": 1, "Inner Unique": false, "Shared Hit Blocks": 16141, "Shared Read Blocks": 3029, "Shared Dirtied Blocks": 0, "Shared Written Blocks": 0, "Local Hit Blocks": 0, "Local Read Blocks": 0, "Local Dirtied Blocks": 0, "Local Written Blocks": 0, "Temp Read Blocks": 0, "Temp Written Blocks": 0, "I/O Read Time": 197.206, "I/O Write Time": 0.0, "Plans": [{"Node Type": "Nested Loop", "Parent Relationship": "Outer", "Parallel Aware": false, "Join Type": "Inner", "Startup Cost": 0.86, "Total Cost": 23016.67, "Plan Rows": 3740, "Plan Width": 8, "Actual Startup Time": 0.482, "Actual Total Time": 161.799, "Actual Rows": 3009, "Actual Loops": 1, "Output": ["t.id", "mc.movie_id"], "Inner Unique": true, "Shared Hit Blocks": 8143, "Shared Read Blocks": 1999, "Shared Dirtied Blocks": 0, "Shared Written Blocks": 0, "Local Hit Blocks": 0, "Local Read Blocks": 0, "Local Dirtied Blocks": 0, "Local Written Blocks": 0, "Temp Read Blocks": 0, "Temp Written Blocks": 0, "I/O Read Time": 145.012, "I/O Write Time": 0.0, "Plans": [{"Node Type": "Index Scan", "Parent Relationship": "Outer", "Parallel Aware": false, "Scan Direction": "Forward", "Index Name": "company_id_movie_companies", "Relation Name": "movie_companies", "Schema": "public", "Alias": "mc", "Startup Cost": 0.43, "Total Cost": 8955.02, "Plan Rows": 3740, "Plan Width": 4, "Actual Startup Time": 0.381, "Actual Total Time": 55.913, "Actual Rows": 3009, "Actual Loops": 1, "Output": ["mc.id", "mc.movie_id", "mc.company_id", "mc.company_type_id", "mc.note"], "Index Cond": "(mc.company_id = 1402)", "Rows Removed by Index Recheck": 0, "Shared Hit Blocks": 0, "Shared Read Blocks": 1081, "Shared Dirtied Blocks": 0, "Shared Written Blocks": 0, "Local Hit Blocks": 0, "Local Read Blocks": 0, "Local Dirtied Blocks": 0, "Local Written Blocks": 0, "Temp Read Blocks": 0, "Temp Written Blocks": 0, "I/O Read Time": 53.157, "I/O Write Time": 0.0}, {"Node Type": "Index Only Scan", "Parent Relationship": "Inner", "Parallel Aware": false, "Scan Direction": "Forward", "Index Name": "title_pkey", "Relation Name": "title", "Schema": "public", "Alias": "t", "Startup Cost": 0.43, "Total Cost": 3.76, "Plan Rows": 1, "Plan Width": 4, "Actual Startup Time": 0.034, "Actual Total Time": 0.034, "Actual Rows": 1, "Actual Loops": 3009, "Output": ["t.id"], "Index Cond": "(t.id = mc.movie_id)", "Rows Removed by Index Recheck": 0, "Heap Fetches": 0, "Shared Hit Blocks": 8143, "Shared Read Blocks": 918, "Shared Dirtied Blocks": 0, "Shared Written Blocks": 0, "Local Hit Blocks": 0, "Local Read Blocks": 0, "Local Dirtied Blocks": 0, "Local Written Blocks": 0, "Temp Read Blocks": 0, "Temp Written Blocks": 0, "I/O Read Time": 91.854, "I/O Write Time": 0.0}]}, {"Node Type": "Index Only Scan", "Parent Relationship": "Inner", "Parallel Aware": false, "Scan Direction": "Forward", "Index Name": "movie_id_movie_keyword", "Relation Name": "movie_keyword", "Schema": "public", "Alias": "mk", "Startup Cost": 0.43, "Total Cost": 1.25, "Plan Rows": 46, "Plan Width": 4, "Actual Startup Time": 0.022, "Actual Total Time": 0.026, "Actual Rows": 33, "Actual Loops": 3009, "Output": ["mk.movie_id"], "Index Cond": "(mk.movie_id = t.id)", "Rows Removed by Index Recheck": 0, "Heap Fetches": 0, "Shared Hit Blocks": 7998, "Shared Read Blocks": 1030, "Shared Dirtied Blocks": 0, "Shared Written Blocks": 0, "Local Hit Blocks": 0, "Local Read Blocks": 0, "Local Dirtied Blocks": 0, "Local Written Blocks": 0, "Temp Read Blocks": 0, "Temp Written Blocks": 0, "I/O Read Time": 52.194, "I/O Write Time": 0.0}]}]}, "Planning": {"Shared Hit Blocks": 193, "Shared Read Blocks": 38, "Shared Dirtied Blocks": 0, "Shared Written Blocks": 0, "Local Hit Blocks": 0, "Local Read Blocks": 0, "Local Dirtied Blocks": 0, "Local Written Blocks": 0, "Temp Read Blocks": 0, "Temp Written Blocks": 0, "I/O Read Time": 2.838, "I/O Write Time": 0.0}, "Planning Time": 4.41, "Triggers": [], "Execution Time": 265.344}, "template": "scale", "query": "EXPLAIN (ANALYZE, COSTS, BUFFERS, VERBOSE, FORMAT JSON) SELECT COUNT(*) FROM title t,movie_companies mc,movie_keyword mk WHERE t.id=mc.movie_id AND t.id=mk.movie_id AND mc.company_id=1402;"}
{"planinfo": {"Plan": {"Node Type": "Aggregate", "Strategy": "Plain", "Partial Mode": "Simple", "Parallel Aware": false, "Startup Cost": 388504.2, "Total Cost": 388504.21, "Plan Rows": 1, "Plan Width": 8, "Actual Startup Time": 23861.592, "Actual Total Time": 23861.598, "Actual Rows": 1, "Actual Loops": 1, "Output": ["count(*)"], "Shared Hit Blocks": 28594, "Shared Read Blocks": 44523, "Shared Dirtied Blocks": 0, "Shared Written Blocks": 0, "Local Hit Blocks": 0, "Local Read Blocks": 0, "Local Dirtied Blocks": 0, "Local Written Blocks": 0, "Temp Read Blocks": 27785, "Temp Written Blocks": 27785, "I/O Read Time": 322.185, "I/O Write Time": 0.0, "Plans": [{"Node Type": "Hash Join", "Parent Relationship": "Outer", "Parallel Aware": false, "Join Type": "Inner", "Startup Cost": 250706.03, "Total Cost": 384731.85, "Plan Rows": 1508938, "Plan Width": 0, "Actual Startup Time": 4972.436, "Actual Total Time": 18170.861, "Actual Rows": 58068643, "Actual Loops": 1, "Inner Unique": false, "Hash Cond": "(mk.movie_id = t.id)", "Shared Hit Blocks": 28594, "Shared Read Blocks": 44523, "Shared Dirtied Blocks": 0, "Shared Written Blocks": 0, "Local Hit Blocks": 0, "Local Read Blocks": 0, "Local Dirtied Blocks": 0, "Local Written Blocks": 0, "Temp Read Blocks": 27785, "Temp Written Blocks": 27785, "I/O Read Time": 322.185, "I/O Write Time": 0.0, "Plans": [{"Node Type": "Seq Scan", "Parent Relationship": "Outer", "Parallel Aware": false, "Relation Name": "movie_keyword", "Schema": "public", "Alias": "mk", "Startup Cost": 0.0, "Total Cost": 81003.12, "Plan Rows": 2679284, "Plan Width": 4, "Actual Startup Time": 0.125, "Actual Total Time": 1048.306, "Actual Rows": 2669892, "Actual Loops": 1, "Output": ["mk.movie_id"], "Filter": "(mk.keyword_id < 7467)", "Rows Removed by Filter": 1854038, "Shared Hit Blocks": 0, "Shared Read Blocks": 24454, "Shared Dirtied Blocks": 0, "Shared Written Blocks": 0, "Local Hit Blocks": 0, "Local Read Blocks": 0, "Local Dirtied Blocks": 0, "Local Written Blocks": 0, "Temp Read Blocks": 0, "Temp Written Blocks": 0, "I/O Read Time": 122.918, "I/O Write Time": 0.0}, {"Node Type": "Hash", "Parent Relationship": "Inner", "Parallel Aware": false, "Startup Cost": 225951.66, "Total Cost": 225951.66, "Plan Rows": 1424030, "Plan Width": 12, "Actual Startup Time": 4971.082, "Actual Total Time": 4971.086, "Actual Rows": 4073078, "Actual Loops": 1, "Output": ["t.id", "mc.movie_id", "mi_idx.movie_id"], "Hash Buckets": 131072, "Original Hash Buckets": 131072, "Hash Batches": 64, "Original Hash Batches": 32, "Peak Memory Usage": 3748, "Shared Hit Blocks": 28591, "Shared Read Blocks": 20069, "Shared Dirtied Blocks": 0, "Shared Written Blocks": 0, "Local Hit Blocks": 0, "Local Read Blocks": 0, "Local Dirtied Blocks": 0, "Local Written Blocks": 0, "Temp Read Blocks": 0, "Temp Written Blocks": 15631, "I/O Read Time": 199.268, "I/O Write Time": 0.0, "Plans": [{"Node Type": "Merge Join", "Parent Relationship": "Outer", "Parallel Aware": false, "Join Type": "Inner", "Startup Cost": 15.01, "Total Cost": 225951.66, "Plan Rows": 1424030, "Plan Width": 12, "Actual Startup Time": 0.072, "Actual Total Time": 3504.165, "Actual Rows": 4073078, "Actual Loops": 1, "Output": ["t.id", "mc.movie_id", "mi_idx.movie_id"], "Inner Unique": false, "Merge Cond": "(t.id = mc.movie_id)", "Shared Hit Blocks": 28591, "Shared Read Blocks": 20069, "Shared Dirtied Blocks": 0, "Shared Written Blocks": 0, "Local Hit Blocks": 0, "Local Read Blocks": 0, "Local Dirtied Blocks": 0, "Local Written Blocks": 0, "Temp Read Blocks": 0, "Temp Written Blocks": 0, "I/O Read Time": 199.268, "I/O Write Time": 0.0, "Plans": [{"Node Type": "Merge Join", "Parent Relationship": "Outer", "Parallel Aware": false, "Join Type": "Inner", "Startup Cost": 9.94, "Total Cost": 136246.74, "Plan Rows": 1380035, "Plan Width": 8, "Actual Startup Time": 0.05, "Actual Total Time": 1401.204, "Actual Rows": 1380012, "Actual Loops": 1, "Output": ["t.id", "mi_idx.movie_id"], "Inner Unique": false, "Merge Cond": "(t.id = mi_idx.movie_id)", "Shared Hit Blocks": 23446, "Shared Read Blocks": 13472, "Shared Dirtied Blocks": 0, "Shared Written Blocks": 0, "Local Hit Blocks": 0, "Local Read Blocks": 0, "Local Dirtied Blocks": 0, "Local Written Blocks": 0, "Temp Read Blocks": 0, "Temp Written Blocks": 0, "I/O Read Time": 162.527, "I/O Write Time": 0.0, "Plans": [{"Node Type": "Index Only Scan", "Parent Relationship": "Outer", "Parallel Aware": false, "Scan Direction": "Forward", "Index Name": "title_pkey", "Relation Name": "title", "Schema": "public", "Alias": "t", "Startup Cost": 0.43, "Total Cost": 73940.23, "Plan Rows": 2528520, "Plan Width": 4, "Actual Startup Time": 0.019, "Actual Total Time": 546.031, "Actual Rows": 2525757, "Actual Loops": 1, "Output": ["t.id"], "Heap Fetches": 0, "Shared Hit Blocks": 23441, "Shared Read Blocks": 8963, "Shared Dirtied Blocks": 0, "Shared Written Blocks": 0, "Local Hit Blocks": 0, "Local Read Blocks": 0, "Local Dirtied Blocks": 0, "Local Written Blocks": 0, "Temp Read Blocks": 0, "Temp Written Blocks": 0, "I/O Read Time": 137.419, "I/O Write Time": 0.0}, {"Node Type": "Index Only Scan", "Parent Relationship": "Inner", "Parallel Aware": false, "Scan Direction": "Forward", "Index Name": "movie_id_movie_info_idx", "Relation Name": "movie_info_idx", "Schema": "public", "Alias": "mi_idx", "Startup Cost": 0.43, "Total Cost": 38816.95, "Plan Rows": 1380035, "Plan Width": 4, "Actual Startup Time": 0.027, "Actual Total Time": 254.134, "Actual Rows": 1380012, "Actual Loops": 1, "Output": ["mi_idx.movie_id"], "Heap Fetches": 0, "Shared Hit Blocks": 5, "Shared Read Blocks": 4509, "Shared Dirtied Blocks": 0, "Shared Written Blocks": 0, "Local Hit Blocks": 0, "Local Read Blocks": 0, "Local Dirtied Blocks": 0, "Local Written Blocks": 0, "Temp Read Blocks": 0, "Temp Written Blocks": 0, "I/O Read Time": 25.107, "I/O Write Time": 0.0}]}, {"Node Type": "Index Only Scan", "Parent Relationship": "Inner", "Parallel Aware": false, "Scan Direction": "Forward", "Index Name": "movie_id_movie_companies", "Relation Name": "movie_companies", "Schema": "public", "Alias": "mc", "Startup Cost": 0.43, "Total Cost": 65637.36, "Plan Rows": 2609129, "Plan Width": 4, "Actual Startup Time": 0.02, "Actual Total Time": 926.614, "Actual Rows": 5327324, "Actual Loops": 1, "Output": ["mc.movie_id"], "Heap Fetches": 0, "Shared Hit Blocks": 5145, "Shared Read Blocks": 6597, "Shared Dirtied Blocks": 0, "Shared Written Blocks": 0, "Local Hit Blocks": 0, "Local Read Blocks": 0, "Local Dirtied Blocks": 0, "Local Written Blocks": 0, "Temp Read Blocks": 0, "Temp Written Blocks": 0, "I/O Read Time": 36.741, "I/O Write Time": 0.0}]}]}]}]}, "Planning": {"Shared Hit Blocks": 308, "Shared Read Blocks": 47, "Shared Dirtied Blocks": 0, "Shared Written Blocks": 0, "Local Hit Blocks": 0, "Local Read Blocks": 0, "Local Dirtied Blocks": 0, "Local Written Blocks": 0, "Temp Read Blocks": 0, "Temp Written Blocks": 0, "I/O Read Time": 3.565, "I/O Write Time": 0.0}, "Planning Time": 6.111, "Triggers": [], "Execution Time": 23861.914}, "template": "scale", "query": "EXPLAIN (ANALYZE, COSTS, BUFFERS, VERBOSE, FORMAT JSON) SELECT COUNT(*) FROM title t,movie_companies mc,movie_info_idx mi_idx,movie_keyword mk WHERE t.id=mc.movie_id AND t.id=mi_idx.movie_id AND t.id=mk.movie_id AND mk.keyword_id<7467;"}
{"planinfo": {"Plan": {"Node Type": "Aggregate", "Strategy": "Plain", "Partial Mode": "Simple", "Parallel Aware": false, "Startup Cost": 603692.53, "Total Cost": 603692.54, "Plan Rows": 1, "Plan Width": 8, "Actual Startup Time": 15683.437, "Actual Total Time": 15683.439, "Actual Rows": 1, "Actual Loops": 1, "Output": ["count(*)"], "Shared Hit Blocks": 7561599, "Shared Read Blocks": 39303, "Shared Dirtied Blocks": 0, "Shared Written Blocks": 0, "Local Hit Blocks": 0, "Local Read Blocks": 0, "Local Dirtied Blocks": 0, "Local Written Blocks": 0, "Temp Read Blocks": 0, "Temp Written Blocks": 0, "I/O Read Time": 362.292, "I/O Write Time": 0.0, "Plans": [{"Node Type": "Merge Join", "Parent Relationship": "Outer", "Parallel Aware": false, "Join Type": "Inner", "Startup Cost": 32.66, "Total Cost": 583473.22, "Plan Rows": 8087727, "Plan Width": 0, "Actual Startup Time": 0.178, "Actual Total Time": 13357.078, "Actual Rows": 20885030, "Actual Loops": 1, "Inner Unique": false, "Merge Cond": "(t.id = mi.movie_id)", "Shared Hit Blocks": 7561599, "Shared Read Blocks": 39303, "Shared Dirtied Blocks": 0, "Shared Written Blocks": 0, "Local Hit Blocks": 0, "Local Read Blocks": 0, "Local Dirtied Blocks": 0, "Local Written Blocks": 0, "Temp Read Blocks": 0, "Temp Written Blocks": 0, "I/O Read Time": 362.292, "I/O Write Time": 0.0, "Plans": [{"Node Type": "Merge Join", "Parent Relationship": "Outer", "Parallel Aware": false, "Join Type": "Inner", "Startup Cost": 9.94, "Total Cost": 136246.74, "Plan Rows": 1380035, "Plan Width": 8, "Actual Startup Time": 0.043, "Actual Total Time": 1436.55, "Actual Rows": 1380035, "Actual Loops": 1, "Output": ["t.id", "mi_idx.movie_id"], "Inner Unique": false, "Merge Cond": "(t.id = mi_idx.movie_id)", "Shared Hit Blocks": 23446, "Shared Read Blocks": 13472, "Shared Dirtied Blocks": 0, "Shared Written Blocks": 0, "Local Hit Blocks": 0, "Local Read Blocks": 0, "Local Dirtied Blocks": 0, "Local Written Blocks": 0, "Temp Read Blocks": 0, "Temp Written Blocks": 0, "I/O Read Time": 185.805, "I/O Write Time": 0.0, "Plans": [{"Node Type": "Index Only Scan", "Parent Relationship": "Outer", "Parallel Aware": false, "Scan Direction": "Forward", "Index Name": "title_pkey", "Relation Name": "title", "Schema": "public", "Alias": "t", "Startup Cost": 0.43, "Total Cost": 73940.23, "Plan Rows": 2528520, "Plan Width": 4, "Actual Startup Time": 0.017, "Actual Total Time": 562.079, "Actual Rows": 2525794, "Actual Loops": 1, "Output": ["t.id"], "Heap Fetches": 0, "Shared Hit Blocks": 23441, "Shared Read Blocks": 8963, "Shared Dirtied Blocks": 0, "Shared Written Blocks": 0, "Local Hit Blocks": 0, "Local Read Blocks": 0, "Local Dirtied Blocks": 0, "Local Written Blocks": 0, "Temp Read Blocks": 0, "Temp Written Blocks": 0, "I/O Read Time": 160.768, "I/O Write Time": 0.0}, {"Node Type": "Index Only Scan", "Parent Relationship": "Inner", "Parallel Aware": false, "Scan Direction": "Forward", "Index Name": "movie_id_movie_info_idx", "Relation Name": "movie_info_idx", "Schema": "public", "Alias": "mi_idx", "Startup Cost": 0.43, "Total Cost": 38816.95, "Plan Rows": 1380035, "Plan Width": 4, "Actual Startup Time": 0.022, "Actual Total Time": 254.478, "Actual Rows": 1380035, "Actual Loops": 1, "Output": ["mi_idx.movie_id"], "Heap Fetches": 0, "Shared Hit Blocks": 5, "Shared Read Blocks": 4509, "Shared Dirtied Blocks": 0, "Shared Written Blocks": 0, "Local Hit Blocks": 0, "Local Read Blocks": 0, "Local Dirtied Blocks": 0, "Local Written Blocks": 0, "Temp Read Blocks": 0, "Temp Written Blocks": 0, "I/O Read Time": 25.037, "I/O Write Time": 0.0}]}, {"Node Type": "Index Only Scan", "Parent Relationship": "Inner", "Parallel Aware": false, "Scan Direction": "Forward", "Index Name": "movie_id_movie_info", "Relation Name": "movie_info", "Schema": "public", "Alias": "mi", "Startup Cost": 0.43, "Total Cost": 325993.18, "Plan Rows": 14818450, "Plan Width": 4, "Actual Startup Time": 0.025, "Actual Total Time": 7074.06, "Actual Rows": 28789357, "Actual Loops": 1, "Output": ["mi.movie_id"], "Heap Fetches": 0, "Shared Hit Blocks": 7538153, "Shared Read Blocks": 25831, "Shared Dirtied Blocks": 0, "Shared Written Blocks": 0, "Local Hit Blocks": 0, "Local Read Blocks": 0, "Local Dirtied Blocks": 0, "Local Written Blocks": 0, "Temp Read Blocks": 0, "Temp Written Blocks": 0, "I/O Read Time": 176.487, "I/O Write Time": 0.0}]}]}, "Planning": {"Shared Hit Blocks": 179, "Shared Read Blocks": 38, "Shared Dirtied Blocks": 0, "Shared Written Blocks": 0, "Local Hit Blocks": 0, "Local Read Blocks": 0, "Local Dirtied Blocks": 0, "Local Written Blocks": 0, "Temp Read Blocks": 0, "Temp Written Blocks": 0, "I/O Read Time": 2.857, "I/O Write Time": 0.0}, "Planning Time": 4.315, "Triggers": [], "Execution Time": 15683.547}, "template": "scale", "query": "EXPLAIN (ANALYZE, COSTS, BUFFERS, VERBOSE, FORMAT JSON) SELECT COUNT(*) FROM title t,movie_info mi,movie_info_idx mi_idx WHERE t.id=mi.movie_id AND t.id=mi_idx.movie_id;"}
{"planinfo": {"Plan": {"Node Type": "Aggregate", "Strategy": "Plain", "Partial Mode": "Simple", "Parallel Aware": false, "Startup Cost": 15736.75, "Total Cost": 15736.76, "Plan Rows": 1, "Plan Width": 8, "Actual Startup Time": 209.92, "Actual Total Time": 209.921, "Actual Rows": 1, "Actual Loops": 1, "Output": ["count(*)"], "Shared Hit Blocks": 0, "Shared Read Blocks": 604, "Shared Dirtied Blocks": 0, "Shared Written Blocks": 0, "Local Hit Blocks": 0, "Local Read Blocks": 0, "Local Dirtied Blocks": 0, "Local Written Blocks": 0, "Temp Read Blocks": 0, "Temp Written Blocks": 0, "I/O Read Time": 58.115, "I/O Write Time": 0.0, "Plans": [{"Node Type": "Index Only Scan", "Parent Relationship": "Outer", "Parallel Aware": false, "Scan Direction": "Forward", "Index Name": "keyword_id_movie_keyword", "Relation Name": "movie_keyword", "Schema": "public", "Alias": "mk", "Startup Cost": 0.43, "Total Cost": 14149.21, "Plan Rows": 635016, "Plan Width": 0, "Actual Startup Time": 0.275, "Actual Total Time": 147.611, "Actual Rows": 621177, "Actual Loops": 1, "Output": ["keyword_id"], "Index Cond": "(mk.keyword_id < 479)", "Rows Removed by Index Recheck": 0, "Heap Fetches": 0, "Shared Hit Blocks": 0, "Shared Read Blocks": 604, "Shared Dirtied Blocks": 0, "Shared Written Blocks": 0, "Local Hit Blocks": 0, "Local Read Blocks": 0, "Local Dirtied Blocks": 0, "Local Written Blocks": 0, "Temp Read Blocks": 0, "Temp Written Blocks": 0, "I/O Read Time": 58.115, "I/O Write Time": 0.0}]}, "Planning": {"Shared Hit Blocks": 47, "Shared Read Blocks": 9, "Shared Dirtied Blocks": 0, "Shared Written Blocks": 0, "Local Hit Blocks": 0, "Local Read Blocks": 0, "Local Dirtied Blocks": 0, "Local Written Blocks": 0, "Temp Read Blocks": 0, "Temp Written Blocks": 0, "I/O Read Time": 0.58, "I/O Write Time": 0.0}, "Planning Time": 0.968, "Triggers": [], "Execution Time": 209.953}, "template": "scale", "query": "EXPLAIN (ANALYZE, COSTS, BUFFERS, VERBOSE, FORMAT JSON) SELECT COUNT(*) FROM movie_keyword mk WHERE mk.keyword_id<479;"}
{"planinfo": {"Plan": {"Node Type": "Aggregate", "Strategy": "Plain", "Partial Mode": "Simple", "Parallel Aware": false, "Startup Cost": 1174740.48, "Total Cost": 1174740.49, "Plan Rows": 1, "Plan Width": 8, "Actual Startup Time": 122970.299, "Actual Total Time": 122970.307, "Actual Rows": 1, "Actual Loops": 1, "Output": ["count(*)"], "Shared Hit Blocks": 1450737, "Shared Read Blocks": 234460, "Shared Dirtied Blocks": 0, "Shared Written Blocks": 0, "Local Hit Blocks": 0, "Local Read Blocks": 0, "Local Dirtied Blocks": 0, "Local Written Blocks": 0, "Temp Read Blocks": 97703, "Temp Written Blocks": 97703, "I/O Read Time": 1981.286, "I/O Write Time": 0.0, "Plans": [{"Node Type": "Hash Join", "Parent Relationship": "Outer", "Parallel Aware": false, "Join Type": "Inner", "Startup Cost": 498428.48, "Total Cost": 1144398.92, "Plan Rows": 12136623, "Plan Width": 0, "Actual Startup Time": 10123.798, "Actual Total Time": 86716.592, "Actual Rows": 368413500, "Actual Loops": 1, "Inner Unique": false, "Hash Cond": "(mi.movie_id = t.id)", "Shared Hit Blocks": 1450737, "Shared Read Blocks": 234460, "Shared Dirtied Blocks": 0, "Shared Written Blocks": 0, "Local Hit Blocks": 0, "Local Read Blocks": 0, "Local Dirtied Blocks": 0, "Local Written Blocks": 0, "Temp Read Blocks": 97703, "Temp Written Blocks": 97703, "I/O Read Time": 1981.286, "I/O Write Time": 0.0, "Plans": [{"Node Type": "Seq Scan", "Parent Relationship": "Outer", "Parallel Aware": false, "Relation Name": "movie_info", "Schema": "public", "Alias": "mi", "Startup Cost": 0.0, "Total Cost": 347223.62, "Plan Rows": 12940523, "Plan Width": 4, "Actual Startup Time": 0.217, "Actual Total Time": 3793.817, "Actual Rows": 12970088, "Actual Loops": 1, "Output": ["mi.movie_id"], "Filter": "(mi.info_type_id < 18)", "Rows Removed by Filter": 1865632, "Shared Hit Blocks": 0, "Shared Read Blocks": 161993, "Shared Dirtied Blocks": 0, "Shared Written Blocks": 0, "Local Hit Blocks": 0, "Local Read Blocks": 0, "Local Dirtied Blocks": 0, "Local Written Blocks": 0, "Temp Read Blocks": 0, "Temp Written Blocks": 0, "I/O Read Time": 277.395, "I/O Write Time": 0.0}, {"Node Type": "Hash", "Parent Relationship": "Inner", "Parallel Aware": false, "Startup Cost": 457205.47, "Total Cost": 457205.47, "Plan Rows": 2371441, "Plan Width": 16, "Actual Startup Time": 9973.278, "Actual Total Time": 9973.285, "Actual Rows": 6268235, "Actual Loops": 1, "Output": ["t.id", "mc.movie_id", "ci.movie_id", "mi_idx.movie_id"], "Hash Buckets": 131072, "Original Hash Buckets": 131072, "Hash Batches": 256, "Original Hash Batches": 64, "Peak Memory Usage": 3502, "Shared Hit Blocks": 1450734, "Shared Read Blocks": 72467, "Shared Dirtied Blocks": 0, "Shared Written Blocks": 0, "Local Hit Blocks": 0, "Local Read Blocks": 0, "Local Dirtied Blocks": 0, "Local Written Blocks": 0, "Temp Read Blocks": 9608, "Temp Written Blocks": 36853, "I/O Read Time": 1703.891, "I/O Write Time": 0.0, "Plans": [{"Node Type": "Nested Loop", "Parent Relationship": "Outer", "Parallel Aware": false, "Join Type": "Inner", "Startup Cost": 162592.2, "Total Cost": 457205.47, "Plan Rows": 2371441, "Plan Width": 16, "Actual Startup Time": 2502.215, "Actual Total Time": 7615.361, "Actual Rows": 6268235, "Actual Loops": 1, "Output": ["t.id", "mc.movie_id", "ci.movie_id", "mi_idx.movie_id"], "Inner Unique": false, "Shared Hit Blocks": 1450734, "Shared Read Blocks": 72467, "Shared Dirtied Blocks": 0, "Shared Written Blocks": 0, "Local Hit Blocks": 0, "Local Read Blocks": 0, "Local Dirtied Blocks": 0, "Local Written Blocks": 0, "Temp Read Blocks": 9608, "Temp Written Blocks": 9608, "I/O Read Time": 1703.891, "I/O Write Time": 0.0, "Plans": [{"Node Type": "Hash Join", "Parent Relationship": "Outer", "Parallel Aware": false, "Join Type": "Inner", "Startup Cost": 162591.76, "Total Cost": 201878.04, "Plan Rows": 165213, "Plan Width": 12, "Actual Startup Time": 2501.752, "Actual Total Time": 3044.264, "Actual Rows": 147948, "Actual Loops": 1, "Output": ["t.id", "mc.movie_id", "mi_idx.movie_id"], "Inner Unique": false, "Hash Cond": "(mi_idx.movie_id = t.id)", "Shared Hit Blocks": 0, "Shared Read Blocks": 56109, "Shared Dirtied Blocks": 0, "Shared Written Blocks": 0, "Local Hit Blocks": 0, "Local Read Blocks": 0, "Local Dirtied Blocks": 0, "Local Written Blocks": 0, "Temp Read Blocks": 9608, "Temp Written Blocks": 9608, "I/O Read Time": 161.619, "I/O Write Time": 0.0, "Plans": [{"Node Type": "Seq Scan", "Parent Relationship": "Outer", "Parallel Aware": false, "Relation Name": "movie_info_idx", "Schema": "public", "Alias": "mi_idx", "Startup Cost": 0.0, "Total Cost": 25185.44, "Plan Rows": 923657, "Plan Width": 4, "Actual Startup Time": 0.128, "Actual Total Time": 341.402, "Actual Rows": 920110, "Actual Loops": 1, "Output": ["mi_idx.movie_id"], "Filter": "(mi_idx.info_type_id > 99)", "Rows Removed by Filter": 459925, "Shared Hit Blocks": 0, "Shared Read Blocks": 7935, "Shared Dirtied Blocks": 0, "Shared Written Blocks": 0, "Local Hit Blocks": 0, "Local Read Blocks": 0, "Local Dirtied Blocks": 0, "Local Written Blocks": 0, "Temp Read Blocks": 0, "Temp Written Blocks": 0, "I/O Read Time": 42.044, "I/O Write Time": 0.0}, {"Node Type": "Hash", "Parent Relationship": "Inner", "Parallel Aware": false, "Startup Cost": 155171.34, "Total Cost": 155171.34, "Plan Rows": 452273, "Plan Width": 8, "Actual Startup Time": 2245.246, "Actual Total Time": 2245.25, "Actual Rows": 136475, "Actual Loops": 1, "Output": ["t.id", "mc.movie_id"], "Hash Buckets": 131072, "Original Hash Buckets": 131072, "Hash Batches": 8, "Original Hash Batches": 8, "Peak Memory Usage": 1702, "Shared Hit Blocks": 0, "Shared Read Blocks": 48174, "Shared Dirtied Blocks": 0, "Shared Written Blocks": 0, "Local Hit Blocks": 0, "Local Read Blocks": 0, "Local Dirtied Blocks": 0, "Local Written Blocks": 0, "Temp Read Blocks": 6836, "Temp Written Blocks": 7240, "I/O Read Time": 119.574, "I/O Write Time": 0.0, "Plans": [{"Node Type": "Hash Join", "Parent Relationship": "Outer", "Parallel Aware": false, "Join Type": "Inner", "Startup Cost": 45717.86, "Total Cost": 155171.34, "Plan Rows": 452273, "Plan Width": 8, "Actual Startup Time": 1275.024, "Actual Total Time": 2197.105, "Actual Rows": 136475, "Actual Loops": 1, "Output": ["t.id", "mc.movie_id"], "Inner Unique": false, "Hash Cond": "(t.id = mc.movie_id)", "Shared Hit Blocks": 0, "Shared Read Blocks": 48174, "Shared Dirtied Blocks": 0, "Shared Written Blocks": 0, "Local Hit Blocks": 0, "Local Read Blocks": 0, "Local Dirtied Blocks": 0, "Local Written Blocks": 0, "Temp Read Blocks": 6836, "Temp Written Blocks": 6836, "I/O Read Time": 119.574, "I/O Write Time": 0.0, "Plans": [{"Node Type": "Seq Scan", "Parent Relationship": "Outer", "Parallel Aware": false, "Relation Name": "title", "Schema": "public", "Alias": "t", "Startup Cost": 0.0, "Total Cost": 61283.2, "Plan Rows": 2528520, "Plan Width": 4, "Actual Startup Time": 0.139, "Actual Total Time": 551.005, "Actual Rows": 2528312, "Actual Loops": 1, "Output": ["t.id"], "Shared Hit Blocks": 0, "Shared Read Blocks": 35998, "Shared Dirtied Blocks": 0, "Shared Written Blocks": 0, "Local Hit Blocks": 0, "Local Read Blocks": 0, "Local Dirtied Blocks": 0, "Local Written Blocks": 0, "Temp Read Blocks": 0, "Temp Written Blocks": 0, "I/O Read Time": 57.997, "I/O Write Time": 0.0}, {"Node Type": "Hash", "Parent Relationship": "Inner", "Parallel Aware": false, "Startup Cost": 38297.45, "Total Cost": 38297.45, "Plan Rows": 452273, "Plan Width": 4, "Actual Startup Time": 539.057, "Actual Total Time": 539.058, "Actual Rows": 136475, "Actual Loops": 1, "Output": ["mc.movie_id"], "Hash Buckets": 131072, "Original Hash Buckets": 131072, "Hash Batches": 8, "Original Hash Batches": 8, "Peak Memory Usage": 1634, "Shared Hit Blocks": 0, "Shared Read Blocks": 12176, "Shared Dirtied Blocks": 0, "Shared Written Blocks": 0, "Local Hit Blocks": 0, "Local Read Blocks": 0, "Local Dirtied Blocks": 0, "Local Written Blocks": 0, "Temp Read Blocks": 0, "Temp Written Blocks": 346, "I/O Read Time": 61.578, "I/O Write Time": 0.0, "Plans": [{"Node Type": "Index Scan", "Parent Relationship": "Outer", "Parallel Aware": false, "Scan Direction": "Forward", "Index Name": "company_type_id_movie_companies", "Relation Name": "movie_companies", "Schema": "public", "Alias": "mc", "Startup Cost": 0.43, "Total Cost": 38297.45, "Plan Rows": 452273, "Plan Width": 4, "Actual Startup Time": 167.703, "Actual Total Time": 491.32, "Actual Rows": 136475, "Actual Loops": 1, "Output": ["mc.movie_id"], "Index Cond": "(mc.company_type_id < 2)", "Rows Removed by Index Recheck": 0, "Filter": "(mc.company_id > 19661)", "Rows Removed by Filter": 1137771, "Shared Hit Blocks": 0, "Shared Read Blocks": 12176, "Shared Dirtied Blocks": 0, "Shared Written Blocks": 0, "Local Hit Blocks": 0, "Local Read Blocks": 0, "Local Dirtied Blocks": 0, "Local Written Blocks": 0, "Temp Read Blocks": 0, "Temp Written Blocks": 0, "I/O Read Time": 61.578, "I/O Write Time": 0.0}]}]}]}]}, {"Node Type": "Index Only Scan", "Parent Relationship": "Inner", "Parallel Aware": false, "Scan Direction": "Forward", "Index Name": "movie_id_cast_info", "Relation Name": "cast_info", "Schema": "public", "Alias": "ci", "Startup Cost": 0.44, "Total Cost": 1.18, "Plan Rows": 37, "Plan Width": 4, "Actual Startup Time": 0.016, "Actual Total Time": 0.024, "Actual Rows": 42, "Actual Loops": 147948, "Output": ["ci.movie_id"], "Index Cond": "(ci.movie_id = t.id)", "Rows Removed by Index Recheck": 0, "Heap Fetches": 0, "Shared Hit Blocks": 1450734, "Shared Read Blocks": 16358, "Shared Dirtied Blocks": 0, "Shared Written Blocks": 0, "Local Hit Blocks": 0, "Local Read Blocks": 0, "Local Dirtied Blocks": 0, "Local Written Blocks": 0, "Temp Read Blocks": 0, "Temp Written Blocks": 0, "I/O Read Time": 1542.272, "I/O Write Time": 0.0}]}]}]}]}, "Planning": {"Shared Hit Blocks": 482, "Shared Read Blocks": 67, "Shared Dirtied Blocks": 0, "Shared Written Blocks": 0, "Local Hit Blocks": 0, "Local Read Blocks": 0, "Local Dirtied Blocks": 0, "Local Written Blocks": 0, "Temp Read Blocks": 0, "Temp Written Blocks": 0, "I/O Read Time": 5.175, "I/O Write Time": 0.0}, "Planning Time": 9.702, "Triggers": [], "Execution Time": 122970.81}, "template": "scale", "query": "EXPLAIN (ANALYZE, COSTS, BUFFERS, VERBOSE, FORMAT JSON) SELECT COUNT(*) FROM title t,movie_companies mc,cast_info ci,movie_info mi,movie_info_idx mi_idx WHERE t.id=mc.movie_id AND t.id=ci.movie_id AND t.id=mi.movie_id AND t.id=mi_idx.movie_id AND mc.company_id>19661 AND mc.company_type_id<2 AND mi.info_type_id<18 AND mi_idx.info_type_id>99;"}
{"planinfo": {"Plan": {"Node Type": "Aggregate", "Strategy": "Plain", "Partial Mode": "Simple", "Parallel Aware": false, "Startup Cost": 587.53, "Total Cost": 587.54, "Plan Rows": 1, "Plan Width": 8, "Actual Startup Time": 46.357, "Actual Total Time": 46.359, "Actual Rows": 1, "Actual Loops": 1, "Output": ["count(*)"], "Shared Hit Blocks": 1458, "Shared Read Blocks": 593, "Shared Dirtied Blocks": 0, "Shared Written Blocks": 0, "Local Hit Blocks": 0, "Local Read Blocks": 0, "Local Dirtied Blocks": 0, "Local Written Blocks": 0, "Temp Read Blocks": 0, "Temp Written Blocks": 0, "I/O Read Time": 42.494, "I/O Write Time": 0.0, "Plans": [{"Node Type": "Nested Loop", "Parent Relationship": "Outer", "Parallel Aware": false, "Join Type": "Inner", "Startup Cost": 1.72, "Total Cost": 587.51, "Plan Rows": 10, "Plan Width": 0, "Actual Startup Time": 16.539, "Actual Total Time": 46.275, "Actual Rows": 567, "Actual Loops": 1, "Inner Unique": false, "Join Filter": "(t.id = mk.movie_id)", "Rows Removed by Join Filter": 0, "Shared Hit Blocks": 1458, "Shared Read Blocks": 593, "Shared Dirtied Blocks": 0, "Shared Written Blocks": 0, "Local Hit Blocks": 0, "Local Read Blocks": 0, "Local Dirtied Blocks": 0, "Local Written Blocks": 0, "Temp Read Blocks": 0, "Temp Written Blocks": 0, "I/O Read Time": 42.494, "I/O Write Time": 0.0, "Plans": [{"Node Type": "Nested Loop", "Parent Relationship": "Outer", "Parallel Aware": false, "Join Type": "Inner", "Startup Cost": 1.29, "Total Cost": 574.13, "Plan Rows": 7, "Plan Width": 12, "Actual Startup Time": 9.732, "Actual Total Time": 43.048, "Actual Rows": 36, "Actual Loops": 1, "Output": ["t.id", "mc.movie_id", "mi_idx.movie_id"], "Inner Unique": true, "Join Filter": "(mc.movie_id = t.id)", "Rows Removed by Join Filter": 0, "Shared Hit Blocks": 1351, "Shared Read Blocks": 568, "Shared Dirtied Blocks": 0, "Shared Written Blocks": 0, "Local Hit Blocks": 0, "Local Read Blocks": 0, "Local Dirtied Blocks": 0, "Local Written Blocks": 0, "Temp Read Blocks": 0, "Temp Written Blocks": 0, "I/O Read Time": 39.821, "I/O Write Time": 0.0, "Plans": [{"Node Type": "Nested Loop", "Parent Relationship": "Outer", "Parallel Aware": false, "Join Type": "Inner", "Startup Cost": 0.86, "Total Cost": 494.34, "Plan Rows": 134, "Plan Width": 8, "Actual Startup Time": 9.388, "Actual Total Time": 36.736, "Actual Rows": 36, "Actual Loops": 1, "Output": ["mc.movie_id", "mi_idx.movie_id"], "Inner Unique": false, "Shared Hit Blocks": 1236, "Shared Read Blocks": 539, "Shared Dirtied Blocks": 0, "Shared Written Blocks": 0, "Local Hit Blocks": 0, "Local Read Blocks": 0, "Local Dirtied Blocks": 0, "Local Written Blocks": 0, "Temp Read Blocks": 0, "Temp Written Blocks": 0, "I/O Read Time": 33.759, "I/O Write Time": 0.0, "Plans": [{"Node Type": "Index Scan", "Parent Relationship": "Outer", "Parallel Aware": false, "Scan Direction": "Forward", "Index Name": "company_id_movie_companies", "Relation Name": "movie_companies", "Schema": "public", "Alias": "mc", "Startup Cost": 0.43, "Total Cost": 273.35, "Plan Rows": 49, "Plan Width": 4, "Actual Startup Time": 0.411, "Actual Total Time": 22.132, "Actual Rows": 496, "Actual Loops": 1, "Output": ["mc.id", "mc.movie_id", "mc.company_id", "mc.company_type_id", "mc.note"], "Index Cond": "(mc.company_id = 12591)", "Rows Removed by Index Recheck": 0, "Filter": "(mc.company_type_id = 1)", "Rows Removed by Filter": 13, "Shared Hit Blocks": 0, "Shared Read Blocks": 286, "Shared Dirtied Blocks": 0, "Shared Written Blocks": 0, "Local Hit Blocks": 0, "Local Read Blocks": 0, "Local Dirtied Blocks": 0, "Local Written Blocks": 0, "Temp Read Blocks": 0, "Temp Written Blocks": 0, "I/O Read Time": 21.419, "I/O Write Time": 0.0}, {"Node Type": "Index Only Scan", "Parent Relationship": "Inner", "Parallel Aware": false, "Scan Direction": "Forward", "Index Name": "movie_id_movie_info_idx", "Relation Name": "movie_info_idx", "Schema": "public", "Alias": "mi_idx", "Startup Cost": 0.43, "Total Cost": 4.48, "Plan Rows": 3, "Plan Width": 4, "Actual Startup Time": 0.029, "Actual Total Time": 0.029, "Actual Rows": 0, "Actual Loops": 496, "Output": ["mi_idx.movie_id"], "Index Cond": "(mi_idx.movie_id = mc.movie_id)", "Rows Removed by Index Recheck": 0, "Heap Fetches": 0, "Shared Hit Blocks": 1236, "Shared Read Blocks": 253, "Shared Dirtied Blocks": 0, "Shared Written Blocks": 0, "Local Hit Blocks": 0, "Local Read Blocks": 0, "Local Dirtied Blocks": 0, "Local Written Blocks": 0, "Temp Read Blocks": 0, "Temp Written Blocks": 0, "I/O Read Time": 12.34, "I/O Write Time": 0.0}]}, {"Node Type": "Index Scan", "Parent Relationship": "Inner", "Parallel Aware": false, "Scan Direction": "Forward", "Index Name": "title_pkey", "Relation Name": "title", "Schema": "public", "Alias": "t", "Startup Cost": 0.43, "Total Cost": 0.58, "Plan Rows": 1, "Plan Width": 4, "Actual Startup Time": 0.174, "Actual Total Time": 0.174, "Actual Rows": 1, "Actual Loops": 36, "Output": ["t.id", "t.title", "t.imdb_index", "t.kind_id", "t.production_year", "t.imdb_id", "t.phonetic_code", "t.episode_of_id", "t.season_nr", "t.episode_nr", "t.series_years", "t.md5sum"], "Index Cond": "(t.id = mi_idx.movie_id)", "Rows Removed by Index Recheck": 0, "Filter": "((t.kind_id < 7) AND (t.production_year < 2007))", "Rows Removed by Filter": 0, "Shared Hit Blocks": 115, "Shared Read Blocks": 29, "Shared Dirtied Blocks": 0, "Shared Written Blocks": 0, "Local Hit Blocks": 0, "Local Read Blocks": 0, "Local Dirtied Blocks": 0, "Local Written Blocks": 0, "Temp Read Blocks": 0, "Temp Written Blocks": 0, "I/O Read Time": 6.062, "I/O Write Time": 0.0}]}, {"Node Type": "Index Scan", "Parent Relationship": "Inner", "Parallel Aware": false, "Scan Direction": "Forward", "Index Name": "movie_id_movie_keyword", "Relation Name": "movie_keyword", "Schema": "public", "Alias": "mk", "Startup Cost": 0.43, "Total Cost": 1.45, "Plan Rows": 37, "Plan Width": 4, "Actual Startup Time": 0.076, "Actual Total Time": 0.086, "Actual Rows": 16, "Actual Loops": 36, "Output": ["mk.id", "mk.movie_id", "mk.keyword_id"], "Index Cond": "(mk.movie_id = mi_idx.movie_id)", "Rows Removed by Index Recheck": 0, "Filter": "(mk.keyword_id > 829)", "Rows Removed by Filter": 3, "Shared Hit Blocks": 107, "Shared Read Blocks": 25, "Shared Dirtied Blocks": 0, "Shared Written Blocks": 0, "Local Hit Blocks": 0, "Local Read Blocks": 0, "Local Dirtied Blocks": 0, "Local Written Blocks": 0, "Temp Read Blocks": 0, "Temp Written Blocks": 0, "I/O Read Time": 2.673, "I/O Write Time": 0.0}]}]}, "Planning": {"Shared Hit Blocks": 318, "Shared Read Blocks": 49, "Shared Dirtied Blocks": 0, "Shared Written Blocks": 0, "Local Hit Blocks": 0, "Local Read Blocks": 0, "Local Dirtied Blocks": 0, "Local Written Blocks": 0, "Temp Read Blocks": 0, "Temp Written Blocks": 0, "I/O Read Time": 3.948, "I/O Write Time": 0.0}, "Planning Time": 6.565, "Triggers": [], "Execution Time": 46.502}, "template": "scale", "query": "EXPLAIN (ANALYZE, COSTS, BUFFERS, VERBOSE, FORMAT JSON) SELECT COUNT(*) FROM title t,movie_companies mc,movie_info_idx mi_idx,movie_keyword mk WHERE t.id=mc.movie_id AND t.id=mi_idx.movie_id AND t.id=mk.movie_id AND t.kind_id<7 AND t.production_year<2007 AND mc.company_id=12591 AND mc.company_type_id=1 AND mk.keyword_id>829;"}
{"planinfo": {"Plan": {"Node Type": "Aggregate", "Strategy": "Plain", "Partial Mode": "Simple", "Parallel Aware": false, "Startup Cost": 132464.19, "Total Cost": 132464.2, "Plan Rows": 1, "Plan Width": 8, "Actual Startup Time": 1355.286, "Actual Total Time": 1355.29, "Actual Rows": 1, "Actual Loops": 1, "Output": ["count(*)"], "Shared Hit Blocks": 116861, "Shared Read Blocks": 46135, "Shared Dirtied Blocks": 0, "Shared Written Blocks": 0, "Local Hit Blocks": 0, "Local Read Blocks": 0, "Local Dirtied Blocks": 0, "Local Written Blocks": 0, "Temp Read Blocks": 0, "Temp Written Blocks": 0, "I/O Read Time": 269.974, "I/O Write Time": 0.0, "Plans": [{"Node Type": "Nested Loop", "Parent Relationship": "Outer", "Parallel Aware": false, "Join Type": "Inner", "Startup Cost": 74846.99, "Total Cost": 132263.29, "Plan Rows": 80363, "Plan Width": 0, "Actual Startup Time": 575.548, "Actual Total Time": 1324.79, "Actual Rows": 263936, "Actual Loops": 1, "Inner Unique": false, "Join Filter": "(t.id = mi.movie_id)", "Rows Removed by Join Filter": 0, "Shared Hit Blocks": 116861, "Shared Read Blocks": 46135, "Shared Dirtied Blocks": 0, "Shared Written Blocks": 0, "Local Hit Blocks": 0, "Local Read Blocks": 0, "Local Dirtied Blocks": 0, "Local Written Blocks": 0, "Temp Read Blocks": 0, "Temp Written Blocks": 0, "I/O Read Time": 269.974, "I/O Write Time": 0.0, "Plans": [{"Node Type": "Nested Loop", "Parent Relationship": "Outer", "Parallel Aware": false, "Join Type": "Inner", "Startup Cost": 74846.55, "Total Cost": 109708.81, "Plan Rows": 13713, "Plan Width": 12, "Actual Startup Time": 575.42, "Actual Total Time": 1043.8, "Actual Rows": 14626, "Actual Loops": 1, "Output": ["t.id", "mc.movie_id", "mi_idx.movie_id"], "Inner Unique": false, "Join Filter": "(t.id = mc.movie_id)", "Rows Removed by Join Filter": 0, "Shared Hit Blocks": 18628, "Shared Read Blocks": 45004, "Shared Dirtied Blocks": 0, "Shared Written Blocks": 0, "Local Hit Blocks": 0, "Local Read Blocks": 0, "Local Dirtied Blocks": 0, "Local Written Blocks": 0, "Temp Read Blocks": 0, "Temp Written Blocks": 0, "I/O Read Time": 158.108, "I/O Write Time": 0.0, "Plans": [{"Node Type": "Hash Join", "Parent Relationship": "Outer", "Parallel Aware": false, "Join Type": "Inner", "Startup Cost": 74846.12, "Total Cost": 101229.55, "Plan Rows": 13289, "Plan Width": 8, "Actual Startup Time": 575.234, "Actual Total Time": 959.52, "Actual Rows": 6565, "Actual Loops": 1, "Output": ["t.id", "mi_idx.movie_id"], "Inner Unique": true, "Hash Cond": "(mi_idx.movie_id = t.id)", "Shared Hit Blocks": 3, "Shared Read Blocks": 43933, "Shared Dirtied Blocks": 0, "Shared Written Blocks": 0, "Local Hit Blocks": 0, "Local Read Blocks": 0, "Local Dirtied Blocks": 0, "Local Written Blocks": 0, "Temp Read Blocks": 0, "Temp Written Blocks": 0, "I/O Read Time": 107.598, "I/O Write Time": 0.0, "Plans": [{"Node Type": "Seq Scan", "Parent Relationship": "Outer", "Parallel Aware": false, "Relation Name": "movie_info_idx", "Schema": "public", "Alias": "mi_idx", "Startup Cost": 0.0, "Total Cost": 25185.44, "Plan Rows": 456378, "Plan Width": 4, "Actual Startup Time": 0.129, "Actual Total Time": 279.488, "Actual Rows": 459925, "Actual Loops": 1, "Output": ["mi_idx.id", "mi_idx.movie_id", "mi_idx.info_type_id", "mi_idx.info", "mi_idx.note"], "Filter": "(mi_idx.info_type_id = 99)", "Rows Removed by Filter": 920110, "Shared Hit Blocks": 0, "Shared Read Blocks": 7935, "Shared Dirtied Blocks": 0, "Shared Written Blocks": 0, "Local Hit Blocks": 0, "Local Read Blocks": 0, "Local Dirtied Blocks": 0, "Local Written Blocks": 0, "Temp Read Blocks": 0, "Temp Written Blocks": 0, "I/O Read Time": 41.792, "I/O Write Time": 0.0}, {"Node Type": "Hash", "Parent Relationship": "Inner", "Parallel Aware": false, "Startup Cost": 73925.8, "Total Cost": 73925.8, "Plan Rows": 73626, "Plan Width": 4, "Actual Startup Time": 574.518, "Actual Total Time": 574.519, "Actual Rows": 84556, "Actual Loops": 1, "Output": ["t.id"], "Hash Buckets": 131072, "Original Hash Buckets": 131072, "Hash Batches": 1, "Original Hash Batches": 1, "Peak Memory Usage": 3997, "Shared Hit Blocks": 0, "Shared Read Blocks": 35998, "Shared Dirtied Blocks": 0, "Shared Written Blocks": 0, "Local Hit Blocks": 0, "Local Read Blocks": 0, "Local Dirtied Blocks": 0, "Local Written Blocks": 0, "Temp Read Blocks": 0, "Temp Written Blocks": 0, "I/O Read Time": 65.806, "I/O Write Time": 0.0, "Plans": [{"Node Type": "Seq Scan", "Parent Relationship": "Outer", "Parallel Aware": false, "Relation Name": "title", "Schema": "public", "Alias": "t", "Startup Cost": 0.0, "Total Cost": 73925.8, "Plan Rows": 73626, "Plan Width": 4, "Actual Startup Time": 0.142, "Actual Total Time": 543.47, "Actual Rows": 84556, "Actual Loops": 1, "Output": ["t.id"], "Filter": "((t.kind_id > 4) AND (t.production_year = 2008))", "Rows Removed by Filter": 2443756, "Shared Hit Blocks": 0, "Shared Read Blocks": 35998, "Shared Dirtied Blocks": 0, "Shared Written Blocks": 0, "Local Hit Blocks": 0, "Local Read Blocks": 0, "Local Dirtied Blocks": 0, "Local Written Blocks": 0, "Temp Read Blocks": 0, "Temp Written Blocks": 0, "I/O Read Time": 65.806, "I/O Write Time": 0.0}]}]}, {"Node Type": "Index Only Scan", "Parent Relationship": "Inner", "Parallel Aware": false, "Scan Direction": "Forward", "Index Name": "movie_id_movie_companies", "Relation Name": "movie_companies", "Schema": "public", "Alias": "mc", "Startup Cost": 0.43, "Total Cost": 0.58, "Plan Rows": 5, "Plan Width": 4, "Actual Startup Time": 0.012, "Actual Total Time": 0.012, "Actual Rows": 2, "Actual Loops": 6565, "Output": ["mc.movie_id"], "Index Cond": "(mc.movie_id = mi_idx.movie_id)", "Rows Removed by Index Recheck": 0, "Heap Fetches": 0, "Shared Hit Blocks": 18625, "Shared Read Blocks": 1071, "Shared Dirtied Blocks": 0, "Shared Written Blocks": 0, "Local Hit Blocks": 0, "Local Read Blocks": 0, "Local Dirtied Blocks": 0, "Local Written Blocks": 0, "Temp Read Blocks": 0, "Temp Written Blocks": 0, "I/O Read Time": 50.51, "I/O Write Time": 0.0}]}, {"Node Type": "Index Only Scan", "Parent Relationship": "Inner", "Parallel Aware": false, "Scan Direction": "Forward", "Index Name": "movie_id_movie_info", "Relation Name": "movie_info", "Schema": "public", "Alias": "mi", "Startup Cost": 0.43, "Total Cost": 1.16, "Plan Rows": 39, "Plan Width": 4, "Actual Startup Time": 0.012, "Actual Total Time": 0.016, "Actual Rows": 18, "Actual Loops": 14626, "Output": ["mi.movie_id"], "Index Cond": "(mi.movie_id = mc.movie_id)", "Rows Removed by Index Recheck": 0, "Heap Fetches": 0, "Shared Hit Blocks": 98233, "Shared Read Blocks": 1131, "Shared Dirtied Blocks": 0, "Shared Written Blocks": 0, "Local Hit Blocks": 0, "Local Read Blocks": 0, "Local Dirtied Blocks": 0, "Local Written Blocks": 0, "Temp Read Blocks": 0, "Temp Written Blocks": 0, "I/O Read Time": 111.866, "I/O Write Time": 0.0}]}]}, "Planning": {"Shared Hit Blocks": 316, "Shared Read Blocks": 49, "Shared Dirtied Blocks": 0, "Shared Written Blocks": 0, "Local Hit Blocks": 0, "Local Read Blocks": 0, "Local Dirtied Blocks": 0, "Local Written Blocks": 0, "Temp Read Blocks": 0, "Temp Written Blocks": 0, "I/O Read Time": 3.792, "I/O Write Time": 0.0}, "Planning Time": 6.424, "Triggers": [], "Execution Time": 1355.698}, "template": "scale", "query": "EXPLAIN (ANALYZE, COSTS, BUFFERS, VERBOSE, FORMAT JSON) SELECT COUNT(*) FROM title t,movie_companies mc,movie_info mi,movie_info_idx mi_idx WHERE t.id=mc.movie_id AND t.id=mi.movie_id AND t.id=mi_idx.movie_id AND t.kind_id>4 AND t.production_year=2008 AND mi_idx.info_type_id=99;"}
{"planinfo": {"Plan": {"Node Type": "Aggregate", "Strategy": "Plain", "Partial Mode": "Simple", "Parallel Aware": false, "Startup Cost": 2245.86, "Total Cost": 2245.87, "Plan Rows": 1, "Plan Width": 8, "Actual Startup Time": 2322.631, "Actual Total Time": 2322.633, "Actual Rows": 1, "Actual Loops": 1, "Output": ["count(*)"], "Shared Hit Blocks": 7898, "Shared Read Blocks": 24856, "Shared Dirtied Blocks": 0, "Shared Written Blocks": 0, "Local Hit Blocks": 0, "Local Read Blocks": 0, "Local Dirtied Blocks": 0, "Local Written Blocks": 0, "Temp Read Blocks": 0, "Temp Written Blocks": 0, "I/O Read Time": 2257.118, "I/O Write Time": 0.0, "Plans": [{"Node Type": "Nested Loop", "Parent Relationship": "Outer", "Parallel Aware": false, "Join Type": "Inner", "Startup Cost": 1.3, "Total Cost": 2242.95, "Plan Rows": 1164, "Plan Width": 0, "Actual Startup Time": 6.709, "Actual Total Time": 2320.312, "Actual Rows": 11525, "Actual Loops": 1, "Inner Unique": false, "Shared Hit Blocks": 7898, "Shared Read Blocks": 24856, "Shared Dirtied Blocks": 0, "Shared Written Blocks": 0, "Local Hit Blocks": 0, "Local Read Blocks": 0, "Local Dirtied Blocks": 0, "Local Written Blocks": 0, "Temp Read Blocks": 0, "Temp Written Blocks": 0, "I/O Read Time": 2257.118, "I/O Write Time": 0.0, "Plans": [{"Node Type": "Nested Loop", "Parent Relationship": "Outer", "Parallel Aware": false, "Join Type": "Inner", "Startup Cost": 0.86, "Total Cost": 1832.08, "Plan Rows": 230, "Plan Width": 8, "Actual Startup Time": 0.697, "Actual Total Time": 26.817, "Actual Rows": 260, "Actual Loops": 1, "Output": ["t.id", "mi_idx.movie_id"], "Inner Unique": true, "Shared Hit Blocks": 661, "Shared Read Blocks": 253, "Shared Dirtied Blocks": 0, "Shared Written Blocks": 0, "Local Hit Blocks": 0, "Local Read Blocks": 0, "Local Dirtied Blocks": 0, "Local Written Blocks": 0, "Temp Read Blocks": 0, "Temp Written Blocks": 0, "I/O Read Time": 23.698, "I/O Write Time": 0.0, "Plans": [{"Node Type": "Index Scan", "Parent Relationship": "Outer", "Parallel Aware": false, "Scan Direction": "Forward", "Index Name": "info_type_id_movie_info_idx", "Relation Name": "movie_info_idx", "Schema": "public", "Alias": "mi_idx", "Startup Cost": 0.43, "Total Cost": 817.16, "Plan Rows": 230, "Plan Width": 4, "Actual Startup Time": 0.507, "Actual Total Time": 0.784, "Actual Rows": 260, "Actual Loops": 1, "Output": ["mi_idx.id", "mi_idx.movie_id", "mi_idx.info_type_id", "mi_idx.info", "mi_idx.note"], "Index Cond": "(mi_idx.info_type_id > 101)", "Rows Removed by Index Recheck": 0, "Shared Hit Blocks": 0, "Shared Read Blocks": 6, "Shared Dirtied Blocks": 0, "Shared Written Blocks": 0, "Local Hit Blocks": 0, "Local Read Blocks": 0, "Local Dirtied Blocks": 0, "Local Written Blocks": 0, "Temp Read Blocks": 0, "Temp Written Blocks": 0, "I/O Read Time": 0.574, "I/O Write Time": 0.0}, {"Node Type": "Index Only Scan", "Parent Relationship": "Inner", "Parallel Aware": false, "Scan Direction": "Forward", "Index Name": "title_pkey", "Relation Name": "title", "Schema": "public", "Alias": "t", "Startup Cost": 0.43, "Total Cost": 4.41, "Plan Rows": 1, "Plan Width": 4, "Actual Startup Time": 0.098, "Actual Total Time": 0.098, "Actual Rows": 1, "Actual Loops": 260, "Output": ["t.id"], "Index Cond": "(t.id = mi_idx.movie_id)", "Rows Removed by Index Recheck": 0, "Heap Fetches": 0, "Shared Hit Blocks": 661, "Shared Read Blocks": 247, "Shared Dirtied Blocks": 0, "Shared Written Blocks": 0, "Local Hit Blocks": 0, "Local Read Blocks": 0, "Local Dirtied Blocks": 0, "Local Written Blocks": 0, "Temp Read Blocks": 0, "Temp Written Blocks": 0, "I/O Read Time": 23.124, "I/O Write Time": 0.0}]}, {"Node Type": "Index Scan", "Parent Relationship": "Inner", "Parallel Aware": false, "Scan Direction": "Forward", "Index Name": "movie_id_cast_info", "Relation Name": "cast_info", "Schema": "public", "Alias": "ci", "Startup Cost": 0.44, "Total Cost": 1.66, "Plan Rows": 13, "Plan Width": 4, "Actual Startup Time": 4.577, "Actual Total Time": 8.81, "Actual Rows": 44, "Actual Loops": 260, "Output": ["ci.id", "ci.person_id", "ci.movie_id", "ci.person_role_id", "ci.note", "ci.nr_order", "ci.role_id"], "Index Cond": "(ci.movie_id = t.id)", "Rows Removed by Index Recheck": 0, "Filter": "(ci.person_id > 2419858)", "Rows Removed by Filter": 80, "Shared Hit Blocks": 7237, "Shared Read Blocks": 24603, "Shared Dirtied Blocks": 0, "Shared Written Blocks": 0, "Local Hit Blocks": 0, "Local Read Blocks": 0, "Local Dirtied Blocks": 0, "Local Written Blocks": 0, "Temp Read Blocks": 0, "Temp Written Blocks": 0, "I/O Read Time": 2233.42, "I/O Write Time": 0.0}]}]}, "Planning": {"Shared Hit Blocks": 210, "Shared Read Blocks": 40, "Shared Dirtied Blocks": 0, "Shared Written Blocks": 0, "Local Hit Blocks": 0, "Local Read Blocks": 0, "Local Dirtied Blocks": 0, "Local Written Blocks": 0, "Temp Read Blocks": 0, "Temp Written Blocks": 0, "I/O Read Time": 3.018, "I/O Write Time": 0.0}, "Planning Time": 4.698, "Triggers": [], "Execution Time": 2322.723}, "template": "scale", "query": "EXPLAIN (ANALYZE, COSTS, BUFFERS, VERBOSE, FORMAT JSON) SELECT COUNT(*) FROM title t,cast_info ci,movie_info_idx mi_idx WHERE t.id=ci.movie_id AND t.id=mi_idx.movie_id AND ci.person_id>2419858 AND mi_idx.info_type_id>101;"}
{"planinfo": {"Plan": {"Node Type": "Aggregate", "Strategy": "Plain", "Partial Mode": "Simple", "Parallel Aware": false, "Startup Cost": 39097.07, "Total Cost": 39097.08, "Plan Rows": 1, "Plan Width": 8, "Actual Startup Time": 577.261, "Actual Total Time": 577.262, "Actual Rows": 1, "Actual Loops": 1, "Output": ["count(*)"], "Shared Hit Blocks": 0, "Shared Read Blocks": 2157, "Shared Dirtied Blocks": 0, "Shared Written Blocks": 0, "Local Hit Blocks": 0, "Local Read Blocks": 0, "Local Dirtied Blocks": 0, "Local Written Blocks": 0, "Temp Read Blocks": 0, "Temp Written Blocks": 0, "I/O Read Time": 178.525, "I/O Write Time": 0.0, "Plans": [{"Node Type": "Index Only Scan", "Parent Relationship": "Outer", "Parallel Aware": false, "Scan Direction": "Forward", "Index Name": "keyword_id_movie_keyword", "Relation Name": "movie_keyword", "Schema": "public", "Alias": "mk", "Startup Cost": 0.43, "Total Cost": 35152.99, "Plan Rows": 1577632, "Plan Width": 0, "Actual Startup Time": 0.454, "Actual Total Time": 422.203, "Actual Rows": 1589417, "Actual Loops": 1, "Output": ["keyword_id"], "Index Cond": "(mk.keyword_id > 9751)", "Rows Removed by Index Recheck": 0, "Heap Fetches": 0, "Shared Hit Blocks": 0, "Shared Read Blocks": 2157, "Shared Dirtied Blocks": 0, "Shared Written Blocks": 0, "Local Hit Blocks": 0, "Local Read Blocks": 0, "Local Dirtied Blocks": 0, "Local Written Blocks": 0, "Temp Read Blocks": 0, "Temp Written Blocks": 0, "I/O Read Time": 178.525, "I/O Write Time": 0.0}]}, "Planning": {"Shared Hit Blocks": 51, "Shared Read Blocks": 9, "Shared Dirtied Blocks": 0, "Shared Written Blocks": 0, "Local Hit Blocks": 0, "Local Read Blocks": 0, "Local Dirtied Blocks": 0, "Local Written Blocks": 0, "Temp Read Blocks": 0, "Temp Written Blocks": 0, "I/O Read Time": 0.626, "I/O Write Time": 0.0}, "Planning Time": 1.07, "Triggers": [], "Execution Time": 577.296}, "template": "scale", "query": "EXPLAIN (ANALYZE, COSTS, BUFFERS, VERBOSE, FORMAT JSON) SELECT COUNT(*) FROM movie_keyword mk WHERE mk.keyword_id>9751;"}
{"planinfo": {"Plan": {"Node Type": "Aggregate", "Strategy": "Plain", "Partial Mode": "Simple", "Parallel Aware": false, "Startup Cost": 22257.33, "Total Cost": 22257.34, "Plan Rows": 1, "Plan Width": 8, "Actual Startup Time": 343.284, "Actual Total Time": 343.288, "Actual Rows": 1, "Actual Loops": 1, "Output": ["count(*)"], "Shared Hit Blocks": 1612, "Shared Read Blocks": 5187, "Shared Dirtied Blocks": 0, "Shared Written Blocks": 0, "Local Hit Blocks": 0, "Local Read Blocks": 0, "Local Dirtied Blocks": 0, "Local Written Blocks": 0, "Temp Read Blocks": 0, "Temp Written Blocks": 0, "I/O Read Time": 185.7, "I/O Write Time": 0.0, "Plans": [{"Node Type": "Nested Loop", "Parent Relationship": "Outer", "Parallel Aware": false, "Join Type": "Inner", "Startup Cost": 8616.53, "Total Cost": 22257.33, "Plan Rows": 3, "Plan Width": 0, "Actual Startup Time": 155.242, "Actual Total Time": 343.277, "Actual Rows": 6, "Actual Loops": 1, "Inner Unique": false, "Join Filter": "(t.id = mi.movie_id)", "Rows Removed by Join Filter": 0, "Shared Hit Blocks": 1612, "Shared Read Blocks": 5187, "Shared Dirtied Blocks": 0, "Shared Written Blocks": 0, "Local Hit Blocks": 0, "Local Read Blocks": 0, "Local Dirtied Blocks": 0, "Local Written Blocks": 0, "Temp Read Blocks": 0, "Temp Written Blocks": 0, "I/O Read Time": 185.7, "I/O Write Time": 0.0, "Plans": [{"Node Type": "Nested Loop", "Parent Relationship": "Outer", "Parallel Aware": false, "Join Type": "Inner", "Startup Cost": 8616.09, "Total Cost": 22242.88, "Plan Rows": 5, "Plan Width": 16, "Actual Startup Time": 154.436, "Actual Total Time": 340.917, "Actual Rows": 4, "Actual Loops": 1, "Output": ["t.id", "mc.movie_id", "ci.movie_id", "mi_idx.movie_id"], "Inner Unique": false, "Join Filter": "(t.id = mi_idx.movie_id)", "Rows Removed by Join Filter": 0, "Shared Hit Blocks": 1599, "Shared Read Blocks": 5165, "Shared Dirtied Blocks": 0, "Shared Written Blocks": 0, "Local Hit Blocks": 0, "Local Read Blocks": 0, "Local Dirtied Blocks": 0, "Local Written Blocks": 0, "Temp Read Blocks": 0, "Temp Written Blocks": 0, "I/O Read Time": 183.417, "I/O Write Time": 0.0, "Plans": [{"Node Type": "Nested Loop", "Parent Relationship": "Outer", "Parallel Aware": false, "Join Type": "Inner", "Startup Cost": 8615.66, "Total Cost": 22223.48, "Plan Rows": 30, "Plan Width": 12, "Actual Startup Time": 154.118, "Actual Total Time": 339.94, "Actual Rows": 5, "Actual Loops": 1, "Output": ["t.id", "mc.movie_id", "ci.movie_id"], "Inner Unique": true, "Join Filter": "(mc.movie_id = t.id)", "Rows Removed by Join Filter": 0, "Shared Hit Blocks": 1590, "Shared Read Blocks": 5155, "Shared Dirtied Blocks": 0, "Shared Written Blocks": 0, "Local Hit Blocks": 0, "Local Read Blocks": 0, "Local Dirtied Blocks": 0, "Local Written Blocks": 0, "Temp Read Blocks": 0, "Temp Written Blocks": 0, "I/O Read Time": 182.503, "I/O Write Time": 0.0, "Plans": [{"Node Type": "Hash Join", "Parent Relationship": "Outer", "Parallel Aware": false, "Join Type": "Inner", "Startup Cost": 8615.23, "Total Cost": 20993.4, "Plan Rows": 1240, "Plan Width": 8, "Actual Startup Time": 89.17, "Actual Total Time": 245.891, "Actual Rows": 610, "Actual Loops": 1, "Output": ["mc.movie_id", "ci.movie_id"], "Inner Unique": false, "Hash Cond": "(ci.movie_id = mc.movie_id)", "Shared Hit Blocks": 3, "Shared Read Blocks": 4302, "Shared Dirtied Blocks": 0, "Shared Written Blocks": 0, "Local Hit Blocks": 0, "Local Read Blocks": 0, "Local Dirtied Blocks": 0, "Local Written Blocks": 0, "Temp Read Blocks": 0, "Temp Written Blocks": 0, "I/O Read Time": 92.964, "I/O Write Time": 0.0, "Plans": [{"Node Type": "Index Scan", "Parent Relationship": "Outer", "Parallel Aware": false, "Scan Direction": "Forward", "Index Name": "role_id_cast_info", "Relation Name": "cast_info", "Schema": "public", "Alias": "ci", "Startup Cost": 0.44, "Total Cost": 9391.62, "Plan Rows": 339953, "Plan Width": 4, "Actual Startup Time": 0.595, "Actual Total Time": 92.661, "Actual Rows": 316118, "Actual Loops": 1, "Output": ["ci.id", "ci.person_id", "ci.movie_id", "ci.person_role_id", "ci.note", "ci.nr_order", "ci.role_id"], "Index Cond": "(ci.role_id > 10)", "Rows Removed by Index Recheck": 0, "Shared Hit Blocks": 0, "Shared Read Blocks": 2052, "Shared Dirtied Blocks": 0, "Shared Written Blocks": 0, "Local Hit Blocks": 0, "Local Read Blocks": 0, "Local Dirtied Blocks": 0, "Local Written Blocks": 0, "Temp Read Blocks": 0, "Temp Written Blocks": 0, "I/O Read Time": 11.249, "I/O Write Time": 0.0}, {"Node Type": "Hash", "Parent Relationship": "Inner", "Parallel Aware": false, "Startup Cost": 8570.22, "Total Cost": 8570.22, "Plan Rows": 3566, "Plan Width": 4, "Actual Startup Time": 88.266, "Actual Total Time": 88.267, "Actual Rows": 3722, "Actual Loops": 1, "Output": ["mc.movie_id"], "Hash Buckets": 4096, "Original Hash Buckets": 4096, "Hash Batches": 1, "Original Hash Batches": 1, "Peak Memory Usage": 163, "Shared Hit Blocks": 0, "Shared Read Blocks": 2250, "Shared Dirtied Blocks": 0, "Shared Written Blocks": 0, "Local Hit Blocks": 0, "Local Read Blocks": 0, "Local Dirtied Blocks": 0, "Local Written Blocks": 0, "Temp Read Blocks": 0, "Temp Written Blocks": 0, "I/O Read Time": 81.715, "I/O Write Time": 0.0, "Plans": [{"Node Type": "Index Scan", "Parent Relationship": "Outer", "Parallel Aware": false, "Scan Direction": "Forward", "Index Name": "company_id_movie_companies", "Relation Name": "movie_companies", "Schema": "public", "Alias": "mc", "Startup Cost": 0.43, "Total Cost": 8570.22, "Plan Rows": 3566, "Plan Width": 4, "Actual Startup Time": 0.4, "Actual Total Time": 86.706, "Actual Rows": 3722, "Actual Loops": 1, "Output": ["mc.movie_id"], "Index Cond": "(mc.company_id = 139)", "Rows Removed by Index Recheck": 0, "Shared Hit Blocks": 0, "Shared Read Blocks": 2250, "Shared Dirtied Blocks": 0, "Shared Written Blocks": 0, "Local Hit Blocks": 0, "Local Read Blocks": 0, "Local Dirtied Blocks": 0, "Local Written Blocks": 0, "Temp Read Blocks": 0, "Temp Written Blocks": 0, "I/O Read Time": 81.715, "I/O Write Time": 0.0}]}]}, {"Node Type": "Index Scan", "Parent Relationship": "Inner", "Parallel Aware": false, "Scan Direction": "Forward", "Index Name": "title_pkey", "Relation Name": "title", "Schema": "public", "Alias": "t", "Startup Cost": 0.43, "Total Cost": 0.98, "Plan Rows": 1, "Plan Width": 4, "Actual Startup Time": 0.154, "Actual Total Time": 0.154, "Actual Rows": 0, "Actual Loops": 610, "Output": ["t.id", "t.title", "t.imdb_index", "t.kind_id", "t.production_year", "t.imdb_id", "t.phonetic_code", "t.episode_of_id", "t.season_nr", "t.episode_nr", "t.series_years", "t.md5sum"], "Index Cond": "(t.id = ci.movie_id)", "Rows Removed by Index Recheck": 0, "Filter": "(t.production_year = 2012)", "Rows Removed by Filter": 1, "Shared Hit Blocks": 1587, "Shared Read Blocks": 853, "Shared Dirtied Blocks": 0, "Shared Written Blocks": 0, "Local Hit Blocks": 0, "Local Read Blocks": 0, "Local Dirtied Blocks": 0, "Local Written Blocks": 0, "Temp Read Blocks": 0, "Temp Written Blocks": 0, "I/O Read Time": 89.539, "I/O Write Time": 0.0}]}, {"Node Type": "Index Scan", "Parent Relationship": "Inner", "Parallel Aware": false, "Scan Direction": "Forward", "Index Name": "movie_id_movie_info_idx", "Relation Name": "movie_info_idx", "Schema": "public", "Alias": "mi_idx", "Startup Cost": 0.43, "Total Cost": 0.63, "Plan Rows": 1, "Plan Width": 4, "Actual Startup Time": 0.192, "Actual Total Time": 0.193, "Actual Rows": 1, "Actual Loops": 5, "Output": ["mi_idx.id", "mi_idx.movie_id", "mi_idx.info_type_id", "mi_idx.info", "mi_idx.note"], "Index Cond": "(mi_idx.movie_id = ci.movie_id)", "Rows Removed by Index Recheck": 0, "Filter": "(mi_idx.info_type_id = 100)", "Rows Removed by Filter": 2, "Shared Hit Blocks": 9, "Shared Read Blocks": 10, "Shared Dirtied Blocks": 0, "Shared Written Blocks": 0, "Local Hit Blocks": 0, "Local Read Blocks": 0, "Local Dirtied Blocks": 0, "Local Written Blocks": 0, "Temp Read Blocks": 0, "Temp Written Blocks": 0, "I/O Read Time": 0.914, "I/O Write Time": 0.0}]}, {"Node Type": "Index Scan", "Parent Relationship": "Inner", "Parallel Aware": false, "Scan Direction": "Forward", "Index Name": "movie_id_movie_info", "Relation Name": "movie_info", "Schema": "public", "Alias": "mi", "Startup Cost": 0.43, "Total Cost": 2.84, "Plan Rows": 4, "Plan Width": 4, "Actual Startup Time": 0.562, "Actual Total Time": 0.588, "Actual Rows": 2, "Actual Loops": 4, "Output": ["mi.id", "mi.movie_id", "mi.info_type_id", "mi.info", "mi.note"], "Index Cond": "(mi.movie_id = mi_idx.movie_id)", "Rows Removed by Index Recheck": 0, "Filter": "(mi.info_type_id = 3)", "Rows Removed by Filter": 5, "Shared Hit Blocks": 13, "Shared Read Blocks": 22, "Shared Dirtied Blocks": 0, "Shared Written Blocks": 0, "Local Hit Blocks": 0, "Local Read Blocks": 0, "Local Dirtied Blocks": 0, "Local Written Blocks": 0, "Temp Read Blocks": 0, "Temp Written Blocks": 0, "I/O Read Time": 2.283, "I/O Write Time": 0.0}]}]}, "Planning": {"Shared Hit Blocks": 486, "Shared Read Blocks": 65, "Shared Dirtied Blocks": 0, "Shared Written Blocks": 0, "Local Hit Blocks": 0, "Local Read Blocks": 0, "Local Dirtied Blocks": 0, "Local Written Blocks": 0, "Temp Read Blocks": 0, "Temp Written Blocks": 0, "I/O Read Time": 5.293, "I/O Write Time": 0.0}, "Planning Time": 9.706, "Triggers": [], "Execution Time": 343.464}, "template": "scale", "query": "EXPLAIN (ANALYZE, COSTS, BUFFERS, VERBOSE, FORMAT JSON) SELECT COUNT(*) FROM title t,movie_companies mc,cast_info ci,movie_info mi,movie_info_idx mi_idx WHERE t.id=mc.movie_id AND t.id=ci.movie_id AND t.id=mi.movie_id AND t.id=mi_idx.movie_id AND t.production_year=2012 AND mc.company_id=139 AND ci.role_id>10 AND mi.info_type_id=3 AND mi_idx.info_type_id=100;"}
{"planinfo": {"Plan": {"Node Type": "Aggregate", "Strategy": "Plain", "Partial Mode": "Simple", "Parallel Aware": false, "Startup Cost": 9.35, "Total Cost": 9.36, "Plan Rows": 1, "Plan Width": 8, "Actual Startup Time": 0.819, "Actual Total Time": 0.82, "Actual Rows": 1, "Actual Loops": 1, "Output": ["count(*)"], "Shared Hit Blocks": 0, "Shared Read Blocks": 5, "Shared Dirtied Blocks": 0, "Shared Written Blocks": 0, "Local Hit Blocks": 0, "Local Read Blocks": 0, "Local Dirtied Blocks": 0, "Local Written Blocks": 0, "Temp Read Blocks": 0, "Temp Written Blocks": 0, "I/O Read Time": 0.447, "I/O Write Time": 0.0, "Plans": [{"Node Type": "Index Only Scan", "Parent Relationship": "Outer", "Parallel Aware": false, "Scan Direction": "Forward", "Index Name": "keyword_id_movie_keyword", "Relation Name": "movie_keyword", "Schema": "public", "Alias": "mk", "Startup Cost": 0.43, "Total Cost": 8.74, "Plan Rows": 246, "Plan Width": 0, "Actual Startup Time": 0.428, "Actual Total Time": 0.685, "Actual Rows": 1351, "Actual Loops": 1, "Output": ["keyword_id"], "Index Cond": "(mk.keyword_id = 2810)", "Rows Removed by Index Recheck": 0, "Heap Fetches": 0, "Shared Hit Blocks": 0, "Shared Read Blocks": 5, "Shared Dirtied Blocks": 0, "Shared Written Blocks": 0, "Local Hit Blocks": 0, "Local Read Blocks": 0, "Local Dirtied Blocks": 0, "Local Written Blocks": 0, "Temp Read Blocks": 0, "Temp Written Blocks": 0, "I/O Read Time": 0.447, "I/O Write Time": 0.0}]}, "Planning": {"Shared Hit Blocks": 49, "Shared Read Blocks": 9, "Shared Dirtied Blocks": 0, "Shared Written Blocks": 0, "Local Hit Blocks": 0, "Local Read Blocks": 0, "Local Dirtied Blocks": 0, "Local Written Blocks": 0, "Temp Read Blocks": 0, "Temp Written Blocks": 0, "I/O Read Time": 0.597, "I/O Write Time": 0.0}, "Planning Time": 0.983, "Triggers": [], "Execution Time": 0.857}, "template": "scale", "query": "EXPLAIN (ANALYZE, COSTS, BUFFERS, VERBOSE, FORMAT JSON) SELECT COUNT(*) FROM movie_keyword mk WHERE mk.keyword_id=2810;"}
{"planinfo": {"Plan": {"Node Type": "Aggregate", "Strategy": "Plain", "Partial Mode": "Simple", "Parallel Aware": false, "Startup Cost": 105584.02, "Total Cost": 105584.03, "Plan Rows": 1, "Plan Width": 8, "Actual Startup Time": 1323.963, "Actual Total Time": 1323.966, "Actual Rows": 1, "Actual Loops": 1, "Output": ["count(*)"], "Shared Hit Blocks": 3, "Shared Read Blocks": 43933, "Shared Dirtied Blocks": 0, "Shared Written Blocks": 0, "Local Hit Blocks": 0, "Local Read Blocks": 0, "Local Dirtied Blocks": 0, "Local Written Blocks": 0, "Temp Read Blocks": 2144, "Temp Written Blocks": 2144, "I/O Read Time": 107.354, "I/O Write Time": 0.0, "Plans": [{"Node Type": "Hash Join", "Parent Relationship": "Outer", "Parallel Aware": false, "Join Type": "Inner", "Startup Cost": 68996.38, "Total Cost": 105468.33, "Plan Rows": 46277, "Plan Width": 0, "Actual Startup Time": 580.503, "Actual Total Time": 1317.327, "Actual Rows": 51108, "Actual Loops": 1, "Inner Unique": true, "Hash Cond": "(mi_idx.movie_id = t.id)", "Shared Hit Blocks": 3, "Shared Read Blocks": 43933, "Shared Dirtied Blocks": 0, "Shared Written Blocks": 0, "Local Hit Blocks": 0, "Local Read Blocks": 0, "Local Dirtied Blocks": 0, "Local Written Blocks": 0, "Temp Read Blocks": 2144, "Temp Written Blocks": 2144, "I/O Read Time": 107.354, "I/O Write Time": 0.0, "Plans": [{"Node Type": "Seq Scan", "Parent Relationship": "Outer", "Parallel Aware": false, "Relation Name": "movie_info_idx", "Schema": "public", "Alias": "mi_idx", "Startup Cost": 0.0, "Total Cost": 21735.35, "Plan Rows": 1380035, "Plan Width": 4, "Actual Startup Time": 0.13, "Actual Total Time": 297.657, "Actual Rows": 1380035, "Actual Loops": 1, "Output": ["mi_idx.movie_id"], "Shared Hit Blocks": 0, "Shared Read Blocks": 7935, "Shared Dirtied Blocks": 0, "Shared Written Blocks": 0, "Local Hit Blocks": 0, "Local Read Blocks": 0, "Local Dirtied Blocks": 0, "Local Written Blocks": 0, "Temp Read Blocks": 0, "Temp Written Blocks": 0, "I/O Read Time": 40.829, "I/O Write Time": 0.0}, {"Node Type": "Hash", "Parent Relationship": "Inner", "Parallel Aware": false, "Startup Cost": 67604.5, "Total Cost": 67604.5, "Plan Rows": 84790, "Plan Width": 4, "Actual Startup Time": 579.765, "Actual Total Time": 579.767, "Actual Rows": 84593, "Actual Loops": 1, "Output": ["t.id"], "Hash Buckets": 131072, "Original Hash Buckets": 131072, "Hash Batches": 2, "Original Hash Batches": 2, "Peak Memory Usage": 2518, "Shared Hit Blocks": 0, "Shared Read Blocks": 35998, "Shared Dirtied Blocks": 0, "Shared Written Blocks": 0, "Local Hit Blocks": 0, "Local Read Blocks": 0, "Local Dirtied Blocks": 0, "Local Written Blocks": 0, "Temp Read Blocks": 0, "Temp Written Blocks": 123, "I/O Read Time": 66.526, "I/O Write Time": 0.0, "Plans": [{"Node Type": "Seq Scan", "Parent Relationship": "Outer", "Parallel Aware": false, "Relation Name": "title", "Schema": "public", "Alias": "t", "Startup Cost": 0.0, "Total Cost": 67604.5, "Plan Rows": 84790, "Plan Width": 4, "Actual Startup Time": 0.154, "Actual Total Time": 540.36, "Actual Rows": 84593, "Actual Loops": 1, "Output": ["t.id"], "Filter": "(t.production_year = 2004)", "Rows Removed by Filter": 2443719, "Shared Hit Blocks": 0, "Shared Read Blocks": 35998, "Shared Dirtied Blocks": 0, "Shared Written Blocks": 0, "Local Hit Blocks": 0, "Local Read Blocks": 0, "Local Dirtied Blocks": 0, "Local Written Blocks": 0, "Temp Read Blocks": 0, "Temp Written Blocks": 0, "I/O Read Time": 66.526, "I/O Write Time": 0.0}]}]}]}, "Planning": {"Shared Hit Blocks": 101, "Shared Read Blocks": 27, "Shared Dirtied Blocks": 0, "Shared Written Blocks": 0, "Local Hit Blocks": 0, "Local Read Blocks": 0, "Local Dirtied Blocks": 0, "Local Written Blocks": 0, "Temp Read Blocks": 0, "Temp Written Blocks": 0, "I/O Read Time": 1.972, "I/O Write Time": 0.0}, "Planning Time": 2.962, "Triggers": [], "Execution Time": 1324.147}, "template": "scale", "query": "EXPLAIN (ANALYZE, COSTS, BUFFERS, VERBOSE, FORMAT JSON) SELECT COUNT(*) FROM title t,movie_info_idx mi_idx WHERE t.id=mi_idx.movie_id AND t.production_year=2004;"}
{"planinfo": {"Plan": {"Node Type": "Aggregate", "Strategy": "Plain", "Partial Mode": "Simple", "Parallel Aware": false, "Startup Cost": 323243.63, "Total Cost": 323243.64, "Plan Rows": 1, "Plan Width": 8, "Actual Startup Time": 3188.85, "Actual Total Time": 3188.852, "Actual Rows": 1, "Actual Loops": 1, "Output": ["count(*)"], "Shared Hit Blocks": 24220, "Shared Read Blocks": 34300, "Shared Dirtied Blocks": 0, "Shared Written Blocks": 0, "Local Hit Blocks": 0, "Local Read Blocks": 0, "Local Dirtied Blocks": 0, "Local Written Blocks": 0, "Temp Read Blocks": 0, "Temp Written Blocks": 0, "I/O Read Time": 265.176, "I/O Write Time": 0.0, "Plans": [{"Node Type": "Merge Join", "Parent Relationship": "Outer", "Parallel Aware": false, "Join Type": "Inner", "Startup Cost": 73956.5, "Total Cost": 322419.13, "Plan Rows": 329801, "Plan Width": 0, "Actual Startup Time": 1726.874, "Actual Total Time": 3101.396, "Actual Rows": 854324, "Actual Loops": 1, "Inner Unique": false, "Merge Cond": "(t.id = mk.movie_id)", "Shared Hit Blocks": 24220, "Shared Read Blocks": 34300, "Shared Dirtied Blocks": 0, "Shared Written Blocks": 0, "Local Hit Blocks": 0, "Local Read Blocks": 0, "Local Dirtied Blocks": 0, "Local Written Blocks": 0, "Temp Read Blocks": 0, "Temp Written Blocks": 0, "I/O Read Time": 265.176, "I/O Write Time": 0.0, "Plans": [{"Node Type": "Merge Join", "Parent Relationship": "Outer", "Parallel Aware": false, "Join Type": "Inner", "Startup Cost": 73941.81, "Total Cost": 204884.94, "Plan Rows": 184333, "Plan Width": 12, "Actual Startup Time": 1135.735, "Actual Total Time": 1679.533, "Actual Rows": 42534, "Actual Loops": 1, "Output": ["t.id", "mc.movie_id", "mi_idx.movie_id"], "Inner Unique": false, "Merge Cond": "(t.id = mi_idx.movie_id)", "Shared Hit Blocks": 23461, "Shared Read Blocks": 25647, "Shared Dirtied Blocks": 0, "Shared Written Blocks": 0, "Local Hit Blocks": 0, "Local Read Blocks": 0, "Local Dirtied Blocks": 0, "Local Written Blocks": 0, "Temp Read Blocks": 0, "Temp Written Blocks": 0, "I/O Read Time": 220.414, "I/O Write Time": 0.0, "Plans": [{"Node Type": "Merge Join", "Parent Relationship": "Outer", "Parallel Aware": false, "Join Type": "Inner", "Startup Cost": 73931.6, "Total Cost": 160019.29, "Plan Rows": 337737, "Plan Width": 8, "Actual Startup Time": 985.494, "Actual Total Time": 1286.678, "Actual Rows": 31285, "Actual Loops": 1, "Output": ["t.id", "mc.movie_id"], "Inner Unique": false, "Merge Cond": "(t.id = mc.movie_id)", "Shared Hit Blocks": 23441, "Shared Read Blocks": 21138, "Shared Dirtied Blocks": 0, "Shared Written Blocks": 0, "Local Hit Blocks": 0, "Local Read Blocks": 0, "Local Dirtied Blocks": 0, "Local Written Blocks": 0, "Temp Read Blocks": 0, "Temp Written Blocks": 0, "I/O Read Time": 196.856, "I/O Write Time": 0.0, "Plans": [{"Node Type": "Index Only Scan", "Parent Relationship": "Outer", "Parallel Aware": false, "Scan Direction": "Forward", "Index Name": "title_pkey", "Relation Name": "title", "Schema": "public", "Alias": "t", "Startup Cost": 0.43, "Total Cost": 73940.23, "Plan Rows": 2528520, "Plan Width": 4, "Actual Startup Time": 0.019, "Actual Total Time": 523.296, "Actual Rows": 2525671, "Actual Loops": 1, "Output": ["t.id"], "Heap Fetches": 0, "Shared Hit Blocks": 23441, "Shared Read Blocks": 8962, "Shared Dirtied Blocks": 0, "Shared Written Blocks": 0, "Local Hit Blocks": 0, "Local Read Blocks": 0, "Local Dirtied Blocks": 0, "Local Written Blocks": 0, "Temp Read Blocks": 0, "Temp Written Blocks": 0, "I/O Read Time": 135.435, "I/O Write Time": 0.0}, {"Node Type": "Materialize", "Parent Relationship": "Inner", "Parallel Aware": false, "Startup Cost": 73931.06, "Total Cost": 75619.75, "Plan Rows": 337737, "Plan Width": 4, "Actual Startup Time": 484.783, "Actual Total Time": 497.856, "Actual Rows": 31285, "Actual Loops": 1, "Output": ["mc.movie_id"], "Shared Hit Blocks": 0, "Shared Read Blocks": 12176, "Shared Dirtied Blocks": 0, "Shared Written Blocks": 0, "Local Hit Blocks": 0, "Local Read Blocks": 0, "Local Dirtied Blocks": 0, "Local Written Blocks": 0, "Temp Read Blocks": 0, "Temp Written Blocks": 0, "I/O Read Time": 61.421, "I/O Write Time": 0.0, "Plans": [{"Node Type": "Sort", "Parent Relationship": "Outer", "Parallel Aware": false, "Startup Cost": 73931.06, "Total Cost": 74775.41, "Plan Rows": 337737, "Plan Width": 4, "Actual Startup Time": 484.777, "Actual Total Time": 488.275, "Actual Rows": 31285, "Actual Loops": 1, "Output": ["mc.movie_id"], "Sort Key": ["mc.movie_id"], "Sort Method": "quicksort", "Sort Space Used": 2479, "Sort Space Type": "Memory", "Shared Hit Blocks": 0, "Shared Read Blocks": 12176, "Shared Dirtied Blocks": 0, "Shared Written Blocks": 0, "Local Hit Blocks": 0, "Local Read Blocks": 0, "Local Dirtied Blocks": 0, "Local Written Blocks": 0, "Temp Read Blocks": 0, "Temp Written Blocks": 0, "I/O Read Time": 61.421, "I/O Write Time": 0.0, "Plans": [{"Node Type": "Index Scan", "Parent Relationship": "Outer", "Parallel Aware": false, "Scan Direction": "Forward", "Index Name": "company_type_id_movie_companies", "Relation Name": "movie_companies", "Schema": "public", "Alias": "mc", "Startup Cost": 0.43, "Total Cost": 38297.45, "Plan Rows": 337737, "Plan Width": 4, "Actual Startup Time": 287.682, "Actual Total Time": 472.32, "Actual Rows": 31285, "Actual Loops": 1, "Output": ["mc.movie_id"], "Index Cond": "(mc.company_type_id < 2)", "Rows Removed by Index Recheck": 0, "Filter": "(mc.company_id > 47026)", "Rows Removed by Filter": 1242961, "Shared Hit Blocks": 0, "Shared Read Blocks": 12176, "Shared Dirtied Blocks": 0, "Shared Written Blocks": 0, "Local Hit Blocks": 0, "Local Read Blocks": 0, "Local Dirtied Blocks": 0, "Local Written Blocks": 0, "Temp Read Blocks": 0, "Temp Written Blocks": 0, "I/O Read Time": 61.421, "I/O Write Time": 0.0}]}]}]}, {"Node Type": "Index Only Scan", "Parent Relationship": "Inner", "Parallel Aware": false, "Scan Direction": "Forward", "Index Name": "movie_id_movie_info_idx", "Relation Name": "movie_info_idx", "Schema": "public", "Alias": "mi_idx", "Startup Cost": 0.43, "Total Cost": 38816.95, "Plan Rows": 1380035, "Plan Width": 4, "Actual Startup Time": 0.03, "Actual Total Time": 244.223, "Actual Rows": 1385616, "Actual Loops": 1, "Output": ["mi_idx.movie_id"], "Heap Fetches": 0, "Shared Hit Blocks": 20, "Shared Read Blocks": 4509, "Shared Dirtied Blocks": 0, "Shared Written Blocks": 0, "Local Hit Blocks": 0, "Local Read Blocks": 0, "Local Dirtied Blocks": 0, "Local Written Blocks": 0, "Temp Read Blocks": 0, "Temp Written Blocks": 0, "I/O Read Time": 23.558, "I/O Write Time": 0.0}]}, {"Node Type": "Index Only Scan", "Parent Relationship": "Inner", "Parallel Aware": false, "Scan Direction": "Forward", "Index Name": "movie_id_movie_keyword", "Relation Name": "movie_keyword", "Schema": "public", "Alias": "mk", "Startup Cost": 0.43, "Total Cost": 102607.38, "Plan Rows": 4523930, "Plan Width": 4, "Actual Startup Time": 0.032, "Actual Total Time": 835.711, "Actual Rows": 5165509, "Actual Loops": 1, "Output": ["mk.movie_id"], "Heap Fetches": 0, "Shared Hit Blocks": 759, "Shared Read Blocks": 8653, "Shared Dirtied Blocks": 0, "Shared Written Blocks": 0, "Local Hit Blocks": 0, "Local Read Blocks": 0, "Local Dirtied Blocks": 0, "Local Written Blocks": 0, "Temp Read Blocks": 0, "Temp Written Blocks": 0, "I/O Read Time": 44.762, "I/O Write Time": 0.0}]}]}, "Planning": {"Shared Hit Blocks": 310, "Shared Read Blocks": 48, "Shared Dirtied Blocks": 0, "Shared Written Blocks": 0, "Local Hit Blocks": 0, "Local Read Blocks": 0, "Local Dirtied Blocks": 0, "Local Written Blocks": 0, "Temp Read Blocks": 0, "Temp Written Blocks": 0, "I/O Read Time": 3.721, "I/O Write Time": 0.0}, "Planning Time": 6.534, "Triggers": [], "Execution Time": 3189.936}, "template": "scale", "query": "EXPLAIN (ANALYZE, COSTS, BUFFERS, VERBOSE, FORMAT JSON) SELECT COUNT(*) FROM title t,movie_companies mc,movie_info_idx mi_idx,movie_keyword mk WHERE t.id=mc.movie_id AND t.id=mi_idx.movie_id AND t.id=mk.movie_id AND mc.company_id>47026 AND mc.company_type_id<2;"}
{"planinfo": {"Plan": {"Node Type": "Aggregate", "Strategy": "Plain", "Partial Mode": "Simple", "Parallel Aware": false, "Startup Cost": 49043.03, "Total Cost": 49043.04, "Plan Rows": 1, "Plan Width": 8, "Actual Startup Time": 658.721, "Actual Total Time": 658.722, "Actual Rows": 1, "Actual Loops": 1, "Output": ["count(*)"], "Shared Hit Blocks": 0, "Shared Read Blocks": 2619, "Shared Dirtied Blocks": 0, "Shared Written Blocks": 0, "Local Hit Blocks": 0, "Local Read Blocks": 0, "Local Dirtied Blocks": 0, "Local Written Blocks": 0, "Temp Read Blocks": 0, "Temp Written Blocks": 0, "I/O Read Time": 175.39, "I/O Write Time": 0.0, "Plans": [{"Node Type": "Index Only Scan", "Parent Relationship": "Outer", "Parallel Aware": false, "Scan Direction": "Forward", "Index Name": "keyword_id_movie_keyword", "Relation Name": "movie_keyword", "Schema": "public", "Alias": "mk", "Startup Cost": 0.43, "Total Cost": 44095.71, "Plan Rows": 1978930, "Plan Width": 0, "Actual Startup Time": 0.551, "Actual Total Time": 466.179, "Actual Rows": 1989480, "Actual Loops": 1, "Output": ["keyword_id"], "Index Cond": "(mk.keyword_id > 6313)", "Rows Removed by Index Recheck": 0, "Heap Fetches": 0, "Shared Hit Blocks": 0, "Shared Read Blocks": 2619, "Shared Dirtied Blocks": 0, "Shared Written Blocks": 0, "Local Hit Blocks": 0, "Local Read Blocks": 0, "Local Dirtied Blocks": 0, "Local Written Blocks": 0, "Temp Read Blocks": 0, "Temp Written Blocks": 0, "I/O Read Time": 175.39, "I/O Write Time": 0.0}]}, "Planning": {"Shared Hit Blocks": 51, "Shared Read Blocks": 9, "Shared Dirtied Blocks": 0, "Shared Written Blocks": 0, "Local Hit Blocks": 0, "Local Read Blocks": 0, "Local Dirtied Blocks": 0, "Local Written Blocks": 0, "Temp Read Blocks": 0, "Temp Written Blocks": 0, "I/O Read Time": 0.619, "I/O Write Time": 0.0}, "Planning Time": 1.07, "Triggers": [], "Execution Time": 658.759}, "template": "scale", "query": "EXPLAIN (ANALYZE, COSTS, BUFFERS, VERBOSE, FORMAT JSON) SELECT COUNT(*) FROM movie_keyword mk WHERE mk.keyword_id>6313;"}
{"planinfo": {"Plan": {"Node Type": "Aggregate", "Strategy": "Plain", "Partial Mode": "Simple", "Parallel Aware": false, "Startup Cost": 403550.46, "Total Cost": 403550.47, "Plan Rows": 1, "Plan Width": 8, "Actual Startup Time": 110189.92, "Actual Total Time": 110189.923, "Actual Rows": 1, "Actual Loops": 1, "Output": ["count(*)"], "Shared Hit Blocks": 9315077, "Shared Read Blocks": 431957, "Shared Dirtied Blocks": 0, "Shared Written Blocks": 0, "Local Hit Blocks": 0, "Local Read Blocks": 0, "Local Dirtied Blocks": 0, "Local Written Blocks": 0, "Temp Read Blocks": 357, "Temp Written Blocks": 361, "I/O Read Time": 12988.098, "I/O Write Time": 0.0, "Plans": [{"Node Type": "Merge Join", "Parent Relationship": "Outer", "Parallel Aware": false, "Join Type": "Inner", "Startup Cost": 51344.0, "Total Cost": 401479.63, "Plan Rows": 828330, "Plan Width": 0, "Actual Startup Time": 595.551, "Actual Total Time": 91038.798, "Actual Rows": 189828984, "Actual Loops": 1, "Inner Unique": false, "Merge Cond": "(t.id = mk.movie_id)", "Shared Hit Blocks": 9315077, "Shared Read Blocks": 431957, "Shared Dirtied Blocks": 0, "Shared Written Blocks": 0, "Local Hit Blocks": 0, "Local Read Blocks": 0, "Local Dirtied Blocks": 0, "Local Written Blocks": 0, "Temp Read Blocks": 357, "Temp Written Blocks": 361, "I/O Read Time": 12988.098, "I/O Write Time": 0.0, "Plans": [{"Node Type": "Nested Loop", "Parent Relationship": "Outer", "Parallel Aware": false, "Join Type": "Inner", "Startup Cost": 51318.43, "Total Cost": 278368.65, "Plan Rows": 462971, "Plan Width": 16, "Actual Startup Time": 595.513, "Actual Total Time": 26947.383, "Actual Rows": 6012738, "Actual Loops": 1, "Output": ["t.id", "mc.movie_id", "ci.movie_id", "mi_idx.movie_id"], "Inner Unique": false, "Shared Hit Blocks": 9125243, "Shared Read Blocks": 423304, "Shared Dirtied Blocks": 0, "Shared Written Blocks": 0, "Local Hit Blocks": 0, "Local Read Blocks": 0, "Local Dirtied Blocks": 0, "Local Written Blocks": 0, "Temp Read Blocks": 357, "Temp Written Blocks": 361, "I/O Read Time": 12962.09, "I/O Write Time": 0.0, "Plans": [{"Node Type": "Merge Join", "Parent Relationship": "Outer", "Parallel Aware": false, "Join Type": "Inner", "Startup Cost": 51317.99, "Total Cost": 187048.33, "Plan Rows": 47902, "Plan Width": 12, "Actual Startup Time": 595.28, "Actual Total Time": 2545.041, "Actual Rows": 203908, "Actual Loops": 1, "Output": ["t.id", "mc.movie_id", "mi_idx.movie_id"], "Inner Unique": false, "Merge Cond": "(t.id = mi_idx.movie_id)", "Shared Hit Blocks": 61350, "Shared Read Blocks": 33603, "Shared Dirtied Blocks": 0, "Shared Written Blocks": 0, "Local Hit Blocks": 0, "Local Read Blocks": 0, "Local Dirtied Blocks": 0, "Local Written Blocks": 0, "Temp Read Blocks": 357, "Temp Written Blocks": 361, "I/O Read Time": 221.792, "I/O Write Time": 0.0, "Plans": [{"Node Type": "Merge Join", "Parent Relationship": "Outer", "Parallel Aware": false, "Join Type": "Inner", "Startup Cost": 51308.13, "Total Cost": 133791.88, "Plan Rows": 131794, "Plan Width": 8, "Actual Startup Time": 595.161, "Actual Total Time": 1727.933, "Actual Rows": 207422, "Actual Loops": 1, "Output": ["t.id", "mc.movie_id"], "Inner Unique": false, "Merge Cond": "(t.id = mc.movie_id)", "Shared Hit Blocks": 23440, "Shared Read Blocks": 21139, "Shared Dirtied Blocks": 0, "Shared Written Blocks": 0, "Local Hit Blocks": 0, "Local Read Blocks": 0, "Local Dirtied Blocks": 0, "Local Written Blocks": 0, "Temp Read Blocks": 357, "Temp Written Blocks": 361, "I/O Read Time": 178.697, "I/O Write Time": 0.0, "Plans": [{"Node Type": "Index Only Scan", "Parent Relationship": "Outer", "Parallel Aware": false, "Scan Direction": "Forward", "Index Name": "title_pkey", "Relation Name": "title", "Schema": "public", "Alias": "t", "Startup Cost": 0.43, "Total Cost": 73940.23, "Plan Rows": 2528520, "Plan Width": 4, "Actual Startup Time": 0.02, "Actual Total Time": 630.538, "Actual Rows": 2525668, "Actual Loops": 1, "Output": ["t.id"], "Heap Fetches": 0, "Shared Hit Blocks": 23440, "Shared Read Blocks": 8963, "Shared Dirtied Blocks": 0, "Shared Written Blocks": 0, "Local Hit Blocks": 0, "Local Read Blocks": 0, "Local Dirtied Blocks": 0, "Local Written Blocks": 0, "Temp Read Blocks": 0, "Temp Written Blocks": 0, "I/O Read Time": 116.426, "I/O Write Time": 0.0}, {"Node Type": "Materialize", "Parent Relationship": "Inner", "Parallel Aware": false, "Startup Cost": 51307.66, "Total Cost": 51966.63, "Plan Rows": 131794, "Plan Width": 4, "Actual Startup Time": 595.13, "Actual Total Time": 723.555, "Actual Rows": 207422, "Actual Loops": 1, "Output": ["mc.movie_id"], "Shared Hit Blocks": 0, "Shared Read Blocks": 12176, "Shared Dirtied Blocks": 0, "Shared Written Blocks": 0, "Local Hit Blocks": 0, "Local Read Blocks": 0, "Local Dirtied Blocks": 0, "Local Written Blocks": 0, "Temp Read Blocks": 357, "Temp Written Blocks": 361, "I/O Read Time": 62.27, "I/O Write Time": 0.0, "Plans": [{"Node Type": "Sort", "Parent Relationship": "Outer", "Parallel Aware": false, "Startup Cost": 51307.66, "Total Cost": 51637.15, "Plan Rows": 131794, "Plan Width": 4, "Actual Startup Time": 595.125, "Actual Total Time": 652.211, "Actual Rows": 207422, "Actual Loops": 1, "Output": ["mc.movie_id"], "Sort Key": ["mc.movie_id"], "Sort Method": "external merge", "Sort Space Used": 2856, "Sort Space Type": "Disk", "Shared Hit Blocks": 0, "Shared Read Blocks": 12176, "Shared Dirtied Blocks": 0, "Shared Written Blocks": 0, "Local Hit Blocks": 0, "Local Read Blocks": 0, "Local Dirtied Blocks": 0, "Local Written Blocks": 0, "Temp Read Blocks": 357, "Temp Written Blocks": 361, "I/O Read Time": 62.27, "I/O Write Time": 0.0, "Plans": [{"Node Type": "Index Scan", "Parent Relationship": "Outer", "Parallel Aware": false, "Scan Direction": "Forward", "Index Name": "company_type_id_movie_companies", "Relation Name": "movie_companies", "Schema": "public", "Alias": "mc", "Startup Cost": 0.43, "Total Cost": 38297.45, "Plan Rows": 131794, "Plan Width": 4, "Actual Startup Time": 0.292, "Actual Total Time": 499.789, "Actual Rows": 207422, "Actual Loops": 1, "Output": ["mc.movie_id"], "Index Cond": "(mc.company_type_id < 2)", "Rows Removed by Index Recheck": 0, "Filter": "(mc.company_id < 145)", "Rows Removed by Filter": 1066824, "Shared Hit Blocks": 0, "Shared Read Blocks": 12176, "Shared Dirtied Blocks": 0, "Shared Written Blocks": 0, "Local Hit Blocks": 0, "Local Read Blocks": 0, "Local Dirtied Blocks": 0, "Local Written Blocks": 0, "Temp Read Blocks": 0, "Temp Written Blocks": 0, "I/O Read Time": 62.27, "I/O Write Time": 0.0}]}]}]}, {"Node Type": "Index Scan", "Parent Relationship": "Inner", "Parallel Aware": false, "Scan Direction": "Forward", "Index Name": "movie_id_movie_info_idx", "Relation Name": "movie_info_idx", "Schema": "public", "Alias": "mi_idx", "Startup Cost": 0.43, "Total Cost": 50235.25, "Plan Rows": 919011, "Plan Width": 4, "Actual Startup Time": 0.115, "Actual Total Time": 622.157, "Actual Rows": 966657, "Actual Loops": 1, "Output": ["mi_idx.id", "mi_idx.movie_id", "mi_idx.info_type_id", "mi_idx.info", "mi_idx.note"], "Filter": "(mi_idx.info_type_id < 101)", "Rows Removed by Filter": 483935, "Shared Hit Blocks": 37910, "Shared Read Blocks": 12464, "Shared Dirtied Blocks": 0, "Shared Written Blocks": 0, "Local Hit Blocks": 0, "Local Read Blocks": 0, "Local Dirtied Blocks": 0, "Local Written Blocks": 0, "Temp Read Blocks": 0, "Temp Written Blocks": 0, "I/O Read Time": 43.096, "I/O Write Time": 0.0}]}, {"Node Type": "Index Scan", "Parent Relationship": "Inner", "Parallel Aware": false, "Scan Direction": "Forward", "Index Name": "movie_id_cast_info", "Relation Name": "cast_info", "Schema": "public", "Alias": "ci", "Startup Cost": 0.44, "Total Cost": 1.66, "Plan Rows": 25, "Plan Width": 4, "Actual Startup Time": 0.041, "Actual Total Time": 0.112, "Actual Rows": 29, "Actual Loops": 203908, "Output": ["ci.id", "ci.person_id", "ci.movie_id", "ci.person_role_id", "ci.note", "ci.nr_order", "ci.role_id"], "Index Cond": "(ci.movie_id = t.id)", "Rows Removed by Index Recheck": 0, "Filter": "(ci.person_id > 1174178)", "Rows Removed by Filter": 15, "Shared Hit Blocks": 9063893, "Shared Read Blocks": 389701, "Shared Dirtied Blocks": 0, "Shared Written Blocks": 0, "Local Hit Blocks": 0, "Local Read Blocks": 0, "Local Dirtied Blocks": 0, "Local Written Blocks": 0, "Temp Read Blocks": 0, "Temp Written Blocks": 0, "I/O Read Time": 12740.298, "I/O Write Time": 0.0}]}, {"Node Type": "Index Only Scan", "Parent Relationship": "Inner", "Parallel Aware": false, "Scan Direction": "Forward", "Index Name": "movie_id_movie_keyword", "Relation Name": "movie_keyword", "Schema": "public", "Alias": "mk", "Startup Cost": 0.43, "Total Cost": 102607.38, "Plan Rows": 4523930, "Plan Width": 4, "Actual Startup Time": 0.034, "Actual Total Time": 28231.293, "Actual Rows": 193488634, "Actual Loops": 1, "Output": ["mk.movie_id"], "Heap Fetches": 0, "Shared Hit Blocks": 189834, "Shared Read Blocks": 8653, "Shared Dirtied Blocks": 0, "Shared Written Blocks": 0, "Local Hit Blocks": 0, "Local Read Blocks": 0, "Local Dirtied Blocks": 0, "Local Written Blocks": 0, "Temp Read Blocks": 0, "Temp Written Blocks": 0, "I/O Read Time": 26.008, "I/O Write Time": 0.0}]}]}, "Planning": {"Shared Hit Blocks": 481, "Shared Read Blocks": 63, "Shared Dirtied Blocks": 0, "Shared Written Blocks": 0, "Local Hit Blocks": 0, "Local Read Blocks": 0, "Local Dirtied Blocks": 0, "Local Written Blocks": 0, "Temp Read Blocks": 0, "Temp Written Blocks": 0, "I/O Read Time": 4.995, "I/O Write Time": 0.0}, "Planning Time": 9.508, "Triggers": [], "Execution Time": 110190.4}, "template": "scale", "query": "EXPLAIN (ANALYZE, COSTS, BUFFERS, VERBOSE, FORMAT JSON) SELECT COUNT(*) FROM title t,movie_companies mc,cast_info ci,movie_info_idx mi_idx,movie_keyword mk WHERE t.id=mc.movie_id AND t.id=ci.movie_id AND t.id=mi_idx.movie_id AND t.id=mk.movie_id AND mc.company_id<145 AND mc.company_type_id<2 AND ci.person_id>1174178 AND mi_idx.info_type_id<101;"}
{"planinfo": {"Plan": {"Node Type": "Aggregate", "Strategy": "Plain", "Partial Mode": "Simple", "Parallel Aware": false, "Startup Cost": 19454.76, "Total Cost": 19454.76, "Plan Rows": 1, "Plan Width": 8, "Actual Startup Time": 192.961, "Actual Total Time": 192.962, "Actual Rows": 1, "Actual Loops": 1, "Output": ["count(*)"], "Shared Hit Blocks": 4, "Shared Read Blocks": 627, "Shared Dirtied Blocks": 0, "Shared Written Blocks": 0, "Local Hit Blocks": 0, "Local Read Blocks": 0, "Local Dirtied Blocks": 0, "Local Written Blocks": 0, "Temp Read Blocks": 0, "Temp Written Blocks": 0, "I/O Read Time": 3.58, "I/O Write Time": 0.0, "Plans": [{"Node Type": "Index Only Scan", "Parent Relationship": "Outer", "Parallel Aware": false, "Scan Direction": "Forward", "Index Name": "info_type_id_movie_info", "Relation Name": "movie_info", "Schema": "public", "Alias": "mi", "Startup Cost": 0.43, "Total Cost": 17355.47, "Plan Rows": 839716, "Plan Width": 0, "Actual Startup Time": 0.025, "Actual Total Time": 115.443, "Actual Rows": 802140, "Actual Loops": 1, "Output": ["info_type_id"], "Index Cond": "(mi.info_type_id < 2)", "Rows Removed by Index Recheck": 0, "Heap Fetches": 0, "Shared Hit Blocks": 4, "Shared Read Blocks": 627, "Shared Dirtied Blocks": 0, "Shared Written Blocks": 0, "Local Hit Blocks": 0, "Local Read Blocks": 0, "Local Dirtied Blocks": 0, "Local Written Blocks": 0, "Temp Read Blocks": 0, "Temp Written Blocks": 0, "I/O Read Time": 3.58, "I/O Write Time": 0.0}]}, "Planning": {"Shared Hit Blocks": 46, "Shared Read Blocks": 15, "Shared Dirtied Blocks": 0, "Shared Written Blocks": 0, "Local Hit Blocks": 0, "Local Read Blocks": 0, "Local Dirtied Blocks": 0, "Local Written Blocks": 0, "Temp Read Blocks": 0, "Temp Written Blocks": 0, "I/O Read Time": 0.943, "I/O Write Time": 0.0}, "Planning Time": 1.458, "Triggers": [], "Execution Time": 192.992}, "template": "scale", "query": "EXPLAIN (ANALYZE, COSTS, BUFFERS, VERBOSE, FORMAT JSON) SELECT COUNT(*) FROM movie_info mi WHERE mi.info_type_id<2;"}
{"planinfo": {"Plan": {"Node Type": "Aggregate", "Strategy": "Plain", "Partial Mode": "Simple", "Parallel Aware": false, "Startup Cost": 574192.76, "Total Cost": 574192.77, "Plan Rows": 1, "Plan Width": 8, "Actual Startup Time": 10673.99, "Actual Total Time": 10673.994, "Actual Rows": 1, "Actual Loops": 1, "Output": ["count(*)"], "Shared Hit Blocks": 3, "Shared Read Blocks": 197991, "Shared Dirtied Blocks": 0, "Shared Written Blocks": 0, "Local Hit Blocks": 0, "Local Read Blocks": 0, "Local Dirtied Blocks": 0, "Local Written Blocks": 0, "Temp Read Blocks": 33480, "Temp Written Blocks": 33480, "I/O Read Time": 332.431, "I/O Write Time": 0.0, "Plans": [{"Node Type": "Hash Join", "Parent Relationship": "Outer", "Parallel Aware": false, "Join Type": "Inner", "Startup Cost": 97970.46, "Total Cost": 556028.06, "Plan Rows": 7265882, "Plan Width": 0, "Actual Startup Time": 1401.289, "Actual Total Time": 10220.272, "Actual Rows": 4407679, "Actual Loops": 1, "Inner Unique": true, "Hash Cond": "(mi.movie_id = t.id)", "Shared Hit Blocks": 3, "Shared Read Blocks": 197991, "Shared Dirtied Blocks": 0, "Shared Written Blocks": 0, "Local Hit Blocks": 0, "Local Read Blocks": 0, "Local Dirtied Blocks": 0, "Local Written Blocks": 0, "Temp Read Blocks": 33480, "Temp Written Blocks": 33480, "I/O Read Time": 332.431, "I/O Write Time": 0.0, "Plans": [{"Node Type": "Seq Scan", "Parent Relationship": "Outer", "Parallel Aware": false, "Relation Name": "movie_info", "Schema": "public", "Alias": "mi", "Startup Cost": 0.0, "Total Cost": 347223.62, "Plan Rows": 9926066, "Plan Width": 4, "Actual Startup Time": 171.064, "Actual Total Time": 3473.433, "Actual Rows": 9911754, "Actual Loops": 1, "Output": ["mi.movie_id"], "Filter": "(mi.info_type_id > 4)", "Rows Removed by Filter": 4923966, "Shared Hit Blocks": 0, "Shared Read Blocks": 161993, "Shared Dirtied Blocks": 0, "Shared Written Blocks": 0, "Local Hit Blocks": 0, "Local Read Blocks": 0, "Local Dirtied Blocks": 0, "Local Written Blocks": 0, "Temp Read Blocks": 0, "Temp Written Blocks": 0, "I/O Read Time": 272.803, "I/O Write Time": 0.0}, {"Node Type": "Hash", "Parent Relationship": "Inner", "Parallel Aware": false, "Startup Cost": 67604.5, "Total Cost": 67604.5, "Plan Rows": 1850877, "Plan Width": 4, "Actual Startup Time": 1229.541, "Actual Total Time": 1229.542, "Actual Rows": 1865487, "Actual Loops": 1, "Output": ["t.id"], "Hash Buckets": 131072, "Original Hash Buckets": 131072, "Hash Batches": 32, "Original Hash Batches": 32, "Peak Memory Usage": 3079, "Shared Hit Blocks": 0, "Shared Read Blocks": 35998, "Shared Dirtied Blocks": 0, "Shared Written Blocks": 0, "Local Hit Blocks": 0, "Local Read Blocks": 0, "Local Dirtied Blocks": 0, "Local Written Blocks": 0, "Temp Read Blocks": 0, "Temp Written Blocks": 5278, "I/O Read Time": 59.628, "I/O Write Time": 0.0, "Plans": [{"Node Type": "Seq Scan", "Parent Relationship": "Outer", "Parallel Aware": false, "Relation Name": "title", "Schema": "public", "Alias": "t", "Startup Cost": 0.0, "Total Cost": 67604.5, "Plan Rows": 1850877, "Plan Width": 4, "Actual Startup Time": 0.166, "Actual Total Time": 660.666, "Actual Rows": 1865487, "Actual Loops": 1, "Output": ["t.id"], "Filter": "(t.kind_id > 1)", "Rows Removed by Filter": 662825, "Shared Hit Blocks": 0, "Shared Read Blocks": 35998, "Shared Dirtied Blocks": 0, "Shared Written Blocks": 0, "Local Hit Blocks": 0, "Local Read Blocks": 0, "Local Dirtied Blocks": 0, "Local Written Blocks": 0, "Temp Read Blocks": 0, "Temp Written Blocks": 0, "I/O Read Time": 59.628, "I/O Write Time": 0.0}]}]}]}, "Planning": {"Shared Hit Blocks": 107, "Shared Read Blocks": 31, "Shared Dirtied Blocks": 0, "Shared Written Blocks": 0, "Local Hit Blocks": 0, "Local Read Blocks": 0, "Local Dirtied Blocks": 0, "Local Written Blocks": 0, "Temp Read Blocks": 0, "Temp Written Blocks": 0, "I/O Read Time": 2.013, "I/O Write Time": 0.0}, "Planning Time": 3.034, "Triggers": [], "Execution Time": 10674.174}, "template": "scale", "query": "EXPLAIN (ANALYZE, COSTS, BUFFERS, VERBOSE, FORMAT JSON) SELECT COUNT(*) FROM title t,movie_info mi WHERE t.id=mi.movie_id AND t.kind_id>1 AND mi.info_type_id>4;"}
{"planinfo": {"Plan": {"Node Type": "Aggregate", "Strategy": "Plain", "Partial Mode": "Simple", "Parallel Aware": false, "Startup Cost": 1061136.04, "Total Cost": 1061136.05, "Plan Rows": 1, "Plan Width": 8, "Actual Startup Time": 16938.899, "Actual Total Time": 16938.904, "Actual Rows": 1, "Actual Loops": 1, "Output": ["count(*)"], "Shared Hit Blocks": 3, "Shared Read Blocks": 296620, "Shared Dirtied Blocks": 0, "Shared Written Blocks": 0, "Local Hit Blocks": 0, "Local Read Blocks": 0, "Local Dirtied Blocks": 0, "Local Written Blocks": 0, "Temp Read Blocks": 44807, "Temp Written Blocks": 44807, "I/O Read Time": 579.825, "I/O Write Time": 0.0, "Plans": [{"Node Type": "Hash Join", "Parent Relationship": "Outer", "Parallel Aware": false, "Join Type": "Inner", "Startup Cost": 152262.07, "Total Cost": 1050035.81, "Plan Rows": 4440092, "Plan Width": 0, "Actual Startup Time": 2519.394, "Actual Total Time": 16318.211, "Actual Rows": 5912916, "Actual Loops": 1, "Inner Unique": false, "Hash Cond": "(ci.movie_id = t.id)", "Shared Hit Blocks": 3, "Shared Read Blocks": 296620, "Shared Dirtied Blocks": 0, "Shared Written Blocks": 0, "Local Hit Blocks": 0, "Local Read Blocks": 0, "Local Dirtied Blocks": 0, "Local Written Blocks": 0, "Temp Read Blocks": 44807, "Temp Written Blocks": 44807, "I/O Read Time": 579.825, "I/O Write Time": 0.0, "Plans": [{"Node Type": "Seq Scan", "Parent Relationship": "Outer", "Parallel Aware": false, "Relation Name": "cast_info", "Schema": "public", "Alias": "ci", "Startup Cost": 0.0, "Total Cost": 706360.9, "Plan Rows": 12408783, "Plan Width": 4, "Actual Startup Time": 0.211, "Actual Total Time": 7206.506, "Actual Rows": 12524284, "Actual Loops": 1, "Output": ["ci.movie_id"], "Filter": "(ci.person_id < 1234513)", "Rows Removed by Filter": 23720060, "Shared Hit Blocks": 0, "Shared Read Blocks": 252687, "Shared Dirtied Blocks": 0, "Shared Written Blocks": 0, "Local Hit Blocks": 0, "Local Read Blocks": 0, "Local Dirtied Blocks": 0, "Local Written Blocks": 0, "Temp Read Blocks": 0, "Temp Written Blocks": 0, "I/O Read Time": 477.859, "I/O Write Time": 0.0}, {"Node Type": "Hash", "Parent Relationship": "Inner", "Parallel Aware": false, "Startup Cost": 137417.68, "Total Cost": 137417.68, "Plan Rows": 904751, "Plan Width": 8, "Actual Startup Time": 2518.084, "Actual Total Time": 2518.087, "Actual Rows": 525930, "Actual Loops": 1, "Output": ["t.id", "mi_idx.movie_id"], "Hash Buckets": 131072, "Original Hash Buckets": 131072, "Hash Batches": 16, "Original Hash Batches": 16, "Peak Memory Usage": 2312, "Shared Hit Blocks": 0, "Shared Read Blocks": 43933, "Shared Dirtied Blocks": 0, "Shared Written Blocks": 0, "Local Hit Blocks": 0, "Local Read Blocks": 0, "Local Dirtied Blocks": 0, "Local Written Blocks": 0, "Temp Read Blocks": 8698, "Temp Written Blocks": 10376, "I/O Read Time": 101.966, "I/O Write Time": 0.0, "Plans": [{"Node Type": "Hash Join", "Parent Relationship": "Outer", "Parallel Aware": false, "Join Type": "Inner", "Startup Cost": 94801.73, "Total Cost": 137417.68, "Plan Rows": 904751, "Plan Width": 8, "Actual Startup Time": 1129.97, "Actual Total Time": 2351.993, "Actual Rows": 525930, "Actual Loops": 1, "Output": ["t.id", "mi_idx.movie_id"], "Inner Unique": true, "Hash Cond": "(mi_idx.movie_id = t.id)", "Shared Hit Blocks": 0, "Shared Read Blocks": 43933, "Shared Dirtied Blocks": 0, "Shared Written Blocks": 0, "Local Hit Blocks": 0, "Local Read Blocks": 0, "Local Dirtied Blocks": 0, "Local Written Blocks": 0, "Temp Read Blocks": 8698, "Temp Written Blocks": 8698, "I/O Read Time": 101.966, "I/O Write Time": 0.0, "Plans": [{"Node Type": "Seq Scan", "Parent Relationship": "Outer", "Parallel Aware": false, "Relation Name": "movie_info_idx", "Schema": "public", "Alias": "mi_idx", "Startup Cost": 0.0, "Total Cost": 21735.35, "Plan Rows": 1380035, "Plan Width": 4, "Actual Startup Time": 0.125, "Actual Total Time": 302.688, "Actual Rows": 1380035, "Actual Loops": 1, "Output": ["mi_idx.movie_id"], "Shared Hit Blocks": 0, "Shared Read Blocks": 7935, "Shared Dirtied Blocks": 0, "Shared Written Blocks": 0, "Local Hit Blocks": 0, "Local Read Blocks": 0, "Local Dirtied Blocks": 0, "Local Written Blocks": 0, "Temp Read Blocks": 0, "Temp Written Blocks": 0, "I/O Read Time": 41.386, "I/O Write Time": 0.0}, {"Node Type": "Hash", "Parent Relationship": "Inner", "Parallel Aware": false, "Startup Cost": 67604.5, "Total Cost": 67604.5, "Plan Rows": 1657698, "Plan Width": 4, "Actual Startup Time": 1128.245, "Actual Total Time": 1128.247, "Actual Rows": 1674098, "Actual Loops": 1, "Output": ["t.id"], "Hash Buckets": 131072, "Original Hash Buckets": 131072, "Hash Batches": 32, "Original Hash Batches": 32, "Peak Memory Usage": 2869, "Shared Hit Blocks": 0, "Shared Read Blocks": 35998, "Shared Dirtied Blocks": 0, "Shared Written Blocks": 0, "Local Hit Blocks": 0, "Local Read Blocks": 0, "Local Dirtied Blocks": 0, "Local Written Blocks": 0, "Temp Read Blocks": 0, "Temp Written Blocks": 4736, "I/O Read Time": 60.58, "I/O Write Time": 0.0, "Plans": [{"Node Type": "Seq Scan", "Parent Relationship": "Outer", "Parallel Aware": false, "Relation Name": "title", "Schema": "public", "Alias": "t", "Startup Cost": 0.0, "Total Cost": 67604.5, "Plan Rows": 1657698, "Plan Width": 4, "Actual Startup Time": 0.135, "Actual Total Time": 628.277, "Actual Rows": 1674098, "Actual Loops": 1, "Output": ["t.id"], "Filter": "(t.kind_id > 3)", "Rows Removed by Filter": 854214, "Shared Hit Blocks": 0, "Shared Read Blocks": 35998, "Shared Dirtied Blocks": 0, "Shared Written Blocks": 0, "Local Hit Blocks": 0, "Local Read Blocks": 0, "Local Dirtied Blocks": 0, "Local Written Blocks": 0, "Temp Read Blocks": 0, "Temp Written Blocks": 0, "I/O Read Time": 60.58, "I/O Write Time": 0.0}]}]}]}]}]}, "Planning": {"Shared Hit Blocks": 210, "Shared Read Blocks": 40, "Shared Dirtied Blocks": 0, "Shared Written Blocks": 0, "Local Hit Blocks": 0, "Local Read Blocks": 0, "Local Dirtied Blocks": 0, "Local Written Blocks": 0, "Temp Read Blocks": 0, "Temp Written Blocks": 0, "I/O Read Time": 3.036, "I/O Write Time": 0.0}, "Planning Time": 4.742, "Triggers": [], "Execution Time": 16939.499}, "template": "scale", "query": "EXPLAIN (ANALYZE, COSTS, BUFFERS, VERBOSE, FORMAT JSON) SELECT COUNT(*) FROM title t,cast_info ci,movie_info_idx mi_idx WHERE t.id=ci.movie_id AND t.id=mi_idx.movie_id AND t.kind_id>3 AND ci.person_id<1234513;"}
{"planinfo": {"Plan": {"Node Type": "Aggregate", "Strategy": "Plain", "Partial Mode": "Simple", "Parallel Aware": false, "Startup Cost": 4715.58, "Total Cost": 4715.59, "Plan Rows": 1, "Plan Width": 8, "Actual Startup Time": 801.165, "Actual Total Time": 801.168, "Actual Rows": 1, "Actual Loops": 1, "Output": ["count(*)"], "Shared Hit Blocks": 190750, "Shared Read Blocks": 2072, "Shared Dirtied Blocks": 0, "Shared Written Blocks": 0, "Local Hit Blocks": 0, "Local Read Blocks": 0, "Local Dirtied Blocks": 0, "Local Written Blocks": 0, "Temp Read Blocks": 0, "Temp Written Blocks": 0, "I/O Read Time": 187.258, "I/O Write Time": 0.0, "Plans": [{"Node Type": "Nested Loop", "Parent Relationship": "Outer", "Parallel Aware": false, "Join Type": "Inner", "Startup Cost": 1.74, "Total Cost": 4663.84, "Plan Rows": 20694, "Plan Width": 0, "Actual Startup Time": 0.905, "Actual Total Time": 671.414, "Actual Rows": 1222807, "Actual Loops": 1, "Inner Unique": false, "Shared Hit Blocks": 190750, "Shared Read Blocks": 2072, "Shared Dirtied Blocks": 0, "Shared Written Blocks": 0, "Local Hit Blocks": 0, "Local Read Blocks": 0, "Local Dirtied Blocks": 0, "Local Written Blocks": 0, "Temp Read Blocks": 0, "Temp Written Blocks": 0, "I/O Read Time": 187.258, "I/O Write Time": 0.0, "Plans": [{"Node Type": "Nested Loop", "Parent Relationship": "Outer", "Parallel Aware": false, "Join Type": "Inner", "Startup Cost": 1.3, "Total Cost": 2451.58, "Plan Rows": 1442, "Plan Width": 12, "Actual Startup Time": 0.611, "Actual Total Time": 149.429, "Actual Rows": 17885, "Actual Loops": 1, "Output": ["t.id", "mi.movie_id", "mk.movie_id"], "Inner Unique": false, "Shared Hit Blocks": 4017, "Shared Read Blocks": 1494, "Shared Dirtied Blocks": 0, "Shared Written Blocks": 0, "Local Hit Blocks": 0, "Local Read Blocks": 0, "Local Dirtied Blocks": 0, "Local Written Blocks": 0, "Temp Read Blocks": 0, "Temp Written Blocks": 0, "I/O Read Time": 135.369, "I/O Write Time": 0.0, "Plans": [{"Node Type": "Nested Loop", "Parent Relationship": "Outer", "Parallel Aware": false, "Join Type": "Inner", "Startup Cost": 0.86, "Total Cost": 2070.65, "Plan Rows": 246, "Plan Width": 8, "Actual Startup Time": 0.512, "Actual Total Time": 90.676, "Actual Rows": 499, "Actual Loops": 1, "Output": ["t.id", "mk.movie_id"], "Inner Unique": true, "Shared Hit Blocks": 1042, "Shared Read Blocks": 942, "Shared Dirtied Blocks": 0, "Shared Written Blocks": 0, "Local Hit Blocks": 0, "Local Read Blocks": 0, "Local Dirtied Blocks": 0, "Local Written Blocks": 0, "Temp Read Blocks": 0, "Temp Written Blocks": 0, "I/O Read Time": 86.353, "I/O Write Time": 0.0, "Plans": [{"Node Type": "Index Scan", "Parent Relationship": "Outer", "Parallel Aware": false, "Scan Direction": "Forward", "Index Name": "keyword_id_movie_keyword", "Relation Name": "movie_keyword", "Schema": "public", "Alias": "mk", "Startup Cost": 0.43, "Total Cost": 988.56, "Plan Rows": 246, "Plan Width": 4, "Actual Startup Time": 0.392, "Actual Total Time": 44.873, "Actual Rows": 499, "Actual Loops": 1, "Output": ["mk.id", "mk.movie_id", "mk.keyword_id"], "Index Cond": "(mk.keyword_id = 3513)", "Rows Removed by Index Recheck": 0, "Shared Hit Blocks": 0, "Shared Read Blocks": 475, "Shared Dirtied Blocks": 0, "Shared Written Blocks": 0, "Local Hit Blocks": 0, "Local Read Blocks": 0, "Local Dirtied Blocks": 0, "Local Written Blocks": 0, "Temp Read Blocks": 0, "Temp Written Blocks": 0, "I/O Read Time": 43.77, "I/O Write Time": 0.0}, {"Node Type": "Index Only Scan", "Parent Relationship": "Inner", "Parallel Aware": false, "Scan Direction": "Forward", "Index Name": "title_pkey", "Relation Name": "title", "Schema": "public", "Alias": "t", "Startup Cost": 0.43, "Total Cost": 4.4, "Plan Rows": 1, "Plan Width": 4, "Actual Startup Time": 0.091, "Actual Total Time": 0.091, "Actual Rows": 1, "Actual Loops": 499, "Output": ["t.id"], "Index Cond": "(t.id = mk.movie_id)", "Rows Removed by Index Recheck": 0, "Heap Fetches": 0, "Shared Hit Blocks": 1042, "Shared Read Blocks": 467, "Shared Dirtied Blocks": 0, "Shared Written Blocks": 0, "Local Hit Blocks": 0, "Local Read Blocks": 0, "Local Dirtied Blocks": 0, "Local Written Blocks": 0, "Temp Read Blocks": 0, "Temp Written Blocks": 0, "I/O Read Time": 42.582, "I/O Write Time": 0.0}]}, {"Node Type": "Index Only Scan", "Parent Relationship": "Inner", "Parallel Aware": false, "Scan Direction": "Forward", "Index Name": "movie_id_movie_info", "Relation Name": "movie_info", "Schema": "public", "Alias": "mi", "Startup Cost": 0.43, "Total Cost": 1.16, "Plan Rows": 39, "Plan Width": 4, "Actual Startup Time": 0.105, "Actual Total Time": 0.111, "Actual Rows": 36, "Actual Loops": 499, "Output": ["mi.movie_id"], "Index Cond": "(mi.movie_id = t.id)", "Rows Removed by Index Recheck": 0, "Heap Fetches": 0, "Shared Hit Blocks": 2975, "Shared Read Blocks": 552, "Shared Dirtied Blocks": 0, "Shared Written Blocks": 0, "Local Hit Blocks": 0, "Local Read Blocks": 0, "Local Dirtied Blocks": 0, "Local Written Blocks": 0, "Temp Read Blocks": 0, "Temp Written Blocks": 0, "I/O Read Time": 49.016, "I/O Write Time": 0.0}]}, {"Node Type": "Index Only Scan", "Parent Relationship": "Inner", "Parallel Aware": false, "Scan Direction": "Forward", "Index Name": "movie_id_cast_info", "Relation Name": "cast_info", "Schema": "public", "Alias": "ci", "Startup Cost": 0.44, "Total Cost": 1.16, "Plan Rows": 37, "Plan Width": 4, "Actual Startup Time": 0.008, "Actual Total Time": 0.02, "Actual Rows": 68, "Actual Loops": 17885, "Output": ["ci.movie_id"], "Index Cond": "(ci.movie_id = t.id)", "Rows Removed by Index Recheck": 0, "Heap Fetches": 0, "Shared Hit Blocks": 186733, "Shared Read Blocks": 578, "Shared Dirtied Blocks": 0, "Shared Written Blocks": 0, "Local Hit Blocks": 0, "Local Read Blocks": 0, "Local Dirtied Blocks": 0, "Local Written Blocks": 0, "Temp Read Blocks": 0, "Temp Written Blocks": 0, "I/O Read Time": 51.889, "I/O Write Time": 0.0}]}]}, "Planning": {"Shared Hit Blocks": 315, "Shared Read Blocks": 52, "Shared Dirtied Blocks": 0, "Shared Written Blocks": 0, "Local Hit Blocks": 0, "Local Read Blocks": 0, "Local Dirtied Blocks": 0, "Local Written Blocks": 0, "Temp Read Blocks": 0, "Temp Written Blocks": 0, "I/O Read Time": 4.182, "I/O Write Time": 0.0}, "Planning Time": 6.899, "Triggers": [], "Execution Time": 801.288}, "template": "scale", "query": "EXPLAIN (ANALYZE, COSTS, BUFFERS, VERBOSE, FORMAT JSON) SELECT COUNT(*) FROM title t,cast_info ci,movie_info mi,movie_keyword mk WHERE t.id=ci.movie_id AND t.id=mi.movie_id AND t.id=mk.movie_id AND mk.keyword_id=3513;"}
{"planinfo": {"Plan": {"Node Type": "Aggregate", "Strategy": "Plain", "Partial Mode": "Simple", "Parallel Aware": false, "Startup Cost": 297568.44, "Total Cost": 297568.45, "Plan Rows": 1, "Plan Width": 8, "Actual Startup Time": 5213.291, "Actual Total Time": 5213.301, "Actual Rows": 1, "Actual Loops": 1, "Output": ["count(*)"], "Shared Hit Blocks": 3, "Shared Read Blocks": 80196, "Shared Dirtied Blocks": 0, "Shared Written Blocks": 0, "Local Hit Blocks": 0, "Local Read Blocks": 0, "Local Dirtied Blocks": 0, "Local Written Blocks": 0, "Temp Read Blocks": 11338, "Temp Written Blocks": 11338, "I/O Read Time": 312.963, "I/O Write Time": 0.0, "Plans": [{"Node Type": "Hash Join", "Parent Relationship": "Outer", "Parallel Aware": false, "Join Type": "Inner", "Startup Cost": 133444.06, "Total Cost": 297107.5, "Plan Rows": 184375, "Plan Width": 0, "Actual Startup Time": 1817.961, "Actual Total Time": 5142.255, "Actual Rows": 628217, "Actual Loops": 1, "Inner Unique": false, "Hash Cond": "(ci.movie_id = t.id)", "Shared Hit Blocks": 3, "Shared Read Blocks": 80196, "Shared Dirtied Blocks": 0, "Shared Written Blocks": 0, "Local Hit Blocks": 0, "Local Read Blocks": 0, "Local Dirtied Blocks": 0, "Local Written Blocks": 0, "Temp Read Blocks": 11338, "Temp Written Blocks": 11338, "I/O Read Time": 312.963, "I/O Write Time": 0.0, "Plans": [{"Node Type": "Index Scan", "Parent Relationship": "Outer", "Parallel Aware": false, "Scan Direction": "Forward", "Index Name": "role_id_cast_info", "Relation Name": "cast_info", "Schema": "public", "Alias": "ci", "Startup Cost": 0.44, "Total Cost": 124125.2, "Plan Rows": 3210915, "Plan Width": 4, "Actual Startup Time": 0.498, "Actual Total Time": 1834.408, "Actual Rows": 3377527, "Actual Loops": 1, "Output": ["ci.movie_id"], "Index Cond": "(ci.role_id = 3)", "Rows Removed by Index Recheck": 0, "Filter": "(ci.person_id > 800979)", "Rows Removed by Filter": 630510, "Shared Hit Blocks": 0, "Shared Read Blocks": 35536, "Shared Dirtied Blocks": 0, "Shared Written Blocks": 0, "Local Hit Blocks": 0, "Local Read Blocks": 0, "Local Dirtied Blocks": 0, "Local Written Blocks": 0, "Temp Read Blocks": 0, "Temp Written Blocks": 0, "I/O Read Time": 203.065, "I/O Write Time": 0.0}, {"Node Type": "Hash", "Parent Relationship": "Inner", "Parallel Aware": false, "Startup Cost": 131060.73, "Total Cost": 131060.73, "Plan Rows": 145191, "Plan Width": 8, "Actual Startup Time": 1816.09, "Actual Total Time": 1816.097, "Actual Rows": 195858, "Actual Loops": 1, "Output": ["t.id", "mc.movie_id"], "Hash Buckets": 131072, "Original Hash Buckets": 131072, "Hash Batches": 4, "Original Hash Batches": 2, "Peak Memory Usage": 3073, "Shared Hit Blocks": 0, "Shared Read Blocks": 44660, "Shared Dirtied Blocks": 0, "Shared Written Blocks": 0, "Local Hit Blocks": 0, "Local Read Blocks": 0, "Local Dirtied Blocks": 0, "Local Written Blocks": 0, "Temp Read Blocks": 3411, "Temp Written Blocks": 3912, "I/O Read Time": 109.898, "I/O Write Time": 0.0, "Plans": [{"Node Type": "Hash Join", "Parent Relationship": "Outer", "Parallel Aware": false, "Join Type": "Inner", "Startup Cost": 78396.72, "Total Cost": 131060.73, "Plan Rows": 145191, "Plan Width": 8, "Actual Startup Time": 960.205, "Actual Total Time": 1745.768, "Actual Rows": 195858, "Actual Loops": 1, "Output": ["t.id", "mc.movie_id"], "Inner Unique": true, "Hash Cond": "(mc.movie_id = t.id)", "Shared Hit Blocks": 0, "Shared Read Blocks": 44660, "Shared Dirtied Blocks": 0, "Shared Written Blocks": 0, "Local Hit Blocks": 0, "Local Read Blocks": 0, "Local Dirtied Blocks": 0, "Local Written Blocks": 0, "Temp Read Blocks": 3411, "Temp Written Blocks": 3411, "I/O Read Time": 109.898, "I/O Write Time": 0.0, "Plans": [{"Node Type": "Index Scan", "Parent Relationship": "Outer", "Parallel Aware": false, "Scan Direction": "Forward", "Index Name": "company_type_id_movie_companies", "Relation Name": "movie_companies", "Schema": "public", "Alias": "mc", "Startup Cost": 0.43, "Total Cost": 37534.17, "Plan Rows": 1347528, "Plan Width": 4, "Actual Startup Time": 0.505, "Actual Total Time": 516.645, "Actual Rows": 1334883, "Actual Loops": 1, "Output": ["mc.movie_id"], "Index Cond": "(mc.company_type_id > 1)", "Rows Removed by Index Recheck": 0, "Shared Hit Blocks": 0, "Shared Read Blocks": 8662, "Shared Dirtied Blocks": 0, "Shared Written Blocks": 0, "Local Hit Blocks": 0, "Local Read Blocks": 0, "Local Dirtied Blocks": 0, "Local Written Blocks": 0, "Temp Read Blocks": 0, "Temp Written Blocks": 0, "I/O Read Time": 45.994, "I/O Write Time": 0.0}, {"Node Type": "Hash", "Parent Relationship": "Inner", "Parallel Aware": false, "Startup Cost": 73925.8, "Total Cost": 73925.8, "Plan Rows": 272439, "Plan Width": 4, "Actual Startup Time": 632.243, "Actual Total Time": 632.244, "Actual Rows": 216282, "Actual Loops": 1, "Output": ["t.id"], "Hash Buckets": 131072, "Original Hash Buckets": 131072, "Hash Batches": 4, "Original Hash Batches": 4, "Peak Memory Usage": 2928, "Shared Hit Blocks": 0, "Shared Read Blocks": 35998, "Shared Dirtied Blocks": 0, "Shared Written Blocks": 0, "Local Hit Blocks": 0, "Local Read Blocks": 0, "Local Dirtied Blocks": 0, "Local Written Blocks": 0, "Temp Read Blocks": 0, "Temp Written Blocks": 473, "I/O Read Time": 63.904, "I/O Write Time": 0.0, "Plans": [{"Node Type": "Seq Scan", "Parent Relationship": "Outer", "Parallel Aware": false, "Relation Name": "title", "Schema": "public", "Alias": "t", "Startup Cost": 0.0, "Total Cost": 73925.8, "Plan Rows": 272439, "Plan Width": 4, "Actual Startup Time": 19.037, "Actual Total Time": 556.02, "Actual Rows": 216282, "Actual Loops": 1, "Output": ["t.id"], "Filter": "((t.production_year > 2005) AND (t.kind_id = 1))", "Rows Removed by Filter": 2312030, "Shared Hit Blocks": 0, "Shared Read Blocks": 35998, "Shared Dirtied Blocks": 0, "Shared Written Blocks": 0, "Local Hit Blocks": 0, "Local Read Blocks": 0, "Local Dirtied Blocks": 0, "Local Written Blocks": 0, "Temp Read Blocks": 0, "Temp Written Blocks": 0, "I/O Read Time": 63.904, "I/O Write Time": 0.0}]}]}]}]}]}, "Planning": {"Shared Hit Blocks": 227, "Shared Read Blocks": 44, "Shared Dirtied Blocks": 0, "Shared Written Blocks": 0, "Local Hit Blocks": 0, "Local Read Blocks": 0, "Local Dirtied Blocks": 0, "Local Written Blocks": 0, "Temp Read Blocks": 0, "Temp Written Blocks": 0, "I/O Read Time": 3.466, "I/O Write Time": 0.0}, "Planning Time": 5.33, "Triggers": [], "Execution Time": 5213.779}, "template": "scale", "query": "EXPLAIN (ANALYZE, COSTS, BUFFERS, VERBOSE, FORMAT JSON) SELECT COUNT(*) FROM title t,movie_companies mc,cast_info ci WHERE t.id=mc.movie_id AND t.id=ci.movie_id AND t.kind_id=1 AND t.production_year>2005 AND mc.company_type_id>1 AND ci.person_id>800979 AND ci.role_id=3;"}
{"planinfo": {"Plan": {"Node Type": "Aggregate", "Strategy": "Plain", "Partial Mode": "Simple", "Parallel Aware": false, "Startup Cost": 249730.15, "Total Cost": 249730.16, "Plan Rows": 1, "Plan Width": 8, "Actual Startup Time": 5846.656, "Actual Total Time": 5846.659, "Actual Rows": 1, "Actual Loops": 1, "Output": ["count(*)"], "Shared Hit Blocks": 3, "Shared Read Blocks": 60452, "Shared Dirtied Blocks": 0, "Shared Written Blocks": 0, "Local Hit Blocks": 0, "Local Read Blocks": 0, "Local Dirtied Blocks": 0, "Local Written Blocks": 0, "Temp Read Blocks": 19846, "Temp Written Blocks": 19846, "I/O Read Time": 184.475, "I/O Write Time": 0.0, "Plans": [{"Node Type": "Hash Join", "Parent Relationship": "Outer", "Parallel Aware": false, "Join Type": "Inner", "Startup Cost": 102767.7, "Total Cost": 238893.42, "Plan Rows": 4334694, "Plan Width": 0, "Actual Startup Time": 1277.696, "Actual Total Time": 5412.753, "Actual Rows": 4331869, "Actual Loops": 1, "Inner Unique": true, "Hash Cond": "(mk.movie_id = t.id)", "Shared Hit Blocks": 3, "Shared Read Blocks": 60452, "Shared Dirtied Blocks": 0, "Shared Written Blocks": 0, "Local Hit Blocks": 0, "Local Read Blocks": 0, "Local Dirtied Blocks": 0, "Local Written Blocks": 0, "Temp Read Blocks": 19846, "Temp Written Blocks": 19846, "I/O Read Time": 184.475, "I/O Write Time": 0.0, "Plans": [{"Node Type": "Seq Scan", "Parent Relationship": "Outer", "Parallel Aware": false, "Relation Name": "movie_keyword", "Schema": "public", "Alias": "mk", "Startup Cost": 0.0, "Total Cost": 81003.12, "Plan Rows": 4334694, "Plan Width": 4, "Actual Startup Time": 0.126, "Actual Total Time": 1167.933, "Actual Rows": 4331869, "Actual Loops": 1, "Output": ["mk.movie_id"], "Filter": "(mk.keyword_id < 70428)", "Rows Removed by Filter": 192061, "Shared Hit Blocks": 0, "Shared Read Blocks": 24454, "Shared Dirtied Blocks": 0, "Shared Written Blocks": 0, "Local Hit Blocks": 0, "Local Read Blocks": 0, "Local Dirtied Blocks": 0, "Local Written Blocks": 0, "Temp Read Blocks": 0, "Temp Written Blocks": 0, "I/O Read Time": 125.028, "I/O Write Time": 0.0}, {"Node Type": "Hash", "Parent Relationship": "Inner", "Parallel Aware": false, "Startup Cost": 61283.2, "Total Cost": 61283.2, "Plan Rows": 2528520, "Plan Width": 4, "Actual Startup Time": 1276.463, "Actual Total Time": 1276.464, "Actual Rows": 2528312, "Actual Loops": 1, "Output": ["t.id"], "Hash Buckets": 131072, "Original Hash Buckets": 131072, "Hash Batches": 64, "Original Hash Batches": 64, "Peak Memory Usage": 2415, "Shared Hit Blocks": 0, "Shared Read Blocks": 35998, "Shared Dirtied Blocks": 0, "Shared Written Blocks": 0, "Local Hit Blocks": 0, "Local Read Blocks": 0, "Local Dirtied Blocks": 0, "Local Written Blocks": 0, "Temp Read Blocks": 0, "Temp Written Blocks": 7262, "I/O Read Time": 59.447, "I/O Write Time": 0.0, "Plans": [{"Node Type": "Seq Scan", "Parent Relationship": "Outer", "Parallel Aware": false, "Relation Name": "title", "Schema": "public", "Alias": "t", "Startup Cost": 0.0, "Total Cost": 61283.2, "Plan Rows": 2528520, "Plan Width": 4, "Actual Startup Time": 0.133, "Actual Total Time": 546.255, "Actual Rows": 2528312, "Actual Loops": 1, "Output": ["t.id"], "Shared Hit Blocks": 0, "Shared Read Blocks": 35998, "Shared Dirtied Blocks": 0, "Shared Written Blocks": 0, "Local Hit Blocks": 0, "Local Read Blocks": 0, "Local Dirtied Blocks": 0, "Local Written Blocks": 0, "Temp Read Blocks": 0, "Temp Written Blocks": 0, "I/O Read Time": 59.447, "I/O Write Time": 0.0}]}]}]}, "Planning": {"Shared Hit Blocks": 101, "Shared Read Blocks": 26, "Shared Dirtied Blocks": 0, "Shared Written Blocks": 0, "Local Hit Blocks": 0, "Local Read Blocks": 0, "Local Dirtied Blocks": 0, "Local Written Blocks": 0, "Temp Read Blocks": 0, "Temp Written Blocks": 0, "I/O Read Time": 1.849, "I/O Write Time": 0.0}, "Planning Time": 2.817, "Triggers": [], "Execution Time": 5846.811}, "template": "scale", "query": "EXPLAIN (ANALYZE, COSTS, BUFFERS, VERBOSE, FORMAT JSON) SELECT COUNT(*) FROM title t,movie_keyword mk WHERE t.id=mk.movie_id AND mk.keyword_id<70428;"}
{"planinfo": {"Plan": {"Node Type": "Aggregate", "Strategy": "Plain", "Partial Mode": "Simple", "Parallel Aware": false, "Startup Cost": 1135.05, "Total Cost": 1135.06, "Plan Rows": 1, "Plan Width": 8, "Actual Startup Time": 3.719, "Actual Total Time": 3.72, "Actual Rows": 1, "Actual Loops": 1, "Output": ["count(*)"], "Shared Hit Blocks": 23, "Shared Read Blocks": 40, "Shared Dirtied Blocks": 0, "Shared Written Blocks": 0, "Local Hit Blocks": 0, "Local Read Blocks": 0, "Local Dirtied Blocks": 0, "Local Written Blocks": 0, "Temp Read Blocks": 0, "Temp Written Blocks": 0, "I/O Read Time": 3.57, "I/O Write Time": 0.0, "Plans": [{"Node Type": "Nested Loop", "Parent Relationship": "Outer", "Parallel Aware": false, "Join Type": "Inner", "Startup Cost": 0.86, "Total Cost": 1135.0, "Plan Rows": 23, "Plan Width": 0, "Actual Startup Time": 1.874, "Actual Total Time": 3.713, "Actual Rows": 4, "Actual Loops": 1, "Inner Unique": true, "Shared Hit Blocks": 23, "Shared Read Blocks": 40, "Shared Dirtied Blocks": 0, "Shared Written Blocks": 0, "Local Hit Blocks": 0, "Local Read Blocks": 0, "Local Dirtied Blocks": 0, "Local Written Blocks": 0, "Temp Read Blocks": 0, "Temp Written Blocks": 0, "I/O Read Time": 3.57, "I/O Write Time": 0.0, "Plans": [{"Node Type": "Index Scan", "Parent Relationship": "Outer", "Parallel Aware": false, "Scan Direction": "Forward", "Index Name": "company_id_movie_companies", "Relation Name": "movie_companies", "Schema": "public", "Alias": "mc", "Startup Cost": 0.43, "Total Cost": 273.1, "Plan Rows": 102, "Plan Width": 4, "Actual Startup Time": 0.371, "Actual Total Time": 1.372, "Actual Rows": 12, "Actual Loops": 1, "Output": ["mc.id", "mc.movie_id", "mc.company_id", "mc.company_type_id", "mc.note"], "Index Cond": "(mc.company_id = 37708)", "Rows Removed by Index Recheck": 0, "Shared Hit Blocks": 0, "Shared Read Blocks": 15, "Shared Dirtied Blocks": 0, "Shared Written Blocks": 0, "Local Hit Blocks": 0, "Local Read Blocks": 0, "Local Dirtied Blocks": 0, "Local Written Blocks": 0, "Temp Read Blocks": 0, "Temp Written Blocks": 0, "I/O Read Time": 1.335, "I/O Write Time": 0.0}, {"Node Type": "Index Scan", "Parent Relationship": "Inner", "Parallel Aware": false, "Scan Direction": "Forward", "Index Name": "title_pkey", "Relation Name": "title", "Schema": "public", "Alias": "t", "Startup Cost": 0.43, "Total Cost": 8.45, "Plan Rows": 1, "Plan Width": 4, "Actual Startup Time": 0.194, "Actual Total Time": 0.194, "Actual Rows": 0, "Actual Loops": 12, "Output": ["t.id", "t.title", "t.imdb_index", "t.kind_id", "t.production_year", "t.imdb_id", "t.phonetic_code", "t.episode_of_id", "t.season_nr", "t.episode_nr", "t.series_years", "t.md5sum"], "Index Cond": "(t.id = mc.movie_id)", "Rows Removed by Index Recheck": 0, "Filter": "(t.production_year < 1984)", "Rows Removed by Filter": 1, "Shared Hit Blocks": 23, "Shared Read Blocks": 25, "Shared Dirtied Blocks": 0, "Shared Written Blocks": 0, "Local Hit Blocks": 0, "Local Read Blocks": 0, "Local Dirtied Blocks": 0, "Local Written Blocks": 0, "Temp Read Blocks": 0, "Temp Written Blocks": 0, "I/O Read Time": 2.235, "I/O Write Time": 0.0}]}]}, "Planning": {"Shared Hit Blocks": 111, "Shared Read Blocks": 29, "Shared Dirtied Blocks": 0, "Shared Written Blocks": 0, "Local Hit Blocks": 0, "Local Read Blocks": 0, "Local Dirtied Blocks": 0, "Local Written Blocks": 0, "Temp Read Blocks": 0, "Temp Written Blocks": 0, "I/O Read Time": 2.088, "I/O Write Time": 0.0}, "Planning Time": 3.046, "Triggers": [], "Execution Time": 3.796}, "template": "scale", "query": "EXPLAIN (ANALYZE, COSTS, BUFFERS, VERBOSE, FORMAT JSON) SELECT COUNT(*) FROM title t,movie_companies mc WHERE t.id=mc.movie_id AND t.production_year<1984 AND mc.company_id=37708;"}
{"planinfo": {"Plan": {"Node Type": "Aggregate", "Strategy": "Plain", "Partial Mode": "Simple", "Parallel Aware": false, "Startup Cost": 418277.34, "Total Cost": 418277.35, "Plan Rows": 1, "Plan Width": 8, "Actual Startup Time": 4175.257, "Actual Total Time": 4175.263, "Actual Rows": 1, "Actual Loops": 1, "Output": ["count(*)"], "Shared Hit Blocks": 490835, "Shared Read Blocks": 71195, "Shared Dirtied Blocks": 0, "Shared Written Blocks": 0, "Local Hit Blocks": 0, "Local Read Blocks": 0, "Local Dirtied Blocks": 0, "Local Written Blocks": 0, "Temp Read Blocks": 8611, "Temp Written Blocks": 8611, "I/O Read Time": 401.791, "I/O Write Time": 0.0, "Plans": [{"Node Type": "Nested Loop", "Parent Relationship": "Outer", "Parallel Aware": false, "Join Type": "Inner", "Startup Cost": 186995.72, "Total Cost": 416512.77, "Plan Rows": 705825, "Plan Width": 0, "Actual Startup Time": 2335.131, "Actual Total Time": 4057.425, "Actual Rows": 1039230, "Actual Loops": 1, "Inner Unique": false, "Shared Hit Blocks": 490835, "Shared Read Blocks": 71195, "Shared Dirtied Blocks": 0, "Shared Written Blocks": 0, "Local Hit Blocks": 0, "Local Read Blocks": 0, "Local Dirtied Blocks": 0, "Local Written Blocks": 0, "Temp Read Blocks": 8611, "Temp Written Blocks": 8611, "I/O Read Time": 401.791, "I/O Write Time": 0.0, "Plans": [{"Node Type": "Hash Join", "Parent Relationship": "Outer", "Parallel Aware": false, "Join Type": "Inner", "Startup Cost": 186995.29, "Total Cost": 226754.14, "Plan Rows": 120437, "Plan Width": 12, "Actual Startup Time": 2335.097, "Actual Total Time": 3181.185, "Actual Rows": 73368, "Actual Loops": 1, "Output": ["t.id", "mi_idx.movie_id", "mk.movie_id"], "Inner Unique": false, "Hash Cond": "(mi_idx.movie_id = t.id)", "Shared Hit Blocks": 3, "Shared Read Blocks": 68387, "Shared Dirtied Blocks": 0, "Shared Written Blocks": 0, "Local Hit Blocks": 0, "Local Read Blocks": 0, "Local Dirtied Blocks": 0, "Local Written Blocks": 0, "Temp Read Blocks": 8611, "Temp Written Blocks": 8611, "I/O Read Time": 221.797, "I/O Write Time": 0.0, "Plans": [{"Node Type": "Seq Scan", "Parent Relationship": "Outer", "Parallel Aware": false, "Relation Name": "movie_info_idx", "Schema": "public", "Alias": "mi_idx", "Startup Cost": 0.0, "Total Cost": 21735.35, "Plan Rows": 1380035, "Plan Width": 4, "Actual Startup Time": 0.127, "Actual Total Time": 303.525, "Actual Rows": 1380035, "Actual Loops": 1, "Output": ["mi_idx.movie_id"], "Shared Hit Blocks": 0, "Shared Read Blocks": 7935, "Shared Dirtied Blocks": 0, "Shared Written Blocks": 0, "Local Hit Blocks": 0, "Local Read Blocks": 0, "Local Dirtied Blocks": 0, "Local Written Blocks": 0, "Temp Read Blocks": 0, "Temp Written Blocks": 0, "I/O Read Time": 40.662, "I/O Write Time": 0.0}, {"Node Type": "Hash", "Parent Relationship": "Inner", "Parallel Aware": false, "Startup Cost": 183374.95, "Total Cost": 183374.95, "Plan Rows": 220667, "Plan Width": 8, "Actual Startup Time": 2334.42, "Actual Total Time": 2334.423, "Actual Rows": 52179, "Actual Loops": 1, "Output": ["t.id", "mk.movie_id"], "Hash Buckets": 131072, "Original Hash Buckets": 131072, "Hash Batches": 4, "Original Hash Batches": 4, "Peak Memory Usage": 1548, "Shared Hit Blocks": 0, "Shared Read Blocks": 60452, "Shared Dirtied Blocks": 0, "Shared Written Blocks": 0, "Local Hit Blocks": 0, "Local Read Blocks": 0, "Local Dirtied Blocks": 0, "Local Written Blocks": 0, "Temp Read Blocks": 5443, "Temp Written Blocks": 5574, "I/O Read Time": 181.136, "I/O Write Time": 0.0, "Plans": [{"Node Type": "Hash Join", "Parent Relationship": "Outer", "Parallel Aware": false, "Join Type": "Inner", "Startup Cost": 92597.36, "Total Cost": 183374.95, "Plan Rows": 220667, "Plan Width": 8, "Actual Startup Time": 1098.533, "Actual Total Time": 2317.976, "Actual Rows": 52179, "Actual Loops": 1, "Output": ["t.id", "mk.movie_id"], "Inner Unique": true, "Hash Cond": "(mk.movie_id = t.id)", "Shared Hit Blocks": 0, "Shared Read Blocks": 60452, "Shared Dirtied Blocks": 0, "Shared Written Blocks": 0, "Local Hit Blocks": 0, "Local Read Blocks": 0, "Local Dirtied Blocks": 0, "Local Written Blocks": 0, "Temp Read Blocks": 5443, "Temp Written Blocks": 5443, "I/O Read Time": 181.136, "I/O Write Time": 0.0, "Plans": [{"Node Type": "Seq Scan", "Parent Relationship": "Outer", "Parallel Aware": false, "Relation Name": "movie_keyword", "Schema": "public", "Alias": "mk", "Startup Cost": 0.0, "Total Cost": 81003.12, "Plan Rows": 366272, "Plan Width": 4, "Actual Startup Time": 0.132, "Actual Total Time": 828.366, "Actual Rows": 363692, "Actual Loops": 1, "Output": ["mk.movie_id"], "Filter": "(mk.keyword_id < 335)", "Rows Removed by Filter": 4160238, "Shared Hit Blocks": 0, "Shared Read Blocks": 24454, "Shared Dirtied Blocks": 0, "Shared Written Blocks": 0, "Local Hit Blocks": 0, "Local Read Blocks": 0, "Local Dirtied Blocks": 0, "Local Written Blocks": 0, "Temp Read Blocks": 0, "Temp Written Blocks": 0, "I/O Read Time": 119.417, "I/O Write Time": 0.0}, {"Node Type": "Hash", "Parent Relationship": "Inner", "Parallel Aware": false, "Startup Cost": 67604.5, "Total Cost": 67604.5, "Plan Rows": 1523349, "Plan Width": 4, "Actual Startup Time": 1097.235, "Actual Total Time": 1097.236, "Actual Rows": 1543264, "Actual Loops": 1, "Output": ["t.id"], "Hash Buckets": 131072, "Original Hash Buckets": 131072, "Hash Batches": 32, "Original Hash Batches": 32, "Peak Memory Usage": 2722, "Shared Hit Blocks": 0, "Shared Read Blocks": 35998, "Shared Dirtied Blocks": 0, "Shared Written Blocks": 0, "Local Hit Blocks": 0, "Local Read Blocks": 0, "Local Dirtied Blocks": 0, "Local Written Blocks": 0, "Temp Read Blocks": 0, "Temp Written Blocks": 4365, "I/O Read Time": 61.719, "I/O Write Time": 0.0, "Plans": [{"Node Type": "Seq Scan", "Parent Relationship": "Outer", "Parallel Aware": false, "Relation Name": "title", "Schema": "public", "Alias": "t", "Startup Cost": 0.0, "Total Cost": 67604.5, "Plan Rows": 1523349, "Plan Width": 4, "Actual Startup Time": 0.132, "Actual Total Time": 634.522, "Actual Rows": 1543264, "Actual Loops": 1, "Output": ["t.id"], "Filter": "(t.kind_id = 7)", "Rows Removed by Filter": 985048, "Shared Hit Blocks": 0, "Shared Read Blocks": 35998, "Shared Dirtied Blocks": 0, "Shared Written Blocks": 0, "Local Hit Blocks": 0, "Local Read Blocks": 0, "Local Dirtied Blocks": 0, "Local Written Blocks": 0, "Temp Read Blocks": 0, "Temp Written Blocks": 0, "I/O Read Time": 61.719, "I/O Write Time": 0.0}]}]}]}]}, {"Node Type": "Index Only Scan", "Parent Relationship": "Inner", "Parallel Aware": false, "Scan Direction": "Forward", "Index Name": "movie_id_movie_info", "Relation Name": "movie_info", "Schema": "public", "Alias": "mi", "Startup Cost": 0.43, "Total Cost": 1.19, "Plan Rows": 39, "Plan Width": 4, "Actual Startup Time": 0.007, "Actual Total Time": 0.01, "Actual Rows": 14, "Actual Loops": 73368, "Output": ["mi.movie_id"], "Index Cond": "(mi.movie_id = t.id)", "Rows Removed by Index Recheck": 0, "Heap Fetches": 0, "Shared Hit Blocks": 490832, "Shared Read Blocks": 2808, "Shared Dirtied Blocks": 0, "Shared Written Blocks": 0, "Local Hit Blocks": 0, "Local Read Blocks": 0, "Local Dirtied Blocks": 0, "Local Written Blocks": 0, "Temp Read Blocks": 0, "Temp Written Blocks": 0, "I/O Read Time": 179.994, "I/O Write Time": 0.0}]}]}, "Planning": {"Shared Hit Blocks": 298, "Shared Read Blocks": 48, "Shared Dirtied Blocks": 0, "Shared Written Blocks": 0, "Local Hit Blocks": 0, "Local Read Blocks": 0, "Local Dirtied Blocks": 0, "Local Written Blocks": 0, "Temp Read Blocks": 0, "Temp Written Blocks": 0, "I/O Read Time": 3.663, "I/O Write Time": 0.0}, "Planning Time": 6.185, "Triggers": [], "Execution Time": 4175.81}, "template": "scale", "query": "EXPLAIN (ANALYZE, COSTS, BUFFERS, VERBOSE, FORMAT JSON) SELECT COUNT(*) FROM title t,movie_info mi,movie_info_idx mi_idx,movie_keyword mk WHERE t.id=mi.movie_id AND t.id=mi_idx.movie_id AND t.id=mk.movie_id AND t.kind_id=7 AND mk.keyword_id<335;"}
{"planinfo": {"Plan": {"Node Type": "Aggregate", "Strategy": "Plain", "Partial Mode": "Simple", "Parallel Aware": false, "Startup Cost": 166316.67, "Total Cost": 166316.68, "Plan Rows": 1, "Plan Width": 8, "Actual Startup Time": 3230.977, "Actual Total Time": 3230.98, "Actual Rows": 1, "Actual Loops": 1, "Output": ["count(*)"], "Shared Hit Blocks": 3, "Shared Read Blocks": 54788, "Shared Dirtied Blocks": 0, "Shared Written Blocks": 0, "Local Hit Blocks": 0, "Local Read Blocks": 0, "Local Dirtied Blocks": 0, "Local Written Blocks": 0, "Temp Read Blocks": 9645, "Temp Written Blocks": 9645, "I/O Read Time": 160.67, "I/O Write Time": 0.0, "Plans": [{"Node Type": "Hash Join", "Parent Relationship": "Outer", "Parallel Aware": false, "Join Type": "Inner", "Startup Cost": 88457.47, "Total Cost": 164031.74, "Plan Rows": 913971, "Plan Width": 0, "Actual Startup Time": 889.677, "Actual Total Time": 3047.941, "Actual Rows": 1770929, "Actual Loops": 1, "Inner Unique": true, "Hash Cond": "(mc.movie_id = t.id)", "Shared Hit Blocks": 3, "Shared Read Blocks": 54788, "Shared Dirtied Blocks": 0, "Shared Written Blocks": 0, "Local Hit Blocks": 0, "Local Read Blocks": 0, "Local Dirtied Blocks": 0, "Local Written Blocks": 0, "Temp Read Blocks": 9645, "Temp Written Blocks": 9645, "I/O Read Time": 160.67, "I/O Write Time": 0.0, "Plans": [{"Node Type": "Seq Scan", "Parent Relationship": "Outer", "Parallel Aware": false, "Relation Name": "movie_companies", "Schema": "public", "Alias": "mc", "Startup Cost": 0.0, "Total Cost": 44881.29, "Plan Rows": 2609129, "Plan Width": 4, "Actual Startup Time": 0.119, "Actual Total Time": 596.021, "Actual Rows": 2609129, "Actual Loops": 1, "Output": ["mc.movie_id"], "Shared Hit Blocks": 0, "Shared Read Blocks": 18790, "Shared Dirtied Blocks": 0, "Shared Written Blocks": 0, "Local Hit Blocks": 0, "Local Read Blocks": 0, "Local Dirtied Blocks": 0, "Local Written Blocks": 0, "Temp Read Blocks": 0, "Temp Written Blocks": 0, "I/O Read Time": 96.357, "I/O Write Time": 0.0}, {"Node Type": "Hash", "Parent Relationship": "Inner", "Parallel Aware": false, "Startup Cost": 73925.8, "Total Cost": 73925.8, "Plan Rows": 885734, "Plan Width": 4, "Actual Startup Time": 888.902, "Actual Total Time": 888.903, "Actual Rows": 896788, "Actual Loops": 1, "Output": ["t.id"], "Hash Buckets": 131072, "Original Hash Buckets": 131072, "Hash Batches": 16, "Original Hash Batches": 16, "Peak Memory Usage": 2998, "Shared Hit Blocks": 0, "Shared Read Blocks": 35998, "Shared Dirtied Blocks": 0, "Shared Written Blocks": 0, "Local Hit Blocks": 0, "Local Read Blocks": 0, "Local Dirtied Blocks": 0, "Local Written Blocks": 0, "Temp Read Blocks": 0, "Temp Written Blocks": 2454, "I/O Read Time": 64.313, "I/O Write Time": 0.0, "Plans": [{"Node Type": "Seq Scan", "Parent Relationship": "Outer", "Parallel Aware": false, "Relation Name": "title", "Schema": "public", "Alias": "t", "Startup Cost": 0.0, "Total Cost": 73925.8, "Plan Rows": 885734, "Plan Width": 4, "Actual Startup Time": 0.14, "Actual Total Time": 612.378, "Actual Rows": 896788, "Actual Loops": 1, "Output": ["t.id"], "Filter": "((t.kind_id < 7) AND (t.production_year < 2012))", "Rows Removed by Filter": 1631524, "Shared Hit Blocks": 0, "Shared Read Blocks": 35998, "Shared Dirtied Blocks": 0, "Shared Written Blocks": 0, "Local Hit Blocks": 0, "Local Read Blocks": 0, "Local Dirtied Blocks": 0, "Local Written Blocks": 0, "Temp Read Blocks": 0, "Temp Written Blocks": 0, "I/O Read Time": 64.313, "I/O Write Time": 0.0}]}]}]}, "Planning": {"Shared Hit Blocks": 115, "Shared Read Blocks": 28, "Shared Dirtied Blocks": 0, "Shared Written Blocks": 0, "Local Hit Blocks": 0, "Local Read Blocks": 0, "Local Dirtied Blocks": 0, "Local Written Blocks": 0, "Temp Read Blocks": 0, "Temp Written Blocks": 0, "I/O Read Time": 1.993, "I/O Write Time": 0.0}, "Planning Time": 2.976, "Triggers": [], "Execution Time": 3231.166}, "template": "scale", "query": "EXPLAIN (ANALYZE, COSTS, BUFFERS, VERBOSE, FORMAT JSON) SELECT COUNT(*) FROM title t,movie_companies mc WHERE t.id=mc.movie_id AND t.kind_id<7 AND t.production_year<2012;"}
{"planinfo": {"Plan": {"Node Type": "Aggregate", "Strategy": "Plain", "Partial Mode": "Simple", "Parallel Aware": false, "Startup Cost": 73950.71, "Total Cost": 73950.72, "Plan Rows": 1, "Plan Width": 8, "Actual Startup Time": 570.788, "Actual Total Time": 570.789, "Actual Rows": 1, "Actual Loops": 1, "Output": ["count(*)"], "Shared Hit Blocks": 0, "Shared Read Blocks": 35998, "Shared Dirtied Blocks": 0, "Shared Written Blocks": 0, "Local Hit Blocks": 0, "Local Read Blocks": 0, "Local Dirtied Blocks": 0, "Local Written Blocks": 0, "Temp Read Blocks": 0, "Temp Written Blocks": 0, "I/O Read Time": 66.002, "I/O Write Time": 0.0, "Plans": [{"Node Type": "Seq Scan", "Parent Relationship": "Outer", "Parallel Aware": false, "Relation Name": "title", "Schema": "public", "Alias": "t", "Startup Cost": 0.0, "Total Cost": 73925.8, "Plan Rows": 9964, "Plan Width": 0, "Actual Startup Time": 0.364, "Actual Total Time": 569.004, "Actual Rows": 8942, "Actual Loops": 1, "Output": ["id", "title", "imdb_index", "kind_id", "production_year", "imdb_id", "phonetic_code", "episode_of_id", "season_nr", "episode_nr", "series_years", "md5sum"], "Filter": "((t.kind_id > 2) AND (t.production_year = 1974))", "Rows Removed by Filter": 2519370, "Shared Hit Blocks": 0, "Shared Read Blocks": 35998, "Shared Dirtied Blocks": 0, "Shared Written Blocks": 0, "Local Hit Blocks": 0, "Local Read Blocks": 0, "Local Dirtied Blocks": 0, "Local Written Blocks": 0, "Temp Read Blocks": 0, "Temp Written Blocks": 0, "I/O Read Time": 66.002, "I/O Write Time": 0.0}]}, "Planning": {"Shared Hit Blocks": 44, "Shared Read Blocks": 8, "Shared Dirtied Blocks": 0, "Shared Written Blocks": 0, "Local Hit Blocks": 0, "Local Read Blocks": 0, "Local Dirtied Blocks": 0, "Local Written Blocks": 0, "Temp Read Blocks": 0, "Temp Written Blocks": 0, "I/O Read Time": 0.533, "I/O Write Time": 0.0}, "Planning Time": 0.92, "Triggers": [], "Execution Time": 570.831}, "template": "scale", "query": "EXPLAIN (ANALYZE, COSTS, BUFFERS, VERBOSE, FORMAT JSON) SELECT COUNT(*) FROM title t WHERE t.kind_id>2 AND t.production_year=1974;"}
{"planinfo": {"Plan": {"Node Type": "Aggregate", "Strategy": "Plain", "Partial Mode": "Simple", "Parallel Aware": false, "Startup Cost": 539817.04, "Total Cost": 539817.05, "Plan Rows": 1, "Plan Width": 8, "Actual Startup Time": 9319.493, "Actual Total Time": 9319.496, "Actual Rows": 1, "Actual Loops": 1, "Output": ["count(*)"], "Shared Hit Blocks": 3, "Shared Read Blocks": 197991, "Shared Dirtied Blocks": 0, "Shared Written Blocks": 0, "Local Hit Blocks": 0, "Local Read Blocks": 0, "Local Dirtied Blocks": 0, "Local Written Blocks": 0, "Temp Read Blocks": 25305, "Temp Written Blocks": 25305, "I/O Read Time": 320.567, "I/O Write Time": 0.0, "Plans": [{"Node Type": "Hash Join", "Parent Relationship": "Outer", "Parallel Aware": false, "Join Type": "Inner", "Startup Cost": 102767.7, "Total Cost": 524368.41, "Plan Rows": 6179452, "Plan Width": 0, "Actual Startup Time": 1459.633, "Actual Total Time": 8686.751, "Actual Rows": 6223494, "Actual Loops": 1, "Inner Unique": true, "Hash Cond": "(mi.movie_id = t.id)", "Shared Hit Blocks": 3, "Shared Read Blocks": 197991, "Shared Dirtied Blocks": 0, "Shared Written Blocks": 0, "Local Hit Blocks": 0, "Local Read Blocks": 0, "Local Dirtied Blocks": 0, "Local Written Blocks": 0, "Temp Read Blocks": 25305, "Temp Written Blocks": 25305, "I/O Read Time": 320.567, "I/O Write Time": 0.0, "Plans": [{"Node Type": "Seq Scan", "Parent Relationship": "Outer", "Parallel Aware": false, "Relation Name": "movie_info", "Schema": "public", "Alias": "mi", "Startup Cost": 0.0, "Total Cost": 347223.62, "Plan Rows": 6179452, "Plan Width": 4, "Actual Startup Time": 175.113, "Actual Total Time": 3204.712, "Actual Rows": 6223494, "Actual Loops": 1, "Output": ["mi.movie_id"], "Filter": "(mi.info_type_id > 8)", "Rows Removed by Filter": 8612226, "Shared Hit Blocks": 0, "Shared Read Blocks": 161993, "Shared Dirtied Blocks": 0, "Shared Written Blocks": 0, "Local Hit Blocks": 0, "Local Read Blocks": 0, "Local Dirtied Blocks": 0, "Local Written Blocks": 0, "Temp Read Blocks": 0, "Temp Written Blocks": 0, "I/O Read Time": 261.417, "I/O Write Time": 0.0}, {"Node Type": "Hash", "Parent Relationship": "Inner", "Parallel Aware": false, "Startup Cost": 61283.2, "Total Cost": 61283.2, "Plan Rows": 2528520, "Plan Width": 4, "Actual Startup Time": 1283.78, "Actual Total Time": 1283.781, "Actual Rows": 2528312, "Actual Loops": 1, "Output": ["t.id"], "Hash Buckets": 131072, "Original Hash Buckets": 131072, "Hash Batches": 64, "Original Hash Batches": 64, "Peak Memory Usage": 2415, "Shared Hit Blocks": 0, "Shared Read Blocks": 35998, "Shared Dirtied Blocks": 0, "Shared Written Blocks": 0, "Local Hit Blocks": 0, "Local Read Blocks": 0, "Local Dirtied Blocks": 0, "Local Written Blocks": 0, "Temp Read Blocks": 0, "Temp Written Blocks": 7262, "I/O Read Time": 59.15, "I/O Write Time": 0.0, "Plans": [{"Node Type": "Seq Scan", "Parent Relationship": "Outer", "Parallel Aware": false, "Relation Name": "title", "Schema": "public", "Alias": "t", "Startup Cost": 0.0, "Total Cost": 61283.2, "Plan Rows": 2528520, "Plan Width": 4, "Actual Startup Time": 0.165, "Actual Total Time": 546.564, "Actual Rows": 2528312, "Actual Loops": 1, "Output": ["t.id"], "Shared Hit Blocks": 0, "Shared Read Blocks": 35998, "Shared Dirtied Blocks": 0, "Shared Written Blocks": 0, "Local Hit Blocks": 0, "Local Read Blocks": 0, "Local Dirtied Blocks": 0, "Local Written Blocks": 0, "Temp Read Blocks": 0, "Temp Written Blocks": 0, "I/O Read Time": 59.15, "I/O Write Time": 0.0}]}]}]}, "Planning": {"Shared Hit Blocks": 104, "Shared Read Blocks": 31, "Shared Dirtied Blocks": 0, "Shared Written Blocks": 0, "Local Hit Blocks": 0, "Local Read Blocks": 0, "Local Dirtied Blocks": 0, "Local Written Blocks": 0, "Temp Read Blocks": 0, "Temp Written Blocks": 0, "I/O Read Time": 2.01, "I/O Write Time": 0.0}, "Planning Time": 2.958, "Triggers": [], "Execution Time": 9319.647}, "template": "scale", "query": "EXPLAIN (ANALYZE, COSTS, BUFFERS, VERBOSE, FORMAT JSON) SELECT COUNT(*) FROM title t,movie_info mi WHERE t.id=mi.movie_id AND mi.info_type_id>8;"}
{"planinfo": {"Plan": {"Node Type": "Aggregate", "Strategy": "Plain", "Partial Mode": "Simple", "Parallel Aware": false, "Startup Cost": 106374.78, "Total Cost": 106374.79, "Plan Rows": 1, "Plan Width": 8, "Actual Startup Time": 1167.456, "Actual Total Time": 1167.459, "Actual Rows": 1, "Actual Loops": 1, "Output": ["count(*)"], "Shared Hit Blocks": 3, "Shared Read Blocks": 43933, "Shared Dirtied Blocks": 0, "Shared Written Blocks": 0, "Local Hit Blocks": 0, "Local Read Blocks": 0, "Local Dirtied Blocks": 0, "Local Written Blocks": 0, "Temp Read Blocks": 1685, "Temp Written Blocks": 1685, "I/O Read Time": 105.281, "I/O Write Time": 0.0, "Plans": [{"Node Type": "Hash Join", "Parent Relationship": "Outer", "Parallel Aware": false, "Join Type": "Inner", "Startup Cost": 75847.37, "Total Cost": 106321.23, "Plan Rows": 21423, "Plan Width": 0, "Actual Startup Time": 789.955, "Actual Total Time": 1160.029, "Actual Rows": 62556, "Actual Loops": 1, "Inner Unique": true, "Hash Cond": "(mi_idx.movie_id = t.id)", "Shared Hit Blocks": 3, "Shared Read Blocks": 43933, "Shared Dirtied Blocks": 0, "Shared Written Blocks": 0, "Local Hit Blocks": 0, "Local Read Blocks": 0, "Local Dirtied Blocks": 0, "Local Written Blocks": 0, "Temp Read Blocks": 1685, "Temp Written Blocks": 1685, "I/O Read Time": 105.281, "I/O Write Time": 0.0, "Plans": [{"Node Type": "Seq Scan", "Parent Relationship": "Outer", "Parallel Aware": false, "Relation Name": "movie_info_idx", "Schema": "public", "Alias": "mi_idx", "Startup Cost": 0.0, "Total Cost": 25185.44, "Plan Rows": 462634, "Plan Width": 4, "Actual Startup Time": 0.122, "Actual Total Time": 297.846, "Actual Rows": 459925, "Actual Loops": 1, "Output": ["mi_idx.movie_id"], "Filter": "(mi_idx.info_type_id = 100)", "Rows Removed by Filter": 920110, "Shared Hit Blocks": 0, "Shared Read Blocks": 7935, "Shared Dirtied Blocks": 0, "Shared Written Blocks": 0, "Local Hit Blocks": 0, "Local Read Blocks": 0, "Local Dirtied Blocks": 0, "Local Written Blocks": 0, "Temp Read Blocks": 0, "Temp Written Blocks": 0, "I/O Read Time": 40.358, "I/O Write Time": 0.0}, {"Node Type": "Hash", "Parent Relationship": "Inner", "Parallel Aware": false, "Startup Cost": 73925.8, "Total Cost": 73925.8, "Plan Rows": 117086, "Plan Width": 4, "Actual Startup Time": 621.0, "Actual Total Time": 621.001, "Actual Rows": 248210, "Actual Loops": 1, "Output": ["t.id"], "Hash Buckets": 131072, "Original Hash Buckets": 131072, "Hash Batches": 4, "Original Hash Batches": 2, "Peak Memory Usage": 3207, "Shared Hit Blocks": 0, "Shared Read Blocks": 35998, "Shared Dirtied Blocks": 0, "Shared Written Blocks": 0, "Local Hit Blocks": 0, "Local Read Blocks": 0, "Local Dirtied Blocks": 0, "Local Written Blocks": 0, "Temp Read Blocks": 0, "Temp Written Blocks": 543, "I/O Read Time": 64.923, "I/O Write Time": 0.0, "Plans": [{"Node Type": "Seq Scan", "Parent Relationship": "Outer", "Parallel Aware": false, "Relation Name": "title", "Schema": "public", "Alias": "t", "Startup Cost": 0.0, "Total Cost": 73925.8, "Plan Rows": 117086, "Plan Width": 4, "Actual Startup Time": 289.031, "Actual Total Time": 536.937, "Actual Rows": 248210, "Actual Loops": 1, "Output": ["t.id"], "Filter": "((t.production_year < 1975) AND (t.kind_id = 1))", "Rows Removed by Filter": 2280102, "Shared Hit Blocks": 0, "Shared Read Blocks": 35998, "Shared Dirtied Blocks": 0, "Shared Written Blocks": 0, "Local Hit Blocks": 0, "Local Read Blocks": 0, "Local Dirtied Blocks": 0, "Local Written Blocks": 0, "Temp Read Blocks": 0, "Temp Written Blocks": 0, "I/O Read Time": 64.923, "I/O Write Time": 0.0}]}]}]}, "Planning": {"Shared Hit Blocks": 104, "Shared Read Blocks": 27, "Shared Dirtied Blocks": 0, "Shared Written Blocks": 0, "Local Hit Blocks": 0, "Local Read Blocks": 0, "Local Dirtied Blocks": 0, "Local Written Blocks": 0, "Temp Read Blocks": 0, "Temp Written Blocks": 0, "I/O Read Time": 1.937, "I/O Write Time": 0.0}, "Planning Time": 2.88, "Triggers": [], "Execution Time": 1167.67}, "template": "scale", "query": "EXPLAIN (ANALYZE, COSTS, BUFFERS, VERBOSE, FORMAT JSON) SELECT COUNT(*) FROM title t,movie_info_idx mi_idx WHERE t.id=mi_idx.movie_id AND t.kind_id=1 AND t.production_year<1975 AND mi_idx.info_type_id=100;"}
{"planinfo": {"Plan": {"Node Type": "Aggregate", "Strategy": "Plain", "Partial Mode": "Simple", "Parallel Aware": false, "Startup Cost": 201748.98, "Total Cost": 201748.99, "Plan Rows": 1, "Plan Width": 8, "Actual Startup Time": 3841.326, "Actual Total Time": 3841.329, "Actual Rows": 1, "Actual Loops": 1, "Output": ["count(*)"], "Shared Hit Blocks": 3, "Shared Read Blocks": 60452, "Shared Dirtied Blocks": 0, "Shared Written Blocks": 0, "Local Hit Blocks": 0, "Local Read Blocks": 0, "Local Dirtied Blocks": 0, "Local Written Blocks": 0, "Temp Read Blocks": 12391, "Temp Written Blocks": 12391, "I/O Read Time": 197.712, "I/O Write Time": 0.0, "Plans": [{"Node Type": "Hash Join", "Parent Relationship": "Outer", "Parallel Aware": false, "Join Type": "Inner", "Startup Cost": 81147.61, "Total Cost": 199780.25, "Plan Rows": 787490, "Plan Width": 0, "Actual Startup Time": 1074.994, "Actual Total Time": 3699.711, "Actual Rows": 1341449, "Actual Loops": 1, "Inner Unique": true, "Hash Cond": "(mk.movie_id = t.id)", "Shared Hit Blocks": 3, "Shared Read Blocks": 60452, "Shared Dirtied Blocks": 0, "Shared Written Blocks": 0, "Local Hit Blocks": 0, "Local Read Blocks": 0, "Local Dirtied Blocks": 0, "Local Written Blocks": 0, "Temp Read Blocks": 12391, "Temp Written Blocks": 12391, "I/O Read Time": 197.712, "I/O Write Time": 0.0, "Plans": [{"Node Type": "Seq Scan", "Parent Relationship": "Outer", "Parallel Aware": false, "Relation Name": "movie_keyword", "Schema": "public", "Alias": "mk", "Startup Cost": 0.0, "Total Cost": 69693.3, "Plan Rows": 4523930, "Plan Width": 4, "Actual Startup Time": 0.119, "Actual Total Time": 968.758, "Actual Rows": 4523930, "Actual Loops": 1, "Output": ["mk.movie_id"], "Shared Hit Blocks": 0, "Shared Read Blocks": 24454, "Shared Dirtied Blocks": 0, "Shared Written Blocks": 0, "Local Hit Blocks": 0, "Local Read Blocks": 0, "Local Dirtied Blocks": 0, "Local Written Blocks": 0, "Temp Read Blocks": 0, "Temp Written Blocks": 0, "I/O Read Time": 133.787, "I/O Write Time": 0.0}, {"Node Type": "Hash", "Parent Relationship": "Inner", "Parallel Aware": false, "Startup Cost": 73925.8, "Total Cost": 73925.8, "Plan Rows": 440145, "Plan Width": 4, "Actual Startup Time": 680.351, "Actual Total Time": 680.352, "Actual Rows": 314685, "Actual Loops": 1, "Output": ["t.id"], "Hash Buckets": 131072, "Original Hash Buckets": 131072, "Hash Batches": 8, "Original Hash Batches": 8, "Peak Memory Usage": 2411, "Shared Hit Blocks": 0, "Shared Read Blocks": 35998, "Shared Dirtied Blocks": 0, "Shared Written Blocks": 0, "Local Hit Blocks": 0, "Local Read Blocks": 0, "Local Dirtied Blocks": 0, "Local Written Blocks": 0, "Temp Read Blocks": 0, "Temp Written Blocks": 802, "I/O Read Time": 63.925, "I/O Write Time": 0.0, "Plans": [{"Node Type": "Seq Scan", "Parent Relationship": "Outer", "Parallel Aware": false, "Relation Name": "title", "Schema": "public", "Alias": "t", "Startup Cost": 0.0, "Total Cost": 73925.8, "Plan Rows": 440145, "Plan Width": 4, "Actual Startup Time": 19.093, "Actual Total Time": 579.846, "Actual Rows": 314685, "Actual Loops": 1, "Output": ["t.id"], "Filter": "((t.production_year > 1994) AND (t.kind_id = 1))", "Rows Removed by Filter": 2213627, "Shared Hit Blocks": 0, "Shared Read Blocks": 35998, "Shared Dirtied Blocks": 0, "Shared Written Blocks": 0, "Local Hit Blocks": 0, "Local Read Blocks": 0, "Local Dirtied Blocks": 0, "Local Written Blocks": 0, "Temp Read Blocks": 0, "Temp Written Blocks": 0, "I/O Read Time": 63.925, "I/O Write Time": 0.0}]}]}]}, "Planning": {"Shared Hit Blocks": 107, "Shared Read Blocks": 26, "Shared Dirtied Blocks": 0, "Shared Written Blocks": 0, "Local Hit Blocks": 0, "Local Read Blocks": 0, "Local Dirtied Blocks": 0, "Local Written Blocks": 0, "Temp Read Blocks": 0, "Temp Written Blocks": 0, "I/O Read Time": 1.778, "I/O Write Time": 0.0}, "Planning Time": 2.686, "Triggers": [], "Execution Time": 3841.483}, "template": "scale", "query": "EXPLAIN (ANALYZE, COSTS, BUFFERS, VERBOSE, FORMAT JSON) SELECT COUNT(*) FROM title t,movie_keyword mk WHERE t.id=mk.movie_id AND t.kind_id=1 AND t.production_year>1994;"}
{"planinfo": {"Plan": {"Node Type": "Aggregate", "Strategy": "Plain", "Partial Mode": "Simple", "Parallel Aware": false, "Startup Cost": 9.35, "Total Cost": 9.36, "Plan Rows": 1, "Plan Width": 8, "Actual Startup Time": 0.507, "Actual Total Time": 0.508, "Actual Rows": 1, "Actual Loops": 1, "Output": ["count(*)"], "Shared Hit Blocks": 0, "Shared Read Blocks": 4, "Shared Dirtied Blocks": 0, "Shared Written Blocks": 0, "Local Hit Blocks": 0, "Local Read Blocks": 0, "Local Dirtied Blocks": 0, "Local Written Blocks": 0, "Temp Read Blocks": 0, "Temp Written Blocks": 0, "I/O Read Time": 0.371, "I/O Write Time": 0.0, "Plans": [{"Node Type": "Index Only Scan", "Parent Relationship": "Outer", "Parallel Aware": false, "Scan Direction": "Forward", "Index Name": "keyword_id_movie_keyword", "Relation Name": "movie_keyword", "Schema": "public", "Alias": "mk", "Startup Cost": 0.43, "Total Cost": 8.74, "Plan Rows": 246, "Plan Width": 0, "Actual Startup Time": 0.426, "Actual Total Time": 0.468, "Actual Rows": 337, "Actual Loops": 1, "Output": ["keyword_id"], "Index Cond": "(mk.keyword_id = 12828)", "Rows Removed by Index Recheck": 0, "Heap Fetches": 0, "Shared Hit Blocks": 0, "Shared Read Blocks": 4, "Shared Dirtied Blocks": 0, "Shared Written Blocks": 0, "Local Hit Blocks": 0, "Local Read Blocks": 0, "Local Dirtied Blocks": 0, "Local Written Blocks": 0, "Temp Read Blocks": 0, "Temp Written Blocks": 0, "I/O Read Time": 0.371, "I/O Write Time": 0.0}]}, "Planning": {"Shared Hit Blocks": 49, "Shared Read Blocks": 9, "Shared Dirtied Blocks": 0, "Shared Written Blocks": 0, "Local Hit Blocks": 0, "Local Read Blocks": 0, "Local Dirtied Blocks": 0, "Local Written Blocks": 0, "Temp Read Blocks": 0, "Temp Written Blocks": 0, "I/O Read Time": 0.613, "I/O Write Time": 0.0}, "Planning Time": 1.046, "Triggers": [], "Execution Time": 0.542}, "template": "scale", "query": "EXPLAIN (ANALYZE, COSTS, BUFFERS, VERBOSE, FORMAT JSON) SELECT COUNT(*) FROM movie_keyword mk WHERE mk.keyword_id=12828;"}
{"planinfo": {"Plan": {"Node Type": "Aggregate", "Strategy": "Plain", "Partial Mode": "Simple", "Parallel Aware": false, "Startup Cost": 2752.88, "Total Cost": 2752.89, "Plan Rows": 1, "Plan Width": 8, "Actual Startup Time": 47.95, "Actual Total Time": 47.951, "Actual Rows": 1, "Actual Loops": 1, "Output": ["count(*)"], "Shared Hit Blocks": 537, "Shared Read Blocks": 509, "Shared Dirtied Blocks": 0, "Shared Written Blocks": 0, "Local Hit Blocks": 0, "Local Read Blocks": 0, "Local Dirtied Blocks": 0, "Local Written Blocks": 0, "Temp Read Blocks": 0, "Temp Written Blocks": 0, "I/O Read Time": 45.65, "I/O Write Time": 0.0, "Plans": [{"Node Type": "Nested Loop", "Parent Relationship": "Outer", "Parallel Aware": false, "Join Type": "Inner", "Startup Cost": 0.86, "Total Cost": 2752.66, "Plan Rows": 91, "Plan Width": 0, "Actual Startup Time": 0.781, "Actual Total Time": 47.886, "Actual Rows": 260, "Actual Loops": 1, "Inner Unique": true, "Shared Hit Blocks": 537, "Shared Read Blocks": 509, "Shared Dirtied Blocks": 0, "Shared Written Blocks": 0, "Local Hit Blocks": 0, "Local Read Blocks": 0, "Local Dirtied Blocks": 0, "Local Written Blocks": 0, "Temp Read Blocks": 0, "Temp Written Blocks": 0, "I/O Read Time": 45.65, "I/O Write Time": 0.0, "Plans": [{"Node Type": "Index Scan", "Parent Relationship": "Outer", "Parallel Aware": false, "Scan Direction": "Forward", "Index Name": "info_type_id_movie_info_idx", "Relation Name": "movie_info_idx", "Schema": "public", "Alias": "mi_idx", "Startup Cost": 0.43, "Total Cost": 817.16, "Plan Rows": 230, "Plan Width": 4, "Actual Startup Time": 0.497, "Actual Total Time": 0.701, "Actual Rows": 260, "Actual Loops": 1, "Output": ["mi_idx.id", "mi_idx.movie_id", "mi_idx.info_type_id", "mi_idx.info", "mi_idx.note"], "Index Cond": "(mi_idx.info_type_id > 101)", "Rows Removed by Index Recheck": 0, "Shared Hit Blocks": 0, "Shared Read Blocks": 6, "Shared Dirtied Blocks": 0, "Shared Written Blocks": 0, "Local Hit Blocks": 0, "Local Read Blocks": 0, "Local Dirtied Blocks": 0, "Local Written Blocks": 0, "Temp Read Blocks": 0, "Temp Written Blocks": 0, "I/O Read Time": 0.576, "I/O Write Time": 0.0}, {"Node Type": "Index Scan", "Parent Relationship": "Inner", "Parallel Aware": false, "Scan Direction": "Forward", "Index Name": "title_pkey", "Relation Name": "title", "Schema": "public", "Alias": "t", "Startup Cost": 0.43, "Total Cost": 8.42, "Plan Rows": 1, "Plan Width": 4, "Actual Startup Time": 0.181, "Actual Total Time": 0.181, "Actual Rows": 1, "Actual Loops": 260, "Output": ["t.id", "t.title", "t.imdb_index", "t.kind_id", "t.production_year", "t.imdb_id", "t.phonetic_code", "t.episode_of_id", "t.season_nr", "t.episode_nr", "t.series_years", "t.md5sum"], "Index Cond": "(t.id = mi_idx.movie_id)", "Rows Removed by Index Recheck": 0, "Filter": "(t.kind_id < 7)", "Rows Removed by Filter": 0, "Shared Hit Blocks": 537, "Shared Read Blocks": 503, "Shared Dirtied Blocks": 0, "Shared Written Blocks": 0, "Local Hit Blocks": 0, "Local Read Blocks": 0, "Local Dirtied Blocks": 0, "Local Written Blocks": 0, "Temp Read Blocks": 0, "Temp Written Blocks": 0, "I/O Read Time": 45.073, "I/O Write Time": 0.0}]}]}, "Planning": {"Shared Hit Blocks": 109, "Shared Read Blocks": 25, "Shared Dirtied Blocks": 0, "Shared Written Blocks": 0, "Local Hit Blocks": 0, "Local Read Blocks": 0, "Local Dirtied Blocks": 0, "Local Written Blocks": 0, "Temp Read Blocks": 0, "Temp Written Blocks": 0, "I/O Read Time": 1.723, "I/O Write Time": 0.0}, "Planning Time": 2.637, "Triggers": [], "Execution Time": 48.023}, "template": "scale", "query": "EXPLAIN (ANALYZE, COSTS, BUFFERS, VERBOSE, FORMAT JSON) SELECT COUNT(*) FROM title t,movie_info_idx mi_idx WHERE t.id=mi_idx.movie_id AND t.kind_id<7 AND mi_idx.info_type_id>101;"}
{"planinfo": {"Plan": {"Node Type": "Aggregate", "Strategy": "Plain", "Partial Mode": "Simple", "Parallel Aware": false, "Startup Cost": 71482.98, "Total Cost": 71482.99, "Plan Rows": 1, "Plan Width": 8, "Actual Startup Time": 771.306, "Actual Total Time": 771.307, "Actual Rows": 1, "Actual Loops": 1, "Output": ["count(*)"], "Shared Hit Blocks": 0, "Shared Read Blocks": 35998, "Shared Dirtied Blocks": 0, "Shared Written Blocks": 0, "Local Hit Blocks": 0, "Local Read Blocks": 0, "Local Dirtied Blocks": 0, "Local Written Blocks": 0, "Temp Read Blocks": 0, "Temp Written Blocks": 0, "I/O Read Time": 61.19, "I/O Write Time": 0.0, "Plans": [{"Node Type": "Seq Scan", "Parent Relationship": "Outer", "Parallel Aware": false, "Relation Name": "title", "Schema": "public", "Alias": "t", "Startup Cost": 0.0, "Total Cost": 67604.5, "Plan Rows": 1551391, "Plan Width": 0, "Actual Startup Time": 0.143, "Actual Total Time": 601.537, "Actual Rows": 1551727, "Actual Loops": 1, "Output": ["id", "title", "imdb_index", "kind_id", "production_year", "imdb_id", "phonetic_code", "episode_of_id", "season_nr", "episode_nr", "series_years", "md5sum"], "Filter": "(t.production_year < 2007)", "Rows Removed by Filter": 976585, "Shared Hit Blocks": 0, "Shared Read Blocks": 35998, "Shared Dirtied Blocks": 0, "Shared Written Blocks": 0, "Local Hit Blocks": 0, "Local Read Blocks": 0, "Local Dirtied Blocks": 0, "Local Written Blocks": 0, "Temp Read Blocks": 0, "Temp Written Blocks": 0, "I/O Read Time": 61.19, "I/O Write Time": 0.0}]}, "Planning": {"Shared Hit Blocks": 31, "Shared Read Blocks": 7, "Shared Dirtied Blocks": 0, "Shared Written Blocks": 0, "Local Hit Blocks": 0, "Local Read Blocks": 0, "Local Dirtied Blocks": 0, "Local Written Blocks": 0, "Temp Read Blocks": 0, "Temp Written Blocks": 0, "I/O Read Time": 0.476, "I/O Write Time": 0.0}, "Planning Time": 0.852, "Triggers": [], "Execution Time": 771.357}, "template": "scale", "query": "EXPLAIN (ANALYZE, COSTS, BUFFERS, VERBOSE, FORMAT JSON) SELECT COUNT(*) FROM title t WHERE t.production_year<2007;"}
{"planinfo": {"Plan": {"Node Type": "Aggregate", "Strategy": "Plain", "Partial Mode": "Simple", "Parallel Aware": false, "Startup Cost": 577279.13, "Total Cost": 577279.14, "Plan Rows": 1, "Plan Width": 8, "Actual Startup Time": 10713.465, "Actual Total Time": 10713.471, "Actual Rows": 1, "Actual Loops": 1, "Output": ["count(*)"], "Shared Hit Blocks": 3, "Shared Read Blocks": 205926, "Shared Dirtied Blocks": 0, "Shared Written Blocks": 0, "Local Hit Blocks": 0, "Local Read Blocks": 0, "Local Dirtied Blocks": 0, "Local Written Blocks": 0, "Temp Read Blocks": 28456, "Temp Written Blocks": 28456, "I/O Read Time": 421.521, "I/O Write Time": 0.0, "Plans": [{"Node Type": "Hash Join", "Parent Relationship": "Outer", "Parallel Aware": false, "Join Type": "Inner", "Startup Cost": 130953.78, "Total Cost": 574492.98, "Plan Rows": 1114461, "Plan Width": 0, "Actual Startup Time": 2236.502, "Actual Total Time": 10068.586, "Actual Rows": 6348748, "Actual Loops": 1, "Inner Unique": false, "Hash Cond": "(mi.movie_id = t.id)", "Shared Hit Blocks": 3, "Shared Read Blocks": 205926, "Shared Dirtied Blocks": 0, "Shared Written Blocks": 0, "Local Hit Blocks": 0, "Local Read Blocks": 0, "Local Dirtied Blocks": 0, "Local Written Blocks": 0, "Temp Read Blocks": 28456, "Temp Written Blocks": 28456, "I/O Read Time": 421.521, "I/O Write Time": 0.0, "Plans": [{"Node Type": "Seq Scan", "Parent Relationship": "Outer", "Parallel Aware": false, "Relation Name": "movie_info", "Schema": "public", "Alias": "mi", "Startup Cost": 0.0, "Total Cost": 347223.62, "Plan Rows": 7234394, "Plan Width": 4, "Actual Startup Time": 0.209, "Actual Total Time": 3356.598, "Actual Rows": 7286865, "Actual Loops": 1, "Output": ["mi.movie_id"], "Filter": "(mi.info_type_id < 8)", "Rows Removed by Filter": 7548855, "Shared Hit Blocks": 0, "Shared Read Blocks": 161993, "Shared Dirtied Blocks": 0, "Shared Written Blocks": 0, "Local Hit Blocks": 0, "Local Read Blocks": 0, "Local Dirtied Blocks": 0, "Local Written Blocks": 0, "Temp Read Blocks": 0, "Temp Written Blocks": 0, "I/O Read Time": 316.086, "I/O Write Time": 0.0}, {"Node Type": "Hash", "Parent Relationship": "Inner", "Parallel Aware": false, "Startup Cost": 124562.79, "Total Cost": 124562.79, "Plan Rows": 389519, "Plan Width": 8, "Actual Startup Time": 2231.841, "Actual Total Time": 2231.844, "Actual Rows": 798605, "Actual Loops": 1, "Output": ["t.id", "mi_idx.movie_id"], "Hash Buckets": 131072, "Original Hash Buckets": 131072, "Hash Batches": 16, "Original Hash Batches": 8, "Peak Memory Usage": 3073, "Shared Hit Blocks": 0, "Shared Read Blocks": 43933, "Shared Dirtied Blocks": 0, "Shared Written Blocks": 0, "Local Hit Blocks": 0, "Local Read Blocks": 0, "Local Dirtied Blocks": 0, "Local Written Blocks": 0, "Temp Read Blocks": 5863, "Temp Written Blocks": 8413, "I/O Read Time": 105.435, "I/O Write Time": 0.0, "Plans": [{"Node Type": "Hash Join", "Parent Relationship": "Outer", "Parallel Aware": false, "Join Type": "Inner", "Startup Cost": 85634.84, "Total Cost": 124562.79, "Plan Rows": 389519, "Plan Width": 8, "Actual Startup Time": 830.683, "Actual Total Time": 1983.01, "Actual Rows": 798605, "Actual Loops": 1, "Output": ["t.id", "mi_idx.movie_id"], "Inner Unique": true, "Hash Cond": "(mi_idx.movie_id = t.id)", "Shared Hit Blocks": 0, "Shared Read Blocks": 43933, "Shared Dirtied Blocks": 0, "Shared Written Blocks": 0, "Local Hit Blocks": 0, "Local Read Blocks": 0, "Local Dirtied Blocks": 0, "Local Written Blocks": 0, "Temp Read Blocks": 5863, "Temp Written Blocks": 5863, "I/O Read Time": 105.435, "I/O Write Time": 0.0, "Plans": [{"Node Type": "Seq Scan", "Parent Relationship": "Outer", "Parallel Aware": false, "Relation Name": "movie_info_idx", "Schema": "public", "Alias": "mi_idx", "Startup Cost": 0.0, "Total Cost": 21735.35, "Plan Rows": 1380035, "Plan Width": 4, "Actual Startup Time": 0.127, "Actual Total Time": 304.121, "Actual Rows": 1380035, "Actual Loops": 1, "Output": ["mi_idx.movie_id"], "Shared Hit Blocks": 0, "Shared Read Blocks": 7935, "Shared Dirtied Blocks": 0, "Shared Written Blocks": 0, "Local Hit Blocks": 0, "Local Read Blocks": 0, "Local Dirtied Blocks": 0, "Local Written Blocks": 0, "Temp Read Blocks": 0, "Temp Written Blocks": 0, "I/O Read Time": 41.449, "I/O Write Time": 0.0}, {"Node Type": "Hash", "Parent Relationship": "Inner", "Parallel Aware": false, "Startup Cost": 73925.8, "Total Cost": 73925.8, "Plan Rows": 713683, "Plan Width": 4, "Actual Startup Time": 829.466, "Actual Total Time": 829.467, "Actual Rows": 749931, "Actual Loops": 1, "Output": ["t.id"], "Hash Buckets": 131072, "Original Hash Buckets": 131072, "Hash Batches": 16, "Original Hash Batches": 16, "Peak Memory Usage": 2673, "Shared Hit Blocks": 0, "Shared Read Blocks": 35998, "Shared Dirtied Blocks": 0, "Shared Written Blocks": 0, "Local Hit Blocks": 0, "Local Read Blocks": 0, "Local Dirtied Blocks": 0, "Local Written Blocks": 0, "Temp Read Blocks": 0, "Temp Written Blocks": 2052, "I/O Read Time": 63.986, "I/O Write Time": 0.0, "Plans": [{"Node Type": "Seq Scan", "Parent Relationship": "Outer", "Parallel Aware": false, "Relation Name": "title", "Schema": "public", "Alias": "t", "Startup Cost": 0.0, "Total Cost": 73925.8, "Plan Rows": 713683, "Plan Width": 4, "Actual Startup Time": 0.13, "Actual Total Time": 598.068, "Actual Rows": 749931, "Actual Loops": 1, "Output": ["t.id"], "Filter": "((t.kind_id < 7) AND (t.production_year < 2009))", "Rows Removed by Filter": 1778381, "Shared Hit Blocks": 0, "Shared Read Blocks": 35998, "Shared Dirtied Blocks": 0, "Shared Written Blocks": 0, "Local Hit Blocks": 0, "Local Read Blocks": 0, "Local Dirtied Blocks": 0, "Local Written Blocks": 0, "Temp Read Blocks": 0, "Temp Written Blocks": 0, "I/O Read Time": 63.986, "I/O Write Time": 0.0}]}]}]}]}]}, "Planning": {"Shared Hit Blocks": 188, "Shared Read Blocks": 42, "Shared Dirtied Blocks": 0, "Shared Written Blocks": 0, "Local Hit Blocks": 0, "Local Read Blocks": 0, "Local Dirtied Blocks": 0, "Local Written Blocks": 0, "Temp Read Blocks": 0, "Temp Written Blocks": 0, "I/O Read Time": 2.957, "I/O Write Time": 0.0}, "Planning Time": 4.569, "Triggers": [], "Execution Time": 10714.039}, "template": "scale", "query": "EXPLAIN (ANALYZE, COSTS, BUFFERS, VERBOSE, FORMAT JSON) SELECT COUNT(*) FROM title t,movie_info mi,movie_info_idx mi_idx WHERE t.id=mi.movie_id AND t.id=mi_idx.movie_id AND t.kind_id<7 AND t.production_year<2009 AND mi.info_type_id<8;"}
{"planinfo": {"Plan": {"Node Type": "Aggregate", "Strategy": "Plain", "Partial Mode": "Simple", "Parallel Aware": false, "Startup Cost": 494922.88, "Total Cost": 494922.89, "Plan Rows": 1, "Plan Width": 8, "Actual Startup Time": 12276.998, "Actual Total Time": 12277.002, "Actual Rows": 1, "Actual Loops": 1, "Output": ["count(*)"], "Shared Hit Blocks": 5, "Shared Read Blocks": 110596, "Shared Dirtied Blocks": 0, "Shared Written Blocks": 0, "Local Hit Blocks": 0, "Local Read Blocks": 0, "Local Dirtied Blocks": 0, "Local Written Blocks": 0, "Temp Read Blocks": 34427, "Temp Written Blocks": 34427, "I/O Read Time": 446.795, "I/O Write Time": 0.0, "Plans": [{"Node Type": "Hash Join", "Parent Relationship": "Outer", "Parallel Aware": false, "Join Type": "Inner", "Startup Cost": 102768.14, "Total Cost": 471349.99, "Plan Rows": 9429158, "Plan Width": 0, "Actual Startup Time": 1301.738, "Actual Total Time": 11329.525, "Actual Rows": 9384703, "Actual Loops": 1, "Inner Unique": true, "Hash Cond": "(ci.movie_id = t.id)", "Shared Hit Blocks": 5, "Shared Read Blocks": 110596, "Shared Dirtied Blocks": 0, "Shared Written Blocks": 0, "Local Hit Blocks": 0, "Local Read Blocks": 0, "Local Dirtied Blocks": 0, "Local Written Blocks": 0, "Temp Read Blocks": 34427, "Temp Written Blocks": 34427, "I/O Read Time": 446.795, "I/O Write Time": 0.0, "Plans": [{"Node Type": "Index Scan", "Parent Relationship": "Outer", "Parallel Aware": false, "Scan Direction": "Forward", "Index Name": "role_id_cast_info", "Relation Name": "cast_info", "Schema": "public", "Alias": "ci", "Startup Cost": 0.44, "Total Cost": 260286.71, "Plan Rows": 9429158, "Plan Width": 4, "Actual Startup Time": 0.603, "Actual Total Time": 3838.47, "Actual Rows": 9384703, "Actual Loops": 1, "Output": ["ci.movie_id"], "Index Cond": "(ci.role_id > 4)", "Rows Removed by Index Recheck": 0, "Shared Hit Blocks": 2, "Shared Read Blocks": 74598, "Shared Dirtied Blocks": 0, "Shared Written Blocks": 0, "Local Hit Blocks": 0, "Local Read Blocks": 0, "Local Dirtied Blocks": 0, "Local Written Blocks": 0, "Temp Read Blocks": 0, "Temp Written Blocks": 0, "I/O Read Time": 386.237, "I/O Write Time": 0.0}, {"Node Type": "Hash", "Parent Relationship": "Inner", "Parallel Aware": false, "Startup Cost": 61283.2, "Total Cost": 61283.2, "Plan Rows": 2528520, "Plan Width": 4, "Actual Startup Time": 1300.116, "Actual Total Time": 1300.117, "Actual Rows": 2528312, "Actual Loops": 1, "Output": ["t.id"], "Hash Buckets": 131072, "Original Hash Buckets": 131072, "Hash Batches": 64, "Original Hash Batches": 64, "Peak Memory Usage": 2415, "Shared Hit Blocks": 0, "Shared Read Blocks": 35998, "Shared Dirtied Blocks": 0, "Shared Written Blocks": 0, "Local Hit Blocks": 0, "Local Read Blocks": 0, "Local Dirtied Blocks": 0, "Local Written Blocks": 0, "Temp Read Blocks": 0, "Temp Written Blocks": 7262, "I/O Read Time": 60.558, "I/O Write Time": 0.0, "Plans": [{"Node Type": "Seq Scan", "Parent Relationship": "Outer", "Parallel Aware": false, "Relation Name": "title", "Schema": "public", "Alias": "t", "Startup Cost": 0.0, "Total Cost": 61283.2, "Plan Rows": 2528520, "Plan Width": 4, "Actual Startup Time": 0.147, "Actual Total Time": 556.685, "Actual Rows": 2528312, "Actual Loops": 1, "Output": ["t.id"], "Shared Hit Blocks": 0, "Shared Read Blocks": 35998, "Shared Dirtied Blocks": 0, "Shared Written Blocks": 0, "Local Hit Blocks": 0, "Local Read Blocks": 0, "Local Dirtied Blocks": 0, "Local Written Blocks": 0, "Temp Read Blocks": 0, "Temp Written Blocks": 0, "I/O Read Time": 60.558, "I/O Write Time": 0.0}]}]}]}, "Planning": {"Shared Hit Blocks": 124, "Shared Read Blocks": 31, "Shared Dirtied Blocks": 0, "Shared Written Blocks": 0, "Local Hit Blocks": 0, "Local Read Blocks": 0, "Local Dirtied Blocks": 0, "Local Written Blocks": 0, "Temp Read Blocks": 0, "Temp Written Blocks": 0, "I/O Read Time": 2.404, "I/O Write Time": 0.0}, "Planning Time": 3.552, "Triggers": [], "Execution Time": 12277.174}, "template": "scale", "query": "EXPLAIN (ANALYZE, COSTS, BUFFERS, VERBOSE, FORMAT JSON) SELECT COUNT(*) FROM title t,cast_info ci WHERE t.id=ci.movie_id AND ci.role_id>4;"}
{"planinfo": {"Plan": {"Node Type": "Aggregate", "Strategy": "Plain", "Partial Mode": "Simple", "Parallel Aware": false, "Startup Cost": 280807.64, "Total Cost": 280807.65, "Plan Rows": 1, "Plan Width": 8, "Actual Startup Time": 5258.197, "Actual Total Time": 5258.202, "Actual Rows": 1, "Actual Loops": 1, "Output": ["count(*)"], "Shared Hit Blocks": 3, "Shared Read Blocks": 68387, "Shared Dirtied Blocks": 0, "Shared Written Blocks": 0, "Local Hit Blocks": 0, "Local Read Blocks": 0, "Local Dirtied Blocks": 0, "Local Written Blocks": 0, "Temp Read Blocks": 19749, "Temp Written Blocks": 19749, "I/O Read Time": 245.008, "I/O Write Time": 0.0, "Plans": [{"Node Type": "Hash Join", "Parent Relationship": "Outer", "Parallel Aware": false, "Join Type": "Inner", "Startup Cost": 142779.53, "Total Cost": 278079.03, "Plan Rows": 1091446, "Plan Width": 0, "Actual Startup Time": 2237.577, "Actual Total Time": 5168.005, "Actual Rows": 885780, "Actual Loops": 1, "Inner Unique": false, "Hash Cond": "(mk.movie_id = t.id)", "Shared Hit Blocks": 3, "Shared Read Blocks": 68387, "Shared Dirtied Blocks": 0, "Shared Written Blocks": 0, "Local Hit Blocks": 0, "Local Read Blocks": 0, "Local Dirtied Blocks": 0, "Local Written Blocks": 0, "Temp Read Blocks": 19749, "Temp Written Blocks": 19749, "I/O Read Time": 245.008, "I/O Write Time": 0.0, "Plans": [{"Node Type": "Seq Scan", "Parent Relationship": "Outer", "Parallel Aware": false, "Relation Name": "movie_keyword", "Schema": "public", "Alias": "mk", "Startup Cost": 0.0, "Total Cost": 69693.3, "Plan Rows": 4523930, "Plan Width": 4, "Actual Startup Time": 0.139, "Actual Total Time": 978.429, "Actual Rows": 4523930, "Actual Loops": 1, "Output": ["mk.movie_id"], "Shared Hit Blocks": 0, "Shared Read Blocks": 24454, "Shared Dirtied Blocks": 0, "Shared Written Blocks": 0, "Local Hit Blocks": 0, "Local Read Blocks": 0, "Local Dirtied Blocks": 0, "Local Written Blocks": 0, "Temp Read Blocks": 0, "Temp Written Blocks": 0, "I/O Read Time": 143.953, "I/O Write Time": 0.0}, {"Node Type": "Hash", "Parent Relationship": "Inner", "Parallel Aware": false, "Startup Cost": 132771.13, "Total Cost": 132771.13, "Plan Rows": 610032, "Plan Width": 8, "Actual Startup Time": 2236.355, "Actual Total Time": 2236.358, "Actual Rows": 333258, "Actual Loops": 1, "Output": ["t.id", "mi_idx.movie_id"], "Hash Buckets": 131072, "Original Hash Buckets": 131072, "Hash Batches": 8, "Original Hash Batches": 8, "Peak Memory Usage": 2648, "Shared Hit Blocks": 0, "Shared Read Blocks": 43933, "Shared Dirtied Blocks": 0, "Shared Written Blocks": 0, "Local Hit Blocks": 0, "Local Read Blocks": 0, "Local Dirtied Blocks": 0, "Local Written Blocks": 0, "Temp Read Blocks": 7167, "Temp Written Blocks": 8160, "I/O Read Time": 101.055, "I/O Write Time": 0.0, "Plans": [{"Node Type": "Hash Join", "Parent Relationship": "Outer", "Parallel Aware": false, "Join Type": "Inner", "Startup Cost": 92264.17, "Total Cost": 132771.13, "Plan Rows": 610032, "Plan Width": 8, "Actual Startup Time": 1029.821, "Actual Total Time": 2133.796, "Actual Rows": 333258, "Actual Loops": 1, "Output": ["t.id", "mi_idx.movie_id"], "Inner Unique": true, "Hash Cond": "(mi_idx.movie_id = t.id)", "Shared Hit Blocks": 0, "Shared Read Blocks": 43933, "Shared Dirtied Blocks": 0, "Shared Written Blocks": 0, "Local Hit Blocks": 0, "Local Read Blocks": 0, "Local Dirtied Blocks": 0, "Local Written Blocks": 0, "Temp Read Blocks": 7167, "Temp Written Blocks": 7167, "I/O Read Time": 101.055, "I/O Write Time": 0.0, "Plans": [{"Node Type": "Seq Scan", "Parent Relationship": "Outer", "Parallel Aware": false, "Relation Name": "movie_info_idx", "Schema": "public", "Alias": "mi_idx", "Startup Cost": 0.0, "Total Cost": 21735.35, "Plan Rows": 1380035, "Plan Width": 4, "Actual Startup Time": 0.137, "Actual Total Time": 300.804, "Actual Rows": 1380035, "Actual Loops": 1, "Output": ["mi_idx.movie_id"], "Shared Hit Blocks": 0, "Shared Read Blocks": 7935, "Shared Dirtied Blocks": 0, "Shared Written Blocks": 0, "Local Hit Blocks": 0, "Local Read Blocks": 0, "Local Dirtied Blocks": 0, "Local Written Blocks": 0, "Temp Read Blocks": 0, "Temp Written Blocks": 0, "I/O Read Time": 40.303, "I/O Write Time": 0.0}, {"Node Type": "Hash", "Parent Relationship": "Inner", "Parallel Aware": false, "Startup Cost": 73925.8, "Total Cost": 73925.8, "Plan Rows": 1117710, "Plan Width": 4, "Actual Startup Time": 1028.48, "Actual Total Time": 1028.482, "Actual Rows": 1224674, "Actual Loops": 1, "Output": ["t.id"], "Hash Buckets": 131072, "Original Hash Buckets": 131072, "Hash Batches": 16, "Original Hash Batches": 16, "Peak Memory Usage": 3727, "Shared Hit Blocks": 0, "Shared Read Blocks": 35998, "Shared Dirtied Blocks": 0, "Shared Written Blocks": 0, "Local Hit Blocks": 0, "Local Read Blocks": 0, "Local Dirtied Blocks": 0, "Local Written Blocks": 0, "Temp Read Blocks": 0, "Temp Written Blocks": 3356, "I/O Read Time": 60.752, "I/O Write Time": 0.0, "Plans": [{"Node Type": "Seq Scan", "Parent Relationship": "Outer", "Parallel Aware": false, "Relation Name": "title", "Schema": "public", "Alias": "t", "Startup Cost": 0.0, "Total Cost": 73925.8, "Plan Rows": 1117710, "Plan Width": 4, "Actual Startup Time": 0.141, "Actual Total Time": 653.867, "Actual Rows": 1224674, "Actual Loops": 1, "Output": ["t.id"], "Filter": "((t.production_year > 1985) AND (t.kind_id = 7))", "Rows Removed by Filter": 1303638, "Shared Hit Blocks": 0, "Shared Read Blocks": 35998, "Shared Dirtied Blocks": 0, "Shared Written Blocks": 0, "Local Hit Blocks": 0, "Local Read Blocks": 0, "Local Dirtied Blocks": 0, "Local Written Blocks": 0, "Temp Read Blocks": 0, "Temp Written Blocks": 0, "I/O Read Time": 60.752, "I/O Write Time": 0.0}]}]}]}]}]}, "Planning": {"Shared Hit Blocks": 189, "Shared Read Blocks": 36, "Shared Dirtied Blocks": 0, "Shared Written Blocks": 0, "Local Hit Blocks": 0, "Local Read Blocks": 0, "Local Dirtied Blocks": 0, "Local Written Blocks": 0, "Temp Read Blocks": 0, "Temp Written Blocks": 0, "I/O Read Time": 2.725, "I/O Write Time": 0.0}, "Planning Time": 4.405, "Triggers": [], "Execution Time": 5258.905}, "template": "scale", "query": "EXPLAIN (ANALYZE, COSTS, BUFFERS, VERBOSE, FORMAT JSON) SELECT COUNT(*) FROM title t,movie_info_idx mi_idx,movie_keyword mk WHERE t.id=mi_idx.movie_id AND t.id=mk.movie_id AND t.kind_id=7 AND t.production_year>1985;"}
{"planinfo": {"Plan": {"Node Type": "Aggregate", "Strategy": "Plain", "Partial Mode": "Simple", "Parallel Aware": false, "Startup Cost": 9.35, "Total Cost": 9.36, "Plan Rows": 1, "Plan Width": 8, "Actual Startup Time": 0.68, "Actual Total Time": 0.68, "Actual Rows": 1, "Actual Loops": 1, "Output": ["count(*)"], "Shared Hit Blocks": 0, "Shared Read Blocks": 4, "Shared Dirtied Blocks": 0, "Shared Written Blocks": 0, "Local Hit Blocks": 0, "Local Read Blocks": 0, "Local Dirtied Blocks": 0, "Local Written Blocks": 0, "Temp Read Blocks": 0, "Temp Written Blocks": 0, "I/O Read Time": 0.377, "I/O Write Time": 0.0, "Plans": [{"Node Type": "Index Only Scan", "Parent Relationship": "Outer", "Parallel Aware": false, "Scan Direction": "Forward", "Index Name": "keyword_id_movie_keyword", "Relation Name": "movie_keyword", "Schema": "public", "Alias": "mk", "Startup Cost": 0.43, "Total Cost": 8.74, "Plan Rows": 246, "Plan Width": 0, "Actual Startup Time": 0.435, "Actual Total Time": 0.562, "Actual Rows": 1034, "Actual Loops": 1, "Output": ["keyword_id"], "Index Cond": "(mk.keyword_id = 1069)", "Rows Removed by Index Recheck": 0, "Heap Fetches": 0, "Shared Hit Blocks": 0, "Shared Read Blocks": 4, "Shared Dirtied Blocks": 0, "Shared Written Blocks": 0, "Local Hit Blocks": 0, "Local Read Blocks": 0, "Local Dirtied Blocks": 0, "Local Written Blocks": 0, "Temp Read Blocks": 0, "Temp Written Blocks": 0, "I/O Read Time": 0.377, "I/O Write Time": 0.0}]}, "Planning": {"Shared Hit Blocks": 49, "Shared Read Blocks": 9, "Shared Dirtied Blocks": 0, "Shared Written Blocks": 0, "Local Hit Blocks": 0, "Local Read Blocks": 0, "Local Dirtied Blocks": 0, "Local Written Blocks": 0, "Temp Read Blocks": 0, "Temp Written Blocks": 0, "I/O Read Time": 0.576, "I/O Write Time": 0.0}, "Planning Time": 0.977, "Triggers": [], "Execution Time": 0.709}, "template": "scale", "query": "EXPLAIN (ANALYZE, COSTS, BUFFERS, VERBOSE, FORMAT JSON) SELECT COUNT(*) FROM movie_keyword mk WHERE mk.keyword_id=1069;"}
{"planinfo": {"Plan": {"Node Type": "Aggregate", "Strategy": "Plain", "Partial Mode": "Simple", "Parallel Aware": false, "Startup Cost": 1508316.6, "Total Cost": 1508316.61, "Plan Rows": 1, "Plan Width": 8, "Actual Startup Time": 50388.411, "Actual Total Time": 50388.413, "Actual Rows": 1, "Actual Loops": 1, "Output": ["count(*)"], "Shared Hit Blocks": 20649047, "Shared Read Blocks": 63846, "Shared Dirtied Blocks": 0, "Shared Written Blocks": 0, "Local Hit Blocks": 0, "Local Read Blocks": 0, "Local Dirtied Blocks": 0, "Local Written Blocks": 0, "Temp Read Blocks": 0, "Temp Written Blocks": 0, "I/O Read Time": 2359.942, "I/O Write Time": 0.0, "Plans": [{"Node Type": "Merge Join", "Parent Relationship": "Outer", "Parallel Aware": false, "Join Type": "Inner", "Startup Cost": 112.14, "Total Cost": 1414689.2, "Plan Rows": 37450959, "Plan Width": 0, "Actual Startup Time": 0.17, "Actual Total Time": 41681.645, "Actual Rows": 80274241, "Actual Loops": 1, "Inner Unique": false, "Merge Cond": "(t.id = ci.movie_id)", "Shared Hit Blocks": 20649047, "Shared Read Blocks": 63846, "Shared Dirtied Blocks": 0, "Shared Written Blocks": 0, "Local Hit Blocks": 0, "Local Read Blocks": 0, "Local Dirtied Blocks": 0, "Local Written Blocks": 0, "Temp Read Blocks": 0, "Temp Written Blocks": 0, "I/O Read Time": 2359.942, "I/O Write Time": 0.0, "Plans": [{"Node Type": "Merge Join", "Parent Relationship": "Outer", "Parallel Aware": false, "Join Type": "Inner", "Startup Cost": 5.51, "Total Cost": 178429.3, "Plan Rows": 2609129, "Plan Width": 8, "Actual Startup Time": 0.046, "Actual Total Time": 2027.717, "Actual Rows": 2609129, "Actual Loops": 1, "Output": ["t.id", "mc.movie_id"], "Inner Unique": false, "Merge Cond": "(t.id = mc.movie_id)", "Shared Hit Blocks": 23446, "Shared Read Blocks": 15560, "Shared Dirtied Blocks": 0, "Shared Written Blocks": 0, "Local Hit Blocks": 0, "Local Read Blocks": 0, "Local Dirtied Blocks": 0, "Local Written Blocks": 0, "Temp Read Blocks": 0, "Temp Written Blocks": 0, "I/O Read Time": 185.986, "I/O Write Time": 0.0, "Plans": [{"Node Type": "Index Only Scan", "Parent Relationship": "Outer", "Parallel Aware": false, "Scan Direction": "Forward", "Index Name": "title_pkey", "Relation Name": "title", "Schema": "public", "Alias": "t", "Startup Cost": 0.43, "Total Cost": 73940.23, "Plan Rows": 2528520, "Plan Width": 4, "Actual Startup Time": 0.024, "Actual Total Time": 555.701, "Actual Rows": 2525746, "Actual Loops": 1, "Output": ["t.id"], "Heap Fetches": 0, "Shared Hit Blocks": 23441, "Shared Read Blocks": 8963, "Shared Dirtied Blocks": 0, "Shared Written Blocks": 0, "Local Hit Blocks": 0, "Local Read Blocks": 0, "Local Dirtied Blocks": 0, "Local Written Blocks": 0, "Temp Read Blocks": 0, "Temp Written Blocks": 0, "I/O Read Time": 147.286, "I/O Write Time": 0.0}, {"Node Type": "Index Only Scan", "Parent Relationship": "Inner", "Parallel Aware": false, "Scan Direction": "Forward", "Index Name": "movie_id_movie_companies", "Relation Name": "movie_companies", "Schema": "public", "Alias": "mc", "Startup Cost": 0.43, "Total Cost": 65637.36, "Plan Rows": 2609129, "Plan Width": 4, "Actual Startup Time": 0.018, "Actual Total Time": 484.668, "Actual Rows": 2609129, "Actual Loops": 1, "Output": ["mc.movie_id"], "Heap Fetches": 0, "Shared Hit Blocks": 5, "Shared Read Blocks": 6597, "Shared Dirtied Blocks": 0, "Shared Written Blocks": 0, "Local Hit Blocks": 0, "Local Read Blocks": 0, "Local Dirtied Blocks": 0, "Local Written Blocks": 0, "Temp Read Blocks": 0, "Temp Written Blocks": 0, "I/O Read Time": 38.7, "I/O Write Time": 0.0}]}, {"Node Type": "Index Only Scan", "Parent Relationship": "Inner", "Parallel Aware": false, "Scan Direction": "Forward", "Index Name": "movie_id_cast_info", "Relation Name": "cast_info", "Schema": "public", "Alias": "ci", "Startup Cost": 0.44, "Total Cost": 738245.12, "Plan Rows": 36293912, "Plan Width": 4, "Actual Startup Time": 0.029, "Actual Total Time": 23174.692, "Actual Rows": 95921976, "Actual Loops": 1, "Output": ["ci.movie_id"], "Heap Fetches": 0, "Shared Hit Blocks": 20625601, "Shared Read Blocks": 48286, "Shared Dirtied Blocks": 0, "Shared Written Blocks": 0, "Local Hit Blocks": 0, "Local Read Blocks": 0, "Local Dirtied Blocks": 0, "Local Written Blocks": 0, "Temp Read Blocks": 0, "Temp Written Blocks": 0, "I/O Read Time": 2173.956, "I/O Write Time": 0.0}]}]}, "Planning": {"Shared Hit Blocks": 211, "Shared Read Blocks": 42, "Shared Dirtied Blocks": 0, "Shared Written Blocks": 0, "Local Hit Blocks": 0, "Local Read Blocks": 0, "Local Dirtied Blocks": 0, "Local Written Blocks": 0, "Temp Read Blocks": 0, "Temp Written Blocks": 0, "I/O Read Time": 3.236, "I/O Write Time": 0.0}, "Planning Time": 4.942, "Triggers": [], "Execution Time": 50388.533}, "template": "scale", "query": "EXPLAIN (ANALYZE, COSTS, BUFFERS, VERBOSE, FORMAT JSON) SELECT COUNT(*) FROM title t,movie_companies mc,cast_info ci WHERE t.id=mc.movie_id AND t.id=ci.movie_id;"}
{"planinfo": {"Plan": {"Node Type": "Aggregate", "Strategy": "Plain", "Partial Mode": "Simple", "Parallel Aware": false, "Startup Cost": 72670.85, "Total Cost": 72670.86, "Plan Rows": 1, "Plan Width": 8, "Actual Startup Time": 936.834, "Actual Total Time": 936.835, "Actual Rows": 1, "Actual Loops": 1, "Output": ["count(*)"], "Shared Hit Blocks": 0, "Shared Read Blocks": 3691, "Shared Dirtied Blocks": 0, "Shared Written Blocks": 0, "Local Hit Blocks": 0, "Local Read Blocks": 0, "Local Dirtied Blocks": 0, "Local Written Blocks": 0, "Temp Read Blocks": 0, "Temp Written Blocks": 0, "I/O Read Time": 227.314, "I/O Write Time": 0.0, "Plans": [{"Node Type": "Index Only Scan", "Parent Relationship": "Outer", "Parallel Aware": false, "Scan Direction": "Forward", "Index Name": "keyword_id_movie_keyword", "Relation Name": "movie_keyword", "Schema": "public", "Alias": "mk", "Startup Cost": 0.43, "Total Cost": 65339.55, "Plan Rows": 2932521, "Plan Width": 0, "Actual Startup Time": 0.428, "Actual Total Time": 653.927, "Actual Rows": 2924334, "Actual Loops": 1, "Output": ["keyword_id"], "Index Cond": "(mk.keyword_id > 2469)", "Rows Removed by Index Recheck": 0, "Heap Fetches": 0, "Shared Hit Blocks": 0, "Shared Read Blocks": 3691, "Shared Dirtied Blocks": 0, "Shared Written Blocks": 0, "Local Hit Blocks": 0, "Local Read Blocks": 0, "Local Dirtied Blocks": 0, "Local Written Blocks": 0, "Temp Read Blocks": 0, "Temp Written Blocks": 0, "I/O Read Time": 227.314, "I/O Write Time": 0.0}]}, "Planning": {"Shared Hit Blocks": 51, "Shared Read Blocks": 9, "Shared Dirtied Blocks": 0, "Shared Written Blocks": 0, "Local Hit Blocks": 0, "Local Read Blocks": 0, "Local Dirtied Blocks": 0, "Local Written Blocks": 0, "Temp Read Blocks": 0, "Temp Written Blocks": 0, "I/O Read Time": 0.626, "I/O Write Time": 0.0}, "Planning Time": 1.067, "Triggers": [], "Execution Time": 936.874}, "template": "scale", "query": "EXPLAIN (ANALYZE, COSTS, BUFFERS, VERBOSE, FORMAT JSON) SELECT COUNT(*) FROM movie_keyword mk WHERE mk.keyword_id>2469;"}
{"planinfo": {"Plan": {"Node Type": "Aggregate", "Strategy": "Plain", "Partial Mode": "Simple", "Parallel Aware": false, "Startup Cost": 188474.59, "Total Cost": 188474.6, "Plan Rows": 1, "Plan Width": 8, "Actual Startup Time": 3220.636, "Actual Total Time": 3220.64, "Actual Rows": 1, "Actual Loops": 1, "Output": ["count(*)"], "Shared Hit Blocks": 3, "Shared Read Blocks": 60452, "Shared Dirtied Blocks": 0, "Shared Written Blocks": 0, "Local Hit Blocks": 0, "Local Read Blocks": 0, "Local Dirtied Blocks": 0, "Local Written Blocks": 0, "Temp Read Blocks": 10300, "Temp Written Blocks": 10300, "I/O Read Time": 213.348, "I/O Write Time": 0.0, "Plans": [{"Node Type": "Hash Join", "Parent Relationship": "Outer", "Parallel Aware": false, "Join Type": "Inner", "Startup Cost": 70223.93, "Total Cost": 187760.56, "Plan Rows": 285611, "Plan Width": 0, "Actual Startup Time": 598.028, "Actual Total Time": 3207.868, "Actual Rows": 107578, "Actual Loops": 1, "Inner Unique": true, "Hash Cond": "(mk.movie_id = t.id)", "Shared Hit Blocks": 3, "Shared Read Blocks": 60452, "Shared Dirtied Blocks": 0, "Shared Written Blocks": 0, "Local Hit Blocks": 0, "Local Read Blocks": 0, "Local Dirtied Blocks": 0, "Local Written Blocks": 0, "Temp Read Blocks": 10300, "Temp Written Blocks": 10300, "I/O Read Time": 213.348, "I/O Write Time": 0.0, "Plans": [{"Node Type": "Seq Scan", "Parent Relationship": "Outer", "Parallel Aware": false, "Relation Name": "movie_keyword", "Schema": "public", "Alias": "mk", "Startup Cost": 0.0, "Total Cost": 69693.3, "Plan Rows": 4523930, "Plan Width": 4, "Actual Startup Time": 0.124, "Actual Total Time": 981.624, "Actual Rows": 4523930, "Actual Loops": 1, "Output": ["mk.movie_id"], "Shared Hit Blocks": 0, "Shared Read Blocks": 24454, "Shared Dirtied Blocks": 0, "Shared Written Blocks": 0, "Local Hit Blocks": 0, "Local Read Blocks": 0, "Local Dirtied Blocks": 0, "Local Written Blocks": 0, "Temp Read Blocks": 0, "Temp Written Blocks": 0, "I/O Read Time": 146.556, "I/O Write Time": 0.0}, {"Node Type": "Hash", "Parent Relationship": "Inner", "Parallel Aware": false, "Startup Cost": 67604.5, "Total Cost": 67604.5, "Plan Rows": 159634, "Plan Width": 4, "Actual Startup Time": 596.631, "Actual Total Time": 596.633, "Actual Rows": 164307, "Actual Loops": 1, "Output": ["t.id"], "Hash Buckets": 131072, "Original Hash Buckets": 131072, "Hash Batches": 4, "Original Hash Batches": 4, "Peak Memory Usage": 2482, "Shared Hit Blocks": 0, "Shared Read Blocks": 35998, "Shared Dirtied Blocks": 0, "Shared Written Blocks": 0, "Local Hit Blocks": 0, "Local Read Blocks": 0, "Local Dirtied Blocks": 0, "Local Written Blocks": 0, "Temp Read Blocks": 0, "Temp Written Blocks": 358, "I/O Read Time": 66.791, "I/O Write Time": 0.0, "Plans": [{"Node Type": "Seq Scan", "Parent Relationship": "Outer", "Parallel Aware": false, "Relation Name": "title", "Schema": "public", "Alias": "t", "Startup Cost": 0.0, "Total Cost": 67604.5, "Plan Rows": 159634, "Plan Width": 4, "Actual Startup Time": 0.144, "Actual Total Time": 531.578, "Actual Rows": 164307, "Actual Loops": 1, "Output": ["t.id"], "Filter": "(t.production_year = 2012)", "Rows Removed by Filter": 2364005, "Shared Hit Blocks": 0, "Shared Read Blocks": 35998, "Shared Dirtied Blocks": 0, "Shared Written Blocks": 0, "Local Hit Blocks": 0, "Local Read Blocks": 0, "Local Dirtied Blocks": 0, "Local Written Blocks": 0, "Temp Read Blocks": 0, "Temp Written Blocks": 0, "I/O Read Time": 66.791, "I/O Write Time": 0.0}]}]}]}, "Planning": {"Shared Hit Blocks": 100, "Shared Read Blocks": 27, "Shared Dirtied Blocks": 0, "Shared Written Blocks": 0, "Local Hit Blocks": 0, "Local Read Blocks": 0, "Local Dirtied Blocks": 0, "Local Written Blocks": 0, "Temp Read Blocks": 0, "Temp Written Blocks": 0, "I/O Read Time": 1.919, "I/O Write Time": 0.0}, "Planning Time": 2.839, "Triggers": [], "Execution Time": 3220.809}, "template": "scale", "query": "EXPLAIN (ANALYZE, COSTS, BUFFERS, VERBOSE, FORMAT JSON) SELECT COUNT(*) FROM title t,movie_keyword mk WHERE t.id=mk.movie_id AND t.production_year=2012;"}
{"planinfo": {"Plan": {"Node Type": "Aggregate", "Strategy": "Plain", "Partial Mode": "Simple", "Parallel Aware": false, "Startup Cost": 73931.6, "Total Cost": 73931.61, "Plan Rows": 1, "Plan Width": 8, "Actual Startup Time": 538.25, "Actual Total Time": 538.251, "Actual Rows": 1, "Actual Loops": 1, "Output": ["count(*)"], "Shared Hit Blocks": 0, "Shared Read Blocks": 35998, "Shared Dirtied Blocks": 0, "Shared Written Blocks": 0, "Local Hit Blocks": 0, "Local Read Blocks": 0, "Local Dirtied Blocks": 0, "Local Written Blocks": 0, "Temp Read Blocks": 0, "Temp Written Blocks": 0, "I/O Read Time": 67.095, "I/O Write Time": 0.0, "Plans": [{"Node Type": "Seq Scan", "Parent Relationship": "Outer", "Parallel Aware": false, "Relation Name": "title", "Schema": "public", "Alias": "t", "Startup Cost": 0.0, "Total Cost": 73925.8, "Plan Rows": 2322, "Plan Width": 0, "Actual Startup Time": 1.352, "Actual Total Time": 538.108, "Actual Rows": 298, "Actual Loops": 1, "Output": ["id", "title", "imdb_index", "kind_id", "production_year", "imdb_id", "phonetic_code", "episode_of_id", "season_nr", "episode_nr", "series_years", "md5sum"], "Filter": "((t.kind_id > 1) AND (t.production_year > 2013))", "Rows Removed by Filter": 2528014, "Shared Hit Blocks": 0, "Shared Read Blocks": 35998, "Shared Dirtied Blocks": 0, "Shared Written Blocks": 0, "Local Hit Blocks": 0, "Local Read Blocks": 0, "Local Dirtied Blocks": 0, "Local Written Blocks": 0, "Temp Read Blocks": 0, "Temp Written Blocks": 0, "I/O Read Time": 67.095, "I/O Write Time": 0.0}]}, "Planning": {"Shared Hit Blocks": 43, "Shared Read Blocks": 8, "Shared Dirtied Blocks": 0, "Shared Written Blocks": 0, "Local Hit Blocks": 0, "Local Read Blocks": 0, "Local Dirtied Blocks": 0, "Local Written Blocks": 0, "Temp Read Blocks": 0, "Temp Written Blocks": 0, "I/O Read Time": 0.536, "I/O Write Time": 0.0}, "Planning Time": 0.911, "Triggers": [], "Execution Time": 538.29}, "template": "scale", "query": "EXPLAIN (ANALYZE, COSTS, BUFFERS, VERBOSE, FORMAT JSON) SELECT COUNT(*) FROM title t WHERE t.kind_id>1 AND t.production_year>2013;"}
{"planinfo": {"Plan": {"Node Type": "Aggregate", "Strategy": "Plain", "Partial Mode": "Simple", "Parallel Aware": false, "Startup Cost": 652965.17, "Total Cost": 652965.18, "Plan Rows": 1, "Plan Width": 8, "Actual Startup Time": 19540.21, "Actual Total Time": 19540.212, "Actual Rows": 1, "Actual Loops": 1, "Output": ["count(*)"], "Shared Hit Blocks": 8930241, "Shared Read Blocks": 77353, "Shared Dirtied Blocks": 0, "Shared Written Blocks": 0, "Local Hit Blocks": 0, "Local Read Blocks": 0, "Local Dirtied Blocks": 0, "Local Written Blocks": 0, "Temp Read Blocks": 0, "Temp Written Blocks": 0, "I/O Read Time": 1357.959, "I/O Write Time": 0.0, "Plans": [{"Node Type": "Merge Join", "Parent Relationship": "Outer", "Parallel Aware": false, "Join Type": "Inner", "Startup Cost": 28.24, "Total Cost": 636112.71, "Plan Rows": 6740985, "Plan Width": 0, "Actual Startup Time": 0.374, "Actual Total Time": 17128.187, "Actual Rows": 22199655, "Actual Loops": 1, "Inner Unique": false, "Merge Cond": "(t.id = mi.movie_id)", "Shared Hit Blocks": 8930241, "Shared Read Blocks": 77353, "Shared Dirtied Blocks": 0, "Shared Written Blocks": 0, "Local Hit Blocks": 0, "Local Read Blocks": 0, "Local Dirtied Blocks": 0, "Local Written Blocks": 0, "Temp Read Blocks": 0, "Temp Written Blocks": 0, "I/O Read Time": 1357.959, "I/O Write Time": 0.0, "Plans": [{"Node Type": "Merge Join", "Parent Relationship": "Outer", "Parallel Aware": false, "Join Type": "Inner", "Startup Cost": 5.51, "Total Cost": 202994.5, "Plan Rows": 1150236, "Plan Width": 8, "Actual Startup Time": 0.225, "Actual Total Time": 4517.275, "Actual Rows": 917132, "Actual Loops": 1, "Output": ["t.id", "mc.movie_id"], "Inner Unique": false, "Merge Cond": "(t.id = mc.movie_id)", "Shared Hit Blocks": 2488153, "Shared Read Blocks": 51522, "Shared Dirtied Blocks": 0, "Shared Written Blocks": 0, "Local Hit Blocks": 0, "Local Read Blocks": 0, "Local Dirtied Blocks": 0, "Local Written Blocks": 0, "Temp Read Blocks": 0, "Temp Written Blocks": 0, "I/O Read Time": 1178.883, "I/O Write Time": 0.0, "Plans": [{"Node Type": "Index Scan", "Parent Relationship": "Outer", "Parallel Aware": false, "Scan Direction": "Forward", "Index Name": "title_pkey", "Relation Name": "title", "Schema": "public", "Alias": "t", "Startup Cost": 0.43, "Total Cost": 116669.84, "Plan Rows": 1114699, "Plan Width": 4, "Actual Startup Time": 0.202, "Actual Total Time": 3440.015, "Actual Rows": 1107624, "Actual Loops": 1, "Output": ["t.id", "t.title", "t.imdb_index", "t.kind_id", "t.production_year", "t.imdb_id", "t.phonetic_code", "t.episode_of_id", "t.season_nr", "t.episode_nr", "t.series_years", "t.md5sum"], "Filter": "(t.production_year > 2004)", "Rows Removed by Filter": 1418122, "Shared Hit Blocks": 2488148, "Shared Read Blocks": 44925, "Shared Dirtied Blocks": 0, "Shared Written Blocks": 0, "Local Hit Blocks": 0, "Local Read Blocks": 0, "Local Dirtied Blocks": 0, "Local Written Blocks": 0, "Temp Read Blocks": 0, "Temp Written Blocks": 0, "I/O Read Time": 1140.485, "I/O Write Time": 0.0}, {"Node Type": "Index Only Scan", "Parent Relationship": "Inner", "Parallel Aware": false, "Scan Direction": "Forward", "Index Name": "movie_id_movie_companies", "Relation Name": "movie_companies", "Schema": "public", "Alias": "mc", "Startup Cost": 0.43, "Total Cost": 65637.36, "Plan Rows": 2609129, "Plan Width": 4, "Actual Startup Time": 0.02, "Actual Total Time": 481.838, "Actual Rows": 2609129, "Actual Loops": 1, "Output": ["mc.movie_id"], "Heap Fetches": 0, "Shared Hit Blocks": 5, "Shared Read Blocks": 6597, "Shared Dirtied Blocks": 0, "Shared Written Blocks": 0, "Local Hit Blocks": 0, "Local Read Blocks": 0, "Local Dirtied Blocks": 0, "Local Written Blocks": 0, "Temp Read Blocks": 0, "Temp Written Blocks": 0, "I/O Read Time": 38.398, "I/O Write Time": 0.0}]}, {"Node Type": "Index Only Scan", "Parent Relationship": "Inner", "Parallel Aware": false, "Scan Direction": "Forward", "Index Name": "movie_id_movie_info", "Relation Name": "movie_info", "Schema": "public", "Alias": "mi", "Startup Cost": 0.43, "Total Cost": 325993.18, "Plan Rows": 14818450, "Plan Width": 4, "Actual Startup Time": 0.024, "Actual Total Time": 7279.615, "Actual Rows": 33449839, "Actual Loops": 1, "Output": ["mi.movie_id"], "Heap Fetches": 0, "Shared Hit Blocks": 6442088, "Shared Read Blocks": 25831, "Shared Dirtied Blocks": 0, "Shared Written Blocks": 0, "Local Hit Blocks": 0, "Local Read Blocks": 0, "Local Dirtied Blocks": 0, "Local Written Blocks": 0, "Temp Read Blocks": 0, "Temp Written Blocks": 0, "I/O Read Time": 179.076, "I/O Write Time": 0.0}]}]}, "Planning": {"Shared Hit Blocks": 195, "Shared Read Blocks": 40, "Shared Dirtied Blocks": 0, "Shared Written Blocks": 0, "Local Hit Blocks": 0, "Local Read Blocks": 0, "Local Dirtied Blocks": 0, "Local Written Blocks": 0, "Temp Read Blocks": 0, "Temp Written Blocks": 0, "I/O Read Time": 3.076, "I/O Write Time": 0.0}, "Planning Time": 4.819, "Triggers": [], "Execution Time": 19540.349}, "template": "scale", "query": "EXPLAIN (ANALYZE, COSTS, BUFFERS, VERBOSE, FORMAT JSON) SELECT COUNT(*) FROM title t,movie_companies mc,movie_info mi WHERE t.id=mc.movie_id AND t.id=mi.movie_id AND t.production_year>2004;"}
{"planinfo": {"Plan": {"Node Type": "Aggregate", "Strategy": "Plain", "Partial Mode": "Simple", "Parallel Aware": false, "Startup Cost": 108643.45, "Total Cost": 108643.46, "Plan Rows": 1, "Plan Width": 8, "Actual Startup Time": 669.85, "Actual Total Time": 669.852, "Actual Rows": 1, "Actual Loops": 1, "Output": ["count(*)"], "Shared Hit Blocks": 200210, "Shared Read Blocks": 9015, "Shared Dirtied Blocks": 0, "Shared Written Blocks": 0, "Local Hit Blocks": 0, "Local Read Blocks": 0, "Local Dirtied Blocks": 0, "Local Written Blocks": 0, "Temp Read Blocks": 0, "Temp Written Blocks": 0, "I/O Read Time": 383.372, "I/O Write Time": 0.0, "Plans": [{"Node Type": "Nested Loop", "Parent Relationship": "Outer", "Parallel Aware": false, "Join Type": "Inner", "Startup Cost": 1.73, "Total Cost": 108637.98, "Plan Rows": 2186, "Plan Width": 0, "Actual Startup Time": 6.017, "Actual Total Time": 664.486, "Actual Rows": 47745, "Actual Loops": 1, "Inner Unique": false, "Join Filter": "(t.id = mi.movie_id)", "Rows Removed by Join Filter": 0, "Shared Hit Blocks": 200210, "Shared Read Blocks": 9015, "Shared Dirtied Blocks": 0, "Shared Written Blocks": 0, "Local Hit Blocks": 0, "Local Read Blocks": 0, "Local Dirtied Blocks": 0, "Local Written Blocks": 0, "Temp Read Blocks": 0, "Temp Written Blocks": 0, "I/O Read Time": 383.372, "I/O Write Time": 0.0, "Plans": [{"Node Type": "Nested Loop", "Parent Relationship": "Outer", "Parallel Aware": false, "Join Type": "Inner", "Startup Cost": 1.29, "Total Cost": 108011.29, "Plan Rows": 373, "Plan Width": 12, "Actual Startup Time": 5.832, "Actual Total Time": 606.904, "Actual Rows": 2052, "Actual Loops": 1, "Output": ["t.id", "mi_idx.movie_id", "mk.movie_id"], "Inner Unique": true, "Shared Hit Blocks": 185695, "Shared Read Blocks": 8719, "Shared Dirtied Blocks": 0, "Shared Written Blocks": 0, "Local Hit Blocks": 0, "Local Read Blocks": 0, "Local Dirtied Blocks": 0, "Local Written Blocks": 0, "Temp Read Blocks": 0, "Temp Written Blocks": 0, "I/O Read Time": 353.472, "I/O Write Time": 0.0, "Plans": [{"Node Type": "Nested Loop", "Parent Relationship": "Outer", "Parallel Aware": false, "Join Type": "Inner", "Startup Cost": 0.86, "Total Cost": 78045.2, "Plan Rows": 51627, "Plan Width": 8, "Actual Startup Time": 0.399, "Actual Total Time": 231.794, "Actual Rows": 36227, "Actual Loops": 1, "Output": ["mi_idx.movie_id", "mk.movie_id"], "Inner Unique": false, "Shared Hit Blocks": 44214, "Shared Read Blocks": 5292, "Shared Dirtied Blocks": 0, "Shared Written Blocks": 0, "Local Hit Blocks": 0, "Local Read Blocks": 0, "Local Dirtied Blocks": 0, "Local Written Blocks": 0, "Temp Read Blocks": 0, "Temp Written Blocks": 0, "I/O Read Time": 148.114, "I/O Write Time": 0.0, "Plans": [{"Node Type": "Index Scan", "Parent Relationship": "Outer", "Parallel Aware": false, "Scan Direction": "Forward", "Index Name": "keyword_id_movie_keyword", "Relation Name": "movie_keyword", "Schema": "public", "Alias": "mk", "Startup Cost": 0.43, "Total Cost": 51179.64, "Plan Rows": 17156, "Plan Width": 4, "Actual Startup Time": 0.196, "Actual Total Time": 138.649, "Actual Rows": 14342, "Actual Loops": 1, "Output": ["mk.id", "mk.movie_id", "mk.keyword_id"], "Index Cond": "(mk.keyword_id > 121648)", "Rows Removed by Index Recheck": 0, "Shared Hit Blocks": 1988, "Shared Read Blocks": 4491, "Shared Dirtied Blocks": 0, "Shared Written Blocks": 0, "Local Hit Blocks": 0, "Local Read Blocks": 0, "Local Dirtied Blocks": 0, "Local Written Blocks": 0, "Temp Read Blocks": 0, "Temp Written Blocks": 0, "I/O Read Time": 126.648, "I/O Write Time": 0.0}, {"Node Type": "Index Only Scan", "Parent Relationship": "Inner", "Parallel Aware": false, "Scan Direction": "Forward", "Index Name": "movie_id_movie_info_idx", "Relation Name": "movie_info_idx", "Schema": "public", "Alias": "mi_idx", "Startup Cost": 0.43, "Total Cost": 1.54, "Plan Rows": 3, "Plan Width": 4, "Actual Startup Time": 0.005, "Actual Total Time": 0.006, "Actual Rows": 3, "Actual Loops": 14342, "Output": ["mi_idx.movie_id"], "Index Cond": "(mi_idx.movie_id = mk.movie_id)", "Rows Removed by Index Recheck": 0, "Heap Fetches": 0, "Shared Hit Blocks": 42226, "Shared Read Blocks": 801, "Shared Dirtied Blocks": 0, "Shared Written Blocks": 0, "Local Hit Blocks": 0, "Local Read Blocks": 0, "Local Dirtied Blocks": 0, "Local Written Blocks": 0, "Temp Read Blocks": 0, "Temp Written Blocks": 0, "I/O Read Time": 21.466, "I/O Write Time": 0.0}]}, {"Node Type": "Index Scan", "Parent Relationship": "Inner", "Parallel Aware": false, "Scan Direction": "Forward", "Index Name": "title_pkey", "Relation Name": "title", "Schema": "public", "Alias": "t", "Startup Cost": 0.43, "Total Cost": 0.58, "Plan Rows": 1, "Plan Width": 4, "Actual Startup Time": 0.01, "Actual Total Time": 0.01, "Actual Rows": 0, "Actual Loops": 36227, "Output": ["t.id", "t.title", "t.imdb_index", "t.kind_id", "t.production_year", "t.imdb_id", "t.phonetic_code", "t.episode_of_id", "t.season_nr", "t.episode_nr", "t.series_years", "t.md5sum"], "Index Cond": "(t.id = mi_idx.movie_id)", "Rows Removed by Index Recheck": 0, "Filter": "(t.kind_id = 3)", "Rows Removed by Filter": 1, "Shared Hit Blocks": 141481, "Shared Read Blocks": 3427, "Shared Dirtied Blocks": 0, "Shared Written Blocks": 0, "Local Hit Blocks": 0, "Local Read Blocks": 0, "Local Dirtied Blocks": 0, "Local Written Blocks": 0, "Temp Read Blocks": 0, "Temp Written Blocks": 0, "I/O Read Time": 205.359, "I/O Write Time": 0.0}]}, {"Node Type": "Index Only Scan", "Parent Relationship": "Inner", "Parallel Aware": false, "Scan Direction": "Forward", "Index Name": "movie_id_movie_info", "Relation Name": "movie_info", "Schema": "public", "Alias": "mi", "Startup Cost": 0.43, "Total Cost": 1.19, "Plan Rows": 39, "Plan Width": 4, "Actual Startup Time": 0.019, "Actual Total Time": 0.024, "Actual Rows": 23, "Actual Loops": 2052, "Output": ["mi.movie_id"], "Index Cond": "(mi.movie_id = mi_idx.movie_id)", "Rows Removed by Index Recheck": 0, "Heap Fetches": 0, "Shared Hit Blocks": 14515, "Shared Read Blocks": 296, "Shared Dirtied Blocks": 0, "Shared Written Blocks": 0, "Local Hit Blocks": 0, "Local Read Blocks": 0, "Local Dirtied Blocks": 0, "Local Written Blocks": 0, "Temp Read Blocks": 0, "Temp Written Blocks": 0, "I/O Read Time": 29.9, "I/O Write Time": 0.0}]}]}, "Planning": {"Shared Hit Blocks": 303, "Shared Read Blocks": 50, "Shared Dirtied Blocks": 0, "Shared Written Blocks": 0, "Local Hit Blocks": 0, "Local Read Blocks": 0, "Local Dirtied Blocks": 0, "Local Written Blocks": 0, "Temp Read Blocks": 0, "Temp Written Blocks": 0, "I/O Read Time": 4.017, "I/O Write Time": 0.0}, "Planning Time": 6.765, "Triggers": [], "Execution Time": 670.004}, "template": "scale", "query": "EXPLAIN (ANALYZE, COSTS, BUFFERS, VERBOSE, FORMAT JSON) SELECT COUNT(*) FROM title t,movie_info mi,movie_info_idx mi_idx,movie_keyword mk WHERE t.id=mi.movie_id AND t.id=mi_idx.movie_id AND t.id=mk.movie_id AND t.kind_id=3 AND mk.keyword_id>121648;"}