{"query": "EXPLAIN (ANALYZE, COSTS, BUFFERS, VERBOSE, FORMAT JSON) select promotion.p_start_date_sk, date_dim.d_same_day_ly from promotion join date_dim on date_dim.d_date_sk=promotion.p_end_date_sk where date_dim.d_quarter_seq > 138 order by date_dim.d_same_day_ly DESC, promotion.p_start_date_sk ASC;", "planinfo": {"Plan": {"Node Type": "Sort", "Parallel Aware": false, "Startup Cost": 1848.79, "Total Cost": 1849.42, "Plan Rows": 249, "Plan Width": 8, "Actual Startup Time": 27.736, "Actual Total Time": 27.753, "Actual Rows": 294, "Actual Loops": 1, "Output": ["promotion.p_start_date_sk", "date_dim.d_same_day_ly"], "Sort Key": ["date_dim.d_same_day_ly DESC", "promotion.p_start_date_sk"], "Sort Method": "quicksort", "Sort Space Used": 41, "Sort Space Type": "Memory", "Shared Hit Blocks": 0, "Shared Read Blocks": 800, "Shared Dirtied Blocks": 0, "Shared Written Blocks": 0, "Local Hit Blocks": 0, "Local Read Blocks": 0, "Local Dirtied Blocks": 0, "Local Written Blocks": 0, "Temp Read Blocks": 0, "Temp Written Blocks": 0, "I/O Read Time": 12.467, "I/O Write Time": 0.0, "Plans": [{"Node Type": "Merge Join", "Parent Relationship": "Outer", "Parallel Aware": false, "Join Type": "Inner", "Startup Cost": 1794.77, "Total Cost": 1838.88, "Plan Rows": 249, "Plan Width": 8, "Actual Startup Time": 26.792, "Actual Total Time": 27.615, "Actual Rows": 294, "Actual Loops": 1, "Output": ["promotion.p_start_date_sk", "date_dim.d_same_day_ly"], "Inner Unique": false, "Merge Cond": "(date_dim.d_date_sk = promotion.p_end_date_sk)", "Shared Hit Blocks": 0, "Shared Read Blocks": 800, "Shared Dirtied Blocks": 0, "Shared Written Blocks": 0, "Local Hit Blocks": 0, "Local Read Blocks": 0, "Local Dirtied Blocks": 0, "Local Written Blocks": 0, "Temp Read Blocks": 0, "Temp Written Blocks": 0, "I/O Read Time": 12.467, "I/O Write Time": 0.0, "Plans": [{"Node Type": "Index Scan", "Parent Relationship": "Outer", "Parallel Aware": false, "Scan Direction": "Forward", "Index Name": "d_date_sk_idx", "Relation Name": "date_dim", "Schema": "public", "Alias": "date_dim", "Startup Cost": 0.29, "Total Cost": 3494.65, "Plan Rows": 60531, "Plan Width": 8, "Actual Startup Time": 9.458, "Actual Total Time": 23.212, "Actual Rows": 23367, "Actual Loops": 1, "Output": ["date_dim.d_date_sk", "date_dim.d_date_id", "date_dim.d_date", "date_dim.d_month_seq", "date_dim.d_week_seq", "date_dim.d_quarter_seq", "date_dim.d_year", "date_dim.d_dow", "date_dim.d_moy", "date_dim.d_dom", "date_dim.d_qoy", "date_dim.d_fy_year", "date_dim.d_fy_quarter_seq", "date_dim.d_fy_week_seq", "date_dim.d_day_name", "date_dim.d_quarter_name", "date_dim.d_holiday", "date_dim.d_weekend", "date_dim.d_following_holiday", "date_dim.d_first_dom", "date_dim.d_last_dom", "date_dim.d_same_day_ly", "date_dim.d_same_day_lq", "date_dim.d_current_day", "date_dim.d_current_week", "date_dim.d_current_month", "date_dim.d_current_quarter", "date_dim.d_current_year"], "Filter": "(date_dim.d_quarter_seq > 138)", "Rows Removed by Filter": 12568, "Shared Hit Blocks": 0, "Shared Read Blocks": 792, "Shared Dirtied Blocks": 0, "Shared Written Blocks": 0, "Local Hit Blocks": 0, "Local Read Blocks": 0, "Local Dirtied Blocks": 0, "Local Written Blocks": 0, "Temp Read Blocks": 0, "Temp Written Blocks": 0, "I/O Read Time": 11.464, "I/O Write Time": 0.0, "parent": "Merge Join"}, {"Node Type": "Sort", "Parent Relationship": "Inner", "Parallel Aware": false, "Startup Cost": 23.34, "Total Cost": 24.09, "Plan Rows": 300, "Plan Width": 8, "Actual Startup Time": 1.179, "Actual Total Time": 1.22, "Actual Rows": 295, "Actual Loops": 1, "Output": ["promotion.p_start_date_sk", "promotion.p_end_date_sk"], "Sort Key": ["promotion.p_end_date_sk"], "Sort Method": "quicksort", "Sort Space Used": 41, "Sort Space Type": "Memory", "Shared Hit Blocks": 0, "Shared Read Blocks": 8, "Shared Dirtied Blocks": 0, "Shared Written Blocks": 0, "Local Hit Blocks": 0, "Local Read Blocks": 0, "Local Dirtied Blocks": 0, "Local Written Blocks": 0, "Temp Read Blocks": 0, "Temp Written Blocks": 0, "I/O Read Time": 1.003, "I/O Write Time": 0.0, "Plans": [{"Node Type": "Seq Scan", "Parent Relationship": "Outer", "Parallel Aware": false, "Relation Name": "promotion", "Schema": "public", "Alias": "promotion", "Startup Cost": 0.0, "Total Cost": 11.0, "Plan Rows": 300, "Plan Width": 8, "Actual Startup Time": 0.465, "Actual Total Time": 1.071, "Actual Rows": 300, "Actual Loops": 1, "Output": ["promotion.p_start_date_sk", "promotion.p_end_date_sk"], "Shared Hit Blocks": 0, "Shared Read Blocks": 8, "Shared Dirtied Blocks": 0, "Shared Written Blocks": 0, "Local Hit Blocks": 0, "Local Read Blocks": 0, "Local Dirtied Blocks": 0, "Local Written Blocks": 0, "Temp Read Blocks": 0, "Temp Written Blocks": 0, "I/O Read Time": 1.003, "I/O Write Time": 0.0, "parent": "Sort"}], "parent": "Merge Join"}], "parent": "Sort"}], "parent": "None"}, "Planning": {"Shared Hit Blocks": 143, "Shared Read Blocks": 18, "Shared Dirtied Blocks": 0, "Shared Written Blocks": 0, "Local Hit Blocks": 0, "Local Read Blocks": 0, "Local Dirtied Blocks": 0, "Local Written Blocks": 0, "Temp Read Blocks": 0, "Temp Written Blocks": 0, "I/O Read Time": 7.33, "I/O Write Time": 0.0}, "Planning Time": 8.608, "Triggers": [], "Execution Time": 27.916}, "config": {}}
{"query": "EXPLAIN (ANALYZE, COSTS, BUFFERS, VERBOSE, FORMAT JSON) select date_dim.d_date_sk, inventory.inv_date_sk from inventory join date_dim on date_dim.d_date_sk=inventory.inv_date_sk order by inventory.inv_date_sk ASC;", "planinfo": {"Plan": {"Node Type": "Merge Join", "Parallel Aware": false, "Join Type": "Inner", "Startup Cost": 1033.44, "Total Cost": 575517.78, "Plan Rows": 11744894, "Plan Width": 8, "Actual Startup Time": 10.909, "Actual Total Time": 6069.725, "Actual Rows": 11745000, "Actual Loops": 1, "Output": ["date_dim.d_date_sk", "inventory.inv_date_sk"], "Inner Unique": true, "Merge Cond": "(inventory.inv_date_sk = date_dim.d_date_sk)", "Shared Hit Blocks": 18002, "Shared Read Blocks": 62747, "Shared Dirtied Blocks": 0, "Shared Written Blocks": 0, "Local Hit Blocks": 0, "Local Read Blocks": 0, "Local Dirtied Blocks": 0, "Local Written Blocks": 0, "Temp Read Blocks": 0, "Temp Written Blocks": 0, "I/O Read Time": 1867.712, "I/O Write Time": 0.0, "Plans": [{"Node Type": "Index Only Scan", "Parent Relationship": "Outer", "Parallel Aware": false, "Scan Direction": "Forward", "Index Name": "inventory_pkey", "Relation Name": "inventory", "Schema": "public", "Alias": "inventory", "Startup Cost": 0.43, "Total Cost": 427621.84, "Plan Rows": 11744894, "Plan Width": 4, "Actual Startup Time": 0.019, "Actual Total Time": 3622.462, "Actual Rows": 11745000, "Actual Loops": 1, "Output": ["inventory.inv_date_sk", "inventory.inv_item_sk", "inventory.inv_warehouse_sk"], "Heap Fetches": 0, "Shared Hit Blocks": 18002, "Shared Read Blocks": 62642, "Shared Dirtied Blocks": 0, "Shared Written Blocks": 0, "Local Hit Blocks": 0, "Local Read Blocks": 0, "Local Dirtied Blocks": 0, "Local Written Blocks": 0, "Temp Read Blocks": 0, "Temp Written Blocks": 0, "I/O Read Time": 1865.56, "I/O Write Time": 0.0, "parent": "Merge Join"}, {"Node Type": "Index Only Scan", "Parent Relationship": "Inner", "Parallel Aware": false, "Scan Direction": "Forward", "Index Name": "d_date_sk_idx", "Relation Name": "date_dim", "Schema": "public", "Alias": "date_dim", "Startup Cost": 0.29, "Total Cost": 1904.03, "Plan Rows": 73049, "Plan Width": 4, "Actual Startup Time": 0.953, "Actual Total Time": 7.602, "Actual Rows": 37614, "Actual Loops": 1, "Output": ["date_dim.d_date_sk"], "Heap Fetches": 0, "Shared Hit Blocks": 0, "Shared Read Blocks": 105, "Shared Dirtied Blocks": 0, "Shared Written Blocks": 0, "Local Hit Blocks": 0, "Local Read Blocks": 0, "Local Dirtied Blocks": 0, "Local Written Blocks": 0, "Temp Read Blocks": 0, "Temp Written Blocks": 0, "I/O Read Time": 2.152, "I/O Write Time": 0.0, "parent": "Merge Join"}], "parent": "None"}, "Planning": {"Shared Hit Blocks": 138, "Shared Read Blocks": 24, "Shared Dirtied Blocks": 0, "Shared Written Blocks": 0, "Local Hit Blocks": 0, "Local Read Blocks": 0, "Local Dirtied Blocks": 0, "Local Written Blocks": 0, "Temp Read Blocks": 0, "Temp Written Blocks": 0, "I/O Read Time": 8.886, "I/O Write Time": 0.0}, "Planning Time": 10.352, "Triggers": [], "Execution Time": 6731.237}, "config": {}}
{"query": "EXPLAIN (ANALYZE, COSTS, BUFFERS, VERBOSE, FORMAT JSON) select date_dim.d_last_dom, catalog_page.cp_start_date_sk from catalog_page join date_dim on date_dim.d_date_sk=catalog_page.cp_end_date_sk order by catalog_page.cp_start_date_sk DESC;", "planinfo": {"Plan": {"Node Type": "Sort", "Parallel Aware": false, "Startup Cost": 3958.41, "Total Cost": 3987.7, "Plan Rows": 11718, "Plan Width": 8, "Actual Startup Time": 42.118, "Actual Total Time": 42.757, "Actual Rows": 11610, "Actual Loops": 1, "Output": ["date_dim.d_last_dom", "catalog_page.cp_start_date_sk"], "Sort Key": ["catalog_page.cp_start_date_sk DESC"], "Sort Method": "quicksort", "Sort Space Used": 1019, "Sort Space Type": "Memory", "Shared Hit Blocks": 0, "Shared Read Blocks": 1082, "Shared Dirtied Blocks": 0, "Shared Written Blocks": 0, "Local Hit Blocks": 0, "Local Read Blocks": 0, "Local Dirtied Blocks": 0, "Local Written Blocks": 0, "Temp Read Blocks": 0, "Temp Written Blocks": 0, "I/O Read Time": 15.442, "I/O Write Time": 0.0, "Plans": [{"Node Type": "Merge Join", "Parent Relationship": "Outer", "Parallel Aware": false, "Join Type": "Inner", "Startup Cost": 2882.39, "Total Cost": 3166.48, "Plan Rows": 11718, "Plan Width": 8, "Actual Startup Time": 34.683, "Actual Total Time": 39.378, "Actual Rows": 11610, "Actual Loops": 1, "Output": ["date_dim.d_last_dom", "catalog_page.cp_start_date_sk"], "Inner Unique": false, "Merge Cond": "(date_dim.d_date_sk = catalog_page.cp_end_date_sk)", "Shared Hit Blocks": 0, "Shared Read Blocks": 1082, "Shared Dirtied Blocks": 0, "Shared Written Blocks": 0, "Local Hit Blocks": 0, "Local Read Blocks": 0, "Local Dirtied Blocks": 0, "Local Written Blocks": 0, "Temp Read Blocks": 0, "Temp Written Blocks": 0, "I/O Read Time": 15.442, "I/O Write Time": 0.0, "Plans": [{"Node Type": "Index Scan", "Parent Relationship": "Outer", "Parallel Aware": false, "Scan Direction": "Forward", "Index Name": "d_date_sk_idx", "Relation Name": "date_dim", "Schema": "public", "Alias": "date_dim", "Startup Cost": 0.29, "Total Cost": 3312.03, "Plan Rows": 73049, "Plan Width": 8, "Actual Startup Time": 0.913, "Actual Total Time": 21.524, "Actual Rows": 38166, "Actual Loops": 1, "Output": ["date_dim.d_date_sk", "date_dim.d_date_id", "date_dim.d_date", "date_dim.d_month_seq", "date_dim.d_week_seq", "date_dim.d_quarter_seq", "date_dim.d_year", "date_dim.d_dow", "date_dim.d_moy", "date_dim.d_dom", "date_dim.d_qoy", "date_dim.d_fy_year", "date_dim.d_fy_quarter_seq", "date_dim.d_fy_week_seq", "date_dim.d_day_name", "date_dim.d_quarter_name", "date_dim.d_holiday", "date_dim.d_weekend", "date_dim.d_following_holiday", "date_dim.d_first_dom", "date_dim.d_last_dom", "date_dim.d_same_day_ly", "date_dim.d_same_day_lq", "date_dim.d_current_day", "date_dim.d_current_week", "date_dim.d_current_month", "date_dim.d_current_quarter", "date_dim.d_current_year"], "Shared Hit Blocks": 0, "Shared Read Blocks": 840, "Shared Dirtied Blocks": 0, "Shared Written Blocks": 0, "Local Hit Blocks": 0, "Local Read Blocks": 0, "Local Dirtied Blocks": 0, "Local Written Blocks": 0, "Temp Read Blocks": 0, "Temp Written Blocks": 0, "I/O Read Time": 11.326, "I/O Write Time": 0.0, "parent": "Merge Join"}, {"Node Type": "Sort", "Parent Relationship": "Inner", "Parallel Aware": false, "Startup Cost": 1151.11, "Total Cost": 1180.4, "Plan Rows": 11718, "Plan Width": 8, "Actual Startup Time": 9.061, "Actual Total Time": 9.745, "Actual Rows": 11611, "Actual Loops": 1, "Output": ["catalog_page.cp_start_date_sk", "catalog_page.cp_end_date_sk"], "Sort Key": ["catalog_page.cp_end_date_sk"], "Sort Method": "quicksort", "Sort Space Used": 1025, "Sort Space Type": "Memory", "Shared Hit Blocks": 0, "Shared Read Blocks": 242, "Shared Dirtied Blocks": 0, "Shared Written Blocks": 0, "Local Hit Blocks": 0, "Local Read Blocks": 0, "Local Dirtied Blocks": 0, "Local Written Blocks": 0, "Temp Read Blocks": 0, "Temp Written Blocks": 0, "I/O Read Time": 4.116, "I/O Write Time": 0.0, "Plans": [{"Node Type": "Seq Scan", "Parent Relationship": "Outer", "Parallel Aware": false, "Relation Name": "catalog_page", "Schema": "public", "Alias": "catalog_page", "Startup Cost": 0.0, "Total Cost": 359.18, "Plan Rows": 11718, "Plan Width": 8, "Actual Startup Time": 0.458, "Actual Total Time": 6.241, "Actual Rows": 11718, "Actual Loops": 1, "Output": ["catalog_page.cp_start_date_sk", "catalog_page.cp_end_date_sk"], "Shared Hit Blocks": 0, "Shared Read Blocks": 242, "Shared Dirtied Blocks": 0, "Shared Written Blocks": 0, "Local Hit Blocks": 0, "Local Read Blocks": 0, "Local Dirtied Blocks": 0, "Local Written Blocks": 0, "Temp Read Blocks": 0, "Temp Written Blocks": 0, "I/O Read Time": 4.116, "I/O Write Time": 0.0, "parent": "Sort"}], "parent": "Merge Join"}], "parent": "Sort"}], "parent": "None"}, "Planning": {"Shared Hit Blocks": 140, "Shared Read Blocks": 17, "Shared Dirtied Blocks": 0, "Shared Written Blocks": 0, "Local Hit Blocks": 0, "Local Read Blocks": 0, "Local Dirtied Blocks": 0, "Local Written Blocks": 0, "Temp Read Blocks": 0, "Temp Written Blocks": 0, "I/O Read Time": 6.029, "I/O Write Time": 0.0}, "Planning Time": 7.206, "Triggers": [], "Execution Time": 43.908}, "config": {}}
{"query": "EXPLAIN (ANALYZE, COSTS, BUFFERS, VERBOSE, FORMAT JSON) select date_dim.d_quarter_seq, promotion.p_promo_sk from date_dim join promotion on promotion.p_end_date_sk=date_dim.d_date_sk where promotion.p_promo_sk != 42;", "planinfo": {"Plan": {"Node Type": "Merge Join", "Parallel Aware": false, "Join Type": "Inner", "Startup Cost": 1721.93, "Total Cost": 1764.91, "Plan Rows": 299, "Plan Width": 8, "Actual Startup Time": 25.835, "Actual Total Time": 26.513, "Actual Rows": 293, "Actual Loops": 1, "Output": ["date_dim.d_quarter_seq", "promotion.p_promo_sk"], "Inner Unique": false, "Merge Cond": "(date_dim.d_date_sk = promotion.p_end_date_sk)", "Shared Hit Blocks": 0, "Shared Read Blocks": 800, "Shared Dirtied Blocks": 0, "Shared Written Blocks": 0, "Local Hit Blocks": 0, "Local Read Blocks": 0, "Local Dirtied Blocks": 0, "Local Written Blocks": 0, "Temp Read Blocks": 0, "Temp Written Blocks": 0, "I/O Read Time": 11.157, "I/O Write Time": 0.0, "Plans": [{"Node Type": "Index Scan", "Parent Relationship": "Outer", "Parallel Aware": false, "Scan Direction": "Forward", "Index Name": "d_date_sk_idx", "Relation Name": "date_dim", "Schema": "public", "Alias": "date_dim", "Startup Cost": 0.29, "Total Cost": 3312.03, "Plan Rows": 73049, "Plan Width": 8, "Actual Startup Time": 1.132, "Actual Total Time": 19.829, "Actual Rows": 35935, "Actual Loops": 1, "Output": ["date_dim.d_date_sk", "date_dim.d_date_id", "date_dim.d_date", "date_dim.d_month_seq", "date_dim.d_week_seq", "date_dim.d_quarter_seq", "date_dim.d_year", "date_dim.d_dow", "date_dim.d_moy", "date_dim.d_dom", "date_dim.d_qoy", "date_dim.d_fy_year", "date_dim.d_fy_quarter_seq", "date_dim.d_fy_week_seq", "date_dim.d_day_name", "date_dim.d_quarter_name", "date_dim.d_holiday", "date_dim.d_weekend", "date_dim.d_following_holiday", "date_dim.d_first_dom", "date_dim.d_last_dom", "date_dim.d_same_day_ly", "date_dim.d_same_day_lq", "date_dim.d_current_day", "date_dim.d_current_week", "date_dim.d_current_month", "date_dim.d_current_quarter", "date_dim.d_current_year"], "Shared Hit Blocks": 0, "Shared Read Blocks": 792, "Shared Dirtied Blocks": 0, "Shared Written Blocks": 0, "Local Hit Blocks": 0, "Local Read Blocks": 0, "Local Dirtied Blocks": 0, "Local Written Blocks": 0, "Temp Read Blocks": 0, "Temp Written Blocks": 0, "I/O Read Time": 10.134, "I/O Write Time": 0.0, "parent": "Merge Join"}, {"Node Type": "Sort", "Parent Relationship": "Inner", "Parallel Aware": false, "Startup Cost": 24.04, "Total Cost": 24.79, "Plan Rows": 299, "Plan Width": 8, "Actual Startup Time": 1.218, "Actual Total Time": 1.25, "Actual Rows": 294, "Actual Loops": 1, "Output": ["promotion.p_promo_sk", "promotion.p_end_date_sk"], "Sort Key": ["promotion.p_end_date_sk"], "Sort Method": "quicksort", "Sort Space Used": 41, "Sort Space Type": "Memory", "Shared Hit Blocks": 0, "Shared Read Blocks": 8, "Shared Dirtied Blocks": 0, "Shared Written Blocks": 0, "Local Hit Blocks": 0, "Local Read Blocks": 0, "Local Dirtied Blocks": 0, "Local Written Blocks": 0, "Temp Read Blocks": 0, "Temp Written Blocks": 0, "I/O Read Time": 1.023, "I/O Write Time": 0.0, "Plans": [{"Node Type": "Seq Scan", "Parent Relationship": "Outer", "Parallel Aware": false, "Relation Name": "promotion", "Schema": "public", "Alias": "promotion", "Startup Cost": 0.0, "Total Cost": 11.75, "Plan Rows": 299, "Plan Width": 8, "Actual Startup Time": 0.455, "Actual Total Time": 1.104, "Actual Rows": 299, "Actual Loops": 1, "Output": ["promotion.p_promo_sk", "promotion.p_end_date_sk"], "Filter": "(promotion.p_promo_sk <> 42)", "Rows Removed by Filter": 1, "Shared Hit Blocks": 0, "Shared Read Blocks": 8, "Shared Dirtied Blocks": 0, "Shared Written Blocks": 0, "Local Hit Blocks": 0, "Local Read Blocks": 0, "Local Dirtied Blocks": 0, "Local Written Blocks": 0, "Temp Read Blocks": 0, "Temp Written Blocks": 0, "I/O Read Time": 1.023, "I/O Write Time": 0.0, "parent": "Sort"}], "parent": "Merge Join"}], "parent": "None"}, "Planning": {"Shared Hit Blocks": 145, "Shared Read Blocks": 17, "Shared Dirtied Blocks": 0, "Shared Written Blocks": 0, "Local Hit Blocks": 0, "Local Read Blocks": 0, "Local Dirtied Blocks": 0, "Local Written Blocks": 0, "Temp Read Blocks": 0, "Temp Written Blocks": 0, "I/O Read Time": 6.134, "I/O Write Time": 0.0}, "Planning Time": 7.362, "Triggers": [], "Execution Time": 26.645}, "config": {}}
{"query": "EXPLAIN (ANALYZE, COSTS, BUFFERS, VERBOSE, FORMAT JSON) select date_dim.d_month_seq, promotion.p_end_date_sk from date_dim join promotion on promotion.p_end_date_sk=date_dim.d_date_sk order by date_dim.d_month_seq ASC, promotion.p_end_date_sk ASC;", "planinfo": {"Plan": {"Node Type": "Sort", "Parallel Aware": false, "Startup Cost": 1776.57, "Total Cost": 1777.32, "Plan Rows": 300, "Plan Width": 8, "Actual Startup Time": 28.256, "Actual Total Time": 28.273, "Actual Rows": 294, "Actual Loops": 1, "Output": ["date_dim.d_month_seq", "promotion.p_end_date_sk"], "Sort Key": ["date_dim.d_month_seq", "promotion.p_end_date_sk"], "Sort Method": "quicksort", "Sort Space Used": 41, "Sort Space Type": "Memory", "Shared Hit Blocks": 0, "Shared Read Blocks": 800, "Shared Dirtied Blocks": 0, "Shared Written Blocks": 0, "Local Hit Blocks": 0, "Local Read Blocks": 0, "Local Dirtied Blocks": 0, "Local Written Blocks": 0, "Temp Read Blocks": 0, "Temp Written Blocks": 0, "I/O Read Time": 12.78, "I/O Write Time": 0.0, "Plans": [{"Node Type": "Merge Join", "Parent Relationship": "Outer", "Parallel Aware": false, "Join Type": "Inner", "Startup Cost": 1721.23, "Total Cost": 1764.23, "Plan Rows": 300, "Plan Width": 8, "Actual Startup Time": 27.456, "Actual Total Time": 28.172, "Actual Rows": 294, "Actual Loops": 1, "Output": ["date_dim.d_month_seq", "promotion.p_end_date_sk"], "Inner Unique": false, "Merge Cond": "(date_dim.d_date_sk = promotion.p_end_date_sk)", "Shared Hit Blocks": 0, "Shared Read Blocks": 800, "Shared Dirtied Blocks": 0, "Shared Written Blocks": 0, "Local Hit Blocks": 0, "Local Read Blocks": 0, "Local Dirtied Blocks": 0, "Local Written Blocks": 0, "Temp Read Blocks": 0, "Temp Written Blocks": 0, "I/O Read Time": 12.78, "I/O Write Time": 0.0, "Plans": [{"Node Type": "Index Scan", "Parent Relationship": "Outer", "Parallel Aware": false, "Scan Direction": "Forward", "Index Name": "d_date_sk_idx", "Relation Name": "date_dim", "Schema": "public", "Alias": "date_dim", "Startup Cost": 0.29, "Total Cost": 3312.03, "Plan Rows": 73049, "Plan Width": 8, "Actual Startup Time": 0.922, "Actual Total Time": 21.676, "Actual Rows": 35935, "Actual Loops": 1, "Output": ["date_dim.d_date_sk", "date_dim.d_date_id", "date_dim.d_date", "date_dim.d_month_seq", "date_dim.d_week_seq", "date_dim.d_quarter_seq", "date_dim.d_year", "date_dim.d_dow", "date_dim.d_moy", "date_dim.d_dom", "date_dim.d_qoy", "date_dim.d_fy_year", "date_dim.d_fy_quarter_seq", "date_dim.d_fy_week_seq", "date_dim.d_day_name", "date_dim.d_quarter_name", "date_dim.d_holiday", "date_dim.d_weekend", "date_dim.d_following_holiday", "date_dim.d_first_dom", "date_dim.d_last_dom", "date_dim.d_same_day_ly", "date_dim.d_same_day_lq", "date_dim.d_current_day", "date_dim.d_current_week", "date_dim.d_current_month", "date_dim.d_current_quarter", "date_dim.d_current_year"], "Shared Hit Blocks": 0, "Shared Read Blocks": 792, "Shared Dirtied Blocks": 0, "Shared Written Blocks": 0, "Local Hit Blocks": 0, "Local Read Blocks": 0, "Local Dirtied Blocks": 0, "Local Written Blocks": 0, "Temp Read Blocks": 0, "Temp Written Blocks": 0, "I/O Read Time": 11.821, "I/O Write Time": 0.0, "parent": "Merge Join"}, {"Node Type": "Sort", "Parent Relationship": "Inner", "Parallel Aware": false, "Startup Cost": 23.34, "Total Cost": 24.09, "Plan Rows": 300, "Plan Width": 4, "Actual Startup Time": 1.125, "Actual Total Time": 1.161, "Actual Rows": 295, "Actual Loops": 1, "Output": ["promotion.p_end_date_sk"], "Sort Key": ["promotion.p_end_date_sk"], "Sort Method": "quicksort", "Sort Space Used": 41, "Sort Space Type": "Memory", "Shared Hit Blocks": 0, "Shared Read Blocks": 8, "Shared Dirtied Blocks": 0, "Shared Written Blocks": 0, "Local Hit Blocks": 0, "Local Read Blocks": 0, "Local Dirtied Blocks": 0, "Local Written Blocks": 0, "Temp Read Blocks": 0, "Temp Written Blocks": 0, "I/O Read Time": 0.959, "I/O Write Time": 0.0, "Plans": [{"Node Type": "Seq Scan", "Parent Relationship": "Outer", "Parallel Aware": false, "Relation Name": "promotion", "Schema": "public", "Alias": "promotion", "Startup Cost": 0.0, "Total Cost": 11.0, "Plan Rows": 300, "Plan Width": 4, "Actual Startup Time": 0.451, "Actual Total Time": 1.021, "Actual Rows": 300, "Actual Loops": 1, "Output": ["promotion.p_end_date_sk"], "Shared Hit Blocks": 0, "Shared Read Blocks": 8, "Shared Dirtied Blocks": 0, "Shared Written Blocks": 0, "Local Hit Blocks": 0, "Local Read Blocks": 0, "Local Dirtied Blocks": 0, "Local Written Blocks": 0, "Temp Read Blocks": 0, "Temp Written Blocks": 0, "I/O Read Time": 0.959, "I/O Write Time": 0.0, "parent": "Sort"}], "parent": "Merge Join"}], "parent": "Sort"}], "parent": "None"}, "Planning": {"Shared Hit Blocks": 134, "Shared Read Blocks": 17, "Shared Dirtied Blocks": 0, "Shared Written Blocks": 0, "Local Hit Blocks": 0, "Local Read Blocks": 0, "Local Dirtied Blocks": 0, "Local Written Blocks": 0, "Temp Read Blocks": 0, "Temp Written Blocks": 0, "I/O Read Time": 5.515, "I/O Write Time": 0.0}, "Planning Time": 6.672, "Triggers": [], "Execution Time": 28.416}, "config": {}}
{"query": "EXPLAIN (ANALYZE, COSTS, BUFFERS, VERBOSE, FORMAT JSON) select inventory.inv_date_sk, date_dim.d_moy from inventory join date_dim on date_dim.d_date_sk=inventory.inv_date_sk where date_dim.d_same_day_lq > 2416375 order by inventory.inv_date_sk DESC;", "planinfo": {"Plan": {"Node Type": "Merge Join", "Parallel Aware": false, "Join Type": "Inner", "Startup Cost": 1764.82, "Total Cost": 574056.86, "Plan Rows": 11521730, "Plan Width": 8, "Actual Startup Time": 373.018, "Actual Total Time": 32900.48, "Actual Rows": 11745000, "Actual Loops": 1, "Output": ["inventory.inv_date_sk", "date_dim.d_moy"], "Inner Unique": true, "Merge Cond": "(inventory.inv_date_sk = date_dim.d_date_sk)", "Shared Hit Blocks": 18104, "Shared Read Blocks": 63463, "Shared Dirtied Blocks": 0, "Shared Written Blocks": 0, "Local Hit Blocks": 0, "Local Read Blocks": 0, "Local Dirtied Blocks": 0, "Local Written Blocks": 0, "Temp Read Blocks": 0, "Temp Written Blocks": 0, "I/O Read Time": 28567.424, "I/O Write Time": 0.0, "Plans": [{"Node Type": "Index Only Scan", "Parent Relationship": "Outer", "Parallel Aware": false, "Scan Direction": "Backward", "Index Name": "inventory_pkey", "Relation Name": "inventory", "Schema": "public", "Alias": "inventory", "Startup Cost": 0.43, "Total Cost": 427621.84, "Plan Rows": 11744894, "Plan Width": 4, "Actual Startup Time": 0.01, "Actual Total Time": 29952.668, "Actual Rows": 11745000, "Actual Loops": 1, "Output": ["inventory.inv_date_sk", "inventory.inv_item_sk", "inventory.inv_warehouse_sk"], "Heap Fetches": 0, "Shared Hit Blocks": 18002, "Shared Read Blocks": 62642, "Shared Dirtied Blocks": 0, "Shared Written Blocks": 0, "Local Hit Blocks": 0, "Local Read Blocks": 0, "Local Dirtied Blocks": 0, "Local Written Blocks": 0, "Temp Read Blocks": 0, "Temp Written Blocks": 0, "I/O Read Time": 28196.938, "I/O Write Time": 0.0, "parent": "Merge Join"}, {"Node Type": "Index Scan", "Parent Relationship": "Inner", "Parallel Aware": false, "Scan Direction": "Backward", "Index Name": "d_date_sk_idx", "Relation Name": "date_dim", "Schema": "public", "Alias": "date_dim", "Startup Cost": 0.29, "Total Cost": 3494.65, "Plan Rows": 71661, "Plan Width": 8, "Actual Startup Time": 1.337, "Actual Total Time": 389.018, "Actual Rows": 37256, "Actual Loops": 1, "Output": ["date_dim.d_date_sk", "date_dim.d_date_id", "date_dim.d_date", "date_dim.d_month_seq", "date_dim.d_week_seq", "date_dim.d_quarter_seq", "date_dim.d_year", "date_dim.d_dow", "date_dim.d_moy", "date_dim.d_dom", "date_dim.d_qoy", "date_dim.d_fy_year", "date_dim.d_fy_quarter_seq", "date_dim.d_fy_week_seq", "date_dim.d_day_name", "date_dim.d_quarter_name", "date_dim.d_holiday", "date_dim.d_weekend", "date_dim.d_following_holiday", "date_dim.d_first_dom", "date_dim.d_last_dom", "date_dim.d_same_day_ly", "date_dim.d_same_day_lq", "date_dim.d_current_day", "date_dim.d_current_week", "date_dim.d_current_month", "date_dim.d_current_quarter", "date_dim.d_current_year"], "Filter": "(date_dim.d_same_day_lq > 2416375)", "Rows Removed by Filter": 0, "Shared Hit Blocks": 102, "Shared Read Blocks": 821, "Shared Dirtied Blocks": 0, "Shared Written Blocks": 0, "Local Hit Blocks": 0, "Local Read Blocks": 0, "Local Dirtied Blocks": 0, "Local Written Blocks": 0, "Temp Read Blocks": 0, "Temp Written Blocks": 0, "I/O Read Time": 370.486, "I/O Write Time": 0.0, "parent": "Merge Join"}], "parent": "None"}, "Planning": {"Shared Hit Blocks": 147, "Shared Read Blocks": 25, "Shared Dirtied Blocks": 0, "Shared Written Blocks": 0, "Local Hit Blocks": 0, "Local Read Blocks": 0, "Local Dirtied Blocks": 0, "Local Written Blocks": 0, "Temp Read Blocks": 0, "Temp Written Blocks": 0, "I/O Read Time": 10.044, "I/O Write Time": 0.0}, "Planning Time": 11.391, "Triggers": [], "Execution Time": 33535.223}, "config": {}}
{"query": "EXPLAIN (ANALYZE, COSTS, BUFFERS, VERBOSE, FORMAT JSON) select date_dim.d_dow, promotion.p_end_date_sk from promotion join date_dim on date_dim.d_date_sk=promotion.p_end_date_sk where date_dim.d_qoy = 3 order by promotion.p_end_date_sk ASC;", "planinfo": {"Plan": {"Node Type": "Merge Join", "Parallel Aware": false, "Join Type": "Inner", "Startup Cost": 1743.59, "Total Cost": 1784.84, "Plan Rows": 76, "Plan Width": 8, "Actual Startup Time": 25.24, "Actual Total Time": 25.748, "Actual Rows": 72, "Actual Loops": 1, "Output": ["date_dim.d_dow", "promotion.p_end_date_sk"], "Inner Unique": false, "Merge Cond": "(date_dim.d_date_sk = promotion.p_end_date_sk)", "Shared Hit Blocks": 0, "Shared Read Blocks": 800, "Shared Dirtied Blocks": 0, "Shared Written Blocks": 0, "Local Hit Blocks": 0, "Local Read Blocks": 0, "Local Dirtied Blocks": 0, "Local Written Blocks": 0, "Temp Read Blocks": 0, "Temp Written Blocks": 0, "I/O Read Time": 12.376, "I/O Write Time": 0.0, "Plans": [{"Node Type": "Index Scan", "Parent Relationship": "Outer", "Parallel Aware": false, "Scan Direction": "Forward", "Index Name": "d_date_sk_idx", "Relation Name": "date_dim", "Schema": "public", "Alias": "date_dim", "Startup Cost": 0.29, "Total Cost": 3494.65, "Plan Rows": 18423, "Plan Width": 8, "Actual Startup Time": 1.496, "Actual Total Time": 23.135, "Actual Rows": 9017, "Actual Loops": 1, "Output": ["date_dim.d_date_sk", "date_dim.d_date_id", "date_dim.d_date", "date_dim.d_month_seq", "date_dim.d_week_seq", "date_dim.d_quarter_seq", "date_dim.d_year", "date_dim.d_dow", "date_dim.d_moy", "date_dim.d_dom", "date_dim.d_qoy", "date_dim.d_fy_year", "date_dim.d_fy_quarter_seq", "date_dim.d_fy_week_seq", "date_dim.d_day_name", "date_dim.d_quarter_name", "date_dim.d_holiday", "date_dim.d_weekend", "date_dim.d_following_holiday", "date_dim.d_first_dom", "date_dim.d_last_dom", "date_dim.d_same_day_ly", "date_dim.d_same_day_lq", "date_dim.d_current_day", "date_dim.d_current_week", "date_dim.d_current_month", "date_dim.d_current_quarter", "date_dim.d_current_year"], "Filter": "(date_dim.d_qoy = 3)", "Rows Removed by Filter": 26959, "Shared Hit Blocks": 0, "Shared Read Blocks": 792, "Shared Dirtied Blocks": 0, "Shared Written Blocks": 0, "Local Hit Blocks": 0, "Local Read Blocks": 0, "Local Dirtied Blocks": 0, "Local Written Blocks": 0, "Temp Read Blocks": 0, "Temp Written Blocks": 0, "I/O Read Time": 11.198, "I/O Write Time": 0.0, "parent": "Merge Join"}, {"Node Type": "Sort", "Parent Relationship": "Inner", "Parallel Aware": false, "Startup Cost": 23.34, "Total Cost": 24.09, "Plan Rows": 300, "Plan Width": 4, "Actual Startup Time": 1.351, "Actual Total Time": 1.39, "Actual Rows": 295, "Actual Loops": 1, "Output": ["promotion.p_end_date_sk"], "Sort Key": ["promotion.p_end_date_sk"], "Sort Method": "quicksort", "Sort Space Used": 41, "Sort Space Type": "Memory", "Shared Hit Blocks": 0, "Shared Read Blocks": 8, "Shared Dirtied Blocks": 0, "Shared Written Blocks": 0, "Local Hit Blocks": 0, "Local Read Blocks": 0, "Local Dirtied Blocks": 0, "Local Written Blocks": 0, "Temp Read Blocks": 0, "Temp Written Blocks": 0, "I/O Read Time": 1.179, "I/O Write Time": 0.0, "Plans": [{"Node Type": "Seq Scan", "Parent Relationship": "Outer", "Parallel Aware": false, "Relation Name": "promotion", "Schema": "public", "Alias": "promotion", "Startup Cost": 0.0, "Total Cost": 11.0, "Plan Rows": 300, "Plan Width": 4, "Actual Startup Time": 0.639, "Actual Total Time": 1.242, "Actual Rows": 300, "Actual Loops": 1, "Output": ["promotion.p_end_date_sk"], "Shared Hit Blocks": 0, "Shared Read Blocks": 8, "Shared Dirtied Blocks": 0, "Shared Written Blocks": 0, "Local Hit Blocks": 0, "Local Read Blocks": 0, "Local Dirtied Blocks": 0, "Local Written Blocks": 0, "Temp Read Blocks": 0, "Temp Written Blocks": 0, "I/O Read Time": 1.179, "I/O Write Time": 0.0, "parent": "Sort"}], "parent": "Merge Join"}], "parent": "None"}, "Planning": {"Shared Hit Blocks": 135, "Shared Read Blocks": 19, "Shared Dirtied Blocks": 0, "Shared Written Blocks": 0, "Local Hit Blocks": 0, "Local Read Blocks": 0, "Local Dirtied Blocks": 0, "Local Written Blocks": 0, "Temp Read Blocks": 0, "Temp Written Blocks": 0, "I/O Read Time": 7.035, "I/O Write Time": 0.0}, "Planning Time": 8.29, "Triggers": [], "Execution Time": 25.871}, "config": {}}
{"query": "EXPLAIN (ANALYZE, COSTS, BUFFERS, VERBOSE, FORMAT JSON) select date_dim.d_qoy, catalog_page.cp_start_date_sk from catalog_page join date_dim on date_dim.d_date_sk=catalog_page.cp_end_date_sk order by date_dim.d_qoy ASC, catalog_page.cp_start_date_sk ASC;", "planinfo": {"Plan": {"Node Type": "Sort", "Parallel Aware": false, "Startup Cost": 3958.41, "Total Cost": 3987.7, "Plan Rows": 11718, "Plan Width": 8, "Actual Startup Time": 43.341, "Actual Total Time": 43.958, "Actual Rows": 11610, "Actual Loops": 1, "Output": ["date_dim.d_qoy", "catalog_page.cp_start_date_sk"], "Sort Key": ["date_dim.d_qoy", "catalog_page.cp_start_date_sk"], "Sort Method": "quicksort", "Sort Space Used": 1019, "Sort Space Type": "Memory", "Shared Hit Blocks": 0, "Shared Read Blocks": 1082, "Shared Dirtied Blocks": 0, "Shared Written Blocks": 0, "Local Hit Blocks": 0, "Local Read Blocks": 0, "Local Dirtied Blocks": 0, "Local Written Blocks": 0, "Temp Read Blocks": 0, "Temp Written Blocks": 0, "I/O Read Time": 15.415, "I/O Write Time": 0.0, "Plans": [{"Node Type": "Merge Join", "Parent Relationship": "Outer", "Parallel Aware": false, "Join Type": "Inner", "Startup Cost": 2882.39, "Total Cost": 3166.48, "Plan Rows": 11718, "Plan Width": 8, "Actual Startup Time": 34.413, "Actual Total Time": 39.094, "Actual Rows": 11610, "Actual Loops": 1, "Output": ["date_dim.d_qoy", "catalog_page.cp_start_date_sk"], "Inner Unique": false, "Merge Cond": "(date_dim.d_date_sk = catalog_page.cp_end_date_sk)", "Shared Hit Blocks": 0, "Shared Read Blocks": 1082, "Shared Dirtied Blocks": 0, "Shared Written Blocks": 0, "Local Hit Blocks": 0, "Local Read Blocks": 0, "Local Dirtied Blocks": 0, "Local Written Blocks": 0, "Temp Read Blocks": 0, "Temp Written Blocks": 0, "I/O Read Time": 15.415, "I/O Write Time": 0.0, "Plans": [{"Node Type": "Index Scan", "Parent Relationship": "Outer", "Parallel Aware": false, "Scan Direction": "Forward", "Index Name": "d_date_sk_idx", "Relation Name": "date_dim", "Schema": "public", "Alias": "date_dim", "Startup Cost": 0.29, "Total Cost": 3312.03, "Plan Rows": 73049, "Plan Width": 8, "Actual Startup Time": 0.925, "Actual Total Time": 21.203, "Actual Rows": 38166, "Actual Loops": 1, "Output": ["date_dim.d_date_sk", "date_dim.d_date_id", "date_dim.d_date", "date_dim.d_month_seq", "date_dim.d_week_seq", "date_dim.d_quarter_seq", "date_dim.d_year", "date_dim.d_dow", "date_dim.d_moy", "date_dim.d_dom", "date_dim.d_qoy", "date_dim.d_fy_year", "date_dim.d_fy_quarter_seq", "date_dim.d_fy_week_seq", "date_dim.d_day_name", "date_dim.d_quarter_name", "date_dim.d_holiday", "date_dim.d_weekend", "date_dim.d_following_holiday", "date_dim.d_first_dom", "date_dim.d_last_dom", "date_dim.d_same_day_ly", "date_dim.d_same_day_lq", "date_dim.d_current_day", "date_dim.d_current_week", "date_dim.d_current_month", "date_dim.d_current_quarter", "date_dim.d_current_year"], "Shared Hit Blocks": 0, "Shared Read Blocks": 840, "Shared Dirtied Blocks": 0, "Shared Written Blocks": 0, "Local Hit Blocks": 0, "Local Read Blocks": 0, "Local Dirtied Blocks": 0, "Local Written Blocks": 0, "Temp Read Blocks": 0, "Temp Written Blocks": 0, "I/O Read Time": 11.175, "I/O Write Time": 0.0, "parent": "Merge Join"}, {"Node Type": "Sort", "Parent Relationship": "Inner", "Parallel Aware": false, "Startup Cost": 1151.11, "Total Cost": 1180.4, "Plan Rows": 11718, "Plan Width": 8, "Actual Startup Time": 9.156, "Actual Total Time": 9.83, "Actual Rows": 11611, "Actual Loops": 1, "Output": ["catalog_page.cp_start_date_sk", "catalog_page.cp_end_date_sk"], "Sort Key": ["catalog_page.cp_end_date_sk"], "Sort Method": "quicksort", "Sort Space Used": 1025, "Sort Space Type": "Memory", "Shared Hit Blocks": 0, "Shared Read Blocks": 242, "Shared Dirtied Blocks": 0, "Shared Written Blocks": 0, "Local Hit Blocks": 0, "Local Read Blocks": 0, "Local Dirtied Blocks": 0, "Local Written Blocks": 0, "Temp Read Blocks": 0, "Temp Written Blocks": 0, "I/O Read Time": 4.24, "I/O Write Time": 0.0, "Plans": [{"Node Type": "Seq Scan", "Parent Relationship": "Outer", "Parallel Aware": false, "Relation Name": "catalog_page", "Schema": "public", "Alias": "catalog_page", "Startup Cost": 0.0, "Total Cost": 359.18, "Plan Rows": 11718, "Plan Width": 8, "Actual Startup Time": 0.455, "Actual Total Time": 6.39, "Actual Rows": 11718, "Actual Loops": 1, "Output": ["catalog_page.cp_start_date_sk", "catalog_page.cp_end_date_sk"], "Shared Hit Blocks": 0, "Shared Read Blocks": 242, "Shared Dirtied Blocks": 0, "Shared Written Blocks": 0, "Local Hit Blocks": 0, "Local Read Blocks": 0, "Local Dirtied Blocks": 0, "Local Written Blocks": 0, "Temp Read Blocks": 0, "Temp Written Blocks": 0, "I/O Read Time": 4.24, "I/O Write Time": 0.0, "parent": "Sort"}], "parent": "Merge Join"}], "parent": "Sort"}], "parent": "None"}, "Planning": {"Shared Hit Blocks": 136, "Shared Read Blocks": 17, "Shared Dirtied Blocks": 0, "Shared Written Blocks": 0, "Local Hit Blocks": 0, "Local Read Blocks": 0, "Local Dirtied Blocks": 0, "Local Written Blocks": 0, "Temp Read Blocks": 0, "Temp Written Blocks": 0, "I/O Read Time": 5.838, "I/O Write Time": 0.0}, "Planning Time": 7.018, "Triggers": [], "Execution Time": 45.13}, "config": {}}
{"query": "EXPLAIN (ANALYZE, COSTS, BUFFERS, VERBOSE, FORMAT JSON) select web_returns.wr_refunded_cdemo_sk, date_dim.d_moy from web_returns join date_dim on date_dim.d_date_sk=web_returns.wr_returned_date_sk where web_returns.wr_web_page_sk = 56 order by web_returns.wr_refunded_cdemo_sk DESC;", "planinfo": {"Plan": {"Node Type": "Sort", "Parallel Aware": false, "Startup Cost": 4225.91, "Total Cost": 4229.46, "Plan Rows": 1421, "Plan Width": 8, "Actual Startup Time": 67.266, "Actual Total Time": 67.363, "Actual Rows": 1310, "Actual Loops": 1, "Output": ["web_returns.wr_refunded_cdemo_sk", "date_dim.d_moy"], "Sort Key": ["web_returns.wr_refunded_cdemo_sk DESC"], "Sort Method": "quicksort", "Sort Space Used": 120, "Sort Space Type": "Memory", "Shared Hit Blocks": 0, "Shared Read Blocks": 2147, "Shared Dirtied Blocks": 0, "Shared Written Blocks": 0, "Local Hit Blocks": 0, "Local Read Blocks": 0, "Local Dirtied Blocks": 0, "Local Written Blocks": 0, "Temp Read Blocks": 0, "Temp Written Blocks": 0, "I/O Read Time": 38.147, "I/O Write Time": 0.0, "Plans": [{"Node Type": "Merge Join", "Parent Relationship": "Outer", "Parallel Aware": false, "Join Type": "Inner", "Startup Cost": 4029.68, "Total Cost": 4151.5, "Plan Rows": 1421, "Plan Width": 8, "Actual Startup Time": 65.307, "Actual Total Time": 66.811, "Actual Rows": 1310, "Actual Loops": 1, "Output": ["web_returns.wr_refunded_cdemo_sk", "date_dim.d_moy"], "Inner Unique": false, "Merge Cond": "(date_dim.d_date_sk = web_returns.wr_returned_date_sk)", "Shared Hit Blocks": 0, "Shared Read Blocks": 2147, "Shared Dirtied Blocks": 0, "Shared Written Blocks": 0, "Local Hit Blocks": 0, "Local Read Blocks": 0, "Local Dirtied Blocks": 0, "Local Written Blocks": 0, "Temp Read Blocks": 0, "Temp Written Blocks": 0, "I/O Read Time": 38.147, "I/O Write Time": 0.0, "Plans": [{"Node Type": "Index Scan", "Parent Relationship": "Outer", "Parallel Aware": false, "Scan Direction": "Forward", "Index Name": "d_date_sk_idx", "Relation Name": "date_dim", "Schema": "public", "Alias": "date_dim", "Startup Cost": 0.29, "Total Cost": 3312.03, "Plan Rows": 73049, "Plan Width": 8, "Actual Startup Time": 0.918, "Actual Total Time": 22.255, "Actual Rows": 37233, "Actual Loops": 1, "Output": ["date_dim.d_date_sk", "date_dim.d_date_id", "date_dim.d_date", "date_dim.d_month_seq", "date_dim.d_week_seq", "date_dim.d_quarter_seq", "date_dim.d_year", "date_dim.d_dow", "date_dim.d_moy", "date_dim.d_dom", "date_dim.d_qoy", "date_dim.d_fy_year", "date_dim.d_fy_quarter_seq", "date_dim.d_fy_week_seq", "date_dim.d_day_name", "date_dim.d_quarter_name", "date_dim.d_holiday", "date_dim.d_weekend", "date_dim.d_following_holiday", "date_dim.d_first_dom", "date_dim.d_last_dom", "date_dim.d_same_day_ly", "date_dim.d_same_day_lq", "date_dim.d_current_day", "date_dim.d_current_week", "date_dim.d_current_month", "date_dim.d_current_quarter", "date_dim.d_current_year"], "Shared Hit Blocks": 0, "Shared Read Blocks": 820, "Shared Dirtied Blocks": 0, "Shared Written Blocks": 0, "Local Hit Blocks": 0, "Local Read Blocks": 0, "Local Dirtied Blocks": 0, "Local Written Blocks": 0, "Temp Read Blocks": 0, "Temp Written Blocks": 0, "I/O Read Time": 12.335, "I/O Write Time": 0.0, "parent": "Merge Join"}, {"Node Type": "Sort", "Parent Relationship": "Inner", "Parallel Aware": false, "Startup Cost": 2298.45, "Total Cost": 2302.0, "Plan Rows": 1421, "Plan Width": 8, "Actual Startup Time": 39.054, "Actual Total Time": 39.21, "Actual Rows": 1311, "Actual Loops": 1, "Output": ["web_returns.wr_refunded_cdemo_sk", "web_returns.wr_returned_date_sk"], "Sort Key": ["web_returns.wr_returned_date_sk"], "Sort Method": "quicksort", "Sort Space Used": 121, "Sort Space Type": "Memory", "Shared Hit Blocks": 0, "Shared Read Blocks": 1327, "Shared Dirtied Blocks": 0, "Shared Written Blocks": 0, "Local Hit Blocks": 0, "Local Read Blocks": 0, "Local Dirtied Blocks": 0, "Local Written Blocks": 0, "Temp Read Blocks": 0, "Temp Written Blocks": 0, "I/O Read Time": 25.812, "I/O Write Time": 0.0, "Plans": [{"Node Type": "Seq Scan", "Parent Relationship": "Outer", "Parallel Aware": false, "Relation Name": "web_returns", "Schema": "public", "Alias": "web_returns", "Startup Cost": 0.0, "Total Cost": 2224.04, "Plan Rows": 1421, "Plan Width": 8, "Actual Startup Time": 0.521, "Actual Total Time": 38.485, "Actual Rows": 1337, "Actual Loops": 1, "Output": ["web_returns.wr_refunded_cdemo_sk", "web_returns.wr_returned_date_sk"], "Filter": "(web_returns.wr_web_page_sk = 56)", "Rows Removed by Filter": 70426, "Shared Hit Blocks": 0, "Shared Read Blocks": 1327, "Shared Dirtied Blocks": 0, "Shared Written Blocks": 0, "Local Hit Blocks": 0, "Local Read Blocks": 0, "Local Dirtied Blocks": 0, "Local Written Blocks": 0, "Temp Read Blocks": 0, "Temp Written Blocks": 0, "I/O Read Time": 25.812, "I/O Write Time": 0.0, "parent": "Sort"}], "parent": "Merge Join"}], "parent": "Sort"}], "parent": "None"}, "Planning": {"Shared Hit Blocks": 143, "Shared Read Blocks": 21, "Shared Dirtied Blocks": 0, "Shared Written Blocks": 0, "Local Hit Blocks": 0, "Local Read Blocks": 0, "Local Dirtied Blocks": 0, "Local Written Blocks": 0, "Temp Read Blocks": 0, "Temp Written Blocks": 0, "I/O Read Time": 9.084, "I/O Write Time": 0.0}, "Planning Time": 11.311, "Triggers": [], "Execution Time": 67.595}, "config": {}}
{"query": "EXPLAIN (ANALYZE, COSTS, BUFFERS, VERBOSE, FORMAT JSON) select date_dim.d_week_seq, promotion.p_promo_sk from promotion join date_dim on date_dim.d_date_sk=promotion.p_end_date_sk order by date_dim.d_week_seq ASC, promotion.p_promo_sk ASC;", "planinfo": {"Plan": {"Node Type": "Sort", "Parallel Aware": false, "Startup Cost": 1776.57, "Total Cost": 1777.32, "Plan Rows": 300, "Plan Width": 8, "Actual Startup Time": 26.261, "Actual Total Time": 26.278, "Actual Rows": 294, "Actual Loops": 1, "Output": ["date_dim.d_week_seq", "promotion.p_promo_sk"], "Sort Key": ["date_dim.d_week_seq", "promotion.p_promo_sk"], "Sort Method": "quicksort", "Sort Space Used": 41, "Sort Space Type": "Memory", "Shared Hit Blocks": 0, "Shared Read Blocks": 800, "Shared Dirtied Blocks": 0, "Shared Written Blocks": 0, "Local Hit Blocks": 0, "Local Read Blocks": 0, "Local Dirtied Blocks": 0, "Local Written Blocks": 0, "Temp Read Blocks": 0, "Temp Written Blocks": 0, "I/O Read Time": 11.219, "I/O Write Time": 0.0, "Plans": [{"Node Type": "Merge Join", "Parent Relationship": "Outer", "Parallel Aware": false, "Join Type": "Inner", "Startup Cost": 1721.23, "Total Cost": 1764.23, "Plan Rows": 300, "Plan Width": 8, "Actual Startup Time": 25.464, "Actual Total Time": 26.148, "Actual Rows": 294, "Actual Loops": 1, "Output": ["date_dim.d_week_seq", "promotion.p_promo_sk"], "Inner Unique": false, "Merge Cond": "(date_dim.d_date_sk = promotion.p_end_date_sk)", "Shared Hit Blocks": 0, "Shared Read Blocks": 800, "Shared Dirtied Blocks": 0, "Shared Written Blocks": 0, "Local Hit Blocks": 0, "Local Read Blocks": 0, "Local Dirtied Blocks": 0, "Local Written Blocks": 0, "Temp Read Blocks": 0, "Temp Written Blocks": 0, "I/O Read Time": 11.219, "I/O Write Time": 0.0, "Plans": [{"Node Type": "Index Scan", "Parent Relationship": "Outer", "Parallel Aware": false, "Scan Direction": "Forward", "Index Name": "d_date_sk_idx", "Relation Name": "date_dim", "Schema": "public", "Alias": "date_dim", "Startup Cost": 0.29, "Total Cost": 3312.03, "Plan Rows": 73049, "Plan Width": 8, "Actual Startup Time": 0.993, "Actual Total Time": 19.64, "Actual Rows": 35935, "Actual Loops": 1, "Output": ["date_dim.d_date_sk", "date_dim.d_date_id", "date_dim.d_date", "date_dim.d_month_seq", "date_dim.d_week_seq", "date_dim.d_quarter_seq", "date_dim.d_year", "date_dim.d_dow", "date_dim.d_moy", "date_dim.d_dom", "date_dim.d_qoy", "date_dim.d_fy_year", "date_dim.d_fy_quarter_seq", "date_dim.d_fy_week_seq", "date_dim.d_day_name", "date_dim.d_quarter_name", "date_dim.d_holiday", "date_dim.d_weekend", "date_dim.d_following_holiday", "date_dim.d_first_dom", "date_dim.d_last_dom", "date_dim.d_same_day_ly", "date_dim.d_same_day_lq", "date_dim.d_current_day", "date_dim.d_current_week", "date_dim.d_current_month", "date_dim.d_current_quarter", "date_dim.d_current_year"], "Shared Hit Blocks": 0, "Shared Read Blocks": 792, "Shared Dirtied Blocks": 0, "Shared Written Blocks": 0, "Local Hit Blocks": 0, "Local Read Blocks": 0, "Local Dirtied Blocks": 0, "Local Written Blocks": 0, "Temp Read Blocks": 0, "Temp Written Blocks": 0, "I/O Read Time": 10.181, "I/O Write Time": 0.0, "parent": "Merge Join"}, {"Node Type": "Sort", "Parent Relationship": "Inner", "Parallel Aware": false, "Startup Cost": 23.34, "Total Cost": 24.09, "Plan Rows": 300, "Plan Width": 8, "Actual Startup Time": 1.205, "Actual Total Time": 1.238, "Actual Rows": 295, "Actual Loops": 1, "Output": ["promotion.p_promo_sk", "promotion.p_end_date_sk"], "Sort Key": ["promotion.p_end_date_sk"], "Sort Method": "quicksort", "Sort Space Used": 41, "Sort Space Type": "Memory", "Shared Hit Blocks": 0, "Shared Read Blocks": 8, "Shared Dirtied Blocks": 0, "Shared Written Blocks": 0, "Local Hit Blocks": 0, "Local Read Blocks": 0, "Local Dirtied Blocks": 0, "Local Written Blocks": 0, "Temp Read Blocks": 0, "Temp Written Blocks": 0, "I/O Read Time": 1.038, "I/O Write Time": 0.0, "Plans": [{"Node Type": "Seq Scan", "Parent Relationship": "Outer", "Parallel Aware": false, "Relation Name": "promotion", "Schema": "public", "Alias": "promotion", "Startup Cost": 0.0, "Total Cost": 11.0, "Plan Rows": 300, "Plan Width": 8, "Actual Startup Time": 0.456, "Actual Total Time": 1.104, "Actual Rows": 300, "Actual Loops": 1, "Output": ["promotion.p_promo_sk", "promotion.p_end_date_sk"], "Shared Hit Blocks": 0, "Shared Read Blocks": 8, "Shared Dirtied Blocks": 0, "Shared Written Blocks": 0, "Local Hit Blocks": 0, "Local Read Blocks": 0, "Local Dirtied Blocks": 0, "Local Written Blocks": 0, "Temp Read Blocks": 0, "Temp Written Blocks": 0, "I/O Read Time": 1.038, "I/O Write Time": 0.0, "parent": "Sort"}], "parent": "Merge Join"}], "parent": "Sort"}], "parent": "None"}, "Planning": {"Shared Hit Blocks": 136, "Shared Read Blocks": 18, "Shared Dirtied Blocks": 0, "Shared Written Blocks": 0, "Local Hit Blocks": 0, "Local Read Blocks": 0, "Local Dirtied Blocks": 0, "Local Written Blocks": 0, "Temp Read Blocks": 0, "Temp Written Blocks": 0, "I/O Read Time": 6.329, "I/O Write Time": 0.0}, "Planning Time": 7.523, "Triggers": [], "Execution Time": 26.427}, "config": {}}
{"query": "EXPLAIN (ANALYZE, COSTS, BUFFERS, VERBOSE, FORMAT JSON) select promotion.p_item_sk, date_dim.d_quarter_seq from date_dim join promotion on promotion.p_end_date_sk=date_dim.d_date_sk;", "planinfo": {"Plan": {"Node Type": "Merge Join", "Parallel Aware": false, "Join Type": "Inner", "Startup Cost": 1721.23, "Total Cost": 1764.23, "Plan Rows": 300, "Plan Width": 8, "Actual Startup Time": 27.806, "Actual Total Time": 28.488, "Actual Rows": 294, "Actual Loops": 1, "Output": ["promotion.p_item_sk", "date_dim.d_quarter_seq"], "Inner Unique": false, "Merge Cond": "(date_dim.d_date_sk = promotion.p_end_date_sk)", "Shared Hit Blocks": 0, "Shared Read Blocks": 800, "Shared Dirtied Blocks": 0, "Shared Written Blocks": 0, "Local Hit Blocks": 0, "Local Read Blocks": 0, "Local Dirtied Blocks": 0, "Local Written Blocks": 0, "Temp Read Blocks": 0, "Temp Written Blocks": 0, "I/O Read Time": 12.161, "I/O Write Time": 0.0, "Plans": [{"Node Type": "Index Scan", "Parent Relationship": "Outer", "Parallel Aware": false, "Scan Direction": "Forward", "Index Name": "d_date_sk_idx", "Relation Name": "date_dim", "Schema": "public", "Alias": "date_dim", "Startup Cost": 0.29, "Total Cost": 3312.03, "Plan Rows": 73049, "Plan Width": 8, "Actual Startup Time": 1.002, "Actual Total Time": 21.267, "Actual Rows": 35935, "Actual Loops": 1, "Output": ["date_dim.d_date_sk", "date_dim.d_date_id", "date_dim.d_date", "date_dim.d_month_seq", "date_dim.d_week_seq", "date_dim.d_quarter_seq", "date_dim.d_year", "date_dim.d_dow", "date_dim.d_moy", "date_dim.d_dom", "date_dim.d_qoy", "date_dim.d_fy_year", "date_dim.d_fy_quarter_seq", "date_dim.d_fy_week_seq", "date_dim.d_day_name", "date_dim.d_quarter_name", "date_dim.d_holiday", "date_dim.d_weekend", "date_dim.d_following_holiday", "date_dim.d_first_dom", "date_dim.d_last_dom", "date_dim.d_same_day_ly", "date_dim.d_same_day_lq", "date_dim.d_current_day", "date_dim.d_current_week", "date_dim.d_current_month", "date_dim.d_current_quarter", "date_dim.d_current_year"], "Shared Hit Blocks": 0, "Shared Read Blocks": 792, "Shared Dirtied Blocks": 0, "Shared Written Blocks": 0, "Local Hit Blocks": 0, "Local Read Blocks": 0, "Local Dirtied Blocks": 0, "Local Written Blocks": 0, "Temp Read Blocks": 0, "Temp Written Blocks": 0, "I/O Read Time": 11.114, "I/O Write Time": 0.0, "parent": "Merge Join"}, {"Node Type": "Sort", "Parent Relationship": "Inner", "Parallel Aware": false, "Startup Cost": 23.34, "Total Cost": 24.09, "Plan Rows": 300, "Plan Width": 8, "Actual Startup Time": 1.297, "Actual Total Time": 1.33, "Actual Rows": 295, "Actual Loops": 1, "Output": ["promotion.p_item_sk", "promotion.p_end_date_sk"], "Sort Key": ["promotion.p_end_date_sk"], "Sort Method": "quicksort", "Sort Space Used": 41, "Sort Space Type": "Memory", "Shared Hit Blocks": 0, "Shared Read Blocks": 8, "Shared Dirtied Blocks": 0, "Shared Written Blocks": 0, "Local Hit Blocks": 0, "Local Read Blocks": 0, "Local Dirtied Blocks": 0, "Local Written Blocks": 0, "Temp Read Blocks": 0, "Temp Written Blocks": 0, "I/O Read Time": 1.047, "I/O Write Time": 0.0, "Plans": [{"Node Type": "Seq Scan", "Parent Relationship": "Outer", "Parallel Aware": false, "Relation Name": "promotion", "Schema": "public", "Alias": "promotion", "Startup Cost": 0.0, "Total Cost": 11.0, "Plan Rows": 300, "Plan Width": 8, "Actual Startup Time": 0.462, "Actual Total Time": 1.157, "Actual Rows": 300, "Actual Loops": 1, "Output": ["promotion.p_item_sk", "promotion.p_end_date_sk"], "Shared Hit Blocks": 0, "Shared Read Blocks": 8, "Shared Dirtied Blocks": 0, "Shared Written Blocks": 0, "Local Hit Blocks": 0, "Local Read Blocks": 0, "Local Dirtied Blocks": 0, "Local Written Blocks": 0, "Temp Read Blocks": 0, "Temp Written Blocks": 0, "I/O Read Time": 1.047, "I/O Write Time": 0.0, "parent": "Sort"}], "parent": "Merge Join"}], "parent": "None"}, "Planning": {"Shared Hit Blocks": 143, "Shared Read Blocks": 17, "Shared Dirtied Blocks": 0, "Shared Written Blocks": 0, "Local Hit Blocks": 0, "Local Read Blocks": 0, "Local Dirtied Blocks": 0, "Local Written Blocks": 0, "Temp Read Blocks": 0, "Temp Written Blocks": 0, "I/O Read Time": 5.601, "I/O Write Time": 0.0}, "Planning Time": 6.806, "Triggers": [], "Execution Time": 28.629}, "config": {}}
{"query": "EXPLAIN (ANALYZE, COSTS, BUFFERS, VERBOSE, FORMAT JSON) select promotion.p_promo_sk, date_dim.d_moy from promotion join date_dim on date_dim.d_date_sk=promotion.p_end_date_sk order by promotion.p_promo_sk DESC;", "planinfo": {"Plan": {"Node Type": "Sort", "Parallel Aware": false, "Startup Cost": 1776.57, "Total Cost": 1777.32, "Plan Rows": 300, "Plan Width": 8, "Actual Startup Time": 27.065, "Actual Total Time": 27.084, "Actual Rows": 294, "Actual Loops": 1, "Output": ["promotion.p_promo_sk", "date_dim.d_moy"], "Sort Key": ["promotion.p_promo_sk DESC"], "Sort Method": "quicksort", "Sort Space Used": 41, "Sort Space Type": "Memory", "Shared Hit Blocks": 0, "Shared Read Blocks": 800, "Shared Dirtied Blocks": 0, "Shared Written Blocks": 0, "Local Hit Blocks": 0, "Local Read Blocks": 0, "Local Dirtied Blocks": 0, "Local Written Blocks": 0, "Temp Read Blocks": 0, "Temp Written Blocks": 0, "I/O Read Time": 11.817, "I/O Write Time": 0.0, "Plans": [{"Node Type": "Merge Join", "Parent Relationship": "Outer", "Parallel Aware": false, "Join Type": "Inner", "Startup Cost": 1721.23, "Total Cost": 1764.23, "Plan Rows": 300, "Plan Width": 8, "Actual Startup Time": 26.228, "Actual Total Time": 26.949, "Actual Rows": 294, "Actual Loops": 1, "Output": ["promotion.p_promo_sk", "date_dim.d_moy"], "Inner Unique": false, "Merge Cond": "(date_dim.d_date_sk = promotion.p_end_date_sk)", "Shared Hit Blocks": 0, "Shared Read Blocks": 800, "Shared Dirtied Blocks": 0, "Shared Written Blocks": 0, "Local Hit Blocks": 0, "Local Read Blocks": 0, "Local Dirtied Blocks": 0, "Local Written Blocks": 0, "Temp Read Blocks": 0, "Temp Written Blocks": 0, "I/O Read Time": 11.817, "I/O Write Time": 0.0, "Plans": [{"Node Type": "Index Scan", "Parent Relationship": "Outer", "Parallel Aware": false, "Scan Direction": "Forward", "Index Name": "d_date_sk_idx", "Relation Name": "date_dim", "Schema": "public", "Alias": "date_dim", "Startup Cost": 0.29, "Total Cost": 3312.03, "Plan Rows": 73049, "Plan Width": 8, "Actual Startup Time": 0.917, "Actual Total Time": 20.395, "Actual Rows": 35935, "Actual Loops": 1, "Output": ["date_dim.d_date_sk", "date_dim.d_date_id", "date_dim.d_date", "date_dim.d_month_seq", "date_dim.d_week_seq", "date_dim.d_quarter_seq", "date_dim.d_year", "date_dim.d_dow", "date_dim.d_moy", "date_dim.d_dom", "date_dim.d_qoy", "date_dim.d_fy_year", "date_dim.d_fy_quarter_seq", "date_dim.d_fy_week_seq", "date_dim.d_day_name", "date_dim.d_quarter_name", "date_dim.d_holiday", "date_dim.d_weekend", "date_dim.d_following_holiday", "date_dim.d_first_dom", "date_dim.d_last_dom", "date_dim.d_same_day_ly", "date_dim.d_same_day_lq", "date_dim.d_current_day", "date_dim.d_current_week", "date_dim.d_current_month", "date_dim.d_current_quarter", "date_dim.d_current_year"], "Shared Hit Blocks": 0, "Shared Read Blocks": 792, "Shared Dirtied Blocks": 0, "Shared Written Blocks": 0, "Local Hit Blocks": 0, "Local Read Blocks": 0, "Local Dirtied Blocks": 0, "Local Written Blocks": 0, "Temp Read Blocks": 0, "Temp Written Blocks": 0, "I/O Read Time": 10.842, "I/O Write Time": 0.0, "parent": "Merge Join"}, {"Node Type": "Sort", "Parent Relationship": "Inner", "Parallel Aware": false, "Startup Cost": 23.34, "Total Cost": 24.09, "Plan Rows": 300, "Plan Width": 8, "Actual Startup Time": 1.142, "Actual Total Time": 1.183, "Actual Rows": 295, "Actual Loops": 1, "Output": ["promotion.p_promo_sk", "promotion.p_end_date_sk"], "Sort Key": ["promotion.p_end_date_sk"], "Sort Method": "quicksort", "Sort Space Used": 41, "Sort Space Type": "Memory", "Shared Hit Blocks": 0, "Shared Read Blocks": 8, "Shared Dirtied Blocks": 0, "Shared Written Blocks": 0, "Local Hit Blocks": 0, "Local Read Blocks": 0, "Local Dirtied Blocks": 0, "Local Written Blocks": 0, "Temp Read Blocks": 0, "Temp Written Blocks": 0, "I/O Read Time": 0.976, "I/O Write Time": 0.0, "Plans": [{"Node Type": "Seq Scan", "Parent Relationship": "Outer", "Parallel Aware": false, "Relation Name": "promotion", "Schema": "public", "Alias": "promotion", "Startup Cost": 0.0, "Total Cost": 11.0, "Plan Rows": 300, "Plan Width": 8, "Actual Startup Time": 0.456, "Actual Total Time": 1.042, "Actual Rows": 300, "Actual Loops": 1, "Output": ["promotion.p_promo_sk", "promotion.p_end_date_sk"], "Shared Hit Blocks": 0, "Shared Read Blocks": 8, "Shared Dirtied Blocks": 0, "Shared Written Blocks": 0, "Local Hit Blocks": 0, "Local Read Blocks": 0, "Local Dirtied Blocks": 0, "Local Written Blocks": 0, "Temp Read Blocks": 0, "Temp Written Blocks": 0, "I/O Read Time": 0.976, "I/O Write Time": 0.0, "parent": "Sort"}], "parent": "Merge Join"}], "parent": "Sort"}], "parent": "None"}, "Planning": {"Shared Hit Blocks": 139, "Shared Read Blocks": 19, "Shared Dirtied Blocks": 0, "Shared Written Blocks": 0, "Local Hit Blocks": 0, "Local Read Blocks": 0, "Local Dirtied Blocks": 0, "Local Written Blocks": 0, "Temp Read Blocks": 0, "Temp Written Blocks": 0, "I/O Read Time": 7.572, "I/O Write Time": 0.0}, "Planning Time": 9.006, "Triggers": [], "Execution Time": 27.235}, "config": {}}
{"query": "EXPLAIN (ANALYZE, COSTS, BUFFERS, VERBOSE, FORMAT JSON) select date_dim.d_week_seq, promotion.p_end_date_sk from promotion join date_dim on date_dim.d_date_sk=promotion.p_end_date_sk where date_dim.d_week_seq != 10022 order by promotion.p_end_date_sk ASC;", "planinfo": {"Plan": {"Node Type": "Merge Join", "Parallel Aware": false, "Join Type": "Inner", "Startup Cost": 1809.96, "Total Cost": 1854.93, "Plan Rows": 300, "Plan Width": 8, "Actual Startup Time": 29.424, "Actual Total Time": 30.216, "Actual Rows": 294, "Actual Loops": 1, "Output": ["date_dim.d_week_seq", "promotion.p_end_date_sk"], "Inner Unique": false, "Merge Cond": "(date_dim.d_date_sk = promotion.p_end_date_sk)", "Shared Hit Blocks": 0, "Shared Read Blocks": 800, "Shared Dirtied Blocks": 0, "Shared Written Blocks": 0, "Local Hit Blocks": 0, "Local Read Blocks": 0, "Local Dirtied Blocks": 0, "Local Written Blocks": 0, "Temp Read Blocks": 0, "Temp Written Blocks": 0, "I/O Read Time": 12.331, "I/O Write Time": 0.0, "Plans": [{"Node Type": "Index Scan", "Parent Relationship": "Outer", "Parallel Aware": false, "Scan Direction": "Forward", "Index Name": "d_date_sk_idx", "Relation Name": "date_dim", "Schema": "public", "Alias": "date_dim", "Startup Cost": 0.29, "Total Cost": 3494.65, "Plan Rows": 73042, "Plan Width": 8, "Actual Startup Time": 0.942, "Actual Total Time": 23.931, "Actual Rows": 35935, "Actual Loops": 1, "Output": ["date_dim.d_date_sk", "date_dim.d_date_id", "date_dim.d_date", "date_dim.d_month_seq", "date_dim.d_week_seq", "date_dim.d_quarter_seq", "date_dim.d_year", "date_dim.d_dow", "date_dim.d_moy", "date_dim.d_dom", "date_dim.d_qoy", "date_dim.d_fy_year", "date_dim.d_fy_quarter_seq", "date_dim.d_fy_week_seq", "date_dim.d_day_name", "date_dim.d_quarter_name", "date_dim.d_holiday", "date_dim.d_weekend", "date_dim.d_following_holiday", "date_dim.d_first_dom", "date_dim.d_last_dom", "date_dim.d_same_day_ly", "date_dim.d_same_day_lq", "date_dim.d_current_day", "date_dim.d_current_week", "date_dim.d_current_month", "date_dim.d_current_quarter", "date_dim.d_current_year"], "Filter": "(date_dim.d_week_seq <> 10022)", "Rows Removed by Filter": 0, "Shared Hit Blocks": 0, "Shared Read Blocks": 792, "Shared Dirtied Blocks": 0, "Shared Written Blocks": 0, "Local Hit Blocks": 0, "Local Read Blocks": 0, "Local Dirtied Blocks": 0, "Local Written Blocks": 0, "Temp Read Blocks": 0, "Temp Written Blocks": 0, "I/O Read Time": 11.306, "I/O Write Time": 0.0, "parent": "Merge Join"}, {"Node Type": "Sort", "Parent Relationship": "Inner", "Parallel Aware": false, "Startup Cost": 23.34, "Total Cost": 24.09, "Plan Rows": 300, "Plan Width": 4, "Actual Startup Time": 1.242, "Actual Total Time": 1.284, "Actual Rows": 295, "Actual Loops": 1, "Output": ["promotion.p_end_date_sk"], "Sort Key": ["promotion.p_end_date_sk"], "Sort Method": "quicksort", "Sort Space Used": 41, "Sort Space Type": "Memory", "Shared Hit Blocks": 0, "Shared Read Blocks": 8, "Shared Dirtied Blocks": 0, "Shared Written Blocks": 0, "Local Hit Blocks": 0, "Local Read Blocks": 0, "Local Dirtied Blocks": 0, "Local Written Blocks": 0, "Temp Read Blocks": 0, "Temp Written Blocks": 0, "I/O Read Time": 1.025, "I/O Write Time": 0.0, "Plans": [{"Node Type": "Seq Scan", "Parent Relationship": "Outer", "Parallel Aware": false, "Relation Name": "promotion", "Schema": "public", "Alias": "promotion", "Startup Cost": 0.0, "Total Cost": 11.0, "Plan Rows": 300, "Plan Width": 4, "Actual Startup Time": 0.47, "Actual Total Time": 1.117, "Actual Rows": 300, "Actual Loops": 1, "Output": ["promotion.p_end_date_sk"], "Shared Hit Blocks": 0, "Shared Read Blocks": 8, "Shared Dirtied Blocks": 0, "Shared Written Blocks": 0, "Local Hit Blocks": 0, "Local Read Blocks": 0, "Local Dirtied Blocks": 0, "Local Written Blocks": 0, "Temp Read Blocks": 0, "Temp Written Blocks": 0, "I/O Read Time": 1.025, "I/O Write Time": 0.0, "parent": "Sort"}], "parent": "Merge Join"}], "parent": "None"}, "Planning": {"Shared Hit Blocks": 135, "Shared Read Blocks": 16, "Shared Dirtied Blocks": 0, "Shared Written Blocks": 0, "Local Hit Blocks": 0, "Local Read Blocks": 0, "Local Dirtied Blocks": 0, "Local Written Blocks": 0, "Temp Read Blocks": 0, "Temp Written Blocks": 0, "I/O Read Time": 6.066, "I/O Write Time": 0.0}, "Planning Time": 7.355, "Triggers": [], "Execution Time": 30.389}, "config": {}}
{"query": "EXPLAIN (ANALYZE, COSTS, BUFFERS, VERBOSE, FORMAT JSON) select date_dim.d_week_seq, inventory.inv_date_sk from inventory join date_dim on date_dim.d_date_sk=inventory.inv_date_sk order by inventory.inv_date_sk DESC;", "planinfo": {"Plan": {"Node Type": "Merge Join", "Parallel Aware": false, "Join Type": "Inner", "Startup Cost": 1678.76, "Total Cost": 576198.02, "Plan Rows": 11744894, "Plan Width": 8, "Actual Startup Time": 368.288, "Actual Total Time": 32783.982, "Actual Rows": 11745000, "Actual Loops": 1, "Output": ["date_dim.d_week_seq", "inventory.inv_date_sk"], "Inner Unique": true, "Merge Cond": "(inventory.inv_date_sk = date_dim.d_date_sk)", "Shared Hit Blocks": 18104, "Shared Read Blocks": 63463, "Shared Dirtied Blocks": 0, "Shared Written Blocks": 0, "Local Hit Blocks": 0, "Local Read Blocks": 0, "Local Dirtied Blocks": 0, "Local Written Blocks": 0, "Temp Read Blocks": 0, "Temp Written Blocks": 0, "I/O Read Time": 28443.18, "I/O Write Time": 0.0, "Plans": [{"Node Type": "Index Only Scan", "Parent Relationship": "Outer", "Parallel Aware": false, "Scan Direction": "Backward", "Index Name": "inventory_pkey", "Relation Name": "inventory", "Schema": "public", "Alias": "inventory", "Startup Cost": 0.43, "Total Cost": 427621.84, "Plan Rows": 11744894, "Plan Width": 4, "Actual Startup Time": 0.01, "Actual Total Time": 29891.911, "Actual Rows": 11745000, "Actual Loops": 1, "Output": ["inventory.inv_date_sk", "inventory.inv_item_sk", "inventory.inv_warehouse_sk"], "Heap Fetches": 0, "Shared Hit Blocks": 18002, "Shared Read Blocks": 62642, "Shared Dirtied Blocks": 0, "Shared Written Blocks": 0, "Local Hit Blocks": 0, "Local Read Blocks": 0, "Local Dirtied Blocks": 0, "Local Written Blocks": 0, "Temp Read Blocks": 0, "Temp Written Blocks": 0, "I/O Read Time": 28072.259, "I/O Write Time": 0.0, "parent": "Merge Join"}, {"Node Type": "Index Scan", "Parent Relationship": "Inner", "Parallel Aware": false, "Scan Direction": "Backward", "Index Name": "d_date_sk_idx", "Relation Name": "date_dim", "Schema": "public", "Alias": "date_dim", "Startup Cost": 0.29, "Total Cost": 3312.03, "Plan Rows": 73049, "Plan Width": 8, "Actual Startup Time": 1.342, "Actual Total Time": 382.891, "Actual Rows": 37256, "Actual Loops": 1, "Output": ["date_dim.d_date_sk", "date_dim.d_date_id", "date_dim.d_date", "date_dim.d_month_seq", "date_dim.d_week_seq", "date_dim.d_quarter_seq", "date_dim.d_year", "date_dim.d_dow", "date_dim.d_moy", "date_dim.d_dom", "date_dim.d_qoy", "date_dim.d_fy_year", "date_dim.d_fy_quarter_seq", "date_dim.d_fy_week_seq", "date_dim.d_day_name", "date_dim.d_quarter_name", "date_dim.d_holiday", "date_dim.d_weekend", "date_dim.d_following_holiday", "date_dim.d_first_dom", "date_dim.d_last_dom", "date_dim.d_same_day_ly", "date_dim.d_same_day_lq", "date_dim.d_current_day", "date_dim.d_current_week", "date_dim.d_current_month", "date_dim.d_current_quarter", "date_dim.d_current_year"], "Shared Hit Blocks": 102, "Shared Read Blocks": 821, "Shared Dirtied Blocks": 0, "Shared Written Blocks": 0, "Local Hit Blocks": 0, "Local Read Blocks": 0, "Local Dirtied Blocks": 0, "Local Written Blocks": 0, "Temp Read Blocks": 0, "Temp Written Blocks": 0, "I/O Read Time": 370.922, "I/O Write Time": 0.0, "parent": "Merge Join"}], "parent": "None"}, "Planning": {"Shared Hit Blocks": 148, "Shared Read Blocks": 24, "Shared Dirtied Blocks": 0, "Shared Written Blocks": 0, "Local Hit Blocks": 0, "Local Read Blocks": 0, "Local Dirtied Blocks": 0, "Local Written Blocks": 0, "Temp Read Blocks": 0, "Temp Written Blocks": 0, "I/O Read Time": 8.131, "I/O Write Time": 0.0}, "Planning Time": 9.421, "Triggers": [], "Execution Time": 33409.199}, "config": {}}
{"query": "EXPLAIN (ANALYZE, COSTS, BUFFERS, VERBOSE, FORMAT JSON) select date_dim.d_fy_quarter_seq, promotion.p_cost from date_dim join promotion on promotion.p_end_date_sk=date_dim.d_date_sk;", "planinfo": {"Plan": {"Node Type": "Merge Join", "Parallel Aware": false, "Join Type": "Inner", "Startup Cost": 1721.23, "Total Cost": 1764.23, "Plan Rows": 300, "Plan Width": 9, "Actual Startup Time": 28.464, "Actual Total Time": 29.178, "Actual Rows": 294, "Actual Loops": 1, "Output": ["date_dim.d_fy_quarter_seq", "promotion.p_cost"], "Inner Unique": false, "Merge Cond": "(date_dim.d_date_sk = promotion.p_end_date_sk)", "Shared Hit Blocks": 0, "Shared Read Blocks": 800, "Shared Dirtied Blocks": 0, "Shared Written Blocks": 0, "Local Hit Blocks": 0, "Local Read Blocks": 0, "Local Dirtied Blocks": 0, "Local Written Blocks": 0, "Temp Read Blocks": 0, "Temp Written Blocks": 0, "I/O Read Time": 13.99, "I/O Write Time": 0.0, "Plans": [{"Node Type": "Index Scan", "Parent Relationship": "Outer", "Parallel Aware": false, "Scan Direction": "Forward", "Index Name": "d_date_sk_idx", "Relation Name": "date_dim", "Schema": "public", "Alias": "date_dim", "Startup Cost": 0.29, "Total Cost": 3312.03, "Plan Rows": 73049, "Plan Width": 8, "Actual Startup Time": 2.961, "Actual Total Time": 22.711, "Actual Rows": 35935, "Actual Loops": 1, "Output": ["date_dim.d_date_sk", "date_dim.d_date_id", "date_dim.d_date", "date_dim.d_month_seq", "date_dim.d_week_seq", "date_dim.d_quarter_seq", "date_dim.d_year", "date_dim.d_dow", "date_dim.d_moy", "date_dim.d_dom", "date_dim.d_qoy", "date_dim.d_fy_year", "date_dim.d_fy_quarter_seq", "date_dim.d_fy_week_seq", "date_dim.d_day_name", "date_dim.d_quarter_name", "date_dim.d_holiday", "date_dim.d_weekend", "date_dim.d_following_holiday", "date_dim.d_first_dom", "date_dim.d_last_dom", "date_dim.d_same_day_ly", "date_dim.d_same_day_lq", "date_dim.d_current_day", "date_dim.d_current_week", "date_dim.d_current_month", "date_dim.d_current_quarter", "date_dim.d_current_year"], "Shared Hit Blocks": 0, "Shared Read Blocks": 792, "Shared Dirtied Blocks": 0, "Shared Written Blocks": 0, "Local Hit Blocks": 0, "Local Read Blocks": 0, "Local Dirtied Blocks": 0, "Local Written Blocks": 0, "Temp Read Blocks": 0, "Temp Written Blocks": 0, "I/O Read Time": 13.018, "I/O Write Time": 0.0, "parent": "Merge Join"}, {"Node Type": "Sort", "Parent Relationship": "Inner", "Parallel Aware": false, "Startup Cost": 23.34, "Total Cost": 24.09, "Plan Rows": 300, "Plan Width": 9, "Actual Startup Time": 1.153, "Actual Total Time": 1.197, "Actual Rows": 295, "Actual Loops": 1, "Output": ["promotion.p_cost", "promotion.p_end_date_sk"], "Sort Key": ["promotion.p_end_date_sk"], "Sort Method": "quicksort", "Sort Space Used": 41, "Sort Space Type": "Memory", "Shared Hit Blocks": 0, "Shared Read Blocks": 8, "Shared Dirtied Blocks": 0, "Shared Written Blocks": 0, "Local Hit Blocks": 0, "Local Read Blocks": 0, "Local Dirtied Blocks": 0, "Local Written Blocks": 0, "Temp Read Blocks": 0, "Temp Written Blocks": 0, "I/O Read Time": 0.972, "I/O Write Time": 0.0, "Plans": [{"Node Type": "Seq Scan", "Parent Relationship": "Outer", "Parallel Aware": false, "Relation Name": "promotion", "Schema": "public", "Alias": "promotion", "Startup Cost": 0.0, "Total Cost": 11.0, "Plan Rows": 300, "Plan Width": 9, "Actual Startup Time": 0.455, "Actual Total Time": 1.042, "Actual Rows": 300, "Actual Loops": 1, "Output": ["promotion.p_cost", "promotion.p_end_date_sk"], "Shared Hit Blocks": 0, "Shared Read Blocks": 8, "Shared Dirtied Blocks": 0, "Shared Written Blocks": 0, "Local Hit Blocks": 0, "Local Read Blocks": 0, "Local Dirtied Blocks": 0, "Local Written Blocks": 0, "Temp Read Blocks": 0, "Temp Written Blocks": 0, "I/O Read Time": 0.972, "I/O Write Time": 0.0, "parent": "Sort"}], "parent": "Merge Join"}], "parent": "None"}, "Planning": {"Shared Hit Blocks": 142, "Shared Read Blocks": 18, "Shared Dirtied Blocks": 0, "Shared Written Blocks": 0, "Local Hit Blocks": 0, "Local Read Blocks": 0, "Local Dirtied Blocks": 0, "Local Written Blocks": 0, "Temp Read Blocks": 0, "Temp Written Blocks": 0, "I/O Read Time": 6.349, "I/O Write Time": 0.0}, "Planning Time": 7.593, "Triggers": [], "Execution Time": 29.304}, "config": {}}
{"query": "EXPLAIN (ANALYZE, COSTS, BUFFERS, VERBOSE, FORMAT JSON) select date_dim.d_same_day_ly, promotion.p_cost from promotion join date_dim on date_dim.d_date_sk=promotion.p_end_date_sk;", "planinfo": {"Plan": {"Node Type": "Merge Join", "Parallel Aware": false, "Join Type": "Inner", "Startup Cost": 1721.23, "Total Cost": 1764.23, "Plan Rows": 300, "Plan Width": 9, "Actual Startup Time": 27.014, "Actual Total Time": 27.714, "Actual Rows": 294, "Actual Loops": 1, "Output": ["date_dim.d_same_day_ly", "promotion.p_cost"], "Inner Unique": false, "Merge Cond": "(date_dim.d_date_sk = promotion.p_end_date_sk)", "Shared Hit Blocks": 0, "Shared Read Blocks": 800, "Shared Dirtied Blocks": 0, "Shared Written Blocks": 0, "Local Hit Blocks": 0, "Local Read Blocks": 0, "Local Dirtied Blocks": 0, "Local Written Blocks": 0, "Temp Read Blocks": 0, "Temp Written Blocks": 0, "I/O Read Time": 12.412, "I/O Write Time": 0.0, "Plans": [{"Node Type": "Index Scan", "Parent Relationship": "Outer", "Parallel Aware": false, "Scan Direction": "Forward", "Index Name": "d_date_sk_idx", "Relation Name": "date_dim", "Schema": "public", "Alias": "date_dim", "Startup Cost": 0.29, "Total Cost": 3312.03, "Plan Rows": 73049, "Plan Width": 8, "Actual Startup Time": 0.958, "Actual Total Time": 21.143, "Actual Rows": 35935, "Actual Loops": 1, "Output": ["date_dim.d_date_sk", "date_dim.d_date_id", "date_dim.d_date", "date_dim.d_month_seq", "date_dim.d_week_seq", "date_dim.d_quarter_seq", "date_dim.d_year", "date_dim.d_dow", "date_dim.d_moy", "date_dim.d_dom", "date_dim.d_qoy", "date_dim.d_fy_year", "date_dim.d_fy_quarter_seq", "date_dim.d_fy_week_seq", "date_dim.d_day_name", "date_dim.d_quarter_name", "date_dim.d_holiday", "date_dim.d_weekend", "date_dim.d_following_holiday", "date_dim.d_first_dom", "date_dim.d_last_dom", "date_dim.d_same_day_ly", "date_dim.d_same_day_lq", "date_dim.d_current_day", "date_dim.d_current_week", "date_dim.d_current_month", "date_dim.d_current_quarter", "date_dim.d_current_year"], "Shared Hit Blocks": 0, "Shared Read Blocks": 792, "Shared Dirtied Blocks": 0, "Shared Written Blocks": 0, "Local Hit Blocks": 0, "Local Read Blocks": 0, "Local Dirtied Blocks": 0, "Local Written Blocks": 0, "Temp Read Blocks": 0, "Temp Written Blocks": 0, "I/O Read Time": 11.41, "I/O Write Time": 0.0, "parent": "Merge Join"}, {"Node Type": "Sort", "Parent Relationship": "Inner", "Parallel Aware": false, "Startup Cost": 23.34, "Total Cost": 24.09, "Plan Rows": 300, "Plan Width": 9, "Actual Startup Time": 1.174, "Actual Total Time": 1.198, "Actual Rows": 295, "Actual Loops": 1, "Output": ["promotion.p_cost", "promotion.p_end_date_sk"], "Sort Key": ["promotion.p_end_date_sk"], "Sort Method": "quicksort", "Sort Space Used": 41, "Sort Space Type": "Memory", "Shared Hit Blocks": 0, "Shared Read Blocks": 8, "Shared Dirtied Blocks": 0, "Shared Written Blocks": 0, "Local Hit Blocks": 0, "Local Read Blocks": 0, "Local Dirtied Blocks": 0, "Local Written Blocks": 0, "Temp Read Blocks": 0, "Temp Written Blocks": 0, "I/O Read Time": 1.002, "I/O Write Time": 0.0, "Plans": [{"Node Type": "Seq Scan", "Parent Relationship": "Outer", "Parallel Aware": false, "Relation Name": "promotion", "Schema": "public", "Alias": "promotion", "Startup Cost": 0.0, "Total Cost": 11.0, "Plan Rows": 300, "Plan Width": 9, "Actual Startup Time": 0.451, "Actual Total Time": 1.069, "Actual Rows": 300, "Actual Loops": 1, "Output": ["promotion.p_cost", "promotion.p_end_date_sk"], "Shared Hit Blocks": 0, "Shared Read Blocks": 8, "Shared Dirtied Blocks": 0, "Shared Written Blocks": 0, "Local Hit Blocks": 0, "Local Read Blocks": 0, "Local Dirtied Blocks": 0, "Local Written Blocks": 0, "Temp Read Blocks": 0, "Temp Written Blocks": 0, "I/O Read Time": 1.002, "I/O Write Time": 0.0, "parent": "Sort"}], "parent": "Merge Join"}], "parent": "None"}, "Planning": {"Shared Hit Blocks": 142, "Shared Read Blocks": 18, "Shared Dirtied Blocks": 0, "Shared Written Blocks": 0, "Local Hit Blocks": 0, "Local Read Blocks": 0, "Local Dirtied Blocks": 0, "Local Written Blocks": 0, "Temp Read Blocks": 0, "Temp Written Blocks": 0, "I/O Read Time": 7.154, "I/O Write Time": 0.0}, "Planning Time": 8.331, "Triggers": [], "Execution Time": 27.847}, "config": {}}
{"query": "EXPLAIN (ANALYZE, COSTS, BUFFERS, VERBOSE, FORMAT JSON) select date_dim.d_fy_week_seq, promotion.p_cost from promotion join date_dim on date_dim.d_date_sk=promotion.p_end_date_sk order by promotion.p_cost DESC;", "planinfo": {"Plan": {"Node Type": "Sort", "Parallel Aware": false, "Startup Cost": 1776.57, "Total Cost": 1777.32, "Plan Rows": 300, "Plan Width": 9, "Actual Startup Time": 27.189, "Actual Total Time": 27.213, "Actual Rows": 294, "Actual Loops": 1, "Output": ["date_dim.d_fy_week_seq", "promotion.p_cost"], "Sort Key": ["promotion.p_cost DESC"], "Sort Method": "quicksort", "Sort Space Used": 41, "Sort Space Type": "Memory", "Shared Hit Blocks": 3, "Shared Read Blocks": 800, "Shared Dirtied Blocks": 0, "Shared Written Blocks": 0, "Local Hit Blocks": 0, "Local Read Blocks": 0, "Local Dirtied Blocks": 0, "Local Written Blocks": 0, "Temp Read Blocks": 0, "Temp Written Blocks": 0, "I/O Read Time": 11.815, "I/O Write Time": 0.0, "Plans": [{"Node Type": "Merge Join", "Parent Relationship": "Outer", "Parallel Aware": false, "Join Type": "Inner", "Startup Cost": 1721.23, "Total Cost": 1764.23, "Plan Rows": 300, "Plan Width": 9, "Actual Startup Time": 26.309, "Actual Total Time": 27.003, "Actual Rows": 294, "Actual Loops": 1, "Output": ["date_dim.d_fy_week_seq", "promotion.p_cost"], "Inner Unique": false, "Merge Cond": "(date_dim.d_date_sk = promotion.p_end_date_sk)", "Shared Hit Blocks": 0, "Shared Read Blocks": 800, "Shared Dirtied Blocks": 0, "Shared Written Blocks": 0, "Local Hit Blocks": 0, "Local Read Blocks": 0, "Local Dirtied Blocks": 0, "Local Written Blocks": 0, "Temp Read Blocks": 0, "Temp Written Blocks": 0, "I/O Read Time": 11.815, "I/O Write Time": 0.0, "Plans": [{"Node Type": "Index Scan", "Parent Relationship": "Outer", "Parallel Aware": false, "Scan Direction": "Forward", "Index Name": "d_date_sk_idx", "Relation Name": "date_dim", "Schema": "public", "Alias": "date_dim", "Startup Cost": 0.29, "Total Cost": 3312.03, "Plan Rows": 73049, "Plan Width": 8, "Actual Startup Time": 0.915, "Actual Total Time": 20.372, "Actual Rows": 35935, "Actual Loops": 1, "Output": ["date_dim.d_date_sk", "date_dim.d_date_id", "date_dim.d_date", "date_dim.d_month_seq", "date_dim.d_week_seq", "date_dim.d_quarter_seq", "date_dim.d_year", "date_dim.d_dow", "date_dim.d_moy", "date_dim.d_dom", "date_dim.d_qoy", "date_dim.d_fy_year", "date_dim.d_fy_quarter_seq", "date_dim.d_fy_week_seq", "date_dim.d_day_name", "date_dim.d_quarter_name", "date_dim.d_holiday", "date_dim.d_weekend", "date_dim.d_following_holiday", "date_dim.d_first_dom", "date_dim.d_last_dom", "date_dim.d_same_day_ly", "date_dim.d_same_day_lq", "date_dim.d_current_day", "date_dim.d_current_week", "date_dim.d_current_month", "date_dim.d_current_quarter", "date_dim.d_current_year"], "Shared Hit Blocks": 0, "Shared Read Blocks": 792, "Shared Dirtied Blocks": 0, "Shared Written Blocks": 0, "Local Hit Blocks": 0, "Local Read Blocks": 0, "Local Dirtied Blocks": 0, "Local Written Blocks": 0, "Temp Read Blocks": 0, "Temp Written Blocks": 0, "I/O Read Time": 10.821, "I/O Write Time": 0.0, "parent": "Merge Join"}, {"Node Type": "Sort", "Parent Relationship": "Inner", "Parallel Aware": false, "Startup Cost": 23.34, "Total Cost": 24.09, "Plan Rows": 300, "Plan Width": 9, "Actual Startup Time": 1.168, "Actual Total Time": 1.201, "Actual Rows": 295, "Actual Loops": 1, "Output": ["promotion.p_cost", "promotion.p_end_date_sk"], "Sort Key": ["promotion.p_end_date_sk"], "Sort Method": "quicksort", "Sort Space Used": 41, "Sort Space Type": "Memory", "Shared Hit Blocks": 0, "Shared Read Blocks": 8, "Shared Dirtied Blocks": 0, "Shared Written Blocks": 0, "Local Hit Blocks": 0, "Local Read Blocks": 0, "Local Dirtied Blocks": 0, "Local Written Blocks": 0, "Temp Read Blocks": 0, "Temp Written Blocks": 0, "I/O Read Time": 0.994, "I/O Write Time": 0.0, "Plans": [{"Node Type": "Seq Scan", "Parent Relationship": "Outer", "Parallel Aware": false, "Relation Name": "promotion", "Schema": "public", "Alias": "promotion", "Startup Cost": 0.0, "Total Cost": 11.0, "Plan Rows": 300, "Plan Width": 9, "Actual Startup Time": 0.455, "Actual Total Time": 1.063, "Actual Rows": 300, "Actual Loops": 1, "Output": ["promotion.p_cost", "promotion.p_end_date_sk"], "Shared Hit Blocks": 0, "Shared Read Blocks": 8, "Shared Dirtied Blocks": 0, "Shared Written Blocks": 0, "Local Hit Blocks": 0, "Local Read Blocks": 0, "Local Dirtied Blocks": 0, "Local Written Blocks": 0, "Temp Read Blocks": 0, "Temp Written Blocks": 0, "I/O Read Time": 0.994, "I/O Write Time": 0.0, "parent": "Sort"}], "parent": "Merge Join"}], "parent": "Sort"}], "parent": "None"}, "Planning": {"Shared Hit Blocks": 150, "Shared Read Blocks": 19, "Shared Dirtied Blocks": 0, "Shared Written Blocks": 0, "Local Hit Blocks": 0, "Local Read Blocks": 0, "Local Dirtied Blocks": 0, "Local Written Blocks": 0, "Temp Read Blocks": 0, "Temp Written Blocks": 0, "I/O Read Time": 6.94, "I/O Write Time": 0.0}, "Planning Time": 8.212, "Triggers": [], "Execution Time": 27.333}, "config": {}}
{"query": "EXPLAIN (ANALYZE, COSTS, BUFFERS, VERBOSE, FORMAT JSON) select promotion.p_cost, date_dim.d_first_dom from promotion join date_dim on date_dim.d_date_sk=promotion.p_end_date_sk order by date_dim.d_first_dom DESC, promotion.p_cost DESC;", "planinfo": {"Plan": {"Node Type": "Sort", "Parallel Aware": false, "Startup Cost": 1776.57, "Total Cost": 1777.32, "Plan Rows": 300, "Plan Width": 9, "Actual Startup Time": 27.79, "Actual Total Time": 27.806, "Actual Rows": 294, "Actual Loops": 1, "Output": ["promotion.p_cost", "date_dim.d_first_dom"], "Sort Key": ["date_dim.d_first_dom DESC", "promotion.p_cost DESC"], "Sort Method": "quicksort", "Sort Space Used": 41, "Sort Space Type": "Memory", "Shared Hit Blocks": 3, "Shared Read Blocks": 800, "Shared Dirtied Blocks": 0, "Shared Written Blocks": 0, "Local Hit Blocks": 0, "Local Read Blocks": 0, "Local Dirtied Blocks": 0, "Local Written Blocks": 0, "Temp Read Blocks": 0, "Temp Written Blocks": 0, "I/O Read Time": 12.213, "I/O Write Time": 0.0, "Plans": [{"Node Type": "Merge Join", "Parent Relationship": "Outer", "Parallel Aware": false, "Join Type": "Inner", "Startup Cost": 1721.23, "Total Cost": 1764.23, "Plan Rows": 300, "Plan Width": 9, "Actual Startup Time": 26.913, "Actual Total Time": 27.634, "Actual Rows": 294, "Actual Loops": 1, "Output": ["promotion.p_cost", "date_dim.d_first_dom"], "Inner Unique": false, "Merge Cond": "(date_dim.d_date_sk = promotion.p_end_date_sk)", "Shared Hit Blocks": 0, "Shared Read Blocks": 800, "Shared Dirtied Blocks": 0, "Shared Written Blocks": 0, "Local Hit Blocks": 0, "Local Read Blocks": 0, "Local Dirtied Blocks": 0, "Local Written Blocks": 0, "Temp Read Blocks": 0, "Temp Written Blocks": 0, "I/O Read Time": 12.213, "I/O Write Time": 0.0, "Plans": [{"Node Type": "Index Scan", "Parent Relationship": "Outer", "Parallel Aware": false, "Scan Direction": "Forward", "Index Name": "d_date_sk_idx", "Relation Name": "date_dim", "Schema": "public", "Alias": "date_dim", "Startup Cost": 0.29, "Total Cost": 3312.03, "Plan Rows": 73049, "Plan Width": 8, "Actual Startup Time": 0.937, "Actual Total Time": 20.932, "Actual Rows": 35935, "Actual Loops": 1, "Output": ["date_dim.d_date_sk", "date_dim.d_date_id", "date_dim.d_date", "date_dim.d_month_seq", "date_dim.d_week_seq", "date_dim.d_quarter_seq", "date_dim.d_year", "date_dim.d_dow", "date_dim.d_moy", "date_dim.d_dom", "date_dim.d_qoy", "date_dim.d_fy_year", "date_dim.d_fy_quarter_seq", "date_dim.d_fy_week_seq", "date_dim.d_day_name", "date_dim.d_quarter_name", "date_dim.d_holiday", "date_dim.d_weekend", "date_dim.d_following_holiday", "date_dim.d_first_dom", "date_dim.d_last_dom", "date_dim.d_same_day_ly", "date_dim.d_same_day_lq", "date_dim.d_current_day", "date_dim.d_current_week", "date_dim.d_current_month", "date_dim.d_current_quarter", "date_dim.d_current_year"], "Shared Hit Blocks": 0, "Shared Read Blocks": 792, "Shared Dirtied Blocks": 0, "Shared Written Blocks": 0, "Local Hit Blocks": 0, "Local Read Blocks": 0, "Local Dirtied Blocks": 0, "Local Written Blocks": 0, "Temp Read Blocks": 0, "Temp Written Blocks": 0, "I/O Read Time": 11.217, "I/O Write Time": 0.0, "parent": "Merge Join"}, {"Node Type": "Sort", "Parent Relationship": "Inner", "Parallel Aware": false, "Startup Cost": 23.34, "Total Cost": 24.09, "Plan Rows": 300, "Plan Width": 9, "Actual Startup Time": 1.177, "Actual Total Time": 1.209, "Actual Rows": 295, "Actual Loops": 1, "Output": ["promotion.p_cost", "promotion.p_end_date_sk"], "Sort Key": ["promotion.p_end_date_sk"], "Sort Method": "quicksort", "Sort Space Used": 41, "Sort Space Type": "Memory", "Shared Hit Blocks": 0, "Shared Read Blocks": 8, "Shared Dirtied Blocks": 0, "Shared Written Blocks": 0, "Local Hit Blocks": 0, "Local Read Blocks": 0, "Local Dirtied Blocks": 0, "Local Written Blocks": 0, "Temp Read Blocks": 0, "Temp Written Blocks": 0, "I/O Read Time": 0.996, "I/O Write Time": 0.0, "Plans": [{"Node Type": "Seq Scan", "Parent Relationship": "Outer", "Parallel Aware": false, "Relation Name": "promotion", "Schema": "public", "Alias": "promotion", "Startup Cost": 0.0, "Total Cost": 11.0, "Plan Rows": 300, "Plan Width": 9, "Actual Startup Time": 0.455, "Actual Total Time": 1.067, "Actual Rows": 300, "Actual Loops": 1, "Output": ["promotion.p_cost", "promotion.p_end_date_sk"], "Shared Hit Blocks": 0, "Shared Read Blocks": 8, "Shared Dirtied Blocks": 0, "Shared Written Blocks": 0, "Local Hit Blocks": 0, "Local Read Blocks": 0, "Local Dirtied Blocks": 0, "Local Written Blocks": 0, "Temp Read Blocks": 0, "Temp Written Blocks": 0, "I/O Read Time": 0.996, "I/O Write Time": 0.0, "parent": "Sort"}], "parent": "Merge Join"}], "parent": "Sort"}], "parent": "None"}, "Planning": {"Shared Hit Blocks": 148, "Shared Read Blocks": 19, "Shared Dirtied Blocks": 0, "Shared Written Blocks": 0, "Local Hit Blocks": 0, "Local Read Blocks": 0, "Local Dirtied Blocks": 0, "Local Written Blocks": 0, "Temp Read Blocks": 0, "Temp Written Blocks": 0, "I/O Read Time": 6.398, "I/O Write Time": 0.0}, "Planning Time": 7.701, "Triggers": [], "Execution Time": 27.927}, "config": {}}
{"query": "EXPLAIN (ANALYZE, COSTS, BUFFERS, VERBOSE, FORMAT JSON) select date_dim.d_dom, promotion.p_cost from date_dim join promotion on promotion.p_end_date_sk=date_dim.d_date_sk order by date_dim.d_dom DESC, promotion.p_cost DESC;", "planinfo": {"Plan": {"Node Type": "Sort", "Parallel Aware": false, "Startup Cost": 1776.57, "Total Cost": 1777.32, "Plan Rows": 300, "Plan Width": 9, "Actual Startup Time": 27.051, "Actual Total Time": 27.068, "Actual Rows": 294, "Actual Loops": 1, "Output": ["date_dim.d_dom", "promotion.p_cost"], "Sort Key": ["date_dim.d_dom DESC", "promotion.p_cost DESC"], "Sort Method": "quicksort", "Sort Space Used": 41, "Sort Space Type": "Memory", "Shared Hit Blocks": 3, "Shared Read Blocks": 800, "Shared Dirtied Blocks": 0, "Shared Written Blocks": 0, "Local Hit Blocks": 0, "Local Read Blocks": 0, "Local Dirtied Blocks": 0, "Local Written Blocks": 0, "Temp Read Blocks": 0, "Temp Written Blocks": 0, "I/O Read Time": 11.95, "I/O Write Time": 0.0, "Plans": [{"Node Type": "Merge Join", "Parent Relationship": "Outer", "Parallel Aware": false, "Join Type": "Inner", "Startup Cost": 1721.23, "Total Cost": 1764.23, "Plan Rows": 300, "Plan Width": 9, "Actual Startup Time": 26.202, "Actual Total Time": 26.89, "Actual Rows": 294, "Actual Loops": 1, "Output": ["date_dim.d_dom", "promotion.p_cost"], "Inner Unique": false, "Merge Cond": "(date_dim.d_date_sk = promotion.p_end_date_sk)", "Shared Hit Blocks": 0, "Shared Read Blocks": 800, "Shared Dirtied Blocks": 0, "Shared Written Blocks": 0, "Local Hit Blocks": 0, "Local Read Blocks": 0, "Local Dirtied Blocks": 0, "Local Written Blocks": 0, "Temp Read Blocks": 0, "Temp Written Blocks": 0, "I/O Read Time": 11.95, "I/O Write Time": 0.0, "Plans": [{"Node Type": "Index Scan", "Parent Relationship": "Outer", "Parallel Aware": false, "Scan Direction": "Forward", "Index Name": "d_date_sk_idx", "Relation Name": "date_dim", "Schema": "public", "Alias": "date_dim", "Startup Cost": 0.29, "Total Cost": 3312.03, "Plan Rows": 73049, "Plan Width": 8, "Actual Startup Time": 0.916, "Actual Total Time": 20.376, "Actual Rows": 35935, "Actual Loops": 1, "Output": ["date_dim.d_date_sk", "date_dim.d_date_id", "date_dim.d_date", "date_dim.d_month_seq", "date_dim.d_week_seq", "date_dim.d_quarter_seq", "date_dim.d_year", "date_dim.d_dow", "date_dim.d_moy", "date_dim.d_dom", "date_dim.d_qoy", "date_dim.d_fy_year", "date_dim.d_fy_quarter_seq", "date_dim.d_fy_week_seq", "date_dim.d_day_name", "date_dim.d_quarter_name", "date_dim.d_holiday", "date_dim.d_weekend", "date_dim.d_following_holiday", "date_dim.d_first_dom", "date_dim.d_last_dom", "date_dim.d_same_day_ly", "date_dim.d_same_day_lq", "date_dim.d_current_day", "date_dim.d_current_week", "date_dim.d_current_month", "date_dim.d_current_quarter", "date_dim.d_current_year"], "Shared Hit Blocks": 0, "Shared Read Blocks": 792, "Shared Dirtied Blocks": 0, "Shared Written Blocks": 0, "Local Hit Blocks": 0, "Local Read Blocks": 0, "Local Dirtied Blocks": 0, "Local Written Blocks": 0, "Temp Read Blocks": 0, "Temp Written Blocks": 0, "I/O Read Time": 11.005, "I/O Write Time": 0.0, "parent": "Merge Join"}, {"Node Type": "Sort", "Parent Relationship": "Inner", "Parallel Aware": false, "Startup Cost": 23.34, "Total Cost": 24.09, "Plan Rows": 300, "Plan Width": 9, "Actual Startup Time": 1.123, "Actual Total Time": 1.158, "Actual Rows": 295, "Actual Loops": 1, "Output": ["promotion.p_cost", "promotion.p_end_date_sk"], "Sort Key": ["promotion.p_end_date_sk"], "Sort Method": "quicksort", "Sort Space Used": 41, "Sort Space Type": "Memory", "Shared Hit Blocks": 0, "Shared Read Blocks": 8, "Shared Dirtied Blocks": 0, "Shared Written Blocks": 0, "Local Hit Blocks": 0, "Local Read Blocks": 0, "Local Dirtied Blocks": 0, "Local Written Blocks": 0, "Temp Read Blocks": 0, "Temp Written Blocks": 0, "I/O Read Time": 0.945, "I/O Write Time": 0.0, "Plans": [{"Node Type": "Seq Scan", "Parent Relationship": "Outer", "Parallel Aware": false, "Relation Name": "promotion", "Schema": "public", "Alias": "promotion", "Startup Cost": 0.0, "Total Cost": 11.0, "Plan Rows": 300, "Plan Width": 9, "Actual Startup Time": 0.457, "Actual Total Time": 1.015, "Actual Rows": 300, "Actual Loops": 1, "Output": ["promotion.p_cost", "promotion.p_end_date_sk"], "Shared Hit Blocks": 0, "Shared Read Blocks": 8, "Shared Dirtied Blocks": 0, "Shared Written Blocks": 0, "Local Hit Blocks": 0, "Local Read Blocks": 0, "Local Dirtied Blocks": 0, "Local Written Blocks": 0, "Temp Read Blocks": 0, "Temp Written Blocks": 0, "I/O Read Time": 0.945, "I/O Write Time": 0.0, "parent": "Sort"}], "parent": "Merge Join"}], "parent": "Sort"}], "parent": "None"}, "Planning": {"Shared Hit Blocks": 148, "Shared Read Blocks": 19, "Shared Dirtied Blocks": 0, "Shared Written Blocks": 0, "Local Hit Blocks": 0, "Local Read Blocks": 0, "Local Dirtied Blocks": 0, "Local Written Blocks": 0, "Temp Read Blocks": 0, "Temp Written Blocks": 0, "I/O Read Time": 6.11, "I/O Write Time": 0.0}, "Planning Time": 7.325, "Triggers": [], "Execution Time": 27.181}, "config": {}}
{"query": "EXPLAIN (ANALYZE, COSTS, BUFFERS, VERBOSE, FORMAT JSON) select date_dim.d_year, promotion.p_cost from promotion join date_dim on date_dim.d_date_sk=promotion.p_end_date_sk;", "planinfo": {"Plan": {"Node Type": "Merge Join", "Parallel Aware": false, "Join Type": "Inner", "Startup Cost": 1721.23, "Total Cost": 1764.23, "Plan Rows": 300, "Plan Width": 9, "Actual Startup Time": 26.258, "Actual Total Time": 26.94, "Actual Rows": 294, "Actual Loops": 1, "Output": ["date_dim.d_year", "promotion.p_cost"], "Inner Unique": false, "Merge Cond": "(date_dim.d_date_sk = promotion.p_end_date_sk)", "Shared Hit Blocks": 0, "Shared Read Blocks": 800, "Shared Dirtied Blocks": 0, "Shared Written Blocks": 0, "Local Hit Blocks": 0, "Local Read Blocks": 0, "Local Dirtied Blocks": 0, "Local Written Blocks": 0, "Temp Read Blocks": 0, "Temp Written Blocks": 0, "I/O Read Time": 11.395, "I/O Write Time": 0.0, "Plans": [{"Node Type": "Index Scan", "Parent Relationship": "Outer", "Parallel Aware": false, "Scan Direction": "Forward", "Index Name": "d_date_sk_idx", "Relation Name": "date_dim", "Schema": "public", "Alias": "date_dim", "Startup Cost": 0.29, "Total Cost": 3312.03, "Plan Rows": 73049, "Plan Width": 8, "Actual Startup Time": 0.922, "Actual Total Time": 20.146, "Actual Rows": 35935, "Actual Loops": 1, "Output": ["date_dim.d_date_sk", "date_dim.d_date_id", "date_dim.d_date", "date_dim.d_month_seq", "date_dim.d_week_seq", "date_dim.d_quarter_seq", "date_dim.d_year", "date_dim.d_dow", "date_dim.d_moy", "date_dim.d_dom", "date_dim.d_qoy", "date_dim.d_fy_year", "date_dim.d_fy_quarter_seq", "date_dim.d_fy_week_seq", "date_dim.d_day_name", "date_dim.d_quarter_name", "date_dim.d_holiday", "date_dim.d_weekend", "date_dim.d_following_holiday", "date_dim.d_first_dom", "date_dim.d_last_dom", "date_dim.d_same_day_ly", "date_dim.d_same_day_lq", "date_dim.d_current_day", "date_dim.d_current_week", "date_dim.d_current_month", "date_dim.d_current_quarter", "date_dim.d_current_year"], "Shared Hit Blocks": 0, "Shared Read Blocks": 792, "Shared Dirtied Blocks": 0, "Shared Written Blocks": 0, "Local Hit Blocks": 0, "Local Read Blocks": 0, "Local Dirtied Blocks": 0, "Local Written Blocks": 0, "Temp Read Blocks": 0, "Temp Written Blocks": 0, "I/O Read Time": 10.368, "I/O Write Time": 0.0, "parent": "Merge Join"}, {"Node Type": "Sort", "Parent Relationship": "Inner", "Parallel Aware": false, "Startup Cost": 23.34, "Total Cost": 24.09, "Plan Rows": 300, "Plan Width": 9, "Actual Startup Time": 1.207, "Actual Total Time": 1.242, "Actual Rows": 295, "Actual Loops": 1, "Output": ["promotion.p_cost", "promotion.p_end_date_sk"], "Sort Key": ["promotion.p_end_date_sk"], "Sort Method": "quicksort", "Sort Space Used": 41, "Sort Space Type": "Memory", "Shared Hit Blocks": 0, "Shared Read Blocks": 8, "Shared Dirtied Blocks": 0, "Shared Written Blocks": 0, "Local Hit Blocks": 0, "Local Read Blocks": 0, "Local Dirtied Blocks": 0, "Local Written Blocks": 0, "Temp Read Blocks": 0, "Temp Written Blocks": 0, "I/O Read Time": 1.026, "I/O Write Time": 0.0, "Plans": [{"Node Type": "Seq Scan", "Parent Relationship": "Outer", "Parallel Aware": false, "Relation Name": "promotion", "Schema": "public", "Alias": "promotion", "Startup Cost": 0.0, "Total Cost": 11.0, "Plan Rows": 300, "Plan Width": 9, "Actual Startup Time": 0.456, "Actual Total Time": 1.097, "Actual Rows": 300, "Actual Loops": 1, "Output": ["promotion.p_cost", "promotion.p_end_date_sk"], "Shared Hit Blocks": 0, "Shared Read Blocks": 8, "Shared Dirtied Blocks": 0, "Shared Written Blocks": 0, "Local Hit Blocks": 0, "Local Read Blocks": 0, "Local Dirtied Blocks": 0, "Local Written Blocks": 0, "Temp Read Blocks": 0, "Temp Written Blocks": 0, "I/O Read Time": 1.026, "I/O Write Time": 0.0, "parent": "Sort"}], "parent": "Merge Join"}], "parent": "None"}, "Planning": {"Shared Hit Blocks": 143, "Shared Read Blocks": 17, "Shared Dirtied Blocks": 0, "Shared Written Blocks": 0, "Local Hit Blocks": 0, "Local Read Blocks": 0, "Local Dirtied Blocks": 0, "Local Written Blocks": 0, "Temp Read Blocks": 0, "Temp Written Blocks": 0, "I/O Read Time": 7.019, "I/O Write Time": 0.0}, "Planning Time": 8.456, "Triggers": [], "Execution Time": 27.071}, "config": {}}
{"query": "EXPLAIN (ANALYZE, COSTS, BUFFERS, VERBOSE, FORMAT JSON) select date_dim.d_moy, promotion.p_cost from promotion join date_dim on date_dim.d_date_sk=promotion.p_end_date_sk;", "planinfo": {"Plan": {"Node Type": "Merge Join", "Parallel Aware": false, "Join Type": "Inner", "Startup Cost": 1721.23, "Total Cost": 1764.23, "Plan Rows": 300, "Plan Width": 9, "Actual Startup Time": 30.949, "Actual Total Time": 31.653, "Actual Rows": 294, "Actual Loops": 1, "Output": ["date_dim.d_moy", "promotion.p_cost"], "Inner Unique": false, "Merge Cond": "(date_dim.d_date_sk = promotion.p_end_date_sk)", "Shared Hit Blocks": 0, "Shared Read Blocks": 800, "Shared Dirtied Blocks": 0, "Shared Written Blocks": 0, "Local Hit Blocks": 0, "Local Read Blocks": 0, "Local Dirtied Blocks": 0, "Local Written Blocks": 0, "Temp Read Blocks": 0, "Temp Written Blocks": 0, "I/O Read Time": 15.89, "I/O Write Time": 0.0, "Plans": [{"Node Type": "Index Scan", "Parent Relationship": "Outer", "Parallel Aware": false, "Scan Direction": "Forward", "Index Name": "d_date_sk_idx", "Relation Name": "date_dim", "Schema": "public", "Alias": "date_dim", "Startup Cost": 0.29, "Total Cost": 3312.03, "Plan Rows": 73049, "Plan Width": 8, "Actual Startup Time": 1.509, "Actual Total Time": 24.937, "Actual Rows": 35935, "Actual Loops": 1, "Output": ["date_dim.d_date_sk", "date_dim.d_date_id", "date_dim.d_date", "date_dim.d_month_seq", "date_dim.d_week_seq", "date_dim.d_quarter_seq", "date_dim.d_year", "date_dim.d_dow", "date_dim.d_moy", "date_dim.d_dom", "date_dim.d_qoy", "date_dim.d_fy_year", "date_dim.d_fy_quarter_seq", "date_dim.d_fy_week_seq", "date_dim.d_day_name", "date_dim.d_quarter_name", "date_dim.d_holiday", "date_dim.d_weekend", "date_dim.d_following_holiday", "date_dim.d_first_dom", "date_dim.d_last_dom", "date_dim.d_same_day_ly", "date_dim.d_same_day_lq", "date_dim.d_current_day", "date_dim.d_current_week", "date_dim.d_current_month", "date_dim.d_current_quarter", "date_dim.d_current_year"], "Shared Hit Blocks": 0, "Shared Read Blocks": 792, "Shared Dirtied Blocks": 0, "Shared Written Blocks": 0, "Local Hit Blocks": 0, "Local Read Blocks": 0, "Local Dirtied Blocks": 0, "Local Written Blocks": 0, "Temp Read Blocks": 0, "Temp Written Blocks": 0, "I/O Read Time": 14.89, "I/O Write Time": 0.0, "parent": "Merge Join"}, {"Node Type": "Sort", "Parent Relationship": "Inner", "Parallel Aware": false, "Startup Cost": 23.34, "Total Cost": 24.09, "Plan Rows": 300, "Plan Width": 9, "Actual Startup Time": 1.181, "Actual Total Time": 1.221, "Actual Rows": 295, "Actual Loops": 1, "Output": ["promotion.p_cost", "promotion.p_end_date_sk"], "Sort Key": ["promotion.p_end_date_sk"], "Sort Method": "quicksort", "Sort Space Used": 41, "Sort Space Type": "Memory", "Shared Hit Blocks": 0, "Shared Read Blocks": 8, "Shared Dirtied Blocks": 0, "Shared Written Blocks": 0, "Local Hit Blocks": 0, "Local Read Blocks": 0, "Local Dirtied Blocks": 0, "Local Written Blocks": 0, "Temp Read Blocks": 0, "Temp Written Blocks": 0, "I/O Read Time": 1.0, "I/O Write Time": 0.0, "Plans": [{"Node Type": "Seq Scan", "Parent Relationship": "Outer", "Parallel Aware": false, "Relation Name": "promotion", "Schema": "public", "Alias": "promotion", "Startup Cost": 0.0, "Total Cost": 11.0, "Plan Rows": 300, "Plan Width": 9, "Actual Startup Time": 0.462, "Actual Total Time": 1.07, "Actual Rows": 300, "Actual Loops": 1, "Output": ["promotion.p_cost", "promotion.p_end_date_sk"], "Shared Hit Blocks": 0, "Shared Read Blocks": 8, "Shared Dirtied Blocks": 0, "Shared Written Blocks": 0, "Local Hit Blocks": 0, "Local Read Blocks": 0, "Local Dirtied Blocks": 0, "Local Written Blocks": 0, "Temp Read Blocks": 0, "Temp Written Blocks": 0, "I/O Read Time": 1.0, "I/O Write Time": 0.0, "parent": "Sort"}], "parent": "Merge Join"}], "parent": "None"}, "Planning": {"Shared Hit Blocks": 142, "Shared Read Blocks": 18, "Shared Dirtied Blocks": 0, "Shared Written Blocks": 0, "Local Hit Blocks": 0, "Local Read Blocks": 0, "Local Dirtied Blocks": 0, "Local Written Blocks": 0, "Temp Read Blocks": 0, "Temp Written Blocks": 0, "I/O Read Time": 6.551, "I/O Write Time": 0.0}, "Planning Time": 7.766, "Triggers": [], "Execution Time": 31.788}, "config": {}}
{"query": "EXPLAIN (ANALYZE, COSTS, BUFFERS, VERBOSE, FORMAT JSON) select date_dim.d_same_day_ly, promotion.p_cost from promotion join date_dim on date_dim.d_date_sk=promotion.p_end_date_sk order by date_dim.d_same_day_ly DESC;", "planinfo": {"Plan": {"Node Type": "Sort", "Parallel Aware": false, "Startup Cost": 1776.57, "Total Cost": 1777.32, "Plan Rows": 300, "Plan Width": 9, "Actual Startup Time": 26.75, "Actual Total Time": 26.768, "Actual Rows": 294, "Actual Loops": 1, "Output": ["date_dim.d_same_day_ly", "promotion.p_cost"], "Sort Key": ["date_dim.d_same_day_ly DESC"], "Sort Method": "quicksort", "Sort Space Used": 41, "Sort Space Type": "Memory", "Shared Hit Blocks": 0, "Shared Read Blocks": 800, "Shared Dirtied Blocks": 0, "Shared Written Blocks": 0, "Local Hit Blocks": 0, "Local Read Blocks": 0, "Local Dirtied Blocks": 0, "Local Written Blocks": 0, "Temp Read Blocks": 0, "Temp Written Blocks": 0, "I/O Read Time": 11.506, "I/O Write Time": 0.0, "Plans": [{"Node Type": "Merge Join", "Parent Relationship": "Outer", "Parallel Aware": false, "Join Type": "Inner", "Startup Cost": 1721.23, "Total Cost": 1764.23, "Plan Rows": 300, "Plan Width": 9, "Actual Startup Time": 25.919, "Actual Total Time": 26.644, "Actual Rows": 294, "Actual Loops": 1, "Output": ["date_dim.d_same_day_ly", "promotion.p_cost"], "Inner Unique": false, "Merge Cond": "(date_dim.d_date_sk = promotion.p_end_date_sk)", "Shared Hit Blocks": 0, "Shared Read Blocks": 800, "Shared Dirtied Blocks": 0, "Shared Written Blocks": 0, "Local Hit Blocks": 0, "Local Read Blocks": 0, "Local Dirtied Blocks": 0, "Local Written Blocks": 0, "Temp Read Blocks": 0, "Temp Written Blocks": 0, "I/O Read Time": 11.506, "I/O Write Time": 0.0, "Plans": [{"Node Type": "Index Scan", "Parent Relationship": "Outer", "Parallel Aware": false, "Scan Direction": "Forward", "Index Name": "d_date_sk_idx", "Relation Name": "date_dim", "Schema": "public", "Alias": "date_dim", "Startup Cost": 0.29, "Total Cost": 3312.03, "Plan Rows": 73049, "Plan Width": 8, "Actual Startup Time": 0.924, "Actual Total Time": 19.85, "Actual Rows": 35935, "Actual Loops": 1, "Output": ["date_dim.d_date_sk", "date_dim.d_date_id", "date_dim.d_date", "date_dim.d_month_seq", "date_dim.d_week_seq", "date_dim.d_quarter_seq", "date_dim.d_year", "date_dim.d_dow", "date_dim.d_moy", "date_dim.d_dom", "date_dim.d_qoy", "date_dim.d_fy_year", "date_dim.d_fy_quarter_seq", "date_dim.d_fy_week_seq", "date_dim.d_day_name", "date_dim.d_quarter_name", "date_dim.d_holiday", "date_dim.d_weekend", "date_dim.d_following_holiday", "date_dim.d_first_dom", "date_dim.d_last_dom", "date_dim.d_same_day_ly", "date_dim.d_same_day_lq", "date_dim.d_current_day", "date_dim.d_current_week", "date_dim.d_current_month", "date_dim.d_current_quarter", "date_dim.d_current_year"], "Shared Hit Blocks": 0, "Shared Read Blocks": 792, "Shared Dirtied Blocks": 0, "Shared Written Blocks": 0, "Local Hit Blocks": 0, "Local Read Blocks": 0, "Local Dirtied Blocks": 0, "Local Written Blocks": 0, "Temp Read Blocks": 0, "Temp Written Blocks": 0, "I/O Read Time": 10.328, "I/O Write Time": 0.0, "parent": "Merge Join"}, {"Node Type": "Sort", "Parent Relationship": "Inner", "Parallel Aware": false, "Startup Cost": 23.34, "Total Cost": 24.09, "Plan Rows": 300, "Plan Width": 9, "Actual Startup Time": 1.353, "Actual Total Time": 1.387, "Actual Rows": 295, "Actual Loops": 1, "Output": ["promotion.p_cost", "promotion.p_end_date_sk"], "Sort Key": ["promotion.p_end_date_sk"], "Sort Method": "quicksort", "Sort Space Used": 41, "Sort Space Type": "Memory", "Shared Hit Blocks": 0, "Shared Read Blocks": 8, "Shared Dirtied Blocks": 0, "Shared Written Blocks": 0, "Local Hit Blocks": 0, "Local Read Blocks": 0, "Local Dirtied Blocks": 0, "Local Written Blocks": 0, "Temp Read Blocks": 0, "Temp Written Blocks": 0, "I/O Read Time": 1.178, "I/O Write Time": 0.0, "Plans": [{"Node Type": "Seq Scan", "Parent Relationship": "Outer", "Parallel Aware": false, "Relation Name": "promotion", "Schema": "public", "Alias": "promotion", "Startup Cost": 0.0, "Total Cost": 11.0, "Plan Rows": 300, "Plan Width": 9, "Actual Startup Time": 0.459, "Actual Total Time": 1.249, "Actual Rows": 300, "Actual Loops": 1, "Output": ["promotion.p_cost", "promotion.p_end_date_sk"], "Shared Hit Blocks": 0, "Shared Read Blocks": 8, "Shared Dirtied Blocks": 0, "Shared Written Blocks": 0, "Local Hit Blocks": 0, "Local Read Blocks": 0, "Local Dirtied Blocks": 0, "Local Written Blocks": 0, "Temp Read Blocks": 0, "Temp Written Blocks": 0, "I/O Read Time": 1.178, "I/O Write Time": 0.0, "parent": "Sort"}], "parent": "Merge Join"}], "parent": "Sort"}], "parent": "None"}, "Planning": {"Shared Hit Blocks": 140, "Shared Read Blocks": 18, "Shared Dirtied Blocks": 0, "Shared Written Blocks": 0, "Local Hit Blocks": 0, "Local Read Blocks": 0, "Local Dirtied Blocks": 0, "Local Written Blocks": 0, "Temp Read Blocks": 0, "Temp Written Blocks": 0, "I/O Read Time": 6.586, "I/O Write Time": 0.0}, "Planning Time": 7.851, "Triggers": [], "Execution Time": 26.942}, "config": {}}
{"query": "EXPLAIN (ANALYZE, COSTS, BUFFERS, VERBOSE, FORMAT JSON) select promotion.p_cost, date_dim.d_fy_quarter_seq from promotion join date_dim on date_dim.d_date_sk=promotion.p_end_date_sk order by promotion.p_cost ASC;", "planinfo": {"Plan": {"Node Type": "Sort", "Parallel Aware": false, "Startup Cost": 1776.57, "Total Cost": 1777.32, "Plan Rows": 300, "Plan Width": 9, "Actual Startup Time": 26.142, "Actual Total Time": 26.159, "Actual Rows": 294, "Actual Loops": 1, "Output": ["promotion.p_cost", "date_dim.d_fy_quarter_seq"], "Sort Key": ["promotion.p_cost"], "Sort Method": "quicksort", "Sort Space Used": 41, "Sort Space Type": "Memory", "Shared Hit Blocks": 3, "Shared Read Blocks": 800, "Shared Dirtied Blocks": 0, "Shared Written Blocks": 0, "Local Hit Blocks": 0, "Local Read Blocks": 0, "Local Dirtied Blocks": 0, "Local Written Blocks": 0, "Temp Read Blocks": 0, "Temp Written Blocks": 0, "I/O Read Time": 10.777, "I/O Write Time": 0.0, "Plans": [{"Node Type": "Merge Join", "Parent Relationship": "Outer", "Parallel Aware": false, "Join Type": "Inner", "Startup Cost": 1721.23, "Total Cost": 1764.23, "Plan Rows": 300, "Plan Width": 9, "Actual Startup Time": 25.26, "Actual Total Time": 25.961, "Actual Rows": 294, "Actual Loops": 1, "Output": ["promotion.p_cost", "date_dim.d_fy_quarter_seq"], "Inner Unique": false, "Merge Cond": "(date_dim.d_date_sk = promotion.p_end_date_sk)", "Shared Hit Blocks": 0, "Shared Read Blocks": 800, "Shared Dirtied Blocks": 0, "Shared Written Blocks": 0, "Local Hit Blocks": 0, "Local Read Blocks": 0, "Local Dirtied Blocks": 0, "Local Written Blocks": 0, "Temp Read Blocks": 0, "Temp Written Blocks": 0, "I/O Read Time": 10.777, "I/O Write Time": 0.0, "Plans": [{"Node Type": "Index Scan", "Parent Relationship": "Outer", "Parallel Aware": false, "Scan Direction": "Forward", "Index Name": "d_date_sk_idx", "Relation Name": "date_dim", "Schema": "public", "Alias": "date_dim", "Startup Cost": 0.29, "Total Cost": 3312.03, "Plan Rows": 73049, "Plan Width": 8, "Actual Startup Time": 0.976, "Actual Total Time": 19.336, "Actual Rows": 35935, "Actual Loops": 1, "Output": ["date_dim.d_date_sk", "date_dim.d_date_id", "date_dim.d_date", "date_dim.d_month_seq", "date_dim.d_week_seq", "date_dim.d_quarter_seq", "date_dim.d_year", "date_dim.d_dow", "date_dim.d_moy", "date_dim.d_dom", "date_dim.d_qoy", "date_dim.d_fy_year", "date_dim.d_fy_quarter_seq", "date_dim.d_fy_week_seq", "date_dim.d_day_name", "date_dim.d_quarter_name", "date_dim.d_holiday", "date_dim.d_weekend", "date_dim.d_following_holiday", "date_dim.d_first_dom", "date_dim.d_last_dom", "date_dim.d_same_day_ly", "date_dim.d_same_day_lq", "date_dim.d_current_day", "date_dim.d_current_week", "date_dim.d_current_month", "date_dim.d_current_quarter", "date_dim.d_current_year"], "Shared Hit Blocks": 0, "Shared Read Blocks": 792, "Shared Dirtied Blocks": 0, "Shared Written Blocks": 0, "Local Hit Blocks": 0, "Local Read Blocks": 0, "Local Dirtied Blocks": 0, "Local Written Blocks": 0, "Temp Read Blocks": 0, "Temp Written Blocks": 0, "I/O Read Time": 9.82, "I/O Write Time": 0.0, "parent": "Merge Join"}, {"Node Type": "Sort", "Parent Relationship": "Inner", "Parallel Aware": false, "Startup Cost": 23.34, "Total Cost": 24.09, "Plan Rows": 300, "Plan Width": 9, "Actual Startup Time": 1.131, "Actual Total Time": 1.163, "Actual Rows": 295, "Actual Loops": 1, "Output": ["promotion.p_cost", "promotion.p_end_date_sk"], "Sort Key": ["promotion.p_end_date_sk"], "Sort Method": "quicksort", "Sort Space Used": 41, "Sort Space Type": "Memory", "Shared Hit Blocks": 0, "Shared Read Blocks": 8, "Shared Dirtied Blocks": 0, "Shared Written Blocks": 0, "Local Hit Blocks": 0, "Local Read Blocks": 0, "Local Dirtied Blocks": 0, "Local Written Blocks": 0, "Temp Read Blocks": 0, "Temp Written Blocks": 0, "I/O Read Time": 0.958, "I/O Write Time": 0.0, "Plans": [{"Node Type": "Seq Scan", "Parent Relationship": "Outer", "Parallel Aware": false, "Relation Name": "promotion", "Schema": "public", "Alias": "promotion", "Startup Cost": 0.0, "Total Cost": 11.0, "Plan Rows": 300, "Plan Width": 9, "Actual Startup Time": 0.458, "Actual Total Time": 1.027, "Actual Rows": 300, "Actual Loops": 1, "Output": ["promotion.p_cost", "promotion.p_end_date_sk"], "Shared Hit Blocks": 0, "Shared Read Blocks": 8, "Shared Dirtied Blocks": 0, "Shared Written Blocks": 0, "Local Hit Blocks": 0, "Local Read Blocks": 0, "Local Dirtied Blocks": 0, "Local Written Blocks": 0, "Temp Read Blocks": 0, "Temp Written Blocks": 0, "I/O Read Time": 0.958, "I/O Write Time": 0.0, "parent": "Sort"}], "parent": "Merge Join"}], "parent": "Sort"}], "parent": "None"}, "Planning": {"Shared Hit Blocks": 150, "Shared Read Blocks": 19, "Shared Dirtied Blocks": 0, "Shared Written Blocks": 0, "Local Hit Blocks": 0, "Local Read Blocks": 0, "Local Dirtied Blocks": 0, "Local Written Blocks": 0, "Temp Read Blocks": 0, "Temp Written Blocks": 0, "I/O Read Time": 6.481, "I/O Write Time": 0.0}, "Planning Time": 7.723, "Triggers": [], "Execution Time": 26.281}, "config": {}}
{"query": "EXPLAIN (ANALYZE, COSTS, BUFFERS, VERBOSE, FORMAT JSON) select promotion.p_cost, date_dim.d_dow from promotion join date_dim on date_dim.d_date_sk=promotion.p_end_date_sk where date_dim.d_same_day_ly >= 2449693 order by date_dim.d_dow DESC, promotion.p_cost DESC;", "planinfo": {"Plan": {"Node Type": "Sort", "Parallel Aware": false, "Startup Cost": 1815.21, "Total Cost": 1815.6, "Plan Rows": 155, "Plan Width": 9, "Actual Startup Time": 27.375, "Actual Total Time": 27.392, "Actual Rows": 294, "Actual Loops": 1, "Output": ["promotion.p_cost", "date_dim.d_dow"], "Sort Key": ["date_dim.d_dow DESC", "promotion.p_cost DESC"], "Sort Method": "quicksort", "Sort Space Used": 41, "Sort Space Type": "Memory", "Shared Hit Blocks": 3, "Shared Read Blocks": 800, "Shared Dirtied Blocks": 0, "Shared Written Blocks": 0, "Local Hit Blocks": 0, "Local Read Blocks": 0, "Local Dirtied Blocks": 0, "Local Written Blocks": 0, "Temp Read Blocks": 0, "Temp Written Blocks": 0, "I/O Read Time": 13.019, "I/O Write Time": 0.0, "Plans": [{"Node Type": "Merge Join", "Parent Relationship": "Outer", "Parallel Aware": false, "Join Type": "Inner", "Startup Cost": 1766.99, "Total Cost": 1809.57, "Plan Rows": 155, "Plan Width": 9, "Actual Startup Time": 26.429, "Actual Total Time": 27.225, "Actual Rows": 294, "Actual Loops": 1, "Output": ["promotion.p_cost", "date_dim.d_dow"], "Inner Unique": false, "Merge Cond": "(date_dim.d_date_sk = promotion.p_end_date_sk)", "Shared Hit Blocks": 0, "Shared Read Blocks": 800, "Shared Dirtied Blocks": 0, "Shared Written Blocks": 0, "Local Hit Blocks": 0, "Local Read Blocks": 0, "Local Dirtied Blocks": 0, "Local Written Blocks": 0, "Temp Read Blocks": 0, "Temp Written Blocks": 0, "I/O Read Time": 13.019, "I/O Write Time": 0.0, "Plans": [{"Node Type": "Index Scan", "Parent Relationship": "Outer", "Parallel Aware": false, "Scan Direction": "Forward", "Index Name": "d_date_sk_idx", "Relation Name": "date_dim", "Schema": "public", "Alias": "date_dim", "Startup Cost": 0.29, "Total Cost": 3494.65, "Plan Rows": 37635, "Plan Width": 8, "Actual Startup Time": 24.988, "Actual Total Time": 25.583, "Actual Rows": 899, "Actual Loops": 1, "Output": ["date_dim.d_date_sk", "date_dim.d_date_id", "date_dim.d_date", "date_dim.d_month_seq", "date_dim.d_week_seq", "date_dim.d_quarter_seq", "date_dim.d_year", "date_dim.d_dow", "date_dim.d_moy", "date_dim.d_dom", "date_dim.d_qoy", "date_dim.d_fy_year", "date_dim.d_fy_quarter_seq", "date_dim.d_fy_week_seq", "date_dim.d_day_name", "date_dim.d_quarter_name", "date_dim.d_holiday", "date_dim.d_weekend", "date_dim.d_following_holiday", "date_dim.d_first_dom", "date_dim.d_last_dom", "date_dim.d_same_day_ly", "date_dim.d_same_day_lq", "date_dim.d_current_day", "date_dim.d_current_week", "date_dim.d_current_month", "date_dim.d_current_quarter", "date_dim.d_current_year"], "Filter": "(date_dim.d_same_day_ly >= 2449693)", "Rows Removed by Filter": 35036, "Shared Hit Blocks": 0, "Shared Read Blocks": 792, "Shared Dirtied Blocks": 0, "Shared Written Blocks": 0, "Local Hit Blocks": 0, "Local Read Blocks": 0, "Local Dirtied Blocks": 0, "Local Written Blocks": 0, "Temp Read Blocks": 0, "Temp Written Blocks": 0, "I/O Read Time": 11.838, "I/O Write Time": 0.0, "parent": "Merge Join"}, {"Node Type": "Sort", "Parent Relationship": "Inner", "Parallel Aware": false, "Startup Cost": 23.34, "Total Cost": 24.09, "Plan Rows": 300, "Plan Width": 9, "Actual Startup Time": 1.38, "Actual Total Time": 1.4, "Actual Rows": 295, "Actual Loops": 1, "Output": ["promotion.p_cost", "promotion.p_end_date_sk"], "Sort Key": ["promotion.p_end_date_sk"], "Sort Method": "quicksort", "Sort Space Used": 41, "Sort Space Type": "Memory", "Shared Hit Blocks": 0, "Shared Read Blocks": 8, "Shared Dirtied Blocks": 0, "Shared Written Blocks": 0, "Local Hit Blocks": 0, "Local Read Blocks": 0, "Local Dirtied Blocks": 0, "Local Written Blocks": 0, "Temp Read Blocks": 0, "Temp Written Blocks": 0, "I/O Read Time": 1.182, "I/O Write Time": 0.0, "Plans": [{"Node Type": "Seq Scan", "Parent Relationship": "Outer", "Parallel Aware": false, "Relation Name": "promotion", "Schema": "public", "Alias": "promotion", "Startup Cost": 0.0, "Total Cost": 11.0, "Plan Rows": 300, "Plan Width": 9, "Actual Startup Time": 0.627, "Actual Total Time": 1.261, "Actual Rows": 300, "Actual Loops": 1, "Output": ["promotion.p_cost", "promotion.p_end_date_sk"], "Shared Hit Blocks": 0, "Shared Read Blocks": 8, "Shared Dirtied Blocks": 0, "Shared Written Blocks": 0, "Local Hit Blocks": 0, "Local Read Blocks": 0, "Local Dirtied Blocks": 0, "Local Written Blocks": 0, "Temp Read Blocks": 0, "Temp Written Blocks": 0, "I/O Read Time": 1.182, "I/O Write Time": 0.0, "parent": "Sort"}], "parent": "Merge Join"}], "parent": "Sort"}], "parent": "None"}, "Planning": {"Shared Hit Blocks": 154, "Shared Read Blocks": 19, "Shared Dirtied Blocks": 0, "Shared Written Blocks": 0, "Local Hit Blocks": 0, "Local Read Blocks": 0, "Local Dirtied Blocks": 0, "Local Written Blocks": 0, "Temp Read Blocks": 0, "Temp Written Blocks": 0, "I/O Read Time": 8.526, "I/O Write Time": 0.0}, "Planning Time": 9.848, "Triggers": [], "Execution Time": 27.529}, "config": {}}
{"query": "EXPLAIN (ANALYZE, COSTS, BUFFERS, VERBOSE, FORMAT JSON) select promotion.p_cost, date_dim.d_quarter_seq,  min(promotion.p_cost) from promotion join date_dim on date_dim.d_date_sk=promotion.p_end_date_sk group by promotion.p_cost, date_dim.d_quarter_seq order by date_dim.d_quarter_seq DESC, promotion.p_cost ASC;", "planinfo": {"Plan": {"Node Type": "Aggregate", "Strategy": "Sorted", "Partial Mode": "Simple", "Parallel Aware": false, "Startup Cost": 1776.57, "Total Cost": 1782.57, "Plan Rows": 300, "Plan Width": 41, "Actual Startup Time": 27.611, "Actual Total Time": 27.748, "Actual Rows": 11, "Actual Loops": 1, "Output": ["promotion.p_cost", "date_dim.d_quarter_seq", "min(promotion.p_cost)"], "Group Key": ["date_dim.d_quarter_seq", "promotion.p_cost"], "Shared Hit Blocks": 3, "Shared Read Blocks": 800, "Shared Dirtied Blocks": 0, "Shared Written Blocks": 0, "Local Hit Blocks": 0, "Local Read Blocks": 0, "Local Dirtied Blocks": 0, "Local Written Blocks": 0, "Temp Read Blocks": 0, "Temp Written Blocks": 0, "I/O Read Time": 12.506, "I/O Write Time": 0.0, "Plans": [{"Node Type": "Sort", "Parent Relationship": "Outer", "Parallel Aware": false, "Startup Cost": 1776.57, "Total Cost": 1777.32, "Plan Rows": 300, "Plan Width": 9, "Actual Startup Time": 27.591, "Actual Total Time": 27.609, "Actual Rows": 294, "Actual Loops": 1, "Output": ["promotion.p_cost", "date_dim.d_quarter_seq"], "Sort Key": ["date_dim.d_quarter_seq DESC", "promotion.p_cost"], "Sort Method": "quicksort", "Sort Space Used": 41, "Sort Space Type": "Memory", "Shared Hit Blocks": 3, "Shared Read Blocks": 800, "Shared Dirtied Blocks": 0, "Shared Written Blocks": 0, "Local Hit Blocks": 0, "Local Read Blocks": 0, "Local Dirtied Blocks": 0, "Local Written Blocks": 0, "Temp Read Blocks": 0, "Temp Written Blocks": 0, "I/O Read Time": 12.506, "I/O Write Time": 0.0, "Plans": [{"Node Type": "Merge Join", "Parent Relationship": "Outer", "Parallel Aware": false, "Join Type": "Inner", "Startup Cost": 1721.23, "Total Cost": 1764.23, "Plan Rows": 300, "Plan Width": 9, "Actual Startup Time": 26.764, "Actual Total Time": 27.447, "Actual Rows": 294, "Actual Loops": 1, "Output": ["promotion.p_cost", "date_dim.d_quarter_seq"], "Inner Unique": false, "Merge Cond": "(date_dim.d_date_sk = promotion.p_end_date_sk)", "Shared Hit Blocks": 0, "Shared Read Blocks": 800, "Shared Dirtied Blocks": 0, "Shared Written Blocks": 0, "Local Hit Blocks": 0, "Local Read Blocks": 0, "Local Dirtied Blocks": 0, "Local Written Blocks": 0, "Temp Read Blocks": 0, "Temp Written Blocks": 0, "I/O Read Time": 12.506, "I/O Write Time": 0.0, "Plans": [{"Node Type": "Index Scan", "Parent Relationship": "Outer", "Parallel Aware": false, "Scan Direction": "Forward", "Index Name": "d_date_sk_idx", "Relation Name": "date_dim", "Schema": "public", "Alias": "date_dim", "Startup Cost": 0.29, "Total Cost": 3312.03, "Plan Rows": 73049, "Plan Width": 8, "Actual Startup Time": 0.925, "Actual Total Time": 20.86, "Actual Rows": 35935, "Actual Loops": 1, "Output": ["date_dim.d_date_sk", "date_dim.d_date_id", "date_dim.d_date", "date_dim.d_month_seq", "date_dim.d_week_seq", "date_dim.d_quarter_seq", "date_dim.d_year", "date_dim.d_dow", "date_dim.d_moy", "date_dim.d_dom", "date_dim.d_qoy", "date_dim.d_fy_year", "date_dim.d_fy_quarter_seq", "date_dim.d_fy_week_seq", "date_dim.d_day_name", "date_dim.d_quarter_name", "date_dim.d_holiday", "date_dim.d_weekend", "date_dim.d_following_holiday", "date_dim.d_first_dom", "date_dim.d_last_dom", "date_dim.d_same_day_ly", "date_dim.d_same_day_lq", "date_dim.d_current_day", "date_dim.d_current_week", "date_dim.d_current_month", "date_dim.d_current_quarter", "date_dim.d_current_year"], "Shared Hit Blocks": 0, "Shared Read Blocks": 792, "Shared Dirtied Blocks": 0, "Shared Written Blocks": 0, "Local Hit Blocks": 0, "Local Read Blocks": 0, "Local Dirtied Blocks": 0, "Local Written Blocks": 0, "Temp Read Blocks": 0, "Temp Written Blocks": 0, "I/O Read Time": 11.375, "I/O Write Time": 0.0, "parent": "Merge Join"}, {"Node Type": "Sort", "Parent Relationship": "Inner", "Parallel Aware": false, "Startup Cost": 23.34, "Total Cost": 24.09, "Plan Rows": 300, "Plan Width": 9, "Actual Startup Time": 1.309, "Actual Total Time": 1.344, "Actual Rows": 295, "Actual Loops": 1, "Output": ["promotion.p_cost", "promotion.p_end_date_sk"], "Sort Key": ["promotion.p_end_date_sk"], "Sort Method": "quicksort", "Sort Space Used": 41, "Sort Space Type": "Memory", "Shared Hit Blocks": 0, "Shared Read Blocks": 8, "Shared Dirtied Blocks": 0, "Shared Written Blocks": 0, "Local Hit Blocks": 0, "Local Read Blocks": 0, "Local Dirtied Blocks": 0, "Local Written Blocks": 0, "Temp Read Blocks": 0, "Temp Written Blocks": 0, "I/O Read Time": 1.131, "I/O Write Time": 0.0, "Plans": [{"Node Type": "Seq Scan", "Parent Relationship": "Outer", "Parallel Aware": false, "Relation Name": "promotion", "Schema": "public", "Alias": "promotion", "Startup Cost": 0.0, "Total Cost": 11.0, "Plan Rows": 300, "Plan Width": 9, "Actual Startup Time": 0.622, "Actual Total Time": 1.2, "Actual Rows": 300, "Actual Loops": 1, "Output": ["promotion.p_cost", "promotion.p_end_date_sk"], "Shared Hit Blocks": 0, "Shared Read Blocks": 8, "Shared Dirtied Blocks": 0, "Shared Written Blocks": 0, "Local Hit Blocks": 0, "Local Read Blocks": 0, "Local Dirtied Blocks": 0, "Local Written Blocks": 0, "Temp Read Blocks": 0, "Temp Written Blocks": 0, "I/O Read Time": 1.131, "I/O Write Time": 0.0, "parent": "Sort"}], "parent": "Merge Join"}], "parent": "Sort"}], "parent": "Aggregate"}], "parent": "None"}, "Planning": {"Shared Hit Blocks": 150, "Shared Read Blocks": 20, "Shared Dirtied Blocks": 0, "Shared Written Blocks": 0, "Local Hit Blocks": 0, "Local Read Blocks": 0, "Local Dirtied Blocks": 0, "Local Written Blocks": 0, "Temp Read Blocks": 0, "Temp Written Blocks": 0, "I/O Read Time": 6.975, "I/O Write Time": 0.0}, "Planning Time": 8.432, "Triggers": [], "Execution Time": 28.347}, "config": {}}
{"query": "EXPLAIN (ANALYZE, COSTS, BUFFERS, VERBOSE, FORMAT JSON) select date_dim.d_dom, promotion.p_cost from date_dim join promotion on promotion.p_end_date_sk=date_dim.d_date_sk order by promotion.p_cost ASC, date_dim.d_dom DESC;", "planinfo": {"Plan": {"Node Type": "Sort", "Parallel Aware": false, "Startup Cost": 1776.57, "Total Cost": 1777.32, "Plan Rows": 300, "Plan Width": 9, "Actual Startup Time": 27.897, "Actual Total Time": 27.914, "Actual Rows": 294, "Actual Loops": 1, "Output": ["date_dim.d_dom", "promotion.p_cost"], "Sort Key": ["promotion.p_cost", "date_dim.d_dom DESC"], "Sort Method": "quicksort", "Sort Space Used": 41, "Sort Space Type": "Memory", "Shared Hit Blocks": 3, "Shared Read Blocks": 800, "Shared Dirtied Blocks": 0, "Shared Written Blocks": 0, "Local Hit Blocks": 0, "Local Read Blocks": 0, "Local Dirtied Blocks": 0, "Local Written Blocks": 0, "Temp Read Blocks": 0, "Temp Written Blocks": 0, "I/O Read Time": 12.442, "I/O Write Time": 0.0, "Plans": [{"Node Type": "Merge Join", "Parent Relationship": "Outer", "Parallel Aware": false, "Join Type": "Inner", "Startup Cost": 1721.23, "Total Cost": 1764.23, "Plan Rows": 300, "Plan Width": 9, "Actual Startup Time": 26.872, "Actual Total Time": 27.56, "Actual Rows": 294, "Actual Loops": 1, "Output": ["date_dim.d_dom", "promotion.p_cost"], "Inner Unique": false, "Merge Cond": "(date_dim.d_date_sk = promotion.p_end_date_sk)", "Shared Hit Blocks": 0, "Shared Read Blocks": 800, "Shared Dirtied Blocks": 0, "Shared Written Blocks": 0, "Local Hit Blocks": 0, "Local Read Blocks": 0, "Local Dirtied Blocks": 0, "Local Written Blocks": 0, "Temp Read Blocks": 0, "Temp Written Blocks": 0, "I/O Read Time": 12.442, "I/O Write Time": 0.0, "Plans": [{"Node Type": "Index Scan", "Parent Relationship": "Outer", "Parallel Aware": false, "Scan Direction": "Forward", "Index Name": "d_date_sk_idx", "Relation Name": "date_dim", "Schema": "public", "Alias": "date_dim", "Startup Cost": 0.29, "Total Cost": 3312.03, "Plan Rows": 73049, "Plan Width": 8, "Actual Startup Time": 0.918, "Actual Total Time": 20.926, "Actual Rows": 35935, "Actual Loops": 1, "Output": ["date_dim.d_date_sk", "date_dim.d_date_id", "date_dim.d_date", "date_dim.d_month_seq", "date_dim.d_week_seq", "date_dim.d_quarter_seq", "date_dim.d_year", "date_dim.d_dow", "date_dim.d_moy", "date_dim.d_dom", "date_dim.d_qoy", "date_dim.d_fy_year", "date_dim.d_fy_quarter_seq", "date_dim.d_fy_week_seq", "date_dim.d_day_name", "date_dim.d_quarter_name", "date_dim.d_holiday", "date_dim.d_weekend", "date_dim.d_following_holiday", "date_dim.d_first_dom", "date_dim.d_last_dom", "date_dim.d_same_day_ly", "date_dim.d_same_day_lq", "date_dim.d_current_day", "date_dim.d_current_week", "date_dim.d_current_month", "date_dim.d_current_quarter", "date_dim.d_current_year"], "Shared Hit Blocks": 0, "Shared Read Blocks": 792, "Shared Dirtied Blocks": 0, "Shared Written Blocks": 0, "Local Hit Blocks": 0, "Local Read Blocks": 0, "Local Dirtied Blocks": 0, "Local Written Blocks": 0, "Temp Read Blocks": 0, "Temp Written Blocks": 0, "I/O Read Time": 11.379, "I/O Write Time": 0.0, "parent": "Merge Join"}, {"Node Type": "Sort", "Parent Relationship": "Inner", "Parallel Aware": false, "Startup Cost": 23.34, "Total Cost": 24.09, "Plan Rows": 300, "Plan Width": 9, "Actual Startup Time": 1.238, "Actual Total Time": 1.273, "Actual Rows": 295, "Actual Loops": 1, "Output": ["promotion.p_cost", "promotion.p_end_date_sk"], "Sort Key": ["promotion.p_end_date_sk"], "Sort Method": "quicksort", "Sort Space Used": 41, "Sort Space Type": "Memory", "Shared Hit Blocks": 0, "Shared Read Blocks": 8, "Shared Dirtied Blocks": 0, "Shared Written Blocks": 0, "Local Hit Blocks": 0, "Local Read Blocks": 0, "Local Dirtied Blocks": 0, "Local Written Blocks": 0, "Temp Read Blocks": 0, "Temp Written Blocks": 0, "I/O Read Time": 1.063, "I/O Write Time": 0.0, "Plans": [{"Node Type": "Seq Scan", "Parent Relationship": "Outer", "Parallel Aware": false, "Relation Name": "promotion", "Schema": "public", "Alias": "promotion", "Startup Cost": 0.0, "Total Cost": 11.0, "Plan Rows": 300, "Plan Width": 9, "Actual Startup Time": 0.464, "Actual Total Time": 1.134, "Actual Rows": 300, "Actual Loops": 1, "Output": ["promotion.p_cost", "promotion.p_end_date_sk"], "Shared Hit Blocks": 0, "Shared Read Blocks": 8, "Shared Dirtied Blocks": 0, "Shared Written Blocks": 0, "Local Hit Blocks": 0, "Local Read Blocks": 0, "Local Dirtied Blocks": 0, "Local Written Blocks": 0, "Temp Read Blocks": 0, "Temp Written Blocks": 0, "I/O Read Time": 1.063, "I/O Write Time": 0.0, "parent": "Sort"}], "parent": "Merge Join"}], "parent": "Sort"}], "parent": "None"}, "Planning": {"Shared Hit Blocks": 148, "Shared Read Blocks": 19, "Shared Dirtied Blocks": 0, "Shared Written Blocks": 0, "Local Hit Blocks": 0, "Local Read Blocks": 0, "Local Dirtied Blocks": 0, "Local Written Blocks": 0, "Temp Read Blocks": 0, "Temp Written Blocks": 0, "I/O Read Time": 6.18, "I/O Write Time": 0.0}, "Planning Time": 7.483, "Triggers": [], "Execution Time": 28.031}, "config": {}}
{"query": "EXPLAIN (ANALYZE, COSTS, BUFFERS, VERBOSE, FORMAT JSON) select date_dim.d_fy_week_seq, promotion.p_cost from promotion join date_dim on date_dim.d_date_sk=promotion.p_end_date_sk;", "planinfo": {"Plan": {"Node Type": "Merge Join", "Parallel Aware": false, "Join Type": "Inner", "Startup Cost": 1721.23, "Total Cost": 1764.23, "Plan Rows": 300, "Plan Width": 9, "Actual Startup Time": 26.745, "Actual Total Time": 27.44, "Actual Rows": 294, "Actual Loops": 1, "Output": ["date_dim.d_fy_week_seq", "promotion.p_cost"], "Inner Unique": false, "Merge Cond": "(date_dim.d_date_sk = promotion.p_end_date_sk)", "Shared Hit Blocks": 0, "Shared Read Blocks": 800, "Shared Dirtied Blocks": 0, "Shared Written Blocks": 0, "Local Hit Blocks": 0, "Local Read Blocks": 0, "Local Dirtied Blocks": 0, "Local Written Blocks": 0, "Temp Read Blocks": 0, "Temp Written Blocks": 0, "I/O Read Time": 12.156, "I/O Write Time": 0.0, "Plans": [{"Node Type": "Index Scan", "Parent Relationship": "Outer", "Parallel Aware": false, "Scan Direction": "Forward", "Index Name": "d_date_sk_idx", "Relation Name": "date_dim", "Schema": "public", "Alias": "date_dim", "Startup Cost": 0.29, "Total Cost": 3312.03, "Plan Rows": 73049, "Plan Width": 8, "Actual Startup Time": 0.922, "Actual Total Time": 20.755, "Actual Rows": 35935, "Actual Loops": 1, "Output": ["date_dim.d_date_sk", "date_dim.d_date_id", "date_dim.d_date", "date_dim.d_month_seq", "date_dim.d_week_seq", "date_dim.d_quarter_seq", "date_dim.d_year", "date_dim.d_dow", "date_dim.d_moy", "date_dim.d_dom", "date_dim.d_qoy", "date_dim.d_fy_year", "date_dim.d_fy_quarter_seq", "date_dim.d_fy_week_seq", "date_dim.d_day_name", "date_dim.d_quarter_name", "date_dim.d_holiday", "date_dim.d_weekend", "date_dim.d_following_holiday", "date_dim.d_first_dom", "date_dim.d_last_dom", "date_dim.d_same_day_ly", "date_dim.d_same_day_lq", "date_dim.d_current_day", "date_dim.d_current_week", "date_dim.d_current_month", "date_dim.d_current_quarter", "date_dim.d_current_year"], "Shared Hit Blocks": 0, "Shared Read Blocks": 792, "Shared Dirtied Blocks": 0, "Shared Written Blocks": 0, "Local Hit Blocks": 0, "Local Read Blocks": 0, "Local Dirtied Blocks": 0, "Local Written Blocks": 0, "Temp Read Blocks": 0, "Temp Written Blocks": 0, "I/O Read Time": 11.068, "I/O Write Time": 0.0, "parent": "Merge Join"}, {"Node Type": "Sort", "Parent Relationship": "Inner", "Parallel Aware": false, "Startup Cost": 23.34, "Total Cost": 24.09, "Plan Rows": 300, "Plan Width": 9, "Actual Startup Time": 1.275, "Actual Total Time": 1.313, "Actual Rows": 295, "Actual Loops": 1, "Output": ["promotion.p_cost", "promotion.p_end_date_sk"], "Sort Key": ["promotion.p_end_date_sk"], "Sort Method": "quicksort", "Sort Space Used": 41, "Sort Space Type": "Memory", "Shared Hit Blocks": 0, "Shared Read Blocks": 8, "Shared Dirtied Blocks": 0, "Shared Written Blocks": 0, "Local Hit Blocks": 0, "Local Read Blocks": 0, "Local Dirtied Blocks": 0, "Local Written Blocks": 0, "Temp Read Blocks": 0, "Temp Written Blocks": 0, "I/O Read Time": 1.088, "I/O Write Time": 0.0, "Plans": [{"Node Type": "Seq Scan", "Parent Relationship": "Outer", "Parallel Aware": false, "Relation Name": "promotion", "Schema": "public", "Alias": "promotion", "Startup Cost": 0.0, "Total Cost": 11.0, "Plan Rows": 300, "Plan Width": 9, "Actual Startup Time": 0.465, "Actual Total Time": 1.158, "Actual Rows": 300, "Actual Loops": 1, "Output": ["promotion.p_cost", "promotion.p_end_date_sk"], "Shared Hit Blocks": 0, "Shared Read Blocks": 8, "Shared Dirtied Blocks": 0, "Shared Written Blocks": 0, "Local Hit Blocks": 0, "Local Read Blocks": 0, "Local Dirtied Blocks": 0, "Local Written Blocks": 0, "Temp Read Blocks": 0, "Temp Written Blocks": 0, "I/O Read Time": 1.088, "I/O Write Time": 0.0, "parent": "Sort"}], "parent": "Merge Join"}], "parent": "None"}, "Planning": {"Shared Hit Blocks": 142, "Shared Read Blocks": 18, "Shared Dirtied Blocks": 0, "Shared Written Blocks": 0, "Local Hit Blocks": 0, "Local Read Blocks": 0, "Local Dirtied Blocks": 0, "Local Written Blocks": 0, "Temp Read Blocks": 0, "Temp Written Blocks": 0, "I/O Read Time": 7.908, "I/O Write Time": 0.0}, "Planning Time": 9.595, "Triggers": [], "Execution Time": 27.637}, "config": {}}
{"query": "EXPLAIN (ANALYZE, COSTS, BUFFERS, VERBOSE, FORMAT JSON) select date_dim.d_first_dom, promotion.p_cost from date_dim join promotion on promotion.p_end_date_sk=date_dim.d_date_sk;", "planinfo": {"Plan": {"Node Type": "Merge Join", "Parallel Aware": false, "Join Type": "Inner", "Startup Cost": 1721.23, "Total Cost": 1764.23, "Plan Rows": 300, "Plan Width": 9, "Actual Startup Time": 26.402, "Actual Total Time": 27.102, "Actual Rows": 294, "Actual Loops": 1, "Output": ["date_dim.d_first_dom", "promotion.p_cost"], "Inner Unique": false, "Merge Cond": "(date_dim.d_date_sk = promotion.p_end_date_sk)", "Shared Hit Blocks": 0, "Shared Read Blocks": 800, "Shared Dirtied Blocks": 0, "Shared Written Blocks": 0, "Local Hit Blocks": 0, "Local Read Blocks": 0, "Local Dirtied Blocks": 0, "Local Written Blocks": 0, "Temp Read Blocks": 0, "Temp Written Blocks": 0, "I/O Read Time": 11.666, "I/O Write Time": 0.0, "Plans": [{"Node Type": "Index Scan", "Parent Relationship": "Outer", "Parallel Aware": false, "Scan Direction": "Forward", "Index Name": "d_date_sk_idx", "Relation Name": "date_dim", "Schema": "public", "Alias": "date_dim", "Startup Cost": 0.29, "Total Cost": 3312.03, "Plan Rows": 73049, "Plan Width": 8, "Actual Startup Time": 0.923, "Actual Total Time": 20.171, "Actual Rows": 35935, "Actual Loops": 1, "Output": ["date_dim.d_date_sk", "date_dim.d_date_id", "date_dim.d_date", "date_dim.d_month_seq", "date_dim.d_week_seq", "date_dim.d_quarter_seq", "date_dim.d_year", "date_dim.d_dow", "date_dim.d_moy", "date_dim.d_dom", "date_dim.d_qoy", "date_dim.d_fy_year", "date_dim.d_fy_quarter_seq", "date_dim.d_fy_week_seq", "date_dim.d_day_name", "date_dim.d_quarter_name", "date_dim.d_holiday", "date_dim.d_weekend", "date_dim.d_following_holiday", "date_dim.d_first_dom", "date_dim.d_last_dom", "date_dim.d_same_day_ly", "date_dim.d_same_day_lq", "date_dim.d_current_day", "date_dim.d_current_week", "date_dim.d_current_month", "date_dim.d_current_quarter", "date_dim.d_current_year"], "Shared Hit Blocks": 0, "Shared Read Blocks": 792, "Shared Dirtied Blocks": 0, "Shared Written Blocks": 0, "Local Hit Blocks": 0, "Local Read Blocks": 0, "Local Dirtied Blocks": 0, "Local Written Blocks": 0, "Temp Read Blocks": 0, "Temp Written Blocks": 0, "I/O Read Time": 10.496, "I/O Write Time": 0.0, "parent": "Merge Join"}, {"Node Type": "Sort", "Parent Relationship": "Inner", "Parallel Aware": false, "Startup Cost": 23.34, "Total Cost": 24.09, "Plan Rows": 300, "Plan Width": 9, "Actual Startup Time": 1.35, "Actual Total Time": 1.385, "Actual Rows": 295, "Actual Loops": 1, "Output": ["promotion.p_cost", "promotion.p_end_date_sk"], "Sort Key": ["promotion.p_end_date_sk"], "Sort Method": "quicksort", "Sort Space Used": 41, "Sort Space Type": "Memory", "Shared Hit Blocks": 0, "Shared Read Blocks": 8, "Shared Dirtied Blocks": 0, "Shared Written Blocks": 0, "Local Hit Blocks": 0, "Local Read Blocks": 0, "Local Dirtied Blocks": 0, "Local Written Blocks": 0, "Temp Read Blocks": 0, "Temp Written Blocks": 0, "I/O Read Time": 1.17, "I/O Write Time": 0.0, "Plans": [{"Node Type": "Seq Scan", "Parent Relationship": "Outer", "Parallel Aware": false, "Relation Name": "promotion", "Schema": "public", "Alias": "promotion", "Startup Cost": 0.0, "Total Cost": 11.0, "Plan Rows": 300, "Plan Width": 9, "Actual Startup Time": 0.578, "Actual Total Time": 1.238, "Actual Rows": 300, "Actual Loops": 1, "Output": ["promotion.p_cost", "promotion.p_end_date_sk"], "Shared Hit Blocks": 0, "Shared Read Blocks": 8, "Shared Dirtied Blocks": 0, "Shared Written Blocks": 0, "Local Hit Blocks": 0, "Local Read Blocks": 0, "Local Dirtied Blocks": 0, "Local Written Blocks": 0, "Temp Read Blocks": 0, "Temp Written Blocks": 0, "I/O Read Time": 1.17, "I/O Write Time": 0.0, "parent": "Sort"}], "parent": "Merge Join"}], "parent": "None"}, "Planning": {"Shared Hit Blocks": 142, "Shared Read Blocks": 18, "Shared Dirtied Blocks": 0, "Shared Written Blocks": 0, "Local Hit Blocks": 0, "Local Read Blocks": 0, "Local Dirtied Blocks": 0, "Local Written Blocks": 0, "Temp Read Blocks": 0, "Temp Written Blocks": 0, "I/O Read Time": 6.632, "I/O Write Time": 0.0}, "Planning Time": 7.836, "Triggers": [], "Execution Time": 27.257}, "config": {}}
{"query": "EXPLAIN (ANALYZE, COSTS, BUFFERS, VERBOSE, FORMAT JSON) select date_dim.d_date_sk, store_sales.ss_wholesale_cost from store_sales join date_dim on date_dim.d_date_sk=store_sales.ss_sold_date_sk where date_dim.d_year != 2030 order by date_dim.d_date_sk DESC;", "planinfo": {"Plan": {"Node Type": "Merge Join", "Parallel Aware": false, "Join Type": "Inner", "Startup Cost": 13988.23, "Total Cost": 296463.38, "Plan Rows": 2866086, "Plan Width": 10, "Actual Startup Time": 3200.021, "Actual Total Time": 6867.811, "Actual Rows": 2750311, "Actual Loops": 1, "Output": ["date_dim.d_date_sk", "store_sales.ss_wholesale_cost"], "Inner Unique": true, "Merge Cond": "(store_sales.ss_sold_date_sk = date_dim.d_date_sk)", "Shared Hit Blocks": 98586, "Shared Read Blocks": 262001, "Shared Dirtied Blocks": 0, "Shared Written Blocks": 0, "Local Hit Blocks": 0, "Local Read Blocks": 0, "Local Dirtied Blocks": 0, "Local Written Blocks": 0, "Temp Read Blocks": 0, "Temp Written Blocks": 0, "I/O Read Time": 4760.31, "I/O Write Time": 0.0, "Plans": [{"Node Type": "Index Scan", "Parent Relationship": "Outer", "Parallel Aware": false, "Scan Direction": "Backward", "Index Name": "ss_sold_date_sk_idx", "Relation Name": "store_sales", "Schema": "public", "Alias": "store_sales", "Startup Cost": 0.43, "Total Cost": 260055.79, "Plan Rows": 2880320, "Plan Width": 10, "Actual Startup Time": 1.327, "Actual Total Time": 5522.482, "Actual Rows": 2880404, "Actual Loops": 1, "Output": ["store_sales.ss_sold_date_sk", "store_sales.ss_sold_time_sk", "store_sales.ss_item_sk", "store_sales.ss_customer_sk", "store_sales.ss_cdemo_sk", "store_sales.ss_hdemo_sk", "store_sales.ss_addr_sk", "store_sales.ss_store_sk", "store_sales.ss_promo_sk", "store_sales.ss_ticket_number", "store_sales.ss_quantity", "store_sales.ss_wholesale_cost", "store_sales.ss_list_price", "store_sales.ss_sales_price", "store_sales.ss_ext_discount_amt", "store_sales.ss_ext_sales_price", "store_sales.ss_ext_wholesale_cost", "store_sales.ss_ext_list_price", "store_sales.ss_ext_tax", "store_sales.ss_coupon_amt", "store_sales.ss_net_paid", "store_sales.ss_net_paid_inc_tax", "store_sales.ss_net_profit"], "Shared Hit Blocks": 98489, "Shared Read Blocks": 261175, "Shared Dirtied Blocks": 0, "Shared Written Blocks": 0, "Local Hit Blocks": 0, "Local Read Blocks": 0, "Local Dirtied Blocks": 0, "Local Written Blocks": 0, "Temp Read Blocks": 0, "Temp Written Blocks": 0, "I/O Read Time": 4388.729, "I/O Write Time": 0.0, "parent": "Merge Join"}, {"Node Type": "Index Scan", "Parent Relationship": "Inner", "Parallel Aware": false, "Scan Direction": "Backward", "Index Name": "d_date_sk_idx", "Relation Name": "date_dim", "Schema": "public", "Alias": "date_dim", "Startup Cost": 0.29, "Total Cost": 3494.65, "Plan Rows": 72688, "Plan Width": 4, "Actual Startup Time": 1.433, "Actual Total Time": 386.229, "Actual Rows": 36890, "Actual Loops": 1, "Output": ["date_dim.d_date_sk", "date_dim.d_date_id", "date_dim.d_date", "date_dim.d_month_seq", "date_dim.d_week_seq", "date_dim.d_quarter_seq", "date_dim.d_year", "date_dim.d_dow", "date_dim.d_moy", "date_dim.d_dom", "date_dim.d_qoy", "date_dim.d_fy_year", "date_dim.d_fy_quarter_seq", "date_dim.d_fy_week_seq", "date_dim.d_day_name", "date_dim.d_quarter_name", "date_dim.d_holiday", "date_dim.d_weekend", "date_dim.d_following_holiday", "date_dim.d_first_dom", "date_dim.d_last_dom", "date_dim.d_same_day_ly", "date_dim.d_same_day_lq", "date_dim.d_current_day", "date_dim.d_current_week", "date_dim.d_current_month", "date_dim.d_current_quarter", "date_dim.d_current_year"], "Filter": "(date_dim.d_year <> 2030)", "Rows Removed by Filter": 365, "Shared Hit Blocks": 97, "Shared Read Blocks": 826, "Shared Dirtied Blocks": 0, "Shared Written Blocks": 0, "Local Hit Blocks": 0, "Local Read Blocks": 0, "Local Dirtied Blocks": 0, "Local Written Blocks": 0, "Temp Read Blocks": 0, "Temp Written Blocks": 0, "I/O Read Time": 371.58, "I/O Write Time": 0.0, "parent": "Merge Join"}], "parent": "None"}, "Planning": {"Shared Hit Blocks": 162, "Shared Read Blocks": 25, "Shared Dirtied Blocks": 0, "Shared Written Blocks": 0, "Local Hit Blocks": 0, "Local Read Blocks": 0, "Local Dirtied Blocks": 0, "Local Written Blocks": 0, "Temp Read Blocks": 0, "Temp Written Blocks": 0, "I/O Read Time": 10.525, "I/O Write Time": 0.0}, "Planning Time": 12.171, "Triggers": [], "Execution Time": 7044.074}, "config": {}}
{"query": "EXPLAIN (ANALYZE, COSTS, BUFFERS, VERBOSE, FORMAT JSON) select store_returns.sr_return_tax, item.i_item_sk from item join store_returns on store_returns.sr_item_sk=item.i_item_sk order by item.i_item_sk DESC;", "planinfo": {"Plan": {"Node Type": "Merge Join", "Parallel Aware": false, "Join Type": "Inner", "Startup Cost": 0.77, "Total Cost": 31914.21, "Plan Rows": 287514, "Plan Width": 10, "Actual Startup Time": 0.492, "Actual Total Time": 2185.474, "Actual Rows": 287514, "Actual Loops": 1, "Output": ["store_returns.sr_return_tax", "item.i_item_sk"], "Inner Unique": false, "Merge Cond": "(item.i_item_sk = store_returns.sr_item_sk)", "Shared Hit Blocks": 283240, "Shared Read Blocks": 5912, "Shared Dirtied Blocks": 0, "Shared Written Blocks": 0, "Local Hit Blocks": 0, "Local Read Blocks": 0, "Local Dirtied Blocks": 0, "Local Written Blocks": 0, "Temp Read Blocks": 0, "Temp Written Blocks": 0, "I/O Read Time": 1833.966, "I/O Write Time": 0.0, "Plans": [{"Node Type": "Index Only Scan", "Parent Relationship": "Outer", "Parallel Aware": false, "Scan Direction": "Backward", "Index Name": "i_item_sk_idx", "Relation Name": "item", "Schema": "public", "Alias": "item", "Startup Cost": 0.29, "Total Cost": 478.29, "Plan Rows": 18000, "Plan Width": 4, "Actual Startup Time": 0.006, "Actual Total Time": 24.129, "Actual Rows": 18000, "Actual Loops": 1, "Output": ["item.i_item_sk"], "Heap Fetches": 0, "Shared Hit Blocks": 4, "Shared Read Blocks": 48, "Shared Dirtied Blocks": 0, "Shared Written Blocks": 0, "Local Hit Blocks": 0, "Local Read Blocks": 0, "Local Dirtied Blocks": 0, "Local Written Blocks": 0, "Temp Read Blocks": 0, "Temp Written Blocks": 0, "I/O Read Time": 20.838, "I/O Write Time": 0.0, "parent": "Merge Join"}, {"Node Type": "Index Scan", "Parent Relationship": "Inner", "Parallel Aware": false, "Scan Direction": "Backward", "Index Name": "store_returns_pkey", "Relation Name": "store_returns", "Schema": "public", "Alias": "store_returns", "Startup Cost": 0.42, "Total Cost": 27797.0, "Plan Rows": 287514, "Plan Width": 10, "Actual Startup Time": 0.48, "Actual Total Time": 2064.195, "Actual Rows": 287514, "Actual Loops": 1, "Output": ["store_returns.sr_returned_date_sk", "store_returns.sr_return_time_sk", "store_returns.sr_item_sk", "store_returns.sr_customer_sk", "store_returns.sr_cdemo_sk", "store_returns.sr_hdemo_sk", "store_returns.sr_addr_sk", "store_returns.sr_store_sk", "store_returns.sr_reason_sk", "store_returns.sr_ticket_number", "store_returns.sr_return_quantity", "store_returns.sr_return_amt", "store_returns.sr_return_tax", "store_returns.sr_return_amt_inc_tax", "store_returns.sr_fee", "store_returns.sr_return_ship_cost", "store_returns.sr_refunded_cash", "store_returns.sr_reversed_charge", "store_returns.sr_store_credit", "store_returns.sr_net_loss"], "Shared Hit Blocks": 283236, "Shared Read Blocks": 5864, "Shared Dirtied Blocks": 0, "Shared Written Blocks": 0, "Local Hit Blocks": 0, "Local Read Blocks": 0, "Local Dirtied Blocks": 0, "Local Written Blocks": 0, "Temp Read Blocks": 0, "Temp Written Blocks": 0, "I/O Read Time": 1813.128, "I/O Write Time": 0.0, "parent": "Merge Join"}], "parent": "None"}, "Planning": {"Shared Hit Blocks": 114, "Shared Read Blocks": 25, "Shared Dirtied Blocks": 0, "Shared Written Blocks": 0, "Local Hit Blocks": 0, "Local Read Blocks": 0, "Local Dirtied Blocks": 0, "Local Written Blocks": 0, "Temp Read Blocks": 0, "Temp Written Blocks": 0, "I/O Read Time": 9.145, "I/O Write Time": 0.0}, "Planning Time": 10.591, "Triggers": [], "Execution Time": 2208.611}, "config": {}}
{"query": "EXPLAIN (ANALYZE, COSTS, BUFFERS, VERBOSE, FORMAT JSON) select catalog_returns.cr_fee, customer_address.ca_address_sk from catalog_returns join customer_address on customer_address.ca_address_sk=catalog_returns.cr_refunded_addr_sk where catalog_returns.cr_refunded_cdemo_sk != 1397005 and catalog_returns.cr_refunded_hdemo_sk < 3236 order by customer_address.ca_address_sk ASC;", "planinfo": {"Plan": {"Node Type": "Merge Join", "Parallel Aware": false, "Join Type": "Inner", "Startup Cost": 9984.98, "Total Cost": 12329.19, "Plan Rows": 62132, "Plan Width": 10, "Actual Startup Time": 114.295, "Actual Total Time": 153.26, "Actual Rows": 62509, "Actual Loops": 1, "Output": ["catalog_returns.cr_fee", "customer_address.ca_address_sk"], "Inner Unique": true, "Merge Cond": "(catalog_returns.cr_refunded_addr_sk = customer_address.ca_address_sk)", "Shared Hit Blocks": 4, "Shared Read Blocks": 3012, "Shared Dirtied Blocks": 0, "Shared Written Blocks": 0, "Local Hit Blocks": 0, "Local Read Blocks": 0, "Local Dirtied Blocks": 0, "Local Written Blocks": 0, "Temp Read Blocks": 169, "Temp Written Blocks": 170, "I/O Read Time": 47.173, "I/O Write Time": 0.0, "Plans": [{"Node Type": "Sort", "Parent Relationship": "Outer", "Parallel Aware": false, "Startup Cost": 9984.66, "Total Cost": 10139.99, "Plan Rows": 62132, "Plan Width": 10, "Actual Startup Time": 114.264, "Actual Total Time": 122.785, "Actual Rows": 62510, "Actual Loops": 1, "Output": ["catalog_returns.cr_fee", "catalog_returns.cr_refunded_addr_sk"], "Sort Key": ["catalog_returns.cr_refunded_addr_sk"], "Sort Method": "external merge", "Sort Space Used": 1352, "Sort Space Type": "Disk", "Shared Hit Blocks": 0, "Shared Read Blocks": 2877, "Shared Dirtied Blocks": 0, "Shared Written Blocks": 0, "Local Hit Blocks": 0, "Local Read Blocks": 0, "Local Dirtied Blocks": 0, "Local Written Blocks": 0, "Temp Read Blocks": 169, "Temp Written Blocks": 170, "I/O Read Time": 45.939, "I/O Write Time": 0.0, "Plans": [{"Node Type": "Seq Scan", "Parent Relationship": "Outer", "Parallel Aware": false, "Relation Name": "catalog_returns", "Schema": "public", "Alias": "catalog_returns", "Startup Cost": 0.0, "Total Cost": 5038.01, "Plan Rows": 62132, "Plan Width": 10, "Actual Startup Time": 0.473, "Actual Total Time": 80.016, "Actual Rows": 62832, "Actual Loops": 1, "Output": ["catalog_returns.cr_fee", "catalog_returns.cr_refunded_addr_sk"], "Filter": "((catalog_returns.cr_refunded_cdemo_sk <> 1397005) AND (catalog_returns.cr_refunded_hdemo_sk < 3236))", "Rows Removed by Filter": 81235, "Shared Hit Blocks": 0, "Shared Read Blocks": 2877, "Shared Dirtied Blocks": 0, "Shared Written Blocks": 0, "Local Hit Blocks": 0, "Local Read Blocks": 0, "Local Dirtied Blocks": 0, "Local Written Blocks": 0, "Temp Read Blocks": 0, "Temp Written Blocks": 0, "I/O Read Time": 45.939, "I/O Write Time": 0.0, "parent": "Sort"}], "parent": "Merge Join"}, {"Node Type": "Index Only Scan", "Parent Relationship": "Inner", "Parallel Aware": false, "Scan Direction": "Forward", "Index Name": "customer_address_pkey", "Relation Name": "customer_address", "Schema": "public", "Alias": "customer_address", "Startup Cost": 0.29, "Total Cost": 1306.29, "Plan Rows": 50000, "Plan Width": 4, "Actual Startup Time": 0.025, "Actual Total Time": 8.243, "Actual Rows": 49999, "Actual Loops": 1, "Output": ["customer_address.ca_address_sk"], "Heap Fetches": 0, "Shared Hit Blocks": 4, "Shared Read Blocks": 135, "Shared Dirtied Blocks": 0, "Shared Written Blocks": 0, "Local Hit Blocks": 0, "Local Read Blocks": 0, "Local Dirtied Blocks": 0, "Local Written Blocks": 0, "Temp Read Blocks": 0, "Temp Written Blocks": 0, "I/O Read Time": 1.235, "I/O Write Time": 0.0, "parent": "Merge Join"}], "parent": "None"}, "Planning": {"Shared Hit Blocks": 92, "Shared Read Blocks": 15, "Shared Dirtied Blocks": 0, "Shared Written Blocks": 0, "Local Hit Blocks": 0, "Local Read Blocks": 0, "Local Dirtied Blocks": 0, "Local Written Blocks": 0, "Temp Read Blocks": 0, "Temp Written Blocks": 0, "I/O Read Time": 5.386, "I/O Write Time": 0.0}, "Planning Time": 6.505, "Triggers": [], "Execution Time": 158.406}, "config": {}}
{"query": "EXPLAIN (ANALYZE, COSTS, BUFFERS, VERBOSE, FORMAT JSON) select store_returns.sr_return_amt, time_dim.t_minute from time_dim join store_returns on store_returns.sr_return_time_sk=time_dim.t_time_sk where store_returns.sr_return_ship_cost > 1832.8 order by store_returns.sr_return_amt ASC;", "planinfo": {"Plan": {"Node Type": "Sort", "Parallel Aware": false, "Startup Cost": 13549.91, "Total Cost": 13589.36, "Plan Rows": 15782, "Plan Width": 10, "Actual Startup Time": 209.429, "Actual Total Time": 211.146, "Actual Rows": 15892, "Actual Loops": 1, "Output": ["store_returns.sr_return_amt", "time_dim.t_minute"], "Sort Key": ["store_returns.sr_return_amt"], "Sort Method": "quicksort", "Sort Space Used": 1254, "Sort Space Type": "Memory", "Shared Hit Blocks": 4, "Shared Read Blocks": 5949, "Shared Dirtied Blocks": 0, "Shared Written Blocks": 0, "Local Hit Blocks": 0, "Local Read Blocks": 0, "Local Dirtied Blocks": 0, "Local Written Blocks": 0, "Temp Read Blocks": 0, "Temp Written Blocks": 0, "I/O Read Time": 76.684, "I/O Write Time": 0.0, "Plans": [{"Node Type": "Merge Join", "Parent Relationship": "Outer", "Parallel Aware": false, "Join Type": "Inner", "Startup Cost": 10774.81, "Total Cost": 12449.43, "Plan Rows": 15782, "Plan Width": 10, "Actual Startup Time": 170.462, "Actual Total Time": 200.406, "Actual Rows": 15892, "Actual Loops": 1, "Output": ["store_returns.sr_return_amt", "time_dim.t_minute"], "Inner Unique": false, "Merge Cond": "(time_dim.t_time_sk = store_returns.sr_return_time_sk)", "Shared Hit Blocks": 1, "Shared Read Blocks": 5949, "Shared Dirtied Blocks": 0, "Shared Written Blocks": 0, "Local Hit Blocks": 0, "Local Read Blocks": 0, "Local Dirtied Blocks": 0, "Local Written Blocks": 0, "Temp Read Blocks": 0, "Temp Written Blocks": 0, "I/O Read Time": 76.684, "I/O Write Time": 0.0, "Plans": [{"Node Type": "Index Scan", "Parent Relationship": "Outer", "Parallel Aware": false, "Scan Direction": "Forward", "Index Name": "time_dim_pkey", "Relation Name": "time_dim", "Schema": "public", "Alias": "time_dim", "Startup Cost": 0.29, "Total Cost": 3648.29, "Plan Rows": 86400, "Plan Width": 8, "Actual Startup Time": 0.956, "Actual Total Time": 31.465, "Actual Rows": 61200, "Actual Loops": 1, "Output": ["time_dim.t_time_sk", "time_dim.t_time_id", "time_dim.t_time", "time_dim.t_hour", "time_dim.t_minute", "time_dim.t_second", "time_dim.t_am_pm", "time_dim.t_shift", "time_dim.t_sub_shift", "time_dim.t_meal_time"], "Shared Hit Blocks": 1, "Shared Read Blocks": 1158, "Shared Dirtied Blocks": 0, "Shared Written Blocks": 0, "Local Hit Blocks": 0, "Local Read Blocks": 0, "Local Dirtied Blocks": 0, "Local Written Blocks": 0, "Temp Read Blocks": 0, "Temp Written Blocks": 0, "I/O Read Time": 14.853, "I/O Write Time": 0.0, "parent": "Merge Join"}, {"Node Type": "Sort", "Parent Relationship": "Inner", "Parallel Aware": false, "Startup Cost": 9485.4, "Total Cost": 9524.86, "Plan Rows": 15782, "Plan Width": 10, "Actual Startup Time": 150.588, "Actual Total Time": 152.896, "Actual Rows": 15893, "Actual Loops": 1, "Output": ["store_returns.sr_return_amt", "store_returns.sr_return_time_sk"], "Sort Key": ["store_returns.sr_return_time_sk"], "Sort Method": "quicksort", "Sort Space Used": 1268, "Sort Space Type": "Memory", "Shared Hit Blocks": 0, "Shared Read Blocks": 4791, "Shared Dirtied Blocks": 0, "Shared Written Blocks": 0, "Local Hit Blocks": 0, "Local Read Blocks": 0, "Local Dirtied Blocks": 0, "Local Written Blocks": 0, "Temp Read Blocks": 0, "Temp Written Blocks": 0, "I/O Read Time": 61.832, "I/O Write Time": 0.0, "Plans": [{"Node Type": "Seq Scan", "Parent Relationship": "Outer", "Parallel Aware": false, "Relation Name": "store_returns", "Schema": "public", "Alias": "store_returns", "Startup Cost": 0.0, "Total Cost": 8384.92, "Plan Rows": 15782, "Plan Width": 10, "Actual Startup Time": 0.466, "Actual Total Time": 143.856, "Actual Rows": 16190, "Actual Loops": 1, "Output": ["store_returns.sr_return_amt", "store_returns.sr_return_time_sk"], "Filter": "(store_returns.sr_return_ship_cost > 1832.8)", "Rows Removed by Filter": 271324, "Shared Hit Blocks": 0, "Shared Read Blocks": 4791, "Shared Dirtied Blocks": 0, "Shared Written Blocks": 0, "Local Hit Blocks": 0, "Local Read Blocks": 0, "Local Dirtied Blocks": 0, "Local Written Blocks": 0, "Temp Read Blocks": 0, "Temp Written Blocks": 0, "I/O Read Time": 61.832, "I/O Write Time": 0.0, "parent": "Sort"}], "parent": "Merge Join"}], "parent": "Sort"}], "parent": "None"}, "Planning": {"Shared Hit Blocks": 111, "Shared Read Blocks": 18, "Shared Dirtied Blocks": 0, "Shared Written Blocks": 0, "Local Hit Blocks": 0, "Local Read Blocks": 0, "Local Dirtied Blocks": 0, "Local Written Blocks": 0, "Temp Read Blocks": 0, "Temp Written Blocks": 0, "I/O Read Time": 5.48, "I/O Write Time": 0.0}, "Planning Time": 6.615, "Triggers": [], "Execution Time": 212.516}, "config": {}}
{"query": "EXPLAIN (ANALYZE, COSTS, BUFFERS, VERBOSE, FORMAT JSON) select catalog_returns.cr_return_amount, customer_demographics.cd_demo_sk from catalog_returns join customer_demographics on customer_demographics.cd_demo_sk=catalog_returns.cr_refunded_cdemo_sk order by customer_demographics.cd_demo_sk DESC;", "planinfo": {"Plan": {"Node Type": "Merge Join", "Parallel Aware": false, "Join Type": "Inner", "Startup Cost": 19141.11, "Total Cost": 76303.09, "Plan Rows": 144067, "Plan Width": 10, "Actual Startup Time": 155.854, "Actual Total Time": 3131.676, "Actual Rows": 141248, "Actual Loops": 1, "Output": ["catalog_returns.cr_return_amount", "customer_demographics.cd_demo_sk"], "Inner Unique": false, "Merge Cond": "(customer_demographics.cd_demo_sk = catalog_returns.cr_refunded_cdemo_sk)", "Shared Hit Blocks": 5, "Shared Read Blocks": 8123, "Shared Dirtied Blocks": 0, "Shared Written Blocks": 0, "Local Hit Blocks": 0, "Local Read Blocks": 0, "Local Dirtied Blocks": 0, "Local Written Blocks": 0, "Temp Read Blocks": 385, "Temp Written Blocks": 387, "I/O Read Time": 2431.551, "I/O Write Time": 0.0, "Plans": [{"Node Type": "Index Only Scan", "Parent Relationship": "Outer", "Parallel Aware": false, "Scan Direction": "Backward", "Index Name": "customer_demographics_pkey", "Relation Name": "customer_demographics", "Schema": "public", "Alias": "customer_demographics", "Startup Cost": 0.43, "Total Cost": 49884.43, "Plan Rows": 1920800, "Plan Width": 4, "Actual Startup Time": 0.018, "Actual Total Time": 2652.754, "Actual Rows": 1920797, "Actual Loops": 1, "Output": ["customer_demographics.cd_demo_sk"], "Heap Fetches": 0, "Shared Hit Blocks": 5, "Shared Read Blocks": 5246, "Shared Dirtied Blocks": 0, "Shared Written Blocks": 0, "Local Hit Blocks": 0, "Local Read Blocks": 0, "Local Dirtied Blocks": 0, "Local Written Blocks": 0, "Temp Read Blocks": 0, "Temp Written Blocks": 0, "I/O Read Time": 2383.086, "I/O Write Time": 0.0, "parent": "Merge Join"}, {"Node Type": "Materialize", "Parent Relationship": "Inner", "Parallel Aware": false, "Startup Cost": 19125.6, "Total Cost": 19845.94, "Plan Rows": 144067, "Plan Width": 10, "Actual Startup Time": 154.425, "Actual Total Time": 211.606, "Actual Rows": 144067, "Actual Loops": 1, "Output": ["catalog_returns.cr_return_amount", "catalog_returns.cr_refunded_cdemo_sk"], "Shared Hit Blocks": 0, "Shared Read Blocks": 2877, "Shared Dirtied Blocks": 0, "Shared Written Blocks": 0, "Local Hit Blocks": 0, "Local Read Blocks": 0, "Local Dirtied Blocks": 0, "Local Written Blocks": 0, "Temp Read Blocks": 385, "Temp Written Blocks": 387, "I/O Read Time": 48.465, "I/O Write Time": 0.0, "Plans": [{"Node Type": "Sort", "Parent Relationship": "Outer", "Parallel Aware": false, "Startup Cost": 19125.6, "Total Cost": 19485.77, "Plan Rows": 144067, "Plan Width": 10, "Actual Startup Time": 154.419, "Actual Total Time": 180.147, "Actual Rows": 144067, "Actual Loops": 1, "Output": ["catalog_returns.cr_return_amount", "catalog_returns.cr_refunded_cdemo_sk"], "Sort Key": ["catalog_returns.cr_refunded_cdemo_sk DESC"], "Sort Method": "external merge", "Sort Space Used": 3080, "Sort Space Type": "Disk", "Shared Hit Blocks": 0, "Shared Read Blocks": 2877, "Shared Dirtied Blocks": 0, "Shared Written Blocks": 0, "Local Hit Blocks": 0, "Local Read Blocks": 0, "Local Dirtied Blocks": 0, "Local Written Blocks": 0, "Temp Read Blocks": 385, "Temp Written Blocks": 387, "I/O Read Time": 48.465, "I/O Write Time": 0.0, "Plans": [{"Node Type": "Seq Scan", "Parent Relationship": "Outer", "Parallel Aware": false, "Relation Name": "catalog_returns", "Schema": "public", "Alias": "catalog_returns", "Startup Cost": 0.0, "Total Cost": 4317.67, "Plan Rows": 144067, "Plan Width": 10, "Actual Startup Time": 0.709, "Actual Total Time": 83.713, "Actual Rows": 144067, "Actual Loops": 1, "Output": ["catalog_returns.cr_return_amount", "catalog_returns.cr_refunded_cdemo_sk"], "Shared Hit Blocks": 0, "Shared Read Blocks": 2877, "Shared Dirtied Blocks": 0, "Shared Written Blocks": 0, "Local Hit Blocks": 0, "Local Read Blocks": 0, "Local Dirtied Blocks": 0, "Local Written Blocks": 0, "Temp Read Blocks": 0, "Temp Written Blocks": 0, "I/O Read Time": 48.465, "I/O Write Time": 0.0, "parent": "Sort"}], "parent": "Materialize"}], "parent": "Merge Join"}], "parent": "None"}, "Planning": {"Shared Hit Blocks": 95, "Shared Read Blocks": 18, "Shared Dirtied Blocks": 0, "Shared Written Blocks": 0, "Local Hit Blocks": 0, "Local Read Blocks": 0, "Local Dirtied Blocks": 0, "Local Written Blocks": 0, "Temp Read Blocks": 0, "Temp Written Blocks": 0, "I/O Read Time": 6.568, "I/O Write Time": 0.0}, "Planning Time": 7.672, "Triggers": [], "Execution Time": 3141.965}, "config": {}}
{"query": "EXPLAIN (ANALYZE, COSTS, BUFFERS, VERBOSE, FORMAT JSON) select catalog_returns.cr_return_amount, customer_demographics.cd_dep_employed_count from customer_demographics join catalog_returns on catalog_returns.cr_refunded_cdemo_sk=customer_demographics.cd_demo_sk where catalog_returns.cr_returning_customer_sk >= 71071;", "planinfo": {"Plan": {"Node Type": "Merge Join", "Parallel Aware": false, "Join Type": "Inner", "Startup Cost": 7826.02, "Total Cost": 84946.3, "Plan Rows": 41077, "Plan Width": 10, "Actual Startup Time": 94.688, "Actual Total Time": 1084.1, "Actual Rows": 40494, "Actual Loops": 1, "Output": ["catalog_returns.cr_return_amount", "customer_demographics.cd_dep_employed_count"], "Inner Unique": false, "Merge Cond": "(customer_demographics.cd_demo_sk = catalog_returns.cr_refunded_cdemo_sk)", "Shared Hit Blocks": 3, "Shared Read Blocks": 29950, "Shared Dirtied Blocks": 0, "Shared Written Blocks": 0, "Local Hit Blocks": 0, "Local Read Blocks": 0, "Local Dirtied Blocks": 0, "Local Written Blocks": 0, "Temp Read Blocks": 0, "Temp Written Blocks": 0, "I/O Read Time": 236.256, "I/O Write Time": 0.0, "Plans": [{"Node Type": "Index Scan", "Parent Relationship": "Outer", "Parallel Aware": false, "Scan Direction": "Forward", "Index Name": "customer_demographics_pkey", "Relation Name": "customer_demographics", "Schema": "public", "Alias": "customer_demographics", "Startup Cost": 0.43, "Total Cost": 71715.43, "Plan Rows": 1920800, "Plan Width": 8, "Actual Startup Time": 0.487, "Actual Total Time": 685.447, "Actual Rows": 1920631, "Actual Loops": 1, "Output": ["customer_demographics.cd_demo_sk", "customer_demographics.cd_gender", "customer_demographics.cd_marital_status", "customer_demographics.cd_education_status", "customer_demographics.cd_purchase_estimate", "customer_demographics.cd_credit_rating", "customer_demographics.cd_dep_count", "customer_demographics.cd_dep_employed_count", "customer_demographics.cd_dep_college_count"], "Shared Hit Blocks": 3, "Shared Read Blocks": 27073, "Shared Dirtied Blocks": 0, "Shared Written Blocks": 0, "Local Hit Blocks": 0, "Local Read Blocks": 0, "Local Dirtied Blocks": 0, "Local Written Blocks": 0, "Temp Read Blocks": 0, "Temp Written Blocks": 0, "I/O Read Time": 186.876, "I/O Write Time": 0.0, "parent": "Merge Join"}, {"Node Type": "Sort", "Parent Relationship": "Inner", "Parallel Aware": false, "Startup Cost": 7825.58, "Total Cost": 7928.27, "Plan Rows": 41077, "Plan Width": 10, "Actual Startup Time": 94.158, "Actual Total Time": 101.875, "Actual Rows": 40495, "Actual Loops": 1, "Output": ["catalog_returns.cr_return_amount", "catalog_returns.cr_refunded_cdemo_sk"], "Sort Key": ["catalog_returns.cr_refunded_cdemo_sk"], "Sort Method": "quicksort", "Sort Space Used": 3462, "Sort Space Type": "Memory", "Shared Hit Blocks": 0, "Shared Read Blocks": 2877, "Shared Dirtied Blocks": 0, "Shared Written Blocks": 0, "Local Hit Blocks": 0, "Local Read Blocks": 0, "Local Dirtied Blocks": 0, "Local Written Blocks": 0, "Temp Read Blocks": 0, "Temp Written Blocks": 0, "I/O Read Time": 49.38, "I/O Write Time": 0.0, "Plans": [{"Node Type": "Seq Scan", "Parent Relationship": "Outer", "Parallel Aware": false, "Relation Name": "catalog_returns", "Schema": "public", "Alias": "catalog_returns", "Startup Cost": 0.0, "Total Cost": 4677.84, "Plan Rows": 41077, "Plan Width": 10, "Actual Startup Time": 0.454, "Actual Total Time": 78.08, "Actual Rows": 40864, "Actual Loops": 1, "Output": ["catalog_returns.cr_return_amount", "catalog_returns.cr_refunded_cdemo_sk"], "Filter": "(catalog_returns.cr_returning_customer_sk >= 71071)", "Rows Removed by Filter": 103203, "Shared Hit Blocks": 0, "Shared Read Blocks": 2877, "Shared Dirtied Blocks": 0, "Shared Written Blocks": 0, "Local Hit Blocks": 0, "Local Read Blocks": 0, "Local Dirtied Blocks": 0, "Local Written Blocks": 0, "Temp Read Blocks": 0, "Temp Written Blocks": 0, "I/O Read Time": 49.38, "I/O Write Time": 0.0, "parent": "Sort"}], "parent": "Merge Join"}], "parent": "None"}, "Planning": {"Shared Hit Blocks": 104, "Shared Read Blocks": 17, "Shared Dirtied Blocks": 0, "Shared Written Blocks": 0, "Local Hit Blocks": 0, "Local Read Blocks": 0, "Local Dirtied Blocks": 0, "Local Written Blocks": 0, "Temp Read Blocks": 0, "Temp Written Blocks": 0, "I/O Read Time": 5.913, "I/O Write Time": 0.0}, "Planning Time": 7.066, "Triggers": [], "Execution Time": 1088.475}, "config": {}}
{"query": "EXPLAIN (ANALYZE, COSTS, BUFFERS, VERBOSE, FORMAT JSON) select date_dim.d_same_day_lq, promotion.p_item_sk,  max(date_dim.d_last_dom) from date_dim join promotion on promotion.p_end_date_sk=date_dim.d_date_sk group by date_dim.d_same_day_lq, promotion.p_item_sk;", "planinfo": {"Plan": {"Node Type": "Aggregate", "Strategy": "Sorted", "Partial Mode": "Simple", "Parallel Aware": false, "Startup Cost": 1776.57, "Total Cost": 1782.57, "Plan Rows": 300, "Plan Width": 12, "Actual Startup Time": 28.889, "Actual Total Time": 29.074, "Actual Rows": 294, "Actual Loops": 1, "Output": ["date_dim.d_same_day_lq", "promotion.p_item_sk", "max(date_dim.d_last_dom)"], "Group Key": ["date_dim.d_same_day_lq", "promotion.p_item_sk"], "Shared Hit Blocks": 0, "Shared Read Blocks": 800, "Shared Dirtied Blocks": 0, "Shared Written Blocks": 0, "Local Hit Blocks": 0, "Local Read Blocks": 0, "Local Dirtied Blocks": 0, "Local Written Blocks": 0, "Temp Read Blocks": 0, "Temp Written Blocks": 0, "I/O Read Time": 13.118, "I/O Write Time": 0.0, "Plans": [{"Node Type": "Sort", "Parent Relationship": "Outer", "Parallel Aware": false, "Startup Cost": 1776.57, "Total Cost": 1777.32, "Plan Rows": 300, "Plan Width": 12, "Actual Startup Time": 28.88, "Actual Total Time": 28.897, "Actual Rows": 294, "Actual Loops": 1, "Output": ["date_dim.d_same_day_lq", "promotion.p_item_sk", "date_dim.d_last_dom"], "Sort Key": ["date_dim.d_same_day_lq", "promotion.p_item_sk"], "Sort Method": "quicksort", "Sort Space Used": 41, "Sort Space Type": "Memory", "Shared Hit Blocks": 0, "Shared Read Blocks": 800, "Shared Dirtied Blocks": 0, "Shared Written Blocks": 0, "Local Hit Blocks": 0, "Local Read Blocks": 0, "Local Dirtied Blocks": 0, "Local Written Blocks": 0, "Temp Read Blocks": 0, "Temp Written Blocks": 0, "I/O Read Time": 13.118, "I/O Write Time": 0.0, "Plans": [{"Node Type": "Merge Join", "Parent Relationship": "Outer", "Parallel Aware": false, "Join Type": "Inner", "Startup Cost": 1721.23, "Total Cost": 1764.23, "Plan Rows": 300, "Plan Width": 12, "Actual Startup Time": 28.066, "Actual Total Time": 28.777, "Actual Rows": 294, "Actual Loops": 1, "Output": ["date_dim.d_same_day_lq", "promotion.p_item_sk", "date_dim.d_last_dom"], "Inner Unique": false, "Merge Cond": "(date_dim.d_date_sk = promotion.p_end_date_sk)", "Shared Hit Blocks": 0, "Shared Read Blocks": 800, "Shared Dirtied Blocks": 0, "Shared Written Blocks": 0, "Local Hit Blocks": 0, "Local Read Blocks": 0, "Local Dirtied Blocks": 0, "Local Written Blocks": 0, "Temp Read Blocks": 0, "Temp Written Blocks": 0, "I/O Read Time": 13.118, "I/O Write Time": 0.0, "Plans": [{"Node Type": "Index Scan", "Parent Relationship": "Outer", "Parallel Aware": false, "Scan Direction": "Forward", "Index Name": "d_date_sk_idx", "Relation Name": "date_dim", "Schema": "public", "Alias": "date_dim", "Startup Cost": 0.29, "Total Cost": 3312.03, "Plan Rows": 73049, "Plan Width": 12, "Actual Startup Time": 0.926, "Actual Total Time": 20.449, "Actual Rows": 35935, "Actual Loops": 1, "Output": ["date_dim.d_date_sk", "date_dim.d_date_id", "date_dim.d_date", "date_dim.d_month_seq", "date_dim.d_week_seq", "date_dim.d_quarter_seq", "date_dim.d_year", "date_dim.d_dow", "date_dim.d_moy", "date_dim.d_dom", "date_dim.d_qoy", "date_dim.d_fy_year", "date_dim.d_fy_quarter_seq", "date_dim.d_fy_week_seq", "date_dim.d_day_name", "date_dim.d_quarter_name", "date_dim.d_holiday", "date_dim.d_weekend", "date_dim.d_following_holiday", "date_dim.d_first_dom", "date_dim.d_last_dom", "date_dim.d_same_day_ly", "date_dim.d_same_day_lq", "date_dim.d_current_day", "date_dim.d_current_week", "date_dim.d_current_month", "date_dim.d_current_quarter", "date_dim.d_current_year"], "Shared Hit Blocks": 0, "Shared Read Blocks": 792, "Shared Dirtied Blocks": 0, "Shared Written Blocks": 0, "Local Hit Blocks": 0, "Local Read Blocks": 0, "Local Dirtied Blocks": 0, "Local Written Blocks": 0, "Temp Read Blocks": 0, "Temp Written Blocks": 0, "I/O Read Time": 10.662, "I/O Write Time": 0.0, "parent": "Merge Join"}, {"Node Type": "Sort", "Parent Relationship": "Inner", "Parallel Aware": false, "Startup Cost": 23.34, "Total Cost": 24.09, "Plan Rows": 300, "Plan Width": 8, "Actual Startup Time": 3.01, "Actual Total Time": 3.047, "Actual Rows": 295, "Actual Loops": 1, "Output": ["promotion.p_item_sk", "promotion.p_end_date_sk"], "Sort Key": ["promotion.p_end_date_sk"], "Sort Method": "quicksort", "Sort Space Used": 41, "Sort Space Type": "Memory", "Shared Hit Blocks": 0, "Shared Read Blocks": 8, "Shared Dirtied Blocks": 0, "Shared Written Blocks": 0, "Local Hit Blocks": 0, "Local Read Blocks": 0, "Local Dirtied Blocks": 0, "Local Written Blocks": 0, "Temp Read Blocks": 0, "Temp Written Blocks": 0, "I/O Read Time": 2.457, "I/O Write Time": 0.0, "Plans": [{"Node Type": "Seq Scan", "Parent Relationship": "Outer", "Parallel Aware": false, "Relation Name": "promotion", "Schema": "public", "Alias": "promotion", "Startup Cost": 0.0, "Total Cost": 11.0, "Plan Rows": 300, "Plan Width": 8, "Actual Startup Time": 0.464, "Actual Total Time": 2.811, "Actual Rows": 300, "Actual Loops": 1, "Output": ["promotion.p_item_sk", "promotion.p_end_date_sk"], "Shared Hit Blocks": 0, "Shared Read Blocks": 8, "Shared Dirtied Blocks": 0, "Shared Written Blocks": 0, "Local Hit Blocks": 0, "Local Read Blocks": 0, "Local Dirtied Blocks": 0, "Local Written Blocks": 0, "Temp Read Blocks": 0, "Temp Written Blocks": 0, "I/O Read Time": 2.457, "I/O Write Time": 0.0, "parent": "Sort"}], "parent": "Merge Join"}], "parent": "Sort"}], "parent": "Aggregate"}], "parent": "None"}, "Planning": {"Shared Hit Blocks": 140, "Shared Read Blocks": 20, "Shared Dirtied Blocks": 0, "Shared Written Blocks": 0, "Local Hit Blocks": 0, "Local Read Blocks": 0, "Local Dirtied Blocks": 0, "Local Written Blocks": 0, "Temp Read Blocks": 0, "Temp Written Blocks": 0, "I/O Read Time": 6.898, "I/O Write Time": 0.0}, "Planning Time": 8.231, "Triggers": [], "Execution Time": 29.28}, "config": {}}
{"query": "EXPLAIN (ANALYZE, COSTS, BUFFERS, VERBOSE, FORMAT JSON) select promotion.p_response_target, date_dim.d_last_dom,  min(date_dim.d_fy_week_seq) from promotion join date_dim on date_dim.d_date_sk=promotion.p_end_date_sk group by promotion.p_response_target, date_dim.d_last_dom;", "planinfo": {"Plan": {"Node Type": "Aggregate", "Strategy": "Sorted", "Partial Mode": "Simple", "Parallel Aware": false, "Startup Cost": 1776.57, "Total Cost": 1782.57, "Plan Rows": 300, "Plan Width": 12, "Actual Startup Time": 29.574, "Actual Total Time": 29.66, "Actual Rows": 31, "Actual Loops": 1, "Output": ["promotion.p_response_target", "date_dim.d_last_dom", "min(date_dim.d_fy_week_seq)"], "Group Key": ["promotion.p_response_target", "date_dim.d_last_dom"], "Shared Hit Blocks": 0, "Shared Read Blocks": 800, "Shared Dirtied Blocks": 0, "Shared Written Blocks": 0, "Local Hit Blocks": 0, "Local Read Blocks": 0, "Local Dirtied Blocks": 0, "Local Written Blocks": 0, "Temp Read Blocks": 0, "Temp Written Blocks": 0, "I/O Read Time": 14.263, "I/O Write Time": 0.0, "Plans": [{"Node Type": "Sort", "Parent Relationship": "Outer", "Parallel Aware": false, "Startup Cost": 1776.57, "Total Cost": 1777.32, "Plan Rows": 300, "Plan Width": 12, "Actual Startup Time": 29.564, "Actual Total Time": 29.581, "Actual Rows": 294, "Actual Loops": 1, "Output": ["promotion.p_response_target", "date_dim.d_last_dom", "date_dim.d_fy_week_seq"], "Sort Key": ["promotion.p_response_target", "date_dim.d_last_dom"], "Sort Method": "quicksort", "Sort Space Used": 41, "Sort Space Type": "Memory", "Shared Hit Blocks": 0, "Shared Read Blocks": 800, "Shared Dirtied Blocks": 0, "Shared Written Blocks": 0, "Local Hit Blocks": 0, "Local Read Blocks": 0, "Local Dirtied Blocks": 0, "Local Written Blocks": 0, "Temp Read Blocks": 0, "Temp Written Blocks": 0, "I/O Read Time": 14.263, "I/O Write Time": 0.0, "Plans": [{"Node Type": "Merge Join", "Parent Relationship": "Outer", "Parallel Aware": false, "Join Type": "Inner", "Startup Cost": 1721.23, "Total Cost": 1764.23, "Plan Rows": 300, "Plan Width": 12, "Actual Startup Time": 28.713, "Actual Total Time": 29.436, "Actual Rows": 294, "Actual Loops": 1, "Output": ["promotion.p_response_target", "date_dim.d_last_dom", "date_dim.d_fy_week_seq"], "Inner Unique": false, "Merge Cond": "(date_dim.d_date_sk = promotion.p_end_date_sk)", "Shared Hit Blocks": 0, "Shared Read Blocks": 800, "Shared Dirtied Blocks": 0, "Shared Written Blocks": 0, "Local Hit Blocks": 0, "Local Read Blocks": 0, "Local Dirtied Blocks": 0, "Local Written Blocks": 0, "Temp Read Blocks": 0, "Temp Written Blocks": 0, "I/O Read Time": 14.263, "I/O Write Time": 0.0, "Plans": [{"Node Type": "Index Scan", "Parent Relationship": "Outer", "Parallel Aware": false, "Scan Direction": "Forward", "Index Name": "d_date_sk_idx", "Relation Name": "date_dim", "Schema": "public", "Alias": "date_dim", "Startup Cost": 0.29, "Total Cost": 3312.03, "Plan Rows": 73049, "Plan Width": 12, "Actual Startup Time": 0.994, "Actual Total Time": 22.706, "Actual Rows": 35935, "Actual Loops": 1, "Output": ["date_dim.d_date_sk", "date_dim.d_date_id", "date_dim.d_date", "date_dim.d_month_seq", "date_dim.d_week_seq", "date_dim.d_quarter_seq", "date_dim.d_year", "date_dim.d_dow", "date_dim.d_moy", "date_dim.d_dom", "date_dim.d_qoy", "date_dim.d_fy_year", "date_dim.d_fy_quarter_seq", "date_dim.d_fy_week_seq", "date_dim.d_day_name", "date_dim.d_quarter_name", "date_dim.d_holiday", "date_dim.d_weekend", "date_dim.d_following_holiday", "date_dim.d_first_dom", "date_dim.d_last_dom", "date_dim.d_same_day_ly", "date_dim.d_same_day_lq", "date_dim.d_current_day", "date_dim.d_current_week", "date_dim.d_current_month", "date_dim.d_current_quarter", "date_dim.d_current_year"], "Shared Hit Blocks": 0, "Shared Read Blocks": 792, "Shared Dirtied Blocks": 0, "Shared Written Blocks": 0, "Local Hit Blocks": 0, "Local Read Blocks": 0, "Local Dirtied Blocks": 0, "Local Written Blocks": 0, "Temp Read Blocks": 0, "Temp Written Blocks": 0, "I/O Read Time": 13.274, "I/O Write Time": 0.0, "parent": "Merge Join"}, {"Node Type": "Sort", "Parent Relationship": "Inner", "Parallel Aware": false, "Startup Cost": 23.34, "Total Cost": 24.09, "Plan Rows": 300, "Plan Width": 8, "Actual Startup Time": 1.167, "Actual Total Time": 1.209, "Actual Rows": 295, "Actual Loops": 1, "Output": ["promotion.p_response_target", "promotion.p_end_date_sk"], "Sort Key": ["promotion.p_end_date_sk"], "Sort Method": "quicksort", "Sort Space Used": 41, "Sort Space Type": "Memory", "Shared Hit Blocks": 0, "Shared Read Blocks": 8, "Shared Dirtied Blocks": 0, "Shared Written Blocks": 0, "Local Hit Blocks": 0, "Local Read Blocks": 0, "Local Dirtied Blocks": 0, "Local Written Blocks": 0, "Temp Read Blocks": 0, "Temp Written Blocks": 0, "I/O Read Time": 0.989, "I/O Write Time": 0.0, "Plans": [{"Node Type": "Seq Scan", "Parent Relationship": "Outer", "Parallel Aware": false, "Relation Name": "promotion", "Schema": "public", "Alias": "promotion", "Startup Cost": 0.0, "Total Cost": 11.0, "Plan Rows": 300, "Plan Width": 8, "Actual Startup Time": 0.455, "Actual Total Time": 1.061, "Actual Rows": 300, "Actual Loops": 1, "Output": ["promotion.p_response_target", "promotion.p_end_date_sk"], "Shared Hit Blocks": 0, "Shared Read Blocks": 8, "Shared Dirtied Blocks": 0, "Shared Written Blocks": 0, "Local Hit Blocks": 0, "Local Read Blocks": 0, "Local Dirtied Blocks": 0, "Local Written Blocks": 0, "Temp Read Blocks": 0, "Temp Written Blocks": 0, "I/O Read Time": 0.989, "I/O Write Time": 0.0, "parent": "Sort"}], "parent": "Merge Join"}], "parent": "Sort"}], "parent": "Aggregate"}], "parent": "None"}, "Planning": {"Shared Hit Blocks": 140, "Shared Read Blocks": 20, "Shared Dirtied Blocks": 0, "Shared Written Blocks": 0, "Local Hit Blocks": 0, "Local Read Blocks": 0, "Local Dirtied Blocks": 0, "Local Written Blocks": 0, "Temp Read Blocks": 0, "Temp Written Blocks": 0, "I/O Read Time": 6.952, "I/O Write Time": 0.0}, "Planning Time": 8.286, "Triggers": [], "Execution Time": 29.827}, "config": {}}
{"query": "EXPLAIN (ANALYZE, COSTS, BUFFERS, VERBOSE, FORMAT JSON) select date_dim.d_dow, promotion.p_end_date_sk,  avg(date_dim.d_fy_year) from date_dim join promotion on promotion.p_end_date_sk=date_dim.d_date_sk group by date_dim.d_dow, promotion.p_end_date_sk;", "planinfo": {"Plan": {"Node Type": "Aggregate", "Strategy": "Sorted", "Partial Mode": "Simple", "Parallel Aware": false, "Startup Cost": 1776.57, "Total Cost": 1783.32, "Plan Rows": 300, "Plan Width": 40, "Actual Startup Time": 28.379, "Actual Total Time": 28.695, "Actual Rows": 249, "Actual Loops": 1, "Output": ["date_dim.d_dow", "promotion.p_end_date_sk", "avg(date_dim.d_fy_year)"], "Group Key": ["date_dim.d_dow", "promotion.p_end_date_sk"], "Shared Hit Blocks": 0, "Shared Read Blocks": 800, "Shared Dirtied Blocks": 0, "Shared Written Blocks": 0, "Local Hit Blocks": 0, "Local Read Blocks": 0, "Local Dirtied Blocks": 0, "Local Written Blocks": 0, "Temp Read Blocks": 0, "Temp Written Blocks": 0, "I/O Read Time": 12.512, "I/O Write Time": 0.0, "Plans": [{"Node Type": "Sort", "Parent Relationship": "Outer", "Parallel Aware": false, "Startup Cost": 1776.57, "Total Cost": 1777.32, "Plan Rows": 300, "Plan Width": 12, "Actual Startup Time": 27.909, "Actual Total Time": 27.928, "Actual Rows": 294, "Actual Loops": 1, "Output": ["date_dim.d_dow", "promotion.p_end_date_sk", "date_dim.d_fy_year"], "Sort Key": ["date_dim.d_dow", "promotion.p_end_date_sk"], "Sort Method": "quicksort", "Sort Space Used": 41, "Sort Space Type": "Memory", "Shared Hit Blocks": 0, "Shared Read Blocks": 800, "Shared Dirtied Blocks": 0, "Shared Written Blocks": 0, "Local Hit Blocks": 0, "Local Read Blocks": 0, "Local Dirtied Blocks": 0, "Local Written Blocks": 0, "Temp Read Blocks": 0, "Temp Written Blocks": 0, "I/O Read Time": 12.512, "I/O Write Time": 0.0, "Plans": [{"Node Type": "Merge Join", "Parent Relationship": "Outer", "Parallel Aware": false, "Join Type": "Inner", "Startup Cost": 1721.23, "Total Cost": 1764.23, "Plan Rows": 300, "Plan Width": 12, "Actual Startup Time": 27.07, "Actual Total Time": 27.756, "Actual Rows": 294, "Actual Loops": 1, "Output": ["date_dim.d_dow", "promotion.p_end_date_sk", "date_dim.d_fy_year"], "Inner Unique": false, "Merge Cond": "(date_dim.d_date_sk = promotion.p_end_date_sk)", "Shared Hit Blocks": 0, "Shared Read Blocks": 800, "Shared Dirtied Blocks": 0, "Shared Written Blocks": 0, "Local Hit Blocks": 0, "Local Read Blocks": 0, "Local Dirtied Blocks": 0, "Local Written Blocks": 0, "Temp Read Blocks": 0, "Temp Written Blocks": 0, "I/O Read Time": 12.512, "I/O Write Time": 0.0, "Plans": [{"Node Type": "Index Scan", "Parent Relationship": "Outer", "Parallel Aware": false, "Scan Direction": "Forward", "Index Name": "d_date_sk_idx", "Relation Name": "date_dim", "Schema": "public", "Alias": "date_dim", "Startup Cost": 0.29, "Total Cost": 3312.03, "Plan Rows": 73049, "Plan Width": 12, "Actual Startup Time": 1.028, "Actual Total Time": 21.142, "Actual Rows": 35935, "Actual Loops": 1, "Output": ["date_dim.d_date_sk", "date_dim.d_date_id", "date_dim.d_date", "date_dim.d_month_seq", "date_dim.d_week_seq", "date_dim.d_quarter_seq", "date_dim.d_year", "date_dim.d_dow", "date_dim.d_moy", "date_dim.d_dom", "date_dim.d_qoy", "date_dim.d_fy_year", "date_dim.d_fy_quarter_seq", "date_dim.d_fy_week_seq", "date_dim.d_day_name", "date_dim.d_quarter_name", "date_dim.d_holiday", "date_dim.d_weekend", "date_dim.d_following_holiday", "date_dim.d_first_dom", "date_dim.d_last_dom", "date_dim.d_same_day_ly", "date_dim.d_same_day_lq", "date_dim.d_current_day", "date_dim.d_current_week", "date_dim.d_current_month", "date_dim.d_current_quarter", "date_dim.d_current_year"], "Shared Hit Blocks": 0, "Shared Read Blocks": 792, "Shared Dirtied Blocks": 0, "Shared Written Blocks": 0, "Local Hit Blocks": 0, "Local Read Blocks": 0, "Local Dirtied Blocks": 0, "Local Written Blocks": 0, "Temp Read Blocks": 0, "Temp Written Blocks": 0, "I/O Read Time": 11.531, "I/O Write Time": 0.0, "parent": "Merge Join"}, {"Node Type": "Sort", "Parent Relationship": "Inner", "Parallel Aware": false, "Startup Cost": 23.34, "Total Cost": 24.09, "Plan Rows": 300, "Plan Width": 4, "Actual Startup Time": 1.159, "Actual Total Time": 1.188, "Actual Rows": 295, "Actual Loops": 1, "Output": ["promotion.p_end_date_sk"], "Sort Key": ["promotion.p_end_date_sk"], "Sort Method": "quicksort", "Sort Space Used": 41, "Sort Space Type": "Memory", "Shared Hit Blocks": 0, "Shared Read Blocks": 8, "Shared Dirtied Blocks": 0, "Shared Written Blocks": 0, "Local Hit Blocks": 0, "Local Read Blocks": 0, "Local Dirtied Blocks": 0, "Local Written Blocks": 0, "Temp Read Blocks": 0, "Temp Written Blocks": 0, "I/O Read Time": 0.981, "I/O Write Time": 0.0, "Plans": [{"Node Type": "Seq Scan", "Parent Relationship": "Outer", "Parallel Aware": false, "Relation Name": "promotion", "Schema": "public", "Alias": "promotion", "Startup Cost": 0.0, "Total Cost": 11.0, "Plan Rows": 300, "Plan Width": 4, "Actual Startup Time": 0.493, "Actual Total Time": 1.049, "Actual Rows": 300, "Actual Loops": 1, "Output": ["promotion.p_end_date_sk"], "Shared Hit Blocks": 0, "Shared Read Blocks": 8, "Shared Dirtied Blocks": 0, "Shared Written Blocks": 0, "Local Hit Blocks": 0, "Local Read Blocks": 0, "Local Dirtied Blocks": 0, "Local Written Blocks": 0, "Temp Read Blocks": 0, "Temp Written Blocks": 0, "I/O Read Time": 0.981, "I/O Write Time": 0.0, "parent": "Sort"}], "parent": "Merge Join"}], "parent": "Sort"}], "parent": "Aggregate"}], "parent": "None"}, "Planning": {"Shared Hit Blocks": 142, "Shared Read Blocks": 21, "Shared Dirtied Blocks": 0, "Shared Written Blocks": 0, "Local Hit Blocks": 0, "Local Read Blocks": 0, "Local Dirtied Blocks": 0, "Local Written Blocks": 0, "Temp Read Blocks": 0, "Temp Written Blocks": 0, "I/O Read Time": 7.056, "I/O Write Time": 0.0}, "Planning Time": 8.288, "Triggers": [], "Execution Time": 28.854}, "config": {}}
{"query": "EXPLAIN (ANALYZE, COSTS, BUFFERS, VERBOSE, FORMAT JSON) select promotion.p_item_sk, date_dim.d_dow,  sum(date_dim.d_last_dom) from date_dim join promotion on promotion.p_end_date_sk=date_dim.d_date_sk group by promotion.p_item_sk, date_dim.d_dow;", "planinfo": {"Plan": {"Node Type": "Aggregate", "Strategy": "Sorted", "Partial Mode": "Simple", "Parallel Aware": false, "Startup Cost": 1776.57, "Total Cost": 1782.57, "Plan Rows": 300, "Plan Width": 16, "Actual Startup Time": 28.732, "Actual Total Time": 28.909, "Actual Rows": 294, "Actual Loops": 1, "Output": ["promotion.p_item_sk", "date_dim.d_dow", "sum(date_dim.d_last_dom)"], "Group Key": ["promotion.p_item_sk", "date_dim.d_dow"], "Shared Hit Blocks": 0, "Shared Read Blocks": 800, "Shared Dirtied Blocks": 0, "Shared Written Blocks": 0, "Local Hit Blocks": 0, "Local Read Blocks": 0, "Local Dirtied Blocks": 0, "Local Written Blocks": 0, "Temp Read Blocks": 0, "Temp Written Blocks": 0, "I/O Read Time": 12.756, "I/O Write Time": 0.0, "Plans": [{"Node Type": "Sort", "Parent Relationship": "Outer", "Parallel Aware": false, "Startup Cost": 1776.57, "Total Cost": 1777.32, "Plan Rows": 300, "Plan Width": 12, "Actual Startup Time": 28.262, "Actual Total Time": 28.28, "Actual Rows": 294, "Actual Loops": 1, "Output": ["promotion.p_item_sk", "date_dim.d_dow", "date_dim.d_last_dom"], "Sort Key": ["promotion.p_item_sk", "date_dim.d_dow"], "Sort Method": "quicksort", "Sort Space Used": 41, "Sort Space Type": "Memory", "Shared Hit Blocks": 0, "Shared Read Blocks": 800, "Shared Dirtied Blocks": 0, "Shared Written Blocks": 0, "Local Hit Blocks": 0, "Local Read Blocks": 0, "Local Dirtied Blocks": 0, "Local Written Blocks": 0, "Temp Read Blocks": 0, "Temp Written Blocks": 0, "I/O Read Time": 12.756, "I/O Write Time": 0.0, "Plans": [{"Node Type": "Merge Join", "Parent Relationship": "Outer", "Parallel Aware": false, "Join Type": "Inner", "Startup Cost": 1721.23, "Total Cost": 1764.23, "Plan Rows": 300, "Plan Width": 12, "Actual Startup Time": 27.443, "Actual Total Time": 28.147, "Actual Rows": 294, "Actual Loops": 1, "Output": ["promotion.p_item_sk", "date_dim.d_dow", "date_dim.d_last_dom"], "Inner Unique": false, "Merge Cond": "(date_dim.d_date_sk = promotion.p_end_date_sk)", "Shared Hit Blocks": 0, "Shared Read Blocks": 800, "Shared Dirtied Blocks": 0, "Shared Written Blocks": 0, "Local Hit Blocks": 0, "Local Read Blocks": 0, "Local Dirtied Blocks": 0, "Local Written Blocks": 0, "Temp Read Blocks": 0, "Temp Written Blocks": 0, "I/O Read Time": 12.756, "I/O Write Time": 0.0, "Plans": [{"Node Type": "Index Scan", "Parent Relationship": "Outer", "Parallel Aware": false, "Scan Direction": "Forward", "Index Name": "d_date_sk_idx", "Relation Name": "date_dim", "Schema": "public", "Alias": "date_dim", "Startup Cost": 0.29, "Total Cost": 3312.03, "Plan Rows": 73049, "Plan Width": 12, "Actual Startup Time": 0.925, "Actual Total Time": 21.447, "Actual Rows": 35935, "Actual Loops": 1, "Output": ["date_dim.d_date_sk", "date_dim.d_date_id", "date_dim.d_date", "date_dim.d_month_seq", "date_dim.d_week_seq", "date_dim.d_quarter_seq", "date_dim.d_year", "date_dim.d_dow", "date_dim.d_moy", "date_dim.d_dom", "date_dim.d_qoy", "date_dim.d_fy_year", "date_dim.d_fy_quarter_seq", "date_dim.d_fy_week_seq", "date_dim.d_day_name", "date_dim.d_quarter_name", "date_dim.d_holiday", "date_dim.d_weekend", "date_dim.d_following_holiday", "date_dim.d_first_dom", "date_dim.d_last_dom", "date_dim.d_same_day_ly", "date_dim.d_same_day_lq", "date_dim.d_current_day", "date_dim.d_current_week", "date_dim.d_current_month", "date_dim.d_current_quarter", "date_dim.d_current_year"], "Shared Hit Blocks": 0, "Shared Read Blocks": 792, "Shared Dirtied Blocks": 0, "Shared Written Blocks": 0, "Local Hit Blocks": 0, "Local Read Blocks": 0, "Local Dirtied Blocks": 0, "Local Written Blocks": 0, "Temp Read Blocks": 0, "Temp Written Blocks": 0, "I/O Read Time": 11.771, "I/O Write Time": 0.0, "parent": "Merge Join"}, {"Node Type": "Sort", "Parent Relationship": "Inner", "Parallel Aware": false, "Startup Cost": 23.34, "Total Cost": 24.09, "Plan Rows": 300, "Plan Width": 8, "Actual Startup Time": 1.159, "Actual Total Time": 1.192, "Actual Rows": 295, "Actual Loops": 1, "Output": ["promotion.p_item_sk", "promotion.p_end_date_sk"], "Sort Key": ["promotion.p_end_date_sk"], "Sort Method": "quicksort", "Sort Space Used": 41, "Sort Space Type": "Memory", "Shared Hit Blocks": 0, "Shared Read Blocks": 8, "Shared Dirtied Blocks": 0, "Shared Written Blocks": 0, "Local Hit Blocks": 0, "Local Read Blocks": 0, "Local Dirtied Blocks": 0, "Local Written Blocks": 0, "Temp Read Blocks": 0, "Temp Written Blocks": 0, "I/O Read Time": 0.985, "I/O Write Time": 0.0, "Plans": [{"Node Type": "Seq Scan", "Parent Relationship": "Outer", "Parallel Aware": false, "Relation Name": "promotion", "Schema": "public", "Alias": "promotion", "Startup Cost": 0.0, "Total Cost": 11.0, "Plan Rows": 300, "Plan Width": 8, "Actual Startup Time": 0.462, "Actual Total Time": 1.055, "Actual Rows": 300, "Actual Loops": 1, "Output": ["promotion.p_item_sk", "promotion.p_end_date_sk"], "Shared Hit Blocks": 0, "Shared Read Blocks": 8, "Shared Dirtied Blocks": 0, "Shared Written Blocks": 0, "Local Hit Blocks": 0, "Local Read Blocks": 0, "Local Dirtied Blocks": 0, "Local Written Blocks": 0, "Temp Read Blocks": 0, "Temp Written Blocks": 0, "I/O Read Time": 0.985, "I/O Write Time": 0.0, "parent": "Sort"}], "parent": "Merge Join"}], "parent": "Sort"}], "parent": "Aggregate"}], "parent": "None"}, "Planning": {"Shared Hit Blocks": 140, "Shared Read Blocks": 20, "Shared Dirtied Blocks": 0, "Shared Written Blocks": 0, "Local Hit Blocks": 0, "Local Read Blocks": 0, "Local Dirtied Blocks": 0, "Local Written Blocks": 0, "Temp Read Blocks": 0, "Temp Written Blocks": 0, "I/O Read Time": 6.966, "I/O Write Time": 0.0}, "Planning Time": 8.249, "Triggers": [], "Execution Time": 29.082}, "config": {}}
{"query": "EXPLAIN (ANALYZE, COSTS, BUFFERS, VERBOSE, FORMAT JSON) select date_dim.d_first_dom, catalog_page.cp_start_date_sk,  max(date_dim.d_quarter_seq) from catalog_page join date_dim on date_dim.d_date_sk=catalog_page.cp_end_date_sk group by date_dim.d_first_dom, catalog_page.cp_start_date_sk;", "planinfo": {"Plan": {"Node Type": "Aggregate", "Strategy": "Hashed", "Partial Mode": "Simple", "Parallel Aware": false, "Startup Cost": 3254.36, "Total Cost": 3371.54, "Plan Rows": 11718, "Plan Width": 12, "Actual Startup Time": 44.349, "Actual Total Time": 44.429, "Actual Rows": 142, "Actual Loops": 1, "Output": ["date_dim.d_first_dom", "catalog_page.cp_start_date_sk", "max(date_dim.d_quarter_seq)"], "Group Key": ["date_dim.d_first_dom", "catalog_page.cp_start_date_sk"], "Planned Partitions": 0, "HashAgg Batches": 1, "Peak Memory Usage": 417, "Disk Usage": 0, "Shared Hit Blocks": 0, "Shared Read Blocks": 1082, "Shared Dirtied Blocks": 0, "Shared Written Blocks": 0, "Local Hit Blocks": 0, "Local Read Blocks": 0, "Local Dirtied Blocks": 0, "Local Written Blocks": 0, "Temp Read Blocks": 0, "Temp Written Blocks": 0, "I/O Read Time": 16.503, "I/O Write Time": 0.0, "Plans": [{"Node Type": "Merge Join", "Parent Relationship": "Outer", "Parallel Aware": false, "Join Type": "Inner", "Startup Cost": 2882.39, "Total Cost": 3166.48, "Plan Rows": 11718, "Plan Width": 12, "Actual Startup Time": 35.525, "Actual Total Time": 40.371, "Actual Rows": 11610, "Actual Loops": 1, "Output": ["date_dim.d_first_dom", "catalog_page.cp_start_date_sk", "date_dim.d_quarter_seq"], "Inner Unique": false, "Merge Cond": "(date_dim.d_date_sk = catalog_page.cp_end_date_sk)", "Shared Hit Blocks": 0, "Shared Read Blocks": 1082, "Shared Dirtied Blocks": 0, "Shared Written Blocks": 0, "Local Hit Blocks": 0, "Local Read Blocks": 0, "Local Dirtied Blocks": 0, "Local Written Blocks": 0, "Temp Read Blocks": 0, "Temp Written Blocks": 0, "I/O Read Time": 16.503, "I/O Write Time": 0.0, "Plans": [{"Node Type": "Index Scan", "Parent Relationship": "Outer", "Parallel Aware": false, "Scan Direction": "Forward", "Index Name": "d_date_sk_idx", "Relation Name": "date_dim", "Schema": "public", "Alias": "date_dim", "Startup Cost": 0.29, "Total Cost": 3312.03, "Plan Rows": 73049, "Plan Width": 12, "Actual Startup Time": 0.928, "Actual Total Time": 22.347, "Actual Rows": 38166, "Actual Loops": 1, "Output": ["date_dim.d_date_sk", "date_dim.d_date_id", "date_dim.d_date", "date_dim.d_month_seq", "date_dim.d_week_seq", "date_dim.d_quarter_seq", "date_dim.d_year", "date_dim.d_dow", "date_dim.d_moy", "date_dim.d_dom", "date_dim.d_qoy", "date_dim.d_fy_year", "date_dim.d_fy_quarter_seq", "date_dim.d_fy_week_seq", "date_dim.d_day_name", "date_dim.d_quarter_name", "date_dim.d_holiday", "date_dim.d_weekend", "date_dim.d_following_holiday", "date_dim.d_first_dom", "date_dim.d_last_dom", "date_dim.d_same_day_ly", "date_dim.d_same_day_lq", "date_dim.d_current_day", "date_dim.d_current_week", "date_dim.d_current_month", "date_dim.d_current_quarter", "date_dim.d_current_year"], "Shared Hit Blocks": 0, "Shared Read Blocks": 840, "Shared Dirtied Blocks": 0, "Shared Written Blocks": 0, "Local Hit Blocks": 0, "Local Read Blocks": 0, "Local Dirtied Blocks": 0, "Local Written Blocks": 0, "Temp Read Blocks": 0, "Temp Written Blocks": 0, "I/O Read Time": 12.336, "I/O Write Time": 0.0, "parent": "Merge Join"}, {"Node Type": "Sort", "Parent Relationship": "Inner", "Parallel Aware": false, "Startup Cost": 1151.11, "Total Cost": 1180.4, "Plan Rows": 11718, "Plan Width": 8, "Actual Startup Time": 9.039, "Actual Total Time": 9.703, "Actual Rows": 11611, "Actual Loops": 1, "Output": ["catalog_page.cp_start_date_sk", "catalog_page.cp_end_date_sk"], "Sort Key": ["catalog_page.cp_end_date_sk"], "Sort Method": "quicksort", "Sort Space Used": 1025, "Sort Space Type": "Memory", "Shared Hit Blocks": 0, "Shared Read Blocks": 242, "Shared Dirtied Blocks": 0, "Shared Written Blocks": 0, "Local Hit Blocks": 0, "Local Read Blocks": 0, "Local Dirtied Blocks": 0, "Local Written Blocks": 0, "Temp Read Blocks": 0, "Temp Written Blocks": 0, "I/O Read Time": 4.167, "I/O Write Time": 0.0, "Plans": [{"Node Type": "Seq Scan", "Parent Relationship": "Outer", "Parallel Aware": false, "Relation Name": "catalog_page", "Schema": "public", "Alias": "catalog_page", "Startup Cost": 0.0, "Total Cost": 359.18, "Plan Rows": 11718, "Plan Width": 8, "Actual Startup Time": 0.483, "Actual Total Time": 6.266, "Actual Rows": 11718, "Actual Loops": 1, "Output": ["catalog_page.cp_start_date_sk", "catalog_page.cp_end_date_sk"], "Shared Hit Blocks": 0, "Shared Read Blocks": 242, "Shared Dirtied Blocks": 0, "Shared Written Blocks": 0, "Local Hit Blocks": 0, "Local Read Blocks": 0, "Local Dirtied Blocks": 0, "Local Written Blocks": 0, "Temp Read Blocks": 0, "Temp Written Blocks": 0, "I/O Read Time": 4.167, "I/O Write Time": 0.0, "parent": "Sort"}], "parent": "Merge Join"}], "parent": "Aggregate"}], "parent": "None"}, "Planning": {"Shared Hit Blocks": 140, "Shared Read Blocks": 19, "Shared Dirtied Blocks": 0, "Shared Written Blocks": 0, "Local Hit Blocks": 0, "Local Read Blocks": 0, "Local Dirtied Blocks": 0, "Local Written Blocks": 0, "Temp Read Blocks": 0, "Temp Written Blocks": 0, "I/O Read Time": 6.396, "I/O Write Time": 0.0}, "Planning Time": 7.965, "Triggers": [], "Execution Time": 45.086}, "config": {}}
{"query": "EXPLAIN (ANALYZE, COSTS, BUFFERS, VERBOSE, FORMAT JSON) select date_dim.d_same_day_ly, catalog_page.cp_end_date_sk,  sum(date_dim.d_dow) from catalog_page join date_dim on date_dim.d_date_sk=catalog_page.cp_end_date_sk where date_dim.d_fy_quarter_seq <= 458 and catalog_page.cp_catalog_page_number >= 98 group by date_dim.d_same_day_ly, catalog_page.cp_end_date_sk;", "planinfo": {"Plan": {"Node Type": "Aggregate", "Strategy": "Hashed", "Partial Mode": "Simple", "Parallel Aware": false, "Startup Cost": 2362.98, "Total Cost": 2369.81, "Plan Rows": 683, "Plan Width": 16, "Actual Startup Time": 38.413, "Actual Total Time": 38.438, "Actual Rows": 96, "Actual Loops": 1, "Output": ["date_dim.d_same_day_ly", "catalog_page.cp_end_date_sk", "sum(date_dim.d_dow)"], "Group Key": ["date_dim.d_same_day_ly", "catalog_page.cp_end_date_sk"], "Planned Partitions": 0, "HashAgg Batches": 1, "Peak Memory Usage": 57, "Disk Usage": 0, "Shared Hit Blocks": 0, "Shared Read Blocks": 1078, "Shared Dirtied Blocks": 0, "Shared Written Blocks": 0, "Local Hit Blocks": 0, "Local Read Blocks": 0, "Local Dirtied Blocks": 0, "Local Written Blocks": 0, "Temp Read Blocks": 0, "Temp Written Blocks": 0, "I/O Read Time": 16.067, "I/O Write Time": 0.0, "Plans": [{"Node Type": "Merge Join", "Parent Relationship": "Outer", "Parallel Aware": false, "Join Type": "Inner", "Startup Cost": 2232.46, "Total Cost": 2357.86, "Plan Rows": 683, "Plan Width": 12, "Actual Startup Time": 35.592, "Actual Total Time": 37.445, "Actual Rows": 1171, "Actual Loops": 1, "Output": ["date_dim.d_same_day_ly", "catalog_page.cp_end_date_sk", "date_dim.d_dow"], "Inner Unique": false, "Merge Cond": "(date_dim.d_date_sk = catalog_page.cp_end_date_sk)", "Shared Hit Blocks": 0, "Shared Read Blocks": 1078, "Shared Dirtied Blocks": 0, "Shared Written Blocks": 0, "Local Hit Blocks": 0, "Local Read Blocks": 0, "Local Dirtied Blocks": 0, "Local Written Blocks": 0, "Temp Read Blocks": 0, "Temp Written Blocks": 0, "I/O Read Time": 16.067, "I/O Write Time": 0.0, "Plans": [{"Node Type": "Index Scan", "Parent Relationship": "Outer", "Parallel Aware": false, "Scan Direction": "Forward", "Index Name": "d_date_sk_idx", "Relation Name": "date_dim", "Schema": "public", "Alias": "date_dim", "Startup Cost": 0.29, "Total Cost": 3494.65, "Plan Rows": 41971, "Plan Width": 12, "Actual Startup Time": 0.926, "Actual Total Time": 24.924, "Actual Rows": 37983, "Actual Loops": 1, "Output": ["date_dim.d_date_sk", "date_dim.d_date_id", "date_dim.d_date", "date_dim.d_month_seq", "date_dim.d_week_seq", "date_dim.d_quarter_seq", "date_dim.d_year", "date_dim.d_dow", "date_dim.d_moy", "date_dim.d_dom", "date_dim.d_qoy", "date_dim.d_fy_year", "date_dim.d_fy_quarter_seq", "date_dim.d_fy_week_seq", "date_dim.d_day_name", "date_dim.d_quarter_name", "date_dim.d_holiday", "date_dim.d_weekend", "date_dim.d_following_holiday", "date_dim.d_first_dom", "date_dim.d_last_dom", "date_dim.d_same_day_ly", "date_dim.d_same_day_lq", "date_dim.d_current_day", "date_dim.d_current_week", "date_dim.d_current_month", "date_dim.d_current_quarter", "date_dim.d_current_year"], "Filter": "(date_dim.d_fy_quarter_seq <= 458)", "Rows Removed by Filter": 0, "Shared Hit Blocks": 0, "Shared Read Blocks": 836, "Shared Dirtied Blocks": 0, "Shared Written Blocks": 0, "Local Hit Blocks": 0, "Local Read Blocks": 0, "Local Dirtied Blocks": 0, "Local Written Blocks": 0, "Temp Read Blocks": 0, "Temp Written Blocks": 0, "I/O Read Time": 10.785, "I/O Write Time": 0.0, "parent": "Merge Join"}, {"Node Type": "Sort", "Parent Relationship": "Inner", "Parallel Aware": false, "Startup Cost": 449.21, "Total Cost": 452.18, "Plan Rows": 1189, "Plan Width": 4, "Actual Startup Time": 7.5, "Actual Total Time": 7.583, "Actual Rows": 1172, "Actual Loops": 1, "Output": ["catalog_page.cp_end_date_sk"], "Sort Key": ["catalog_page.cp_end_date_sk"], "Sort Method": "quicksort", "Sort Space Used": 113, "Sort Space Type": "Memory", "Shared Hit Blocks": 0, "Shared Read Blocks": 242, "Shared Dirtied Blocks": 0, "Shared Written Blocks": 0, "Local Hit Blocks": 0, "Local Read Blocks": 0, "Local Dirtied Blocks": 0, "Local Written Blocks": 0, "Temp Read Blocks": 0, "Temp Written Blocks": 0, "I/O Read Time": 5.282, "I/O Write Time": 0.0, "Plans": [{"Node Type": "Seq Scan", "Parent Relationship": "Outer", "Parallel Aware": false, "Relation Name": "catalog_page", "Schema": "public", "Alias": "catalog_page", "Startup Cost": 0.0, "Total Cost": 388.48, "Plan Rows": 1189, "Plan Width": 4, "Actual Startup Time": 0.935, "Actual Total Time": 7.168, "Actual Rows": 1175, "Actual Loops": 1, "Output": ["catalog_page.cp_end_date_sk"], "Filter": "(catalog_page.cp_catalog_page_number >= 98)", "Rows Removed by Filter": 10543, "Shared Hit Blocks": 0, "Shared Read Blocks": 242, "Shared Dirtied Blocks": 0, "Shared Written Blocks": 0, "Local Hit Blocks": 0, "Local Read Blocks": 0, "Local Dirtied Blocks": 0, "Local Written Blocks": 0, "Temp Read Blocks": 0, "Temp Written Blocks": 0, "I/O Read Time": 5.282, "I/O Write Time": 0.0, "parent": "Sort"}], "parent": "Merge Join"}], "parent": "Aggregate"}], "parent": "None"}, "Planning": {"Shared Hit Blocks": 144, "Shared Read Blocks": 18, "Shared Dirtied Blocks": 0, "Shared Written Blocks": 0, "Local Hit Blocks": 0, "Local Read Blocks": 0, "Local Dirtied Blocks": 0, "Local Written Blocks": 0, "Temp Read Blocks": 0, "Temp Written Blocks": 0, "I/O Read Time": 7.056, "I/O Write Time": 0.0}, "Planning Time": 9.43, "Triggers": [], "Execution Time": 38.645}, "config": {}}
{"query": "EXPLAIN (ANALYZE, COSTS, BUFFERS, VERBOSE, FORMAT JSON) select date_dim.d_week_seq, catalog_page.cp_start_date_sk,  max(catalog_page.cp_catalog_page_number) from catalog_page join date_dim on date_dim.d_date_sk=catalog_page.cp_end_date_sk group by date_dim.d_week_seq, catalog_page.cp_start_date_sk order by catalog_page.cp_start_date_sk ASC, date_dim.d_week_seq ASC;", "planinfo": {"Plan": {"Node Type": "Aggregate", "Strategy": "Sorted", "Partial Mode": "Simple", "Parallel Aware": false, "Startup Cost": 3958.41, "Total Cost": 4192.77, "Plan Rows": 11718, "Plan Width": 12, "Actual Startup Time": 44.081, "Actual Total Time": 47.187, "Actual Rows": 144, "Actual Loops": 1, "Output": ["date_dim.d_week_seq", "catalog_page.cp_start_date_sk", "max(catalog_page.cp_catalog_page_number)"], "Group Key": ["catalog_page.cp_start_date_sk", "date_dim.d_week_seq"], "Shared Hit Blocks": 0, "Shared Read Blocks": 1082, "Shared Dirtied Blocks": 0, "Shared Written Blocks": 0, "Local Hit Blocks": 0, "Local Read Blocks": 0, "Local Dirtied Blocks": 0, "Local Written Blocks": 0, "Temp Read Blocks": 0, "Temp Written Blocks": 0, "I/O Read Time": 15.946, "I/O Write Time": 0.0, "Plans": [{"Node Type": "Sort", "Parent Relationship": "Outer", "Parallel Aware": false, "Startup Cost": 3958.41, "Total Cost": 3987.7, "Plan Rows": 11718, "Plan Width": 12, "Actual Startup Time": 44.043, "Actual Total Time": 44.662, "Actual Rows": 11610, "Actual Loops": 1, "Output": ["date_dim.d_week_seq", "catalog_page.cp_start_date_sk", "catalog_page.cp_catalog_page_number"], "Sort Key": ["catalog_page.cp_start_date_sk", "date_dim.d_week_seq"], "Sort Method": "quicksort", "Sort Space Used": 1019, "Sort Space Type": "Memory", "Shared Hit Blocks": 0, "Shared Read Blocks": 1082, "Shared Dirtied Blocks": 0, "Shared Written Blocks": 0, "Local Hit Blocks": 0, "Local Read Blocks": 0, "Local Dirtied Blocks": 0, "Local Written Blocks": 0, "Temp Read Blocks": 0, "Temp Written Blocks": 0, "I/O Read Time": 15.946, "I/O Write Time": 0.0, "Plans": [{"Node Type": "Merge Join", "Parent Relationship": "Outer", "Parallel Aware": false, "Join Type": "Inner", "Startup Cost": 2882.39, "Total Cost": 3166.48, "Plan Rows": 11718, "Plan Width": 12, "Actual Startup Time": 35.754, "Actual Total Time": 40.507, "Actual Rows": 11610, "Actual Loops": 1, "Output": ["date_dim.d_week_seq", "catalog_page.cp_start_date_sk", "catalog_page.cp_catalog_page_number"], "Inner Unique": false, "Merge Cond": "(date_dim.d_date_sk = catalog_page.cp_end_date_sk)", "Shared Hit Blocks": 0, "Shared Read Blocks": 1082, "Shared Dirtied Blocks": 0, "Shared Written Blocks": 0, "Local Hit Blocks": 0, "Local Read Blocks": 0, "Local Dirtied Blocks": 0, "Local Written Blocks": 0, "Temp Read Blocks": 0, "Temp Written Blocks": 0, "I/O Read Time": 15.946, "I/O Write Time": 0.0, "Plans": [{"Node Type": "Index Scan", "Parent Relationship": "Outer", "Parallel Aware": false, "Scan Direction": "Forward", "Index Name": "d_date_sk_idx", "Relation Name": "date_dim", "Schema": "public", "Alias": "date_dim", "Startup Cost": 0.29, "Total Cost": 3312.03, "Plan Rows": 73049, "Plan Width": 8, "Actual Startup Time": 0.971, "Actual Total Time": 21.959, "Actual Rows": 38166, "Actual Loops": 1, "Output": ["date_dim.d_date_sk", "date_dim.d_date_id", "date_dim.d_date", "date_dim.d_month_seq", "date_dim.d_week_seq", "date_dim.d_quarter_seq", "date_dim.d_year", "date_dim.d_dow", "date_dim.d_moy", "date_dim.d_dom", "date_dim.d_qoy", "date_dim.d_fy_year", "date_dim.d_fy_quarter_seq", "date_dim.d_fy_week_seq", "date_dim.d_day_name", "date_dim.d_quarter_name", "date_dim.d_holiday", "date_dim.d_weekend", "date_dim.d_following_holiday", "date_dim.d_first_dom", "date_dim.d_last_dom", "date_dim.d_same_day_ly", "date_dim.d_same_day_lq", "date_dim.d_current_day", "date_dim.d_current_week", "date_dim.d_current_month", "date_dim.d_current_quarter", "date_dim.d_current_year"], "Shared Hit Blocks": 0, "Shared Read Blocks": 840, "Shared Dirtied Blocks": 0, "Shared Written Blocks": 0, "Local Hit Blocks": 0, "Local Read Blocks": 0, "Local Dirtied Blocks": 0, "Local Written Blocks": 0, "Temp Read Blocks": 0, "Temp Written Blocks": 0, "I/O Read Time": 11.57, "I/O Write Time": 0.0, "parent": "Merge Join"}, {"Node Type": "Sort", "Parent Relationship": "Inner", "Parallel Aware": false, "Startup Cost": 1151.11, "Total Cost": 1180.4, "Plan Rows": 11718, "Plan Width": 12, "Actual Startup Time": 9.623, "Actual Total Time": 10.295, "Actual Rows": 11611, "Actual Loops": 1, "Output": ["catalog_page.cp_start_date_sk", "catalog_page.cp_catalog_page_number", "catalog_page.cp_end_date_sk"], "Sort Key": ["catalog_page.cp_end_date_sk"], "Sort Method": "quicksort", "Sort Space Used": 1025, "Sort Space Type": "Memory", "Shared Hit Blocks": 0, "Shared Read Blocks": 242, "Shared Dirtied Blocks": 0, "Shared Written Blocks": 0, "Local Hit Blocks": 0, "Local Read Blocks": 0, "Local Dirtied Blocks": 0, "Local Written Blocks": 0, "Temp Read Blocks": 0, "Temp Written Blocks": 0, "I/O Read Time": 4.376, "I/O Write Time": 0.0, "Plans": [{"Node Type": "Seq Scan", "Parent Relationship": "Outer", "Parallel Aware": false, "Relation Name": "catalog_page", "Schema": "public", "Alias": "catalog_page", "Startup Cost": 0.0, "Total Cost": 359.18, "Plan Rows": 11718, "Plan Width": 12, "Actual Startup Time": 0.593, "Actual Total Time": 6.745, "Actual Rows": 11718, "Actual Loops": 1, "Output": ["catalog_page.cp_start_date_sk", "catalog_page.cp_catalog_page_number", "catalog_page.cp_end_date_sk"], "Shared Hit Blocks": 0, "Shared Read Blocks": 242, "Shared Dirtied Blocks": 0, "Shared Written Blocks": 0, "Local Hit Blocks": 0, "Local Read Blocks": 0, "Local Dirtied Blocks": 0, "Local Written Blocks": 0, "Temp Read Blocks": 0, "Temp Written Blocks": 0, "I/O Read Time": 4.376, "I/O Write Time": 0.0, "parent": "Sort"}], "parent": "Merge Join"}], "parent": "Sort"}], "parent": "Aggregate"}], "parent": "None"}, "Planning": {"Shared Hit Blocks": 141, "Shared Read Blocks": 18, "Shared Dirtied Blocks": 0, "Shared Written Blocks": 0, "Local Hit Blocks": 0, "Local Read Blocks": 0, "Local Dirtied Blocks": 0, "Local Written Blocks": 0, "Temp Read Blocks": 0, "Temp Written Blocks": 0, "I/O Read Time": 5.886, "I/O Write Time": 0.0}, "Planning Time": 7.132, "Triggers": [], "Execution Time": 47.828}, "config": {}}
{"query": "EXPLAIN (ANALYZE, COSTS, BUFFERS, VERBOSE, FORMAT JSON) select date_dim.d_dom, promotion.p_item_sk,  max(date_dim.d_fy_quarter_seq) from promotion join date_dim on date_dim.d_date_sk=promotion.p_end_date_sk where date_dim.d_month_seq < 2039 group by date_dim.d_dom, promotion.p_item_sk order by promotion.p_item_sk DESC;", "planinfo": {"Plan": {"Node Type": "Aggregate", "Strategy": "Sorted", "Partial Mode": "Simple", "Parallel Aware": false, "Startup Cost": 1851.21, "Total Cost": 1856.31, "Plan Rows": 255, "Plan Width": 12, "Actual Startup Time": 28.581, "Actual Total Time": 28.761, "Actual Rows": 294, "Actual Loops": 1, "Output": ["date_dim.d_dom", "promotion.p_item_sk", "max(date_dim.d_fy_quarter_seq)"], "Group Key": ["promotion.p_item_sk", "date_dim.d_dom"], "Shared Hit Blocks": 0, "Shared Read Blocks": 800, "Shared Dirtied Blocks": 0, "Shared Written Blocks": 0, "Local Hit Blocks": 0, "Local Read Blocks": 0, "Local Dirtied Blocks": 0, "Local Written Blocks": 0, "Temp Read Blocks": 0, "Temp Written Blocks": 0, "I/O Read Time": 11.407, "I/O Write Time": 0.0, "Plans": [{"Node Type": "Sort", "Parent Relationship": "Outer", "Parallel Aware": false, "Startup Cost": 1851.21, "Total Cost": 1851.85, "Plan Rows": 255, "Plan Width": 12, "Actual Startup Time": 28.572, "Actual Total Time": 28.593, "Actual Rows": 294, "Actual Loops": 1, "Output": ["date_dim.d_dom", "promotion.p_item_sk", "date_dim.d_fy_quarter_seq"], "Sort Key": ["promotion.p_item_sk DESC", "date_dim.d_dom"], "Sort Method": "quicksort", "Sort Space Used": 41, "Sort Space Type": "Memory", "Shared Hit Blocks": 0, "Shared Read Blocks": 800, "Shared Dirtied Blocks": 0, "Shared Written Blocks": 0, "Local Hit Blocks": 0, "Local Read Blocks": 0, "Local Dirtied Blocks": 0, "Local Written Blocks": 0, "Temp Read Blocks": 0, "Temp Written Blocks": 0, "I/O Read Time": 11.407, "I/O Write Time": 0.0, "Plans": [{"Node Type": "Merge Join", "Parent Relationship": "Outer", "Parallel Aware": false, "Join Type": "Inner", "Startup Cost": 1796.74, "Total Cost": 1841.02, "Plan Rows": 255, "Plan Width": 12, "Actual Startup Time": 27.682, "Actual Total Time": 28.445, "Actual Rows": 294, "Actual Loops": 1, "Output": ["date_dim.d_dom", "promotion.p_item_sk", "date_dim.d_fy_quarter_seq"], "Inner Unique": false, "Merge Cond": "(date_dim.d_date_sk = promotion.p_end_date_sk)", "Shared Hit Blocks": 0, "Shared Read Blocks": 800, "Shared Dirtied Blocks": 0, "Shared Written Blocks": 0, "Local Hit Blocks": 0, "Local Read Blocks": 0, "Local Dirtied Blocks": 0, "Local Written Blocks": 0, "Temp Read Blocks": 0, "Temp Written Blocks": 0, "I/O Read Time": 11.407, "I/O Write Time": 0.0, "Plans": [{"Node Type": "Index Scan", "Parent Relationship": "Outer", "Parallel Aware": false, "Scan Direction": "Forward", "Index Name": "d_date_sk_idx", "Relation Name": "date_dim", "Schema": "public", "Alias": "date_dim", "Startup Cost": 0.29, "Total Cost": 3494.65, "Plan Rows": 62168, "Plan Width": 12, "Actual Startup Time": 0.932, "Actual Total Time": 22.411, "Actual Rows": 35935, "Actual Loops": 1, "Output": ["date_dim.d_date_sk", "date_dim.d_date_id", "date_dim.d_date", "date_dim.d_month_seq", "date_dim.d_week_seq", "date_dim.d_quarter_seq", "date_dim.d_year", "date_dim.d_dow", "date_dim.d_moy", "date_dim.d_dom", "date_dim.d_qoy", "date_dim.d_fy_year", "date_dim.d_fy_quarter_seq", "date_dim.d_fy_week_seq", "date_dim.d_day_name", "date_dim.d_quarter_name", "date_dim.d_holiday", "date_dim.d_weekend", "date_dim.d_following_holiday", "date_dim.d_first_dom", "date_dim.d_last_dom", "date_dim.d_same_day_ly", "date_dim.d_same_day_lq", "date_dim.d_current_day", "date_dim.d_current_week", "date_dim.d_current_month", "date_dim.d_current_quarter", "date_dim.d_current_year"], "Filter": "(date_dim.d_month_seq < 2039)", "Rows Removed by Filter": 0, "Shared Hit Blocks": 0, "Shared Read Blocks": 792, "Shared Dirtied Blocks": 0, "Shared Written Blocks": 0, "Local Hit Blocks": 0, "Local Read Blocks": 0, "Local Dirtied Blocks": 0, "Local Written Blocks": 0, "Temp Read Blocks": 0, "Temp Written Blocks": 0, "I/O Read Time": 10.348, "I/O Write Time": 0.0, "parent": "Merge Join"}, {"Node Type": "Sort", "Parent Relationship": "Inner", "Parallel Aware": false, "Startup Cost": 23.34, "Total Cost": 24.09, "Plan Rows": 300, "Plan Width": 8, "Actual Startup Time": 1.232, "Actual Total Time": 1.269, "Actual Rows": 295, "Actual Loops": 1, "Output": ["promotion.p_item_sk", "promotion.p_end_date_sk"], "Sort Key": ["promotion.p_end_date_sk"], "Sort Method": "quicksort", "Sort Space Used": 41, "Sort Space Type": "Memory", "Shared Hit Blocks": 0, "Shared Read Blocks": 8, "Shared Dirtied Blocks": 0, "Shared Written Blocks": 0, "Local Hit Blocks": 0, "Local Read Blocks": 0, "Local Dirtied Blocks": 0, "Local Written Blocks": 0, "Temp Read Blocks": 0, "Temp Written Blocks": 0, "I/O Read Time": 1.06, "I/O Write Time": 0.0, "Plans": [{"Node Type": "Seq Scan", "Parent Relationship": "Outer", "Parallel Aware": false, "Relation Name": "promotion", "Schema": "public", "Alias": "promotion", "Startup Cost": 0.0, "Total Cost": 11.0, "Plan Rows": 300, "Plan Width": 8, "Actual Startup Time": 0.453, "Actual Total Time": 1.132, "Actual Rows": 300, "Actual Loops": 1, "Output": ["promotion.p_item_sk", "promotion.p_end_date_sk"], "Shared Hit Blocks": 0, "Shared Read Blocks": 8, "Shared Dirtied Blocks": 0, "Shared Written Blocks": 0, "Local Hit Blocks": 0, "Local Read Blocks": 0, "Local Dirtied Blocks": 0, "Local Written Blocks": 0, "Temp Read Blocks": 0, "Temp Written Blocks": 0, "I/O Read Time": 1.06, "I/O Write Time": 0.0, "parent": "Sort"}], "parent": "Merge Join"}], "parent": "Sort"}], "parent": "Aggregate"}], "parent": "None"}, "Planning": {"Shared Hit Blocks": 143, "Shared Read Blocks": 21, "Shared Dirtied Blocks": 0, "Shared Written Blocks": 0, "Local Hit Blocks": 0, "Local Read Blocks": 0, "Local Dirtied Blocks": 0, "Local Written Blocks": 0, "Temp Read Blocks": 0, "Temp Written Blocks": 0, "I/O Read Time": 7.515, "I/O Write Time": 0.0}, "Planning Time": 10.473, "Triggers": [], "Execution Time": 28.956}, "config": {}}
{"query": "EXPLAIN (ANALYZE, COSTS, BUFFERS, VERBOSE, FORMAT JSON) select date_dim.d_first_dom, catalog_page.cp_end_date_sk,  min(catalog_page.cp_catalog_page_number) from catalog_page join date_dim on date_dim.d_date_sk=catalog_page.cp_end_date_sk group by date_dim.d_first_dom, catalog_page.cp_end_date_sk order by catalog_page.cp_end_date_sk DESC, date_dim.d_first_dom DESC;", "planinfo": {"Plan": {"Node Type": "Aggregate", "Strategy": "Sorted", "Partial Mode": "Simple", "Parallel Aware": false, "Startup Cost": 2805.95, "Total Cost": 3821.84, "Plan Rows": 11718, "Plan Width": 12, "Actual Startup Time": 377.066, "Actual Total Time": 409.727, "Actual Rows": 97, "Actual Loops": 1, "Output": ["date_dim.d_first_dom", "catalog_page.cp_end_date_sk", "min(catalog_page.cp_catalog_page_number)"], "Group Key": ["catalog_page.cp_end_date_sk", "date_dim.d_first_dom"], "Shared Hit Blocks": 102, "Shared Read Blocks": 1063, "Shared Dirtied Blocks": 0, "Shared Written Blocks": 0, "Local Hit Blocks": 0, "Local Read Blocks": 0, "Local Dirtied Blocks": 0, "Local Written Blocks": 0, "Temp Read Blocks": 0, "Temp Written Blocks": 0, "I/O Read Time": 378.614, "I/O Write Time": 0.0, "Plans": [{"Node Type": "Incremental Sort", "Parent Relationship": "Outer", "Parallel Aware": false, "Startup Cost": 2805.95, "Total Cost": 3616.77, "Plan Rows": 11718, "Plan Width": 12, "Actual Startup Time": 376.92, "Actual Total Time": 407.333, "Actual Rows": 11610, "Actual Loops": 1, "Output": ["date_dim.d_first_dom", "catalog_page.cp_end_date_sk", "catalog_page.cp_catalog_page_number"], "Sort Key": ["catalog_page.cp_end_date_sk DESC", "date_dim.d_first_dom DESC"], "Presorted Key": ["catalog_page.cp_end_date_sk"], "Full-sort Groups": {"Group Count": 97, "Sort Methods Used": ["quicksort"], "Sort Space Memory": {"Average Sort Space Used": 27, "Peak Sort Space Used": 27}}, "Pre-sorted Groups": {"Group Count": 96, "Sort Methods Used": ["quicksort"], "Sort Space Memory": {"Average Sort Space Used": 36, "Peak Sort Space Used": 36}}, "Shared Hit Blocks": 102, "Shared Read Blocks": 1063, "Shared Dirtied Blocks": 0, "Shared Written Blocks": 0, "Local Hit Blocks": 0, "Local Read Blocks": 0, "Local Dirtied Blocks": 0, "Local Written Blocks": 0, "Temp Read Blocks": 0, "Temp Written Blocks": 0, "I/O Read Time": 378.614, "I/O Write Time": 0.0, "Plans": [{"Node Type": "Merge Join", "Parent Relationship": "Outer", "Parallel Aware": false, "Join Type": "Inner", "Startup Cost": 2805.91, "Total Cost": 3089.46, "Plan Rows": 11718, "Plan Width": 12, "Actual Startup Time": 374.871, "Actual Total Time": 403.098, "Actual Rows": 11610, "Actual Loops": 1, "Output": ["date_dim.d_first_dom", "catalog_page.cp_end_date_sk", "catalog_page.cp_catalog_page_number"], "Inner Unique": false, "Merge Cond": "(date_dim.d_date_sk = catalog_page.cp_end_date_sk)", "Shared Hit Blocks": 102, "Shared Read Blocks": 1063, "Shared Dirtied Blocks": 0, "Shared Written Blocks": 0, "Local Hit Blocks": 0, "Local Read Blocks": 0, "Local Dirtied Blocks": 0, "Local Written Blocks": 0, "Temp Read Blocks": 0, "Temp Written Blocks": 0, "I/O Read Time": 378.614, "I/O Write Time": 0.0, "Plans": [{"Node Type": "Index Scan", "Parent Relationship": "Outer", "Parallel Aware": false, "Scan Direction": "Backward", "Index Name": "d_date_sk_idx", "Relation Name": "date_dim", "Schema": "public", "Alias": "date_dim", "Startup Cost": 0.29, "Total Cost": 3312.03, "Plan Rows": 73049, "Plan Width": 8, "Actual Startup Time": 1.347, "Actual Total Time": 385.01, "Actual Rows": 37228, "Actual Loops": 1, "Output": ["date_dim.d_date_sk", "date_dim.d_date_id", "date_dim.d_date", "date_dim.d_month_seq", "date_dim.d_week_seq", "date_dim.d_quarter_seq", "date_dim.d_year", "date_dim.d_dow", "date_dim.d_moy", "date_dim.d_dom", "date_dim.d_qoy", "date_dim.d_fy_year", "date_dim.d_fy_quarter_seq", "date_dim.d_fy_week_seq", "date_dim.d_day_name", "date_dim.d_quarter_name", "date_dim.d_holiday", "date_dim.d_weekend", "date_dim.d_following_holiday", "date_dim.d_first_dom", "date_dim.d_last_dom", "date_dim.d_same_day_ly", "date_dim.d_same_day_lq", "date_dim.d_current_day", "date_dim.d_current_week", "date_dim.d_current_month", "date_dim.d_current_quarter", "date_dim.d_current_year"], "Shared Hit Blocks": 102, "Shared Read Blocks": 821, "Shared Dirtied Blocks": 0, "Shared Written Blocks": 0, "Local Hit Blocks": 0, "Local Read Blocks": 0, "Local Dirtied Blocks": 0, "Local Written Blocks": 0, "Temp Read Blocks": 0, "Temp Written Blocks": 0, "I/O Read Time": 374.432, "I/O Write Time": 0.0, "parent": "Merge Join"}, {"Node Type": "Sort", "Parent Relationship": "Inner", "Parallel Aware": false, "Startup Cost": 1151.11, "Total Cost": 1180.4, "Plan Rows": 11718, "Plan Width": 8, "Actual Startup Time": 9.314, "Actual Total Time": 10.012, "Actual Rows": 11718, "Actual Loops": 1, "Output": ["catalog_page.cp_end_date_sk", "catalog_page.cp_catalog_page_number"], "Sort Key": ["catalog_page.cp_end_date_sk DESC"], "Sort Method": "quicksort", "Sort Space Used": 1024, "Sort Space Type": "Memory", "Shared Hit Blocks": 0, "Shared Read Blocks": 242, "Shared Dirtied Blocks": 0, "Shared Written Blocks": 0, "Local Hit Blocks": 0, "Local Read Blocks": 0, "Local Dirtied Blocks": 0, "Local Written Blocks": 0, "Temp Read Blocks": 0, "Temp Written Blocks": 0, "I/O Read Time": 4.182, "I/O Write Time": 0.0, "Plans": [{"Node Type": "Seq Scan", "Parent Relationship": "Outer", "Parallel Aware": false, "Relation Name": "catalog_page", "Schema": "public", "Alias": "catalog_page", "Startup Cost": 0.0, "Total Cost": 359.18, "Plan Rows": 11718, "Plan Width": 8, "Actual Startup Time": 0.56, "Actual Total Time": 6.435, "Actual Rows": 11718, "Actual Loops": 1, "Output": ["catalog_page.cp_end_date_sk", "catalog_page.cp_catalog_page_number"], "Shared Hit Blocks": 0, "Shared Read Blocks": 242, "Shared Dirtied Blocks": 0, "Shared Written Blocks": 0, "Local Hit Blocks": 0, "Local Read Blocks": 0, "Local Dirtied Blocks": 0, "Local Written Blocks": 0, "Temp Read Blocks": 0, "Temp Written Blocks": 0, "I/O Read Time": 4.182, "I/O Write Time": 0.0, "parent": "Sort"}], "parent": "Merge Join"}], "parent": "Incremental Sort"}], "parent": "Aggregate"}], "parent": "None"}, "Planning": {"Shared Hit Blocks": 153, "Shared Read Blocks": 19, "Shared Dirtied Blocks": 0, "Shared Written Blocks": 0, "Local Hit Blocks": 0, "Local Read Blocks": 0, "Local Dirtied Blocks": 0, "Local Written Blocks": 0, "Temp Read Blocks": 0, "Temp Written Blocks": 0, "I/O Read Time": 7.002, "I/O Write Time": 0.0}, "Planning Time": 8.373, "Triggers": [], "Execution Time": 410.174}, "config": {}}
{"query": "EXPLAIN (ANALYZE, COSTS, BUFFERS, VERBOSE, FORMAT JSON) select date_dim.d_year, promotion.p_start_date_sk,  max(date_dim.d_fy_quarter_seq) from promotion join date_dim on date_dim.d_date_sk=promotion.p_end_date_sk where date_dim.d_quarter_seq != 218 group by date_dim.d_year, promotion.p_start_date_sk order by promotion.p_start_date_sk DESC;", "planinfo": {"Plan": {"Node Type": "Aggregate", "Strategy": "Sorted", "Partial Mode": "Simple", "Parallel Aware": false, "Startup Cost": 1867.2, "Total Cost": 1873.2, "Plan Rows": 300, "Plan Width": 12, "Actual Startup Time": 28.602, "Actual Total Time": 28.77, "Actual Rows": 257, "Actual Loops": 1, "Output": ["date_dim.d_year", "promotion.p_start_date_sk", "max(date_dim.d_fy_quarter_seq)"], "Group Key": ["promotion.p_start_date_sk", "date_dim.d_year"], "Shared Hit Blocks": 0, "Shared Read Blocks": 800, "Shared Dirtied Blocks": 0, "Shared Written Blocks": 0, "Local Hit Blocks": 0, "Local Read Blocks": 0, "Local Dirtied Blocks": 0, "Local Written Blocks": 0, "Temp Read Blocks": 0, "Temp Written Blocks": 0, "I/O Read Time": 11.402, "I/O Write Time": 0.0, "Plans": [{"Node Type": "Sort", "Parent Relationship": "Outer", "Parallel Aware": false, "Startup Cost": 1867.2, "Total Cost": 1867.95, "Plan Rows": 300, "Plan Width": 12, "Actual Startup Time": 28.595, "Actual Total Time": 28.612, "Actual Rows": 294, "Actual Loops": 1, "Output": ["date_dim.d_year", "promotion.p_start_date_sk", "date_dim.d_fy_quarter_seq"], "Sort Key": ["promotion.p_start_date_sk DESC", "date_dim.d_year"], "Sort Method": "quicksort", "Sort Space Used": 41, "Sort Space Type": "Memory", "Shared Hit Blocks": 0, "Shared Read Blocks": 800, "Shared Dirtied Blocks": 0, "Shared Written Blocks": 0, "Local Hit Blocks": 0, "Local Read Blocks": 0, "Local Dirtied Blocks": 0, "Local Written Blocks": 0, "Temp Read Blocks": 0, "Temp Written Blocks": 0, "I/O Read Time": 11.402, "I/O Write Time": 0.0, "Plans": [{"Node Type": "Merge Join", "Parent Relationship": "Outer", "Parallel Aware": false, "Join Type": "Inner", "Startup Cost": 1809.85, "Total Cost": 1854.86, "Plan Rows": 300, "Plan Width": 12, "Actual Startup Time": 27.72, "Actual Total Time": 28.47, "Actual Rows": 294, "Actual Loops": 1, "Output": ["date_dim.d_year", "promotion.p_start_date_sk", "date_dim.d_fy_quarter_seq"], "Inner Unique": false, "Merge Cond": "(date_dim.d_date_sk = promotion.p_end_date_sk)", "Shared Hit Blocks": 0, "Shared Read Blocks": 800, "Shared Dirtied Blocks": 0, "Shared Written Blocks": 0, "Local Hit Blocks": 0, "Local Read Blocks": 0, "Local Dirtied Blocks": 0, "Local Written Blocks": 0, "Temp Read Blocks": 0, "Temp Written Blocks": 0, "I/O Read Time": 11.402, "I/O Write Time": 0.0, "Plans": [{"Node Type": "Index Scan", "Parent Relationship": "Outer", "Parallel Aware": false, "Scan Direction": "Forward", "Index Name": "d_date_sk_idx", "Relation Name": "date_dim", "Schema": "public", "Alias": "date_dim", "Startup Cost": 0.29, "Total Cost": 3494.65, "Plan Rows": 72958, "Plan Width": 12, "Actual Startup Time": 0.941, "Actual Total Time": 22.555, "Actual Rows": 35843, "Actual Loops": 1, "Output": ["date_dim.d_date_sk", "date_dim.d_date_id", "date_dim.d_date", "date_dim.d_month_seq", "date_dim.d_week_seq", "date_dim.d_quarter_seq", "date_dim.d_year", "date_dim.d_dow", "date_dim.d_moy", "date_dim.d_dom", "date_dim.d_qoy", "date_dim.d_fy_year", "date_dim.d_fy_quarter_seq", "date_dim.d_fy_week_seq", "date_dim.d_day_name", "date_dim.d_quarter_name", "date_dim.d_holiday", "date_dim.d_weekend", "date_dim.d_following_holiday", "date_dim.d_first_dom", "date_dim.d_last_dom", "date_dim.d_same_day_ly", "date_dim.d_same_day_lq", "date_dim.d_current_day", "date_dim.d_current_week", "date_dim.d_current_month", "date_dim.d_current_quarter", "date_dim.d_current_year"], "Filter": "(date_dim.d_quarter_seq <> 218)", "Rows Removed by Filter": 92, "Shared Hit Blocks": 0, "Shared Read Blocks": 792, "Shared Dirtied Blocks": 0, "Shared Written Blocks": 0, "Local Hit Blocks": 0, "Local Read Blocks": 0, "Local Dirtied Blocks": 0, "Local Written Blocks": 0, "Temp Read Blocks": 0, "Temp Written Blocks": 0, "I/O Read Time": 10.414, "I/O Write Time": 0.0, "parent": "Merge Join"}, {"Node Type": "Sort", "Parent Relationship": "Inner", "Parallel Aware": false, "Startup Cost": 23.34, "Total Cost": 24.09, "Plan Rows": 300, "Plan Width": 8, "Actual Startup Time": 1.158, "Actual Total Time": 1.199, "Actual Rows": 295, "Actual Loops": 1, "Output": ["promotion.p_start_date_sk", "promotion.p_end_date_sk"], "Sort Key": ["promotion.p_end_date_sk"], "Sort Method": "quicksort", "Sort Space Used": 41, "Sort Space Type": "Memory", "Shared Hit Blocks": 0, "Shared Read Blocks": 8, "Shared Dirtied Blocks": 0, "Shared Written Blocks": 0, "Local Hit Blocks": 0, "Local Read Blocks": 0, "Local Dirtied Blocks": 0, "Local Written Blocks": 0, "Temp Read Blocks": 0, "Temp Written Blocks": 0, "I/O Read Time": 0.988, "I/O Write Time": 0.0, "Plans": [{"Node Type": "Seq Scan", "Parent Relationship": "Outer", "Parallel Aware": false, "Relation Name": "promotion", "Schema": "public", "Alias": "promotion", "Startup Cost": 0.0, "Total Cost": 11.0, "Plan Rows": 300, "Plan Width": 8, "Actual Startup Time": 0.469, "Actual Total Time": 1.056, "Actual Rows": 300, "Actual Loops": 1, "Output": ["promotion.p_start_date_sk", "promotion.p_end_date_sk"], "Shared Hit Blocks": 0, "Shared Read Blocks": 8, "Shared Dirtied Blocks": 0, "Shared Written Blocks": 0, "Local Hit Blocks": 0, "Local Read Blocks": 0, "Local Dirtied Blocks": 0, "Local Written Blocks": 0, "Temp Read Blocks": 0, "Temp Written Blocks": 0, "I/O Read Time": 0.988, "I/O Write Time": 0.0, "parent": "Sort"}], "parent": "Merge Join"}], "parent": "Sort"}], "parent": "Aggregate"}], "parent": "None"}, "Planning": {"Shared Hit Blocks": 147, "Shared Read Blocks": 20, "Shared Dirtied Blocks": 0, "Shared Written Blocks": 0, "Local Hit Blocks": 0, "Local Read Blocks": 0, "Local Dirtied Blocks": 0, "Local Written Blocks": 0, "Temp Read Blocks": 0, "Temp Written Blocks": 0, "I/O Read Time": 7.395, "I/O Write Time": 0.0}, "Planning Time": 10.507, "Triggers": [], "Execution Time": 28.952}, "config": {}}
{"query": "EXPLAIN (ANALYZE, COSTS, BUFFERS, VERBOSE, FORMAT JSON) select date_dim.d_week_seq, promotion.p_start_date_sk,  max(date_dim.d_fy_year) from promotion join date_dim on date_dim.d_date_sk=promotion.p_end_date_sk group by date_dim.d_week_seq, promotion.p_start_date_sk having max(date_dim.d_fy_year) <= 3487 order by promotion.p_start_date_sk ASC, date_dim.d_week_seq DESC;", "planinfo": {"Plan": {"Node Type": "Aggregate", "Strategy": "Sorted", "Partial Mode": "Simple", "Parallel Aware": false, "Startup Cost": 1776.57, "Total Cost": 1784.07, "Plan Rows": 100, "Plan Width": 12, "Actual Startup Time": 26.942, "Actual Total Time": 27.133, "Actual Rows": 292, "Actual Loops": 1, "Output": ["date_dim.d_week_seq", "promotion.p_start_date_sk", "max(date_dim.d_fy_year)"], "Group Key": ["promotion.p_start_date_sk", "date_dim.d_week_seq"], "Filter": "(max(date_dim.d_fy_year) <= 3487)", "Rows Removed by Filter": 0, "Shared Hit Blocks": 0, "Shared Read Blocks": 800, "Shared Dirtied Blocks": 0, "Shared Written Blocks": 0, "Local Hit Blocks": 0, "Local Read Blocks": 0, "Local Dirtied Blocks": 0, "Local Written Blocks": 0, "Temp Read Blocks": 0, "Temp Written Blocks": 0, "I/O Read Time": 11.923, "I/O Write Time": 0.0, "Plans": [{"Node Type": "Sort", "Parent Relationship": "Outer", "Parallel Aware": false, "Startup Cost": 1776.57, "Total Cost": 1777.32, "Plan Rows": 300, "Plan Width": 12, "Actual Startup Time": 26.933, "Actual Total Time": 26.95, "Actual Rows": 294, "Actual Loops": 1, "Output": ["date_dim.d_week_seq", "promotion.p_start_date_sk", "date_dim.d_fy_year"], "Sort Key": ["promotion.p_start_date_sk", "date_dim.d_week_seq DESC"], "Sort Method": "quicksort", "Sort Space Used": 41, "Sort Space Type": "Memory", "Shared Hit Blocks": 0, "Shared Read Blocks": 800, "Shared Dirtied Blocks": 0, "Shared Written Blocks": 0, "Local Hit Blocks": 0, "Local Read Blocks": 0, "Local Dirtied Blocks": 0, "Local Written Blocks": 0, "Temp Read Blocks": 0, "Temp Written Blocks": 0, "I/O Read Time": 11.923, "I/O Write Time": 0.0, "Plans": [{"Node Type": "Merge Join", "Parent Relationship": "Outer", "Parallel Aware": false, "Join Type": "Inner", "Startup Cost": 1721.23, "Total Cost": 1764.23, "Plan Rows": 300, "Plan Width": 12, "Actual Startup Time": 26.115, "Actual Total Time": 26.81, "Actual Rows": 294, "Actual Loops": 1, "Output": ["date_dim.d_week_seq", "promotion.p_start_date_sk", "date_dim.d_fy_year"], "Inner Unique": false, "Merge Cond": "(date_dim.d_date_sk = promotion.p_end_date_sk)", "Shared Hit Blocks": 0, "Shared Read Blocks": 800, "Shared Dirtied Blocks": 0, "Shared Written Blocks": 0, "Local Hit Blocks": 0, "Local Read Blocks": 0, "Local Dirtied Blocks": 0, "Local Written Blocks": 0, "Temp Read Blocks": 0, "Temp Written Blocks": 0, "I/O Read Time": 11.923, "I/O Write Time": 0.0, "Plans": [{"Node Type": "Index Scan", "Parent Relationship": "Outer", "Parallel Aware": false, "Scan Direction": "Forward", "Index Name": "d_date_sk_idx", "Relation Name": "date_dim", "Schema": "public", "Alias": "date_dim", "Startup Cost": 0.29, "Total Cost": 3312.03, "Plan Rows": 73049, "Plan Width": 12, "Actual Startup Time": 0.946, "Actual Total Time": 19.743, "Actual Rows": 35935, "Actual Loops": 1, "Output": ["date_dim.d_date_sk", "date_dim.d_date_id", "date_dim.d_date", "date_dim.d_month_seq", "date_dim.d_week_seq", "date_dim.d_quarter_seq", "date_dim.d_year", "date_dim.d_dow", "date_dim.d_moy", "date_dim.d_dom", "date_dim.d_qoy", "date_dim.d_fy_year", "date_dim.d_fy_quarter_seq", "date_dim.d_fy_week_seq", "date_dim.d_day_name", "date_dim.d_quarter_name", "date_dim.d_holiday", "date_dim.d_weekend", "date_dim.d_following_holiday", "date_dim.d_first_dom", "date_dim.d_last_dom", "date_dim.d_same_day_ly", "date_dim.d_same_day_lq", "date_dim.d_current_day", "date_dim.d_current_week", "date_dim.d_current_month", "date_dim.d_current_quarter", "date_dim.d_current_year"], "Shared Hit Blocks": 0, "Shared Read Blocks": 792, "Shared Dirtied Blocks": 0, "Shared Written Blocks": 0, "Local Hit Blocks": 0, "Local Read Blocks": 0, "Local Dirtied Blocks": 0, "Local Written Blocks": 0, "Temp Read Blocks": 0, "Temp Written Blocks": 0, "I/O Read Time": 10.563, "I/O Write Time": 0.0, "parent": "Merge Join"}, {"Node Type": "Sort", "Parent Relationship": "Inner", "Parallel Aware": false, "Startup Cost": 23.34, "Total Cost": 24.09, "Plan Rows": 300, "Plan Width": 8, "Actual Startup Time": 1.535, "Actual Total Time": 1.571, "Actual Rows": 295, "Actual Loops": 1, "Output": ["promotion.p_start_date_sk", "promotion.p_end_date_sk"], "Sort Key": ["promotion.p_end_date_sk"], "Sort Method": "quicksort", "Sort Space Used": 41, "Sort Space Type": "Memory", "Shared Hit Blocks": 0, "Shared Read Blocks": 8, "Shared Dirtied Blocks": 0, "Shared Written Blocks": 0, "Local Hit Blocks": 0, "Local Read Blocks": 0, "Local Dirtied Blocks": 0, "Local Written Blocks": 0, "Temp Read Blocks": 0, "Temp Written Blocks": 0, "I/O Read Time": 1.36, "I/O Write Time": 0.0, "Plans": [{"Node Type": "Seq Scan", "Parent Relationship": "Outer", "Parallel Aware": false, "Relation Name": "promotion", "Schema": "public", "Alias": "promotion", "Startup Cost": 0.0, "Total Cost": 11.0, "Plan Rows": 300, "Plan Width": 8, "Actual Startup Time": 0.451, "Actual Total Time": 1.427, "Actual Rows": 300, "Actual Loops": 1, "Output": ["promotion.p_start_date_sk", "promotion.p_end_date_sk"], "Shared Hit Blocks": 0, "Shared Read Blocks": 8, "Shared Dirtied Blocks": 0, "Shared Written Blocks": 0, "Local Hit Blocks": 0, "Local Read Blocks": 0, "Local Dirtied Blocks": 0, "Local Written Blocks": 0, "Temp Read Blocks": 0, "Temp Written Blocks": 0, "I/O Read Time": 1.36, "I/O Write Time": 0.0, "parent": "Sort"}], "parent": "Merge Join"}], "parent": "Sort"}], "parent": "Aggregate"}], "parent": "None"}, "Planning": {"Shared Hit Blocks": 141, "Shared Read Blocks": 20, "Shared Dirtied Blocks": 0, "Shared Written Blocks": 0, "Local Hit Blocks": 0, "Local Read Blocks": 0, "Local Dirtied Blocks": 0, "Local Written Blocks": 0, "Temp Read Blocks": 0, "Temp Written Blocks": 0, "I/O Read Time": 7.581, "I/O Write Time": 0.0}, "Planning Time": 8.908, "Triggers": [], "Execution Time": 27.321}, "config": {}}
{"query": "EXPLAIN (ANALYZE, COSTS, BUFFERS, VERBOSE, FORMAT JSON) select date_dim.d_year, promotion.p_item_sk,  sum(promotion.p_end_date_sk) from date_dim join promotion on promotion.p_end_date_sk=date_dim.d_date_sk group by date_dim.d_year, promotion.p_item_sk having sum(promotion.p_end_date_sk) > 393 order by promotion.p_item_sk ASC, date_dim.d_year DESC;", "planinfo": {"Plan": {"Node Type": "Aggregate", "Strategy": "Sorted", "Partial Mode": "Simple", "Parallel Aware": false, "Startup Cost": 1776.57, "Total Cost": 1784.07, "Plan Rows": 100, "Plan Width": 16, "Actual Startup Time": 27.487, "Actual Total Time": 27.676, "Actual Rows": 292, "Actual Loops": 1, "Output": ["date_dim.d_year", "promotion.p_item_sk", "sum(promotion.p_end_date_sk)"], "Group Key": ["promotion.p_item_sk", "date_dim.d_year"], "Filter": "(sum(promotion.p_end_date_sk) > 393)", "Rows Removed by Filter": 0, "Shared Hit Blocks": 0, "Shared Read Blocks": 800, "Shared Dirtied Blocks": 0, "Shared Written Blocks": 0, "Local Hit Blocks": 0, "Local Read Blocks": 0, "Local Dirtied Blocks": 0, "Local Written Blocks": 0, "Temp Read Blocks": 0, "Temp Written Blocks": 0, "I/O Read Time": 11.653, "I/O Write Time": 0.0, "Plans": [{"Node Type": "Sort", "Parent Relationship": "Outer", "Parallel Aware": false, "Startup Cost": 1776.57, "Total Cost": 1777.32, "Plan Rows": 300, "Plan Width": 12, "Actual Startup Time": 27.018, "Actual Total Time": 27.037, "Actual Rows": 294, "Actual Loops": 1, "Output": ["date_dim.d_year", "promotion.p_item_sk", "promotion.p_end_date_sk"], "Sort Key": ["promotion.p_item_sk", "date_dim.d_year DESC"], "Sort Method": "quicksort", "Sort Space Used": 41, "Sort Space Type": "Memory", "Shared Hit Blocks": 0, "Shared Read Blocks": 800, "Shared Dirtied Blocks": 0, "Shared Written Blocks": 0, "Local Hit Blocks": 0, "Local Read Blocks": 0, "Local Dirtied Blocks": 0, "Local Written Blocks": 0, "Temp Read Blocks": 0, "Temp Written Blocks": 0, "I/O Read Time": 11.653, "I/O Write Time": 0.0, "Plans": [{"Node Type": "Merge Join", "Parent Relationship": "Outer", "Parallel Aware": false, "Join Type": "Inner", "Startup Cost": 1721.23, "Total Cost": 1764.23, "Plan Rows": 300, "Plan Width": 12, "Actual Startup Time": 26.17, "Actual Total Time": 26.889, "Actual Rows": 294, "Actual Loops": 1, "Output": ["date_dim.d_year", "promotion.p_item_sk", "promotion.p_end_date_sk"], "Inner Unique": false, "Merge Cond": "(date_dim.d_date_sk = promotion.p_end_date_sk)", "Shared Hit Blocks": 0, "Shared Read Blocks": 800, "Shared Dirtied Blocks": 0, "Shared Written Blocks": 0, "Local Hit Blocks": 0, "Local Read Blocks": 0, "Local Dirtied Blocks": 0, "Local Written Blocks": 0, "Temp Read Blocks": 0, "Temp Written Blocks": 0, "I/O Read Time": 11.653, "I/O Write Time": 0.0, "Plans": [{"Node Type": "Index Scan", "Parent Relationship": "Outer", "Parallel Aware": false, "Scan Direction": "Forward", "Index Name": "d_date_sk_idx", "Relation Name": "date_dim", "Schema": "public", "Alias": "date_dim", "Startup Cost": 0.29, "Total Cost": 3312.03, "Plan Rows": 73049, "Plan Width": 8, "Actual Startup Time": 0.953, "Actual Total Time": 20.337, "Actual Rows": 35935, "Actual Loops": 1, "Output": ["date_dim.d_date_sk", "date_dim.d_date_id", "date_dim.d_date", "date_dim.d_month_seq", "date_dim.d_week_seq", "date_dim.d_quarter_seq", "date_dim.d_year", "date_dim.d_dow", "date_dim.d_moy", "date_dim.d_dom", "date_dim.d_qoy", "date_dim.d_fy_year", "date_dim.d_fy_quarter_seq", "date_dim.d_fy_week_seq", "date_dim.d_day_name", "date_dim.d_quarter_name", "date_dim.d_holiday", "date_dim.d_weekend", "date_dim.d_following_holiday", "date_dim.d_first_dom", "date_dim.d_last_dom", "date_dim.d_same_day_ly", "date_dim.d_same_day_lq", "date_dim.d_current_day", "date_dim.d_current_week", "date_dim.d_current_month", "date_dim.d_current_quarter", "date_dim.d_current_year"], "Shared Hit Blocks": 0, "Shared Read Blocks": 792, "Shared Dirtied Blocks": 0, "Shared Written Blocks": 0, "Local Hit Blocks": 0, "Local Read Blocks": 0, "Local Dirtied Blocks": 0, "Local Written Blocks": 0, "Temp Read Blocks": 0, "Temp Written Blocks": 0, "I/O Read Time": 10.673, "I/O Write Time": 0.0, "parent": "Merge Join"}, {"Node Type": "Sort", "Parent Relationship": "Inner", "Parallel Aware": false, "Startup Cost": 23.34, "Total Cost": 24.09, "Plan Rows": 300, "Plan Width": 8, "Actual Startup Time": 1.153, "Actual Total Time": 1.199, "Actual Rows": 295, "Actual Loops": 1, "Output": ["promotion.p_item_sk", "promotion.p_end_date_sk"], "Sort Key": ["promotion.p_end_date_sk"], "Sort Method": "quicksort", "Sort Space Used": 41, "Sort Space Type": "Memory", "Shared Hit Blocks": 0, "Shared Read Blocks": 8, "Shared Dirtied Blocks": 0, "Shared Written Blocks": 0, "Local Hit Blocks": 0, "Local Read Blocks": 0, "Local Dirtied Blocks": 0, "Local Written Blocks": 0, "Temp Read Blocks": 0, "Temp Written Blocks": 0, "I/O Read Time": 0.98, "I/O Write Time": 0.0, "Plans": [{"Node Type": "Seq Scan", "Parent Relationship": "Outer", "Parallel Aware": false, "Relation Name": "promotion", "Schema": "public", "Alias": "promotion", "Startup Cost": 0.0, "Total Cost": 11.0, "Plan Rows": 300, "Plan Width": 8, "Actual Startup Time": 0.46, "Actual Total Time": 1.051, "Actual Rows": 300, "Actual Loops": 1, "Output": ["promotion.p_item_sk", "promotion.p_end_date_sk"], "Shared Hit Blocks": 0, "Shared Read Blocks": 8, "Shared Dirtied Blocks": 0, "Shared Written Blocks": 0, "Local Hit Blocks": 0, "Local Read Blocks": 0, "Local Dirtied Blocks": 0, "Local Written Blocks": 0, "Temp Read Blocks": 0, "Temp Written Blocks": 0, "I/O Read Time": 0.98, "I/O Write Time": 0.0, "parent": "Sort"}], "parent": "Merge Join"}], "parent": "Sort"}], "parent": "Aggregate"}], "parent": "None"}, "Planning": {"Shared Hit Blocks": 144, "Shared Read Blocks": 17, "Shared Dirtied Blocks": 0, "Shared Written Blocks": 0, "Local Hit Blocks": 0, "Local Read Blocks": 0, "Local Dirtied Blocks": 0, "Local Written Blocks": 0, "Temp Read Blocks": 0, "Temp Written Blocks": 0, "I/O Read Time": 6.171, "I/O Write Time": 0.0}, "Planning Time": 7.466, "Triggers": [], "Execution Time": 27.861}, "config": {}}
{"query": "EXPLAIN (ANALYZE, COSTS, BUFFERS, VERBOSE, FORMAT JSON) select date_dim.d_week_seq, promotion.p_start_date_sk,  sum(promotion.p_promo_sk) from promotion join date_dim on date_dim.d_date_sk=promotion.p_end_date_sk group by date_dim.d_week_seq, promotion.p_start_date_sk order by promotion.p_start_date_sk DESC, date_dim.d_week_seq DESC;", "planinfo": {"Plan": {"Node Type": "Aggregate", "Strategy": "Sorted", "Partial Mode": "Simple", "Parallel Aware": false, "Startup Cost": 1776.57, "Total Cost": 1782.57, "Plan Rows": 300, "Plan Width": 16, "Actual Startup Time": 27.364, "Actual Total Time": 27.543, "Actual Rows": 292, "Actual Loops": 1, "Output": ["date_dim.d_week_seq", "promotion.p_start_date_sk", "sum(promotion.p_promo_sk)"], "Group Key": ["promotion.p_start_date_sk", "date_dim.d_week_seq"], "Shared Hit Blocks": 0, "Shared Read Blocks": 800, "Shared Dirtied Blocks": 0, "Shared Written Blocks": 0, "Local Hit Blocks": 0, "Local Read Blocks": 0, "Local Dirtied Blocks": 0, "Local Written Blocks": 0, "Temp Read Blocks": 0, "Temp Written Blocks": 0, "I/O Read Time": 11.633, "I/O Write Time": 0.0, "Plans": [{"Node Type": "Sort", "Parent Relationship": "Outer", "Parallel Aware": false, "Startup Cost": 1776.57, "Total Cost": 1777.32, "Plan Rows": 300, "Plan Width": 12, "Actual Startup Time": 26.869, "Actual Total Time": 26.887, "Actual Rows": 294, "Actual Loops": 1, "Output": ["date_dim.d_week_seq", "promotion.p_start_date_sk", "promotion.p_promo_sk"], "Sort Key": ["promotion.p_start_date_sk DESC", "date_dim.d_week_seq DESC"], "Sort Method": "quicksort", "Sort Space Used": 41, "Sort Space Type": "Memory", "Shared Hit Blocks": 0, "Shared Read Blocks": 800, "Shared Dirtied Blocks": 0, "Shared Written Blocks": 0, "Local Hit Blocks": 0, "Local Read Blocks": 0, "Local Dirtied Blocks": 0, "Local Written Blocks": 0, "Temp Read Blocks": 0, "Temp Written Blocks": 0, "I/O Read Time": 11.633, "I/O Write Time": 0.0, "Plans": [{"Node Type": "Merge Join", "Parent Relationship": "Outer", "Parallel Aware": false, "Join Type": "Inner", "Startup Cost": 1721.23, "Total Cost": 1764.23, "Plan Rows": 300, "Plan Width": 12, "Actual Startup Time": 26.06, "Actual Total Time": 26.751, "Actual Rows": 294, "Actual Loops": 1, "Output": ["date_dim.d_week_seq", "promotion.p_start_date_sk", "promotion.p_promo_sk"], "Inner Unique": false, "Merge Cond": "(date_dim.d_date_sk = promotion.p_end_date_sk)", "Shared Hit Blocks": 0, "Shared Read Blocks": 800, "Shared Dirtied Blocks": 0, "Shared Written Blocks": 0, "Local Hit Blocks": 0, "Local Read Blocks": 0, "Local Dirtied Blocks": 0, "Local Written Blocks": 0, "Temp Read Blocks": 0, "Temp Written Blocks": 0, "I/O Read Time": 11.633, "I/O Write Time": 0.0, "Plans": [{"Node Type": "Index Scan", "Parent Relationship": "Outer", "Parallel Aware": false, "Scan Direction": "Forward", "Index Name": "d_date_sk_idx", "Relation Name": "date_dim", "Schema": "public", "Alias": "date_dim", "Startup Cost": 0.29, "Total Cost": 3312.03, "Plan Rows": 73049, "Plan Width": 8, "Actual Startup Time": 0.916, "Actual Total Time": 20.051, "Actual Rows": 35935, "Actual Loops": 1, "Output": ["date_dim.d_date_sk", "date_dim.d_date_id", "date_dim.d_date", "date_dim.d_month_seq", "date_dim.d_week_seq", "date_dim.d_quarter_seq", "date_dim.d_year", "date_dim.d_dow", "date_dim.d_moy", "date_dim.d_dom", "date_dim.d_qoy", "date_dim.d_fy_year", "date_dim.d_fy_quarter_seq", "date_dim.d_fy_week_seq", "date_dim.d_day_name", "date_dim.d_quarter_name", "date_dim.d_holiday", "date_dim.d_weekend", "date_dim.d_following_holiday", "date_dim.d_first_dom", "date_dim.d_last_dom", "date_dim.d_same_day_ly", "date_dim.d_same_day_lq", "date_dim.d_current_day", "date_dim.d_current_week", "date_dim.d_current_month", "date_dim.d_current_quarter", "date_dim.d_current_year"], "Shared Hit Blocks": 0, "Shared Read Blocks": 792, "Shared Dirtied Blocks": 0, "Shared Written Blocks": 0, "Local Hit Blocks": 0, "Local Read Blocks": 0, "Local Dirtied Blocks": 0, "Local Written Blocks": 0, "Temp Read Blocks": 0, "Temp Written Blocks": 0, "I/O Read Time": 10.598, "I/O Write Time": 0.0, "parent": "Merge Join"}, {"Node Type": "Sort", "Parent Relationship": "Inner", "Parallel Aware": false, "Startup Cost": 23.34, "Total Cost": 24.09, "Plan Rows": 300, "Plan Width": 12, "Actual Startup Time": 1.22, "Actual Total Time": 1.255, "Actual Rows": 295, "Actual Loops": 1, "Output": ["promotion.p_start_date_sk", "promotion.p_promo_sk", "promotion.p_end_date_sk"], "Sort Key": ["promotion.p_end_date_sk"], "Sort Method": "quicksort", "Sort Space Used": 41, "Sort Space Type": "Memory", "Shared Hit Blocks": 0, "Shared Read Blocks": 8, "Shared Dirtied Blocks": 0, "Shared Written Blocks": 0, "Local Hit Blocks": 0, "Local Read Blocks": 0, "Local Dirtied Blocks": 0, "Local Written Blocks": 0, "Temp Read Blocks": 0, "Temp Written Blocks": 0, "I/O Read Time": 1.035, "I/O Write Time": 0.0, "Plans": [{"Node Type": "Seq Scan", "Parent Relationship": "Outer", "Parallel Aware": false, "Relation Name": "promotion", "Schema": "public", "Alias": "promotion", "Startup Cost": 0.0, "Total Cost": 11.0, "Plan Rows": 300, "Plan Width": 12, "Actual Startup Time": 0.455, "Actual Total Time": 1.104, "Actual Rows": 300, "Actual Loops": 1, "Output": ["promotion.p_start_date_sk", "promotion.p_promo_sk", "promotion.p_end_date_sk"], "Shared Hit Blocks": 0, "Shared Read Blocks": 8, "Shared Dirtied Blocks": 0, "Shared Written Blocks": 0, "Local Hit Blocks": 0, "Local Read Blocks": 0, "Local Dirtied Blocks": 0, "Local Written Blocks": 0, "Temp Read Blocks": 0, "Temp Written Blocks": 0, "I/O Read Time": 1.035, "I/O Write Time": 0.0, "parent": "Sort"}], "parent": "Merge Join"}], "parent": "Sort"}], "parent": "Aggregate"}], "parent": "None"}, "Planning": {"Shared Hit Blocks": 144, "Shared Read Blocks": 20, "Shared Dirtied Blocks": 0, "Shared Written Blocks": 0, "Local Hit Blocks": 0, "Local Read Blocks": 0, "Local Dirtied Blocks": 0, "Local Written Blocks": 0, "Temp Read Blocks": 0, "Temp Written Blocks": 0, "I/O Read Time": 7.919, "I/O Write Time": 0.0}, "Planning Time": 9.271, "Triggers": [], "Execution Time": 27.732}, "config": {}}
{"query": "EXPLAIN (ANALYZE, COSTS, BUFFERS, VERBOSE, FORMAT JSON) select date_dim.d_fy_week_seq, catalog_page.cp_start_date_sk,  max(date_dim.d_moy) from catalog_page join date_dim on date_dim.d_date_sk=catalog_page.cp_end_date_sk group by date_dim.d_fy_week_seq, catalog_page.cp_start_date_sk order by date_dim.d_fy_week_seq DESC, catalog_page.cp_start_date_sk ASC;", "planinfo": {"Plan": {"Node Type": "Aggregate", "Strategy": "Sorted", "Partial Mode": "Simple", "Parallel Aware": false, "Startup Cost": 3958.41, "Total Cost": 4192.77, "Plan Rows": 11718, "Plan Width": 12, "Actual Startup Time": 42.871, "Actual Total Time": 45.928, "Actual Rows": 144, "Actual Loops": 1, "Output": ["date_dim.d_fy_week_seq", "catalog_page.cp_start_date_sk", "max(date_dim.d_moy)"], "Group Key": ["date_dim.d_fy_week_seq", "catalog_page.cp_start_date_sk"], "Shared Hit Blocks": 0, "Shared Read Blocks": 1082, "Shared Dirtied Blocks": 0, "Shared Written Blocks": 0, "Local Hit Blocks": 0, "Local Read Blocks": 0, "Local Dirtied Blocks": 0, "Local Written Blocks": 0, "Temp Read Blocks": 0, "Temp Written Blocks": 0, "I/O Read Time": 14.937, "I/O Write Time": 0.0, "Plans": [{"Node Type": "Sort", "Parent Relationship": "Outer", "Parallel Aware": false, "Startup Cost": 3958.41, "Total Cost": 3987.7, "Plan Rows": 11718, "Plan Width": 12, "Actual Startup Time": 42.847, "Actual Total Time": 43.473, "Actual Rows": 11610, "Actual Loops": 1, "Output": ["date_dim.d_fy_week_seq", "catalog_page.cp_start_date_sk", "date_dim.d_moy"], "Sort Key": ["date_dim.d_fy_week_seq DESC", "catalog_page.cp_start_date_sk"], "Sort Method": "quicksort", "Sort Space Used": 1019, "Sort Space Type": "Memory", "Shared Hit Blocks": 0, "Shared Read Blocks": 1082, "Shared Dirtied Blocks": 0, "Shared Written Blocks": 0, "Local Hit Blocks": 0, "Local Read Blocks": 0, "Local Dirtied Blocks": 0, "Local Written Blocks": 0, "Temp Read Blocks": 0, "Temp Written Blocks": 0, "I/O Read Time": 14.937, "I/O Write Time": 0.0, "Plans": [{"Node Type": "Merge Join", "Parent Relationship": "Outer", "Parallel Aware": false, "Join Type": "Inner", "Startup Cost": 2882.39, "Total Cost": 3166.48, "Plan Rows": 11718, "Plan Width": 12, "Actual Startup Time": 34.533, "Actual Total Time": 39.27, "Actual Rows": 11610, "Actual Loops": 1, "Output": ["date_dim.d_fy_week_seq", "catalog_page.cp_start_date_sk", "date_dim.d_moy"], "Inner Unique": false, "Merge Cond": "(date_dim.d_date_sk = catalog_page.cp_end_date_sk)", "Shared Hit Blocks": 0, "Shared Read Blocks": 1082, "Shared Dirtied Blocks": 0, "Shared Written Blocks": 0, "Local Hit Blocks": 0, "Local Read Blocks": 0, "Local Dirtied Blocks": 0, "Local Written Blocks": 0, "Temp Read Blocks": 0, "Temp Written Blocks": 0, "I/O Read Time": 14.937, "I/O Write Time": 0.0, "Plans": [{"Node Type": "Index Scan", "Parent Relationship": "Outer", "Parallel Aware": false, "Scan Direction": "Forward", "Index Name": "d_date_sk_idx", "Relation Name": "date_dim", "Schema": "public", "Alias": "date_dim", "Startup Cost": 0.29, "Total Cost": 3312.03, "Plan Rows": 73049, "Plan Width": 12, "Actual Startup Time": 1.019, "Actual Total Time": 21.19, "Actual Rows": 38166, "Actual Loops": 1, "Output": ["date_dim.d_date_sk", "date_dim.d_date_id", "date_dim.d_date", "date_dim.d_month_seq", "date_dim.d_week_seq", "date_dim.d_quarter_seq", "date_dim.d_year", "date_dim.d_dow", "date_dim.d_moy", "date_dim.d_dom", "date_dim.d_qoy", "date_dim.d_fy_year", "date_dim.d_fy_quarter_seq", "date_dim.d_fy_week_seq", "date_dim.d_day_name", "date_dim.d_quarter_name", "date_dim.d_holiday", "date_dim.d_weekend", "date_dim.d_following_holiday", "date_dim.d_first_dom", "date_dim.d_last_dom", "date_dim.d_same_day_ly", "date_dim.d_same_day_lq", "date_dim.d_current_day", "date_dim.d_current_week", "date_dim.d_current_month", "date_dim.d_current_quarter", "date_dim.d_current_year"], "Shared Hit Blocks": 0, "Shared Read Blocks": 840, "Shared Dirtied Blocks": 0, "Shared Written Blocks": 0, "Local Hit Blocks": 0, "Local Read Blocks": 0, "Local Dirtied Blocks": 0, "Local Written Blocks": 0, "Temp Read Blocks": 0, "Temp Written Blocks": 0, "I/O Read Time": 10.745, "I/O Write Time": 0.0, "parent": "Merge Join"}, {"Node Type": "Sort", "Parent Relationship": "Inner", "Parallel Aware": false, "Startup Cost": 1151.11, "Total Cost": 1180.4, "Plan Rows": 11718, "Plan Width": 8, "Actual Startup Time": 9.101, "Actual Total Time": 9.77, "Actual Rows": 11611, "Actual Loops": 1, "Output": ["catalog_page.cp_start_date_sk", "catalog_page.cp_end_date_sk"], "Sort Key": ["catalog_page.cp_end_date_sk"], "Sort Method": "quicksort", "Sort Space Used": 1025, "Sort Space Type": "Memory", "Shared Hit Blocks": 0, "Shared Read Blocks": 242, "Shared Dirtied Blocks": 0, "Shared Written Blocks": 0, "Local Hit Blocks": 0, "Local Read Blocks": 0, "Local Dirtied Blocks": 0, "Local Written Blocks": 0, "Temp Read Blocks": 0, "Temp Written Blocks": 0, "I/O Read Time": 4.192, "I/O Write Time": 0.0, "Plans": [{"Node Type": "Seq Scan", "Parent Relationship": "Outer", "Parallel Aware": false, "Relation Name": "catalog_page", "Schema": "public", "Alias": "catalog_page", "Startup Cost": 0.0, "Total Cost": 359.18, "Plan Rows": 11718, "Plan Width": 8, "Actual Startup Time": 0.451, "Actual Total Time": 6.294, "Actual Rows": 11718, "Actual Loops": 1, "Output": ["catalog_page.cp_start_date_sk", "catalog_page.cp_end_date_sk"], "Shared Hit Blocks": 0, "Shared Read Blocks": 242, "Shared Dirtied Blocks": 0, "Shared Written Blocks": 0, "Local Hit Blocks": 0, "Local Read Blocks": 0, "Local Dirtied Blocks": 0, "Local Written Blocks": 0, "Temp Read Blocks": 0, "Temp Written Blocks": 0, "I/O Read Time": 4.192, "I/O Write Time": 0.0, "parent": "Sort"}], "parent": "Merge Join"}], "parent": "Sort"}], "parent": "Aggregate"}], "parent": "None"}, "Planning": {"Shared Hit Blocks": 143, "Shared Read Blocks": 20, "Shared Dirtied Blocks": 0, "Shared Written Blocks": 0, "Local Hit Blocks": 0, "Local Read Blocks": 0, "Local Dirtied Blocks": 0, "Local Written Blocks": 0, "Temp Read Blocks": 0, "Temp Written Blocks": 0, "I/O Read Time": 7.23, "I/O Write Time": 0.0}, "Planning Time": 8.53, "Triggers": [], "Execution Time": 46.61}, "config": {}}
{"query": "EXPLAIN (ANALYZE, COSTS, BUFFERS, VERBOSE, FORMAT JSON) select date_dim.d_quarter_seq, promotion.p_cost,  max(promotion.p_item_sk) from date_dim join promotion on promotion.p_end_date_sk=date_dim.d_date_sk group by date_dim.d_quarter_seq, promotion.p_cost order by date_dim.d_quarter_seq DESC;", "planinfo": {"Plan": {"Node Type": "Aggregate", "Strategy": "Sorted", "Partial Mode": "Simple", "Parallel Aware": false, "Startup Cost": 1776.57, "Total Cost": 1782.57, "Plan Rows": 300, "Plan Width": 13, "Actual Startup Time": 27.829, "Actual Total Time": 27.946, "Actual Rows": 11, "Actual Loops": 1, "Output": ["date_dim.d_quarter_seq", "promotion.p_cost", "max(promotion.p_item_sk)"], "Group Key": ["date_dim.d_quarter_seq", "promotion.p_cost"], "Shared Hit Blocks": 3, "Shared Read Blocks": 800, "Shared Dirtied Blocks": 0, "Shared Written Blocks": 0, "Local Hit Blocks": 0, "Local Read Blocks": 0, "Local Dirtied Blocks": 0, "Local Written Blocks": 0, "Temp Read Blocks": 0, "Temp Written Blocks": 0, "I/O Read Time": 12.459, "I/O Write Time": 0.0, "Plans": [{"Node Type": "Sort", "Parent Relationship": "Outer", "Parallel Aware": false, "Startup Cost": 1776.57, "Total Cost": 1777.32, "Plan Rows": 300, "Plan Width": 13, "Actual Startup Time": 27.81, "Actual Total Time": 27.828, "Actual Rows": 294, "Actual Loops": 1, "Output": ["date_dim.d_quarter_seq", "promotion.p_cost", "promotion.p_item_sk"], "Sort Key": ["date_dim.d_quarter_seq DESC", "promotion.p_cost"], "Sort Method": "quicksort", "Sort Space Used": 41, "Sort Space Type": "Memory", "Shared Hit Blocks": 3, "Shared Read Blocks": 800, "Shared Dirtied Blocks": 0, "Shared Written Blocks": 0, "Local Hit Blocks": 0, "Local Read Blocks": 0, "Local Dirtied Blocks": 0, "Local Written Blocks": 0, "Temp Read Blocks": 0, "Temp Written Blocks": 0, "I/O Read Time": 12.459, "I/O Write Time": 0.0, "Plans": [{"Node Type": "Merge Join", "Parent Relationship": "Outer", "Parallel Aware": false, "Join Type": "Inner", "Startup Cost": 1721.23, "Total Cost": 1764.23, "Plan Rows": 300, "Plan Width": 13, "Actual Startup Time": 26.972, "Actual Total Time": 27.648, "Actual Rows": 294, "Actual Loops": 1, "Output": ["date_dim.d_quarter_seq", "promotion.p_cost", "promotion.p_item_sk"], "Inner Unique": false, "Merge Cond": "(date_dim.d_date_sk = promotion.p_end_date_sk)", "Shared Hit Blocks": 0, "Shared Read Blocks": 800, "Shared Dirtied Blocks": 0, "Shared Written Blocks": 0, "Local Hit Blocks": 0, "Local Read Blocks": 0, "Local Dirtied Blocks": 0, "Local Written Blocks": 0, "Temp Read Blocks": 0, "Temp Written Blocks": 0, "I/O Read Time": 12.459, "I/O Write Time": 0.0, "Plans": [{"Node Type": "Index Scan", "Parent Relationship": "Outer", "Parallel Aware": false, "Scan Direction": "Forward", "Index Name": "d_date_sk_idx", "Relation Name": "date_dim", "Schema": "public", "Alias": "date_dim", "Startup Cost": 0.29, "Total Cost": 3312.03, "Plan Rows": 73049, "Plan Width": 8, "Actual Startup Time": 2.226, "Actual Total Time": 21.081, "Actual Rows": 35935, "Actual Loops": 1, "Output": ["date_dim.d_date_sk", "date_dim.d_date_id", "date_dim.d_date", "date_dim.d_month_seq", "date_dim.d_week_seq", "date_dim.d_quarter_seq", "date_dim.d_year", "date_dim.d_dow", "date_dim.d_moy", "date_dim.d_dom", "date_dim.d_qoy", "date_dim.d_fy_year", "date_dim.d_fy_quarter_seq", "date_dim.d_fy_week_seq", "date_dim.d_day_name", "date_dim.d_quarter_name", "date_dim.d_holiday", "date_dim.d_weekend", "date_dim.d_following_holiday", "date_dim.d_first_dom", "date_dim.d_last_dom", "date_dim.d_same_day_ly", "date_dim.d_same_day_lq", "date_dim.d_current_day", "date_dim.d_current_week", "date_dim.d_current_month", "date_dim.d_current_quarter", "date_dim.d_current_year"], "Shared Hit Blocks": 0, "Shared Read Blocks": 792, "Shared Dirtied Blocks": 0, "Shared Written Blocks": 0, "Local Hit Blocks": 0, "Local Read Blocks": 0, "Local Dirtied Blocks": 0, "Local Written Blocks": 0, "Temp Read Blocks": 0, "Temp Written Blocks": 0, "I/O Read Time": 11.479, "I/O Write Time": 0.0, "parent": "Merge Join"}, {"Node Type": "Sort", "Parent Relationship": "Inner", "Parallel Aware": false, "Startup Cost": 23.34, "Total Cost": 24.09, "Plan Rows": 300, "Plan Width": 13, "Actual Startup Time": 1.184, "Actual Total Time": 1.213, "Actual Rows": 295, "Actual Loops": 1, "Output": ["promotion.p_cost", "promotion.p_item_sk", "promotion.p_end_date_sk"], "Sort Key": ["promotion.p_end_date_sk"], "Sort Method": "quicksort", "Sort Space Used": 41, "Sort Space Type": "Memory", "Shared Hit Blocks": 0, "Shared Read Blocks": 8, "Shared Dirtied Blocks": 0, "Shared Written Blocks": 0, "Local Hit Blocks": 0, "Local Read Blocks": 0, "Local Dirtied Blocks": 0, "Local Written Blocks": 0, "Temp Read Blocks": 0, "Temp Written Blocks": 0, "I/O Read Time": 0.979, "I/O Write Time": 0.0, "Plans": [{"Node Type": "Seq Scan", "Parent Relationship": "Outer", "Parallel Aware": false, "Relation Name": "promotion", "Schema": "public", "Alias": "promotion", "Startup Cost": 0.0, "Total Cost": 11.0, "Plan Rows": 300, "Plan Width": 13, "Actual Startup Time": 0.471, "Actual Total Time": 1.057, "Actual Rows": 300, "Actual Loops": 1, "Output": ["promotion.p_cost", "promotion.p_item_sk", "promotion.p_end_date_sk"], "Shared Hit Blocks": 0, "Shared Read Blocks": 8, "Shared Dirtied Blocks": 0, "Shared Written Blocks": 0, "Local Hit Blocks": 0, "Local Read Blocks": 0, "Local Dirtied Blocks": 0, "Local Written Blocks": 0, "Temp Read Blocks": 0, "Temp Written Blocks": 0, "I/O Read Time": 0.979, "I/O Write Time": 0.0, "parent": "Sort"}], "parent": "Merge Join"}], "parent": "Sort"}], "parent": "Aggregate"}], "parent": "None"}, "Planning": {"Shared Hit Blocks": 153, "Shared Read Blocks": 20, "Shared Dirtied Blocks": 0, "Shared Written Blocks": 0, "Local Hit Blocks": 0, "Local Read Blocks": 0, "Local Dirtied Blocks": 0, "Local Written Blocks": 0, "Temp Read Blocks": 0, "Temp Written Blocks": 0, "I/O Read Time": 6.064, "I/O Write Time": 0.0}, "Planning Time": 7.564, "Triggers": [], "Execution Time": 28.566}, "config": {}}
{"query": "EXPLAIN (ANALYZE, COSTS, BUFFERS, VERBOSE, FORMAT JSON) select date_dim.d_week_seq, promotion.p_cost,  max(date_dim.d_fy_year) from promotion join date_dim on date_dim.d_date_sk=promotion.p_end_date_sk where date_dim.d_quarter_seq < 498 group by date_dim.d_week_seq, promotion.p_cost having max(date_dim.d_fy_year) < 3034 order by date_dim.d_week_seq ASC;", "planinfo": {"Plan": {"Node Type": "Aggregate", "Strategy": "Sorted", "Partial Mode": "Simple", "Parallel Aware": false, "Startup Cost": 1826.78, "Total Cost": 1831.45, "Plan Rows": 62, "Plan Width": 13, "Actual Startup Time": 28.929, "Actual Total Time": 29.097, "Actual Rows": 109, "Actual Loops": 1, "Output": ["date_dim.d_week_seq", "promotion.p_cost", "max(date_dim.d_fy_year)"], "Group Key": ["date_dim.d_week_seq", "promotion.p_cost"], "Filter": "(max(date_dim.d_fy_year) < 3034)", "Rows Removed by Filter": 0, "Shared Hit Blocks": 3, "Shared Read Blocks": 800, "Shared Dirtied Blocks": 0, "Shared Written Blocks": 0, "Local Hit Blocks": 0, "Local Read Blocks": 0, "Local Dirtied Blocks": 0, "Local Written Blocks": 0, "Temp Read Blocks": 0, "Temp Written Blocks": 0, "I/O Read Time": 11.402, "I/O Write Time": 0.0, "Plans": [{"Node Type": "Sort", "Parent Relationship": "Outer", "Parallel Aware": false, "Startup Cost": 1826.78, "Total Cost": 1827.25, "Plan Rows": 187, "Plan Width": 13, "Actual Startup Time": 28.921, "Actual Total Time": 28.938, "Actual Rows": 294, "Actual Loops": 1, "Output": ["date_dim.d_week_seq", "promotion.p_cost", "date_dim.d_fy_year"], "Sort Key": ["date_dim.d_week_seq", "promotion.p_cost"], "Sort Method": "quicksort", "Sort Space Used": 41, "Sort Space Type": "Memory", "Shared Hit Blocks": 3, "Shared Read Blocks": 800, "Shared Dirtied Blocks": 0, "Shared Written Blocks": 0, "Local Hit Blocks": 0, "Local Read Blocks": 0, "Local Dirtied Blocks": 0, "Local Written Blocks": 0, "Temp Read Blocks": 0, "Temp Written Blocks": 0, "I/O Read Time": 11.402, "I/O Write Time": 0.0, "Plans": [{"Node Type": "Merge Join", "Parent Relationship": "Outer", "Parallel Aware": false, "Join Type": "Inner", "Startup Cost": 1776.55, "Total Cost": 1819.72, "Plan Rows": 187, "Plan Width": 13, "Actual Startup Time": 27.976, "Actual Total Time": 28.717, "Actual Rows": 294, "Actual Loops": 1, "Output": ["date_dim.d_week_seq", "promotion.p_cost", "date_dim.d_fy_year"], "Inner Unique": false, "Merge Cond": "(date_dim.d_date_sk = promotion.p_end_date_sk)", "Shared Hit Blocks": 0, "Shared Read Blocks": 800, "Shared Dirtied Blocks": 0, "Shared Written Blocks": 0, "Local Hit Blocks": 0, "Local Read Blocks": 0, "Local Dirtied Blocks": 0, "Local Written Blocks": 0, "Temp Read Blocks": 0, "Temp Written Blocks": 0, "I/O Read Time": 11.402, "I/O Write Time": 0.0, "Plans": [{"Node Type": "Index Scan", "Parent Relationship": "Outer", "Parallel Aware": false, "Scan Direction": "Forward", "Index Name": "d_date_sk_idx", "Relation Name": "date_dim", "Schema": "public", "Alias": "date_dim", "Startup Cost": 0.29, "Total Cost": 3494.65, "Plan Rows": 45555, "Plan Width": 12, "Actual Startup Time": 0.921, "Actual Total Time": 22.565, "Actual Rows": 35935, "Actual Loops": 1, "Output": ["date_dim.d_date_sk", "date_dim.d_date_id", "date_dim.d_date", "date_dim.d_month_seq", "date_dim.d_week_seq", "date_dim.d_quarter_seq", "date_dim.d_year", "date_dim.d_dow", "date_dim.d_moy", "date_dim.d_dom", "date_dim.d_qoy", "date_dim.d_fy_year", "date_dim.d_fy_quarter_seq", "date_dim.d_fy_week_seq", "date_dim.d_day_name", "date_dim.d_quarter_name", "date_dim.d_holiday", "date_dim.d_weekend", "date_dim.d_following_holiday", "date_dim.d_first_dom", "date_dim.d_last_dom", "date_dim.d_same_day_ly", "date_dim.d_same_day_lq", "date_dim.d_current_day", "date_dim.d_current_week", "date_dim.d_current_month", "date_dim.d_current_quarter", "date_dim.d_current_year"], "Filter": "(date_dim.d_quarter_seq < 498)", "Rows Removed by Filter": 0, "Shared Hit Blocks": 0, "Shared Read Blocks": 792, "Shared Dirtied Blocks": 0, "Shared Written Blocks": 0, "Local Hit Blocks": 0, "Local Read Blocks": 0, "Local Dirtied Blocks": 0, "Local Written Blocks": 0, "Temp Read Blocks": 0, "Temp Written Blocks": 0, "I/O Read Time": 10.218, "I/O Write Time": 0.0, "parent": "Merge Join"}, {"Node Type": "Sort", "Parent Relationship": "Inner", "Parallel Aware": false, "Startup Cost": 23.34, "Total Cost": 24.09, "Plan Rows": 300, "Plan Width": 9, "Actual Startup Time": 1.357, "Actual Total Time": 1.39, "Actual Rows": 295, "Actual Loops": 1, "Output": ["promotion.p_cost", "promotion.p_end_date_sk"], "Sort Key": ["promotion.p_end_date_sk"], "Sort Method": "quicksort", "Sort Space Used": 41, "Sort Space Type": "Memory", "Shared Hit Blocks": 0, "Shared Read Blocks": 8, "Shared Dirtied Blocks": 0, "Shared Written Blocks": 0, "Local Hit Blocks": 0, "Local Read Blocks": 0, "Local Dirtied Blocks": 0, "Local Written Blocks": 0, "Temp Read Blocks": 0, "Temp Written Blocks": 0, "I/O Read Time": 1.184, "I/O Write Time": 0.0, "Plans": [{"Node Type": "Seq Scan", "Parent Relationship": "Outer", "Parallel Aware": false, "Relation Name": "promotion", "Schema": "public", "Alias": "promotion", "Startup Cost": 0.0, "Total Cost": 11.0, "Plan Rows": 300, "Plan Width": 9, "Actual Startup Time": 0.47, "Actual Total Time": 1.255, "Actual Rows": 300, "Actual Loops": 1, "Output": ["promotion.p_cost", "promotion.p_end_date_sk"], "Shared Hit Blocks": 0, "Shared Read Blocks": 8, "Shared Dirtied Blocks": 0, "Shared Written Blocks": 0, "Local Hit Blocks": 0, "Local Read Blocks": 0, "Local Dirtied Blocks": 0, "Local Written Blocks": 0, "Temp Read Blocks": 0, "Temp Written Blocks": 0, "I/O Read Time": 1.184, "I/O Write Time": 0.0, "parent": "Sort"}], "parent": "Merge Join"}], "parent": "Sort"}], "parent": "Aggregate"}], "parent": "None"}, "Planning": {"Shared Hit Blocks": 148, "Shared Read Blocks": 21, "Shared Dirtied Blocks": 0, "Shared Written Blocks": 0, "Local Hit Blocks": 0, "Local Read Blocks": 0, "Local Dirtied Blocks": 0, "Local Written Blocks": 0, "Temp Read Blocks": 0, "Temp Written Blocks": 0, "I/O Read Time": 6.825, "I/O Write Time": 0.0}, "Planning Time": 9.285, "Triggers": [], "Execution Time": 29.697}, "config": {}}
{"query": "EXPLAIN (ANALYZE, COSTS, BUFFERS, VERBOSE, FORMAT JSON) select date_dim.d_last_dom, promotion.p_cost,  avg(promotion.p_item_sk) from promotion join date_dim on date_dim.d_date_sk=promotion.p_end_date_sk group by date_dim.d_last_dom, promotion.p_cost order by promotion.p_cost DESC, date_dim.d_last_dom DESC;", "planinfo": {"Plan": {"Node Type": "Aggregate", "Strategy": "Sorted", "Partial Mode": "Simple", "Parallel Aware": false, "Startup Cost": 1776.57, "Total Cost": 1783.32, "Plan Rows": 300, "Plan Width": 41, "Actual Startup Time": 27.966, "Actual Total Time": 28.129, "Actual Rows": 30, "Actual Loops": 1, "Output": ["date_dim.d_last_dom", "promotion.p_cost", "avg(promotion.p_item_sk)"], "Group Key": ["promotion.p_cost", "date_dim.d_last_dom"], "Shared Hit Blocks": 3, "Shared Read Blocks": 800, "Shared Dirtied Blocks": 0, "Shared Written Blocks": 0, "Local Hit Blocks": 0, "Local Read Blocks": 0, "Local Dirtied Blocks": 0, "Local Written Blocks": 0, "Temp Read Blocks": 0, "Temp Written Blocks": 0, "I/O Read Time": 11.382, "I/O Write Time": 0.0, "Plans": [{"Node Type": "Sort", "Parent Relationship": "Outer", "Parallel Aware": false, "Startup Cost": 1776.57, "Total Cost": 1777.32, "Plan Rows": 300, "Plan Width": 13, "Actual Startup Time": 27.279, "Actual Total Time": 27.298, "Actual Rows": 294, "Actual Loops": 1, "Output": ["date_dim.d_last_dom", "promotion.p_cost", "promotion.p_item_sk"], "Sort Key": ["promotion.p_cost DESC", "date_dim.d_last_dom DESC"], "Sort Method": "quicksort", "Sort Space Used": 41, "Sort Space Type": "Memory", "Shared Hit Blocks": 3, "Shared Read Blocks": 800, "Shared Dirtied Blocks": 0, "Shared Written Blocks": 0, "Local Hit Blocks": 0, "Local Read Blocks": 0, "Local Dirtied Blocks": 0, "Local Written Blocks": 0, "Temp Read Blocks": 0, "Temp Written Blocks": 0, "I/O Read Time": 11.382, "I/O Write Time": 0.0, "Plans": [{"Node Type": "Merge Join", "Parent Relationship": "Outer", "Parallel Aware": false, "Join Type": "Inner", "Startup Cost": 1721.23, "Total Cost": 1764.23, "Plan Rows": 300, "Plan Width": 13, "Actual Startup Time": 26.222, "Actual Total Time": 26.949, "Actual Rows": 294, "Actual Loops": 1, "Output": ["date_dim.d_last_dom", "promotion.p_cost", "promotion.p_item_sk"], "Inner Unique": false, "Merge Cond": "(date_dim.d_date_sk = promotion.p_end_date_sk)", "Shared Hit Blocks": 0, "Shared Read Blocks": 800, "Shared Dirtied Blocks": 0, "Shared Written Blocks": 0, "Local Hit Blocks": 0, "Local Read Blocks": 0, "Local Dirtied Blocks": 0, "Local Written Blocks": 0, "Temp Read Blocks": 0, "Temp Written Blocks": 0, "I/O Read Time": 11.382, "I/O Write Time": 0.0, "Plans": [{"Node Type": "Index Scan", "Parent Relationship": "Outer", "Parallel Aware": false, "Scan Direction": "Forward", "Index Name": "d_date_sk_idx", "Relation Name": "date_dim", "Schema": "public", "Alias": "date_dim", "Startup Cost": 0.29, "Total Cost": 3312.03, "Plan Rows": 73049, "Plan Width": 8, "Actual Startup Time": 1.074, "Actual Total Time": 20.141, "Actual Rows": 35935, "Actual Loops": 1, "Output": ["date_dim.d_date_sk", "date_dim.d_date_id", "date_dim.d_date", "date_dim.d_month_seq", "date_dim.d_week_seq", "date_dim.d_quarter_seq", "date_dim.d_year", "date_dim.d_dow", "date_dim.d_moy", "date_dim.d_dom", "date_dim.d_qoy", "date_dim.d_fy_year", "date_dim.d_fy_quarter_seq", "date_dim.d_fy_week_seq", "date_dim.d_day_name", "date_dim.d_quarter_name", "date_dim.d_holiday", "date_dim.d_weekend", "date_dim.d_following_holiday", "date_dim.d_first_dom", "date_dim.d_last_dom", "date_dim.d_same_day_ly", "date_dim.d_same_day_lq", "date_dim.d_current_day", "date_dim.d_current_week", "date_dim.d_current_month", "date_dim.d_current_quarter", "date_dim.d_current_year"], "Shared Hit Blocks": 0, "Shared Read Blocks": 792, "Shared Dirtied Blocks": 0, "Shared Written Blocks": 0, "Local Hit Blocks": 0, "Local Read Blocks": 0, "Local Dirtied Blocks": 0, "Local Written Blocks": 0, "Temp Read Blocks": 0, "Temp Written Blocks": 0, "I/O Read Time": 10.369, "I/O Write Time": 0.0, "parent": "Merge Join"}, {"Node Type": "Sort", "Parent Relationship": "Inner", "Parallel Aware": false, "Startup Cost": 23.34, "Total Cost": 24.09, "Plan Rows": 300, "Plan Width": 13, "Actual Startup Time": 1.205, "Actual Total Time": 1.238, "Actual Rows": 295, "Actual Loops": 1, "Output": ["promotion.p_cost", "promotion.p_item_sk", "promotion.p_end_date_sk"], "Sort Key": ["promotion.p_end_date_sk"], "Sort Method": "quicksort", "Sort Space Used": 41, "Sort Space Type": "Memory", "Shared Hit Blocks": 0, "Shared Read Blocks": 8, "Shared Dirtied Blocks": 0, "Shared Written Blocks": 0, "Local Hit Blocks": 0, "Local Read Blocks": 0, "Local Dirtied Blocks": 0, "Local Written Blocks": 0, "Temp Read Blocks": 0, "Temp Written Blocks": 0, "I/O Read Time": 1.013, "I/O Write Time": 0.0, "Plans": [{"Node Type": "Seq Scan", "Parent Relationship": "Outer", "Parallel Aware": false, "Relation Name": "promotion", "Schema": "public", "Alias": "promotion", "Startup Cost": 0.0, "Total Cost": 11.0, "Plan Rows": 300, "Plan Width": 13, "Actual Startup Time": 0.455, "Actual Total Time": 1.083, "Actual Rows": 300, "Actual Loops": 1, "Output": ["promotion.p_cost", "promotion.p_item_sk", "promotion.p_end_date_sk"], "Shared Hit Blocks": 0, "Shared Read Blocks": 8, "Shared Dirtied Blocks": 0, "Shared Written Blocks": 0, "Local Hit Blocks": 0, "Local Read Blocks": 0, "Local Dirtied Blocks": 0, "Local Written Blocks": 0, "Temp Read Blocks": 0, "Temp Written Blocks": 0, "I/O Read Time": 1.013, "I/O Write Time": 0.0, "parent": "Sort"}], "parent": "Merge Join"}], "parent": "Sort"}], "parent": "Aggregate"}], "parent": "None"}, "Planning": {"Shared Hit Blocks": 158, "Shared Read Blocks": 21, "Shared Dirtied Blocks": 0, "Shared Written Blocks": 0, "Local Hit Blocks": 0, "Local Read Blocks": 0, "Local Dirtied Blocks": 0, "Local Written Blocks": 0, "Temp Read Blocks": 0, "Temp Written Blocks": 0, "I/O Read Time": 8.253, "I/O Write Time": 0.0}, "Planning Time": 9.575, "Triggers": [], "Execution Time": 28.736}, "config": {}}
{"query": "EXPLAIN (ANALYZE, COSTS, BUFFERS, VERBOSE, FORMAT JSON) select promotion.p_cost, date_dim.d_dom,  max(date_dim.d_same_day_ly) from date_dim join promotion on promotion.p_end_date_sk=date_dim.d_date_sk where date_dim.d_year > 1925 group by promotion.p_cost, date_dim.d_dom order by promotion.p_cost DESC, date_dim.d_dom DESC;", "planinfo": {"Plan": {"Node Type": "Aggregate", "Strategy": "Sorted", "Partial Mode": "Simple", "Parallel Aware": false, "Startup Cost": 1853.68, "Total Cost": 1856.61, "Plan Rows": 31, "Plan Width": 13, "Actual Startup Time": 27.64, "Actual Total Time": 27.781, "Actual Rows": 33, "Actual Loops": 1, "Output": ["promotion.p_cost", "date_dim.d_dom", "max(date_dim.d_same_day_ly)"], "Group Key": ["promotion.p_cost", "date_dim.d_dom"], "Shared Hit Blocks": 3, "Shared Read Blocks": 800, "Shared Dirtied Blocks": 0, "Shared Written Blocks": 0, "Local Hit Blocks": 0, "Local Read Blocks": 0, "Local Dirtied Blocks": 0, "Local Written Blocks": 0, "Temp Read Blocks": 0, "Temp Written Blocks": 0, "I/O Read Time": 11.399, "I/O Write Time": 0.0, "Plans": [{"Node Type": "Sort", "Parent Relationship": "Outer", "Parallel Aware": false, "Startup Cost": 1853.68, "Total Cost": 1854.33, "Plan Rows": 262, "Plan Width": 13, "Actual Startup Time": 27.632, "Actual Total Time": 27.653, "Actual Rows": 294, "Actual Loops": 1, "Output": ["promotion.p_cost", "date_dim.d_dom", "date_dim.d_same_day_ly"], "Sort Key": ["promotion.p_cost DESC", "date_dim.d_dom DESC"], "Sort Method": "quicksort", "Sort Space Used": 41, "Sort Space Type": "Memory", "Shared Hit Blocks": 3, "Shared Read Blocks": 800, "Shared Dirtied Blocks": 0, "Shared Written Blocks": 0, "Local Hit Blocks": 0, "Local Read Blocks": 0, "Local Dirtied Blocks": 0, "Local Written Blocks": 0, "Temp Read Blocks": 0, "Temp Written Blocks": 0, "I/O Read Time": 11.399, "I/O Write Time": 0.0, "Plans": [{"Node Type": "Merge Join", "Parent Relationship": "Outer", "Parallel Aware": false, "Join Type": "Inner", "Startup Cost": 1798.79, "Total Cost": 1843.15, "Plan Rows": 262, "Plan Width": 13, "Actual Startup Time": 26.506, "Actual Total Time": 27.265, "Actual Rows": 294, "Actual Loops": 1, "Output": ["promotion.p_cost", "date_dim.d_dom", "date_dim.d_same_day_ly"], "Inner Unique": false, "Merge Cond": "(date_dim.d_date_sk = promotion.p_end_date_sk)", "Shared Hit Blocks": 0, "Shared Read Blocks": 800, "Shared Dirtied Blocks": 0, "Shared Written Blocks": 0, "Local Hit Blocks": 0, "Local Read Blocks": 0, "Local Dirtied Blocks": 0, "Local Written Blocks": 0, "Temp Read Blocks": 0, "Temp Written Blocks": 0, "I/O Read Time": 11.399, "I/O Write Time": 0.0, "Plans": [{"Node Type": "Index Scan", "Parent Relationship": "Outer", "Parallel Aware": false, "Scan Direction": "Forward", "Index Name": "d_date_sk_idx", "Relation Name": "date_dim", "Schema": "public", "Alias": "date_dim", "Startup Cost": 0.29, "Total Cost": 3494.65, "Plan Rows": 63841, "Plan Width": 12, "Actual Startup Time": 7.366, "Actual Total Time": 22.563, "Actual Rows": 26440, "Actual Loops": 1, "Output": ["date_dim.d_date_sk", "date_dim.d_date_id", "date_dim.d_date", "date_dim.d_month_seq", "date_dim.d_week_seq", "date_dim.d_quarter_seq", "date_dim.d_year", "date_dim.d_dow", "date_dim.d_moy", "date_dim.d_dom", "date_dim.d_qoy", "date_dim.d_fy_year", "date_dim.d_fy_quarter_seq", "date_dim.d_fy_week_seq", "date_dim.d_day_name", "date_dim.d_quarter_name", "date_dim.d_holiday", "date_dim.d_weekend", "date_dim.d_following_holiday", "date_dim.d_first_dom", "date_dim.d_last_dom", "date_dim.d_same_day_ly", "date_dim.d_same_day_lq", "date_dim.d_current_day", "date_dim.d_current_week", "date_dim.d_current_month", "date_dim.d_current_quarter", "date_dim.d_current_year"], "Filter": "(date_dim.d_year > 1925)", "Rows Removed by Filter": 9495, "Shared Hit Blocks": 0, "Shared Read Blocks": 792, "Shared Dirtied Blocks": 0, "Shared Written Blocks": 0, "Local Hit Blocks": 0, "Local Read Blocks": 0, "Local Dirtied Blocks": 0, "Local Written Blocks": 0, "Temp Read Blocks": 0, "Temp Written Blocks": 0, "I/O Read Time": 10.369, "I/O Write Time": 0.0, "parent": "Merge Join"}, {"Node Type": "Sort", "Parent Relationship": "Inner", "Parallel Aware": false, "Startup Cost": 23.34, "Total Cost": 24.09, "Plan Rows": 300, "Plan Width": 9, "Actual Startup Time": 1.206, "Actual Total Time": 1.24, "Actual Rows": 295, "Actual Loops": 1, "Output": ["promotion.p_cost", "promotion.p_end_date_sk"], "Sort Key": ["promotion.p_end_date_sk"], "Sort Method": "quicksort", "Sort Space Used": 41, "Sort Space Type": "Memory", "Shared Hit Blocks": 0, "Shared Read Blocks": 8, "Shared Dirtied Blocks": 0, "Shared Written Blocks": 0, "Local Hit Blocks": 0, "Local Read Blocks": 0, "Local Dirtied Blocks": 0, "Local Written Blocks": 0, "Temp Read Blocks": 0, "Temp Written Blocks": 0, "I/O Read Time": 1.03, "I/O Write Time": 0.0, "Plans": [{"Node Type": "Seq Scan", "Parent Relationship": "Outer", "Parallel Aware": false, "Relation Name": "promotion", "Schema": "public", "Alias": "promotion", "Startup Cost": 0.0, "Total Cost": 11.0, "Plan Rows": 300, "Plan Width": 9, "Actual Startup Time": 0.504, "Actual Total Time": 1.099, "Actual Rows": 300, "Actual Loops": 1, "Output": ["promotion.p_cost", "promotion.p_end_date_sk"], "Shared Hit Blocks": 0, "Shared Read Blocks": 8, "Shared Dirtied Blocks": 0, "Shared Written Blocks": 0, "Local Hit Blocks": 0, "Local Read Blocks": 0, "Local Dirtied Blocks": 0, "Local Written Blocks": 0, "Temp Read Blocks": 0, "Temp Written Blocks": 0, "I/O Read Time": 1.03, "I/O Write Time": 0.0, "parent": "Sort"}], "parent": "Merge Join"}], "parent": "Sort"}], "parent": "Aggregate"}], "parent": "None"}, "Planning": {"Shared Hit Blocks": 155, "Shared Read Blocks": 21, "Shared Dirtied Blocks": 0, "Shared Written Blocks": 0, "Local Hit Blocks": 0, "Local Read Blocks": 0, "Local Dirtied Blocks": 0, "Local Written Blocks": 0, "Temp Read Blocks": 0, "Temp Written Blocks": 0, "I/O Read Time": 6.957, "I/O Write Time": 0.0}, "Planning Time": 10.031, "Triggers": [], "Execution Time": 28.376}, "config": {}}
{"query": "EXPLAIN (ANALYZE, COSTS, BUFFERS, VERBOSE, FORMAT JSON) select date_dim.d_dom, promotion.p_start_date_sk,  avg(promotion.p_cost) from date_dim join promotion on promotion.p_end_date_sk=date_dim.d_date_sk group by date_dim.d_dom, promotion.p_start_date_sk having avg(promotion.p_cost) != 495;", "planinfo": {"Plan": {"Node Type": "Aggregate", "Strategy": "Sorted", "Partial Mode": "Simple", "Parallel Aware": false, "Startup Cost": 1776.57, "Total Cost": 1785.57, "Plan Rows": 298, "Plan Width": 40, "Actual Startup Time": 26.812, "Actual Total Time": 27.284, "Actual Rows": 290, "Actual Loops": 1, "Output": ["date_dim.d_dom", "promotion.p_start_date_sk", "avg(promotion.p_cost)"], "Group Key": ["date_dim.d_dom", "promotion.p_start_date_sk"], "Filter": "(avg(promotion.p_cost) <> '495'::numeric)", "Rows Removed by Filter": 2, "Shared Hit Blocks": 0, "Shared Read Blocks": 800, "Shared Dirtied Blocks": 0, "Shared Written Blocks": 0, "Local Hit Blocks": 0, "Local Read Blocks": 0, "Local Dirtied Blocks": 0, "Local Written Blocks": 0, "Temp Read Blocks": 0, "Temp Written Blocks": 0, "I/O Read Time": 11.433, "I/O Write Time": 0.0, "Plans": [{"Node Type": "Sort", "Parent Relationship": "Outer", "Parallel Aware": false, "Startup Cost": 1776.57, "Total Cost": 1777.32, "Plan Rows": 300, "Plan Width": 13, "Actual Startup Time": 26.796, "Actual Total Time": 26.814, "Actual Rows": 294, "Actual Loops": 1, "Output": ["date_dim.d_dom", "promotion.p_start_date_sk", "promotion.p_cost"], "Sort Key": ["date_dim.d_dom", "promotion.p_start_date_sk"], "Sort Method": "quicksort", "Sort Space Used": 41, "Sort Space Type": "Memory", "Shared Hit Blocks": 0, "Shared Read Blocks": 800, "Shared Dirtied Blocks": 0, "Shared Written Blocks": 0, "Local Hit Blocks": 0, "Local Read Blocks": 0, "Local Dirtied Blocks": 0, "Local Written Blocks": 0, "Temp Read Blocks": 0, "Temp Written Blocks": 0, "I/O Read Time": 11.433, "I/O Write Time": 0.0, "Plans": [{"Node Type": "Merge Join", "Parent Relationship": "Outer", "Parallel Aware": false, "Join Type": "Inner", "Startup Cost": 1721.23, "Total Cost": 1764.23, "Plan Rows": 300, "Plan Width": 13, "Actual Startup Time": 25.955, "Actual Total Time": 26.648, "Actual Rows": 294, "Actual Loops": 1, "Output": ["date_dim.d_dom", "promotion.p_start_date_sk", "promotion.p_cost"], "Inner Unique": false, "Merge Cond": "(date_dim.d_date_sk = promotion.p_end_date_sk)", "Shared Hit Blocks": 0, "Shared Read Blocks": 800, "Shared Dirtied Blocks": 0, "Shared Written Blocks": 0, "Local Hit Blocks": 0, "Local Read Blocks": 0, "Local Dirtied Blocks": 0, "Local Written Blocks": 0, "Temp Read Blocks": 0, "Temp Written Blocks": 0, "I/O Read Time": 11.433, "I/O Write Time": 0.0, "Plans": [{"Node Type": "Index Scan", "Parent Relationship": "Outer", "Parallel Aware": false, "Scan Direction": "Forward", "Index Name": "d_date_sk_idx", "Relation Name": "date_dim", "Schema": "public", "Alias": "date_dim", "Startup Cost": 0.29, "Total Cost": 3312.03, "Plan Rows": 73049, "Plan Width": 8, "Actual Startup Time": 0.929, "Actual Total Time": 20.055, "Actual Rows": 35935, "Actual Loops": 1, "Output": ["date_dim.d_date_sk", "date_dim.d_date_id", "date_dim.d_date", "date_dim.d_month_seq", "date_dim.d_week_seq", "date_dim.d_quarter_seq", "date_dim.d_year", "date_dim.d_dow", "date_dim.d_moy", "date_dim.d_dom", "date_dim.d_qoy", "date_dim.d_fy_year", "date_dim.d_fy_quarter_seq", "date_dim.d_fy_week_seq", "date_dim.d_day_name", "date_dim.d_quarter_name", "date_dim.d_holiday", "date_dim.d_weekend", "date_dim.d_following_holiday", "date_dim.d_first_dom", "date_dim.d_last_dom", "date_dim.d_same_day_ly", "date_dim.d_same_day_lq", "date_dim.d_current_day", "date_dim.d_current_week", "date_dim.d_current_month", "date_dim.d_current_quarter", "date_dim.d_current_year"], "Shared Hit Blocks": 0, "Shared Read Blocks": 792, "Shared Dirtied Blocks": 0, "Shared Written Blocks": 0, "Local Hit Blocks": 0, "Local Read Blocks": 0, "Local Dirtied Blocks": 0, "Local Written Blocks": 0, "Temp Read Blocks": 0, "Temp Written Blocks": 0, "I/O Read Time": 10.465, "I/O Write Time": 0.0, "parent": "Merge Join"}, {"Node Type": "Sort", "Parent Relationship": "Inner", "Parallel Aware": false, "Startup Cost": 23.34, "Total Cost": 24.09, "Plan Rows": 300, "Plan Width": 13, "Actual Startup Time": 1.162, "Actual Total Time": 1.196, "Actual Rows": 295, "Actual Loops": 1, "Output": ["promotion.p_start_date_sk", "promotion.p_cost", "promotion.p_end_date_sk"], "Sort Key": ["promotion.p_end_date_sk"], "Sort Method": "quicksort", "Sort Space Used": 41, "Sort Space Type": "Memory", "Shared Hit Blocks": 0, "Shared Read Blocks": 8, "Shared Dirtied Blocks": 0, "Shared Written Blocks": 0, "Local Hit Blocks": 0, "Local Read Blocks": 0, "Local Dirtied Blocks": 0, "Local Written Blocks": 0, "Temp Read Blocks": 0, "Temp Written Blocks": 0, "I/O Read Time": 0.969, "I/O Write Time": 0.0, "Plans": [{"Node Type": "Seq Scan", "Parent Relationship": "Outer", "Parallel Aware": false, "Relation Name": "promotion", "Schema": "public", "Alias": "promotion", "Startup Cost": 0.0, "Total Cost": 11.0, "Plan Rows": 300, "Plan Width": 13, "Actual Startup Time": 0.457, "Actual Total Time": 1.044, "Actual Rows": 300, "Actual Loops": 1, "Output": ["promotion.p_start_date_sk", "promotion.p_cost", "promotion.p_end_date_sk"], "Shared Hit Blocks": 0, "Shared Read Blocks": 8, "Shared Dirtied Blocks": 0, "Shared Written Blocks": 0, "Local Hit Blocks": 0, "Local Read Blocks": 0, "Local Dirtied Blocks": 0, "Local Written Blocks": 0, "Temp Read Blocks": 0, "Temp Written Blocks": 0, "I/O Read Time": 0.969, "I/O Write Time": 0.0, "parent": "Sort"}], "parent": "Merge Join"}], "parent": "Sort"}], "parent": "Aggregate"}], "parent": "None"}, "Planning": {"Shared Hit Blocks": 147, "Shared Read Blocks": 19, "Shared Dirtied Blocks": 0, "Shared Written Blocks": 0, "Local Hit Blocks": 0, "Local Read Blocks": 0, "Local Dirtied Blocks": 0, "Local Written Blocks": 0, "Temp Read Blocks": 0, "Temp Written Blocks": 0, "I/O Read Time": 7.17, "I/O Write Time": 0.0}, "Planning Time": 9.305, "Triggers": [], "Execution Time": 27.428}, "config": {}}
{"query": "EXPLAIN (ANALYZE, COSTS, BUFFERS, VERBOSE, FORMAT JSON) select promotion.p_cost, date_dim.d_year,  avg(promotion.p_end_date_sk) from date_dim join promotion on promotion.p_end_date_sk=date_dim.d_date_sk group by promotion.p_cost, date_dim.d_year;", "planinfo": {"Plan": {"Node Type": "Aggregate", "Strategy": "Sorted", "Partial Mode": "Simple", "Parallel Aware": false, "Startup Cost": 1776.57, "Total Cost": 1782.08, "Plan Rows": 201, "Plan Width": 41, "Actual Startup Time": 27.538, "Actual Total Time": 27.626, "Actual Rows": 5, "Actual Loops": 1, "Output": ["promotion.p_cost", "date_dim.d_year", "avg(promotion.p_end_date_sk)"], "Group Key": ["promotion.p_cost", "date_dim.d_year"], "Shared Hit Blocks": 3, "Shared Read Blocks": 800, "Shared Dirtied Blocks": 0, "Shared Written Blocks": 0, "Local Hit Blocks": 0, "Local Read Blocks": 0, "Local Dirtied Blocks": 0, "Local Written Blocks": 0, "Temp Read Blocks": 0, "Temp Written Blocks": 0, "I/O Read Time": 11.795, "I/O Write Time": 0.0, "Plans": [{"Node Type": "Sort", "Parent Relationship": "Outer", "Parallel Aware": false, "Startup Cost": 1776.57, "Total Cost": 1777.32, "Plan Rows": 300, "Plan Width": 13, "Actual Startup Time": 27.02, "Actual Total Time": 27.038, "Actual Rows": 294, "Actual Loops": 1, "Output": ["promotion.p_cost", "date_dim.d_year", "promotion.p_end_date_sk"], "Sort Key": ["promotion.p_cost", "date_dim.d_year"], "Sort Method": "quicksort", "Sort Space Used": 41, "Sort Space Type": "Memory", "Shared Hit Blocks": 3, "Shared Read Blocks": 800, "Shared Dirtied Blocks": 0, "Shared Written Blocks": 0, "Local Hit Blocks": 0, "Local Read Blocks": 0, "Local Dirtied Blocks": 0, "Local Written Blocks": 0, "Temp Read Blocks": 0, "Temp Written Blocks": 0, "I/O Read Time": 11.795, "I/O Write Time": 0.0, "Plans": [{"Node Type": "Merge Join", "Parent Relationship": "Outer", "Parallel Aware": false, "Join Type": "Inner", "Startup Cost": 1721.23, "Total Cost": 1764.23, "Plan Rows": 300, "Plan Width": 13, "Actual Startup Time": 26.071, "Actual Total Time": 26.774, "Actual Rows": 294, "Actual Loops": 1, "Output": ["promotion.p_cost", "date_dim.d_year", "promotion.p_end_date_sk"], "Inner Unique": false, "Merge Cond": "(date_dim.d_date_sk = promotion.p_end_date_sk)", "Shared Hit Blocks": 0, "Shared Read Blocks": 800, "Shared Dirtied Blocks": 0, "Shared Written Blocks": 0, "Local Hit Blocks": 0, "Local Read Blocks": 0, "Local Dirtied Blocks": 0, "Local Written Blocks": 0, "Temp Read Blocks": 0, "Temp Written Blocks": 0, "I/O Read Time": 11.795, "I/O Write Time": 0.0, "Plans": [{"Node Type": "Index Scan", "Parent Relationship": "Outer", "Parallel Aware": false, "Scan Direction": "Forward", "Index Name": "d_date_sk_idx", "Relation Name": "date_dim", "Schema": "public", "Alias": "date_dim", "Startup Cost": 0.29, "Total Cost": 3312.03, "Plan Rows": 73049, "Plan Width": 8, "Actual Startup Time": 0.915, "Actual Total Time": 20.284, "Actual Rows": 35935, "Actual Loops": 1, "Output": ["date_dim.d_date_sk", "date_dim.d_date_id", "date_dim.d_date", "date_dim.d_month_seq", "date_dim.d_week_seq", "date_dim.d_quarter_seq", "date_dim.d_year", "date_dim.d_dow", "date_dim.d_moy", "date_dim.d_dom", "date_dim.d_qoy", "date_dim.d_fy_year", "date_dim.d_fy_quarter_seq", "date_dim.d_fy_week_seq", "date_dim.d_day_name", "date_dim.d_quarter_name", "date_dim.d_holiday", "date_dim.d_weekend", "date_dim.d_following_holiday", "date_dim.d_first_dom", "date_dim.d_last_dom", "date_dim.d_same_day_ly", "date_dim.d_same_day_lq", "date_dim.d_current_day", "date_dim.d_current_week", "date_dim.d_current_month", "date_dim.d_current_quarter", "date_dim.d_current_year"], "Shared Hit Blocks": 0, "Shared Read Blocks": 792, "Shared Dirtied Blocks": 0, "Shared Written Blocks": 0, "Local Hit Blocks": 0, "Local Read Blocks": 0, "Local Dirtied Blocks": 0, "Local Written Blocks": 0, "Temp Read Blocks": 0, "Temp Written Blocks": 0, "I/O Read Time": 10.822, "I/O Write Time": 0.0, "parent": "Merge Join"}, {"Node Type": "Sort", "Parent Relationship": "Inner", "Parallel Aware": false, "Startup Cost": 23.34, "Total Cost": 24.09, "Plan Rows": 300, "Plan Width": 9, "Actual Startup Time": 1.158, "Actual Total Time": 1.193, "Actual Rows": 295, "Actual Loops": 1, "Output": ["promotion.p_cost", "promotion.p_end_date_sk"], "Sort Key": ["promotion.p_end_date_sk"], "Sort Method": "quicksort", "Sort Space Used": 41, "Sort Space Type": "Memory", "Shared Hit Blocks": 0, "Shared Read Blocks": 8, "Shared Dirtied Blocks": 0, "Shared Written Blocks": 0, "Local Hit Blocks": 0, "Local Read Blocks": 0, "Local Dirtied Blocks": 0, "Local Written Blocks": 0, "Temp Read Blocks": 0, "Temp Written Blocks": 0, "I/O Read Time": 0.972, "I/O Write Time": 0.0, "Plans": [{"Node Type": "Seq Scan", "Parent Relationship": "Outer", "Parallel Aware": false, "Relation Name": "promotion", "Schema": "public", "Alias": "promotion", "Startup Cost": 0.0, "Total Cost": 11.0, "Plan Rows": 300, "Plan Width": 9, "Actual Startup Time": 0.464, "Actual Total Time": 1.04, "Actual Rows": 300, "Actual Loops": 1, "Output": ["promotion.p_cost", "promotion.p_end_date_sk"], "Shared Hit Blocks": 0, "Shared Read Blocks": 8, "Shared Dirtied Blocks": 0, "Shared Written Blocks": 0, "Local Hit Blocks": 0, "Local Read Blocks": 0, "Local Dirtied Blocks": 0, "Local Written Blocks": 0, "Temp Read Blocks": 0, "Temp Written Blocks": 0, "I/O Read Time": 0.972, "I/O Write Time": 0.0, "parent": "Sort"}], "parent": "Merge Join"}], "parent": "Sort"}], "parent": "Aggregate"}], "parent": "None"}, "Planning": {"Shared Hit Blocks": 152, "Shared Read Blocks": 20, "Shared Dirtied Blocks": 0, "Shared Written Blocks": 0, "Local Hit Blocks": 0, "Local Read Blocks": 0, "Local Dirtied Blocks": 0, "Local Written Blocks": 0, "Temp Read Blocks": 0, "Temp Written Blocks": 0, "I/O Read Time": 6.087, "I/O Write Time": 0.0}, "Planning Time": 7.374, "Triggers": [], "Execution Time": 28.228}, "config": {}}
{"query": "EXPLAIN (ANALYZE, COSTS, BUFFERS, VERBOSE, FORMAT JSON) select date_dim.d_fy_year, promotion.p_end_date_sk,  avg(promotion.p_cost) from promotion join date_dim on date_dim.d_date_sk=promotion.p_end_date_sk group by date_dim.d_fy_year, promotion.p_end_date_sk having avg(promotion.p_cost) >= 495;", "planinfo": {"Plan": {"Node Type": "Aggregate", "Strategy": "Sorted", "Partial Mode": "Simple", "Parallel Aware": false, "Startup Cost": 1776.57, "Total Cost": 1785.57, "Plan Rows": 100, "Plan Width": 40, "Actual Startup Time": 26.991, "Actual Total Time": 27.41, "Actual Rows": 247, "Actual Loops": 1, "Output": ["date_dim.d_fy_year", "promotion.p_end_date_sk", "avg(promotion.p_cost)"], "Group Key": ["date_dim.d_fy_year", "promotion.p_end_date_sk"], "Filter": "(avg(promotion.p_cost) >= '495'::numeric)", "Rows Removed by Filter": 2, "Shared Hit Blocks": 0, "Shared Read Blocks": 800, "Shared Dirtied Blocks": 0, "Shared Written Blocks": 0, "Local Hit Blocks": 0, "Local Read Blocks": 0, "Local Dirtied Blocks": 0, "Local Written Blocks": 0, "Temp Read Blocks": 0, "Temp Written Blocks": 0, "I/O Read Time": 11.889, "I/O Write Time": 0.0, "Plans": [{"Node Type": "Sort", "Parent Relationship": "Outer", "Parallel Aware": false, "Startup Cost": 1776.57, "Total Cost": 1777.32, "Plan Rows": 300, "Plan Width": 13, "Actual Startup Time": 26.974, "Actual Total Time": 26.992, "Actual Rows": 294, "Actual Loops": 1, "Output": ["date_dim.d_fy_year", "promotion.p_end_date_sk", "promotion.p_cost"], "Sort Key": ["date_dim.d_fy_year", "promotion.p_end_date_sk"], "Sort Method": "quicksort", "Sort Space Used": 41, "Sort Space Type": "Memory", "Shared Hit Blocks": 0, "Shared Read Blocks": 800, "Shared Dirtied Blocks": 0, "Shared Written Blocks": 0, "Local Hit Blocks": 0, "Local Read Blocks": 0, "Local Dirtied Blocks": 0, "Local Written Blocks": 0, "Temp Read Blocks": 0, "Temp Written Blocks": 0, "I/O Read Time": 11.889, "I/O Write Time": 0.0, "Plans": [{"Node Type": "Merge Join", "Parent Relationship": "Outer", "Parallel Aware": false, "Join Type": "Inner", "Startup Cost": 1721.23, "Total Cost": 1764.23, "Plan Rows": 300, "Plan Width": 13, "Actual Startup Time": 26.184, "Actual Total Time": 26.874, "Actual Rows": 294, "Actual Loops": 1, "Output": ["date_dim.d_fy_year", "promotion.p_end_date_sk", "promotion.p_cost"], "Inner Unique": false, "Merge Cond": "(date_dim.d_date_sk = promotion.p_end_date_sk)", "Shared Hit Blocks": 0, "Shared Read Blocks": 800, "Shared Dirtied Blocks": 0, "Shared Written Blocks": 0, "Local Hit Blocks": 0, "Local Read Blocks": 0, "Local Dirtied Blocks": 0, "Local Written Blocks": 0, "Temp Read Blocks": 0, "Temp Written Blocks": 0, "I/O Read Time": 11.889, "I/O Write Time": 0.0, "Plans": [{"Node Type": "Index Scan", "Parent Relationship": "Outer", "Parallel Aware": false, "Scan Direction": "Forward", "Index Name": "d_date_sk_idx", "Relation Name": "date_dim", "Schema": "public", "Alias": "date_dim", "Startup Cost": 0.29, "Total Cost": 3312.03, "Plan Rows": 73049, "Plan Width": 8, "Actual Startup Time": 1.053, "Actual Total Time": 20.332, "Actual Rows": 35935, "Actual Loops": 1, "Output": ["date_dim.d_date_sk", "date_dim.d_date_id", "date_dim.d_date", "date_dim.d_month_seq", "date_dim.d_week_seq", "date_dim.d_quarter_seq", "date_dim.d_year", "date_dim.d_dow", "date_dim.d_moy", "date_dim.d_dom", "date_dim.d_qoy", "date_dim.d_fy_year", "date_dim.d_fy_quarter_seq", "date_dim.d_fy_week_seq", "date_dim.d_day_name", "date_dim.d_quarter_name", "date_dim.d_holiday", "date_dim.d_weekend", "date_dim.d_following_holiday", "date_dim.d_first_dom", "date_dim.d_last_dom", "date_dim.d_same_day_ly", "date_dim.d_same_day_lq", "date_dim.d_current_day", "date_dim.d_current_week", "date_dim.d_current_month", "date_dim.d_current_quarter", "date_dim.d_current_year"], "Shared Hit Blocks": 0, "Shared Read Blocks": 792, "Shared Dirtied Blocks": 0, "Shared Written Blocks": 0, "Local Hit Blocks": 0, "Local Read Blocks": 0, "Local Dirtied Blocks": 0, "Local Written Blocks": 0, "Temp Read Blocks": 0, "Temp Written Blocks": 0, "I/O Read Time": 10.838, "I/O Write Time": 0.0, "parent": "Merge Join"}, {"Node Type": "Sort", "Parent Relationship": "Inner", "Parallel Aware": false, "Startup Cost": 23.34, "Total Cost": 24.09, "Plan Rows": 300, "Plan Width": 9, "Actual Startup Time": 1.221, "Actual Total Time": 1.252, "Actual Rows": 295, "Actual Loops": 1, "Output": ["promotion.p_end_date_sk", "promotion.p_cost"], "Sort Key": ["promotion.p_end_date_sk"], "Sort Method": "quicksort", "Sort Space Used": 41, "Sort Space Type": "Memory", "Shared Hit Blocks": 0, "Shared Read Blocks": 8, "Shared Dirtied Blocks": 0, "Shared Written Blocks": 0, "Local Hit Blocks": 0, "Local Read Blocks": 0, "Local Dirtied Blocks": 0, "Local Written Blocks": 0, "Temp Read Blocks": 0, "Temp Written Blocks": 0, "I/O Read Time": 1.05, "I/O Write Time": 0.0, "Plans": [{"Node Type": "Seq Scan", "Parent Relationship": "Outer", "Parallel Aware": false, "Relation Name": "promotion", "Schema": "public", "Alias": "promotion", "Startup Cost": 0.0, "Total Cost": 11.0, "Plan Rows": 300, "Plan Width": 9, "Actual Startup Time": 0.457, "Actual Total Time": 1.119, "Actual Rows": 300, "Actual Loops": 1, "Output": ["promotion.p_end_date_sk", "promotion.p_cost"], "Shared Hit Blocks": 0, "Shared Read Blocks": 8, "Shared Dirtied Blocks": 0, "Shared Written Blocks": 0, "Local Hit Blocks": 0, "Local Read Blocks": 0, "Local Dirtied Blocks": 0, "Local Written Blocks": 0, "Temp Read Blocks": 0, "Temp Written Blocks": 0, "I/O Read Time": 1.05, "I/O Write Time": 0.0, "parent": "Sort"}], "parent": "Merge Join"}], "parent": "Sort"}], "parent": "Aggregate"}], "parent": "None"}, "Planning": {"Shared Hit Blocks": 144, "Shared Read Blocks": 19, "Shared Dirtied Blocks": 0, "Shared Written Blocks": 0, "Local Hit Blocks": 0, "Local Read Blocks": 0, "Local Dirtied Blocks": 0, "Local Written Blocks": 0, "Temp Read Blocks": 0, "Temp Written Blocks": 0, "I/O Read Time": 7.201, "I/O Write Time": 0.0}, "Planning Time": 8.971, "Triggers": [], "Execution Time": 27.554}, "config": {}}
{"query": "EXPLAIN (ANALYZE, COSTS, BUFFERS, VERBOSE, FORMAT JSON) select date_dim.d_year, promotion.p_item_sk,  sum(promotion.p_cost) from promotion join date_dim on date_dim.d_date_sk=promotion.p_end_date_sk group by date_dim.d_year, promotion.p_item_sk;", "planinfo": {"Plan": {"Node Type": "Aggregate", "Strategy": "Sorted", "Partial Mode": "Simple", "Parallel Aware": false, "Startup Cost": 1776.57, "Total Cost": 1783.32, "Plan Rows": 300, "Plan Width": 40, "Actual Startup Time": 28.785, "Actual Total Time": 29.117, "Actual Rows": 292, "Actual Loops": 1, "Output": ["date_dim.d_year", "promotion.p_item_sk", "sum(promotion.p_cost)"], "Group Key": ["date_dim.d_year", "promotion.p_item_sk"], "Shared Hit Blocks": 0, "Shared Read Blocks": 800, "Shared Dirtied Blocks": 0, "Shared Written Blocks": 0, "Local Hit Blocks": 0, "Local Read Blocks": 0, "Local Dirtied Blocks": 0, "Local Written Blocks": 0, "Temp Read Blocks": 0, "Temp Written Blocks": 0, "I/O Read Time": 12.884, "I/O Write Time": 0.0, "Plans": [{"Node Type": "Sort", "Parent Relationship": "Outer", "Parallel Aware": false, "Startup Cost": 1776.57, "Total Cost": 1777.32, "Plan Rows": 300, "Plan Width": 13, "Actual Startup Time": 28.307, "Actual Total Time": 28.326, "Actual Rows": 294, "Actual Loops": 1, "Output": ["date_dim.d_year", "promotion.p_item_sk", "promotion.p_cost"], "Sort Key": ["date_dim.d_year", "promotion.p_item_sk"], "Sort Method": "quicksort", "Sort Space Used": 41, "Sort Space Type": "Memory", "Shared Hit Blocks": 0, "Shared Read Blocks": 800, "Shared Dirtied Blocks": 0, "Shared Written Blocks": 0, "Local Hit Blocks": 0, "Local Read Blocks": 0, "Local Dirtied Blocks": 0, "Local Written Blocks": 0, "Temp Read Blocks": 0, "Temp Written Blocks": 0, "I/O Read Time": 12.884, "I/O Write Time": 0.0, "Plans": [{"Node Type": "Merge Join", "Parent Relationship": "Outer", "Parallel Aware": false, "Join Type": "Inner", "Startup Cost": 1721.23, "Total Cost": 1764.23, "Plan Rows": 300, "Plan Width": 13, "Actual Startup Time": 27.275, "Actual Total Time": 28.143, "Actual Rows": 294, "Actual Loops": 1, "Output": ["date_dim.d_year", "promotion.p_item_sk", "promotion.p_cost"], "Inner Unique": false, "Merge Cond": "(date_dim.d_date_sk = promotion.p_end_date_sk)", "Shared Hit Blocks": 0, "Shared Read Blocks": 800, "Shared Dirtied Blocks": 0, "Shared Written Blocks": 0, "Local Hit Blocks": 0, "Local Read Blocks": 0, "Local Dirtied Blocks": 0, "Local Written Blocks": 0, "Temp Read Blocks": 0, "Temp Written Blocks": 0, "I/O Read Time": 12.884, "I/O Write Time": 0.0, "Plans": [{"Node Type": "Index Scan", "Parent Relationship": "Outer", "Parallel Aware": false, "Scan Direction": "Forward", "Index Name": "d_date_sk_idx", "Relation Name": "date_dim", "Schema": "public", "Alias": "date_dim", "Startup Cost": 0.29, "Total Cost": 3312.03, "Plan Rows": 73049, "Plan Width": 8, "Actual Startup Time": 0.935, "Actual Total Time": 21.422, "Actual Rows": 35935, "Actual Loops": 1, "Output": ["date_dim.d_date_sk", "date_dim.d_date_id", "date_dim.d_date", "date_dim.d_month_seq", "date_dim.d_week_seq", "date_dim.d_quarter_seq", "date_dim.d_year", "date_dim.d_dow", "date_dim.d_moy", "date_dim.d_dom", "date_dim.d_qoy", "date_dim.d_fy_year", "date_dim.d_fy_quarter_seq", "date_dim.d_fy_week_seq", "date_dim.d_day_name", "date_dim.d_quarter_name", "date_dim.d_holiday", "date_dim.d_weekend", "date_dim.d_following_holiday", "date_dim.d_first_dom", "date_dim.d_last_dom", "date_dim.d_same_day_ly", "date_dim.d_same_day_lq", "date_dim.d_current_day", "date_dim.d_current_week", "date_dim.d_current_month", "date_dim.d_current_quarter", "date_dim.d_current_year"], "Shared Hit Blocks": 0, "Shared Read Blocks": 792, "Shared Dirtied Blocks": 0, "Shared Written Blocks": 0, "Local Hit Blocks": 0, "Local Read Blocks": 0, "Local Dirtied Blocks": 0, "Local Written Blocks": 0, "Temp Read Blocks": 0, "Temp Written Blocks": 0, "I/O Read Time": 11.735, "I/O Write Time": 0.0, "parent": "Merge Join"}, {"Node Type": "Sort", "Parent Relationship": "Inner", "Parallel Aware": false, "Startup Cost": 23.34, "Total Cost": 24.09, "Plan Rows": 300, "Plan Width": 13, "Actual Startup Time": 1.349, "Actual Total Time": 1.383, "Actual Rows": 295, "Actual Loops": 1, "Output": ["promotion.p_item_sk", "promotion.p_cost", "promotion.p_end_date_sk"], "Sort Key": ["promotion.p_end_date_sk"], "Sort Method": "quicksort", "Sort Space Used": 41, "Sort Space Type": "Memory", "Shared Hit Blocks": 0, "Shared Read Blocks": 8, "Shared Dirtied Blocks": 0, "Shared Written Blocks": 0, "Local Hit Blocks": 0, "Local Read Blocks": 0, "Local Dirtied Blocks": 0, "Local Written Blocks": 0, "Temp Read Blocks": 0, "Temp Written Blocks": 0, "I/O Read Time": 1.15, "I/O Write Time": 0.0, "Plans": [{"Node Type": "Seq Scan", "Parent Relationship": "Outer", "Parallel Aware": false, "Relation Name": "promotion", "Schema": "public", "Alias": "promotion", "Startup Cost": 0.0, "Total Cost": 11.0, "Plan Rows": 300, "Plan Width": 13, "Actual Startup Time": 0.455, "Actual Total Time": 1.239, "Actual Rows": 300, "Actual Loops": 1, "Output": ["promotion.p_item_sk", "promotion.p_cost", "promotion.p_end_date_sk"], "Shared Hit Blocks": 0, "Shared Read Blocks": 8, "Shared Dirtied Blocks": 0, "Shared Written Blocks": 0, "Local Hit Blocks": 0, "Local Read Blocks": 0, "Local Dirtied Blocks": 0, "Local Written Blocks": 0, "Temp Read Blocks": 0, "Temp Written Blocks": 0, "I/O Read Time": 1.15, "I/O Write Time": 0.0, "parent": "Sort"}], "parent": "Merge Join"}], "parent": "Sort"}], "parent": "Aggregate"}], "parent": "None"}, "Planning": {"Shared Hit Blocks": 147, "Shared Read Blocks": 19, "Shared Dirtied Blocks": 0, "Shared Written Blocks": 0, "Local Hit Blocks": 0, "Local Read Blocks": 0, "Local Dirtied Blocks": 0, "Local Written Blocks": 0, "Temp Read Blocks": 0, "Temp Written Blocks": 0, "I/O Read Time": 8.167, "I/O Write Time": 0.0}, "Planning Time": 10.314, "Triggers": [], "Execution Time": 29.268}, "config": {}}
{"query": "EXPLAIN (ANALYZE, COSTS, BUFFERS, VERBOSE, FORMAT JSON) select date_dim.d_first_dom, promotion.p_response_target,  min(promotion.p_cost) from promotion join date_dim on date_dim.d_date_sk=promotion.p_end_date_sk group by date_dim.d_first_dom, promotion.p_response_target having min(promotion.p_cost) != 495 order by date_dim.d_first_dom ASC, promotion.p_response_target DESC;", "planinfo": {"Plan": {"Node Type": "Aggregate", "Strategy": "Sorted", "Partial Mode": "Simple", "Parallel Aware": false, "Startup Cost": 1776.57, "Total Cost": 1784.07, "Plan Rows": 298, "Plan Width": 40, "Actual Startup Time": 26.697, "Actual Total Time": 26.833, "Actual Rows": 31, "Actual Loops": 1, "Output": ["date_dim.d_first_dom", "promotion.p_response_target", "min(promotion.p_cost)"], "Group Key": ["date_dim.d_first_dom", "promotion.p_response_target"], "Filter": "(min(promotion.p_cost) <> '495'::numeric)", "Rows Removed by Filter": 0, "Shared Hit Blocks": 0, "Shared Read Blocks": 800, "Shared Dirtied Blocks": 0, "Shared Written Blocks": 0, "Local Hit Blocks": 0, "Local Read Blocks": 0, "Local Dirtied Blocks": 0, "Local Written Blocks": 0, "Temp Read Blocks": 0, "Temp Written Blocks": 0, "I/O Read Time": 11.464, "I/O Write Time": 0.0, "Plans": [{"Node Type": "Sort", "Parent Relationship": "Outer", "Parallel Aware": false, "Startup Cost": 1776.57, "Total Cost": 1777.32, "Plan Rows": 300, "Plan Width": 13, "Actual Startup Time": 26.683, "Actual Total Time": 26.7, "Actual Rows": 294, "Actual Loops": 1, "Output": ["date_dim.d_first_dom", "promotion.p_response_target", "promotion.p_cost"], "Sort Key": ["date_dim.d_first_dom", "promotion.p_response_target DESC"], "Sort Method": "quicksort", "Sort Space Used": 41, "Sort Space Type": "Memory", "Shared Hit Blocks": 0, "Shared Read Blocks": 800, "Shared Dirtied Blocks": 0, "Shared Written Blocks": 0, "Local Hit Blocks": 0, "Local Read Blocks": 0, "Local Dirtied Blocks": 0, "Local Written Blocks": 0, "Temp Read Blocks": 0, "Temp Written Blocks": 0, "I/O Read Time": 11.464, "I/O Write Time": 0.0, "Plans": [{"Node Type": "Merge Join", "Parent Relationship": "Outer", "Parallel Aware": false, "Join Type": "Inner", "Startup Cost": 1721.23, "Total Cost": 1764.23, "Plan Rows": 300, "Plan Width": 13, "Actual Startup Time": 25.822, "Actual Total Time": 26.561, "Actual Rows": 294, "Actual Loops": 1, "Output": ["date_dim.d_first_dom", "promotion.p_response_target", "promotion.p_cost"], "Inner Unique": false, "Merge Cond": "(date_dim.d_date_sk = promotion.p_end_date_sk)", "Shared Hit Blocks": 0, "Shared Read Blocks": 800, "Shared Dirtied Blocks": 0, "Shared Written Blocks": 0, "Local Hit Blocks": 0, "Local Read Blocks": 0, "Local Dirtied Blocks": 0, "Local Written Blocks": 0, "Temp Read Blocks": 0, "Temp Written Blocks": 0, "I/O Read Time": 11.464, "I/O Write Time": 0.0, "Plans": [{"Node Type": "Index Scan", "Parent Relationship": "Outer", "Parallel Aware": false, "Scan Direction": "Forward", "Index Name": "d_date_sk_idx", "Relation Name": "date_dim", "Schema": "public", "Alias": "date_dim", "Startup Cost": 0.29, "Total Cost": 3312.03, "Plan Rows": 73049, "Plan Width": 8, "Actual Startup Time": 0.954, "Actual Total Time": 19.869, "Actual Rows": 35935, "Actual Loops": 1, "Output": ["date_dim.d_date_sk", "date_dim.d_date_id", "date_dim.d_date", "date_dim.d_month_seq", "date_dim.d_week_seq", "date_dim.d_quarter_seq", "date_dim.d_year", "date_dim.d_dow", "date_dim.d_moy", "date_dim.d_dom", "date_dim.d_qoy", "date_dim.d_fy_year", "date_dim.d_fy_quarter_seq", "date_dim.d_fy_week_seq", "date_dim.d_day_name", "date_dim.d_quarter_name", "date_dim.d_holiday", "date_dim.d_weekend", "date_dim.d_following_holiday", "date_dim.d_first_dom", "date_dim.d_last_dom", "date_dim.d_same_day_ly", "date_dim.d_same_day_lq", "date_dim.d_current_day", "date_dim.d_current_week", "date_dim.d_current_month", "date_dim.d_current_quarter", "date_dim.d_current_year"], "Shared Hit Blocks": 0, "Shared Read Blocks": 792, "Shared Dirtied Blocks": 0, "Shared Written Blocks": 0, "Local Hit Blocks": 0, "Local Read Blocks": 0, "Local Dirtied Blocks": 0, "Local Written Blocks": 0, "Temp Read Blocks": 0, "Temp Written Blocks": 0, "I/O Read Time": 10.446, "I/O Write Time": 0.0, "parent": "Merge Join"}, {"Node Type": "Sort", "Parent Relationship": "Inner", "Parallel Aware": false, "Startup Cost": 23.34, "Total Cost": 24.09, "Plan Rows": 300, "Plan Width": 13, "Actual Startup Time": 1.205, "Actual Total Time": 1.241, "Actual Rows": 295, "Actual Loops": 1, "Output": ["promotion.p_response_target", "promotion.p_cost", "promotion.p_end_date_sk"], "Sort Key": ["promotion.p_end_date_sk"], "Sort Method": "quicksort", "Sort Space Used": 41, "Sort Space Type": "Memory", "Shared Hit Blocks": 0, "Shared Read Blocks": 8, "Shared Dirtied Blocks": 0, "Shared Written Blocks": 0, "Local Hit Blocks": 0, "Local Read Blocks": 0, "Local Dirtied Blocks": 0, "Local Written Blocks": 0, "Temp Read Blocks": 0, "Temp Written Blocks": 0, "I/O Read Time": 1.018, "I/O Write Time": 0.0, "Plans": [{"Node Type": "Seq Scan", "Parent Relationship": "Outer", "Parallel Aware": false, "Relation Name": "promotion", "Schema": "public", "Alias": "promotion", "Startup Cost": 0.0, "Total Cost": 11.0, "Plan Rows": 300, "Plan Width": 13, "Actual Startup Time": 0.455, "Actual Total Time": 1.093, "Actual Rows": 300, "Actual Loops": 1, "Output": ["promotion.p_response_target", "promotion.p_cost", "promotion.p_end_date_sk"], "Shared Hit Blocks": 0, "Shared Read Blocks": 8, "Shared Dirtied Blocks": 0, "Shared Written Blocks": 0, "Local Hit Blocks": 0, "Local Read Blocks": 0, "Local Dirtied Blocks": 0, "Local Written Blocks": 0, "Temp Read Blocks": 0, "Temp Written Blocks": 0, "I/O Read Time": 1.018, "I/O Write Time": 0.0, "parent": "Sort"}], "parent": "Merge Join"}], "parent": "Sort"}], "parent": "Aggregate"}], "parent": "None"}, "Planning": {"Shared Hit Blocks": 147, "Shared Read Blocks": 17, "Shared Dirtied Blocks": 0, "Shared Written Blocks": 0, "Local Hit Blocks": 0, "Local Read Blocks": 0, "Local Dirtied Blocks": 0, "Local Written Blocks": 0, "Temp Read Blocks": 0, "Temp Written Blocks": 0, "I/O Read Time": 8.213, "I/O Write Time": 0.0}, "Planning Time": 11.17, "Triggers": [], "Execution Time": 26.969}, "config": {}}
{"query": "EXPLAIN (ANALYZE, COSTS, BUFFERS, VERBOSE, FORMAT JSON) select date_dim.d_same_day_ly, catalog_returns.cr_return_tax,  min(catalog_returns.cr_returned_date_sk) from date_dim join catalog_returns on catalog_returns.cr_returned_date_sk=date_dim.d_date_sk where catalog_returns.cr_item_sk < 1034 group by date_dim.d_same_day_ly, catalog_returns.cr_return_tax having min(catalog_returns.cr_returned_date_sk) > 5201 order by catalog_returns.cr_return_tax DESC;", "planinfo": {"Plan": {"Node Type": "Sort", "Parallel Aware": false, "Startup Cost": 7527.1, "Total Cost": 7534.09, "Plan Rows": 2796, "Plan Width": 14, "Actual Startup Time": 120.476, "Actual Total Time": 121.024, "Actual Rows": 8260, "Actual Loops": 1, "Output": ["date_dim.d_same_day_ly", "catalog_returns.cr_return_tax", "(min(catalog_returns.cr_returned_date_sk))"], "Sort Key": ["catalog_returns.cr_return_tax DESC"], "Sort Method": "quicksort", "Sort Space Used": 836, "Sort Space Type": "Memory", "Shared Hit Blocks": 3, "Shared Read Blocks": 3711, "Shared Dirtied Blocks": 0, "Shared Written Blocks": 0, "Local Hit Blocks": 0, "Local Read Blocks": 0, "Local Dirtied Blocks": 0, "Local Written Blocks": 0, "Temp Read Blocks": 0, "Temp Written Blocks": 0, "I/O Read Time": 64.775, "I/O Write Time": 0.0, "Plans": [{"Node Type": "Aggregate", "Strategy": "Hashed", "Partial Mode": "Simple", "Parent Relationship": "Outer", "Parallel Aware": false, "Startup Cost": 7262.19, "Total Cost": 7367.04, "Plan Rows": 2796, "Plan Width": 14, "Actual Startup Time": 113.392, "Actual Total Time": 116.177, "Actual Rows": 8260, "Actual Loops": 1, "Output": ["date_dim.d_same_day_ly", "catalog_returns.cr_return_tax", "min(catalog_returns.cr_returned_date_sk)"], "Group Key": ["catalog_returns.cr_return_tax", "date_dim.d_same_day_ly"], "Filter": "(min(catalog_returns.cr_returned_date_sk) > 5201)", "Planned Partitions": 0, "HashAgg Batches": 1, "Peak Memory Usage": 1425, "Disk Usage": 0, "Rows Removed by Filter": 0, "Shared Hit Blocks": 0, "Shared Read Blocks": 3711, "Shared Dirtied Blocks": 0, "Shared Written Blocks": 0, "Local Hit Blocks": 0, "Local Read Blocks": 0, "Local Dirtied Blocks": 0, "Local Written Blocks": 0, "Temp Read Blocks": 0, "Temp Written Blocks": 0, "I/O Read Time": 64.775, "I/O Write Time": 0.0, "Plans": [{"Node Type": "Merge Join", "Parent Relationship": "Outer", "Parallel Aware": false, "Join Type": "Inner", "Startup Cost": 6955.38, "Total Cost": 7178.31, "Plan Rows": 8388, "Plan Width": 14, "Actual Startup Time": 103.317, "Actual Total Time": 108.244, "Actual Rows": 8455, "Actual Loops": 1, "Output": ["date_dim.d_same_day_ly", "catalog_returns.cr_return_tax", "catalog_returns.cr_returned_date_sk"], "Inner Unique": false, "Merge Cond": "(date_dim.d_date_sk = catalog_returns.cr_returned_date_sk)", "Shared Hit Blocks": 0, "Shared Read Blocks": 3711, "Shared Dirtied Blocks": 0, "Shared Written Blocks": 0, "Local Hit Blocks": 0, "Local Read Blocks": 0, "Local Dirtied Blocks": 0, "Local Written Blocks": 0, "Temp Read Blocks": 0, "Temp Written Blocks": 0, "I/O Read Time": 64.775, "I/O Write Time": 0.0, "Plans": [{"Node Type": "Index Scan", "Parent Relationship": "Outer", "Parallel Aware": false, "Scan Direction": "Forward", "Index Name": "d_date_sk_idx", "Relation Name": "date_dim", "Schema": "public", "Alias": "date_dim", "Startup Cost": 0.29, "Total Cost": 3312.03, "Plan Rows": 73049, "Plan Width": 8, "Actual Startup Time": 0.92, "Actual Total Time": 20.896, "Actual Rows": 37887, "Actual Loops": 1, "Output": ["date_dim.d_date_sk", "date_dim.d_date_id", "date_dim.d_date", "date_dim.d_month_seq", "date_dim.d_week_seq", "date_dim.d_quarter_seq", "date_dim.d_year", "date_dim.d_dow", "date_dim.d_moy", "date_dim.d_dom", "date_dim.d_qoy", "date_dim.d_fy_year", "date_dim.d_fy_quarter_seq", "date_dim.d_fy_week_seq", "date_dim.d_day_name", "date_dim.d_quarter_name", "date_dim.d_holiday", "date_dim.d_weekend", "date_dim.d_following_holiday", "date_dim.d_first_dom", "date_dim.d_last_dom", "date_dim.d_same_day_ly", "date_dim.d_same_day_lq", "date_dim.d_current_day", "date_dim.d_current_week", "date_dim.d_current_month", "date_dim.d_current_quarter", "date_dim.d_current_year"], "Shared Hit Blocks": 0, "Shared Read Blocks": 834, "Shared Dirtied Blocks": 0, "Shared Written Blocks": 0, "Local Hit Blocks": 0, "Local Read Blocks": 0, "Local Dirtied Blocks": 0, "Local Written Blocks": 0, "Temp Read Blocks": 0, "Temp Written Blocks": 0, "I/O Read Time": 10.666, "I/O Write Time": 0.0, "parent": "Merge Join"}, {"Node Type": "Sort", "Parent Relationship": "Inner", "Parallel Aware": false, "Startup Cost": 5224.49, "Total Cost": 5245.46, "Plan Rows": 8388, "Plan Width": 10, "Actual Startup Time": 78.115, "Actual Total Time": 79.085, "Actual Rows": 8455, "Actual Loops": 1, "Output": ["catalog_returns.cr_return_tax", "catalog_returns.cr_returned_date_sk"], "Sort Key": ["catalog_returns.cr_returned_date_sk"], "Sort Method": "quicksort", "Sort Space Used": 847, "Sort Space Type": "Memory", "Shared Hit Blocks": 0, "Shared Read Blocks": 2877, "Shared Dirtied Blocks": 0, "Shared Written Blocks": 0, "Local Hit Blocks": 0, "Local Read Blocks": 0, "Local Dirtied Blocks": 0, "Local Written Blocks": 0, "Temp Read Blocks": 0, "Temp Written Blocks": 0, "I/O Read Time": 54.109, "I/O Write Time": 0.0, "Plans": [{"Node Type": "Seq Scan", "Parent Relationship": "Outer", "Parallel Aware": false, "Relation Name": "catalog_returns", "Schema": "public", "Alias": "catalog_returns", "Startup Cost": 0.0, "Total Cost": 4677.84, "Plan Rows": 8388, "Plan Width": 10, "Actual Startup Time": 0.585, "Actual Total Time": 74.962, "Actual Rows": 8455, "Actual Loops": 1, "Output": ["catalog_returns.cr_return_tax", "catalog_returns.cr_returned_date_sk"], "Filter": "(catalog_returns.cr_item_sk < 1034)", "Rows Removed by Filter": 135612, "Shared Hit Blocks": 0, "Shared Read Blocks": 2877, "Shared Dirtied Blocks": 0, "Shared Written Blocks": 0, "Local Hit Blocks": 0, "Local Read Blocks": 0, "Local Dirtied Blocks": 0, "Local Written Blocks": 0, "Temp Read Blocks": 0, "Temp Written Blocks": 0, "I/O Read Time": 54.109, "I/O Write Time": 0.0, "parent": "Sort"}], "parent": "Merge Join"}], "parent": "Aggregate"}], "parent": "Sort"}], "parent": "None"}, "Planning": {"Shared Hit Blocks": 153, "Shared Read Blocks": 22, "Shared Dirtied Blocks": 0, "Shared Written Blocks": 0, "Local Hit Blocks": 0, "Local Read Blocks": 0, "Local Dirtied Blocks": 0, "Local Written Blocks": 0, "Temp Read Blocks": 0, "Temp Written Blocks": 0, "I/O Read Time": 6.493, "I/O Write Time": 0.0}, "Planning Time": 9.009, "Triggers": [], "Execution Time": 122.827}, "config": {}}
{"query": "EXPLAIN (ANALYZE, COSTS, BUFFERS, VERBOSE, FORMAT JSON) select catalog_returns.cr_return_amount, customer_demographics.cd_demo_sk,  avg(catalog_returns.cr_refunded_addr_sk) from customer_demographics join catalog_returns on catalog_returns.cr_refunded_cdemo_sk=customer_demographics.cd_demo_sk group by catalog_returns.cr_return_amount, customer_demographics.cd_demo_sk;", "planinfo": {"Plan": {"Node Type": "Aggregate", "Strategy": "Hashed", "Partial Mode": "Simple", "Parallel Aware": false, "Startup Cost": 85870.03, "Total Cost": 89077.78, "Plan Rows": 144067, "Plan Width": 42, "Actual Startup Time": 889.405, "Actual Total Time": 1050.06, "Actual Rows": 141237, "Actual Loops": 1, "Output": ["catalog_returns.cr_return_amount", "customer_demographics.cd_demo_sk", "avg(catalog_returns.cr_refunded_addr_sk)"], "Group Key": ["catalog_returns.cr_return_amount", "customer_demographics.cd_demo_sk"], "Planned Partitions": 8, "HashAgg Batches": 9, "Peak Memory Usage": 4177, "Disk Usage": 7264, "Shared Hit Blocks": 5, "Shared Read Blocks": 8123, "Shared Dirtied Blocks": 0, "Shared Written Blocks": 0, "Local Hit Blocks": 0, "Local Read Blocks": 0, "Local Dirtied Blocks": 0, "Local Written Blocks": 0, "Temp Read Blocks": 1005, "Temp Written Blocks": 1831, "I/O Read Time": 92.444, "I/O Write Time": 0.0, "Plans": [{"Node Type": "Merge Join", "Parent Relationship": "Outer", "Parallel Aware": false, "Join Type": "Inner", "Startup Cost": 19126.1, "Total Cost": 76280.57, "Plan Rows": 144067, "Plan Width": 14, "Actual Startup Time": 149.247, "Actual Total Time": 794.333, "Actual Rows": 141248, "Actual Loops": 1, "Output": ["catalog_returns.cr_return_amount", "customer_demographics.cd_demo_sk", "catalog_returns.cr_refunded_addr_sk"], "Inner Unique": false, "Merge Cond": "(customer_demographics.cd_demo_sk = catalog_returns.cr_refunded_cdemo_sk)", "Shared Hit Blocks": 5, "Shared Read Blocks": 8123, "Shared Dirtied Blocks": 0, "Shared Written Blocks": 0, "Local Hit Blocks": 0, "Local Read Blocks": 0, "Local Dirtied Blocks": 0, "Local Written Blocks": 0, "Temp Read Blocks": 455, "Temp Written Blocks": 457, "I/O Read Time": 92.444, "I/O Write Time": 0.0, "Plans": [{"Node Type": "Index Only Scan", "Parent Relationship": "Outer", "Parallel Aware": false, "Scan Direction": "Forward", "Index Name": "customer_demographics_pkey", "Relation Name": "customer_demographics", "Schema": "public", "Alias": "customer_demographics", "Startup Cost": 0.43, "Total Cost": 49884.43, "Plan Rows": 1920800, "Plan Width": 4, "Actual Startup Time": 0.016, "Actual Total Time": 317.723, "Actual Rows": 1920734, "Actual Loops": 1, "Output": ["customer_demographics.cd_demo_sk"], "Heap Fetches": 0, "Shared Hit Blocks": 5, "Shared Read Blocks": 5246, "Shared Dirtied Blocks": 0, "Shared Written Blocks": 0, "Local Hit Blocks": 0, "Local Read Blocks": 0, "Local Dirtied Blocks": 0, "Local Written Blocks": 0, "Temp Read Blocks": 0, "Temp Written Blocks": 0, "I/O Read Time": 50.451, "I/O Write Time": 0.0, "parent": "Merge Join"}, {"Node Type": "Materialize", "Parent Relationship": "Inner", "Parallel Aware": false, "Startup Cost": 19125.6, "Total Cost": 19845.94, "Plan Rows": 144067, "Plan Width": 14, "Actual Startup Time": 149.217, "Actual Total Time": 207.792, "Actual Rows": 141249, "Actual Loops": 1, "Output": ["catalog_returns.cr_return_amount", "catalog_returns.cr_refunded_addr_sk", "catalog_returns.cr_refunded_cdemo_sk"], "Shared Hit Blocks": 0, "Shared Read Blocks": 2877, "Shared Dirtied Blocks": 0, "Shared Written Blocks": 0, "Local Hit Blocks": 0, "Local Read Blocks": 0, "Local Dirtied Blocks": 0, "Local Written Blocks": 0, "Temp Read Blocks": 455, "Temp Written Blocks": 457, "I/O Read Time": 41.993, "I/O Write Time": 0.0, "Plans": [{"Node Type": "Sort", "Parent Relationship": "Outer", "Parallel Aware": false, "Startup Cost": 19125.6, "Total Cost": 19485.77, "Plan Rows": 144067, "Plan Width": 14, "Actual Startup Time": 149.212, "Actual Total Time": 176.421, "Actual Rows": 141249, "Actual Loops": 1, "Output": ["catalog_returns.cr_return_amount", "catalog_returns.cr_refunded_addr_sk", "catalog_returns.cr_refunded_cdemo_sk"], "Sort Key": ["catalog_returns.cr_refunded_cdemo_sk"], "Sort Method": "external merge", "Sort Space Used": 3640, "Sort Space Type": "Disk", "Shared Hit Blocks": 0, "Shared Read Blocks": 2877, "Shared Dirtied Blocks": 0, "Shared Written Blocks": 0, "Local Hit Blocks": 0, "Local Read Blocks": 0, "Local Dirtied Blocks": 0, "Local Written Blocks": 0, "Temp Read Blocks": 455, "Temp Written Blocks": 457, "I/O Read Time": 41.993, "I/O Write Time": 0.0, "Plans": [{"Node Type": "Seq Scan", "Parent Relationship": "Outer", "Parallel Aware": false, "Relation Name": "catalog_returns", "Schema": "public", "Alias": "catalog_returns", "Startup Cost": 0.0, "Total Cost": 4317.67, "Plan Rows": 144067, "Plan Width": 14, "Actual Startup Time": 0.462, "Actual Total Time": 77.609, "Actual Rows": 144067, "Actual Loops": 1, "Output": ["catalog_returns.cr_return_amount", "catalog_returns.cr_refunded_addr_sk", "catalog_returns.cr_refunded_cdemo_sk"], "Shared Hit Blocks": 0, "Shared Read Blocks": 2877, "Shared Dirtied Blocks": 0, "Shared Written Blocks": 0, "Local Hit Blocks": 0, "Local Read Blocks": 0, "Local Dirtied Blocks": 0, "Local Written Blocks": 0, "Temp Read Blocks": 0, "Temp Written Blocks": 0, "I/O Read Time": 41.993, "I/O Write Time": 0.0, "parent": "Sort"}], "parent": "Materialize"}], "parent": "Merge Join"}], "parent": "Aggregate"}], "parent": "None"}, "Planning": {"Shared Hit Blocks": 105, "Shared Read Blocks": 22, "Shared Dirtied Blocks": 0, "Shared Written Blocks": 0, "Local Hit Blocks": 0, "Local Read Blocks": 0, "Local Dirtied Blocks": 0, "Local Written Blocks": 0, "Temp Read Blocks": 0, "Temp Written Blocks": 0, "I/O Read Time": 6.71, "I/O Write Time": 0.0}, "Planning Time": 7.888, "Triggers": [], "Execution Time": 1062.095}, "config": {}}
{"query": "EXPLAIN (ANALYZE, COSTS, BUFFERS, VERBOSE, FORMAT JSON) select customer.c_birth_day, customer_demographics.cd_demo_sk from customer_demographics join customer on customer.c_current_cdemo_sk=customer_demographics.cd_demo_sk;", "planinfo": {"Plan": {"Node Type": "Merge Join", "Parallel Aware": false, "Join Type": "Inner", "Startup Cost": 12073.3, "Total Cost": 68208.65, "Plan Rows": 100000, "Plan Width": 8, "Actual Startup Time": 129.819, "Actual Total Time": 718.284, "Actual Rows": 96562, "Actual Loops": 1, "Output": ["customer.c_birth_day", "customer_demographics.cd_demo_sk"], "Inner Unique": false, "Merge Cond": "(customer_demographics.cd_demo_sk = customer.c_current_cdemo_sk)", "Shared Hit Blocks": 5, "Shared Read Blocks": 8014, "Shared Dirtied Blocks": 0, "Shared Written Blocks": 0, "Local Hit Blocks": 0, "Local Read Blocks": 0, "Local Dirtied Blocks": 0, "Local Written Blocks": 0, "Temp Read Blocks": 525, "Temp Written Blocks": 533, "I/O Read Time": 88.307, "I/O Write Time": 0.0, "Plans": [{"Node Type": "Index Only Scan", "Parent Relationship": "Outer", "Parallel Aware": false, "Scan Direction": "Forward", "Index Name": "customer_demographics_pkey", "Relation Name": "customer_demographics", "Schema": "public", "Alias": "customer_demographics", "Startup Cost": 0.43, "Total Cost": 49884.43, "Plan Rows": 1920800, "Plan Width": 4, "Actual Startup Time": 0.015, "Actual Total Time": 305.929, "Actual Rows": 1920789, "Actual Loops": 1, "Output": ["customer_demographics.cd_demo_sk"], "Heap Fetches": 0, "Shared Hit Blocks": 5, "Shared Read Blocks": 5246, "Shared Dirtied Blocks": 0, "Shared Written Blocks": 0, "Local Hit Blocks": 0, "Local Read Blocks": 0, "Local Dirtied Blocks": 0, "Local Written Blocks": 0, "Temp Read Blocks": 0, "Temp Written Blocks": 0, "I/O Read Time": 45.64, "I/O Write Time": 0.0, "parent": "Merge Join"}, {"Node Type": "Sort", "Parent Relationship": "Inner", "Parallel Aware": false, "Startup Cost": 12072.82, "Total Cost": 12322.82, "Plan Rows": 100000, "Plan Width": 8, "Actual Startup Time": 129.785, "Actual Total Time": 142.979, "Actual Rows": 96563, "Actual Loops": 1, "Output": ["customer.c_birth_day", "customer.c_current_cdemo_sk"], "Sort Key": ["customer.c_current_cdemo_sk"], "Sort Method": "external sort", "Sort Space Used": 2128, "Sort Space Type": "Disk", "Shared Hit Blocks": 0, "Shared Read Blocks": 2768, "Shared Dirtied Blocks": 0, "Shared Written Blocks": 0, "Local Hit Blocks": 0, "Local Read Blocks": 0, "Local Dirtied Blocks": 0, "Local Written Blocks": 0, "Temp Read Blocks": 525, "Temp Written Blocks": 533, "I/O Read Time": 42.666, "I/O Write Time": 0.0, "Plans": [{"Node Type": "Seq Scan", "Parent Relationship": "Outer", "Parallel Aware": false, "Relation Name": "customer", "Schema": "public", "Alias": "customer", "Startup Cost": 0.0, "Total Cost": 3768.0, "Plan Rows": 100000, "Plan Width": 8, "Actual Startup Time": 0.468, "Actual Total Time": 65.583, "Actual Rows": 100000, "Actual Loops": 1, "Output": ["customer.c_birth_day", "customer.c_current_cdemo_sk"], "Shared Hit Blocks": 0, "Shared Read Blocks": 2768, "Shared Dirtied Blocks": 0, "Shared Written Blocks": 0, "Local Hit Blocks": 0, "Local Read Blocks": 0, "Local Dirtied Blocks": 0, "Local Written Blocks": 0, "Temp Read Blocks": 0, "Temp Written Blocks": 0, "I/O Read Time": 42.666, "I/O Write Time": 0.0, "parent": "Sort"}], "parent": "Merge Join"}], "parent": "None"}, "Planning": {"Shared Hit Blocks": 97, "Shared Read Blocks": 20, "Shared Dirtied Blocks": 0, "Shared Written Blocks": 0, "Local Hit Blocks": 0, "Local Read Blocks": 0, "Local Dirtied Blocks": 0, "Local Written Blocks": 0, "Temp Read Blocks": 0, "Temp Written Blocks": 0, "I/O Read Time": 6.658, "I/O Write Time": 0.0}, "Planning Time": 7.757, "Triggers": [], "Execution Time": 726.238}, "config": {}}
{"query": "EXPLAIN (ANALYZE, COSTS, BUFFERS, VERBOSE, FORMAT JSON) select date_dim.d_date_sk, catalog_page.cp_catalog_page_sk from catalog_page join date_dim on date_dim.d_date_sk=catalog_page.cp_end_date_sk order by date_dim.d_date_sk DESC;", "planinfo": {"Plan": {"Node Type": "Merge Join", "Parallel Aware": false, "Join Type": "Inner", "Startup Cost": 2139.47, "Total Cost": 2378.94, "Plan Rows": 11718, "Plan Width": 8, "Actual Startup Time": 64.661, "Actual Total Time": 71.652, "Actual Rows": 11610, "Actual Loops": 1, "Output": ["date_dim.d_date_sk", "catalog_page.cp_catalog_page_sk"], "Inner Unique": true, "Merge Cond": "(catalog_page.cp_end_date_sk = date_dim.d_date_sk)", "Shared Hit Blocks": 0, "Shared Read Blocks": 347, "Shared Dirtied Blocks": 0, "Shared Written Blocks": 0, "Local Hit Blocks": 0, "Local Read Blocks": 0, "Local Dirtied Blocks": 0, "Local Written Blocks": 0, "Temp Read Blocks": 0, "Temp Written Blocks": 0, "I/O Read Time": 54.568, "I/O Write Time": 0.0, "Plans": [{"Node Type": "Sort", "Parent Relationship": "Outer", "Parallel Aware": false, "Startup Cost": 1151.11, "Total Cost": 1180.4, "Plan Rows": 11718, "Plan Width": 8, "Actual Startup Time": 9.235, "Actual Total Time": 9.907, "Actual Rows": 11718, "Actual Loops": 1, "Output": ["catalog_page.cp_catalog_page_sk", "catalog_page.cp_end_date_sk"], "Sort Key": ["catalog_page.cp_end_date_sk DESC"], "Sort Method": "quicksort", "Sort Space Used": 1025, "Sort Space Type": "Memory", "Shared Hit Blocks": 0, "Shared Read Blocks": 242, "Shared Dirtied Blocks": 0, "Shared Written Blocks": 0, "Local Hit Blocks": 0, "Local Read Blocks": 0, "Local Dirtied Blocks": 0, "Local Written Blocks": 0, "Temp Read Blocks": 0, "Temp Written Blocks": 0, "I/O Read Time": 4.24, "I/O Write Time": 0.0, "Plans": [{"Node Type": "Seq Scan", "Parent Relationship": "Outer", "Parallel Aware": false, "Relation Name": "catalog_page", "Schema": "public", "Alias": "catalog_page", "Startup Cost": 0.0, "Total Cost": 359.18, "Plan Rows": 11718, "Plan Width": 8, "Actual Startup Time": 0.461, "Actual Total Time": 6.34, "Actual Rows": 11718, "Actual Loops": 1, "Output": ["catalog_page.cp_catalog_page_sk", "catalog_page.cp_end_date_sk"], "Shared Hit Blocks": 0, "Shared Read Blocks": 242, "Shared Dirtied Blocks": 0, "Shared Written Blocks": 0, "Local Hit Blocks": 0, "Local Read Blocks": 0, "Local Dirtied Blocks": 0, "Local Written Blocks": 0, "Temp Read Blocks": 0, "Temp Written Blocks": 0, "I/O Read Time": 4.24, "I/O Write Time": 0.0, "parent": "Sort"}], "parent": "Merge Join"}, {"Node Type": "Index Only Scan", "Parent Relationship": "Inner", "Parallel Aware": false, "Scan Direction": "Backward", "Index Name": "d_date_sk_idx", "Relation Name": "date_dim", "Schema": "public", "Alias": "date_dim", "Startup Cost": 0.29, "Total Cost": 1904.03, "Plan Rows": 73049, "Plan Width": 4, "Actual Startup Time": 1.36, "Actual Total Time": 55.438, "Actual Rows": 37227, "Actual Loops": 1, "Output": ["date_dim.d_date_sk"], "Heap Fetches": 0, "Shared Hit Blocks": 0, "Shared Read Blocks": 105, "Shared Dirtied Blocks": 0, "Shared Written Blocks": 0, "Local Hit Blocks": 0, "Local Read Blocks": 0, "Local Dirtied Blocks": 0, "Local Written Blocks": 0, "Temp Read Blocks": 0, "Temp Written Blocks": 0, "I/O Read Time": 50.327, "I/O Write Time": 0.0, "parent": "Merge Join"}], "parent": "None"}, "Planning": {"Shared Hit Blocks": 141, "Shared Read Blocks": 16, "Shared Dirtied Blocks": 0, "Shared Written Blocks": 0, "Local Hit Blocks": 0, "Local Read Blocks": 0, "Local Dirtied Blocks": 0, "Local Written Blocks": 0, "Temp Read Blocks": 0, "Temp Written Blocks": 0, "I/O Read Time": 5.784, "I/O Write Time": 0.0}, "Planning Time": 7.025, "Triggers": [], "Execution Time": 72.541}, "config": {}}
{"query": "EXPLAIN (ANALYZE, COSTS, BUFFERS, VERBOSE, FORMAT JSON) select promotion.p_response_target, date_dim.d_same_day_lq from promotion join date_dim on date_dim.d_date_sk=promotion.p_end_date_sk;", "planinfo": {"Plan": {"Node Type": "Merge Join", "Parallel Aware": false, "Join Type": "Inner", "Startup Cost": 1721.23, "Total Cost": 1764.23, "Plan Rows": 300, "Plan Width": 8, "Actual Startup Time": 25.77, "Actual Total Time": 26.482, "Actual Rows": 294, "Actual Loops": 1, "Output": ["promotion.p_response_target", "date_dim.d_same_day_lq"], "Inner Unique": false, "Merge Cond": "(date_dim.d_date_sk = promotion.p_end_date_sk)", "Shared Hit Blocks": 0, "Shared Read Blocks": 800, "Shared Dirtied Blocks": 0, "Shared Written Blocks": 0, "Local Hit Blocks": 0, "Local Read Blocks": 0, "Local Dirtied Blocks": 0, "Local Written Blocks": 0, "Temp Read Blocks": 0, "Temp Written Blocks": 0, "I/O Read Time": 11.622, "I/O Write Time": 0.0, "Plans": [{"Node Type": "Index Scan", "Parent Relationship": "Outer", "Parallel Aware": false, "Scan Direction": "Forward", "Index Name": "d_date_sk_idx", "Relation Name": "date_dim", "Schema": "public", "Alias": "date_dim", "Startup Cost": 0.29, "Total Cost": 3312.03, "Plan Rows": 73049, "Plan Width": 8, "Actual Startup Time": 1.08, "Actual Total Time": 19.997, "Actual Rows": 35935, "Actual Loops": 1, "Output": ["date_dim.d_date_sk", "date_dim.d_date_id", "date_dim.d_date", "date_dim.d_month_seq", "date_dim.d_week_seq", "date_dim.d_quarter_seq", "date_dim.d_year", "date_dim.d_dow", "date_dim.d_moy", "date_dim.d_dom", "date_dim.d_qoy", "date_dim.d_fy_year", "date_dim.d_fy_quarter_seq", "date_dim.d_fy_week_seq", "date_dim.d_day_name", "date_dim.d_quarter_name", "date_dim.d_holiday", "date_dim.d_weekend", "date_dim.d_following_holiday", "date_dim.d_first_dom", "date_dim.d_last_dom", "date_dim.d_same_day_ly", "date_dim.d_same_day_lq", "date_dim.d_current_day", "date_dim.d_current_week", "date_dim.d_current_month", "date_dim.d_current_quarter", "date_dim.d_current_year"], "Shared Hit Blocks": 0, "Shared Read Blocks": 792, "Shared Dirtied Blocks": 0, "Shared Written Blocks": 0, "Local Hit Blocks": 0, "Local Read Blocks": 0, "Local Dirtied Blocks": 0, "Local Written Blocks": 0, "Temp Read Blocks": 0, "Temp Written Blocks": 0, "I/O Read Time": 10.542, "I/O Write Time": 0.0, "parent": "Merge Join"}, {"Node Type": "Sort", "Parent Relationship": "Inner", "Parallel Aware": false, "Startup Cost": 23.34, "Total Cost": 24.09, "Plan Rows": 300, "Plan Width": 8, "Actual Startup Time": 1.27, "Actual Total Time": 1.309, "Actual Rows": 295, "Actual Loops": 1, "Output": ["promotion.p_response_target", "promotion.p_end_date_sk"], "Sort Key": ["promotion.p_end_date_sk"], "Sort Method": "quicksort", "Sort Space Used": 41, "Sort Space Type": "Memory", "Shared Hit Blocks": 0, "Shared Read Blocks": 8, "Shared Dirtied Blocks": 0, "Shared Written Blocks": 0, "Local Hit Blocks": 0, "Local Read Blocks": 0, "Local Dirtied Blocks": 0, "Local Written Blocks": 0, "Temp Read Blocks": 0, "Temp Written Blocks": 0, "I/O Read Time": 1.08, "I/O Write Time": 0.0, "Plans": [{"Node Type": "Seq Scan", "Parent Relationship": "Outer", "Parallel Aware": false, "Relation Name": "promotion", "Schema": "public", "Alias": "promotion", "Startup Cost": 0.0, "Total Cost": 11.0, "Plan Rows": 300, "Plan Width": 8, "Actual Startup Time": 0.457, "Actual Total Time": 1.158, "Actual Rows": 300, "Actual Loops": 1, "Output": ["promotion.p_response_target", "promotion.p_end_date_sk"], "Shared Hit Blocks": 0, "Shared Read Blocks": 8, "Shared Dirtied Blocks": 0, "Shared Written Blocks": 0, "Local Hit Blocks": 0, "Local Read Blocks": 0, "Local Dirtied Blocks": 0, "Local Written Blocks": 0, "Temp Read Blocks": 0, "Temp Written Blocks": 0, "I/O Read Time": 1.08, "I/O Write Time": 0.0, "parent": "Sort"}], "parent": "Merge Join"}], "parent": "None"}, "Planning": {"Shared Hit Blocks": 142, "Shared Read Blocks": 18, "Shared Dirtied Blocks": 0, "Shared Written Blocks": 0, "Local Hit Blocks": 0, "Local Read Blocks": 0, "Local Dirtied Blocks": 0, "Local Written Blocks": 0, "Temp Read Blocks": 0, "Temp Written Blocks": 0, "I/O Read Time": 6.348, "I/O Write Time": 0.0}, "Planning Time": 7.736, "Triggers": [], "Execution Time": 26.611}, "config": {}}
{"query": "EXPLAIN (ANALYZE, COSTS, BUFFERS, VERBOSE, FORMAT JSON) select catalog_returns.cr_item_sk, item.i_item_sk from item join catalog_returns on catalog_returns.cr_item_sk=item.i_item_sk order by catalog_returns.cr_item_sk ASC;", "planinfo": {"Plan": {"Node Type": "Merge Join", "Parallel Aware": false, "Join Type": "Inner", "Startup Cost": 0.71, "Total Cost": 6749.55, "Plan Rows": 144067, "Plan Width": 8, "Actual Startup Time": 0.038, "Actual Total Time": 223.341, "Actual Rows": 144067, "Actual Loops": 1, "Output": ["catalog_returns.cr_item_sk", "item.i_item_sk"], "Inner Unique": false, "Merge Cond": "(item.i_item_sk = catalog_returns.cr_item_sk)", "Shared Hit Blocks": 9, "Shared Read Blocks": 607, "Shared Dirtied Blocks": 0, "Shared Written Blocks": 0, "Local Hit Blocks": 0, "Local Read Blocks": 0, "Local Dirtied Blocks": 0, "Local Written Blocks": 0, "Temp Read Blocks": 0, "Temp Written Blocks": 0, "I/O Read Time": 169.078, "I/O Write Time": 0.0, "Plans": [{"Node Type": "Index Only Scan", "Parent Relationship": "Outer", "Parallel Aware": false, "Scan Direction": "Forward", "Index Name": "i_item_sk_idx", "Relation Name": "item", "Schema": "public", "Alias": "item", "Startup Cost": 0.29, "Total Cost": 478.29, "Plan Rows": 18000, "Plan Width": 4, "Actual Startup Time": 0.018, "Actual Total Time": 3.01, "Actual Rows": 18000, "Actual Loops": 1, "Output": ["item.i_item_sk"], "Heap Fetches": 0, "Shared Hit Blocks": 4, "Shared Read Blocks": 48, "Shared Dirtied Blocks": 0, "Shared Written Blocks": 0, "Local Hit Blocks": 0, "Local Read Blocks": 0, "Local Dirtied Blocks": 0, "Local Written Blocks": 0, "Temp Read Blocks": 0, "Temp Written Blocks": 0, "I/O Read Time": 0.47, "I/O Write Time": 0.0, "parent": "Merge Join"}, {"Node Type": "Index Only Scan", "Parent Relationship": "Inner", "Parallel Aware": false, "Scan Direction": "Forward", "Index Name": "catalog_returns_pkey", "Relation Name": "catalog_returns", "Schema": "public", "Alias": "catalog_returns", "Startup Cost": 0.42, "Total Cost": 4425.43, "Plan Rows": 144067, "Plan Width": 4, "Actual Startup Time": 0.016, "Actual Total Time": 189.899, "Actual Rows": 144067, "Actual Loops": 1, "Output": ["catalog_returns.cr_item_sk", "catalog_returns.cr_order_number"], "Heap Fetches": 0, "Shared Hit Blocks": 5, "Shared Read Blocks": 559, "Shared Dirtied Blocks": 0, "Shared Written Blocks": 0, "Local Hit Blocks": 0, "Local Read Blocks": 0, "Local Dirtied Blocks": 0, "Local Written Blocks": 0, "Temp Read Blocks": 0, "Temp Written Blocks": 0, "I/O Read Time": 168.608, "I/O Write Time": 0.0, "parent": "Merge Join"}], "parent": "None"}, "Planning": {"Shared Hit Blocks": 99, "Shared Read Blocks": 23, "Shared Dirtied Blocks": 0, "Shared Written Blocks": 0, "Local Hit Blocks": 0, "Local Read Blocks": 0, "Local Dirtied Blocks": 0, "Local Written Blocks": 0, "Temp Read Blocks": 0, "Temp Written Blocks": 0, "I/O Read Time": 7.198, "I/O Write Time": 0.0}, "Planning Time": 8.375, "Triggers": [], "Execution Time": 231.294}, "config": {}}
{"query": "EXPLAIN (ANALYZE, COSTS, BUFFERS, VERBOSE, FORMAT JSON) select promotion.p_start_date_sk, date_dim.d_month_seq from promotion join date_dim on date_dim.d_date_sk=promotion.p_end_date_sk;", "planinfo": {"Plan": {"Node Type": "Merge Join", "Parallel Aware": false, "Join Type": "Inner", "Startup Cost": 1721.23, "Total Cost": 1764.23, "Plan Rows": 300, "Plan Width": 8, "Actual Startup Time": 26.998, "Actual Total Time": 27.677, "Actual Rows": 294, "Actual Loops": 1, "Output": ["promotion.p_start_date_sk", "date_dim.d_month_seq"], "Inner Unique": false, "Merge Cond": "(date_dim.d_date_sk = promotion.p_end_date_sk)", "Shared Hit Blocks": 0, "Shared Read Blocks": 800, "Shared Dirtied Blocks": 0, "Shared Written Blocks": 0, "Local Hit Blocks": 0, "Local Read Blocks": 0, "Local Dirtied Blocks": 0, "Local Written Blocks": 0, "Temp Read Blocks": 0, "Temp Written Blocks": 0, "I/O Read Time": 11.93, "I/O Write Time": 0.0, "Plans": [{"Node Type": "Index Scan", "Parent Relationship": "Outer", "Parallel Aware": false, "Scan Direction": "Forward", "Index Name": "d_date_sk_idx", "Relation Name": "date_dim", "Schema": "public", "Alias": "date_dim", "Startup Cost": 0.29, "Total Cost": 3312.03, "Plan Rows": 73049, "Plan Width": 8, "Actual Startup Time": 1.256, "Actual Total Time": 20.838, "Actual Rows": 35935, "Actual Loops": 1, "Output": ["date_dim.d_date_sk", "date_dim.d_date_id", "date_dim.d_date", "date_dim.d_month_seq", "date_dim.d_week_seq", "date_dim.d_quarter_seq", "date_dim.d_year", "date_dim.d_dow", "date_dim.d_moy", "date_dim.d_dom", "date_dim.d_qoy", "date_dim.d_fy_year", "date_dim.d_fy_quarter_seq", "date_dim.d_fy_week_seq", "date_dim.d_day_name", "date_dim.d_quarter_name", "date_dim.d_holiday", "date_dim.d_weekend", "date_dim.d_following_holiday", "date_dim.d_first_dom", "date_dim.d_last_dom", "date_dim.d_same_day_ly", "date_dim.d_same_day_lq", "date_dim.d_current_day", "date_dim.d_current_week", "date_dim.d_current_month", "date_dim.d_current_quarter", "date_dim.d_current_year"], "Shared Hit Blocks": 0, "Shared Read Blocks": 792, "Shared Dirtied Blocks": 0, "Shared Written Blocks": 0, "Local Hit Blocks": 0, "Local Read Blocks": 0, "Local Dirtied Blocks": 0, "Local Written Blocks": 0, "Temp Read Blocks": 0, "Temp Written Blocks": 0, "I/O Read Time": 10.938, "I/O Write Time": 0.0, "parent": "Merge Join"}, {"Node Type": "Sort", "Parent Relationship": "Inner", "Parallel Aware": false, "Startup Cost": 23.34, "Total Cost": 24.09, "Plan Rows": 300, "Plan Width": 8, "Actual Startup Time": 1.284, "Actual Total Time": 1.32, "Actual Rows": 295, "Actual Loops": 1, "Output": ["promotion.p_start_date_sk", "promotion.p_end_date_sk"], "Sort Key": ["promotion.p_end_date_sk"], "Sort Method": "quicksort", "Sort Space Used": 41, "Sort Space Type": "Memory", "Shared Hit Blocks": 0, "Shared Read Blocks": 8, "Shared Dirtied Blocks": 0, "Shared Written Blocks": 0, "Local Hit Blocks": 0, "Local Read Blocks": 0, "Local Dirtied Blocks": 0, "Local Written Blocks": 0, "Temp Read Blocks": 0, "Temp Written Blocks": 0, "I/O Read Time": 0.992, "I/O Write Time": 0.0, "Plans": [{"Node Type": "Seq Scan", "Parent Relationship": "Outer", "Parallel Aware": false, "Relation Name": "promotion", "Schema": "public", "Alias": "promotion", "Startup Cost": 0.0, "Total Cost": 11.0, "Plan Rows": 300, "Plan Width": 8, "Actual Startup Time": 0.49, "Actual Total Time": 1.083, "Actual Rows": 300, "Actual Loops": 1, "Output": ["promotion.p_start_date_sk", "promotion.p_end_date_sk"], "Shared Hit Blocks": 0, "Shared Read Blocks": 8, "Shared Dirtied Blocks": 0, "Shared Written Blocks": 0, "Local Hit Blocks": 0, "Local Read Blocks": 0, "Local Dirtied Blocks": 0, "Local Written Blocks": 0, "Temp Read Blocks": 0, "Temp Written Blocks": 0, "I/O Read Time": 0.992, "I/O Write Time": 0.0, "parent": "Sort"}], "parent": "Merge Join"}], "parent": "None"}, "Planning": {"Shared Hit Blocks": 142, "Shared Read Blocks": 18, "Shared Dirtied Blocks": 0, "Shared Written Blocks": 0, "Local Hit Blocks": 0, "Local Read Blocks": 0, "Local Dirtied Blocks": 0, "Local Written Blocks": 0, "Temp Read Blocks": 0, "Temp Written Blocks": 0, "I/O Read Time": 6.861, "I/O Write Time": 0.0}, "Planning Time": 8.193, "Triggers": [], "Execution Time": 27.826}, "config": {}}
{"query": "EXPLAIN (ANALYZE, COSTS, BUFFERS, VERBOSE, FORMAT JSON) select catalog_page.cp_end_date_sk, date_dim.d_quarter_seq,  sum(catalog_page.cp_end_date_sk) from catalog_page join date_dim on date_dim.d_date_sk=catalog_page.cp_end_date_sk where date_dim.d_month_seq != 1223 group by catalog_page.cp_end_date_sk, date_dim.d_quarter_seq having sum(catalog_page.cp_end_date_sk) > 4999;", "planinfo": {"Plan": {"Node Type": "Aggregate", "Strategy": "Hashed", "Partial Mode": "Simple", "Parallel Aware": false, "Startup Cost": 3379.69, "Total Cost": 3526.1, "Plan Rows": 3904, "Plan Width": 16, "Actual Startup Time": 45.249, "Actual Total Time": 45.313, "Actual Rows": 95, "Actual Loops": 1, "Output": ["catalog_page.cp_end_date_sk", "date_dim.d_quarter_seq", "sum(catalog_page.cp_end_date_sk)"], "Group Key": ["catalog_page.cp_end_date_sk", "date_dim.d_quarter_seq"], "Filter": "(sum(catalog_page.cp_end_date_sk) > 4999)", "Planned Partitions": 0, "HashAgg Batches": 1, "Peak Memory Usage": 417, "Disk Usage": 0, "Rows Removed by Filter": 0, "Shared Hit Blocks": 0, "Shared Read Blocks": 1082, "Shared Dirtied Blocks": 0, "Shared Written Blocks": 0, "Local Hit Blocks": 0, "Local Read Blocks": 0, "Local Dirtied Blocks": 0, "Local Written Blocks": 0, "Temp Read Blocks": 0, "Temp Written Blocks": 0, "I/O Read Time": 15.232, "I/O Write Time": 0.0, "Plans": [{"Node Type": "Merge Join", "Parent Relationship": "Outer", "Parallel Aware": false, "Join Type": "Inner", "Startup Cost": 2972.81, "Total Cost": 3262.56, "Plan Rows": 11713, "Plan Width": 8, "Actual Startup Time": 35.961, "Actual Total Time": 40.848, "Actual Rows": 11291, "Actual Loops": 1, "Output": ["catalog_page.cp_end_date_sk", "date_dim.d_quarter_seq"], "Inner Unique": false, "Merge Cond": "(date_dim.d_date_sk = catalog_page.cp_end_date_sk)", "Shared Hit Blocks": 0, "Shared Read Blocks": 1082, "Shared Dirtied Blocks": 0, "Shared Written Blocks": 0, "Local Hit Blocks": 0, "Local Read Blocks": 0, "Local Dirtied Blocks": 0, "Local Written Blocks": 0, "Temp Read Blocks": 0, "Temp Written Blocks": 0, "I/O Read Time": 15.232, "I/O Write Time": 0.0, "Plans": [{"Node Type": "Index Scan", "Parent Relationship": "Outer", "Parallel Aware": false, "Scan Direction": "Forward", "Index Name": "d_date_sk_idx", "Relation Name": "date_dim", "Schema": "public", "Alias": "date_dim", "Startup Cost": 0.29, "Total Cost": 3494.65, "Plan Rows": 73019, "Plan Width": 8, "Actual Startup Time": 0.919, "Actual Total Time": 23.345, "Actual Rows": 38135, "Actual Loops": 1, "Output": ["date_dim.d_date_sk", "date_dim.d_date_id", "date_dim.d_date", "date_dim.d_month_seq", "date_dim.d_week_seq", "date_dim.d_quarter_seq", "date_dim.d_year", "date_dim.d_dow", "date_dim.d_moy", "date_dim.d_dom", "date_dim.d_qoy", "date_dim.d_fy_year", "date_dim.d_fy_quarter_seq", "date_dim.d_fy_week_seq", "date_dim.d_day_name", "date_dim.d_quarter_name", "date_dim.d_holiday", "date_dim.d_weekend", "date_dim.d_following_holiday", "date_dim.d_first_dom", "date_dim.d_last_dom", "date_dim.d_same_day_ly", "date_dim.d_same_day_lq", "date_dim.d_current_day", "date_dim.d_current_week", "date_dim.d_current_month", "date_dim.d_current_quarter", "date_dim.d_current_year"], "Filter": "(date_dim.d_month_seq <> 1223)", "Rows Removed by Filter": 31, "Shared Hit Blocks": 0, "Shared Read Blocks": 840, "Shared Dirtied Blocks": 0, "Shared Written Blocks": 0, "Local Hit Blocks": 0, "Local Read Blocks": 0, "Local Dirtied Blocks": 0, "Local Written Blocks": 0, "Temp Read Blocks": 0, "Temp Written Blocks": 0, "I/O Read Time": 10.483, "I/O Write Time": 0.0, "parent": "Merge Join"}, {"Node Type": "Sort", "Parent Relationship": "Inner", "Parallel Aware": false, "Startup Cost": 1151.11, "Total Cost": 1180.4, "Plan Rows": 11718, "Plan Width": 4, "Actual Startup Time": 9.408, "Actual Total Time": 10.092, "Actual Rows": 11611, "Actual Loops": 1, "Output": ["catalog_page.cp_end_date_sk"], "Sort Key": ["catalog_page.cp_end_date_sk"], "Sort Method": "quicksort", "Sort Space Used": 1024, "Sort Space Type": "Memory", "Shared Hit Blocks": 0, "Shared Read Blocks": 242, "Shared Dirtied Blocks": 0, "Shared Written Blocks": 0, "Local Hit Blocks": 0, "Local Read Blocks": 0, "Local Dirtied Blocks": 0, "Local Written Blocks": 0, "Temp Read Blocks": 0, "Temp Written Blocks": 0, "I/O Read Time": 4.749, "I/O Write Time": 0.0, "Plans": [{"Node Type": "Seq Scan", "Parent Relationship": "Outer", "Parallel Aware": false, "Relation Name": "catalog_page", "Schema": "public", "Alias": "catalog_page", "Startup Cost": 0.0, "Total Cost": 359.18, "Plan Rows": 11718, "Plan Width": 4, "Actual Startup Time": 0.466, "Actual Total Time": 6.77, "Actual Rows": 11718, "Actual Loops": 1, "Output": ["catalog_page.cp_end_date_sk"], "Shared Hit Blocks": 0, "Shared Read Blocks": 242, "Shared Dirtied Blocks": 0, "Shared Written Blocks": 0, "Local Hit Blocks": 0, "Local Read Blocks": 0, "Local Dirtied Blocks": 0, "Local Written Blocks": 0, "Temp Read Blocks": 0, "Temp Written Blocks": 0, "I/O Read Time": 4.749, "I/O Write Time": 0.0, "parent": "Sort"}], "parent": "Merge Join"}], "parent": "Aggregate"}], "parent": "None"}, "Planning": {"Shared Hit Blocks": 142, "Shared Read Blocks": 16, "Shared Dirtied Blocks": 0, "Shared Written Blocks": 0, "Local Hit Blocks": 0, "Local Read Blocks": 0, "Local Dirtied Blocks": 0, "Local Written Blocks": 0, "Temp Read Blocks": 0, "Temp Written Blocks": 0, "I/O Read Time": 6.149, "I/O Write Time": 0.0}, "Planning Time": 8.77, "Triggers": [], "Execution Time": 45.966}, "config": {}}
{"query": "EXPLAIN (ANALYZE, COSTS, BUFFERS, VERBOSE, FORMAT JSON) select date_dim.d_fy_year, promotion.p_start_date_sk from promotion join date_dim on date_dim.d_date_sk=promotion.p_end_date_sk;", "planinfo": {"Plan": {"Node Type": "Merge Join", "Parallel Aware": false, "Join Type": "Inner", "Startup Cost": 1721.23, "Total Cost": 1764.23, "Plan Rows": 300, "Plan Width": 8, "Actual Startup Time": 26.969, "Actual Total Time": 27.676, "Actual Rows": 294, "Actual Loops": 1, "Output": ["date_dim.d_fy_year", "promotion.p_start_date_sk"], "Inner Unique": false, "Merge Cond": "(date_dim.d_date_sk = promotion.p_end_date_sk)", "Shared Hit Blocks": 0, "Shared Read Blocks": 800, "Shared Dirtied Blocks": 0, "Shared Written Blocks": 0, "Local Hit Blocks": 0, "Local Read Blocks": 0, "Local Dirtied Blocks": 0, "Local Written Blocks": 0, "Temp Read Blocks": 0, "Temp Written Blocks": 0, "I/O Read Time": 12.201, "I/O Write Time": 0.0, "Plans": [{"Node Type": "Index Scan", "Parent Relationship": "Outer", "Parallel Aware": false, "Scan Direction": "Forward", "Index Name": "d_date_sk_idx", "Relation Name": "date_dim", "Schema": "public", "Alias": "date_dim", "Startup Cost": 0.29, "Total Cost": 3312.03, "Plan Rows": 73049, "Plan Width": 8, "Actual Startup Time": 0.92, "Actual Total Time": 20.576, "Actual Rows": 35935, "Actual Loops": 1, "Output": ["date_dim.d_date_sk", "date_dim.d_date_id", "date_dim.d_date", "date_dim.d_month_seq", "date_dim.d_week_seq", "date_dim.d_quarter_seq", "date_dim.d_year", "date_dim.d_dow", "date_dim.d_moy", "date_dim.d_dom", "date_dim.d_qoy", "date_dim.d_fy_year", "date_dim.d_fy_quarter_seq", "date_dim.d_fy_week_seq", "date_dim.d_day_name", "date_dim.d_quarter_name", "date_dim.d_holiday", "date_dim.d_weekend", "date_dim.d_following_holiday", "date_dim.d_first_dom", "date_dim.d_last_dom", "date_dim.d_same_day_ly", "date_dim.d_same_day_lq", "date_dim.d_current_day", "date_dim.d_current_week", "date_dim.d_current_month", "date_dim.d_current_quarter", "date_dim.d_current_year"], "Shared Hit Blocks": 0, "Shared Read Blocks": 792, "Shared Dirtied Blocks": 0, "Shared Written Blocks": 0, "Local Hit Blocks": 0, "Local Read Blocks": 0, "Local Dirtied Blocks": 0, "Local Written Blocks": 0, "Temp Read Blocks": 0, "Temp Written Blocks": 0, "I/O Read Time": 10.757, "I/O Write Time": 0.0, "parent": "Merge Join"}, {"Node Type": "Sort", "Parent Relationship": "Inner", "Parallel Aware": false, "Startup Cost": 23.34, "Total Cost": 24.09, "Plan Rows": 300, "Plan Width": 8, "Actual Startup Time": 1.623, "Actual Total Time": 1.664, "Actual Rows": 295, "Actual Loops": 1, "Output": ["promotion.p_start_date_sk", "promotion.p_end_date_sk"], "Sort Key": ["promotion.p_end_date_sk"], "Sort Method": "quicksort", "Sort Space Used": 41, "Sort Space Type": "Memory", "Shared Hit Blocks": 0, "Shared Read Blocks": 8, "Shared Dirtied Blocks": 0, "Shared Written Blocks": 0, "Local Hit Blocks": 0, "Local Read Blocks": 0, "Local Dirtied Blocks": 0, "Local Written Blocks": 0, "Temp Read Blocks": 0, "Temp Written Blocks": 0, "I/O Read Time": 1.444, "I/O Write Time": 0.0, "Plans": [{"Node Type": "Seq Scan", "Parent Relationship": "Outer", "Parallel Aware": false, "Relation Name": "promotion", "Schema": "public", "Alias": "promotion", "Startup Cost": 0.0, "Total Cost": 11.0, "Plan Rows": 300, "Plan Width": 8, "Actual Startup Time": 0.814, "Actual Total Time": 1.513, "Actual Rows": 300, "Actual Loops": 1, "Output": ["promotion.p_start_date_sk", "promotion.p_end_date_sk"], "Shared Hit Blocks": 0, "Shared Read Blocks": 8, "Shared Dirtied Blocks": 0, "Shared Written Blocks": 0, "Local Hit Blocks": 0, "Local Read Blocks": 0, "Local Dirtied Blocks": 0, "Local Written Blocks": 0, "Temp Read Blocks": 0, "Temp Written Blocks": 0, "I/O Read Time": 1.444, "I/O Write Time": 0.0, "parent": "Sort"}], "parent": "Merge Join"}], "parent": "None"}, "Planning": {"Shared Hit Blocks": 141, "Shared Read Blocks": 19, "Shared Dirtied Blocks": 0, "Shared Written Blocks": 0, "Local Hit Blocks": 0, "Local Read Blocks": 0, "Local Dirtied Blocks": 0, "Local Written Blocks": 0, "Temp Read Blocks": 0, "Temp Written Blocks": 0, "I/O Read Time": 6.891, "I/O Write Time": 0.0}, "Planning Time": 8.134, "Triggers": [], "Execution Time": 27.818}, "config": {}}
{"query": "EXPLAIN (ANALYZE, COSTS, BUFFERS, VERBOSE, FORMAT JSON) select promotion.p_promo_sk, date_dim.d_same_day_lq,  max(date_dim.d_month_seq) from promotion join date_dim on date_dim.d_date_sk=promotion.p_end_date_sk group by promotion.p_promo_sk, date_dim.d_same_day_lq;", "planinfo": {"Plan": {"Node Type": "Aggregate", "Strategy": "Sorted", "Partial Mode": "Simple", "Parallel Aware": false, "Startup Cost": 1776.57, "Total Cost": 1782.57, "Plan Rows": 300, "Plan Width": 12, "Actual Startup Time": 26.876, "Actual Total Time": 27.051, "Actual Rows": 294, "Actual Loops": 1, "Output": ["promotion.p_promo_sk", "date_dim.d_same_day_lq", "max(date_dim.d_month_seq)"], "Group Key": ["promotion.p_promo_sk", "date_dim.d_same_day_lq"], "Shared Hit Blocks": 0, "Shared Read Blocks": 800, "Shared Dirtied Blocks": 0, "Shared Written Blocks": 0, "Local Hit Blocks": 0, "Local Read Blocks": 0, "Local Dirtied Blocks": 0, "Local Written Blocks": 0, "Temp Read Blocks": 0, "Temp Written Blocks": 0, "I/O Read Time": 11.438, "I/O Write Time": 0.0, "Plans": [{"Node Type": "Sort", "Parent Relationship": "Outer", "Parallel Aware": false, "Startup Cost": 1776.57, "Total Cost": 1777.32, "Plan Rows": 300, "Plan Width": 12, "Actual Startup Time": 26.869, "Actual Total Time": 26.887, "Actual Rows": 294, "Actual Loops": 1, "Output": ["promotion.p_promo_sk", "date_dim.d_same_day_lq", "date_dim.d_month_seq"], "Sort Key": ["promotion.p_promo_sk", "date_dim.d_same_day_lq"], "Sort Method": "quicksort", "Sort Space Used": 41, "Sort Space Type": "Memory", "Shared Hit Blocks": 0, "Shared Read Blocks": 800, "Shared Dirtied Blocks": 0, "Shared Written Blocks": 0, "Local Hit Blocks": 0, "Local Read Blocks": 0, "Local Dirtied Blocks": 0, "Local Written Blocks": 0, "Temp Read Blocks": 0, "Temp Written Blocks": 0, "I/O Read Time": 11.438, "I/O Write Time": 0.0, "Plans": [{"Node Type": "Merge Join", "Parent Relationship": "Outer", "Parallel Aware": false, "Join Type": "Inner", "Startup Cost": 1721.23, "Total Cost": 1764.23, "Plan Rows": 300, "Plan Width": 12, "Actual Startup Time": 26.032, "Actual Total Time": 26.756, "Actual Rows": 294, "Actual Loops": 1, "Output": ["promotion.p_promo_sk", "date_dim.d_same_day_lq", "date_dim.d_month_seq"], "Inner Unique": false, "Merge Cond": "(date_dim.d_date_sk = promotion.p_end_date_sk)", "Shared Hit Blocks": 0, "Shared Read Blocks": 800, "Shared Dirtied Blocks": 0, "Shared Written Blocks": 0, "Local Hit Blocks": 0, "Local Read Blocks": 0, "Local Dirtied Blocks": 0, "Local Written Blocks": 0, "Temp Read Blocks": 0, "Temp Written Blocks": 0, "I/O Read Time": 11.438, "I/O Write Time": 0.0, "Plans": [{"Node Type": "Index Scan", "Parent Relationship": "Outer", "Parallel Aware": false, "Scan Direction": "Forward", "Index Name": "d_date_sk_idx", "Relation Name": "date_dim", "Schema": "public", "Alias": "date_dim", "Startup Cost": 0.29, "Total Cost": 3312.03, "Plan Rows": 73049, "Plan Width": 12, "Actual Startup Time": 0.924, "Actual Total Time": 20.034, "Actual Rows": 35935, "Actual Loops": 1, "Output": ["date_dim.d_date_sk", "date_dim.d_date_id", "date_dim.d_date", "date_dim.d_month_seq", "date_dim.d_week_seq", "date_dim.d_quarter_seq", "date_dim.d_year", "date_dim.d_dow", "date_dim.d_moy", "date_dim.d_dom", "date_dim.d_qoy", "date_dim.d_fy_year", "date_dim.d_fy_quarter_seq", "date_dim.d_fy_week_seq", "date_dim.d_day_name", "date_dim.d_quarter_name", "date_dim.d_holiday", "date_dim.d_weekend", "date_dim.d_following_holiday", "date_dim.d_first_dom", "date_dim.d_last_dom", "date_dim.d_same_day_ly", "date_dim.d_same_day_lq", "date_dim.d_current_day", "date_dim.d_current_week", "date_dim.d_current_month", "date_dim.d_current_quarter", "date_dim.d_current_year"], "Shared Hit Blocks": 0, "Shared Read Blocks": 792, "Shared Dirtied Blocks": 0, "Shared Written Blocks": 0, "Local Hit Blocks": 0, "Local Read Blocks": 0, "Local Dirtied Blocks": 0, "Local Written Blocks": 0, "Temp Read Blocks": 0, "Temp Written Blocks": 0, "I/O Read Time": 10.412, "I/O Write Time": 0.0, "parent": "Merge Join"}, {"Node Type": "Sort", "Parent Relationship": "Inner", "Parallel Aware": false, "Startup Cost": 23.34, "Total Cost": 24.09, "Plan Rows": 300, "Plan Width": 8, "Actual Startup Time": 1.201, "Actual Total Time": 1.239, "Actual Rows": 295, "Actual Loops": 1, "Output": ["promotion.p_promo_sk", "promotion.p_end_date_sk"], "Sort Key": ["promotion.p_end_date_sk"], "Sort Method": "quicksort", "Sort Space Used": 41, "Sort Space Type": "Memory", "Shared Hit Blocks": 0, "Shared Read Blocks": 8, "Shared Dirtied Blocks": 0, "Shared Written Blocks": 0, "Local Hit Blocks": 0, "Local Read Blocks": 0, "Local Dirtied Blocks": 0, "Local Written Blocks": 0, "Temp Read Blocks": 0, "Temp Written Blocks": 0, "I/O Read Time": 1.025, "I/O Write Time": 0.0, "Plans": [{"Node Type": "Seq Scan", "Parent Relationship": "Outer", "Parallel Aware": false, "Relation Name": "promotion", "Schema": "public", "Alias": "promotion", "Startup Cost": 0.0, "Total Cost": 11.0, "Plan Rows": 300, "Plan Width": 8, "Actual Startup Time": 0.454, "Actual Total Time": 1.095, "Actual Rows": 300, "Actual Loops": 1, "Output": ["promotion.p_promo_sk", "promotion.p_end_date_sk"], "Shared Hit Blocks": 0, "Shared Read Blocks": 8, "Shared Dirtied Blocks": 0, "Shared Written Blocks": 0, "Local Hit Blocks": 0, "Local Read Blocks": 0, "Local Dirtied Blocks": 0, "Local Written Blocks": 0, "Temp Read Blocks": 0, "Temp Written Blocks": 0, "I/O Read Time": 1.025, "I/O Write Time": 0.0, "parent": "Sort"}], "parent": "Merge Join"}], "parent": "Sort"}], "parent": "Aggregate"}], "parent": "None"}, "Planning": {"Shared Hit Blocks": 139, "Shared Read Blocks": 21, "Shared Dirtied Blocks": 0, "Shared Written Blocks": 0, "Local Hit Blocks": 0, "Local Read Blocks": 0, "Local Dirtied Blocks": 0, "Local Written Blocks": 0, "Temp Read Blocks": 0, "Temp Written Blocks": 0, "I/O Read Time": 7.537, "I/O Write Time": 0.0}, "Planning Time": 8.791, "Triggers": [], "Execution Time": 27.246}, "config": {}}
{"query": "EXPLAIN (ANALYZE, COSTS, BUFFERS, VERBOSE, FORMAT JSON) select date_dim.d_dom, promotion.p_item_sk from date_dim join promotion on promotion.p_end_date_sk=date_dim.d_date_sk order by date_dim.d_dom DESC;", "planinfo": {"Plan": {"Node Type": "Sort", "Parallel Aware": false, "Startup Cost": 1776.57, "Total Cost": 1777.32, "Plan Rows": 300, "Plan Width": 8, "Actual Startup Time": 27.128, "Actual Total Time": 27.145, "Actual Rows": 294, "Actual Loops": 1, "Output": ["date_dim.d_dom", "promotion.p_item_sk"], "Sort Key": ["date_dim.d_dom DESC"], "Sort Method": "quicksort", "Sort Space Used": 41, "Sort Space Type": "Memory", "Shared Hit Blocks": 0, "Shared Read Blocks": 800, "Shared Dirtied Blocks": 0, "Shared Written Blocks": 0, "Local Hit Blocks": 0, "Local Read Blocks": 0, "Local Dirtied Blocks": 0, "Local Written Blocks": 0, "Temp Read Blocks": 0, "Temp Written Blocks": 0, "I/O Read Time": 11.941, "I/O Write Time": 0.0, "Plans": [{"Node Type": "Merge Join", "Parent Relationship": "Outer", "Parallel Aware": false, "Join Type": "Inner", "Startup Cost": 1721.23, "Total Cost": 1764.23, "Plan Rows": 300, "Plan Width": 8, "Actual Startup Time": 26.297, "Actual Total Time": 27.038, "Actual Rows": 294, "Actual Loops": 1, "Output": ["date_dim.d_dom", "promotion.p_item_sk"], "Inner Unique": false, "Merge Cond": "(date_dim.d_date_sk = promotion.p_end_date_sk)", "Shared Hit Blocks": 0, "Shared Read Blocks": 800, "Shared Dirtied Blocks": 0, "Shared Written Blocks": 0, "Local Hit Blocks": 0, "Local Read Blocks": 0, "Local Dirtied Blocks": 0, "Local Written Blocks": 0, "Temp Read Blocks": 0, "Temp Written Blocks": 0, "I/O Read Time": 11.941, "I/O Write Time": 0.0, "Plans": [{"Node Type": "Index Scan", "Parent Relationship": "Outer", "Parallel Aware": false, "Scan Direction": "Forward", "Index Name": "d_date_sk_idx", "Relation Name": "date_dim", "Schema": "public", "Alias": "date_dim", "Startup Cost": 0.29, "Total Cost": 3312.03, "Plan Rows": 73049, "Plan Width": 8, "Actual Startup Time": 0.93, "Actual Total Time": 20.375, "Actual Rows": 35935, "Actual Loops": 1, "Output": ["date_dim.d_date_sk", "date_dim.d_date_id", "date_dim.d_date", "date_dim.d_month_seq", "date_dim.d_week_seq", "date_dim.d_quarter_seq", "date_dim.d_year", "date_dim.d_dow", "date_dim.d_moy", "date_dim.d_dom", "date_dim.d_qoy", "date_dim.d_fy_year", "date_dim.d_fy_quarter_seq", "date_dim.d_fy_week_seq", "date_dim.d_day_name", "date_dim.d_quarter_name", "date_dim.d_holiday", "date_dim.d_weekend", "date_dim.d_following_holiday", "date_dim.d_first_dom", "date_dim.d_last_dom", "date_dim.d_same_day_ly", "date_dim.d_same_day_lq", "date_dim.d_current_day", "date_dim.d_current_week", "date_dim.d_current_month", "date_dim.d_current_quarter", "date_dim.d_current_year"], "Shared Hit Blocks": 0, "Shared Read Blocks": 792, "Shared Dirtied Blocks": 0, "Shared Written Blocks": 0, "Local Hit Blocks": 0, "Local Read Blocks": 0, "Local Dirtied Blocks": 0, "Local Written Blocks": 0, "Temp Read Blocks": 0, "Temp Written Blocks": 0, "I/O Read Time": 10.837, "I/O Write Time": 0.0, "parent": "Merge Join"}, {"Node Type": "Sort", "Parent Relationship": "Inner", "Parallel Aware": false, "Startup Cost": 23.34, "Total Cost": 24.09, "Plan Rows": 300, "Plan Width": 8, "Actual Startup Time": 1.274, "Actual Total Time": 1.302, "Actual Rows": 295, "Actual Loops": 1, "Output": ["promotion.p_item_sk", "promotion.p_end_date_sk"], "Sort Key": ["promotion.p_end_date_sk"], "Sort Method": "quicksort", "Sort Space Used": 41, "Sort Space Type": "Memory", "Shared Hit Blocks": 0, "Shared Read Blocks": 8, "Shared Dirtied Blocks": 0, "Shared Written Blocks": 0, "Local Hit Blocks": 0, "Local Read Blocks": 0, "Local Dirtied Blocks": 0, "Local Written Blocks": 0, "Temp Read Blocks": 0, "Temp Written Blocks": 0, "I/O Read Time": 1.104, "I/O Write Time": 0.0, "Plans": [{"Node Type": "Seq Scan", "Parent Relationship": "Outer", "Parallel Aware": false, "Relation Name": "promotion", "Schema": "public", "Alias": "promotion", "Startup Cost": 0.0, "Total Cost": 11.0, "Plan Rows": 300, "Plan Width": 8, "Actual Startup Time": 0.496, "Actual Total Time": 1.173, "Actual Rows": 300, "Actual Loops": 1, "Output": ["promotion.p_item_sk", "promotion.p_end_date_sk"], "Shared Hit Blocks": 0, "Shared Read Blocks": 8, "Shared Dirtied Blocks": 0, "Shared Written Blocks": 0, "Local Hit Blocks": 0, "Local Read Blocks": 0, "Local Dirtied Blocks": 0, "Local Written Blocks": 0, "Temp Read Blocks": 0, "Temp Written Blocks": 0, "I/O Read Time": 1.104, "I/O Write Time": 0.0, "parent": "Sort"}], "parent": "Merge Join"}], "parent": "Sort"}], "parent": "None"}, "Planning": {"Shared Hit Blocks": 140, "Shared Read Blocks": 18, "Shared Dirtied Blocks": 0, "Shared Written Blocks": 0, "Local Hit Blocks": 0, "Local Read Blocks": 0, "Local Dirtied Blocks": 0, "Local Written Blocks": 0, "Temp Read Blocks": 0, "Temp Written Blocks": 0, "I/O Read Time": 6.114, "I/O Write Time": 0.0}, "Planning Time": 7.324, "Triggers": [], "Execution Time": 27.291}, "config": {}}
{"query": "EXPLAIN (ANALYZE, COSTS, BUFFERS, VERBOSE, FORMAT JSON) select date_dim.d_dom, promotion.p_item_sk from date_dim join promotion on promotion.p_end_date_sk=date_dim.d_date_sk order by date_dim.d_dom DESC, promotion.p_item_sk DESC;", "planinfo": {"Plan": {"Node Type": "Sort", "Parallel Aware": false, "Startup Cost": 1776.57, "Total Cost": 1777.32, "Plan Rows": 300, "Plan Width": 8, "Actual Startup Time": 27.238, "Actual Total Time": 27.255, "Actual Rows": 294, "Actual Loops": 1, "Output": ["date_dim.d_dom", "promotion.p_item_sk"], "Sort Key": ["date_dim.d_dom DESC", "promotion.p_item_sk DESC"], "Sort Method": "quicksort", "Sort Space Used": 41, "Sort Space Type": "Memory", "Shared Hit Blocks": 0, "Shared Read Blocks": 800, "Shared Dirtied Blocks": 0, "Shared Written Blocks": 0, "Local Hit Blocks": 0, "Local Read Blocks": 0, "Local Dirtied Blocks": 0, "Local Written Blocks": 0, "Temp Read Blocks": 0, "Temp Written Blocks": 0, "I/O Read Time": 11.673, "I/O Write Time": 0.0, "Plans": [{"Node Type": "Merge Join", "Parent Relationship": "Outer", "Parallel Aware": false, "Join Type": "Inner", "Startup Cost": 1721.23, "Total Cost": 1764.23, "Plan Rows": 300, "Plan Width": 8, "Actual Startup Time": 26.343, "Actual Total Time": 27.089, "Actual Rows": 294, "Actual Loops": 1, "Output": ["date_dim.d_dom", "promotion.p_item_sk"], "Inner Unique": false, "Merge Cond": "(date_dim.d_date_sk = promotion.p_end_date_sk)", "Shared Hit Blocks": 0, "Shared Read Blocks": 800, "Shared Dirtied Blocks": 0, "Shared Written Blocks": 0, "Local Hit Blocks": 0, "Local Read Blocks": 0, "Local Dirtied Blocks": 0, "Local Written Blocks": 0, "Temp Read Blocks": 0, "Temp Written Blocks": 0, "I/O Read Time": 11.673, "I/O Write Time": 0.0, "Plans": [{"Node Type": "Index Scan", "Parent Relationship": "Outer", "Parallel Aware": false, "Scan Direction": "Forward", "Index Name": "d_date_sk_idx", "Relation Name": "date_dim", "Schema": "public", "Alias": "date_dim", "Startup Cost": 0.29, "Total Cost": 3312.03, "Plan Rows": 73049, "Plan Width": 8, "Actual Startup Time": 1.228, "Actual Total Time": 20.14, "Actual Rows": 35935, "Actual Loops": 1, "Output": ["date_dim.d_date_sk", "date_dim.d_date_id", "date_dim.d_date", "date_dim.d_month_seq", "date_dim.d_week_seq", "date_dim.d_quarter_seq", "date_dim.d_year", "date_dim.d_dow", "date_dim.d_moy", "date_dim.d_dom", "date_dim.d_qoy", "date_dim.d_fy_year", "date_dim.d_fy_quarter_seq", "date_dim.d_fy_week_seq", "date_dim.d_day_name", "date_dim.d_quarter_name", "date_dim.d_holiday", "date_dim.d_weekend", "date_dim.d_following_holiday", "date_dim.d_first_dom", "date_dim.d_last_dom", "date_dim.d_same_day_ly", "date_dim.d_same_day_lq", "date_dim.d_current_day", "date_dim.d_current_week", "date_dim.d_current_month", "date_dim.d_current_quarter", "date_dim.d_current_year"], "Shared Hit Blocks": 0, "Shared Read Blocks": 792, "Shared Dirtied Blocks": 0, "Shared Written Blocks": 0, "Local Hit Blocks": 0, "Local Read Blocks": 0, "Local Dirtied Blocks": 0, "Local Written Blocks": 0, "Temp Read Blocks": 0, "Temp Written Blocks": 0, "I/O Read Time": 10.643, "I/O Write Time": 0.0, "parent": "Merge Join"}, {"Node Type": "Sort", "Parent Relationship": "Inner", "Parallel Aware": false, "Startup Cost": 23.34, "Total Cost": 24.09, "Plan Rows": 300, "Plan Width": 8, "Actual Startup Time": 1.203, "Actual Total Time": 1.24, "Actual Rows": 295, "Actual Loops": 1, "Output": ["promotion.p_item_sk", "promotion.p_end_date_sk"], "Sort Key": ["promotion.p_end_date_sk"], "Sort Method": "quicksort", "Sort Space Used": 41, "Sort Space Type": "Memory", "Shared Hit Blocks": 0, "Shared Read Blocks": 8, "Shared Dirtied Blocks": 0, "Shared Written Blocks": 0, "Local Hit Blocks": 0, "Local Read Blocks": 0, "Local Dirtied Blocks": 0, "Local Written Blocks": 0, "Temp Read Blocks": 0, "Temp Written Blocks": 0, "I/O Read Time": 1.031, "I/O Write Time": 0.0, "Plans": [{"Node Type": "Seq Scan", "Parent Relationship": "Outer", "Parallel Aware": false, "Relation Name": "promotion", "Schema": "public", "Alias": "promotion", "Startup Cost": 0.0, "Total Cost": 11.0, "Plan Rows": 300, "Plan Width": 8, "Actual Startup Time": 0.489, "Actual Total Time": 1.099, "Actual Rows": 300, "Actual Loops": 1, "Output": ["promotion.p_item_sk", "promotion.p_end_date_sk"], "Shared Hit Blocks": 0, "Shared Read Blocks": 8, "Shared Dirtied Blocks": 0, "Shared Written Blocks": 0, "Local Hit Blocks": 0, "Local Read Blocks": 0, "Local Dirtied Blocks": 0, "Local Written Blocks": 0, "Temp Read Blocks": 0, "Temp Written Blocks": 0, "I/O Read Time": 1.031, "I/O Write Time": 0.0, "parent": "Sort"}], "parent": "Merge Join"}], "parent": "Sort"}], "parent": "None"}, "Planning": {"Shared Hit Blocks": 140, "Shared Read Blocks": 18, "Shared Dirtied Blocks": 0, "Shared Written Blocks": 0, "Local Hit Blocks": 0, "Local Read Blocks": 0, "Local Dirtied Blocks": 0, "Local Written Blocks": 0, "Temp Read Blocks": 0, "Temp Written Blocks": 0, "I/O Read Time": 6.009, "I/O Write Time": 0.0}, "Planning Time": 7.258, "Triggers": [], "Execution Time": 27.407}, "config": {}}
{"query": "EXPLAIN (ANALYZE, COSTS, BUFFERS, VERBOSE, FORMAT JSON) select date_dim.d_week_seq, promotion.p_item_sk from promotion join date_dim on date_dim.d_date_sk=promotion.p_end_date_sk order by promotion.p_item_sk DESC, date_dim.d_week_seq DESC;", "planinfo": {"Plan": {"Node Type": "Sort", "Parallel Aware": false, "Startup Cost": 1776.57, "Total Cost": 1777.32, "Plan Rows": 300, "Plan Width": 8, "Actual Startup Time": 26.548, "Actual Total Time": 26.569, "Actual Rows": 294, "Actual Loops": 1, "Output": ["date_dim.d_week_seq", "promotion.p_item_sk"], "Sort Key": ["promotion.p_item_sk DESC", "date_dim.d_week_seq DESC"], "Sort Method": "quicksort", "Sort Space Used": 41, "Sort Space Type": "Memory", "Shared Hit Blocks": 0, "Shared Read Blocks": 800, "Shared Dirtied Blocks": 0, "Shared Written Blocks": 0, "Local Hit Blocks": 0, "Local Read Blocks": 0, "Local Dirtied Blocks": 0, "Local Written Blocks": 0, "Temp Read Blocks": 0, "Temp Written Blocks": 0, "I/O Read Time": 11.6, "I/O Write Time": 0.0, "Plans": [{"Node Type": "Merge Join", "Parent Relationship": "Outer", "Parallel Aware": false, "Join Type": "Inner", "Startup Cost": 1721.23, "Total Cost": 1764.23, "Plan Rows": 300, "Plan Width": 8, "Actual Startup Time": 25.738, "Actual Total Time": 26.431, "Actual Rows": 294, "Actual Loops": 1, "Output": ["date_dim.d_week_seq", "promotion.p_item_sk"], "Inner Unique": false, "Merge Cond": "(date_dim.d_date_sk = promotion.p_end_date_sk)", "Shared Hit Blocks": 0, "Shared Read Blocks": 800, "Shared Dirtied Blocks": 0, "Shared Written Blocks": 0, "Local Hit Blocks": 0, "Local Read Blocks": 0, "Local Dirtied Blocks": 0, "Local Written Blocks": 0, "Temp Read Blocks": 0, "Temp Written Blocks": 0, "I/O Read Time": 11.6, "I/O Write Time": 0.0, "Plans": [{"Node Type": "Index Scan", "Parent Relationship": "Outer", "Parallel Aware": false, "Scan Direction": "Forward", "Index Name": "d_date_sk_idx", "Relation Name": "date_dim", "Schema": "public", "Alias": "date_dim", "Startup Cost": 0.29, "Total Cost": 3312.03, "Plan Rows": 73049, "Plan Width": 8, "Actual Startup Time": 0.932, "Actual Total Time": 19.987, "Actual Rows": 35935, "Actual Loops": 1, "Output": ["date_dim.d_date_sk", "date_dim.d_date_id", "date_dim.d_date", "date_dim.d_month_seq", "date_dim.d_week_seq", "date_dim.d_quarter_seq", "date_dim.d_year", "date_dim.d_dow", "date_dim.d_moy", "date_dim.d_dom", "date_dim.d_qoy", "date_dim.d_fy_year", "date_dim.d_fy_quarter_seq", "date_dim.d_fy_week_seq", "date_dim.d_day_name", "date_dim.d_quarter_name", "date_dim.d_holiday", "date_dim.d_weekend", "date_dim.d_following_holiday", "date_dim.d_first_dom", "date_dim.d_last_dom", "date_dim.d_same_day_ly", "date_dim.d_same_day_lq", "date_dim.d_current_day", "date_dim.d_current_week", "date_dim.d_current_month", "date_dim.d_current_quarter", "date_dim.d_current_year"], "Shared Hit Blocks": 0, "Shared Read Blocks": 792, "Shared Dirtied Blocks": 0, "Shared Written Blocks": 0, "Local Hit Blocks": 0, "Local Read Blocks": 0, "Local Dirtied Blocks": 0, "Local Written Blocks": 0, "Temp Read Blocks": 0, "Temp Written Blocks": 0, "I/O Read Time": 10.543, "I/O Write Time": 0.0, "parent": "Merge Join"}, {"Node Type": "Sort", "Parent Relationship": "Inner", "Parallel Aware": false, "Startup Cost": 23.34, "Total Cost": 24.09, "Plan Rows": 300, "Plan Width": 8, "Actual Startup Time": 1.229, "Actual Total Time": 1.267, "Actual Rows": 295, "Actual Loops": 1, "Output": ["promotion.p_item_sk", "promotion.p_end_date_sk"], "Sort Key": ["promotion.p_end_date_sk"], "Sort Method": "quicksort", "Sort Space Used": 41, "Sort Space Type": "Memory", "Shared Hit Blocks": 0, "Shared Read Blocks": 8, "Shared Dirtied Blocks": 0, "Shared Written Blocks": 0, "Local Hit Blocks": 0, "Local Read Blocks": 0, "Local Dirtied Blocks": 0, "Local Written Blocks": 0, "Temp Read Blocks": 0, "Temp Written Blocks": 0, "I/O Read Time": 1.058, "I/O Write Time": 0.0, "Plans": [{"Node Type": "Seq Scan", "Parent Relationship": "Outer", "Parallel Aware": false, "Relation Name": "promotion", "Schema": "public", "Alias": "promotion", "Startup Cost": 0.0, "Total Cost": 11.0, "Plan Rows": 300, "Plan Width": 8, "Actual Startup Time": 0.455, "Actual Total Time": 1.127, "Actual Rows": 300, "Actual Loops": 1, "Output": ["promotion.p_item_sk", "promotion.p_end_date_sk"], "Shared Hit Blocks": 0, "Shared Read Blocks": 8, "Shared Dirtied Blocks": 0, "Shared Written Blocks": 0, "Local Hit Blocks": 0, "Local Read Blocks": 0, "Local Dirtied Blocks": 0, "Local Written Blocks": 0, "Temp Read Blocks": 0, "Temp Written Blocks": 0, "I/O Read Time": 1.058, "I/O Write Time": 0.0, "parent": "Sort"}], "parent": "Merge Join"}], "parent": "Sort"}], "parent": "None"}, "Planning": {"Shared Hit Blocks": 141, "Shared Read Blocks": 17, "Shared Dirtied Blocks": 0, "Shared Written Blocks": 0, "Local Hit Blocks": 0, "Local Read Blocks": 0, "Local Dirtied Blocks": 0, "Local Written Blocks": 0, "Temp Read Blocks": 0, "Temp Written Blocks": 0, "I/O Read Time": 6.329, "I/O Write Time": 0.0}, "Planning Time": 7.645, "Triggers": [], "Execution Time": 26.714}, "config": {}}
{"query": "EXPLAIN (ANALYZE, COSTS, BUFFERS, VERBOSE, FORMAT JSON) select promotion.p_response_target, date_dim.d_dom from date_dim join promotion on promotion.p_end_date_sk=date_dim.d_date_sk order by promotion.p_response_target DESC;", "planinfo": {"Plan": {"Node Type": "Sort", "Parallel Aware": false, "Startup Cost": 1776.57, "Total Cost": 1777.32, "Plan Rows": 300, "Plan Width": 8, "Actual Startup Time": 28.51, "Actual Total Time": 28.527, "Actual Rows": 294, "Actual Loops": 1, "Output": ["promotion.p_response_target", "date_dim.d_dom"], "Sort Key": ["promotion.p_response_target DESC"], "Sort Method": "quicksort", "Sort Space Used": 41, "Sort Space Type": "Memory", "Shared Hit Blocks": 0, "Shared Read Blocks": 800, "Shared Dirtied Blocks": 0, "Shared Written Blocks": 0, "Local Hit Blocks": 0, "Local Read Blocks": 0, "Local Dirtied Blocks": 0, "Local Written Blocks": 0, "Temp Read Blocks": 0, "Temp Written Blocks": 0, "I/O Read Time": 13.347, "I/O Write Time": 0.0, "Plans": [{"Node Type": "Merge Join", "Parent Relationship": "Outer", "Parallel Aware": false, "Join Type": "Inner", "Startup Cost": 1721.23, "Total Cost": 1764.23, "Plan Rows": 300, "Plan Width": 8, "Actual Startup Time": 27.741, "Actual Total Time": 28.434, "Actual Rows": 294, "Actual Loops": 1, "Output": ["promotion.p_response_target", "date_dim.d_dom"], "Inner Unique": false, "Merge Cond": "(date_dim.d_date_sk = promotion.p_end_date_sk)", "Shared Hit Blocks": 0, "Shared Read Blocks": 800, "Shared Dirtied Blocks": 0, "Shared Written Blocks": 0, "Local Hit Blocks": 0, "Local Read Blocks": 0, "Local Dirtied Blocks": 0, "Local Written Blocks": 0, "Temp Read Blocks": 0, "Temp Written Blocks": 0, "I/O Read Time": 13.347, "I/O Write Time": 0.0, "Plans": [{"Node Type": "Index Scan", "Parent Relationship": "Outer", "Parallel Aware": false, "Scan Direction": "Forward", "Index Name": "d_date_sk_idx", "Relation Name": "date_dim", "Schema": "public", "Alias": "date_dim", "Startup Cost": 0.29, "Total Cost": 3312.03, "Plan Rows": 73049, "Plan Width": 8, "Actual Startup Time": 0.924, "Actual Total Time": 21.605, "Actual Rows": 35935, "Actual Loops": 1, "Output": ["date_dim.d_date_sk", "date_dim.d_date_id", "date_dim.d_date", "date_dim.d_month_seq", "date_dim.d_week_seq", "date_dim.d_quarter_seq", "date_dim.d_year", "date_dim.d_dow", "date_dim.d_moy", "date_dim.d_dom", "date_dim.d_qoy", "date_dim.d_fy_year", "date_dim.d_fy_quarter_seq", "date_dim.d_fy_week_seq", "date_dim.d_day_name", "date_dim.d_quarter_name", "date_dim.d_holiday", "date_dim.d_weekend", "date_dim.d_following_holiday", "date_dim.d_first_dom", "date_dim.d_last_dom", "date_dim.d_same_day_ly", "date_dim.d_same_day_lq", "date_dim.d_current_day", "date_dim.d_current_week", "date_dim.d_current_month", "date_dim.d_current_quarter", "date_dim.d_current_year"], "Shared Hit Blocks": 0, "Shared Read Blocks": 792, "Shared Dirtied Blocks": 0, "Shared Written Blocks": 0, "Local Hit Blocks": 0, "Local Read Blocks": 0, "Local Dirtied Blocks": 0, "Local Written Blocks": 0, "Temp Read Blocks": 0, "Temp Written Blocks": 0, "I/O Read Time": 12.213, "I/O Write Time": 0.0, "parent": "Merge Join"}, {"Node Type": "Sort", "Parent Relationship": "Inner", "Parallel Aware": false, "Startup Cost": 23.34, "Total Cost": 24.09, "Plan Rows": 300, "Plan Width": 8, "Actual Startup Time": 1.316, "Actual Total Time": 1.353, "Actual Rows": 295, "Actual Loops": 1, "Output": ["promotion.p_response_target", "promotion.p_end_date_sk"], "Sort Key": ["promotion.p_end_date_sk"], "Sort Method": "quicksort", "Sort Space Used": 41, "Sort Space Type": "Memory", "Shared Hit Blocks": 0, "Shared Read Blocks": 8, "Shared Dirtied Blocks": 0, "Shared Written Blocks": 0, "Local Hit Blocks": 0, "Local Read Blocks": 0, "Local Dirtied Blocks": 0, "Local Written Blocks": 0, "Temp Read Blocks": 0, "Temp Written Blocks": 0, "I/O Read Time": 1.135, "I/O Write Time": 0.0, "Plans": [{"Node Type": "Seq Scan", "Parent Relationship": "Outer", "Parallel Aware": false, "Relation Name": "promotion", "Schema": "public", "Alias": "promotion", "Startup Cost": 0.0, "Total Cost": 11.0, "Plan Rows": 300, "Plan Width": 8, "Actual Startup Time": 0.455, "Actual Total Time": 1.214, "Actual Rows": 300, "Actual Loops": 1, "Output": ["promotion.p_response_target", "promotion.p_end_date_sk"], "Shared Hit Blocks": 0, "Shared Read Blocks": 8, "Shared Dirtied Blocks": 0, "Shared Written Blocks": 0, "Local Hit Blocks": 0, "Local Read Blocks": 0, "Local Dirtied Blocks": 0, "Local Written Blocks": 0, "Temp Read Blocks": 0, "Temp Written Blocks": 0, "I/O Read Time": 1.135, "I/O Write Time": 0.0, "parent": "Sort"}], "parent": "Merge Join"}], "parent": "Sort"}], "parent": "None"}, "Planning": {"Shared Hit Blocks": 140, "Shared Read Blocks": 18, "Shared Dirtied Blocks": 0, "Shared Written Blocks": 0, "Local Hit Blocks": 0, "Local Read Blocks": 0, "Local Dirtied Blocks": 0, "Local Written Blocks": 0, "Temp Read Blocks": 0, "Temp Written Blocks": 0, "I/O Read Time": 7.956, "I/O Write Time": 0.0}, "Planning Time": 9.287, "Triggers": [], "Execution Time": 28.682}, "config": {}}
{"query": "EXPLAIN (ANALYZE, COSTS, BUFFERS, VERBOSE, FORMAT JSON) select date_dim.d_qoy, promotion.p_item_sk from promotion join date_dim on date_dim.d_date_sk=promotion.p_end_date_sk;", "planinfo": {"Plan": {"Node Type": "Merge Join", "Parallel Aware": false, "Join Type": "Inner", "Startup Cost": 1721.23, "Total Cost": 1764.23, "Plan Rows": 300, "Plan Width": 8, "Actual Startup Time": 26.18, "Actual Total Time": 26.855, "Actual Rows": 294, "Actual Loops": 1, "Output": ["date_dim.d_qoy", "promotion.p_item_sk"], "Inner Unique": false, "Merge Cond": "(date_dim.d_date_sk = promotion.p_end_date_sk)", "Shared Hit Blocks": 0, "Shared Read Blocks": 800, "Shared Dirtied Blocks": 0, "Shared Written Blocks": 0, "Local Hit Blocks": 0, "Local Read Blocks": 0, "Local Dirtied Blocks": 0, "Local Written Blocks": 0, "Temp Read Blocks": 0, "Temp Written Blocks": 0, "I/O Read Time": 11.736, "I/O Write Time": 0.0, "Plans": [{"Node Type": "Index Scan", "Parent Relationship": "Outer", "Parallel Aware": false, "Scan Direction": "Forward", "Index Name": "d_date_sk_idx", "Relation Name": "date_dim", "Schema": "public", "Alias": "date_dim", "Startup Cost": 0.29, "Total Cost": 3312.03, "Plan Rows": 73049, "Plan Width": 8, "Actual Startup Time": 0.913, "Actual Total Time": 20.325, "Actual Rows": 35935, "Actual Loops": 1, "Output": ["date_dim.d_date_sk", "date_dim.d_date_id", "date_dim.d_date", "date_dim.d_month_seq", "date_dim.d_week_seq", "date_dim.d_quarter_seq", "date_dim.d_year", "date_dim.d_dow", "date_dim.d_moy", "date_dim.d_dom", "date_dim.d_qoy", "date_dim.d_fy_year", "date_dim.d_fy_quarter_seq", "date_dim.d_fy_week_seq", "date_dim.d_day_name", "date_dim.d_quarter_name", "date_dim.d_holiday", "date_dim.d_weekend", "date_dim.d_following_holiday", "date_dim.d_first_dom", "date_dim.d_last_dom", "date_dim.d_same_day_ly", "date_dim.d_same_day_lq", "date_dim.d_current_day", "date_dim.d_current_week", "date_dim.d_current_month", "date_dim.d_current_quarter", "date_dim.d_current_year"], "Shared Hit Blocks": 0, "Shared Read Blocks": 792, "Shared Dirtied Blocks": 0, "Shared Written Blocks": 0, "Local Hit Blocks": 0, "Local Read Blocks": 0, "Local Dirtied Blocks": 0, "Local Written Blocks": 0, "Temp Read Blocks": 0, "Temp Written Blocks": 0, "I/O Read Time": 10.724, "I/O Write Time": 0.0, "parent": "Merge Join"}, {"Node Type": "Sort", "Parent Relationship": "Inner", "Parallel Aware": false, "Startup Cost": 23.34, "Total Cost": 24.09, "Plan Rows": 300, "Plan Width": 8, "Actual Startup Time": 1.196, "Actual Total Time": 1.231, "Actual Rows": 295, "Actual Loops": 1, "Output": ["promotion.p_item_sk", "promotion.p_end_date_sk"], "Sort Key": ["promotion.p_end_date_sk"], "Sort Method": "quicksort", "Sort Space Used": 41, "Sort Space Type": "Memory", "Shared Hit Blocks": 0, "Shared Read Blocks": 8, "Shared Dirtied Blocks": 0, "Shared Written Blocks": 0, "Local Hit Blocks": 0, "Local Read Blocks": 0, "Local Dirtied Blocks": 0, "Local Written Blocks": 0, "Temp Read Blocks": 0, "Temp Written Blocks": 0, "I/O Read Time": 1.012, "I/O Write Time": 0.0, "Plans": [{"Node Type": "Seq Scan", "Parent Relationship": "Outer", "Parallel Aware": false, "Relation Name": "promotion", "Schema": "public", "Alias": "promotion", "Startup Cost": 0.0, "Total Cost": 11.0, "Plan Rows": 300, "Plan Width": 8, "Actual Startup Time": 0.456, "Actual Total Time": 1.086, "Actual Rows": 300, "Actual Loops": 1, "Output": ["promotion.p_item_sk", "promotion.p_end_date_sk"], "Shared Hit Blocks": 0, "Shared Read Blocks": 8, "Shared Dirtied Blocks": 0, "Shared Written Blocks": 0, "Local Hit Blocks": 0, "Local Read Blocks": 0, "Local Dirtied Blocks": 0, "Local Written Blocks": 0, "Temp Read Blocks": 0, "Temp Written Blocks": 0, "I/O Read Time": 1.012, "I/O Write Time": 0.0, "parent": "Sort"}], "parent": "Merge Join"}], "parent": "None"}, "Planning": {"Shared Hit Blocks": 142, "Shared Read Blocks": 18, "Shared Dirtied Blocks": 0, "Shared Written Blocks": 0, "Local Hit Blocks": 0, "Local Read Blocks": 0, "Local Dirtied Blocks": 0, "Local Written Blocks": 0, "Temp Read Blocks": 0, "Temp Written Blocks": 0, "I/O Read Time": 6.862, "I/O Write Time": 0.0}, "Planning Time": 8.083, "Triggers": [], "Execution Time": 26.989}, "config": {}}
{"query": "EXPLAIN (ANALYZE, COSTS, BUFFERS, VERBOSE, FORMAT JSON) select date_dim.d_qoy, inventory.inv_date_sk from inventory join date_dim on date_dim.d_date_sk=inventory.inv_date_sk order by inventory.inv_date_sk ASC;", "planinfo": {"Plan": {"Node Type": "Merge Join", "Parallel Aware": false, "Join Type": "Inner", "Startup Cost": 1730.37, "Total Cost": 576249.64, "Plan Rows": 11744894, "Plan Width": 8, "Actual Startup Time": 25.723, "Actual Total Time": 6171.839, "Actual Rows": 11745000, "Actual Loops": 1, "Output": ["date_dim.d_qoy", "inventory.inv_date_sk"], "Inner Unique": true, "Merge Cond": "(inventory.inv_date_sk = date_dim.d_date_sk)", "Shared Hit Blocks": 18002, "Shared Read Blocks": 63470, "Shared Dirtied Blocks": 0, "Shared Written Blocks": 0, "Local Hit Blocks": 0, "Local Read Blocks": 0, "Local Dirtied Blocks": 0, "Local Written Blocks": 0, "Temp Read Blocks": 0, "Temp Written Blocks": 0, "I/O Read Time": 1895.257, "I/O Write Time": 0.0, "Plans": [{"Node Type": "Index Only Scan", "Parent Relationship": "Outer", "Parallel Aware": false, "Scan Direction": "Forward", "Index Name": "inventory_pkey", "Relation Name": "inventory", "Schema": "public", "Alias": "inventory", "Startup Cost": 0.43, "Total Cost": 427621.84, "Plan Rows": 11744894, "Plan Width": 4, "Actual Startup Time": 0.014, "Actual Total Time": 3640.252, "Actual Rows": 11745000, "Actual Loops": 1, "Output": ["inventory.inv_date_sk", "inventory.inv_item_sk", "inventory.inv_warehouse_sk"], "Heap Fetches": 0, "Shared Hit Blocks": 18002, "Shared Read Blocks": 62642, "Shared Dirtied Blocks": 0, "Shared Written Blocks": 0, "Local Hit Blocks": 0, "Local Read Blocks": 0, "Local Dirtied Blocks": 0, "Local Written Blocks": 0, "Temp Read Blocks": 0, "Temp Written Blocks": 0, "I/O Read Time": 1883.64, "I/O Write Time": 0.0, "parent": "Merge Join"}, {"Node Type": "Index Scan", "Parent Relationship": "Inner", "Parallel Aware": false, "Scan Direction": "Forward", "Index Name": "d_date_sk_idx", "Relation Name": "date_dim", "Schema": "public", "Alias": "date_dim", "Startup Cost": 0.29, "Total Cost": 3312.03, "Plan Rows": 73049, "Plan Width": 8, "Actual Startup Time": 1.066, "Actual Total Time": 22.468, "Actual Rows": 37614, "Actual Loops": 1, "Output": ["date_dim.d_date_sk", "date_dim.d_date_id", "date_dim.d_date", "date_dim.d_month_seq", "date_dim.d_week_seq", "date_dim.d_quarter_seq", "date_dim.d_year", "date_dim.d_dow", "date_dim.d_moy", "date_dim.d_dom", "date_dim.d_qoy", "date_dim.d_fy_year", "date_dim.d_fy_quarter_seq", "date_dim.d_fy_week_seq", "date_dim.d_day_name", "date_dim.d_quarter_name", "date_dim.d_holiday", "date_dim.d_weekend", "date_dim.d_following_holiday", "date_dim.d_first_dom", "date_dim.d_last_dom", "date_dim.d_same_day_ly", "date_dim.d_same_day_lq", "date_dim.d_current_day", "date_dim.d_current_week", "date_dim.d_current_month", "date_dim.d_current_quarter", "date_dim.d_current_year"], "Shared Hit Blocks": 0, "Shared Read Blocks": 828, "Shared Dirtied Blocks": 0, "Shared Written Blocks": 0, "Local Hit Blocks": 0, "Local Read Blocks": 0, "Local Dirtied Blocks": 0, "Local Written Blocks": 0, "Temp Read Blocks": 0, "Temp Written Blocks": 0, "I/O Read Time": 11.616, "I/O Write Time": 0.0, "parent": "Merge Join"}], "parent": "None"}, "Planning": {"Shared Hit Blocks": 140, "Shared Read Blocks": 25, "Shared Dirtied Blocks": 0, "Shared Written Blocks": 0, "Local Hit Blocks": 0, "Local Read Blocks": 0, "Local Dirtied Blocks": 0, "Local Written Blocks": 0, "Temp Read Blocks": 0, "Temp Written Blocks": 0, "I/O Read Time": 9.548, "I/O Write Time": 0.0}, "Planning Time": 10.837, "Triggers": [], "Execution Time": 6802.71}, "config": {}}
{"query": "EXPLAIN (ANALYZE, COSTS, BUFFERS, VERBOSE, FORMAT JSON) select customer_demographics.cd_demo_sk, web_sales.ws_bill_cdemo_sk from customer_demographics join web_sales on web_sales.ws_bill_cdemo_sk=customer_demographics.cd_demo_sk order by web_sales.ws_bill_cdemo_sk ASC;", "planinfo": {"Plan": {"Node Type": "Merge Join", "Parallel Aware": false, "Join Type": "Inner", "Startup Cost": 105783.25, "Total Cost": 173053.37, "Plan Rows": 719384, "Plan Width": 8, "Actual Startup Time": 636.086, "Actual Total Time": 1628.741, "Actual Rows": 719219, "Actual Loops": 1, "Output": ["customer_demographics.cd_demo_sk", "web_sales.ws_bill_cdemo_sk"], "Inner Unique": false, "Merge Cond": "(customer_demographics.cd_demo_sk = web_sales.ws_bill_cdemo_sk)", "Shared Hit Blocks": 5, "Shared Read Blocks": 24013, "Shared Dirtied Blocks": 0, "Shared Written Blocks": 0, "Local Hit Blocks": 0, "Local Read Blocks": 0, "Local Dirtied Blocks": 0, "Local Written Blocks": 0, "Temp Read Blocks": 1236, "Temp Written Blocks": 1250, "I/O Read Time": 310.651, "I/O Write Time": 0.0, "Plans": [{"Node Type": "Index Only Scan", "Parent Relationship": "Outer", "Parallel Aware": false, "Scan Direction": "Forward", "Index Name": "customer_demographics_pkey", "Relation Name": "customer_demographics", "Schema": "public", "Alias": "customer_demographics", "Startup Cost": 0.43, "Total Cost": 49884.43, "Plan Rows": 1920800, "Plan Width": 4, "Actual Startup Time": 0.019, "Actual Total Time": 318.261, "Actual Rows": 1920748, "Actual Loops": 1, "Output": ["customer_demographics.cd_demo_sk"], "Heap Fetches": 0, "Shared Hit Blocks": 5, "Shared Read Blocks": 5246, "Shared Dirtied Blocks": 0, "Shared Written Blocks": 0, "Local Hit Blocks": 0, "Local Read Blocks": 0, "Local Dirtied Blocks": 0, "Local Written Blocks": 0, "Temp Read Blocks": 0, "Temp Written Blocks": 0, "I/O Read Time": 47.637, "I/O Write Time": 0.0, "parent": "Merge Join"}, {"Node Type": "Materialize", "Parent Relationship": "Inner", "Parallel Aware": false, "Startup Cost": 105782.46, "Total Cost": 109379.38, "Plan Rows": 719384, "Plan Width": 4, "Actual Startup Time": 636.047, "Actual Total Time": 894.566, "Actual Rows": 719220, "Actual Loops": 1, "Output": ["web_sales.ws_bill_cdemo_sk"], "Shared Hit Blocks": 0, "Shared Read Blocks": 18767, "Shared Dirtied Blocks": 0, "Shared Written Blocks": 0, "Local Hit Blocks": 0, "Local Read Blocks": 0, "Local Dirtied Blocks": 0, "Local Written Blocks": 0, "Temp Read Blocks": 1236, "Temp Written Blocks": 1250, "I/O Read Time": 263.013, "I/O Write Time": 0.0, "Plans": [{"Node Type": "Sort", "Parent Relationship": "Outer", "Parallel Aware": false, "Startup Cost": 105782.46, "Total Cost": 107580.92, "Plan Rows": 719384, "Plan Width": 4, "Actual Startup Time": 636.031, "Actual Total Time": 739.103, "Actual Rows": 719220, "Actual Loops": 1, "Output": ["web_sales.ws_bill_cdemo_sk"], "Sort Key": ["web_sales.ws_bill_cdemo_sk"], "Sort Method": "external merge", "Sort Space Used": 9888, "Sort Space Type": "Disk", "Shared Hit Blocks": 0, "Shared Read Blocks": 18767, "Shared Dirtied Blocks": 0, "Shared Written Blocks": 0, "Local Hit Blocks": 0, "Local Read Blocks": 0, "Local Dirtied Blocks": 0, "Local Written Blocks": 0, "Temp Read Blocks": 1236, "Temp Written Blocks": 1250, "I/O Read Time": 263.013, "I/O Write Time": 0.0, "Plans": [{"Node Type": "Seq Scan", "Parent Relationship": "Outer", "Parallel Aware": false, "Relation Name": "web_sales", "Schema": "public", "Alias": "web_sales", "Startup Cost": 0.0, "Total Cost": 25960.84, "Plan Rows": 719384, "Plan Width": 4, "Actual Startup Time": 0.471, "Actual Total Time": 399.146, "Actual Rows": 719384, "Actual Loops": 1, "Output": ["web_sales.ws_bill_cdemo_sk"], "Shared Hit Blocks": 0, "Shared Read Blocks": 18767, "Shared Dirtied Blocks": 0, "Shared Written Blocks": 0, "Local Hit Blocks": 0, "Local Read Blocks": 0, "Local Dirtied Blocks": 0, "Local Written Blocks": 0, "Temp Read Blocks": 0, "Temp Written Blocks": 0, "I/O Read Time": 263.013, "I/O Write Time": 0.0, "parent": "Sort"}], "parent": "Materialize"}], "parent": "Merge Join"}], "parent": "None"}, "Planning": {"Shared Hit Blocks": 80, "Shared Read Blocks": 18, "Shared Dirtied Blocks": 0, "Shared Written Blocks": 0, "Local Hit Blocks": 0, "Local Read Blocks": 0, "Local Dirtied Blocks": 0, "Local Written Blocks": 0, "Temp Read Blocks": 0, "Temp Written Blocks": 0, "I/O Read Time": 6.594, "I/O Write Time": 0.0}, "Planning Time": 7.66, "Triggers": [], "Execution Time": 1672.4}, "config": {}}
{"query": "EXPLAIN (ANALYZE, COSTS, BUFFERS, VERBOSE, FORMAT JSON) select date_dim.d_first_dom, inventory.inv_date_sk from inventory join date_dim on date_dim.d_date_sk=inventory.inv_date_sk order by inventory.inv_date_sk DESC;", "planinfo": {"Plan": {"Node Type": "Merge Join", "Parallel Aware": false, "Join Type": "Inner", "Startup Cost": 1678.76, "Total Cost": 576198.02, "Plan Rows": 11744894, "Plan Width": 8, "Actual Startup Time": 365.222, "Actual Total Time": 32991.658, "Actual Rows": 11745000, "Actual Loops": 1, "Output": ["date_dim.d_first_dom", "inventory.inv_date_sk"], "Inner Unique": true, "Merge Cond": "(inventory.inv_date_sk = date_dim.d_date_sk)", "Shared Hit Blocks": 18104, "Shared Read Blocks": 63463, "Shared Dirtied Blocks": 0, "Shared Written Blocks": 0, "Local Hit Blocks": 0, "Local Read Blocks": 0, "Local Dirtied Blocks": 0, "Local Written Blocks": 0, "Temp Read Blocks": 0, "Temp Written Blocks": 0, "I/O Read Time": 28429.41, "I/O Write Time": 0.0, "Plans": [{"Node Type": "Index Only Scan", "Parent Relationship": "Outer", "Parallel Aware": false, "Scan Direction": "Backward", "Index Name": "inventory_pkey", "Relation Name": "inventory", "Schema": "public", "Alias": "inventory", "Startup Cost": 0.43, "Total Cost": 427621.84, "Plan Rows": 11744894, "Plan Width": 4, "Actual Startup Time": 0.011, "Actual Total Time": 29921.095, "Actual Rows": 11745000, "Actual Loops": 1, "Output": ["inventory.inv_date_sk", "inventory.inv_item_sk", "inventory.inv_warehouse_sk"], "Heap Fetches": 0, "Shared Hit Blocks": 18002, "Shared Read Blocks": 62642, "Shared Dirtied Blocks": 0, "Shared Written Blocks": 0, "Local Hit Blocks": 0, "Local Read Blocks": 0, "Local Dirtied Blocks": 0, "Local Written Blocks": 0, "Temp Read Blocks": 0, "Temp Written Blocks": 0, "I/O Read Time": 28061.695, "I/O Write Time": 0.0, "parent": "Merge Join"}, {"Node Type": "Index Scan", "Parent Relationship": "Inner", "Parallel Aware": false, "Scan Direction": "Backward", "Index Name": "d_date_sk_idx", "Relation Name": "date_dim", "Schema": "public", "Alias": "date_dim", "Startup Cost": 0.29, "Total Cost": 3312.03, "Plan Rows": 73049, "Plan Width": 8, "Actual Startup Time": 1.517, "Actual Total Time": 379.669, "Actual Rows": 37256, "Actual Loops": 1, "Output": ["date_dim.d_date_sk", "date_dim.d_date_id", "date_dim.d_date", "date_dim.d_month_seq", "date_dim.d_week_seq", "date_dim.d_quarter_seq", "date_dim.d_year", "date_dim.d_dow", "date_dim.d_moy", "date_dim.d_dom", "date_dim.d_qoy", "date_dim.d_fy_year", "date_dim.d_fy_quarter_seq", "date_dim.d_fy_week_seq", "date_dim.d_day_name", "date_dim.d_quarter_name", "date_dim.d_holiday", "date_dim.d_weekend", "date_dim.d_following_holiday", "date_dim.d_first_dom", "date_dim.d_last_dom", "date_dim.d_same_day_ly", "date_dim.d_same_day_lq", "date_dim.d_current_day", "date_dim.d_current_week", "date_dim.d_current_month", "date_dim.d_current_quarter", "date_dim.d_current_year"], "Shared Hit Blocks": 102, "Shared Read Blocks": 821, "Shared Dirtied Blocks": 0, "Shared Written Blocks": 0, "Local Hit Blocks": 0, "Local Read Blocks": 0, "Local Dirtied Blocks": 0, "Local Written Blocks": 0, "Temp Read Blocks": 0, "Temp Written Blocks": 0, "I/O Read Time": 367.715, "I/O Write Time": 0.0, "parent": "Merge Join"}], "parent": "None"}, "Planning": {"Shared Hit Blocks": 147, "Shared Read Blocks": 25, "Shared Dirtied Blocks": 0, "Shared Written Blocks": 0, "Local Hit Blocks": 0, "Local Read Blocks": 0, "Local Dirtied Blocks": 0, "Local Written Blocks": 0, "Temp Read Blocks": 0, "Temp Written Blocks": 0, "I/O Read Time": 10.267, "I/O Write Time": 0.0}, "Planning Time": 11.744, "Triggers": [], "Execution Time": 33671.637}, "config": {}}
{"query": "EXPLAIN (ANALYZE, COSTS, BUFFERS, VERBOSE, FORMAT JSON) select promotion.p_start_date_sk, date_dim.d_same_day_lq from promotion join date_dim on date_dim.d_date_sk=promotion.p_end_date_sk;", "planinfo": {"Plan": {"Node Type": "Merge Join", "Parallel Aware": false, "Join Type": "Inner", "Startup Cost": 1721.23, "Total Cost": 1764.23, "Plan Rows": 300, "Plan Width": 8, "Actual Startup Time": 25.962, "Actual Total Time": 26.663, "Actual Rows": 294, "Actual Loops": 1, "Output": ["promotion.p_start_date_sk", "date_dim.d_same_day_lq"], "Inner Unique": false, "Merge Cond": "(date_dim.d_date_sk = promotion.p_end_date_sk)", "Shared Hit Blocks": 0, "Shared Read Blocks": 800, "Shared Dirtied Blocks": 0, "Shared Written Blocks": 0, "Local Hit Blocks": 0, "Local Read Blocks": 0, "Local Dirtied Blocks": 0, "Local Written Blocks": 0, "Temp Read Blocks": 0, "Temp Written Blocks": 0, "I/O Read Time": 11.333, "I/O Write Time": 0.0, "Plans": [{"Node Type": "Index Scan", "Parent Relationship": "Outer", "Parallel Aware": false, "Scan Direction": "Forward", "Index Name": "d_date_sk_idx", "Relation Name": "date_dim", "Schema": "public", "Alias": "date_dim", "Startup Cost": 0.29, "Total Cost": 3312.03, "Plan Rows": 73049, "Plan Width": 8, "Actual Startup Time": 0.916, "Actual Total Time": 20.01, "Actual Rows": 35935, "Actual Loops": 1, "Output": ["date_dim.d_date_sk", "date_dim.d_date_id", "date_dim.d_date", "date_dim.d_month_seq", "date_dim.d_week_seq", "date_dim.d_quarter_seq", "date_dim.d_year", "date_dim.d_dow", "date_dim.d_moy", "date_dim.d_dom", "date_dim.d_qoy", "date_dim.d_fy_year", "date_dim.d_fy_quarter_seq", "date_dim.d_fy_week_seq", "date_dim.d_day_name", "date_dim.d_quarter_name", "date_dim.d_holiday", "date_dim.d_weekend", "date_dim.d_following_holiday", "date_dim.d_first_dom", "date_dim.d_last_dom", "date_dim.d_same_day_ly", "date_dim.d_same_day_lq", "date_dim.d_current_day", "date_dim.d_current_week", "date_dim.d_current_month", "date_dim.d_current_quarter", "date_dim.d_current_year"], "Shared Hit Blocks": 0, "Shared Read Blocks": 792, "Shared Dirtied Blocks": 0, "Shared Written Blocks": 0, "Local Hit Blocks": 0, "Local Read Blocks": 0, "Local Dirtied Blocks": 0, "Local Written Blocks": 0, "Temp Read Blocks": 0, "Temp Written Blocks": 0, "I/O Read Time": 10.32, "I/O Write Time": 0.0, "parent": "Merge Join"}, {"Node Type": "Sort", "Parent Relationship": "Inner", "Parallel Aware": false, "Startup Cost": 23.34, "Total Cost": 24.09, "Plan Rows": 300, "Plan Width": 8, "Actual Startup Time": 1.188, "Actual Total Time": 1.225, "Actual Rows": 295, "Actual Loops": 1, "Output": ["promotion.p_start_date_sk", "promotion.p_end_date_sk"], "Sort Key": ["promotion.p_end_date_sk"], "Sort Method": "quicksort", "Sort Space Used": 41, "Sort Space Type": "Memory", "Shared Hit Blocks": 0, "Shared Read Blocks": 8, "Shared Dirtied Blocks": 0, "Shared Written Blocks": 0, "Local Hit Blocks": 0, "Local Read Blocks": 0, "Local Dirtied Blocks": 0, "Local Written Blocks": 0, "Temp Read Blocks": 0, "Temp Written Blocks": 0, "I/O Read Time": 1.013, "I/O Write Time": 0.0, "Plans": [{"Node Type": "Seq Scan", "Parent Relationship": "Outer", "Parallel Aware": false, "Relation Name": "promotion", "Schema": "public", "Alias": "promotion", "Startup Cost": 0.0, "Total Cost": 11.0, "Plan Rows": 300, "Plan Width": 8, "Actual Startup Time": 0.456, "Actual Total Time": 1.079, "Actual Rows": 300, "Actual Loops": 1, "Output": ["promotion.p_start_date_sk", "promotion.p_end_date_sk"], "Shared Hit Blocks": 0, "Shared Read Blocks": 8, "Shared Dirtied Blocks": 0, "Shared Written Blocks": 0, "Local Hit Blocks": 0, "Local Read Blocks": 0, "Local Dirtied Blocks": 0, "Local Written Blocks": 0, "Temp Read Blocks": 0, "Temp Written Blocks": 0, "I/O Read Time": 1.013, "I/O Write Time": 0.0, "parent": "Sort"}], "parent": "Merge Join"}], "parent": "None"}, "Planning": {"Shared Hit Blocks": 141, "Shared Read Blocks": 19, "Shared Dirtied Blocks": 0, "Shared Written Blocks": 0, "Local Hit Blocks": 0, "Local Read Blocks": 0, "Local Dirtied Blocks": 0, "Local Written Blocks": 0, "Temp Read Blocks": 0, "Temp Written Blocks": 0, "I/O Read Time": 6.901, "I/O Write Time": 0.0}, "Planning Time": 8.103, "Triggers": [], "Execution Time": 26.788}, "config": {}}
{"query": "EXPLAIN (ANALYZE, COSTS, BUFFERS, VERBOSE, FORMAT JSON) select promotion.p_item_sk, date_dim.d_first_dom from date_dim join promotion on promotion.p_end_date_sk=date_dim.d_date_sk;", "planinfo": {"Plan": {"Node Type": "Merge Join", "Parallel Aware": false, "Join Type": "Inner", "Startup Cost": 1721.23, "Total Cost": 1764.23, "Plan Rows": 300, "Plan Width": 8, "Actual Startup Time": 26.681, "Actual Total Time": 27.382, "Actual Rows": 294, "Actual Loops": 1, "Output": ["promotion.p_item_sk", "date_dim.d_first_dom"], "Inner Unique": false, "Merge Cond": "(date_dim.d_date_sk = promotion.p_end_date_sk)", "Shared Hit Blocks": 0, "Shared Read Blocks": 800, "Shared Dirtied Blocks": 0, "Shared Written Blocks": 0, "Local Hit Blocks": 0, "Local Read Blocks": 0, "Local Dirtied Blocks": 0, "Local Written Blocks": 0, "Temp Read Blocks": 0, "Temp Written Blocks": 0, "I/O Read Time": 11.869, "I/O Write Time": 0.0, "Plans": [{"Node Type": "Index Scan", "Parent Relationship": "Outer", "Parallel Aware": false, "Scan Direction": "Forward", "Index Name": "d_date_sk_idx", "Relation Name": "date_dim", "Schema": "public", "Alias": "date_dim", "Startup Cost": 0.29, "Total Cost": 3312.03, "Plan Rows": 73049, "Plan Width": 8, "Actual Startup Time": 1.1, "Actual Total Time": 20.576, "Actual Rows": 35935, "Actual Loops": 1, "Output": ["date_dim.d_date_sk", "date_dim.d_date_id", "date_dim.d_date", "date_dim.d_month_seq", "date_dim.d_week_seq", "date_dim.d_quarter_seq", "date_dim.d_year", "date_dim.d_dow", "date_dim.d_moy", "date_dim.d_dom", "date_dim.d_qoy", "date_dim.d_fy_year", "date_dim.d_fy_quarter_seq", "date_dim.d_fy_week_seq", "date_dim.d_day_name", "date_dim.d_quarter_name", "date_dim.d_holiday", "date_dim.d_weekend", "date_dim.d_following_holiday", "date_dim.d_first_dom", "date_dim.d_last_dom", "date_dim.d_same_day_ly", "date_dim.d_same_day_lq", "date_dim.d_current_day", "date_dim.d_current_week", "date_dim.d_current_month", "date_dim.d_current_quarter", "date_dim.d_current_year"], "Shared Hit Blocks": 0, "Shared Read Blocks": 792, "Shared Dirtied Blocks": 0, "Shared Written Blocks": 0, "Local Hit Blocks": 0, "Local Read Blocks": 0, "Local Dirtied Blocks": 0, "Local Written Blocks": 0, "Temp Read Blocks": 0, "Temp Written Blocks": 0, "I/O Read Time": 10.758, "I/O Write Time": 0.0, "parent": "Merge Join"}, {"Node Type": "Sort", "Parent Relationship": "Inner", "Parallel Aware": false, "Startup Cost": 23.34, "Total Cost": 24.09, "Plan Rows": 300, "Plan Width": 8, "Actual Startup Time": 1.294, "Actual Total Time": 1.33, "Actual Rows": 295, "Actual Loops": 1, "Output": ["promotion.p_item_sk", "promotion.p_end_date_sk"], "Sort Key": ["promotion.p_end_date_sk"], "Sort Method": "quicksort", "Sort Space Used": 41, "Sort Space Type": "Memory", "Shared Hit Blocks": 0, "Shared Read Blocks": 8, "Shared Dirtied Blocks": 0, "Shared Written Blocks": 0, "Local Hit Blocks": 0, "Local Read Blocks": 0, "Local Dirtied Blocks": 0, "Local Written Blocks": 0, "Temp Read Blocks": 0, "Temp Written Blocks": 0, "I/O Read Time": 1.111, "I/O Write Time": 0.0, "Plans": [{"Node Type": "Seq Scan", "Parent Relationship": "Outer", "Parallel Aware": false, "Relation Name": "promotion", "Schema": "public", "Alias": "promotion", "Startup Cost": 0.0, "Total Cost": 11.0, "Plan Rows": 300, "Plan Width": 8, "Actual Startup Time": 0.598, "Actual Total Time": 1.179, "Actual Rows": 300, "Actual Loops": 1, "Output": ["promotion.p_item_sk", "promotion.p_end_date_sk"], "Shared Hit Blocks": 0, "Shared Read Blocks": 8, "Shared Dirtied Blocks": 0, "Shared Written Blocks": 0, "Local Hit Blocks": 0, "Local Read Blocks": 0, "Local Dirtied Blocks": 0, "Local Written Blocks": 0, "Temp Read Blocks": 0, "Temp Written Blocks": 0, "I/O Read Time": 1.111, "I/O Write Time": 0.0, "parent": "Sort"}], "parent": "Merge Join"}], "parent": "None"}, "Planning": {"Shared Hit Blocks": 142, "Shared Read Blocks": 18, "Shared Dirtied Blocks": 0, "Shared Written Blocks": 0, "Local Hit Blocks": 0, "Local Read Blocks": 0, "Local Dirtied Blocks": 0, "Local Written Blocks": 0, "Temp Read Blocks": 0, "Temp Written Blocks": 0, "I/O Read Time": 5.911, "I/O Write Time": 0.0}, "Planning Time": 7.094, "Triggers": [], "Execution Time": 27.504}, "config": {}}
{"query": "EXPLAIN (ANALYZE, COSTS, BUFFERS, VERBOSE, FORMAT JSON) select catalog_returns.cr_return_amount, customer_demographics.cd_dep_employed_count from customer_demographics join catalog_returns on catalog_returns.cr_refunded_cdemo_sk=customer_demographics.cd_demo_sk where catalog_returns.cr_returning_customer_sk >= 71071;", "planinfo": {"Plan": {"Node Type": "Merge Join", "Parallel Aware": false, "Join Type": "Inner", "Startup Cost": 7826.02, "Total Cost": 84946.3, "Plan Rows": 41077, "Plan Width": 10, "Actual Startup Time": 92.575, "Actual Total Time": 1105.561, "Actual Rows": 40494, "Actual Loops": 1, "Output": ["catalog_returns.cr_return_amount", "customer_demographics.cd_dep_employed_count"], "Inner Unique": false, "Merge Cond": "(customer_demographics.cd_demo_sk = catalog_returns.cr_refunded_cdemo_sk)", "Shared Hit Blocks": 3, "Shared Read Blocks": 29950, "Shared Dirtied Blocks": 0, "Shared Written Blocks": 0, "Local Hit Blocks": 0, "Local Read Blocks": 0, "Local Dirtied Blocks": 0, "Local Written Blocks": 0, "Temp Read Blocks": 0, "Temp Written Blocks": 0, "I/O Read Time": 234.808, "I/O Write Time": 0.0, "Plans": [{"Node Type": "Index Scan", "Parent Relationship": "Outer", "Parallel Aware": false, "Scan Direction": "Forward", "Index Name": "customer_demographics_pkey", "Relation Name": "customer_demographics", "Schema": "public", "Alias": "customer_demographics", "Startup Cost": 0.43, "Total Cost": 71715.43, "Plan Rows": 1920800, "Plan Width": 8, "Actual Startup Time": 0.458, "Actual Total Time": 699.248, "Actual Rows": 1920631, "Actual Loops": 1, "Output": ["customer_demographics.cd_demo_sk", "customer_demographics.cd_gender", "customer_demographics.cd_marital_status", "customer_demographics.cd_education_status", "customer_demographics.cd_purchase_estimate", "customer_demographics.cd_credit_rating", "customer_demographics.cd_dep_count", "customer_demographics.cd_dep_employed_count", "customer_demographics.cd_dep_college_count"], "Shared Hit Blocks": 3, "Shared Read Blocks": 27073, "Shared Dirtied Blocks": 0, "Shared Written Blocks": 0, "Local Hit Blocks": 0, "Local Read Blocks": 0, "Local Dirtied Blocks": 0, "Local Written Blocks": 0, "Temp Read Blocks": 0, "Temp Written Blocks": 0, "I/O Read Time": 186.926, "I/O Write Time": 0.0, "parent": "Merge Join"}, {"Node Type": "Sort", "Parent Relationship": "Inner", "Parallel Aware": false, "Startup Cost": 7825.58, "Total Cost": 7928.27, "Plan Rows": 41077, "Plan Width": 10, "Actual Startup Time": 92.07, "Actual Total Time": 100.087, "Actual Rows": 40495, "Actual Loops": 1, "Output": ["catalog_returns.cr_return_amount", "catalog_returns.cr_refunded_cdemo_sk"], "Sort Key": ["catalog_returns.cr_refunded_cdemo_sk"], "Sort Method": "quicksort", "Sort Space Used": 3462, "Sort Space Type": "Memory", "Shared Hit Blocks": 0, "Shared Read Blocks": 2877, "Shared Dirtied Blocks": 0, "Shared Written Blocks": 0, "Local Hit Blocks": 0, "Local Read Blocks": 0, "Local Dirtied Blocks": 0, "Local Written Blocks": 0, "Temp Read Blocks": 0, "Temp Written Blocks": 0, "I/O Read Time": 47.882, "I/O Write Time": 0.0, "Plans": [{"Node Type": "Seq Scan", "Parent Relationship": "Outer", "Parallel Aware": false, "Relation Name": "catalog_returns", "Schema": "public", "Alias": "catalog_returns", "Startup Cost": 0.0, "Total Cost": 4677.84, "Plan Rows": 41077, "Plan Width": 10, "Actual Startup Time": 0.473, "Actual Total Time": 76.154, "Actual Rows": 40864, "Actual Loops": 1, "Output": ["catalog_returns.cr_return_amount", "catalog_returns.cr_refunded_cdemo_sk"], "Filter": "(catalog_returns.cr_returning_customer_sk >= 71071)", "Rows Removed by Filter": 103203, "Shared Hit Blocks": 0, "Shared Read Blocks": 2877, "Shared Dirtied Blocks": 0, "Shared Written Blocks": 0, "Local Hit Blocks": 0, "Local Read Blocks": 0, "Local Dirtied Blocks": 0, "Local Written Blocks": 0, "Temp Read Blocks": 0, "Temp Written Blocks": 0, "I/O Read Time": 47.882, "I/O Write Time": 0.0, "parent": "Sort"}], "parent": "Merge Join"}], "parent": "None"}, "Planning": {"Shared Hit Blocks": 104, "Shared Read Blocks": 17, "Shared Dirtied Blocks": 0, "Shared Written Blocks": 0, "Local Hit Blocks": 0, "Local Read Blocks": 0, "Local Dirtied Blocks": 0, "Local Written Blocks": 0, "Temp Read Blocks": 0, "Temp Written Blocks": 0, "I/O Read Time": 5.919, "I/O Write Time": 0.0}, "Planning Time": 7.109, "Triggers": [], "Execution Time": 1110.002}, "config": {}}
{"query": "EXPLAIN (ANALYZE, COSTS, BUFFERS, VERBOSE, FORMAT JSON) select date_dim.d_fy_week_seq, promotion.p_response_target from promotion join date_dim on date_dim.d_date_sk=promotion.p_end_date_sk;", "planinfo": {"Plan": {"Node Type": "Merge Join", "Parallel Aware": false, "Join Type": "Inner", "Startup Cost": 1721.23, "Total Cost": 1764.23, "Plan Rows": 300, "Plan Width": 8, "Actual Startup Time": 27.302, "Actual Total Time": 28.305, "Actual Rows": 294, "Actual Loops": 1, "Output": ["date_dim.d_fy_week_seq", "promotion.p_response_target"], "Inner Unique": false, "Merge Cond": "(date_dim.d_date_sk = promotion.p_end_date_sk)", "Shared Hit Blocks": 0, "Shared Read Blocks": 800, "Shared Dirtied Blocks": 0, "Shared Written Blocks": 0, "Local Hit Blocks": 0, "Local Read Blocks": 0, "Local Dirtied Blocks": 0, "Local Written Blocks": 0, "Temp Read Blocks": 0, "Temp Written Blocks": 0, "I/O Read Time": 12.8, "I/O Write Time": 0.0, "Plans": [{"Node Type": "Index Scan", "Parent Relationship": "Outer", "Parallel Aware": false, "Scan Direction": "Forward", "Index Name": "d_date_sk_idx", "Relation Name": "date_dim", "Schema": "public", "Alias": "date_dim", "Startup Cost": 0.29, "Total Cost": 3312.03, "Plan Rows": 73049, "Plan Width": 8, "Actual Startup Time": 0.915, "Actual Total Time": 21.487, "Actual Rows": 35935, "Actual Loops": 1, "Output": ["date_dim.d_date_sk", "date_dim.d_date_id", "date_dim.d_date", "date_dim.d_month_seq", "date_dim.d_week_seq", "date_dim.d_quarter_seq", "date_dim.d_year", "date_dim.d_dow", "date_dim.d_moy", "date_dim.d_dom", "date_dim.d_qoy", "date_dim.d_fy_year", "date_dim.d_fy_quarter_seq", "date_dim.d_fy_week_seq", "date_dim.d_day_name", "date_dim.d_quarter_name", "date_dim.d_holiday", "date_dim.d_weekend", "date_dim.d_following_holiday", "date_dim.d_first_dom", "date_dim.d_last_dom", "date_dim.d_same_day_ly", "date_dim.d_same_day_lq", "date_dim.d_current_day", "date_dim.d_current_week", "date_dim.d_current_month", "date_dim.d_current_quarter", "date_dim.d_current_year"], "Shared Hit Blocks": 0, "Shared Read Blocks": 792, "Shared Dirtied Blocks": 0, "Shared Written Blocks": 0, "Local Hit Blocks": 0, "Local Read Blocks": 0, "Local Dirtied Blocks": 0, "Local Written Blocks": 0, "Temp Read Blocks": 0, "Temp Written Blocks": 0, "I/O Read Time": 11.763, "I/O Write Time": 0.0, "parent": "Merge Join"}, {"Node Type": "Sort", "Parent Relationship": "Inner", "Parallel Aware": false, "Startup Cost": 23.34, "Total Cost": 24.09, "Plan Rows": 300, "Plan Width": 8, "Actual Startup Time": 1.214, "Actual Total Time": 1.251, "Actual Rows": 295, "Actual Loops": 1, "Output": ["promotion.p_response_target", "promotion.p_end_date_sk"], "Sort Key": ["promotion.p_end_date_sk"], "Sort Method": "quicksort", "Sort Space Used": 41, "Sort Space Type": "Memory", "Shared Hit Blocks": 0, "Shared Read Blocks": 8, "Shared Dirtied Blocks": 0, "Shared Written Blocks": 0, "Local Hit Blocks": 0, "Local Read Blocks": 0, "Local Dirtied Blocks": 0, "Local Written Blocks": 0, "Temp Read Blocks": 0, "Temp Written Blocks": 0, "I/O Read Time": 1.037, "I/O Write Time": 0.0, "Plans": [{"Node Type": "Seq Scan", "Parent Relationship": "Outer", "Parallel Aware": false, "Relation Name": "promotion", "Schema": "public", "Alias": "promotion", "Startup Cost": 0.0, "Total Cost": 11.0, "Plan Rows": 300, "Plan Width": 8, "Actual Startup Time": 0.454, "Actual Total Time": 1.109, "Actual Rows": 300, "Actual Loops": 1, "Output": ["promotion.p_response_target", "promotion.p_end_date_sk"], "Shared Hit Blocks": 0, "Shared Read Blocks": 8, "Shared Dirtied Blocks": 0, "Shared Written Blocks": 0, "Local Hit Blocks": 0, "Local Read Blocks": 0, "Local Dirtied Blocks": 0, "Local Written Blocks": 0, "Temp Read Blocks": 0, "Temp Written Blocks": 0, "I/O Read Time": 1.037, "I/O Write Time": 0.0, "parent": "Sort"}], "parent": "Merge Join"}], "parent": "None"}, "Planning": {"Shared Hit Blocks": 142, "Shared Read Blocks": 18, "Shared Dirtied Blocks": 0, "Shared Written Blocks": 0, "Local Hit Blocks": 0, "Local Read Blocks": 0, "Local Dirtied Blocks": 0, "Local Written Blocks": 0, "Temp Read Blocks": 0, "Temp Written Blocks": 0, "I/O Read Time": 6.281, "I/O Write Time": 0.0}, "Planning Time": 7.504, "Triggers": [], "Execution Time": 28.432}, "config": {}}
{"query": "EXPLAIN (ANALYZE, COSTS, BUFFERS, VERBOSE, FORMAT JSON) select customer_demographics.cd_demo_sk, customer.c_first_sales_date_sk from customer join customer_demographics on customer_demographics.cd_demo_sk=customer.c_current_cdemo_sk;", "planinfo": {"Plan": {"Node Type": "Merge Join", "Parallel Aware": false, "Join Type": "Inner", "Startup Cost": 12073.3, "Total Cost": 68208.65, "Plan Rows": 100000, "Plan Width": 8, "Actual Startup Time": 129.597, "Actual Total Time": 704.268, "Actual Rows": 96562, "Actual Loops": 1, "Output": ["customer_demographics.cd_demo_sk", "customer.c_first_sales_date_sk"], "Inner Unique": false, "Merge Cond": "(customer_demographics.cd_demo_sk = customer.c_current_cdemo_sk)", "Shared Hit Blocks": 5, "Shared Read Blocks": 8014, "Shared Dirtied Blocks": 0, "Shared Written Blocks": 0, "Local Hit Blocks": 0, "Local Read Blocks": 0, "Local Dirtied Blocks": 0, "Local Written Blocks": 0, "Temp Read Blocks": 525, "Temp Written Blocks": 533, "I/O Read Time": 93.517, "I/O Write Time": 0.0, "Plans": [{"Node Type": "Index Only Scan", "Parent Relationship": "Outer", "Parallel Aware": false, "Scan Direction": "Forward", "Index Name": "customer_demographics_pkey", "Relation Name": "customer_demographics", "Schema": "public", "Alias": "customer_demographics", "Startup Cost": 0.43, "Total Cost": 49884.43, "Plan Rows": 1920800, "Plan Width": 4, "Actual Startup Time": 0.013, "Actual Total Time": 313.529, "Actual Rows": 1920789, "Actual Loops": 1, "Output": ["customer_demographics.cd_demo_sk"], "Heap Fetches": 0, "Shared Hit Blocks": 5, "Shared Read Blocks": 5246, "Shared Dirtied Blocks": 0, "Shared Written Blocks": 0, "Local Hit Blocks": 0, "Local Read Blocks": 0, "Local Dirtied Blocks": 0, "Local Written Blocks": 0, "Temp Read Blocks": 0, "Temp Written Blocks": 0, "I/O Read Time": 48.585, "I/O Write Time": 0.0, "parent": "Merge Join"}, {"Node Type": "Sort", "Parent Relationship": "Inner", "Parallel Aware": false, "Startup Cost": 12072.82, "Total Cost": 12322.82, "Plan Rows": 100000, "Plan Width": 8, "Actual Startup Time": 129.565, "Actual Total Time": 141.722, "Actual Rows": 96563, "Actual Loops": 1, "Output": ["customer.c_first_sales_date_sk", "customer.c_current_cdemo_sk"], "Sort Key": ["customer.c_current_cdemo_sk"], "Sort Method": "external sort", "Sort Space Used": 2128, "Sort Space Type": "Disk", "Shared Hit Blocks": 0, "Shared Read Blocks": 2768, "Shared Dirtied Blocks": 0, "Shared Written Blocks": 0, "Local Hit Blocks": 0, "Local Read Blocks": 0, "Local Dirtied Blocks": 0, "Local Written Blocks": 0, "Temp Read Blocks": 525, "Temp Written Blocks": 533, "I/O Read Time": 44.932, "I/O Write Time": 0.0, "Plans": [{"Node Type": "Seq Scan", "Parent Relationship": "Outer", "Parallel Aware": false, "Relation Name": "customer", "Schema": "public", "Alias": "customer", "Startup Cost": 0.0, "Total Cost": 3768.0, "Plan Rows": 100000, "Plan Width": 8, "Actual Startup Time": 0.458, "Actual Total Time": 65.542, "Actual Rows": 100000, "Actual Loops": 1, "Output": ["customer.c_first_sales_date_sk", "customer.c_current_cdemo_sk"], "Shared Hit Blocks": 0, "Shared Read Blocks": 2768, "Shared Dirtied Blocks": 0, "Shared Written Blocks": 0, "Local Hit Blocks": 0, "Local Read Blocks": 0, "Local Dirtied Blocks": 0, "Local Written Blocks": 0, "Temp Read Blocks": 0, "Temp Written Blocks": 0, "I/O Read Time": 44.932, "I/O Write Time": 0.0, "parent": "Sort"}], "parent": "Merge Join"}], "parent": "None"}, "Planning": {"Shared Hit Blocks": 97, "Shared Read Blocks": 20, "Shared Dirtied Blocks": 0, "Shared Written Blocks": 0, "Local Hit Blocks": 0, "Local Read Blocks": 0, "Local Dirtied Blocks": 0, "Local Written Blocks": 0, "Temp Read Blocks": 0, "Temp Written Blocks": 0, "I/O Read Time": 7.743, "I/O Write Time": 0.0}, "Planning Time": 8.908, "Triggers": [], "Execution Time": 711.248}, "config": {}}
{"query": "EXPLAIN (ANALYZE, COSTS, BUFFERS, VERBOSE, FORMAT JSON) select store_returns.sr_store_sk, time_dim.t_time,  avg(time_dim.t_minute) from time_dim join store_returns on store_returns.sr_return_time_sk=time_dim.t_time_sk where time_dim.t_minute <= 15 group by store_returns.sr_store_sk, time_dim.t_time having avg(time_dim.t_minute) <= 3277;", "planinfo": {"Plan": {"Node Type": "Aggregate", "Strategy": "Hashed", "Partial Mode": "Simple", "Parallel Aware": false, "Startup Cost": 16565.24, "Total Cost": 18687.27, "Plan Rows": 25943, "Plan Width": 40, "Actual Startup Time": 215.859, "Actual Total Time": 263.509, "Actual Rows": 40261, "Actual Loops": 1, "Output": ["store_returns.sr_store_sk", "time_dim.t_time", "avg(time_dim.t_minute)"], "Group Key": ["store_returns.sr_store_sk", "time_dim.t_time"], "Filter": "(avg(time_dim.t_minute) <= '3277'::numeric)", "Planned Partitions": 8, "HashAgg Batches": 9, "Peak Memory Usage": 4177, "Disk Usage": 1488, "Rows Removed by Filter": 0, "Shared Hit Blocks": 0, "Shared Read Blocks": 6188, "Shared Dirtied Blocks": 0, "Shared Written Blocks": 0, "Local Hit Blocks": 0, "Local Read Blocks": 0, "Local Dirtied Blocks": 0, "Local Written Blocks": 0, "Temp Read Blocks": 146, "Temp Written Blocks": 309, "I/O Read Time": 53.998, "I/O Write Time": 0.0, "Plans": [{"Node Type": "Hash Join", "Parent Relationship": "Outer", "Parallel Aware": false, "Join Type": "Inner", "Startup Cost": 2769.35, "Total Cost": 11190.25, "Plan Rows": 77828, "Plan Width": 12, "Actual Startup Time": 43.867, "Actual Total Time": 175.546, "Actual Rows": 73888, "Actual Loops": 1, "Output": ["store_returns.sr_store_sk", "time_dim.t_time", "time_dim.t_minute"], "Inner Unique": true, "Hash Cond": "(store_returns.sr_return_time_sk = time_dim.t_time_sk)", "Shared Hit Blocks": 0, "Shared Read Blocks": 6188, "Shared Dirtied Blocks": 0, "Shared Written Blocks": 0, "Local Hit Blocks": 0, "Local Read Blocks": 0, "Local Dirtied Blocks": 0, "Local Written Blocks": 0, "Temp Read Blocks": 0, "Temp Written Blocks": 0, "I/O Read Time": 53.998, "I/O Write Time": 0.0, "Plans": [{"Node Type": "Seq Scan", "Parent Relationship": "Outer", "Parallel Aware": false, "Relation Name": "store_returns", "Schema": "public", "Alias": "store_returns", "Startup Cost": 0.0, "Total Cost": 7666.14, "Plan Rows": 287514, "Plan Width": 8, "Actual Startup Time": 0.469, "Actual Total Time": 59.843, "Actual Rows": 287514, "Actual Loops": 1, "Output": ["store_returns.sr_returned_date_sk", "store_returns.sr_return_time_sk", "store_returns.sr_item_sk", "store_returns.sr_customer_sk", "store_returns.sr_cdemo_sk", "store_returns.sr_hdemo_sk", "store_returns.sr_addr_sk", "store_returns.sr_store_sk", "store_returns.sr_reason_sk", "store_returns.sr_ticket_number", "store_returns.sr_return_quantity", "store_returns.sr_return_amt", "store_returns.sr_return_tax", "store_returns.sr_return_amt_inc_tax", "store_returns.sr_fee", "store_returns.sr_return_ship_cost", "store_returns.sr_refunded_cash", "store_returns.sr_reversed_charge", "store_returns.sr_store_credit", "store_returns.sr_net_loss"], "Shared Hit Blocks": 0, "Shared Read Blocks": 4791, "Shared Dirtied Blocks": 0, "Shared Written Blocks": 0, "Local Hit Blocks": 0, "Local Read Blocks": 0, "Local Dirtied Blocks": 0, "Local Written Blocks": 0, "Temp Read Blocks": 0, "Temp Written Blocks": 0, "I/O Read Time": 31.057, "I/O Write Time": 0.0, "parent": "Hash Join"}, {"Node Type": "Hash", "Parent Relationship": "Inner", "Parallel Aware": false, "Startup Cost": 2477.0, "Total Cost": 2477.0, "Plan Rows": 23388, "Plan Width": 12, "Actual Startup Time": 43.275, "Actual Total Time": 43.276, "Actual Rows": 23040, "Actual Loops": 1, "Output": ["time_dim.t_time", "time_dim.t_minute", "time_dim.t_time_sk"], "Hash Buckets": 32768, "Original Hash Buckets": 32768, "Hash Batches": 1, "Original Hash Batches": 1, "Peak Memory Usage": 1246, "Shared Hit Blocks": 0, "Shared Read Blocks": 1397, "Shared Dirtied Blocks": 0, "Shared Written Blocks": 0, "Local Hit Blocks": 0, "Local Read Blocks": 0, "Local Dirtied Blocks": 0, "Local Written Blocks": 0, "Temp Read Blocks": 0, "Temp Written Blocks": 0, "I/O Read Time": 22.941, "I/O Write Time": 0.0, "Plans": [{"Node Type": "Seq Scan", "Parent Relationship": "Outer", "Parallel Aware": false, "Relation Name": "time_dim", "Schema": "public", "Alias": "time_dim", "Startup Cost": 0.0, "Total Cost": 2477.0, "Plan Rows": 23388, "Plan Width": 12, "Actual Startup Time": 0.456, "Actual Total Time": 37.078, "Actual Rows": 23040, "Actual Loops": 1, "Output": ["time_dim.t_time", "time_dim.t_minute", "time_dim.t_time_sk"], "Filter": "(time_dim.t_minute <= 15)", "Rows Removed by Filter": 63360, "Shared Hit Blocks": 0, "Shared Read Blocks": 1397, "Shared Dirtied Blocks": 0, "Shared Written Blocks": 0, "Local Hit Blocks": 0, "Local Read Blocks": 0, "Local Dirtied Blocks": 0, "Local Written Blocks": 0, "Temp Read Blocks": 0, "Temp Written Blocks": 0, "I/O Read Time": 22.941, "I/O Write Time": 0.0, "parent": "Hash"}], "parent": "Hash Join"}], "parent": "Aggregate"}], "parent": "None"}, "Planning": {"Shared Hit Blocks": 101, "Shared Read Blocks": 16, "Shared Dirtied Blocks": 0, "Shared Written Blocks": 0, "Local Hit Blocks": 0, "Local Read Blocks": 0, "Local Dirtied Blocks": 0, "Local Written Blocks": 0, "Temp Read Blocks": 0, "Temp Written Blocks": 0, "I/O Read Time": 5.947, "I/O Write Time": 0.0}, "Planning Time": 7.602, "Triggers": [], "Execution Time": 266.83}, "config": {}}
{"query": "EXPLAIN (ANALYZE, COSTS, BUFFERS, VERBOSE, FORMAT JSON) select store_sales.ss_list_price, store.s_number_employees from store join store_sales on store_sales.ss_store_sk=store.s_store_sk where store.s_tax_precentage = 0.06;", "planinfo": {"Plan": {"Node Type": "Hash Join", "Parallel Aware": false, "Join Type": "Inner", "Startup Cost": 1.16, "Total Cost": 90612.75, "Plan Rows": 240027, "Plan Width": 10, "Actual Startup Time": 1.04, "Actual Total Time": 2561.663, "Actual Rows": 459492, "Actual Loops": 1, "Output": ["store_sales.ss_list_price", "store.s_number_employees"], "Inner Unique": true, "Hash Cond": "(store_sales.ss_store_sk = store.s_store_sk)", "Shared Hit Blocks": 4, "Shared Read Blocks": 51696, "Shared Dirtied Blocks": 0, "Shared Written Blocks": 0, "Local Hit Blocks": 0, "Local Read Blocks": 0, "Local Dirtied Blocks": 0, "Local Written Blocks": 0, "Temp Read Blocks": 0, "Temp Written Blocks": 0, "I/O Read Time": 1678.391, "I/O Write Time": 0.0, "Plans": [{"Node Type": "Seq Scan", "Parent Relationship": "Outer", "Parallel Aware": false, "Relation Name": "store_sales", "Schema": "public", "Alias": "store_sales", "Startup Cost": 0.0, "Total Cost": 80499.2, "Plan Rows": 2880320, "Plan Width": 10, "Actual Startup Time": 0.463, "Actual Total Time": 1954.054, "Actual Rows": 2880404, "Actual Loops": 1, "Output": ["store_sales.ss_sold_date_sk", "store_sales.ss_sold_time_sk", "store_sales.ss_item_sk", "store_sales.ss_customer_sk", "store_sales.ss_cdemo_sk", "store_sales.ss_hdemo_sk", "store_sales.ss_addr_sk", "store_sales.ss_store_sk", "store_sales.ss_promo_sk", "store_sales.ss_ticket_number", "store_sales.ss_quantity", "store_sales.ss_wholesale_cost", "store_sales.ss_list_price", "store_sales.ss_sales_price", "store_sales.ss_ext_discount_amt", "store_sales.ss_ext_sales_price", "store_sales.ss_ext_wholesale_cost", "store_sales.ss_ext_list_price", "store_sales.ss_ext_tax", "store_sales.ss_coupon_amt", "store_sales.ss_net_paid", "store_sales.ss_net_paid_inc_tax", "store_sales.ss_net_profit"], "Shared Hit Blocks": 0, "Shared Read Blocks": 51696, "Shared Dirtied Blocks": 0, "Shared Written Blocks": 0, "Local Hit Blocks": 0, "Local Read Blocks": 0, "Local Dirtied Blocks": 0, "Local Written Blocks": 0, "Temp Read Blocks": 0, "Temp Written Blocks": 0, "I/O Read Time": 1678.391, "I/O Write Time": 0.0, "parent": "Hash Join"}, {"Node Type": "Hash", "Parent Relationship": "Inner", "Parallel Aware": false, "Startup Cost": 1.15, "Total Cost": 1.15, "Plan Rows": 1, "Plan Width": 8, "Actual Startup Time": 0.533, "Actual Total Time": 0.535, "Actual Rows": 1, "Actual Loops": 1, "Output": ["store.s_number_employees", "store.s_store_sk"], "Hash Buckets": 1024, "Original Hash Buckets": 1024, "Hash Batches": 1, "Original Hash Batches": 1, "Peak Memory Usage": 9, "Shared Hit Blocks": 1, "Shared Read Blocks": 0, "Shared Dirtied Blocks": 0, "Shared Written Blocks": 0, "Local Hit Blocks": 0, "Local Read Blocks": 0, "Local Dirtied Blocks": 0, "Local Written Blocks": 0, "Temp Read Blocks": 0, "Temp Written Blocks": 0, "I/O Read Time": 0.0, "I/O Write Time": 0.0, "Plans": [{"Node Type": "Seq Scan", "Parent Relationship": "Outer", "Parallel Aware": false, "Relation Name": "store", "Schema": "public", "Alias": "store", "Startup Cost": 0.0, "Total Cost": 1.15, "Plan Rows": 1, "Plan Width": 8, "Actual Startup Time": 0.011, "Actual Total Time": 0.013, "Actual Rows": 1, "Actual Loops": 1, "Output": ["store.s_number_employees", "store.s_store_sk"], "Filter": "(store.s_tax_precentage = 0.06)", "Rows Removed by Filter": 11, "Shared Hit Blocks": 1, "Shared Read Blocks": 0, "Shared Dirtied Blocks": 0, "Shared Written Blocks": 0, "Local Hit Blocks": 0, "Local Read Blocks": 0, "Local Dirtied Blocks": 0, "Local Written Blocks": 0, "Temp Read Blocks": 0, "Temp Written Blocks": 0, "I/O Read Time": 0.0, "I/O Write Time": 0.0, "parent": "Hash"}], "parent": "Hash Join"}], "parent": "None"}, "Planning": {"Shared Hit Blocks": 148, "Shared Read Blocks": 21, "Shared Dirtied Blocks": 0, "Shared Written Blocks": 0, "Local Hit Blocks": 0, "Local Read Blocks": 0, "Local Dirtied Blocks": 0, "Local Written Blocks": 0, "Temp Read Blocks": 0, "Temp Written Blocks": 0, "I/O Read Time": 6.425, "I/O Write Time": 0.0}, "Planning Time": 7.723, "Triggers": [], "Execution Time": 2588.46}, "config": {}}
{"query": "EXPLAIN (ANALYZE, COSTS, BUFFERS, VERBOSE, FORMAT JSON) select store.s_tax_precentage, store_sales.ss_addr_sk from store join store_sales on store_sales.ss_store_sk=store.s_store_sk where store.s_number_employees <= 229;", "planinfo": {"Plan": {"Node Type": "Hash Join", "Parallel Aware": false, "Join Type": "Inner", "Startup Cost": 1.16, "Total Cost": 90612.75, "Plan Rows": 240027, "Plan Width": 9, "Actual Startup Time": 1.142, "Actual Total Time": 2565.993, "Actual Rows": 458272, "Actual Loops": 1, "Output": ["store.s_tax_precentage", "store_sales.ss_addr_sk"], "Inner Unique": true, "Hash Cond": "(store_sales.ss_store_sk = store.s_store_sk)", "Shared Hit Blocks": 4, "Shared Read Blocks": 51696, "Shared Dirtied Blocks": 0, "Shared Written Blocks": 0, "Local Hit Blocks": 0, "Local Read Blocks": 0, "Local Dirtied Blocks": 0, "Local Written Blocks": 0, "Temp Read Blocks": 0, "Temp Written Blocks": 0, "I/O Read Time": 1754.743, "I/O Write Time": 0.0, "Plans": [{"Node Type": "Seq Scan", "Parent Relationship": "Outer", "Parallel Aware": false, "Relation Name": "store_sales", "Schema": "public", "Alias": "store_sales", "Startup Cost": 0.0, "Total Cost": 80499.2, "Plan Rows": 2880320, "Plan Width": 8, "Actual Startup Time": 0.459, "Actual Total Time": 2027.586, "Actual Rows": 2880404, "Actual Loops": 1, "Output": ["store_sales.ss_sold_date_sk", "store_sales.ss_sold_time_sk", "store_sales.ss_item_sk", "store_sales.ss_customer_sk", "store_sales.ss_cdemo_sk", "store_sales.ss_hdemo_sk", "store_sales.ss_addr_sk", "store_sales.ss_store_sk", "store_sales.ss_promo_sk", "store_sales.ss_ticket_number", "store_sales.ss_quantity", "store_sales.ss_wholesale_cost", "store_sales.ss_list_price", "store_sales.ss_sales_price", "store_sales.ss_ext_discount_amt", "store_sales.ss_ext_sales_price", "store_sales.ss_ext_wholesale_cost", "store_sales.ss_ext_list_price", "store_sales.ss_ext_tax", "store_sales.ss_coupon_amt", "store_sales.ss_net_paid", "store_sales.ss_net_paid_inc_tax", "store_sales.ss_net_profit"], "Shared Hit Blocks": 0, "Shared Read Blocks": 51696, "Shared Dirtied Blocks": 0, "Shared Written Blocks": 0, "Local Hit Blocks": 0, "Local Read Blocks": 0, "Local Dirtied Blocks": 0, "Local Written Blocks": 0, "Temp Read Blocks": 0, "Temp Written Blocks": 0, "I/O Read Time": 1754.743, "I/O Write Time": 0.0, "parent": "Hash Join"}, {"Node Type": "Hash", "Parent Relationship": "Inner", "Parallel Aware": false, "Startup Cost": 1.15, "Total Cost": 1.15, "Plan Rows": 1, "Plan Width": 9, "Actual Startup Time": 0.589, "Actual Total Time": 0.592, "Actual Rows": 2, "Actual Loops": 1, "Output": ["store.s_tax_precentage", "store.s_store_sk"], "Hash Buckets": 1024, "Original Hash Buckets": 1024, "Hash Batches": 1, "Original Hash Batches": 1, "Peak Memory Usage": 9, "Shared Hit Blocks": 1, "Shared Read Blocks": 0, "Shared Dirtied Blocks": 0, "Shared Written Blocks": 0, "Local Hit Blocks": 0, "Local Read Blocks": 0, "Local Dirtied Blocks": 0, "Local Written Blocks": 0, "Temp Read Blocks": 0, "Temp Written Blocks": 0, "I/O Read Time": 0.0, "I/O Write Time": 0.0, "Plans": [{"Node Type": "Seq Scan", "Parent Relationship": "Outer", "Parallel Aware": false, "Relation Name": "store", "Schema": "public", "Alias": "store", "Startup Cost": 0.0, "Total Cost": 1.15, "Plan Rows": 1, "Plan Width": 9, "Actual Startup Time": 0.007, "Actual Total Time": 0.01, "Actual Rows": 2, "Actual Loops": 1, "Output": ["store.s_tax_precentage", "store.s_store_sk"], "Filter": "(store.s_number_employees <= 229)", "Rows Removed by Filter": 10, "Shared Hit Blocks": 1, "Shared Read Blocks": 0, "Shared Dirtied Blocks": 0, "Shared Written Blocks": 0, "Local Hit Blocks": 0, "Local Read Blocks": 0, "Local Dirtied Blocks": 0, "Local Written Blocks": 0, "Temp Read Blocks": 0, "Temp Written Blocks": 0, "I/O Read Time": 0.0, "I/O Write Time": 0.0, "parent": "Hash"}], "parent": "Hash Join"}], "parent": "None"}, "Planning": {"Shared Hit Blocks": 140, "Shared Read Blocks": 18, "Shared Dirtied Blocks": 0, "Shared Written Blocks": 0, "Local Hit Blocks": 0, "Local Read Blocks": 0, "Local Dirtied Blocks": 0, "Local Written Blocks": 0, "Temp Read Blocks": 0, "Temp Written Blocks": 0, "I/O Read Time": 8.227, "I/O Write Time": 0.0}, "Planning Time": 9.513, "Triggers": [], "Execution Time": 2592.051}, "config": {}}
{"query": "EXPLAIN (ANALYZE, COSTS, BUFFERS, VERBOSE, FORMAT JSON) select catalog_sales.cs_bill_addr_sk, warehouse.w_gmt_offset from warehouse join catalog_sales on catalog_sales.cs_warehouse_sk=warehouse.w_warehouse_sk where catalog_sales.cs_ship_hdemo_sk < 6920 and warehouse.w_warehouse_sq_ft != 138504 order by warehouse.w_gmt_offset ASC;", "planinfo": {"Plan": {"Node Type": "Sort", "Parallel Aware": false, "Startup Cost": 157766.65, "Total Cost": 159839.04, "Plan Rows": 828955, "Plan Width": 9, "Actual Startup Time": 1609.756, "Actual Total Time": 1862.052, "Actual Rows": 823524, "Actual Loops": 1, "Output": ["catalog_sales.cs_bill_addr_sk", "warehouse.w_gmt_offset"], "Sort Key": ["warehouse.w_gmt_offset"], "Sort Method": "external merge", "Sort Space Used": 15384, "Sort Space Type": "Disk", "Shared Hit Blocks": 7, "Shared Read Blocks": 37405, "Shared Dirtied Blocks": 0, "Shared Written Blocks": 0, "Local Hit Blocks": 0, "Local Read Blocks": 0, "Local Dirtied Blocks": 0, "Local Written Blocks": 0, "Temp Read Blocks": 2278, "Temp Written Blocks": 2294, "I/O Read Time": 591.162, "I/O Write Time": 0.0, "Plans": [{"Node Type": "Hash Join", "Parent Relationship": "Outer", "Parallel Aware": false, "Join Type": "Inner", "Startup Cost": 1.1, "Total Cost": 62108.51, "Plan Rows": 828955, "Plan Width": 9, "Actual Startup Time": 1.026, "Actual Total Time": 1284.758, "Actual Rows": 823524, "Actual Loops": 1, "Output": ["catalog_sales.cs_bill_addr_sk", "warehouse.w_gmt_offset"], "Inner Unique": true, "Hash Cond": "(catalog_sales.cs_warehouse_sk = warehouse.w_warehouse_sk)", "Shared Hit Blocks": 4, "Shared Read Blocks": 37405, "Shared Dirtied Blocks": 0, "Shared Written Blocks": 0, "Local Hit Blocks": 0, "Local Read Blocks": 0, "Local Dirtied Blocks": 0, "Local Written Blocks": 0, "Temp Read Blocks": 0, "Temp Written Blocks": 0, "I/O Read Time": 591.162, "I/O Write Time": 0.0, "Plans": [{"Node Type": "Seq Scan", "Parent Relationship": "Outer", "Parallel Aware": false, "Relation Name": "catalog_sales", "Schema": "public", "Alias": "catalog_sales", "Startup Cost": 0.0, "Total Cost": 55423.49, "Plan Rows": 1381592, "Plan Width": 8, "Actual Startup Time": 0.472, "Actual Total Time": 887.463, "Actual Rows": 1376631, "Actual Loops": 1, "Output": ["catalog_sales.cs_sold_date_sk", "catalog_sales.cs_sold_time_sk", "catalog_sales.cs_ship_date_sk", "catalog_sales.cs_bill_customer_sk", "catalog_sales.cs_bill_cdemo_sk", "catalog_sales.cs_bill_hdemo_sk", "catalog_sales.cs_bill_addr_sk", "catalog_sales.cs_ship_customer_sk", "catalog_sales.cs_ship_cdemo_sk", "catalog_sales.cs_ship_hdemo_sk", "catalog_sales.cs_ship_addr_sk", "catalog_sales.cs_call_center_sk", "catalog_sales.cs_catalog_page_sk", "catalog_sales.cs_ship_mode_sk", "catalog_sales.cs_warehouse_sk", "catalog_sales.cs_item_sk", "catalog_sales.cs_promo_sk", "catalog_sales.cs_order_number", "catalog_sales.cs_quantity", "catalog_sales.cs_wholesale_cost", "catalog_sales.cs_list_price", "catalog_sales.cs_sales_price", "catalog_sales.cs_ext_discount_amt", "catalog_sales.cs_ext_sales_price", "catalog_sales.cs_ext_wholesale_cost", "catalog_sales.cs_ext_list_price", "catalog_sales.cs_ext_tax", "catalog_sales.cs_coupon_amt", "catalog_sales.cs_ext_ship_cost", "catalog_sales.cs_net_paid", "catalog_sales.cs_net_paid_inc_tax", "catalog_sales.cs_net_paid_inc_ship", "catalog_sales.cs_net_paid_inc_ship_tax", "catalog_sales.cs_net_profit"], "Filter": "(catalog_sales.cs_ship_hdemo_sk < 6920)", "Rows Removed by Filter": 64917, "Shared Hit Blocks": 0, "Shared Read Blocks": 37405, "Shared Dirtied Blocks": 0, "Shared Written Blocks": 0, "Local Hit Blocks": 0, "Local Read Blocks": 0, "Local Dirtied Blocks": 0, "Local Written Blocks": 0, "Temp Read Blocks": 0, "Temp Written Blocks": 0, "I/O Read Time": 591.162, "I/O Write Time": 0.0, "parent": "Hash Join"}, {"Node Type": "Hash", "Parent Relationship": "Inner", "Parallel Aware": false, "Startup Cost": 1.06, "Total Cost": 1.06, "Plan Rows": 3, "Plan Width": 9, "Actual Startup Time": 0.53, "Actual Total Time": 0.532, "Actual Rows": 3, "Actual Loops": 1, "Output": ["warehouse.w_gmt_offset", "warehouse.w_warehouse_sk"], "Hash Buckets": 1024, "Original Hash Buckets": 1024, "Hash Batches": 1, "Original Hash Batches": 1, "Peak Memory Usage": 9, "Shared Hit Blocks": 1, "Shared Read Blocks": 0, "Shared Dirtied Blocks": 0, "Shared Written Blocks": 0, "Local Hit Blocks": 0, "Local Read Blocks": 0, "Local Dirtied Blocks": 0, "Local Written Blocks": 0, "Temp Read Blocks": 0, "Temp Written Blocks": 0, "I/O Read Time": 0.0, "I/O Write Time": 0.0, "Plans": [{"Node Type": "Seq Scan", "Parent Relationship": "Outer", "Parallel Aware": false, "Relation Name": "warehouse", "Schema": "public", "Alias": "warehouse", "Startup Cost": 0.0, "Total Cost": 1.06, "Plan Rows": 3, "Plan Width": 9, "Actual Startup Time": 0.004, "Actual Total Time": 0.007, "Actual Rows": 3, "Actual Loops": 1, "Output": ["warehouse.w_gmt_offset", "warehouse.w_warehouse_sk"], "Filter": "(warehouse.w_warehouse_sq_ft <> 138504)", "Rows Removed by Filter": 2, "Shared Hit Blocks": 1, "Shared Read Blocks": 0, "Shared Dirtied Blocks": 0, "Shared Written Blocks": 0, "Local Hit Blocks": 0, "Local Read Blocks": 0, "Local Dirtied Blocks": 0, "Local Written Blocks": 0, "Temp Read Blocks": 0, "Temp Written Blocks": 0, "I/O Read Time": 0.0, "I/O Write Time": 0.0, "parent": "Hash"}], "parent": "Hash Join"}], "parent": "Sort"}], "parent": "None"}, "Planning": {"Shared Hit Blocks": 102, "Shared Read Blocks": 15, "Shared Dirtied Blocks": 0, "Shared Written Blocks": 0, "Local Hit Blocks": 0, "Local Read Blocks": 0, "Local Dirtied Blocks": 0, "Local Written Blocks": 0, "Temp Read Blocks": 0, "Temp Written Blocks": 0, "I/O Read Time": 4.827, "I/O Write Time": 0.0}, "Planning Time": 5.952, "Triggers": [], "Execution Time": 1909.56}, "config": {}}
{"query": "EXPLAIN (ANALYZE, COSTS, BUFFERS, VERBOSE, FORMAT JSON) select web_sales.ws_net_paid_inc_ship, warehouse.w_gmt_offset from web_sales join warehouse on warehouse.w_warehouse_sk=web_sales.ws_warehouse_sk where warehouse.w_warehouse_sk != 4 order by warehouse.w_gmt_offset ASC;", "planinfo": {"Plan": {"Node Type": "Sort", "Parallel Aware": false, "Startup Cost": 94349.15, "Total Cost": 95787.92, "Plan Rows": 575507, "Plan Width": 12, "Actual Startup Time": 743.836, "Actual Total Time": 892.225, "Actual Rows": 574573, "Actual Loops": 1, "Output": ["web_sales.ws_net_paid_inc_ship", "warehouse.w_gmt_offset"], "Sort Key": ["warehouse.w_gmt_offset"], "Sort Method": "external merge", "Sort Space Used": 11752, "Sort Space Type": "Disk", "Shared Hit Blocks": 7, "Shared Read Blocks": 18767, "Shared Dirtied Blocks": 0, "Shared Written Blocks": 0, "Local Hit Blocks": 0, "Local Read Blocks": 0, "Local Dirtied Blocks": 0, "Local Written Blocks": 0, "Temp Read Blocks": 1469, "Temp Written Blocks": 1480, "I/O Read Time": 153.313, "I/O Write Time": 0.0, "Plans": [{"Node Type": "Hash Join", "Parent Relationship": "Outer", "Parallel Aware": false, "Join Type": "Inner", "Startup Cost": 1.11, "Total Cost": 29450.53, "Plan Rows": 575507, "Plan Width": 12, "Actual Startup Time": 3.115, "Actual Total Time": 542.588, "Actual Rows": 574573, "Actual Loops": 1, "Output": ["web_sales.ws_net_paid_inc_ship", "warehouse.w_gmt_offset"], "Inner Unique": true, "Hash Cond": "(web_sales.ws_warehouse_sk = warehouse.w_warehouse_sk)", "Shared Hit Blocks": 4, "Shared Read Blocks": 18767, "Shared Dirtied Blocks": 0, "Shared Written Blocks": 0, "Local Hit Blocks": 0, "Local Read Blocks": 0, "Local Dirtied Blocks": 0, "Local Written Blocks": 0, "Temp Read Blocks": 0, "Temp Written Blocks": 0, "I/O Read Time": 153.313, "I/O Write Time": 0.0, "Plans": [{"Node Type": "Seq Scan", "Parent Relationship": "Outer", "Parallel Aware": false, "Relation Name": "web_sales", "Schema": "public", "Alias": "web_sales", "Startup Cost": 0.0, "Total Cost": 25960.84, "Plan Rows": 719384, "Plan Width": 11, "Actual Startup Time": 1.48, "Actual Total Time": 236.355, "Actual Rows": 719384, "Actual Loops": 1, "Output": ["web_sales.ws_sold_date_sk", "web_sales.ws_sold_time_sk", "web_sales.ws_ship_date_sk", "web_sales.ws_item_sk", "web_sales.ws_bill_customer_sk", "web_sales.ws_bill_cdemo_sk", "web_sales.ws_bill_hdemo_sk", "web_sales.ws_bill_addr_sk", "web_sales.ws_ship_customer_sk", "web_sales.ws_ship_cdemo_sk", "web_sales.ws_ship_hdemo_sk", "web_sales.ws_ship_addr_sk", "web_sales.ws_web_page_sk", "web_sales.ws_web_site_sk", "web_sales.ws_ship_mode_sk", "web_sales.ws_warehouse_sk", "web_sales.ws_promo_sk", "web_sales.ws_order_number", "web_sales.ws_quantity", "web_sales.ws_wholesale_cost", "web_sales.ws_list_price", "web_sales.ws_sales_price", "web_sales.ws_ext_discount_amt", "web_sales.ws_ext_sales_price", "web_sales.ws_ext_wholesale_cost", "web_sales.ws_ext_list_price", "web_sales.ws_ext_tax", "web_sales.ws_coupon_amt", "web_sales.ws_ext_ship_cost", "web_sales.ws_net_paid", "web_sales.ws_net_paid_inc_tax", "web_sales.ws_net_paid_inc_ship", "web_sales.ws_net_paid_inc_ship_tax", "web_sales.ws_net_profit"], "Shared Hit Blocks": 0, "Shared Read Blocks": 18767, "Shared Dirtied Blocks": 0, "Shared Written Blocks": 0, "Local Hit Blocks": 0, "Local Read Blocks": 0, "Local Dirtied Blocks": 0, "Local Written Blocks": 0, "Temp Read Blocks": 0, "Temp Written Blocks": 0, "I/O Read Time": 153.313, "I/O Write Time": 0.0, "parent": "Hash Join"}, {"Node Type": "Hash", "Parent Relationship": "Inner", "Parallel Aware": false, "Startup Cost": 1.06, "Total Cost": 1.06, "Plan Rows": 4, "Plan Width": 9, "Actual Startup Time": 1.607, "Actual Total Time": 1.609, "Actual Rows": 4, "Actual Loops": 1, "Output": ["warehouse.w_gmt_offset", "warehouse.w_warehouse_sk"], "Hash Buckets": 1024, "Original Hash Buckets": 1024, "Hash Batches": 1, "Original Hash Batches": 1, "Peak Memory Usage": 9, "Shared Hit Blocks": 1, "Shared Read Blocks": 0, "Shared Dirtied Blocks": 0, "Shared Written Blocks": 0, "Local Hit Blocks": 0, "Local Read Blocks": 0, "Local Dirtied Blocks": 0, "Local Written Blocks": 0, "Temp Read Blocks": 0, "Temp Written Blocks": 0, "I/O Read Time": 0.0, "I/O Write Time": 0.0, "Plans": [{"Node Type": "Seq Scan", "Parent Relationship": "Outer", "Parallel Aware": false, "Relation Name": "warehouse", "Schema": "public", "Alias": "warehouse", "Startup Cost": 0.0, "Total Cost": 1.06, "Plan Rows": 4, "Plan Width": 9, "Actual Startup Time": 0.006, "Actual Total Time": 0.009, "Actual Rows": 4, "Actual Loops": 1, "Output": ["warehouse.w_gmt_offset", "warehouse.w_warehouse_sk"], "Filter": "(warehouse.w_warehouse_sk <> 4)", "Rows Removed by Filter": 1, "Shared Hit Blocks": 1, "Shared Read Blocks": 0, "Shared Dirtied Blocks": 0, "Shared Written Blocks": 0, "Local Hit Blocks": 0, "Local Read Blocks": 0, "Local Dirtied Blocks": 0, "Local Written Blocks": 0, "Temp Read Blocks": 0, "Temp Written Blocks": 0, "I/O Read Time": 0.0, "I/O Write Time": 0.0, "parent": "Hash"}], "parent": "Hash Join"}], "parent": "Sort"}], "parent": "None"}, "Planning": {"Shared Hit Blocks": 101, "Shared Read Blocks": 16, "Shared Dirtied Blocks": 0, "Shared Written Blocks": 0, "Local Hit Blocks": 0, "Local Read Blocks": 0, "Local Dirtied Blocks": 0, "Local Written Blocks": 0, "Temp Read Blocks": 0, "Temp Written Blocks": 0, "I/O Read Time": 5.385, "I/O Write Time": 0.0}, "Planning Time": 6.524, "Triggers": [], "Execution Time": 930.734}, "config": {}}
{"query": "EXPLAIN (ANALYZE, COSTS, BUFFERS, VERBOSE, FORMAT JSON) select web_sales.ws_ship_date_sk, warehouse.w_gmt_offset from web_sales join warehouse on warehouse.w_warehouse_sk=web_sales.ws_warehouse_sk where web_sales.ws_sales_price < 3.62;", "planinfo": {"Plan": {"Node Type": "Hash Join", "Parallel Aware": false, "Join Type": "Inner", "Startup Cost": 1.11, "Total Cost": 28081.38, "Plan Rows": 66186, "Plan Width": 9, "Actual Startup Time": 1.087, "Actual Total Time": 517.154, "Actual Rows": 65910, "Actual Loops": 1, "Output": ["web_sales.ws_ship_date_sk", "warehouse.w_gmt_offset"], "Inner Unique": true, "Hash Cond": "(web_sales.ws_warehouse_sk = warehouse.w_warehouse_sk)", "Shared Hit Blocks": 4, "Shared Read Blocks": 18767, "Shared Dirtied Blocks": 0, "Shared Written Blocks": 0, "Local Hit Blocks": 0, "Local Read Blocks": 0, "Local Dirtied Blocks": 0, "Local Written Blocks": 0, "Temp Read Blocks": 0, "Temp Written Blocks": 0, "I/O Read Time": 262.606, "I/O Write Time": 0.0, "Plans": [{"Node Type": "Seq Scan", "Parent Relationship": "Outer", "Parallel Aware": false, "Relation Name": "web_sales", "Schema": "public", "Alias": "web_sales", "Startup Cost": 0.0, "Total Cost": 27759.3, "Plan Rows": 66186, "Plan Width": 8, "Actual Startup Time": 0.471, "Actual Total Time": 493.436, "Actual Rows": 65919, "Actual Loops": 1, "Output": ["web_sales.ws_sold_date_sk", "web_sales.ws_sold_time_sk", "web_sales.ws_ship_date_sk", "web_sales.ws_item_sk", "web_sales.ws_bill_customer_sk", "web_sales.ws_bill_cdemo_sk", "web_sales.ws_bill_hdemo_sk", "web_sales.ws_bill_addr_sk", "web_sales.ws_ship_customer_sk", "web_sales.ws_ship_cdemo_sk", "web_sales.ws_ship_hdemo_sk", "web_sales.ws_ship_addr_sk", "web_sales.ws_web_page_sk", "web_sales.ws_web_site_sk", "web_sales.ws_ship_mode_sk", "web_sales.ws_warehouse_sk", "web_sales.ws_promo_sk", "web_sales.ws_order_number", "web_sales.ws_quantity", "web_sales.ws_wholesale_cost", "web_sales.ws_list_price", "web_sales.ws_sales_price", "web_sales.ws_ext_discount_amt", "web_sales.ws_ext_sales_price", "web_sales.ws_ext_wholesale_cost", "web_sales.ws_ext_list_price", "web_sales.ws_ext_tax", "web_sales.ws_coupon_amt", "web_sales.ws_ext_ship_cost", "web_sales.ws_net_paid", "web_sales.ws_net_paid_inc_tax", "web_sales.ws_net_paid_inc_ship", "web_sales.ws_net_paid_inc_ship_tax", "web_sales.ws_net_profit"], "Filter": "(web_sales.ws_sales_price < 3.62)", "Rows Removed by Filter": 653465, "Shared Hit Blocks": 0, "Shared Read Blocks": 18767, "Shared Dirtied Blocks": 0, "Shared Written Blocks": 0, "Local Hit Blocks": 0, "Local Read Blocks": 0, "Local Dirtied Blocks": 0, "Local Written Blocks": 0, "Temp Read Blocks": 0, "Temp Written Blocks": 0, "I/O Read Time": 262.606, "I/O Write Time": 0.0, "parent": "Hash Join"}, {"Node Type": "Hash", "Parent Relationship": "Inner", "Parallel Aware": false, "Startup Cost": 1.05, "Total Cost": 1.05, "Plan Rows": 5, "Plan Width": 9, "Actual Startup Time": 0.564, "Actual Total Time": 0.565, "Actual Rows": 5, "Actual Loops": 1, "Output": ["warehouse.w_gmt_offset", "warehouse.w_warehouse_sk"], "Hash Buckets": 1024, "Original Hash Buckets": 1024, "Hash Batches": 1, "Original Hash Batches": 1, "Peak Memory Usage": 9, "Shared Hit Blocks": 1, "Shared Read Blocks": 0, "Shared Dirtied Blocks": 0, "Shared Written Blocks": 0, "Local Hit Blocks": 0, "Local Read Blocks": 0, "Local Dirtied Blocks": 0, "Local Written Blocks": 0, "Temp Read Blocks": 0, "Temp Written Blocks": 0, "I/O Read Time": 0.0, "I/O Write Time": 0.0, "Plans": [{"Node Type": "Seq Scan", "Parent Relationship": "Outer", "Parallel Aware": false, "Relation Name": "warehouse", "Schema": "public", "Alias": "warehouse", "Startup Cost": 0.0, "Total Cost": 1.05, "Plan Rows": 5, "Plan Width": 9, "Actual Startup Time": 0.003, "Actual Total Time": 0.006, "Actual Rows": 5, "Actual Loops": 1, "Output": ["warehouse.w_gmt_offset", "warehouse.w_warehouse_sk"], "Shared Hit Blocks": 1, "Shared Read Blocks": 0, "Shared Dirtied Blocks": 0, "Shared Written Blocks": 0, "Local Hit Blocks": 0, "Local Read Blocks": 0, "Local Dirtied Blocks": 0, "Local Written Blocks": 0, "Temp Read Blocks": 0, "Temp Written Blocks": 0, "I/O Read Time": 0.0, "I/O Write Time": 0.0, "parent": "Hash"}], "parent": "Hash Join"}], "parent": "None"}, "Planning": {"Shared Hit Blocks": 95, "Shared Read Blocks": 17, "Shared Dirtied Blocks": 0, "Shared Written Blocks": 0, "Local Hit Blocks": 0, "Local Read Blocks": 0, "Local Dirtied Blocks": 0, "Local Written Blocks": 0, "Temp Read Blocks": 0, "Temp Written Blocks": 0, "I/O Read Time": 7.31, "I/O Write Time": 0.0}, "Planning Time": 8.576, "Triggers": [], "Execution Time": 522.017}, "config": {}}
{"query": "EXPLAIN (ANALYZE, COSTS, BUFFERS, VERBOSE, FORMAT JSON) select call_center.cc_mkt_id, catalog_sales.cs_ext_discount_amt from call_center join catalog_sales on catalog_sales.cs_call_center_sk=call_center.cc_call_center_sk where catalog_sales.cs_coupon_amt >= 10.01 and catalog_sales.cs_net_profit > -2952.1 order by call_center.cc_mkt_id ASC;", "planinfo": {"Plan": {"Node Type": "Sort", "Parallel Aware": false, "Startup Cost": 86571.34, "Total Cost": 87190.82, "Plan Rows": 247791, "Plan Width": 10, "Actual Startup Time": 1576.348, "Actual Total Time": 1604.991, "Actual Rows": 222958, "Actual Loops": 1, "Output": ["call_center.cc_mkt_id", "catalog_sales.cs_ext_discount_amt"], "Sort Key": ["call_center.cc_mkt_id"], "Sort Method": "external merge", "Sort Space Used": 4560, "Sort Space Type": "Disk", "Shared Hit Blocks": 4, "Shared Read Blocks": 37405, "Shared Dirtied Blocks": 0, "Shared Written Blocks": 0, "Local Hit Blocks": 0, "Local Read Blocks": 0, "Local Dirtied Blocks": 0, "Local Written Blocks": 0, "Temp Read Blocks": 570, "Temp Written Blocks": 574, "I/O Read Time": 851.984, "I/O Write Time": 0.0, "Plans": [{"Node Type": "Hash Join", "Parent Relationship": "Outer", "Parallel Aware": false, "Join Type": "Inner", "Startup Cost": 1.14, "Total Cost": 60135.8, "Plan Rows": 247791, "Plan Width": 10, "Actual Startup Time": 1.017, "Actual Total Time": 1506.25, "Actual Rows": 222958, "Actual Loops": 1, "Output": ["call_center.cc_mkt_id", "catalog_sales.cs_ext_discount_amt"], "Inner Unique": true, "Hash Cond": "(catalog_sales.cs_call_center_sk = call_center.cc_call_center_sk)", "Shared Hit Blocks": 1, "Shared Read Blocks": 37405, "Shared Dirtied Blocks": 0, "Shared Written Blocks": 0, "Local Hit Blocks": 0, "Local Read Blocks": 0, "Local Dirtied Blocks": 0, "Local Written Blocks": 0, "Temp Read Blocks": 0, "Temp Written Blocks": 0, "I/O Read Time": 851.984, "I/O Write Time": 0.0, "Plans": [{"Node Type": "Seq Scan", "Parent Relationship": "Outer", "Parallel Aware": false, "Relation Name": "catalog_sales", "Schema": "public", "Alias": "catalog_sales", "Startup Cost": 0.0, "Total Cost": 59027.18, "Plan Rows": 247791, "Plan Width": 10, "Actual Startup Time": 0.472, "Actual Total Time": 1433.109, "Actual Rows": 223502, "Actual Loops": 1, "Output": ["catalog_sales.cs_sold_date_sk", "catalog_sales.cs_sold_time_sk", "catalog_sales.cs_ship_date_sk", "catalog_sales.cs_bill_customer_sk", "catalog_sales.cs_bill_cdemo_sk", "catalog_sales.cs_bill_hdemo_sk", "catalog_sales.cs_bill_addr_sk", "catalog_sales.cs_ship_customer_sk", "catalog_sales.cs_ship_cdemo_sk", "catalog_sales.cs_ship_hdemo_sk", "catalog_sales.cs_ship_addr_sk", "catalog_sales.cs_call_center_sk", "catalog_sales.cs_catalog_page_sk", "catalog_sales.cs_ship_mode_sk", "catalog_sales.cs_warehouse_sk", "catalog_sales.cs_item_sk", "catalog_sales.cs_promo_sk", "catalog_sales.cs_order_number", "catalog_sales.cs_quantity", "catalog_sales.cs_wholesale_cost", "catalog_sales.cs_list_price", "catalog_sales.cs_sales_price", "catalog_sales.cs_ext_discount_amt", "catalog_sales.cs_ext_sales_price", "catalog_sales.cs_ext_wholesale_cost", "catalog_sales.cs_ext_list_price", "catalog_sales.cs_ext_tax", "catalog_sales.cs_coupon_amt", "catalog_sales.cs_ext_ship_cost", "catalog_sales.cs_net_paid", "catalog_sales.cs_net_paid_inc_tax", "catalog_sales.cs_net_paid_inc_ship", "catalog_sales.cs_net_paid_inc_ship_tax", "catalog_sales.cs_net_profit"], "Filter": "((catalog_sales.cs_coupon_amt >= 10.01) AND (catalog_sales.cs_net_profit > '-2952.1'::numeric))", "Rows Removed by Filter": 1218046, "Shared Hit Blocks": 0, "Shared Read Blocks": 37405, "Shared Dirtied Blocks": 0, "Shared Written Blocks": 0, "Local Hit Blocks": 0, "Local Read Blocks": 0, "Local Dirtied Blocks": 0, "Local Written Blocks": 0, "Temp Read Blocks": 0, "Temp Written Blocks": 0, "I/O Read Time": 851.984, "I/O Write Time": 0.0, "parent": "Hash Join"}, {"Node Type": "Hash", "Parent Relationship": "Inner", "Parallel Aware": false, "Startup Cost": 1.06, "Total Cost": 1.06, "Plan Rows": 6, "Plan Width": 8, "Actual Startup Time": 0.536, "Actual Total Time": 0.537, "Actual Rows": 6, "Actual Loops": 1, "Output": ["call_center.cc_mkt_id", "call_center.cc_call_center_sk"], "Hash Buckets": 1024, "Original Hash Buckets": 1024, "Hash Batches": 1, "Original Hash Batches": 1, "Peak Memory Usage": 9, "Shared Hit Blocks": 1, "Shared Read Blocks": 0, "Shared Dirtied Blocks": 0, "Shared Written Blocks": 0, "Local Hit Blocks": 0, "Local Read Blocks": 0, "Local Dirtied Blocks": 0, "Local Written Blocks": 0, "Temp Read Blocks": 0, "Temp Written Blocks": 0, "I/O Read Time": 0.0, "I/O Write Time": 0.0, "Plans": [{"Node Type": "Seq Scan", "Parent Relationship": "Outer", "Parallel Aware": false, "Relation Name": "call_center", "Schema": "public", "Alias": "call_center", "Startup Cost": 0.0, "Total Cost": 1.06, "Plan Rows": 6, "Plan Width": 8, "Actual Startup Time": 0.004, "Actual Total Time": 0.006, "Actual Rows": 6, "Actual Loops": 1, "Output": ["call_center.cc_mkt_id", "call_center.cc_call_center_sk"], "Shared Hit Blocks": 1, "Shared Read Blocks": 0, "Shared Dirtied Blocks": 0, "Shared Written Blocks": 0, "Local Hit Blocks": 0, "Local Read Blocks": 0, "Local Dirtied Blocks": 0, "Local Written Blocks": 0, "Temp Read Blocks": 0, "Temp Written Blocks": 0, "I/O Read Time": 0.0, "I/O Write Time": 0.0, "parent": "Hash"}], "parent": "Hash Join"}], "parent": "Sort"}], "parent": "None"}, "Planning": {"Shared Hit Blocks": 100, "Shared Read Blocks": 18, "Shared Dirtied Blocks": 0, "Shared Written Blocks": 0, "Local Hit Blocks": 0, "Local Read Blocks": 0, "Local Dirtied Blocks": 0, "Local Written Blocks": 0, "Temp Read Blocks": 0, "Temp Written Blocks": 0, "I/O Read Time": 5.493, "I/O Write Time": 0.0}, "Planning Time": 6.681, "Triggers": [], "Execution Time": 1615.683}, "config": {}}
{"query": "EXPLAIN (ANALYZE, COSTS, BUFFERS, VERBOSE, FORMAT JSON) select catalog_returns.cr_refunded_customer_sk, customer.c_current_hdemo_sk from catalog_returns join customer on customer.c_customer_sk=catalog_returns.cr_refunded_customer_sk where catalog_returns.cr_ship_mode_sk >= 10 and customer.c_birth_day > 20 order by customer.c_current_hdemo_sk ASC;", "planinfo": {"Plan": {"Node Type": "Sort", "Parallel Aware": false, "Startup Cost": 11151.05, "Total Cost": 11214.14, "Plan Rows": 25237, "Plan Width": 8, "Actual Startup Time": 179.897, "Actual Total Time": 182.865, "Actual Rows": 25190, "Actual Loops": 1, "Output": ["catalog_returns.cr_refunded_customer_sk", "customer.c_current_hdemo_sk"], "Sort Key": ["customer.c_current_hdemo_sk"], "Sort Method": "quicksort", "Sort Space Used": 2146, "Sort Space Type": "Memory", "Shared Hit Blocks": 3, "Shared Read Blocks": 5645, "Shared Dirtied Blocks": 0, "Shared Written Blocks": 0, "Local Hit Blocks": 0, "Local Read Blocks": 0, "Local Dirtied Blocks": 0, "Local Written Blocks": 0, "Temp Read Blocks": 0, "Temp Written Blocks": 0, "I/O Read Time": 87.249, "I/O Write Time": 0.0, "Plans": [{"Node Type": "Hash Join", "Parent Relationship": "Outer", "Parallel Aware": false, "Join Type": "Inner", "Startup Cost": 4424.0, "Total Cost": 9305.81, "Plan Rows": 25237, "Plan Width": 8, "Actual Startup Time": 80.408, "Actual Total Time": 170.869, "Actual Rows": 25190, "Actual Loops": 1, "Output": ["catalog_returns.cr_refunded_customer_sk", "customer.c_current_hdemo_sk"], "Inner Unique": true, "Hash Cond": "(catalog_returns.cr_refunded_customer_sk = customer.c_customer_sk)", "Shared Hit Blocks": 0, "Shared Read Blocks": 5645, "Shared Dirtied Blocks": 0, "Shared Written Blocks": 0, "Local Hit Blocks": 0, "Local Read Blocks": 0, "Local Dirtied Blocks": 0, "Local Written Blocks": 0, "Temp Read Blocks": 0, "Temp Written Blocks": 0, "I/O Read Time": 87.249, "I/O Write Time": 0.0, "Plans": [{"Node Type": "Seq Scan", "Parent Relationship": "Outer", "Parallel Aware": false, "Relation Name": "catalog_returns", "Schema": "public", "Alias": "catalog_returns", "Startup Cost": 0.0, "Total Cost": 4677.84, "Plan Rows": 77700, "Plan Width": 4, "Actual Startup Time": 0.469, "Actual Total Time": 69.442, "Actual Rows": 77899, "Actual Loops": 1, "Output": ["catalog_returns.cr_returned_date_sk", "catalog_returns.cr_returned_time_sk", "catalog_returns.cr_item_sk", "catalog_returns.cr_refunded_customer_sk", "catalog_returns.cr_refunded_cdemo_sk", "catalog_returns.cr_refunded_hdemo_sk", "catalog_returns.cr_refunded_addr_sk", "catalog_returns.cr_returning_customer_sk", "catalog_returns.cr_returning_cdemo_sk", "catalog_returns.cr_returning_hdemo_sk", "catalog_returns.cr_returning_addr_sk", "catalog_returns.cr_call_center_sk", "catalog_returns.cr_catalog_page_sk", "catalog_returns.cr_ship_mode_sk", "catalog_returns.cr_warehouse_sk", "catalog_returns.cr_reason_sk", "catalog_returns.cr_order_number", "catalog_returns.cr_return_quantity", "catalog_returns.cr_return_amount", "catalog_returns.cr_return_tax", "catalog_returns.cr_return_amt_inc_tax", "catalog_returns.cr_fee", "catalog_returns.cr_return_ship_cost", "catalog_returns.cr_refunded_cash", "catalog_returns.cr_reversed_charge", "catalog_returns.cr_store_credit", "catalog_returns.cr_net_loss"], "Filter": "(catalog_returns.cr_ship_mode_sk >= 10)", "Rows Removed by Filter": 66168, "Shared Hit Blocks": 0, "Shared Read Blocks": 2877, "Shared Dirtied Blocks": 0, "Shared Written Blocks": 0, "Local Hit Blocks": 0, "Local Read Blocks": 0, "Local Dirtied Blocks": 0, "Local Written Blocks": 0, "Temp Read Blocks": 0, "Temp Written Blocks": 0, "I/O Read Time": 39.478, "I/O Write Time": 0.0, "parent": "Hash Join"}, {"Node Type": "Hash", "Parent Relationship": "Inner", "Parallel Aware": false, "Startup Cost": 4018.0, "Total Cost": 4018.0, "Plan Rows": 32480, "Plan Width": 8, "Actual Startup Time": 79.804, "Actual Total Time": 79.805, "Actual Rows": 32775, "Actual Loops": 1, "Output": ["customer.c_current_hdemo_sk", "customer.c_customer_sk"], "Hash Buckets": 65536, "Original Hash Buckets": 32768, "Hash Batches": 1, "Original Hash Batches": 1, "Peak Memory Usage": 1790, "Shared Hit Blocks": 0, "Shared Read Blocks": 2768, "Shared Dirtied Blocks": 0, "Shared Written Blocks": 0, "Local Hit Blocks": 0, "Local Read Blocks": 0, "Local Dirtied Blocks": 0, "Local Written Blocks": 0, "Temp Read Blocks": 0, "Temp Written Blocks": 0, "I/O Read Time": 47.772, "I/O Write Time": 0.0, "Plans": [{"Node Type": "Seq Scan", "Parent Relationship": "Outer", "Parallel Aware": false, "Relation Name": "customer", "Schema": "public", "Alias": "customer", "Startup Cost": 0.0, "Total Cost": 4018.0, "Plan Rows": 32480, "Plan Width": 8, "Actual Startup Time": 0.459, "Actual Total Time": 70.142, "Actual Rows": 32775, "Actual Loops": 1, "Output": ["customer.c_current_hdemo_sk", "customer.c_customer_sk"], "Filter": "(customer.c_birth_day > 20)", "Rows Removed by Filter": 67225, "Shared Hit Blocks": 0, "Shared Read Blocks": 2768, "Shared Dirtied Blocks": 0, "Shared Written Blocks": 0, "Local Hit Blocks": 0, "Local Read Blocks": 0, "Local Dirtied Blocks": 0, "Local Written Blocks": 0, "Temp Read Blocks": 0, "Temp Written Blocks": 0, "I/O Read Time": 47.772, "I/O Write Time": 0.0, "parent": "Hash"}], "parent": "Hash Join"}], "parent": "Sort"}], "parent": "None"}, "Planning": {"Shared Hit Blocks": 105, "Shared Read Blocks": 20, "Shared Dirtied Blocks": 0, "Shared Written Blocks": 0, "Local Hit Blocks": 0, "Local Read Blocks": 0, "Local Dirtied Blocks": 0, "Local Written Blocks": 0, "Temp Read Blocks": 0, "Temp Written Blocks": 0, "I/O Read Time": 6.947, "I/O Write Time": 0.0}, "Planning Time": 8.126, "Triggers": [], "Execution Time": 184.805}, "config": {}}
{"query": "EXPLAIN (ANALYZE, COSTS, BUFFERS, VERBOSE, FORMAT JSON) select customer_demographics.cd_dep_college_count, customer.c_current_cdemo_sk,  sum(customer.c_current_cdemo_sk) from customer_demographics join customer on customer.c_current_cdemo_sk=customer_demographics.cd_demo_sk where customer.c_birth_month < 4 group by customer_demographics.cd_dep_college_count, customer.c_current_cdemo_sk order by customer_demographics.cd_dep_college_count ASC, customer.c_current_cdemo_sk ASC;", "planinfo": {"Plan": {"Node Type": "Aggregate", "Strategy": "Sorted", "Partial Mode": "Simple", "Parallel Aware": false, "Startup Cost": 54499.99, "Total Cost": 54973.13, "Plan Rows": 23657, "Plan Width": 16, "Actual Startup Time": 774.659, "Actual Total Time": 788.056, "Actual Rows": 23403, "Actual Loops": 1, "Output": ["customer_demographics.cd_dep_college_count", "customer.c_current_cdemo_sk", "sum(customer.c_current_cdemo_sk)"], "Group Key": ["customer_demographics.cd_dep_college_count", "customer.c_current_cdemo_sk"], "Shared Hit Blocks": 3, "Shared Read Blocks": 24596, "Shared Dirtied Blocks": 0, "Shared Written Blocks": 0, "Local Hit Blocks": 0, "Local Read Blocks": 0, "Local Dirtied Blocks": 0, "Local Written Blocks": 0, "Temp Read Blocks": 0, "Temp Written Blocks": 0, "I/O Read Time": 243.131, "I/O Write Time": 0.0, "Plans": [{"Node Type": "Sort", "Parent Relationship": "Outer", "Parallel Aware": false, "Startup Cost": 54499.99, "Total Cost": 54559.13, "Plan Rows": 23657, "Plan Width": 8, "Actual Startup Time": 774.184, "Actual Total Time": 775.429, "Actual Rows": 23557, "Actual Loops": 1, "Output": ["customer_demographics.cd_dep_college_count", "customer.c_current_cdemo_sk"], "Sort Key": ["customer_demographics.cd_dep_college_count", "customer.c_current_cdemo_sk"], "Sort Method": "quicksort", "Sort Space Used": 2057, "Sort Space Type": "Memory", "Shared Hit Blocks": 3, "Shared Read Blocks": 24596, "Shared Dirtied Blocks": 0, "Shared Written Blocks": 0, "Local Hit Blocks": 0, "Local Read Blocks": 0, "Local Dirtied Blocks": 0, "Local Written Blocks": 0, "Temp Read Blocks": 0, "Temp Written Blocks": 0, "I/O Read Time": 243.131, "I/O Write Time": 0.0, "Plans": [{"Node Type": "Hash Join", "Parent Relationship": "Outer", "Parallel Aware": false, "Join Type": "Inner", "Startup Cost": 4313.71, "Total Cost": 52781.31, "Plan Rows": 23657, "Plan Width": 8, "Actual Startup Time": 78.47, "Actual Total Time": 766.923, "Actual Rows": 23557, "Actual Loops": 1, "Output": ["customer_demographics.cd_dep_college_count", "customer.c_current_cdemo_sk"], "Inner Unique": false, "Hash Cond": "(customer_demographics.cd_demo_sk = customer.c_current_cdemo_sk)", "Shared Hit Blocks": 0, "Shared Read Blocks": 24596, "Shared Dirtied Blocks": 0, "Shared Written Blocks": 0, "Local Hit Blocks": 0, "Local Read Blocks": 0, "Local Dirtied Blocks": 0, "Local Written Blocks": 0, "Temp Read Blocks": 0, "Temp Written Blocks": 0, "I/O Read Time": 243.131, "I/O Write Time": 0.0, "Plans": [{"Node Type": "Seq Scan", "Parent Relationship": "Outer", "Parallel Aware": false, "Relation Name": "customer_demographics", "Schema": "public", "Alias": "customer_demographics", "Startup Cost": 0.0, "Total Cost": 41036.0, "Plan Rows": 1920800, "Plan Width": 8, "Actual Startup Time": 0.606, "Actual Total Time": 365.835, "Actual Rows": 1920800, "Actual Loops": 1, "Output": ["customer_demographics.cd_demo_sk", "customer_demographics.cd_gender", "customer_demographics.cd_marital_status", "customer_demographics.cd_education_status", "customer_demographics.cd_purchase_estimate", "customer_demographics.cd_credit_rating", "customer_demographics.cd_dep_count", "customer_demographics.cd_dep_employed_count", "customer_demographics.cd_dep_college_count"], "Shared Hit Blocks": 0, "Shared Read Blocks": 21828, "Shared Dirtied Blocks": 0, "Shared Written Blocks": 0, "Local Hit Blocks": 0, "Local Read Blocks": 0, "Local Dirtied Blocks": 0, "Local Written Blocks": 0, "Temp Read Blocks": 0, "Temp Written Blocks": 0, "I/O Read Time": 194.198, "I/O Write Time": 0.0, "parent": "Hash Join"}, {"Node Type": "Hash", "Parent Relationship": "Inner", "Parallel Aware": false, "Startup Cost": 4018.0, "Total Cost": 4018.0, "Plan Rows": 23657, "Plan Width": 4, "Actual Startup Time": 77.227, "Actual Total Time": 77.228, "Actual Rows": 23557, "Actual Loops": 1, "Output": ["customer.c_current_cdemo_sk"], "Hash Buckets": 32768, "Original Hash Buckets": 32768, "Hash Batches": 1, "Original Hash Batches": 1, "Peak Memory Usage": 1085, "Shared Hit Blocks": 0, "Shared Read Blocks": 2768, "Shared Dirtied Blocks": 0, "Shared Written Blocks": 0, "Local Hit Blocks": 0, "Local Read Blocks": 0, "Local Dirtied Blocks": 0, "Local Written Blocks": 0, "Temp Read Blocks": 0, "Temp Written Blocks": 0, "I/O Read Time": 48.933, "I/O Write Time": 0.0, "Plans": [{"Node Type": "Seq Scan", "Parent Relationship": "Outer", "Parallel Aware": false, "Relation Name": "customer", "Schema": "public", "Alias": "customer", "Startup Cost": 0.0, "Total Cost": 4018.0, "Plan Rows": 23657, "Plan Width": 4, "Actual Startup Time": 0.455, "Actual Total Time": 70.98, "Actual Rows": 23977, "Actual Loops": 1, "Output": ["customer.c_current_cdemo_sk"], "Filter": "(customer.c_birth_month < 4)", "Rows Removed by Filter": 76023, "Shared Hit Blocks": 0, "Shared Read Blocks": 2768, "Shared Dirtied Blocks": 0, "Shared Written Blocks": 0, "Local Hit Blocks": 0, "Local Read Blocks": 0, "Local Dirtied Blocks": 0, "Local Written Blocks": 0, "Temp Read Blocks": 0, "Temp Written Blocks": 0, "I/O Read Time": 48.933, "I/O Write Time": 0.0, "parent": "Hash"}], "parent": "Hash Join"}], "parent": "Sort"}], "parent": "Aggregate"}], "parent": "None"}, "Planning": {"Shared Hit Blocks": 92, "Shared Read Blocks": 22, "Shared Dirtied Blocks": 0, "Shared Written Blocks": 0, "Local Hit Blocks": 0, "Local Read Blocks": 0, "Local Dirtied Blocks": 0, "Local Written Blocks": 0, "Temp Read Blocks": 0, "Temp Written Blocks": 0, "I/O Read Time": 7.507, "I/O Write Time": 0.0}, "Planning Time": 9.747, "Triggers": [], "Execution Time": 789.895}, "config": {}}
{"query": "EXPLAIN (ANALYZE, COSTS, BUFFERS, VERBOSE, FORMAT JSON) select time_dim.t_hour, store_returns.sr_hdemo_sk from time_dim join store_returns on store_returns.sr_return_time_sk=time_dim.t_time_sk where time_dim.t_time_sk <= 39427 order by store_returns.sr_hdemo_sk ASC;", "planinfo": {"Plan": {"Node Type": "Sort", "Parallel Aware": false, "Startup Cost": 23659.63, "Total Cost": 23988.26, "Plan Rows": 131454, "Plan Width": 8, "Actual Startup Time": 226.422, "Actual Total Time": 238.037, "Actual Rows": 91064, "Actual Loops": 1, "Output": ["time_dim.t_hour", "store_returns.sr_hdemo_sk"], "Sort Key": ["store_returns.sr_hdemo_sk"], "Sort Method": "external merge", "Sort Space Used": 1600, "Sort Space Type": "Disk", "Shared Hit Blocks": 3, "Shared Read Blocks": 5534, "Shared Dirtied Blocks": 0, "Shared Written Blocks": 0, "Local Hit Blocks": 0, "Local Read Blocks": 0, "Local Dirtied Blocks": 0, "Local Written Blocks": 0, "Temp Read Blocks": 200, "Temp Written Blocks": 201, "I/O Read Time": 42.77, "I/O Write Time": 0.0, "Plans": [{"Node Type": "Hash Join", "Parent Relationship": "Outer", "Parallel Aware": false, "Join Type": "Inner", "Startup Cost": 2263.38, "Total Cost": 10684.28, "Plan Rows": 131454, "Plan Width": 8, "Actual Startup Time": 35.239, "Actual Total Time": 179.824, "Actual Rows": 91064, "Actual Loops": 1, "Output": ["time_dim.t_hour", "store_returns.sr_hdemo_sk"], "Inner Unique": true, "Hash Cond": "(store_returns.sr_return_time_sk = time_dim.t_time_sk)", "Shared Hit Blocks": 0, "Shared Read Blocks": 5534, "Shared Dirtied Blocks": 0, "Shared Written Blocks": 0, "Local Hit Blocks": 0, "Local Read Blocks": 0, "Local Dirtied Blocks": 0, "Local Written Blocks": 0, "Temp Read Blocks": 0, "Temp Written Blocks": 0, "I/O Read Time": 42.77, "I/O Write Time": 0.0, "Plans": [{"Node Type": "Seq Scan", "Parent Relationship": "Outer", "Parallel Aware": false, "Relation Name": "store_returns", "Schema": "public", "Alias": "store_returns", "Startup Cost": 0.0, "Total Cost": 7666.14, "Plan Rows": 287514, "Plan Width": 8, "Actual Startup Time": 0.46, "Actual Total Time": 64.549, "Actual Rows": 287514, "Actual Loops": 1, "Output": ["store_returns.sr_returned_date_sk", "store_returns.sr_return_time_sk", "store_returns.sr_item_sk", "store_returns.sr_customer_sk", "store_returns.sr_cdemo_sk", "store_returns.sr_hdemo_sk", "store_returns.sr_addr_sk", "store_returns.sr_store_sk", "store_returns.sr_reason_sk", "store_returns.sr_ticket_number", "store_returns.sr_return_quantity", "store_returns.sr_return_amt", "store_returns.sr_return_tax", "store_returns.sr_return_amt_inc_tax", "store_returns.sr_fee", "store_returns.sr_return_ship_cost", "store_returns.sr_refunded_cash", "store_returns.sr_reversed_charge", "store_returns.sr_store_credit", "store_returns.sr_net_loss"], "Shared Hit Blocks": 0, "Shared Read Blocks": 4791, "Shared Dirtied Blocks": 0, "Shared Written Blocks": 0, "Local Hit Blocks": 0, "Local Read Blocks": 0, "Local Dirtied Blocks": 0, "Local Written Blocks": 0, "Temp Read Blocks": 0, "Temp Written Blocks": 0, "I/O Read Time": 34.279, "I/O Write Time": 0.0, "parent": "Hash Join"}, {"Node Type": "Hash", "Parent Relationship": "Inner", "Parallel Aware": false, "Startup Cost": 1769.6, "Total Cost": 1769.6, "Plan Rows": 39503, "Plan Width": 8, "Actual Startup Time": 34.536, "Actual Total Time": 34.538, "Actual Rows": 39428, "Actual Loops": 1, "Output": ["time_dim.t_hour", "time_dim.t_time_sk"], "Hash Buckets": 65536, "Original Hash Buckets": 65536, "Hash Batches": 1, "Original Hash Batches": 1, "Peak Memory Usage": 2053, "Shared Hit Blocks": 0, "Shared Read Blocks": 743, "Shared Dirtied Blocks": 0, "Shared Written Blocks": 0, "Local Hit Blocks": 0, "Local Read Blocks": 0, "Local Dirtied Blocks": 0, "Local Written Blocks": 0, "Temp Read Blocks": 0, "Temp Written Blocks": 0, "I/O Read Time": 8.491, "I/O Write Time": 0.0, "Plans": [{"Node Type": "Index Scan", "Parent Relationship": "Outer", "Parallel Aware": false, "Scan Direction": "Forward", "Index Name": "time_dim_pkey", "Relation Name": "time_dim", "Schema": "public", "Alias": "time_dim", "Startup Cost": 0.29, "Total Cost": 1769.6, "Plan Rows": 39503, "Plan Width": 8, "Actual Startup Time": 0.938, "Actual Total Time": 23.234, "Actual Rows": 39428, "Actual Loops": 1, "Output": ["time_dim.t_hour", "time_dim.t_time_sk"], "Index Cond": "(time_dim.t_time_sk <= 39427)", "Rows Removed by Index Recheck": 0, "Shared Hit Blocks": 0, "Shared Read Blocks": 743, "Shared Dirtied Blocks": 0, "Shared Written Blocks": 0, "Local Hit Blocks": 0, "Local Read Blocks": 0, "Local Dirtied Blocks": 0, "Local Written Blocks": 0, "Temp Read Blocks": 0, "Temp Written Blocks": 0, "I/O Read Time": 8.491, "I/O Write Time": 0.0, "parent": "Hash"}], "parent": "Hash Join"}], "parent": "Sort"}], "parent": "None"}, "Planning": {"Shared Hit Blocks": 92, "Shared Read Blocks": 13, "Shared Dirtied Blocks": 0, "Shared Written Blocks": 0, "Local Hit Blocks": 0, "Local Read Blocks": 0, "Local Dirtied Blocks": 0, "Local Written Blocks": 0, "Temp Read Blocks": 0, "Temp Written Blocks": 0, "I/O Read Time": 4.709, "I/O Write Time": 0.0}, "Planning Time": 5.824, "Triggers": [], "Execution Time": 243.994}, "config": {}}
{"query": "EXPLAIN (ANALYZE, COSTS, BUFFERS, VERBOSE, FORMAT JSON) select catalog_sales.cs_ship_hdemo_sk, customer_demographics.cd_purchase_estimate from customer_demographics join catalog_sales on catalog_sales.cs_bill_cdemo_sk=customer_demographics.cd_demo_sk where customer_demographics.cd_demo_sk > 1712414;", "planinfo": {"Plan": {"Node Type": "Hash Join", "Parallel Aware": false, "Join Type": "Inner", "Startup Cost": 11676.47, "Total Cost": 79353.15, "Plan Rows": 155696, "Plan Width": 8, "Actual Startup Time": 172.37, "Actual Total Time": 1977.044, "Actual Rows": 155674, "Actual Loops": 1, "Output": ["catalog_sales.cs_ship_hdemo_sk", "customer_demographics.cd_purchase_estimate"], "Inner Unique": true, "Hash Cond": "(catalog_sales.cs_bill_cdemo_sk = customer_demographics.cd_demo_sk)", "Shared Hit Blocks": 5, "Shared Read Blocks": 40344, "Shared Dirtied Blocks": 0, "Shared Written Blocks": 0, "Local Hit Blocks": 0, "Local Read Blocks": 0, "Local Dirtied Blocks": 0, "Local Written Blocks": 0, "Temp Read Blocks": 4206, "Temp Written Blocks": 4206, "I/O Read Time": 1012.089, "I/O Write Time": 0.0, "Plans": [{"Node Type": "Seq Scan", "Parent Relationship": "Outer", "Parallel Aware": false, "Relation Name": "catalog_sales", "Schema": "public", "Alias": "catalog_sales", "Startup Cost": 0.0, "Total Cost": 51819.79, "Plan Rows": 1441479, "Plan Width": 8, "Actual Startup Time": 0.459, "Actual Total Time": 1279.327, "Actual Rows": 1441548, "Actual Loops": 1, "Output": ["catalog_sales.cs_ship_hdemo_sk", "catalog_sales.cs_bill_cdemo_sk"], "Shared Hit Blocks": 0, "Shared Read Blocks": 37405, "Shared Dirtied Blocks": 0, "Shared Written Blocks": 0, "Local Hit Blocks": 0, "Local Read Blocks": 0, "Local Dirtied Blocks": 0, "Local Written Blocks": 0, "Temp Read Blocks": 0, "Temp Written Blocks": 0, "I/O Read Time": 982.166, "I/O Write Time": 0.0, "parent": "Hash Join"}, {"Node Type": "Hash", "Parent Relationship": "Inner", "Parallel Aware": false, "Startup Cost": 8272.12, "Total Cost": 8272.12, "Plan Rows": 207468, "Plan Width": 8, "Actual Startup Time": 170.804, "Actual Total Time": 170.805, "Actual Rows": 208386, "Actual Loops": 1, "Output": ["customer_demographics.cd_purchase_estimate", "customer_demographics.cd_demo_sk"], "Hash Buckets": 131072, "Original Hash Buckets": 131072, "Hash Batches": 4, "Original Hash Batches": 4, "Peak Memory Usage": 3071, "Shared Hit Blocks": 2, "Shared Read Blocks": 2939, "Shared Dirtied Blocks": 0, "Shared Written Blocks": 0, "Local Hit Blocks": 0, "Local Read Blocks": 0, "Local Dirtied Blocks": 0, "Local Written Blocks": 0, "Temp Read Blocks": 0, "Temp Written Blocks": 532, "I/O Read Time": 29.923, "I/O Write Time": 0.0, "Plans": [{"Node Type": "Index Scan", "Parent Relationship": "Outer", "Parallel Aware": false, "Scan Direction": "Forward", "Index Name": "customer_demographics_pkey", "Relation Name": "customer_demographics", "Schema": "public", "Alias": "customer_demographics", "Startup Cost": 0.43, "Total Cost": 8272.12, "Plan Rows": 207468, "Plan Width": 8, "Actual Startup Time": 1.364, "Actual Total Time": 108.648, "Actual Rows": 208386, "Actual Loops": 1, "Output": ["customer_demographics.cd_purchase_estimate", "customer_demographics.cd_demo_sk"], "Index Cond": "(customer_demographics.cd_demo_sk > 1712414)", "Rows Removed by Index Recheck": 0, "Shared Hit Blocks": 2, "Shared Read Blocks": 2939, "Shared Dirtied Blocks": 0, "Shared Written Blocks": 0, "Local Hit Blocks": 0, "Local Read Blocks": 0, "Local Dirtied Blocks": 0, "Local Written Blocks": 0, "Temp Read Blocks": 0, "Temp Written Blocks": 0, "I/O Read Time": 29.923, "I/O Write Time": 0.0, "parent": "Hash"}], "parent": "Hash Join"}], "parent": "None"}, "Planning": {"Shared Hit Blocks": 95, "Shared Read Blocks": 17, "Shared Dirtied Blocks": 0, "Shared Written Blocks": 0, "Local Hit Blocks": 0, "Local Read Blocks": 0, "Local Dirtied Blocks": 0, "Local Written Blocks": 0, "Temp Read Blocks": 0, "Temp Written Blocks": 0, "I/O Read Time": 6.688, "I/O Write Time": 0.0}, "Planning Time": 7.934, "Triggers": [], "Execution Time": 1986.96}, "config": {}}
{"query": "EXPLAIN (ANALYZE, COSTS, BUFFERS, VERBOSE, FORMAT JSON) select store_sales.ss_sold_date_sk, store.s_floor_space from store join store_sales on store_sales.ss_store_sk=store.s_store_sk order by store.s_floor_space DESC, store_sales.ss_sold_date_sk DESC;", "planinfo": {"Plan": {"Node Type": "Sort", "Parallel Aware": false, "Startup Cost": 478403.48, "Total Cost": 485604.28, "Plan Rows": 2880320, "Plan Width": 8, "Actual Startup Time": 3668.94, "Actual Total Time": 4160.475, "Actual Rows": 2750370, "Actual Loops": 1, "Output": ["store_sales.ss_sold_date_sk", "store.s_floor_space"], "Sort Key": ["store.s_floor_space DESC", "store_sales.ss_sold_date_sk DESC"], "Sort Method": "external merge", "Sort Space Used": 48216, "Sort Space Type": "Disk", "Shared Hit Blocks": 4, "Shared Read Blocks": 51696, "Shared Dirtied Blocks": 0, "Shared Written Blocks": 0, "Local Hit Blocks": 0, "Local Read Blocks": 0, "Local Dirtied Blocks": 0, "Local Written Blocks": 0, "Temp Read Blocks": 12071, "Temp Written Blocks": 12125, "I/O Read Time": 267.378, "I/O Write Time": 0.0, "Plans": [{"Node Type": "Hash Join", "Parent Relationship": "Outer", "Parallel Aware": false, "Join Type": "Inner", "Startup Cost": 1.27, "Total Cost": 90612.86, "Plan Rows": 2880320, "Plan Width": 8, "Actual Startup Time": 0.995, "Actual Total Time": 1554.728, "Actual Rows": 2750370, "Actual Loops": 1, "Output": ["store_sales.ss_sold_date_sk", "store.s_floor_space"], "Inner Unique": true, "Hash Cond": "(store_sales.ss_store_sk = store.s_store_sk)", "Shared Hit Blocks": 1, "Shared Read Blocks": 51696, "Shared Dirtied Blocks": 0, "Shared Written Blocks": 0, "Local Hit Blocks": 0, "Local Read Blocks": 0, "Local Dirtied Blocks": 0, "Local Written Blocks": 0, "Temp Read Blocks": 0, "Temp Written Blocks": 0, "I/O Read Time": 267.378, "I/O Write Time": 0.0, "Plans": [{"Node Type": "Seq Scan", "Parent Relationship": "Outer", "Parallel Aware": false, "Relation Name": "store_sales", "Schema": "public", "Alias": "store_sales", "Startup Cost": 0.0, "Total Cost": 80499.2, "Plan Rows": 2880320, "Plan Width": 8, "Actual Startup Time": 0.458, "Actual Total Time": 566.15, "Actual Rows": 2880404, "Actual Loops": 1, "Output": ["store_sales.ss_sold_date_sk", "store_sales.ss_sold_time_sk", "store_sales.ss_item_sk", "store_sales.ss_customer_sk", "store_sales.ss_cdemo_sk", "store_sales.ss_hdemo_sk", "store_sales.ss_addr_sk", "store_sales.ss_store_sk", "store_sales.ss_promo_sk", "store_sales.ss_ticket_number", "store_sales.ss_quantity", "store_sales.ss_wholesale_cost", "store_sales.ss_list_price", "store_sales.ss_sales_price", "store_sales.ss_ext_discount_amt", "store_sales.ss_ext_sales_price", "store_sales.ss_ext_wholesale_cost", "store_sales.ss_ext_list_price", "store_sales.ss_ext_tax", "store_sales.ss_coupon_amt", "store_sales.ss_net_paid", "store_sales.ss_net_paid_inc_tax", "store_sales.ss_net_profit"], "Shared Hit Blocks": 0, "Shared Read Blocks": 51696, "Shared Dirtied Blocks": 0, "Shared Written Blocks": 0, "Local Hit Blocks": 0, "Local Read Blocks": 0, "Local Dirtied Blocks": 0, "Local Written Blocks": 0, "Temp Read Blocks": 0, "Temp Written Blocks": 0, "I/O Read Time": 267.378, "I/O Write Time": 0.0, "parent": "Hash Join"}, {"Node Type": "Hash", "Parent Relationship": "Inner", "Parallel Aware": false, "Startup Cost": 1.12, "Total Cost": 1.12, "Plan Rows": 12, "Plan Width": 8, "Actual Startup Time": 0.528, "Actual Total Time": 0.53, "Actual Rows": 12, "Actual Loops": 1, "Output": ["store.s_floor_space", "store.s_store_sk"], "Hash Buckets": 1024, "Original Hash Buckets": 1024, "Hash Batches": 1, "Original Hash Batches": 1, "Peak Memory Usage": 9, "Shared Hit Blocks": 1, "Shared Read Blocks": 0, "Shared Dirtied Blocks": 0, "Shared Written Blocks": 0, "Local Hit Blocks": 0, "Local Read Blocks": 0, "Local Dirtied Blocks": 0, "Local Written Blocks": 0, "Temp Read Blocks": 0, "Temp Written Blocks": 0, "I/O Read Time": 0.0, "I/O Write Time": 0.0, "Plans": [{"Node Type": "Seq Scan", "Parent Relationship": "Outer", "Parallel Aware": false, "Relation Name": "store", "Schema": "public", "Alias": "store", "Startup Cost": 0.0, "Total Cost": 1.12, "Plan Rows": 12, "Plan Width": 8, "Actual Startup Time": 0.005, "Actual Total Time": 0.008, "Actual Rows": 12, "Actual Loops": 1, "Output": ["store.s_floor_space", "store.s_store_sk"], "Shared Hit Blocks": 1, "Shared Read Blocks": 0, "Shared Dirtied Blocks": 0, "Shared Written Blocks": 0, "Local Hit Blocks": 0, "Local Read Blocks": 0, "Local Dirtied Blocks": 0, "Local Written Blocks": 0, "Temp Read Blocks": 0, "Temp Written Blocks": 0, "I/O Read Time": 0.0, "I/O Write Time": 0.0, "parent": "Hash"}], "parent": "Hash Join"}], "parent": "Sort"}], "parent": "None"}, "Planning": {"Shared Hit Blocks": 138, "Shared Read Blocks": 18, "Shared Dirtied Blocks": 0, "Shared Written Blocks": 0, "Local Hit Blocks": 0, "Local Read Blocks": 0, "Local Dirtied Blocks": 0, "Local Written Blocks": 0, "Temp Read Blocks": 0, "Temp Written Blocks": 0, "I/O Read Time": 5.909, "I/O Write Time": 0.0}, "Planning Time": 7.15, "Triggers": [], "Execution Time": 4296.897}, "config": {}}
{"query": "EXPLAIN (ANALYZE, COSTS, BUFFERS, VERBOSE, FORMAT JSON) select web_returns.wr_returned_date_sk, web_page.wp_image_count,  avg(web_page.wp_max_ad_count) from web_returns join web_page on web_page.wp_web_page_sk=web_returns.wr_web_page_sk where web_page.wp_access_date_sk > 2452622 group by web_returns.wr_returned_date_sk, web_page.wp_image_count;", "planinfo": {"Plan": {"Node Type": "Aggregate", "Strategy": "Hashed", "Partial Mode": "Simple", "Parallel Aware": false, "Startup Cost": 2365.25, "Total Cost": 2521.1, "Plan Rows": 12468, "Plan Width": 40, "Actual Startup Time": 50.032, "Actual Total Time": 55.521, "Actual Rows": 8039, "Actual Loops": 1, "Output": ["web_returns.wr_returned_date_sk", "web_page.wp_image_count", "avg(web_page.wp_max_ad_count)"], "Group Key": ["web_returns.wr_returned_date_sk", "web_page.wp_image_count"], "Planned Partitions": 0, "HashAgg Batches": 1, "Peak Memory Usage": 1937, "Disk Usage": 0, "Shared Hit Blocks": 2, "Shared Read Blocks": 1327, "Shared Dirtied Blocks": 0, "Shared Written Blocks": 0, "Local Hit Blocks": 0, "Local Read Blocks": 0, "Local Dirtied Blocks": 0, "Local Written Blocks": 0, "Temp Read Blocks": 0, "Temp Written Blocks": 0, "I/O Read Time": 17.31, "I/O Write Time": 0.0, "Plans": [{"Node Type": "Hash Join", "Parent Relationship": "Outer", "Parallel Aware": false, "Join Type": "Inner", "Startup Cost": 2.91, "Total Cost": 2248.64, "Plan Rows": 15549, "Plan Width": 12, "Actual Startup Time": 0.503, "Actual Total Time": 41.074, "Actual Rows": 14988, "Actual Loops": 1, "Output": ["web_returns.wr_returned_date_sk", "web_page.wp_image_count", "web_page.wp_max_ad_count"], "Inner Unique": true, "Hash Cond": "(web_returns.wr_web_page_sk = web_page.wp_web_page_sk)", "Shared Hit Blocks": 2, "Shared Read Blocks": 1327, "Shared Dirtied Blocks": 0, "Shared Written Blocks": 0, "Local Hit Blocks": 0, "Local Read Blocks": 0, "Local Dirtied Blocks": 0, "Local Written Blocks": 0, "Temp Read Blocks": 0, "Temp Written Blocks": 0, "I/O Read Time": 17.31, "I/O Write Time": 0.0, "Plans": [{"Node Type": "Seq Scan", "Parent Relationship": "Outer", "Parallel Aware": false, "Relation Name": "web_returns", "Schema": "public", "Alias": "web_returns", "Startup Cost": 0.0, "Total Cost": 2044.63, "Plan Rows": 71763, "Plan Width": 8, "Actual Startup Time": 0.459, "Actual Total Time": 24.503, "Actual Rows": 71763, "Actual Loops": 1, "Output": ["web_returns.wr_returned_date_sk", "web_returns.wr_returned_time_sk", "web_returns.wr_item_sk", "web_returns.wr_refunded_customer_sk", "web_returns.wr_refunded_cdemo_sk", "web_returns.wr_refunded_hdemo_sk", "web_returns.wr_refunded_addr_sk", "web_returns.wr_returning_customer_sk", "web_returns.wr_returning_cdemo_sk", "web_returns.wr_returning_hdemo_sk", "web_returns.wr_returning_addr_sk", "web_returns.wr_web_page_sk", "web_returns.wr_reason_sk", "web_returns.wr_order_number", "web_returns.wr_return_quantity", "web_returns.wr_return_amt", "web_returns.wr_return_tax", "web_returns.wr_return_amt_inc_tax", "web_returns.wr_fee", "web_returns.wr_return_ship_cost", "web_returns.wr_refunded_cash", "web_returns.wr_reversed_charge", "web_returns.wr_account_credit", "web_returns.wr_net_loss"], "Shared Hit Blocks": 0, "Shared Read Blocks": 1327, "Shared Dirtied Blocks": 0, "Shared Written Blocks": 0, "Local Hit Blocks": 0, "Local Read Blocks": 0, "Local Dirtied Blocks": 0, "Local Written Blocks": 0, "Temp Read Blocks": 0, "Temp Written Blocks": 0, "I/O Read Time": 17.31, "I/O Write Time": 0.0, "parent": "Hash Join"}, {"Node Type": "Hash", "Parent Relationship": "Inner", "Parallel Aware": false, "Startup Cost": 2.75, "Total Cost": 2.75, "Plan Rows": 13, "Plan Width": 12, "Actual Startup Time": 0.028, "Actual Total Time": 0.029, "Actual Rows": 13, "Actual Loops": 1, "Output": ["web_page.wp_image_count", "web_page.wp_max_ad_count", "web_page.wp_web_page_sk"], "Hash Buckets": 1024, "Original Hash Buckets": 1024, "Hash Batches": 1, "Original Hash Batches": 1, "Peak Memory Usage": 9, "Shared Hit Blocks": 2, "Shared Read Blocks": 0, "Shared Dirtied Blocks": 0, "Shared Written Blocks": 0, "Local Hit Blocks": 0, "Local Read Blocks": 0, "Local Dirtied Blocks": 0, "Local Written Blocks": 0, "Temp Read Blocks": 0, "Temp Written Blocks": 0, "I/O Read Time": 0.0, "I/O Write Time": 0.0, "Plans": [{"Node Type": "Seq Scan", "Parent Relationship": "Outer", "Parallel Aware": false, "Relation Name": "web_page", "Schema": "public", "Alias": "web_page", "Startup Cost": 0.0, "Total Cost": 2.75, "Plan Rows": 13, "Plan Width": 12, "Actual Startup Time": 0.009, "Actual Total Time": 0.02, "Actual Rows": 13, "Actual Loops": 1, "Output": ["web_page.wp_image_count", "web_page.wp_max_ad_count", "web_page.wp_web_page_sk"], "Filter": "(web_page.wp_access_date_sk > 2452622)", "Rows Removed by Filter": 47, "Shared Hit Blocks": 2, "Shared Read Blocks": 0, "Shared Dirtied Blocks": 0, "Shared Written Blocks": 0, "Local Hit Blocks": 0, "Local Read Blocks": 0, "Local Dirtied Blocks": 0, "Local Written Blocks": 0, "Temp Read Blocks": 0, "Temp Written Blocks": 0, "I/O Read Time": 0.0, "I/O Write Time": 0.0, "parent": "Hash"}], "parent": "Hash Join"}], "parent": "Aggregate"}], "parent": "None"}, "Planning": {"Shared Hit Blocks": 100, "Shared Read Blocks": 19, "Shared Dirtied Blocks": 0, "Shared Written Blocks": 0, "Local Hit Blocks": 0, "Local Read Blocks": 0, "Local Dirtied Blocks": 0, "Local Written Blocks": 0, "Temp Read Blocks": 0, "Temp Written Blocks": 0, "I/O Read Time": 7.427, "I/O Write Time": 0.0}, "Planning Time": 9.964, "Triggers": [], "Execution Time": 56.636}, "config": {}}
{"query": "EXPLAIN (ANALYZE, COSTS, BUFFERS, VERBOSE, FORMAT JSON) select web_returns.wr_reason_sk, customer_demographics.cd_purchase_estimate from web_returns join customer_demographics on customer_demographics.cd_demo_sk=web_returns.wr_refunded_cdemo_sk where web_returns.wr_web_page_sk <= 12;", "planinfo": {"Plan": {"Node Type": "Hash Join", "Parallel Aware": false, "Join Type": "Inner", "Startup Cost": 2395.67, "Total Cost": 50765.9, "Plan Rows": 13731, "Plan Width": 8, "Actual Startup Time": 47.954, "Actual Total Time": 746.471, "Actual Rows": 13326, "Actual Loops": 1, "Output": ["web_returns.wr_reason_sk", "customer_demographics.cd_purchase_estimate"], "Inner Unique": false, "Hash Cond": "(customer_demographics.cd_demo_sk = web_returns.wr_refunded_cdemo_sk)", "Shared Hit Blocks": 3, "Shared Read Blocks": 23155, "Shared Dirtied Blocks": 0, "Shared Written Blocks": 0, "Local Hit Blocks": 0, "Local Read Blocks": 0, "Local Dirtied Blocks": 0, "Local Written Blocks": 0, "Temp Read Blocks": 0, "Temp Written Blocks": 0, "I/O Read Time": 255.582, "I/O Write Time": 0.0, "Plans": [{"Node Type": "Seq Scan", "Parent Relationship": "Outer", "Parallel Aware": false, "Relation Name": "customer_demographics", "Schema": "public", "Alias": "customer_demographics", "Startup Cost": 0.0, "Total Cost": 41036.0, "Plan Rows": 1920800, "Plan Width": 8, "Actual Startup Time": 0.459, "Actual Total Time": 395.287, "Actual Rows": 1920800, "Actual Loops": 1, "Output": ["customer_demographics.cd_demo_sk", "customer_demographics.cd_gender", "customer_demographics.cd_marital_status", "customer_demographics.cd_education_status", "customer_demographics.cd_purchase_estimate", "customer_demographics.cd_credit_rating", "customer_demographics.cd_dep_count", "customer_demographics.cd_dep_employed_count", "customer_demographics.cd_dep_college_count"], "Shared Hit Blocks": 0, "Shared Read Blocks": 21828, "Shared Dirtied Blocks": 0, "Shared Written Blocks": 0, "Local Hit Blocks": 0, "Local Read Blocks": 0, "Local Dirtied Blocks": 0, "Local Written Blocks": 0, "Temp Read Blocks": 0, "Temp Written Blocks": 0, "I/O Read Time": 226.157, "I/O Write Time": 0.0, "parent": "Hash Join"}, {"Node Type": "Hash", "Parent Relationship": "Inner", "Parallel Aware": false, "Startup Cost": 2224.04, "Total Cost": 2224.04, "Plan Rows": 13731, "Plan Width": 8, "Actual Startup Time": 47.379, "Actual Total Time": 47.38, "Actual Rows": 13326, "Actual Loops": 1, "Output": ["web_returns.wr_reason_sk", "web_returns.wr_refunded_cdemo_sk"], "Hash Buckets": 16384, "Original Hash Buckets": 16384, "Hash Batches": 1, "Original Hash Batches": 1, "Peak Memory Usage": 648, "Shared Hit Blocks": 0, "Shared Read Blocks": 1327, "Shared Dirtied Blocks": 0, "Shared Written Blocks": 0, "Local Hit Blocks": 0, "Local Read Blocks": 0, "Local Dirtied Blocks": 0, "Local Written Blocks": 0, "Temp Read Blocks": 0, "Temp Written Blocks": 0, "I/O Read Time": 29.425, "I/O Write Time": 0.0, "Plans": [{"Node Type": "Seq Scan", "Parent Relationship": "Outer", "Parallel Aware": false, "Relation Name": "web_returns", "Schema": "public", "Alias": "web_returns", "Startup Cost": 0.0, "Total Cost": 2224.04, "Plan Rows": 13731, "Plan Width": 8, "Actual Startup Time": 0.455, "Actual Total Time": 43.455, "Actual Rows": 13671, "Actual Loops": 1, "Output": ["web_returns.wr_reason_sk", "web_returns.wr_refunded_cdemo_sk"], "Filter": "(web_returns.wr_web_page_sk <= 12)", "Rows Removed by Filter": 58092, "Shared Hit Blocks": 0, "Shared Read Blocks": 1327, "Shared Dirtied Blocks": 0, "Shared Written Blocks": 0, "Local Hit Blocks": 0, "Local Read Blocks": 0, "Local Dirtied Blocks": 0, "Local Written Blocks": 0, "Temp Read Blocks": 0, "Temp Written Blocks": 0, "I/O Read Time": 29.425, "I/O Write Time": 0.0, "parent": "Hash"}], "parent": "Hash Join"}], "parent": "None"}, "Planning": {"Shared Hit Blocks": 91, "Shared Read Blocks": 18, "Shared Dirtied Blocks": 0, "Shared Written Blocks": 0, "Local Hit Blocks": 0, "Local Read Blocks": 0, "Local Dirtied Blocks": 0, "Local Written Blocks": 0, "Temp Read Blocks": 0, "Temp Written Blocks": 0, "I/O Read Time": 7.563, "I/O Write Time": 0.0}, "Planning Time": 8.648, "Triggers": [], "Execution Time": 747.623}, "config": {}}
{"query": "EXPLAIN (ANALYZE, COSTS, BUFFERS, VERBOSE, FORMAT JSON) select ship_mode.sm_ship_mode_sk, web_sales.ws_web_site_sk from ship_mode join web_sales on web_sales.ws_ship_mode_sk=ship_mode.sm_ship_mode_sk where ship_mode.sm_ship_mode_sk <= 15 and web_sales.ws_ship_addr_sk >= 21358 order by ship_mode.sm_ship_mode_sk DESC, web_sales.ws_web_site_sk ASC;", "planinfo": {"Plan": {"Node Type": "Sort", "Parallel Aware": false, "Startup Cost": 61606.5, "Total Cost": 62381.84, "Plan Rows": 310136, "Plan Width": 8, "Actual Startup Time": 675.548, "Actual Total Time": 729.765, "Actual Rows": 309919, "Actual Loops": 1, "Output": ["ship_mode.sm_ship_mode_sk", "web_sales.ws_web_site_sk"], "Sort Key": ["ship_mode.sm_ship_mode_sk DESC", "web_sales.ws_web_site_sk"], "Sort Method": "external merge", "Sort Space Used": 5496, "Sort Space Type": "Disk", "Shared Hit Blocks": 4, "Shared Read Blocks": 18767, "Shared Dirtied Blocks": 0, "Shared Written Blocks": 0, "Local Hit Blocks": 0, "Local Read Blocks": 0, "Local Dirtied Blocks": 0, "Local Written Blocks": 0, "Temp Read Blocks": 687, "Temp Written Blocks": 693, "I/O Read Time": 231.802, "I/O Write Time": 0.0, "Plans": [{"Node Type": "Hash Join", "Parent Relationship": "Outer", "Parallel Aware": false, "Join Type": "Inner", "Startup Cost": 1.44, "Total Cost": 29076.15, "Plan Rows": 310136, "Plan Width": 8, "Actual Startup Time": 1.08, "Actual Total Time": 496.972, "Actual Rows": 309919, "Actual Loops": 1, "Output": ["ship_mode.sm_ship_mode_sk", "web_sales.ws_web_site_sk"], "Inner Unique": true, "Hash Cond": "(web_sales.ws_ship_mode_sk = ship_mode.sm_ship_mode_sk)", "Shared Hit Blocks": 1, "Shared Read Blocks": 18767, "Shared Dirtied Blocks": 0, "Shared Written Blocks": 0, "Local Hit Blocks": 0, "Local Read Blocks": 0, "Local Dirtied Blocks": 0, "Local Written Blocks": 0, "Temp Read Blocks": 0, "Temp Written Blocks": 0, "I/O Read Time": 231.802, "I/O Write Time": 0.0, "Plans": [{"Node Type": "Seq Scan", "Parent Relationship": "Outer", "Parallel Aware": false, "Relation Name": "web_sales", "Schema": "public", "Alias": "web_sales", "Startup Cost": 0.0, "Total Cost": 27759.3, "Plan Rows": 413514, "Plan Width": 8, "Actual Startup Time": 0.532, "Actual Total Time": 375.937, "Actual Rows": 413161, "Actual Loops": 1, "Output": ["web_sales.ws_sold_date_sk", "web_sales.ws_sold_time_sk", "web_sales.ws_ship_date_sk", "web_sales.ws_item_sk", "web_sales.ws_bill_customer_sk", "web_sales.ws_bill_cdemo_sk", "web_sales.ws_bill_hdemo_sk", "web_sales.ws_bill_addr_sk", "web_sales.ws_ship_customer_sk", "web_sales.ws_ship_cdemo_sk", "web_sales.ws_ship_hdemo_sk", "web_sales.ws_ship_addr_sk", "web_sales.ws_web_page_sk", "web_sales.ws_web_site_sk", "web_sales.ws_ship_mode_sk", "web_sales.ws_warehouse_sk", "web_sales.ws_promo_sk", "web_sales.ws_order_number", "web_sales.ws_quantity", "web_sales.ws_wholesale_cost", "web_sales.ws_list_price", "web_sales.ws_sales_price", "web_sales.ws_ext_discount_amt", "web_sales.ws_ext_sales_price", "web_sales.ws_ext_wholesale_cost", "web_sales.ws_ext_list_price", "web_sales.ws_ext_tax", "web_sales.ws_coupon_amt", "web_sales.ws_ext_ship_cost", "web_sales.ws_net_paid", "web_sales.ws_net_paid_inc_tax", "web_sales.ws_net_paid_inc_ship", "web_sales.ws_net_paid_inc_ship_tax", "web_sales.ws_net_profit"], "Filter": "(web_sales.ws_ship_addr_sk >= 21358)", "Rows Removed by Filter": 306223, "Shared Hit Blocks": 0, "Shared Read Blocks": 18767, "Shared Dirtied Blocks": 0, "Shared Written Blocks": 0, "Local Hit Blocks": 0, "Local Read Blocks": 0, "Local Dirtied Blocks": 0, "Local Written Blocks": 0, "Temp Read Blocks": 0, "Temp Written Blocks": 0, "I/O Read Time": 231.802, "I/O Write Time": 0.0, "parent": "Hash Join"}, {"Node Type": "Hash", "Parent Relationship": "Inner", "Parallel Aware": false, "Startup Cost": 1.25, "Total Cost": 1.25, "Plan Rows": 15, "Plan Width": 4, "Actual Startup Time": 0.537, "Actual Total Time": 0.539, "Actual Rows": 15, "Actual Loops": 1, "Output": ["ship_mode.sm_ship_mode_sk"], "Hash Buckets": 1024, "Original Hash Buckets": 1024, "Hash Batches": 1, "Original Hash Batches": 1, "Peak Memory Usage": 9, "Shared Hit Blocks": 1, "Shared Read Blocks": 0, "Shared Dirtied Blocks": 0, "Shared Written Blocks": 0, "Local Hit Blocks": 0, "Local Read Blocks": 0, "Local Dirtied Blocks": 0, "Local Written Blocks": 0, "Temp Read Blocks": 0, "Temp Written Blocks": 0, "I/O Read Time": 0.0, "I/O Write Time": 0.0, "Plans": [{"Node Type": "Seq Scan", "Parent Relationship": "Outer", "Parallel Aware": false, "Relation Name": "ship_mode", "Schema": "public", "Alias": "ship_mode", "Startup Cost": 0.0, "Total Cost": 1.25, "Plan Rows": 15, "Plan Width": 4, "Actual Startup Time": 0.004, "Actual Total Time": 0.008, "Actual Rows": 15, "Actual Loops": 1, "Output": ["ship_mode.sm_ship_mode_sk"], "Filter": "(ship_mode.sm_ship_mode_sk <= 15)", "Rows Removed by Filter": 5, "Shared Hit Blocks": 1, "Shared Read Blocks": 0, "Shared Dirtied Blocks": 0, "Shared Written Blocks": 0, "Local Hit Blocks": 0, "Local Read Blocks": 0, "Local Dirtied Blocks": 0, "Local Written Blocks": 0, "Temp Read Blocks": 0, "Temp Written Blocks": 0, "I/O Read Time": 0.0, "I/O Write Time": 0.0, "parent": "Hash"}], "parent": "Hash Join"}], "parent": "Sort"}], "parent": "None"}, "Planning": {"Shared Hit Blocks": 100, "Shared Read Blocks": 14, "Shared Dirtied Blocks": 0, "Shared Written Blocks": 0, "Local Hit Blocks": 0, "Local Read Blocks": 0, "Local Dirtied Blocks": 0, "Local Written Blocks": 0, "Temp Read Blocks": 0, "Temp Written Blocks": 0, "I/O Read Time": 5.474, "I/O Write Time": 0.0}, "Planning Time": 8.207, "Triggers": [], "Execution Time": 746.272}, "config": {}}
{"query": "EXPLAIN (ANALYZE, COSTS, BUFFERS, VERBOSE, FORMAT JSON) select inventory.inv_warehouse_sk, date_dim.d_qoy from inventory join date_dim on date_dim.d_date_sk=inventory.inv_date_sk where date_dim.d_qoy != 4 order by date_dim.d_qoy ASC, inventory.inv_warehouse_sk DESC;", "planinfo": {"Plan": {"Node Type": "Sort", "Parallel Aware": false, "Startup Cost": 1470564.56, "Total Cost": 1492566.64, "Plan Rows": 8800832, "Plan Width": 8, "Actual Startup Time": 9597.414, "Actual Total Time": 11001.08, "Actual Rows": 8820000, "Actual Loops": 1, "Output": ["inventory.inv_warehouse_sk", "date_dim.d_qoy"], "Sort Key": ["date_dim.d_qoy", "inventory.inv_warehouse_sk DESC"], "Sort Method": "external merge", "Sort Space Used": 155400, "Sort Space Type": "Disk", "Shared Hit Blocks": 3, "Shared Read Blocks": 64892, "Shared Dirtied Blocks": 0, "Shared Written Blocks": 0, "Local Hit Blocks": 0, "Local Read Blocks": 0, "Local Dirtied Blocks": 0, "Local Written Blocks": 0, "Temp Read Blocks": 53185, "Temp Written Blocks": 53361, "I/O Read Time": 290.113, "I/O Write Time": 0.0, "Plans": [{"Node Type": "Hash Join", "Parent Relationship": "Outer", "Parallel Aware": false, "Join Type": "Inner", "Startup Cost": 3002.34, "Total Cost": 214770.42, "Plan Rows": 8800832, "Plan Width": 8, "Actual Startup Time": 51.692, "Actual Total Time": 4704.534, "Actual Rows": 8820000, "Actual Loops": 1, "Output": ["inventory.inv_warehouse_sk", "date_dim.d_qoy"], "Inner Unique": true, "Hash Cond": "(inventory.inv_date_sk = date_dim.d_date_sk)", "Shared Hit Blocks": 0, "Shared Read Blocks": 64892, "Shared Dirtied Blocks": 0, "Shared Written Blocks": 0, "Local Hit Blocks": 0, "Local Read Blocks": 0, "Local Dirtied Blocks": 0, "Local Written Blocks": 0, "Temp Read Blocks": 0, "Temp Written Blocks": 0, "I/O Read Time": 290.113, "I/O Write Time": 0.0, "Plans": [{"Node Type": "Seq Scan", "Parent Relationship": "Outer", "Parallel Aware": false, "Relation Name": "inventory", "Schema": "public", "Alias": "inventory", "Startup Cost": 0.0, "Total Cost": 180935.94, "Plan Rows": 11744894, "Plan Width": 8, "Actual Startup Time": 0.906, "Actual Total Time": 1287.991, "Actual Rows": 11745000, "Actual Loops": 1, "Output": ["inventory.inv_date_sk", "inventory.inv_item_sk", "inventory.inv_warehouse_sk", "inventory.inv_quantity_on_hand"], "Shared Hit Blocks": 0, "Shared Read Blocks": 63487, "Shared Dirtied Blocks": 0, "Shared Written Blocks": 0, "Local Hit Blocks": 0, "Local Read Blocks": 0, "Local Dirtied Blocks": 0, "Local Written Blocks": 0, "Temp Read Blocks": 0, "Temp Written Blocks": 0, "I/O Read Time": 271.902, "I/O Write Time": 0.0, "parent": "Hash Join"}, {"Node Type": "Hash", "Parent Relationship": "Inner", "Parallel Aware": false, "Startup Cost": 2318.11, "Total Cost": 2318.11, "Plan Rows": 54738, "Plan Width": 8, "Actual Startup Time": 50.539, "Actual Total Time": 50.541, "Actual Rows": 54799, "Actual Loops": 1, "Output": ["date_dim.d_qoy", "date_dim.d_date_sk"], "Hash Buckets": 65536, "Original Hash Buckets": 65536, "Hash Batches": 1, "Original Hash Batches": 1, "Peak Memory Usage": 2653, "Shared Hit Blocks": 0, "Shared Read Blocks": 1405, "Shared Dirtied Blocks": 0, "Shared Written Blocks": 0, "Local Hit Blocks": 0, "Local Read Blocks": 0, "Local Dirtied Blocks": 0, "Local Written Blocks": 0, "Temp Read Blocks": 0, "Temp Written Blocks": 0, "I/O Read Time": 18.211, "I/O Write Time": 0.0, "Plans": [{"Node Type": "Seq Scan", "Parent Relationship": "Outer", "Parallel Aware": false, "Relation Name": "date_dim", "Schema": "public", "Alias": "date_dim", "Startup Cost": 0.0, "Total Cost": 2318.11, "Plan Rows": 54738, "Plan Width": 8, "Actual Startup Time": 0.455, "Actual Total Time": 35.789, "Actual Rows": 54799, "Actual Loops": 1, "Output": ["date_dim.d_qoy", "date_dim.d_date_sk"], "Filter": "(date_dim.d_qoy <> 4)", "Rows Removed by Filter": 18250, "Shared Hit Blocks": 0, "Shared Read Blocks": 1405, "Shared Dirtied Blocks": 0, "Shared Written Blocks": 0, "Local Hit Blocks": 0, "Local Read Blocks": 0, "Local Dirtied Blocks": 0, "Local Written Blocks": 0, "Temp Read Blocks": 0, "Temp Written Blocks": 0, "I/O Read Time": 18.211, "I/O Write Time": 0.0, "parent": "Hash"}], "parent": "Hash Join"}], "parent": "Sort"}], "parent": "None"}, "Planning": {"Shared Hit Blocks": 147, "Shared Read Blocks": 25, "Shared Dirtied Blocks": 0, "Shared Written Blocks": 0, "Local Hit Blocks": 0, "Local Read Blocks": 0, "Local Dirtied Blocks": 0, "Local Written Blocks": 0, "Temp Read Blocks": 0, "Temp Written Blocks": 0, "I/O Read Time": 10.47, "I/O Write Time": 0.0}, "Planning Time": 12.103, "Triggers": [], "Execution Time": 11428.766}, "config": {}}
{"query": "EXPLAIN (ANALYZE, COSTS, BUFFERS, VERBOSE, FORMAT JSON) select income_band.ib_income_band_sk, household_demographics.hd_vehicle_count from income_band join household_demographics on household_demographics.hd_income_band_sk=income_band.ib_income_band_sk where income_band.ib_lower_bound > 20001;", "planinfo": {"Plan": {"Node Type": "Hash Join", "Parallel Aware": false, "Join Type": "Inner", "Startup Cost": 1.48, "Total Cost": 149.38, "Plan Rows": 6480, "Plan Width": 8, "Actual Startup Time": 1.03, "Actual Total Time": 4.87, "Actual Rows": 6120, "Actual Loops": 1, "Output": ["income_band.ib_income_band_sk", "household_demographics.hd_vehicle_count"], "Inner Unique": true, "Hash Cond": "(household_demographics.hd_income_band_sk = income_band.ib_income_band_sk)", "Shared Hit Blocks": 4, "Shared Read Blocks": 53, "Shared Dirtied Blocks": 0, "Shared Written Blocks": 0, "Local Hit Blocks": 0, "Local Read Blocks": 0, "Local Dirtied Blocks": 0, "Local Written Blocks": 0, "Temp Read Blocks": 0, "Temp Written Blocks": 0, "I/O Read Time": 1.312, "I/O Write Time": 0.0, "Plans": [{"Node Type": "Seq Scan", "Parent Relationship": "Outer", "Parallel Aware": false, "Relation Name": "household_demographics", "Schema": "public", "Alias": "household_demographics", "Startup Cost": 0.0, "Total Cost": 125.0, "Plan Rows": 7200, "Plan Width": 8, "Actual Startup Time": 0.464, "Actual Total Time": 1.958, "Actual Rows": 7200, "Actual Loops": 1, "Output": ["household_demographics.hd_demo_sk", "household_demographics.hd_income_band_sk", "household_demographics.hd_buy_potential", "household_demographics.hd_dep_count", "household_demographics.hd_vehicle_count"], "Shared Hit Blocks": 0, "Shared Read Blocks": 53, "Shared Dirtied Blocks": 0, "Shared Written Blocks": 0, "Local Hit Blocks": 0, "Local Read Blocks": 0, "Local Dirtied Blocks": 0, "Local Written Blocks": 0, "Temp Read Blocks": 0, "Temp Written Blocks": 0, "I/O Read Time": 1.312, "I/O Write Time": 0.0, "parent": "Hash Join"}, {"Node Type": "Hash", "Parent Relationship": "Inner", "Parallel Aware": false, "Startup Cost": 1.25, "Total Cost": 1.25, "Plan Rows": 18, "Plan Width": 4, "Actual Startup Time": 0.529, "Actual Total Time": 0.53, "Actual Rows": 17, "Actual Loops": 1, "Output": ["income_band.ib_income_band_sk"], "Hash Buckets": 1024, "Original Hash Buckets": 1024, "Hash Batches": 1, "Original Hash Batches": 1, "Peak Memory Usage": 9, "Shared Hit Blocks": 1, "Shared Read Blocks": 0, "Shared Dirtied Blocks": 0, "Shared Written Blocks": 0, "Local Hit Blocks": 0, "Local Read Blocks": 0, "Local Dirtied Blocks": 0, "Local Written Blocks": 0, "Temp Read Blocks": 0, "Temp Written Blocks": 0, "I/O Read Time": 0.0, "I/O Write Time": 0.0, "Plans": [{"Node Type": "Seq Scan", "Parent Relationship": "Outer", "Parallel Aware": false, "Relation Name": "income_band", "Schema": "public", "Alias": "income_band", "Startup Cost": 0.0, "Total Cost": 1.25, "Plan Rows": 18, "Plan Width": 4, "Actual Startup Time": 0.005, "Actual Total Time": 0.011, "Actual Rows": 17, "Actual Loops": 1, "Output": ["income_band.ib_income_band_sk"], "Filter": "(income_band.ib_lower_bound > 20001)", "Rows Removed by Filter": 3, "Shared Hit Blocks": 1, "Shared Read Blocks": 0, "Shared Dirtied Blocks": 0, "Shared Written Blocks": 0, "Local Hit Blocks": 0, "Local Read Blocks": 0, "Local Dirtied Blocks": 0, "Local Written Blocks": 0, "Temp Read Blocks": 0, "Temp Written Blocks": 0, "I/O Read Time": 0.0, "I/O Write Time": 0.0, "parent": "Hash"}], "parent": "Hash Join"}], "parent": "None"}, "Planning": {"Shared Hit Blocks": 93, "Shared Read Blocks": 12, "Shared Dirtied Blocks": 0, "Shared Written Blocks": 0, "Local Hit Blocks": 0, "Local Read Blocks": 0, "Local Dirtied Blocks": 0, "Local Written Blocks": 0, "Temp Read Blocks": 0, "Temp Written Blocks": 0, "I/O Read Time": 4.134, "I/O Write Time": 0.0}, "Planning Time": 5.334, "Triggers": [], "Execution Time": 5.683}, "config": {}}
{"query": "EXPLAIN (ANALYZE, COSTS, BUFFERS, VERBOSE, FORMAT JSON) select household_demographics.hd_dep_count, income_band.ib_upper_bound,  max(income_band.ib_upper_bound) from income_band join household_demographics on household_demographics.hd_income_band_sk=income_band.ib_income_band_sk where household_demographics.hd_vehicle_count != 2 and income_band.ib_income_band_sk >= 7 group by household_demographics.hd_dep_count, income_band.ib_upper_bound order by household_demographics.hd_dep_count DESC;", "planinfo": {"Plan": {"Node Type": "Sort", "Parallel Aware": false, "Startup Cost": 204.2, "Total Cost": 204.57, "Plan Rows": 150, "Plan Width": 12, "Actual Startup Time": 5.653, "Actual Total Time": 5.662, "Actual Rows": 140, "Actual Loops": 1, "Output": ["household_demographics.hd_dep_count", "income_band.ib_upper_bound", "(max(income_band.ib_upper_bound))"], "Sort Key": ["household_demographics.hd_dep_count DESC"], "Sort Method": "quicksort", "Sort Space Used": 32, "Sort Space Type": "Memory", "Shared Hit Blocks": 4, "Shared Read Blocks": 53, "Shared Dirtied Blocks": 0, "Shared Written Blocks": 0, "Local Hit Blocks": 0, "Local Read Blocks": 0, "Local Dirtied Blocks": 0, "Local Written Blocks": 0, "Temp Read Blocks": 0, "Temp Written Blocks": 0, "I/O Read Time": 1.286, "I/O Write Time": 0.0, "Plans": [{"Node Type": "Aggregate", "Strategy": "Hashed", "Partial Mode": "Simple", "Parent Relationship": "Outer", "Parallel Aware": false, "Startup Cost": 197.28, "Total Cost": 198.78, "Plan Rows": 150, "Plan Width": 12, "Actual Startup Time": 5.531, "Actual Total Time": 5.562, "Actual Rows": 140, "Actual Loops": 1, "Output": ["household_demographics.hd_dep_count", "income_band.ib_upper_bound", "max(income_band.ib_upper_bound)"], "Group Key": ["household_demographics.hd_dep_count", "income_band.ib_upper_bound"], "Planned Partitions": 0, "HashAgg Batches": 1, "Peak Memory Usage": 48, "Disk Usage": 0, "Shared Hit Blocks": 1, "Shared Read Blocks": 53, "Shared Dirtied Blocks": 0, "Shared Written Blocks": 0, "Local Hit Blocks": 0, "Local Read Blocks": 0, "Local Dirtied Blocks": 0, "Local Written Blocks": 0, "Temp Read Blocks": 0, "Temp Written Blocks": 0, "I/O Read Time": 1.286, "I/O Write Time": 0.0, "Plans": [{"Node Type": "Hash Join", "Parent Relationship": "Outer", "Parallel Aware": false, "Join Type": "Inner", "Startup Cost": 1.44, "Total Cost": 163.53, "Plan Rows": 4500, "Plan Width": 8, "Actual Startup Time": 0.486, "Actual Total Time": 3.995, "Actual Rows": 4200, "Actual Loops": 1, "Output": ["household_demographics.hd_dep_count", "income_band.ib_upper_bound"], "Inner Unique": true, "Hash Cond": "(household_demographics.hd_income_band_sk = income_band.ib_income_band_sk)", "Shared Hit Blocks": 1, "Shared Read Blocks": 53, "Shared Dirtied Blocks": 0, "Shared Written Blocks": 0, "Local Hit Blocks": 0, "Local Read Blocks": 0, "Local Dirtied Blocks": 0, "Local Written Blocks": 0, "Temp Read Blocks": 0, "Temp Written Blocks": 0, "I/O Read Time": 1.286, "I/O Write Time": 0.0, "Plans": [{"Node Type": "Seq Scan", "Parent Relationship": "Outer", "Parallel Aware": false, "Relation Name": "household_demographics", "Schema": "public", "Alias": "household_demographics", "Startup Cost": 0.0, "Total Cost": 143.0, "Plan Rows": 6000, "Plan Width": 8, "Actual Startup Time": 0.459, "Actual Total Time": 2.449, "Actual Rows": 6000, "Actual Loops": 1, "Output": ["household_demographics.hd_demo_sk", "household_demographics.hd_income_band_sk", "household_demographics.hd_buy_potential", "household_demographics.hd_dep_count", "household_demographics.hd_vehicle_count"], "Filter": "(household_demographics.hd_vehicle_count <> 2)", "Rows Removed by Filter": 1200, "Shared Hit Blocks": 0, "Shared Read Blocks": 53, "Shared Dirtied Blocks": 0, "Shared Written Blocks": 0, "Local Hit Blocks": 0, "Local Read Blocks": 0, "Local Dirtied Blocks": 0, "Local Written Blocks": 0, "Temp Read Blocks": 0, "Temp Written Blocks": 0, "I/O Read Time": 1.286, "I/O Write Time": 0.0, "parent": "Hash Join"}, {"Node Type": "Hash", "Parent Relationship": "Inner", "Parallel Aware": false, "Startup Cost": 1.25, "Total Cost": 1.25, "Plan Rows": 15, "Plan Width": 8, "Actual Startup Time": 0.017, "Actual Total Time": 0.018, "Actual Rows": 14, "Actual Loops": 1, "Output": ["income_band.ib_upper_bound", "income_band.ib_income_band_sk"], "Hash Buckets": 1024, "Original Hash Buckets": 1024, "Hash Batches": 1, "Original Hash Batches": 1, "Peak Memory Usage": 9, "Shared Hit Blocks": 1, "Shared Read Blocks": 0, "Shared Dirtied Blocks": 0, "Shared Written Blocks": 0, "Local Hit Blocks": 0, "Local Read Blocks": 0, "Local Dirtied Blocks": 0, "Local Written Blocks": 0, "Temp Read Blocks": 0, "Temp Written Blocks": 0, "I/O Read Time": 0.0, "I/O Write Time": 0.0, "Plans": [{"Node Type": "Seq Scan", "Parent Relationship": "Outer", "Parallel Aware": false, "Relation Name": "income_band", "Schema": "public", "Alias": "income_band", "Startup Cost": 0.0, "Total Cost": 1.25, "Plan Rows": 15, "Plan Width": 8, "Actual Startup Time": 0.004, "Actual Total Time": 0.008, "Actual Rows": 14, "Actual Loops": 1, "Output": ["income_band.ib_upper_bound", "income_band.ib_income_band_sk"], "Filter": "(income_band.ib_income_band_sk >= 7)", "Rows Removed by Filter": 6, "Shared Hit Blocks": 1, "Shared Read Blocks": 0, "Shared Dirtied Blocks": 0, "Shared Written Blocks": 0, "Local Hit Blocks": 0, "Local Read Blocks": 0, "Local Dirtied Blocks": 0, "Local Written Blocks": 0, "Temp Read Blocks": 0, "Temp Written Blocks": 0, "I/O Read Time": 0.0, "I/O Write Time": 0.0, "parent": "Hash"}], "parent": "Hash Join"}], "parent": "Aggregate"}], "parent": "Sort"}], "parent": "None"}, "Planning": {"Shared Hit Blocks": 95, "Shared Read Blocks": 14, "Shared Dirtied Blocks": 0, "Shared Written Blocks": 0, "Local Hit Blocks": 0, "Local Read Blocks": 0, "Local Dirtied Blocks": 0, "Local Written Blocks": 0, "Temp Read Blocks": 0, "Temp Written Blocks": 0, "I/O Read Time": 4.879, "I/O Write Time": 0.0}, "Planning Time": 7.054, "Triggers": [], "Execution Time": 5.78}, "config": {}}
{"query": "EXPLAIN (ANALYZE, COSTS, BUFFERS, VERBOSE, FORMAT JSON) select income_band.ib_lower_bound, household_demographics.hd_dep_count from income_band join household_demographics on household_demographics.hd_income_band_sk=income_band.ib_income_band_sk where income_band.ib_lower_bound != 80001;", "planinfo": {"Plan": {"Node Type": "Hash Join", "Parallel Aware": false, "Join Type": "Inner", "Startup Cost": 1.49, "Total Cost": 149.39, "Plan Rows": 6840, "Plan Width": 8, "Actual Startup Time": 1.038, "Actual Total Time": 4.884, "Actual Rows": 6840, "Actual Loops": 1, "Output": ["income_band.ib_lower_bound", "household_demographics.hd_dep_count"], "Inner Unique": true, "Hash Cond": "(household_demographics.hd_income_band_sk = income_band.ib_income_band_sk)", "Shared Hit Blocks": 4, "Shared Read Blocks": 53, "Shared Dirtied Blocks": 0, "Shared Written Blocks": 0, "Local Hit Blocks": 0, "Local Read Blocks": 0, "Local Dirtied Blocks": 0, "Local Written Blocks": 0, "Temp Read Blocks": 0, "Temp Written Blocks": 0, "I/O Read Time": 1.324, "I/O Write Time": 0.0, "Plans": [{"Node Type": "Seq Scan", "Parent Relationship": "Outer", "Parallel Aware": false, "Relation Name": "household_demographics", "Schema": "public", "Alias": "household_demographics", "Startup Cost": 0.0, "Total Cost": 125.0, "Plan Rows": 7200, "Plan Width": 8, "Actual Startup Time": 0.457, "Actual Total Time": 1.983, "Actual Rows": 7200, "Actual Loops": 1, "Output": ["household_demographics.hd_demo_sk", "household_demographics.hd_income_band_sk", "household_demographics.hd_buy_potential", "household_demographics.hd_dep_count", "household_demographics.hd_vehicle_count"], "Shared Hit Blocks": 0, "Shared Read Blocks": 53, "Shared Dirtied Blocks": 0, "Shared Written Blocks": 0, "Local Hit Blocks": 0, "Local Read Blocks": 0, "Local Dirtied Blocks": 0, "Local Written Blocks": 0, "Temp Read Blocks": 0, "Temp Written Blocks": 0, "I/O Read Time": 1.324, "I/O Write Time": 0.0, "parent": "Hash Join"}, {"Node Type": "Hash", "Parent Relationship": "Inner", "Parallel Aware": false, "Startup Cost": 1.25, "Total Cost": 1.25, "Plan Rows": 19, "Plan Width": 8, "Actual Startup Time": 0.543, "Actual Total Time": 0.544, "Actual Rows": 19, "Actual Loops": 1, "Output": ["income_band.ib_lower_bound", "income_band.ib_income_band_sk"], "Hash Buckets": 1024, "Original Hash Buckets": 1024, "Hash Batches": 1, "Original Hash Batches": 1, "Peak Memory Usage": 9, "Shared Hit Blocks": 1, "Shared Read Blocks": 0, "Shared Dirtied Blocks": 0, "Shared Written Blocks": 0, "Local Hit Blocks": 0, "Local Read Blocks": 0, "Local Dirtied Blocks": 0, "Local Written Blocks": 0, "Temp Read Blocks": 0, "Temp Written Blocks": 0, "I/O Read Time": 0.0, "I/O Write Time": 0.0, "Plans": [{"Node Type": "Seq Scan", "Parent Relationship": "Outer", "Parallel Aware": false, "Relation Name": "income_band", "Schema": "public", "Alias": "income_band", "Startup Cost": 0.0, "Total Cost": 1.25, "Plan Rows": 19, "Plan Width": 8, "Actual Startup Time": 0.005, "Actual Total Time": 0.011, "Actual Rows": 19, "Actual Loops": 1, "Output": ["income_band.ib_lower_bound", "income_band.ib_income_band_sk"], "Filter": "(income_band.ib_lower_bound <> 80001)", "Rows Removed by Filter": 1, "Shared Hit Blocks": 1, "Shared Read Blocks": 0, "Shared Dirtied Blocks": 0, "Shared Written Blocks": 0, "Local Hit Blocks": 0, "Local Read Blocks": 0, "Local Dirtied Blocks": 0, "Local Written Blocks": 0, "Temp Read Blocks": 0, "Temp Written Blocks": 0, "I/O Read Time": 0.0, "I/O Write Time": 0.0, "parent": "Hash"}], "parent": "Hash Join"}], "parent": "None"}, "Planning": {"Shared Hit Blocks": 90, "Shared Read Blocks": 12, "Shared Dirtied Blocks": 0, "Shared Written Blocks": 0, "Local Hit Blocks": 0, "Local Read Blocks": 0, "Local Dirtied Blocks": 0, "Local Written Blocks": 0, "Temp Read Blocks": 0, "Temp Written Blocks": 0, "I/O Read Time": 4.304, "I/O Write Time": 0.0}, "Planning Time": 5.394, "Triggers": [], "Execution Time": 5.278}, "config": {}}
{"query": "EXPLAIN (ANALYZE, COSTS, BUFFERS, VERBOSE, FORMAT JSON) select catalog_sales.cs_sold_time_sk, ship_mode.sm_ship_mode_sk,  sum(catalog_sales.cs_wholesale_cost) from ship_mode join catalog_sales on catalog_sales.cs_ship_mode_sk=ship_mode.sm_ship_mode_sk where catalog_sales.cs_item_sk = 8071 group by catalog_sales.cs_sold_time_sk, ship_mode.sm_ship_mode_sk;", "planinfo": {"Plan": {"Node Type": "Aggregate", "Strategy": "Sorted", "Partial Mode": "Simple", "Parallel Aware": false, "Startup Cost": 354.41, "Total Cost": 356.35, "Plan Rows": 86, "Plan Width": 40, "Actual Startup Time": 84.167, "Actual Total Time": 84.39, "Actual Rows": 181, "Actual Loops": 1, "Output": ["catalog_sales.cs_sold_time_sk", "ship_mode.sm_ship_mode_sk", "sum(catalog_sales.cs_wholesale_cost)"], "Group Key": ["catalog_sales.cs_sold_time_sk", "ship_mode.sm_ship_mode_sk"], "Shared Hit Blocks": 4, "Shared Read Blocks": 182, "Shared Dirtied Blocks": 0, "Shared Written Blocks": 0, "Local Hit Blocks": 0, "Local Read Blocks": 0, "Local Dirtied Blocks": 0, "Local Written Blocks": 0, "Temp Read Blocks": 0, "Temp Written Blocks": 0, "I/O Read Time": 83.007, "I/O Write Time": 0.0, "Plans": [{"Node Type": "Sort", "Parent Relationship": "Outer", "Parallel Aware": false, "Startup Cost": 354.41, "Total Cost": 354.63, "Plan Rows": 86, "Plan Width": 14, "Actual Startup Time": 83.684, "Actual Total Time": 83.702, "Actual Rows": 181, "Actual Loops": 1, "Output": ["catalog_sales.cs_sold_time_sk", "ship_mode.sm_ship_mode_sk", "catalog_sales.cs_wholesale_cost"], "Sort Key": ["catalog_sales.cs_sold_time_sk", "ship_mode.sm_ship_mode_sk"], "Sort Method": "quicksort", "Sort Space Used": 34, "Sort Space Type": "Memory", "Shared Hit Blocks": 4, "Shared Read Blocks": 182, "Shared Dirtied Blocks": 0, "Shared Written Blocks": 0, "Local Hit Blocks": 0, "Local Read Blocks": 0, "Local Dirtied Blocks": 0, "Local Written Blocks": 0, "Temp Read Blocks": 0, "Temp Written Blocks": 0, "I/O Read Time": 83.007, "I/O Write Time": 0.0, "Plans": [{"Node Type": "Hash Join", "Parent Relationship": "Outer", "Parallel Aware": false, "Join Type": "Inner", "Startup Cost": 1.88, "Total Cost": 351.65, "Plan Rows": 86, "Plan Width": 14, "Actual Startup Time": 1.968, "Actual Total Time": 83.523, "Actual Rows": 181, "Actual Loops": 1, "Output": ["catalog_sales.cs_sold_time_sk", "ship_mode.sm_ship_mode_sk", "catalog_sales.cs_wholesale_cost"], "Inner Unique": true, "Hash Cond": "(catalog_sales.cs_ship_mode_sk = ship_mode.sm_ship_mode_sk)", "Shared Hit Blocks": 1, "Shared Read Blocks": 182, "Shared Dirtied Blocks": 0, "Shared Written Blocks": 0, "Local Hit Blocks": 0, "Local Read Blocks": 0, "Local Dirtied Blocks": 0, "Local Written Blocks": 0, "Temp Read Blocks": 0, "Temp Written Blocks": 0, "I/O Read Time": 83.007, "I/O Write Time": 0.0, "Plans": [{"Node Type": "Index Scan", "Parent Relationship": "Outer", "Parallel Aware": false, "Scan Direction": "Forward", "Index Name": "catalog_sales_pkey", "Relation Name": "catalog_sales", "Schema": "public", "Alias": "catalog_sales", "Startup Cost": 0.43, "Total Cost": 349.93, "Plan Rows": 86, "Plan Width": 14, "Actual Startup Time": 1.929, "Actual Total Time": 83.342, "Actual Rows": 181, "Actual Loops": 1, "Output": ["catalog_sales.cs_sold_date_sk", "catalog_sales.cs_sold_time_sk", "catalog_sales.cs_ship_date_sk", "catalog_sales.cs_bill_customer_sk", "catalog_sales.cs_bill_cdemo_sk", "catalog_sales.cs_bill_hdemo_sk", "catalog_sales.cs_bill_addr_sk", "catalog_sales.cs_ship_customer_sk", "catalog_sales.cs_ship_cdemo_sk", "catalog_sales.cs_ship_hdemo_sk", "catalog_sales.cs_ship_addr_sk", "catalog_sales.cs_call_center_sk", "catalog_sales.cs_catalog_page_sk", "catalog_sales.cs_ship_mode_sk", "catalog_sales.cs_warehouse_sk", "catalog_sales.cs_item_sk", "catalog_sales.cs_promo_sk", "catalog_sales.cs_order_number", "catalog_sales.cs_quantity", "catalog_sales.cs_wholesale_cost", "catalog_sales.cs_list_price", "catalog_sales.cs_sales_price", "catalog_sales.cs_ext_discount_amt", "catalog_sales.cs_ext_sales_price", "catalog_sales.cs_ext_wholesale_cost", "catalog_sales.cs_ext_list_price", "catalog_sales.cs_ext_tax", "catalog_sales.cs_coupon_amt", "catalog_sales.cs_ext_ship_cost", "catalog_sales.cs_net_paid", "catalog_sales.cs_net_paid_inc_tax", "catalog_sales.cs_net_paid_inc_ship", "catalog_sales.cs_net_paid_inc_ship_tax", "catalog_sales.cs_net_profit"], "Index Cond": "(catalog_sales.cs_item_sk = 8071)", "Rows Removed by Index Recheck": 0, "Shared Hit Blocks": 0, "Shared Read Blocks": 182, "Shared Dirtied Blocks": 0, "Shared Written Blocks": 0, "Local Hit Blocks": 0, "Local Read Blocks": 0, "Local Dirtied Blocks": 0, "Local Written Blocks": 0, "Temp Read Blocks": 0, "Temp Written Blocks": 0, "I/O Read Time": 83.007, "I/O Write Time": 0.0, "parent": "Hash Join"}, {"Node Type": "Hash", "Parent Relationship": "Inner", "Parallel Aware": false, "Startup Cost": 1.2, "Total Cost": 1.2, "Plan Rows": 20, "Plan Width": 4, "Actual Startup Time": 0.02, "Actual Total Time": 0.022, "Actual Rows": 20, "Actual Loops": 1, "Output": ["ship_mode.sm_ship_mode_sk"], "Hash Buckets": 1024, "Original Hash Buckets": 1024, "Hash Batches": 1, "Original Hash Batches": 1, "Peak Memory Usage": 9, "Shared Hit Blocks": 1, "Shared Read Blocks": 0, "Shared Dirtied Blocks": 0, "Shared Written Blocks": 0, "Local Hit Blocks": 0, "Local Read Blocks": 0, "Local Dirtied Blocks": 0, "Local Written Blocks": 0, "Temp Read Blocks": 0, "Temp Written Blocks": 0, "I/O Read Time": 0.0, "I/O Write Time": 0.0, "Plans": [{"Node Type": "Seq Scan", "Parent Relationship": "Outer", "Parallel Aware": false, "Relation Name": "ship_mode", "Schema": "public", "Alias": "ship_mode", "Startup Cost": 0.0, "Total Cost": 1.2, "Plan Rows": 20, "Plan Width": 4, "Actual Startup Time": 0.007, "Actual Total Time": 0.01, "Actual Rows": 20, "Actual Loops": 1, "Output": ["ship_mode.sm_ship_mode_sk"], "Shared Hit Blocks": 1, "Shared Read Blocks": 0, "Shared Dirtied Blocks": 0, "Shared Written Blocks": 0, "Local Hit Blocks": 0, "Local Read Blocks": 0, "Local Dirtied Blocks": 0, "Local Written Blocks": 0, "Temp Read Blocks": 0, "Temp Written Blocks": 0, "I/O Read Time": 0.0, "I/O Write Time": 0.0, "parent": "Hash"}], "parent": "Hash Join"}], "parent": "Sort"}], "parent": "Aggregate"}], "parent": "None"}, "Planning": {"Shared Hit Blocks": 96, "Shared Read Blocks": 15, "Shared Dirtied Blocks": 0, "Shared Written Blocks": 0, "Local Hit Blocks": 0, "Local Read Blocks": 0, "Local Dirtied Blocks": 0, "Local Written Blocks": 0, "Temp Read Blocks": 0, "Temp Written Blocks": 0, "I/O Read Time": 5.097, "I/O Write Time": 0.0}, "Planning Time": 7.365, "Triggers": [], "Execution Time": 84.504}, "config": {}}
{"query": "EXPLAIN (ANALYZE, COSTS, BUFFERS, VERBOSE, FORMAT JSON) select item.i_class_id, inventory.inv_quantity_on_hand from inventory join item on item.i_item_sk=inventory.inv_item_sk where inventory.inv_quantity_on_hand != 802 and item.i_brand_id != 7010001;", "planinfo": {"Plan": {"Node Type": "Hash Join", "Parallel Aware": false, "Join Type": "Inner", "Startup Cost": 1679.34, "Total Cost": 241274.02, "Plan Rows": 11125091, "Plan Width": 8, "Actual Startup Time": 36.236, "Actual Total Time": 5406.086, "Actual Rows": 11110529, "Actual Loops": 1, "Output": ["item.i_class_id", "inventory.inv_quantity_on_hand"], "Inner Unique": true, "Hash Cond": "(inventory.inv_item_sk = item.i_item_sk)", "Shared Hit Blocks": 3, "Shared Read Blocks": 64717, "Shared Dirtied Blocks": 0, "Shared Written Blocks": 0, "Local Hit Blocks": 0, "Local Read Blocks": 0, "Local Dirtied Blocks": 0, "Local Written Blocks": 0, "Temp Read Blocks": 0, "Temp Written Blocks": 0, "I/O Read Time": 275.833, "I/O Write Time": 0.0, "Plans": [{"Node Type": "Seq Scan", "Parent Relationship": "Outer", "Parallel Aware": false, "Relation Name": "inventory", "Schema": "public", "Alias": "inventory", "Startup Cost": 0.0, "Total Cost": 210298.18, "Plan Rows": 11157945, "Plan Width": 8, "Actual Startup Time": 0.924, "Actual Total Time": 2067.245, "Actual Rows": 11146896, "Actual Loops": 1, "Output": ["inventory.inv_date_sk", "inventory.inv_item_sk", "inventory.inv_warehouse_sk", "inventory.inv_quantity_on_hand"], "Filter": "(inventory.inv_quantity_on_hand <> 802)", "Rows Removed by Filter": 598104, "Shared Hit Blocks": 0, "Shared Read Blocks": 63487, "Shared Dirtied Blocks": 0, "Shared Written Blocks": 0, "Local Hit Blocks": 0, "Local Read Blocks": 0, "Local Dirtied Blocks": 0, "Local Written Blocks": 0, "Temp Read Blocks": 0, "Temp Written Blocks": 0, "I/O Read Time": 252.087, "I/O Write Time": 0.0, "parent": "Hash Join"}, {"Node Type": "Hash", "Parent Relationship": "Inner", "Parallel Aware": false, "Startup Cost": 1455.0, "Total Cost": 1455.0, "Plan Rows": 17947, "Plan Width": 8, "Actual Startup Time": 35.153, "Actual Total Time": 35.155, "Actual Rows": 17940, "Actual Loops": 1, "Output": ["item.i_class_id", "item.i_item_sk"], "Hash Buckets": 32768, "Original Hash Buckets": 32768, "Hash Batches": 1, "Original Hash Batches": 1, "Peak Memory Usage": 957, "Shared Hit Blocks": 0, "Shared Read Blocks": 1230, "Shared Dirtied Blocks": 0, "Shared Written Blocks": 0, "Local Hit Blocks": 0, "Local Read Blocks": 0, "Local Dirtied Blocks": 0, "Local Written Blocks": 0, "Temp Read Blocks": 0, "Temp Written Blocks": 0, "I/O Read Time": 23.745, "I/O Write Time": 0.0, "Plans": [{"Node Type": "Seq Scan", "Parent Relationship": "Outer", "Parallel Aware": false, "Relation Name": "item", "Schema": "public", "Alias": "item", "Startup Cost": 0.0, "Total Cost": 1455.0, "Plan Rows": 17947, "Plan Width": 8, "Actual Startup Time": 0.465, "Actual Total Time": 29.825, "Actual Rows": 17940, "Actual Loops": 1, "Output": ["item.i_class_id", "item.i_item_sk"], "Filter": "(item.i_brand_id <> 7010001)", "Rows Removed by Filter": 60, "Shared Hit Blocks": 0, "Shared Read Blocks": 1230, "Shared Dirtied Blocks": 0, "Shared Written Blocks": 0, "Local Hit Blocks": 0, "Local Read Blocks": 0, "Local Dirtied Blocks": 0, "Local Written Blocks": 0, "Temp Read Blocks": 0, "Temp Written Blocks": 0, "I/O Read Time": 23.745, "I/O Write Time": 0.0, "parent": "Hash"}], "parent": "Hash Join"}], "parent": "None"}, "Planning": {"Shared Hit Blocks": 111, "Shared Read Blocks": 18, "Shared Dirtied Blocks": 0, "Shared Written Blocks": 0, "Local Hit Blocks": 0, "Local Read Blocks": 0, "Local Dirtied Blocks": 0, "Local Written Blocks": 0, "Temp Read Blocks": 0, "Temp Written Blocks": 0, "I/O Read Time": 6.761, "I/O Write Time": 0.0}, "Planning Time": 7.935, "Triggers": [], "Execution Time": 5939.507}, "config": {}}
{"query": "EXPLAIN (ANALYZE, COSTS, BUFFERS, VERBOSE, FORMAT JSON) select income_band.ib_upper_bound, household_demographics.hd_income_band_sk,  max(household_demographics.hd_vehicle_count) from income_band join household_demographics on household_demographics.hd_income_band_sk=income_band.ib_income_band_sk where income_band.ib_upper_bound < 190000 group by income_band.ib_upper_bound, household_demographics.hd_income_band_sk order by household_demographics.hd_income_band_sk DESC, income_band.ib_upper_bound ASC;", "planinfo": {"Plan": {"Node Type": "Sort", "Parallel Aware": false, "Startup Cost": 216.87, "Total Cost": 217.77, "Plan Rows": 360, "Plan Width": 12, "Actual Startup Time": 6.666, "Actual Total Time": 6.669, "Actual Rows": 18, "Actual Loops": 1, "Output": ["income_band.ib_upper_bound", "household_demographics.hd_income_band_sk", "(max(household_demographics.hd_vehicle_count))"], "Sort Key": ["household_demographics.hd_income_band_sk DESC", "income_band.ib_upper_bound"], "Sort Method": "quicksort", "Sort Space Used": 26, "Sort Space Type": "Memory", "Shared Hit Blocks": 4, "Shared Read Blocks": 53, "Shared Dirtied Blocks": 0, "Shared Written Blocks": 0, "Local Hit Blocks": 0, "Local Read Blocks": 0, "Local Dirtied Blocks": 0, "Local Written Blocks": 0, "Temp Read Blocks": 0, "Temp Written Blocks": 0, "I/O Read Time": 1.26, "I/O Write Time": 0.0, "Plans": [{"Node Type": "Aggregate", "Strategy": "Hashed", "Partial Mode": "Simple", "Parent Relationship": "Outer", "Parallel Aware": false, "Startup Cost": 197.98, "Total Cost": 201.58, "Plan Rows": 360, "Plan Width": 12, "Actual Startup Time": 6.608, "Actual Total Time": 6.614, "Actual Rows": 18, "Actual Loops": 1, "Output": ["income_band.ib_upper_bound", "household_demographics.hd_income_band_sk", "max(household_demographics.hd_vehicle_count)"], "Group Key": ["household_demographics.hd_income_band_sk", "income_band.ib_upper_bound"], "Planned Partitions": 0, "HashAgg Batches": 1, "Peak Memory Usage": 37, "Disk Usage": 0, "Shared Hit Blocks": 1, "Shared Read Blocks": 53, "Shared Dirtied Blocks": 0, "Shared Written Blocks": 0, "Local Hit Blocks": 0, "Local Read Blocks": 0, "Local Dirtied Blocks": 0, "Local Written Blocks": 0, "Temp Read Blocks": 0, "Temp Written Blocks": 0, "I/O Read Time": 1.26, "I/O Write Time": 0.0, "Plans": [{"Node Type": "Hash Join", "Parent Relationship": "Outer", "Parallel Aware": false, "Join Type": "Inner", "Startup Cost": 1.48, "Total Cost": 149.38, "Plan Rows": 6480, "Plan Width": 12, "Actual Startup Time": 0.519, "Actual Total Time": 4.406, "Actual Rows": 6480, "Actual Loops": 1, "Output": ["income_band.ib_upper_bound", "household_demographics.hd_income_band_sk", "household_demographics.hd_vehicle_count"], "Inner Unique": true, "Hash Cond": "(household_demographics.hd_income_band_sk = income_band.ib_income_band_sk)", "Shared Hit Blocks": 1, "Shared Read Blocks": 53, "Shared Dirtied Blocks": 0, "Shared Written Blocks": 0, "Local Hit Blocks": 0, "Local Read Blocks": 0, "Local Dirtied Blocks": 0, "Local Written Blocks": 0, "Temp Read Blocks": 0, "Temp Written Blocks": 0, "I/O Read Time": 1.26, "I/O Write Time": 0.0, "Plans": [{"Node Type": "Seq Scan", "Parent Relationship": "Outer", "Parallel Aware": false, "Relation Name": "household_demographics", "Schema": "public", "Alias": "household_demographics", "Startup Cost": 0.0, "Total Cost": 125.0, "Plan Rows": 7200, "Plan Width": 8, "Actual Startup Time": 0.485, "Actual Total Time": 1.92, "Actual Rows": 7200, "Actual Loops": 1, "Output": ["household_demographics.hd_demo_sk", "household_demographics.hd_income_band_sk", "household_demographics.hd_buy_potential", "household_demographics.hd_dep_count", "household_demographics.hd_vehicle_count"], "Shared Hit Blocks": 0, "Shared Read Blocks": 53, "Shared Dirtied Blocks": 0, "Shared Written Blocks": 0, "Local Hit Blocks": 0, "Local Read Blocks": 0, "Local Dirtied Blocks": 0, "Local Written Blocks": 0, "Temp Read Blocks": 0, "Temp Written Blocks": 0, "I/O Read Time": 1.26, "I/O Write Time": 0.0, "parent": "Hash Join"}, {"Node Type": "Hash", "Parent Relationship": "Inner", "Parallel Aware": false, "Startup Cost": 1.25, "Total Cost": 1.25, "Plan Rows": 18, "Plan Width": 8, "Actual Startup Time": 0.026, "Actual Total Time": 0.027, "Actual Rows": 18, "Actual Loops": 1, "Output": ["income_band.ib_upper_bound", "income_band.ib_income_band_sk"], "Hash Buckets": 1024, "Original Hash Buckets": 1024, "Hash Batches": 1, "Original Hash Batches": 1, "Peak Memory Usage": 9, "Shared Hit Blocks": 1, "Shared Read Blocks": 0, "Shared Dirtied Blocks": 0, "Shared Written Blocks": 0, "Local Hit Blocks": 0, "Local Read Blocks": 0, "Local Dirtied Blocks": 0, "Local Written Blocks": 0, "Temp Read Blocks": 0, "Temp Written Blocks": 0, "I/O Read Time": 0.0, "I/O Write Time": 0.0, "Plans": [{"Node Type": "Seq Scan", "Parent Relationship": "Outer", "Parallel Aware": false, "Relation Name": "income_band", "Schema": "public", "Alias": "income_band", "Startup Cost": 0.0, "Total Cost": 1.25, "Plan Rows": 18, "Plan Width": 8, "Actual Startup Time": 0.005, "Actual Total Time": 0.016, "Actual Rows": 18, "Actual Loops": 1, "Output": ["income_band.ib_upper_bound", "income_band.ib_income_band_sk"], "Filter": "(income_band.ib_upper_bound < 190000)", "Rows Removed by Filter": 2, "Shared Hit Blocks": 1, "Shared Read Blocks": 0, "Shared Dirtied Blocks": 0, "Shared Written Blocks": 0, "Local Hit Blocks": 0, "Local Read Blocks": 0, "Local Dirtied Blocks": 0, "Local Written Blocks": 0, "Temp Read Blocks": 0, "Temp Written Blocks": 0, "I/O Read Time": 0.0, "I/O Write Time": 0.0, "parent": "Hash"}], "parent": "Hash Join"}], "parent": "Aggregate"}], "parent": "Sort"}], "parent": "None"}, "Planning": {"Shared Hit Blocks": 101, "Shared Read Blocks": 15, "Shared Dirtied Blocks": 0, "Shared Written Blocks": 0, "Local Hit Blocks": 0, "Local Read Blocks": 0, "Local Dirtied Blocks": 0, "Local Written Blocks": 0, "Temp Read Blocks": 0, "Temp Written Blocks": 0, "I/O Read Time": 4.72, "I/O Write Time": 0.0}, "Planning Time": 5.894, "Triggers": [], "Execution Time": 6.757}, "config": {}}
{"query": "EXPLAIN (ANALYZE, COSTS, BUFFERS, VERBOSE, FORMAT JSON) select store_sales.ss_addr_sk, household_demographics.hd_dep_count from household_demographics join store_sales on store_sales.ss_hdemo_sk=household_demographics.hd_demo_sk where store_sales.ss_ticket_number > 189390 and household_demographics.hd_dep_count <= 4 and store_sales.ss_sales_price > 20.41;", "planinfo": {"Plan": {"Node Type": "Hash Join", "Parallel Aware": false, "Join Type": "Inner", "Startup Cost": 188.0, "Total Cost": 95979.72, "Plan Rows": 169603, "Plan Width": 8, "Actual Startup Time": 1814.986, "Actual Total Time": 2583.016, "Actual Rows": 166128, "Actual Loops": 1, "Output": ["store_sales.ss_addr_sk", "household_demographics.hd_dep_count"], "Inner Unique": true, "Hash Cond": "(store_sales.ss_hdemo_sk = household_demographics.hd_demo_sk)", "Shared Hit Blocks": 3, "Shared Read Blocks": 51749, "Shared Dirtied Blocks": 0, "Shared Written Blocks": 0, "Local Hit Blocks": 0, "Local Read Blocks": 0, "Local Dirtied Blocks": 0, "Local Written Blocks": 0, "Temp Read Blocks": 0, "Temp Written Blocks": 0, "I/O Read Time": 1893.664, "I/O Write Time": 0.0, "Plans": [{"Node Type": "Seq Scan", "Parent Relationship": "Outer", "Parallel Aware": false, "Relation Name": "store_sales", "Schema": "public", "Alias": "store_sales", "Startup Cost": 0.0, "Total Cost": 94900.8, "Plan Rows": 339206, "Plan Width": 8, "Actual Startup Time": 1810.642, "Actual Total Time": 2498.984, "Actual Rows": 341127, "Actual Loops": 1, "Output": ["store_sales.ss_sold_date_sk", "store_sales.ss_sold_time_sk", "store_sales.ss_item_sk", "store_sales.ss_customer_sk", "store_sales.ss_cdemo_sk", "store_sales.ss_hdemo_sk", "store_sales.ss_addr_sk", "store_sales.ss_store_sk", "store_sales.ss_promo_sk", "store_sales.ss_ticket_number", "store_sales.ss_quantity", "store_sales.ss_wholesale_cost", "store_sales.ss_list_price", "store_sales.ss_sales_price", "store_sales.ss_ext_discount_amt", "store_sales.ss_ext_sales_price", "store_sales.ss_ext_wholesale_cost", "store_sales.ss_ext_list_price", "store_sales.ss_ext_tax", "store_sales.ss_coupon_amt", "store_sales.ss_net_paid", "store_sales.ss_net_paid_inc_tax", "store_sales.ss_net_profit"], "Filter": "((store_sales.ss_ticket_number > 189390) AND (store_sales.ss_sales_price > 20.41))", "Rows Removed by Filter": 2539277, "Shared Hit Blocks": 0, "Shared Read Blocks": 51696, "Shared Dirtied Blocks": 0, "Shared Written Blocks": 0, "Local Hit Blocks": 0, "Local Read Blocks": 0, "Local Dirtied Blocks": 0, "Local Written Blocks": 0, "Temp Read Blocks": 0, "Temp Written Blocks": 0, "I/O Read Time": 1892.152, "I/O Write Time": 0.0, "parent": "Hash Join"}, {"Node Type": "Hash", "Parent Relationship": "Inner", "Parallel Aware": false, "Startup Cost": 143.0, "Total Cost": 143.0, "Plan Rows": 3600, "Plan Width": 8, "Actual Startup Time": 4.116, "Actual Total Time": 4.117, "Actual Rows": 3600, "Actual Loops": 1, "Output": ["household_demographics.hd_dep_count", "household_demographics.hd_demo_sk"], "Hash Buckets": 4096, "Original Hash Buckets": 4096, "Hash Batches": 1, "Original Hash Batches": 1, "Peak Memory Usage": 173, "Shared Hit Blocks": 0, "Shared Read Blocks": 53, "Shared Dirtied Blocks": 0, "Shared Written Blocks": 0, "Local Hit Blocks": 0, "Local Read Blocks": 0, "Local Dirtied Blocks": 0, "Local Written Blocks": 0, "Temp Read Blocks": 0, "Temp Written Blocks": 0, "I/O Read Time": 1.512, "I/O Write Time": 0.0, "Plans": [{"Node Type": "Seq Scan", "Parent Relationship": "Outer", "Parallel Aware": false, "Relation Name": "household_demographics", "Schema": "public", "Alias": "household_demographics", "Startup Cost": 0.0, "Total Cost": 143.0, "Plan Rows": 3600, "Plan Width": 8, "Actual Startup Time": 0.567, "Actual Total Time": 2.721, "Actual Rows": 3600, "Actual Loops": 1, "Output": ["household_demographics.hd_dep_count", "household_demographics.hd_demo_sk"], "Filter": "(household_demographics.hd_dep_count <= 4)", "Rows Removed by Filter": 3600, "Shared Hit Blocks": 0, "Shared Read Blocks": 53, "Shared Dirtied Blocks": 0, "Shared Written Blocks": 0, "Local Hit Blocks": 0, "Local Read Blocks": 0, "Local Dirtied Blocks": 0, "Local Written Blocks": 0, "Temp Read Blocks": 0, "Temp Written Blocks": 0, "I/O Read Time": 1.512, "I/O Write Time": 0.0, "parent": "Hash"}], "parent": "Hash Join"}], "parent": "None"}, "Planning": {"Shared Hit Blocks": 118, "Shared Read Blocks": 22, "Shared Dirtied Blocks": 0, "Shared Written Blocks": 0, "Local Hit Blocks": 0, "Local Read Blocks": 0, "Local Dirtied Blocks": 0, "Local Written Blocks": 0, "Temp Read Blocks": 0, "Temp Written Blocks": 0, "I/O Read Time": 7.133, "I/O Write Time": 0.0}, "Planning Time": 8.381, "Triggers": [], "Execution Time": 2592.983}, "config": {}}
{"query": "EXPLAIN (ANALYZE, COSTS, BUFFERS, VERBOSE, FORMAT JSON) select item.i_brand_id, inventory.inv_quantity_on_hand,  sum(inventory.inv_quantity_on_hand) from inventory join item on item.i_item_sk=inventory.inv_item_sk where item.i_manager_id <= 43 group by item.i_brand_id, inventory.inv_quantity_on_hand;", "planinfo": {"Plan": {"Node Type": "Aggregate", "Strategy": "Hashed", "Partial Mode": "Simple", "Parallel Aware": false, "Startup Cost": 685197.65, "Total Cost": 757428.52, "Plan Rows": 948948, "Plan Width": 16, "Actual Startup Time": 8669.083, "Actual Total Time": 11188.842, "Actual Rows": 862107, "Actual Loops": 1, "Output": ["item.i_brand_id", "inventory.inv_quantity_on_hand", "sum(inventory.inv_quantity_on_hand)"], "Group Key": ["item.i_brand_id", "inventory.inv_quantity_on_hand"], "Planned Partitions": 32, "HashAgg Batches": 161, "Peak Memory Usage": 4153, "Disk Usage": 194000, "Shared Hit Blocks": 0, "Shared Read Blocks": 64717, "Shared Dirtied Blocks": 0, "Shared Written Blocks": 0, "Local Hit Blocks": 0, "Local Read Blocks": 0, "Local Dirtied Blocks": 0, "Local Written Blocks": 0, "Temp Read Blocks": 23411, "Temp Written Blocks": 46809, "I/O Read Time": 283.006, "I/O Write Time": 0.0, "Plans": [{"Node Type": "Hash Join", "Parent Relationship": "Outer", "Parallel Aware": false, "Join Type": "Inner", "Startup Cost": 1608.85, "Total Cost": 213382.39, "Plan Rows": 8030898, "Plan Width": 8, "Actual Startup Time": 33.795, "Actual Total Time": 5042.742, "Actual Rows": 8017805, "Actual Loops": 1, "Output": ["item.i_brand_id", "inventory.inv_quantity_on_hand"], "Inner Unique": true, "Hash Cond": "(inventory.inv_item_sk = item.i_item_sk)", "Shared Hit Blocks": 0, "Shared Read Blocks": 64717, "Shared Dirtied Blocks": 0, "Shared Written Blocks": 0, "Local Hit Blocks": 0, "Local Read Blocks": 0, "Local Dirtied Blocks": 0, "Local Written Blocks": 0, "Temp Read Blocks": 0, "Temp Written Blocks": 0, "I/O Read Time": 283.006, "I/O Write Time": 0.0, "Plans": [{"Node Type": "Seq Scan", "Parent Relationship": "Outer", "Parallel Aware": false, "Relation Name": "inventory", "Schema": "public", "Alias": "inventory", "Startup Cost": 0.0, "Total Cost": 180935.94, "Plan Rows": 11744894, "Plan Width": 8, "Actual Startup Time": 0.933, "Actual Total Time": 1431.521, "Actual Rows": 11745000, "Actual Loops": 1, "Output": ["inventory.inv_date_sk", "inventory.inv_item_sk", "inventory.inv_warehouse_sk", "inventory.inv_quantity_on_hand"], "Shared Hit Blocks": 0, "Shared Read Blocks": 63487, "Shared Dirtied Blocks": 0, "Shared Written Blocks": 0, "Local Hit Blocks": 0, "Local Read Blocks": 0, "Local Dirtied Blocks": 0, "Local Written Blocks": 0, "Temp Read Blocks": 0, "Temp Written Blocks": 0, "I/O Read Time": 259.729, "I/O Write Time": 0.0, "parent": "Hash Join"}, {"Node Type": "Hash", "Parent Relationship": "Inner", "Parallel Aware": false, "Startup Cost": 1455.0, "Total Cost": 1455.0, "Plan Rows": 12308, "Plan Width": 8, "Actual Startup Time": 32.79, "Actual Total Time": 32.791, "Actual Rows": 12308, "Actual Loops": 1, "Output": ["item.i_brand_id", "item.i_item_sk"], "Hash Buckets": 16384, "Original Hash Buckets": 16384, "Hash Batches": 1, "Original Hash Batches": 1, "Peak Memory Usage": 609, "Shared Hit Blocks": 0, "Shared Read Blocks": 1230, "Shared Dirtied Blocks": 0, "Shared Written Blocks": 0, "Local Hit Blocks": 0, "Local Read Blocks": 0, "Local Dirtied Blocks": 0, "Local Written Blocks": 0, "Temp Read Blocks": 0, "Temp Written Blocks": 0, "I/O Read Time": 23.277, "I/O Write Time": 0.0, "Plans": [{"Node Type": "Seq Scan", "Parent Relationship": "Outer", "Parallel Aware": false, "Relation Name": "item", "Schema": "public", "Alias": "item", "Startup Cost": 0.0, "Total Cost": 1455.0, "Plan Rows": 12308, "Plan Width": 8, "Actual Startup Time": 0.455, "Actual Total Time": 29.613, "Actual Rows": 12308, "Actual Loops": 1, "Output": ["item.i_brand_id", "item.i_item_sk"], "Filter": "(item.i_manager_id <= 43)", "Rows Removed by Filter": 5692, "Shared Hit Blocks": 0, "Shared Read Blocks": 1230, "Shared Dirtied Blocks": 0, "Shared Written Blocks": 0, "Local Hit Blocks": 0, "Local Read Blocks": 0, "Local Dirtied Blocks": 0, "Local Written Blocks": 0, "Temp Read Blocks": 0, "Temp Written Blocks": 0, "I/O Read Time": 23.277, "I/O Write Time": 0.0, "parent": "Hash"}], "parent": "Hash Join"}], "parent": "Aggregate"}], "parent": "None"}, "Planning": {"Shared Hit Blocks": 103, "Shared Read Blocks": 20, "Shared Dirtied Blocks": 0, "Shared Written Blocks": 0, "Local Hit Blocks": 0, "Local Read Blocks": 0, "Local Dirtied Blocks": 0, "Local Written Blocks": 0, "Temp Read Blocks": 0, "Temp Written Blocks": 0, "I/O Read Time": 9.667, "I/O Write Time": 0.0}, "Planning Time": 12.759, "Triggers": [], "Execution Time": 11268.719}, "config": {}}
{"query": "EXPLAIN (ANALYZE, COSTS, BUFFERS, VERBOSE, FORMAT JSON) select web_sales.ws_order_number, customer.c_customer_sk from customer join web_sales on web_sales.ws_bill_customer_sk=customer.c_customer_sk where web_sales.ws_sold_date_sk <= 2451416 and customer.c_first_shipto_date_sk = 2449897;", "planinfo": {"Plan": {"Node Type": "Hash Join", "Parallel Aware": false, "Join Type": "Inner", "Startup Cost": 4018.32, "Total Cost": 32316.62, "Plan Rows": 53, "Plan Width": 8, "Actual Startup Time": 79.842, "Actual Total Time": 510.405, "Actual Rows": 42, "Actual Loops": 1, "Output": ["web_sales.ws_order_number", "customer.c_customer_sk"], "Inner Unique": true, "Hash Cond": "(web_sales.ws_bill_customer_sk = customer.c_customer_sk)", "Shared Hit Blocks": 3, "Shared Read Blocks": 21535, "Shared Dirtied Blocks": 0, "Shared Written Blocks": 0, "Local Hit Blocks": 0, "Local Read Blocks": 0, "Local Dirtied Blocks": 0, "Local Written Blocks": 0, "Temp Read Blocks": 0, "Temp Written Blocks": 0, "I/O Read Time": 361.455, "I/O Write Time": 0.0, "Plans": [{"Node Type": "Seq Scan", "Parent Relationship": "Outer", "Parallel Aware": false, "Relation Name": "web_sales", "Schema": "public", "Alias": "web_sales", "Startup Cost": 0.0, "Total Cost": 27759.3, "Plan Rows": 205323, "Plan Width": 8, "Actual Startup Time": 0.499, "Actual Total Time": 407.132, "Actual Rows": 204426, "Actual Loops": 1, "Output": ["web_sales.ws_sold_date_sk", "web_sales.ws_sold_time_sk", "web_sales.ws_ship_date_sk", "web_sales.ws_item_sk", "web_sales.ws_bill_customer_sk", "web_sales.ws_bill_cdemo_sk", "web_sales.ws_bill_hdemo_sk", "web_sales.ws_bill_addr_sk", "web_sales.ws_ship_customer_sk", "web_sales.ws_ship_cdemo_sk", "web_sales.ws_ship_hdemo_sk", "web_sales.ws_ship_addr_sk", "web_sales.ws_web_page_sk", "web_sales.ws_web_site_sk", "web_sales.ws_ship_mode_sk", "web_sales.ws_warehouse_sk", "web_sales.ws_promo_sk", "web_sales.ws_order_number", "web_sales.ws_quantity", "web_sales.ws_wholesale_cost", "web_sales.ws_list_price", "web_sales.ws_sales_price", "web_sales.ws_ext_discount_amt", "web_sales.ws_ext_sales_price", "web_sales.ws_ext_wholesale_cost", "web_sales.ws_ext_list_price", "web_sales.ws_ext_tax", "web_sales.ws_coupon_amt", "web_sales.ws_ext_ship_cost", "web_sales.ws_net_paid", "web_sales.ws_net_paid_inc_tax", "web_sales.ws_net_paid_inc_ship", "web_sales.ws_net_paid_inc_ship_tax", "web_sales.ws_net_profit"], "Filter": "(web_sales.ws_sold_date_sk <= 2451416)", "Rows Removed by Filter": 514958, "Shared Hit Blocks": 0, "Shared Read Blocks": 18767, "Shared Dirtied Blocks": 0, "Shared Written Blocks": 0, "Local Hit Blocks": 0, "Local Read Blocks": 0, "Local Dirtied Blocks": 0, "Local Written Blocks": 0, "Temp Read Blocks": 0, "Temp Written Blocks": 0, "I/O Read Time": 305.912, "I/O Write Time": 0.0, "parent": "Hash Join"}, {"Node Type": "Hash", "Parent Relationship": "Inner", "Parallel Aware": false, "Startup Cost": 4018.0, "Total Cost": 4018.0, "Plan Rows": 26, "Plan Width": 4, "Actual Startup Time": 72.011, "Actual Total Time": 72.014, "Actual Rows": 28, "Actual Loops": 1, "Output": ["customer.c_customer_sk"], "Hash Buckets": 1024, "Original Hash Buckets": 1024, "Hash Batches": 1, "Original Hash Batches": 1, "Peak Memory Usage": 9, "Shared Hit Blocks": 0, "Shared Read Blocks": 2768, "Shared Dirtied Blocks": 0, "Shared Written Blocks": 0, "Local Hit Blocks": 0, "Local Read Blocks": 0, "Local Dirtied Blocks": 0, "Local Written Blocks": 0, "Temp Read Blocks": 0, "Temp Written Blocks": 0, "I/O Read Time": 55.543, "I/O Write Time": 0.0, "Plans": [{"Node Type": "Seq Scan", "Parent Relationship": "Outer", "Parallel Aware": false, "Relation Name": "customer", "Schema": "public", "Alias": "customer", "Startup Cost": 0.0, "Total Cost": 4018.0, "Plan Rows": 26, "Plan Width": 4, "Actual Startup Time": 8.711, "Actual Total Time": 71.457, "Actual Rows": 28, "Actual Loops": 1, "Output": ["customer.c_customer_sk"], "Filter": "(customer.c_first_shipto_date_sk = 2449897)", "Rows Removed by Filter": 99972, "Shared Hit Blocks": 0, "Shared Read Blocks": 2768, "Shared Dirtied Blocks": 0, "Shared Written Blocks": 0, "Local Hit Blocks": 0, "Local Read Blocks": 0, "Local Dirtied Blocks": 0, "Local Written Blocks": 0, "Temp Read Blocks": 0, "Temp Written Blocks": 0, "I/O Read Time": 55.543, "I/O Write Time": 0.0, "parent": "Hash"}], "parent": "Hash Join"}], "parent": "None"}, "Planning": {"Shared Hit Blocks": 101, "Shared Read Blocks": 22, "Shared Dirtied Blocks": 0, "Shared Written Blocks": 0, "Local Hit Blocks": 0, "Local Read Blocks": 0, "Local Dirtied Blocks": 0, "Local Written Blocks": 0, "Temp Read Blocks": 0, "Temp Written Blocks": 0, "I/O Read Time": 7.901, "I/O Write Time": 0.0}, "Planning Time": 9.284, "Triggers": [], "Execution Time": 510.492}, "config": {}}
{"query": "EXPLAIN (ANALYZE, COSTS, BUFFERS, VERBOSE, FORMAT JSON) select customer.c_customer_sk, customer_demographics.cd_dep_count,  avg(customer.c_birth_month) from customer join customer_demographics on customer_demographics.cd_demo_sk=customer.c_current_cdemo_sk where customer.c_customer_sk >= 49019 group by customer.c_customer_sk, customer_demographics.cd_dep_count;", "planinfo": {"Plan": {"Node Type": "Aggregate", "Strategy": "Hashed", "Partial Mode": "Simple", "Parallel Aware": false, "Startup Cost": 55607.42, "Total Cost": 56737.36, "Plan Rows": 50748, "Plan Width": 40, "Actual Startup Time": 788.373, "Actual Total Time": 840.189, "Actual Rows": 49181, "Actual Loops": 1, "Output": ["customer.c_customer_sk", "customer_demographics.cd_dep_count", "avg(customer.c_birth_month)"], "Group Key": ["customer.c_customer_sk", "customer_demographics.cd_dep_count"], "Planned Partitions": 4, "HashAgg Batches": 5, "Peak Memory Usage": 4145, "Disk Usage": 1600, "Shared Hit Blocks": 69, "Shared Read Blocks": 23385, "Shared Dirtied Blocks": 0, "Shared Written Blocks": 0, "Local Hit Blocks": 0, "Local Read Blocks": 0, "Local Dirtied Blocks": 0, "Local Written Blocks": 0, "Temp Read Blocks": 128, "Temp Written Blocks": 288, "I/O Read Time": 172.965, "I/O Write Time": 0.0, "Plans": [{"Node Type": "Hash Join", "Parent Relationship": "Outer", "Parallel Aware": false, "Join Type": "Inner", "Startup Cost": 3500.13, "Total Cost": 52229.51, "Plan Rows": 50748, "Plan Width": 12, "Actual Startup Time": 57.375, "Actual Total Time": 753.797, "Actual Rows": 49181, "Actual Loops": 1, "Output": ["customer.c_customer_sk", "customer_demographics.cd_dep_count", "customer.c_birth_month"], "Inner Unique": false, "Hash Cond": "(customer_demographics.cd_demo_sk = customer.c_current_cdemo_sk)", "Shared Hit Blocks": 69, "Shared Read Blocks": 23385, "Shared Dirtied Blocks": 0, "Shared Written Blocks": 0, "Local Hit Blocks": 0, "Local Read Blocks": 0, "Local Dirtied Blocks": 0, "Local Written Blocks": 0, "Temp Read Blocks": 0, "Temp Written Blocks": 0, "I/O Read Time": 172.965, "I/O Write Time": 0.0, "Plans": [{"Node Type": "Seq Scan", "Parent Relationship": "Outer", "Parallel Aware": false, "Relation Name": "customer_demographics", "Schema": "public", "Alias": "customer_demographics", "Startup Cost": 0.0, "Total Cost": 41036.0, "Plan Rows": 1920800, "Plan Width": 8, "Actual Startup Time": 0.471, "Actual Total Time": 323.27, "Actual Rows": 1920800, "Actual Loops": 1, "Output": ["customer_demographics.cd_demo_sk", "customer_demographics.cd_gender", "customer_demographics.cd_marital_status", "customer_demographics.cd_education_status", "customer_demographics.cd_purchase_estimate", "customer_demographics.cd_credit_rating", "customer_demographics.cd_dep_count", "customer_demographics.cd_dep_employed_count", "customer_demographics.cd_dep_college_count"], "Shared Hit Blocks": 0, "Shared Read Blocks": 21828, "Shared Dirtied Blocks": 0, "Shared Written Blocks": 0, "Local Hit Blocks": 0, "Local Read Blocks": 0, "Local Dirtied Blocks": 0, "Local Written Blocks": 0, "Temp Read Blocks": 0, "Temp Written Blocks": 0, "I/O Read Time": 152.981, "I/O Write Time": 0.0, "parent": "Hash Join"}, {"Node Type": "Hash", "Parent Relationship": "Inner", "Parallel Aware": false, "Startup Cost": 2865.78, "Total Cost": 2865.78, "Plan Rows": 50748, "Plan Width": 12, "Actual Startup Time": 56.643, "Actual Total Time": 56.644, "Actual Rows": 49181, "Actual Loops": 1, "Output": ["customer.c_customer_sk", "customer.c_birth_month", "customer.c_current_cdemo_sk"], "Hash Buckets": 65536, "Original Hash Buckets": 65536, "Hash Batches": 1, "Original Hash Batches": 1, "Peak Memory Usage": 2622, "Shared Hit Blocks": 69, "Shared Read Blocks": 1557, "Shared Dirtied Blocks": 0, "Shared Written Blocks": 0, "Local Hit Blocks": 0, "Local Read Blocks": 0, "Local Dirtied Blocks": 0, "Local Written Blocks": 0, "Temp Read Blocks": 0, "Temp Written Blocks": 0, "I/O Read Time": 19.984, "I/O Write Time": 0.0, "Plans": [{"Node Type": "Index Scan", "Parent Relationship": "Outer", "Parallel Aware": false, "Scan Direction": "Forward", "Index Name": "c_customer_sk_idx", "Relation Name": "customer", "Schema": "public", "Alias": "customer", "Startup Cost": 0.29, "Total Cost": 2865.78, "Plan Rows": 50748, "Plan Width": 12, "Actual Startup Time": 1.322, "Actual Total Time": 42.406, "Actual Rows": 50982, "Actual Loops": 1, "Output": ["customer.c_customer_sk", "customer.c_birth_month", "customer.c_current_cdemo_sk"], "Index Cond": "(customer.c_customer_sk >= 49019)", "Rows Removed by Index Recheck": 0, "Shared Hit Blocks": 69, "Shared Read Blocks": 1557, "Shared Dirtied Blocks": 0, "Shared Written Blocks": 0, "Local Hit Blocks": 0, "Local Read Blocks": 0, "Local Dirtied Blocks": 0, "Local Written Blocks": 0, "Temp Read Blocks": 0, "Temp Written Blocks": 0, "I/O Read Time": 19.984, "I/O Write Time": 0.0, "parent": "Hash"}], "parent": "Hash Join"}], "parent": "Aggregate"}], "parent": "None"}, "Planning": {"Shared Hit Blocks": 107, "Shared Read Blocks": 22, "Shared Dirtied Blocks": 0, "Shared Written Blocks": 0, "Local Hit Blocks": 0, "Local Read Blocks": 0, "Local Dirtied Blocks": 0, "Local Written Blocks": 0, "Temp Read Blocks": 0, "Temp Written Blocks": 0, "I/O Read Time": 8.144, "I/O Write Time": 0.0}, "Planning Time": 9.407, "Triggers": [], "Execution Time": 844.323}, "config": {}}
{"query": "EXPLAIN (ANALYZE, COSTS, BUFFERS, VERBOSE, FORMAT JSON) select web_sales.ws_ext_list_price, web_site.web_mkt_id from web_site join web_sales on web_sales.ws_web_site_sk=web_site.web_site_sk;", "planinfo": {"Plan": {"Node Type": "Hash Join", "Parallel Aware": false, "Join Type": "Inner", "Startup Cost": 2.67, "Total Cost": 28118.56, "Plan Rows": 719384, "Plan Width": 11, "Actual Startup Time": 1.092, "Actual Total Time": 553.337, "Actual Rows": 719198, "Actual Loops": 1, "Output": ["web_sales.ws_ext_list_price", "web_site.web_mkt_id"], "Inner Unique": true, "Hash Cond": "(web_sales.ws_web_site_sk = web_site.web_site_sk)", "Shared Hit Blocks": 5, "Shared Read Blocks": 18767, "Shared Dirtied Blocks": 0, "Shared Written Blocks": 0, "Local Hit Blocks": 0, "Local Read Blocks": 0, "Local Dirtied Blocks": 0, "Local Written Blocks": 0, "Temp Read Blocks": 0, "Temp Written Blocks": 0, "I/O Read Time": 160.827, "I/O Write Time": 0.0, "Plans": [{"Node Type": "Seq Scan", "Parent Relationship": "Outer", "Parallel Aware": false, "Relation Name": "web_sales", "Schema": "public", "Alias": "web_sales", "Startup Cost": 0.0, "Total Cost": 25960.84, "Plan Rows": 719384, "Plan Width": 11, "Actual Startup Time": 0.485, "Actual Total Time": 238.954, "Actual Rows": 719384, "Actual Loops": 1, "Output": ["web_sales.ws_sold_date_sk", "web_sales.ws_sold_time_sk", "web_sales.ws_ship_date_sk", "web_sales.ws_item_sk", "web_sales.ws_bill_customer_sk", "web_sales.ws_bill_cdemo_sk", "web_sales.ws_bill_hdemo_sk", "web_sales.ws_bill_addr_sk", "web_sales.ws_ship_customer_sk", "web_sales.ws_ship_cdemo_sk", "web_sales.ws_ship_hdemo_sk", "web_sales.ws_ship_addr_sk", "web_sales.ws_web_page_sk", "web_sales.ws_web_site_sk", "web_sales.ws_ship_mode_sk", "web_sales.ws_warehouse_sk", "web_sales.ws_promo_sk", "web_sales.ws_order_number", "web_sales.ws_quantity", "web_sales.ws_wholesale_cost", "web_sales.ws_list_price", "web_sales.ws_sales_price", "web_sales.ws_ext_discount_amt", "web_sales.ws_ext_sales_price", "web_sales.ws_ext_wholesale_cost", "web_sales.ws_ext_list_price", "web_sales.ws_ext_tax", "web_sales.ws_coupon_amt", "web_sales.ws_ext_ship_cost", "web_sales.ws_net_paid", "web_sales.ws_net_paid_inc_tax", "web_sales.ws_net_paid_inc_ship", "web_sales.ws_net_paid_inc_ship_tax", "web_sales.ws_net_profit"], "Shared Hit Blocks": 0, "Shared Read Blocks": 18767, "Shared Dirtied Blocks": 0, "Shared Written Blocks": 0, "Local Hit Blocks": 0, "Local Read Blocks": 0, "Local Dirtied Blocks": 0, "Local Written Blocks": 0, "Temp Read Blocks": 0, "Temp Written Blocks": 0, "I/O Read Time": 160.827, "I/O Write Time": 0.0, "parent": "Hash Join"}, {"Node Type": "Hash", "Parent Relationship": "Inner", "Parallel Aware": false, "Startup Cost": 2.3, "Total Cost": 2.3, "Plan Rows": 30, "Plan Width": 8, "Actual Startup Time": 0.561, "Actual Total Time": 0.563, "Actual Rows": 30, "Actual Loops": 1, "Output": ["web_site.web_mkt_id", "web_site.web_site_sk"], "Hash Buckets": 1024, "Original Hash Buckets": 1024, "Hash Batches": 1, "Original Hash Batches": 1, "Peak Memory Usage": 10, "Shared Hit Blocks": 2, "Shared Read Blocks": 0, "Shared Dirtied Blocks": 0, "Shared Written Blocks": 0, "Local Hit Blocks": 0, "Local Read Blocks": 0, "Local Dirtied Blocks": 0, "Local Written Blocks": 0, "Temp Read Blocks": 0, "Temp Written Blocks": 0, "I/O Read Time": 0.0, "I/O Write Time": 0.0, "Plans": [{"Node Type": "Seq Scan", "Parent Relationship": "Outer", "Parallel Aware": false, "Relation Name": "web_site", "Schema": "public", "Alias": "web_site", "Startup Cost": 0.0, "Total Cost": 2.3, "Plan Rows": 30, "Plan Width": 8, "Actual Startup Time": 0.005, "Actual Total Time": 0.016, "Actual Rows": 30, "Actual Loops": 1, "Output": ["web_site.web_mkt_id", "web_site.web_site_sk"], "Shared Hit Blocks": 2, "Shared Read Blocks": 0, "Shared Dirtied Blocks": 0, "Shared Written Blocks": 0, "Local Hit Blocks": 0, "Local Read Blocks": 0, "Local Dirtied Blocks": 0, "Local Written Blocks": 0, "Temp Read Blocks": 0, "Temp Written Blocks": 0, "I/O Read Time": 0.0, "I/O Write Time": 0.0, "parent": "Hash"}], "parent": "Hash Join"}], "parent": "None"}, "Planning": {"Shared Hit Blocks": 90, "Shared Read Blocks": 17, "Shared Dirtied Blocks": 0, "Shared Written Blocks": 0, "Local Hit Blocks": 0, "Local Read Blocks": 0, "Local Dirtied Blocks": 0, "Local Written Blocks": 0, "Temp Read Blocks": 0, "Temp Written Blocks": 0, "I/O Read Time": 6.111, "I/O Write Time": 0.0}, "Planning Time": 7.258, "Triggers": [], "Execution Time": 593.875}, "config": {}}
{"query": "EXPLAIN (ANALYZE, COSTS, BUFFERS, VERBOSE, FORMAT JSON) select catalog_sales.cs_bill_addr_sk, household_demographics.hd_dep_count,  max(household_demographics.hd_dep_count) from catalog_sales join household_demographics on household_demographics.hd_demo_sk=catalog_sales.cs_bill_hdemo_sk where catalog_sales.cs_ship_mode_sk >= 9 group by catalog_sales.cs_bill_addr_sk, household_demographics.hd_dep_count;", "planinfo": {"Plan": {"Node Type": "Aggregate", "Strategy": "Hashed", "Partial Mode": "Simple", "Parallel Aware": false, "Startup Cost": 108678.06, "Total Cost": 119228.07, "Plan Rows": 379870, "Plan Width": 12, "Actual Startup Time": 1580.77, "Actual Total Time": 1843.397, "Actual Rows": 136485, "Actual Loops": 1, "Output": ["catalog_sales.cs_bill_addr_sk", "household_demographics.hd_dep_count", "max(household_demographics.hd_dep_count)"], "Group Key": ["catalog_sales.cs_bill_addr_sk", "household_demographics.hd_dep_count"], "Planned Partitions": 16, "HashAgg Batches": 17, "Peak Memory Usage": 4241, "Disk Usage": 30928, "Shared Hit Blocks": 0, "Shared Read Blocks": 37458, "Shared Dirtied Blocks": 0, "Shared Written Blocks": 0, "Local Hit Blocks": 0, "Local Read Blocks": 0, "Local Dirtied Blocks": 0, "Local Written Blocks": 0, "Temp Read Blocks": 2359, "Temp Written Blocks": 6039, "I/O Read Time": 588.643, "I/O Write Time": 0.0, "Plans": [{"Node Type": "Hash Join", "Parent Relationship": "Outer", "Parallel Aware": false, "Join Type": "Inner", "Startup Cost": 215.0, "Total Cost": 57908.25, "Plan Rows": 864167, "Plan Width": 8, "Actual Startup Time": 4.847, "Actual Total Time": 1204.384, "Actual Rows": 858781, "Actual Loops": 1, "Output": ["catalog_sales.cs_bill_addr_sk", "household_demographics.hd_dep_count"], "Inner Unique": true, "Hash Cond": "(catalog_sales.cs_bill_hdemo_sk = household_demographics.hd_demo_sk)", "Shared Hit Blocks": 0, "Shared Read Blocks": 37458, "Shared Dirtied Blocks": 0, "Shared Written Blocks": 0, "Local Hit Blocks": 0, "Local Read Blocks": 0, "Local Dirtied Blocks": 0, "Local Written Blocks": 0, "Temp Read Blocks": 0, "Temp Written Blocks": 0, "I/O Read Time": 588.643, "I/O Write Time": 0.0, "Plans": [{"Node Type": "Seq Scan", "Parent Relationship": "Outer", "Parallel Aware": false, "Relation Name": "catalog_sales", "Schema": "public", "Alias": "catalog_sales", "Startup Cost": 0.0, "Total Cost": 55423.49, "Plan Rows": 864167, "Plan Width": 8, "Actual Startup Time": 0.474, "Actual Total Time": 913.617, "Actual Rows": 860884, "Actual Loops": 1, "Output": ["catalog_sales.cs_sold_date_sk", "catalog_sales.cs_sold_time_sk", "catalog_sales.cs_ship_date_sk", "catalog_sales.cs_bill_customer_sk", "catalog_sales.cs_bill_cdemo_sk", "catalog_sales.cs_bill_hdemo_sk", "catalog_sales.cs_bill_addr_sk", "catalog_sales.cs_ship_customer_sk", "catalog_sales.cs_ship_cdemo_sk", "catalog_sales.cs_ship_hdemo_sk", "catalog_sales.cs_ship_addr_sk", "catalog_sales.cs_call_center_sk", "catalog_sales.cs_catalog_page_sk", "catalog_sales.cs_ship_mode_sk", "catalog_sales.cs_warehouse_sk", "catalog_sales.cs_item_sk", "catalog_sales.cs_promo_sk", "catalog_sales.cs_order_number", "catalog_sales.cs_quantity", "catalog_sales.cs_wholesale_cost", "catalog_sales.cs_list_price", "catalog_sales.cs_sales_price", "catalog_sales.cs_ext_discount_amt", "catalog_sales.cs_ext_sales_price", "catalog_sales.cs_ext_wholesale_cost", "catalog_sales.cs_ext_list_price", "catalog_sales.cs_ext_tax", "catalog_sales.cs_coupon_amt", "catalog_sales.cs_ext_ship_cost", "catalog_sales.cs_net_paid", "catalog_sales.cs_net_paid_inc_tax", "catalog_sales.cs_net_paid_inc_ship", "catalog_sales.cs_net_paid_inc_ship_tax", "catalog_sales.cs_net_profit"], "Filter": "(catalog_sales.cs_ship_mode_sk >= 9)", "Rows Removed by Filter": 580664, "Shared Hit Blocks": 0, "Shared Read Blocks": 37405, "Shared Dirtied Blocks": 0, "Shared Written Blocks": 0, "Local Hit Blocks": 0, "Local Read Blocks": 0, "Local Dirtied Blocks": 0, "Local Written Blocks": 0, "Temp Read Blocks": 0, "Temp Written Blocks": 0, "I/O Read Time": 587.303, "I/O Write Time": 0.0, "parent": "Hash Join"}, {"Node Type": "Hash", "Parent Relationship": "Inner", "Parallel Aware": false, "Startup Cost": 125.0, "Total Cost": 125.0, "Plan Rows": 7200, "Plan Width": 8, "Actual Startup Time": 4.335, "Actual Total Time": 4.336, "Actual Rows": 7200, "Actual Loops": 1, "Output": ["household_demographics.hd_dep_count", "household_demographics.hd_demo_sk"], "Hash Buckets": 8192, "Original Hash Buckets": 8192, "Hash Batches": 1, "Original Hash Batches": 1, "Peak Memory Usage": 346, "Shared Hit Blocks": 0, "Shared Read Blocks": 53, "Shared Dirtied Blocks": 0, "Shared Written Blocks": 0, "Local Hit Blocks": 0, "Local Read Blocks": 0, "Local Dirtied Blocks": 0, "Local Written Blocks": 0, "Temp Read Blocks": 0, "Temp Written Blocks": 0, "I/O Read Time": 1.34, "I/O Write Time": 0.0, "Plans": [{"Node Type": "Seq Scan", "Parent Relationship": "Outer", "Parallel Aware": false, "Relation Name": "household_demographics", "Schema": "public", "Alias": "household_demographics", "Startup Cost": 0.0, "Total Cost": 125.0, "Plan Rows": 7200, "Plan Width": 8, "Actual Startup Time": 0.451, "Actual Total Time": 2.631, "Actual Rows": 7200, "Actual Loops": 1, "Output": ["household_demographics.hd_dep_count", "household_demographics.hd_demo_sk"], "Shared Hit Blocks": 0, "Shared Read Blocks": 53, "Shared Dirtied Blocks": 0, "Shared Written Blocks": 0, "Local Hit Blocks": 0, "Local Read Blocks": 0, "Local Dirtied Blocks": 0, "Local Written Blocks": 0, "Temp Read Blocks": 0, "Temp Written Blocks": 0, "I/O Read Time": 1.34, "I/O Write Time": 0.0, "parent": "Hash"}], "parent": "Hash Join"}], "parent": "Aggregate"}], "parent": "None"}, "Planning": {"Shared Hit Blocks": 91, "Shared Read Blocks": 17, "Shared Dirtied Blocks": 0, "Shared Written Blocks": 0, "Local Hit Blocks": 0, "Local Read Blocks": 0, "Local Dirtied Blocks": 0, "Local Written Blocks": 0, "Temp Read Blocks": 0, "Temp Written Blocks": 0, "I/O Read Time": 5.637, "I/O Write Time": 0.0}, "Planning Time": 8.034, "Triggers": [], "Execution Time": 1857.445}, "config": {}}
{"query": "EXPLAIN (ANALYZE, COSTS, BUFFERS, VERBOSE, FORMAT JSON) select catalog_returns.cr_store_credit, reason.r_reason_sk from reason join catalog_returns on catalog_returns.cr_reason_sk=reason.r_reason_sk;", "planinfo": {"Plan": {"Node Type": "Hash Join", "Parallel Aware": false, "Join Type": "Inner", "Startup Cost": 1.79, "Total Cost": 4742.51, "Plan Rows": 144067, "Plan Width": 10, "Actual Startup Time": 1.018, "Actual Total Time": 106.377, "Actual Rows": 141227, "Actual Loops": 1, "Output": ["catalog_returns.cr_store_credit", "reason.r_reason_sk"], "Inner Unique": true, "Hash Cond": "(catalog_returns.cr_reason_sk = reason.r_reason_sk)", "Shared Hit Blocks": 4, "Shared Read Blocks": 2877, "Shared Dirtied Blocks": 0, "Shared Written Blocks": 0, "Local Hit Blocks": 0, "Local Read Blocks": 0, "Local Dirtied Blocks": 0, "Local Written Blocks": 0, "Temp Read Blocks": 0, "Temp Written Blocks": 0, "I/O Read Time": 27.991, "I/O Write Time": 0.0, "Plans": [{"Node Type": "Seq Scan", "Parent Relationship": "Outer", "Parallel Aware": false, "Relation Name": "catalog_returns", "Schema": "public", "Alias": "catalog_returns", "Startup Cost": 0.0, "Total Cost": 4317.67, "Plan Rows": 144067, "Plan Width": 10, "Actual Startup Time": 0.451, "Actual Total Time": 42.99, "Actual Rows": 144067, "Actual Loops": 1, "Output": ["catalog_returns.cr_returned_date_sk", "catalog_returns.cr_returned_time_sk", "catalog_returns.cr_item_sk", "catalog_returns.cr_refunded_customer_sk", "catalog_returns.cr_refunded_cdemo_sk", "catalog_returns.cr_refunded_hdemo_sk", "catalog_returns.cr_refunded_addr_sk", "catalog_returns.cr_returning_customer_sk", "catalog_returns.cr_returning_cdemo_sk", "catalog_returns.cr_returning_hdemo_sk", "catalog_returns.cr_returning_addr_sk", "catalog_returns.cr_call_center_sk", "catalog_returns.cr_catalog_page_sk", "catalog_returns.cr_ship_mode_sk", "catalog_returns.cr_warehouse_sk", "catalog_returns.cr_reason_sk", "catalog_returns.cr_order_number", "catalog_returns.cr_return_quantity", "catalog_returns.cr_return_amount", "catalog_returns.cr_return_tax", "catalog_returns.cr_return_amt_inc_tax", "catalog_returns.cr_fee", "catalog_returns.cr_return_ship_cost", "catalog_returns.cr_refunded_cash", "catalog_returns.cr_reversed_charge", "catalog_returns.cr_store_credit", "catalog_returns.cr_net_loss"], "Shared Hit Blocks": 0, "Shared Read Blocks": 2877, "Shared Dirtied Blocks": 0, "Shared Written Blocks": 0, "Local Hit Blocks": 0, "Local Read Blocks": 0, "Local Dirtied Blocks": 0, "Local Written Blocks": 0, "Temp Read Blocks": 0, "Temp Written Blocks": 0, "I/O Read Time": 27.991, "I/O Write Time": 0.0, "parent": "Hash Join"}, {"Node Type": "Hash", "Parent Relationship": "Inner", "Parallel Aware": false, "Startup Cost": 1.35, "Total Cost": 1.35, "Plan Rows": 35, "Plan Width": 4, "Actual Startup Time": 0.537, "Actual Total Time": 0.54, "Actual Rows": 35, "Actual Loops": 1, "Output": ["reason.r_reason_sk"], "Hash Buckets": 1024, "Original Hash Buckets": 1024, "Hash Batches": 1, "Original Hash Batches": 1, "Peak Memory Usage": 10, "Shared Hit Blocks": 1, "Shared Read Blocks": 0, "Shared Dirtied Blocks": 0, "Shared Written Blocks": 0, "Local Hit Blocks": 0, "Local Read Blocks": 0, "Local Dirtied Blocks": 0, "Local Written Blocks": 0, "Temp Read Blocks": 0, "Temp Written Blocks": 0, "I/O Read Time": 0.0, "I/O Write Time": 0.0, "Plans": [{"Node Type": "Seq Scan", "Parent Relationship": "Outer", "Parallel Aware": false, "Relation Name": "reason", "Schema": "public", "Alias": "reason", "Startup Cost": 0.0, "Total Cost": 1.35, "Plan Rows": 35, "Plan Width": 4, "Actual Startup Time": 0.004, "Actual Total Time": 0.01, "Actual Rows": 35, "Actual Loops": 1, "Output": ["reason.r_reason_sk"], "Shared Hit Blocks": 1, "Shared Read Blocks": 0, "Shared Dirtied Blocks": 0, "Shared Written Blocks": 0, "Local Hit Blocks": 0, "Local Read Blocks": 0, "Local Dirtied Blocks": 0, "Local Written Blocks": 0, "Temp Read Blocks": 0, "Temp Written Blocks": 0, "I/O Read Time": 0.0, "I/O Write Time": 0.0, "parent": "Hash"}], "parent": "Hash Join"}], "parent": "None"}, "Planning": {"Shared Hit Blocks": 94, "Shared Read Blocks": 14, "Shared Dirtied Blocks": 0, "Shared Written Blocks": 0, "Local Hit Blocks": 0, "Local Read Blocks": 0, "Local Dirtied Blocks": 0, "Local Written Blocks": 0, "Temp Read Blocks": 0, "Temp Written Blocks": 0, "I/O Read Time": 4.201, "I/O Write Time": 0.0}, "Planning Time": 5.27, "Triggers": [], "Execution Time": 114.848}, "config": {}}
{"query": "EXPLAIN (ANALYZE, COSTS, BUFFERS, VERBOSE, FORMAT JSON) select store_returns.sr_addr_sk, customer_demographics.cd_dep_employed_count from customer_demographics join store_returns on store_returns.sr_cdemo_sk=customer_demographics.cd_demo_sk where store_returns.sr_return_tax >= 88.9 order by store_returns.sr_addr_sk ASC;", "planinfo": {"Plan": {"Node Type": "Sort", "Parallel Aware": false, "Startup Cost": 60693.92, "Total Cost": 60796.9, "Plan Rows": 41195, "Plan Width": 8, "Actual Startup Time": 845.067, "Actual Total Time": 850.207, "Actual Rows": 39463, "Actual Loops": 1, "Output": ["store_returns.sr_addr_sk", "customer_demographics.cd_dep_employed_count"], "Sort Key": ["store_returns.sr_addr_sk"], "Sort Method": "quicksort", "Sort Space Used": 3387, "Sort Space Type": "Memory", "Shared Hit Blocks": 3, "Shared Read Blocks": 26619, "Shared Dirtied Blocks": 0, "Shared Written Blocks": 0, "Local Hit Blocks": 0, "Local Read Blocks": 0, "Local Dirtied Blocks": 0, "Local Written Blocks": 0, "Temp Read Blocks": 0, "Temp Written Blocks": 0, "I/O Read Time": 236.26, "I/O Write Time": 0.0, "Plans": [{"Node Type": "Hash Join", "Parent Relationship": "Outer", "Parallel Aware": false, "Join Type": "Inner", "Startup Cost": 8899.86, "Total Cost": 57536.28, "Plan Rows": 41195, "Plan Width": 8, "Actual Startup Time": 146.513, "Actual Total Time": 827.756, "Actual Rows": 39463, "Actual Loops": 1, "Output": ["store_returns.sr_addr_sk", "customer_demographics.cd_dep_employed_count"], "Inner Unique": false, "Hash Cond": "(customer_demographics.cd_demo_sk = store_returns.sr_cdemo_sk)", "Shared Hit Blocks": 0, "Shared Read Blocks": 26619, "Shared Dirtied Blocks": 0, "Shared Written Blocks": 0, "Local Hit Blocks": 0, "Local Read Blocks": 0, "Local Dirtied Blocks": 0, "Local Written Blocks": 0, "Temp Read Blocks": 0, "Temp Written Blocks": 0, "I/O Read Time": 236.26, "I/O Write Time": 0.0, "Plans": [{"Node Type": "Seq Scan", "Parent Relationship": "Outer", "Parallel Aware": false, "Relation Name": "customer_demographics", "Schema": "public", "Alias": "customer_demographics", "Startup Cost": 0.0, "Total Cost": 41036.0, "Plan Rows": 1920800, "Plan Width": 8, "Actual Startup Time": 0.459, "Actual Total Time": 357.736, "Actual Rows": 1920800, "Actual Loops": 1, "Output": ["customer_demographics.cd_demo_sk", "customer_demographics.cd_gender", "customer_demographics.cd_marital_status", "customer_demographics.cd_education_status", "customer_demographics.cd_purchase_estimate", "customer_demographics.cd_credit_rating", "customer_demographics.cd_dep_count", "customer_demographics.cd_dep_employed_count", "customer_demographics.cd_dep_college_count"], "Shared Hit Blocks": 0, "Shared Read Blocks": 21828, "Shared Dirtied Blocks": 0, "Shared Written Blocks": 0, "Local Hit Blocks": 0, "Local Read Blocks": 0, "Local Dirtied Blocks": 0, "Local Written Blocks": 0, "Temp Read Blocks": 0, "Temp Written Blocks": 0, "I/O Read Time": 185.572, "I/O Write Time": 0.0, "parent": "Hash Join"}, {"Node Type": "Hash", "Parent Relationship": "Inner", "Parallel Aware": false, "Startup Cost": 8384.92, "Total Cost": 8384.92, "Plan Rows": 41195, "Plan Width": 8, "Actual Startup Time": 145.803, "Actual Total Time": 145.805, "Actual Rows": 39463, "Actual Loops": 1, "Output": ["store_returns.sr_addr_sk", "store_returns.sr_cdemo_sk"], "Hash Buckets": 65536, "Original Hash Buckets": 65536, "Hash Batches": 1, "Original Hash Batches": 1, "Peak Memory Usage": 2053, "Shared Hit Blocks": 0, "Shared Read Blocks": 4791, "Shared Dirtied Blocks": 0, "Shared Written Blocks": 0, "Local Hit Blocks": 0, "Local Read Blocks": 0, "Local Dirtied Blocks": 0, "Local Written Blocks": 0, "Temp Read Blocks": 0, "Temp Written Blocks": 0, "I/O Read Time": 50.688, "I/O Write Time": 0.0, "Plans": [{"Node Type": "Seq Scan", "Parent Relationship": "Outer", "Parallel Aware": false, "Relation Name": "store_returns", "Schema": "public", "Alias": "store_returns", "Startup Cost": 0.0, "Total Cost": 8384.92, "Plan Rows": 41195, "Plan Width": 8, "Actual Startup Time": 0.458, "Actual Total Time": 133.235, "Actual Rows": 40157, "Actual Loops": 1, "Output": ["store_returns.sr_addr_sk", "store_returns.sr_cdemo_sk"], "Filter": "(store_returns.sr_return_tax >= 88.9)", "Rows Removed by Filter": 247357, "Shared Hit Blocks": 0, "Shared Read Blocks": 4791, "Shared Dirtied Blocks": 0, "Shared Written Blocks": 0, "Local Hit Blocks": 0, "Local Read Blocks": 0, "Local Dirtied Blocks": 0, "Local Written Blocks": 0, "Temp Read Blocks": 0, "Temp Written Blocks": 0, "I/O Read Time": 50.688, "I/O Write Time": 0.0, "parent": "Hash"}], "parent": "Hash Join"}], "parent": "Sort"}], "parent": "None"}, "Planning": {"Shared Hit Blocks": 105, "Shared Read Blocks": 24, "Shared Dirtied Blocks": 0, "Shared Written Blocks": 0, "Local Hit Blocks": 0, "Local Read Blocks": 0, "Local Dirtied Blocks": 0, "Local Written Blocks": 0, "Temp Read Blocks": 0, "Temp Written Blocks": 0, "I/O Read Time": 7.357, "I/O Write Time": 0.0}, "Planning Time": 8.546, "Triggers": [], "Execution Time": 853.486}, "config": {}}
{"query": "EXPLAIN (ANALYZE, COSTS, BUFFERS, VERBOSE, FORMAT JSON) select web_returns.wr_reason_sk, time_dim.t_time,  min(time_dim.t_time_sk) from web_returns join time_dim on time_dim.t_time_sk=web_returns.wr_returned_time_sk where time_dim.t_time > 66309 and time_dim.t_hour >= 21 group by web_returns.wr_reason_sk, time_dim.t_time order by time_dim.t_time DESC;", "planinfo": {"Plan": {"Node Type": "Aggregate", "Strategy": "Sorted", "Partial Mode": "Simple", "Parallel Aware": false, "Startup Cost": 5070.79, "Total Cost": 5112.09, "Plan Rows": 2065, "Plan Width": 12, "Actual Startup Time": 90.265, "Actual Total Time": 93.984, "Actual Rows": 6117, "Actual Loops": 1, "Output": ["web_returns.wr_reason_sk", "time_dim.t_time", "min(time_dim.t_time_sk)"], "Group Key": ["time_dim.t_time", "web_returns.wr_reason_sk"], "Shared Hit Blocks": 3, "Shared Read Blocks": 2724, "Shared Dirtied Blocks": 0, "Shared Written Blocks": 0, "Local Hit Blocks": 0, "Local Read Blocks": 0, "Local Dirtied Blocks": 0, "Local Written Blocks": 0, "Temp Read Blocks": 0, "Temp Written Blocks": 0, "I/O Read Time": 50.594, "I/O Write Time": 0.0, "Plans": [{"Node Type": "Sort", "Parent Relationship": "Outer", "Parallel Aware": false, "Startup Cost": 5070.79, "Total Cost": 5075.95, "Plan Rows": 2065, "Plan Width": 12, "Actual Startup Time": 90.255, "Actual Total Time": 90.7, "Actual Rows": 6182, "Actual Loops": 1, "Output": ["web_returns.wr_reason_sk", "time_dim.t_time", "time_dim.t_time_sk"], "Sort Key": ["time_dim.t_time DESC", "web_returns.wr_reason_sk"], "Sort Method": "quicksort", "Sort Space Used": 531, "Sort Space Type": "Memory", "Shared Hit Blocks": 3, "Shared Read Blocks": 2724, "Shared Dirtied Blocks": 0, "Shared Written Blocks": 0, "Local Hit Blocks": 0, "Local Read Blocks": 0, "Local Dirtied Blocks": 0, "Local Written Blocks": 0, "Temp Read Blocks": 0, "Temp Written Blocks": 0, "I/O Read Time": 50.594, "I/O Write Time": 0.0, "Plans": [{"Node Type": "Hash Join", "Parent Relationship": "Outer", "Parallel Aware": false, "Join Type": "Inner", "Startup Cost": 2724.07, "Total Cost": 4957.09, "Plan Rows": 2065, "Plan Width": 12, "Actual Startup Time": 41.681, "Actual Total Time": 87.181, "Actual Rows": 6182, "Actual Loops": 1, "Output": ["web_returns.wr_reason_sk", "time_dim.t_time", "time_dim.t_time_sk"], "Inner Unique": true, "Hash Cond": "(web_returns.wr_returned_time_sk = time_dim.t_time_sk)", "Shared Hit Blocks": 0, "Shared Read Blocks": 2724, "Shared Dirtied Blocks": 0, "Shared Written Blocks": 0, "Local Hit Blocks": 0, "Local Read Blocks": 0, "Local Dirtied Blocks": 0, "Local Written Blocks": 0, "Temp Read Blocks": 0, "Temp Written Blocks": 0, "I/O Read Time": 50.594, "I/O Write Time": 0.0, "Plans": [{"Node Type": "Seq Scan", "Parent Relationship": "Outer", "Parallel Aware": false, "Relation Name": "web_returns", "Schema": "public", "Alias": "web_returns", "Startup Cost": 0.0, "Total Cost": 2044.63, "Plan Rows": 71763, "Plan Width": 8, "Actual Startup Time": 0.455, "Actual Total Time": 31.786, "Actual Rows": 71763, "Actual Loops": 1, "Output": ["web_returns.wr_returned_date_sk", "web_returns.wr_returned_time_sk", "web_returns.wr_item_sk", "web_returns.wr_refunded_customer_sk", "web_returns.wr_refunded_cdemo_sk", "web_returns.wr_refunded_hdemo_sk", "web_returns.wr_refunded_addr_sk", "web_returns.wr_returning_customer_sk", "web_returns.wr_returning_cdemo_sk", "web_returns.wr_returning_hdemo_sk", "web_returns.wr_returning_addr_sk", "web_returns.wr_web_page_sk", "web_returns.wr_reason_sk", "web_returns.wr_order_number", "web_returns.wr_return_quantity", "web_returns.wr_return_amt", "web_returns.wr_return_tax", "web_returns.wr_return_amt_inc_tax", "web_returns.wr_fee", "web_returns.wr_return_ship_cost", "web_returns.wr_refunded_cash", "web_returns.wr_reversed_charge", "web_returns.wr_account_credit", "web_returns.wr_net_loss"], "Shared Hit Blocks": 0, "Shared Read Blocks": 1327, "Shared Dirtied Blocks": 0, "Shared Written Blocks": 0, "Local Hit Blocks": 0, "Local Read Blocks": 0, "Local Dirtied Blocks": 0, "Local Written Blocks": 0, "Temp Read Blocks": 0, "Temp Written Blocks": 0, "I/O Read Time": 24.845, "I/O Write Time": 0.0, "parent": "Hash Join"}, {"Node Type": "Hash", "Parent Relationship": "Inner", "Parallel Aware": false, "Startup Cost": 2693.0, "Total Cost": 2693.0, "Plan Rows": 2486, "Plan Width": 8, "Actual Startup Time": 41.195, "Actual Total Time": 41.196, "Actual Rows": 10800, "Actual Loops": 1, "Output": ["time_dim.t_time", "time_dim.t_time_sk"], "Hash Buckets": 16384, "Original Hash Buckets": 4096, "Hash Batches": 1, "Original Hash Batches": 1, "Peak Memory Usage": 550, "Shared Hit Blocks": 0, "Shared Read Blocks": 1397, "Shared Dirtied Blocks": 0, "Shared Written Blocks": 0, "Local Hit Blocks": 0, "Local Read Blocks": 0, "Local Dirtied Blocks": 0, "Local Written Blocks": 0, "Temp Read Blocks": 0, "Temp Written Blocks": 0, "I/O Read Time": 25.749, "I/O Write Time": 0.0, "Plans": [{"Node Type": "Seq Scan", "Parent Relationship": "Outer", "Parallel Aware": false, "Relation Name": "time_dim", "Schema": "public", "Alias": "time_dim", "Startup Cost": 0.0, "Total Cost": 2693.0, "Plan Rows": 2486, "Plan Width": 8, "Actual Startup Time": 34.491, "Actual Total Time": 38.483, "Actual Rows": 10800, "Actual Loops": 1, "Output": ["time_dim.t_time", "time_dim.t_time_sk"], "Filter": "((time_dim.t_time > 66309) AND (time_dim.t_hour >= 21))", "Rows Removed by Filter": 75600, "Shared Hit Blocks": 0, "Shared Read Blocks": 1397, "Shared Dirtied Blocks": 0, "Shared Written Blocks": 0, "Local Hit Blocks": 0, "Local Read Blocks": 0, "Local Dirtied Blocks": 0, "Local Written Blocks": 0, "Temp Read Blocks": 0, "Temp Written Blocks": 0, "I/O Read Time": 25.749, "I/O Write Time": 0.0, "parent": "Hash"}], "parent": "Hash Join"}], "parent": "Sort"}], "parent": "Aggregate"}], "parent": "None"}, "Planning": {"Shared Hit Blocks": 93, "Shared Read Blocks": 18, "Shared Dirtied Blocks": 0, "Shared Written Blocks": 0, "Local Hit Blocks": 0, "Local Read Blocks": 0, "Local Dirtied Blocks": 0, "Local Written Blocks": 0, "Temp Read Blocks": 0, "Temp Written Blocks": 0, "I/O Read Time": 6.44, "I/O Write Time": 0.0}, "Planning Time": 7.565, "Triggers": [], "Execution Time": 94.623}, "config": {}}
{"query": "EXPLAIN (ANALYZE, COSTS, BUFFERS, VERBOSE, FORMAT JSON) select web_page.wp_char_count, web_sales.ws_bill_cdemo_sk from web_page join web_sales on web_sales.ws_web_page_sk=web_page.wp_web_page_sk where web_page.wp_max_ad_count != 3;", "planinfo": {"Plan": {"Node Type": "Hash Join", "Parallel Aware": false, "Join Type": "Inner", "Startup Cost": 3.41, "Total Cost": 27985.97, "Plan Rows": 635456, "Plan Width": 8, "Actual Startup Time": 1.26, "Actual Total Time": 537.986, "Actual Rows": 661077, "Actual Loops": 1, "Output": ["web_page.wp_char_count", "web_sales.ws_bill_cdemo_sk"], "Inner Unique": true, "Hash Cond": "(web_sales.ws_web_page_sk = web_page.wp_web_page_sk)", "Shared Hit Blocks": 5, "Shared Read Blocks": 18767, "Shared Dirtied Blocks": 0, "Shared Written Blocks": 0, "Local Hit Blocks": 0, "Local Read Blocks": 0, "Local Dirtied Blocks": 0, "Local Written Blocks": 0, "Temp Read Blocks": 0, "Temp Written Blocks": 0, "I/O Read Time": 218.015, "I/O Write Time": 0.0, "Plans": [{"Node Type": "Seq Scan", "Parent Relationship": "Outer", "Parallel Aware": false, "Relation Name": "web_sales", "Schema": "public", "Alias": "web_sales", "Startup Cost": 0.0, "Total Cost": 25960.84, "Plan Rows": 719384, "Plan Width": 8, "Actual Startup Time": 0.459, "Actual Total Time": 294.24, "Actual Rows": 719384, "Actual Loops": 1, "Output": ["web_sales.ws_sold_date_sk", "web_sales.ws_sold_time_sk", "web_sales.ws_ship_date_sk", "web_sales.ws_item_sk", "web_sales.ws_bill_customer_sk", "web_sales.ws_bill_cdemo_sk", "web_sales.ws_bill_hdemo_sk", "web_sales.ws_bill_addr_sk", "web_sales.ws_ship_customer_sk", "web_sales.ws_ship_cdemo_sk", "web_sales.ws_ship_hdemo_sk", "web_sales.ws_ship_addr_sk", "web_sales.ws_web_page_sk", "web_sales.ws_web_site_sk", "web_sales.ws_ship_mode_sk", "web_sales.ws_warehouse_sk", "web_sales.ws_promo_sk", "web_sales.ws_order_number", "web_sales.ws_quantity", "web_sales.ws_wholesale_cost", "web_sales.ws_list_price", "web_sales.ws_sales_price", "web_sales.ws_ext_discount_amt", "web_sales.ws_ext_sales_price", "web_sales.ws_ext_wholesale_cost", "web_sales.ws_ext_list_price", "web_sales.ws_ext_tax", "web_sales.ws_coupon_amt", "web_sales.ws_ext_ship_cost", "web_sales.ws_net_paid", "web_sales.ws_net_paid_inc_tax", "web_sales.ws_net_paid_inc_ship", "web_sales.ws_net_paid_inc_ship_tax", "web_sales.ws_net_profit"], "Shared Hit Blocks": 0, "Shared Read Blocks": 18767, "Shared Dirtied Blocks": 0, "Shared Written Blocks": 0, "Local Hit Blocks": 0, "Local Read Blocks": 0, "Local Dirtied Blocks": 0, "Local Written Blocks": 0, "Temp Read Blocks": 0, "Temp Written Blocks": 0, "I/O Read Time": 218.015, "I/O Write Time": 0.0, "parent": "Hash Join"}, {"Node Type": "Hash", "Parent Relationship": "Inner", "Parallel Aware": false, "Startup Cost": 2.75, "Total Cost": 2.75, "Plan Rows": 53, "Plan Width": 8, "Actual Startup Time": 0.756, "Actual Total Time": 0.758, "Actual Rows": 53, "Actual Loops": 1, "Output": ["web_page.wp_char_count", "web_page.wp_web_page_sk"], "Hash Buckets": 1024, "Original Hash Buckets": 1024, "Hash Batches": 1, "Original Hash Batches": 1, "Peak Memory Usage": 11, "Shared Hit Blocks": 2, "Shared Read Blocks": 0, "Shared Dirtied Blocks": 0, "Shared Written Blocks": 0, "Local Hit Blocks": 0, "Local Read Blocks": 0, "Local Dirtied Blocks": 0, "Local Written Blocks": 0, "Temp Read Blocks": 0, "Temp Written Blocks": 0, "I/O Read Time": 0.0, "I/O Write Time": 0.0, "Plans": [{"Node Type": "Seq Scan", "Parent Relationship": "Outer", "Parallel Aware": false, "Relation Name": "web_page", "Schema": "public", "Alias": "web_page", "Startup Cost": 0.0, "Total Cost": 2.75, "Plan Rows": 53, "Plan Width": 8, "Actual Startup Time": 0.007, "Actual Total Time": 0.031, "Actual Rows": 53, "Actual Loops": 1, "Output": ["web_page.wp_char_count", "web_page.wp_web_page_sk"], "Filter": "(web_page.wp_max_ad_count <> 3)", "Rows Removed by Filter": 7, "Shared Hit Blocks": 2, "Shared Read Blocks": 0, "Shared Dirtied Blocks": 0, "Shared Written Blocks": 0, "Local Hit Blocks": 0, "Local Read Blocks": 0, "Local Dirtied Blocks": 0, "Local Written Blocks": 0, "Temp Read Blocks": 0, "Temp Written Blocks": 0, "I/O Read Time": 0.0, "I/O Write Time": 0.0, "parent": "Hash"}], "parent": "Hash Join"}], "parent": "None"}, "Planning": {"Shared Hit Blocks": 95, "Shared Read Blocks": 16, "Shared Dirtied Blocks": 0, "Shared Written Blocks": 0, "Local Hit Blocks": 0, "Local Read Blocks": 0, "Local Dirtied Blocks": 0, "Local Written Blocks": 0, "Temp Read Blocks": 0, "Temp Written Blocks": 0, "I/O Read Time": 5.383, "I/O Write Time": 0.0}, "Planning Time": 6.512, "Triggers": [], "Execution Time": 570.916}, "config": {}}
{"query": "EXPLAIN (ANALYZE, COSTS, BUFFERS, VERBOSE, FORMAT JSON) select web_page.wp_max_ad_count, web_returns.wr_return_ship_cost from web_page join web_returns on web_returns.wr_web_page_sk=web_page.wp_web_page_sk order by web_page.wp_max_ad_count ASC;", "planinfo": {"Plan": {"Node Type": "Sort", "Parallel Aware": false, "Startup Cost": 8037.1, "Total Cost": 8216.51, "Plan Rows": 71763, "Plan Width": 10, "Actual Startup Time": 75.196, "Actual Total Time": 84.496, "Actual Rows": 68633, "Actual Loops": 1, "Output": ["web_page.wp_max_ad_count", "web_returns.wr_return_ship_cost"], "Sort Key": ["web_page.wp_max_ad_count"], "Sort Method": "external merge", "Sort Space Used": 1392, "Sort Space Type": "Disk", "Shared Hit Blocks": 5, "Shared Read Blocks": 1327, "Shared Dirtied Blocks": 0, "Shared Written Blocks": 0, "Local Hit Blocks": 0, "Local Read Blocks": 0, "Local Dirtied Blocks": 0, "Local Written Blocks": 0, "Temp Read Blocks": 174, "Temp Written Blocks": 175, "I/O Read Time": 13.659, "I/O Write Time": 0.0, "Plans": [{"Node Type": "Hash Join", "Parent Relationship": "Outer", "Parallel Aware": false, "Join Type": "Inner", "Startup Cost": 3.35, "Total Cost": 2249.07, "Plan Rows": 71763, "Plan Width": 10, "Actual Startup Time": 1.013, "Actual Total Time": 51.75, "Actual Rows": 68633, "Actual Loops": 1, "Output": ["web_page.wp_max_ad_count", "web_returns.wr_return_ship_cost"], "Inner Unique": true, "Hash Cond": "(web_returns.wr_web_page_sk = web_page.wp_web_page_sk)", "Shared Hit Blocks": 2, "Shared Read Blocks": 1327, "Shared Dirtied Blocks": 0, "Shared Written Blocks": 0, "Local Hit Blocks": 0, "Local Read Blocks": 0, "Local Dirtied Blocks": 0, "Local Written Blocks": 0, "Temp Read Blocks": 0, "Temp Written Blocks": 0, "I/O Read Time": 13.659, "I/O Write Time": 0.0, "Plans": [{"Node Type": "Seq Scan", "Parent Relationship": "Outer", "Parallel Aware": false, "Relation Name": "web_returns", "Schema": "public", "Alias": "web_returns", "Startup Cost": 0.0, "Total Cost": 2044.63, "Plan Rows": 71763, "Plan Width": 10, "Actual Startup Time": 0.452, "Actual Total Time": 21.198, "Actual Rows": 71763, "Actual Loops": 1, "Output": ["web_returns.wr_returned_date_sk", "web_returns.wr_returned_time_sk", "web_returns.wr_item_sk", "web_returns.wr_refunded_customer_sk", "web_returns.wr_refunded_cdemo_sk", "web_returns.wr_refunded_hdemo_sk", "web_returns.wr_refunded_addr_sk", "web_returns.wr_returning_customer_sk", "web_returns.wr_returning_cdemo_sk", "web_returns.wr_returning_hdemo_sk", "web_returns.wr_returning_addr_sk", "web_returns.wr_web_page_sk", "web_returns.wr_reason_sk", "web_returns.wr_order_number", "web_returns.wr_return_quantity", "web_returns.wr_return_amt", "web_returns.wr_return_tax", "web_returns.wr_return_amt_inc_tax", "web_returns.wr_fee", "web_returns.wr_return_ship_cost", "web_returns.wr_refunded_cash", "web_returns.wr_reversed_charge", "web_returns.wr_account_credit", "web_returns.wr_net_loss"], "Shared Hit Blocks": 0, "Shared Read Blocks": 1327, "Shared Dirtied Blocks": 0, "Shared Written Blocks": 0, "Local Hit Blocks": 0, "Local Read Blocks": 0, "Local Dirtied Blocks": 0, "Local Written Blocks": 0, "Temp Read Blocks": 0, "Temp Written Blocks": 0, "I/O Read Time": 13.659, "I/O Write Time": 0.0, "parent": "Hash Join"}, {"Node Type": "Hash", "Parent Relationship": "Inner", "Parallel Aware": false, "Startup Cost": 2.6, "Total Cost": 2.6, "Plan Rows": 60, "Plan Width": 8, "Actual Startup Time": 0.553, "Actual Total Time": 0.554, "Actual Rows": 60, "Actual Loops": 1, "Output": ["web_page.wp_max_ad_count", "web_page.wp_web_page_sk"], "Hash Buckets": 1024, "Original Hash Buckets": 1024, "Hash Batches": 1, "Original Hash Batches": 1, "Peak Memory Usage": 11, "Shared Hit Blocks": 2, "Shared Read Blocks": 0, "Shared Dirtied Blocks": 0, "Shared Written Blocks": 0, "Local Hit Blocks": 0, "Local Read Blocks": 0, "Local Dirtied Blocks": 0, "Local Written Blocks": 0, "Temp Read Blocks": 0, "Temp Written Blocks": 0, "I/O Read Time": 0.0, "I/O Write Time": 0.0, "Plans": [{"Node Type": "Seq Scan", "Parent Relationship": "Outer", "Parallel Aware": false, "Relation Name": "web_page", "Schema": "public", "Alias": "web_page", "Startup Cost": 0.0, "Total Cost": 2.6, "Plan Rows": 60, "Plan Width": 8, "Actual Startup Time": 0.005, "Actual Total Time": 0.02, "Actual Rows": 60, "Actual Loops": 1, "Output": ["web_page.wp_max_ad_count", "web_page.wp_web_page_sk"], "Shared Hit Blocks": 2, "Shared Read Blocks": 0, "Shared Dirtied Blocks": 0, "Shared Written Blocks": 0, "Local Hit Blocks": 0, "Local Read Blocks": 0, "Local Dirtied Blocks": 0, "Local Written Blocks": 0, "Temp Read Blocks": 0, "Temp Written Blocks": 0, "I/O Read Time": 0.0, "I/O Write Time": 0.0, "parent": "Hash"}], "parent": "Hash Join"}], "parent": "Sort"}], "parent": "None"}, "Planning": {"Shared Hit Blocks": 84, "Shared Read Blocks": 17, "Shared Dirtied Blocks": 0, "Shared Written Blocks": 0, "Local Hit Blocks": 0, "Local Read Blocks": 0, "Local Dirtied Blocks": 0, "Local Written Blocks": 0, "Temp Read Blocks": 0, "Temp Written Blocks": 0, "I/O Read Time": 6.065, "I/O Write Time": 0.0}, "Planning Time": 7.166, "Triggers": [], "Execution Time": 88.419}, "config": {}}
{"query": "EXPLAIN (ANALYZE, COSTS, BUFFERS, VERBOSE, FORMAT JSON) select web_sales.ws_warehouse_sk, promotion.p_start_date_sk from web_sales join promotion on promotion.p_promo_sk=web_sales.ws_promo_sk where promotion.p_cost >= 1000.0 and promotion.p_item_sk > 13598;", "planinfo": {"Plan": {"Node Type": "Hash Join", "Parallel Aware": false, "Join Type": "Inner", "Startup Cost": 13.28, "Total Cost": 27889.16, "Plan Rows": 148673, "Plan Width": 8, "Actual Startup Time": 1.645, "Actual Total Time": 503.829, "Actual Rows": 153015, "Actual Loops": 1, "Output": ["web_sales.ws_warehouse_sk", "promotion.p_start_date_sk"], "Inner Unique": true, "Hash Cond": "(web_sales.ws_promo_sk = promotion.p_promo_sk)", "Shared Hit Blocks": 5, "Shared Read Blocks": 18773, "Shared Dirtied Blocks": 0, "Shared Written Blocks": 0, "Local Hit Blocks": 0, "Local Read Blocks": 0, "Local Dirtied Blocks": 0, "Local Written Blocks": 0, "Temp Read Blocks": 0, "Temp Written Blocks": 0, "I/O Read Time": 248.418, "I/O Write Time": 0.0, "Plans": [{"Node Type": "Seq Scan", "Parent Relationship": "Outer", "Parallel Aware": false, "Relation Name": "web_sales", "Schema": "public", "Alias": "web_sales", "Startup Cost": 0.0, "Total Cost": 25960.84, "Plan Rows": 719384, "Plan Width": 8, "Actual Startup Time": 0.466, "Actual Total Time": 325.26, "Actual Rows": 719384, "Actual Loops": 1, "Output": ["web_sales.ws_sold_date_sk", "web_sales.ws_sold_time_sk", "web_sales.ws_ship_date_sk", "web_sales.ws_item_sk", "web_sales.ws_bill_customer_sk", "web_sales.ws_bill_cdemo_sk", "web_sales.ws_bill_hdemo_sk", "web_sales.ws_bill_addr_sk", "web_sales.ws_ship_customer_sk", "web_sales.ws_ship_cdemo_sk", "web_sales.ws_ship_hdemo_sk", "web_sales.ws_ship_addr_sk", "web_sales.ws_web_page_sk", "web_sales.ws_web_site_sk", "web_sales.ws_ship_mode_sk", "web_sales.ws_warehouse_sk", "web_sales.ws_promo_sk", "web_sales.ws_order_number", "web_sales.ws_quantity", "web_sales.ws_wholesale_cost", "web_sales.ws_list_price", "web_sales.ws_sales_price", "web_sales.ws_ext_discount_amt", "web_sales.ws_ext_sales_price", "web_sales.ws_ext_wholesale_cost", "web_sales.ws_ext_list_price", "web_sales.ws_ext_tax", "web_sales.ws_coupon_amt", "web_sales.ws_ext_ship_cost", "web_sales.ws_net_paid", "web_sales.ws_net_paid_inc_tax", "web_sales.ws_net_paid_inc_ship", "web_sales.ws_net_paid_inc_ship_tax", "web_sales.ws_net_profit"], "Shared Hit Blocks": 0, "Shared Read Blocks": 18767, "Shared Dirtied Blocks": 0, "Shared Written Blocks": 0, "Local Hit Blocks": 0, "Local Read Blocks": 0, "Local Dirtied Blocks": 0, "Local Written Blocks": 0, "Temp Read Blocks": 0, "Temp Written Blocks": 0, "I/O Read Time": 247.941, "I/O Write Time": 0.0, "parent": "Hash Join"}, {"Node Type": "Hash", "Parent Relationship": "Inner", "Parallel Aware": false, "Startup Cost": 12.5, "Total Cost": 12.5, "Plan Rows": 62, "Plan Width": 8, "Actual Startup Time": 1.128, "Actual Total Time": 1.13, "Actual Rows": 64, "Actual Loops": 1, "Output": ["promotion.p_start_date_sk", "promotion.p_promo_sk"], "Hash Buckets": 1024, "Original Hash Buckets": 1024, "Hash Batches": 1, "Original Hash Batches": 1, "Peak Memory Usage": 11, "Shared Hit Blocks": 2, "Shared Read Blocks": 6, "Shared Dirtied Blocks": 0, "Shared Written Blocks": 0, "Local Hit Blocks": 0, "Local Read Blocks": 0, "Local Dirtied Blocks": 0, "Local Written Blocks": 0, "Temp Read Blocks": 0, "Temp Written Blocks": 0, "I/O Read Time": 0.477, "I/O Write Time": 0.0, "Plans": [{"Node Type": "Seq Scan", "Parent Relationship": "Outer", "Parallel Aware": false, "Relation Name": "promotion", "Schema": "public", "Alias": "promotion", "Startup Cost": 0.0, "Total Cost": 12.5, "Plan Rows": 62, "Plan Width": 8, "Actual Startup Time": 0.009, "Actual Total Time": 0.584, "Actual Rows": 64, "Actual Loops": 1, "Output": ["promotion.p_start_date_sk", "promotion.p_promo_sk"], "Filter": "((promotion.p_cost >= 1000.0) AND (promotion.p_item_sk > 13598))", "Rows Removed by Filter": 236, "Shared Hit Blocks": 2, "Shared Read Blocks": 6, "Shared Dirtied Blocks": 0, "Shared Written Blocks": 0, "Local Hit Blocks": 0, "Local Read Blocks": 0, "Local Dirtied Blocks": 0, "Local Written Blocks": 0, "Temp Read Blocks": 0, "Temp Written Blocks": 0, "I/O Read Time": 0.477, "I/O Write Time": 0.0, "parent": "Hash"}], "parent": "Hash Join"}], "parent": "None"}, "Planning": {"Shared Hit Blocks": 101, "Shared Read Blocks": 18, "Shared Dirtied Blocks": 0, "Shared Written Blocks": 0, "Local Hit Blocks": 0, "Local Read Blocks": 0, "Local Dirtied Blocks": 0, "Local Written Blocks": 0, "Temp Read Blocks": 0, "Temp Written Blocks": 0, "I/O Read Time": 7.053, "I/O Write Time": 0.0}, "Planning Time": 8.244, "Triggers": [], "Execution Time": 512.691}, "config": {}}
{"query": "EXPLAIN (ANALYZE, COSTS, BUFFERS, VERBOSE, FORMAT JSON) select store_returns.sr_return_amt_inc_tax, customer_address.ca_gmt_offset from store_returns join customer_address on customer_address.ca_address_sk=store_returns.sr_addr_sk where customer_address.ca_gmt_offset < -9.0 order by customer_address.ca_gmt_offset ASC, store_returns.sr_return_amt_inc_tax ASC;", "planinfo": {"Plan": {"Node Type": "Sort", "Parallel Aware": false, "Startup Cost": 10151.83, "Total Cost": 10152.86, "Plan Rows": 414, "Plan Width": 11, "Actual Startup Time": 167.042, "Actual Total Time": 167.066, "Actual Rows": 370, "Actual Loops": 1, "Output": ["store_returns.sr_return_amt_inc_tax", "customer_address.ca_gmt_offset"], "Sort Key": ["customer_address.ca_gmt_offset", "store_returns.sr_return_amt_inc_tax"], "Sort Method": "quicksort", "Sort Space Used": 45, "Sort Space Type": "Memory", "Shared Hit Blocks": 6, "Shared Read Blocks": 5878, "Shared Dirtied Blocks": 0, "Shared Written Blocks": 0, "Local Hit Blocks": 0, "Local Read Blocks": 0, "Local Dirtied Blocks": 0, "Local Written Blocks": 0, "Temp Read Blocks": 0, "Temp Written Blocks": 0, "I/O Read Time": 78.863, "I/O Write Time": 0.0, "Plans": [{"Node Type": "Hash Join", "Parent Relationship": "Outer", "Parallel Aware": false, "Join Type": "Inner", "Startup Cost": 1712.9, "Total Cost": 10133.83, "Plan Rows": 414, "Plan Width": 11, "Actual Startup Time": 33.677, "Actual Total Time": 165.861, "Actual Rows": 370, "Actual Loops": 1, "Output": ["store_returns.sr_return_amt_inc_tax", "customer_address.ca_gmt_offset"], "Inner Unique": true, "Hash Cond": "(store_returns.sr_addr_sk = customer_address.ca_address_sk)", "Shared Hit Blocks": 3, "Shared Read Blocks": 5878, "Shared Dirtied Blocks": 0, "Shared Written Blocks": 0, "Local Hit Blocks": 0, "Local Read Blocks": 0, "Local Dirtied Blocks": 0, "Local Written Blocks": 0, "Temp Read Blocks": 0, "Temp Written Blocks": 0, "I/O Read Time": 78.863, "I/O Write Time": 0.0, "Plans": [{"Node Type": "Seq Scan", "Parent Relationship": "Outer", "Parallel Aware": false, "Relation Name": "store_returns", "Schema": "public", "Alias": "store_returns", "Startup Cost": 0.0, "Total Cost": 7666.14, "Plan Rows": 287514, "Plan Width": 10, "Actual Startup Time": 0.462, "Actual Total Time": 87.479, "Actual Rows": 287514, "Actual Loops": 1, "Output": ["store_returns.sr_returned_date_sk", "store_returns.sr_return_time_sk", "store_returns.sr_item_sk", "store_returns.sr_customer_sk", "store_returns.sr_cdemo_sk", "store_returns.sr_hdemo_sk", "store_returns.sr_addr_sk", "store_returns.sr_store_sk", "store_returns.sr_reason_sk", "store_returns.sr_ticket_number", "store_returns.sr_return_quantity", "store_returns.sr_return_amt", "store_returns.sr_return_tax", "store_returns.sr_return_amt_inc_tax", "store_returns.sr_fee", "store_returns.sr_return_ship_cost", "store_returns.sr_refunded_cash", "store_returns.sr_reversed_charge", "store_returns.sr_store_credit", "store_returns.sr_net_loss"], "Shared Hit Blocks": 0, "Shared Read Blocks": 4791, "Shared Dirtied Blocks": 0, "Shared Written Blocks": 0, "Local Hit Blocks": 0, "Local Read Blocks": 0, "Local Dirtied Blocks": 0, "Local Written Blocks": 0, "Temp Read Blocks": 0, "Temp Written Blocks": 0, "I/O Read Time": 60.376, "I/O Write Time": 0.0, "parent": "Hash Join"}, {"Node Type": "Hash", "Parent Relationship": "Inner", "Parallel Aware": false, "Startup Cost": 1712.0, "Total Cost": 1712.0, "Plan Rows": 72, "Plan Width": 9, "Actual Startup Time": 32.65, "Actual Total Time": 32.652, "Actual Rows": 65, "Actual Loops": 1, "Output": ["customer_address.ca_gmt_offset", "customer_address.ca_address_sk"], "Hash Buckets": 1024, "Original Hash Buckets": 1024, "Hash Batches": 1, "Original Hash Batches": 1, "Peak Memory Usage": 11, "Shared Hit Blocks": 0, "Shared Read Blocks": 1087, "Shared Dirtied Blocks": 0, "Shared Written Blocks": 0, "Local Hit Blocks": 0, "Local Read Blocks": 0, "Local Dirtied Blocks": 0, "Local Written Blocks": 0, "Temp Read Blocks": 0, "Temp Written Blocks": 0, "I/O Read Time": 18.487, "I/O Write Time": 0.0, "Plans": [{"Node Type": "Seq Scan", "Parent Relationship": "Outer", "Parallel Aware": false, "Relation Name": "customer_address", "Schema": "public", "Alias": "customer_address", "Startup Cost": 0.0, "Total Cost": 1712.0, "Plan Rows": 72, "Plan Width": 9, "Actual Startup Time": 0.985, "Actual Total Time": 32.089, "Actual Rows": 65, "Actual Loops": 1, "Output": ["customer_address.ca_gmt_offset", "customer_address.ca_address_sk"], "Filter": "(customer_address.ca_gmt_offset < '-9.0'::numeric)", "Rows Removed by Filter": 49935, "Shared Hit Blocks": 0, "Shared Read Blocks": 1087, "Shared Dirtied Blocks": 0, "Shared Written Blocks": 0, "Local Hit Blocks": 0, "Local Read Blocks": 0, "Local Dirtied Blocks": 0, "Local Written Blocks": 0, "Temp Read Blocks": 0, "Temp Written Blocks": 0, "I/O Read Time": 18.487, "I/O Write Time": 0.0, "parent": "Hash"}], "parent": "Hash Join"}], "parent": "Sort"}], "parent": "None"}, "Planning": {"Shared Hit Blocks": 108, "Shared Read Blocks": 21, "Shared Dirtied Blocks": 0, "Shared Written Blocks": 0, "Local Hit Blocks": 0, "Local Read Blocks": 0, "Local Dirtied Blocks": 0, "Local Written Blocks": 0, "Temp Read Blocks": 0, "Temp Written Blocks": 0, "I/O Read Time": 6.958, "I/O Write Time": 0.0}, "Planning Time": 8.163, "Triggers": [], "Execution Time": 167.142}, "config": {}}
{"query": "EXPLAIN (ANALYZE, COSTS, BUFFERS, VERBOSE, FORMAT JSON) select promotion.p_start_date_sk, store_sales.ss_list_price from promotion join store_sales on store_sales.ss_promo_sk=promotion.p_promo_sk where promotion.p_end_date_sk < 2450360;", "planinfo": {"Plan": {"Node Type": "Hash Join", "Parallel Aware": false, "Join Type": "Inner", "Startup Cost": 12.6, "Total Cost": 88174.68, "Plan Rows": 652873, "Plan Width": 10, "Actual Startup Time": 1.656, "Actual Total Time": 2558.204, "Actual Rows": 624765, "Actual Loops": 1, "Output": ["promotion.p_start_date_sk", "store_sales.ss_list_price"], "Inner Unique": true, "Hash Cond": "(store_sales.ss_promo_sk = promotion.p_promo_sk)", "Shared Hit Blocks": 5, "Shared Read Blocks": 51702, "Shared Dirtied Blocks": 0, "Shared Written Blocks": 0, "Local Hit Blocks": 0, "Local Read Blocks": 0, "Local Dirtied Blocks": 0, "Local Written Blocks": 0, "Temp Read Blocks": 0, "Temp Written Blocks": 0, "I/O Read Time": 1656.839, "I/O Write Time": 0.0, "Plans": [{"Node Type": "Seq Scan", "Parent Relationship": "Outer", "Parallel Aware": false, "Relation Name": "store_sales", "Schema": "public", "Alias": "store_sales", "Startup Cost": 0.0, "Total Cost": 80499.2, "Plan Rows": 2880320, "Plan Width": 10, "Actual Startup Time": 0.479, "Actual Total Time": 1931.716, "Actual Rows": 2880404, "Actual Loops": 1, "Output": ["store_sales.ss_sold_date_sk", "store_sales.ss_sold_time_sk", "store_sales.ss_item_sk", "store_sales.ss_customer_sk", "store_sales.ss_cdemo_sk", "store_sales.ss_hdemo_sk", "store_sales.ss_addr_sk", "store_sales.ss_store_sk", "store_sales.ss_promo_sk", "store_sales.ss_ticket_number", "store_sales.ss_quantity", "store_sales.ss_wholesale_cost", "store_sales.ss_list_price", "store_sales.ss_sales_price", "store_sales.ss_ext_discount_amt", "store_sales.ss_ext_sales_price", "store_sales.ss_ext_wholesale_cost", "store_sales.ss_ext_list_price", "store_sales.ss_ext_tax", "store_sales.ss_coupon_amt", "store_sales.ss_net_paid", "store_sales.ss_net_paid_inc_tax", "store_sales.ss_net_profit"], "Shared Hit Blocks": 0, "Shared Read Blocks": 51696, "Shared Dirtied Blocks": 0, "Shared Written Blocks": 0, "Local Hit Blocks": 0, "Local Read Blocks": 0, "Local Dirtied Blocks": 0, "Local Written Blocks": 0, "Temp Read Blocks": 0, "Temp Written Blocks": 0, "I/O Read Time": 1656.357, "I/O Write Time": 0.0, "parent": "Hash Join"}, {"Node Type": "Hash", "Parent Relationship": "Inner", "Parallel Aware": false, "Startup Cost": 11.75, "Total Cost": 11.75, "Plan Rows": 68, "Plan Width": 8, "Actual Startup Time": 1.124, "Actual Total Time": 1.127, "Actual Rows": 68, "Actual Loops": 1, "Output": ["promotion.p_start_date_sk", "promotion.p_promo_sk"], "Hash Buckets": 1024, "Original Hash Buckets": 1024, "Hash Batches": 1, "Original Hash Batches": 1, "Peak Memory Usage": 11, "Shared Hit Blocks": 2, "Shared Read Blocks": 6, "Shared Dirtied Blocks": 0, "Shared Written Blocks": 0, "Local Hit Blocks": 0, "Local Read Blocks": 0, "Local Dirtied Blocks": 0, "Local Written Blocks": 0, "Temp Read Blocks": 0, "Temp Written Blocks": 0, "I/O Read Time": 0.483, "I/O Write Time": 0.0, "Plans": [{"Node Type": "Seq Scan", "Parent Relationship": "Outer", "Parallel Aware": false, "Relation Name": "promotion", "Schema": "public", "Alias": "promotion", "Startup Cost": 0.0, "Total Cost": 11.75, "Plan Rows": 68, "Plan Width": 8, "Actual Startup Time": 0.007, "Actual Total Time": 0.55, "Actual Rows": 68, "Actual Loops": 1, "Output": ["promotion.p_start_date_sk", "promotion.p_promo_sk"], "Filter": "(promotion.p_end_date_sk < 2450360)", "Rows Removed by Filter": 232, "Shared Hit Blocks": 2, "Shared Read Blocks": 6, "Shared Dirtied Blocks": 0, "Shared Written Blocks": 0, "Local Hit Blocks": 0, "Local Read Blocks": 0, "Local Dirtied Blocks": 0, "Local Written Blocks": 0, "Temp Read Blocks": 0, "Temp Written Blocks": 0, "I/O Read Time": 0.483, "I/O Write Time": 0.0, "parent": "Hash"}], "parent": "Hash Join"}], "parent": "None"}, "Planning": {"Shared Hit Blocks": 101, "Shared Read Blocks": 18, "Shared Dirtied Blocks": 0, "Shared Written Blocks": 0, "Local Hit Blocks": 0, "Local Read Blocks": 0, "Local Dirtied Blocks": 0, "Local Written Blocks": 0, "Temp Read Blocks": 0, "Temp Written Blocks": 0, "I/O Read Time": 7.08, "I/O Write Time": 0.0}, "Planning Time": 8.266, "Triggers": [], "Execution Time": 2592.159}, "config": {}}
{"query": "EXPLAIN (ANALYZE, COSTS, BUFFERS, VERBOSE, FORMAT JSON) select web_returns.wr_return_amt_inc_tax, customer_demographics.cd_purchase_estimate from web_returns join customer_demographics on customer_demographics.cd_demo_sk=web_returns.wr_refunded_cdemo_sk where web_returns.wr_account_credit >= 43.87;", "planinfo": {"Plan": {"Node Type": "Hash Join", "Parallel Aware": false, "Join Type": "Inner", "Startup Cost": 2726.09, "Total Cost": 51348.92, "Plan Rows": 40164, "Plan Width": 10, "Actual Startup Time": 53.919, "Actual Total Time": 742.45, "Actual Rows": 38985, "Actual Loops": 1, "Output": ["web_returns.wr_return_amt_inc_tax", "customer_demographics.cd_purchase_estimate"], "Inner Unique": false, "Hash Cond": "(customer_demographics.cd_demo_sk = web_returns.wr_refunded_cdemo_sk)", "Shared Hit Blocks": 3, "Shared Read Blocks": 23155, "Shared Dirtied Blocks": 0, "Shared Written Blocks": 0, "Local Hit Blocks": 0, "Local Read Blocks": 0, "Local Dirtied Blocks": 0, "Local Written Blocks": 0, "Temp Read Blocks": 0, "Temp Written Blocks": 0, "I/O Read Time": 203.632, "I/O Write Time": 0.0, "Plans": [{"Node Type": "Seq Scan", "Parent Relationship": "Outer", "Parallel Aware": false, "Relation Name": "customer_demographics", "Schema": "public", "Alias": "customer_demographics", "Startup Cost": 0.0, "Total Cost": 41036.0, "Plan Rows": 1920800, "Plan Width": 8, "Actual Startup Time": 0.462, "Actual Total Time": 356.14, "Actual Rows": 1920800, "Actual Loops": 1, "Output": ["customer_demographics.cd_demo_sk", "customer_demographics.cd_gender", "customer_demographics.cd_marital_status", "customer_demographics.cd_education_status", "customer_demographics.cd_purchase_estimate", "customer_demographics.cd_credit_rating", "customer_demographics.cd_dep_count", "customer_demographics.cd_dep_employed_count", "customer_demographics.cd_dep_college_count"], "Shared Hit Blocks": 0, "Shared Read Blocks": 21828, "Shared Dirtied Blocks": 0, "Shared Written Blocks": 0, "Local Hit Blocks": 0, "Local Read Blocks": 0, "Local Dirtied Blocks": 0, "Local Written Blocks": 0, "Temp Read Blocks": 0, "Temp Written Blocks": 0, "I/O Read Time": 188.622, "I/O Write Time": 0.0, "parent": "Hash Join"}, {"Node Type": "Hash", "Parent Relationship": "Inner", "Parallel Aware": false, "Startup Cost": 2224.04, "Total Cost": 2224.04, "Plan Rows": 40164, "Plan Width": 10, "Actual Startup Time": 53.17, "Actual Total Time": 53.172, "Actual Rows": 38985, "Actual Loops": 1, "Output": ["web_returns.wr_return_amt_inc_tax", "web_returns.wr_refunded_cdemo_sk"], "Hash Buckets": 65536, "Original Hash Buckets": 65536, "Hash Batches": 1, "Original Hash Batches": 1, "Peak Memory Usage": 2186, "Shared Hit Blocks": 0, "Shared Read Blocks": 1327, "Shared Dirtied Blocks": 0, "Shared Written Blocks": 0, "Local Hit Blocks": 0, "Local Read Blocks": 0, "Local Dirtied Blocks": 0, "Local Written Blocks": 0, "Temp Read Blocks": 0, "Temp Written Blocks": 0, "I/O Read Time": 15.01, "I/O Write Time": 0.0, "Plans": [{"Node Type": "Seq Scan", "Parent Relationship": "Outer", "Parallel Aware": false, "Relation Name": "web_returns", "Schema": "public", "Alias": "web_returns", "Startup Cost": 0.0, "Total Cost": 2224.04, "Plan Rows": 40164, "Plan Width": 10, "Actual Startup Time": 0.463, "Actual Total Time": 41.948, "Actual Rows": 39963, "Actual Loops": 1, "Output": ["web_returns.wr_return_amt_inc_tax", "web_returns.wr_refunded_cdemo_sk"], "Filter": "(web_returns.wr_account_credit >= 43.87)", "Rows Removed by Filter": 31800, "Shared Hit Blocks": 0, "Shared Read Blocks": 1327, "Shared Dirtied Blocks": 0, "Shared Written Blocks": 0, "Local Hit Blocks": 0, "Local Read Blocks": 0, "Local Dirtied Blocks": 0, "Local Written Blocks": 0, "Temp Read Blocks": 0, "Temp Written Blocks": 0, "I/O Read Time": 15.01, "I/O Write Time": 0.0, "parent": "Hash"}], "parent": "Hash Join"}], "parent": "None"}, "Planning": {"Shared Hit Blocks": 98, "Shared Read Blocks": 24, "Shared Dirtied Blocks": 0, "Shared Written Blocks": 0, "Local Hit Blocks": 0, "Local Read Blocks": 0, "Local Dirtied Blocks": 0, "Local Written Blocks": 0, "Temp Read Blocks": 0, "Temp Written Blocks": 0, "I/O Read Time": 8.049, "I/O Write Time": 0.0}, "Planning Time": 9.2, "Triggers": [], "Execution Time": 745.271}, "config": {}}
{"query": "EXPLAIN (ANALYZE, COSTS, BUFFERS, VERBOSE, FORMAT JSON) select item.i_wholesale_cost, inventory.inv_item_sk from inventory join item on item.i_item_sk=inventory.inv_item_sk order by item.i_wholesale_cost DESC, inventory.inv_item_sk ASC;", "planinfo": {"Plan": {"Node Type": "Sort", "Parallel Aware": false, "Startup Cost": 1994026.86, "Total Cost": 2023389.1, "Plan Rows": 11744894, "Plan Width": 10, "Actual Startup Time": 30454.066, "Actual Total Time": 35361.066, "Actual Rows": 11745000, "Actual Loops": 1, "Output": ["item.i_wholesale_cost", "inventory.inv_item_sk"], "Sort Key": ["item.i_wholesale_cost DESC", "inventory.inv_item_sk"], "Sort Method": "external merge", "Sort Space Used": 252600, "Sort Space Type": "Disk", "Shared Hit Blocks": 6, "Shared Read Blocks": 64717, "Shared Dirtied Blocks": 0, "Shared Written Blocks": 0, "Local Hit Blocks": 0, "Local Read Blocks": 0, "Local Dirtied Blocks": 0, "Local Written Blocks": 0, "Temp Read Blocks": 95401, "Temp Written Blocks": 95635, "I/O Read Time": 308.967, "I/O Write Time": 0.0, "Plans": [{"Node Type": "Hash Join", "Parent Relationship": "Outer", "Parallel Aware": false, "Join Type": "Inner", "Startup Cost": 1635.0, "Total Cost": 213408.54, "Plan Rows": 11744894, "Plan Width": 10, "Actual Startup Time": 34.902, "Actual Total Time": 5656.015, "Actual Rows": 11745000, "Actual Loops": 1, "Output": ["item.i_wholesale_cost", "inventory.inv_item_sk"], "Inner Unique": true, "Hash Cond": "(inventory.inv_item_sk = item.i_item_sk)", "Shared Hit Blocks": 0, "Shared Read Blocks": 64717, "Shared Dirtied Blocks": 0, "Shared Written Blocks": 0, "Local Hit Blocks": 0, "Local Read Blocks": 0, "Local Dirtied Blocks": 0, "Local Written Blocks": 0, "Temp Read Blocks": 0, "Temp Written Blocks": 0, "I/O Read Time": 308.967, "I/O Write Time": 0.0, "Plans": [{"Node Type": "Seq Scan", "Parent Relationship": "Outer", "Parallel Aware": false, "Relation Name": "inventory", "Schema": "public", "Alias": "inventory", "Startup Cost": 0.0, "Total Cost": 180935.94, "Plan Rows": 11744894, "Plan Width": 4, "Actual Startup Time": 0.89, "Actual Total Time": 1419.423, "Actual Rows": 11745000, "Actual Loops": 1, "Output": ["inventory.inv_date_sk", "inventory.inv_item_sk", "inventory.inv_warehouse_sk", "inventory.inv_quantity_on_hand"], "Shared Hit Blocks": 0, "Shared Read Blocks": 63487, "Shared Dirtied Blocks": 0, "Shared Written Blocks": 0, "Local Hit Blocks": 0, "Local Read Blocks": 0, "Local Dirtied Blocks": 0, "Local Written Blocks": 0, "Temp Read Blocks": 0, "Temp Written Blocks": 0, "I/O Read Time": 284.775, "I/O Write Time": 0.0, "parent": "Hash Join"}, {"Node Type": "Hash", "Parent Relationship": "Inner", "Parallel Aware": false, "Startup Cost": 1410.0, "Total Cost": 1410.0, "Plan Rows": 18000, "Plan Width": 10, "Actual Startup Time": 33.894, "Actual Total Time": 33.895, "Actual Rows": 18000, "Actual Loops": 1, "Output": ["item.i_wholesale_cost", "item.i_item_sk"], "Hash Buckets": 32768, "Original Hash Buckets": 32768, "Hash Batches": 1, "Original Hash Batches": 1, "Peak Memory Usage": 1030, "Shared Hit Blocks": 0, "Shared Read Blocks": 1230, "Shared Dirtied Blocks": 0, "Shared Written Blocks": 0, "Local Hit Blocks": 0, "Local Read Blocks": 0, "Local Dirtied Blocks": 0, "Local Written Blocks": 0, "Temp Read Blocks": 0, "Temp Written Blocks": 0, "I/O Read Time": 24.192, "I/O Write Time": 0.0, "Plans": [{"Node Type": "Seq Scan", "Parent Relationship": "Outer", "Parallel Aware": false, "Relation Name": "item", "Schema": "public", "Alias": "item", "Startup Cost": 0.0, "Total Cost": 1410.0, "Plan Rows": 18000, "Plan Width": 10, "Actual Startup Time": 0.478, "Actual Total Time": 28.85, "Actual Rows": 18000, "Actual Loops": 1, "Output": ["item.i_wholesale_cost", "item.i_item_sk"], "Shared Hit Blocks": 0, "Shared Read Blocks": 1230, "Shared Dirtied Blocks": 0, "Shared Written Blocks": 0, "Local Hit Blocks": 0, "Local Read Blocks": 0, "Local Dirtied Blocks": 0, "Local Written Blocks": 0, "Temp Read Blocks": 0, "Temp Written Blocks": 0, "I/O Read Time": 24.192, "I/O Write Time": 0.0, "parent": "Hash"}], "parent": "Hash Join"}], "parent": "Sort"}], "parent": "None"}, "Planning": {"Shared Hit Blocks": 105, "Shared Read Blocks": 21, "Shared Dirtied Blocks": 0, "Shared Written Blocks": 0, "Local Hit Blocks": 0, "Local Read Blocks": 0, "Local Dirtied Blocks": 0, "Local Written Blocks": 0, "Temp Read Blocks": 0, "Temp Written Blocks": 0, "I/O Read Time": 7.054, "I/O Write Time": 0.0}, "Planning Time": 8.275, "Triggers": [], "Execution Time": 36062.852}, "config": {}}
{"query": "EXPLAIN (ANALYZE, COSTS, BUFFERS, VERBOSE, FORMAT JSON) select customer.c_customer_sk, store_returns.sr_return_amt,  max(customer.c_first_sales_date_sk) from store_returns join customer on customer.c_customer_sk=store_returns.sr_customer_sk where customer.c_customer_sk >= 35921 group by customer.c_customer_sk, store_returns.sr_return_amt;", "planinfo": {"Plan": {"Node Type": "Aggregate", "Strategy": "Hashed", "Partial Mode": "Simple", "Parallel Aware": false, "Startup Cost": 25056.23, "Total Cost": 28688.34, "Plan Rows": 183759, "Plan Width": 14, "Actual Startup Time": 360.018, "Actual Total Time": 472.934, "Actual Rows": 177806, "Actual Loops": 1, "Output": ["customer.c_customer_sk", "store_returns.sr_return_amt", "max(customer.c_first_sales_date_sk)"], "Group Key": ["customer.c_customer_sk", "store_returns.sr_return_amt"], "Planned Partitions": 8, "HashAgg Batches": 9, "Peak Memory Usage": 4177, "Disk Usage": 7384, "Shared Hit Blocks": 83, "Shared Read Blocks": 6749, "Shared Dirtied Blocks": 0, "Shared Written Blocks": 0, "Local Hit Blocks": 0, "Local Read Blocks": 0, "Local Dirtied Blocks": 0, "Local Written Blocks": 0, "Temp Read Blocks": 671, "Temp Written Blocks": 1492, "I/O Read Time": 50.467, "I/O Write Time": 0.0, "Plans": [{"Node Type": "Hash Join", "Parent Relationship": "Outer", "Parallel Aware": false, "Join Type": "Inner", "Startup Cost": 4403.88, "Total Cost": 12824.77, "Plan Rows": 183759, "Plan Width": 14, "Actual Startup Time": 71.944, "Actual Total Time": 248.412, "Actual Rows": 177917, "Actual Loops": 1, "Output": ["customer.c_customer_sk", "store_returns.sr_return_amt", "customer.c_first_sales_date_sk"], "Inner Unique": true, "Hash Cond": "(store_returns.sr_customer_sk = customer.c_customer_sk)", "Shared Hit Blocks": 83, "Shared Read Blocks": 6749, "Shared Dirtied Blocks": 0, "Shared Written Blocks": 0, "Local Hit Blocks": 0, "Local Read Blocks": 0, "Local Dirtied Blocks": 0, "Local Written Blocks": 0, "Temp Read Blocks": 0, "Temp Written Blocks": 0, "I/O Read Time": 50.467, "I/O Write Time": 0.0, "Plans": [{"Node Type": "Seq Scan", "Parent Relationship": "Outer", "Parallel Aware": false, "Relation Name": "store_returns", "Schema": "public", "Alias": "store_returns", "Startup Cost": 0.0, "Total Cost": 7666.14, "Plan Rows": 287514, "Plan Width": 10, "Actual Startup Time": 0.467, "Actual Total Time": 54.71, "Actual Rows": 287514, "Actual Loops": 1, "Output": ["store_returns.sr_returned_date_sk", "store_returns.sr_return_time_sk", "store_returns.sr_item_sk", "store_returns.sr_customer_sk", "store_returns.sr_cdemo_sk", "store_returns.sr_hdemo_sk", "store_returns.sr_addr_sk", "store_returns.sr_store_sk", "store_returns.sr_reason_sk", "store_returns.sr_ticket_number", "store_returns.sr_return_quantity", "store_returns.sr_return_amt", "store_returns.sr_return_tax", "store_returns.sr_return_amt_inc_tax", "store_returns.sr_fee", "store_returns.sr_return_ship_cost", "store_returns.sr_refunded_cash", "store_returns.sr_reversed_charge", "store_returns.sr_store_credit", "store_returns.sr_net_loss"], "Shared Hit Blocks": 0, "Shared Read Blocks": 4791, "Shared Dirtied Blocks": 0, "Shared Written Blocks": 0, "Local Hit Blocks": 0, "Local Read Blocks": 0, "Local Dirtied Blocks": 0, "Local Written Blocks": 0, "Temp Read Blocks": 0, "Temp Written Blocks": 0, "I/O Read Time": 21.788, "I/O Write Time": 0.0, "parent": "Hash Join"}, {"Node Type": "Hash", "Parent Relationship": "Inner", "Parallel Aware": false, "Startup Cost": 3604.96, "Total Cost": 3604.96, "Plan Rows": 63913, "Plan Width": 8, "Actual Startup Time": 71.213, "Actual Total Time": 71.215, "Actual Rows": 64080, "Actual Loops": 1, "Output": ["customer.c_customer_sk", "customer.c_first_sales_date_sk"], "Hash Buckets": 65536, "Original Hash Buckets": 65536, "Hash Batches": 1, "Original Hash Batches": 1, "Peak Memory Usage": 3007, "Shared Hit Blocks": 83, "Shared Read Blocks": 1958, "Shared Dirtied Blocks": 0, "Shared Written Blocks": 0, "Local Hit Blocks": 0, "Local Read Blocks": 0, "Local Dirtied Blocks": 0, "Local Written Blocks": 0, "Temp Read Blocks": 0, "Temp Written Blocks": 0, "I/O Read Time": 28.679, "I/O Write Time": 0.0, "Plans": [{"Node Type": "Index Scan", "Parent Relationship": "Outer", "Parallel Aware": false, "Scan Direction": "Forward", "Index Name": "c_customer_sk_idx", "Relation Name": "customer", "Schema": "public", "Alias": "customer", "Startup Cost": 0.29, "Total Cost": 3604.96, "Plan Rows": 63913, "Plan Width": 8, "Actual Startup Time": 0.9, "Actual Total Time": 54.141, "Actual Rows": 64080, "Actual Loops": 1, "Output": ["customer.c_customer_sk", "customer.c_first_sales_date_sk"], "Index Cond": "(customer.c_customer_sk >= 35921)", "Rows Removed by Index Recheck": 0, "Shared Hit Blocks": 83, "Shared Read Blocks": 1958, "Shared Dirtied Blocks": 0, "Shared Written Blocks": 0, "Local Hit Blocks": 0, "Local Read Blocks": 0, "Local Dirtied Blocks": 0, "Local Written Blocks": 0, "Temp Read Blocks": 0, "Temp Written Blocks": 0, "I/O Read Time": 28.679, "I/O Write Time": 0.0, "parent": "Hash"}], "parent": "Hash Join"}], "parent": "Aggregate"}], "parent": "None"}, "Planning": {"Shared Hit Blocks": 120, "Shared Read Blocks": 24, "Shared Dirtied Blocks": 0, "Shared Written Blocks": 0, "Local Hit Blocks": 0, "Local Read Blocks": 0, "Local Dirtied Blocks": 0, "Local Written Blocks": 0, "Temp Read Blocks": 0, "Temp Written Blocks": 0, "I/O Read Time": 7.806, "I/O Write Time": 0.0}, "Planning Time": 9.093, "Triggers": [], "Execution Time": 485.881}, "config": {}}
{"query": "EXPLAIN (ANALYZE, COSTS, BUFFERS, VERBOSE, FORMAT JSON) select store_returns.sr_return_time_sk, customer_demographics.cd_purchase_estimate,  sum(customer_demographics.cd_dep_count) from customer_demographics join store_returns on store_returns.sr_cdemo_sk=customer_demographics.cd_demo_sk where store_returns.sr_item_sk != 181 group by store_returns.sr_return_time_sk, customer_demographics.cd_purchase_estimate;", "planinfo": {"Plan": {"Node Type": "Aggregate", "Strategy": "Hashed", "Partial Mode": "Simple", "Parallel Aware": false, "Startup Cost": 103133.65, "Total Cost": 108816.19, "Plan Rows": 287496, "Plan Width": 16, "Actual Startup Time": 1648.856, "Actual Total Time": 1828.656, "Actual Rows": 222383, "Actual Loops": 1, "Output": ["store_returns.sr_return_time_sk", "customer_demographics.cd_purchase_estimate", "sum(customer_demographics.cd_dep_count)"], "Group Key": ["store_returns.sr_return_time_sk", "customer_demographics.cd_purchase_estimate"], "Planned Partitions": 8, "HashAgg Batches": 65, "Peak Memory Usage": 4177, "Disk Usage": 7640, "Shared Hit Blocks": 0, "Shared Read Blocks": 26619, "Shared Dirtied Blocks": 0, "Shared Written Blocks": 0, "Local Hit Blocks": 0, "Local Read Blocks": 0, "Local Dirtied Blocks": 0, "Local Written Blocks": 0, "Temp Read Blocks": 7540, "Temp Written Blocks": 8360, "I/O Read Time": 119.403, "I/O Write Time": 0.0, "Plans": [{"Node Type": "Hash Join", "Parent Relationship": "Outer", "Parallel Aware": false, "Join Type": "Inner", "Startup Cost": 13102.62, "Total Cost": 83997.2, "Plan Rows": 287496, "Plan Width": 12, "Actual Startup Time": 176.171, "Actual Total Time": 1501.849, "Actual Rows": 277595, "Actual Loops": 1, "Output": ["store_returns.sr_return_time_sk", "customer_demographics.cd_purchase_estimate", "customer_demographics.cd_dep_count"], "Inner Unique": false, "Hash Cond": "(customer_demographics.cd_demo_sk = store_returns.sr_cdemo_sk)", "Shared Hit Blocks": 0, "Shared Read Blocks": 26619, "Shared Dirtied Blocks": 0, "Shared Written Blocks": 0, "Local Hit Blocks": 0, "Local Read Blocks": 0, "Local Dirtied Blocks": 0, "Local Written Blocks": 0, "Temp Read Blocks": 6337, "Temp Written Blocks": 6337, "I/O Read Time": 119.403, "I/O Write Time": 0.0, "Plans": [{"Node Type": "Seq Scan", "Parent Relationship": "Outer", "Parallel Aware": false, "Relation Name": "customer_demographics", "Schema": "public", "Alias": "customer_demographics", "Startup Cost": 0.0, "Total Cost": 41036.0, "Plan Rows": 1920800, "Plan Width": 12, "Actual Startup Time": 0.509, "Actual Total Time": 461.51, "Actual Rows": 1920800, "Actual Loops": 1, "Output": ["customer_demographics.cd_purchase_estimate", "customer_demographics.cd_dep_count", "customer_demographics.cd_demo_sk"], "Shared Hit Blocks": 0, "Shared Read Blocks": 21828, "Shared Dirtied Blocks": 0, "Shared Written Blocks": 0, "Local Hit Blocks": 0, "Local Read Blocks": 0, "Local Dirtied Blocks": 0, "Local Written Blocks": 0, "Temp Read Blocks": 0, "Temp Written Blocks": 0, "I/O Read Time": 91.057, "I/O Write Time": 0.0, "parent": "Hash Join"}, {"Node Type": "Hash", "Parent Relationship": "Inner", "Parallel Aware": false, "Startup Cost": 8384.92, "Total Cost": 8384.92, "Plan Rows": 287496, "Plan Width": 8, "Actual Startup Time": 175.048, "Actual Total Time": 175.049, "Actual Rows": 277595, "Actual Loops": 1, "Output": ["store_returns.sr_return_time_sk", "store_returns.sr_cdemo_sk"], "Hash Buckets": 131072, "Original Hash Buckets": 131072, "Hash Batches": 4, "Original Hash Batches": 4, "Peak Memory Usage": 3729, "Shared Hit Blocks": 0, "Shared Read Blocks": 4791, "Shared Dirtied Blocks": 0, "Shared Written Blocks": 0, "Local Hit Blocks": 0, "Local Read Blocks": 0, "Local Dirtied Blocks": 0, "Local Written Blocks": 0, "Temp Read Blocks": 0, "Temp Written Blocks": 708, "I/O Read Time": 28.345, "I/O Write Time": 0.0, "Plans": [{"Node Type": "Seq Scan", "Parent Relationship": "Outer", "Parallel Aware": false, "Relation Name": "store_returns", "Schema": "public", "Alias": "store_returns", "Startup Cost": 0.0, "Total Cost": 8384.92, "Plan Rows": 287496, "Plan Width": 8, "Actual Startup Time": 0.456, "Actual Total Time": 96.926, "Actual Rows": 287477, "Actual Loops": 1, "Output": ["store_returns.sr_return_time_sk", "store_returns.sr_cdemo_sk"], "Filter": "(store_returns.sr_item_sk <> 181)", "Rows Removed by Filter": 37, "Shared Hit Blocks": 0, "Shared Read Blocks": 4791, "Shared Dirtied Blocks": 0, "Shared Written Blocks": 0, "Local Hit Blocks": 0, "Local Read Blocks": 0, "Local Dirtied Blocks": 0, "Local Written Blocks": 0, "Temp Read Blocks": 0, "Temp Written Blocks": 0, "I/O Read Time": 28.345, "I/O Write Time": 0.0, "parent": "Hash"}], "parent": "Hash Join"}], "parent": "Aggregate"}], "parent": "None"}, "Planning": {"Shared Hit Blocks": 105, "Shared Read Blocks": 22, "Shared Dirtied Blocks": 0, "Shared Written Blocks": 0, "Local Hit Blocks": 0, "Local Read Blocks": 0, "Local Dirtied Blocks": 0, "Local Written Blocks": 0, "Temp Read Blocks": 0, "Temp Written Blocks": 0, "I/O Read Time": 8.142, "I/O Write Time": 0.0}, "Planning Time": 10.37, "Triggers": [], "Execution Time": 1842.259}, "config": {}}
{"query": "EXPLAIN (ANALYZE, COSTS, BUFFERS, VERBOSE, FORMAT JSON) select customer_demographics.cd_dep_employed_count, customer.c_first_sales_date_sk,  max(customer.c_first_shipto_date_sk) from customer_demographics join customer on customer.c_current_cdemo_sk=customer_demographics.cd_demo_sk where customer.c_birth_year > 1963 and customer_demographics.cd_dep_employed_count = 0 group by customer_demographics.cd_dep_employed_count, customer.c_first_sales_date_sk;", "planinfo": {"Plan": {"Node Type": "Aggregate", "Strategy": "Sorted", "Partial Mode": "Simple", "Parallel Aware": false, "Startup Cost": 51842.89, "Total Cost": 51961.75, "Plan Rows": 5943, "Plan Width": 12, "Actual Startup Time": 708.51, "Actual Total Time": 711.351, "Actual Rows": 2887, "Actual Loops": 1, "Output": ["customer_demographics.cd_dep_employed_count", "customer.c_first_sales_date_sk", "max(customer.c_first_shipto_date_sk)"], "Group Key": ["customer_demographics.cd_dep_employed_count", "customer.c_first_sales_date_sk"], "Shared Hit Blocks": 3, "Shared Read Blocks": 24596, "Shared Dirtied Blocks": 0, "Shared Written Blocks": 0, "Local Hit Blocks": 0, "Local Read Blocks": 0, "Local Dirtied Blocks": 0, "Local Written Blocks": 0, "Temp Read Blocks": 0, "Temp Written Blocks": 0, "I/O Read Time": 326.657, "I/O Write Time": 0.0, "Plans": [{"Node Type": "Sort", "Parent Relationship": "Outer", "Parallel Aware": false, "Startup Cost": 51842.89, "Total Cost": 51857.75, "Plan Rows": 5943, "Plan Width": 12, "Actual Startup Time": 708.496, "Actual Total Time": 709.136, "Actual Rows": 5749, "Actual Loops": 1, "Output": ["customer_demographics.cd_dep_employed_count", "customer.c_first_sales_date_sk", "customer.c_first_shipto_date_sk"], "Sort Key": ["customer.c_first_sales_date_sk"], "Sort Method": "quicksort", "Sort Space Used": 507, "Sort Space Type": "Memory", "Shared Hit Blocks": 3, "Shared Read Blocks": 24596, "Shared Dirtied Blocks": 0, "Shared Written Blocks": 0, "Local Hit Blocks": 0, "Local Read Blocks": 0, "Local Dirtied Blocks": 0, "Local Written Blocks": 0, "Temp Read Blocks": 0, "Temp Written Blocks": 0, "I/O Read Time": 326.657, "I/O Write Time": 0.0, "Plans": [{"Node Type": "Hash Join", "Parent Relationship": "Outer", "Parallel Aware": false, "Join Type": "Inner", "Startup Cost": 4530.25, "Total Cost": 51470.35, "Plan Rows": 5943, "Plan Width": 12, "Actual Startup Time": 84.011, "Actual Total Time": 705.943, "Actual Rows": 5749, "Actual Loops": 1, "Output": ["customer_demographics.cd_dep_employed_count", "customer.c_first_sales_date_sk", "customer.c_first_shipto_date_sk"], "Inner Unique": false, "Hash Cond": "(customer_demographics.cd_demo_sk = customer.c_current_cdemo_sk)", "Shared Hit Blocks": 0, "Shared Read Blocks": 24596, "Shared Dirtied Blocks": 0, "Shared Written Blocks": 0, "Local Hit Blocks": 0, "Local Read Blocks": 0, "Local Dirtied Blocks": 0, "Local Written Blocks": 0, "Temp Read Blocks": 0, "Temp Written Blocks": 0, "I/O Read Time": 326.657, "I/O Write Time": 0.0, "Plans": [{"Node Type": "Seq Scan", "Parent Relationship": "Outer", "Parallel Aware": false, "Relation Name": "customer_demographics", "Schema": "public", "Alias": "customer_demographics", "Startup Cost": 0.0, "Total Cost": 45838.0, "Plan Rows": 278580, "Plan Width": 8, "Actual Startup Time": 0.464, "Actual Total Time": 566.991, "Actual Rows": 274400, "Actual Loops": 1, "Output": ["customer_demographics.cd_demo_sk", "customer_demographics.cd_gender", "customer_demographics.cd_marital_status", "customer_demographics.cd_education_status", "customer_demographics.cd_purchase_estimate", "customer_demographics.cd_credit_rating", "customer_demographics.cd_dep_count", "customer_demographics.cd_dep_employed_count", "customer_demographics.cd_dep_college_count"], "Filter": "(customer_demographics.cd_dep_employed_count = 0)", "Rows Removed by Filter": 1646400, "Shared Hit Blocks": 0, "Shared Read Blocks": 21828, "Shared Dirtied Blocks": 0, "Shared Written Blocks": 0, "Local Hit Blocks": 0, "Local Read Blocks": 0, "Local Dirtied Blocks": 0, "Local Written Blocks": 0, "Temp Read Blocks": 0, "Temp Written Blocks": 0, "I/O Read Time": 279.754, "I/O Write Time": 0.0, "parent": "Hash Join"}, {"Node Type": "Hash", "Parent Relationship": "Inner", "Parallel Aware": false, "Startup Cost": 4018.0, "Total Cost": 4018.0, "Plan Rows": 40980, "Plan Width": 12, "Actual Startup Time": 83.282, "Actual Total Time": 83.283, "Actual Rows": 40032, "Actual Loops": 1, "Output": ["customer.c_first_sales_date_sk", "customer.c_first_shipto_date_sk", "customer.c_current_cdemo_sk"], "Hash Buckets": 65536, "Original Hash Buckets": 65536, "Hash Batches": 1, "Original Hash Batches": 1, "Peak Memory Usage": 2230, "Shared Hit Blocks": 0, "Shared Read Blocks": 2768, "Shared Dirtied Blocks": 0, "Shared Written Blocks": 0, "Local Hit Blocks": 0, "Local Read Blocks": 0, "Local Dirtied Blocks": 0, "Local Written Blocks": 0, "Temp Read Blocks": 0, "Temp Written Blocks": 0, "I/O Read Time": 46.903, "I/O Write Time": 0.0, "Plans": [{"Node Type": "Seq Scan", "Parent Relationship": "Outer", "Parallel Aware": false, "Relation Name": "customer", "Schema": "public", "Alias": "customer", "Startup Cost": 0.0, "Total Cost": 4018.0, "Plan Rows": 40980, "Plan Width": 12, "Actual Startup Time": 0.458, "Actual Total Time": 71.299, "Actual Rows": 40793, "Actual Loops": 1, "Output": ["customer.c_first_sales_date_sk", "customer.c_first_shipto_date_sk", "customer.c_current_cdemo_sk"], "Filter": "(customer.c_birth_year > 1963)", "Rows Removed by Filter": 59207, "Shared Hit Blocks": 0, "Shared Read Blocks": 2768, "Shared Dirtied Blocks": 0, "Shared Written Blocks": 0, "Local Hit Blocks": 0, "Local Read Blocks": 0, "Local Dirtied Blocks": 0, "Local Written Blocks": 0, "Temp Read Blocks": 0, "Temp Written Blocks": 0, "I/O Read Time": 46.903, "I/O Write Time": 0.0, "parent": "Hash"}], "parent": "Hash Join"}], "parent": "Sort"}], "parent": "Aggregate"}], "parent": "None"}, "Planning": {"Shared Hit Blocks": 101, "Shared Read Blocks": 22, "Shared Dirtied Blocks": 0, "Shared Written Blocks": 0, "Local Hit Blocks": 0, "Local Read Blocks": 0, "Local Dirtied Blocks": 0, "Local Written Blocks": 0, "Temp Read Blocks": 0, "Temp Written Blocks": 0, "I/O Read Time": 7.337, "I/O Write Time": 0.0}, "Planning Time": 10.284, "Triggers": [], "Execution Time": 711.824}, "config": {}}
{"query": "EXPLAIN (ANALYZE, COSTS, BUFFERS, VERBOSE, FORMAT JSON) select catalog_returns.cr_reversed_charge, time_dim.t_minute from time_dim join catalog_returns on catalog_returns.cr_returned_time_sk=time_dim.t_time_sk where time_dim.t_minute > 12 and catalog_returns.cr_refunded_customer_sk > 91025 and catalog_returns.cr_order_number < 118390;", "planinfo": {"Plan": {"Node Type": "Hash Join", "Parallel Aware": false, "Join Type": "Inner", "Startup Cost": 3319.44, "Total Cost": 8382.14, "Plan Rows": 7340, "Plan Width": 10, "Actual Startup Time": 54.246, "Actual Total Time": 136.828, "Actual Rows": 7365, "Actual Loops": 1, "Output": ["catalog_returns.cr_reversed_charge", "time_dim.t_minute"], "Inner Unique": true, "Hash Cond": "(catalog_returns.cr_returned_time_sk = time_dim.t_time_sk)", "Shared Hit Blocks": 3, "Shared Read Blocks": 4274, "Shared Dirtied Blocks": 0, "Shared Written Blocks": 0, "Local Hit Blocks": 0, "Local Read Blocks": 0, "Local Dirtied Blocks": 0, "Local Written Blocks": 0, "Temp Read Blocks": 0, "Temp Written Blocks": 0, "I/O Read Time": 67.407, "I/O Write Time": 0.0, "Plans": [{"Node Type": "Seq Scan", "Parent Relationship": "Outer", "Parallel Aware": false, "Relation Name": "catalog_returns", "Schema": "public", "Alias": "catalog_returns", "Startup Cost": 0.0, "Total Cost": 5038.01, "Plan Rows": 9410, "Plan Width": 10, "Actual Startup Time": 0.463, "Actual Total Time": 77.988, "Actual Rows": 9459, "Actual Loops": 1, "Output": ["catalog_returns.cr_returned_date_sk", "catalog_returns.cr_returned_time_sk", "catalog_returns.cr_item_sk", "catalog_returns.cr_refunded_customer_sk", "catalog_returns.cr_refunded_cdemo_sk", "catalog_returns.cr_refunded_hdemo_sk", "catalog_returns.cr_refunded_addr_sk", "catalog_returns.cr_returning_customer_sk", "catalog_returns.cr_returning_cdemo_sk", "catalog_returns.cr_returning_hdemo_sk", "catalog_returns.cr_returning_addr_sk", "catalog_returns.cr_call_center_sk", "catalog_returns.cr_catalog_page_sk", "catalog_returns.cr_ship_mode_sk", "catalog_returns.cr_warehouse_sk", "catalog_returns.cr_reason_sk", "catalog_returns.cr_order_number", "catalog_returns.cr_return_quantity", "catalog_returns.cr_return_amount", "catalog_returns.cr_return_tax", "catalog_returns.cr_return_amt_inc_tax", "catalog_returns.cr_fee", "catalog_returns.cr_return_ship_cost", "catalog_returns.cr_refunded_cash", "catalog_returns.cr_reversed_charge", "catalog_returns.cr_store_credit", "catalog_returns.cr_net_loss"], "Filter": "((catalog_returns.cr_refunded_customer_sk > 91025) AND (catalog_returns.cr_order_number < 118390))", "Rows Removed by Filter": 134608, "Shared Hit Blocks": 0, "Shared Read Blocks": 2877, "Shared Dirtied Blocks": 0, "Shared Written Blocks": 0, "Local Hit Blocks": 0, "Local Read Blocks": 0, "Local Dirtied Blocks": 0, "Local Written Blocks": 0, "Temp Read Blocks": 0, "Temp Written Blocks": 0, "I/O Read Time": 49.617, "I/O Write Time": 0.0, "parent": "Hash Join"}, {"Node Type": "Hash", "Parent Relationship": "Inner", "Parallel Aware": false, "Startup Cost": 2477.0, "Total Cost": 2477.0, "Plan Rows": 67395, "Plan Width": 8, "Actual Startup Time": 53.266, "Actual Total Time": 53.267, "Actual Rows": 67680, "Actual Loops": 1, "Output": ["time_dim.t_minute", "time_dim.t_time_sk"], "Hash Buckets": 131072, "Original Hash Buckets": 131072, "Hash Batches": 1, "Original Hash Batches": 1, "Peak Memory Usage": 3668, "Shared Hit Blocks": 0, "Shared Read Blocks": 1397, "Shared Dirtied Blocks": 0, "Shared Written Blocks": 0, "Local Hit Blocks": 0, "Local Read Blocks": 0, "Local Dirtied Blocks": 0, "Local Written Blocks": 0, "Temp Read Blocks": 0, "Temp Written Blocks": 0, "I/O Read Time": 17.79, "I/O Write Time": 0.0, "Plans": [{"Node Type": "Seq Scan", "Parent Relationship": "Outer", "Parallel Aware": false, "Relation Name": "time_dim", "Schema": "public", "Alias": "time_dim", "Startup Cost": 0.0, "Total Cost": 2477.0, "Plan Rows": 67395, "Plan Width": 8, "Actual Startup Time": 1.139, "Actual Total Time": 35.383, "Actual Rows": 67680, "Actual Loops": 1, "Output": ["time_dim.t_minute", "time_dim.t_time_sk"], "Filter": "(time_dim.t_minute > 12)", "Rows Removed by Filter": 18720, "Shared Hit Blocks": 0, "Shared Read Blocks": 1397, "Shared Dirtied Blocks": 0, "Shared Written Blocks": 0, "Local Hit Blocks": 0, "Local Read Blocks": 0, "Local Dirtied Blocks": 0, "Local Written Blocks": 0, "Temp Read Blocks": 0, "Temp Written Blocks": 0, "I/O Read Time": 17.79, "I/O Write Time": 0.0, "parent": "Hash"}], "parent": "Hash Join"}], "parent": "None"}, "Planning": {"Shared Hit Blocks": 104, "Shared Read Blocks": 18, "Shared Dirtied Blocks": 0, "Shared Written Blocks": 0, "Local Hit Blocks": 0, "Local Read Blocks": 0, "Local Dirtied Blocks": 0, "Local Written Blocks": 0, "Temp Read Blocks": 0, "Temp Written Blocks": 0, "I/O Read Time": 5.951, "I/O Write Time": 0.0}, "Planning Time": 7.125, "Triggers": [], "Execution Time": 137.658}, "config": {}}
{"query": "EXPLAIN (ANALYZE, COSTS, BUFFERS, VERBOSE, FORMAT JSON) select catalog_returns.cr_refunded_customer_sk, customer_address.ca_address_sk from customer_address join catalog_returns on catalog_returns.cr_refunded_addr_sk=customer_address.ca_address_sk where catalog_returns.cr_returning_hdemo_sk != 4368 and customer_address.ca_gmt_offset <= -7.0 and catalog_returns.cr_order_number < 6395;", "planinfo": {"Plan": {"Node Type": "Hash Join", "Parallel Aware": false, "Join Type": "Inner", "Startup Cost": 1815.62, "Total Cost": 6868.9, "Plan Rows": 965, "Plan Width": 8, "Actual Startup Time": 36.041, "Actual Total Time": 117.82, "Actual Rows": 867, "Actual Loops": 1, "Output": ["catalog_returns.cr_refunded_customer_sk", "customer_address.ca_address_sk"], "Inner Unique": true, "Hash Cond": "(catalog_returns.cr_refunded_addr_sk = customer_address.ca_address_sk)", "Shared Hit Blocks": 3, "Shared Read Blocks": 3964, "Shared Dirtied Blocks": 0, "Shared Written Blocks": 0, "Local Hit Blocks": 0, "Local Read Blocks": 0, "Local Dirtied Blocks": 0, "Local Written Blocks": 0, "Temp Read Blocks": 0, "Temp Written Blocks": 0, "I/O Read Time": 69.701, "I/O Write Time": 0.0, "Plans": [{"Node Type": "Seq Scan", "Parent Relationship": "Outer", "Parallel Aware": false, "Relation Name": "catalog_returns", "Schema": "public", "Alias": "catalog_returns", "Startup Cost": 0.0, "Total Cost": 5038.01, "Plan Rows": 5819, "Plan Width": 8, "Actual Startup Time": 0.458, "Actual Total Time": 81.203, "Actual Rows": 5536, "Actual Loops": 1, "Output": ["catalog_returns.cr_returned_date_sk", "catalog_returns.cr_returned_time_sk", "catalog_returns.cr_item_sk", "catalog_returns.cr_refunded_customer_sk", "catalog_returns.cr_refunded_cdemo_sk", "catalog_returns.cr_refunded_hdemo_sk", "catalog_returns.cr_refunded_addr_sk", "catalog_returns.cr_returning_customer_sk", "catalog_returns.cr_returning_cdemo_sk", "catalog_returns.cr_returning_hdemo_sk", "catalog_returns.cr_returning_addr_sk", "catalog_returns.cr_call_center_sk", "catalog_returns.cr_catalog_page_sk", "catalog_returns.cr_ship_mode_sk", "catalog_returns.cr_warehouse_sk", "catalog_returns.cr_reason_sk", "catalog_returns.cr_order_number", "catalog_returns.cr_return_quantity", "catalog_returns.cr_return_amount", "catalog_returns.cr_return_tax", "catalog_returns.cr_return_amt_inc_tax", "catalog_returns.cr_fee", "catalog_returns.cr_return_ship_cost", "catalog_returns.cr_refunded_cash", "catalog_returns.cr_reversed_charge", "catalog_returns.cr_store_credit", "catalog_returns.cr_net_loss"], "Filter": "((catalog_returns.cr_returning_hdemo_sk <> 4368) AND (catalog_returns.cr_order_number < 6395))", "Rows Removed by Filter": 138531, "Shared Hit Blocks": 0, "Shared Read Blocks": 2877, "Shared Dirtied Blocks": 0, "Shared Written Blocks": 0, "Local Hit Blocks": 0, "Local Read Blocks": 0, "Local Dirtied Blocks": 0, "Local Written Blocks": 0, "Temp Read Blocks": 0, "Temp Written Blocks": 0, "I/O Read Time": 51.602, "I/O Write Time": 0.0, "parent": "Hash Join"}, {"Node Type": "Hash", "Parent Relationship": "Inner", "Parallel Aware": false, "Startup Cost": 1712.0, "Total Cost": 1712.0, "Plan Rows": 8290, "Plan Width": 4, "Actual Startup Time": 35.484, "Actual Total Time": 35.486, "Actual Rows": 8297, "Actual Loops": 1, "Output": ["customer_address.ca_address_sk"], "Hash Buckets": 16384, "Original Hash Buckets": 16384, "Hash Batches": 1, "Original Hash Batches": 1, "Peak Memory Usage": 420, "Shared Hit Blocks": 0, "Shared Read Blocks": 1087, "Shared Dirtied Blocks": 0, "Shared Written Blocks": 0, "Local Hit Blocks": 0, "Local Read Blocks": 0, "Local Dirtied Blocks": 0, "Local Written Blocks": 0, "Temp Read Blocks": 0, "Temp Written Blocks": 0, "I/O Read Time": 18.1, "I/O Write Time": 0.0, "Plans": [{"Node Type": "Seq Scan", "Parent Relationship": "Outer", "Parallel Aware": false, "Relation Name": "customer_address", "Schema": "public", "Alias": "customer_address", "Startup Cost": 0.0, "Total Cost": 1712.0, "Plan Rows": 8290, "Plan Width": 4, "Actual Startup Time": 0.505, "Actual Total Time": 32.587, "Actual Rows": 8297, "Actual Loops": 1, "Output": ["customer_address.ca_address_sk"], "Filter": "(customer_address.ca_gmt_offset <= '-7.0'::numeric)", "Rows Removed by Filter": 41703, "Shared Hit Blocks": 0, "Shared Read Blocks": 1087, "Shared Dirtied Blocks": 0, "Shared Written Blocks": 0, "Local Hit Blocks": 0, "Local Read Blocks": 0, "Local Dirtied Blocks": 0, "Local Written Blocks": 0, "Temp Read Blocks": 0, "Temp Written Blocks": 0, "I/O Read Time": 18.1, "I/O Write Time": 0.0, "parent": "Hash"}], "parent": "Hash Join"}], "parent": "None"}, "Planning": {"Shared Hit Blocks": 108, "Shared Read Blocks": 17, "Shared Dirtied Blocks": 0, "Shared Written Blocks": 0, "Local Hit Blocks": 0, "Local Read Blocks": 0, "Local Dirtied Blocks": 0, "Local Written Blocks": 0, "Temp Read Blocks": 0, "Temp Written Blocks": 0, "I/O Read Time": 5.681, "I/O Write Time": 0.0}, "Planning Time": 6.853, "Triggers": [], "Execution Time": 117.934}, "config": {}}
{"query": "EXPLAIN (ANALYZE, COSTS, BUFFERS, VERBOSE, FORMAT JSON) select catalog_sales.cs_ext_discount_amt, catalog_page.cp_catalog_page_sk from catalog_page join catalog_sales on catalog_sales.cs_catalog_page_sk=catalog_page.cp_catalog_page_sk where catalog_page.cp_start_date_sk = 2450935;", "planinfo": {"Plan": {"Node Type": "Hash Join", "Parallel Aware": false, "Join Type": "Inner", "Startup Cost": 389.81, "Total Cost": 55994.84, "Plan Rows": 13163, "Plan Width": 10, "Actual Startup Time": 123.001, "Actual Total Time": 1592.751, "Actual Rows": 12183, "Actual Loops": 1, "Output": ["catalog_sales.cs_ext_discount_amt", "catalog_page.cp_catalog_page_sk"], "Inner Unique": true, "Hash Cond": "(catalog_sales.cs_catalog_page_sk = catalog_page.cp_catalog_page_sk)", "Shared Hit Blocks": 3, "Shared Read Blocks": 37647, "Shared Dirtied Blocks": 0, "Shared Written Blocks": 0, "Local Hit Blocks": 0, "Local Read Blocks": 0, "Local Dirtied Blocks": 0, "Local Written Blocks": 0, "Temp Read Blocks": 0, "Temp Written Blocks": 0, "I/O Read Time": 1176.071, "I/O Write Time": 0.0, "Plans": [{"Node Type": "Seq Scan", "Parent Relationship": "Outer", "Parallel Aware": false, "Relation Name": "catalog_sales", "Schema": "public", "Alias": "catalog_sales", "Startup Cost": 0.0, "Total Cost": 51819.79, "Plan Rows": 1441479, "Plan Width": 10, "Actual Startup Time": 0.459, "Actual Total Time": 1321.218, "Actual Rows": 1441548, "Actual Loops": 1, "Output": ["catalog_sales.cs_sold_date_sk", "catalog_sales.cs_sold_time_sk", "catalog_sales.cs_ship_date_sk", "catalog_sales.cs_bill_customer_sk", "catalog_sales.cs_bill_cdemo_sk", "catalog_sales.cs_bill_hdemo_sk", "catalog_sales.cs_bill_addr_sk", "catalog_sales.cs_ship_customer_sk", "catalog_sales.cs_ship_cdemo_sk", "catalog_sales.cs_ship_hdemo_sk", "catalog_sales.cs_ship_addr_sk", "catalog_sales.cs_call_center_sk", "catalog_sales.cs_catalog_page_sk", "catalog_sales.cs_ship_mode_sk", "catalog_sales.cs_warehouse_sk", "catalog_sales.cs_item_sk", "catalog_sales.cs_promo_sk", "catalog_sales.cs_order_number", "catalog_sales.cs_quantity", "catalog_sales.cs_wholesale_cost", "catalog_sales.cs_list_price", "catalog_sales.cs_sales_price", "catalog_sales.cs_ext_discount_amt", "catalog_sales.cs_ext_sales_price", "catalog_sales.cs_ext_wholesale_cost", "catalog_sales.cs_ext_list_price", "catalog_sales.cs_ext_tax", "catalog_sales.cs_coupon_amt", "catalog_sales.cs_ext_ship_cost", "catalog_sales.cs_net_paid", "catalog_sales.cs_net_paid_inc_tax", "catalog_sales.cs_net_paid_inc_ship", "catalog_sales.cs_net_paid_inc_ship_tax", "catalog_sales.cs_net_profit"], "Shared Hit Blocks": 0, "Shared Read Blocks": 37405, "Shared Dirtied Blocks": 0, "Shared Written Blocks": 0, "Local Hit Blocks": 0, "Local Read Blocks": 0, "Local Dirtied Blocks": 0, "Local Written Blocks": 0, "Temp Read Blocks": 0, "Temp Written Blocks": 0, "I/O Read Time": 1170.602, "I/O Write Time": 0.0, "parent": "Hash Join"}, {"Node Type": "Hash", "Parent Relationship": "Inner", "Parallel Aware": false, "Startup Cost": 388.48, "Total Cost": 388.48, "Plan Rows": 107, "Plan Width": 4, "Actual Startup Time": 7.64, "Actual Total Time": 7.642, "Actual Rows": 107, "Actual Loops": 1, "Output": ["catalog_page.cp_catalog_page_sk"], "Hash Buckets": 1024, "Original Hash Buckets": 1024, "Hash Batches": 1, "Original Hash Batches": 1, "Peak Memory Usage": 12, "Shared Hit Blocks": 0, "Shared Read Blocks": 242, "Shared Dirtied Blocks": 0, "Shared Written Blocks": 0, "Local Hit Blocks": 0, "Local Read Blocks": 0, "Local Dirtied Blocks": 0, "Local Written Blocks": 0, "Temp Read Blocks": 0, "Temp Written Blocks": 0, "I/O Read Time": 5.469, "I/O Write Time": 0.0, "Plans": [{"Node Type": "Seq Scan", "Parent Relationship": "Outer", "Parallel Aware": false, "Relation Name": "catalog_page", "Schema": "public", "Alias": "catalog_page", "Startup Cost": 0.0, "Total Cost": 388.48, "Plan Rows": 107, "Plan Width": 4, "Actual Startup Time": 1.669, "Actual Total Time": 7.088, "Actual Rows": 107, "Actual Loops": 1, "Output": ["catalog_page.cp_catalog_page_sk"], "Filter": "(catalog_page.cp_start_date_sk = 2450935)", "Rows Removed by Filter": 11611, "Shared Hit Blocks": 0, "Shared Read Blocks": 242, "Shared Dirtied Blocks": 0, "Shared Written Blocks": 0, "Local Hit Blocks": 0, "Local Read Blocks": 0, "Local Dirtied Blocks": 0, "Local Written Blocks": 0, "Temp Read Blocks": 0, "Temp Written Blocks": 0, "I/O Read Time": 5.469, "I/O Write Time": 0.0, "parent": "Hash"}], "parent": "Hash Join"}], "parent": "None"}, "Planning": {"Shared Hit Blocks": 90, "Shared Read Blocks": 14, "Shared Dirtied Blocks": 0, "Shared Written Blocks": 0, "Local Hit Blocks": 0, "Local Read Blocks": 0, "Local Dirtied Blocks": 0, "Local Written Blocks": 0, "Temp Read Blocks": 0, "Temp Written Blocks": 0, "I/O Read Time": 4.558, "I/O Write Time": 0.0}, "Planning Time": 5.735, "Triggers": [], "Execution Time": 1593.414}, "config": {}}
{"query": "EXPLAIN (ANALYZE, COSTS, BUFFERS, VERBOSE, FORMAT JSON) select catalog_returns.cr_refunded_cdemo_sk, customer.c_current_addr_sk from customer join catalog_returns on catalog_returns.cr_refunded_customer_sk=customer.c_customer_sk where catalog_returns.cr_return_quantity > 77;", "planinfo": {"Plan": {"Node Type": "Hash Join", "Parallel Aware": false, "Join Type": "Inner", "Startup Cost": 4732.76, "Total Cost": 9168.81, "Plan Rows": 4394, "Plan Width": 8, "Actual Startup Time": 87.118, "Actual Total Time": 165.899, "Actual Rows": 4209, "Actual Loops": 1, "Output": ["catalog_returns.cr_refunded_cdemo_sk", "customer.c_current_addr_sk"], "Inner Unique": false, "Hash Cond": "(customer.c_customer_sk = catalog_returns.cr_refunded_customer_sk)", "Shared Hit Blocks": 3, "Shared Read Blocks": 5645, "Shared Dirtied Blocks": 0, "Shared Written Blocks": 0, "Local Hit Blocks": 0, "Local Read Blocks": 0, "Local Dirtied Blocks": 0, "Local Written Blocks": 0, "Temp Read Blocks": 0, "Temp Written Blocks": 0, "I/O Read Time": 106.884, "I/O Write Time": 0.0, "Plans": [{"Node Type": "Seq Scan", "Parent Relationship": "Outer", "Parallel Aware": false, "Relation Name": "customer", "Schema": "public", "Alias": "customer", "Startup Cost": 0.0, "Total Cost": 3768.0, "Plan Rows": 100000, "Plan Width": 8, "Actual Startup Time": 0.466, "Actual Total Time": 62.611, "Actual Rows": 100000, "Actual Loops": 1, "Output": ["customer.c_customer_sk", "customer.c_customer_id", "customer.c_current_cdemo_sk", "customer.c_current_hdemo_sk", "customer.c_current_addr_sk", "customer.c_first_shipto_date_sk", "customer.c_first_sales_date_sk", "customer.c_salutation", "customer.c_first_name", "customer.c_last_name", "customer.c_preferred_cust_flag", "customer.c_birth_day", "customer.c_birth_month", "customer.c_birth_year", "customer.c_birth_country", "customer.c_login", "customer.c_email_address", "customer.c_last_review_date_sk"], "Shared Hit Blocks": 0, "Shared Read Blocks": 2768, "Shared Dirtied Blocks": 0, "Shared Written Blocks": 0, "Local Hit Blocks": 0, "Local Read Blocks": 0, "Local Dirtied Blocks": 0, "Local Written Blocks": 0, "Temp Read Blocks": 0, "Temp Written Blocks": 0, "I/O Read Time": 51.909, "I/O Write Time": 0.0, "parent": "Hash Join"}, {"Node Type": "Hash", "Parent Relationship": "Inner", "Parallel Aware": false, "Startup Cost": 4677.84, "Total Cost": 4677.84, "Plan Rows": 4394, "Plan Width": 8, "Actual Startup Time": 86.594, "Actual Total Time": 86.596, "Actual Rows": 4209, "Actual Loops": 1, "Output": ["catalog_returns.cr_refunded_cdemo_sk", "catalog_returns.cr_refunded_customer_sk"], "Hash Buckets": 8192, "Original Hash Buckets": 8192, "Hash Batches": 1, "Original Hash Batches": 1, "Peak Memory Usage": 229, "Shared Hit Blocks": 0, "Shared Read Blocks": 2877, "Shared Dirtied Blocks": 0, "Shared Written Blocks": 0, "Local Hit Blocks": 0, "Local Read Blocks": 0, "Local Dirtied Blocks": 0, "Local Written Blocks": 0, "Temp Read Blocks": 0, "Temp Written Blocks": 0, "I/O Read Time": 54.975, "I/O Write Time": 0.0, "Plans": [{"Node Type": "Seq Scan", "Parent Relationship": "Outer", "Parallel Aware": false, "Relation Name": "catalog_returns", "Schema": "public", "Alias": "catalog_returns", "Startup Cost": 0.0, "Total Cost": 4677.84, "Plan Rows": 4394, "Plan Width": 8, "Actual Startup Time": 0.963, "Actual Total Time": 84.215, "Actual Rows": 4250, "Actual Loops": 1, "Output": ["catalog_returns.cr_refunded_cdemo_sk", "catalog_returns.cr_refunded_customer_sk"], "Filter": "(catalog_returns.cr_return_quantity > 77)", "Rows Removed by Filter": 139817, "Shared Hit Blocks": 0, "Shared Read Blocks": 2877, "Shared Dirtied Blocks": 0, "Shared Written Blocks": 0, "Local Hit Blocks": 0, "Local Read Blocks": 0, "Local Dirtied Blocks": 0, "Local Written Blocks": 0, "Temp Read Blocks": 0, "Temp Written Blocks": 0, "I/O Read Time": 54.975, "I/O Write Time": 0.0, "parent": "Hash"}], "parent": "Hash Join"}], "parent": "None"}, "Planning": {"Shared Hit Blocks": 112, "Shared Read Blocks": 19, "Shared Dirtied Blocks": 0, "Shared Written Blocks": 0, "Local Hit Blocks": 0, "Local Read Blocks": 0, "Local Dirtied Blocks": 0, "Local Written Blocks": 0, "Temp Read Blocks": 0, "Temp Written Blocks": 0, "I/O Read Time": 6.747, "I/O Write Time": 0.0}, "Planning Time": 7.937, "Triggers": [], "Execution Time": 166.247}, "config": {}}
{"query": "EXPLAIN (ANALYZE, COSTS, BUFFERS, VERBOSE, FORMAT JSON) select customer_demographics.cd_dep_employed_count, web_returns.wr_returning_cdemo_sk,  sum(customer_demographics.cd_dep_count) from customer_demographics join web_returns on web_returns.wr_refunded_cdemo_sk=customer_demographics.cd_demo_sk where web_returns.wr_refunded_cdemo_sk <= 1370624 group by customer_demographics.cd_dep_employed_count, web_returns.wr_returning_cdemo_sk order by customer_demographics.cd_dep_employed_count DESC, web_returns.wr_returning_cdemo_sk DESC;", "planinfo": {"Plan": {"Node Type": "Aggregate", "Strategy": "Sorted", "Partial Mode": "Simple", "Parallel Aware": false, "Startup Cost": 55325.15, "Total Cost": 56298.45, "Plan Rows": 48665, "Plan Width": 16, "Actual Startup Time": 791.107, "Actual Total Time": 819.472, "Actual Rows": 46731, "Actual Loops": 1, "Output": ["customer_demographics.cd_dep_employed_count", "web_returns.wr_returning_cdemo_sk", "sum(customer_demographics.cd_dep_count)"], "Group Key": ["customer_demographics.cd_dep_employed_count", "web_returns.wr_returning_cdemo_sk"], "Shared Hit Blocks": 3, "Shared Read Blocks": 23155, "Shared Dirtied Blocks": 0, "Shared Written Blocks": 0, "Local Hit Blocks": 0, "Local Read Blocks": 0, "Local Dirtied Blocks": 0, "Local Written Blocks": 0, "Temp Read Blocks": 0, "Temp Written Blocks": 0, "I/O Read Time": 198.302, "I/O Write Time": 0.0, "Plans": [{"Node Type": "Sort", "Parent Relationship": "Outer", "Parallel Aware": false, "Startup Cost": 55325.15, "Total Cost": 55446.81, "Plan Rows": 48665, "Plan Width": 12, "Actual Startup Time": 790.54, "Actual Total Time": 793.242, "Actual Rows": 48754, "Actual Loops": 1, "Output": ["customer_demographics.cd_dep_employed_count", "web_returns.wr_returning_cdemo_sk", "customer_demographics.cd_dep_count"], "Sort Key": ["customer_demographics.cd_dep_employed_count DESC", "web_returns.wr_returning_cdemo_sk DESC"], "Sort Method": "quicksort", "Sort Space Used": 3896, "Sort Space Type": "Memory", "Shared Hit Blocks": 3, "Shared Read Blocks": 23155, "Shared Dirtied Blocks": 0, "Shared Written Blocks": 0, "Local Hit Blocks": 0, "Local Read Blocks": 0, "Local Dirtied Blocks": 0, "Local Written Blocks": 0, "Temp Read Blocks": 0, "Temp Written Blocks": 0, "I/O Read Time": 198.302, "I/O Write Time": 0.0, "Plans": [{"Node Type": "Hash Join", "Parent Relationship": "Outer", "Parallel Aware": false, "Join Type": "Inner", "Startup Cost": 2832.35, "Total Cost": 51536.43, "Plan Rows": 48665, "Plan Width": 12, "Actual Startup Time": 48.51, "Actual Total Time": 751.424, "Actual Rows": 48754, "Actual Loops": 1, "Output": ["customer_demographics.cd_dep_employed_count", "web_returns.wr_returning_cdemo_sk", "customer_demographics.cd_dep_count"], "Inner Unique": false, "Hash Cond": "(customer_demographics.cd_demo_sk = web_returns.wr_refunded_cdemo_sk)", "Shared Hit Blocks": 0, "Shared Read Blocks": 23155, "Shared Dirtied Blocks": 0, "Shared Written Blocks": 0, "Local Hit Blocks": 0, "Local Read Blocks": 0, "Local Dirtied Blocks": 0, "Local Written Blocks": 0, "Temp Read Blocks": 0, "Temp Written Blocks": 0, "I/O Read Time": 198.302, "I/O Write Time": 0.0, "Plans": [{"Node Type": "Seq Scan", "Parent Relationship": "Outer", "Parallel Aware": false, "Relation Name": "customer_demographics", "Schema": "public", "Alias": "customer_demographics", "Startup Cost": 0.0, "Total Cost": 41036.0, "Plan Rows": 1920800, "Plan Width": 12, "Actual Startup Time": 0.465, "Actual Total Time": 347.945, "Actual Rows": 1920800, "Actual Loops": 1, "Output": ["customer_demographics.cd_demo_sk", "customer_demographics.cd_gender", "customer_demographics.cd_marital_status", "customer_demographics.cd_education_status", "customer_demographics.cd_purchase_estimate", "customer_demographics.cd_credit_rating", "customer_demographics.cd_dep_count", "customer_demographics.cd_dep_employed_count", "customer_demographics.cd_dep_college_count"], "Shared Hit Blocks": 0, "Shared Read Blocks": 21828, "Shared Dirtied Blocks": 0, "Shared Written Blocks": 0, "Local Hit Blocks": 0, "Local Read Blocks": 0, "Local Dirtied Blocks": 0, "Local Written Blocks": 0, "Temp Read Blocks": 0, "Temp Written Blocks": 0, "I/O Read Time": 179.519, "I/O Write Time": 0.0, "parent": "Hash Join"}, {"Node Type": "Hash", "Parent Relationship": "Inner", "Parallel Aware": false, "Startup Cost": 2224.04, "Total Cost": 2224.04, "Plan Rows": 48665, "Plan Width": 8, "Actual Startup Time": 47.791, "Actual Total Time": 47.792, "Actual Rows": 48754, "Actual Loops": 1, "Output": ["web_returns.wr_returning_cdemo_sk", "web_returns.wr_refunded_cdemo_sk"], "Hash Buckets": 65536, "Original Hash Buckets": 65536, "Hash Batches": 1, "Original Hash Batches": 1, "Peak Memory Usage": 2413, "Shared Hit Blocks": 0, "Shared Read Blocks": 1327, "Shared Dirtied Blocks": 0, "Shared Written Blocks": 0, "Local Hit Blocks": 0, "Local Read Blocks": 0, "Local Dirtied Blocks": 0, "Local Written Blocks": 0, "Temp Read Blocks": 0, "Temp Written Blocks": 0, "I/O Read Time": 18.783, "I/O Write Time": 0.0, "Plans": [{"Node Type": "Seq Scan", "Parent Relationship": "Outer", "Parallel Aware": false, "Relation Name": "web_returns", "Schema": "public", "Alias": "web_returns", "Startup Cost": 0.0, "Total Cost": 2224.04, "Plan Rows": 48665, "Plan Width": 8, "Actual Startup Time": 0.459, "Actual Total Time": 35.313, "Actual Rows": 48754, "Actual Loops": 1, "Output": ["web_returns.wr_returning_cdemo_sk", "web_returns.wr_refunded_cdemo_sk"], "Filter": "(web_returns.wr_refunded_cdemo_sk <= 1370624)", "Rows Removed by Filter": 23009, "Shared Hit Blocks": 0, "Shared Read Blocks": 1327, "Shared Dirtied Blocks": 0, "Shared Written Blocks": 0, "Local Hit Blocks": 0, "Local Read Blocks": 0, "Local Dirtied Blocks": 0, "Local Written Blocks": 0, "Temp Read Blocks": 0, "Temp Written Blocks": 0, "I/O Read Time": 18.783, "I/O Write Time": 0.0, "parent": "Hash"}], "parent": "Hash Join"}], "parent": "Sort"}], "parent": "Aggregate"}], "parent": "None"}, "Planning": {"Shared Hit Blocks": 91, "Shared Read Blocks": 19, "Shared Dirtied Blocks": 0, "Shared Written Blocks": 0, "Local Hit Blocks": 0, "Local Read Blocks": 0, "Local Dirtied Blocks": 0, "Local Written Blocks": 0, "Temp Read Blocks": 0, "Temp Written Blocks": 0, "I/O Read Time": 7.226, "I/O Write Time": 0.0}, "Planning Time": 9.45, "Triggers": [], "Execution Time": 823.494}, "config": {}}
{"query": "EXPLAIN (ANALYZE, COSTS, BUFFERS, VERBOSE, FORMAT JSON) select web_returns.wr_returning_hdemo_sk, customer.c_birth_month from customer join web_returns on web_returns.wr_refunded_customer_sk=customer.c_customer_sk where customer.c_birth_year != 1986 and web_returns.wr_returning_hdemo_sk >= 6924 order by customer.c_birth_month DESC, web_returns.wr_returning_hdemo_sk ASC;", "planinfo": {"Plan": {"Node Type": "Sort", "Parallel Aware": false, "Startup Cost": 8236.46, "Total Cost": 8243.02, "Plan Rows": 2626, "Plan Width": 8, "Actual Startup Time": 123.94, "Actual Total Time": 124.08, "Actual Rows": 2543, "Actual Loops": 1, "Output": ["web_returns.wr_returning_hdemo_sk", "customer.c_birth_month"], "Sort Key": ["customer.c_birth_month DESC", "web_returns.wr_returning_hdemo_sk"], "Sort Method": "quicksort", "Sort Space Used": 236, "Sort Space Type": "Memory", "Shared Hit Blocks": 3, "Shared Read Blocks": 4095, "Shared Dirtied Blocks": 0, "Shared Written Blocks": 0, "Local Hit Blocks": 0, "Local Read Blocks": 0, "Local Dirtied Blocks": 0, "Local Written Blocks": 0, "Temp Read Blocks": 0, "Temp Written Blocks": 0, "I/O Read Time": 72.37, "I/O Write Time": 0.0, "Plans": [{"Node Type": "Hash Join", "Parent Relationship": "Outer", "Parallel Aware": false, "Join Type": "Inner", "Startup Cost": 2258.5, "Total Cost": 8087.32, "Plan Rows": 2626, "Plan Width": 8, "Actual Startup Time": 39.444, "Actual Total Time": 122.168, "Actual Rows": 2543, "Actual Loops": 1, "Output": ["web_returns.wr_returning_hdemo_sk", "customer.c_birth_month"], "Inner Unique": false, "Hash Cond": "(customer.c_customer_sk = web_returns.wr_refunded_customer_sk)", "Shared Hit Blocks": 0, "Shared Read Blocks": 4095, "Shared Dirtied Blocks": 0, "Shared Written Blocks": 0, "Local Hit Blocks": 0, "Local Read Blocks": 0, "Local Dirtied Blocks": 0, "Local Written Blocks": 0, "Temp Read Blocks": 0, "Temp Written Blocks": 0, "I/O Read Time": 72.37, "I/O Write Time": 0.0, "Plans": [{"Node Type": "Seq Scan", "Parent Relationship": "Outer", "Parallel Aware": false, "Relation Name": "customer", "Schema": "public", "Alias": "customer", "Startup Cost": 0.0, "Total Cost": 4018.0, "Plan Rows": 95240, "Plan Width": 8, "Actual Startup Time": 0.466, "Actual Total Time": 69.77, "Actual Rows": 95257, "Actual Loops": 1, "Output": ["customer.c_customer_sk", "customer.c_customer_id", "customer.c_current_cdemo_sk", "customer.c_current_hdemo_sk", "customer.c_current_addr_sk", "customer.c_first_shipto_date_sk", "customer.c_first_sales_date_sk", "customer.c_salutation", "customer.c_first_name", "customer.c_last_name", "customer.c_preferred_cust_flag", "customer.c_birth_day", "customer.c_birth_month", "customer.c_birth_year", "customer.c_birth_country", "customer.c_login", "customer.c_email_address", "customer.c_last_review_date_sk"], "Filter": "(customer.c_birth_year <> 1986)", "Rows Removed by Filter": 4743, "Shared Hit Blocks": 0, "Shared Read Blocks": 2768, "Shared Dirtied Blocks": 0, "Shared Written Blocks": 0, "Local Hit Blocks": 0, "Local Read Blocks": 0, "Local Dirtied Blocks": 0, "Local Written Blocks": 0, "Temp Read Blocks": 0, "Temp Written Blocks": 0, "I/O Read Time": 46.764, "I/O Write Time": 0.0, "parent": "Hash Join"}, {"Node Type": "Hash", "Parent Relationship": "Inner", "Parallel Aware": false, "Startup Cost": 2224.04, "Total Cost": 2224.04, "Plan Rows": 2757, "Plan Width": 8, "Actual Startup Time": 38.916, "Actual Total Time": 38.917, "Actual Rows": 2675, "Actual Loops": 1, "Output": ["web_returns.wr_returning_hdemo_sk", "web_returns.wr_refunded_customer_sk"], "Hash Buckets": 4096, "Original Hash Buckets": 4096, "Hash Batches": 1, "Original Hash Batches": 1, "Peak Memory Usage": 137, "Shared Hit Blocks": 0, "Shared Read Blocks": 1327, "Shared Dirtied Blocks": 0, "Shared Written Blocks": 0, "Local Hit Blocks": 0, "Local Read Blocks": 0, "Local Dirtied Blocks": 0, "Local Written Blocks": 0, "Temp Read Blocks": 0, "Temp Written Blocks": 0, "I/O Read Time": 25.606, "I/O Write Time": 0.0, "Plans": [{"Node Type": "Seq Scan", "Parent Relationship": "Outer", "Parallel Aware": false, "Relation Name": "web_returns", "Schema": "public", "Alias": "web_returns", "Startup Cost": 0.0, "Total Cost": 2224.04, "Plan Rows": 2757, "Plan Width": 8, "Actual Startup Time": 0.454, "Actual Total Time": 37.557, "Actual Rows": 2722, "Actual Loops": 1, "Output": ["web_returns.wr_returning_hdemo_sk", "web_returns.wr_refunded_customer_sk"], "Filter": "(web_returns.wr_returning_hdemo_sk >= 6924)", "Rows Removed by Filter": 69041, "Shared Hit Blocks": 0, "Shared Read Blocks": 1327, "Shared Dirtied Blocks": 0, "Shared Written Blocks": 0, "Local Hit Blocks": 0, "Local Read Blocks": 0, "Local Dirtied Blocks": 0, "Local Written Blocks": 0, "Temp Read Blocks": 0, "Temp Written Blocks": 0, "I/O Read Time": 25.606, "I/O Write Time": 0.0, "parent": "Hash"}], "parent": "Hash Join"}], "parent": "Sort"}], "parent": "None"}, "Planning": {"Shared Hit Blocks": 106, "Shared Read Blocks": 20, "Shared Dirtied Blocks": 0, "Shared Written Blocks": 0, "Local Hit Blocks": 0, "Local Read Blocks": 0, "Local Dirtied Blocks": 0, "Local Written Blocks": 0, "Temp Read Blocks": 0, "Temp Written Blocks": 0, "I/O Read Time": 6.72, "I/O Write Time": 0.0}, "Planning Time": 7.91, "Triggers": [], "Execution Time": 124.333}, "config": {}}
{"query": "EXPLAIN (ANALYZE, COSTS, BUFFERS, VERBOSE, FORMAT JSON) select customer.c_current_addr_sk, web_returns.wr_item_sk from customer join web_returns on web_returns.wr_refunded_customer_sk=customer.c_customer_sk where customer.c_birth_day > 24 order by web_returns.wr_item_sk DESC, customer.c_current_addr_sk DESC;", "planinfo": {"Plan": {"Node Type": "Sort", "Parallel Aware": false, "Startup Cost": 7487.73, "Total Cost": 7523.5, "Plan Rows": 14307, "Plan Width": 8, "Actual Startup Time": 132.457, "Actual Total Time": 133.478, "Actual Rows": 13801, "Actual Loops": 1, "Output": ["customer.c_current_addr_sk", "web_returns.wr_item_sk"], "Sort Key": ["web_returns.wr_item_sk DESC", "customer.c_current_addr_sk DESC"], "Sort Method": "quicksort", "Sort Space Used": 1139, "Sort Space Type": "Memory", "Shared Hit Blocks": 3, "Shared Read Blocks": 4095, "Shared Dirtied Blocks": 0, "Shared Written Blocks": 0, "Local Hit Blocks": 0, "Local Read Blocks": 0, "Local Dirtied Blocks": 0, "Local Written Blocks": 0, "Temp Read Blocks": 0, "Temp Written Blocks": 0, "I/O Read Time": 74.258, "I/O Write Time": 0.0, "Plans": [{"Node Type": "Hash Join", "Parent Relationship": "Outer", "Parallel Aware": false, "Join Type": "Inner", "Startup Cost": 4267.21, "Total Cost": 6500.23, "Plan Rows": 14307, "Plan Width": 8, "Actual Startup Time": 83.962, "Actual Total Time": 125.756, "Actual Rows": 13801, "Actual Loops": 1, "Output": ["customer.c_current_addr_sk", "web_returns.wr_item_sk"], "Inner Unique": true, "Hash Cond": "(web_returns.wr_refunded_customer_sk = customer.c_customer_sk)", "Shared Hit Blocks": 0, "Shared Read Blocks": 4095, "Shared Dirtied Blocks": 0, "Shared Written Blocks": 0, "Local Hit Blocks": 0, "Local Read Blocks": 0, "Local Dirtied Blocks": 0, "Local Written Blocks": 0, "Temp Read Blocks": 0, "Temp Written Blocks": 0, "I/O Read Time": 74.258, "I/O Write Time": 0.0, "Plans": [{"Node Type": "Seq Scan", "Parent Relationship": "Outer", "Parallel Aware": false, "Relation Name": "web_returns", "Schema": "public", "Alias": "web_returns", "Startup Cost": 0.0, "Total Cost": 2044.63, "Plan Rows": 71763, "Plan Width": 8, "Actual Startup Time": 0.453, "Actual Total Time": 24.714, "Actual Rows": 71763, "Actual Loops": 1, "Output": ["web_returns.wr_returned_date_sk", "web_returns.wr_returned_time_sk", "web_returns.wr_item_sk", "web_returns.wr_refunded_customer_sk", "web_returns.wr_refunded_cdemo_sk", "web_returns.wr_refunded_hdemo_sk", "web_returns.wr_refunded_addr_sk", "web_returns.wr_returning_customer_sk", "web_returns.wr_returning_cdemo_sk", "web_returns.wr_returning_hdemo_sk", "web_returns.wr_returning_addr_sk", "web_returns.wr_web_page_sk", "web_returns.wr_reason_sk", "web_returns.wr_order_number", "web_returns.wr_return_quantity", "web_returns.wr_return_amt", "web_returns.wr_return_tax", "web_returns.wr_return_amt_inc_tax", "web_returns.wr_fee", "web_returns.wr_return_ship_cost", "web_returns.wr_refunded_cash", "web_returns.wr_reversed_charge", "web_returns.wr_account_credit", "web_returns.wr_net_loss"], "Shared Hit Blocks": 0, "Shared Read Blocks": 1327, "Shared Dirtied Blocks": 0, "Shared Written Blocks": 0, "Local Hit Blocks": 0, "Local Read Blocks": 0, "Local Dirtied Blocks": 0, "Local Written Blocks": 0, "Temp Read Blocks": 0, "Temp Written Blocks": 0, "I/O Read Time": 17.636, "I/O Write Time": 0.0, "parent": "Hash Join"}, {"Node Type": "Hash", "Parent Relationship": "Inner", "Parallel Aware": false, "Startup Cost": 4018.0, "Total Cost": 4018.0, "Plan Rows": 19937, "Plan Width": 8, "Actual Startup Time": 83.391, "Actual Total Time": 83.392, "Actual Rows": 20082, "Actual Loops": 1, "Output": ["customer.c_current_addr_sk", "customer.c_customer_sk"], "Hash Buckets": 32768, "Original Hash Buckets": 32768, "Hash Batches": 1, "Original Hash Batches": 1, "Peak Memory Usage": 1041, "Shared Hit Blocks": 0, "Shared Read Blocks": 2768, "Shared Dirtied Blocks": 0, "Shared Written Blocks": 0, "Local Hit Blocks": 0, "Local Read Blocks": 0, "Local Dirtied Blocks": 0, "Local Written Blocks": 0, "Temp Read Blocks": 0, "Temp Written Blocks": 0, "I/O Read Time": 56.622, "I/O Write Time": 0.0, "Plans": [{"Node Type": "Seq Scan", "Parent Relationship": "Outer", "Parallel Aware": false, "Relation Name": "customer", "Schema": "public", "Alias": "customer", "Startup Cost": 0.0, "Total Cost": 4018.0, "Plan Rows": 19937, "Plan Width": 8, "Actual Startup Time": 0.63, "Actual Total Time": 77.523, "Actual Rows": 20082, "Actual Loops": 1, "Output": ["customer.c_current_addr_sk", "customer.c_customer_sk"], "Filter": "(customer.c_birth_day > 24)", "Rows Removed by Filter": 79918, "Shared Hit Blocks": 0, "Shared Read Blocks": 2768, "Shared Dirtied Blocks": 0, "Shared Written Blocks": 0, "Local Hit Blocks": 0, "Local Read Blocks": 0, "Local Dirtied Blocks": 0, "Local Written Blocks": 0, "Temp Read Blocks": 0, "Temp Written Blocks": 0, "I/O Read Time": 56.622, "I/O Write Time": 0.0, "parent": "Hash"}], "parent": "Hash Join"}], "parent": "Sort"}], "parent": "None"}, "Planning": {"Shared Hit Blocks": 101, "Shared Read Blocks": 22, "Shared Dirtied Blocks": 0, "Shared Written Blocks": 0, "Local Hit Blocks": 0, "Local Read Blocks": 0, "Local Dirtied Blocks": 0, "Local Written Blocks": 0, "Temp Read Blocks": 0, "Temp Written Blocks": 0, "I/O Read Time": 8.147, "I/O Write Time": 0.0}, "Planning Time": 9.367, "Triggers": [], "Execution Time": 134.515}, "config": {}}
{"query": "EXPLAIN (ANALYZE, COSTS, BUFFERS, VERBOSE, FORMAT JSON) select inventory.inv_quantity_on_hand, date_dim.d_qoy from inventory join date_dim on date_dim.d_date_sk=inventory.inv_date_sk where date_dim.d_dom != 6 order by date_dim.d_qoy DESC;", "planinfo": {"Plan": {"Node Type": "Sort", "Parallel Aware": false, "Startup Cost": 1854842.02, "Total Cost": 1883209.02, "Plan Rows": 11346800, "Plan Width": 8, "Actual Startup Time": 10524.573, "Actual Total Time": 12022.698, "Actual Rows": 11385000, "Actual Loops": 1, "Output": ["inventory.inv_quantity_on_hand", "date_dim.d_qoy"], "Sort Key": ["date_dim.d_qoy DESC"], "Sort Method": "external merge", "Sort Space Used": 198328, "Sort Space Type": "Disk", "Shared Hit Blocks": 3, "Shared Read Blocks": 64892, "Shared Dirtied Blocks": 0, "Shared Written Blocks": 0, "Local Hit Blocks": 0, "Local Read Blocks": 0, "Local Dirtied Blocks": 0, "Local Written Blocks": 0, "Temp Read Blocks": 75725, "Temp Written Blocks": 75952, "I/O Read Time": 274.982, "I/O Write Time": 0.0, "Plans": [{"Node Type": "Hash Join", "Parent Relationship": "Outer", "Parallel Aware": false, "Join Type": "Inner", "Startup Cost": 3200.28, "Total Cost": 214968.35, "Plan Rows": 11346800, "Plan Width": 8, "Actual Startup Time": 56.239, "Actual Total Time": 5361.297, "Actual Rows": 11385000, "Actual Loops": 1, "Output": ["inventory.inv_quantity_on_hand", "date_dim.d_qoy"], "Inner Unique": true, "Hash Cond": "(inventory.inv_date_sk = date_dim.d_date_sk)", "Shared Hit Blocks": 0, "Shared Read Blocks": 64892, "Shared Dirtied Blocks": 0, "Shared Written Blocks": 0, "Local Hit Blocks": 0, "Local Read Blocks": 0, "Local Dirtied Blocks": 0, "Local Written Blocks": 0, "Temp Read Blocks": 0, "Temp Written Blocks": 0, "I/O Read Time": 274.982, "I/O Write Time": 0.0, "Plans": [{"Node Type": "Seq Scan", "Parent Relationship": "Outer", "Parallel Aware": false, "Relation Name": "inventory", "Schema": "public", "Alias": "inventory", "Startup Cost": 0.0, "Total Cost": 180935.94, "Plan Rows": 11744894, "Plan Width": 8, "Actual Startup Time": 0.923, "Actual Total Time": 1304.343, "Actual Rows": 11745000, "Actual Loops": 1, "Output": ["inventory.inv_date_sk", "inventory.inv_item_sk", "inventory.inv_warehouse_sk", "inventory.inv_quantity_on_hand"], "Shared Hit Blocks": 0, "Shared Read Blocks": 63487, "Shared Dirtied Blocks": 0, "Shared Written Blocks": 0, "Local Hit Blocks": 0, "Local Read Blocks": 0, "Local Dirtied Blocks": 0, "Local Written Blocks": 0, "Temp Read Blocks": 0, "Temp Written Blocks": 0, "I/O Read Time": 259.178, "I/O Write Time": 0.0, "parent": "Hash Join"}, {"Node Type": "Hash", "Parent Relationship": "Inner", "Parallel Aware": false, "Startup Cost": 2318.11, "Total Cost": 2318.11, "Plan Rows": 70573, "Plan Width": 8, "Actual Startup Time": 54.87, "Actual Total Time": 54.872, "Actual Rows": 70649, "Actual Loops": 1, "Output": ["date_dim.d_qoy", "date_dim.d_date_sk"], "Hash Buckets": 131072, "Original Hash Buckets": 131072, "Hash Batches": 1, "Original Hash Batches": 1, "Peak Memory Usage": 3784, "Shared Hit Blocks": 0, "Shared Read Blocks": 1405, "Shared Dirtied Blocks": 0, "Shared Written Blocks": 0, "Local Hit Blocks": 0, "Local Read Blocks": 0, "Local Dirtied Blocks": 0, "Local Written Blocks": 0, "Temp Read Blocks": 0, "Temp Written Blocks": 0, "I/O Read Time": 15.804, "I/O Write Time": 0.0, "Plans": [{"Node Type": "Seq Scan", "Parent Relationship": "Outer", "Parallel Aware": false, "Relation Name": "date_dim", "Schema": "public", "Alias": "date_dim", "Startup Cost": 0.0, "Total Cost": 2318.11, "Plan Rows": 70573, "Plan Width": 8, "Actual Startup Time": 0.463, "Actual Total Time": 35.809, "Actual Rows": 70649, "Actual Loops": 1, "Output": ["date_dim.d_qoy", "date_dim.d_date_sk"], "Filter": "(date_dim.d_dom <> 6)", "Rows Removed by Filter": 2400, "Shared Hit Blocks": 0, "Shared Read Blocks": 1405, "Shared Dirtied Blocks": 0, "Shared Written Blocks": 0, "Local Hit Blocks": 0, "Local Read Blocks": 0, "Local Dirtied Blocks": 0, "Local Written Blocks": 0, "Temp Read Blocks": 0, "Temp Written Blocks": 0, "I/O Read Time": 15.804, "I/O Write Time": 0.0, "parent": "Hash"}], "parent": "Hash Join"}], "parent": "Sort"}], "parent": "None"}, "Planning": {"Shared Hit Blocks": 150, "Shared Read Blocks": 25, "Shared Dirtied Blocks": 0, "Shared Written Blocks": 0, "Local Hit Blocks": 0, "Local Read Blocks": 0, "Local Dirtied Blocks": 0, "Local Written Blocks": 0, "Temp Read Blocks": 0, "Temp Written Blocks": 0, "I/O Read Time": 9.571, "I/O Write Time": 0.0}, "Planning Time": 10.98, "Triggers": [], "Execution Time": 12626.189}, "config": {}}
{"query": "EXPLAIN (ANALYZE, COSTS, BUFFERS, VERBOSE, FORMAT JSON) select web_returns.wr_account_credit, customer_demographics.cd_purchase_estimate from customer_demographics join web_returns on web_returns.wr_refunded_cdemo_sk=customer_demographics.cd_demo_sk where web_returns.wr_refunded_hdemo_sk >= 4589;", "planinfo": {"Plan": {"Node Type": "Hash Join", "Parallel Aware": false, "Join Type": "Inner", "Startup Cost": 2531.2, "Total Cost": 51005.04, "Plan Rows": 24573, "Plan Width": 10, "Actual Startup Time": 44.094, "Actual Total Time": 778.726, "Actual Rows": 24189, "Actual Loops": 1, "Output": ["web_returns.wr_account_credit", "customer_demographics.cd_purchase_estimate"], "Inner Unique": false, "Hash Cond": "(customer_demographics.cd_demo_sk = web_returns.wr_refunded_cdemo_sk)", "Shared Hit Blocks": 3, "Shared Read Blocks": 23155, "Shared Dirtied Blocks": 0, "Shared Written Blocks": 0, "Local Hit Blocks": 0, "Local Read Blocks": 0, "Local Dirtied Blocks": 0, "Local Written Blocks": 0, "Temp Read Blocks": 0, "Temp Written Blocks": 0, "I/O Read Time": 265.442, "I/O Write Time": 0.0, "Plans": [{"Node Type": "Seq Scan", "Parent Relationship": "Outer", "Parallel Aware": false, "Relation Name": "customer_demographics", "Schema": "public", "Alias": "customer_demographics", "Startup Cost": 0.0, "Total Cost": 41036.0, "Plan Rows": 1920800, "Plan Width": 8, "Actual Startup Time": 0.486, "Actual Total Time": 414.985, "Actual Rows": 1920800, "Actual Loops": 1, "Output": ["customer_demographics.cd_demo_sk", "customer_demographics.cd_gender", "customer_demographics.cd_marital_status", "customer_demographics.cd_education_status", "customer_demographics.cd_purchase_estimate", "customer_demographics.cd_credit_rating", "customer_demographics.cd_dep_count", "customer_demographics.cd_dep_employed_count", "customer_demographics.cd_dep_college_count"], "Shared Hit Blocks": 0, "Shared Read Blocks": 21828, "Shared Dirtied Blocks": 0, "Shared Written Blocks": 0, "Local Hit Blocks": 0, "Local Read Blocks": 0, "Local Dirtied Blocks": 0, "Local Written Blocks": 0, "Temp Read Blocks": 0, "Temp Written Blocks": 0, "I/O Read Time": 244.093, "I/O Write Time": 0.0, "parent": "Hash Join"}, {"Node Type": "Hash", "Parent Relationship": "Inner", "Parallel Aware": false, "Startup Cost": 2224.04, "Total Cost": 2224.04, "Plan Rows": 24573, "Plan Width": 10, "Actual Startup Time": 43.433, "Actual Total Time": 43.439, "Actual Rows": 24189, "Actual Loops": 1, "Output": ["web_returns.wr_account_credit", "web_returns.wr_refunded_cdemo_sk"], "Hash Buckets": 32768, "Original Hash Buckets": 32768, "Hash Batches": 1, "Original Hash Batches": 1, "Peak Memory Usage": 1291, "Shared Hit Blocks": 0, "Shared Read Blocks": 1327, "Shared Dirtied Blocks": 0, "Shared Written Blocks": 0, "Local Hit Blocks": 0, "Local Read Blocks": 0, "Local Dirtied Blocks": 0, "Local Written Blocks": 0, "Temp Read Blocks": 0, "Temp Written Blocks": 0, "I/O Read Time": 21.349, "I/O Write Time": 0.0, "Plans": [{"Node Type": "Seq Scan", "Parent Relationship": "Outer", "Parallel Aware": false, "Relation Name": "web_returns", "Schema": "public", "Alias": "web_returns", "Startup Cost": 0.0, "Total Cost": 2224.04, "Plan Rows": 24573, "Plan Width": 10, "Actual Startup Time": 0.477, "Actual Total Time": 36.667, "Actual Rows": 24715, "Actual Loops": 1, "Output": ["web_returns.wr_account_credit", "web_returns.wr_refunded_cdemo_sk"], "Filter": "(web_returns.wr_refunded_hdemo_sk >= 4589)", "Rows Removed by Filter": 47048, "Shared Hit Blocks": 0, "Shared Read Blocks": 1327, "Shared Dirtied Blocks": 0, "Shared Written Blocks": 0, "Local Hit Blocks": 0, "Local Read Blocks": 0, "Local Dirtied Blocks": 0, "Local Written Blocks": 0, "Temp Read Blocks": 0, "Temp Written Blocks": 0, "I/O Read Time": 21.349, "I/O Write Time": 0.0, "parent": "Hash"}], "parent": "Hash Join"}], "parent": "None"}, "Planning": {"Shared Hit Blocks": 96, "Shared Read Blocks": 19, "Shared Dirtied Blocks": 0, "Shared Written Blocks": 0, "Local Hit Blocks": 0, "Local Read Blocks": 0, "Local Dirtied Blocks": 0, "Local Written Blocks": 0, "Temp Read Blocks": 0, "Temp Written Blocks": 0, "I/O Read Time": 10.331, "I/O Write Time": 0.0}, "Planning Time": 11.45, "Triggers": [], "Execution Time": 780.779}, "config": {}}
{"query": "EXPLAIN (ANALYZE, COSTS, BUFFERS, VERBOSE, FORMAT JSON) select store_returns.sr_fee, customer_demographics.cd_dep_employed_count,  avg(store_returns.sr_cdemo_sk) from customer_demographics join store_returns on store_returns.sr_cdemo_sk=customer_demographics.cd_demo_sk group by store_returns.sr_fee, customer_demographics.cd_dep_employed_count;", "planinfo": {"Plan": {"Node Type": "Aggregate", "Strategy": "Hashed", "Partial Mode": "Simple", "Parallel Aware": false, "Startup Cost": 99226.46, "Total Cost": 102901.77, "Plan Rows": 69405, "Plan Width": 42, "Actual Startup Time": 1720.829, "Actual Total Time": 1873.147, "Actual Rows": 68258, "Actual Loops": 1, "Output": ["store_returns.sr_fee", "customer_demographics.cd_dep_employed_count", "avg(store_returns.sr_cdemo_sk)"], "Group Key": ["store_returns.sr_fee", "customer_demographics.cd_dep_employed_count"], "Planned Partitions": 4, "HashAgg Batches": 5, "Peak Memory Usage": 4145, "Disk Usage": 7624, "Shared Hit Blocks": 0, "Shared Read Blocks": 26619, "Shared Dirtied Blocks": 0, "Shared Written Blocks": 0, "Local Hit Blocks": 0, "Local Read Blocks": 0, "Local Dirtied Blocks": 0, "Local Written Blocks": 0, "Temp Read Blocks": 7535, "Temp Written Blocks": 8269, "I/O Read Time": 168.328, "I/O Write Time": 0.0, "Plans": [{"Node Type": "Hash Join", "Parent Relationship": "Outer", "Parallel Aware": false, "Join Type": "Inner", "Startup Cost": 12664.06, "Total Cost": 80088.81, "Plan Rows": 287514, "Plan Width": 14, "Actual Startup Time": 178.901, "Actual Total Time": 1536.102, "Actual Rows": 277631, "Actual Loops": 1, "Output": ["store_returns.sr_fee", "customer_demographics.cd_dep_employed_count", "store_returns.sr_cdemo_sk"], "Inner Unique": false, "Hash Cond": "(customer_demographics.cd_demo_sk = store_returns.sr_cdemo_sk)", "Shared Hit Blocks": 0, "Shared Read Blocks": 26619, "Shared Dirtied Blocks": 0, "Shared Written Blocks": 0, "Local Hit Blocks": 0, "Local Read Blocks": 0, "Local Dirtied Blocks": 0, "Local Written Blocks": 0, "Temp Read Blocks": 6695, "Temp Written Blocks": 6695, "I/O Read Time": 168.328, "I/O Write Time": 0.0, "Plans": [{"Node Type": "Seq Scan", "Parent Relationship": "Outer", "Parallel Aware": false, "Relation Name": "customer_demographics", "Schema": "public", "Alias": "customer_demographics", "Startup Cost": 0.0, "Total Cost": 41036.0, "Plan Rows": 1920800, "Plan Width": 8, "Actual Startup Time": 0.477, "Actual Total Time": 496.867, "Actual Rows": 1920800, "Actual Loops": 1, "Output": ["customer_demographics.cd_dep_employed_count", "customer_demographics.cd_demo_sk"], "Shared Hit Blocks": 0, "Shared Read Blocks": 21828, "Shared Dirtied Blocks": 0, "Shared Written Blocks": 0, "Local Hit Blocks": 0, "Local Read Blocks": 0, "Local Dirtied Blocks": 0, "Local Written Blocks": 0, "Temp Read Blocks": 0, "Temp Written Blocks": 0, "I/O Read Time": 131.03, "I/O Write Time": 0.0, "parent": "Hash Join"}, {"Node Type": "Hash", "Parent Relationship": "Inner", "Parallel Aware": false, "Startup Cost": 7666.14, "Total Cost": 7666.14, "Plan Rows": 287514, "Plan Width": 10, "Actual Startup Time": 177.671, "Actual Total Time": 177.672, "Actual Rows": 277631, "Actual Loops": 1, "Output": ["store_returns.sr_fee", "store_returns.sr_cdemo_sk"], "Hash Buckets": 131072, "Original Hash Buckets": 131072, "Hash Batches": 8, "Original Hash Batches": 8, "Peak Memory Usage": 2515, "Shared Hit Blocks": 0, "Shared Read Blocks": 4791, "Shared Dirtied Blocks": 0, "Shared Written Blocks": 0, "Local Hit Blocks": 0, "Local Read Blocks": 0, "Local Dirtied Blocks": 0, "Local Written Blocks": 0, "Temp Read Blocks": 0, "Temp Written Blocks": 941, "I/O Read Time": 37.299, "I/O Write Time": 0.0, "Plans": [{"Node Type": "Seq Scan", "Parent Relationship": "Outer", "Parallel Aware": false, "Relation Name": "store_returns", "Schema": "public", "Alias": "store_returns", "Startup Cost": 0.0, "Total Cost": 7666.14, "Plan Rows": 287514, "Plan Width": 10, "Actual Startup Time": 0.651, "Actual Total Time": 103.088, "Actual Rows": 287514, "Actual Loops": 1, "Output": ["store_returns.sr_fee", "store_returns.sr_cdemo_sk"], "Shared Hit Blocks": 0, "Shared Read Blocks": 4791, "Shared Dirtied Blocks": 0, "Shared Written Blocks": 0, "Local Hit Blocks": 0, "Local Read Blocks": 0, "Local Dirtied Blocks": 0, "Local Written Blocks": 0, "Temp Read Blocks": 0, "Temp Written Blocks": 0, "I/O Read Time": 37.299, "I/O Write Time": 0.0, "parent": "Hash"}], "parent": "Hash Join"}], "parent": "Aggregate"}], "parent": "None"}, "Planning": {"Shared Hit Blocks": 110, "Shared Read Blocks": 24, "Shared Dirtied Blocks": 0, "Shared Written Blocks": 0, "Local Hit Blocks": 0, "Local Read Blocks": 0, "Local Dirtied Blocks": 0, "Local Written Blocks": 0, "Temp Read Blocks": 0, "Temp Written Blocks": 0, "I/O Read Time": 7.607, "I/O Write Time": 0.0}, "Planning Time": 8.809, "Triggers": [], "Execution Time": 1880.414}, "config": {}}
{"query": "EXPLAIN (ANALYZE, COSTS, BUFFERS, VERBOSE, FORMAT JSON) select customer.c_customer_sk, catalog_returns.cr_call_center_sk,  sum(customer.c_customer_sk) from catalog_returns join customer on customer.c_customer_sk=catalog_returns.cr_refunded_customer_sk where catalog_returns.cr_refunded_addr_sk >= 32955 group by customer.c_customer_sk, catalog_returns.cr_call_center_sk having sum(customer.c_customer_sk) > 2601;", "planinfo": {"Plan": {"Node Type": "Aggregate", "Strategy": "Hashed", "Partial Mode": "Simple", "Parallel Aware": false, "Startup Cost": 11926.81, "Total Cost": 12904.08, "Plan Rows": 16037, "Plan Width": 16, "Actual Startup Time": 163.543, "Actual Total Time": 177.315, "Actual Rows": 30196, "Actual Loops": 1, "Output": ["customer.c_customer_sk", "catalog_returns.cr_call_center_sk", "sum(customer.c_customer_sk)"], "Group Key": ["customer.c_customer_sk", "catalog_returns.cr_call_center_sk"], "Filter": "(sum(customer.c_customer_sk) > 2601)", "Planned Partitions": 0, "HashAgg Batches": 5, "Peak Memory Usage": 4145, "Disk Usage": 648, "Rows Removed by Filter": 621, "Shared Hit Blocks": 4, "Shared Read Blocks": 3149, "Shared Dirtied Blocks": 0, "Shared Written Blocks": 0, "Local Hit Blocks": 0, "Local Read Blocks": 0, "Local Dirtied Blocks": 0, "Local Written Blocks": 0, "Temp Read Blocks": 36, "Temp Written Blocks": 106, "I/O Read Time": 56.533, "I/O Write Time": 0.0, "Plans": [{"Node Type": "Hash Join", "Parent Relationship": "Outer", "Parallel Aware": false, "Join Type": "Inner", "Startup Cost": 5279.53, "Total Cost": 8979.95, "Plan Rows": 48112, "Plan Width": 8, "Actual Startup Time": 95.314, "Actual Total Time": 139.802, "Actual Rows": 47745, "Actual Loops": 1, "Output": ["customer.c_customer_sk", "catalog_returns.cr_call_center_sk"], "Inner Unique": false, "Hash Cond": "(customer.c_customer_sk = catalog_returns.cr_refunded_customer_sk)", "Shared Hit Blocks": 4, "Shared Read Blocks": 3149, "Shared Dirtied Blocks": 0, "Shared Written Blocks": 0, "Local Hit Blocks": 0, "Local Read Blocks": 0, "Local Dirtied Blocks": 0, "Local Written Blocks": 0, "Temp Read Blocks": 0, "Temp Written Blocks": 0, "I/O Read Time": 56.533, "I/O Write Time": 0.0, "Plans": [{"Node Type": "Index Only Scan", "Parent Relationship": "Outer", "Parallel Aware": false, "Scan Direction": "Forward", "Index Name": "c_customer_sk_idx", "Relation Name": "customer", "Schema": "public", "Alias": "customer", "Startup Cost": 0.29, "Total Cost": 2604.29, "Plan Rows": 100000, "Plan Width": 4, "Actual Startup Time": 0.04, "Actual Total Time": 16.662, "Actual Rows": 100000, "Actual Loops": 1, "Output": ["customer.c_customer_sk"], "Heap Fetches": 0, "Shared Hit Blocks": 4, "Shared Read Blocks": 272, "Shared Dirtied Blocks": 0, "Shared Written Blocks": 0, "Local Hit Blocks": 0, "Local Read Blocks": 0, "Local Dirtied Blocks": 0, "Local Written Blocks": 0, "Temp Read Blocks": 0, "Temp Written Blocks": 0, "I/O Read Time": 2.476, "I/O Write Time": 0.0, "parent": "Hash Join"}, {"Node Type": "Hash", "Parent Relationship": "Inner", "Parallel Aware": false, "Startup Cost": 4677.84, "Total Cost": 4677.84, "Plan Rows": 48112, "Plan Width": 8, "Actual Startup Time": 95.001, "Actual Total Time": 95.002, "Actual Rows": 47745, "Actual Loops": 1, "Output": ["catalog_returns.cr_call_center_sk", "catalog_returns.cr_refunded_customer_sk"], "Hash Buckets": 65536, "Original Hash Buckets": 65536, "Hash Batches": 1, "Original Hash Batches": 1, "Peak Memory Usage": 2376, "Shared Hit Blocks": 0, "Shared Read Blocks": 2877, "Shared Dirtied Blocks": 0, "Shared Written Blocks": 0, "Local Hit Blocks": 0, "Local Read Blocks": 0, "Local Dirtied Blocks": 0, "Local Written Blocks": 0, "Temp Read Blocks": 0, "Temp Written Blocks": 0, "I/O Read Time": 54.058, "I/O Write Time": 0.0, "Plans": [{"Node Type": "Seq Scan", "Parent Relationship": "Outer", "Parallel Aware": false, "Relation Name": "catalog_returns", "Schema": "public", "Alias": "catalog_returns", "Startup Cost": 0.0, "Total Cost": 4677.84, "Plan Rows": 48112, "Plan Width": 8, "Actual Startup Time": 0.47, "Actual Total Time": 82.302, "Actual Rows": 48217, "Actual Loops": 1, "Output": ["catalog_returns.cr_call_center_sk", "catalog_returns.cr_refunded_customer_sk"], "Filter": "(catalog_returns.cr_refunded_addr_sk >= 32955)", "Rows Removed by Filter": 95850, "Shared Hit Blocks": 0, "Shared Read Blocks": 2877, "Shared Dirtied Blocks": 0, "Shared Written Blocks": 0, "Local Hit Blocks": 0, "Local Read Blocks": 0, "Local Dirtied Blocks": 0, "Local Written Blocks": 0, "Temp Read Blocks": 0, "Temp Written Blocks": 0, "I/O Read Time": 54.058, "I/O Write Time": 0.0, "parent": "Hash"}], "parent": "Hash Join"}], "parent": "Aggregate"}], "parent": "None"}, "Planning": {"Shared Hit Blocks": 110, "Shared Read Blocks": 18, "Shared Dirtied Blocks": 0, "Shared Written Blocks": 0, "Local Hit Blocks": 0, "Local Read Blocks": 0, "Local Dirtied Blocks": 0, "Local Written Blocks": 0, "Temp Read Blocks": 0, "Temp Written Blocks": 0, "I/O Read Time": 5.847, "I/O Write Time": 0.0}, "Planning Time": 8.632, "Triggers": [], "Execution Time": 180.205}, "config": {}}
{"query": "EXPLAIN (ANALYZE, COSTS, BUFFERS, VERBOSE, FORMAT JSON) select catalog_sales.cs_sold_time_sk, promotion.p_item_sk from promotion join catalog_sales on catalog_sales.cs_promo_sk=promotion.p_promo_sk where promotion.p_item_sk > 10000;", "planinfo": {"Plan": {"Node Type": "Hash Join", "Parallel Aware": false, "Join Type": "Inner", "Startup Cost": 13.41, "Total Cost": 55670.28, "Plan Rows": 639056, "Plan Width": 8, "Actual Startup Time": 1.741, "Actual Total Time": 1542.502, "Actual Rows": 635633, "Actual Loops": 1, "Output": ["catalog_sales.cs_sold_time_sk", "promotion.p_item_sk"], "Inner Unique": true, "Hash Cond": "(catalog_sales.cs_promo_sk = promotion.p_promo_sk)", "Shared Hit Blocks": 5, "Shared Read Blocks": 37411, "Shared Dirtied Blocks": 0, "Shared Written Blocks": 0, "Local Hit Blocks": 0, "Local Read Blocks": 0, "Local Dirtied Blocks": 0, "Local Written Blocks": 0, "Temp Read Blocks": 0, "Temp Written Blocks": 0, "I/O Read Time": 981.728, "I/O Write Time": 0.0, "Plans": [{"Node Type": "Seq Scan", "Parent Relationship": "Outer", "Parallel Aware": false, "Relation Name": "catalog_sales", "Schema": "public", "Alias": "catalog_sales", "Startup Cost": 0.0, "Total Cost": 51819.79, "Plan Rows": 1441479, "Plan Width": 8, "Actual Startup Time": 0.559, "Actual Total Time": 1132.174, "Actual Rows": 1441548, "Actual Loops": 1, "Output": ["catalog_sales.cs_sold_date_sk", "catalog_sales.cs_sold_time_sk", "catalog_sales.cs_ship_date_sk", "catalog_sales.cs_bill_customer_sk", "catalog_sales.cs_bill_cdemo_sk", "catalog_sales.cs_bill_hdemo_sk", "catalog_sales.cs_bill_addr_sk", "catalog_sales.cs_ship_customer_sk", "catalog_sales.cs_ship_cdemo_sk", "catalog_sales.cs_ship_hdemo_sk", "catalog_sales.cs_ship_addr_sk", "catalog_sales.cs_call_center_sk", "catalog_sales.cs_catalog_page_sk", "catalog_sales.cs_ship_mode_sk", "catalog_sales.cs_warehouse_sk", "catalog_sales.cs_item_sk", "catalog_sales.cs_promo_sk", "catalog_sales.cs_order_number", "catalog_sales.cs_quantity", "catalog_sales.cs_wholesale_cost", "catalog_sales.cs_list_price", "catalog_sales.cs_sales_price", "catalog_sales.cs_ext_discount_amt", "catalog_sales.cs_ext_sales_price", "catalog_sales.cs_ext_wholesale_cost", "catalog_sales.cs_ext_list_price", "catalog_sales.cs_ext_tax", "catalog_sales.cs_coupon_amt", "catalog_sales.cs_ext_ship_cost", "catalog_sales.cs_net_paid", "catalog_sales.cs_net_paid_inc_tax", "catalog_sales.cs_net_paid_inc_ship", "catalog_sales.cs_net_paid_inc_ship_tax", "catalog_sales.cs_net_profit"], "Shared Hit Blocks": 0, "Shared Read Blocks": 37405, "Shared Dirtied Blocks": 0, "Shared Written Blocks": 0, "Local Hit Blocks": 0, "Local Read Blocks": 0, "Local Dirtied Blocks": 0, "Local Written Blocks": 0, "Temp Read Blocks": 0, "Temp Written Blocks": 0, "I/O Read Time": 981.238, "I/O Write Time": 0.0, "parent": "Hash Join"}, {"Node Type": "Hash", "Parent Relationship": "Inner", "Parallel Aware": false, "Startup Cost": 11.75, "Total Cost": 11.75, "Plan Rows": 133, "Plan Width": 8, "Actual Startup Time": 1.132, "Actual Total Time": 1.134, "Actual Rows": 133, "Actual Loops": 1, "Output": ["promotion.p_item_sk", "promotion.p_promo_sk"], "Hash Buckets": 1024, "Original Hash Buckets": 1024, "Hash Batches": 1, "Original Hash Batches": 1, "Peak Memory Usage": 14, "Shared Hit Blocks": 2, "Shared Read Blocks": 6, "Shared Dirtied Blocks": 0, "Shared Written Blocks": 0, "Local Hit Blocks": 0, "Local Read Blocks": 0, "Local Dirtied Blocks": 0, "Local Written Blocks": 0, "Temp Read Blocks": 0, "Temp Written Blocks": 0, "I/O Read Time": 0.491, "I/O Write Time": 0.0, "Plans": [{"Node Type": "Seq Scan", "Parent Relationship": "Outer", "Parallel Aware": false, "Relation Name": "promotion", "Schema": "public", "Alias": "promotion", "Startup Cost": 0.0, "Total Cost": 11.75, "Plan Rows": 133, "Plan Width": 8, "Actual Startup Time": 0.006, "Actual Total Time": 0.575, "Actual Rows": 133, "Actual Loops": 1, "Output": ["promotion.p_item_sk", "promotion.p_promo_sk"], "Filter": "(promotion.p_item_sk > 10000)", "Rows Removed by Filter": 167, "Shared Hit Blocks": 2, "Shared Read Blocks": 6, "Shared Dirtied Blocks": 0, "Shared Written Blocks": 0, "Local Hit Blocks": 0, "Local Read Blocks": 0, "Local Dirtied Blocks": 0, "Local Written Blocks": 0, "Temp Read Blocks": 0, "Temp Written Blocks": 0, "I/O Read Time": 0.491, "I/O Write Time": 0.0, "parent": "Hash"}], "parent": "Hash Join"}], "parent": "None"}, "Planning": {"Shared Hit Blocks": 94, "Shared Read Blocks": 15, "Shared Dirtied Blocks": 0, "Shared Written Blocks": 0, "Local Hit Blocks": 0, "Local Read Blocks": 0, "Local Dirtied Blocks": 0, "Local Written Blocks": 0, "Temp Read Blocks": 0, "Temp Written Blocks": 0, "I/O Read Time": 7.548, "I/O Write Time": 0.0}, "Planning Time": 8.835, "Triggers": [], "Execution Time": 1578.512}, "config": {}}
{"query": "EXPLAIN (ANALYZE, COSTS, BUFFERS, VERBOSE, FORMAT JSON) select store_returns.sr_return_amt_inc_tax, customer_demographics.cd_dep_count from store_returns join customer_demographics on customer_demographics.cd_demo_sk=store_returns.sr_cdemo_sk where store_returns.sr_store_credit >= 327.23 order by customer_demographics.cd_dep_count DESC;", "planinfo": {"Plan": {"Node Type": "Sort", "Parallel Aware": false, "Startup Cost": 62046.86, "Total Cost": 62181.46, "Plan Rows": 53837, "Plan Width": 10, "Actual Startup Time": 899.179, "Actual Total Time": 901.993, "Actual Rows": 51859, "Actual Loops": 1, "Output": ["store_returns.sr_return_amt_inc_tax", "customer_demographics.cd_dep_count"], "Sort Key": ["customer_demographics.cd_dep_count DESC"], "Sort Method": "quicksort", "Sort Space Used": 4065, "Sort Space Type": "Memory", "Shared Hit Blocks": 3, "Shared Read Blocks": 26619, "Shared Dirtied Blocks": 0, "Shared Written Blocks": 0, "Local Hit Blocks": 0, "Local Read Blocks": 0, "Local Dirtied Blocks": 0, "Local Written Blocks": 0, "Temp Read Blocks": 0, "Temp Written Blocks": 0, "I/O Read Time": 249.311, "I/O Write Time": 0.0, "Plans": [{"Node Type": "Hash Join", "Parent Relationship": "Outer", "Parallel Aware": false, "Join Type": "Inner", "Startup Cost": 9057.89, "Total Cost": 57816.27, "Plan Rows": 53837, "Plan Width": 10, "Actual Startup Time": 161.928, "Actual Total Time": 884.378, "Actual Rows": 51859, "Actual Loops": 1, "Output": ["store_returns.sr_return_amt_inc_tax", "customer_demographics.cd_dep_count"], "Inner Unique": false, "Hash Cond": "(customer_demographics.cd_demo_sk = store_returns.sr_cdemo_sk)", "Shared Hit Blocks": 0, "Shared Read Blocks": 26619, "Shared Dirtied Blocks": 0, "Shared Written Blocks": 0, "Local Hit Blocks": 0, "Local Read Blocks": 0, "Local Dirtied Blocks": 0, "Local Written Blocks": 0, "Temp Read Blocks": 0, "Temp Written Blocks": 0, "I/O Read Time": 249.311, "I/O Write Time": 0.0, "Plans": [{"Node Type": "Seq Scan", "Parent Relationship": "Outer", "Parallel Aware": false, "Relation Name": "customer_demographics", "Schema": "public", "Alias": "customer_demographics", "Startup Cost": 0.0, "Total Cost": 41036.0, "Plan Rows": 1920800, "Plan Width": 8, "Actual Startup Time": 0.462, "Actual Total Time": 366.732, "Actual Rows": 1920800, "Actual Loops": 1, "Output": ["customer_demographics.cd_demo_sk", "customer_demographics.cd_gender", "customer_demographics.cd_marital_status", "customer_demographics.cd_education_status", "customer_demographics.cd_purchase_estimate", "customer_demographics.cd_credit_rating", "customer_demographics.cd_dep_count", "customer_demographics.cd_dep_employed_count", "customer_demographics.cd_dep_college_count"], "Shared Hit Blocks": 0, "Shared Read Blocks": 21828, "Shared Dirtied Blocks": 0, "Shared Written Blocks": 0, "Local Hit Blocks": 0, "Local Read Blocks": 0, "Local Dirtied Blocks": 0, "Local Written Blocks": 0, "Temp Read Blocks": 0, "Temp Written Blocks": 0, "I/O Read Time": 197.528, "I/O Write Time": 0.0, "parent": "Hash Join"}, {"Node Type": "Hash", "Parent Relationship": "Inner", "Parallel Aware": false, "Startup Cost": 8384.92, "Total Cost": 8384.92, "Plan Rows": 53837, "Plan Width": 10, "Actual Startup Time": 161.238, "Actual Total Time": 161.239, "Actual Rows": 51859, "Actual Loops": 1, "Output": ["store_returns.sr_return_amt_inc_tax", "store_returns.sr_cdemo_sk"], "Hash Buckets": 65536, "Original Hash Buckets": 65536, "Hash Batches": 1, "Original Hash Batches": 1, "Peak Memory Usage": 2739, "Shared Hit Blocks": 0, "Shared Read Blocks": 4791, "Shared Dirtied Blocks": 0, "Shared Written Blocks": 0, "Local Hit Blocks": 0, "Local Read Blocks": 0, "Local Dirtied Blocks": 0, "Local Written Blocks": 0, "Temp Read Blocks": 0, "Temp Written Blocks": 0, "I/O Read Time": 51.783, "I/O Write Time": 0.0, "Plans": [{"Node Type": "Seq Scan", "Parent Relationship": "Outer", "Parallel Aware": false, "Relation Name": "store_returns", "Schema": "public", "Alias": "store_returns", "Startup Cost": 0.0, "Total Cost": 8384.92, "Plan Rows": 53837, "Plan Width": 10, "Actual Startup Time": 0.645, "Actual Total Time": 144.499, "Actual Rows": 52825, "Actual Loops": 1, "Output": ["store_returns.sr_return_amt_inc_tax", "store_returns.sr_cdemo_sk"], "Filter": "(store_returns.sr_store_credit >= 327.23)", "Rows Removed by Filter": 234689, "Shared Hit Blocks": 0, "Shared Read Blocks": 4791, "Shared Dirtied Blocks": 0, "Shared Written Blocks": 0, "Local Hit Blocks": 0, "Local Read Blocks": 0, "Local Dirtied Blocks": 0, "Local Written Blocks": 0, "Temp Read Blocks": 0, "Temp Written Blocks": 0, "I/O Read Time": 51.783, "I/O Write Time": 0.0, "parent": "Hash"}], "parent": "Hash Join"}], "parent": "Sort"}], "parent": "None"}, "Planning": {"Shared Hit Blocks": 108, "Shared Read Blocks": 25, "Shared Dirtied Blocks": 0, "Shared Written Blocks": 0, "Local Hit Blocks": 0, "Local Read Blocks": 0, "Local Dirtied Blocks": 0, "Local Written Blocks": 0, "Temp Read Blocks": 0, "Temp Written Blocks": 0, "I/O Read Time": 8.636, "I/O Write Time": 0.0}, "Planning Time": 9.895, "Triggers": [], "Execution Time": 905.31}, "config": {}}
{"query": "EXPLAIN (ANALYZE, COSTS, BUFFERS, VERBOSE, FORMAT JSON) select item.i_item_sk, inventory.inv_item_sk from inventory join item on item.i_item_sk=inventory.inv_item_sk where item.i_wholesale_cost < 5.98;", "planinfo": {"Plan": {"Node Type": "Hash Join", "Parallel Aware": false, "Join Type": "Inner", "Startup Cost": 1642.55, "Total Cost": 213416.09, "Plan Rows": 9790022, "Plan Width": 8, "Actual Startup Time": 35.58, "Actual Total Time": 4723.863, "Actual Rows": 9801390, "Actual Loops": 1, "Output": ["item.i_item_sk", "inventory.inv_item_sk"], "Inner Unique": true, "Hash Cond": "(inventory.inv_item_sk = item.i_item_sk)", "Shared Hit Blocks": 3, "Shared Read Blocks": 64717, "Shared Dirtied Blocks": 0, "Shared Written Blocks": 0, "Local Hit Blocks": 0, "Local Read Blocks": 0, "Local Dirtied Blocks": 0, "Local Written Blocks": 0, "Temp Read Blocks": 0, "Temp Written Blocks": 0, "I/O Read Time": 299.31, "I/O Write Time": 0.0, "Plans": [{"Node Type": "Seq Scan", "Parent Relationship": "Outer", "Parallel Aware": false, "Relation Name": "inventory", "Schema": "public", "Alias": "inventory", "Startup Cost": 0.0, "Total Cost": 180935.94, "Plan Rows": 11744894, "Plan Width": 4, "Actual Startup Time": 0.894, "Actual Total Time": 1270.09, "Actual Rows": 11745000, "Actual Loops": 1, "Output": ["inventory.inv_date_sk", "inventory.inv_item_sk", "inventory.inv_warehouse_sk", "inventory.inv_quantity_on_hand"], "Shared Hit Blocks": 0, "Shared Read Blocks": 63487, "Shared Dirtied Blocks": 0, "Shared Written Blocks": 0, "Local Hit Blocks": 0, "Local Read Blocks": 0, "Local Dirtied Blocks": 0, "Local Written Blocks": 0, "Temp Read Blocks": 0, "Temp Written Blocks": 0, "I/O Read Time": 275.873, "I/O Write Time": 0.0, "parent": "Hash Join"}, {"Node Type": "Hash", "Parent Relationship": "Inner", "Parallel Aware": false, "Startup Cost": 1455.0, "Total Cost": 1455.0, "Plan Rows": 15004, "Plan Width": 4, "Actual Startup Time": 34.582, "Actual Total Time": 34.585, "Actual Rows": 14997, "Actual Loops": 1, "Output": ["item.i_item_sk"], "Hash Buckets": 16384, "Original Hash Buckets": 16384, "Hash Batches": 1, "Original Hash Batches": 1, "Peak Memory Usage": 656, "Shared Hit Blocks": 0, "Shared Read Blocks": 1230, "Shared Dirtied Blocks": 0, "Shared Written Blocks": 0, "Local Hit Blocks": 0, "Local Read Blocks": 0, "Local Dirtied Blocks": 0, "Local Written Blocks": 0, "Temp Read Blocks": 0, "Temp Written Blocks": 0, "I/O Read Time": 23.437, "I/O Write Time": 0.0, "Plans": [{"Node Type": "Seq Scan", "Parent Relationship": "Outer", "Parallel Aware": false, "Relation Name": "item", "Schema": "public", "Alias": "item", "Startup Cost": 0.0, "Total Cost": 1455.0, "Plan Rows": 15004, "Plan Width": 4, "Actual Startup Time": 0.46, "Actual Total Time": 30.406, "Actual Rows": 14997, "Actual Loops": 1, "Output": ["item.i_item_sk"], "Filter": "(item.i_wholesale_cost < 5.98)", "Rows Removed by Filter": 3003, "Shared Hit Blocks": 0, "Shared Read Blocks": 1230, "Shared Dirtied Blocks": 0, "Shared Written Blocks": 0, "Local Hit Blocks": 0, "Local Read Blocks": 0, "Local Dirtied Blocks": 0, "Local Written Blocks": 0, "Temp Read Blocks": 0, "Temp Written Blocks": 0, "I/O Read Time": 23.437, "I/O Write Time": 0.0, "parent": "Hash"}], "parent": "Hash Join"}], "parent": "None"}, "Planning": {"Shared Hit Blocks": 106, "Shared Read Blocks": 20, "Shared Dirtied Blocks": 0, "Shared Written Blocks": 0, "Local Hit Blocks": 0, "Local Read Blocks": 0, "Local Dirtied Blocks": 0, "Local Written Blocks": 0, "Temp Read Blocks": 0, "Temp Written Blocks": 0, "I/O Read Time": 7.601, "I/O Write Time": 0.0}, "Planning Time": 8.799, "Triggers": [], "Execution Time": 5186.014}, "config": {}}
{"query": "EXPLAIN (ANALYZE, COSTS, BUFFERS, VERBOSE, FORMAT JSON) select customer.c_current_addr_sk, customer_demographics.cd_dep_college_count from customer_demographics join customer on customer.c_current_cdemo_sk=customer_demographics.cd_demo_sk where customer.c_customer_sk <= 26105 and customer_demographics.cd_dep_employed_count <= 1;", "planinfo": {"Plan": {"Node Type": "Hash Join", "Parallel Aware": false, "Join Type": "Inner", "Startup Cost": 1819.34, "Total Cost": 49787.37, "Plan Rows": 7515, "Plan Width": 8, "Actual Startup Time": 28.594, "Actual Total Time": 691.869, "Actual Rows": 7173, "Actual Loops": 1, "Output": ["customer.c_current_addr_sk", "customer_demographics.cd_dep_college_count"], "Inner Unique": false, "Hash Cond": "(customer_demographics.cd_demo_sk = customer.c_current_cdemo_sk)", "Shared Hit Blocks": 44, "Shared Read Blocks": 22624, "Shared Dirtied Blocks": 0, "Shared Written Blocks": 0, "Local Hit Blocks": 0, "Local Read Blocks": 0, "Local Dirtied Blocks": 0, "Local Written Blocks": 0, "Temp Read Blocks": 0, "Temp Written Blocks": 0, "I/O Read Time": 278.072, "I/O Write Time": 0.0, "Plans": [{"Node Type": "Seq Scan", "Parent Relationship": "Outer", "Parallel Aware": false, "Relation Name": "customer_demographics", "Schema": "public", "Alias": "customer_demographics", "Startup Cost": 0.0, "Total Cost": 45838.0, "Plan Rows": 548645, "Plan Width": 8, "Actual Startup Time": 0.469, "Actual Total Time": 567.309, "Actual Rows": 548800, "Actual Loops": 1, "Output": ["customer_demographics.cd_demo_sk", "customer_demographics.cd_gender", "customer_demographics.cd_marital_status", "customer_demographics.cd_education_status", "customer_demographics.cd_purchase_estimate", "customer_demographics.cd_credit_rating", "customer_demographics.cd_dep_count", "customer_demographics.cd_dep_employed_count", "customer_demographics.cd_dep_college_count"], "Filter": "(customer_demographics.cd_dep_employed_count <= 1)", "Rows Removed by Filter": 1372000, "Shared Hit Blocks": 0, "Shared Read Blocks": 21828, "Shared Dirtied Blocks": 0, "Shared Written Blocks": 0, "Local Hit Blocks": 0, "Local Read Blocks": 0, "Local Dirtied Blocks": 0, "Local Written Blocks": 0, "Temp Read Blocks": 0, "Temp Written Blocks": 0, "I/O Read Time": 268.195, "I/O Write Time": 0.0, "parent": "Hash Join"}, {"Node Type": "Hash", "Parent Relationship": "Inner", "Parallel Aware": false, "Startup Cost": 1490.48, "Total Cost": 1490.48, "Plan Rows": 26309, "Plan Width": 8, "Actual Startup Time": 27.884, "Actual Total Time": 27.887, "Actual Rows": 25238, "Actual Loops": 1, "Output": ["customer.c_current_addr_sk", "customer.c_current_cdemo_sk"], "Hash Buckets": 32768, "Original Hash Buckets": 32768, "Hash Batches": 1, "Original Hash Batches": 1, "Peak Memory Usage": 1242, "Shared Hit Blocks": 41, "Shared Read Blocks": 796, "Shared Dirtied Blocks": 0, "Shared Written Blocks": 0, "Local Hit Blocks": 0, "Local Read Blocks": 0, "Local Dirtied Blocks": 0, "Local Written Blocks": 0, "Temp Read Blocks": 0, "Temp Written Blocks": 0, "I/O Read Time": 9.877, "I/O Write Time": 0.0, "Plans": [{"Node Type": "Index Scan", "Parent Relationship": "Outer", "Parallel Aware": false, "Scan Direction": "Forward", "Index Name": "c_customer_sk_idx", "Relation Name": "customer", "Schema": "public", "Alias": "customer", "Startup Cost": 0.29, "Total Cost": 1490.48, "Plan Rows": 26309, "Plan Width": 8, "Actual Startup Time": 1.074, "Actual Total Time": 20.553, "Actual Rows": 26105, "Actual Loops": 1, "Output": ["customer.c_current_addr_sk", "customer.c_current_cdemo_sk"], "Index Cond": "(customer.c_customer_sk <= 26105)", "Rows Removed by Index Recheck": 0, "Shared Hit Blocks": 41, "Shared Read Blocks": 796, "Shared Dirtied Blocks": 0, "Shared Written Blocks": 0, "Local Hit Blocks": 0, "Local Read Blocks": 0, "Local Dirtied Blocks": 0, "Local Written Blocks": 0, "Temp Read Blocks": 0, "Temp Written Blocks": 0, "I/O Read Time": 9.877, "I/O Write Time": 0.0, "parent": "Hash"}], "parent": "Hash Join"}], "parent": "None"}, "Planning": {"Shared Hit Blocks": 103, "Shared Read Blocks": 20, "Shared Dirtied Blocks": 0, "Shared Written Blocks": 0, "Local Hit Blocks": 0, "Local Read Blocks": 0, "Local Dirtied Blocks": 0, "Local Written Blocks": 0, "Temp Read Blocks": 0, "Temp Written Blocks": 0, "I/O Read Time": 7.657, "I/O Write Time": 0.0}, "Planning Time": 8.805, "Triggers": [], "Execution Time": 692.59}, "config": {}}
{"query": "EXPLAIN (ANALYZE, COSTS, BUFFERS, VERBOSE, FORMAT JSON) select date_dim.d_same_day_lq, inventory.inv_warehouse_sk from inventory join date_dim on date_dim.d_date_sk=inventory.inv_date_sk where date_dim.d_dow != 3;", "planinfo": {"Plan": {"Node Type": "Hash Join", "Parallel Aware": false, "Join Type": "Inner", "Startup Cost": 3102.29, "Total Cost": 214870.37, "Plan Rows": 10086438, "Plan Width": 8, "Actual Startup Time": 55.475, "Actual Total Time": 5242.419, "Actual Rows": 11745000, "Actual Loops": 1, "Output": ["date_dim.d_same_day_lq", "inventory.inv_warehouse_sk"], "Inner Unique": true, "Hash Cond": "(inventory.inv_date_sk = date_dim.d_date_sk)", "Shared Hit Blocks": 3, "Shared Read Blocks": 64892, "Shared Dirtied Blocks": 0, "Shared Written Blocks": 0, "Local Hit Blocks": 0, "Local Read Blocks": 0, "Local Dirtied Blocks": 0, "Local Written Blocks": 0, "Temp Read Blocks": 0, "Temp Written Blocks": 0, "I/O Read Time": 280.459, "I/O Write Time": 0.0, "Plans": [{"Node Type": "Seq Scan", "Parent Relationship": "Outer", "Parallel Aware": false, "Relation Name": "inventory", "Schema": "public", "Alias": "inventory", "Startup Cost": 0.0, "Total Cost": 180935.94, "Plan Rows": 11744894, "Plan Width": 8, "Actual Startup Time": 0.896, "Actual Total Time": 1361.666, "Actual Rows": 11745000, "Actual Loops": 1, "Output": ["inventory.inv_date_sk", "inventory.inv_item_sk", "inventory.inv_warehouse_sk", "inventory.inv_quantity_on_hand"], "Shared Hit Blocks": 0, "Shared Read Blocks": 63487, "Shared Dirtied Blocks": 0, "Shared Written Blocks": 0, "Local Hit Blocks": 0, "Local Read Blocks": 0, "Local Dirtied Blocks": 0, "Local Written Blocks": 0, "Temp Read Blocks": 0, "Temp Written Blocks": 0, "I/O Read Time": 264.883, "I/O Write Time": 0.0, "parent": "Hash Join"}, {"Node Type": "Hash", "Parent Relationship": "Inner", "Parallel Aware": false, "Startup Cost": 2318.11, "Total Cost": 2318.11, "Plan Rows": 62734, "Plan Width": 8, "Actual Startup Time": 54.299, "Actual Total Time": 54.301, "Actual Rows": 62614, "Actual Loops": 1, "Output": ["date_dim.d_same_day_lq", "date_dim.d_date_sk"], "Hash Buckets": 65536, "Original Hash Buckets": 65536, "Hash Batches": 1, "Original Hash Batches": 1, "Peak Memory Usage": 2958, "Shared Hit Blocks": 0, "Shared Read Blocks": 1405, "Shared Dirtied Blocks": 0, "Shared Written Blocks": 0, "Local Hit Blocks": 0, "Local Read Blocks": 0, "Local Dirtied Blocks": 0, "Local Written Blocks": 0, "Temp Read Blocks": 0, "Temp Written Blocks": 0, "I/O Read Time": 15.576, "I/O Write Time": 0.0, "Plans": [{"Node Type": "Seq Scan", "Parent Relationship": "Outer", "Parallel Aware": false, "Relation Name": "date_dim", "Schema": "public", "Alias": "date_dim", "Startup Cost": 0.0, "Total Cost": 2318.11, "Plan Rows": 62734, "Plan Width": 8, "Actual Startup Time": 0.488, "Actual Total Time": 37.74, "Actual Rows": 62614, "Actual Loops": 1, "Output": ["date_dim.d_same_day_lq", "date_dim.d_date_sk"], "Filter": "(date_dim.d_dow <> 3)", "Rows Removed by Filter": 10435, "Shared Hit Blocks": 0, "Shared Read Blocks": 1405, "Shared Dirtied Blocks": 0, "Shared Written Blocks": 0, "Local Hit Blocks": 0, "Local Read Blocks": 0, "Local Dirtied Blocks": 0, "Local Written Blocks": 0, "Temp Read Blocks": 0, "Temp Written Blocks": 0, "I/O Read Time": 15.576, "I/O Write Time": 0.0, "parent": "Hash"}], "parent": "Hash Join"}], "parent": "None"}, "Planning": {"Shared Hit Blocks": 151, "Shared Read Blocks": 26, "Shared Dirtied Blocks": 0, "Shared Written Blocks": 0, "Local Hit Blocks": 0, "Local Read Blocks": 0, "Local Dirtied Blocks": 0, "Local Written Blocks": 0, "Temp Read Blocks": 0, "Temp Written Blocks": 0, "I/O Read Time": 9.986, "I/O Write Time": 0.0}, "Planning Time": 11.375, "Triggers": [], "Execution Time": 5882.859}, "config": {}}
{"query": "EXPLAIN (ANALYZE, COSTS, BUFFERS, VERBOSE, FORMAT JSON) select date_dim.d_fy_year, store_sales.ss_ext_list_price from store_sales join date_dim on date_dim.d_date_sk=store_sales.ss_sold_date_sk where date_dim.d_week_seq < 5947 and date_dim.d_year < 2060 order by date_dim.d_fy_year ASC, store_sales.ss_ext_list_price ASC;", "planinfo": {"Plan": {"Node Type": "Sort", "Parallel Aware": false, "Startup Cost": 247690.84, "Total Cost": 250990.05, "Plan Rows": 1319682, "Plan Width": 11, "Actual Startup Time": 9970.78, "Actual Total Time": 11699.673, "Actual Rows": 2750311, "Actual Loops": 1, "Output": ["date_dim.d_fy_year", "store_sales.ss_ext_list_price"], "Sort Key": ["date_dim.d_fy_year", "store_sales.ss_ext_list_price"], "Sort Method": "external merge", "Sort Space Used": 56224, "Sort Space Type": "Disk", "Shared Hit Blocks": 6, "Shared Read Blocks": 53101, "Shared Dirtied Blocks": 0, "Shared Written Blocks": 0, "Local Hit Blocks": 0, "Local Read Blocks": 0, "Local Dirtied Blocks": 0, "Local Written Blocks": 0, "Temp Read Blocks": 14072, "Temp Written Blocks": 14126, "I/O Read Time": 278.633, "I/O Write Time": 0.0, "Plans": [{"Node Type": "Hash Join", "Parent Relationship": "Outer", "Parallel Aware": false, "Join Type": "Inner", "Startup Cost": 2919.1, "Total Cost": 90979.56, "Plan Rows": 1319682, "Plan Width": 11, "Actual Startup Time": 48.639, "Actual Total Time": 1786.686, "Actual Rows": 2750311, "Actual Loops": 1, "Output": ["date_dim.d_fy_year", "store_sales.ss_ext_list_price"], "Inner Unique": true, "Hash Cond": "(store_sales.ss_sold_date_sk = date_dim.d_date_sk)", "Shared Hit Blocks": 0, "Shared Read Blocks": 53101, "Shared Dirtied Blocks": 0, "Shared Written Blocks": 0, "Local Hit Blocks": 0, "Local Read Blocks": 0, "Local Dirtied Blocks": 0, "Local Written Blocks": 0, "Temp Read Blocks": 0, "Temp Written Blocks": 0, "I/O Read Time": 278.633, "I/O Write Time": 0.0, "Plans": [{"Node Type": "Seq Scan", "Parent Relationship": "Outer", "Parallel Aware": false, "Relation Name": "store_sales", "Schema": "public", "Alias": "store_sales", "Startup Cost": 0.0, "Total Cost": 80499.2, "Plan Rows": 2880320, "Plan Width": 11, "Actual Startup Time": 0.466, "Actual Total Time": 557.548, "Actual Rows": 2880404, "Actual Loops": 1, "Output": ["store_sales.ss_sold_date_sk", "store_sales.ss_sold_time_sk", "store_sales.ss_item_sk", "store_sales.ss_customer_sk", "store_sales.ss_cdemo_sk", "store_sales.ss_hdemo_sk", "store_sales.ss_addr_sk", "store_sales.ss_store_sk", "store_sales.ss_promo_sk", "store_sales.ss_ticket_number", "store_sales.ss_quantity", "store_sales.ss_wholesale_cost", "store_sales.ss_list_price", "store_sales.ss_sales_price", "store_sales.ss_ext_discount_amt", "store_sales.ss_ext_sales_price", "store_sales.ss_ext_wholesale_cost", "store_sales.ss_ext_list_price", "store_sales.ss_ext_tax", "store_sales.ss_coupon_amt", "store_sales.ss_net_paid", "store_sales.ss_net_paid_inc_tax", "store_sales.ss_net_profit"], "Shared Hit Blocks": 0, "Shared Read Blocks": 51696, "Shared Dirtied Blocks": 0, "Shared Written Blocks": 0, "Local Hit Blocks": 0, "Local Read Blocks": 0, "Local Dirtied Blocks": 0, "Local Written Blocks": 0, "Temp Read Blocks": 0, "Temp Written Blocks": 0, "I/O Read Time": 258.903, "I/O Write Time": 0.0, "parent": "Hash Join"}, {"Node Type": "Hash", "Parent Relationship": "Inner", "Parallel Aware": false, "Startup Cost": 2500.73, "Total Cost": 2500.73, "Plan Rows": 33469, "Plan Width": 8, "Actual Startup Time": 47.928, "Actual Total Time": 47.93, "Actual Rows": 41622, "Actual Loops": 1, "Output": ["date_dim.d_fy_year", "date_dim.d_date_sk"], "Hash Buckets": 65536, "Original Hash Buckets": 65536, "Hash Batches": 1, "Original Hash Batches": 1, "Peak Memory Usage": 2138, "Shared Hit Blocks": 0, "Shared Read Blocks": 1405, "Shared Dirtied Blocks": 0, "Shared Written Blocks": 0, "Local Hit Blocks": 0, "Local Read Blocks": 0, "Local Dirtied Blocks": 0, "Local Written Blocks": 0, "Temp Read Blocks": 0, "Temp Written Blocks": 0, "I/O Read Time": 19.73, "I/O Write Time": 0.0, "Plans": [{"Node Type": "Seq Scan", "Parent Relationship": "Outer", "Parallel Aware": false, "Relation Name": "date_dim", "Schema": "public", "Alias": "date_dim", "Startup Cost": 0.0, "Total Cost": 2500.73, "Plan Rows": 33469, "Plan Width": 8, "Actual Startup Time": 0.471, "Actual Total Time": 36.684, "Actual Rows": 41622, "Actual Loops": 1, "Output": ["date_dim.d_fy_year", "date_dim.d_date_sk"], "Filter": "((date_dim.d_week_seq < 5947) AND (date_dim.d_year < 2060))", "Rows Removed by Filter": 31427, "Shared Hit Blocks": 0, "Shared Read Blocks": 1405, "Shared Dirtied Blocks": 0, "Shared Written Blocks": 0, "Local Hit Blocks": 0, "Local Read Blocks": 0, "Local Dirtied Blocks": 0, "Local Written Blocks": 0, "Temp Read Blocks": 0, "Temp Written Blocks": 0, "I/O Read Time": 19.73, "I/O Write Time": 0.0, "parent": "Hash"}], "parent": "Hash Join"}], "parent": "Sort"}], "parent": "None"}, "Planning": {"Shared Hit Blocks": 162, "Shared Read Blocks": 28, "Shared Dirtied Blocks": 0, "Shared Written Blocks": 0, "Local Hit Blocks": 0, "Local Read Blocks": 0, "Local Dirtied Blocks": 0, "Local Written Blocks": 0, "Temp Read Blocks": 0, "Temp Written Blocks": 0, "I/O Read Time": 11.567, "I/O Write Time": 0.0}, "Planning Time": 13.568, "Triggers": [], "Execution Time": 11860.872}, "config": {}}
{"query": "EXPLAIN (ANALYZE, COSTS, BUFFERS, VERBOSE, FORMAT JSON) select store_returns.sr_cdemo_sk, customer_demographics.cd_dep_college_count from customer_demographics join store_returns on store_returns.sr_cdemo_sk=customer_demographics.cd_demo_sk where customer_demographics.cd_dep_employed_count <= 0 and store_returns.sr_store_sk > 4 and store_returns.sr_reversed_charge <= 3.96;", "planinfo": {"Plan": {"Node Type": "Hash Join", "Parallel Aware": false, "Join Type": "Inner", "Startup Cost": 9356.03, "Total Cost": 56266.95, "Plan Rows": 2928, "Plan Width": 8, "Actual Startup Time": 145.232, "Actual Total Time": 811.402, "Actual Rows": 2862, "Actual Loops": 1, "Output": ["store_returns.sr_cdemo_sk", "customer_demographics.cd_dep_college_count"], "Inner Unique": false, "Hash Cond": "(customer_demographics.cd_demo_sk = store_returns.sr_cdemo_sk)", "Shared Hit Blocks": 3, "Shared Read Blocks": 26619, "Shared Dirtied Blocks": 0, "Shared Written Blocks": 0, "Local Hit Blocks": 0, "Local Read Blocks": 0, "Local Dirtied Blocks": 0, "Local Written Blocks": 0, "Temp Read Blocks": 0, "Temp Written Blocks": 0, "I/O Read Time": 391.82, "I/O Write Time": 0.0, "Plans": [{"Node Type": "Seq Scan", "Parent Relationship": "Outer", "Parallel Aware": false, "Relation Name": "customer_demographics", "Schema": "public", "Alias": "customer_demographics", "Startup Cost": 0.0, "Total Cost": 45838.0, "Plan Rows": 278580, "Plan Width": 8, "Actual Startup Time": 0.47, "Actual Total Time": 619.927, "Actual Rows": 274400, "Actual Loops": 1, "Output": ["customer_demographics.cd_demo_sk", "customer_demographics.cd_gender", "customer_demographics.cd_marital_status", "customer_demographics.cd_education_status", "customer_demographics.cd_purchase_estimate", "customer_demographics.cd_credit_rating", "customer_demographics.cd_dep_count", "customer_demographics.cd_dep_employed_count", "customer_demographics.cd_dep_college_count"], "Filter": "(customer_demographics.cd_dep_employed_count <= 0)", "Rows Removed by Filter": 1646400, "Shared Hit Blocks": 0, "Shared Read Blocks": 21828, "Shared Dirtied Blocks": 0, "Shared Written Blocks": 0, "Local Hit Blocks": 0, "Local Read Blocks": 0, "Local Dirtied Blocks": 0, "Local Written Blocks": 0, "Temp Read Blocks": 0, "Temp Written Blocks": 0, "I/O Read Time": 330.461, "I/O Write Time": 0.0, "parent": "Hash Join"}, {"Node Type": "Hash", "Parent Relationship": "Inner", "Parallel Aware": false, "Startup Cost": 9103.71, "Total Cost": 9103.71, "Plan Rows": 20186, "Plan Width": 4, "Actual Startup Time": 144.508, "Actual Total Time": 144.51, "Actual Rows": 20125, "Actual Loops": 1, "Output": ["store_returns.sr_cdemo_sk"], "Hash Buckets": 32768, "Original Hash Buckets": 32768, "Hash Batches": 1, "Original Hash Batches": 1, "Peak Memory Usage": 964, "Shared Hit Blocks": 0, "Shared Read Blocks": 4791, "Shared Dirtied Blocks": 0, "Shared Written Blocks": 0, "Local Hit Blocks": 0, "Local Read Blocks": 0, "Local Dirtied Blocks": 0, "Local Written Blocks": 0, "Temp Read Blocks": 0, "Temp Written Blocks": 0, "I/O Read Time": 61.359, "I/O Write Time": 0.0, "Plans": [{"Node Type": "Seq Scan", "Parent Relationship": "Outer", "Parallel Aware": false, "Relation Name": "store_returns", "Schema": "public", "Alias": "store_returns", "Startup Cost": 0.0, "Total Cost": 9103.71, "Plan Rows": 20186, "Plan Width": 4, "Actual Startup Time": 0.459, "Actual Total Time": 137.66, "Actual Rows": 20309, "Actual Loops": 1, "Output": ["store_returns.sr_cdemo_sk"], "Filter": "((store_returns.sr_store_sk > 4) AND (store_returns.sr_reversed_charge <= 3.96))", "Rows Removed by Filter": 267205, "Shared Hit Blocks": 0, "Shared Read Blocks": 4791, "Shared Dirtied Blocks": 0, "Shared Written Blocks": 0, "Local Hit Blocks": 0, "Local Read Blocks": 0, "Local Dirtied Blocks": 0, "Local Written Blocks": 0, "Temp Read Blocks": 0, "Temp Written Blocks": 0, "I/O Read Time": 61.359, "I/O Write Time": 0.0, "parent": "Hash"}], "parent": "Hash Join"}], "parent": "None"}, "Planning": {"Shared Hit Blocks": 111, "Shared Read Blocks": 24, "Shared Dirtied Blocks": 0, "Shared Written Blocks": 0, "Local Hit Blocks": 0, "Local Read Blocks": 0, "Local Dirtied Blocks": 0, "Local Written Blocks": 0, "Temp Read Blocks": 0, "Temp Written Blocks": 0, "I/O Read Time": 7.74, "I/O Write Time": 0.0}, "Planning Time": 8.982, "Triggers": [], "Execution Time": 811.738}, "config": {}}
{"query": "EXPLAIN (ANALYZE, COSTS, BUFFERS, VERBOSE, FORMAT JSON) select store_returns.sr_store_sk, customer.c_first_shipto_date_sk,  max(customer.c_birth_day) from store_returns join customer on customer.c_customer_sk=store_returns.sr_customer_sk group by store_returns.sr_store_sk, customer.c_first_shipto_date_sk having max(customer.c_birth_day) < 1399;", "planinfo": {"Plan": {"Node Type": "Aggregate", "Strategy": "Hashed", "Partial Mode": "Simple", "Parallel Aware": false, "Startup Cost": 19540.04, "Total Cost": 19813.79, "Plan Rows": 7300, "Plan Width": 12, "Actual Startup Time": 484.876, "Actual Total Time": 492.13, "Actual Rows": 24526, "Actual Loops": 1, "Output": ["store_returns.sr_store_sk", "customer.c_first_shipto_date_sk", "max(customer.c_birth_day)"], "Group Key": ["store_returns.sr_store_sk", "customer.c_first_shipto_date_sk"], "Filter": "(max(customer.c_birth_day) < 1399)", "Planned Partitions": 0, "HashAgg Batches": 1, "Peak Memory Usage": 3089, "Disk Usage": 0, "Rows Removed by Filter": 25, "Shared Hit Blocks": 0, "Shared Read Blocks": 7559, "Shared Dirtied Blocks": 0, "Shared Written Blocks": 0, "Local Hit Blocks": 0, "Local Read Blocks": 0, "Local Dirtied Blocks": 0, "Local Written Blocks": 0, "Temp Read Blocks": 669, "Temp Written Blocks": 669, "I/O Read Time": 59.315, "I/O Write Time": 0.0, "Plans": [{"Node Type": "Hash Join", "Parent Relationship": "Outer", "Parallel Aware": false, "Join Type": "Inner", "Startup Cost": 5507.0, "Total Cost": 16664.9, "Plan Rows": 287514, "Plan Width": 12, "Actual Startup Time": 92.092, "Actual Total Time": 344.634, "Actual Rows": 277498, "Actual Loops": 1, "Output": ["store_returns.sr_store_sk", "customer.c_first_shipto_date_sk", "customer.c_birth_day"], "Inner Unique": true, "Hash Cond": "(store_returns.sr_customer_sk = customer.c_customer_sk)", "Shared Hit Blocks": 0, "Shared Read Blocks": 7559, "Shared Dirtied Blocks": 0, "Shared Written Blocks": 0, "Local Hit Blocks": 0, "Local Read Blocks": 0, "Local Dirtied Blocks": 0, "Local Written Blocks": 0, "Temp Read Blocks": 669, "Temp Written Blocks": 669, "I/O Read Time": 59.315, "I/O Write Time": 0.0, "Plans": [{"Node Type": "Seq Scan", "Parent Relationship": "Outer", "Parallel Aware": false, "Relation Name": "store_returns", "Schema": "public", "Alias": "store_returns", "Startup Cost": 0.0, "Total Cost": 7666.14, "Plan Rows": 287514, "Plan Width": 8, "Actual Startup Time": 0.474, "Actual Total Time": 81.716, "Actual Rows": 287514, "Actual Loops": 1, "Output": ["store_returns.sr_store_sk", "store_returns.sr_customer_sk"], "Shared Hit Blocks": 0, "Shared Read Blocks": 4791, "Shared Dirtied Blocks": 0, "Shared Written Blocks": 0, "Local Hit Blocks": 0, "Local Read Blocks": 0, "Local Dirtied Blocks": 0, "Local Written Blocks": 0, "Temp Read Blocks": 0, "Temp Written Blocks": 0, "I/O Read Time": 21.794, "I/O Write Time": 0.0, "parent": "Hash Join"}, {"Node Type": "Hash", "Parent Relationship": "Inner", "Parallel Aware": false, "Startup Cost": 3768.0, "Total Cost": 3768.0, "Plan Rows": 100000, "Plan Width": 12, "Actual Startup Time": 91.07, "Actual Total Time": 91.071, "Actual Rows": 100000, "Actual Loops": 1, "Output": ["customer.c_first_shipto_date_sk", "customer.c_birth_day", "customer.c_customer_sk"], "Hash Buckets": 131072, "Original Hash Buckets": 131072, "Hash Batches": 2, "Original Hash Batches": 2, "Peak Memory Usage": 3159, "Shared Hit Blocks": 0, "Shared Read Blocks": 2768, "Shared Dirtied Blocks": 0, "Shared Written Blocks": 0, "Local Hit Blocks": 0, "Local Read Blocks": 0, "Local Dirtied Blocks": 0, "Local Written Blocks": 0, "Temp Read Blocks": 0, "Temp Written Blocks": 193, "I/O Read Time": 37.521, "I/O Write Time": 0.0, "Plans": [{"Node Type": "Seq Scan", "Parent Relationship": "Outer", "Parallel Aware": false, "Relation Name": "customer", "Schema": "public", "Alias": "customer", "Startup Cost": 0.0, "Total Cost": 3768.0, "Plan Rows": 100000, "Plan Width": 12, "Actual Startup Time": 0.643, "Actual Total Time": 61.651, "Actual Rows": 100000, "Actual Loops": 1, "Output": ["customer.c_first_shipto_date_sk", "customer.c_birth_day", "customer.c_customer_sk"], "Shared Hit Blocks": 0, "Shared Read Blocks": 2768, "Shared Dirtied Blocks": 0, "Shared Written Blocks": 0, "Local Hit Blocks": 0, "Local Read Blocks": 0, "Local Dirtied Blocks": 0, "Local Written Blocks": 0, "Temp Read Blocks": 0, "Temp Written Blocks": 0, "I/O Read Time": 37.521, "I/O Write Time": 0.0, "parent": "Hash"}], "parent": "Hash Join"}], "parent": "Aggregate"}], "parent": "None"}, "Planning": {"Shared Hit Blocks": 108, "Shared Read Blocks": 24, "Shared Dirtied Blocks": 0, "Shared Written Blocks": 0, "Local Hit Blocks": 0, "Local Read Blocks": 0, "Local Dirtied Blocks": 0, "Local Written Blocks": 0, "Temp Read Blocks": 0, "Temp Written Blocks": 0, "I/O Read Time": 8.119, "I/O Write Time": 0.0}, "Planning Time": 9.416, "Triggers": [], "Execution Time": 494.23}, "config": {}}
{"query": "EXPLAIN (ANALYZE, COSTS, BUFFERS, VERBOSE, FORMAT JSON) select store_returns.sr_cdemo_sk, customer.c_first_sales_date_sk from customer join store_returns on store_returns.sr_customer_sk=customer.c_customer_sk where customer.c_last_review_date_sk < 2452321 and customer.c_first_sales_date_sk >= 2450313;", "planinfo": {"Plan": {"Node Type": "Hash Join", "Parallel Aware": false, "Join Type": "Inner", "Startup Cost": 4346.98, "Total Cost": 12767.87, "Plan Rows": 18165, "Plan Width": 8, "Actual Startup Time": 76.746, "Actual Total Time": 213.158, "Actual Rows": 17226, "Actual Loops": 1, "Output": ["store_returns.sr_cdemo_sk", "customer.c_first_sales_date_sk"], "Inner Unique": true, "Hash Cond": "(store_returns.sr_customer_sk = customer.c_customer_sk)", "Shared Hit Blocks": 3, "Shared Read Blocks": 7559, "Shared Dirtied Blocks": 0, "Shared Written Blocks": 0, "Local Hit Blocks": 0, "Local Read Blocks": 0, "Local Dirtied Blocks": 0, "Local Written Blocks": 0, "Temp Read Blocks": 0, "Temp Written Blocks": 0, "I/O Read Time": 107.07, "I/O Write Time": 0.0, "Plans": [{"Node Type": "Seq Scan", "Parent Relationship": "Outer", "Parallel Aware": false, "Relation Name": "store_returns", "Schema": "public", "Alias": "store_returns", "Startup Cost": 0.0, "Total Cost": 7666.14, "Plan Rows": 287514, "Plan Width": 8, "Actual Startup Time": 0.458, "Actual Total Time": 84.182, "Actual Rows": 287514, "Actual Loops": 1, "Output": ["store_returns.sr_returned_date_sk", "store_returns.sr_return_time_sk", "store_returns.sr_item_sk", "store_returns.sr_customer_sk", "store_returns.sr_cdemo_sk", "store_returns.sr_hdemo_sk", "store_returns.sr_addr_sk", "store_returns.sr_store_sk", "store_returns.sr_reason_sk", "store_returns.sr_ticket_number", "store_returns.sr_return_quantity", "store_returns.sr_return_amt", "store_returns.sr_return_tax", "store_returns.sr_return_amt_inc_tax", "store_returns.sr_fee", "store_returns.sr_return_ship_cost", "store_returns.sr_refunded_cash", "store_returns.sr_reversed_charge", "store_returns.sr_store_credit", "store_returns.sr_net_loss"], "Shared Hit Blocks": 0, "Shared Read Blocks": 4791, "Shared Dirtied Blocks": 0, "Shared Written Blocks": 0, "Local Hit Blocks": 0, "Local Read Blocks": 0, "Local Dirtied Blocks": 0, "Local Written Blocks": 0, "Temp Read Blocks": 0, "Temp Written Blocks": 0, "I/O Read Time": 56.656, "I/O Write Time": 0.0, "parent": "Hash Join"}, {"Node Type": "Hash", "Parent Relationship": "Inner", "Parallel Aware": false, "Startup Cost": 4268.0, "Total Cost": 4268.0, "Plan Rows": 6318, "Plan Width": 8, "Actual Startup Time": 76.227, "Actual Total Time": 76.229, "Actual Rows": 6304, "Actual Loops": 1, "Output": ["customer.c_first_sales_date_sk", "customer.c_customer_sk"], "Hash Buckets": 8192, "Original Hash Buckets": 8192, "Hash Batches": 1, "Original Hash Batches": 1, "Peak Memory Usage": 311, "Shared Hit Blocks": 0, "Shared Read Blocks": 2768, "Shared Dirtied Blocks": 0, "Shared Written Blocks": 0, "Local Hit Blocks": 0, "Local Read Blocks": 0, "Local Dirtied Blocks": 0, "Local Written Blocks": 0, "Temp Read Blocks": 0, "Temp Written Blocks": 0, "I/O Read Time": 50.414, "I/O Write Time": 0.0, "Plans": [{"Node Type": "Seq Scan", "Parent Relationship": "Outer", "Parallel Aware": false, "Relation Name": "customer", "Schema": "public", "Alias": "customer", "Startup Cost": 0.0, "Total Cost": 4268.0, "Plan Rows": 6318, "Plan Width": 8, "Actual Startup Time": 0.659, "Actual Total Time": 73.777, "Actual Rows": 6304, "Actual Loops": 1, "Output": ["customer.c_first_sales_date_sk", "customer.c_customer_sk"], "Filter": "((customer.c_last_review_date_sk < 2452321) AND (customer.c_first_sales_date_sk >= 2450313))", "Rows Removed by Filter": 93696, "Shared Hit Blocks": 0, "Shared Read Blocks": 2768, "Shared Dirtied Blocks": 0, "Shared Written Blocks": 0, "Local Hit Blocks": 0, "Local Read Blocks": 0, "Local Dirtied Blocks": 0, "Local Written Blocks": 0, "Temp Read Blocks": 0, "Temp Written Blocks": 0, "I/O Read Time": 50.414, "I/O Write Time": 0.0, "parent": "Hash"}], "parent": "Hash Join"}], "parent": "None"}, "Planning": {"Shared Hit Blocks": 117, "Shared Read Blocks": 21, "Shared Dirtied Blocks": 0, "Shared Written Blocks": 0, "Local Hit Blocks": 0, "Local Read Blocks": 0, "Local Dirtied Blocks": 0, "Local Written Blocks": 0, "Temp Read Blocks": 0, "Temp Written Blocks": 0, "I/O Read Time": 7.899, "I/O Write Time": 0.0}, "Planning Time": 9.227, "Triggers": [], "Execution Time": 214.417}, "config": {}}
{"query": "EXPLAIN (ANALYZE, COSTS, BUFFERS, VERBOSE, FORMAT JSON) select customer.c_first_shipto_date_sk, customer_demographics.cd_purchase_estimate,  sum(customer_demographics.cd_dep_count) from customer_demographics join customer on customer.c_current_cdemo_sk=customer_demographics.cd_demo_sk where customer.c_current_cdemo_sk >= 339684 and customer.c_customer_sk > 64985 group by customer.c_first_shipto_date_sk, customer_demographics.cd_purchase_estimate;", "planinfo": {"Plan": {"Node Type": "Aggregate", "Strategy": "Hashed", "Partial Mode": "Simple", "Parallel Aware": false, "Startup Cost": 51110.04, "Total Cost": 51386.41, "Plan Rows": 27637, "Plan Width": 16, "Actual Startup Time": 733.484, "Actual Total Time": 740.291, "Actual Rows": 22796, "Actual Loops": 1, "Output": ["customer.c_first_shipto_date_sk", "customer_demographics.cd_purchase_estimate", "sum(customer_demographics.cd_dep_count)"], "Group Key": ["customer.c_first_shipto_date_sk", "customer_demographics.cd_purchase_estimate"], "Planned Partitions": 0, "HashAgg Batches": 1, "Peak Memory Usage": 3089, "Disk Usage": 0, "Shared Hit Blocks": 47, "Shared Read Blocks": 22900, "Shared Dirtied Blocks": 0, "Shared Written Blocks": 0, "Local Hit Blocks": 0, "Local Read Blocks": 0, "Local Dirtied Blocks": 0, "Local Written Blocks": 0, "Temp Read Blocks": 0, "Temp Written Blocks": 0, "I/O Read Time": 195.08, "I/O Write Time": 0.0, "Plans": [{"Node Type": "Hash Join", "Parent Relationship": "Outer", "Parallel Aware": false, "Join Type": "Inner", "Startup Cost": 2396.7, "Total Cost": 50902.76, "Plan Rows": 27637, "Plan Width": 12, "Actual Startup Time": 162.757, "Actual Total Time": 713.753, "Actual Rows": 27811, "Actual Loops": 1, "Output": ["customer.c_first_shipto_date_sk", "customer_demographics.cd_purchase_estimate", "customer_demographics.cd_dep_count"], "Inner Unique": false, "Hash Cond": "(customer_demographics.cd_demo_sk = customer.c_current_cdemo_sk)", "Shared Hit Blocks": 47, "Shared Read Blocks": 22900, "Shared Dirtied Blocks": 0, "Shared Written Blocks": 0, "Local Hit Blocks": 0, "Local Read Blocks": 0, "Local Dirtied Blocks": 0, "Local Written Blocks": 0, "Temp Read Blocks": 0, "Temp Written Blocks": 0, "I/O Read Time": 195.08, "I/O Write Time": 0.0, "Plans": [{"Node Type": "Seq Scan", "Parent Relationship": "Outer", "Parallel Aware": false, "Relation Name": "customer_demographics", "Schema": "public", "Alias": "customer_demographics", "Startup Cost": 0.0, "Total Cost": 41036.0, "Plan Rows": 1920800, "Plan Width": 12, "Actual Startup Time": 0.47, "Actual Total Time": 347.138, "Actual Rows": 1920800, "Actual Loops": 1, "Output": ["customer_demographics.cd_demo_sk", "customer_demographics.cd_gender", "customer_demographics.cd_marital_status", "customer_demographics.cd_education_status", "customer_demographics.cd_purchase_estimate", "customer_demographics.cd_credit_rating", "customer_demographics.cd_dep_count", "customer_demographics.cd_dep_employed_count", "customer_demographics.cd_dep_college_count"], "Shared Hit Blocks": 0, "Shared Read Blocks": 21828, "Shared Dirtied Blocks": 0, "Shared Written Blocks": 0, "Local Hit Blocks": 0, "Local Read Blocks": 0, "Local Dirtied Blocks": 0, "Local Written Blocks": 0, "Temp Read Blocks": 0, "Temp Written Blocks": 0, "I/O Read Time": 178.238, "I/O Write Time": 0.0, "parent": "Hash Join"}, {"Node Type": "Hash", "Parent Relationship": "Inner", "Parallel Aware": false, "Startup Cost": 2051.24, "Total Cost": 2051.24, "Plan Rows": 27637, "Plan Width": 8, "Actual Startup Time": 39.354, "Actual Total Time": 39.355, "Actual Rows": 27811, "Actual Loops": 1, "Output": ["customer.c_first_shipto_date_sk", "customer.c_current_cdemo_sk"], "Hash Buckets": 32768, "Original Hash Buckets": 32768, "Hash Batches": 1, "Original Hash Batches": 1, "Peak Memory Usage": 1341, "Shared Hit Blocks": 47, "Shared Read Blocks": 1072, "Shared Dirtied Blocks": 0, "Shared Written Blocks": 0, "Local Hit Blocks": 0, "Local Read Blocks": 0, "Local Dirtied Blocks": 0, "Local Written Blocks": 0, "Temp Read Blocks": 0, "Temp Written Blocks": 0, "I/O Read Time": 16.841, "I/O Write Time": 0.0, "Plans": [{"Node Type": "Index Scan", "Parent Relationship": "Outer", "Parallel Aware": false, "Scan Direction": "Forward", "Index Name": "c_customer_sk_idx", "Relation Name": "customer", "Schema": "public", "Alias": "customer", "Startup Cost": 0.29, "Total Cost": 2051.24, "Plan Rows": 27637, "Plan Width": 8, "Actual Startup Time": 1.356, "Actual Total Time": 31.707, "Actual Rows": 27811, "Actual Loops": 1, "Output": ["customer.c_first_shipto_date_sk", "customer.c_current_cdemo_sk"], "Index Cond": "(customer.c_customer_sk > 64985)", "Rows Removed by Index Recheck": 0, "Filter": "(customer.c_current_cdemo_sk >= 339684)", "Rows Removed by Filter": 7204, "Shared Hit Blocks": 47, "Shared Read Blocks": 1072, "Shared Dirtied Blocks": 0, "Shared Written Blocks": 0, "Local Hit Blocks": 0, "Local Read Blocks": 0, "Local Dirtied Blocks": 0, "Local Written Blocks": 0, "Temp Read Blocks": 0, "Temp Written Blocks": 0, "I/O Read Time": 16.841, "I/O Write Time": 0.0, "parent": "Hash"}], "parent": "Hash Join"}], "parent": "Aggregate"}], "parent": "None"}, "Planning": {"Shared Hit Blocks": 107, "Shared Read Blocks": 22, "Shared Dirtied Blocks": 0, "Shared Written Blocks": 0, "Local Hit Blocks": 0, "Local Read Blocks": 0, "Local Dirtied Blocks": 0, "Local Written Blocks": 0, "Temp Read Blocks": 0, "Temp Written Blocks": 0, "I/O Read Time": 7.871, "I/O Write Time": 0.0}, "Planning Time": 10.17, "Triggers": [], "Execution Time": 742.45}, "config": {}}
{"query": "EXPLAIN (ANALYZE, COSTS, BUFFERS, VERBOSE, FORMAT JSON) select customer_demographics.cd_dep_count, catalog_returns.cr_returning_cdemo_sk from catalog_returns join customer_demographics on customer_demographics.cd_demo_sk=catalog_returns.cr_refunded_cdemo_sk where customer_demographics.cd_demo_sk >= 1595512;", "planinfo": {"Plan": {"Node Type": "Hash Join", "Parallel Aware": false, "Join Type": "Inner", "Startup Cost": 18210.88, "Total Cost": 25297.72, "Plan Rows": 24280, "Plan Width": 8, "Actual Startup Time": 269.577, "Actual Total Time": 430.262, "Actual Rows": 23784, "Actual Loops": 1, "Output": ["customer_demographics.cd_dep_count", "catalog_returns.cr_returning_cdemo_sk"], "Inner Unique": true, "Hash Cond": "(catalog_returns.cr_refunded_cdemo_sk = customer_demographics.cd_demo_sk)", "Shared Hit Blocks": 5, "Shared Read Blocks": 7464, "Shared Dirtied Blocks": 0, "Shared Written Blocks": 0, "Local Hit Blocks": 0, "Local Read Blocks": 0, "Local Dirtied Blocks": 0, "Local Written Blocks": 0, "Temp Read Blocks": 1402, "Temp Written Blocks": 1402, "I/O Read Time": 82.099, "I/O Write Time": 0.0, "Plans": [{"Node Type": "Seq Scan", "Parent Relationship": "Outer", "Parallel Aware": false, "Relation Name": "catalog_returns", "Schema": "public", "Alias": "catalog_returns", "Startup Cost": 0.0, "Total Cost": 4317.67, "Plan Rows": 144067, "Plan Width": 8, "Actual Startup Time": 0.47, "Actual Total Time": 65.336, "Actual Rows": 144067, "Actual Loops": 1, "Output": ["catalog_returns.cr_returning_cdemo_sk", "catalog_returns.cr_refunded_cdemo_sk"], "Shared Hit Blocks": 0, "Shared Read Blocks": 2877, "Shared Dirtied Blocks": 0, "Shared Written Blocks": 0, "Local Hit Blocks": 0, "Local Read Blocks": 0, "Local Dirtied Blocks": 0, "Local Written Blocks": 0, "Temp Read Blocks": 0, "Temp Written Blocks": 0, "I/O Read Time": 36.627, "I/O Write Time": 0.0, "parent": "Hash Join"}, {"Node Type": "Hash", "Parent Relationship": "Inner", "Parallel Aware": false, "Startup Cost": 12899.44, "Total Cost": 12899.44, "Plan Rows": 323715, "Plan Width": 8, "Actual Startup Time": 268.447, "Actual Total Time": 268.448, "Actual Rows": 325289, "Actual Loops": 1, "Output": ["customer_demographics.cd_dep_count", "customer_demographics.cd_demo_sk"], "Hash Buckets": 131072, "Original Hash Buckets": 131072, "Hash Batches": 8, "Original Hash Batches": 8, "Peak Memory Usage": 2618, "Shared Hit Blocks": 2, "Shared Read Blocks": 4587, "Shared Dirtied Blocks": 0, "Shared Written Blocks": 0, "Local Hit Blocks": 0, "Local Read Blocks": 0, "Local Dirtied Blocks": 0, "Local Written Blocks": 0, "Temp Read Blocks": 0, "Temp Written Blocks": 969, "I/O Read Time": 45.472, "I/O Write Time": 0.0, "Plans": [{"Node Type": "Index Scan", "Parent Relationship": "Outer", "Parallel Aware": false, "Scan Direction": "Forward", "Index Name": "customer_demographics_pkey", "Relation Name": "customer_demographics", "Schema": "public", "Alias": "customer_demographics", "Startup Cost": 0.43, "Total Cost": 12899.44, "Plan Rows": 323715, "Plan Width": 8, "Actual Startup Time": 1.374, "Actual Total Time": 172.965, "Actual Rows": 325289, "Actual Loops": 1, "Output": ["customer_demographics.cd_dep_count", "customer_demographics.cd_demo_sk"], "Index Cond": "(customer_demographics.cd_demo_sk >= 1595512)", "Rows Removed by Index Recheck": 0, "Shared Hit Blocks": 2, "Shared Read Blocks": 4587, "Shared Dirtied Blocks": 0, "Shared Written Blocks": 0, "Local Hit Blocks": 0, "Local Read Blocks": 0, "Local Dirtied Blocks": 0, "Local Written Blocks": 0, "Temp Read Blocks": 0, "Temp Written Blocks": 0, "I/O Read Time": 45.472, "I/O Write Time": 0.0, "parent": "Hash"}], "parent": "Hash Join"}], "parent": "None"}, "Planning": {"Shared Hit Blocks": 101, "Shared Read Blocks": 17, "Shared Dirtied Blocks": 0, "Shared Written Blocks": 0, "Local Hit Blocks": 0, "Local Read Blocks": 0, "Local Dirtied Blocks": 0, "Local Written Blocks": 0, "Temp Read Blocks": 0, "Temp Written Blocks": 0, "I/O Read Time": 6.299, "I/O Write Time": 0.0}, "Planning Time": 7.848, "Triggers": [], "Execution Time": 431.965}, "config": {}}
{"query": "EXPLAIN (ANALYZE, COSTS, BUFFERS, VERBOSE, FORMAT JSON) select customer_demographics.cd_dep_employed_count, web_returns.wr_reversed_charge from web_returns join customer_demographics on customer_demographics.cd_demo_sk=web_returns.wr_refunded_cdemo_sk where web_returns.wr_returning_cdemo_sk <= 1771176;", "planinfo": {"Plan": {"Node Type": "Hash Join", "Parallel Aware": false, "Join Type": "Inner", "Startup Cost": 3011.84, "Total Cost": 51853.14, "Plan Rows": 63024, "Plan Width": 10, "Actual Startup Time": 54.57, "Actual Total Time": 769.649, "Actual Rows": 61613, "Actual Loops": 1, "Output": ["customer_demographics.cd_dep_employed_count", "web_returns.wr_reversed_charge"], "Inner Unique": false, "Hash Cond": "(customer_demographics.cd_demo_sk = web_returns.wr_refunded_cdemo_sk)", "Shared Hit Blocks": 3, "Shared Read Blocks": 23155, "Shared Dirtied Blocks": 0, "Shared Written Blocks": 0, "Local Hit Blocks": 0, "Local Read Blocks": 0, "Local Dirtied Blocks": 0, "Local Written Blocks": 0, "Temp Read Blocks": 0, "Temp Written Blocks": 0, "I/O Read Time": 181.293, "I/O Write Time": 0.0, "Plans": [{"Node Type": "Seq Scan", "Parent Relationship": "Outer", "Parallel Aware": false, "Relation Name": "customer_demographics", "Schema": "public", "Alias": "customer_demographics", "Startup Cost": 0.0, "Total Cost": 41036.0, "Plan Rows": 1920800, "Plan Width": 8, "Actual Startup Time": 0.46, "Actual Total Time": 335.195, "Actual Rows": 1920800, "Actual Loops": 1, "Output": ["customer_demographics.cd_demo_sk", "customer_demographics.cd_gender", "customer_demographics.cd_marital_status", "customer_demographics.cd_education_status", "customer_demographics.cd_purchase_estimate", "customer_demographics.cd_credit_rating", "customer_demographics.cd_dep_count", "customer_demographics.cd_dep_employed_count", "customer_demographics.cd_dep_college_count"], "Shared Hit Blocks": 0, "Shared Read Blocks": 21828, "Shared Dirtied Blocks": 0, "Shared Written Blocks": 0, "Local Hit Blocks": 0, "Local Read Blocks": 0, "Local Dirtied Blocks": 0, "Local Written Blocks": 0, "Temp Read Blocks": 0, "Temp Written Blocks": 0, "I/O Read Time": 166.832, "I/O Write Time": 0.0, "parent": "Hash Join"}, {"Node Type": "Hash", "Parent Relationship": "Inner", "Parallel Aware": false, "Startup Cost": 2224.04, "Total Cost": 2224.04, "Plan Rows": 63024, "Plan Width": 10, "Actual Startup Time": 53.747, "Actual Total Time": 53.749, "Actual Rows": 61613, "Actual Loops": 1, "Output": ["web_returns.wr_reversed_charge", "web_returns.wr_refunded_cdemo_sk"], "Hash Buckets": 65536, "Original Hash Buckets": 65536, "Hash Batches": 1, "Original Hash Batches": 1, "Peak Memory Usage": 3150, "Shared Hit Blocks": 0, "Shared Read Blocks": 1327, "Shared Dirtied Blocks": 0, "Shared Written Blocks": 0, "Local Hit Blocks": 0, "Local Read Blocks": 0, "Local Dirtied Blocks": 0, "Local Written Blocks": 0, "Temp Read Blocks": 0, "Temp Written Blocks": 0, "I/O Read Time": 14.461, "I/O Write Time": 0.0, "Plans": [{"Node Type": "Seq Scan", "Parent Relationship": "Outer", "Parallel Aware": false, "Relation Name": "web_returns", "Schema": "public", "Alias": "web_returns", "Startup Cost": 0.0, "Total Cost": 2224.04, "Plan Rows": 63024, "Plan Width": 10, "Actual Startup Time": 0.465, "Actual Total Time": 36.533, "Actual Rows": 63089, "Actual Loops": 1, "Output": ["web_returns.wr_reversed_charge", "web_returns.wr_refunded_cdemo_sk"], "Filter": "(web_returns.wr_returning_cdemo_sk <= 1771176)", "Rows Removed by Filter": 8674, "Shared Hit Blocks": 0, "Shared Read Blocks": 1327, "Shared Dirtied Blocks": 0, "Shared Written Blocks": 0, "Local Hit Blocks": 0, "Local Read Blocks": 0, "Local Dirtied Blocks": 0, "Local Written Blocks": 0, "Temp Read Blocks": 0, "Temp Written Blocks": 0, "I/O Read Time": 14.461, "I/O Write Time": 0.0, "parent": "Hash"}], "parent": "Hash Join"}], "parent": "None"}, "Planning": {"Shared Hit Blocks": 91, "Shared Read Blocks": 18, "Shared Dirtied Blocks": 0, "Shared Written Blocks": 0, "Local Hit Blocks": 0, "Local Read Blocks": 0, "Local Dirtied Blocks": 0, "Local Written Blocks": 0, "Temp Read Blocks": 0, "Temp Written Blocks": 0, "I/O Read Time": 7.452, "I/O Write Time": 0.0}, "Planning Time": 8.605, "Triggers": [], "Execution Time": 773.919}, "config": {}}
{"query": "EXPLAIN (ANALYZE, COSTS, BUFFERS, VERBOSE, FORMAT JSON) select customer.c_first_sales_date_sk, customer_demographics.cd_dep_employed_count from customer_demographics join customer on customer.c_current_cdemo_sk=customer_demographics.cd_demo_sk where customer.c_birth_month > 7 order by customer.c_first_sales_date_sk ASC, customer_demographics.cd_dep_employed_count DESC;", "planinfo": {"Plan": {"Node Type": "Sort", "Parallel Aware": false, "Startup Cost": 56256.11, "Total Cost": 56357.41, "Plan Rows": 40520, "Plan Width": 8, "Actual Startup Time": 789.827, "Actual Total Time": 792.688, "Actual Rows": 39598, "Actual Loops": 1, "Output": ["customer.c_first_sales_date_sk", "customer_demographics.cd_dep_employed_count"], "Sort Key": ["customer.c_first_sales_date_sk", "customer_demographics.cd_dep_employed_count DESC"], "Sort Method": "quicksort", "Sort Space Used": 3395, "Sort Space Type": "Memory", "Shared Hit Blocks": 3, "Shared Read Blocks": 24596, "Shared Dirtied Blocks": 0, "Shared Written Blocks": 0, "Local Hit Blocks": 0, "Local Read Blocks": 0, "Local Dirtied Blocks": 0, "Local Written Blocks": 0, "Temp Read Blocks": 0, "Temp Written Blocks": 0, "I/O Read Time": 228.621, "I/O Write Time": 0.0, "Plans": [{"Node Type": "Hash Join", "Parent Relationship": "Outer", "Parallel Aware": false, "Join Type": "Inner", "Startup Cost": 4524.5, "Total Cost": 53155.04, "Plan Rows": 40520, "Plan Width": 8, "Actual Startup Time": 82.487, "Actual Total Time": 765.7, "Actual Rows": 39598, "Actual Loops": 1, "Output": ["customer.c_first_sales_date_sk", "customer_demographics.cd_dep_employed_count"], "Inner Unique": false, "Hash Cond": "(customer_demographics.cd_demo_sk = customer.c_current_cdemo_sk)", "Shared Hit Blocks": 0, "Shared Read Blocks": 24596, "Shared Dirtied Blocks": 0, "Shared Written Blocks": 0, "Local Hit Blocks": 0, "Local Read Blocks": 0, "Local Dirtied Blocks": 0, "Local Written Blocks": 0, "Temp Read Blocks": 0, "Temp Written Blocks": 0, "I/O Read Time": 228.621, "I/O Write Time": 0.0, "Plans": [{"Node Type": "Seq Scan", "Parent Relationship": "Outer", "Parallel Aware": false, "Relation Name": "customer_demographics", "Schema": "public", "Alias": "customer_demographics", "Startup Cost": 0.0, "Total Cost": 41036.0, "Plan Rows": 1920800, "Plan Width": 8, "Actual Startup Time": 0.462, "Actual Total Time": 352.58, "Actual Rows": 1920800, "Actual Loops": 1, "Output": ["customer_demographics.cd_demo_sk", "customer_demographics.cd_gender", "customer_demographics.cd_marital_status", "customer_demographics.cd_education_status", "customer_demographics.cd_purchase_estimate", "customer_demographics.cd_credit_rating", "customer_demographics.cd_dep_count", "customer_demographics.cd_dep_employed_count", "customer_demographics.cd_dep_college_count"], "Shared Hit Blocks": 0, "Shared Read Blocks": 21828, "Shared Dirtied Blocks": 0, "Shared Written Blocks": 0, "Local Hit Blocks": 0, "Local Read Blocks": 0, "Local Dirtied Blocks": 0, "Local Written Blocks": 0, "Temp Read Blocks": 0, "Temp Written Blocks": 0, "I/O Read Time": 182.509, "I/O Write Time": 0.0, "parent": "Hash Join"}, {"Node Type": "Hash", "Parent Relationship": "Inner", "Parallel Aware": false, "Startup Cost": 4018.0, "Total Cost": 4018.0, "Plan Rows": 40520, "Plan Width": 8, "Actual Startup Time": 81.778, "Actual Total Time": 81.779, "Actual Rows": 39598, "Actual Loops": 1, "Output": ["customer.c_first_sales_date_sk", "customer.c_current_cdemo_sk"], "Hash Buckets": 65536, "Original Hash Buckets": 65536, "Hash Batches": 1, "Original Hash Batches": 1, "Peak Memory Usage": 2058, "Shared Hit Blocks": 0, "Shared Read Blocks": 2768, "Shared Dirtied Blocks": 0, "Shared Written Blocks": 0, "Local Hit Blocks": 0, "Local Read Blocks": 0, "Local Dirtied Blocks": 0, "Local Written Blocks": 0, "Temp Read Blocks": 0, "Temp Written Blocks": 0, "I/O Read Time": 46.112, "I/O Write Time": 0.0, "Plans": [{"Node Type": "Seq Scan", "Parent Relationship": "Outer", "Parallel Aware": false, "Relation Name": "customer", "Schema": "public", "Alias": "customer", "Startup Cost": 0.0, "Total Cost": 4018.0, "Plan Rows": 40520, "Plan Width": 8, "Actual Startup Time": 0.476, "Actual Total Time": 70.072, "Actual Rows": 40300, "Actual Loops": 1, "Output": ["customer.c_first_sales_date_sk", "customer.c_current_cdemo_sk"], "Filter": "(customer.c_birth_month > 7)", "Rows Removed by Filter": 59700, "Shared Hit Blocks": 0, "Shared Read Blocks": 2768, "Shared Dirtied Blocks": 0, "Shared Written Blocks": 0, "Local Hit Blocks": 0, "Local Read Blocks": 0, "Local Dirtied Blocks": 0, "Local Written Blocks": 0, "Temp Read Blocks": 0, "Temp Written Blocks": 0, "I/O Read Time": 46.112, "I/O Write Time": 0.0, "parent": "Hash"}], "parent": "Hash Join"}], "parent": "Sort"}], "parent": "None"}, "Planning": {"Shared Hit Blocks": 102, "Shared Read Blocks": 19, "Shared Dirtied Blocks": 0, "Shared Written Blocks": 0, "Local Hit Blocks": 0, "Local Read Blocks": 0, "Local Dirtied Blocks": 0, "Local Written Blocks": 0, "Temp Read Blocks": 0, "Temp Written Blocks": 0, "I/O Read Time": 6.56, "I/O Write Time": 0.0}, "Planning Time": 7.735, "Triggers": [], "Execution Time": 795.533}, "config": {}}
{"query": "EXPLAIN (ANALYZE, COSTS, BUFFERS, VERBOSE, FORMAT JSON) select store_sales.ss_store_sk, household_demographics.hd_vehicle_count from store_sales join household_demographics on household_demographics.hd_demo_sk=store_sales.ss_hdemo_sk where household_demographics.hd_vehicle_count = -1 and store_sales.ss_sold_date_sk <= 2451733;", "planinfo": {"Plan": {"Node Type": "Hash Join", "Parallel Aware": false, "Join Type": "Inner", "Startup Cost": 158.0, "Total Cost": 91158.94, "Plan Rows": 209466, "Plan Width": 8, "Actual Startup Time": 4.818, "Actual Total Time": 2584.322, "Actual Rows": 203809, "Actual Loops": 1, "Output": ["store_sales.ss_store_sk", "household_demographics.hd_vehicle_count"], "Inner Unique": true, "Hash Cond": "(store_sales.ss_hdemo_sk = household_demographics.hd_demo_sk)", "Shared Hit Blocks": 3, "Shared Read Blocks": 51749, "Shared Dirtied Blocks": 0, "Shared Written Blocks": 0, "Local Hit Blocks": 0, "Local Read Blocks": 0, "Local Dirtied Blocks": 0, "Local Written Blocks": 0, "Temp Read Blocks": 0, "Temp Written Blocks": 0, "I/O Read Time": 1931.645, "I/O Write Time": 0.0, "Plans": [{"Node Type": "Seq Scan", "Parent Relationship": "Outer", "Parallel Aware": false, "Relation Name": "store_sales", "Schema": "public", "Alias": "store_sales", "Startup Cost": 0.0, "Total Cost": 87700.0, "Plan Rows": 1256794, "Plan Width": 8, "Actual Startup Time": 0.461, "Actual Total Time": 2332.814, "Actual Rows": 1264970, "Actual Loops": 1, "Output": ["store_sales.ss_sold_date_sk", "store_sales.ss_sold_time_sk", "store_sales.ss_item_sk", "store_sales.ss_customer_sk", "store_sales.ss_cdemo_sk", "store_sales.ss_hdemo_sk", "store_sales.ss_addr_sk", "store_sales.ss_store_sk", "store_sales.ss_promo_sk", "store_sales.ss_ticket_number", "store_sales.ss_quantity", "store_sales.ss_wholesale_cost", "store_sales.ss_list_price", "store_sales.ss_sales_price", "store_sales.ss_ext_discount_amt", "store_sales.ss_ext_sales_price", "store_sales.ss_ext_wholesale_cost", "store_sales.ss_ext_list_price", "store_sales.ss_ext_tax", "store_sales.ss_coupon_amt", "store_sales.ss_net_paid", "store_sales.ss_net_paid_inc_tax", "store_sales.ss_net_profit"], "Filter": "(store_sales.ss_sold_date_sk <= 2451733)", "Rows Removed by Filter": 1615434, "Shared Hit Blocks": 0, "Shared Read Blocks": 51696, "Shared Dirtied Blocks": 0, "Shared Written Blocks": 0, "Local Hit Blocks": 0, "Local Read Blocks": 0, "Local Dirtied Blocks": 0, "Local Written Blocks": 0, "Temp Read Blocks": 0, "Temp Written Blocks": 0, "I/O Read Time": 1929.828, "I/O Write Time": 0.0, "parent": "Hash Join"}, {"Node Type": "Hash", "Parent Relationship": "Inner", "Parallel Aware": false, "Startup Cost": 143.0, "Total Cost": 143.0, "Plan Rows": 1200, "Plan Width": 8, "Actual Startup Time": 3.686, "Actual Total Time": 3.688, "Actual Rows": 1200, "Actual Loops": 1, "Output": ["household_demographics.hd_vehicle_count", "household_demographics.hd_demo_sk"], "Hash Buckets": 2048, "Original Hash Buckets": 2048, "Hash Batches": 1, "Original Hash Batches": 1, "Peak Memory Usage": 63, "Shared Hit Blocks": 0, "Shared Read Blocks": 53, "Shared Dirtied Blocks": 0, "Shared Written Blocks": 0, "Local Hit Blocks": 0, "Local Read Blocks": 0, "Local Dirtied Blocks": 0, "Local Written Blocks": 0, "Temp Read Blocks": 0, "Temp Written Blocks": 0, "I/O Read Time": 1.817, "I/O Write Time": 0.0, "Plans": [{"Node Type": "Seq Scan", "Parent Relationship": "Outer", "Parallel Aware": false, "Relation Name": "household_demographics", "Schema": "public", "Alias": "household_demographics", "Startup Cost": 0.0, "Total Cost": 143.0, "Plan Rows": 1200, "Plan Width": 8, "Actual Startup Time": 2.568, "Actual Total Time": 2.885, "Actual Rows": 1200, "Actual Loops": 1, "Output": ["household_demographics.hd_vehicle_count", "household_demographics.hd_demo_sk"], "Filter": "(household_demographics.hd_vehicle_count = '-1'::integer)", "Rows Removed by Filter": 6000, "Shared Hit Blocks": 0, "Shared Read Blocks": 53, "Shared Dirtied Blocks": 0, "Shared Written Blocks": 0, "Local Hit Blocks": 0, "Local Read Blocks": 0, "Local Dirtied Blocks": 0, "Local Written Blocks": 0, "Temp Read Blocks": 0, "Temp Written Blocks": 0, "I/O Read Time": 1.817, "I/O Write Time": 0.0, "parent": "Hash"}], "parent": "Hash Join"}], "parent": "None"}, "Planning": {"Shared Hit Blocks": 104, "Shared Read Blocks": 17, "Shared Dirtied Blocks": 0, "Shared Written Blocks": 0, "Local Hit Blocks": 0, "Local Read Blocks": 0, "Local Dirtied Blocks": 0, "Local Written Blocks": 0, "Temp Read Blocks": 0, "Temp Written Blocks": 0, "I/O Read Time": 6.445, "I/O Write Time": 0.0}, "Planning Time": 7.79, "Triggers": [], "Execution Time": 2596.123}, "config": {}}
{"query": "EXPLAIN (ANALYZE, COSTS, BUFFERS, VERBOSE, FORMAT JSON) select time_dim.t_hour, web_returns.wr_returning_cdemo_sk from time_dim join web_returns on web_returns.wr_returned_time_sk=time_dim.t_time_sk where web_returns.wr_returning_hdemo_sk <= 2582 and time_dim.t_time_sk <= 3252 order by time_dim.t_hour ASC, web_returns.wr_returning_cdemo_sk ASC;", "planinfo": {"Plan": {"Node Type": "Sort", "Parallel Aware": false, "Startup Cost": 2533.78, "Total Cost": 2536.17, "Plan Rows": 959, "Plan Width": 8, "Actual Startup Time": 45.213, "Actual Total Time": 45.227, "Actual Rows": 213, "Actual Loops": 1, "Output": ["time_dim.t_hour", "web_returns.wr_returning_cdemo_sk"], "Sort Key": ["time_dim.t_hour", "web_returns.wr_returning_cdemo_sk"], "Sort Method": "quicksort", "Sort Space Used": 36, "Sort Space Type": "Memory", "Shared Hit Blocks": 5, "Shared Read Blocks": 1386, "Shared Dirtied Blocks": 0, "Shared Written Blocks": 0, "Local Hit Blocks": 0, "Local Read Blocks": 0, "Local Dirtied Blocks": 0, "Local Written Blocks": 0, "Temp Read Blocks": 0, "Temp Written Blocks": 0, "I/O Read Time": 25.673, "I/O Write Time": 0.0, "Plans": [{"Node Type": "Hash Join", "Parent Relationship": "Outer", "Parallel Aware": false, "Join Type": "Inner", "Startup Cost": 196.5, "Total Cost": 2486.28, "Plan Rows": 959, "Plan Width": 8, "Actual Startup Time": 5.309, "Actual Total Time": 45.031, "Actual Rows": 213, "Actual Loops": 1, "Output": ["time_dim.t_hour", "web_returns.wr_returning_cdemo_sk"], "Inner Unique": true, "Hash Cond": "(web_returns.wr_returned_time_sk = time_dim.t_time_sk)", "Shared Hit Blocks": 2, "Shared Read Blocks": 1386, "Shared Dirtied Blocks": 0, "Shared Written Blocks": 0, "Local Hit Blocks": 0, "Local Read Blocks": 0, "Local Dirtied Blocks": 0, "Local Written Blocks": 0, "Temp Read Blocks": 0, "Temp Written Blocks": 0, "I/O Read Time": 25.673, "I/O Write Time": 0.0, "Plans": [{"Node Type": "Seq Scan", "Parent Relationship": "Outer", "Parallel Aware": false, "Relation Name": "web_returns", "Schema": "public", "Alias": "web_returns", "Startup Cost": 0.0, "Total Cost": 2224.04, "Plan Rows": 25044, "Plan Width": 8, "Actual Startup Time": 0.457, "Actual Total Time": 36.911, "Actual Rows": 24741, "Actual Loops": 1, "Output": ["web_returns.wr_returned_date_sk", "web_returns.wr_returned_time_sk", "web_returns.wr_item_sk", "web_returns.wr_refunded_customer_sk", "web_returns.wr_refunded_cdemo_sk", "web_returns.wr_refunded_hdemo_sk", "web_returns.wr_refunded_addr_sk", "web_returns.wr_returning_customer_sk", "web_returns.wr_returning_cdemo_sk", "web_returns.wr_returning_hdemo_sk", "web_returns.wr_returning_addr_sk", "web_returns.wr_web_page_sk", "web_returns.wr_reason_sk", "web_returns.wr_order_number", "web_returns.wr_return_quantity", "web_returns.wr_return_amt", "web_returns.wr_return_tax", "web_returns.wr_return_amt_inc_tax", "web_returns.wr_fee", "web_returns.wr_return_ship_cost", "web_returns.wr_refunded_cash", "web_returns.wr_reversed_charge", "web_returns.wr_account_credit", "web_returns.wr_net_loss"], "Filter": "(web_returns.wr_returning_hdemo_sk <= 2582)", "Rows Removed by Filter": 47022, "Shared Hit Blocks": 0, "Shared Read Blocks": 1327, "Shared Dirtied Blocks": 0, "Shared Written Blocks": 0, "Local Hit Blocks": 0, "Local Read Blocks": 0, "Local Dirtied Blocks": 0, "Local Written Blocks": 0, "Temp Read Blocks": 0, "Temp Written Blocks": 0, "I/O Read Time": 24.015, "I/O Write Time": 0.0, "parent": "Hash Join"}, {"Node Type": "Hash", "Parent Relationship": "Inner", "Parallel Aware": false, "Startup Cost": 155.16, "Total Cost": 155.16, "Plan Rows": 3307, "Plan Width": 8, "Actual Startup Time": 4.287, "Actual Total Time": 4.288, "Actual Rows": 3253, "Actual Loops": 1, "Output": ["time_dim.t_hour", "time_dim.t_time_sk"], "Hash Buckets": 4096, "Original Hash Buckets": 4096, "Hash Batches": 1, "Original Hash Batches": 1, "Peak Memory Usage": 160, "Shared Hit Blocks": 2, "Shared Read Blocks": 59, "Shared Dirtied Blocks": 0, "Shared Written Blocks": 0, "Local Hit Blocks": 0, "Local Read Blocks": 0, "Local Dirtied Blocks": 0, "Local Written Blocks": 0, "Temp Read Blocks": 0, "Temp Written Blocks": 0, "I/O Read Time": 1.658, "I/O Write Time": 0.0, "Plans": [{"Node Type": "Index Scan", "Parent Relationship": "Outer", "Parallel Aware": false, "Scan Direction": "Forward", "Index Name": "time_dim_pkey", "Relation Name": "time_dim", "Schema": "public", "Alias": "time_dim", "Startup Cost": 0.29, "Total Cost": 155.16, "Plan Rows": 3307, "Plan Width": 8, "Actual Startup Time": 0.476, "Actual Total Time": 2.939, "Actual Rows": 3253, "Actual Loops": 1, "Output": ["time_dim.t_hour", "time_dim.t_time_sk"], "Index Cond": "(time_dim.t_time_sk <= 3252)", "Rows Removed by Index Recheck": 0, "Shared Hit Blocks": 2, "Shared Read Blocks": 59, "Shared Dirtied Blocks": 0, "Shared Written Blocks": 0, "Local Hit Blocks": 0, "Local Read Blocks": 0, "Local Dirtied Blocks": 0, "Local Written Blocks": 0, "Temp Read Blocks": 0, "Temp Written Blocks": 0, "I/O Read Time": 1.658, "I/O Write Time": 0.0, "parent": "Hash"}], "parent": "Hash Join"}], "parent": "Sort"}], "parent": "None"}, "Planning": {"Shared Hit Blocks": 85, "Shared Read Blocks": 16, "Shared Dirtied Blocks": 0, "Shared Written Blocks": 0, "Local Hit Blocks": 0, "Local Read Blocks": 0, "Local Dirtied Blocks": 0, "Local Written Blocks": 0, "Temp Read Blocks": 0, "Temp Written Blocks": 0, "I/O Read Time": 5.853, "I/O Write Time": 0.0}, "Planning Time": 7.083, "Triggers": [], "Execution Time": 45.343}, "config": {}}
{"query": "EXPLAIN (ANALYZE, COSTS, BUFFERS, VERBOSE, FORMAT JSON) select web_sales.ws_coupon_amt, household_demographics.hd_income_band_sk from household_demographics join web_sales on web_sales.ws_bill_hdemo_sk=household_demographics.hd_demo_sk where web_sales.ws_sold_date_sk >= 2451679 and household_demographics.hd_income_band_sk >= 2;", "planinfo": {"Plan": {"Node Type": "Hash Join", "Parallel Aware": false, "Join Type": "Inner", "Startup Cost": 228.5, "Total Cost": 29042.4, "Plan Rows": 381440, "Plan Width": 7, "Actual Startup Time": 5.747, "Actual Total Time": 532.92, "Actual Rows": 381183, "Actual Loops": 1, "Output": ["web_sales.ws_coupon_amt", "household_demographics.hd_income_band_sk"], "Inner Unique": true, "Hash Cond": "(web_sales.ws_bill_hdemo_sk = household_demographics.hd_demo_sk)", "Shared Hit Blocks": 3, "Shared Read Blocks": 18820, "Shared Dirtied Blocks": 0, "Shared Written Blocks": 0, "Local Hit Blocks": 0, "Local Read Blocks": 0, "Local Dirtied Blocks": 0, "Local Written Blocks": 0, "Temp Read Blocks": 0, "Temp Written Blocks": 0, "I/O Read Time": 242.315, "I/O Write Time": 0.0, "Plans": [{"Node Type": "Seq Scan", "Parent Relationship": "Outer", "Parallel Aware": false, "Relation Name": "web_sales", "Schema": "public", "Alias": "web_sales", "Startup Cost": 0.0, "Total Cost": 27759.3, "Plan Rows": 401516, "Plan Width": 7, "Actual Startup Time": 0.489, "Actual Total Time": 349.155, "Actual Rows": 401876, "Actual Loops": 1, "Output": ["web_sales.ws_sold_date_sk", "web_sales.ws_sold_time_sk", "web_sales.ws_ship_date_sk", "web_sales.ws_item_sk", "web_sales.ws_bill_customer_sk", "web_sales.ws_bill_cdemo_sk", "web_sales.ws_bill_hdemo_sk", "web_sales.ws_bill_addr_sk", "web_sales.ws_ship_customer_sk", "web_sales.ws_ship_cdemo_sk", "web_sales.ws_ship_hdemo_sk", "web_sales.ws_ship_addr_sk", "web_sales.ws_web_page_sk", "web_sales.ws_web_site_sk", "web_sales.ws_ship_mode_sk", "web_sales.ws_warehouse_sk", "web_sales.ws_promo_sk", "web_sales.ws_order_number", "web_sales.ws_quantity", "web_sales.ws_wholesale_cost", "web_sales.ws_list_price", "web_sales.ws_sales_price", "web_sales.ws_ext_discount_amt", "web_sales.ws_ext_sales_price", "web_sales.ws_ext_wholesale_cost", "web_sales.ws_ext_list_price", "web_sales.ws_ext_tax", "web_sales.ws_coupon_amt", "web_sales.ws_ext_ship_cost", "web_sales.ws_net_paid", "web_sales.ws_net_paid_inc_tax", "web_sales.ws_net_paid_inc_ship", "web_sales.ws_net_paid_inc_ship_tax", "web_sales.ws_net_profit"], "Filter": "(web_sales.ws_sold_date_sk >= 2451679)", "Rows Removed by Filter": 317508, "Shared Hit Blocks": 0, "Shared Read Blocks": 18767, "Shared Dirtied Blocks": 0, "Shared Written Blocks": 0, "Local Hit Blocks": 0, "Local Read Blocks": 0, "Local Dirtied Blocks": 0, "Local Written Blocks": 0, "Temp Read Blocks": 0, "Temp Written Blocks": 0, "I/O Read Time": 240.782, "I/O Write Time": 0.0, "parent": "Hash Join"}, {"Node Type": "Hash", "Parent Relationship": "Inner", "Parallel Aware": false, "Startup Cost": 143.0, "Total Cost": 143.0, "Plan Rows": 6840, "Plan Width": 8, "Actual Startup Time": 5.202, "Actual Total Time": 5.204, "Actual Rows": 6840, "Actual Loops": 1, "Output": ["household_demographics.hd_income_band_sk", "household_demographics.hd_demo_sk"], "Hash Buckets": 8192, "Original Hash Buckets": 8192, "Hash Batches": 1, "Original Hash Batches": 1, "Peak Memory Usage": 332, "Shared Hit Blocks": 0, "Shared Read Blocks": 53, "Shared Dirtied Blocks": 0, "Shared Written Blocks": 0, "Local Hit Blocks": 0, "Local Read Blocks": 0, "Local Dirtied Blocks": 0, "Local Written Blocks": 0, "Temp Read Blocks": 0, "Temp Written Blocks": 0, "I/O Read Time": 1.533, "I/O Write Time": 0.0, "Plans": [{"Node Type": "Seq Scan", "Parent Relationship": "Outer", "Parallel Aware": false, "Relation Name": "household_demographics", "Schema": "public", "Alias": "household_demographics", "Startup Cost": 0.0, "Total Cost": 143.0, "Plan Rows": 6840, "Plan Width": 8, "Actual Startup Time": 0.642, "Actual Total Time": 2.991, "Actual Rows": 6840, "Actual Loops": 1, "Output": ["household_demographics.hd_income_band_sk", "household_demographics.hd_demo_sk"], "Filter": "(household_demographics.hd_income_band_sk >= 2)", "Rows Removed by Filter": 360, "Shared Hit Blocks": 0, "Shared Read Blocks": 53, "Shared Dirtied Blocks": 0, "Shared Written Blocks": 0, "Local Hit Blocks": 0, "Local Read Blocks": 0, "Local Dirtied Blocks": 0, "Local Written Blocks": 0, "Temp Read Blocks": 0, "Temp Written Blocks": 0, "I/O Read Time": 1.533, "I/O Write Time": 0.0, "parent": "Hash"}], "parent": "Hash Join"}], "parent": "None"}, "Planning": {"Shared Hit Blocks": 98, "Shared Read Blocks": 17, "Shared Dirtied Blocks": 0, "Shared Written Blocks": 0, "Local Hit Blocks": 0, "Local Read Blocks": 0, "Local Dirtied Blocks": 0, "Local Written Blocks": 0, "Temp Read Blocks": 0, "Temp Written Blocks": 0, "I/O Read Time": 6.292, "I/O Write Time": 0.0}, "Planning Time": 7.634, "Triggers": [], "Execution Time": 555.899}, "config": {}}
{"query": "EXPLAIN (ANALYZE, COSTS, BUFFERS, VERBOSE, FORMAT JSON) select store_sales.ss_item_sk, household_demographics.hd_vehicle_count from store_sales join household_demographics on household_demographics.hd_demo_sk=store_sales.ss_hdemo_sk where store_sales.ss_ticket_number < 45796 and household_demographics.hd_income_band_sk <= 2 order by store_sales.ss_item_sk ASC, household_demographics.hd_vehicle_count DESC;", "planinfo": {"Plan": {"Node Type": "Sort", "Parallel Aware": false, "Startup Cost": 93590.57, "Total Cost": 93727.26, "Plan Rows": 54675, "Plan Width": 8, "Actual Startup Time": 2592.538, "Actual Total Time": 2600.255, "Actual Rows": 53301, "Actual Loops": 1, "Output": ["store_sales.ss_item_sk", "household_demographics.hd_vehicle_count"], "Sort Key": ["store_sales.ss_item_sk", "household_demographics.hd_vehicle_count DESC"], "Sort Method": "external merge", "Sort Space Used": 944, "Sort Space Type": "Disk", "Shared Hit Blocks": 3, "Shared Read Blocks": 51749, "Shared Dirtied Blocks": 0, "Shared Written Blocks": 0, "Local Hit Blocks": 0, "Local Read Blocks": 0, "Local Dirtied Blocks": 0, "Local Written Blocks": 0, "Temp Read Blocks": 118, "Temp Written Blocks": 119, "I/O Read Time": 1991.023, "I/O Write Time": 0.0, "Plans": [{"Node Type": "Hash Join", "Parent Relationship": "Outer", "Parallel Aware": false, "Join Type": "Inner", "Startup Cost": 152.0, "Total Cost": 89288.03, "Plan Rows": 54675, "Plan Width": 8, "Actual Startup Time": 4.708, "Actual Total Time": 2555.276, "Actual Rows": 53301, "Actual Loops": 1, "Output": ["store_sales.ss_item_sk", "household_demographics.hd_vehicle_count"], "Inner Unique": true, "Hash Cond": "(store_sales.ss_hdemo_sk = household_demographics.hd_demo_sk)", "Shared Hit Blocks": 0, "Shared Read Blocks": 51749, "Shared Dirtied Blocks": 0, "Shared Written Blocks": 0, "Local Hit Blocks": 0, "Local Read Blocks": 0, "Local Dirtied Blocks": 0, "Local Written Blocks": 0, "Temp Read Blocks": 0, "Temp Written Blocks": 0, "I/O Read Time": 1991.023, "I/O Write Time": 0.0, "Plans": [{"Node Type": "Seq Scan", "Parent Relationship": "Outer", "Parallel Aware": false, "Relation Name": "store_sales", "Schema": "public", "Alias": "store_sales", "Startup Cost": 0.0, "Total Cost": 87700.0, "Plan Rows": 546750, "Plan Width": 8, "Actual Startup Time": 0.466, "Actual Total Time": 2473.129, "Actual Rows": 550519, "Actual Loops": 1, "Output": ["store_sales.ss_sold_date_sk", "store_sales.ss_sold_time_sk", "store_sales.ss_item_sk", "store_sales.ss_customer_sk", "store_sales.ss_cdemo_sk", "store_sales.ss_hdemo_sk", "store_sales.ss_addr_sk", "store_sales.ss_store_sk", "store_sales.ss_promo_sk", "store_sales.ss_ticket_number", "store_sales.ss_quantity", "store_sales.ss_wholesale_cost", "store_sales.ss_list_price", "store_sales.ss_sales_price", "store_sales.ss_ext_discount_amt", "store_sales.ss_ext_sales_price", "store_sales.ss_ext_wholesale_cost", "store_sales.ss_ext_list_price", "store_sales.ss_ext_tax", "store_sales.ss_coupon_amt", "store_sales.ss_net_paid", "store_sales.ss_net_paid_inc_tax", "store_sales.ss_net_profit"], "Filter": "(store_sales.ss_ticket_number < 45796)", "Rows Removed by Filter": 2329885, "Shared Hit Blocks": 0, "Shared Read Blocks": 51696, "Shared Dirtied Blocks": 0, "Shared Written Blocks": 0, "Local Hit Blocks": 0, "Local Read Blocks": 0, "Local Dirtied Blocks": 0, "Local Written Blocks": 0, "Temp Read Blocks": 0, "Temp Written Blocks": 0, "I/O Read Time": 1989.147, "I/O Write Time": 0.0, "parent": "Hash Join"}, {"Node Type": "Hash", "Parent Relationship": "Inner", "Parallel Aware": false, "Startup Cost": 143.0, "Total Cost": 143.0, "Plan Rows": 720, "Plan Width": 8, "Actual Startup Time": 3.506, "Actual Total Time": 3.508, "Actual Rows": 720, "Actual Loops": 1, "Output": ["household_demographics.hd_vehicle_count", "household_demographics.hd_demo_sk"], "Hash Buckets": 1024, "Original Hash Buckets": 1024, "Hash Batches": 1, "Original Hash Batches": 1, "Peak Memory Usage": 37, "Shared Hit Blocks": 0, "Shared Read Blocks": 53, "Shared Dirtied Blocks": 0, "Shared Written Blocks": 0, "Local Hit Blocks": 0, "Local Read Blocks": 0, "Local Dirtied Blocks": 0, "Local Written Blocks": 0, "Temp Read Blocks": 0, "Temp Written Blocks": 0, "I/O Read Time": 1.876, "I/O Write Time": 0.0, "Plans": [{"Node Type": "Seq Scan", "Parent Relationship": "Outer", "Parallel Aware": false, "Relation Name": "household_demographics", "Schema": "public", "Alias": "household_demographics", "Startup Cost": 0.0, "Total Cost": 143.0, "Plan Rows": 720, "Plan Width": 8, "Actual Startup Time": 0.61, "Actual Total Time": 2.805, "Actual Rows": 720, "Actual Loops": 1, "Output": ["household_demographics.hd_vehicle_count", "household_demographics.hd_demo_sk"], "Filter": "(household_demographics.hd_income_band_sk <= 2)", "Rows Removed by Filter": 6480, "Shared Hit Blocks": 0, "Shared Read Blocks": 53, "Shared Dirtied Blocks": 0, "Shared Written Blocks": 0, "Local Hit Blocks": 0, "Local Read Blocks": 0, "Local Dirtied Blocks": 0, "Local Written Blocks": 0, "Temp Read Blocks": 0, "Temp Written Blocks": 0, "I/O Read Time": 1.876, "I/O Write Time": 0.0, "parent": "Hash"}], "parent": "Hash Join"}], "parent": "Sort"}], "parent": "None"}, "Planning": {"Shared Hit Blocks": 102, "Shared Read Blocks": 17, "Shared Dirtied Blocks": 0, "Shared Written Blocks": 0, "Local Hit Blocks": 0, "Local Read Blocks": 0, "Local Dirtied Blocks": 0, "Local Written Blocks": 0, "Temp Read Blocks": 0, "Temp Written Blocks": 0, "I/O Read Time": 6.452, "I/O Write Time": 0.0}, "Planning Time": 8.737, "Triggers": [], "Execution Time": 2603.008}, "config": {}}
{"query": "EXPLAIN (ANALYZE, COSTS, BUFFERS, VERBOSE, FORMAT JSON) select inventory.inv_date_sk, item.i_wholesale_cost from inventory join item on item.i_item_sk=inventory.inv_item_sk where item.i_class_id <= 1 and inventory.inv_item_sk >= 1960 order by item.i_wholesale_cost DESC;", "planinfo": {"Plan": {"Node Type": "Sort", "Parallel Aware": false, "Startup Cost": 461405.23, "Total Cost": 465448.07, "Plan Rows": 1617135, "Plan Width": 10, "Actual Startup Time": 5032.744, "Actual Total Time": 5567.925, "Actual Rows": 1592885, "Actual Loops": 1, "Output": ["inventory.inv_date_sk", "item.i_wholesale_cost"], "Sort Key": ["item.i_wholesale_cost DESC"], "Sort Method": "external merge", "Sort Space Used": 32056, "Sort Space Type": "Disk", "Shared Hit Blocks": 6, "Shared Read Blocks": 64717, "Shared Dirtied Blocks": 0, "Shared Written Blocks": 0, "Local Hit Blocks": 0, "Local Read Blocks": 0, "Local Dirtied Blocks": 0, "Local Written Blocks": 0, "Temp Read Blocks": 6403, "Temp Written Blocks": 6434, "I/O Read Time": 303.333, "I/O Write Time": 0.0, "Plans": [{"Node Type": "Hash Join", "Parent Relationship": "Outer", "Parallel Aware": false, "Join Type": "Inner", "Startup Cost": 1489.65, "Total Cost": 239359.12, "Plan Rows": 1617135, "Plan Width": 10, "Actual Startup Time": 35.849, "Actual Total Time": 3707.892, "Actual Rows": 1592885, "Actual Loops": 1, "Output": ["inventory.inv_date_sk", "item.i_wholesale_cost"], "Inner Unique": true, "Hash Cond": "(inventory.inv_item_sk = item.i_item_sk)", "Shared Hit Blocks": 3, "Shared Read Blocks": 64717, "Shared Dirtied Blocks": 0, "Shared Written Blocks": 0, "Local Hit Blocks": 0, "Local Read Blocks": 0, "Local Dirtied Blocks": 0, "Local Written Blocks": 0, "Temp Read Blocks": 0, "Temp Written Blocks": 0, "I/O Read Time": 303.333, "I/O Write Time": 0.0, "Plans": [{"Node Type": "Seq Scan", "Parent Relationship": "Outer", "Parallel Aware": false, "Relation Name": "inventory", "Schema": "public", "Alias": "inventory", "Startup Cost": 0.0, "Total Cost": 210298.18, "Plan Rows": 10500878, "Plan Width": 8, "Actual Startup Time": 1.545, "Actual Total Time": 1963.938, "Actual Rows": 10466100, "Actual Loops": 1, "Output": ["inventory.inv_date_sk", "inventory.inv_item_sk", "inventory.inv_warehouse_sk", "inventory.inv_quantity_on_hand"], "Filter": "(inventory.inv_item_sk >= 1960)", "Rows Removed by Filter": 1278900, "Shared Hit Blocks": 0, "Shared Read Blocks": 63487, "Shared Dirtied Blocks": 0, "Shared Written Blocks": 0, "Local Hit Blocks": 0, "Local Read Blocks": 0, "Local Dirtied Blocks": 0, "Local Written Blocks": 0, "Temp Read Blocks": 0, "Temp Written Blocks": 0, "I/O Read Time": 275.055, "I/O Write Time": 0.0, "parent": "Hash Join"}, {"Node Type": "Hash", "Parent Relationship": "Inner", "Parallel Aware": false, "Startup Cost": 1455.0, "Total Cost": 1455.0, "Plan Rows": 2772, "Plan Width": 10, "Actual Startup Time": 34.268, "Actual Total Time": 34.269, "Actual Rows": 2772, "Actual Loops": 1, "Output": ["item.i_wholesale_cost", "item.i_item_sk"], "Hash Buckets": 4096, "Original Hash Buckets": 4096, "Hash Batches": 1, "Original Hash Batches": 1, "Peak Memory Usage": 152, "Shared Hit Blocks": 0, "Shared Read Blocks": 1230, "Shared Dirtied Blocks": 0, "Shared Written Blocks": 0, "Local Hit Blocks": 0, "Local Read Blocks": 0, "Local Dirtied Blocks": 0, "Local Written Blocks": 0, "Temp Read Blocks": 0, "Temp Written Blocks": 0, "I/O Read Time": 28.278, "I/O Write Time": 0.0, "Plans": [{"Node Type": "Seq Scan", "Parent Relationship": "Outer", "Parallel Aware": false, "Relation Name": "item", "Schema": "public", "Alias": "item", "Startup Cost": 0.0, "Total Cost": 1455.0, "Plan Rows": 2772, "Plan Width": 10, "Actual Startup Time": 0.456, "Actual Total Time": 32.757, "Actual Rows": 2772, "Actual Loops": 1, "Output": ["item.i_wholesale_cost", "item.i_item_sk"], "Filter": "(item.i_class_id <= 1)", "Rows Removed by Filter": 15228, "Shared Hit Blocks": 0, "Shared Read Blocks": 1230, "Shared Dirtied Blocks": 0, "Shared Written Blocks": 0, "Local Hit Blocks": 0, "Local Read Blocks": 0, "Local Dirtied Blocks": 0, "Local Written Blocks": 0, "Temp Read Blocks": 0, "Temp Written Blocks": 0, "I/O Read Time": 28.278, "I/O Write Time": 0.0, "parent": "Hash"}], "parent": "Hash Join"}], "parent": "Sort"}], "parent": "None"}, "Planning": {"Shared Hit Blocks": 115, "Shared Read Blocks": 20, "Shared Dirtied Blocks": 0, "Shared Written Blocks": 0, "Local Hit Blocks": 0, "Local Read Blocks": 0, "Local Dirtied Blocks": 0, "Local Written Blocks": 0, "Temp Read Blocks": 0, "Temp Written Blocks": 0, "I/O Read Time": 7.084, "I/O Write Time": 0.0}, "Planning Time": 8.279, "Triggers": [], "Execution Time": 5672.11}, "config": {}}
{"query": "EXPLAIN (ANALYZE, COSTS, BUFFERS, VERBOSE, FORMAT JSON) select customer.c_first_shipto_date_sk, customer_demographics.cd_dep_count from customer_demographics join customer on customer.c_current_cdemo_sk=customer_demographics.cd_demo_sk where customer.c_last_review_date_sk >= 2452586 order by customer_demographics.cd_dep_count DESC, customer.c_first_shipto_date_sk DESC;", "planinfo": {"Plan": {"Node Type": "Sort", "Parallel Aware": false, "Startup Cost": 53730.56, "Total Cost": 53770.6, "Plan Rows": 16017, "Plan Width": 8, "Actual Startup Time": 789.394, "Actual Total Time": 790.583, "Actual Rows": 16087, "Actual Loops": 1, "Output": ["customer.c_first_shipto_date_sk", "customer_demographics.cd_dep_count"], "Sort Key": ["customer_demographics.cd_dep_count DESC", "customer.c_first_shipto_date_sk DESC"], "Sort Method": "quicksort", "Sort Space Used": 1264, "Sort Space Type": "Memory", "Shared Hit Blocks": 3, "Shared Read Blocks": 24596, "Shared Dirtied Blocks": 0, "Shared Written Blocks": 0, "Local Hit Blocks": 0, "Local Read Blocks": 0, "Local Dirtied Blocks": 0, "Local Written Blocks": 0, "Temp Read Blocks": 0, "Temp Written Blocks": 0, "I/O Read Time": 260.645, "I/O Write Time": 0.0, "Plans": [{"Node Type": "Hash Join", "Parent Relationship": "Outer", "Parallel Aware": false, "Join Type": "Inner", "Startup Cost": 4218.21, "Total Cost": 52611.98, "Plan Rows": 16017, "Plan Width": 8, "Actual Startup Time": 78.584, "Actual Total Time": 776.714, "Actual Rows": 16087, "Actual Loops": 1, "Output": ["customer.c_first_shipto_date_sk", "customer_demographics.cd_dep_count"], "Inner Unique": false, "Hash Cond": "(customer_demographics.cd_demo_sk = customer.c_current_cdemo_sk)", "Shared Hit Blocks": 0, "Shared Read Blocks": 24596, "Shared Dirtied Blocks": 0, "Shared Written Blocks": 0, "Local Hit Blocks": 0, "Local Read Blocks": 0, "Local Dirtied Blocks": 0, "Local Written Blocks": 0, "Temp Read Blocks": 0, "Temp Written Blocks": 0, "I/O Read Time": 260.645, "I/O Write Time": 0.0, "Plans": [{"Node Type": "Seq Scan", "Parent Relationship": "Outer", "Parallel Aware": false, "Relation Name": "customer_demographics", "Schema": "public", "Alias": "customer_demographics", "Startup Cost": 0.0, "Total Cost": 41036.0, "Plan Rows": 1920800, "Plan Width": 8, "Actual Startup Time": 0.46, "Actual Total Time": 380.845, "Actual Rows": 1920800, "Actual Loops": 1, "Output": ["customer_demographics.cd_demo_sk", "customer_demographics.cd_gender", "customer_demographics.cd_marital_status", "customer_demographics.cd_education_status", "customer_demographics.cd_purchase_estimate", "customer_demographics.cd_credit_rating", "customer_demographics.cd_dep_count", "customer_demographics.cd_dep_employed_count", "customer_demographics.cd_dep_college_count"], "Shared Hit Blocks": 0, "Shared Read Blocks": 21828, "Shared Dirtied Blocks": 0, "Shared Written Blocks": 0, "Local Hit Blocks": 0, "Local Read Blocks": 0, "Local Dirtied Blocks": 0, "Local Written Blocks": 0, "Temp Read Blocks": 0, "Temp Written Blocks": 0, "I/O Read Time": 211.604, "I/O Write Time": 0.0, "parent": "Hash Join"}, {"Node Type": "Hash", "Parent Relationship": "Inner", "Parallel Aware": false, "Startup Cost": 4018.0, "Total Cost": 4018.0, "Plan Rows": 16017, "Plan Width": 8, "Actual Startup Time": 78.001, "Actual Total Time": 78.003, "Actual Rows": 16087, "Actual Loops": 1, "Output": ["customer.c_first_shipto_date_sk", "customer.c_current_cdemo_sk"], "Hash Buckets": 16384, "Original Hash Buckets": 16384, "Hash Batches": 1, "Original Hash Batches": 1, "Peak Memory Usage": 756, "Shared Hit Blocks": 0, "Shared Read Blocks": 2768, "Shared Dirtied Blocks": 0, "Shared Written Blocks": 0, "Local Hit Blocks": 0, "Local Read Blocks": 0, "Local Dirtied Blocks": 0, "Local Written Blocks": 0, "Temp Read Blocks": 0, "Temp Written Blocks": 0, "I/O Read Time": 49.041, "I/O Write Time": 0.0, "Plans": [{"Node Type": "Seq Scan", "Parent Relationship": "Outer", "Parallel Aware": false, "Relation Name": "customer", "Schema": "public", "Alias": "customer", "Startup Cost": 0.0, "Total Cost": 4018.0, "Plan Rows": 16017, "Plan Width": 8, "Actual Startup Time": 0.472, "Actual Total Time": 72.993, "Actual Rows": 16414, "Actual Loops": 1, "Output": ["customer.c_first_shipto_date_sk", "customer.c_current_cdemo_sk"], "Filter": "(customer.c_last_review_date_sk >= 2452586)", "Rows Removed by Filter": 83586, "Shared Hit Blocks": 0, "Shared Read Blocks": 2768, "Shared Dirtied Blocks": 0, "Shared Written Blocks": 0, "Local Hit Blocks": 0, "Local Read Blocks": 0, "Local Dirtied Blocks": 0, "Local Written Blocks": 0, "Temp Read Blocks": 0, "Temp Written Blocks": 0, "I/O Read Time": 49.041, "I/O Write Time": 0.0, "parent": "Hash"}], "parent": "Hash Join"}], "parent": "Sort"}], "parent": "None"}, "Planning": {"Shared Hit Blocks": 103, "Shared Read Blocks": 21, "Shared Dirtied Blocks": 0, "Shared Written Blocks": 0, "Local Hit Blocks": 0, "Local Read Blocks": 0, "Local Dirtied Blocks": 0, "Local Written Blocks": 0, "Temp Read Blocks": 0, "Temp Written Blocks": 0, "I/O Read Time": 7.426, "I/O Write Time": 0.0}, "Planning Time": 8.816, "Triggers": [], "Execution Time": 791.703}, "config": {}}
{"query": "EXPLAIN (ANALYZE, COSTS, BUFFERS, VERBOSE, FORMAT JSON) select web_returns.wr_returned_time_sk, customer_demographics.cd_purchase_estimate from web_returns join customer_demographics on customer_demographics.cd_demo_sk=web_returns.wr_refunded_cdemo_sk where web_returns.wr_order_number < 24590 order by web_returns.wr_returned_time_sk DESC, customer_demographics.cd_purchase_estimate DESC;", "planinfo": {"Plan": {"Node Type": "Sort", "Parallel Aware": false, "Startup Cost": 53281.29, "Total Cost": 53354.5, "Plan Rows": 29282, "Plan Width": 8, "Actual Startup Time": 777.501, "Actual Total Time": 780.141, "Actual Rows": 27864, "Actual Loops": 1, "Output": ["web_returns.wr_returned_time_sk", "customer_demographics.cd_purchase_estimate"], "Sort Key": ["web_returns.wr_returned_time_sk DESC", "customer_demographics.cd_purchase_estimate DESC"], "Sort Method": "quicksort", "Sort Space Used": 2292, "Sort Space Type": "Memory", "Shared Hit Blocks": 3, "Shared Read Blocks": 23155, "Shared Dirtied Blocks": 0, "Shared Written Blocks": 0, "Local Hit Blocks": 0, "Local Read Blocks": 0, "Local Dirtied Blocks": 0, "Local Written Blocks": 0, "Temp Read Blocks": 0, "Temp Written Blocks": 0, "I/O Read Time": 239.371, "I/O Write Time": 0.0, "Plans": [{"Node Type": "Hash Join", "Parent Relationship": "Outer", "Parallel Aware": false, "Join Type": "Inner", "Startup Cost": 2590.06, "Total Cost": 51108.9, "Plan Rows": 29282, "Plan Width": 8, "Actual Startup Time": 49.099, "Actual Total Time": 762.38, "Actual Rows": 27864, "Actual Loops": 1, "Output": ["web_returns.wr_returned_time_sk", "customer_demographics.cd_purchase_estimate"], "Inner Unique": false, "Hash Cond": "(customer_demographics.cd_demo_sk = web_returns.wr_refunded_cdemo_sk)", "Shared Hit Blocks": 0, "Shared Read Blocks": 23155, "Shared Dirtied Blocks": 0, "Shared Written Blocks": 0, "Local Hit Blocks": 0, "Local Read Blocks": 0, "Local Dirtied Blocks": 0, "Local Written Blocks": 0, "Temp Read Blocks": 0, "Temp Written Blocks": 0, "I/O Read Time": 239.371, "I/O Write Time": 0.0, "Plans": [{"Node Type": "Seq Scan", "Parent Relationship": "Outer", "Parallel Aware": false, "Relation Name": "customer_demographics", "Schema": "public", "Alias": "customer_demographics", "Startup Cost": 0.0, "Total Cost": 41036.0, "Plan Rows": 1920800, "Plan Width": 8, "Actual Startup Time": 0.463, "Actual Total Time": 382.906, "Actual Rows": 1920800, "Actual Loops": 1, "Output": ["customer_demographics.cd_demo_sk", "customer_demographics.cd_gender", "customer_demographics.cd_marital_status", "customer_demographics.cd_education_status", "customer_demographics.cd_purchase_estimate", "customer_demographics.cd_credit_rating", "customer_demographics.cd_dep_count", "customer_demographics.cd_dep_employed_count", "customer_demographics.cd_dep_college_count"], "Shared Hit Blocks": 0, "Shared Read Blocks": 21828, "Shared Dirtied Blocks": 0, "Shared Written Blocks": 0, "Local Hit Blocks": 0, "Local Read Blocks": 0, "Local Dirtied Blocks": 0, "Local Written Blocks": 0, "Temp Read Blocks": 0, "Temp Written Blocks": 0, "I/O Read Time": 214.714, "I/O Write Time": 0.0, "parent": "Hash Join"}, {"Node Type": "Hash", "Parent Relationship": "Inner", "Parallel Aware": false, "Startup Cost": 2224.04, "Total Cost": 2224.04, "Plan Rows": 29282, "Plan Width": 8, "Actual Startup Time": 47.996, "Actual Total Time": 47.997, "Actual Rows": 27864, "Actual Loops": 1, "Output": ["web_returns.wr_returned_time_sk", "web_returns.wr_refunded_cdemo_sk"], "Hash Buckets": 32768, "Original Hash Buckets": 32768, "Hash Batches": 1, "Original Hash Batches": 1, "Peak Memory Usage": 1342, "Shared Hit Blocks": 0, "Shared Read Blocks": 1327, "Shared Dirtied Blocks": 0, "Shared Written Blocks": 0, "Local Hit Blocks": 0, "Local Read Blocks": 0, "Local Dirtied Blocks": 0, "Local Written Blocks": 0, "Temp Read Blocks": 0, "Temp Written Blocks": 0, "I/O Read Time": 24.657, "I/O Write Time": 0.0, "Plans": [{"Node Type": "Seq Scan", "Parent Relationship": "Outer", "Parallel Aware": false, "Relation Name": "web_returns", "Schema": "public", "Alias": "web_returns", "Startup Cost": 0.0, "Total Cost": 2224.04, "Plan Rows": 29282, "Plan Width": 8, "Actual Startup Time": 0.454, "Actual Total Time": 40.326, "Actual Rows": 29172, "Actual Loops": 1, "Output": ["web_returns.wr_returned_time_sk", "web_returns.wr_refunded_cdemo_sk"], "Filter": "(web_returns.wr_order_number < 24590)", "Rows Removed by Filter": 42591, "Shared Hit Blocks": 0, "Shared Read Blocks": 1327, "Shared Dirtied Blocks": 0, "Shared Written Blocks": 0, "Local Hit Blocks": 0, "Local Read Blocks": 0, "Local Dirtied Blocks": 0, "Local Written Blocks": 0, "Temp Read Blocks": 0, "Temp Written Blocks": 0, "I/O Read Time": 24.657, "I/O Write Time": 0.0, "parent": "Hash"}], "parent": "Hash Join"}], "parent": "Sort"}], "parent": "None"}, "Planning": {"Shared Hit Blocks": 93, "Shared Read Blocks": 20, "Shared Dirtied Blocks": 0, "Shared Written Blocks": 0, "Local Hit Blocks": 0, "Local Read Blocks": 0, "Local Dirtied Blocks": 0, "Local Written Blocks": 0, "Temp Read Blocks": 0, "Temp Written Blocks": 0, "I/O Read Time": 7.903, "I/O Write Time": 0.0}, "Planning Time": 9.092, "Triggers": [], "Execution Time": 782.106}, "config": {}}
{"query": "EXPLAIN (ANALYZE, COSTS, BUFFERS, VERBOSE, FORMAT JSON) select date_dim.d_last_dom, web_sales.ws_net_paid_inc_ship_tax from date_dim join web_sales on web_sales.ws_sold_date_sk=date_dim.d_date_sk where date_dim.d_dom > 12;", "planinfo": {"Plan": {"Node Type": "Hash Join", "Parallel Aware": false, "Join Type": "Inner", "Startup Cost": 2871.98, "Total Cost": 30721.31, "Plan Rows": 436353, "Plan Width": 11, "Actual Startup Time": 55.04, "Actual Total Time": 621.571, "Actual Rows": 436521, "Actual Loops": 1, "Output": ["date_dim.d_last_dom", "web_sales.ws_net_paid_inc_ship_tax"], "Inner Unique": true, "Hash Cond": "(web_sales.ws_sold_date_sk = date_dim.d_date_sk)", "Shared Hit Blocks": 3, "Shared Read Blocks": 20172, "Shared Dirtied Blocks": 0, "Shared Written Blocks": 0, "Local Hit Blocks": 0, "Local Read Blocks": 0, "Local Dirtied Blocks": 0, "Local Written Blocks": 0, "Temp Read Blocks": 0, "Temp Written Blocks": 0, "I/O Read Time": 264.12, "I/O Write Time": 0.0, "Plans": [{"Node Type": "Seq Scan", "Parent Relationship": "Outer", "Parallel Aware": false, "Relation Name": "web_sales", "Schema": "public", "Alias": "web_sales", "Startup Cost": 0.0, "Total Cost": 25960.84, "Plan Rows": 719384, "Plan Width": 11, "Actual Startup Time": 0.46, "Actual Total Time": 319.338, "Actual Rows": 719384, "Actual Loops": 1, "Output": ["web_sales.ws_sold_date_sk", "web_sales.ws_sold_time_sk", "web_sales.ws_ship_date_sk", "web_sales.ws_item_sk", "web_sales.ws_bill_customer_sk", "web_sales.ws_bill_cdemo_sk", "web_sales.ws_bill_hdemo_sk", "web_sales.ws_bill_addr_sk", "web_sales.ws_ship_customer_sk", "web_sales.ws_ship_cdemo_sk", "web_sales.ws_ship_hdemo_sk", "web_sales.ws_ship_addr_sk", "web_sales.ws_web_page_sk", "web_sales.ws_web_site_sk", "web_sales.ws_ship_mode_sk", "web_sales.ws_warehouse_sk", "web_sales.ws_promo_sk", "web_sales.ws_order_number", "web_sales.ws_quantity", "web_sales.ws_wholesale_cost", "web_sales.ws_list_price", "web_sales.ws_sales_price", "web_sales.ws_ext_discount_amt", "web_sales.ws_ext_sales_price", "web_sales.ws_ext_wholesale_cost", "web_sales.ws_ext_list_price", "web_sales.ws_ext_tax", "web_sales.ws_coupon_amt", "web_sales.ws_ext_ship_cost", "web_sales.ws_net_paid", "web_sales.ws_net_paid_inc_tax", "web_sales.ws_net_paid_inc_ship", "web_sales.ws_net_paid_inc_ship_tax", "web_sales.ws_net_profit"], "Shared Hit Blocks": 0, "Shared Read Blocks": 18767, "Shared Dirtied Blocks": 0, "Shared Written Blocks": 0, "Local Hit Blocks": 0, "Local Read Blocks": 0, "Local Dirtied Blocks": 0, "Local Written Blocks": 0, "Temp Read Blocks": 0, "Temp Written Blocks": 0, "I/O Read Time": 240.92, "I/O Write Time": 0.0, "parent": "Hash Join"}, {"Node Type": "Hash", "Parent Relationship": "Inner", "Parallel Aware": false, "Startup Cost": 2318.11, "Total Cost": 2318.11, "Plan Rows": 44309, "Plan Width": 8, "Actual Startup Time": 54.3, "Actual Total Time": 54.302, "Actual Rows": 44249, "Actual Loops": 1, "Output": ["date_dim.d_last_dom", "date_dim.d_date_sk"], "Hash Buckets": 65536, "Original Hash Buckets": 65536, "Hash Batches": 1, "Original Hash Batches": 1, "Peak Memory Usage": 2241, "Shared Hit Blocks": 0, "Shared Read Blocks": 1405, "Shared Dirtied Blocks": 0, "Shared Written Blocks": 0, "Local Hit Blocks": 0, "Local Read Blocks": 0, "Local Dirtied Blocks": 0, "Local Written Blocks": 0, "Temp Read Blocks": 0, "Temp Written Blocks": 0, "I/O Read Time": 23.2, "I/O Write Time": 0.0, "Plans": [{"Node Type": "Seq Scan", "Parent Relationship": "Outer", "Parallel Aware": false, "Relation Name": "date_dim", "Schema": "public", "Alias": "date_dim", "Startup Cost": 0.0, "Total Cost": 2318.11, "Plan Rows": 44309, "Plan Width": 8, "Actual Startup Time": 0.464, "Actual Total Time": 42.296, "Actual Rows": 44249, "Actual Loops": 1, "Output": ["date_dim.d_last_dom", "date_dim.d_date_sk"], "Filter": "(date_dim.d_dom > 12)", "Rows Removed by Filter": 28800, "Shared Hit Blocks": 0, "Shared Read Blocks": 1405, "Shared Dirtied Blocks": 0, "Shared Written Blocks": 0, "Local Hit Blocks": 0, "Local Read Blocks": 0, "Local Dirtied Blocks": 0, "Local Written Blocks": 0, "Temp Read Blocks": 0, "Temp Written Blocks": 0, "I/O Read Time": 23.2, "I/O Write Time": 0.0, "parent": "Hash"}], "parent": "Hash Join"}], "parent": "None"}, "Planning": {"Shared Hit Blocks": 146, "Shared Read Blocks": 21, "Shared Dirtied Blocks": 0, "Shared Written Blocks": 0, "Local Hit Blocks": 0, "Local Read Blocks": 0, "Local Dirtied Blocks": 0, "Local Written Blocks": 0, "Temp Read Blocks": 0, "Temp Written Blocks": 0, "I/O Read Time": 7.344, "I/O Write Time": 0.0}, "Planning Time": 8.641, "Triggers": [], "Execution Time": 644.382}, "config": {}}
{"query": "EXPLAIN (ANALYZE, COSTS, BUFFERS, VERBOSE, FORMAT JSON) select store_returns.sr_returned_date_sk, customer_demographics.cd_dep_college_count from store_returns join customer_demographics on customer_demographics.cd_demo_sk=store_returns.sr_cdemo_sk where store_returns.sr_cdemo_sk > 1535405 and store_returns.sr_store_sk <= 2;", "planinfo": {"Plan": {"Node Type": "Hash Join", "Parallel Aware": false, "Join Type": "Inner", "Startup Cost": 9331.47, "Total Cost": 57746.25, "Plan Rows": 18221, "Plan Width": 8, "Actual Startup Time": 699.311, "Actual Total Time": 843.888, "Actual Rows": 18140, "Actual Loops": 1, "Output": ["store_returns.sr_returned_date_sk", "customer_demographics.cd_dep_college_count"], "Inner Unique": false, "Hash Cond": "(customer_demographics.cd_demo_sk = store_returns.sr_cdemo_sk)", "Shared Hit Blocks": 3, "Shared Read Blocks": 26619, "Shared Dirtied Blocks": 0, "Shared Written Blocks": 0, "Local Hit Blocks": 0, "Local Read Blocks": 0, "Local Dirtied Blocks": 0, "Local Written Blocks": 0, "Temp Read Blocks": 0, "Temp Written Blocks": 0, "I/O Read Time": 319.912, "I/O Write Time": 0.0, "Plans": [{"Node Type": "Seq Scan", "Parent Relationship": "Outer", "Parallel Aware": false, "Relation Name": "customer_demographics", "Schema": "public", "Alias": "customer_demographics", "Startup Cost": 0.0, "Total Cost": 41036.0, "Plan Rows": 1920800, "Plan Width": 8, "Actual Startup Time": 0.462, "Actual Total Time": 410.787, "Actual Rows": 1920800, "Actual Loops": 1, "Output": ["customer_demographics.cd_demo_sk", "customer_demographics.cd_gender", "customer_demographics.cd_marital_status", "customer_demographics.cd_education_status", "customer_demographics.cd_purchase_estimate", "customer_demographics.cd_credit_rating", "customer_demographics.cd_dep_count", "customer_demographics.cd_dep_employed_count", "customer_demographics.cd_dep_college_count"], "Shared Hit Blocks": 0, "Shared Read Blocks": 21828, "Shared Dirtied Blocks": 0, "Shared Written Blocks": 0, "Local Hit Blocks": 0, "Local Read Blocks": 0, "Local Dirtied Blocks": 0, "Local Written Blocks": 0, "Temp Read Blocks": 0, "Temp Written Blocks": 0, "I/O Read Time": 240.764, "I/O Write Time": 0.0, "parent": "Hash Join"}, {"Node Type": "Hash", "Parent Relationship": "Inner", "Parallel Aware": false, "Startup Cost": 9103.71, "Total Cost": 9103.71, "Plan Rows": 18221, "Plan Width": 8, "Actual Startup Time": 132.019, "Actual Total Time": 132.02, "Actual Rows": 18140, "Actual Loops": 1, "Output": ["store_returns.sr_returned_date_sk", "store_returns.sr_cdemo_sk"], "Hash Buckets": 32768, "Original Hash Buckets": 32768, "Hash Batches": 1, "Original Hash Batches": 1, "Peak Memory Usage": 964, "Shared Hit Blocks": 0, "Shared Read Blocks": 4791, "Shared Dirtied Blocks": 0, "Shared Written Blocks": 0, "Local Hit Blocks": 0, "Local Read Blocks": 0, "Local Dirtied Blocks": 0, "Local Written Blocks": 0, "Temp Read Blocks": 0, "Temp Written Blocks": 0, "I/O Read Time": 79.148, "I/O Write Time": 0.0, "Plans": [{"Node Type": "Seq Scan", "Parent Relationship": "Outer", "Parallel Aware": false, "Relation Name": "store_returns", "Schema": "public", "Alias": "store_returns", "Startup Cost": 0.0, "Total Cost": 9103.71, "Plan Rows": 18221, "Plan Width": 8, "Actual Startup Time": 0.465, "Actual Total Time": 125.734, "Actual Rows": 18140, "Actual Loops": 1, "Output": ["store_returns.sr_returned_date_sk", "store_returns.sr_cdemo_sk"], "Filter": "((store_returns.sr_cdemo_sk > 1535405) AND (store_returns.sr_store_sk <= 2))", "Rows Removed by Filter": 269374, "Shared Hit Blocks": 0, "Shared Read Blocks": 4791, "Shared Dirtied Blocks": 0, "Shared Written Blocks": 0, "Local Hit Blocks": 0, "Local Read Blocks": 0, "Local Dirtied Blocks": 0, "Local Written Blocks": 0, "Temp Read Blocks": 0, "Temp Written Blocks": 0, "I/O Read Time": 79.148, "I/O Write Time": 0.0, "parent": "Hash"}], "parent": "Hash Join"}], "parent": "None"}, "Planning": {"Shared Hit Blocks": 104, "Shared Read Blocks": 21, "Shared Dirtied Blocks": 0, "Shared Written Blocks": 0, "Local Hit Blocks": 0, "Local Read Blocks": 0, "Local Dirtied Blocks": 0, "Local Written Blocks": 0, "Temp Read Blocks": 0, "Temp Written Blocks": 0, "I/O Read Time": 8.229, "I/O Write Time": 0.0}, "Planning Time": 9.433, "Triggers": [], "Execution Time": 845.091}, "config": {}}
{"query": "EXPLAIN (ANALYZE, COSTS, BUFFERS, VERBOSE, FORMAT JSON) select item.i_manufact_id, inventory.inv_item_sk from inventory join item on item.i_item_sk=inventory.inv_item_sk where item.i_manufact_id >= 514 and inventory.inv_warehouse_sk < 3 and inventory.inv_quantity_on_hand = 49;", "planinfo": {"Plan": {"Node Type": "Hash Join", "Parallel Aware": false, "Join Type": "Inner", "Startup Cost": 1509.11, "Total Cost": 241181.22, "Plan Rows": 1072, "Plan Width": 8, "Actual Startup Time": 33.445, "Actual Total Time": 3511.772, "Actual Rows": 1116, "Actual Loops": 1, "Output": ["item.i_manufact_id", "inventory.inv_item_sk"], "Inner Unique": true, "Hash Cond": "(inventory.inv_item_sk = item.i_item_sk)", "Shared Hit Blocks": 3, "Shared Read Blocks": 64717, "Shared Dirtied Blocks": 0, "Shared Written Blocks": 0, "Local Hit Blocks": 0, "Local Read Blocks": 0, "Local Dirtied Blocks": 0, "Local Written Blocks": 0, "Temp Read Blocks": 0, "Temp Written Blocks": 0, "I/O Read Time": 2046.492, "I/O Write Time": 0.0, "Plans": [{"Node Type": "Seq Scan", "Parent Relationship": "Outer", "Parallel Aware": false, "Relation Name": "inventory", "Schema": "public", "Alias": "inventory", "Startup Cost": 0.0, "Total Cost": 239660.41, "Plan Rows": 4458, "Plan Width": 4, "Actual Startup Time": 0.903, "Actual Total Time": 3476.306, "Actual Rows": 4400, "Actual Loops": 1, "Output": ["inventory.inv_date_sk", "inventory.inv_item_sk", "inventory.inv_warehouse_sk", "inventory.inv_quantity_on_hand"], "Filter": "((inventory.inv_warehouse_sk < 3) AND (inventory.inv_quantity_on_hand = 49))", "Rows Removed by Filter": 11740600, "Shared Hit Blocks": 0, "Shared Read Blocks": 63487, "Shared Dirtied Blocks": 0, "Shared Written Blocks": 0, "Local Hit Blocks": 0, "Local Read Blocks": 0, "Local Dirtied Blocks": 0, "Local Written Blocks": 0, "Temp Read Blocks": 0, "Temp Written Blocks": 0, "I/O Read Time": 2020.695, "I/O Write Time": 0.0, "parent": "Hash Join"}, {"Node Type": "Hash", "Parent Relationship": "Inner", "Parallel Aware": false, "Startup Cost": 1455.0, "Total Cost": 1455.0, "Plan Rows": 4329, "Plan Width": 8, "Actual Startup Time": 32.473, "Actual Total Time": 32.476, "Actual Rows": 4318, "Actual Loops": 1, "Output": ["item.i_manufact_id", "item.i_item_sk"], "Hash Buckets": 8192, "Original Hash Buckets": 8192, "Hash Batches": 1, "Original Hash Batches": 1, "Peak Memory Usage": 233, "Shared Hit Blocks": 0, "Shared Read Blocks": 1230, "Shared Dirtied Blocks": 0, "Shared Written Blocks": 0, "Local Hit Blocks": 0, "Local Read Blocks": 0, "Local Dirtied Blocks": 0, "Local Written Blocks": 0, "Temp Read Blocks": 0, "Temp Written Blocks": 0, "I/O Read Time": 25.797, "I/O Write Time": 0.0, "Plans": [{"Node Type": "Seq Scan", "Parent Relationship": "Outer", "Parallel Aware": false, "Relation Name": "item", "Schema": "public", "Alias": "item", "Startup Cost": 0.0, "Total Cost": 1455.0, "Plan Rows": 4329, "Plan Width": 8, "Actual Startup Time": 0.501, "Actual Total Time": 30.787, "Actual Rows": 4318, "Actual Loops": 1, "Output": ["item.i_manufact_id", "item.i_item_sk"], "Filter": "(item.i_manufact_id >= 514)", "Rows Removed by Filter": 13682, "Shared Hit Blocks": 0, "Shared Read Blocks": 1230, "Shared Dirtied Blocks": 0, "Shared Written Blocks": 0, "Local Hit Blocks": 0, "Local Read Blocks": 0, "Local Dirtied Blocks": 0, "Local Written Blocks": 0, "Temp Read Blocks": 0, "Temp Written Blocks": 0, "I/O Read Time": 25.797, "I/O Write Time": 0.0, "parent": "Hash"}], "parent": "Hash Join"}], "parent": "None"}, "Planning": {"Shared Hit Blocks": 111, "Shared Read Blocks": 18, "Shared Dirtied Blocks": 0, "Shared Written Blocks": 0, "Local Hit Blocks": 0, "Local Read Blocks": 0, "Local Dirtied Blocks": 0, "Local Written Blocks": 0, "Temp Read Blocks": 0, "Temp Written Blocks": 0, "I/O Read Time": 7.317, "I/O Write Time": 0.0}, "Planning Time": 8.505, "Triggers": [], "Execution Time": 3512.027}, "config": {}}
{"query": "EXPLAIN (ANALYZE, COSTS, BUFFERS, VERBOSE, FORMAT JSON) select catalog_sales.cs_call_center_sk, household_demographics.hd_dep_count from catalog_sales join household_demographics on household_demographics.hd_demo_sk=catalog_sales.cs_bill_hdemo_sk where household_demographics.hd_income_band_sk <= 12 order by household_demographics.hd_dep_count ASC, catalog_sales.cs_call_center_sk DESC;", "planinfo": {"Plan": {"Node Type": "Sort", "Parallel Aware": false, "Startup Cost": 152916.55, "Total Cost": 155078.77, "Plan Rows": 864887, "Plan Width": 8, "Actual Startup Time": 1616.735, "Actual Total Time": 1760.944, "Actual Rows": 857283, "Actual Loops": 1, "Output": ["catalog_sales.cs_call_center_sk", "household_demographics.hd_dep_count"], "Sort Key": ["household_demographics.hd_dep_count", "catalog_sales.cs_call_center_sk DESC"], "Sort Method": "external merge", "Sort Space Used": 15176, "Sort Space Type": "Disk", "Shared Hit Blocks": 3, "Shared Read Blocks": 37458, "Shared Dirtied Blocks": 0, "Shared Written Blocks": 0, "Local Hit Blocks": 0, "Local Read Blocks": 0, "Local Dirtied Blocks": 0, "Local Written Blocks": 0, "Temp Read Blocks": 2343, "Temp Written Blocks": 2360, "I/O Read Time": 691.845, "I/O Write Time": 0.0, "Plans": [{"Node Type": "Hash Join", "Parent Relationship": "Outer", "Parallel Aware": false, "Join Type": "Inner", "Startup Cost": 197.0, "Total Cost": 55802.89, "Plan Rows": 864887, "Plan Width": 8, "Actual Startup Time": 4.936, "Actual Total Time": 1281.363, "Actual Rows": 857283, "Actual Loops": 1, "Output": ["catalog_sales.cs_call_center_sk", "household_demographics.hd_dep_count"], "Inner Unique": true, "Hash Cond": "(catalog_sales.cs_bill_hdemo_sk = household_demographics.hd_demo_sk)", "Shared Hit Blocks": 0, "Shared Read Blocks": 37458, "Shared Dirtied Blocks": 0, "Shared Written Blocks": 0, "Local Hit Blocks": 0, "Local Read Blocks": 0, "Local Dirtied Blocks": 0, "Local Written Blocks": 0, "Temp Read Blocks": 0, "Temp Written Blocks": 0, "I/O Read Time": 691.845, "I/O Write Time": 0.0, "Plans": [{"Node Type": "Seq Scan", "Parent Relationship": "Outer", "Parallel Aware": false, "Relation Name": "catalog_sales", "Schema": "public", "Alias": "catalog_sales", "Startup Cost": 0.0, "Total Cost": 51819.79, "Plan Rows": 1441479, "Plan Width": 8, "Actual Startup Time": 0.456, "Actual Total Time": 846.354, "Actual Rows": 1441548, "Actual Loops": 1, "Output": ["catalog_sales.cs_sold_date_sk", "catalog_sales.cs_sold_time_sk", "catalog_sales.cs_ship_date_sk", "catalog_sales.cs_bill_customer_sk", "catalog_sales.cs_bill_cdemo_sk", "catalog_sales.cs_bill_hdemo_sk", "catalog_sales.cs_bill_addr_sk", "catalog_sales.cs_ship_customer_sk", "catalog_sales.cs_ship_cdemo_sk", "catalog_sales.cs_ship_hdemo_sk", "catalog_sales.cs_ship_addr_sk", "catalog_sales.cs_call_center_sk", "catalog_sales.cs_catalog_page_sk", "catalog_sales.cs_ship_mode_sk", "catalog_sales.cs_warehouse_sk", "catalog_sales.cs_item_sk", "catalog_sales.cs_promo_sk", "catalog_sales.cs_order_number", "catalog_sales.cs_quantity", "catalog_sales.cs_wholesale_cost", "catalog_sales.cs_list_price", "catalog_sales.cs_sales_price", "catalog_sales.cs_ext_discount_amt", "catalog_sales.cs_ext_sales_price", "catalog_sales.cs_ext_wholesale_cost", "catalog_sales.cs_ext_list_price", "catalog_sales.cs_ext_tax", "catalog_sales.cs_coupon_amt", "catalog_sales.cs_ext_ship_cost", "catalog_sales.cs_net_paid", "catalog_sales.cs_net_paid_inc_tax", "catalog_sales.cs_net_paid_inc_ship", "catalog_sales.cs_net_paid_inc_ship_tax", "catalog_sales.cs_net_profit"], "Shared Hit Blocks": 0, "Shared Read Blocks": 37405, "Shared Dirtied Blocks": 0, "Shared Written Blocks": 0, "Local Hit Blocks": 0, "Local Read Blocks": 0, "Local Dirtied Blocks": 0, "Local Written Blocks": 0, "Temp Read Blocks": 0, "Temp Written Blocks": 0, "I/O Read Time": 690.283, "I/O Write Time": 0.0, "parent": "Hash Join"}, {"Node Type": "Hash", "Parent Relationship": "Inner", "Parallel Aware": false, "Startup Cost": 143.0, "Total Cost": 143.0, "Plan Rows": 4320, "Plan Width": 8, "Actual Startup Time": 4.451, "Actual Total Time": 4.454, "Actual Rows": 4320, "Actual Loops": 1, "Output": ["household_demographics.hd_dep_count", "household_demographics.hd_demo_sk"], "Hash Buckets": 8192, "Original Hash Buckets": 8192, "Hash Batches": 1, "Original Hash Batches": 1, "Peak Memory Usage": 233, "Shared Hit Blocks": 0, "Shared Read Blocks": 53, "Shared Dirtied Blocks": 0, "Shared Written Blocks": 0, "Local Hit Blocks": 0, "Local Read Blocks": 0, "Local Dirtied Blocks": 0, "Local Written Blocks": 0, "Temp Read Blocks": 0, "Temp Written Blocks": 0, "I/O Read Time": 1.562, "I/O Write Time": 0.0, "Plans": [{"Node Type": "Seq Scan", "Parent Relationship": "Outer", "Parallel Aware": false, "Relation Name": "household_demographics", "Schema": "public", "Alias": "household_demographics", "Startup Cost": 0.0, "Total Cost": 143.0, "Plan Rows": 4320, "Plan Width": 8, "Actual Startup Time": 0.453, "Actual Total Time": 2.914, "Actual Rows": 4320, "Actual Loops": 1, "Output": ["household_demographics.hd_dep_count", "household_demographics.hd_demo_sk"], "Filter": "(household_demographics.hd_income_band_sk <= 12)", "Rows Removed by Filter": 2880, "Shared Hit Blocks": 0, "Shared Read Blocks": 53, "Shared Dirtied Blocks": 0, "Shared Written Blocks": 0, "Local Hit Blocks": 0, "Local Read Blocks": 0, "Local Dirtied Blocks": 0, "Local Written Blocks": 0, "Temp Read Blocks": 0, "Temp Written Blocks": 0, "I/O Read Time": 1.562, "I/O Write Time": 0.0, "parent": "Hash"}], "parent": "Hash Join"}], "parent": "Sort"}], "parent": "None"}, "Planning": {"Shared Hit Blocks": 92, "Shared Read Blocks": 14, "Shared Dirtied Blocks": 0, "Shared Written Blocks": 0, "Local Hit Blocks": 0, "Local Read Blocks": 0, "Local Dirtied Blocks": 0, "Local Written Blocks": 0, "Temp Read Blocks": 0, "Temp Written Blocks": 0, "I/O Read Time": 4.699, "I/O Write Time": 0.0}, "Planning Time": 5.75, "Triggers": [], "Execution Time": 1801.572}, "config": {}}
{"query": "EXPLAIN (ANALYZE, COSTS, BUFFERS, VERBOSE, FORMAT JSON) select web_returns.wr_returning_addr_sk, customer.c_current_cdemo_sk from web_returns join customer on customer.c_customer_sk=web_returns.wr_refunded_customer_sk where web_returns.wr_return_quantity <= 9;", "planinfo": {"Plan": {"Node Type": "Hash Join", "Parallel Aware": false, "Join Type": "Inner", "Startup Cost": 2478.14, "Total Cost": 8315.25, "Plan Rows": 20328, "Plan Width": 8, "Actual Startup Time": 49.329, "Actual Total Time": 128.381, "Actual Rows": 20201, "Actual Loops": 1, "Output": ["web_returns.wr_returning_addr_sk", "customer.c_current_cdemo_sk"], "Inner Unique": false, "Hash Cond": "(customer.c_customer_sk = web_returns.wr_refunded_customer_sk)", "Shared Hit Blocks": 3, "Shared Read Blocks": 4095, "Shared Dirtied Blocks": 0, "Shared Written Blocks": 0, "Local Hit Blocks": 0, "Local Read Blocks": 0, "Local Dirtied Blocks": 0, "Local Written Blocks": 0, "Temp Read Blocks": 0, "Temp Written Blocks": 0, "I/O Read Time": 72.6, "I/O Write Time": 0.0, "Plans": [{"Node Type": "Seq Scan", "Parent Relationship": "Outer", "Parallel Aware": false, "Relation Name": "customer", "Schema": "public", "Alias": "customer", "Startup Cost": 0.0, "Total Cost": 3768.0, "Plan Rows": 100000, "Plan Width": 8, "Actual Startup Time": 0.46, "Actual Total Time": 55.901, "Actual Rows": 100000, "Actual Loops": 1, "Output": ["customer.c_customer_sk", "customer.c_customer_id", "customer.c_current_cdemo_sk", "customer.c_current_hdemo_sk", "customer.c_current_addr_sk", "customer.c_first_shipto_date_sk", "customer.c_first_sales_date_sk", "customer.c_salutation", "customer.c_first_name", "customer.c_last_name", "customer.c_preferred_cust_flag", "customer.c_birth_day", "customer.c_birth_month", "customer.c_birth_year", "customer.c_birth_country", "customer.c_login", "customer.c_email_address", "customer.c_last_review_date_sk"], "Shared Hit Blocks": 0, "Shared Read Blocks": 2768, "Shared Dirtied Blocks": 0, "Shared Written Blocks": 0, "Local Hit Blocks": 0, "Local Read Blocks": 0, "Local Dirtied Blocks": 0, "Local Written Blocks": 0, "Temp Read Blocks": 0, "Temp Written Blocks": 0, "I/O Read Time": 45.149, "I/O Write Time": 0.0, "parent": "Hash Join"}, {"Node Type": "Hash", "Parent Relationship": "Inner", "Parallel Aware": false, "Startup Cost": 2224.04, "Total Cost": 2224.04, "Plan Rows": 20328, "Plan Width": 8, "Actual Startup Time": 48.708, "Actual Total Time": 48.71, "Actual Rows": 20201, "Actual Loops": 1, "Output": ["web_returns.wr_returning_addr_sk", "web_returns.wr_refunded_customer_sk"], "Hash Buckets": 32768, "Original Hash Buckets": 32768, "Hash Batches": 1, "Original Hash Batches": 1, "Peak Memory Usage": 1045, "Shared Hit Blocks": 0, "Shared Read Blocks": 1327, "Shared Dirtied Blocks": 0, "Shared Written Blocks": 0, "Local Hit Blocks": 0, "Local Read Blocks": 0, "Local Dirtied Blocks": 0, "Local Written Blocks": 0, "Temp Read Blocks": 0, "Temp Written Blocks": 0, "I/O Read Time": 27.451, "I/O Write Time": 0.0, "Plans": [{"Node Type": "Seq Scan", "Parent Relationship": "Outer", "Parallel Aware": false, "Relation Name": "web_returns", "Schema": "public", "Alias": "web_returns", "Startup Cost": 0.0, "Total Cost": 2224.04, "Plan Rows": 20328, "Plan Width": 8, "Actual Startup Time": 0.46, "Actual Total Time": 42.798, "Actual Rows": 20683, "Actual Loops": 1, "Output": ["web_returns.wr_returning_addr_sk", "web_returns.wr_refunded_customer_sk"], "Filter": "(web_returns.wr_return_quantity <= 9)", "Rows Removed by Filter": 51080, "Shared Hit Blocks": 0, "Shared Read Blocks": 1327, "Shared Dirtied Blocks": 0, "Shared Written Blocks": 0, "Local Hit Blocks": 0, "Local Read Blocks": 0, "Local Dirtied Blocks": 0, "Local Written Blocks": 0, "Temp Read Blocks": 0, "Temp Written Blocks": 0, "I/O Read Time": 27.451, "I/O Write Time": 0.0, "parent": "Hash"}], "parent": "Hash Join"}], "parent": "None"}, "Planning": {"Shared Hit Blocks": 101, "Shared Read Blocks": 21, "Shared Dirtied Blocks": 0, "Shared Written Blocks": 0, "Local Hit Blocks": 0, "Local Read Blocks": 0, "Local Dirtied Blocks": 0, "Local Written Blocks": 0, "Temp Read Blocks": 0, "Temp Written Blocks": 0, "I/O Read Time": 8.05, "I/O Write Time": 0.0}, "Planning Time": 9.278, "Triggers": [], "Execution Time": 129.66}, "config": {}}
{"query": "EXPLAIN (ANALYZE, COSTS, BUFFERS, VERBOSE, FORMAT JSON) select catalog_sales.cs_catalog_page_sk, item.i_manufact_id from item join catalog_sales on catalog_sales.cs_item_sk=item.i_item_sk where item.i_manager_id >= 87;", "planinfo": {"Plan": {"Node Type": "Hash Join", "Parallel Aware": false, "Join Type": "Inner", "Startup Cost": 1464.45, "Total Cost": 57069.01, "Plan Rows": 60542, "Plan Width": 8, "Actual Startup Time": 31.861, "Actual Total Time": 1654.604, "Actual Rows": 60380, "Actual Loops": 1, "Output": ["catalog_sales.cs_catalog_page_sk", "item.i_manufact_id"], "Inner Unique": true, "Hash Cond": "(catalog_sales.cs_item_sk = item.i_item_sk)", "Shared Hit Blocks": 3, "Shared Read Blocks": 38635, "Shared Dirtied Blocks": 0, "Shared Written Blocks": 0, "Local Hit Blocks": 0, "Local Read Blocks": 0, "Local Dirtied Blocks": 0, "Local Written Blocks": 0, "Temp Read Blocks": 0, "Temp Written Blocks": 0, "I/O Read Time": 1186.043, "I/O Write Time": 0.0, "Plans": [{"Node Type": "Seq Scan", "Parent Relationship": "Outer", "Parallel Aware": false, "Relation Name": "catalog_sales", "Schema": "public", "Alias": "catalog_sales", "Startup Cost": 0.0, "Total Cost": 51819.79, "Plan Rows": 1441479, "Plan Width": 8, "Actual Startup Time": 0.468, "Actual Total Time": 1310.466, "Actual Rows": 1441548, "Actual Loops": 1, "Output": ["catalog_sales.cs_sold_date_sk", "catalog_sales.cs_sold_time_sk", "catalog_sales.cs_ship_date_sk", "catalog_sales.cs_bill_customer_sk", "catalog_sales.cs_bill_cdemo_sk", "catalog_sales.cs_bill_hdemo_sk", "catalog_sales.cs_bill_addr_sk", "catalog_sales.cs_ship_customer_sk", "catalog_sales.cs_ship_cdemo_sk", "catalog_sales.cs_ship_hdemo_sk", "catalog_sales.cs_ship_addr_sk", "catalog_sales.cs_call_center_sk", "catalog_sales.cs_catalog_page_sk", "catalog_sales.cs_ship_mode_sk", "catalog_sales.cs_warehouse_sk", "catalog_sales.cs_item_sk", "catalog_sales.cs_promo_sk", "catalog_sales.cs_order_number", "catalog_sales.cs_quantity", "catalog_sales.cs_wholesale_cost", "catalog_sales.cs_list_price", "catalog_sales.cs_sales_price", "catalog_sales.cs_ext_discount_amt", "catalog_sales.cs_ext_sales_price", "catalog_sales.cs_ext_wholesale_cost", "catalog_sales.cs_ext_list_price", "catalog_sales.cs_ext_tax", "catalog_sales.cs_coupon_amt", "catalog_sales.cs_ext_ship_cost", "catalog_sales.cs_net_paid", "catalog_sales.cs_net_paid_inc_tax", "catalog_sales.cs_net_paid_inc_ship", "catalog_sales.cs_net_paid_inc_ship_tax", "catalog_sales.cs_net_profit"], "Shared Hit Blocks": 0, "Shared Read Blocks": 37405, "Shared Dirtied Blocks": 0, "Shared Written Blocks": 0, "Local Hit Blocks": 0, "Local Read Blocks": 0, "Local Dirtied Blocks": 0, "Local Written Blocks": 0, "Temp Read Blocks": 0, "Temp Written Blocks": 0, "I/O Read Time": 1160.713, "I/O Write Time": 0.0, "parent": "Hash Join"}, {"Node Type": "Hash", "Parent Relationship": "Inner", "Parallel Aware": false, "Startup Cost": 1455.0, "Total Cost": 1455.0, "Plan Rows": 756, "Plan Width": 8, "Actual Startup Time": 31.339, "Actual Total Time": 31.341, "Actual Rows": 756, "Actual Loops": 1, "Output": ["item.i_manufact_id", "item.i_item_sk"], "Hash Buckets": 1024, "Original Hash Buckets": 1024, "Hash Batches": 1, "Original Hash Batches": 1, "Peak Memory Usage": 38, "Shared Hit Blocks": 0, "Shared Read Blocks": 1230, "Shared Dirtied Blocks": 0, "Shared Written Blocks": 0, "Local Hit Blocks": 0, "Local Read Blocks": 0, "Local Dirtied Blocks": 0, "Local Written Blocks": 0, "Temp Read Blocks": 0, "Temp Written Blocks": 0, "I/O Read Time": 25.33, "I/O Write Time": 0.0, "Plans": [{"Node Type": "Seq Scan", "Parent Relationship": "Outer", "Parallel Aware": false, "Relation Name": "item", "Schema": "public", "Alias": "item", "Startup Cost": 0.0, "Total Cost": 1455.0, "Plan Rows": 756, "Plan Width": 8, "Actual Startup Time": 0.457, "Actual Total Time": 30.566, "Actual Rows": 756, "Actual Loops": 1, "Output": ["item.i_manufact_id", "item.i_item_sk"], "Filter": "(item.i_manager_id >= 87)", "Rows Removed by Filter": 17244, "Shared Hit Blocks": 0, "Shared Read Blocks": 1230, "Shared Dirtied Blocks": 0, "Shared Written Blocks": 0, "Local Hit Blocks": 0, "Local Read Blocks": 0, "Local Dirtied Blocks": 0, "Local Written Blocks": 0, "Temp Read Blocks": 0, "Temp Written Blocks": 0, "I/O Read Time": 25.33, "I/O Write Time": 0.0, "parent": "Hash"}], "parent": "Hash Join"}], "parent": "None"}, "Planning": {"Shared Hit Blocks": 108, "Shared Read Blocks": 23, "Shared Dirtied Blocks": 0, "Shared Written Blocks": 0, "Local Hit Blocks": 0, "Local Read Blocks": 0, "Local Dirtied Blocks": 0, "Local Written Blocks": 0, "Temp Read Blocks": 0, "Temp Written Blocks": 0, "I/O Read Time": 8.113, "I/O Write Time": 0.0}, "Planning Time": 9.366, "Triggers": [], "Execution Time": 1658.782}, "config": {}}
{"query": "EXPLAIN (ANALYZE, COSTS, BUFFERS, VERBOSE, FORMAT JSON) select catalog_sales.cs_ship_customer_sk, catalog_page.cp_catalog_page_sk from catalog_page join catalog_sales on catalog_sales.cs_catalog_page_sk=catalog_page.cp_catalog_page_sk where catalog_sales.cs_ext_list_price != 2656.55 and catalog_page.cp_start_date_sk != 2451453 order by catalog_sales.cs_ship_customer_sk DESC, catalog_page.cp_catalog_page_sk ASC;", "planinfo": {"Plan": {"Node Type": "Sort", "Parallel Aware": false, "Startup Cost": 222799.94, "Total Cost": 226320.59, "Plan Rows": 1408260, "Plan Width": 8, "Actual Startup Time": 2147.608, "Actual Total Time": 2361.084, "Actual Rows": 1412945, "Actual Loops": 1, "Output": ["catalog_sales.cs_ship_customer_sk", "catalog_page.cp_catalog_page_sk"], "Sort Key": ["catalog_sales.cs_ship_customer_sk DESC", "catalog_page.cp_catalog_page_sk"], "Sort Method": "external merge", "Sort Space Used": 24944, "Sort Space Type": "Disk", "Shared Hit Blocks": 3, "Shared Read Blocks": 37647, "Shared Dirtied Blocks": 0, "Shared Written Blocks": 0, "Local Hit Blocks": 0, "Local Read Blocks": 0, "Local Dirtied Blocks": 0, "Local Written Blocks": 0, "Temp Read Blocks": 4777, "Temp Written Blocks": 4805, "I/O Read Time": 191.309, "I/O Write Time": 0.0, "Plans": [{"Node Type": "Hash Join", "Parent Relationship": "Outer", "Parallel Aware": false, "Join Type": "Inner", "Startup Cost": 532.34, "Total Cost": 59721.0, "Plan Rows": 1408260, "Plan Width": 8, "Actual Startup Time": 10.175, "Actual Total Time": 1257.878, "Actual Rows": 1412945, "Actual Loops": 1, "Output": ["catalog_sales.cs_ship_customer_sk", "catalog_page.cp_catalog_page_sk"], "Inner Unique": true, "Hash Cond": "(catalog_sales.cs_catalog_page_sk = catalog_page.cp_catalog_page_sk)", "Shared Hit Blocks": 0, "Shared Read Blocks": 37647, "Shared Dirtied Blocks": 0, "Shared Written Blocks": 0, "Local Hit Blocks": 0, "Local Read Blocks": 0, "Local Dirtied Blocks": 0, "Local Written Blocks": 0, "Temp Read Blocks": 0, "Temp Written Blocks": 0, "I/O Read Time": 191.309, "I/O Write Time": 0.0, "Plans": [{"Node Type": "Seq Scan", "Parent Relationship": "Outer", "Parallel Aware": false, "Relation Name": "catalog_sales", "Schema": "public", "Alias": "catalog_sales", "Startup Cost": 0.0, "Total Cost": 55423.49, "Plan Rows": 1433834, "Plan Width": 8, "Actual Startup Time": 0.471, "Actual Total Time": 781.34, "Actual Rows": 1434492, "Actual Loops": 1, "Output": ["catalog_sales.cs_sold_date_sk", "catalog_sales.cs_sold_time_sk", "catalog_sales.cs_ship_date_sk", "catalog_sales.cs_bill_customer_sk", "catalog_sales.cs_bill_cdemo_sk", "catalog_sales.cs_bill_hdemo_sk", "catalog_sales.cs_bill_addr_sk", "catalog_sales.cs_ship_customer_sk", "catalog_sales.cs_ship_cdemo_sk", "catalog_sales.cs_ship_hdemo_sk", "catalog_sales.cs_ship_addr_sk", "catalog_sales.cs_call_center_sk", "catalog_sales.cs_catalog_page_sk", "catalog_sales.cs_ship_mode_sk", "catalog_sales.cs_warehouse_sk", "catalog_sales.cs_item_sk", "catalog_sales.cs_promo_sk", "catalog_sales.cs_order_number", "catalog_sales.cs_quantity", "catalog_sales.cs_wholesale_cost", "catalog_sales.cs_list_price", "catalog_sales.cs_sales_price", "catalog_sales.cs_ext_discount_amt", "catalog_sales.cs_ext_sales_price", "catalog_sales.cs_ext_wholesale_cost", "catalog_sales.cs_ext_list_price", "catalog_sales.cs_ext_tax", "catalog_sales.cs_coupon_amt", "catalog_sales.cs_ext_ship_cost", "catalog_sales.cs_net_paid", "catalog_sales.cs_net_paid_inc_tax", "catalog_sales.cs_net_paid_inc_ship", "catalog_sales.cs_net_paid_inc_ship_tax", "catalog_sales.cs_net_profit"], "Filter": "(catalog_sales.cs_ext_list_price <> 2656.55)", "Rows Removed by Filter": 7056, "Shared Hit Blocks": 0, "Shared Read Blocks": 37405, "Shared Dirtied Blocks": 0, "Shared Written Blocks": 0, "Local Hit Blocks": 0, "Local Read Blocks": 0, "Local Dirtied Blocks": 0, "Local Written Blocks": 0, "Temp Read Blocks": 0, "Temp Written Blocks": 0, "I/O Read Time": 187.276, "I/O Write Time": 0.0, "parent": "Hash Join"}, {"Node Type": "Hash", "Parent Relationship": "Inner", "Parallel Aware": false, "Startup Cost": 388.48, "Total Cost": 388.48, "Plan Rows": 11509, "Plan Width": 4, "Actual Startup Time": 9.638, "Actual Total Time": 9.64, "Actual Rows": 11509, "Actual Loops": 1, "Output": ["catalog_page.cp_catalog_page_sk"], "Hash Buckets": 16384, "Original Hash Buckets": 16384, "Hash Batches": 1, "Original Hash Batches": 1, "Peak Memory Usage": 533, "Shared Hit Blocks": 0, "Shared Read Blocks": 242, "Shared Dirtied Blocks": 0, "Shared Written Blocks": 0, "Local Hit Blocks": 0, "Local Read Blocks": 0, "Local Dirtied Blocks": 0, "Local Written Blocks": 0, "Temp Read Blocks": 0, "Temp Written Blocks": 0, "I/O Read Time": 4.033, "I/O Write Time": 0.0, "Plans": [{"Node Type": "Seq Scan", "Parent Relationship": "Outer", "Parallel Aware": false, "Relation Name": "catalog_page", "Schema": "public", "Alias": "catalog_page", "Startup Cost": 0.0, "Total Cost": 388.48, "Plan Rows": 11509, "Plan Width": 4, "Actual Startup Time": 0.573, "Actual Total Time": 6.522, "Actual Rows": 11509, "Actual Loops": 1, "Output": ["catalog_page.cp_catalog_page_sk"], "Filter": "(catalog_page.cp_start_date_sk <> 2451453)", "Rows Removed by Filter": 209, "Shared Hit Blocks": 0, "Shared Read Blocks": 242, "Shared Dirtied Blocks": 0, "Shared Written Blocks": 0, "Local Hit Blocks": 0, "Local Read Blocks": 0, "Local Dirtied Blocks": 0, "Local Written Blocks": 0, "Temp Read Blocks": 0, "Temp Written Blocks": 0, "I/O Read Time": 4.033, "I/O Write Time": 0.0, "parent": "Hash"}], "parent": "Hash Join"}], "parent": "Sort"}], "parent": "None"}, "Planning": {"Shared Hit Blocks": 94, "Shared Read Blocks": 14, "Shared Dirtied Blocks": 0, "Shared Written Blocks": 0, "Local Hit Blocks": 0, "Local Read Blocks": 0, "Local Dirtied Blocks": 0, "Local Written Blocks": 0, "Temp Read Blocks": 0, "Temp Written Blocks": 0, "I/O Read Time": 5.073, "I/O Write Time": 0.0}, "Planning Time": 6.226, "Triggers": [], "Execution Time": 2431.206}, "config": {}}
{"query": "EXPLAIN (ANALYZE, COSTS, BUFFERS, VERBOSE, FORMAT JSON) select customer_demographics.cd_dep_college_count, web_returns.wr_returned_date_sk,  max(customer_demographics.cd_purchase_estimate) from web_returns join customer_demographics on customer_demographics.cd_demo_sk=web_returns.wr_refunded_cdemo_sk where web_returns.wr_fee < 44.31 group by customer_demographics.cd_dep_college_count, web_returns.wr_returned_date_sk order by customer_demographics.cd_dep_college_count ASC, web_returns.wr_returned_date_sk DESC;", "planinfo": {"Plan": {"Node Type": "Sort", "Parallel Aware": false, "Startup Cost": 52510.21, "Total Cost": 52546.58, "Plan Rows": 14546, "Plan Width": 12, "Actual Startup Time": 767.026, "Actual Total Time": 767.714, "Actual Rows": 12022, "Actual Loops": 1, "Output": ["customer_demographics.cd_dep_college_count", "web_returns.wr_returned_date_sk", "(max(customer_demographics.cd_purchase_estimate))"], "Sort Key": ["customer_demographics.cd_dep_college_count", "web_returns.wr_returned_date_sk DESC"], "Sort Method": "quicksort", "Sort Space Used": 1042, "Sort Space Type": "Memory", "Shared Hit Blocks": 3, "Shared Read Blocks": 23155, "Shared Dirtied Blocks": 0, "Shared Written Blocks": 0, "Local Hit Blocks": 0, "Local Read Blocks": 0, "Local Dirtied Blocks": 0, "Local Written Blocks": 0, "Temp Read Blocks": 0, "Temp Written Blocks": 0, "I/O Read Time": 206.296, "I/O Write Time": 0.0, "Plans": [{"Node Type": "Aggregate", "Strategy": "Hashed", "Partial Mode": "Simple", "Parent Relationship": "Outer", "Parallel Aware": false, "Startup Cost": 51359.02, "Total Cost": 51504.48, "Plan Rows": 14546, "Plan Width": 12, "Actual Startup Time": 755.204, "Actual Total Time": 758.684, "Actual Rows": 12022, "Actual Loops": 1, "Output": ["customer_demographics.cd_dep_college_count", "web_returns.wr_returned_date_sk", "max(customer_demographics.cd_purchase_estimate)"], "Group Key": ["customer_demographics.cd_dep_college_count", "web_returns.wr_returned_date_sk"], "Planned Partitions": 0, "HashAgg Batches": 1, "Peak Memory Usage": 1681, "Disk Usage": 0, "Shared Hit Blocks": 0, "Shared Read Blocks": 23155, "Shared Dirtied Blocks": 0, "Shared Written Blocks": 0, "Local Hit Blocks": 0, "Local Read Blocks": 0, "Local Dirtied Blocks": 0, "Local Written Blocks": 0, "Temp Read Blocks": 0, "Temp Written Blocks": 0, "I/O Read Time": 206.296, "I/O Write Time": 0.0, "Plans": [{"Node Type": "Hash Join", "Parent Relationship": "Outer", "Parallel Aware": false, "Join Type": "Inner", "Startup Cost": 2602.96, "Total Cost": 51131.66, "Plan Rows": 30314, "Plan Width": 12, "Actual Startup Time": 49.257, "Actual Total Time": 736.844, "Actual Rows": 29430, "Actual Loops": 1, "Output": ["customer_demographics.cd_dep_college_count", "web_returns.wr_returned_date_sk", "customer_demographics.cd_purchase_estimate"], "Inner Unique": false, "Hash Cond": "(customer_demographics.cd_demo_sk = web_returns.wr_refunded_cdemo_sk)", "Shared Hit Blocks": 0, "Shared Read Blocks": 23155, "Shared Dirtied Blocks": 0, "Shared Written Blocks": 0, "Local Hit Blocks": 0, "Local Read Blocks": 0, "Local Dirtied Blocks": 0, "Local Written Blocks": 0, "Temp Read Blocks": 0, "Temp Written Blocks": 0, "I/O Read Time": 206.296, "I/O Write Time": 0.0, "Plans": [{"Node Type": "Seq Scan", "Parent Relationship": "Outer", "Parallel Aware": false, "Relation Name": "customer_demographics", "Schema": "public", "Alias": "customer_demographics", "Startup Cost": 0.0, "Total Cost": 41036.0, "Plan Rows": 1920800, "Plan Width": 12, "Actual Startup Time": 0.531, "Actual Total Time": 360.681, "Actual Rows": 1920800, "Actual Loops": 1, "Output": ["customer_demographics.cd_demo_sk", "customer_demographics.cd_gender", "customer_demographics.cd_marital_status", "customer_demographics.cd_education_status", "customer_demographics.cd_purchase_estimate", "customer_demographics.cd_credit_rating", "customer_demographics.cd_dep_count", "customer_demographics.cd_dep_employed_count", "customer_demographics.cd_dep_college_count"], "Shared Hit Blocks": 0, "Shared Read Blocks": 21828, "Shared Dirtied Blocks": 0, "Shared Written Blocks": 0, "Local Hit Blocks": 0, "Local Read Blocks": 0, "Local Dirtied Blocks": 0, "Local Written Blocks": 0, "Temp Read Blocks": 0, "Temp Written Blocks": 0, "I/O Read Time": 190.246, "I/O Write Time": 0.0, "parent": "Hash Join"}, {"Node Type": "Hash", "Parent Relationship": "Inner", "Parallel Aware": false, "Startup Cost": 2224.04, "Total Cost": 2224.04, "Plan Rows": 30314, "Plan Width": 8, "Actual Startup Time": 48.593, "Actual Total Time": 48.594, "Actual Rows": 29430, "Actual Loops": 1, "Output": ["web_returns.wr_returned_date_sk", "web_returns.wr_refunded_cdemo_sk"], "Hash Buckets": 32768, "Original Hash Buckets": 32768, "Hash Batches": 1, "Original Hash Batches": 1, "Peak Memory Usage": 1405, "Shared Hit Blocks": 0, "Shared Read Blocks": 1327, "Shared Dirtied Blocks": 0, "Shared Written Blocks": 0, "Local Hit Blocks": 0, "Local Read Blocks": 0, "Local Dirtied Blocks": 0, "Local Written Blocks": 0, "Temp Read Blocks": 0, "Temp Written Blocks": 0, "I/O Read Time": 16.051, "I/O Write Time": 0.0, "Plans": [{"Node Type": "Seq Scan", "Parent Relationship": "Outer", "Parallel Aware": false, "Relation Name": "web_returns", "Schema": "public", "Alias": "web_returns", "Startup Cost": 0.0, "Total Cost": 2224.04, "Plan Rows": 30314, "Plan Width": 8, "Actual Startup Time": 0.461, "Actual Total Time": 40.739, "Actual Rows": 30164, "Actual Loops": 1, "Output": ["web_returns.wr_returned_date_sk", "web_returns.wr_refunded_cdemo_sk"], "Filter": "(web_returns.wr_fee < 44.31)", "Rows Removed by Filter": 41599, "Shared Hit Blocks": 0, "Shared Read Blocks": 1327, "Shared Dirtied Blocks": 0, "Shared Written Blocks": 0, "Local Hit Blocks": 0, "Local Read Blocks": 0, "Local Dirtied Blocks": 0, "Local Written Blocks": 0, "Temp Read Blocks": 0, "Temp Written Blocks": 0, "I/O Read Time": 16.051, "I/O Write Time": 0.0, "parent": "Hash"}], "parent": "Hash Join"}], "parent": "Aggregate"}], "parent": "Sort"}], "parent": "None"}, "Planning": {"Shared Hit Blocks": 94, "Shared Read Blocks": 25, "Shared Dirtied Blocks": 0, "Shared Written Blocks": 0, "Local Hit Blocks": 0, "Local Read Blocks": 0, "Local Dirtied Blocks": 0, "Local Written Blocks": 0, "Temp Read Blocks": 0, "Temp Written Blocks": 0, "I/O Read Time": 9.119, "I/O Write Time": 0.0}, "Planning Time": 11.502, "Triggers": [], "Execution Time": 769.033}, "config": {}}
{"query": "EXPLAIN (ANALYZE, COSTS, BUFFERS, VERBOSE, FORMAT JSON) select time_dim.t_time_sk from time_dim where time_dim.t_time_sk > 79245;", "planinfo": {"Plan": {"Node Type": "Index Only Scan", "Parallel Aware": false, "Scan Direction": "Forward", "Index Name": "time_dim_pkey", "Relation Name": "time_dim", "Schema": "public", "Alias": "time_dim", "Startup Cost": 0.29, "Total Cost": 204.63, "Plan Rows": 7105, "Plan Width": 4, "Actual Startup Time": 1.345, "Actual Total Time": 3.374, "Actual Rows": 7154, "Actual Loops": 1, "Output": ["t_time_sk"], "Index Cond": "(time_dim.t_time_sk > 79245)", "Rows Removed by Index Recheck": 0, "Heap Fetches": 0, "Shared Hit Blocks": 0, "Shared Read Blocks": 22, "Shared Dirtied Blocks": 0, "Shared Written Blocks": 0, "Local Hit Blocks": 0, "Local Read Blocks": 0, "Local Dirtied Blocks": 0, "Local Written Blocks": 0, "Temp Read Blocks": 0, "Temp Written Blocks": 0, "I/O Read Time": 2.271, "I/O Write Time": 0.0, "parent": "None"}, "Planning": {"Shared Hit Blocks": 30, "Shared Read Blocks": 3, "Shared Dirtied Blocks": 0, "Shared Written Blocks": 0, "Local Hit Blocks": 0, "Local Read Blocks": 0, "Local Dirtied Blocks": 0, "Local Written Blocks": 0, "Temp Read Blocks": 0, "Temp Written Blocks": 0, "I/O Read Time": 1.373, "I/O Write Time": 0.0}, "Planning Time": 1.659, "Triggers": [], "Execution Time": 3.779}, "config": {}}
{"query": "EXPLAIN (ANALYZE, COSTS, BUFFERS, VERBOSE, FORMAT JSON) select web_sales.ws_promo_sk, time_dim.t_time_sk from time_dim join web_sales on web_sales.ws_sold_time_sk=time_dim.t_time_sk order by web_sales.ws_promo_sk ASC;", "planinfo": {"Plan": {"Node Type": "Sort", "Parallel Aware": false, "Startup Cost": 117297.23, "Total Cost": 119095.69, "Plan Rows": 719384, "Plan Width": 8, "Actual Startup Time": 976.458, "Actual Total Time": 1071.387, "Actual Rows": 719197, "Actual Loops": 1, "Output": ["web_sales.ws_promo_sk", "time_dim.t_time_sk"], "Sort Key": ["web_sales.ws_promo_sk"], "Sort Method": "external merge", "Sort Space Used": 12752, "Sort Space Type": "Disk", "Shared Hit Blocks": 7, "Shared Read Blocks": 19001, "Shared Dirtied Blocks": 0, "Shared Written Blocks": 0, "Local Hit Blocks": 0, "Local Read Blocks": 0, "Local Dirtied Blocks": 0, "Local Written Blocks": 0, "Temp Read Blocks": 2945, "Temp Written Blocks": 2959, "I/O Read Time": 171.8, "I/O Write Time": 0.0, "Plans": [{"Node Type": "Hash Join", "Parent Relationship": "Outer", "Parallel Aware": false, "Join Type": "Inner", "Startup Cost": 3666.29, "Total Cost": 37475.6, "Plan Rows": 719384, "Plan Width": 8, "Actual Startup Time": 39.385, "Actual Total Time": 710.236, "Actual Rows": 719197, "Actual Loops": 1, "Output": ["web_sales.ws_promo_sk", "time_dim.t_time_sk"], "Inner Unique": true, "Hash Cond": "(web_sales.ws_sold_time_sk = time_dim.t_time_sk)", "Shared Hit Blocks": 4, "Shared Read Blocks": 19001, "Shared Dirtied Blocks": 0, "Shared Written Blocks": 0, "Local Hit Blocks": 0, "Local Read Blocks": 0, "Local Dirtied Blocks": 0, "Local Written Blocks": 0, "Temp Read Blocks": 1351, "Temp Written Blocks": 1351, "I/O Read Time": 171.8, "I/O Write Time": 0.0, "Plans": [{"Node Type": "Seq Scan", "Parent Relationship": "Outer", "Parallel Aware": false, "Relation Name": "web_sales", "Schema": "public", "Alias": "web_sales", "Startup Cost": 0.0, "Total Cost": 25960.84, "Plan Rows": 719384, "Plan Width": 8, "Actual Startup Time": 0.499, "Actual Total Time": 343.959, "Actual Rows": 719384, "Actual Loops": 1, "Output": ["web_sales.ws_promo_sk", "web_sales.ws_sold_time_sk"], "Shared Hit Blocks": 0, "Shared Read Blocks": 18767, "Shared Dirtied Blocks": 0, "Shared Written Blocks": 0, "Local Hit Blocks": 0, "Local Read Blocks": 0, "Local Dirtied Blocks": 0, "Local Written Blocks": 0, "Temp Read Blocks": 0, "Temp Written Blocks": 0, "I/O Read Time": 169.47, "I/O Write Time": 0.0, "parent": "Hash Join"}, {"Node Type": "Hash", "Parent Relationship": "Inner", "Parallel Aware": false, "Startup Cost": 2248.29, "Total Cost": 2248.29, "Plan Rows": 86400, "Plan Width": 4, "Actual Startup Time": 38.36, "Actual Total Time": 38.362, "Actual Rows": 86400, "Actual Loops": 1, "Output": ["time_dim.t_time_sk"], "Hash Buckets": 131072, "Original Hash Buckets": 131072, "Hash Batches": 2, "Original Hash Batches": 2, "Peak Memory Usage": 2544, "Shared Hit Blocks": 4, "Shared Read Blocks": 234, "Shared Dirtied Blocks": 0, "Shared Written Blocks": 0, "Local Hit Blocks": 0, "Local Read Blocks": 0, "Local Dirtied Blocks": 0, "Local Written Blocks": 0, "Temp Read Blocks": 0, "Temp Written Blocks": 126, "I/O Read Time": 2.33, "I/O Write Time": 0.0, "Plans": [{"Node Type": "Index Only Scan", "Parent Relationship": "Outer", "Parallel Aware": false, "Scan Direction": "Forward", "Index Name": "time_dim_pkey", "Relation Name": "time_dim", "Schema": "public", "Alias": "time_dim", "Startup Cost": 0.29, "Total Cost": 2248.29, "Plan Rows": 86400, "Plan Width": 4, "Actual Startup Time": 0.019, "Actual Total Time": 14.605, "Actual Rows": 86400, "Actual Loops": 1, "Output": ["time_dim.t_time_sk"], "Heap Fetches": 0, "Shared Hit Blocks": 4, "Shared Read Blocks": 234, "Shared Dirtied Blocks": 0, "Shared Written Blocks": 0, "Local Hit Blocks": 0, "Local Read Blocks": 0, "Local Dirtied Blocks": 0, "Local Written Blocks": 0, "Temp Read Blocks": 0, "Temp Written Blocks": 0, "I/O Read Time": 2.33, "I/O Write Time": 0.0, "parent": "Hash"}], "parent": "Hash Join"}], "parent": "Sort"}], "parent": "None"}, "Planning": {"Shared Hit Blocks": 82, "Shared Read Blocks": 17, "Shared Dirtied Blocks": 0, "Shared Written Blocks": 0, "Local Hit Blocks": 0, "Local Read Blocks": 0, "Local Dirtied Blocks": 0, "Local Written Blocks": 0, "Temp Read Blocks": 0, "Temp Written Blocks": 0, "I/O Read Time": 5.884, "I/O Write Time": 0.0}, "Planning Time": 6.974, "Triggers": [], "Execution Time": 1105.751}, "config": {}}
{"query": "EXPLAIN (ANALYZE, COSTS, BUFFERS, VERBOSE, FORMAT JSON) select catalog_sales.cs_promo_sk, time_dim.t_time_sk,  min(catalog_sales.cs_ext_list_price) from catalog_sales join time_dim on time_dim.t_time_sk=catalog_sales.cs_sold_time_sk group by catalog_sales.cs_promo_sk, time_dim.t_time_sk;", "planinfo": {"Plan": {"Node Type": "Aggregate", "Strategy": "Hashed", "Partial Mode": "Simple", "Parallel Aware": false, "Startup Cost": 169634.6, "Total Cost": 198126.33, "Plan Rows": 1441479, "Plan Width": 40, "Actual Startup Time": 2249.673, "Actual Total Time": 3331.687, "Actual Rows": 1367310, "Actual Loops": 1, "Output": ["catalog_sales.cs_promo_sk", "time_dim.t_time_sk", "min(catalog_sales.cs_ext_list_price)"], "Group Key": ["catalog_sales.cs_promo_sk", "time_dim.t_time_sk"], "Planned Partitions": 64, "HashAgg Batches": 65, "Peak Memory Usage": 4113, "Disk Usage": 61240, "Shared Hit Blocks": 4, "Shared Read Blocks": 37639, "Shared Dirtied Blocks": 0, "Shared Written Blocks": 0, "Local Hit Blocks": 0, "Local Read Blocks": 0, "Local Dirtied Blocks": 0, "Local Written Blocks": 0, "Temp Read Blocks": 9426, "Temp Written Blocks": 16911, "I/O Read Time": 329.9, "I/O Write Time": 0.0, "Plans": [{"Node Type": "Hash Join", "Parent Relationship": "Outer", "Parallel Aware": false, "Join Type": "Inner", "Startup Cost": 3666.29, "Total Cost": 73686.15, "Plan Rows": 1441479, "Plan Width": 15, "Actual Startup Time": 37.678, "Actual Total Time": 1540.907, "Actual Rows": 1434495, "Actual Loops": 1, "Output": ["catalog_sales.cs_promo_sk", "time_dim.t_time_sk", "catalog_sales.cs_ext_list_price"], "Inner Unique": true, "Hash Cond": "(catalog_sales.cs_sold_time_sk = time_dim.t_time_sk)", "Shared Hit Blocks": 4, "Shared Read Blocks": 37639, "Shared Dirtied Blocks": 0, "Shared Written Blocks": 0, "Local Hit Blocks": 0, "Local Read Blocks": 0, "Local Dirtied Blocks": 0, "Local Written Blocks": 0, "Temp Read Blocks": 3317, "Temp Written Blocks": 3317, "I/O Read Time": 329.9, "I/O Write Time": 0.0, "Plans": [{"Node Type": "Seq Scan", "Parent Relationship": "Outer", "Parallel Aware": false, "Relation Name": "catalog_sales", "Schema": "public", "Alias": "catalog_sales", "Startup Cost": 0.0, "Total Cost": 51819.79, "Plan Rows": 1441479, "Plan Width": 15, "Actual Startup Time": 0.489, "Actual Total Time": 767.489, "Actual Rows": 1441548, "Actual Loops": 1, "Output": ["catalog_sales.cs_promo_sk", "catalog_sales.cs_ext_list_price", "catalog_sales.cs_sold_time_sk"], "Shared Hit Blocks": 0, "Shared Read Blocks": 37405, "Shared Dirtied Blocks": 0, "Shared Written Blocks": 0, "Local Hit Blocks": 0, "Local Read Blocks": 0, "Local Dirtied Blocks": 0, "Local Written Blocks": 0, "Temp Read Blocks": 0, "Temp Written Blocks": 0, "I/O Read Time": 327.594, "I/O Write Time": 0.0, "parent": "Hash Join"}, {"Node Type": "Hash", "Parent Relationship": "Inner", "Parallel Aware": false, "Startup Cost": 2248.29, "Total Cost": 2248.29, "Plan Rows": 86400, "Plan Width": 4, "Actual Startup Time": 36.645, "Actual Total Time": 36.646, "Actual Rows": 86400, "Actual Loops": 1, "Output": ["time_dim.t_time_sk"], "Hash Buckets": 131072, "Original Hash Buckets": 131072, "Hash Batches": 2, "Original Hash Batches": 2, "Peak Memory Usage": 2544, "Shared Hit Blocks": 4, "Shared Read Blocks": 234, "Shared Dirtied Blocks": 0, "Shared Written Blocks": 0, "Local Hit Blocks": 0, "Local Read Blocks": 0, "Local Dirtied Blocks": 0, "Local Written Blocks": 0, "Temp Read Blocks": 0, "Temp Written Blocks": 126, "I/O Read Time": 2.306, "I/O Write Time": 0.0, "Plans": [{"Node Type": "Index Only Scan", "Parent Relationship": "Outer", "Parallel Aware": false, "Scan Direction": "Forward", "Index Name": "time_dim_pkey", "Relation Name": "time_dim", "Schema": "public", "Alias": "time_dim", "Startup Cost": 0.29, "Total Cost": 2248.29, "Plan Rows": 86400, "Plan Width": 4, "Actual Startup Time": 0.023, "Actual Total Time": 14.476, "Actual Rows": 86400, "Actual Loops": 1, "Output": ["time_dim.t_time_sk"], "Heap Fetches": 0, "Shared Hit Blocks": 4, "Shared Read Blocks": 234, "Shared Dirtied Blocks": 0, "Shared Written Blocks": 0, "Local Hit Blocks": 0, "Local Read Blocks": 0, "Local Dirtied Blocks": 0, "Local Written Blocks": 0, "Temp Read Blocks": 0, "Temp Written Blocks": 0, "I/O Read Time": 2.306, "I/O Write Time": 0.0, "parent": "Hash"}], "parent": "Hash Join"}], "parent": "Aggregate"}], "parent": "None"}, "Planning": {"Shared Hit Blocks": 86, "Shared Read Blocks": 18, "Shared Dirtied Blocks": 0, "Shared Written Blocks": 0, "Local Hit Blocks": 0, "Local Read Blocks": 0, "Local Dirtied Blocks": 0, "Local Written Blocks": 0, "Temp Read Blocks": 0, "Temp Written Blocks": 0, "I/O Read Time": 5.903, "I/O Write Time": 0.0}, "Planning Time": 7.042, "Triggers": [], "Execution Time": 3424.884}, "config": {}}
{"query": "EXPLAIN (ANALYZE, COSTS, BUFFERS, VERBOSE, FORMAT JSON) select web_returns.wr_account_credit, time_dim.t_time_sk from web_returns join time_dim on time_dim.t_time_sk=web_returns.wr_returned_time_sk order by time_dim.t_time_sk ASC, web_returns.wr_account_credit ASC;", "planinfo": {"Plan": {"Node Type": "Sort", "Parallel Aware": false, "Startup Cost": 12727.34, "Total Cost": 12906.75, "Plan Rows": 71763, "Plan Width": 10, "Actual Startup Time": 168.061, "Actual Total Time": 179.324, "Actual Rows": 68569, "Actual Loops": 1, "Output": ["web_returns.wr_account_credit", "time_dim.t_time_sk"], "Sort Key": ["time_dim.t_time_sk", "web_returns.wr_account_credit"], "Sort Method": "external merge", "Sort Space Used": 1464, "Sort Space Type": "Disk", "Shared Hit Blocks": 10, "Shared Read Blocks": 1561, "Shared Dirtied Blocks": 0, "Shared Written Blocks": 0, "Local Hit Blocks": 0, "Local Read Blocks": 0, "Local Dirtied Blocks": 0, "Local Written Blocks": 0, "Temp Read Blocks": 444, "Temp Written Blocks": 445, "I/O Read Time": 16.669, "I/O Write Time": 0.0, "Plans": [{"Node Type": "Hash Join", "Parent Relationship": "Outer", "Parallel Aware": false, "Join Type": "Inner", "Startup Cost": 3666.29, "Total Cost": 6939.31, "Plan Rows": 71763, "Plan Width": 10, "Actual Startup Time": 39.336, "Actual Total Time": 122.412, "Actual Rows": 68569, "Actual Loops": 1, "Output": ["web_returns.wr_account_credit", "time_dim.t_time_sk"], "Inner Unique": true, "Hash Cond": "(web_returns.wr_returned_time_sk = time_dim.t_time_sk)", "Shared Hit Blocks": 4, "Shared Read Blocks": 1561, "Shared Dirtied Blocks": 0, "Shared Written Blocks": 0, "Local Hit Blocks": 0, "Local Read Blocks": 0, "Local Dirtied Blocks": 0, "Local Written Blocks": 0, "Temp Read Blocks": 261, "Temp Written Blocks": 261, "I/O Read Time": 16.669, "I/O Write Time": 0.0, "Plans": [{"Node Type": "Seq Scan", "Parent Relationship": "Outer", "Parallel Aware": false, "Relation Name": "web_returns", "Schema": "public", "Alias": "web_returns", "Startup Cost": 0.0, "Total Cost": 2044.63, "Plan Rows": 71763, "Plan Width": 10, "Actual Startup Time": 0.465, "Actual Total Time": 34.582, "Actual Rows": 71763, "Actual Loops": 1, "Output": ["web_returns.wr_account_credit", "web_returns.wr_returned_time_sk"], "Shared Hit Blocks": 0, "Shared Read Blocks": 1327, "Shared Dirtied Blocks": 0, "Shared Written Blocks": 0, "Local Hit Blocks": 0, "Local Read Blocks": 0, "Local Dirtied Blocks": 0, "Local Written Blocks": 0, "Temp Read Blocks": 0, "Temp Written Blocks": 0, "I/O Read Time": 14.273, "I/O Write Time": 0.0, "parent": "Hash Join"}, {"Node Type": "Hash", "Parent Relationship": "Inner", "Parallel Aware": false, "Startup Cost": 2248.29, "Total Cost": 2248.29, "Plan Rows": 86400, "Plan Width": 4, "Actual Startup Time": 38.345, "Actual Total Time": 38.346, "Actual Rows": 86400, "Actual Loops": 1, "Output": ["time_dim.t_time_sk"], "Hash Buckets": 131072, "Original Hash Buckets": 131072, "Hash Batches": 2, "Original Hash Batches": 2, "Peak Memory Usage": 2544, "Shared Hit Blocks": 4, "Shared Read Blocks": 234, "Shared Dirtied Blocks": 0, "Shared Written Blocks": 0, "Local Hit Blocks": 0, "Local Read Blocks": 0, "Local Dirtied Blocks": 0, "Local Written Blocks": 0, "Temp Read Blocks": 0, "Temp Written Blocks": 126, "I/O Read Time": 2.396, "I/O Write Time": 0.0, "Plans": [{"Node Type": "Index Only Scan", "Parent Relationship": "Outer", "Parallel Aware": false, "Scan Direction": "Forward", "Index Name": "time_dim_pkey", "Relation Name": "time_dim", "Schema": "public", "Alias": "time_dim", "Startup Cost": 0.29, "Total Cost": 2248.29, "Plan Rows": 86400, "Plan Width": 4, "Actual Startup Time": 0.017, "Actual Total Time": 14.541, "Actual Rows": 86400, "Actual Loops": 1, "Output": ["time_dim.t_time_sk"], "Heap Fetches": 0, "Shared Hit Blocks": 4, "Shared Read Blocks": 234, "Shared Dirtied Blocks": 0, "Shared Written Blocks": 0, "Local Hit Blocks": 0, "Local Read Blocks": 0, "Local Dirtied Blocks": 0, "Local Written Blocks": 0, "Temp Read Blocks": 0, "Temp Written Blocks": 0, "I/O Read Time": 2.396, "I/O Write Time": 0.0, "parent": "Hash"}], "parent": "Hash Join"}], "parent": "Sort"}], "parent": "None"}, "Planning": {"Shared Hit Blocks": 88, "Shared Read Blocks": 19, "Shared Dirtied Blocks": 0, "Shared Written Blocks": 0, "Local Hit Blocks": 0, "Local Read Blocks": 0, "Local Dirtied Blocks": 0, "Local Written Blocks": 0, "Temp Read Blocks": 0, "Temp Written Blocks": 0, "I/O Read Time": 6.541, "I/O Write Time": 0.0}, "Planning Time": 7.714, "Triggers": [], "Execution Time": 183.57}, "config": {}}
{"query": "EXPLAIN (ANALYZE, COSTS, BUFFERS, VERBOSE, FORMAT JSON) select web_sales.ws_ext_ship_cost, time_dim.t_time_sk from time_dim join web_sales on web_sales.ws_sold_time_sk=time_dim.t_time_sk order by web_sales.ws_ext_ship_cost ASC;", "planinfo": {"Plan": {"Node Type": "Sort", "Parallel Aware": false, "Startup Cost": 121158.23, "Total Cost": 122956.69, "Plan Rows": 719384, "Plan Width": 10, "Actual Startup Time": 1201.596, "Actual Total Time": 1691.946, "Actual Rows": 719197, "Actual Loops": 1, "Output": ["web_sales.ws_ext_ship_cost", "time_dim.t_time_sk"], "Sort Key": ["web_sales.ws_ext_ship_cost"], "Sort Method": "external merge", "Sort Space Used": 15504, "Sort Space Type": "Disk", "Shared Hit Blocks": 10, "Shared Read Blocks": 19001, "Shared Dirtied Blocks": 0, "Shared Written Blocks": 0, "Local Hit Blocks": 0, "Local Read Blocks": 0, "Local Dirtied Blocks": 0, "Local Written Blocks": 0, "Temp Read Blocks": 3460, "Temp Written Blocks": 3474, "I/O Read Time": 131.757, "I/O Write Time": 0.0, "Plans": [{"Node Type": "Hash Join", "Parent Relationship": "Outer", "Parallel Aware": false, "Join Type": "Inner", "Startup Cost": 3666.29, "Total Cost": 38879.6, "Plan Rows": 719384, "Plan Width": 10, "Actual Startup Time": 38.976, "Actual Total Time": 744.679, "Actual Rows": 719197, "Actual Loops": 1, "Output": ["web_sales.ws_ext_ship_cost", "time_dim.t_time_sk"], "Inner Unique": true, "Hash Cond": "(web_sales.ws_sold_time_sk = time_dim.t_time_sk)", "Shared Hit Blocks": 7, "Shared Read Blocks": 19001, "Shared Dirtied Blocks": 0, "Shared Written Blocks": 0, "Local Hit Blocks": 0, "Local Read Blocks": 0, "Local Dirtied Blocks": 0, "Local Written Blocks": 0, "Temp Read Blocks": 1522, "Temp Written Blocks": 1522, "I/O Read Time": 131.757, "I/O Write Time": 0.0, "Plans": [{"Node Type": "Seq Scan", "Parent Relationship": "Outer", "Parallel Aware": false, "Relation Name": "web_sales", "Schema": "public", "Alias": "web_sales", "Startup Cost": 0.0, "Total Cost": 25960.84, "Plan Rows": 719384, "Plan Width": 10, "Actual Startup Time": 0.462, "Actual Total Time": 351.34, "Actual Rows": 719384, "Actual Loops": 1, "Output": ["web_sales.ws_ext_ship_cost", "web_sales.ws_sold_time_sk"], "Shared Hit Blocks": 0, "Shared Read Blocks": 18767, "Shared Dirtied Blocks": 0, "Shared Written Blocks": 0, "Local Hit Blocks": 0, "Local Read Blocks": 0, "Local Dirtied Blocks": 0, "Local Written Blocks": 0, "Temp Read Blocks": 0, "Temp Written Blocks": 0, "I/O Read Time": 129.437, "I/O Write Time": 0.0, "parent": "Hash Join"}, {"Node Type": "Hash", "Parent Relationship": "Inner", "Parallel Aware": false, "Startup Cost": 2248.29, "Total Cost": 2248.29, "Plan Rows": 86400, "Plan Width": 4, "Actual Startup Time": 37.962, "Actual Total Time": 37.963, "Actual Rows": 86400, "Actual Loops": 1, "Output": ["time_dim.t_time_sk"], "Hash Buckets": 131072, "Original Hash Buckets": 131072, "Hash Batches": 2, "Original Hash Batches": 2, "Peak Memory Usage": 2544, "Shared Hit Blocks": 4, "Shared Read Blocks": 234, "Shared Dirtied Blocks": 0, "Shared Written Blocks": 0, "Local Hit Blocks": 0, "Local Read Blocks": 0, "Local Dirtied Blocks": 0, "Local Written Blocks": 0, "Temp Read Blocks": 0, "Temp Written Blocks": 126, "I/O Read Time": 2.32, "I/O Write Time": 0.0, "Plans": [{"Node Type": "Index Only Scan", "Parent Relationship": "Outer", "Parallel Aware": false, "Scan Direction": "Forward", "Index Name": "time_dim_pkey", "Relation Name": "time_dim", "Schema": "public", "Alias": "time_dim", "Startup Cost": 0.29, "Total Cost": 2248.29, "Plan Rows": 86400, "Plan Width": 4, "Actual Startup Time": 0.016, "Actual Total Time": 14.626, "Actual Rows": 86400, "Actual Loops": 1, "Output": ["time_dim.t_time_sk"], "Heap Fetches": 0, "Shared Hit Blocks": 4, "Shared Read Blocks": 234, "Shared Dirtied Blocks": 0, "Shared Written Blocks": 0, "Local Hit Blocks": 0, "Local Read Blocks": 0, "Local Dirtied Blocks": 0, "Local Written Blocks": 0, "Temp Read Blocks": 0, "Temp Written Blocks": 0, "I/O Read Time": 2.32, "I/O Write Time": 0.0, "parent": "Hash"}], "parent": "Hash Join"}], "parent": "Sort"}], "parent": "None"}, "Planning": {"Shared Hit Blocks": 95, "Shared Read Blocks": 19, "Shared Dirtied Blocks": 0, "Shared Written Blocks": 0, "Local Hit Blocks": 0, "Local Read Blocks": 0, "Local Dirtied Blocks": 0, "Local Written Blocks": 0, "Temp Read Blocks": 0, "Temp Written Blocks": 0, "I/O Read Time": 6.012, "I/O Write Time": 0.0}, "Planning Time": 7.09, "Triggers": [], "Execution Time": 1740.534}, "config": {}}
{"query": "EXPLAIN (ANALYZE, COSTS, BUFFERS, VERBOSE, FORMAT JSON) select store_returns.sr_item_sk from store_returns where store_returns.sr_item_sk = 1933 and store_returns.sr_item_sk < 13231;", "planinfo": {"Plan": {"Node Type": "Index Only Scan", "Parallel Aware": false, "Scan Direction": "Forward", "Index Name": "store_returns_pkey", "Relation Name": "store_returns", "Schema": "public", "Alias": "store_returns", "Startup Cost": 0.42, "Total Cost": 4.68, "Plan Rows": 13, "Plan Width": 4, "Actual Startup Time": 1.769, "Actual Total Time": 1.777, "Actual Rows": 33, "Actual Loops": 1, "Output": ["sr_item_sk"], "Index Cond": "((store_returns.sr_item_sk < 13231) AND (store_returns.sr_item_sk = 1933))", "Rows Removed by Index Recheck": 0, "Heap Fetches": 0, "Shared Hit Blocks": 0, "Shared Read Blocks": 4, "Shared Dirtied Blocks": 0, "Shared Written Blocks": 0, "Local Hit Blocks": 0, "Local Read Blocks": 0, "Local Dirtied Blocks": 0, "Local Written Blocks": 0, "Temp Read Blocks": 0, "Temp Written Blocks": 0, "I/O Read Time": 1.74, "I/O Write Time": 0.0, "parent": "None"}, "Planning": {"Shared Hit Blocks": 45, "Shared Read Blocks": 5, "Shared Dirtied Blocks": 0, "Shared Written Blocks": 0, "Local Hit Blocks": 0, "Local Read Blocks": 0, "Local Dirtied Blocks": 0, "Local Written Blocks": 0, "Temp Read Blocks": 0, "Temp Written Blocks": 0, "I/O Read Time": 1.828, "I/O Write Time": 0.0}, "Planning Time": 2.177, "Triggers": [], "Execution Time": 1.8}, "config": {}}
{"query": "EXPLAIN (ANALYZE, COSTS, BUFFERS, VERBOSE, FORMAT JSON) select store_returns.sr_returned_date_sk from store_returns where store_returns.sr_returned_date_sk < 2451075;", "planinfo": {"Plan": {"Node Type": "Index Only Scan", "Parallel Aware": false, "Scan Direction": "Forward", "Index Name": "sr_returned_date_sk_idx", "Relation Name": "store_returns", "Schema": "public", "Alias": "store_returns", "Startup Cost": 0.42, "Total Cost": 319.38, "Plan Rows": 15026, "Plan Width": 4, "Actual Startup Time": 1.376, "Actual Total Time": 3.428, "Actual Rows": 15105, "Actual Loops": 1, "Output": ["sr_returned_date_sk"], "Index Cond": "(store_returns.sr_returned_date_sk < 2451075)", "Rows Removed by Index Recheck": 0, "Heap Fetches": 0, "Shared Hit Blocks": 0, "Shared Read Blocks": 17, "Shared Dirtied Blocks": 0, "Shared Written Blocks": 0, "Local Hit Blocks": 0, "Local Read Blocks": 0, "Local Dirtied Blocks": 0, "Local Written Blocks": 0, "Temp Read Blocks": 0, "Temp Written Blocks": 0, "I/O Read Time": 1.518, "I/O Write Time": 0.0, "parent": "None"}, "Planning": {"Shared Hit Blocks": 40, "Shared Read Blocks": 5, "Shared Dirtied Blocks": 0, "Shared Written Blocks": 0, "Local Hit Blocks": 0, "Local Read Blocks": 0, "Local Dirtied Blocks": 0, "Local Written Blocks": 0, "Temp Read Blocks": 0, "Temp Written Blocks": 0, "I/O Read Time": 1.8, "I/O Write Time": 0.0}, "Planning Time": 2.144, "Triggers": [], "Execution Time": 4.264}, "config": {}}
{"query": "EXPLAIN (ANALYZE, COSTS, BUFFERS, VERBOSE, FORMAT JSON) select store_returns.sr_returned_date_sk from store_returns where store_returns.sr_returned_date_sk <= 2452063;", "planinfo": {"Plan": {"Node Type": "Index Only Scan", "Parallel Aware": false, "Scan Direction": "Forward", "Index Name": "sr_returned_date_sk_idx", "Relation Name": "store_returns", "Schema": "public", "Alias": "store_returns", "Startup Cost": 0.42, "Total Cost": 3591.43, "Plan Rows": 171143, "Plan Width": 4, "Actual Startup Time": 1.437, "Actual Total Time": 24.128, "Actual Rows": 171458, "Actual Loops": 1, "Output": ["sr_returned_date_sk"], "Index Cond": "(store_returns.sr_returned_date_sk <= 2452063)", "Rows Removed by Index Recheck": 0, "Heap Fetches": 0, "Shared Hit Blocks": 0, "Shared Read Blocks": 150, "Shared Dirtied Blocks": 0, "Shared Written Blocks": 0, "Local Hit Blocks": 0, "Local Read Blocks": 0, "Local Dirtied Blocks": 0, "Local Written Blocks": 0, "Temp Read Blocks": 0, "Temp Written Blocks": 0, "I/O Read Time": 2.822, "I/O Write Time": 0.0, "parent": "None"}, "Planning": {"Shared Hit Blocks": 44, "Shared Read Blocks": 5, "Shared Dirtied Blocks": 0, "Shared Written Blocks": 0, "Local Hit Blocks": 0, "Local Read Blocks": 0, "Local Dirtied Blocks": 0, "Local Written Blocks": 0, "Temp Read Blocks": 0, "Temp Written Blocks": 0, "I/O Read Time": 1.842, "I/O Write Time": 0.0}, "Planning Time": 2.184, "Triggers": [], "Execution Time": 32.875}, "config": {}}
{"query": "EXPLAIN (ANALYZE, COSTS, BUFFERS, VERBOSE, FORMAT JSON) select store_returns.sr_returned_date_sk from store_returns;", "planinfo": {"Plan": {"Node Type": "Index Only Scan", "Parallel Aware": false, "Scan Direction": "Forward", "Index Name": "sr_returned_date_sk_idx", "Relation Name": "store_returns", "Schema": "public", "Alias": "store_returns", "Startup Cost": 0.42, "Total Cost": 5313.13, "Plan Rows": 287514, "Plan Width": 4, "Actual Startup Time": 1.383, "Actual Total Time": 38.989, "Actual Rows": 287514, "Actual Loops": 1, "Output": ["sr_returned_date_sk"], "Heap Fetches": 0, "Shared Hit Blocks": 0, "Shared Read Blocks": 249, "Shared Dirtied Blocks": 0, "Shared Written Blocks": 0, "Local Hit Blocks": 0, "Local Read Blocks": 0, "Local Dirtied Blocks": 0, "Local Written Blocks": 0, "Temp Read Blocks": 0, "Temp Written Blocks": 0, "I/O Read Time": 3.812, "I/O Write Time": 0.0, "parent": "None"}, "Planning": {"Shared Hit Blocks": 37, "Shared Read Blocks": 5, "Shared Dirtied Blocks": 0, "Shared Written Blocks": 0, "Local Hit Blocks": 0, "Local Read Blocks": 0, "Local Dirtied Blocks": 0, "Local Written Blocks": 0, "Temp Read Blocks": 0, "Temp Written Blocks": 0, "I/O Read Time": 1.866, "I/O Write Time": 0.0}, "Planning Time": 2.205, "Triggers": [], "Execution Time": 53.379}, "config": {}}
{"query": "EXPLAIN (ANALYZE, COSTS, BUFFERS, VERBOSE, FORMAT JSON) select store_returns.sr_item_sk from store_returns where store_returns.sr_item_sk > 15064;", "planinfo": {"Plan": {"Node Type": "Index Only Scan", "Parallel Aware": false, "Scan Direction": "Forward", "Index Name": "store_returns_pkey", "Relation Name": "store_returns", "Schema": "public", "Alias": "store_returns", "Startup Cost": 0.42, "Total Cost": 1537.53, "Plan Rows": 47149, "Plan Width": 4, "Actual Startup Time": 1.874, "Actual Total Time": 93.261, "Actual Rows": 46527, "Actual Loops": 1, "Output": ["sr_item_sk"], "Index Cond": "(store_returns.sr_item_sk > 15064)", "Rows Removed by Index Recheck": 0, "Heap Fetches": 0, "Shared Hit Blocks": 0, "Shared Read Blocks": 176, "Shared Dirtied Blocks": 0, "Shared Written Blocks": 0, "Local Hit Blocks": 0, "Local Read Blocks": 0, "Local Dirtied Blocks": 0, "Local Written Blocks": 0, "Temp Read Blocks": 0, "Temp Written Blocks": 0, "I/O Read Time": 84.046, "I/O Write Time": 0.0, "parent": "None"}, "Planning": {"Shared Hit Blocks": 44, "Shared Read Blocks": 5, "Shared Dirtied Blocks": 0, "Shared Written Blocks": 0, "Local Hit Blocks": 0, "Local Read Blocks": 0, "Local Dirtied Blocks": 0, "Local Written Blocks": 0, "Temp Read Blocks": 0, "Temp Written Blocks": 0, "I/O Read Time": 1.822, "I/O Write Time": 0.0}, "Planning Time": 2.171, "Triggers": [], "Execution Time": 96.183}, "config": {}}
{"query": "EXPLAIN (ANALYZE, COSTS, BUFFERS, VERBOSE, FORMAT JSON) select store_sales.ss_sold_date_sk from store_sales;", "planinfo": {"Plan": {"Node Type": "Index Only Scan", "Parallel Aware": false, "Scan Direction": "Forward", "Index Name": "ss_sold_date_sk_idx", "Relation Name": "store_sales", "Schema": "public", "Alias": "store_sales", "Startup Cost": 0.43, "Total Cost": 53273.23, "Plan Rows": 2880320, "Plan Width": 4, "Actual Startup Time": 1.379, "Actual Total Time": 380.627, "Actual Rows": 2880404, "Actual Loops": 1, "Output": ["ss_sold_date_sk"], "Heap Fetches": 0, "Shared Hit Blocks": 3646, "Shared Read Blocks": 2506, "Shared Dirtied Blocks": 0, "Shared Written Blocks": 0, "Local Hit Blocks": 0, "Local Read Blocks": 0, "Local Dirtied Blocks": 0, "Local Written Blocks": 0, "Temp Read Blocks": 0, "Temp Written Blocks": 0, "I/O Read Time": 24.627, "I/O Write Time": 0.0, "parent": "None"}, "Planning": {"Shared Hit Blocks": 38, "Shared Read Blocks": 4, "Shared Dirtied Blocks": 0, "Shared Written Blocks": 0, "Local Hit Blocks": 0, "Local Read Blocks": 0, "Local Dirtied Blocks": 0, "Local Written Blocks": 0, "Temp Read Blocks": 0, "Temp Written Blocks": 0, "I/O Read Time": 1.374, "I/O Write Time": 0.0}, "Planning Time": 1.669, "Triggers": [], "Execution Time": 533.706}, "config": {}}
{"query": "EXPLAIN (ANALYZE, COSTS, BUFFERS, VERBOSE, FORMAT JSON) select date_dim.d_qoy, store_sales.ss_sold_date_sk from store_sales join date_dim on date_dim.d_date_sk=store_sales.ss_sold_date_sk;", "planinfo": {"Plan": {"Node Type": "Hash Join", "Parallel Aware": false, "Join Type": "Inner", "Startup Cost": 3049.03, "Total Cost": 63883.1, "Plan Rows": 2880320, "Plan Width": 8, "Actual Startup Time": 52.802, "Actual Total Time": 1220.878, "Actual Rows": 2750311, "Actual Loops": 1, "Output": ["date_dim.d_qoy", "store_sales.ss_sold_date_sk"], "Inner Unique": true, "Hash Cond": "(store_sales.ss_sold_date_sk = date_dim.d_date_sk)", "Shared Hit Blocks": 3655, "Shared Read Blocks": 3905, "Shared Dirtied Blocks": 0, "Shared Written Blocks": 0, "Local Hit Blocks": 0, "Local Read Blocks": 0, "Local Dirtied Blocks": 0, "Local Written Blocks": 0, "Temp Read Blocks": 0, "Temp Written Blocks": 0, "I/O Read Time": 41.235, "I/O Write Time": 0.0, "Plans": [{"Node Type": "Index Only Scan", "Parent Relationship": "Outer", "Parallel Aware": false, "Scan Direction": "Forward", "Index Name": "ss_sold_date_sk_idx", "Relation Name": "store_sales", "Schema": "public", "Alias": "store_sales", "Startup Cost": 0.43, "Total Cost": 53273.23, "Plan Rows": 2880320, "Plan Width": 4, "Actual Startup Time": 0.02, "Actual Total Time": 386.933, "Actual Rows": 2880404, "Actual Loops": 1, "Output": ["store_sales.ss_sold_date_sk"], "Heap Fetches": 0, "Shared Hit Blocks": 3652, "Shared Read Blocks": 2500, "Shared Dirtied Blocks": 0, "Shared Written Blocks": 0, "Local Hit Blocks": 0, "Local Read Blocks": 0, "Local Dirtied Blocks": 0, "Local Written Blocks": 0, "Temp Read Blocks": 0, "Temp Written Blocks": 0, "I/O Read Time": 25.083, "I/O Write Time": 0.0, "parent": "Hash Join"}, {"Node Type": "Hash", "Parent Relationship": "Inner", "Parallel Aware": false, "Startup Cost": 2135.49, "Total Cost": 2135.49, "Plan Rows": 73049, "Plan Width": 8, "Actual Startup Time": 52.245, "Actual Total Time": 52.247, "Actual Rows": 73049, "Actual Loops": 1, "Output": ["date_dim.d_qoy", "date_dim.d_date_sk"], "Hash Buckets": 131072, "Original Hash Buckets": 131072, "Hash Batches": 1, "Original Hash Batches": 1, "Peak Memory Usage": 3878, "Shared Hit Blocks": 0, "Shared Read Blocks": 1405, "Shared Dirtied Blocks": 0, "Shared Written Blocks": 0, "Local Hit Blocks": 0, "Local Read Blocks": 0, "Local Dirtied Blocks": 0, "Local Written Blocks": 0, "Temp Read Blocks": 0, "Temp Written Blocks": 0, "I/O Read Time": 16.152, "I/O Write Time": 0.0, "Plans": [{"Node Type": "Seq Scan", "Parent Relationship": "Outer", "Parallel Aware": false, "Relation Name": "date_dim", "Schema": "public", "Alias": "date_dim", "Startup Cost": 0.0, "Total Cost": 2135.49, "Plan Rows": 73049, "Plan Width": 8, "Actual Startup Time": 0.464, "Actual Total Time": 32.421, "Actual Rows": 73049, "Actual Loops": 1, "Output": ["date_dim.d_qoy", "date_dim.d_date_sk"], "Shared Hit Blocks": 0, "Shared Read Blocks": 1405, "Shared Dirtied Blocks": 0, "Shared Written Blocks": 0, "Local Hit Blocks": 0, "Local Read Blocks": 0, "Local Dirtied Blocks": 0, "Local Written Blocks": 0, "Temp Read Blocks": 0, "Temp Written Blocks": 0, "I/O Read Time": 16.152, "I/O Write Time": 0.0, "parent": "Hash"}], "parent": "Hash Join"}], "parent": "None"}, "Planning": {"Shared Hit Blocks": 155, "Shared Read Blocks": 26, "Shared Dirtied Blocks": 0, "Shared Written Blocks": 0, "Local Hit Blocks": 0, "Local Read Blocks": 0, "Local Dirtied Blocks": 0, "Local Written Blocks": 0, "Temp Read Blocks": 0, "Temp Written Blocks": 0, "I/O Read Time": 9.469, "I/O Write Time": 0.0}, "Planning Time": 10.988, "Triggers": [], "Execution Time": 1376.683}, "config": {}}
{"query": "EXPLAIN (ANALYZE, COSTS, BUFFERS, VERBOSE, FORMAT JSON) select store_sales.ss_ticket_number from store_sales where store_sales.ss_item_sk <= 1265;", "planinfo": {"Plan": {"Node Type": "Index Only Scan", "Parallel Aware": false, "Scan Direction": "Forward", "Index Name": "store_sales_pkey", "Relation Name": "store_sales", "Schema": "public", "Alias": "store_sales", "Startup Cost": 0.43, "Total Cost": 6560.9, "Plan Rows": 199798, "Plan Width": 4, "Actual Startup Time": 1.439, "Actual Total Time": 395.679, "Actual Rows": 203034, "Actual Loops": 1, "Output": ["ss_ticket_number"], "Index Cond": "(store_sales.ss_item_sk <= 1265)", "Rows Removed by Index Recheck": 0, "Heap Fetches": 0, "Shared Hit Blocks": 2530, "Shared Read Blocks": 781, "Shared Dirtied Blocks": 0, "Shared Written Blocks": 0, "Local Hit Blocks": 0, "Local Read Blocks": 0, "Local Dirtied Blocks": 0, "Local Written Blocks": 0, "Temp Read Blocks": 0, "Temp Written Blocks": 0, "I/O Read Time": 355.44, "I/O Write Time": 0.0, "parent": "None"}, "Planning": {"Shared Hit Blocks": 47, "Shared Read Blocks": 5, "Shared Dirtied Blocks": 0, "Shared Written Blocks": 0, "Local Hit Blocks": 0, "Local Read Blocks": 0, "Local Dirtied Blocks": 0, "Local Written Blocks": 0, "Temp Read Blocks": 0, "Temp Written Blocks": 0, "I/O Read Time": 1.849, "I/O Write Time": 0.0}, "Planning Time": 2.191, "Triggers": [], "Execution Time": 408.472}, "config": {}}
{"query": "EXPLAIN (ANALYZE, COSTS, BUFFERS, VERBOSE, FORMAT JSON) select store_sales.ss_sold_date_sk, date_dim.d_date_sk from date_dim join store_sales on store_sales.ss_sold_date_sk=date_dim.d_date_sk order by store_sales.ss_sold_date_sk ASC;", "planinfo": {"Plan": {"Node Type": "Merge Join", "Parallel Aware": false, "Join Type": "Inner", "Startup Cost": 1033.46, "Total Cost": 89044.92, "Plan Rows": 2880320, "Plan Width": 8, "Actual Startup Time": 11.255, "Actual Total Time": 899.847, "Actual Rows": 2750311, "Actual Loops": 1, "Output": ["store_sales.ss_sold_date_sk", "date_dim.d_date_sk"], "Inner Unique": false, "Merge Cond": "(date_dim.d_date_sk = store_sales.ss_sold_date_sk)", "Shared Hit Blocks": 3651, "Shared Read Blocks": 2495, "Shared Dirtied Blocks": 0, "Shared Written Blocks": 0, "Local Hit Blocks": 0, "Local Read Blocks": 0, "Local Dirtied Blocks": 0, "Local Written Blocks": 0, "Temp Read Blocks": 0, "Temp Written Blocks": 0, "I/O Read Time": 25.904, "I/O Write Time": 0.0, "Plans": [{"Node Type": "Index Only Scan", "Parent Relationship": "Outer", "Parallel Aware": false, "Scan Direction": "Forward", "Index Name": "d_date_sk_idx", "Relation Name": "date_dim", "Schema": "public", "Alias": "date_dim", "Startup Cost": 0.29, "Total Cost": 1904.03, "Plan Rows": 73049, "Plan Width": 4, "Actual Startup Time": 0.929, "Actual Total Time": 7.393, "Actual Rows": 37622, "Actual Loops": 1, "Output": ["date_dim.d_date_sk"], "Heap Fetches": 0, "Shared Hit Blocks": 0, "Shared Read Blocks": 105, "Shared Dirtied Blocks": 0, "Shared Written Blocks": 0, "Local Hit Blocks": 0, "Local Read Blocks": 0, "Local Dirtied Blocks": 0, "Local Written Blocks": 0, "Temp Read Blocks": 0, "Temp Written Blocks": 0, "I/O Read Time": 2.048, "I/O Write Time": 0.0, "parent": "Merge Join"}, {"Node Type": "Index Only Scan", "Parent Relationship": "Inner", "Parallel Aware": false, "Scan Direction": "Forward", "Index Name": "ss_sold_date_sk_idx", "Relation Name": "store_sales", "Schema": "public", "Alias": "store_sales", "Startup Cost": 0.43, "Total Cost": 53273.23, "Plan Rows": 2880320, "Plan Width": 4, "Actual Startup Time": 0.03, "Actual Total Time": 388.838, "Actual Rows": 2750312, "Actual Loops": 1, "Output": ["store_sales.ss_sold_date_sk"], "Heap Fetches": 0, "Shared Hit Blocks": 3651, "Shared Read Blocks": 2390, "Shared Dirtied Blocks": 0, "Shared Written Blocks": 0, "Local Hit Blocks": 0, "Local Read Blocks": 0, "Local Dirtied Blocks": 0, "Local Written Blocks": 0, "Temp Read Blocks": 0, "Temp Written Blocks": 0, "I/O Read Time": 23.856, "I/O Write Time": 0.0, "parent": "Merge Join"}], "parent": "None"}, "Planning": {"Shared Hit Blocks": 147, "Shared Read Blocks": 25, "Shared Dirtied Blocks": 0, "Shared Written Blocks": 0, "Local Hit Blocks": 0, "Local Read Blocks": 0, "Local Dirtied Blocks": 0, "Local Written Blocks": 0, "Temp Read Blocks": 0, "Temp Written Blocks": 0, "I/O Read Time": 9.076, "I/O Write Time": 0.0}, "Planning Time": 10.413, "Triggers": [], "Execution Time": 1057.178}, "config": {}}
{"query": "EXPLAIN (ANALYZE, COSTS, BUFFERS, VERBOSE, FORMAT JSON) select web_returns.wr_order_number from web_returns where web_returns.wr_item_sk <= 6760;", "planinfo": {"Plan": {"Node Type": "Index Only Scan", "Parallel Aware": false, "Scan Direction": "Forward", "Index Name": "web_returns_pkey", "Relation Name": "web_returns", "Schema": "public", "Alias": "web_returns", "Startup Cost": 0.29, "Total Cost": 888.38, "Plan Rows": 26748, "Plan Width": 4, "Actual Startup Time": 1.119, "Actual Total Time": 53.261, "Actual Rows": 26960, "Actual Loops": 1, "Output": ["wr_order_number"], "Index Cond": "(web_returns.wr_item_sk <= 6760)", "Rows Removed by Index Recheck": 0, "Heap Fetches": 0, "Shared Hit Blocks": 0, "Shared Read Blocks": 108, "Shared Dirtied Blocks": 0, "Shared Written Blocks": 0, "Local Hit Blocks": 0, "Local Read Blocks": 0, "Local Dirtied Blocks": 0, "Local Written Blocks": 0, "Temp Read Blocks": 0, "Temp Written Blocks": 0, "I/O Read Time": 48.01, "I/O Write Time": 0.0, "parent": "None"}, "Planning": {"Shared Hit Blocks": 34, "Shared Read Blocks": 5, "Shared Dirtied Blocks": 0, "Shared Written Blocks": 0, "Local Hit Blocks": 0, "Local Read Blocks": 0, "Local Dirtied Blocks": 0, "Local Written Blocks": 0, "Temp Read Blocks": 0, "Temp Written Blocks": 0, "I/O Read Time": 2.284, "I/O Write Time": 0.0}, "Planning Time": 2.619, "Triggers": [], "Execution Time": 54.744}, "config": {}}
{"query": "EXPLAIN (ANALYZE, COSTS, BUFFERS, VERBOSE, FORMAT JSON) select web_returns.wr_order_number from web_returns where web_returns.wr_order_number = 24590;", "planinfo": {"Plan": {"Node Type": "Index Only Scan", "Parallel Aware": false, "Scan Direction": "Forward", "Index Name": "web_returns_pkey", "Relation Name": "web_returns", "Schema": "public", "Alias": "web_returns", "Startup Cost": 0.29, "Total Cost": 1662.53, "Plan Rows": 2, "Plan Width": 4, "Actual Startup Time": 56.472, "Actual Total Time": 84.698, "Actual Rows": 1, "Actual Loops": 1, "Output": ["wr_order_number"], "Index Cond": "(web_returns.wr_order_number = 24590)", "Rows Removed by Index Recheck": 0, "Heap Fetches": 0, "Shared Hit Blocks": 0, "Shared Read Blocks": 281, "Shared Dirtied Blocks": 0, "Shared Written Blocks": 0, "Local Hit Blocks": 0, "Local Read Blocks": 0, "Local Dirtied Blocks": 0, "Local Written Blocks": 0, "Temp Read Blocks": 0, "Temp Written Blocks": 0, "I/O Read Time": 82.625, "I/O Write Time": 0.0, "parent": "None"}, "Planning": {"Shared Hit Blocks": 32, "Shared Read Blocks": 5, "Shared Dirtied Blocks": 0, "Shared Written Blocks": 0, "Local Hit Blocks": 0, "Local Read Blocks": 0, "Local Dirtied Blocks": 0, "Local Written Blocks": 0, "Temp Read Blocks": 0, "Temp Written Blocks": 0, "I/O Read Time": 2.209, "I/O Write Time": 0.0}, "Planning Time": 2.519, "Triggers": [], "Execution Time": 84.737}, "config": {}}
{"query": "EXPLAIN (ANALYZE, COSTS, BUFFERS, VERBOSE, FORMAT JSON) select web_returns.wr_item_sk from web_returns where web_returns.wr_item_sk < 12596;", "planinfo": {"Plan": {"Node Type": "Index Only Scan", "Parallel Aware": false, "Scan Direction": "Forward", "Index Name": "web_returns_pkey", "Relation Name": "web_returns", "Schema": "public", "Alias": "web_returns", "Startup Cost": 0.29, "Total Cost": 1668.04, "Plan Rows": 50271, "Plan Width": 4, "Actual Startup Time": 1.015, "Actual Total Time": 87.451, "Actual Rows": 50329, "Actual Loops": 1, "Output": ["wr_item_sk"], "Index Cond": "(web_returns.wr_item_sk < 12596)", "Rows Removed by Index Recheck": 0, "Heap Fetches": 0, "Shared Hit Blocks": 0, "Shared Read Blocks": 201, "Shared Dirtied Blocks": 0, "Shared Written Blocks": 0, "Local Hit Blocks": 0, "Local Read Blocks": 0, "Local Dirtied Blocks": 0, "Local Written Blocks": 0, "Temp Read Blocks": 0, "Temp Written Blocks": 0, "I/O Read Time": 77.646, "I/O Write Time": 0.0, "parent": "None"}, "Planning": {"Shared Hit Blocks": 28, "Shared Read Blocks": 4, "Shared Dirtied Blocks": 0, "Shared Written Blocks": 0, "Local Hit Blocks": 0, "Local Read Blocks": 0, "Local Dirtied Blocks": 0, "Local Written Blocks": 0, "Temp Read Blocks": 0, "Temp Written Blocks": 0, "I/O Read Time": 1.994, "I/O Write Time": 0.0}, "Planning Time": 2.282, "Triggers": [], "Execution Time": 90.403}, "config": {}}
{"query": "EXPLAIN (ANALYZE, COSTS, BUFFERS, VERBOSE, FORMAT JSON) select catalog_returns.cr_ship_mode_sk, ship_mode.sm_ship_mode_sk from ship_mode join catalog_returns on catalog_returns.cr_ship_mode_sk=ship_mode.sm_ship_mode_sk where catalog_returns.cr_refunded_addr_sk = 13028 and catalog_returns.cr_returning_cdemo_sk > 978661 order by catalog_returns.cr_ship_mode_sk ASC;", "planinfo": {"Plan": {"Node Type": "Nested Loop", "Parallel Aware": false, "Join Type": "Inner", "Startup Cost": 0.14, "Total Cost": 5051.05, "Plan Rows": 2, "Plan Width": 8, "Actual Startup Time": 78.275, "Actual Total Time": 78.293, "Actual Rows": 4, "Actual Loops": 1, "Output": ["catalog_returns.cr_ship_mode_sk", "ship_mode.sm_ship_mode_sk"], "Inner Unique": false, "Join Filter": "(ship_mode.sm_ship_mode_sk = catalog_returns.cr_ship_mode_sk)", "Rows Removed by Join Filter": 76, "Shared Hit Blocks": 2, "Shared Read Blocks": 2877, "Shared Dirtied Blocks": 0, "Shared Written Blocks": 0, "Local Hit Blocks": 0, "Local Read Blocks": 0, "Local Dirtied Blocks": 0, "Local Written Blocks": 0, "Temp Read Blocks": 0, "Temp Written Blocks": 0, "I/O Read Time": 53.37, "I/O Write Time": 0.0, "Plans": [{"Node Type": "Index Only Scan", "Parent Relationship": "Outer", "Parallel Aware": false, "Scan Direction": "Forward", "Index Name": "ship_mode_pkey", "Relation Name": "ship_mode", "Schema": "public", "Alias": "ship_mode", "Startup Cost": 0.14, "Total Cost": 12.44, "Plan Rows": 20, "Plan Width": 4, "Actual Startup Time": 0.006, "Actual Total Time": 0.021, "Actual Rows": 20, "Actual Loops": 1, "Output": ["ship_mode.sm_ship_mode_sk"], "Heap Fetches": 20, "Shared Hit Blocks": 2, "Shared Read Blocks": 0, "Shared Dirtied Blocks": 0, "Shared Written Blocks": 0, "Local Hit Blocks": 0, "Local Read Blocks": 0, "Local Dirtied Blocks": 0, "Local Written Blocks": 0, "Temp Read Blocks": 0, "Temp Written Blocks": 0, "I/O Read Time": 0.0, "I/O Write Time": 0.0, "parent": "Nested Loop"}, {"Node Type": "Materialize", "Parent Relationship": "Inner", "Parallel Aware": false, "Startup Cost": 0.0, "Total Cost": 5038.02, "Plan Rows": 2, "Plan Width": 4, "Actual Startup Time": 0.532, "Actual Total Time": 3.912, "Actual Rows": 4, "Actual Loops": 20, "Output": ["catalog_returns.cr_ship_mode_sk"], "Shared Hit Blocks": 0, "Shared Read Blocks": 2877, "Shared Dirtied Blocks": 0, "Shared Written Blocks": 0, "Local Hit Blocks": 0, "Local Read Blocks": 0, "Local Dirtied Blocks": 0, "Local Written Blocks": 0, "Temp Read Blocks": 0, "Temp Written Blocks": 0, "I/O Read Time": 53.37, "I/O Write Time": 0.0, "Plans": [{"Node Type": "Seq Scan", "Parent Relationship": "Outer", "Parallel Aware": false, "Relation Name": "catalog_returns", "Schema": "public", "Alias": "catalog_returns", "Startup Cost": 0.0, "Total Cost": 5038.01, "Plan Rows": 2, "Plan Width": 4, "Actual Startup Time": 10.635, "Actual Total Time": 78.225, "Actual Rows": 4, "Actual Loops": 1, "Output": ["catalog_returns.cr_ship_mode_sk"], "Filter": "((catalog_returns.cr_returning_cdemo_sk > 978661) AND (catalog_returns.cr_refunded_addr_sk = 13028))", "Rows Removed by Filter": 144063, "Shared Hit Blocks": 0, "Shared Read Blocks": 2877, "Shared Dirtied Blocks": 0, "Shared Written Blocks": 0, "Local Hit Blocks": 0, "Local Read Blocks": 0, "Local Dirtied Blocks": 0, "Local Written Blocks": 0, "Temp Read Blocks": 0, "Temp Written Blocks": 0, "I/O Read Time": 53.37, "I/O Write Time": 0.0, "parent": "Materialize"}], "parent": "Nested Loop"}], "parent": "None"}, "Planning": {"Shared Hit Blocks": 95, "Shared Read Blocks": 13, "Shared Dirtied Blocks": 0, "Shared Written Blocks": 0, "Local Hit Blocks": 0, "Local Read Blocks": 0, "Local Dirtied Blocks": 0, "Local Written Blocks": 0, "Temp Read Blocks": 0, "Temp Written Blocks": 0, "I/O Read Time": 4.566, "I/O Write Time": 0.0}, "Planning Time": 5.682, "Triggers": [], "Execution Time": 78.332}, "config": {}}
{"query": "EXPLAIN (ANALYZE, COSTS, BUFFERS, VERBOSE, FORMAT JSON) select catalog_returns.cr_refunded_addr_sk, ship_mode.sm_ship_mode_sk from ship_mode join catalog_returns on catalog_returns.cr_ship_mode_sk=ship_mode.sm_ship_mode_sk where catalog_returns.cr_returning_customer_sk = 62046 order by ship_mode.sm_ship_mode_sk ASC, catalog_returns.cr_refunded_addr_sk ASC;", "planinfo": {"Plan": {"Node Type": "Incremental Sort", "Parallel Aware": false, "Startup Cost": 2345.52, "Total Cost": 4690.97, "Plan Rows": 2, "Plan Width": 8, "Actual Startup Time": 77.308, "Actual Total Time": 77.31, "Actual Rows": 2, "Actual Loops": 1, "Output": ["catalog_returns.cr_refunded_addr_sk", "ship_mode.sm_ship_mode_sk"], "Sort Key": ["ship_mode.sm_ship_mode_sk", "catalog_returns.cr_refunded_addr_sk"], "Presorted Key": ["ship_mode.sm_ship_mode_sk"], "Full-sort Groups": {"Group Count": 1, "Sort Methods Used": ["quicksort"], "Sort Space Memory": {"Average Sort Space Used": 25, "Peak Sort Space Used": 25}}, "Shared Hit Blocks": 5, "Shared Read Blocks": 2877, "Shared Dirtied Blocks": 0, "Shared Written Blocks": 0, "Local Hit Blocks": 0, "Local Read Blocks": 0, "Local Dirtied Blocks": 0, "Local Written Blocks": 0, "Temp Read Blocks": 0, "Temp Written Blocks": 0, "I/O Read Time": 55.014, "I/O Write Time": 0.0, "Plans": [{"Node Type": "Nested Loop", "Parent Relationship": "Outer", "Parallel Aware": false, "Join Type": "Inner", "Startup Cost": 0.14, "Total Cost": 4690.88, "Plan Rows": 2, "Plan Width": 8, "Actual Startup Time": 77.259, "Actual Total Time": 77.268, "Actual Rows": 2, "Actual Loops": 1, "Output": ["catalog_returns.cr_refunded_addr_sk", "ship_mode.sm_ship_mode_sk"], "Inner Unique": false, "Join Filter": "(ship_mode.sm_ship_mode_sk = catalog_returns.cr_ship_mode_sk)", "Rows Removed by Join Filter": 38, "Shared Hit Blocks": 2, "Shared Read Blocks": 2877, "Shared Dirtied Blocks": 0, "Shared Written Blocks": 0, "Local Hit Blocks": 0, "Local Read Blocks": 0, "Local Dirtied Blocks": 0, "Local Written Blocks": 0, "Temp Read Blocks": 0, "Temp Written Blocks": 0, "I/O Read Time": 55.014, "I/O Write Time": 0.0, "Plans": [{"Node Type": "Index Only Scan", "Parent Relationship": "Outer", "Parallel Aware": false, "Scan Direction": "Forward", "Index Name": "ship_mode_pkey", "Relation Name": "ship_mode", "Schema": "public", "Alias": "ship_mode", "Startup Cost": 0.14, "Total Cost": 12.44, "Plan Rows": 20, "Plan Width": 4, "Actual Startup Time": 0.006, "Actual Total Time": 0.022, "Actual Rows": 20, "Actual Loops": 1, "Output": ["ship_mode.sm_ship_mode_sk"], "Heap Fetches": 20, "Shared Hit Blocks": 2, "Shared Read Blocks": 0, "Shared Dirtied Blocks": 0, "Shared Written Blocks": 0, "Local Hit Blocks": 0, "Local Read Blocks": 0, "Local Dirtied Blocks": 0, "Local Written Blocks": 0, "Temp Read Blocks": 0, "Temp Written Blocks": 0, "I/O Read Time": 0.0, "I/O Write Time": 0.0, "parent": "Nested Loop"}, {"Node Type": "Materialize", "Parent Relationship": "Inner", "Parallel Aware": false, "Startup Cost": 0.0, "Total Cost": 4677.85, "Plan Rows": 2, "Plan Width": 8, "Actual Startup Time": 0.807, "Actual Total Time": 3.861, "Actual Rows": 2, "Actual Loops": 20, "Output": ["catalog_returns.cr_refunded_addr_sk", "catalog_returns.cr_ship_mode_sk"], "Shared Hit Blocks": 0, "Shared Read Blocks": 2877, "Shared Dirtied Blocks": 0, "Shared Written Blocks": 0, "Local Hit Blocks": 0, "Local Read Blocks": 0, "Local Dirtied Blocks": 0, "Local Written Blocks": 0, "Temp Read Blocks": 0, "Temp Written Blocks": 0, "I/O Read Time": 55.014, "I/O Write Time": 0.0, "Plans": [{"Node Type": "Seq Scan", "Parent Relationship": "Outer", "Parallel Aware": false, "Relation Name": "catalog_returns", "Schema": "public", "Alias": "catalog_returns", "Startup Cost": 0.0, "Total Cost": 4677.84, "Plan Rows": 2, "Plan Width": 8, "Actual Startup Time": 16.128, "Actual Total Time": 77.209, "Actual Rows": 2, "Actual Loops": 1, "Output": ["catalog_returns.cr_refunded_addr_sk", "catalog_returns.cr_ship_mode_sk"], "Filter": "(catalog_returns.cr_returning_customer_sk = 62046)", "Rows Removed by Filter": 144065, "Shared Hit Blocks": 0, "Shared Read Blocks": 2877, "Shared Dirtied Blocks": 0, "Shared Written Blocks": 0, "Local Hit Blocks": 0, "Local Read Blocks": 0, "Local Dirtied Blocks": 0, "Local Written Blocks": 0, "Temp Read Blocks": 0, "Temp Written Blocks": 0, "I/O Read Time": 55.014, "I/O Write Time": 0.0, "parent": "Materialize"}], "parent": "Nested Loop"}], "parent": "Incremental Sort"}], "parent": "None"}, "Planning": {"Shared Hit Blocks": 91, "Shared Read Blocks": 14, "Shared Dirtied Blocks": 0, "Shared Written Blocks": 0, "Local Hit Blocks": 0, "Local Read Blocks": 0, "Local Dirtied Blocks": 0, "Local Written Blocks": 0, "Temp Read Blocks": 0, "Temp Written Blocks": 0, "I/O Read Time": 4.214, "I/O Write Time": 0.0}, "Planning Time": 6.662, "Triggers": [], "Execution Time": 77.365}, "config": {}}
{"query": "EXPLAIN (ANALYZE, COSTS, BUFFERS, VERBOSE, FORMAT JSON) select catalog_sales.cs_ship_hdemo_sk, ship_mode.sm_ship_mode_sk from catalog_sales join ship_mode on ship_mode.sm_ship_mode_sk=catalog_sales.cs_ship_mode_sk where catalog_sales.cs_ext_sales_price = 7618.29 order by ship_mode.sm_ship_mode_sk DESC, catalog_sales.cs_ship_hdemo_sk ASC;", "planinfo": {"Plan": {"Node Type": "Incremental Sort", "Parallel Aware": false, "Startup Cost": 5040.07, "Total Cost": 55439.75, "Plan Rows": 11, "Plan Width": 8, "Actual Startup Time": 1575.335, "Actual Total Time": 1575.337, "Actual Rows": 1, "Actual Loops": 1, "Output": ["catalog_sales.cs_ship_hdemo_sk", "ship_mode.sm_ship_mode_sk"], "Sort Key": ["ship_mode.sm_ship_mode_sk DESC", "catalog_sales.cs_ship_hdemo_sk"], "Presorted Key": ["ship_mode.sm_ship_mode_sk"], "Full-sort Groups": {"Group Count": 1, "Sort Methods Used": ["quicksort"], "Sort Space Memory": {"Average Sort Space Used": 25, "Peak Sort Space Used": 25}}, "Shared Hit Blocks": 5, "Shared Read Blocks": 37405, "Shared Dirtied Blocks": 0, "Shared Written Blocks": 0, "Local Hit Blocks": 0, "Local Read Blocks": 0, "Local Dirtied Blocks": 0, "Local Written Blocks": 0, "Temp Read Blocks": 0, "Temp Written Blocks": 0, "I/O Read Time": 1110.166, "I/O Write Time": 0.0, "Plans": [{"Node Type": "Nested Loop", "Parent Relationship": "Outer", "Parallel Aware": false, "Join Type": "Inner", "Startup Cost": 0.14, "Total Cost": 55439.25, "Plan Rows": 11, "Plan Width": 8, "Actual Startup Time": 1575.286, "Actual Total Time": 1575.3, "Actual Rows": 1, "Actual Loops": 1, "Output": ["catalog_sales.cs_ship_hdemo_sk", "ship_mode.sm_ship_mode_sk"], "Inner Unique": false, "Join Filter": "(catalog_sales.cs_ship_mode_sk = ship_mode.sm_ship_mode_sk)", "Rows Removed by Join Filter": 19, "Shared Hit Blocks": 2, "Shared Read Blocks": 37405, "Shared Dirtied Blocks": 0, "Shared Written Blocks": 0, "Local Hit Blocks": 0, "Local Read Blocks": 0, "Local Dirtied Blocks": 0, "Local Written Blocks": 0, "Temp Read Blocks": 0, "Temp Written Blocks": 0, "I/O Read Time": 1110.166, "I/O Write Time": 0.0, "Plans": [{"Node Type": "Index Only Scan", "Parent Relationship": "Outer", "Parallel Aware": false, "Scan Direction": "Backward", "Index Name": "ship_mode_pkey", "Relation Name": "ship_mode", "Schema": "public", "Alias": "ship_mode", "Startup Cost": 0.14, "Total Cost": 12.44, "Plan Rows": 20, "Plan Width": 4, "Actual Startup Time": 0.007, "Actual Total Time": 0.024, "Actual Rows": 20, "Actual Loops": 1, "Output": ["ship_mode.sm_ship_mode_sk"], "Heap Fetches": 20, "Shared Hit Blocks": 2, "Shared Read Blocks": 0, "Shared Dirtied Blocks": 0, "Shared Written Blocks": 0, "Local Hit Blocks": 0, "Local Read Blocks": 0, "Local Dirtied Blocks": 0, "Local Written Blocks": 0, "Temp Read Blocks": 0, "Temp Written Blocks": 0, "I/O Read Time": 0.0, "I/O Write Time": 0.0, "parent": "Nested Loop"}, {"Node Type": "Materialize", "Parent Relationship": "Inner", "Parallel Aware": false, "Startup Cost": 0.0, "Total Cost": 55423.54, "Plan Rows": 11, "Plan Width": 8, "Actual Startup Time": 11.77, "Actual Total Time": 78.763, "Actual Rows": 1, "Actual Loops": 20, "Output": ["catalog_sales.cs_ship_hdemo_sk", "catalog_sales.cs_ship_mode_sk"], "Shared Hit Blocks": 0, "Shared Read Blocks": 37405, "Shared Dirtied Blocks": 0, "Shared Written Blocks": 0, "Local Hit Blocks": 0, "Local Read Blocks": 0, "Local Dirtied Blocks": 0, "Local Written Blocks": 0, "Temp Read Blocks": 0, "Temp Written Blocks": 0, "I/O Read Time": 1110.166, "I/O Write Time": 0.0, "Plans": [{"Node Type": "Seq Scan", "Parent Relationship": "Outer", "Parallel Aware": false, "Relation Name": "catalog_sales", "Schema": "public", "Alias": "catalog_sales", "Startup Cost": 0.0, "Total Cost": 55423.49, "Plan Rows": 11, "Plan Width": 8, "Actual Startup Time": 235.383, "Actual Total Time": 1575.248, "Actual Rows": 1, "Actual Loops": 1, "Output": ["catalog_sales.cs_ship_hdemo_sk", "catalog_sales.cs_ship_mode_sk"], "Filter": "(catalog_sales.cs_ext_sales_price = 7618.29)", "Rows Removed by Filter": 1441547, "Shared Hit Blocks": 0, "Shared Read Blocks": 37405, "Shared Dirtied Blocks": 0, "Shared Written Blocks": 0, "Local Hit Blocks": 0, "Local Read Blocks": 0, "Local Dirtied Blocks": 0, "Local Written Blocks": 0, "Temp Read Blocks": 0, "Temp Written Blocks": 0, "I/O Read Time": 1110.166, "I/O Write Time": 0.0, "parent": "Materialize"}], "parent": "Nested Loop"}], "parent": "Incremental Sort"}], "parent": "None"}, "Planning": {"Shared Hit Blocks": 110, "Shared Read Blocks": 17, "Shared Dirtied Blocks": 0, "Shared Written Blocks": 0, "Local Hit Blocks": 0, "Local Read Blocks": 0, "Local Dirtied Blocks": 0, "Local Written Blocks": 0, "Temp Read Blocks": 0, "Temp Written Blocks": 0, "I/O Read Time": 4.582, "I/O Write Time": 0.0}, "Planning Time": 5.709, "Triggers": [], "Execution Time": 1575.392}, "config": {}}
{"query": "EXPLAIN (ANALYZE, COSTS, BUFFERS, VERBOSE, FORMAT JSON) select catalog_sales.cs_net_paid_inc_ship_tax, ship_mode.sm_ship_mode_sk from ship_mode join catalog_sales on catalog_sales.cs_ship_mode_sk=ship_mode.sm_ship_mode_sk where catalog_sales.cs_wholesale_cost > 34.49 and catalog_sales.cs_net_paid_inc_ship_tax = 1102.23 order by ship_mode.sm_ship_mode_sk ASC;", "planinfo": {"Plan": {"Node Type": "Nested Loop", "Parallel Aware": false, "Join Type": "Inner", "Startup Cost": 0.14, "Total Cost": 59040.23, "Plan Rows": 2, "Plan Width": 11, "Actual Startup Time": 1583.546, "Actual Total Time": 1583.556, "Actual Rows": 1, "Actual Loops": 1, "Output": ["catalog_sales.cs_net_paid_inc_ship_tax", "ship_mode.sm_ship_mode_sk"], "Inner Unique": false, "Join Filter": "(ship_mode.sm_ship_mode_sk = catalog_sales.cs_ship_mode_sk)", "Rows Removed by Join Filter": 19, "Shared Hit Blocks": 2, "Shared Read Blocks": 37405, "Shared Dirtied Blocks": 0, "Shared Written Blocks": 0, "Local Hit Blocks": 0, "Local Read Blocks": 0, "Local Dirtied Blocks": 0, "Local Written Blocks": 0, "Temp Read Blocks": 0, "Temp Written Blocks": 0, "I/O Read Time": 960.713, "I/O Write Time": 0.0, "Plans": [{"Node Type": "Index Only Scan", "Parent Relationship": "Outer", "Parallel Aware": false, "Scan Direction": "Forward", "Index Name": "ship_mode_pkey", "Relation Name": "ship_mode", "Schema": "public", "Alias": "ship_mode", "Startup Cost": 0.14, "Total Cost": 12.44, "Plan Rows": 20, "Plan Width": 4, "Actual Startup Time": 0.006, "Actual Total Time": 0.023, "Actual Rows": 20, "Actual Loops": 1, "Output": ["ship_mode.sm_ship_mode_sk"], "Heap Fetches": 20, "Shared Hit Blocks": 2, "Shared Read Blocks": 0, "Shared Dirtied Blocks": 0, "Shared Written Blocks": 0, "Local Hit Blocks": 0, "Local Read Blocks": 0, "Local Dirtied Blocks": 0, "Local Written Blocks": 0, "Temp Read Blocks": 0, "Temp Written Blocks": 0, "I/O Read Time": 0.0, "I/O Write Time": 0.0, "parent": "Nested Loop"}, {"Node Type": "Materialize", "Parent Relationship": "Inner", "Parallel Aware": false, "Startup Cost": 0.0, "Total Cost": 59027.19, "Plan Rows": 2, "Plan Width": 11, "Actual Startup Time": 34.229, "Actual Total Time": 79.176, "Actual Rows": 1, "Actual Loops": 20, "Output": ["catalog_sales.cs_net_paid_inc_ship_tax", "catalog_sales.cs_ship_mode_sk"], "Shared Hit Blocks": 0, "Shared Read Blocks": 37405, "Shared Dirtied Blocks": 0, "Shared Written Blocks": 0, "Local Hit Blocks": 0, "Local Read Blocks": 0, "Local Dirtied Blocks": 0, "Local Written Blocks": 0, "Temp Read Blocks": 0, "Temp Written Blocks": 0, "I/O Read Time": 960.713, "I/O Write Time": 0.0, "Plans": [{"Node Type": "Seq Scan", "Parent Relationship": "Outer", "Parallel Aware": false, "Relation Name": "catalog_sales", "Schema": "public", "Alias": "catalog_sales", "Startup Cost": 0.0, "Total Cost": 59027.18, "Plan Rows": 2, "Plan Width": 11, "Actual Startup Time": 684.573, "Actual Total Time": 1583.502, "Actual Rows": 1, "Actual Loops": 1, "Output": ["catalog_sales.cs_net_paid_inc_ship_tax", "catalog_sales.cs_ship_mode_sk"], "Filter": "((catalog_sales.cs_wholesale_cost > 34.49) AND (catalog_sales.cs_net_paid_inc_ship_tax = 1102.23))", "Rows Removed by Filter": 1441547, "Shared Hit Blocks": 0, "Shared Read Blocks": 37405, "Shared Dirtied Blocks": 0, "Shared Written Blocks": 0, "Local Hit Blocks": 0, "Local Read Blocks": 0, "Local Dirtied Blocks": 0, "Local Written Blocks": 0, "Temp Read Blocks": 0, "Temp Written Blocks": 0, "I/O Read Time": 960.713, "I/O Write Time": 0.0, "parent": "Materialize"}], "parent": "Nested Loop"}], "parent": "None"}, "Planning": {"Shared Hit Blocks": 98, "Shared Read Blocks": 16, "Shared Dirtied Blocks": 0, "Shared Written Blocks": 0, "Local Hit Blocks": 0, "Local Read Blocks": 0, "Local Dirtied Blocks": 0, "Local Written Blocks": 0, "Temp Read Blocks": 0, "Temp Written Blocks": 0, "I/O Read Time": 4.172, "I/O Write Time": 0.0}, "Planning Time": 5.312, "Triggers": [], "Execution Time": 1583.6}, "config": {}}
{"query": "EXPLAIN (ANALYZE, COSTS, BUFFERS, VERBOSE, FORMAT JSON) select web_sales.ws_wholesale_cost, ship_mode.sm_ship_mode_sk,  sum(ship_mode.sm_ship_mode_sk) from ship_mode join web_sales on web_sales.ws_ship_mode_sk=ship_mode.sm_ship_mode_sk where web_sales.ws_bill_cdemo_sk = 40045 group by web_sales.ws_wholesale_cost, ship_mode.sm_ship_mode_sk order by ship_mode.sm_ship_mode_sk ASC;", "planinfo": {"Plan": {"Node Type": "Aggregate", "Strategy": "Sorted", "Partial Mode": "Simple", "Parallel Aware": false, "Startup Cost": 2777.7, "Total Cost": 27776.38, "Plan Rows": 13, "Plan Width": 18, "Actual Startup Time": 432.451, "Actual Total Time": 432.466, "Actual Rows": 15, "Actual Loops": 1, "Output": ["web_sales.ws_wholesale_cost", "ship_mode.sm_ship_mode_sk", "sum(ship_mode.sm_ship_mode_sk)"], "Group Key": ["ship_mode.sm_ship_mode_sk", "web_sales.ws_wholesale_cost"], "Shared Hit Blocks": 8, "Shared Read Blocks": 18767, "Shared Dirtied Blocks": 0, "Shared Written Blocks": 0, "Local Hit Blocks": 0, "Local Read Blocks": 0, "Local Dirtied Blocks": 0, "Local Written Blocks": 0, "Temp Read Blocks": 0, "Temp Written Blocks": 0, "I/O Read Time": 323.792, "I/O Write Time": 0.0, "Plans": [{"Node Type": "Incremental Sort", "Parent Relationship": "Outer", "Parallel Aware": false, "Startup Cost": 2777.7, "Total Cost": 27776.15, "Plan Rows": 13, "Plan Width": 10, "Actual Startup Time": 431.948, "Actual Total Time": 431.951, "Actual Rows": 15, "Actual Loops": 1, "Output": ["web_sales.ws_wholesale_cost", "ship_mode.sm_ship_mode_sk"], "Sort Key": ["ship_mode.sm_ship_mode_sk", "web_sales.ws_wholesale_cost"], "Presorted Key": ["ship_mode.sm_ship_mode_sk"], "Full-sort Groups": {"Group Count": 1, "Sort Methods Used": ["quicksort"], "Sort Space Memory": {"Average Sort Space Used": 25, "Peak Sort Space Used": 25}}, "Shared Hit Blocks": 8, "Shared Read Blocks": 18767, "Shared Dirtied Blocks": 0, "Shared Written Blocks": 0, "Local Hit Blocks": 0, "Local Read Blocks": 0, "Local Dirtied Blocks": 0, "Local Written Blocks": 0, "Temp Read Blocks": 0, "Temp Written Blocks": 0, "I/O Read Time": 323.792, "I/O Write Time": 0.0, "Plans": [{"Node Type": "Nested Loop", "Parent Relationship": "Outer", "Parallel Aware": false, "Join Type": "Inner", "Startup Cost": 0.14, "Total Cost": 27775.67, "Plan Rows": 13, "Plan Width": 10, "Actual Startup Time": 239.357, "Actual Total Time": 431.891, "Actual Rows": 15, "Actual Loops": 1, "Output": ["web_sales.ws_wholesale_cost", "ship_mode.sm_ship_mode_sk"], "Inner Unique": false, "Join Filter": "(ship_mode.sm_ship_mode_sk = web_sales.ws_ship_mode_sk)", "Rows Removed by Join Filter": 285, "Shared Hit Blocks": 2, "Shared Read Blocks": 18767, "Shared Dirtied Blocks": 0, "Shared Written Blocks": 0, "Local Hit Blocks": 0, "Local Read Blocks": 0, "Local Dirtied Blocks": 0, "Local Written Blocks": 0, "Temp Read Blocks": 0, "Temp Written Blocks": 0, "I/O Read Time": 323.792, "I/O Write Time": 0.0, "Plans": [{"Node Type": "Index Only Scan", "Parent Relationship": "Outer", "Parallel Aware": false, "Scan Direction": "Forward", "Index Name": "ship_mode_pkey", "Relation Name": "ship_mode", "Schema": "public", "Alias": "ship_mode", "Startup Cost": 0.14, "Total Cost": 12.44, "Plan Rows": 20, "Plan Width": 4, "Actual Startup Time": 0.005, "Actual Total Time": 0.022, "Actual Rows": 20, "Actual Loops": 1, "Output": ["ship_mode.sm_ship_mode_sk"], "Heap Fetches": 20, "Shared Hit Blocks": 2, "Shared Read Blocks": 0, "Shared Dirtied Blocks": 0, "Shared Written Blocks": 0, "Local Hit Blocks": 0, "Local Read Blocks": 0, "Local Dirtied Blocks": 0, "Local Written Blocks": 0, "Temp Read Blocks": 0, "Temp Written Blocks": 0, "I/O Read Time": 0.0, "I/O Write Time": 0.0, "parent": "Nested Loop"}, {"Node Type": "Materialize", "Parent Relationship": "Inner", "Parallel Aware": false, "Startup Cost": 0.0, "Total Cost": 27759.37, "Plan Rows": 13, "Plan Width": 10, "Actual Startup Time": 11.967, "Actual Total Time": 21.591, "Actual Rows": 15, "Actual Loops": 20, "Output": ["web_sales.ws_wholesale_cost", "web_sales.ws_ship_mode_sk"], "Shared Hit Blocks": 0, "Shared Read Blocks": 18767, "Shared Dirtied Blocks": 0, "Shared Written Blocks": 0, "Local Hit Blocks": 0, "Local Read Blocks": 0, "Local Dirtied Blocks": 0, "Local Written Blocks": 0, "Temp Read Blocks": 0, "Temp Written Blocks": 0, "I/O Read Time": 323.792, "I/O Write Time": 0.0, "Plans": [{"Node Type": "Seq Scan", "Parent Relationship": "Outer", "Parallel Aware": false, "Relation Name": "web_sales", "Schema": "public", "Alias": "web_sales", "Startup Cost": 0.0, "Total Cost": 27759.3, "Plan Rows": 13, "Plan Width": 10, "Actual Startup Time": 239.329, "Actual Total Time": 431.783, "Actual Rows": 15, "Actual Loops": 1, "Output": ["web_sales.ws_wholesale_cost", "web_sales.ws_ship_mode_sk"], "Filter": "(web_sales.ws_bill_cdemo_sk = 40045)", "Rows Removed by Filter": 719369, "Shared Hit Blocks": 0, "Shared Read Blocks": 18767, "Shared Dirtied Blocks": 0, "Shared Written Blocks": 0, "Local Hit Blocks": 0, "Local Read Blocks": 0, "Local Dirtied Blocks": 0, "Local Written Blocks": 0, "Temp Read Blocks": 0, "Temp Written Blocks": 0, "I/O Read Time": 323.792, "I/O Write Time": 0.0, "parent": "Materialize"}], "parent": "Nested Loop"}], "parent": "Incremental Sort"}], "parent": "Aggregate"}], "parent": "None"}, "Planning": {"Shared Hit Blocks": 93, "Shared Read Blocks": 19, "Shared Dirtied Blocks": 0, "Shared Written Blocks": 0, "Local Hit Blocks": 0, "Local Read Blocks": 0, "Local Dirtied Blocks": 0, "Local Written Blocks": 0, "Temp Read Blocks": 0, "Temp Written Blocks": 0, "I/O Read Time": 5.848, "I/O Write Time": 0.0}, "Planning Time": 8.114, "Triggers": [], "Execution Time": 433.221}, "config": {}}
{"query": "EXPLAIN (ANALYZE, COSTS, BUFFERS, VERBOSE, FORMAT JSON) select store_sales.ss_sold_date_sk, date_dim.d_date_sk from date_dim join store_sales on store_sales.ss_sold_date_sk=date_dim.d_date_sk order by store_sales.ss_sold_date_sk ASC;", "planinfo": {"Plan": {"Node Type": "Merge Join", "Parallel Aware": false, "Join Type": "Inner", "Startup Cost": 1033.46, "Total Cost": 89044.92, "Plan Rows": 2880320, "Plan Width": 8, "Actual Startup Time": 10.955, "Actual Total Time": 883.55, "Actual Rows": 2750311, "Actual Loops": 1, "Output": ["store_sales.ss_sold_date_sk", "date_dim.d_date_sk"], "Inner Unique": false, "Merge Cond": "(date_dim.d_date_sk = store_sales.ss_sold_date_sk)", "Shared Hit Blocks": 3651, "Shared Read Blocks": 2495, "Shared Dirtied Blocks": 0, "Shared Written Blocks": 0, "Local Hit Blocks": 0, "Local Read Blocks": 0, "Local Dirtied Blocks": 0, "Local Written Blocks": 0, "Temp Read Blocks": 0, "Temp Written Blocks": 0, "I/O Read Time": 25.774, "I/O Write Time": 0.0, "Plans": [{"Node Type": "Index Only Scan", "Parent Relationship": "Outer", "Parallel Aware": false, "Scan Direction": "Forward", "Index Name": "d_date_sk_idx", "Relation Name": "date_dim", "Schema": "public", "Alias": "date_dim", "Startup Cost": 0.29, "Total Cost": 1904.03, "Plan Rows": 73049, "Plan Width": 4, "Actual Startup Time": 0.926, "Actual Total Time": 7.266, "Actual Rows": 37622, "Actual Loops": 1, "Output": ["date_dim.d_date_sk"], "Heap Fetches": 0, "Shared Hit Blocks": 0, "Shared Read Blocks": 105, "Shared Dirtied Blocks": 0, "Shared Written Blocks": 0, "Local Hit Blocks": 0, "Local Read Blocks": 0, "Local Dirtied Blocks": 0, "Local Written Blocks": 0, "Temp Read Blocks": 0, "Temp Written Blocks": 0, "I/O Read Time": 2.022, "I/O Write Time": 0.0, "parent": "Merge Join"}, {"Node Type": "Index Only Scan", "Parent Relationship": "Inner", "Parallel Aware": false, "Scan Direction": "Forward", "Index Name": "ss_sold_date_sk_idx", "Relation Name": "store_sales", "Schema": "public", "Alias": "store_sales", "Startup Cost": 0.43, "Total Cost": 53273.23, "Plan Rows": 2880320, "Plan Width": 4, "Actual Startup Time": 0.029, "Actual Total Time": 385.528, "Actual Rows": 2750312, "Actual Loops": 1, "Output": ["store_sales.ss_sold_date_sk"], "Heap Fetches": 0, "Shared Hit Blocks": 3651, "Shared Read Blocks": 2390, "Shared Dirtied Blocks": 0, "Shared Written Blocks": 0, "Local Hit Blocks": 0, "Local Read Blocks": 0, "Local Dirtied Blocks": 0, "Local Written Blocks": 0, "Temp Read Blocks": 0, "Temp Written Blocks": 0, "I/O Read Time": 23.751, "I/O Write Time": 0.0, "parent": "Merge Join"}], "parent": "None"}, "Planning": {"Shared Hit Blocks": 147, "Shared Read Blocks": 25, "Shared Dirtied Blocks": 0, "Shared Written Blocks": 0, "Local Hit Blocks": 0, "Local Read Blocks": 0, "Local Dirtied Blocks": 0, "Local Written Blocks": 0, "Temp Read Blocks": 0, "Temp Written Blocks": 0, "I/O Read Time": 8.697, "I/O Write Time": 0.0}, "Planning Time": 9.992, "Triggers": [], "Execution Time": 1024.36}, "config": {}}
{"query": "EXPLAIN (ANALYZE, COSTS, BUFFERS, VERBOSE, FORMAT JSON) select date_dim.d_date_sk, catalog_returns.cr_return_quantity from date_dim join catalog_returns on catalog_returns.cr_returned_date_sk=date_dim.d_date_sk order by date_dim.d_date_sk DESC, catalog_returns.cr_return_quantity ASC;", "planinfo": {"Plan": {"Node Type": "Sort", "Parallel Aware": false, "Startup Cost": 21827.44, "Total Cost": 22187.61, "Plan Rows": 144067, "Plan Width": 8, "Actual Startup Time": 341.465, "Actual Total Time": 359.614, "Actual Rows": 144067, "Actual Loops": 1, "Output": ["date_dim.d_date_sk", "catalog_returns.cr_return_quantity"], "Sort Key": ["date_dim.d_date_sk DESC", "catalog_returns.cr_return_quantity"], "Sort Method": "external merge", "Sort Space Used": 2536, "Sort Space Type": "Disk", "Shared Hit Blocks": 3, "Shared Read Blocks": 3079, "Shared Dirtied Blocks": 0, "Shared Written Blocks": 0, "Local Hit Blocks": 0, "Local Read Blocks": 0, "Local Dirtied Blocks": 0, "Local Written Blocks": 0, "Temp Read Blocks": 317, "Temp Written Blocks": 319, "I/O Read Time": 120.627, "I/O Write Time": 0.0, "Plans": [{"Node Type": "Hash Join", "Parent Relationship": "Outer", "Parallel Aware": false, "Join Type": "Inner", "Startup Cost": 2817.14, "Total Cost": 7513.01, "Plan Rows": 144067, "Plan Width": 8, "Actual Startup Time": 121.557, "Actual Total Time": 235.601, "Actual Rows": 144067, "Actual Loops": 1, "Output": ["date_dim.d_date_sk", "catalog_returns.cr_return_quantity"], "Inner Unique": true, "Hash Cond": "(catalog_returns.cr_returned_date_sk = date_dim.d_date_sk)", "Shared Hit Blocks": 0, "Shared Read Blocks": 3079, "Shared Dirtied Blocks": 0, "Shared Written Blocks": 0, "Local Hit Blocks": 0, "Local Read Blocks": 0, "Local Dirtied Blocks": 0, "Local Written Blocks": 0, "Temp Read Blocks": 0, "Temp Written Blocks": 0, "I/O Read Time": 120.627, "I/O Write Time": 0.0, "Plans": [{"Node Type": "Seq Scan", "Parent Relationship": "Outer", "Parallel Aware": false, "Relation Name": "catalog_returns", "Schema": "public", "Alias": "catalog_returns", "Startup Cost": 0.0, "Total Cost": 4317.67, "Plan Rows": 144067, "Plan Width": 8, "Actual Startup Time": 0.457, "Actual Total Time": 44.879, "Actual Rows": 144067, "Actual Loops": 1, "Output": ["catalog_returns.cr_returned_date_sk", "catalog_returns.cr_returned_time_sk", "catalog_returns.cr_item_sk", "catalog_returns.cr_refunded_customer_sk", "catalog_returns.cr_refunded_cdemo_sk", "catalog_returns.cr_refunded_hdemo_sk", "catalog_returns.cr_refunded_addr_sk", "catalog_returns.cr_returning_customer_sk", "catalog_returns.cr_returning_cdemo_sk", "catalog_returns.cr_returning_hdemo_sk", "catalog_returns.cr_returning_addr_sk", "catalog_returns.cr_call_center_sk", "catalog_returns.cr_catalog_page_sk", "catalog_returns.cr_ship_mode_sk", "catalog_returns.cr_warehouse_sk", "catalog_returns.cr_reason_sk", "catalog_returns.cr_order_number", "catalog_returns.cr_return_quantity", "catalog_returns.cr_return_amount", "catalog_returns.cr_return_tax", "catalog_returns.cr_return_amt_inc_tax", "catalog_returns.cr_fee", "catalog_returns.cr_return_ship_cost", "catalog_returns.cr_refunded_cash", "catalog_returns.cr_reversed_charge", "catalog_returns.cr_store_credit", "catalog_returns.cr_net_loss"], "Shared Hit Blocks": 0, "Shared Read Blocks": 2877, "Shared Dirtied Blocks": 0, "Shared Written Blocks": 0, "Local Hit Blocks": 0, "Local Read Blocks": 0, "Local Dirtied Blocks": 0, "Local Written Blocks": 0, "Temp Read Blocks": 0, "Temp Written Blocks": 0, "I/O Read Time": 29.18, "I/O Write Time": 0.0, "parent": "Hash Join"}, {"Node Type": "Hash", "Parent Relationship": "Inner", "Parallel Aware": false, "Startup Cost": 1904.03, "Total Cost": 1904.03, "Plan Rows": 73049, "Plan Width": 4, "Actual Startup Time": 120.643, "Actual Total Time": 120.645, "Actual Rows": 73049, "Actual Loops": 1, "Output": ["date_dim.d_date_sk"], "Hash Buckets": 131072, "Original Hash Buckets": 131072, "Hash Batches": 1, "Original Hash Batches": 1, "Peak Memory Usage": 3593, "Shared Hit Blocks": 0, "Shared Read Blocks": 202, "Shared Dirtied Blocks": 0, "Shared Written Blocks": 0, "Local Hit Blocks": 0, "Local Read Blocks": 0, "Local Dirtied Blocks": 0, "Local Written Blocks": 0, "Temp Read Blocks": 0, "Temp Written Blocks": 0, "I/O Read Time": 91.447, "I/O Write Time": 0.0, "Plans": [{"Node Type": "Index Only Scan", "Parent Relationship": "Outer", "Parallel Aware": false, "Scan Direction": "Backward", "Index Name": "d_date_sk_idx", "Relation Name": "date_dim", "Schema": "public", "Alias": "date_dim", "Startup Cost": 0.29, "Total Cost": 1904.03, "Plan Rows": 73049, "Plan Width": 4, "Actual Startup Time": 1.365, "Actual Total Time": 102.084, "Actual Rows": 73049, "Actual Loops": 1, "Output": ["date_dim.d_date_sk"], "Heap Fetches": 0, "Shared Hit Blocks": 0, "Shared Read Blocks": 202, "Shared Dirtied Blocks": 0, "Shared Written Blocks": 0, "Local Hit Blocks": 0, "Local Read Blocks": 0, "Local Dirtied Blocks": 0, "Local Written Blocks": 0, "Temp Read Blocks": 0, "Temp Written Blocks": 0, "I/O Read Time": 91.447, "I/O Write Time": 0.0, "parent": "Hash"}], "parent": "Hash Join"}], "parent": "Sort"}], "parent": "None"}, "Planning": {"Shared Hit Blocks": 158, "Shared Read Blocks": 18, "Shared Dirtied Blocks": 0, "Shared Written Blocks": 0, "Local Hit Blocks": 0, "Local Read Blocks": 0, "Local Dirtied Blocks": 0, "Local Written Blocks": 0, "Temp Read Blocks": 0, "Temp Written Blocks": 0, "I/O Read Time": 5.629, "I/O Write Time": 0.0}, "Planning Time": 6.895, "Triggers": [], "Execution Time": 368.153}, "config": {}}
{"query": "EXPLAIN (ANALYZE, COSTS, BUFFERS, VERBOSE, FORMAT JSON) select date_dim.d_date_sk, promotion.p_response_target from date_dim join promotion on promotion.p_end_date_sk=date_dim.d_date_sk order by promotion.p_response_target DESC;", "planinfo": {"Plan": {"Node Type": "Sort", "Parallel Aware": false, "Startup Cost": 808.34, "Total Cost": 809.09, "Plan Rows": 300, "Plan Width": 8, "Actual Startup Time": 4.037, "Actual Total Time": 4.053, "Actual Rows": 294, "Actual Loops": 1, "Output": ["date_dim.d_date_sk", "promotion.p_response_target"], "Sort Key": ["promotion.p_response_target DESC"], "Sort Method": "quicksort", "Sort Space Used": 41, "Sort Space Type": "Memory", "Shared Hit Blocks": 586, "Shared Read Blocks": 14, "Shared Dirtied Blocks": 0, "Shared Written Blocks": 0, "Local Hit Blocks": 0, "Local Read Blocks": 0, "Local Dirtied Blocks": 0, "Local Written Blocks": 0, "Temp Read Blocks": 0, "Temp Written Blocks": 0, "I/O Read Time": 3.057, "I/O Write Time": 0.0, "Plans": [{"Node Type": "Nested Loop", "Parent Relationship": "Outer", "Parallel Aware": false, "Join Type": "Inner", "Startup Cost": 0.29, "Total Cost": 796.0, "Plan Rows": 300, "Plan Width": 8, "Actual Startup Time": 1.813, "Actual Total Time": 3.923, "Actual Rows": 294, "Actual Loops": 1, "Output": ["date_dim.d_date_sk", "promotion.p_response_target"], "Inner Unique": true, "Shared Hit Blocks": 583, "Shared Read Blocks": 14, "Shared Dirtied Blocks": 0, "Shared Written Blocks": 0, "Local Hit Blocks": 0, "Local Read Blocks": 0, "Local Dirtied Blocks": 0, "Local Written Blocks": 0, "Temp Read Blocks": 0, "Temp Written Blocks": 0, "I/O Read Time": 3.057, "I/O Write Time": 0.0, "Plans": [{"Node Type": "Seq Scan", "Parent Relationship": "Outer", "Parallel Aware": false, "Relation Name": "promotion", "Schema": "public", "Alias": "promotion", "Startup Cost": 0.0, "Total Cost": 11.0, "Plan Rows": 300, "Plan Width": 8, "Actual Startup Time": 0.454, "Actual Total Time": 0.878, "Actual Rows": 300, "Actual Loops": 1, "Output": ["promotion.p_promo_sk", "promotion.p_promo_id", "promotion.p_start_date_sk", "promotion.p_end_date_sk", "promotion.p_item_sk", "promotion.p_cost", "promotion.p_response_target", "promotion.p_promo_name", "promotion.p_channel_dmail", "promotion.p_channel_email", "promotion.p_channel_catalog", "promotion.p_channel_tv", "promotion.p_channel_radio", "promotion.p_channel_press", "promotion.p_channel_event", "promotion.p_channel_demo", "promotion.p_channel_details", "promotion.p_purpose", "promotion.p_discount_active"], "Shared Hit Blocks": 0, "Shared Read Blocks": 8, "Shared Dirtied Blocks": 0, "Shared Written Blocks": 0, "Local Hit Blocks": 0, "Local Read Blocks": 0, "Local Dirtied Blocks": 0, "Local Written Blocks": 0, "Temp Read Blocks": 0, "Temp Written Blocks": 0, "I/O Read Time": 0.829, "I/O Write Time": 0.0, "parent": "Nested Loop"}, {"Node Type": "Index Only Scan", "Parent Relationship": "Inner", "Parallel Aware": false, "Scan Direction": "Forward", "Index Name": "d_date_sk_idx", "Relation Name": "date_dim", "Schema": "public", "Alias": "date_dim", "Startup Cost": 0.29, "Total Cost": 2.62, "Plan Rows": 1, "Plan Width": 4, "Actual Startup Time": 0.01, "Actual Total Time": 0.01, "Actual Rows": 1, "Actual Loops": 300, "Output": ["date_dim.d_date_sk"], "Index Cond": "(date_dim.d_date_sk = promotion.p_end_date_sk)", "Rows Removed by Index Recheck": 0, "Heap Fetches": 0, "Shared Hit Blocks": 583, "Shared Read Blocks": 6, "Shared Dirtied Blocks": 0, "Shared Written Blocks": 0, "Local Hit Blocks": 0, "Local Read Blocks": 0, "Local Dirtied Blocks": 0, "Local Written Blocks": 0, "Temp Read Blocks": 0, "Temp Written Blocks": 0, "I/O Read Time": 2.228, "I/O Write Time": 0.0, "parent": "Nested Loop"}], "parent": "Sort"}], "parent": "None"}, "Planning": {"Shared Hit Blocks": 138, "Shared Read Blocks": 17, "Shared Dirtied Blocks": 0, "Shared Written Blocks": 0, "Local Hit Blocks": 0, "Local Read Blocks": 0, "Local Dirtied Blocks": 0, "Local Written Blocks": 0, "Temp Read Blocks": 0, "Temp Written Blocks": 0, "I/O Read Time": 5.601, "I/O Write Time": 0.0}, "Planning Time": 6.812, "Triggers": [], "Execution Time": 4.162}, "config": {}}
{"query": "EXPLAIN (ANALYZE, COSTS, BUFFERS, VERBOSE, FORMAT JSON) select date_dim.d_date_sk, web_page.wp_max_ad_count from web_page join date_dim on date_dim.d_date_sk=web_page.wp_access_date_sk order by web_page.wp_max_ad_count ASC, date_dim.d_date_sk DESC;", "planinfo": {"Plan": {"Node Type": "Sort", "Parallel Aware": false, "Startup Cost": 234.97, "Total Cost": 235.12, "Plan Rows": 60, "Plan Width": 8, "Actual Startup Time": 2.083, "Actual Total Time": 2.087, "Actual Rows": 60, "Actual Loops": 1, "Output": ["date_dim.d_date_sk", "web_page.wp_max_ad_count"], "Sort Key": ["web_page.wp_max_ad_count", "date_dim.d_date_sk DESC"], "Sort Method": "quicksort", "Sort Space Used": 28, "Sort Space Type": "Memory", "Shared Hit Blocks": 121, "Shared Read Blocks": 5, "Shared Dirtied Blocks": 0, "Shared Written Blocks": 0, "Local Hit Blocks": 0, "Local Read Blocks": 0, "Local Dirtied Blocks": 0, "Local Written Blocks": 0, "Temp Read Blocks": 0, "Temp Written Blocks": 0, "I/O Read Time": 1.799, "I/O Write Time": 0.0, "Plans": [{"Node Type": "Nested Loop", "Parent Relationship": "Outer", "Parallel Aware": false, "Join Type": "Inner", "Startup Cost": 0.29, "Total Cost": 233.2, "Plan Rows": 60, "Plan Width": 8, "Actual Startup Time": 1.835, "Actual Total Time": 2.021, "Actual Rows": 60, "Actual Loops": 1, "Output": ["date_dim.d_date_sk", "web_page.wp_max_ad_count"], "Inner Unique": true, "Shared Hit Blocks": 118, "Shared Read Blocks": 5, "Shared Dirtied Blocks": 0, "Shared Written Blocks": 0, "Local Hit Blocks": 0, "Local Read Blocks": 0, "Local Dirtied Blocks": 0, "Local Written Blocks": 0, "Temp Read Blocks": 0, "Temp Written Blocks": 0, "I/O Read Time": 1.799, "I/O Write Time": 0.0, "Plans": [{"Node Type": "Seq Scan", "Parent Relationship": "Outer", "Parallel Aware": false, "Relation Name": "web_page", "Schema": "public", "Alias": "web_page", "Startup Cost": 0.0, "Total Cost": 2.6, "Plan Rows": 60, "Plan Width": 8, "Actual Startup Time": 0.489, "Actual Total Time": 0.509, "Actual Rows": 60, "Actual Loops": 1, "Output": ["web_page.wp_web_page_sk", "web_page.wp_web_page_id", "web_page.wp_rec_start_date", "web_page.wp_rec_end_date", "web_page.wp_creation_date_sk", "web_page.wp_access_date_sk", "web_page.wp_autogen_flag", "web_page.wp_customer_sk", "web_page.wp_url", "web_page.wp_type", "web_page.wp_char_count", "web_page.wp_link_count", "web_page.wp_image_count", "web_page.wp_max_ad_count"], "Shared Hit Blocks": 0, "Shared Read Blocks": 2, "Shared Dirtied Blocks": 0, "Shared Written Blocks": 0, "Local Hit Blocks": 0, "Local Read Blocks": 0, "Local Dirtied Blocks": 0, "Local Written Blocks": 0, "Temp Read Blocks": 0, "Temp Written Blocks": 0, "I/O Read Time": 0.493, "I/O Write Time": 0.0, "parent": "Nested Loop"}, {"Node Type": "Index Only Scan", "Parent Relationship": "Inner", "Parallel Aware": false, "Scan Direction": "Forward", "Index Name": "d_date_sk_idx", "Relation Name": "date_dim", "Schema": "public", "Alias": "date_dim", "Startup Cost": 0.29, "Total Cost": 3.84, "Plan Rows": 1, "Plan Width": 4, "Actual Startup Time": 0.024, "Actual Total Time": 0.024, "Actual Rows": 1, "Actual Loops": 60, "Output": ["date_dim.d_date_sk"], "Index Cond": "(date_dim.d_date_sk = web_page.wp_access_date_sk)", "Rows Removed by Index Recheck": 0, "Heap Fetches": 0, "Shared Hit Blocks": 118, "Shared Read Blocks": 3, "Shared Dirtied Blocks": 0, "Shared Written Blocks": 0, "Local Hit Blocks": 0, "Local Read Blocks": 0, "Local Dirtied Blocks": 0, "Local Written Blocks": 0, "Temp Read Blocks": 0, "Temp Written Blocks": 0, "I/O Read Time": 1.306, "I/O Write Time": 0.0, "parent": "Nested Loop"}], "parent": "Sort"}], "parent": "None"}, "Planning": {"Shared Hit Blocks": 149, "Shared Read Blocks": 19, "Shared Dirtied Blocks": 0, "Shared Written Blocks": 0, "Local Hit Blocks": 0, "Local Read Blocks": 0, "Local Dirtied Blocks": 0, "Local Written Blocks": 0, "Temp Read Blocks": 0, "Temp Written Blocks": 0, "I/O Read Time": 6.349, "I/O Write Time": 0.0}, "Planning Time": 7.618, "Triggers": [], "Execution Time": 2.174}, "config": {}}
{"query": "EXPLAIN (ANALYZE, COSTS, BUFFERS, VERBOSE, FORMAT JSON) select catalog_returns.cr_order_number from catalog_returns where catalog_returns.cr_item_sk >= 17253;", "planinfo": {"Plan": {"Node Type": "Index Only Scan", "Parallel Aware": false, "Scan Direction": "Forward", "Index Name": "catalog_returns_pkey", "Relation Name": "catalog_returns", "Schema": "public", "Alias": "catalog_returns", "Startup Cost": 0.42, "Total Cost": 200.58, "Plan Rows": 5952, "Plan Width": 4, "Actual Startup Time": 1.789, "Actual Total Time": 12.333, "Actual Rows": 5912, "Actual Loops": 1, "Output": ["cr_order_number"], "Index Cond": "(catalog_returns.cr_item_sk >= 17253)", "Rows Removed by Index Recheck": 0, "Heap Fetches": 0, "Shared Hit Blocks": 0, "Shared Read Blocks": 25, "Shared Dirtied Blocks": 0, "Shared Written Blocks": 0, "Local Hit Blocks": 0, "Local Read Blocks": 0, "Local Dirtied Blocks": 0, "Local Written Blocks": 0, "Temp Read Blocks": 0, "Temp Written Blocks": 0, "I/O Read Time": 11.157, "I/O Write Time": 0.0, "parent": "None"}, "Planning": {"Shared Hit Blocks": 35, "Shared Read Blocks": 4, "Shared Dirtied Blocks": 0, "Shared Written Blocks": 0, "Local Hit Blocks": 0, "Local Read Blocks": 0, "Local Dirtied Blocks": 0, "Local Written Blocks": 0, "Temp Read Blocks": 0, "Temp Written Blocks": 0, "I/O Read Time": 1.792, "I/O Write Time": 0.0}, "Planning Time": 2.092, "Triggers": [], "Execution Time": 12.668}, "config": {}}
{"query": "EXPLAIN (ANALYZE, COSTS, BUFFERS, VERBOSE, FORMAT JSON) select catalog_returns.cr_order_number from catalog_returns where catalog_returns.cr_order_number > 78589;", "planinfo": {"Plan": {"Node Type": "Index Only Scan", "Parallel Aware": false, "Scan Direction": "Forward", "Index Name": "catalog_returns_pkey", "Relation Name": "catalog_returns", "Schema": "public", "Alias": "catalog_returns", "Startup Cost": 0.42, "Total Cost": 4080.89, "Plan Rows": 73597, "Plan Width": 4, "Actual Startup Time": 1.383, "Actual Total Time": 185.304, "Actual Rows": 73374, "Actual Loops": 1, "Output": ["cr_order_number"], "Index Cond": "(catalog_returns.cr_order_number > 78589)", "Rows Removed by Index Recheck": 0, "Heap Fetches": 0, "Shared Hit Blocks": 0, "Shared Read Blocks": 564, "Shared Dirtied Blocks": 0, "Shared Written Blocks": 0, "Local Hit Blocks": 0, "Local Read Blocks": 0, "Local Dirtied Blocks": 0, "Local Written Blocks": 0, "Temp Read Blocks": 0, "Temp Written Blocks": 0, "I/O Read Time": 168.928, "I/O Write Time": 0.0, "parent": "None"}, "Planning": {"Shared Hit Blocks": 35, "Shared Read Blocks": 4, "Shared Dirtied Blocks": 0, "Shared Written Blocks": 0, "Local Hit Blocks": 0, "Local Read Blocks": 0, "Local Dirtied Blocks": 0, "Local Written Blocks": 0, "Temp Read Blocks": 0, "Temp Written Blocks": 0, "I/O Read Time": 1.894, "I/O Write Time": 0.0}, "Planning Time": 2.205, "Triggers": [], "Execution Time": 189.818}, "config": {}}
{"query": "EXPLAIN (ANALYZE, COSTS, BUFFERS, VERBOSE, FORMAT JSON) select catalog_returns.cr_item_sk from catalog_returns where catalog_returns.cr_item_sk <= 6469;", "planinfo": {"Plan": {"Node Type": "Index Only Scan", "Parallel Aware": false, "Scan Direction": "Forward", "Index Name": "catalog_returns_pkey", "Relation Name": "catalog_returns", "Schema": "public", "Alias": "catalog_returns", "Startup Cost": 0.42, "Total Cost": 1740.76, "Plan Rows": 52362, "Plan Width": 4, "Actual Startup Time": 1.365, "Actual Total Time": 101.45, "Actual Rows": 52149, "Actual Loops": 1, "Output": ["cr_item_sk"], "Index Cond": "(catalog_returns.cr_item_sk <= 6469)", "Rows Removed by Index Recheck": 0, "Heap Fetches": 0, "Shared Hit Blocks": 0, "Shared Read Blocks": 205, "Shared Dirtied Blocks": 0, "Shared Written Blocks": 0, "Local Hit Blocks": 0, "Local Read Blocks": 0, "Local Dirtied Blocks": 0, "Local Written Blocks": 0, "Temp Read Blocks": 0, "Temp Written Blocks": 0, "I/O Read Time": 91.465, "I/O Write Time": 0.0, "parent": "None"}, "Planning": {"Shared Hit Blocks": 33, "Shared Read Blocks": 3, "Shared Dirtied Blocks": 0, "Shared Written Blocks": 0, "Local Hit Blocks": 0, "Local Read Blocks": 0, "Local Dirtied Blocks": 0, "Local Written Blocks": 0, "Temp Read Blocks": 0, "Temp Written Blocks": 0, "I/O Read Time": 1.375, "I/O Write Time": 0.0}, "Planning Time": 1.675, "Triggers": [], "Execution Time": 104.362}, "config": {}}
{"query": "EXPLAIN (ANALYZE, COSTS, BUFFERS, VERBOSE, FORMAT JSON) select catalog_returns.cr_order_number from catalog_returns where catalog_returns.cr_item_sk >= 14731;", "planinfo": {"Plan": {"Node Type": "Index Only Scan", "Parallel Aware": false, "Scan Direction": "Forward", "Index Name": "catalog_returns_pkey", "Relation Name": "catalog_returns", "Schema": "public", "Alias": "catalog_returns", "Startup Cost": 0.42, "Total Cost": 870.41, "Plan Rows": 26171, "Plan Width": 4, "Actual Startup Time": 1.841, "Actual Total Time": 50.75, "Actual Rows": 25931, "Actual Loops": 1, "Output": ["cr_order_number"], "Index Cond": "(catalog_returns.cr_item_sk >= 14731)", "Rows Removed by Index Recheck": 0, "Heap Fetches": 0, "Shared Hit Blocks": 0, "Shared Read Blocks": 104, "Shared Dirtied Blocks": 0, "Shared Written Blocks": 0, "Local Hit Blocks": 0, "Local Read Blocks": 0, "Local Dirtied Blocks": 0, "Local Written Blocks": 0, "Temp Read Blocks": 0, "Temp Written Blocks": 0, "I/O Read Time": 45.646, "I/O Write Time": 0.0, "parent": "None"}, "Planning": {"Shared Hit Blocks": 35, "Shared Read Blocks": 4, "Shared Dirtied Blocks": 0, "Shared Written Blocks": 0, "Local Hit Blocks": 0, "Local Read Blocks": 0, "Local Dirtied Blocks": 0, "Local Written Blocks": 0, "Temp Read Blocks": 0, "Temp Written Blocks": 0, "I/O Read Time": 1.828, "I/O Write Time": 0.0}, "Planning Time": 2.127, "Triggers": [], "Execution Time": 52.183}, "config": {}}
{"query": "EXPLAIN (ANALYZE, COSTS, BUFFERS, VERBOSE, FORMAT JSON) select catalog_returns.cr_item_sk from catalog_returns where catalog_returns.cr_item_sk < 11677;", "planinfo": {"Plan": {"Node Type": "Index Only Scan", "Parallel Aware": false, "Scan Direction": "Forward", "Index Name": "catalog_returns_pkey", "Relation Name": "catalog_returns", "Schema": "public", "Alias": "catalog_returns", "Startup Cost": 0.42, "Total Cost": 3107.9, "Plan Rows": 93456, "Plan Width": 4, "Actual Startup Time": 1.37, "Actual Total Time": 169.095, "Actual Rows": 93585, "Actual Loops": 1, "Output": ["cr_item_sk"], "Index Cond": "(catalog_returns.cr_item_sk < 11677)", "Rows Removed by Index Recheck": 0, "Heap Fetches": 0, "Shared Hit Blocks": 0, "Shared Read Blocks": 369, "Shared Dirtied Blocks": 0, "Shared Written Blocks": 0, "Local Hit Blocks": 0, "Local Read Blocks": 0, "Local Dirtied Blocks": 0, "Local Written Blocks": 0, "Temp Read Blocks": 0, "Temp Written Blocks": 0, "I/O Read Time": 150.907, "I/O Write Time": 0.0, "parent": "None"}, "Planning": {"Shared Hit Blocks": 29, "Shared Read Blocks": 3, "Shared Dirtied Blocks": 0, "Shared Written Blocks": 0, "Local Hit Blocks": 0, "Local Read Blocks": 0, "Local Dirtied Blocks": 0, "Local Written Blocks": 0, "Temp Read Blocks": 0, "Temp Written Blocks": 0, "I/O Read Time": 1.379, "I/O Write Time": 0.0}, "Planning Time": 1.698, "Triggers": [], "Execution Time": 174.46}, "config": {}}
{"query": "EXPLAIN (ANALYZE, COSTS, BUFFERS, VERBOSE, FORMAT JSON) select catalog_returns.cr_fee, catalog_page.cp_catalog_page_sk from catalog_page join catalog_returns on catalog_returns.cr_catalog_page_sk=catalog_page.cp_catalog_page_sk;", "planinfo": {"Plan": {"Node Type": "Hash Join", "Parallel Aware": false, "Join Type": "Inner", "Startup Cost": 458.53, "Total Cost": 5154.51, "Plan Rows": 144067, "Plan Width": 10, "Actual Startup Time": 5.722, "Actual Total Time": 112.684, "Actual Rows": 141190, "Actual Loops": 1, "Output": ["catalog_returns.cr_fee", "catalog_page.cp_catalog_page_sk"], "Inner Unique": true, "Hash Cond": "(catalog_returns.cr_catalog_page_sk = catalog_page.cp_catalog_page_sk)", "Shared Hit Blocks": 6, "Shared Read Blocks": 2908, "Shared Dirtied Blocks": 0, "Shared Written Blocks": 0, "Local Hit Blocks": 0, "Local Read Blocks": 0, "Local Dirtied Blocks": 0, "Local Written Blocks": 0, "Temp Read Blocks": 0, "Temp Written Blocks": 0, "I/O Read Time": 31.125, "I/O Write Time": 0.0, "Plans": [{"Node Type": "Seq Scan", "Parent Relationship": "Outer", "Parallel Aware": false, "Relation Name": "catalog_returns", "Schema": "public", "Alias": "catalog_returns", "Startup Cost": 0.0, "Total Cost": 4317.67, "Plan Rows": 144067, "Plan Width": 10, "Actual Startup Time": 0.453, "Actual Total Time": 46.065, "Actual Rows": 144067, "Actual Loops": 1, "Output": ["catalog_returns.cr_returned_date_sk", "catalog_returns.cr_returned_time_sk", "catalog_returns.cr_item_sk", "catalog_returns.cr_refunded_customer_sk", "catalog_returns.cr_refunded_cdemo_sk", "catalog_returns.cr_refunded_hdemo_sk", "catalog_returns.cr_refunded_addr_sk", "catalog_returns.cr_returning_customer_sk", "catalog_returns.cr_returning_cdemo_sk", "catalog_returns.cr_returning_hdemo_sk", "catalog_returns.cr_returning_addr_sk", "catalog_returns.cr_call_center_sk", "catalog_returns.cr_catalog_page_sk", "catalog_returns.cr_ship_mode_sk", "catalog_returns.cr_warehouse_sk", "catalog_returns.cr_reason_sk", "catalog_returns.cr_order_number", "catalog_returns.cr_return_quantity", "catalog_returns.cr_return_amount", "catalog_returns.cr_return_tax", "catalog_returns.cr_return_amt_inc_tax", "catalog_returns.cr_fee", "catalog_returns.cr_return_ship_cost", "catalog_returns.cr_refunded_cash", "catalog_returns.cr_reversed_charge", "catalog_returns.cr_store_credit", "catalog_returns.cr_net_loss"], "Shared Hit Blocks": 0, "Shared Read Blocks": 2877, "Shared Dirtied Blocks": 0, "Shared Written Blocks": 0, "Local Hit Blocks": 0, "Local Read Blocks": 0, "Local Dirtied Blocks": 0, "Local Written Blocks": 0, "Temp Read Blocks": 0, "Temp Written Blocks": 0, "I/O Read Time": 30.82, "I/O Write Time": 0.0, "parent": "Hash Join"}, {"Node Type": "Hash", "Parent Relationship": "Inner", "Parallel Aware": false, "Startup Cost": 312.06, "Total Cost": 312.06, "Plan Rows": 11718, "Plan Width": 4, "Actual Startup Time": 5.174, "Actual Total Time": 5.178, "Actual Rows": 11718, "Actual Loops": 1, "Output": ["catalog_page.cp_catalog_page_sk"], "Hash Buckets": 16384, "Original Hash Buckets": 16384, "Hash Batches": 1, "Original Hash Batches": 1, "Peak Memory Usage": 540, "Shared Hit Blocks": 3, "Shared Read Blocks": 31, "Shared Dirtied Blocks": 0, "Shared Written Blocks": 0, "Local Hit Blocks": 0, "Local Read Blocks": 0, "Local Dirtied Blocks": 0, "Local Written Blocks": 0, "Temp Read Blocks": 0, "Temp Written Blocks": 0, "I/O Read Time": 0.305, "I/O Write Time": 0.0, "Plans": [{"Node Type": "Index Only Scan", "Parent Relationship": "Outer", "Parallel Aware": false, "Scan Direction": "Forward", "Index Name": "catalog_page_pkey", "Relation Name": "catalog_page", "Schema": "public", "Alias": "catalog_page", "Startup Cost": 0.29, "Total Cost": 312.06, "Plan Rows": 11718, "Plan Width": 4, "Actual Startup Time": 0.021, "Actual Total Time": 2.08, "Actual Rows": 11718, "Actual Loops": 1, "Output": ["catalog_page.cp_catalog_page_sk"], "Heap Fetches": 0, "Shared Hit Blocks": 3, "Shared Read Blocks": 31, "Shared Dirtied Blocks": 0, "Shared Written Blocks": 0, "Local Hit Blocks": 0, "Local Read Blocks": 0, "Local Dirtied Blocks": 0, "Local Written Blocks": 0, "Temp Read Blocks": 0, "Temp Written Blocks": 0, "I/O Read Time": 0.305, "I/O Write Time": 0.0, "parent": "Hash"}], "parent": "Hash Join"}], "parent": "None"}, "Planning": {"Shared Hit Blocks": 93, "Shared Read Blocks": 14, "Shared Dirtied Blocks": 0, "Shared Written Blocks": 0, "Local Hit Blocks": 0, "Local Read Blocks": 0, "Local Dirtied Blocks": 0, "Local Written Blocks": 0, "Temp Read Blocks": 0, "Temp Written Blocks": 0, "I/O Read Time": 4.587, "I/O Write Time": 0.0}, "Planning Time": 5.685, "Triggers": [], "Execution Time": 120.176}, "config": {}}
{"query": "EXPLAIN (ANALYZE, COSTS, BUFFERS, VERBOSE, FORMAT JSON) select catalog_returns.cr_call_center_sk, catalog_page.cp_catalog_page_sk,  avg(catalog_page.cp_catalog_page_sk) from catalog_page join catalog_returns on catalog_returns.cr_catalog_page_sk=catalog_page.cp_catalog_page_sk group by catalog_returns.cr_call_center_sk, catalog_page.cp_catalog_page_sk having avg(catalog_page.cp_catalog_page_sk) < 5006;", "planinfo": {"Plan": {"Node Type": "Aggregate", "Strategy": "Hashed", "Partial Mode": "Simple", "Parallel Aware": false, "Startup Cost": 13978.61, "Total Cost": 16334.53, "Plan Rows": 23436, "Plan Width": 40, "Actual Startup Time": 169.729, "Actual Total Time": 187.535, "Actual Rows": 10537, "Actual Loops": 1, "Output": ["catalog_returns.cr_call_center_sk", "catalog_page.cp_catalog_page_sk", "avg(catalog_page.cp_catalog_page_sk)"], "Group Key": ["catalog_returns.cr_call_center_sk", "catalog_page.cp_catalog_page_sk"], "Filter": "(avg(catalog_page.cp_catalog_page_sk) < '5006'::numeric)", "Planned Partitions": 8, "HashAgg Batches": 9, "Peak Memory Usage": 4177, "Disk Usage": 464, "Rows Removed by Filter": 8135, "Shared Hit Blocks": 3, "Shared Read Blocks": 2908, "Shared Dirtied Blocks": 0, "Shared Written Blocks": 0, "Local Hit Blocks": 0, "Local Read Blocks": 0, "Local Dirtied Blocks": 0, "Local Written Blocks": 0, "Temp Read Blocks": 22, "Temp Written Blocks": 74, "I/O Read Time": 27.719, "I/O Write Time": 0.0, "Plans": [{"Node Type": "Hash Join", "Parent Relationship": "Outer", "Parallel Aware": false, "Join Type": "Inner", "Startup Cost": 458.53, "Total Cost": 5154.51, "Plan Rows": 144067, "Plan Width": 8, "Actual Startup Time": 5.051, "Actual Total Time": 105.952, "Actual Rows": 141190, "Actual Loops": 1, "Output": ["catalog_returns.cr_call_center_sk", "catalog_page.cp_catalog_page_sk"], "Inner Unique": true, "Hash Cond": "(catalog_returns.cr_catalog_page_sk = catalog_page.cp_catalog_page_sk)", "Shared Hit Blocks": 3, "Shared Read Blocks": 2908, "Shared Dirtied Blocks": 0, "Shared Written Blocks": 0, "Local Hit Blocks": 0, "Local Read Blocks": 0, "Local Dirtied Blocks": 0, "Local Written Blocks": 0, "Temp Read Blocks": 0, "Temp Written Blocks": 0, "I/O Read Time": 27.719, "I/O Write Time": 0.0, "Plans": [{"Node Type": "Seq Scan", "Parent Relationship": "Outer", "Parallel Aware": false, "Relation Name": "catalog_returns", "Schema": "public", "Alias": "catalog_returns", "Startup Cost": 0.0, "Total Cost": 4317.67, "Plan Rows": 144067, "Plan Width": 8, "Actual Startup Time": 0.461, "Actual Total Time": 44.091, "Actual Rows": 144067, "Actual Loops": 1, "Output": ["catalog_returns.cr_returned_date_sk", "catalog_returns.cr_returned_time_sk", "catalog_returns.cr_item_sk", "catalog_returns.cr_refunded_customer_sk", "catalog_returns.cr_refunded_cdemo_sk", "catalog_returns.cr_refunded_hdemo_sk", "catalog_returns.cr_refunded_addr_sk", "catalog_returns.cr_returning_customer_sk", "catalog_returns.cr_returning_cdemo_sk", "catalog_returns.cr_returning_hdemo_sk", "catalog_returns.cr_returning_addr_sk", "catalog_returns.cr_call_center_sk", "catalog_returns.cr_catalog_page_sk", "catalog_returns.cr_ship_mode_sk", "catalog_returns.cr_warehouse_sk", "catalog_returns.cr_reason_sk", "catalog_returns.cr_order_number", "catalog_returns.cr_return_quantity", "catalog_returns.cr_return_amount", "catalog_returns.cr_return_tax", "catalog_returns.cr_return_amt_inc_tax", "catalog_returns.cr_fee", "catalog_returns.cr_return_ship_cost", "catalog_returns.cr_refunded_cash", "catalog_returns.cr_reversed_charge", "catalog_returns.cr_store_credit", "catalog_returns.cr_net_loss"], "Shared Hit Blocks": 0, "Shared Read Blocks": 2877, "Shared Dirtied Blocks": 0, "Shared Written Blocks": 0, "Local Hit Blocks": 0, "Local Read Blocks": 0, "Local Dirtied Blocks": 0, "Local Written Blocks": 0, "Temp Read Blocks": 0, "Temp Written Blocks": 0, "I/O Read Time": 27.359, "I/O Write Time": 0.0, "parent": "Hash Join"}, {"Node Type": "Hash", "Parent Relationship": "Inner", "Parallel Aware": false, "Startup Cost": 312.06, "Total Cost": 312.06, "Plan Rows": 11718, "Plan Width": 4, "Actual Startup Time": 4.509, "Actual Total Time": 4.511, "Actual Rows": 11718, "Actual Loops": 1, "Output": ["catalog_page.cp_catalog_page_sk"], "Hash Buckets": 16384, "Original Hash Buckets": 16384, "Hash Batches": 1, "Original Hash Batches": 1, "Peak Memory Usage": 540, "Shared Hit Blocks": 3, "Shared Read Blocks": 31, "Shared Dirtied Blocks": 0, "Shared Written Blocks": 0, "Local Hit Blocks": 0, "Local Read Blocks": 0, "Local Dirtied Blocks": 0, "Local Written Blocks": 0, "Temp Read Blocks": 0, "Temp Written Blocks": 0, "I/O Read Time": 0.36, "I/O Write Time": 0.0, "Plans": [{"Node Type": "Index Only Scan", "Parent Relationship": "Outer", "Parallel Aware": false, "Scan Direction": "Forward", "Index Name": "catalog_page_pkey", "Relation Name": "catalog_page", "Schema": "public", "Alias": "catalog_page", "Startup Cost": 0.29, "Total Cost": 312.06, "Plan Rows": 11718, "Plan Width": 4, "Actual Startup Time": 0.023, "Actual Total Time": 1.989, "Actual Rows": 11718, "Actual Loops": 1, "Output": ["catalog_page.cp_catalog_page_sk"], "Heap Fetches": 0, "Shared Hit Blocks": 3, "Shared Read Blocks": 31, "Shared Dirtied Blocks": 0, "Shared Written Blocks": 0, "Local Hit Blocks": 0, "Local Read Blocks": 0, "Local Dirtied Blocks": 0, "Local Written Blocks": 0, "Temp Read Blocks": 0, "Temp Written Blocks": 0, "I/O Read Time": 0.36, "I/O Write Time": 0.0, "parent": "Hash"}], "parent": "Hash Join"}], "parent": "Aggregate"}], "parent": "None"}, "Planning": {"Shared Hit Blocks": 95, "Shared Read Blocks": 15, "Shared Dirtied Blocks": 0, "Shared Written Blocks": 0, "Local Hit Blocks": 0, "Local Read Blocks": 0, "Local Dirtied Blocks": 0, "Local Written Blocks": 0, "Temp Read Blocks": 0, "Temp Written Blocks": 0, "I/O Read Time": 4.802, "I/O Write Time": 0.0}, "Planning Time": 6.455, "Triggers": [], "Execution Time": 188.77}, "config": {}}
{"query": "EXPLAIN (ANALYZE, COSTS, BUFFERS, VERBOSE, FORMAT JSON) select catalog_sales.cs_net_paid_inc_ship_tax, catalog_page.cp_catalog_page_sk from catalog_sales join catalog_page on catalog_page.cp_catalog_page_sk=catalog_sales.cs_catalog_page_sk where catalog_sales.cs_net_paid_inc_tax < 90.82 order by catalog_sales.cs_net_paid_inc_ship_tax ASC;", "planinfo": {"Plan": {"Node Type": "Sort", "Parallel Aware": false, "Startup Cost": 73144.85, "Total Cost": 73550.91, "Plan Rows": 162424, "Plan Width": 11, "Actual Startup Time": 1586.851, "Actual Total Time": 1651.397, "Actual Rows": 160651, "Actual Loops": 1, "Output": ["catalog_sales.cs_net_paid_inc_ship_tax", "catalog_page.cp_catalog_page_sk"], "Sort Key": ["catalog_sales.cs_net_paid_inc_ship_tax"], "Sort Method": "external merge", "Sort Space Used": 3472, "Sort Space Type": "Disk", "Shared Hit Blocks": 9, "Shared Read Blocks": 37436, "Shared Dirtied Blocks": 0, "Shared Written Blocks": 0, "Local Hit Blocks": 0, "Local Read Blocks": 0, "Local Dirtied Blocks": 0, "Local Written Blocks": 0, "Temp Read Blocks": 434, "Temp Written Blocks": 437, "I/O Read Time": 856.79, "I/O Write Time": 0.0, "Plans": [{"Node Type": "Hash Join", "Parent Relationship": "Outer", "Parallel Aware": false, "Join Type": "Inner", "Startup Cost": 458.53, "Total Cost": 56308.54, "Plan Rows": 162424, "Plan Width": 11, "Actual Startup Time": 5.552, "Actual Total Time": 1471.239, "Actual Rows": 160651, "Actual Loops": 1, "Output": ["catalog_sales.cs_net_paid_inc_ship_tax", "catalog_page.cp_catalog_page_sk"], "Inner Unique": true, "Hash Cond": "(catalog_sales.cs_catalog_page_sk = catalog_page.cp_catalog_page_sk)", "Shared Hit Blocks": 6, "Shared Read Blocks": 37436, "Shared Dirtied Blocks": 0, "Shared Written Blocks": 0, "Local Hit Blocks": 0, "Local Read Blocks": 0, "Local Dirtied Blocks": 0, "Local Written Blocks": 0, "Temp Read Blocks": 0, "Temp Written Blocks": 0, "I/O Read Time": 856.79, "I/O Write Time": 0.0, "Plans": [{"Node Type": "Seq Scan", "Parent Relationship": "Outer", "Parallel Aware": false, "Relation Name": "catalog_sales", "Schema": "public", "Alias": "catalog_sales", "Startup Cost": 0.0, "Total Cost": 55423.49, "Plan Rows": 162424, "Plan Width": 11, "Actual Startup Time": 0.474, "Actual Total Time": 1400.743, "Actual Rows": 161038, "Actual Loops": 1, "Output": ["catalog_sales.cs_sold_date_sk", "catalog_sales.cs_sold_time_sk", "catalog_sales.cs_ship_date_sk", "catalog_sales.cs_bill_customer_sk", "catalog_sales.cs_bill_cdemo_sk", "catalog_sales.cs_bill_hdemo_sk", "catalog_sales.cs_bill_addr_sk", "catalog_sales.cs_ship_customer_sk", "catalog_sales.cs_ship_cdemo_sk", "catalog_sales.cs_ship_hdemo_sk", "catalog_sales.cs_ship_addr_sk", "catalog_sales.cs_call_center_sk", "catalog_sales.cs_catalog_page_sk", "catalog_sales.cs_ship_mode_sk", "catalog_sales.cs_warehouse_sk", "catalog_sales.cs_item_sk", "catalog_sales.cs_promo_sk", "catalog_sales.cs_order_number", "catalog_sales.cs_quantity", "catalog_sales.cs_wholesale_cost", "catalog_sales.cs_list_price", "catalog_sales.cs_sales_price", "catalog_sales.cs_ext_discount_amt", "catalog_sales.cs_ext_sales_price", "catalog_sales.cs_ext_wholesale_cost", "catalog_sales.cs_ext_list_price", "catalog_sales.cs_ext_tax", "catalog_sales.cs_coupon_amt", "catalog_sales.cs_ext_ship_cost", "catalog_sales.cs_net_paid", "catalog_sales.cs_net_paid_inc_tax", "catalog_sales.cs_net_paid_inc_ship", "catalog_sales.cs_net_paid_inc_ship_tax", "catalog_sales.cs_net_profit"], "Filter": "(catalog_sales.cs_net_paid_inc_tax < 90.82)", "Rows Removed by Filter": 1280510, "Shared Hit Blocks": 0, "Shared Read Blocks": 37405, "Shared Dirtied Blocks": 0, "Shared Written Blocks": 0, "Local Hit Blocks": 0, "Local Read Blocks": 0, "Local Dirtied Blocks": 0, "Local Written Blocks": 0, "Temp Read Blocks": 0, "Temp Written Blocks": 0, "I/O Read Time": 856.483, "I/O Write Time": 0.0, "parent": "Hash Join"}, {"Node Type": "Hash", "Parent Relationship": "Inner", "Parallel Aware": false, "Startup Cost": 312.06, "Total Cost": 312.06, "Plan Rows": 11718, "Plan Width": 4, "Actual Startup Time": 4.991, "Actual Total Time": 4.993, "Actual Rows": 11718, "Actual Loops": 1, "Output": ["catalog_page.cp_catalog_page_sk"], "Hash Buckets": 16384, "Original Hash Buckets": 16384, "Hash Batches": 1, "Original Hash Batches": 1, "Peak Memory Usage": 540, "Shared Hit Blocks": 3, "Shared Read Blocks": 31, "Shared Dirtied Blocks": 0, "Shared Written Blocks": 0, "Local Hit Blocks": 0, "Local Read Blocks": 0, "Local Dirtied Blocks": 0, "Local Written Blocks": 0, "Temp Read Blocks": 0, "Temp Written Blocks": 0, "I/O Read Time": 0.307, "I/O Write Time": 0.0, "Plans": [{"Node Type": "Index Only Scan", "Parent Relationship": "Outer", "Parallel Aware": false, "Scan Direction": "Forward", "Index Name": "catalog_page_pkey", "Relation Name": "catalog_page", "Schema": "public", "Alias": "catalog_page", "Startup Cost": 0.29, "Total Cost": 312.06, "Plan Rows": 11718, "Plan Width": 4, "Actual Startup Time": 0.016, "Actual Total Time": 1.977, "Actual Rows": 11718, "Actual Loops": 1, "Output": ["catalog_page.cp_catalog_page_sk"], "Heap Fetches": 0, "Shared Hit Blocks": 3, "Shared Read Blocks": 31, "Shared Dirtied Blocks": 0, "Shared Written Blocks": 0, "Local Hit Blocks": 0, "Local Read Blocks": 0, "Local Dirtied Blocks": 0, "Local Written Blocks": 0, "Temp Read Blocks": 0, "Temp Written Blocks": 0, "I/O Read Time": 0.307, "I/O Write Time": 0.0, "parent": "Hash"}], "parent": "Hash Join"}], "parent": "Sort"}], "parent": "None"}, "Planning": {"Shared Hit Blocks": 97, "Shared Read Blocks": 16, "Shared Dirtied Blocks": 0, "Shared Written Blocks": 0, "Local Hit Blocks": 0, "Local Read Blocks": 0, "Local Dirtied Blocks": 0, "Local Written Blocks": 0, "Temp Read Blocks": 0, "Temp Written Blocks": 0, "I/O Read Time": 4.879, "I/O Write Time": 0.0}, "Planning Time": 5.975, "Triggers": [], "Execution Time": 1660.276}, "config": {}}
{"query": "EXPLAIN (ANALYZE, COSTS, BUFFERS, VERBOSE, FORMAT JSON) select catalog_page.cp_catalog_page_sk from catalog_page where catalog_page.cp_catalog_page_sk >= 11366;", "planinfo": {"Plan": {"Node Type": "Index Only Scan", "Parallel Aware": false, "Scan Direction": "Forward", "Index Name": "catalog_page_pkey", "Relation Name": "catalog_page", "Schema": "public", "Alias": "catalog_page", "Startup Cost": 0.29, "Total Cost": 14.46, "Plan Rows": 353, "Plan Width": 4, "Actual Startup Time": 1.351, "Actual Total Time": 1.39, "Actual Rows": 353, "Actual Loops": 1, "Output": ["cp_catalog_page_sk"], "Index Cond": "(catalog_page.cp_catalog_page_sk >= 11366)", "Rows Removed by Index Recheck": 0, "Heap Fetches": 0, "Shared Hit Blocks": 0, "Shared Read Blocks": 3, "Shared Dirtied Blocks": 0, "Shared Written Blocks": 0, "Local Hit Blocks": 0, "Local Read Blocks": 0, "Local Dirtied Blocks": 0, "Local Written Blocks": 0, "Temp Read Blocks": 0, "Temp Written Blocks": 0, "I/O Read Time": 1.308, "I/O Write Time": 0.0, "parent": "None"}, "Planning": {"Shared Hit Blocks": 30, "Shared Read Blocks": 3, "Shared Dirtied Blocks": 0, "Shared Written Blocks": 0, "Local Hit Blocks": 0, "Local Read Blocks": 0, "Local Dirtied Blocks": 0, "Local Written Blocks": 0, "Temp Read Blocks": 0, "Temp Written Blocks": 0, "I/O Read Time": 1.34, "I/O Write Time": 0.0}, "Planning Time": 1.646, "Triggers": [], "Execution Time": 1.434}, "config": {}}
{"query": "EXPLAIN (ANALYZE, COSTS, BUFFERS, VERBOSE, FORMAT JSON) select catalog_sales.cs_net_paid, catalog_page.cp_catalog_page_sk,  avg(catalog_sales.cs_net_paid_inc_ship_tax) from catalog_sales join catalog_page on catalog_page.cp_catalog_page_sk=catalog_sales.cs_catalog_page_sk group by catalog_sales.cs_net_paid, catalog_page.cp_catalog_page_sk having avg(catalog_sales.cs_net_paid_inc_ship_tax) >= 9700 order by catalog_page.cp_catalog_page_sk ASC, catalog_sales.cs_net_paid ASC;", "planinfo": {"Plan": {"Node Type": "Aggregate", "Strategy": "Sorted", "Partial Mode": "Simple", "Parallel Aware": false, "Startup Cost": 262649.51, "Total Cost": 305893.88, "Plan Rows": 480493, "Plan Width": 42, "Actual Startup Time": 3684.47, "Actual Total Time": 6381.388, "Actual Rows": 129169, "Actual Loops": 1, "Output": ["catalog_sales.cs_net_paid", "catalog_page.cp_catalog_page_sk", "avg(catalog_sales.cs_net_paid_inc_ship_tax)"], "Group Key": ["catalog_page.cp_catalog_page_sk", "catalog_sales.cs_net_paid"], "Filter": "(avg(catalog_sales.cs_net_paid_inc_ship_tax) >= '9700'::numeric)", "Rows Removed by Filter": 1288138, "Shared Hit Blocks": 9, "Shared Read Blocks": 37436, "Shared Dirtied Blocks": 0, "Shared Written Blocks": 0, "Local Hit Blocks": 0, "Local Read Blocks": 0, "Local Dirtied Blocks": 0, "Local Written Blocks": 0, "Temp Read Blocks": 8613, "Temp Written Blocks": 8652, "I/O Read Time": 208.495, "I/O Write Time": 0.0, "Plans": [{"Node Type": "Sort", "Parent Relationship": "Outer", "Parallel Aware": false, "Startup Cost": 262649.51, "Total Cost": 266253.2, "Plan Rows": 1441479, "Plan Width": 17, "Actual Startup Time": 3683.762, "Actual Total Time": 4167.053, "Actual Rows": 1434378, "Actual Loops": 1, "Output": ["catalog_sales.cs_net_paid", "catalog_page.cp_catalog_page_sk", "catalog_sales.cs_net_paid_inc_ship_tax"], "Sort Key": ["catalog_page.cp_catalog_page_sk", "catalog_sales.cs_net_paid"], "Sort Method": "external merge", "Sort Space Used": 41008, "Sort Space Type": "Disk", "Shared Hit Blocks": 9, "Shared Read Blocks": 37436, "Shared Dirtied Blocks": 0, "Shared Written Blocks": 0, "Local Hit Blocks": 0, "Local Read Blocks": 0, "Local Dirtied Blocks": 0, "Local Written Blocks": 0, "Temp Read Blocks": 8613, "Temp Written Blocks": 8652, "I/O Read Time": 208.495, "I/O Write Time": 0.0, "Plans": [{"Node Type": "Hash Join", "Parent Relationship": "Outer", "Parallel Aware": false, "Join Type": "Inner", "Startup Cost": 458.53, "Total Cost": 56063.56, "Plan Rows": 1441479, "Plan Width": 17, "Actual Startup Time": 5.104, "Actual Total Time": 1099.588, "Actual Rows": 1434378, "Actual Loops": 1, "Output": ["catalog_sales.cs_net_paid", "catalog_page.cp_catalog_page_sk", "catalog_sales.cs_net_paid_inc_ship_tax"], "Inner Unique": true, "Hash Cond": "(catalog_sales.cs_catalog_page_sk = catalog_page.cp_catalog_page_sk)", "Shared Hit Blocks": 3, "Shared Read Blocks": 37436, "Shared Dirtied Blocks": 0, "Shared Written Blocks": 0, "Local Hit Blocks": 0, "Local Read Blocks": 0, "Local Dirtied Blocks": 0, "Local Written Blocks": 0, "Temp Read Blocks": 0, "Temp Written Blocks": 0, "I/O Read Time": 208.495, "I/O Write Time": 0.0, "Plans": [{"Node Type": "Seq Scan", "Parent Relationship": "Outer", "Parallel Aware": false, "Relation Name": "catalog_sales", "Schema": "public", "Alias": "catalog_sales", "Startup Cost": 0.0, "Total Cost": 51819.79, "Plan Rows": 1441479, "Plan Width": 17, "Actual Startup Time": 0.465, "Actual Total Time": 375.403, "Actual Rows": 1441548, "Actual Loops": 1, "Output": ["catalog_sales.cs_sold_date_sk", "catalog_sales.cs_sold_time_sk", "catalog_sales.cs_ship_date_sk", "catalog_sales.cs_bill_customer_sk", "catalog_sales.cs_bill_cdemo_sk", "catalog_sales.cs_bill_hdemo_sk", "catalog_sales.cs_bill_addr_sk", "catalog_sales.cs_ship_customer_sk", "catalog_sales.cs_ship_cdemo_sk", "catalog_sales.cs_ship_hdemo_sk", "catalog_sales.cs_ship_addr_sk", "catalog_sales.cs_call_center_sk", "catalog_sales.cs_catalog_page_sk", "catalog_sales.cs_ship_mode_sk", "catalog_sales.cs_warehouse_sk", "catalog_sales.cs_item_sk", "catalog_sales.cs_promo_sk", "catalog_sales.cs_order_number", "catalog_sales.cs_quantity", "catalog_sales.cs_wholesale_cost", "catalog_sales.cs_list_price", "catalog_sales.cs_sales_price", "catalog_sales.cs_ext_discount_amt", "catalog_sales.cs_ext_sales_price", "catalog_sales.cs_ext_wholesale_cost", "catalog_sales.cs_ext_list_price", "catalog_sales.cs_ext_tax", "catalog_sales.cs_coupon_amt", "catalog_sales.cs_ext_ship_cost", "catalog_sales.cs_net_paid", "catalog_sales.cs_net_paid_inc_tax", "catalog_sales.cs_net_paid_inc_ship", "catalog_sales.cs_net_paid_inc_ship_tax", "catalog_sales.cs_net_profit"], "Shared Hit Blocks": 0, "Shared Read Blocks": 37405, "Shared Dirtied Blocks": 0, "Shared Written Blocks": 0, "Local Hit Blocks": 0, "Local Read Blocks": 0, "Local Dirtied Blocks": 0, "Local Written Blocks": 0, "Temp Read Blocks": 0, "Temp Written Blocks": 0, "I/O Read Time": 208.147, "I/O Write Time": 0.0, "parent": "Hash Join"}, {"Node Type": "Hash", "Parent Relationship": "Inner", "Parallel Aware": false, "Startup Cost": 312.06, "Total Cost": 312.06, "Plan Rows": 11718, "Plan Width": 4, "Actual Startup Time": 4.569, "Actual Total Time": 4.57, "Actual Rows": 11718, "Actual Loops": 1, "Output": ["catalog_page.cp_catalog_page_sk"], "Hash Buckets": 16384, "Original Hash Buckets": 16384, "Hash Batches": 1, "Original Hash Batches": 1, "Peak Memory Usage": 540, "Shared Hit Blocks": 3, "Shared Read Blocks": 31, "Shared Dirtied Blocks": 0, "Shared Written Blocks": 0, "Local Hit Blocks": 0, "Local Read Blocks": 0, "Local Dirtied Blocks": 0, "Local Written Blocks": 0, "Temp Read Blocks": 0, "Temp Written Blocks": 0, "I/O Read Time": 0.348, "I/O Write Time": 0.0, "Plans": [{"Node Type": "Index Only Scan", "Parent Relationship": "Outer", "Parallel Aware": false, "Scan Direction": "Forward", "Index Name": "catalog_page_pkey", "Relation Name": "catalog_page", "Schema": "public", "Alias": "catalog_page", "Startup Cost": 0.29, "Total Cost": 312.06, "Plan Rows": 11718, "Plan Width": 4, "Actual Startup Time": 0.022, "Actual Total Time": 1.989, "Actual Rows": 11718, "Actual Loops": 1, "Output": ["catalog_page.cp_catalog_page_sk"], "Heap Fetches": 0, "Shared Hit Blocks": 3, "Shared Read Blocks": 31, "Shared Dirtied Blocks": 0, "Shared Written Blocks": 0, "Local Hit Blocks": 0, "Local Read Blocks": 0, "Local Dirtied Blocks": 0, "Local Written Blocks": 0, "Temp Read Blocks": 0, "Temp Written Blocks": 0, "I/O Read Time": 0.348, "I/O Write Time": 0.0, "parent": "Hash"}], "parent": "Hash Join"}], "parent": "Sort"}], "parent": "Aggregate"}], "parent": "None"}, "Planning": {"Shared Hit Blocks": 98, "Shared Read Blocks": 18, "Shared Dirtied Blocks": 0, "Shared Written Blocks": 0, "Local Hit Blocks": 0, "Local Read Blocks": 0, "Local Dirtied Blocks": 0, "Local Written Blocks": 0, "Temp Read Blocks": 0, "Temp Written Blocks": 0, "I/O Read Time": 6.276, "I/O Write Time": 0.0}, "Planning Time": 8.143, "Triggers": [], "Execution Time": 6398.441}, "config": {}}
{"query": "EXPLAIN (ANALYZE, COSTS, BUFFERS, VERBOSE, FORMAT JSON) select inventory.inv_date_sk from inventory where inventory.inv_date_sk > 2452467 and inventory.inv_item_sk < 14223;", "planinfo": {"Plan": {"Node Type": "Index Only Scan", "Parallel Aware": false, "Scan Direction": "Forward", "Index Name": "inventory_pkey", "Relation Name": "inventory", "Schema": "public", "Alias": "inventory", "Startup Cost": 0.43, "Total Cost": 41027.94, "Plan Rows": 821848, "Plan Width": 4, "Actual Startup Time": 2.431, "Actual Total Time": 386.64, "Actual Rows": 853320, "Actual Loops": 1, "Output": ["inv_date_sk"], "Index Cond": "((inventory.inv_date_sk > 2452467) AND (inventory.inv_item_sk < 14223))", "Rows Removed by Index Recheck": 0, "Heap Fetches": 0, "Shared Hit Blocks": 0, "Shared Read Blocks": 5764, "Shared Dirtied Blocks": 0, "Shared Written Blocks": 0, "Local Hit Blocks": 0, "Local Read Blocks": 0, "Local Dirtied Blocks": 0, "Local Written Blocks": 0, "Temp Read Blocks": 0, "Temp Written Blocks": 0, "I/O Read Time": 197.588, "I/O Write Time": 0.0, "parent": "None"}, "Planning": {"Shared Hit Blocks": 38, "Shared Read Blocks": 4, "Shared Dirtied Blocks": 0, "Shared Written Blocks": 0, "Local Hit Blocks": 0, "Local Read Blocks": 0, "Local Dirtied Blocks": 0, "Local Written Blocks": 0, "Temp Read Blocks": 0, "Temp Written Blocks": 0, "I/O Read Time": 1.798, "I/O Write Time": 0.0}, "Planning Time": 2.135, "Triggers": [], "Execution Time": 429.144}, "config": {}}
{"query": "EXPLAIN (ANALYZE, COSTS, BUFFERS, VERBOSE, FORMAT JSON) select inventory.inv_item_sk from inventory where inventory.inv_date_sk <= 2450892;", "planinfo": {"Plan": {"Node Type": "Index Only Scan", "Parallel Aware": false, "Scan Direction": "Forward", "Index Name": "inventory_pkey", "Relation Name": "inventory", "Schema": "public", "Alias": "inventory", "Startup Cost": 0.43, "Total Cost": 21356.08, "Plan Rows": 548780, "Plan Width": 4, "Actual Startup Time": 1.38, "Actual Total Time": 202.271, "Actual Rows": 540000, "Actual Loops": 1, "Output": ["inv_item_sk"], "Index Cond": "(inventory.inv_date_sk <= 2450892)", "Rows Removed by Index Recheck": 0, "Heap Fetches": 0, "Shared Hit Blocks": 0, "Shared Read Blocks": 2885, "Shared Dirtied Blocks": 0, "Shared Written Blocks": 0, "Local Hit Blocks": 0, "Local Read Blocks": 0, "Local Dirtied Blocks": 0, "Local Written Blocks": 0, "Temp Read Blocks": 0, "Temp Written Blocks": 0, "I/O Read Time": 96.82, "I/O Write Time": 0.0, "parent": "None"}, "Planning": {"Shared Hit Blocks": 38, "Shared Read Blocks": 4, "Shared Dirtied Blocks": 0, "Shared Written Blocks": 0, "Local Hit Blocks": 0, "Local Read Blocks": 0, "Local Dirtied Blocks": 0, "Local Written Blocks": 0, "Temp Read Blocks": 0, "Temp Written Blocks": 0, "I/O Read Time": 1.99, "I/O Write Time": 0.0}, "Planning Time": 2.302, "Triggers": [], "Execution Time": 233.261}, "config": {}}
{"query": "EXPLAIN (ANALYZE, COSTS, BUFFERS, VERBOSE, FORMAT JSON) select inventory.inv_item_sk from inventory where inventory.inv_date_sk >= 2452334;", "planinfo": {"Plan": {"Node Type": "Index Only Scan", "Parallel Aware": false, "Scan Direction": "Forward", "Index Name": "inventory_pkey", "Relation Name": "inventory", "Schema": "public", "Alias": "inventory", "Startup Cost": 0.43, "Total Cost": 77906.79, "Plan Rows": 2002192, "Plan Width": 4, "Actual Startup Time": 1.899, "Actual Total Time": 735.405, "Actual Rows": 1980000, "Actual Loops": 1, "Output": ["inv_item_sk"], "Index Cond": "(inventory.inv_date_sk >= 2452334)", "Rows Removed by Index Recheck": 0, "Heap Fetches": 0, "Shared Hit Blocks": 0, "Shared Read Blocks": 10563, "Shared Dirtied Blocks": 0, "Shared Written Blocks": 0, "Local Hit Blocks": 0, "Local Read Blocks": 0, "Local Dirtied Blocks": 0, "Local Written Blocks": 0, "Temp Read Blocks": 0, "Temp Written Blocks": 0, "I/O Read Time": 356.019, "I/O Write Time": 0.0, "parent": "None"}, "Planning": {"Shared Hit Blocks": 38, "Shared Read Blocks": 4, "Shared Dirtied Blocks": 0, "Shared Written Blocks": 0, "Local Hit Blocks": 0, "Local Read Blocks": 0, "Local Dirtied Blocks": 0, "Local Written Blocks": 0, "Temp Read Blocks": 0, "Temp Written Blocks": 0, "I/O Read Time": 1.778, "I/O Write Time": 0.0}, "Planning Time": 2.12, "Triggers": [], "Execution Time": 836.176}, "config": {}}
{"query": "EXPLAIN (ANALYZE, COSTS, BUFFERS, VERBOSE, FORMAT JSON) select inventory.inv_date_sk from inventory where inventory.inv_warehouse_sk > 2 and inventory.inv_date_sk > 2452544;", "planinfo": {"Plan": {"Node Type": "Index Only Scan", "Parallel Aware": false, "Scan Direction": "Forward", "Index Name": "inventory_pkey", "Relation Name": "inventory", "Schema": "public", "Alias": "inventory", "Startup Cost": 0.43, "Total Cost": 23316.81, "Plan Rows": 372267, "Plan Width": 4, "Actual Startup Time": 2.238, "Actual Total Time": 196.495, "Actual Rows": 351000, "Actual Loops": 1, "Output": ["inv_date_sk"], "Index Cond": "((inventory.inv_date_sk > 2452544) AND (inventory.inv_warehouse_sk > 2))", "Rows Removed by Index Recheck": 0, "Heap Fetches": 0, "Shared Hit Blocks": 0, "Shared Read Blocks": 3124, "Shared Dirtied Blocks": 0, "Shared Written Blocks": 0, "Local Hit Blocks": 0, "Local Read Blocks": 0, "Local Dirtied Blocks": 0, "Local Written Blocks": 0, "Temp Read Blocks": 0, "Temp Written Blocks": 0, "I/O Read Time": 112.095, "I/O Write Time": 0.0, "parent": "None"}, "Planning": {"Shared Hit Blocks": 38, "Shared Read Blocks": 4, "Shared Dirtied Blocks": 0, "Shared Written Blocks": 0, "Local Hit Blocks": 0, "Local Read Blocks": 0, "Local Dirtied Blocks": 0, "Local Written Blocks": 0, "Temp Read Blocks": 0, "Temp Written Blocks": 0, "I/O Read Time": 1.781, "I/O Write Time": 0.0}, "Planning Time": 2.116, "Triggers": [], "Execution Time": 217.356}, "config": {}}
{"query": "EXPLAIN (ANALYZE, COSTS, BUFFERS, VERBOSE, FORMAT JSON) select inventory.inv_date_sk from inventory where inventory.inv_date_sk = 2450934 and inventory.inv_item_sk >= 9307;", "planinfo": {"Plan": {"Node Type": "Index Only Scan", "Parallel Aware": false, "Scan Direction": "Forward", "Index Name": "inventory_pkey", "Relation Name": "inventory", "Schema": "public", "Alias": "inventory", "Startup Cost": 0.43, "Total Cost": 903.41, "Plan Rows": 21749, "Plan Width": 4, "Actual Startup Time": 1.79, "Actual Total Time": 14.834, "Actual Rows": 21735, "Actual Loops": 1, "Output": ["inv_date_sk"], "Index Cond": "((inventory.inv_date_sk = 2450934) AND (inventory.inv_item_sk >= 9307))", "Rows Removed by Index Recheck": 0, "Heap Fetches": 0, "Shared Hit Blocks": 0, "Shared Read Blocks": 120, "Shared Dirtied Blocks": 0, "Shared Written Blocks": 0, "Local Hit Blocks": 0, "Local Read Blocks": 0, "Local Dirtied Blocks": 0, "Local Written Blocks": 0, "Temp Read Blocks": 0, "Temp Written Blocks": 0, "I/O Read Time": 10.17, "I/O Write Time": 0.0, "parent": "None"}, "Planning": {"Shared Hit Blocks": 43, "Shared Read Blocks": 4, "Shared Dirtied Blocks": 0, "Shared Written Blocks": 0, "Local Hit Blocks": 0, "Local Read Blocks": 0, "Local Dirtied Blocks": 0, "Local Written Blocks": 0, "Temp Read Blocks": 0, "Temp Written Blocks": 0, "I/O Read Time": 1.787, "I/O Write Time": 0.0}, "Planning Time": 2.131, "Triggers": [], "Execution Time": 16.106}, "config": {}}
{"query": "EXPLAIN (ANALYZE, COSTS, BUFFERS, VERBOSE, FORMAT JSON) select item.i_item_sk, promotion.p_cost from promotion join item on item.i_item_sk=promotion.p_item_sk order by promotion.p_cost DESC, item.i_item_sk ASC;", "planinfo": {"Plan": {"Node Type": "Sort", "Parallel Aware": false, "Startup Cost": 322.84, "Total Cost": 323.59, "Plan Rows": 300, "Plan Width": 9, "Actual Startup Time": 15.963, "Actual Total Time": 15.98, "Actual Rows": 293, "Actual Loops": 1, "Output": ["item.i_item_sk", "promotion.p_cost"], "Sort Key": ["promotion.p_cost DESC", "item.i_item_sk"], "Sort Method": "quicksort", "Sort Space Used": 41, "Sort Space Type": "Memory", "Shared Hit Blocks": 545, "Shared Read Blocks": 56, "Shared Dirtied Blocks": 0, "Shared Written Blocks": 0, "Local Hit Blocks": 0, "Local Read Blocks": 0, "Local Dirtied Blocks": 0, "Local Written Blocks": 0, "Temp Read Blocks": 0, "Temp Written Blocks": 0, "I/O Read Time": 14.489, "I/O Write Time": 0.0, "Plans": [{"Node Type": "Nested Loop", "Parent Relationship": "Outer", "Parallel Aware": false, "Join Type": "Inner", "Startup Cost": 0.29, "Total Cost": 310.5, "Plan Rows": 300, "Plan Width": 9, "Actual Startup Time": 0.942, "Actual Total Time": 15.456, "Actual Rows": 293, "Actual Loops": 1, "Output": ["item.i_item_sk", "promotion.p_cost"], "Inner Unique": true, "Shared Hit Blocks": 539, "Shared Read Blocks": 56, "Shared Dirtied Blocks": 0, "Shared Written Blocks": 0, "Local Hit Blocks": 0, "Local Read Blocks": 0, "Local Dirtied Blocks": 0, "Local Written Blocks": 0, "Temp Read Blocks": 0, "Temp Written Blocks": 0, "I/O Read Time": 14.489, "I/O Write Time": 0.0, "Plans": [{"Node Type": "Seq Scan", "Parent Relationship": "Outer", "Parallel Aware": false, "Relation Name": "promotion", "Schema": "public", "Alias": "promotion", "Startup Cost": 0.0, "Total Cost": 11.0, "Plan Rows": 300, "Plan Width": 9, "Actual Startup Time": 0.455, "Actual Total Time": 0.572, "Actual Rows": 300, "Actual Loops": 1, "Output": ["promotion.p_promo_sk", "promotion.p_promo_id", "promotion.p_start_date_sk", "promotion.p_end_date_sk", "promotion.p_item_sk", "promotion.p_cost", "promotion.p_response_target", "promotion.p_promo_name", "promotion.p_channel_dmail", "promotion.p_channel_email", "promotion.p_channel_catalog", "promotion.p_channel_tv", "promotion.p_channel_radio", "promotion.p_channel_press", "promotion.p_channel_event", "promotion.p_channel_demo", "promotion.p_channel_details", "promotion.p_purpose", "promotion.p_discount_active"], "Shared Hit Blocks": 0, "Shared Read Blocks": 8, "Shared Dirtied Blocks": 0, "Shared Written Blocks": 0, "Local Hit Blocks": 0, "Local Read Blocks": 0, "Local Dirtied Blocks": 0, "Local Written Blocks": 0, "Temp Read Blocks": 0, "Temp Written Blocks": 0, "I/O Read Time": 0.519, "I/O Write Time": 0.0, "parent": "Nested Loop"}, {"Node Type": "Index Only Scan", "Parent Relationship": "Inner", "Parallel Aware": false, "Scan Direction": "Forward", "Index Name": "i_item_sk_idx", "Relation Name": "item", "Schema": "public", "Alias": "item", "Startup Cost": 0.29, "Total Cost": 1.0, "Plan Rows": 1, "Plan Width": 4, "Actual Startup Time": 0.049, "Actual Total Time": 0.049, "Actual Rows": 1, "Actual Loops": 300, "Output": ["item.i_item_sk"], "Index Cond": "(item.i_item_sk = promotion.p_item_sk)", "Rows Removed by Index Recheck": 0, "Heap Fetches": 0, "Shared Hit Blocks": 539, "Shared Read Blocks": 48, "Shared Dirtied Blocks": 0, "Shared Written Blocks": 0, "Local Hit Blocks": 0, "Local Read Blocks": 0, "Local Dirtied Blocks": 0, "Local Written Blocks": 0, "Temp Read Blocks": 0, "Temp Written Blocks": 0, "I/O Read Time": 13.97, "I/O Write Time": 0.0, "parent": "Nested Loop"}], "parent": "Sort"}], "parent": "None"}, "Planning": {"Shared Hit Blocks": 98, "Shared Read Blocks": 19, "Shared Dirtied Blocks": 0, "Shared Written Blocks": 0, "Local Hit Blocks": 0, "Local Read Blocks": 0, "Local Dirtied Blocks": 0, "Local Written Blocks": 0, "Temp Read Blocks": 0, "Temp Written Blocks": 0, "I/O Read Time": 6.014, "I/O Write Time": 0.0}, "Planning Time": 7.133, "Triggers": [], "Execution Time": 16.059}, "config": {}}
{"query": "EXPLAIN (ANALYZE, COSTS, BUFFERS, VERBOSE, FORMAT JSON) select item.i_item_sk from item where item.i_item_sk > 16380;", "planinfo": {"Plan": {"Node Type": "Index Only Scan", "Parallel Aware": false, "Scan Direction": "Forward", "Index Name": "i_item_sk_idx", "Relation Name": "item", "Schema": "public", "Alias": "item", "Startup Cost": 0.29, "Total Cost": 48.64, "Plan Rows": 1620, "Plan Width": 4, "Actual Startup Time": 1.337, "Actual Total Time": 2.437, "Actual Rows": 1620, "Actual Loops": 1, "Output": ["i_item_sk"], "Index Cond": "(item.i_item_sk > 16380)", "Rows Removed by Index Recheck": 0, "Heap Fetches": 0, "Shared Hit Blocks": 0, "Shared Read Blocks": 8, "Shared Dirtied Blocks": 0, "Shared Written Blocks": 0, "Local Hit Blocks": 0, "Local Read Blocks": 0, "Local Dirtied Blocks": 0, "Local Written Blocks": 0, "Temp Read Blocks": 0, "Temp Written Blocks": 0, "I/O Read Time": 2.158, "I/O Write Time": 0.0, "parent": "None"}, "Planning": {"Shared Hit Blocks": 41, "Shared Read Blocks": 5, "Shared Dirtied Blocks": 0, "Shared Written Blocks": 0, "Local Hit Blocks": 0, "Local Read Blocks": 0, "Local Dirtied Blocks": 0, "Local Written Blocks": 0, "Temp Read Blocks": 0, "Temp Written Blocks": 0, "I/O Read Time": 1.799, "I/O Write Time": 0.0}, "Planning Time": 2.12, "Triggers": [], "Execution Time": 2.543}, "config": {}}
{"query": "EXPLAIN (ANALYZE, COSTS, BUFFERS, VERBOSE, FORMAT JSON) select item.i_item_sk, inventory.inv_item_sk,  avg(item.i_item_sk) from item join inventory on inventory.inv_item_sk=item.i_item_sk group by item.i_item_sk, inventory.inv_item_sk order by item.i_item_sk DESC, inventory.inv_item_sk DESC;", "planinfo": {"Plan": {"Node Type": "Sort", "Parallel Aware": false, "Startup Cost": 301935.5, "Total Cost": 301977.02, "Plan Rows": 16610, "Plan Width": 40, "Actual Startup Time": 9822.173, "Actual Total Time": 9824.258, "Actual Rows": 18000, "Actual Loops": 1, "Output": ["item.i_item_sk", "inventory.inv_item_sk", "(avg(item.i_item_sk))"], "Sort Key": ["item.i_item_sk DESC"], "Sort Method": "quicksort", "Sort Space Used": 1753, "Sort Space Type": "Memory", "Shared Hit Blocks": 7, "Shared Read Blocks": 63535, "Shared Dirtied Blocks": 0, "Shared Written Blocks": 0, "Local Hit Blocks": 0, "Local Read Blocks": 0, "Local Dirtied Blocks": 0, "Local Written Blocks": 0, "Temp Read Blocks": 810, "Temp Written Blocks": 1543, "I/O Read Time": 288.508, "I/O Write Time": 0.0, "Plans": [{"Node Type": "Aggregate", "Strategy": "Hashed", "Partial Mode": "Simple", "Parent Relationship": "Outer", "Parallel Aware": false, "Startup Cost": 300563.53, "Total Cost": 300771.16, "Plan Rows": 16610, "Plan Width": 40, "Actual Startup Time": 9724.764, "Actual Total Time": 9815.262, "Actual Rows": 18000, "Actual Loops": 1, "Output": ["item.i_item_sk", "inventory.inv_item_sk", "avg(item.i_item_sk)"], "Group Key": ["item.i_item_sk", "inventory.inv_item_sk"], "Planned Partitions": 0, "HashAgg Batches": 5, "Peak Memory Usage": 4145, "Disk Usage": 7496, "Shared Hit Blocks": 4, "Shared Read Blocks": 63535, "Shared Dirtied Blocks": 0, "Shared Written Blocks": 0, "Local Hit Blocks": 0, "Local Read Blocks": 0, "Local Dirtied Blocks": 0, "Local Written Blocks": 0, "Temp Read Blocks": 810, "Temp Written Blocks": 1543, "I/O Read Time": 288.508, "I/O Write Time": 0.0, "Plans": [{"Node Type": "Hash Join", "Parent Relationship": "Outer", "Parallel Aware": false, "Join Type": "Inner", "Startup Cost": 703.29, "Total Cost": 212476.83, "Plan Rows": 11744894, "Plan Width": 8, "Actual Startup Time": 28.385, "Actual Total Time": 5301.389, "Actual Rows": 11745000, "Actual Loops": 1, "Output": ["item.i_item_sk", "inventory.inv_item_sk"], "Inner Unique": true, "Hash Cond": "(inventory.inv_item_sk = item.i_item_sk)", "Shared Hit Blocks": 4, "Shared Read Blocks": 63535, "Shared Dirtied Blocks": 0, "Shared Written Blocks": 0, "Local Hit Blocks": 0, "Local Read Blocks": 0, "Local Dirtied Blocks": 0, "Local Written Blocks": 0, "Temp Read Blocks": 0, "Temp Written Blocks": 0, "I/O Read Time": 288.508, "I/O Write Time": 0.0, "Plans": [{"Node Type": "Seq Scan", "Parent Relationship": "Outer", "Parallel Aware": false, "Relation Name": "inventory", "Schema": "public", "Alias": "inventory", "Startup Cost": 0.0, "Total Cost": 180935.94, "Plan Rows": 11744894, "Plan Width": 4, "Actual Startup Time": 1.097, "Actual Total Time": 1323.244, "Actual Rows": 11745000, "Actual Loops": 1, "Output": ["inventory.inv_date_sk", "inventory.inv_item_sk", "inventory.inv_warehouse_sk", "inventory.inv_quantity_on_hand"], "Shared Hit Blocks": 0, "Shared Read Blocks": 63487, "Shared Dirtied Blocks": 0, "Shared Written Blocks": 0, "Local Hit Blocks": 0, "Local Read Blocks": 0, "Local Dirtied Blocks": 0, "Local Written Blocks": 0, "Temp Read Blocks": 0, "Temp Written Blocks": 0, "I/O Read Time": 267.959, "I/O Write Time": 0.0, "parent": "Hash Join"}, {"Node Type": "Hash", "Parent Relationship": "Inner", "Parallel Aware": false, "Startup Cost": 478.29, "Total Cost": 478.29, "Plan Rows": 18000, "Plan Width": 4, "Actual Startup Time": 27.156, "Actual Total Time": 27.157, "Actual Rows": 18000, "Actual Loops": 1, "Output": ["item.i_item_sk"], "Hash Buckets": 32768, "Original Hash Buckets": 32768, "Hash Batches": 1, "Original Hash Batches": 1, "Peak Memory Usage": 889, "Shared Hit Blocks": 4, "Shared Read Blocks": 48, "Shared Dirtied Blocks": 0, "Shared Written Blocks": 0, "Local Hit Blocks": 0, "Local Read Blocks": 0, "Local Dirtied Blocks": 0, "Local Written Blocks": 0, "Temp Read Blocks": 0, "Temp Written Blocks": 0, "I/O Read Time": 20.55, "I/O Write Time": 0.0, "Plans": [{"Node Type": "Index Only Scan", "Parent Relationship": "Outer", "Parallel Aware": false, "Scan Direction": "Backward", "Index Name": "i_item_sk_idx", "Relation Name": "item", "Schema": "public", "Alias": "item", "Startup Cost": 0.29, "Total Cost": 478.29, "Plan Rows": 18000, "Plan Width": 4, "Actual Startup Time": 0.013, "Actual Total Time": 23.075, "Actual Rows": 18000, "Actual Loops": 1, "Output": ["item.i_item_sk"], "Heap Fetches": 0, "Shared Hit Blocks": 4, "Shared Read Blocks": 48, "Shared Dirtied Blocks": 0, "Shared Written Blocks": 0, "Local Hit Blocks": 0, "Local Read Blocks": 0, "Local Dirtied Blocks": 0, "Local Written Blocks": 0, "Temp Read Blocks": 0, "Temp Written Blocks": 0, "I/O Read Time": 20.55, "I/O Write Time": 0.0, "parent": "Hash"}], "parent": "Hash Join"}], "parent": "Aggregate"}], "parent": "Sort"}], "parent": "None"}, "Planning": {"Shared Hit Blocks": 110, "Shared Read Blocks": 20, "Shared Dirtied Blocks": 0, "Shared Written Blocks": 0, "Local Hit Blocks": 0, "Local Read Blocks": 0, "Local Dirtied Blocks": 0, "Local Written Blocks": 0, "Temp Read Blocks": 0, "Temp Written Blocks": 0, "I/O Read Time": 6.487, "I/O Write Time": 0.0}, "Planning Time": 7.82, "Triggers": [], "Execution Time": 9827.685}, "config": {}}
{"query": "EXPLAIN (ANALYZE, COSTS, BUFFERS, VERBOSE, FORMAT JSON) select item.i_item_sk from item where item.i_item_sk <= 3240;", "planinfo": {"Plan": {"Node Type": "Index Only Scan", "Parallel Aware": false, "Scan Direction": "Forward", "Index Name": "i_item_sk_idx", "Relation Name": "item", "Schema": "public", "Alias": "item", "Startup Cost": 0.29, "Total Cost": 96.99, "Plan Rows": 3240, "Plan Width": 4, "Actual Startup Time": 0.938, "Actual Total Time": 1.739, "Actual Rows": 3240, "Actual Loops": 1, "Output": ["i_item_sk"], "Index Cond": "(item.i_item_sk <= 3240)", "Rows Removed by Index Recheck": 0, "Heap Fetches": 0, "Shared Hit Blocks": 0, "Shared Read Blocks": 11, "Shared Dirtied Blocks": 0, "Shared Written Blocks": 0, "Local Hit Blocks": 0, "Local Read Blocks": 0, "Local Dirtied Blocks": 0, "Local Written Blocks": 0, "Temp Read Blocks": 0, "Temp Written Blocks": 0, "I/O Read Time": 1.213, "I/O Write Time": 0.0, "parent": "None"}, "Planning": {"Shared Hit Blocks": 41, "Shared Read Blocks": 5, "Shared Dirtied Blocks": 0, "Shared Written Blocks": 0, "Local Hit Blocks": 0, "Local Read Blocks": 0, "Local Dirtied Blocks": 0, "Local Written Blocks": 0, "Temp Read Blocks": 0, "Temp Written Blocks": 0, "I/O Read Time": 2.002, "I/O Write Time": 0.0}, "Planning Time": 2.334, "Triggers": [], "Execution Time": 1.922}, "config": {}}
{"query": "EXPLAIN (ANALYZE, COSTS, BUFFERS, VERBOSE, FORMAT JSON) select item.i_item_sk from item where item.i_item_sk <= 2340;", "planinfo": {"Plan": {"Node Type": "Index Only Scan", "Parallel Aware": false, "Scan Direction": "Forward", "Index Name": "i_item_sk_idx", "Relation Name": "item", "Schema": "public", "Alias": "item", "Startup Cost": 0.29, "Total Cost": 69.24, "Plan Rows": 2340, "Plan Width": 4, "Actual Startup Time": 0.97, "Actual Total Time": 1.613, "Actual Rows": 2340, "Actual Loops": 1, "Output": ["i_item_sk"], "Index Cond": "(item.i_item_sk <= 2340)", "Rows Removed by Index Recheck": 0, "Heap Fetches": 0, "Shared Hit Blocks": 0, "Shared Read Blocks": 9, "Shared Dirtied Blocks": 0, "Shared Written Blocks": 0, "Local Hit Blocks": 0, "Local Read Blocks": 0, "Local Dirtied Blocks": 0, "Local Written Blocks": 0, "Temp Read Blocks": 0, "Temp Written Blocks": 0, "I/O Read Time": 1.207, "I/O Write Time": 0.0, "parent": "None"}, "Planning": {"Shared Hit Blocks": 41, "Shared Read Blocks": 5, "Shared Dirtied Blocks": 0, "Shared Written Blocks": 0, "Local Hit Blocks": 0, "Local Read Blocks": 0, "Local Dirtied Blocks": 0, "Local Written Blocks": 0, "Temp Read Blocks": 0, "Temp Written Blocks": 0, "I/O Read Time": 1.849, "I/O Write Time": 0.0}, "Planning Time": 2.208, "Triggers": [], "Execution Time": 1.774}, "config": {}}
{"query": "EXPLAIN (ANALYZE, COSTS, BUFFERS, VERBOSE, FORMAT JSON) select store_returns.sr_item_sk, customer_address.ca_address_sk from customer_address join store_returns on store_returns.sr_addr_sk=customer_address.ca_address_sk order by customer_address.ca_address_sk DESC, store_returns.sr_item_sk DESC;", "planinfo": {"Plan": {"Node Type": "Sort", "Parallel Aware": false, "Startup Cost": 40354.07, "Total Cost": 41072.85, "Plan Rows": 287514, "Plan Width": 8, "Actual Startup Time": 433.457, "Actual Total Time": 487.118, "Actual Rows": 277321, "Actual Loops": 1, "Output": ["store_returns.sr_item_sk", "customer_address.ca_address_sk"], "Sort Key": ["customer_address.ca_address_sk DESC", "store_returns.sr_item_sk DESC"], "Sort Method": "external merge", "Sort Space Used": 4920, "Sort Space Type": "Disk", "Shared Hit Blocks": 7, "Shared Read Blocks": 4926, "Shared Dirtied Blocks": 0, "Shared Written Blocks": 0, "Local Hit Blocks": 0, "Local Read Blocks": 0, "Local Dirtied Blocks": 0, "Local Written Blocks": 0, "Temp Read Blocks": 615, "Temp Written Blocks": 620, "I/O Read Time": 83.383, "I/O Write Time": 0.0, "Plans": [{"Node Type": "Hash Join", "Parent Relationship": "Outer", "Parallel Aware": false, "Join Type": "Inner", "Startup Cost": 1931.29, "Total Cost": 10352.22, "Plan Rows": 287514, "Plan Width": 8, "Actual Startup Time": 81.835, "Actual Total Time": 268.068, "Actual Rows": 277321, "Actual Loops": 1, "Output": ["store_returns.sr_item_sk", "customer_address.ca_address_sk"], "Inner Unique": true, "Hash Cond": "(store_returns.sr_addr_sk = customer_address.ca_address_sk)", "Shared Hit Blocks": 4, "Shared Read Blocks": 4926, "Shared Dirtied Blocks": 0, "Shared Written Blocks": 0, "Local Hit Blocks": 0, "Local Read Blocks": 0, "Local Dirtied Blocks": 0, "Local Written Blocks": 0, "Temp Read Blocks": 0, "Temp Written Blocks": 0, "I/O Read Time": 83.383, "I/O Write Time": 0.0, "Plans": [{"Node Type": "Seq Scan", "Parent Relationship": "Outer", "Parallel Aware": false, "Relation Name": "store_returns", "Schema": "public", "Alias": "store_returns", "Startup Cost": 0.0, "Total Cost": 7666.14, "Plan Rows": 287514, "Plan Width": 8, "Actual Startup Time": 0.5, "Actual Total Time": 53.378, "Actual Rows": 287514, "Actual Loops": 1, "Output": ["store_returns.sr_returned_date_sk", "store_returns.sr_return_time_sk", "store_returns.sr_item_sk", "store_returns.sr_customer_sk", "store_returns.sr_cdemo_sk", "store_returns.sr_hdemo_sk", "store_returns.sr_addr_sk", "store_returns.sr_store_sk", "store_returns.sr_reason_sk", "store_returns.sr_ticket_number", "store_returns.sr_return_quantity", "store_returns.sr_return_amt", "store_returns.sr_return_tax", "store_returns.sr_return_amt_inc_tax", "store_returns.sr_fee", "store_returns.sr_return_ship_cost", "store_returns.sr_refunded_cash", "store_returns.sr_reversed_charge", "store_returns.sr_store_credit", "store_returns.sr_net_loss"], "Shared Hit Blocks": 0, "Shared Read Blocks": 4791, "Shared Dirtied Blocks": 0, "Shared Written Blocks": 0, "Local Hit Blocks": 0, "Local Read Blocks": 0, "Local Dirtied Blocks": 0, "Local Written Blocks": 0, "Temp Read Blocks": 0, "Temp Written Blocks": 0, "I/O Read Time": 22.492, "I/O Write Time": 0.0, "parent": "Hash Join"}, {"Node Type": "Hash", "Parent Relationship": "Inner", "Parallel Aware": false, "Startup Cost": 1306.29, "Total Cost": 1306.29, "Plan Rows": 50000, "Plan Width": 4, "Actual Startup Time": 80.828, "Actual Total Time": 80.83, "Actual Rows": 50000, "Actual Loops": 1, "Output": ["customer_address.ca_address_sk"], "Hash Buckets": 65536, "Original Hash Buckets": 65536, "Hash Batches": 1, "Original Hash Batches": 1, "Peak Memory Usage": 2270, "Shared Hit Blocks": 4, "Shared Read Blocks": 135, "Shared Dirtied Blocks": 0, "Shared Written Blocks": 0, "Local Hit Blocks": 0, "Local Read Blocks": 0, "Local Dirtied Blocks": 0, "Local Written Blocks": 0, "Temp Read Blocks": 0, "Temp Written Blocks": 0, "I/O Read Time": 60.892, "I/O Write Time": 0.0, "Plans": [{"Node Type": "Index Only Scan", "Parent Relationship": "Outer", "Parallel Aware": false, "Scan Direction": "Backward", "Index Name": "customer_address_pkey", "Relation Name": "customer_address", "Schema": "public", "Alias": "customer_address", "Startup Cost": 0.29, "Total Cost": 1306.29, "Plan Rows": 50000, "Plan Width": 4, "Actual Startup Time": 0.022, "Actual Total Time": 68.135, "Actual Rows": 50000, "Actual Loops": 1, "Output": ["customer_address.ca_address_sk"], "Heap Fetches": 0, "Shared Hit Blocks": 4, "Shared Read Blocks": 135, "Shared Dirtied Blocks": 0, "Shared Written Blocks": 0, "Local Hit Blocks": 0, "Local Read Blocks": 0, "Local Dirtied Blocks": 0, "Local Written Blocks": 0, "Temp Read Blocks": 0, "Temp Written Blocks": 0, "I/O Read Time": 60.892, "I/O Write Time": 0.0, "parent": "Hash"}], "parent": "Hash Join"}], "parent": "Sort"}], "parent": "None"}, "Planning": {"Shared Hit Blocks": 115, "Shared Read Blocks": 18, "Shared Dirtied Blocks": 0, "Shared Written Blocks": 0, "Local Hit Blocks": 0, "Local Read Blocks": 0, "Local Dirtied Blocks": 0, "Local Written Blocks": 0, "Temp Read Blocks": 0, "Temp Written Blocks": 0, "I/O Read Time": 6.146, "I/O Write Time": 0.0}, "Planning Time": 7.371, "Triggers": [], "Execution Time": 500.681}, "config": {}}
{"query": "EXPLAIN (ANALYZE, COSTS, BUFFERS, VERBOSE, FORMAT JSON) select store_sales.ss_sales_price, customer_address.ca_address_sk from customer_address join store_sales on store_sales.ss_addr_sk=customer_address.ca_address_sk where customer_address.ca_address_sk < 24544 order by store_sales.ss_sales_price ASC;", "planinfo": {"Plan": {"Node Type": "Sort", "Parallel Aware": false, "Startup Cost": 258387.14, "Total Cost": 261935.83, "Plan Rows": 1419479, "Plan Width": 10, "Actual Startup Time": 2896.829, "Actual Total Time": 3422.004, "Actual Rows": 1352987, "Actual Loops": 1, "Output": ["store_sales.ss_sales_price", "customer_address.ca_address_sk"], "Sort Key": ["store_sales.ss_sales_price"], "Sort Method": "external merge", "Sort Space Used": 28864, "Sort Space Type": "Disk", "Shared Hit Blocks": 9, "Shared Read Blocks": 51763, "Shared Dirtied Blocks": 0, "Shared Written Blocks": 0, "Local Hit Blocks": 0, "Local Read Blocks": 0, "Local Dirtied Blocks": 0, "Local Written Blocks": 0, "Temp Read Blocks": 5349, "Temp Written Blocks": 5375, "I/O Read Time": 612.675, "I/O Write Time": 0.0, "Plans": [{"Node Type": "Hash Join", "Parent Relationship": "Outer", "Parallel Aware": false, "Join Type": "Inner", "Startup Cost": 1015.52, "Total Cost": 89076.17, "Plan Rows": 1419479, "Plan Width": 10, "Actual Startup Time": 10.834, "Actual Total Time": 1735.371, "Actual Rows": 1352987, "Actual Loops": 1, "Output": ["store_sales.ss_sales_price", "customer_address.ca_address_sk"], "Inner Unique": true, "Hash Cond": "(store_sales.ss_addr_sk = customer_address.ca_address_sk)", "Shared Hit Blocks": 6, "Shared Read Blocks": 51763, "Shared Dirtied Blocks": 0, "Shared Written Blocks": 0, "Local Hit Blocks": 0, "Local Read Blocks": 0, "Local Dirtied Blocks": 0, "Local Written Blocks": 0, "Temp Read Blocks": 0, "Temp Written Blocks": 0, "I/O Read Time": 612.675, "I/O Write Time": 0.0, "Plans": [{"Node Type": "Seq Scan", "Parent Relationship": "Outer", "Parallel Aware": false, "Relation Name": "store_sales", "Schema": "public", "Alias": "store_sales", "Startup Cost": 0.0, "Total Cost": 80499.2, "Plan Rows": 2880320, "Plan Width": 10, "Actual Startup Time": 0.463, "Actual Total Time": 905.714, "Actual Rows": 2880404, "Actual Loops": 1, "Output": ["store_sales.ss_sold_date_sk", "store_sales.ss_sold_time_sk", "store_sales.ss_item_sk", "store_sales.ss_customer_sk", "store_sales.ss_cdemo_sk", "store_sales.ss_hdemo_sk", "store_sales.ss_addr_sk", "store_sales.ss_store_sk", "store_sales.ss_promo_sk", "store_sales.ss_ticket_number", "store_sales.ss_quantity", "store_sales.ss_wholesale_cost", "store_sales.ss_list_price", "store_sales.ss_sales_price", "store_sales.ss_ext_discount_amt", "store_sales.ss_ext_sales_price", "store_sales.ss_ext_wholesale_cost", "store_sales.ss_ext_list_price", "store_sales.ss_ext_tax", "store_sales.ss_coupon_amt", "store_sales.ss_net_paid", "store_sales.ss_net_paid_inc_tax", "store_sales.ss_net_profit"], "Shared Hit Blocks": 0, "Shared Read Blocks": 51696, "Shared Dirtied Blocks": 0, "Shared Written Blocks": 0, "Local Hit Blocks": 0, "Local Read Blocks": 0, "Local Dirtied Blocks": 0, "Local Written Blocks": 0, "Temp Read Blocks": 0, "Temp Written Blocks": 0, "I/O Read Time": 611.985, "I/O Write Time": 0.0, "parent": "Hash Join"}, {"Node Type": "Hash", "Parent Relationship": "Inner", "Parallel Aware": false, "Startup Cost": 707.51, "Total Cost": 707.51, "Plan Rows": 24641, "Plan Width": 4, "Actual Startup Time": 10.21, "Actual Total Time": 10.212, "Actual Rows": 24543, "Actual Loops": 1, "Output": ["customer_address.ca_address_sk"], "Hash Buckets": 32768, "Original Hash Buckets": 32768, "Hash Batches": 1, "Original Hash Batches": 1, "Peak Memory Usage": 1119, "Shared Hit Blocks": 3, "Shared Read Blocks": 67, "Shared Dirtied Blocks": 0, "Shared Written Blocks": 0, "Local Hit Blocks": 0, "Local Read Blocks": 0, "Local Dirtied Blocks": 0, "Local Written Blocks": 0, "Temp Read Blocks": 0, "Temp Written Blocks": 0, "I/O Read Time": 0.69, "I/O Write Time": 0.0, "Plans": [{"Node Type": "Index Only Scan", "Parent Relationship": "Outer", "Parallel Aware": false, "Scan Direction": "Forward", "Index Name": "customer_address_pkey", "Relation Name": "customer_address", "Schema": "public", "Alias": "customer_address", "Startup Cost": 0.29, "Total Cost": 707.51, "Plan Rows": 24641, "Plan Width": 4, "Actual Startup Time": 0.027, "Actual Total Time": 4.437, "Actual Rows": 24543, "Actual Loops": 1, "Output": ["customer_address.ca_address_sk"], "Index Cond": "(customer_address.ca_address_sk < 24544)", "Rows Removed by Index Recheck": 0, "Heap Fetches": 0, "Shared Hit Blocks": 3, "Shared Read Blocks": 67, "Shared Dirtied Blocks": 0, "Shared Written Blocks": 0, "Local Hit Blocks": 0, "Local Read Blocks": 0, "Local Dirtied Blocks": 0, "Local Written Blocks": 0, "Temp Read Blocks": 0, "Temp Written Blocks": 0, "I/O Read Time": 0.69, "I/O Write Time": 0.0, "parent": "Hash"}], "parent": "Hash Join"}], "parent": "Sort"}], "parent": "None"}, "Planning": {"Shared Hit Blocks": 107, "Shared Read Blocks": 19, "Shared Dirtied Blocks": 0, "Shared Written Blocks": 0, "Local Hit Blocks": 0, "Local Read Blocks": 0, "Local Dirtied Blocks": 0, "Local Written Blocks": 0, "Temp Read Blocks": 0, "Temp Written Blocks": 0, "I/O Read Time": 6.152, "I/O Write Time": 0.0}, "Planning Time": 7.432, "Triggers": [], "Execution Time": 3498.918}, "config": {}}
{"query": "EXPLAIN (ANALYZE, COSTS, BUFFERS, VERBOSE, FORMAT JSON) select customer_address.ca_address_sk from customer_address where customer_address.ca_address_sk >= 43962 and customer_address.ca_address_sk != 20975;", "planinfo": {"Plan": {"Node Type": "Index Only Scan", "Parallel Aware": false, "Scan Direction": "Forward", "Index Name": "customer_address_pkey", "Relation Name": "customer_address", "Schema": "public", "Alias": "customer_address", "Startup Cost": 0.29, "Total Cost": 188.91, "Plan Rows": 6031, "Plan Width": 4, "Actual Startup Time": 1.407, "Actual Total Time": 3.762, "Actual Rows": 6039, "Actual Loops": 1, "Output": ["ca_address_sk"], "Index Cond": "(customer_address.ca_address_sk >= 43962)", "Rows Removed by Index Recheck": 0, "Heap Fetches": 0, "Shared Hit Blocks": 0, "Shared Read Blocks": 19, "Shared Dirtied Blocks": 0, "Shared Written Blocks": 0, "Local Hit Blocks": 0, "Local Read Blocks": 0, "Local Dirtied Blocks": 0, "Local Written Blocks": 0, "Temp Read Blocks": 0, "Temp Written Blocks": 0, "I/O Read Time": 2.396, "I/O Write Time": 0.0, "parent": "None"}, "Planning": {"Shared Hit Blocks": 49, "Shared Read Blocks": 3, "Shared Dirtied Blocks": 0, "Shared Written Blocks": 0, "Local Hit Blocks": 0, "Local Read Blocks": 0, "Local Dirtied Blocks": 0, "Local Written Blocks": 0, "Temp Read Blocks": 0, "Temp Written Blocks": 0, "I/O Read Time": 1.346, "I/O Write Time": 0.0}, "Planning Time": 1.663, "Triggers": [], "Execution Time": 4.385}, "config": {}}
{"query": "EXPLAIN (ANALYZE, COSTS, BUFFERS, VERBOSE, FORMAT JSON) select customer_address.ca_address_sk from customer_address where customer_address.ca_address_sk <= 49524 and customer_address.ca_address_sk > 31981;", "planinfo": {"Plan": {"Node Type": "Index Only Scan", "Parallel Aware": false, "Scan Direction": "Forward", "Index Name": "customer_address_pkey", "Relation Name": "customer_address", "Schema": "public", "Alias": "customer_address", "Startup Cost": 0.29, "Total Cost": 546.01, "Plan Rows": 17486, "Plan Width": 4, "Actual Startup Time": 0.454, "Actual Total Time": 4.527, "Actual Rows": 17543, "Actual Loops": 1, "Output": ["ca_address_sk"], "Index Cond": "((customer_address.ca_address_sk <= 49524) AND (customer_address.ca_address_sk > 31981))", "Rows Removed by Index Recheck": 0, "Heap Fetches": 0, "Shared Hit Blocks": 2, "Shared Read Blocks": 49, "Shared Dirtied Blocks": 0, "Shared Written Blocks": 0, "Local Hit Blocks": 0, "Local Read Blocks": 0, "Local Dirtied Blocks": 0, "Local Written Blocks": 0, "Temp Read Blocks": 0, "Temp Written Blocks": 0, "I/O Read Time": 1.639, "I/O Write Time": 0.0, "parent": "None"}, "Planning": {"Shared Hit Blocks": 33, "Shared Read Blocks": 6, "Shared Dirtied Blocks": 0, "Shared Written Blocks": 0, "Local Hit Blocks": 0, "Local Read Blocks": 0, "Local Dirtied Blocks": 0, "Local Written Blocks": 0, "Temp Read Blocks": 0, "Temp Written Blocks": 0, "I/O Read Time": 2.816, "I/O Write Time": 0.0}, "Planning Time": 3.161, "Triggers": [], "Execution Time": 5.45}, "config": {}}
{"query": "EXPLAIN (ANALYZE, COSTS, BUFFERS, VERBOSE, FORMAT JSON) select customer_address.ca_address_sk from customer_address;", "planinfo": {"Plan": {"Node Type": "Index Only Scan", "Parallel Aware": false, "Scan Direction": "Forward", "Index Name": "customer_address_pkey", "Relation Name": "customer_address", "Schema": "public", "Alias": "customer_address", "Startup Cost": 0.29, "Total Cost": 1306.29, "Plan Rows": 50000, "Plan Width": 4, "Actual Startup Time": 0.912, "Actual Total Time": 9.191, "Actual Rows": 50000, "Actual Loops": 1, "Output": ["ca_address_sk"], "Heap Fetches": 0, "Shared Hit Blocks": 0, "Shared Read Blocks": 139, "Shared Dirtied Blocks": 0, "Shared Written Blocks": 0, "Local Hit Blocks": 0, "Local Read Blocks": 0, "Local Dirtied Blocks": 0, "Local Written Blocks": 0, "Temp Read Blocks": 0, "Temp Written Blocks": 0, "I/O Read Time": 2.385, "I/O Write Time": 0.0, "parent": "None"}, "Planning": {"Shared Hit Blocks": 23, "Shared Read Blocks": 3, "Shared Dirtied Blocks": 0, "Shared Written Blocks": 0, "Local Hit Blocks": 0, "Local Read Blocks": 0, "Local Dirtied Blocks": 0, "Local Written Blocks": 0, "Temp Read Blocks": 0, "Temp Written Blocks": 0, "I/O Read Time": 1.378, "I/O Write Time": 0.0}, "Planning Time": 1.662, "Triggers": [], "Execution Time": 11.874}, "config": {}}
{"query": "EXPLAIN (ANALYZE, COSTS, BUFFERS, VERBOSE, FORMAT JSON) select web_returns.wr_return_quantity, household_demographics.hd_demo_sk from web_returns join household_demographics on household_demographics.hd_demo_sk=web_returns.wr_refunded_hdemo_sk where web_returns.wr_reversed_charge = 7.32;", "planinfo": {"Plan": {"Node Type": "Nested Loop", "Parallel Aware": false, "Join Type": "Inner", "Startup Cost": 0.28, "Total Cost": 2236.94, "Plan Rows": 3, "Plan Width": 8, "Actual Startup Time": 2.372, "Actual Total Time": 45.08, "Actual Rows": 13, "Actual Loops": 1, "Output": ["web_returns.wr_return_quantity", "household_demographics.hd_demo_sk"], "Inner Unique": true, "Shared Hit Blocks": 19, "Shared Read Blocks": 1335, "Shared Dirtied Blocks": 0, "Shared Written Blocks": 0, "Local Hit Blocks": 0, "Local Read Blocks": 0, "Local Dirtied Blocks": 0, "Local Written Blocks": 0, "Temp Read Blocks": 0, "Temp Written Blocks": 0, "I/O Read Time": 22.409, "I/O Write Time": 0.0, "Plans": [{"Node Type": "Seq Scan", "Parent Relationship": "Outer", "Parallel Aware": false, "Relation Name": "web_returns", "Schema": "public", "Alias": "web_returns", "Startup Cost": 0.0, "Total Cost": 2224.04, "Plan Rows": 3, "Plan Width": 8, "Actual Startup Time": 1.735, "Actual Total Time": 42.375, "Actual Rows": 13, "Actual Loops": 1, "Output": ["web_returns.wr_returned_date_sk", "web_returns.wr_returned_time_sk", "web_returns.wr_item_sk", "web_returns.wr_refunded_customer_sk", "web_returns.wr_refunded_cdemo_sk", "web_returns.wr_refunded_hdemo_sk", "web_returns.wr_refunded_addr_sk", "web_returns.wr_returning_customer_sk", "web_returns.wr_returning_cdemo_sk", "web_returns.wr_returning_hdemo_sk", "web_returns.wr_returning_addr_sk", "web_returns.wr_web_page_sk", "web_returns.wr_reason_sk", "web_returns.wr_order_number", "web_returns.wr_return_quantity", "web_returns.wr_return_amt", "web_returns.wr_return_tax", "web_returns.wr_return_amt_inc_tax", "web_returns.wr_fee", "web_returns.wr_return_ship_cost", "web_returns.wr_refunded_cash", "web_returns.wr_reversed_charge", "web_returns.wr_account_credit", "web_returns.wr_net_loss"], "Filter": "(web_returns.wr_reversed_charge = 7.32)", "Rows Removed by Filter": 71750, "Shared Hit Blocks": 0, "Shared Read Blocks": 1327, "Shared Dirtied Blocks": 0, "Shared Written Blocks": 0, "Local Hit Blocks": 0, "Local Read Blocks": 0, "Local Dirtied Blocks": 0, "Local Written Blocks": 0, "Temp Read Blocks": 0, "Temp Written Blocks": 0, "I/O Read Time": 19.842, "I/O Write Time": 0.0, "parent": "Nested Loop"}, {"Node Type": "Index Only Scan", "Parent Relationship": "Inner", "Parallel Aware": false, "Scan Direction": "Forward", "Index Name": "household_demographics_pkey", "Relation Name": "household_demographics", "Schema": "public", "Alias": "household_demographics", "Startup Cost": 0.28, "Total Cost": 4.3, "Plan Rows": 1, "Plan Width": 4, "Actual Startup Time": 0.205, "Actual Total Time": 0.205, "Actual Rows": 1, "Actual Loops": 13, "Output": ["household_demographics.hd_demo_sk"], "Index Cond": "(household_demographics.hd_demo_sk = web_returns.wr_refunded_hdemo_sk)", "Rows Removed by Index Recheck": 0, "Heap Fetches": 0, "Shared Hit Blocks": 19, "Shared Read Blocks": 8, "Shared Dirtied Blocks": 0, "Shared Written Blocks": 0, "Local Hit Blocks": 0, "Local Read Blocks": 0, "Local Dirtied Blocks": 0, "Local Written Blocks": 0, "Temp Read Blocks": 0, "Temp Written Blocks": 0, "I/O Read Time": 2.568, "I/O Write Time": 0.0, "parent": "Nested Loop"}], "parent": "None"}, "Planning": {"Shared Hit Blocks": 95, "Shared Read Blocks": 21, "Shared Dirtied Blocks": 0, "Shared Written Blocks": 0, "Local Hit Blocks": 0, "Local Read Blocks": 0, "Local Dirtied Blocks": 0, "Local Written Blocks": 0, "Temp Read Blocks": 0, "Temp Written Blocks": 0, "I/O Read Time": 7.086, "I/O Write Time": 0.0}, "Planning Time": 8.283, "Triggers": [], "Execution Time": 45.124}, "config": {}}
{"query": "EXPLAIN (ANALYZE, COSTS, BUFFERS, VERBOSE, FORMAT JSON) select household_demographics.hd_demo_sk from household_demographics where household_demographics.hd_demo_sk = 6912;", "planinfo": {"Plan": {"Node Type": "Index Only Scan", "Parallel Aware": false, "Scan Direction": "Forward", "Index Name": "household_demographics_pkey", "Relation Name": "household_demographics", "Schema": "public", "Alias": "household_demographics", "Startup Cost": 0.28, "Total Cost": 4.3, "Plan Rows": 1, "Plan Width": 4, "Actual Startup Time": 1.383, "Actual Total Time": 1.384, "Actual Rows": 1, "Actual Loops": 1, "Output": ["hd_demo_sk"], "Index Cond": "(household_demographics.hd_demo_sk = 6912)", "Rows Removed by Index Recheck": 0, "Heap Fetches": 0, "Shared Hit Blocks": 0, "Shared Read Blocks": 3, "Shared Dirtied Blocks": 0, "Shared Written Blocks": 0, "Local Hit Blocks": 0, "Local Read Blocks": 0, "Local Dirtied Blocks": 0, "Local Written Blocks": 0, "Temp Read Blocks": 0, "Temp Written Blocks": 0, "I/O Read Time": 1.358, "I/O Write Time": 0.0, "parent": "None"}, "Planning": {"Shared Hit Blocks": 28, "Shared Read Blocks": 3, "Shared Dirtied Blocks": 0, "Shared Written Blocks": 0, "Local Hit Blocks": 0, "Local Read Blocks": 0, "Local Dirtied Blocks": 0, "Local Written Blocks": 0, "Temp Read Blocks": 0, "Temp Written Blocks": 0, "I/O Read Time": 1.345, "I/O Write Time": 0.0}, "Planning Time": 1.628, "Triggers": [], "Execution Time": 1.409}, "config": {}}
{"query": "EXPLAIN (ANALYZE, COSTS, BUFFERS, VERBOSE, FORMAT JSON) select household_demographics.hd_demo_sk from household_demographics where household_demographics.hd_demo_sk < 504;", "planinfo": {"Plan": {"Node Type": "Index Only Scan", "Parallel Aware": false, "Scan Direction": "Forward", "Index Name": "household_demographics_pkey", "Relation Name": "household_demographics", "Schema": "public", "Alias": "household_demographics", "Startup Cost": 0.28, "Total Cost": 17.09, "Plan Rows": 503, "Plan Width": 4, "Actual Startup Time": 0.937, "Actual Total Time": 1.024, "Actual Rows": 503, "Actual Loops": 1, "Output": ["hd_demo_sk"], "Index Cond": "(household_demographics.hd_demo_sk < 504)", "Rows Removed by Index Recheck": 0, "Heap Fetches": 0, "Shared Hit Blocks": 0, "Shared Read Blocks": 4, "Shared Dirtied Blocks": 0, "Shared Written Blocks": 0, "Local Hit Blocks": 0, "Local Read Blocks": 0, "Local Dirtied Blocks": 0, "Local Written Blocks": 0, "Temp Read Blocks": 0, "Temp Written Blocks": 0, "I/O Read Time": 0.915, "I/O Write Time": 0.0, "parent": "None"}, "Planning": {"Shared Hit Blocks": 26, "Shared Read Blocks": 3, "Shared Dirtied Blocks": 0, "Shared Written Blocks": 0, "Local Hit Blocks": 0, "Local Read Blocks": 0, "Local Dirtied Blocks": 0, "Local Written Blocks": 0, "Temp Read Blocks": 0, "Temp Written Blocks": 0, "I/O Read Time": 1.372, "I/O Write Time": 0.0}, "Planning Time": 1.689, "Triggers": [], "Execution Time": 1.074}, "config": {}}
{"query": "EXPLAIN (ANALYZE, COSTS, BUFFERS, VERBOSE, FORMAT JSON) select store_sales.ss_ext_wholesale_cost, household_demographics.hd_demo_sk from household_demographics join store_sales on store_sales.ss_hdemo_sk=household_demographics.hd_demo_sk where store_sales.ss_item_sk = 4370 order by household_demographics.hd_demo_sk ASC, store_sales.ss_ext_wholesale_cost ASC;", "planinfo": {"Plan": {"Node Type": "Sort", "Parallel Aware": false, "Startup Cost": 845.77, "Total Cost": 846.2, "Plan Rows": 173, "Plan Width": 10, "Actual Startup Time": 79.805, "Actual Total Time": 79.826, "Actual Rows": 167, "Actual Loops": 1, "Output": ["store_sales.ss_ext_wholesale_cost", "household_demographics.hd_demo_sk"], "Sort Key": ["household_demographics.hd_demo_sk", "store_sales.ss_ext_wholesale_cost"], "Sort Method": "quicksort", "Sort Space Used": 34, "Sort Space Type": "Memory", "Shared Hit Blocks": 323, "Shared Read Blocks": 190, "Shared Dirtied Blocks": 0, "Shared Written Blocks": 0, "Local Hit Blocks": 0, "Local Read Blocks": 0, "Local Dirtied Blocks": 0, "Local Written Blocks": 0, "Temp Read Blocks": 0, "Temp Written Blocks": 0, "I/O Read Time": 78.511, "I/O Write Time": 0.0, "Plans": [{"Node Type": "Nested Loop", "Parent Relationship": "Outer", "Parallel Aware": false, "Join Type": "Inner", "Startup Cost": 0.71, "Total Cost": 839.33, "Plan Rows": 173, "Plan Width": 10, "Actual Startup Time": 2.441, "Actual Total Time": 79.637, "Actual Rows": 167, "Actual Loops": 1, "Output": ["store_sales.ss_ext_wholesale_cost", "household_demographics.hd_demo_sk"], "Inner Unique": true, "Shared Hit Blocks": 317, "Shared Read Blocks": 190, "Shared Dirtied Blocks": 0, "Shared Written Blocks": 0, "Local Hit Blocks": 0, "Local Read Blocks": 0, "Local Dirtied Blocks": 0, "Local Written Blocks": 0, "Temp Read Blocks": 0, "Temp Written Blocks": 0, "I/O Read Time": 78.511, "I/O Write Time": 0.0, "Plans": [{"Node Type": "Index Scan", "Parent Relationship": "Outer", "Parallel Aware": false, "Scan Direction": "Forward", "Index Name": "store_sales_pkey", "Relation Name": "store_sales", "Schema": "public", "Alias": "store_sales", "Startup Cost": 0.43, "Total Cost": 699.43, "Plan Rows": 173, "Plan Width": 10, "Actual Startup Time": 1.791, "Actual Total Time": 78.11, "Actual Rows": 170, "Actual Loops": 1, "Output": ["store_sales.ss_sold_date_sk", "store_sales.ss_sold_time_sk", "store_sales.ss_item_sk", "store_sales.ss_customer_sk", "store_sales.ss_cdemo_sk", "store_sales.ss_hdemo_sk", "store_sales.ss_addr_sk", "store_sales.ss_store_sk", "store_sales.ss_promo_sk", "store_sales.ss_ticket_number", "store_sales.ss_quantity", "store_sales.ss_wholesale_cost", "store_sales.ss_list_price", "store_sales.ss_sales_price", "store_sales.ss_ext_discount_amt", "store_sales.ss_ext_sales_price", "store_sales.ss_ext_wholesale_cost", "store_sales.ss_ext_list_price", "store_sales.ss_ext_tax", "store_sales.ss_coupon_amt", "store_sales.ss_net_paid", "store_sales.ss_net_paid_inc_tax", "store_sales.ss_net_profit"], "Index Cond": "(store_sales.ss_item_sk = 4370)", "Rows Removed by Index Recheck": 0, "Shared Hit Blocks": 0, "Shared Read Blocks": 172, "Shared Dirtied Blocks": 0, "Shared Written Blocks": 0, "Local Hit Blocks": 0, "Local Read Blocks": 0, "Local Dirtied Blocks": 0, "Local Written Blocks": 0, "Temp Read Blocks": 0, "Temp Written Blocks": 0, "I/O Read Time": 77.765, "I/O Write Time": 0.0, "parent": "Nested Loop"}, {"Node Type": "Index Only Scan", "Parent Relationship": "Inner", "Parallel Aware": false, "Scan Direction": "Forward", "Index Name": "household_demographics_pkey", "Relation Name": "household_demographics", "Schema": "public", "Alias": "household_demographics", "Startup Cost": 0.28, "Total Cost": 0.81, "Plan Rows": 1, "Plan Width": 4, "Actual Startup Time": 0.008, "Actual Total Time": 0.008, "Actual Rows": 1, "Actual Loops": 170, "Output": ["household_demographics.hd_demo_sk"], "Index Cond": "(household_demographics.hd_demo_sk = store_sales.ss_hdemo_sk)", "Rows Removed by Index Recheck": 0, "Heap Fetches": 0, "Shared Hit Blocks": 317, "Shared Read Blocks": 18, "Shared Dirtied Blocks": 0, "Shared Written Blocks": 0, "Local Hit Blocks": 0, "Local Read Blocks": 0, "Local Dirtied Blocks": 0, "Local Written Blocks": 0, "Temp Read Blocks": 0, "Temp Written Blocks": 0, "I/O Read Time": 0.746, "I/O Write Time": 0.0, "parent": "Nested Loop"}], "parent": "Sort"}], "parent": "None"}, "Planning": {"Shared Hit Blocks": 104, "Shared Read Blocks": 20, "Shared Dirtied Blocks": 0, "Shared Written Blocks": 0, "Local Hit Blocks": 0, "Local Read Blocks": 0, "Local Dirtied Blocks": 0, "Local Written Blocks": 0, "Temp Read Blocks": 0, "Temp Written Blocks": 0, "I/O Read Time": 6.368, "I/O Write Time": 0.0}, "Planning Time": 8.748, "Triggers": [], "Execution Time": 79.898}, "config": {}}
{"query": "EXPLAIN (ANALYZE, COSTS, BUFFERS, VERBOSE, FORMAT JSON) select household_demographics.hd_demo_sk from household_demographics where household_demographics.hd_demo_sk > 6840 and household_demographics.hd_demo_sk != 1944;", "planinfo": {"Plan": {"Node Type": "Index Only Scan", "Parallel Aware": false, "Scan Direction": "Forward", "Index Name": "household_demographics_pkey", "Relation Name": "household_demographics", "Schema": "public", "Alias": "household_demographics", "Startup Cost": 0.28, "Total Cost": 15.48, "Plan Rows": 360, "Plan Width": 4, "Actual Startup Time": 1.34, "Actual Total Time": 1.832, "Actual Rows": 360, "Actual Loops": 1, "Output": ["hd_demo_sk"], "Index Cond": "(household_demographics.hd_demo_sk > 6840)", "Rows Removed by Index Recheck": 0, "Heap Fetches": 0, "Shared Hit Blocks": 0, "Shared Read Blocks": 4, "Shared Dirtied Blocks": 0, "Shared Written Blocks": 0, "Local Hit Blocks": 0, "Local Read Blocks": 0, "Local Dirtied Blocks": 0, "Local Written Blocks": 0, "Temp Read Blocks": 0, "Temp Written Blocks": 0, "I/O Read Time": 1.747, "I/O Write Time": 0.0, "parent": "None"}, "Planning": {"Shared Hit Blocks": 52, "Shared Read Blocks": 3, "Shared Dirtied Blocks": 0, "Shared Written Blocks": 0, "Local Hit Blocks": 0, "Local Read Blocks": 0, "Local Dirtied Blocks": 0, "Local Written Blocks": 0, "Temp Read Blocks": 0, "Temp Written Blocks": 0, "I/O Read Time": 1.347, "I/O Write Time": 0.0}, "Planning Time": 1.688, "Triggers": [], "Execution Time": 1.881}, "config": {}}
{"query": "EXPLAIN (ANALYZE, COSTS, BUFFERS, VERBOSE, FORMAT JSON) select catalog_sales.cs_item_sk from catalog_sales where catalog_sales.cs_item_sk = 175;", "planinfo": {"Plan": {"Node Type": "Index Only Scan", "Parallel Aware": false, "Scan Direction": "Forward", "Index Name": "catalog_sales_pkey", "Relation Name": "catalog_sales", "Schema": "public", "Alias": "catalog_sales", "Startup Cost": 0.43, "Total Cost": 5.93, "Plan Rows": 86, "Plan Width": 4, "Actual Startup Time": 1.865, "Actual Total Time": 1.9, "Actual Rows": 162, "Actual Loops": 1, "Output": ["cs_item_sk"], "Index Cond": "(catalog_sales.cs_item_sk = 175)", "Rows Removed by Index Recheck": 0, "Heap Fetches": 0, "Shared Hit Blocks": 0, "Shared Read Blocks": 5, "Shared Dirtied Blocks": 0, "Shared Written Blocks": 0, "Local Hit Blocks": 0, "Local Read Blocks": 0, "Local Dirtied Blocks": 0, "Local Written Blocks": 0, "Temp Read Blocks": 0, "Temp Written Blocks": 0, "I/O Read Time": 1.843, "I/O Write Time": 0.0, "parent": "None"}, "Planning": {"Shared Hit Blocks": 32, "Shared Read Blocks": 2, "Shared Dirtied Blocks": 0, "Shared Written Blocks": 0, "Local Hit Blocks": 0, "Local Read Blocks": 0, "Local Dirtied Blocks": 0, "Local Written Blocks": 0, "Temp Read Blocks": 0, "Temp Written Blocks": 0, "I/O Read Time": 0.911, "I/O Write Time": 0.0}, "Planning Time": 1.19, "Triggers": [], "Execution Time": 1.928}, "config": {}}
{"query": "EXPLAIN (ANALYZE, COSTS, BUFFERS, VERBOSE, FORMAT JSON) select catalog_sales.cs_item_sk from catalog_sales;", "planinfo": {"Plan": {"Node Type": "Index Only Scan", "Parallel Aware": false, "Scan Direction": "Forward", "Index Name": "catalog_sales_pkey", "Relation Name": "catalog_sales", "Schema": "public", "Alias": "catalog_sales", "Startup Cost": 0.43, "Total Cost": 44118.61, "Plan Rows": 1441479, "Plan Width": 4, "Actual Startup Time": 1.396, "Actual Total Time": 2021.232, "Actual Rows": 1441548, "Actual Loops": 1, "Output": ["cs_item_sk"], "Heap Fetches": 0, "Shared Hit Blocks": 18006, "Shared Read Blocks": 5604, "Shared Dirtied Blocks": 0, "Shared Written Blocks": 0, "Local Hit Blocks": 0, "Local Read Blocks": 0, "Local Dirtied Blocks": 0, "Local Written Blocks": 0, "Temp Read Blocks": 0, "Temp Written Blocks": 0, "I/O Read Time": 1762.654, "I/O Write Time": 0.0, "parent": "None"}, "Planning": {"Shared Hit Blocks": 27, "Shared Read Blocks": 2, "Shared Dirtied Blocks": 0, "Shared Written Blocks": 0, "Local Hit Blocks": 0, "Local Read Blocks": 0, "Local Dirtied Blocks": 0, "Local Written Blocks": 0, "Temp Read Blocks": 0, "Temp Written Blocks": 0, "I/O Read Time": 0.94, "I/O Write Time": 0.0}, "Planning Time": 1.217, "Triggers": [], "Execution Time": 2097.957}, "config": {}}
{"query": "EXPLAIN (ANALYZE, COSTS, BUFFERS, VERBOSE, FORMAT JSON) select catalog_sales.cs_order_number from catalog_sales;", "planinfo": {"Plan": {"Node Type": "Index Only Scan", "Parallel Aware": false, "Scan Direction": "Forward", "Index Name": "catalog_sales_pkey", "Relation Name": "catalog_sales", "Schema": "public", "Alias": "catalog_sales", "Startup Cost": 0.43, "Total Cost": 44118.61, "Plan Rows": 1441479, "Plan Width": 4, "Actual Startup Time": 1.362, "Actual Total Time": 2035.028, "Actual Rows": 1441548, "Actual Loops": 1, "Output": ["cs_order_number"], "Heap Fetches": 0, "Shared Hit Blocks": 18006, "Shared Read Blocks": 5604, "Shared Dirtied Blocks": 0, "Shared Written Blocks": 0, "Local Hit Blocks": 0, "Local Read Blocks": 0, "Local Dirtied Blocks": 0, "Local Written Blocks": 0, "Temp Read Blocks": 0, "Temp Written Blocks": 0, "I/O Read Time": 1773.463, "I/O Write Time": 0.0, "parent": "None"}, "Planning": {"Shared Hit Blocks": 30, "Shared Read Blocks": 2, "Shared Dirtied Blocks": 0, "Shared Written Blocks": 0, "Local Hit Blocks": 0, "Local Read Blocks": 0, "Local Dirtied Blocks": 0, "Local Written Blocks": 0, "Temp Read Blocks": 0, "Temp Written Blocks": 0, "I/O Read Time": 0.9, "I/O Write Time": 0.0}, "Planning Time": 1.165, "Triggers": [], "Execution Time": 2114.779}, "config": {}}
{"query": "EXPLAIN (ANALYZE, COSTS, BUFFERS, VERBOSE, FORMAT JSON) select catalog_sales.cs_item_sk, item.i_current_price from catalog_sales join item on item.i_item_sk=catalog_sales.cs_item_sk order by item.i_current_price ASC, catalog_sales.cs_item_sk ASC;", "planinfo": {"Plan": {"Node Type": "Sort", "Parallel Aware": false, "Startup Cost": 221631.83, "Total Cost": 225235.53, "Plan Rows": 1441479, "Plan Width": 10, "Actual Startup Time": 3608.763, "Actual Total Time": 4162.37, "Actual Rows": 1441548, "Actual Loops": 1, "Output": ["catalog_sales.cs_item_sk", "item.i_current_price"], "Sort Key": ["item.i_current_price", "catalog_sales.cs_item_sk"], "Sort Method": "external merge", "Sort Space Used": 29320, "Sort Space Type": "Disk", "Shared Hit Blocks": 18018, "Shared Read Blocks": 6828, "Shared Dirtied Blocks": 0, "Shared Written Blocks": 0, "Local Hit Blocks": 0, "Local Read Blocks": 0, "Local Dirtied Blocks": 0, "Local Written Blocks": 0, "Temp Read Blocks": 5577, "Temp Written Blocks": 5605, "I/O Read Time": 1788.888, "I/O Write Time": 0.0, "Plans": [{"Node Type": "Hash Join", "Parent Relationship": "Outer", "Parallel Aware": false, "Join Type": "Inner", "Startup Cost": 1635.43, "Total Cost": 49538.38, "Plan Rows": 1441479, "Plan Width": 10, "Actual Startup Time": 35.043, "Actual Total Time": 2442.443, "Actual Rows": 1441548, "Actual Loops": 1, "Output": ["catalog_sales.cs_item_sk", "item.i_current_price"], "Inner Unique": true, "Hash Cond": "(catalog_sales.cs_item_sk = item.i_item_sk)", "Shared Hit Blocks": 18012, "Shared Read Blocks": 6828, "Shared Dirtied Blocks": 0, "Shared Written Blocks": 0, "Local Hit Blocks": 0, "Local Read Blocks": 0, "Local Dirtied Blocks": 0, "Local Written Blocks": 0, "Temp Read Blocks": 0, "Temp Written Blocks": 0, "I/O Read Time": 1788.888, "I/O Write Time": 0.0, "Plans": [{"Node Type": "Index Only Scan", "Parent Relationship": "Outer", "Parallel Aware": false, "Scan Direction": "Forward", "Index Name": "catalog_sales_pkey", "Relation Name": "catalog_sales", "Schema": "public", "Alias": "catalog_sales", "Startup Cost": 0.43, "Total Cost": 44118.61, "Plan Rows": 1441479, "Plan Width": 4, "Actual Startup Time": 0.01, "Actual Total Time": 1983.386, "Actual Rows": 1441548, "Actual Loops": 1, "Output": ["catalog_sales.cs_item_sk", "catalog_sales.cs_order_number"], "Heap Fetches": 0, "Shared Hit Blocks": 18012, "Shared Read Blocks": 5598, "Shared Dirtied Blocks": 0, "Shared Written Blocks": 0, "Local Hit Blocks": 0, "Local Read Blocks": 0, "Local Dirtied Blocks": 0, "Local Written Blocks": 0, "Temp Read Blocks": 0, "Temp Written Blocks": 0, "I/O Read Time": 1764.446, "I/O Write Time": 0.0, "parent": "Hash Join"}, {"Node Type": "Hash", "Parent Relationship": "Inner", "Parallel Aware": false, "Startup Cost": 1410.0, "Total Cost": 1410.0, "Plan Rows": 18000, "Plan Width": 10, "Actual Startup Time": 34.912, "Actual Total Time": 34.914, "Actual Rows": 18000, "Actual Loops": 1, "Output": ["item.i_current_price", "item.i_item_sk"], "Hash Buckets": 32768, "Original Hash Buckets": 32768, "Hash Batches": 1, "Original Hash Batches": 1, "Peak Memory Usage": 1030, "Shared Hit Blocks": 0, "Shared Read Blocks": 1230, "Shared Dirtied Blocks": 0, "Shared Written Blocks": 0, "Local Hit Blocks": 0, "Local Read Blocks": 0, "Local Dirtied Blocks": 0, "Local Written Blocks": 0, "Temp Read Blocks": 0, "Temp Written Blocks": 0, "I/O Read Time": 24.442, "I/O Write Time": 0.0, "Plans": [{"Node Type": "Seq Scan", "Parent Relationship": "Outer", "Parallel Aware": false, "Relation Name": "item", "Schema": "public", "Alias": "item", "Startup Cost": 0.0, "Total Cost": 1410.0, "Plan Rows": 18000, "Plan Width": 10, "Actual Startup Time": 0.462, "Actual Total Time": 29.253, "Actual Rows": 18000, "Actual Loops": 1, "Output": ["item.i_current_price", "item.i_item_sk"], "Shared Hit Blocks": 0, "Shared Read Blocks": 1230, "Shared Dirtied Blocks": 0, "Shared Written Blocks": 0, "Local Hit Blocks": 0, "Local Read Blocks": 0, "Local Dirtied Blocks": 0, "Local Written Blocks": 0, "Temp Read Blocks": 0, "Temp Written Blocks": 0, "I/O Read Time": 24.442, "I/O Write Time": 0.0, "parent": "Hash"}], "parent": "Hash Join"}], "parent": "Sort"}], "parent": "None"}, "Planning": {"Shared Hit Blocks": 103, "Shared Read Blocks": 25, "Shared Dirtied Blocks": 0, "Shared Written Blocks": 0, "Local Hit Blocks": 0, "Local Read Blocks": 0, "Local Dirtied Blocks": 0, "Local Written Blocks": 0, "Temp Read Blocks": 0, "Temp Written Blocks": 0, "I/O Read Time": 7.663, "I/O Write Time": 0.0}, "Planning Time": 8.877, "Triggers": [], "Execution Time": 4243.727}, "config": {}}
{"query": "EXPLAIN (ANALYZE, COSTS, BUFFERS, VERBOSE, FORMAT JSON) select web_sales.ws_item_sk from web_sales where web_sales.ws_item_sk >= 16219;", "planinfo": {"Plan": {"Node Type": "Index Only Scan", "Parallel Aware": false, "Scan Direction": "Forward", "Index Name": "web_sales_pkey", "Relation Name": "web_sales", "Schema": "public", "Alias": "web_sales", "Startup Cost": 0.42, "Total Cost": 2258.04, "Plan Rows": 71635, "Plan Width": 4, "Actual Startup Time": 1.815, "Actual Total Time": 130.189, "Actual Rows": 71343, "Actual Loops": 1, "Output": ["ws_item_sk"], "Index Cond": "(web_sales.ws_item_sk >= 16219)", "Rows Removed by Index Recheck": 0, "Heap Fetches": 0, "Shared Hit Blocks": 0, "Shared Read Blocks": 260, "Shared Dirtied Blocks": 0, "Shared Written Blocks": 0, "Local Hit Blocks": 0, "Local Read Blocks": 0, "Local Dirtied Blocks": 0, "Local Written Blocks": 0, "Temp Read Blocks": 0, "Temp Written Blocks": 0, "I/O Read Time": 116.199, "I/O Write Time": 0.0, "parent": "None"}, "Planning": {"Shared Hit Blocks": 33, "Shared Read Blocks": 3, "Shared Dirtied Blocks": 0, "Shared Written Blocks": 0, "Local Hit Blocks": 0, "Local Read Blocks": 0, "Local Dirtied Blocks": 0, "Local Written Blocks": 0, "Temp Read Blocks": 0, "Temp Written Blocks": 0, "I/O Read Time": 1.534, "I/O Write Time": 0.0}, "Planning Time": 1.853, "Triggers": [], "Execution Time": 133.896}, "config": {}}
{"query": "EXPLAIN (ANALYZE, COSTS, BUFFERS, VERBOSE, FORMAT JSON) select web_sales.ws_order_number, item.i_item_sk from item join web_sales on web_sales.ws_item_sk=item.i_item_sk order by item.i_item_sk ASC;", "planinfo": {"Plan": {"Node Type": "Merge Join", "Parallel Aware": false, "Join Type": "Inner", "Startup Cost": 0.71, "Total Cost": 30366.77, "Plan Rows": 719384, "Plan Width": 8, "Actual Startup Time": 0.041, "Actual Total Time": 1033.982, "Actual Rows": 719384, "Actual Loops": 1, "Output": ["web_sales.ws_order_number", "item.i_item_sk"], "Inner Unique": false, "Merge Cond": "(item.i_item_sk = web_sales.ws_item_sk)", "Shared Hit Blocks": 9, "Shared Read Blocks": 2548, "Shared Dirtied Blocks": 0, "Shared Written Blocks": 0, "Local Hit Blocks": 0, "Local Read Blocks": 0, "Local Dirtied Blocks": 0, "Local Written Blocks": 0, "Temp Read Blocks": 0, "Temp Written Blocks": 0, "I/O Read Time": 791.68, "I/O Write Time": 0.0, "Plans": [{"Node Type": "Index Only Scan", "Parent Relationship": "Outer", "Parallel Aware": false, "Scan Direction": "Forward", "Index Name": "i_item_sk_idx", "Relation Name": "item", "Schema": "public", "Alias": "item", "Startup Cost": 0.29, "Total Cost": 478.29, "Plan Rows": 18000, "Plan Width": 4, "Actual Startup Time": 0.022, "Actual Total Time": 3.291, "Actual Rows": 18000, "Actual Loops": 1, "Output": ["item.i_item_sk"], "Heap Fetches": 0, "Shared Hit Blocks": 4, "Shared Read Blocks": 48, "Shared Dirtied Blocks": 0, "Shared Written Blocks": 0, "Local Hit Blocks": 0, "Local Read Blocks": 0, "Local Dirtied Blocks": 0, "Local Written Blocks": 0, "Temp Read Blocks": 0, "Temp Written Blocks": 0, "I/O Read Time": 0.522, "I/O Write Time": 0.0, "parent": "Merge Join"}, {"Node Type": "Index Only Scan", "Parent Relationship": "Inner", "Parallel Aware": false, "Scan Direction": "Forward", "Index Name": "web_sales_pkey", "Relation Name": "web_sales", "Schema": "public", "Alias": "web_sales", "Startup Cost": 0.42, "Total Cost": 20851.19, "Plan Rows": 719384, "Plan Width": 8, "Actual Startup Time": 0.015, "Actual Total Time": 896.609, "Actual Rows": 719384, "Actual Loops": 1, "Output": ["web_sales.ws_item_sk", "web_sales.ws_order_number"], "Heap Fetches": 0, "Shared Hit Blocks": 5, "Shared Read Blocks": 2500, "Shared Dirtied Blocks": 0, "Shared Written Blocks": 0, "Local Hit Blocks": 0, "Local Read Blocks": 0, "Local Dirtied Blocks": 0, "Local Written Blocks": 0, "Temp Read Blocks": 0, "Temp Written Blocks": 0, "I/O Read Time": 791.158, "I/O Write Time": 0.0, "parent": "Merge Join"}], "parent": "None"}, "Planning": {"Shared Hit Blocks": 95, "Shared Read Blocks": 25, "Shared Dirtied Blocks": 0, "Shared Written Blocks": 0, "Local Hit Blocks": 0, "Local Read Blocks": 0, "Local Dirtied Blocks": 0, "Local Written Blocks": 0, "Temp Read Blocks": 0, "Temp Written Blocks": 0, "I/O Read Time": 8.951, "I/O Write Time": 0.0}, "Planning Time": 10.192, "Triggers": [], "Execution Time": 1071.804}, "config": {}}
{"query": "EXPLAIN (ANALYZE, COSTS, BUFFERS, VERBOSE, FORMAT JSON) select web_sales.ws_item_sk from web_sales;", "planinfo": {"Plan": {"Node Type": "Index Only Scan", "Parallel Aware": false, "Scan Direction": "Forward", "Index Name": "web_sales_pkey", "Relation Name": "web_sales", "Schema": "public", "Alias": "web_sales", "Startup Cost": 0.42, "Total Cost": 20851.19, "Plan Rows": 719384, "Plan Width": 4, "Actual Startup Time": 1.359, "Actual Total Time": 927.285, "Actual Rows": 719384, "Actual Loops": 1, "Output": ["ws_item_sk"], "Heap Fetches": 0, "Shared Hit Blocks": 0, "Shared Read Blocks": 2505, "Shared Dirtied Blocks": 0, "Shared Written Blocks": 0, "Local Hit Blocks": 0, "Local Read Blocks": 0, "Local Dirtied Blocks": 0, "Local Written Blocks": 0, "Temp Read Blocks": 0, "Temp Written Blocks": 0, "I/O Read Time": 796.597, "I/O Write Time": 0.0, "parent": "None"}, "Planning": {"Shared Hit Blocks": 26, "Shared Read Blocks": 3, "Shared Dirtied Blocks": 0, "Shared Written Blocks": 0, "Local Hit Blocks": 0, "Local Read Blocks": 0, "Local Dirtied Blocks": 0, "Local Written Blocks": 0, "Temp Read Blocks": 0, "Temp Written Blocks": 0, "I/O Read Time": 1.336, "I/O Write Time": 0.0}, "Planning Time": 1.597, "Triggers": [], "Execution Time": 970.718}, "config": {}}
{"query": "EXPLAIN (ANALYZE, COSTS, BUFFERS, VERBOSE, FORMAT JSON) select web_sales.ws_order_number from web_sales;", "planinfo": {"Plan": {"Node Type": "Index Only Scan", "Parallel Aware": false, "Scan Direction": "Forward", "Index Name": "web_sales_pkey", "Relation Name": "web_sales", "Schema": "public", "Alias": "web_sales", "Startup Cost": 0.42, "Total Cost": 20851.19, "Plan Rows": 719384, "Plan Width": 4, "Actual Startup Time": 1.368, "Actual Total Time": 920.31, "Actual Rows": 719384, "Actual Loops": 1, "Output": ["ws_order_number"], "Heap Fetches": 0, "Shared Hit Blocks": 0, "Shared Read Blocks": 2505, "Shared Dirtied Blocks": 0, "Shared Written Blocks": 0, "Local Hit Blocks": 0, "Local Read Blocks": 0, "Local Dirtied Blocks": 0, "Local Written Blocks": 0, "Temp Read Blocks": 0, "Temp Written Blocks": 0, "I/O Read Time": 791.47, "I/O Write Time": 0.0, "parent": "None"}, "Planning": {"Shared Hit Blocks": 28, "Shared Read Blocks": 4, "Shared Dirtied Blocks": 0, "Shared Written Blocks": 0, "Local Hit Blocks": 0, "Local Read Blocks": 0, "Local Dirtied Blocks": 0, "Local Written Blocks": 0, "Temp Read Blocks": 0, "Temp Written Blocks": 0, "I/O Read Time": 1.776, "I/O Write Time": 0.0}, "Planning Time": 2.036, "Triggers": [], "Execution Time": 963.144}, "config": {}}
{"query": "EXPLAIN (ANALYZE, COSTS, BUFFERS, VERBOSE, FORMAT JSON) select web_sales.ws_bill_addr_sk, promotion.p_promo_sk from promotion join web_sales on web_sales.ws_promo_sk=promotion.p_promo_sk where web_sales.ws_net_paid = 12.96 order by promotion.p_promo_sk ASC, web_sales.ws_bill_addr_sk DESC;", "planinfo": {"Plan": {"Node Type": "Incremental Sort", "Parallel Aware": false, "Startup Cost": 5561.22, "Total Cost": 27805.69, "Plan Rows": 5, "Plan Width": 8, "Actual Startup Time": 522.232, "Actual Total Time": 522.428, "Actual Rows": 35, "Actual Loops": 1, "Output": ["web_sales.ws_bill_addr_sk", "promotion.p_promo_sk"], "Sort Key": ["promotion.p_promo_sk", "web_sales.ws_bill_addr_sk DESC"], "Presorted Key": ["promotion.p_promo_sk"], "Full-sort Groups": {"Group Count": 2, "Sort Methods Used": ["quicksort"], "Sort Space Memory": {"Average Sort Space Used": 26, "Peak Sort Space Used": 26}}, "Shared Hit Blocks": 6, "Shared Read Blocks": 18773, "Shared Dirtied Blocks": 0, "Shared Written Blocks": 0, "Local Hit Blocks": 0, "Local Read Blocks": 0, "Local Dirtied Blocks": 0, "Local Written Blocks": 0, "Temp Read Blocks": 0, "Temp Written Blocks": 0, "I/O Read Time": 261.588, "I/O Write Time": 0.0, "Plans": [{"Node Type": "Nested Loop", "Parent Relationship": "Outer", "Parallel Aware": false, "Join Type": "Inner", "Startup Cost": 0.15, "Total Cost": 27805.46, "Plan Rows": 5, "Plan Width": 8, "Actual Startup Time": 520.201, "Actual Total Time": 522.366, "Actual Rows": 35, "Actual Loops": 1, "Output": ["web_sales.ws_bill_addr_sk", "promotion.p_promo_sk"], "Inner Unique": false, "Join Filter": "(promotion.p_promo_sk = web_sales.ws_promo_sk)", "Rows Removed by Join Filter": 10465, "Shared Hit Blocks": 3, "Shared Read Blocks": 18773, "Shared Dirtied Blocks": 0, "Shared Written Blocks": 0, "Local Hit Blocks": 0, "Local Read Blocks": 0, "Local Dirtied Blocks": 0, "Local Written Blocks": 0, "Temp Read Blocks": 0, "Temp Written Blocks": 0, "I/O Read Time": 261.588, "I/O Write Time": 0.0, "Plans": [{"Node Type": "Index Only Scan", "Parent Relationship": "Outer", "Parallel Aware": false, "Scan Direction": "Forward", "Index Name": "promotion_pkey", "Relation Name": "promotion", "Schema": "public", "Alias": "promotion", "Startup Cost": 0.15, "Total Cost": 23.65, "Plan Rows": 300, "Plan Width": 4, "Actual Startup Time": 0.012, "Actual Total Time": 0.593, "Actual Rows": 300, "Actual Loops": 1, "Output": ["promotion.p_promo_sk"], "Heap Fetches": 300, "Shared Hit Blocks": 3, "Shared Read Blocks": 6, "Shared Dirtied Blocks": 0, "Shared Written Blocks": 0, "Local Hit Blocks": 0, "Local Read Blocks": 0, "Local Dirtied Blocks": 0, "Local Written Blocks": 0, "Temp Read Blocks": 0, "Temp Written Blocks": 0, "I/O Read Time": 0.456, "I/O Write Time": 0.0, "parent": "Nested Loop"}, {"Node Type": "Materialize", "Parent Relationship": "Inner", "Parallel Aware": false, "Startup Cost": 0.0, "Total Cost": 27759.33, "Plan Rows": 5, "Plan Width": 8, "Actual Startup Time": 0.059, "Actual Total Time": 1.735, "Actual Rows": 35, "Actual Loops": 300, "Output": ["web_sales.ws_bill_addr_sk", "web_sales.ws_promo_sk"], "Shared Hit Blocks": 0, "Shared Read Blocks": 18767, "Shared Dirtied Blocks": 0, "Shared Written Blocks": 0, "Local Hit Blocks": 0, "Local Read Blocks": 0, "Local Dirtied Blocks": 0, "Local Written Blocks": 0, "Temp Read Blocks": 0, "Temp Written Blocks": 0, "I/O Read Time": 261.132, "I/O Write Time": 0.0, "Plans": [{"Node Type": "Seq Scan", "Parent Relationship": "Outer", "Parallel Aware": false, "Relation Name": "web_sales", "Schema": "public", "Alias": "web_sales", "Startup Cost": 0.0, "Total Cost": 27759.3, "Plan Rows": 5, "Plan Width": 8, "Actual Startup Time": 17.571, "Actual Total Time": 519.973, "Actual Rows": 35, "Actual Loops": 1, "Output": ["web_sales.ws_bill_addr_sk", "web_sales.ws_promo_sk"], "Filter": "(web_sales.ws_net_paid = 12.96)", "Rows Removed by Filter": 719349, "Shared Hit Blocks": 0, "Shared Read Blocks": 18767, "Shared Dirtied Blocks": 0, "Shared Written Blocks": 0, "Local Hit Blocks": 0, "Local Read Blocks": 0, "Local Dirtied Blocks": 0, "Local Written Blocks": 0, "Temp Read Blocks": 0, "Temp Written Blocks": 0, "I/O Read Time": 261.132, "I/O Write Time": 0.0, "parent": "Materialize"}], "parent": "Nested Loop"}], "parent": "Incremental Sort"}], "parent": "None"}, "Planning": {"Shared Hit Blocks": 93, "Shared Read Blocks": 20, "Shared Dirtied Blocks": 0, "Shared Written Blocks": 0, "Local Hit Blocks": 0, "Local Read Blocks": 0, "Local Dirtied Blocks": 0, "Local Written Blocks": 0, "Temp Read Blocks": 0, "Temp Written Blocks": 0, "I/O Read Time": 6.098, "I/O Write Time": 0.0}, "Planning Time": 8.725, "Triggers": [], "Execution Time": 522.483}, "config": {}}
{"query": "EXPLAIN (ANALYZE, COSTS, BUFFERS, VERBOSE, FORMAT JSON) select store_sales.ss_hdemo_sk, promotion.p_promo_sk from promotion join store_sales on store_sales.ss_promo_sk=promotion.p_promo_sk where store_sales.ss_net_profit = -1263.36 order by promotion.p_promo_sk DESC, store_sales.ss_hdemo_sk DESC;", "planinfo": {"Plan": {"Node Type": "Incremental Sort", "Parallel Aware": false, "Startup Cost": 5165.13, "Total Cost": 87805.47, "Plan Rows": 18, "Plan Width": 8, "Actual Startup Time": 2590.387, "Actual Total Time": 2590.391, "Actual Rows": 23, "Actual Loops": 1, "Output": ["store_sales.ss_hdemo_sk", "promotion.p_promo_sk"], "Sort Key": ["promotion.p_promo_sk DESC", "store_sales.ss_hdemo_sk DESC"], "Presorted Key": ["promotion.p_promo_sk"], "Full-sort Groups": {"Group Count": 1, "Sort Methods Used": ["quicksort"], "Sort Space Memory": {"Average Sort Space Used": 26, "Peak Sort Space Used": 26}}, "Shared Hit Blocks": 6, "Shared Read Blocks": 51702, "Shared Dirtied Blocks": 0, "Shared Written Blocks": 0, "Local Hit Blocks": 0, "Local Read Blocks": 0, "Local Dirtied Blocks": 0, "Local Written Blocks": 0, "Temp Read Blocks": 0, "Temp Written Blocks": 0, "I/O Read Time": 1626.493, "I/O Write Time": 0.0, "Plans": [{"Node Type": "Nested Loop", "Parent Relationship": "Outer", "Parallel Aware": false, "Join Type": "Inner", "Startup Cost": 0.15, "Total Cost": 87804.69, "Plan Rows": 18, "Plan Width": 8, "Actual Startup Time": 2586.574, "Actual Total Time": 2590.334, "Actual Rows": 23, "Actual Loops": 1, "Output": ["store_sales.ss_hdemo_sk", "promotion.p_promo_sk"], "Inner Unique": false, "Join Filter": "(promotion.p_promo_sk = store_sales.ss_promo_sk)", "Rows Removed by Join Filter": 6877, "Shared Hit Blocks": 3, "Shared Read Blocks": 51702, "Shared Dirtied Blocks": 0, "Shared Written Blocks": 0, "Local Hit Blocks": 0, "Local Read Blocks": 0, "Local Dirtied Blocks": 0, "Local Written Blocks": 0, "Temp Read Blocks": 0, "Temp Written Blocks": 0, "I/O Read Time": 1626.493, "I/O Write Time": 0.0, "Plans": [{"Node Type": "Index Only Scan", "Parent Relationship": "Outer", "Parallel Aware": false, "Scan Direction": "Backward", "Index Name": "promotion_pkey", "Relation Name": "promotion", "Schema": "public", "Alias": "promotion", "Startup Cost": 0.15, "Total Cost": 23.65, "Plan Rows": 300, "Plan Width": 4, "Actual Startup Time": 0.012, "Actual Total Time": 2.706, "Actual Rows": 300, "Actual Loops": 1, "Output": ["promotion.p_promo_sk"], "Heap Fetches": 300, "Shared Hit Blocks": 3, "Shared Read Blocks": 6, "Shared Dirtied Blocks": 0, "Shared Written Blocks": 0, "Local Hit Blocks": 0, "Local Read Blocks": 0, "Local Dirtied Blocks": 0, "Local Written Blocks": 0, "Temp Read Blocks": 0, "Temp Written Blocks": 0, "I/O Read Time": 2.567, "I/O Write Time": 0.0, "parent": "Nested Loop"}, {"Node Type": "Materialize", "Parent Relationship": "Inner", "Parallel Aware": false, "Startup Cost": 0.0, "Total Cost": 87700.09, "Plan Rows": 18, "Plan Width": 8, "Actual Startup Time": 0.289, "Actual Total Time": 8.623, "Actual Rows": 23, "Actual Loops": 300, "Output": ["store_sales.ss_hdemo_sk", "store_sales.ss_promo_sk"], "Shared Hit Blocks": 0, "Shared Read Blocks": 51696, "Shared Dirtied Blocks": 0, "Shared Written Blocks": 0, "Local Hit Blocks": 0, "Local Read Blocks": 0, "Local Dirtied Blocks": 0, "Local Written Blocks": 0, "Temp Read Blocks": 0, "Temp Written Blocks": 0, "I/O Read Time": 1623.926, "I/O Write Time": 0.0, "Plans": [{"Node Type": "Seq Scan", "Parent Relationship": "Outer", "Parallel Aware": false, "Relation Name": "store_sales", "Schema": "public", "Alias": "store_sales", "Startup Cost": 0.0, "Total Cost": 87700.0, "Plan Rows": 18, "Plan Width": 8, "Actual Startup Time": 86.58, "Actual Total Time": 2586.344, "Actual Rows": 23, "Actual Loops": 1, "Output": ["store_sales.ss_hdemo_sk", "store_sales.ss_promo_sk"], "Filter": "(store_sales.ss_net_profit = '-1263.36'::numeric)", "Rows Removed by Filter": 2880381, "Shared Hit Blocks": 0, "Shared Read Blocks": 51696, "Shared Dirtied Blocks": 0, "Shared Written Blocks": 0, "Local Hit Blocks": 0, "Local Read Blocks": 0, "Local Dirtied Blocks": 0, "Local Written Blocks": 0, "Temp Read Blocks": 0, "Temp Written Blocks": 0, "I/O Read Time": 1623.926, "I/O Write Time": 0.0, "parent": "Materialize"}], "parent": "Nested Loop"}], "parent": "Incremental Sort"}], "parent": "None"}, "Planning": {"Shared Hit Blocks": 121, "Shared Read Blocks": 20, "Shared Dirtied Blocks": 0, "Shared Written Blocks": 0, "Local Hit Blocks": 0, "Local Read Blocks": 0, "Local Dirtied Blocks": 0, "Local Written Blocks": 0, "Temp Read Blocks": 0, "Temp Written Blocks": 0, "I/O Read Time": 6.25, "I/O Write Time": 0.0}, "Planning Time": 8.57, "Triggers": [], "Execution Time": 2590.451}, "config": {}}
{"query": "EXPLAIN (ANALYZE, COSTS, BUFFERS, VERBOSE, FORMAT JSON) select promotion.p_promo_sk from promotion where promotion.p_promo_sk > 276;", "planinfo": {"Plan": {"Node Type": "Index Only Scan", "Parallel Aware": false, "Scan Direction": "Forward", "Index Name": "promotion_pkey", "Relation Name": "promotion", "Schema": "public", "Alias": "promotion", "Startup Cost": 0.15, "Total Cost": 8.57, "Plan Rows": 24, "Plan Width": 4, "Actual Startup Time": 0.485, "Actual Total Time": 0.963, "Actual Rows": 24, "Actual Loops": 1, "Output": ["p_promo_sk"], "Index Cond": "(promotion.p_promo_sk > 276)", "Rows Removed by Index Recheck": 0, "Heap Fetches": 24, "Shared Hit Blocks": 0, "Shared Read Blocks": 3, "Shared Dirtied Blocks": 0, "Shared Written Blocks": 0, "Local Hit Blocks": 0, "Local Read Blocks": 0, "Local Dirtied Blocks": 0, "Local Written Blocks": 0, "Temp Read Blocks": 0, "Temp Written Blocks": 0, "I/O Read Time": 0.913, "I/O Write Time": 0.0, "parent": "None"}, "Planning": {"Shared Hit Blocks": 30, "Shared Read Blocks": 3, "Shared Dirtied Blocks": 0, "Shared Written Blocks": 0, "Local Hit Blocks": 0, "Local Read Blocks": 0, "Local Dirtied Blocks": 0, "Local Written Blocks": 0, "Temp Read Blocks": 0, "Temp Written Blocks": 0, "I/O Read Time": 1.385, "I/O Write Time": 0.0}, "Planning Time": 1.668, "Triggers": [], "Execution Time": 0.992}, "config": {}}
{"query": "EXPLAIN (ANALYZE, COSTS, BUFFERS, VERBOSE, FORMAT JSON) select promotion.p_promo_sk from promotion where promotion.p_promo_sk >= 225;", "planinfo": {"Plan": {"Node Type": "Index Only Scan", "Parallel Aware": false, "Scan Direction": "Forward", "Index Name": "promotion_pkey", "Relation Name": "promotion", "Schema": "public", "Alias": "promotion", "Startup Cost": 0.15, "Total Cost": 11.48, "Plan Rows": 76, "Plan Width": 4, "Actual Startup Time": 0.509, "Actual Total Time": 1.013, "Actual Rows": 76, "Actual Loops": 1, "Output": ["p_promo_sk"], "Index Cond": "(promotion.p_promo_sk >= 225)", "Rows Removed by Index Recheck": 0, "Heap Fetches": 76, "Shared Hit Blocks": 0, "Shared Read Blocks": 4, "Shared Dirtied Blocks": 0, "Shared Written Blocks": 0, "Local Hit Blocks": 0, "Local Read Blocks": 0, "Local Dirtied Blocks": 0, "Local Written Blocks": 0, "Temp Read Blocks": 0, "Temp Written Blocks": 0, "I/O Read Time": 0.926, "I/O Write Time": 0.0, "parent": "None"}, "Planning": {"Shared Hit Blocks": 30, "Shared Read Blocks": 3, "Shared Dirtied Blocks": 0, "Shared Written Blocks": 0, "Local Hit Blocks": 0, "Local Read Blocks": 0, "Local Dirtied Blocks": 0, "Local Written Blocks": 0, "Temp Read Blocks": 0, "Temp Written Blocks": 0, "I/O Read Time": 1.349, "I/O Write Time": 0.0}, "Planning Time": 1.636, "Triggers": [], "Execution Time": 1.047}, "config": {}}
{"query": "EXPLAIN (ANALYZE, COSTS, BUFFERS, VERBOSE, FORMAT JSON) select store_sales.ss_addr_sk, promotion.p_promo_sk from promotion join store_sales on store_sales.ss_promo_sk=promotion.p_promo_sk where store_sales.ss_wholesale_cost = 86.13 order by promotion.p_promo_sk ASC, store_sales.ss_addr_sk DESC;", "planinfo": {"Plan": {"Node Type": "Incremental Sort", "Parallel Aware": false, "Startup Cost": 87711.6, "Total Cost": 87749.63, "Plan Rows": 278, "Plan Width": 8, "Actual Startup Time": 2586.539, "Actual Total Time": 2587.397, "Actual Rows": 292, "Actual Loops": 1, "Output": ["store_sales.ss_addr_sk", "promotion.p_promo_sk"], "Sort Key": ["promotion.p_promo_sk", "store_sales.ss_addr_sk DESC"], "Presorted Key": ["promotion.p_promo_sk"], "Full-sort Groups": {"Group Count": 10, "Sort Methods Used": ["quicksort"], "Sort Space Memory": {"Average Sort Space Used": 26, "Peak Sort Space Used": 26}}, "Shared Hit Blocks": 3, "Shared Read Blocks": 51702, "Shared Dirtied Blocks": 0, "Shared Written Blocks": 0, "Local Hit Blocks": 0, "Local Read Blocks": 0, "Local Dirtied Blocks": 0, "Local Written Blocks": 0, "Temp Read Blocks": 0, "Temp Written Blocks": 0, "I/O Read Time": 1813.768, "I/O Write Time": 0.0, "Plans": [{"Node Type": "Merge Join", "Parent Relationship": "Outer", "Parallel Aware": false, "Join Type": "Inner", "Startup Cost": 87711.43, "Total Cost": 87739.67, "Plan Rows": 278, "Plan Width": 8, "Actual Startup Time": 2586.487, "Actual Total Time": 2587.286, "Actual Rows": 292, "Actual Loops": 1, "Output": ["store_sales.ss_addr_sk", "promotion.p_promo_sk"], "Inner Unique": false, "Merge Cond": "(promotion.p_promo_sk = store_sales.ss_promo_sk)", "Shared Hit Blocks": 3, "Shared Read Blocks": 51702, "Shared Dirtied Blocks": 0, "Shared Written Blocks": 0, "Local Hit Blocks": 0, "Local Read Blocks": 0, "Local Dirtied Blocks": 0, "Local Written Blocks": 0, "Temp Read Blocks": 0, "Temp Written Blocks": 0, "I/O Read Time": 1813.768, "I/O Write Time": 0.0, "Plans": [{"Node Type": "Index Only Scan", "Parent Relationship": "Outer", "Parallel Aware": false, "Scan Direction": "Forward", "Index Name": "promotion_pkey", "Relation Name": "promotion", "Schema": "public", "Alias": "promotion", "Startup Cost": 0.15, "Total Cost": 23.65, "Plan Rows": 300, "Plan Width": 4, "Actual Startup Time": 0.017, "Actual Total Time": 0.649, "Actual Rows": 300, "Actual Loops": 1, "Output": ["promotion.p_promo_sk"], "Heap Fetches": 300, "Shared Hit Blocks": 3, "Shared Read Blocks": 6, "Shared Dirtied Blocks": 0, "Shared Written Blocks": 0, "Local Hit Blocks": 0, "Local Read Blocks": 0, "Local Dirtied Blocks": 0, "Local Written Blocks": 0, "Temp Read Blocks": 0, "Temp Written Blocks": 0, "I/O Read Time": 0.508, "I/O Write Time": 0.0, "parent": "Merge Join"}, {"Node Type": "Sort", "Parent Relationship": "Inner", "Parallel Aware": false, "Startup Cost": 87711.29, "Total Cost": 87711.98, "Plan Rows": 278, "Plan Width": 8, "Actual Startup Time": 2586.453, "Actual Total Time": 2586.487, "Actual Rows": 293, "Actual Loops": 1, "Output": ["store_sales.ss_addr_sk", "store_sales.ss_promo_sk"], "Sort Key": ["store_sales.ss_promo_sk"], "Sort Method": "quicksort", "Sort Space Used": 41, "Sort Space Type": "Memory", "Shared Hit Blocks": 0, "Shared Read Blocks": 51696, "Shared Dirtied Blocks": 0, "Shared Written Blocks": 0, "Local Hit Blocks": 0, "Local Read Blocks": 0, "Local Dirtied Blocks": 0, "Local Written Blocks": 0, "Temp Read Blocks": 0, "Temp Written Blocks": 0, "I/O Read Time": 1813.26, "I/O Write Time": 0.0, "Plans": [{"Node Type": "Seq Scan", "Parent Relationship": "Outer", "Parallel Aware": false, "Relation Name": "store_sales", "Schema": "public", "Alias": "store_sales", "Startup Cost": 0.0, "Total Cost": 87700.0, "Plan Rows": 278, "Plan Width": 8, "Actual Startup Time": 2.489, "Actual Total Time": 2585.985, "Actual Rows": 301, "Actual Loops": 1, "Output": ["store_sales.ss_addr_sk", "store_sales.ss_promo_sk"], "Filter": "(store_sales.ss_wholesale_cost = 86.13)", "Rows Removed by Filter": 2880103, "Shared Hit Blocks": 0, "Shared Read Blocks": 51696, "Shared Dirtied Blocks": 0, "Shared Written Blocks": 0, "Local Hit Blocks": 0, "Local Read Blocks": 0, "Local Dirtied Blocks": 0, "Local Written Blocks": 0, "Temp Read Blocks": 0, "Temp Written Blocks": 0, "I/O Read Time": 1813.26, "I/O Write Time": 0.0, "parent": "Sort"}], "parent": "Merge Join"}], "parent": "Incremental Sort"}], "parent": "None"}, "Planning": {"Shared Hit Blocks": 105, "Shared Read Blocks": 20, "Shared Dirtied Blocks": 0, "Shared Written Blocks": 0, "Local Hit Blocks": 0, "Local Read Blocks": 0, "Local Dirtied Blocks": 0, "Local Written Blocks": 0, "Temp Read Blocks": 0, "Temp Written Blocks": 0, "I/O Read Time": 6.189, "I/O Write Time": 0.0}, "Planning Time": 8.451, "Triggers": [], "Execution Time": 2587.527}, "config": {}}
{"query": "EXPLAIN (ANALYZE, COSTS, BUFFERS, VERBOSE, FORMAT JSON) select web_returns.wr_return_ship_cost, customer_demographics.cd_demo_sk,  max(web_returns.wr_returning_customer_sk) from web_returns join customer_demographics on customer_demographics.cd_demo_sk=web_returns.wr_refunded_cdemo_sk group by web_returns.wr_return_ship_cost, customer_demographics.cd_demo_sk having max(web_returns.wr_returning_customer_sk) >= 12428 order by web_returns.wr_return_ship_cost DESC, customer_demographics.cd_demo_sk ASC;", "planinfo": {"Plan": {"Node Type": "Aggregate", "Strategy": "Sorted", "Partial Mode": "Simple", "Parallel Aware": false, "Startup Cost": 60839.19, "Total Cost": 62633.27, "Plan Rows": 23921, "Plan Width": 14, "Actual Startup Time": 2056.869, "Actual Total Time": 2117.95, "Actual Rows": 58648, "Actual Loops": 1, "Output": ["web_returns.wr_return_ship_cost", "customer_demographics.cd_demo_sk", "max(web_returns.wr_returning_customer_sk)"], "Group Key": ["web_returns.wr_return_ship_cost", "customer_demographics.cd_demo_sk"], "Filter": "(max(web_returns.wr_returning_customer_sk) >= 12428)", "Rows Removed by Filter": 9884, "Shared Hit Blocks": 200344, "Shared Read Blocks": 6589, "Shared Dirtied Blocks": 0, "Shared Written Blocks": 0, "Local Hit Blocks": 0, "Local Read Blocks": 0, "Local Dirtied Blocks": 0, "Local Written Blocks": 0, "Temp Read Blocks": 216, "Temp Written Blocks": 217, "I/O Read Time": 1628.896, "I/O Write Time": 0.0, "Plans": [{"Node Type": "Sort", "Parent Relationship": "Outer", "Parallel Aware": false, "Startup Cost": 60839.19, "Total Cost": 61018.6, "Plan Rows": 71763, "Plan Width": 14, "Actual Startup Time": 2056.854, "Actual Total Time": 2075.61, "Actual Rows": 68533, "Actual Loops": 1, "Output": ["web_returns.wr_return_ship_cost", "customer_demographics.cd_demo_sk", "web_returns.wr_returning_customer_sk"], "Sort Key": ["web_returns.wr_return_ship_cost DESC", "customer_demographics.cd_demo_sk"], "Sort Method": "external merge", "Sort Space Used": 1728, "Sort Space Type": "Disk", "Shared Hit Blocks": 200344, "Shared Read Blocks": 6589, "Shared Dirtied Blocks": 0, "Shared Written Blocks": 0, "Local Hit Blocks": 0, "Local Read Blocks": 0, "Local Dirtied Blocks": 0, "Local Written Blocks": 0, "Temp Read Blocks": 216, "Temp Written Blocks": 217, "I/O Read Time": 1628.896, "I/O Write Time": 0.0, "Plans": [{"Node Type": "Nested Loop", "Parent Relationship": "Outer", "Parallel Aware": false, "Join Type": "Inner", "Startup Cost": 0.43, "Total Cost": 55051.17, "Plan Rows": 71763, "Plan Width": 14, "Actual Startup Time": 1.531, "Actual Total Time": 1994.864, "Actual Rows": 68533, "Actual Loops": 1, "Output": ["web_returns.wr_return_ship_cost", "customer_demographics.cd_demo_sk", "web_returns.wr_returning_customer_sk"], "Inner Unique": true, "Shared Hit Blocks": 200338, "Shared Read Blocks": 6589, "Shared Dirtied Blocks": 0, "Shared Written Blocks": 0, "Local Hit Blocks": 0, "Local Read Blocks": 0, "Local Dirtied Blocks": 0, "Local Written Blocks": 0, "Temp Read Blocks": 0, "Temp Written Blocks": 0, "I/O Read Time": 1628.896, "I/O Write Time": 0.0, "Plans": [{"Node Type": "Seq Scan", "Parent Relationship": "Outer", "Parallel Aware": false, "Relation Name": "web_returns", "Schema": "public", "Alias": "web_returns", "Startup Cost": 0.0, "Total Cost": 2044.63, "Plan Rows": 71763, "Plan Width": 14, "Actual Startup Time": 0.459, "Actual Total Time": 22.501, "Actual Rows": 71763, "Actual Loops": 1, "Output": ["web_returns.wr_returned_date_sk", "web_returns.wr_returned_time_sk", "web_returns.wr_item_sk", "web_returns.wr_refunded_customer_sk", "web_returns.wr_refunded_cdemo_sk", "web_returns.wr_refunded_hdemo_sk", "web_returns.wr_refunded_addr_sk", "web_returns.wr_returning_customer_sk", "web_returns.wr_returning_cdemo_sk", "web_returns.wr_returning_hdemo_sk", "web_returns.wr_returning_addr_sk", "web_returns.wr_web_page_sk", "web_returns.wr_reason_sk", "web_returns.wr_order_number", "web_returns.wr_return_quantity", "web_returns.wr_return_amt", "web_returns.wr_return_tax", "web_returns.wr_return_amt_inc_tax", "web_returns.wr_fee", "web_returns.wr_return_ship_cost", "web_returns.wr_refunded_cash", "web_returns.wr_reversed_charge", "web_returns.wr_account_credit", "web_returns.wr_net_loss"], "Shared Hit Blocks": 0, "Shared Read Blocks": 1327, "Shared Dirtied Blocks": 0, "Shared Written Blocks": 0, "Local Hit Blocks": 0, "Local Read Blocks": 0, "Local Dirtied Blocks": 0, "Local Written Blocks": 0, "Temp Read Blocks": 0, "Temp Written Blocks": 0, "I/O Read Time": 13.095, "I/O Write Time": 0.0, "parent": "Nested Loop"}, {"Node Type": "Index Only Scan", "Parent Relationship": "Inner", "Parallel Aware": false, "Scan Direction": "Forward", "Index Name": "customer_demographics_pkey", "Relation Name": "customer_demographics", "Schema": "public", "Alias": "customer_demographics", "Startup Cost": 0.43, "Total Cost": 0.74, "Plan Rows": 1, "Plan Width": 4, "Actual Startup Time": 0.027, "Actual Total Time": 0.027, "Actual Rows": 1, "Actual Loops": 71763, "Output": ["customer_demographics.cd_demo_sk"], "Index Cond": "(customer_demographics.cd_demo_sk = web_returns.wr_refunded_cdemo_sk)", "Rows Removed by Index Recheck": 0, "Heap Fetches": 0, "Shared Hit Blocks": 200338, "Shared Read Blocks": 5262, "Shared Dirtied Blocks": 0, "Shared Written Blocks": 0, "Local Hit Blocks": 0, "Local Read Blocks": 0, "Local Dirtied Blocks": 0, "Local Written Blocks": 0, "Temp Read Blocks": 0, "Temp Written Blocks": 0, "I/O Read Time": 1615.801, "I/O Write Time": 0.0, "parent": "Nested Loop"}], "parent": "Sort"}], "parent": "Aggregate"}], "parent": "None"}, "Planning": {"Shared Hit Blocks": 93, "Shared Read Blocks": 22, "Shared Dirtied Blocks": 0, "Shared Written Blocks": 0, "Local Hit Blocks": 0, "Local Read Blocks": 0, "Local Dirtied Blocks": 0, "Local Written Blocks": 0, "Temp Read Blocks": 0, "Temp Written Blocks": 0, "I/O Read Time": 7.638, "I/O Write Time": 0.0}, "Planning Time": 8.851, "Triggers": [], "Execution Time": 2122.908}, "config": {}}
{"query": "EXPLAIN (ANALYZE, COSTS, BUFFERS, VERBOSE, FORMAT JSON) select customer_demographics.cd_demo_sk from customer_demographics where customer_demographics.cd_demo_sk < 19719;", "planinfo": {"Plan": {"Node Type": "Index Only Scan", "Parallel Aware": false, "Scan Direction": "Forward", "Index Name": "customer_demographics_pkey", "Relation Name": "customer_demographics", "Schema": "public", "Alias": "customer_demographics", "Startup Cost": 0.43, "Total Cost": 549.06, "Plan Rows": 19236, "Plan Width": 4, "Actual Startup Time": 1.369, "Actual Total Time": 5.122, "Actual Rows": 19718, "Actual Loops": 1, "Output": ["cd_demo_sk"], "Index Cond": "(customer_demographics.cd_demo_sk < 19719)", "Rows Removed by Index Recheck": 0, "Heap Fetches": 0, "Shared Hit Blocks": 0, "Shared Read Blocks": 57, "Shared Dirtied Blocks": 0, "Shared Written Blocks": 0, "Local Hit Blocks": 0, "Local Read Blocks": 0, "Local Dirtied Blocks": 0, "Local Written Blocks": 0, "Temp Read Blocks": 0, "Temp Written Blocks": 0, "I/O Read Time": 2.095, "I/O Write Time": 0.0, "parent": "None"}, "Planning": {"Shared Hit Blocks": 26, "Shared Read Blocks": 3, "Shared Dirtied Blocks": 0, "Shared Written Blocks": 0, "Local Hit Blocks": 0, "Local Read Blocks": 0, "Local Dirtied Blocks": 0, "Local Written Blocks": 0, "Temp Read Blocks": 0, "Temp Written Blocks": 0, "I/O Read Time": 1.489, "I/O Write Time": 0.0}, "Planning Time": 1.836, "Triggers": [], "Execution Time": 6.124}, "config": {}}
{"query": "EXPLAIN (ANALYZE, COSTS, BUFFERS, VERBOSE, FORMAT JSON) select customer_demographics.cd_demo_sk, store_sales.ss_sold_time_sk from store_sales join customer_demographics on customer_demographics.cd_demo_sk=store_sales.ss_cdemo_sk where store_sales.ss_promo_sk < 277 order by customer_demographics.cd_demo_sk DESC;", "planinfo": {"Plan": {"Node Type": "Merge Join", "Parallel Aware": false, "Join Type": "Inner", "Startup Cost": 425982.6, "Total Cost": 523169.1, "Plan Rows": 2526095, "Plan Width": 8, "Actual Startup Time": 2886.857, "Actual Total Time": 7315.3, "Actual Rows": 2471024, "Actual Loops": 1, "Output": ["customer_demographics.cd_demo_sk", "store_sales.ss_sold_time_sk"], "Inner Unique": false, "Merge Cond": "(customer_demographics.cd_demo_sk = store_sales.ss_cdemo_sk)", "Shared Hit Blocks": 5, "Shared Read Blocks": 56942, "Shared Dirtied Blocks": 0, "Shared Written Blocks": 0, "Local Hit Blocks": 0, "Local Read Blocks": 0, "Local Dirtied Blocks": 0, "Local Written Blocks": 0, "Temp Read Blocks": 10674, "Temp Written Blocks": 10724, "I/O Read Time": 3463.946, "I/O Write Time": 0.0, "Plans": [{"Node Type": "Index Only Scan", "Parent Relationship": "Outer", "Parallel Aware": false, "Scan Direction": "Backward", "Index Name": "customer_demographics_pkey", "Relation Name": "customer_demographics", "Schema": "public", "Alias": "customer_demographics", "Startup Cost": 0.43, "Total Cost": 49884.43, "Plan Rows": 1920800, "Plan Width": 4, "Actual Startup Time": 0.019, "Actual Total Time": 2682.211, "Actual Rows": 1920787, "Actual Loops": 1, "Output": ["customer_demographics.cd_demo_sk"], "Heap Fetches": 0, "Shared Hit Blocks": 5, "Shared Read Blocks": 5246, "Shared Dirtied Blocks": 0, "Shared Written Blocks": 0, "Local Hit Blocks": 0, "Local Read Blocks": 0, "Local Dirtied Blocks": 0, "Local Written Blocks": 0, "Temp Read Blocks": 0, "Temp Written Blocks": 0, "I/O Read Time": 2407.35, "I/O Write Time": 0.0, "parent": "Merge Join"}, {"Node Type": "Materialize", "Parent Relationship": "Inner", "Parallel Aware": false, "Startup Cost": 425406.97, "Total Cost": 438037.45, "Plan Rows": 2526095, "Plan Width": 8, "Actual Startup Time": 2858.983, "Actual Total Time": 3755.98, "Actual Rows": 2530769, "Actual Loops": 1, "Output": ["store_sales.ss_sold_time_sk", "store_sales.ss_cdemo_sk"], "Shared Hit Blocks": 0, "Shared Read Blocks": 51696, "Shared Dirtied Blocks": 0, "Shared Written Blocks": 0, "Local Hit Blocks": 0, "Local Read Blocks": 0, "Local Dirtied Blocks": 0, "Local Written Blocks": 0, "Temp Read Blocks": 10674, "Temp Written Blocks": 10724, "I/O Read Time": 1056.596, "I/O Write Time": 0.0, "Plans": [{"Node Type": "Sort", "Parent Relationship": "Outer", "Parallel Aware": false, "Startup Cost": 425406.97, "Total Cost": 431722.21, "Plan Rows": 2526095, "Plan Width": 8, "Actual Startup Time": 2858.976, "Actual Total Time": 3227.343, "Actual Rows": 2530769, "Actual Loops": 1, "Output": ["store_sales.ss_sold_time_sk", "store_sales.ss_cdemo_sk"], "Sort Key": ["store_sales.ss_cdemo_sk DESC"], "Sort Method": "external merge", "Sort Space Used": 44176, "Sort Space Type": "Disk", "Shared Hit Blocks": 0, "Shared Read Blocks": 51696, "Shared Dirtied Blocks": 0, "Shared Written Blocks": 0, "Local Hit Blocks": 0, "Local Read Blocks": 0, "Local Dirtied Blocks": 0, "Local Written Blocks": 0, "Temp Read Blocks": 10674, "Temp Written Blocks": 10724, "I/O Read Time": 1056.596, "I/O Write Time": 0.0, "Plans": [{"Node Type": "Seq Scan", "Parent Relationship": "Outer", "Parallel Aware": false, "Relation Name": "store_sales", "Schema": "public", "Alias": "store_sales", "Startup Cost": 0.0, "Total Cost": 87700.0, "Plan Rows": 2526095, "Plan Width": 8, "Actual Startup Time": 0.471, "Actual Total Time": 1703.657, "Actual Rows": 2530769, "Actual Loops": 1, "Output": ["store_sales.ss_sold_time_sk", "store_sales.ss_cdemo_sk"], "Filter": "(store_sales.ss_promo_sk < 277)", "Rows Removed by Filter": 349635, "Shared Hit Blocks": 0, "Shared Read Blocks": 51696, "Shared Dirtied Blocks": 0, "Shared Written Blocks": 0, "Local Hit Blocks": 0, "Local Read Blocks": 0, "Local Dirtied Blocks": 0, "Local Written Blocks": 0, "Temp Read Blocks": 0, "Temp Written Blocks": 0, "I/O Read Time": 1056.596, "I/O Write Time": 0.0, "parent": "Sort"}], "parent": "Materialize"}], "parent": "Merge Join"}], "parent": "None"}, "Planning": {"Shared Hit Blocks": 100, "Shared Read Blocks": 20, "Shared Dirtied Blocks": 0, "Shared Written Blocks": 0, "Local Hit Blocks": 0, "Local Read Blocks": 0, "Local Dirtied Blocks": 0, "Local Written Blocks": 0, "Temp Read Blocks": 0, "Temp Written Blocks": 0, "I/O Read Time": 7.368, "I/O Write Time": 0.0}, "Planning Time": 8.578, "Triggers": [], "Execution Time": 7462.375}, "config": {}}
{"query": "EXPLAIN (ANALYZE, COSTS, BUFFERS, VERBOSE, FORMAT JSON) select web_returns.wr_returning_customer_sk, customer_demographics.cd_demo_sk,  max(customer_demographics.cd_demo_sk) from web_returns join customer_demographics on customer_demographics.cd_demo_sk=web_returns.wr_refunded_cdemo_sk where web_returns.wr_account_credit > 135.56 group by web_returns.wr_returning_customer_sk, customer_demographics.cd_demo_sk order by web_returns.wr_returning_customer_sk DESC, customer_demographics.cd_demo_sk DESC;", "planinfo": {"Plan": {"Node Type": "Aggregate", "Strategy": "Sorted", "Partial Mode": "Simple", "Parallel Aware": false, "Startup Cost": 37134.29, "Total Cost": 37668.05, "Plan Rows": 26688, "Plan Width": 12, "Actual Startup Time": 1823.038, "Actual Total Time": 1839.021, "Actual Rows": 25940, "Actual Loops": 1, "Output": ["web_returns.wr_returning_customer_sk", "customer_demographics.cd_demo_sk", "max(customer_demographics.cd_demo_sk)"], "Group Key": ["web_returns.wr_returning_customer_sk", "customer_demographics.cd_demo_sk"], "Shared Hit Blocks": 72672, "Shared Read Blocks": 6557, "Shared Dirtied Blocks": 0, "Shared Written Blocks": 0, "Local Hit Blocks": 0, "Local Read Blocks": 0, "Local Dirtied Blocks": 0, "Local Written Blocks": 0, "Temp Read Blocks": 0, "Temp Written Blocks": 0, "I/O Read Time": 1646.779, "I/O Write Time": 0.0, "Plans": [{"Node Type": "Sort", "Parent Relationship": "Outer", "Parallel Aware": false, "Startup Cost": 37134.29, "Total Cost": 37201.01, "Plan Rows": 26688, "Plan Width": 8, "Actual Startup Time": 1823.027, "Actual Total Time": 1825.8, "Actual Rows": 25966, "Actual Loops": 1, "Output": ["web_returns.wr_returning_customer_sk", "customer_demographics.cd_demo_sk"], "Sort Key": ["web_returns.wr_returning_customer_sk DESC", "customer_demographics.cd_demo_sk DESC"], "Sort Method": "quicksort", "Sort Space Used": 2189, "Sort Space Type": "Memory", "Shared Hit Blocks": 72672, "Shared Read Blocks": 6557, "Shared Dirtied Blocks": 0, "Shared Written Blocks": 0, "Local Hit Blocks": 0, "Local Read Blocks": 0, "Local Dirtied Blocks": 0, "Local Written Blocks": 0, "Temp Read Blocks": 0, "Temp Written Blocks": 0, "I/O Read Time": 1646.779, "I/O Write Time": 0.0, "Plans": [{"Node Type": "Nested Loop", "Parent Relationship": "Outer", "Parallel Aware": false, "Join Type": "Inner", "Startup Cost": 0.43, "Total Cost": 35172.2, "Plan Rows": 26688, "Plan Width": 8, "Actual Startup Time": 1.04, "Actual Total Time": 1808.805, "Actual Rows": 25966, "Actual Loops": 1, "Output": ["web_returns.wr_returning_customer_sk", "customer_demographics.cd_demo_sk"], "Inner Unique": true, "Shared Hit Blocks": 72669, "Shared Read Blocks": 6557, "Shared Dirtied Blocks": 0, "Shared Written Blocks": 0, "Local Hit Blocks": 0, "Local Read Blocks": 0, "Local Dirtied Blocks": 0, "Local Written Blocks": 0, "Temp Read Blocks": 0, "Temp Written Blocks": 0, "I/O Read Time": 1646.779, "I/O Write Time": 0.0, "Plans": [{"Node Type": "Seq Scan", "Parent Relationship": "Outer", "Parallel Aware": false, "Relation Name": "web_returns", "Schema": "public", "Alias": "web_returns", "Startup Cost": 0.0, "Total Cost": 2224.04, "Plan Rows": 26688, "Plan Width": 8, "Actual Startup Time": 0.591, "Actual Total Time": 41.364, "Actual Rows": 26610, "Actual Loops": 1, "Output": ["web_returns.wr_returned_date_sk", "web_returns.wr_returned_time_sk", "web_returns.wr_item_sk", "web_returns.wr_refunded_customer_sk", "web_returns.wr_refunded_cdemo_sk", "web_returns.wr_refunded_hdemo_sk", "web_returns.wr_refunded_addr_sk", "web_returns.wr_returning_customer_sk", "web_returns.wr_returning_cdemo_sk", "web_returns.wr_returning_hdemo_sk", "web_returns.wr_returning_addr_sk", "web_returns.wr_web_page_sk", "web_returns.wr_reason_sk", "web_returns.wr_order_number", "web_returns.wr_return_quantity", "web_returns.wr_return_amt", "web_returns.wr_return_tax", "web_returns.wr_return_amt_inc_tax", "web_returns.wr_fee", "web_returns.wr_return_ship_cost", "web_returns.wr_refunded_cash", "web_returns.wr_reversed_charge", "web_returns.wr_account_credit", "web_returns.wr_net_loss"], "Filter": "(web_returns.wr_account_credit > 135.56)", "Rows Removed by Filter": 45153, "Shared Hit Blocks": 0, "Shared Read Blocks": 1327, "Shared Dirtied Blocks": 0, "Shared Written Blocks": 0, "Local Hit Blocks": 0, "Local Read Blocks": 0, "Local Dirtied Blocks": 0, "Local Written Blocks": 0, "Temp Read Blocks": 0, "Temp Written Blocks": 0, "I/O Read Time": 12.887, "I/O Write Time": 0.0, "parent": "Nested Loop"}, {"Node Type": "Index Only Scan", "Parent Relationship": "Inner", "Parallel Aware": false, "Scan Direction": "Forward", "Index Name": "customer_demographics_pkey", "Relation Name": "customer_demographics", "Schema": "public", "Alias": "customer_demographics", "Startup Cost": 0.43, "Total Cost": 1.23, "Plan Rows": 1, "Plan Width": 4, "Actual Startup Time": 0.066, "Actual Total Time": 0.066, "Actual Rows": 1, "Actual Loops": 26610, "Output": ["customer_demographics.cd_demo_sk"], "Index Cond": "(customer_demographics.cd_demo_sk = web_returns.wr_refunded_cdemo_sk)", "Rows Removed by Index Recheck": 0, "Heap Fetches": 0, "Shared Hit Blocks": 72669, "Shared Read Blocks": 5230, "Shared Dirtied Blocks": 0, "Shared Written Blocks": 0, "Local Hit Blocks": 0, "Local Read Blocks": 0, "Local Dirtied Blocks": 0, "Local Written Blocks": 0, "Temp Read Blocks": 0, "Temp Written Blocks": 0, "I/O Read Time": 1633.892, "I/O Write Time": 0.0, "parent": "Nested Loop"}], "parent": "Sort"}], "parent": "Aggregate"}], "parent": "None"}, "Planning": {"Shared Hit Blocks": 116, "Shared Read Blocks": 24, "Shared Dirtied Blocks": 0, "Shared Written Blocks": 0, "Local Hit Blocks": 0, "Local Read Blocks": 0, "Local Dirtied Blocks": 0, "Local Written Blocks": 0, "Temp Read Blocks": 0, "Temp Written Blocks": 0, "I/O Read Time": 7.889, "I/O Write Time": 0.0}, "Planning Time": 10.279, "Triggers": [], "Execution Time": 1841.047}, "config": {}}
{"query": "EXPLAIN (ANALYZE, COSTS, BUFFERS, VERBOSE, FORMAT JSON) select customer_demographics.cd_demo_sk from customer_demographics where customer_demographics.cd_demo_sk < 360040 and customer_demographics.cd_demo_sk <= 1229509;", "planinfo": {"Plan": {"Node Type": "Index Only Scan", "Parallel Aware": false, "Scan Direction": "Forward", "Index Name": "customer_demographics_pkey", "Relation Name": "customer_demographics", "Schema": "public", "Alias": "customer_demographics", "Startup Cost": 0.43, "Total Cost": 11051.55, "Plan Rows": 356756, "Plan Width": 4, "Actual Startup Time": 1.381, "Actual Total Time": 64.688, "Actual Rows": 360039, "Actual Loops": 1, "Output": ["cd_demo_sk"], "Index Cond": "((customer_demographics.cd_demo_sk < 360040) AND (customer_demographics.cd_demo_sk <= 1229509))", "Rows Removed by Index Recheck": 0, "Heap Fetches": 0, "Shared Hit Blocks": 0, "Shared Read Blocks": 987, "Shared Dirtied Blocks": 0, "Shared Written Blocks": 0, "Local Hit Blocks": 0, "Local Read Blocks": 0, "Local Dirtied Blocks": 0, "Local Written Blocks": 0, "Temp Read Blocks": 0, "Temp Written Blocks": 0, "I/O Read Time": 11.103, "I/O Write Time": 0.0, "parent": "None"}, "Planning": {"Shared Hit Blocks": 30, "Shared Read Blocks": 3, "Shared Dirtied Blocks": 0, "Shared Written Blocks": 0, "Local Hit Blocks": 0, "Local Read Blocks": 0, "Local Dirtied Blocks": 0, "Local Written Blocks": 0, "Temp Read Blocks": 0, "Temp Written Blocks": 0, "I/O Read Time": 1.535, "I/O Write Time": 0.0}, "Planning Time": 1.826, "Triggers": [], "Execution Time": 84.214}, "config": {}}
{"query": "EXPLAIN (ANALYZE, COSTS, BUFFERS, VERBOSE, FORMAT JSON) select customer.c_customer_sk, web_sales.ws_coupon_amt from web_sales join customer on customer.c_customer_sk=web_sales.ws_bill_customer_sk;", "planinfo": {"Plan": {"Node Type": "Hash Join", "Parallel Aware": false, "Join Type": "Inner", "Startup Cost": 4245.29, "Total Cost": 38107.59, "Plan Rows": 719384, "Plan Width": 7, "Actual Startup Time": 44.399, "Actual Total Time": 761.932, "Actual Rows": 719217, "Actual Loops": 1, "Output": ["customer.c_customer_sk", "web_sales.ws_coupon_amt"], "Inner Unique": true, "Hash Cond": "(web_sales.ws_bill_customer_sk = customer.c_customer_sk)", "Shared Hit Blocks": 7, "Shared Read Blocks": 19039, "Shared Dirtied Blocks": 0, "Shared Written Blocks": 0, "Local Hit Blocks": 0, "Local Read Blocks": 0, "Local Dirtied Blocks": 0, "Local Written Blocks": 0, "Temp Read Blocks": 1416, "Temp Written Blocks": 1416, "I/O Read Time": 168.227, "I/O Write Time": 0.0, "Plans": [{"Node Type": "Seq Scan", "Parent Relationship": "Outer", "Parallel Aware": false, "Relation Name": "web_sales", "Schema": "public", "Alias": "web_sales", "Startup Cost": 0.0, "Total Cost": 25960.84, "Plan Rows": 719384, "Plan Width": 7, "Actual Startup Time": 0.464, "Actual Total Time": 379.388, "Actual Rows": 719384, "Actual Loops": 1, "Output": ["web_sales.ws_coupon_amt", "web_sales.ws_bill_customer_sk"], "Shared Hit Blocks": 0, "Shared Read Blocks": 18767, "Shared Dirtied Blocks": 0, "Shared Written Blocks": 0, "Local Hit Blocks": 0, "Local Read Blocks": 0, "Local Dirtied Blocks": 0, "Local Written Blocks": 0, "Temp Read Blocks": 0, "Temp Written Blocks": 0, "I/O Read Time": 165.569, "I/O Write Time": 0.0, "parent": "Hash Join"}, {"Node Type": "Hash", "Parent Relationship": "Inner", "Parallel Aware": false, "Startup Cost": 2604.29, "Total Cost": 2604.29, "Plan Rows": 100000, "Plan Width": 4, "Actual Startup Time": 43.477, "Actual Total Time": 43.478, "Actual Rows": 100000, "Actual Loops": 1, "Output": ["customer.c_customer_sk"], "Hash Buckets": 131072, "Original Hash Buckets": 131072, "Hash Batches": 2, "Original Hash Batches": 2, "Peak Memory Usage": 2781, "Shared Hit Blocks": 4, "Shared Read Blocks": 272, "Shared Dirtied Blocks": 0, "Shared Written Blocks": 0, "Local Hit Blocks": 0, "Local Read Blocks": 0, "Local Dirtied Blocks": 0, "Local Written Blocks": 0, "Temp Read Blocks": 0, "Temp Written Blocks": 146, "I/O Read Time": 2.659, "I/O Write Time": 0.0, "Plans": [{"Node Type": "Index Only Scan", "Parent Relationship": "Outer", "Parallel Aware": false, "Scan Direction": "Forward", "Index Name": "c_customer_sk_idx", "Relation Name": "customer", "Schema": "public", "Alias": "customer", "Startup Cost": 0.29, "Total Cost": 2604.29, "Plan Rows": 100000, "Plan Width": 4, "Actual Startup Time": 0.016, "Actual Total Time": 17.172, "Actual Rows": 100000, "Actual Loops": 1, "Output": ["customer.c_customer_sk"], "Heap Fetches": 0, "Shared Hit Blocks": 4, "Shared Read Blocks": 272, "Shared Dirtied Blocks": 0, "Shared Written Blocks": 0, "Local Hit Blocks": 0, "Local Read Blocks": 0, "Local Dirtied Blocks": 0, "Local Written Blocks": 0, "Temp Read Blocks": 0, "Temp Written Blocks": 0, "I/O Read Time": 2.659, "I/O Write Time": 0.0, "parent": "Hash"}], "parent": "Hash Join"}], "parent": "None"}, "Planning": {"Shared Hit Blocks": 99, "Shared Read Blocks": 21, "Shared Dirtied Blocks": 0, "Shared Written Blocks": 0, "Local Hit Blocks": 0, "Local Read Blocks": 0, "Local Dirtied Blocks": 0, "Local Written Blocks": 0, "Temp Read Blocks": 0, "Temp Written Blocks": 0, "I/O Read Time": 7.256, "I/O Write Time": 0.0}, "Planning Time": 8.431, "Triggers": [], "Execution Time": 801.076}, "config": {}}
{"query": "EXPLAIN (ANALYZE, COSTS, BUFFERS, VERBOSE, FORMAT JSON) select customer.c_customer_sk from customer where customer.c_customer_sk < 73196;", "planinfo": {"Plan": {"Node Type": "Index Only Scan", "Parallel Aware": false, "Scan Direction": "Forward", "Index Name": "c_customer_sk_idx", "Relation Name": "customer", "Schema": "public", "Alias": "customer", "Startup Cost": 0.29, "Total Cost": 2096.97, "Plan Rows": 73410, "Plan Width": 4, "Actual Startup Time": 0.939, "Actual Total Time": 13.983, "Actual Rows": 73195, "Actual Loops": 1, "Output": ["c_customer_sk"], "Index Cond": "(customer.c_customer_sk < 73196)", "Rows Removed by Index Recheck": 0, "Heap Fetches": 0, "Shared Hit Blocks": 0, "Shared Read Blocks": 202, "Shared Dirtied Blocks": 0, "Shared Written Blocks": 0, "Local Hit Blocks": 0, "Local Read Blocks": 0, "Local Dirtied Blocks": 0, "Local Written Blocks": 0, "Temp Read Blocks": 0, "Temp Written Blocks": 0, "I/O Read Time": 3.023, "I/O Write Time": 0.0, "parent": "None"}, "Planning": {"Shared Hit Blocks": 37, "Shared Read Blocks": 5, "Shared Dirtied Blocks": 0, "Shared Written Blocks": 0, "Local Hit Blocks": 0, "Local Read Blocks": 0, "Local Dirtied Blocks": 0, "Local Written Blocks": 0, "Temp Read Blocks": 0, "Temp Written Blocks": 0, "I/O Read Time": 2.004, "I/O Write Time": 0.0}, "Planning Time": 2.33, "Triggers": [], "Execution Time": 17.921}, "config": {}}
{"query": "EXPLAIN (ANALYZE, COSTS, BUFFERS, VERBOSE, FORMAT JSON) select web_sales.ws_ship_customer_sk, customer.c_customer_sk,  avg(web_sales.ws_ship_date_sk) from web_sales join customer on customer.c_customer_sk=web_sales.ws_bill_customer_sk group by web_sales.ws_ship_customer_sk, customer.c_customer_sk;", "planinfo": {"Plan": {"Node Type": "Aggregate", "Strategy": "Hashed", "Partial Mode": "Simple", "Parallel Aware": false, "Startup Cost": 87395.59, "Total Cost": 103413.13, "Plan Rows": 719384, "Plan Width": 40, "Actual Startup Time": 996.504, "Actual Total Time": 1243.272, "Actual Rows": 59977, "Actual Loops": 1, "Output": ["web_sales.ws_ship_customer_sk", "customer.c_customer_sk", "avg(web_sales.ws_ship_date_sk)"], "Group Key": ["web_sales.ws_ship_customer_sk", "customer.c_customer_sk"], "Planned Partitions": 64, "HashAgg Batches": 65, "Peak Memory Usage": 4113, "Disk Usage": 28472, "Shared Hit Blocks": 4, "Shared Read Blocks": 19039, "Shared Dirtied Blocks": 0, "Shared Written Blocks": 0, "Local Hit Blocks": 0, "Local Read Blocks": 0, "Local Dirtied Blocks": 0, "Local Written Blocks": 0, "Temp Read Blocks": 3737, "Temp Written Blocks": 7226, "I/O Read Time": 131.162, "I/O Write Time": 0.0, "Plans": [{"Node Type": "Hash Join", "Parent Relationship": "Outer", "Parallel Aware": false, "Join Type": "Inner", "Startup Cost": 4245.29, "Total Cost": 39511.59, "Plan Rows": 719384, "Plan Width": 12, "Actual Startup Time": 44.052, "Actual Total Time": 676.452, "Actual Rows": 719217, "Actual Loops": 1, "Output": ["web_sales.ws_ship_customer_sk", "customer.c_customer_sk", "web_sales.ws_ship_date_sk"], "Inner Unique": true, "Hash Cond": "(web_sales.ws_bill_customer_sk = customer.c_customer_sk)", "Shared Hit Blocks": 4, "Shared Read Blocks": 19039, "Shared Dirtied Blocks": 0, "Shared Written Blocks": 0, "Local Hit Blocks": 0, "Local Read Blocks": 0, "Local Dirtied Blocks": 0, "Local Written Blocks": 0, "Temp Read Blocks": 1557, "Temp Written Blocks": 1557, "I/O Read Time": 131.162, "I/O Write Time": 0.0, "Plans": [{"Node Type": "Seq Scan", "Parent Relationship": "Outer", "Parallel Aware": false, "Relation Name": "web_sales", "Schema": "public", "Alias": "web_sales", "Startup Cost": 0.0, "Total Cost": 25960.84, "Plan Rows": 719384, "Plan Width": 12, "Actual Startup Time": 0.597, "Actual Total Time": 287.471, "Actual Rows": 719384, "Actual Loops": 1, "Output": ["web_sales.ws_ship_customer_sk", "web_sales.ws_ship_date_sk", "web_sales.ws_bill_customer_sk"], "Shared Hit Blocks": 0, "Shared Read Blocks": 18767, "Shared Dirtied Blocks": 0, "Shared Written Blocks": 0, "Local Hit Blocks": 0, "Local Read Blocks": 0, "Local Dirtied Blocks": 0, "Local Written Blocks": 0, "Temp Read Blocks": 0, "Temp Written Blocks": 0, "I/O Read Time": 128.558, "I/O Write Time": 0.0, "parent": "Hash Join"}, {"Node Type": "Hash", "Parent Relationship": "Inner", "Parallel Aware": false, "Startup Cost": 2604.29, "Total Cost": 2604.29, "Plan Rows": 100000, "Plan Width": 4, "Actual Startup Time": 43.016, "Actual Total Time": 43.017, "Actual Rows": 100000, "Actual Loops": 1, "Output": ["customer.c_customer_sk"], "Hash Buckets": 131072, "Original Hash Buckets": 131072, "Hash Batches": 2, "Original Hash Batches": 2, "Peak Memory Usage": 2781, "Shared Hit Blocks": 4, "Shared Read Blocks": 272, "Shared Dirtied Blocks": 0, "Shared Written Blocks": 0, "Local Hit Blocks": 0, "Local Read Blocks": 0, "Local Dirtied Blocks": 0, "Local Written Blocks": 0, "Temp Read Blocks": 0, "Temp Written Blocks": 146, "I/O Read Time": 2.604, "I/O Write Time": 0.0, "Plans": [{"Node Type": "Index Only Scan", "Parent Relationship": "Outer", "Parallel Aware": false, "Scan Direction": "Forward", "Index Name": "c_customer_sk_idx", "Relation Name": "customer", "Schema": "public", "Alias": "customer", "Startup Cost": 0.29, "Total Cost": 2604.29, "Plan Rows": 100000, "Plan Width": 4, "Actual Startup Time": 0.018, "Actual Total Time": 16.89, "Actual Rows": 100000, "Actual Loops": 1, "Output": ["customer.c_customer_sk"], "Heap Fetches": 0, "Shared Hit Blocks": 4, "Shared Read Blocks": 272, "Shared Dirtied Blocks": 0, "Shared Written Blocks": 0, "Local Hit Blocks": 0, "Local Read Blocks": 0, "Local Dirtied Blocks": 0, "Local Written Blocks": 0, "Temp Read Blocks": 0, "Temp Written Blocks": 0, "I/O Read Time": 2.604, "I/O Write Time": 0.0, "parent": "Hash"}], "parent": "Hash Join"}], "parent": "Aggregate"}], "parent": "None"}, "Planning": {"Shared Hit Blocks": 102, "Shared Read Blocks": 24, "Shared Dirtied Blocks": 0, "Shared Written Blocks": 0, "Local Hit Blocks": 0, "Local Read Blocks": 0, "Local Dirtied Blocks": 0, "Local Written Blocks": 0, "Temp Read Blocks": 0, "Temp Written Blocks": 0, "I/O Read Time": 9.044, "I/O Write Time": 0.0}, "Planning Time": 10.273, "Triggers": [], "Execution Time": 1253.067}, "config": {}}
{"query": "EXPLAIN (ANALYZE, COSTS, BUFFERS, VERBOSE, FORMAT JSON) select catalog_sales.cs_ship_mode_sk, customer.c_customer_sk from customer join catalog_sales on catalog_sales.cs_bill_customer_sk=customer.c_customer_sk order by catalog_sales.cs_ship_mode_sk DESC;", "planinfo": {"Plan": {"Node Type": "Sort", "Parallel Aware": false, "Startup Cost": 238667.57, "Total Cost": 242271.27, "Plan Rows": 1441479, "Plan Width": 8, "Actual Startup Time": 2159.781, "Actual Total Time": 2348.255, "Actual Rows": 1434519, "Actual Loops": 1, "Output": ["catalog_sales.cs_ship_mode_sk", "customer.c_customer_sk"], "Sort Key": ["catalog_sales.cs_ship_mode_sk DESC"], "Sort Method": "external merge", "Sort Space Used": 25320, "Sort Space Type": "Disk", "Shared Hit Blocks": 7, "Shared Read Blocks": 37677, "Shared Dirtied Blocks": 0, "Shared Written Blocks": 0, "Local Hit Blocks": 0, "Local Read Blocks": 0, "Local Dirtied Blocks": 0, "Local Written Blocks": 0, "Temp Read Blocks": 7419, "Temp Written Blocks": 7447, "I/O Read Time": 571.945, "I/O Write Time": 0.0, "Plans": [{"Node Type": "Hash Join", "Parent Relationship": "Outer", "Parallel Aware": false, "Join Type": "Inner", "Startup Cost": 4245.29, "Total Cost": 71502.12, "Plan Rows": 1441479, "Plan Width": 8, "Actual Startup Time": 45.141, "Actual Total Time": 1610.062, "Actual Rows": 1434519, "Actual Loops": 1, "Output": ["catalog_sales.cs_ship_mode_sk", "customer.c_customer_sk"], "Inner Unique": true, "Hash Cond": "(catalog_sales.cs_bill_customer_sk = customer.c_customer_sk)", "Shared Hit Blocks": 4, "Shared Read Blocks": 37677, "Shared Dirtied Blocks": 0, "Shared Written Blocks": 0, "Local Hit Blocks": 0, "Local Read Blocks": 0, "Local Dirtied Blocks": 0, "Local Written Blocks": 0, "Temp Read Blocks": 2595, "Temp Written Blocks": 2595, "I/O Read Time": 571.945, "I/O Write Time": 0.0, "Plans": [{"Node Type": "Seq Scan", "Parent Relationship": "Outer", "Parallel Aware": false, "Relation Name": "catalog_sales", "Schema": "public", "Alias": "catalog_sales", "Startup Cost": 0.0, "Total Cost": 51819.79, "Plan Rows": 1441479, "Plan Width": 8, "Actual Startup Time": 0.477, "Actual Total Time": 904.46, "Actual Rows": 1441548, "Actual Loops": 1, "Output": ["catalog_sales.cs_ship_mode_sk", "catalog_sales.cs_bill_customer_sk"], "Shared Hit Blocks": 0, "Shared Read Blocks": 37405, "Shared Dirtied Blocks": 0, "Shared Written Blocks": 0, "Local Hit Blocks": 0, "Local Read Blocks": 0, "Local Dirtied Blocks": 0, "Local Written Blocks": 0, "Temp Read Blocks": 0, "Temp Written Blocks": 0, "I/O Read Time": 569.224, "I/O Write Time": 0.0, "parent": "Hash Join"}, {"Node Type": "Hash", "Parent Relationship": "Inner", "Parallel Aware": false, "Startup Cost": 2604.29, "Total Cost": 2604.29, "Plan Rows": 100000, "Plan Width": 4, "Actual Startup Time": 44.118, "Actual Total Time": 44.12, "Actual Rows": 100000, "Actual Loops": 1, "Output": ["customer.c_customer_sk"], "Hash Buckets": 131072, "Original Hash Buckets": 131072, "Hash Batches": 2, "Original Hash Batches": 2, "Peak Memory Usage": 2781, "Shared Hit Blocks": 4, "Shared Read Blocks": 272, "Shared Dirtied Blocks": 0, "Shared Written Blocks": 0, "Local Hit Blocks": 0, "Local Read Blocks": 0, "Local Dirtied Blocks": 0, "Local Written Blocks": 0, "Temp Read Blocks": 0, "Temp Written Blocks": 146, "I/O Read Time": 2.722, "I/O Write Time": 0.0, "Plans": [{"Node Type": "Index Only Scan", "Parent Relationship": "Outer", "Parallel Aware": false, "Scan Direction": "Forward", "Index Name": "c_customer_sk_idx", "Relation Name": "customer", "Schema": "public", "Alias": "customer", "Startup Cost": 0.29, "Total Cost": 2604.29, "Plan Rows": 100000, "Plan Width": 4, "Actual Startup Time": 0.02, "Actual Total Time": 16.862, "Actual Rows": 100000, "Actual Loops": 1, "Output": ["customer.c_customer_sk"], "Heap Fetches": 0, "Shared Hit Blocks": 4, "Shared Read Blocks": 272, "Shared Dirtied Blocks": 0, "Shared Written Blocks": 0, "Local Hit Blocks": 0, "Local Read Blocks": 0, "Local Dirtied Blocks": 0, "Local Written Blocks": 0, "Temp Read Blocks": 0, "Temp Written Blocks": 0, "I/O Read Time": 2.722, "I/O Write Time": 0.0, "parent": "Hash"}], "parent": "Hash Join"}], "parent": "Sort"}], "parent": "None"}, "Planning": {"Shared Hit Blocks": 99, "Shared Read Blocks": 18, "Shared Dirtied Blocks": 0, "Shared Written Blocks": 0, "Local Hit Blocks": 0, "Local Read Blocks": 0, "Local Dirtied Blocks": 0, "Local Written Blocks": 0, "Temp Read Blocks": 0, "Temp Written Blocks": 0, "I/O Read Time": 6.333, "I/O Write Time": 0.0}, "Planning Time": 7.597, "Triggers": [], "Execution Time": 2425.994}, "config": {}}
{"query": "EXPLAIN (ANALYZE, COSTS, BUFFERS, VERBOSE, FORMAT JSON) select customer.c_customer_sk from customer where customer.c_customer_sk > 85060;", "planinfo": {"Plan": {"Node Type": "Index Only Scan", "Parallel Aware": false, "Scan Direction": "Forward", "Index Name": "c_customer_sk_idx", "Relation Name": "customer", "Schema": "public", "Alias": "customer", "Startup Cost": 0.29, "Total Cost": 429.17, "Plan Rows": 14907, "Plan Width": 4, "Actual Startup Time": 1.381, "Actual Total Time": 4.851, "Actual Rows": 14940, "Actual Loops": 1, "Output": ["c_customer_sk"], "Index Cond": "(customer.c_customer_sk > 85060)", "Rows Removed by Index Recheck": 0, "Heap Fetches": 0, "Shared Hit Blocks": 0, "Shared Read Blocks": 44, "Shared Dirtied Blocks": 0, "Shared Written Blocks": 0, "Local Hit Blocks": 0, "Local Read Blocks": 0, "Local Dirtied Blocks": 0, "Local Written Blocks": 0, "Temp Read Blocks": 0, "Temp Written Blocks": 0, "I/O Read Time": 2.523, "I/O Write Time": 0.0, "parent": "None"}, "Planning": {"Shared Hit Blocks": 41, "Shared Read Blocks": 5, "Shared Dirtied Blocks": 0, "Shared Written Blocks": 0, "Local Hit Blocks": 0, "Local Read Blocks": 0, "Local Dirtied Blocks": 0, "Local Written Blocks": 0, "Temp Read Blocks": 0, "Temp Written Blocks": 0, "I/O Read Time": 1.83, "I/O Write Time": 0.0}, "Planning Time": 2.203, "Triggers": [], "Execution Time": 5.651}, "config": {}}
{"query": "EXPLAIN (ANALYZE, COSTS, BUFFERS, VERBOSE, FORMAT JSON) select catalog_sales.cs_coupon_amt, customer.c_current_addr_sk from catalog_sales join customer on customer.c_customer_sk=catalog_sales.cs_bill_customer_sk where catalog_sales.cs_net_paid_inc_ship_tax != 2418.15 and catalog_sales.cs_warehouse_sk >= 1 and customer.c_customer_sk = 26105;", "planinfo": {"Plan": {"Node Type": "Nested Loop", "Parallel Aware": false, "Join Type": "Inner", "Startup Cost": 0.29, "Total Cost": 62639.44, "Plan Rows": 25, "Plan Width": 7, "Actual Startup Time": 863.116, "Actual Total Time": 1573.75, "Actual Rows": 9, "Actual Loops": 1, "Output": ["catalog_sales.cs_coupon_amt", "customer.c_current_addr_sk"], "Inner Unique": false, "Shared Hit Blocks": 0, "Shared Read Blocks": 37408, "Shared Dirtied Blocks": 0, "Shared Written Blocks": 0, "Local Hit Blocks": 0, "Local Read Blocks": 0, "Local Dirtied Blocks": 0, "Local Written Blocks": 0, "Temp Read Blocks": 0, "Temp Written Blocks": 0, "I/O Read Time": 988.7, "I/O Write Time": 0.0, "Plans": [{"Node Type": "Index Scan", "Parent Relationship": "Outer", "Parallel Aware": false, "Scan Direction": "Forward", "Index Name": "c_customer_sk_idx", "Relation Name": "customer", "Schema": "public", "Alias": "customer", "Startup Cost": 0.29, "Total Cost": 8.31, "Plan Rows": 1, "Plan Width": 8, "Actual Startup Time": 1.347, "Actual Total Time": 1.352, "Actual Rows": 1, "Actual Loops": 1, "Output": ["customer.c_customer_sk", "customer.c_customer_id", "customer.c_current_cdemo_sk", "customer.c_current_hdemo_sk", "customer.c_current_addr_sk", "customer.c_first_shipto_date_sk", "customer.c_first_sales_date_sk", "customer.c_salutation", "customer.c_first_name", "customer.c_last_name", "customer.c_preferred_cust_flag", "customer.c_birth_day", "customer.c_birth_month", "customer.c_birth_year", "customer.c_birth_country", "customer.c_login", "customer.c_email_address", "customer.c_last_review_date_sk"], "Index Cond": "(customer.c_customer_sk = 26105)", "Rows Removed by Index Recheck": 0, "Shared Hit Blocks": 0, "Shared Read Blocks": 3, "Shared Dirtied Blocks": 0, "Shared Written Blocks": 0, "Local Hit Blocks": 0, "Local Read Blocks": 0, "Local Dirtied Blocks": 0, "Local Written Blocks": 0, "Temp Read Blocks": 0, "Temp Written Blocks": 0, "I/O Read Time": 1.335, "I/O Write Time": 0.0, "parent": "Nested Loop"}, {"Node Type": "Seq Scan", "Parent Relationship": "Inner", "Parallel Aware": false, "Relation Name": "catalog_sales", "Schema": "public", "Alias": "catalog_sales", "Startup Cost": 0.0, "Total Cost": 62630.88, "Plan Rows": 25, "Plan Width": 7, "Actual Startup Time": 861.764, "Actual Total Time": 1572.388, "Actual Rows": 9, "Actual Loops": 1, "Output": ["catalog_sales.cs_sold_date_sk", "catalog_sales.cs_sold_time_sk", "catalog_sales.cs_ship_date_sk", "catalog_sales.cs_bill_customer_sk", "catalog_sales.cs_bill_cdemo_sk", "catalog_sales.cs_bill_hdemo_sk", "catalog_sales.cs_bill_addr_sk", "catalog_sales.cs_ship_customer_sk", "catalog_sales.cs_ship_cdemo_sk", "catalog_sales.cs_ship_hdemo_sk", "catalog_sales.cs_ship_addr_sk", "catalog_sales.cs_call_center_sk", "catalog_sales.cs_catalog_page_sk", "catalog_sales.cs_ship_mode_sk", "catalog_sales.cs_warehouse_sk", "catalog_sales.cs_item_sk", "catalog_sales.cs_promo_sk", "catalog_sales.cs_order_number", "catalog_sales.cs_quantity", "catalog_sales.cs_wholesale_cost", "catalog_sales.cs_list_price", "catalog_sales.cs_sales_price", "catalog_sales.cs_ext_discount_amt", "catalog_sales.cs_ext_sales_price", "catalog_sales.cs_ext_wholesale_cost", "catalog_sales.cs_ext_list_price", "catalog_sales.cs_ext_tax", "catalog_sales.cs_coupon_amt", "catalog_sales.cs_ext_ship_cost", "catalog_sales.cs_net_paid", "catalog_sales.cs_net_paid_inc_tax", "catalog_sales.cs_net_paid_inc_ship", "catalog_sales.cs_net_paid_inc_ship_tax", "catalog_sales.cs_net_profit"], "Filter": "((catalog_sales.cs_net_paid_inc_ship_tax <> 2418.15) AND (catalog_sales.cs_warehouse_sk >= 1) AND (catalog_sales.cs_bill_customer_sk = 26105))", "Rows Removed by Filter": 1441539, "Shared Hit Blocks": 0, "Shared Read Blocks": 37405, "Shared Dirtied Blocks": 0, "Shared Written Blocks": 0, "Local Hit Blocks": 0, "Local Read Blocks": 0, "Local Dirtied Blocks": 0, "Local Written Blocks": 0, "Temp Read Blocks": 0, "Temp Written Blocks": 0, "I/O Read Time": 987.366, "I/O Write Time": 0.0, "parent": "Nested Loop"}], "parent": "None"}, "Planning": {"Shared Hit Blocks": 95, "Shared Read Blocks": 17, "Shared Dirtied Blocks": 0, "Shared Written Blocks": 0, "Local Hit Blocks": 0, "Local Read Blocks": 0, "Local Dirtied Blocks": 0, "Local Written Blocks": 0, "Temp Read Blocks": 0, "Temp Written Blocks": 0, "I/O Read Time": 6.03, "I/O Write Time": 0.0}, "Planning Time": 7.172, "Triggers": [], "Execution Time": 1573.811}, "config": {}}
{"query": "EXPLAIN (ANALYZE, COSTS, BUFFERS, VERBOSE, FORMAT JSON) select customer.c_first_sales_date_sk from customer where customer.c_customer_sk <= 14137;", "planinfo": {"Plan": {"Node Type": "Index Scan", "Parallel Aware": false, "Scan Direction": "Forward", "Index Name": "c_customer_sk_idx", "Relation Name": "customer", "Schema": "public", "Alias": "customer", "Startup Cost": 0.29, "Total Cost": 810.21, "Plan Rows": 14169, "Plan Width": 4, "Actual Startup Time": 0.935, "Actual Total Time": 13.226, "Actual Rows": 14137, "Actual Loops": 1, "Output": ["c_first_sales_date_sk"], "Index Cond": "(customer.c_customer_sk <= 14137)", "Rows Removed by Index Recheck": 0, "Shared Hit Blocks": 23, "Shared Read Blocks": 432, "Shared Dirtied Blocks": 0, "Shared Written Blocks": 0, "Local Hit Blocks": 0, "Local Read Blocks": 0, "Local Dirtied Blocks": 0, "Local Written Blocks": 0, "Temp Read Blocks": 0, "Temp Written Blocks": 0, "I/O Read Time": 7.714, "I/O Write Time": 0.0, "parent": "None"}, "Planning": {"Shared Hit Blocks": 43, "Shared Read Blocks": 6, "Shared Dirtied Blocks": 0, "Shared Written Blocks": 0, "Local Hit Blocks": 0, "Local Read Blocks": 0, "Local Dirtied Blocks": 0, "Local Written Blocks": 0, "Temp Read Blocks": 0, "Temp Written Blocks": 0, "I/O Read Time": 2.276, "I/O Write Time": 0.0}, "Planning Time": 2.609, "Triggers": [], "Execution Time": 14.154}, "config": {}}
{"query": "EXPLAIN (ANALYZE, COSTS, BUFFERS, VERBOSE, FORMAT JSON) select customer.c_birth_year from customer where customer.c_customer_sk < 11102;", "planinfo": {"Plan": {"Node Type": "Index Scan", "Parallel Aware": false, "Scan Direction": "Forward", "Index Name": "c_customer_sk_idx", "Relation Name": "customer", "Schema": "public", "Alias": "customer", "Startup Cost": 0.29, "Total Cost": 646.42, "Plan Rows": 11264, "Plan Width": 4, "Actual Startup Time": 0.939, "Actual Total Time": 10.74, "Actual Rows": 11101, "Actual Loops": 1, "Output": ["c_birth_year"], "Index Cond": "(customer.c_customer_sk < 11102)", "Rows Removed by Index Recheck": 0, "Shared Hit Blocks": 17, "Shared Read Blocks": 340, "Shared Dirtied Blocks": 0, "Shared Written Blocks": 0, "Local Hit Blocks": 0, "Local Read Blocks": 0, "Local Dirtied Blocks": 0, "Local Written Blocks": 0, "Temp Read Blocks": 0, "Temp Written Blocks": 0, "I/O Read Time": 6.088, "I/O Write Time": 0.0, "parent": "None"}, "Planning": {"Shared Hit Blocks": 39, "Shared Read Blocks": 6, "Shared Dirtied Blocks": 0, "Shared Written Blocks": 0, "Local Hit Blocks": 0, "Local Read Blocks": 0, "Local Dirtied Blocks": 0, "Local Written Blocks": 0, "Temp Read Blocks": 0, "Temp Written Blocks": 0, "I/O Read Time": 2.246, "I/O Write Time": 0.0}, "Planning Time": 2.572, "Triggers": [], "Execution Time": 11.449}, "config": {}}
{"query": "EXPLAIN (ANALYZE, COSTS, BUFFERS, VERBOSE, FORMAT JSON) select customer.c_birth_year from customer where customer.c_customer_sk >= 75156 and customer.c_last_review_date_sk <= 2452492;", "planinfo": {"Plan": {"Node Type": "Index Scan", "Parallel Aware": false, "Scan Direction": "Forward", "Index Name": "c_customer_sk_idx", "Relation Name": "customer", "Schema": "public", "Alias": "customer", "Startup Cost": 0.29, "Total Cost": 1455.47, "Plan Rows": 13734, "Plan Width": 4, "Actual Startup Time": 1.37, "Actual Total Time": 30.913, "Actual Rows": 13800, "Actual Loops": 1, "Output": ["c_birth_year"], "Index Cond": "(customer.c_customer_sk >= 75156)", "Rows Removed by Index Recheck": 0, "Filter": "(customer.c_last_review_date_sk <= 2452492)", "Rows Removed by Filter": 11045, "Shared Hit Blocks": 21, "Shared Read Blocks": 772, "Shared Dirtied Blocks": 0, "Shared Written Blocks": 0, "Local Hit Blocks": 0, "Local Read Blocks": 0, "Local Dirtied Blocks": 0, "Local Written Blocks": 0, "Temp Read Blocks": 0, "Temp Written Blocks": 0, "I/O Read Time": 19.857, "I/O Write Time": 0.0, "parent": "None"}, "Planning": {"Shared Hit Blocks": 48, "Shared Read Blocks": 7, "Shared Dirtied Blocks": 0, "Shared Written Blocks": 0, "Local Hit Blocks": 0, "Local Read Blocks": 0, "Local Dirtied Blocks": 0, "Local Written Blocks": 0, "Temp Read Blocks": 0, "Temp Written Blocks": 0, "I/O Read Time": 2.668, "I/O Write Time": 0.0}, "Planning Time": 3.048, "Triggers": [], "Execution Time": 31.856}, "config": {}}
{"query": "EXPLAIN (ANALYZE, COSTS, BUFFERS, VERBOSE, FORMAT JSON) select customer.c_first_shipto_date_sk from customer where customer.c_current_cdemo_sk > 1744172 and customer.c_customer_sk >= 87058;", "planinfo": {"Plan": {"Node Type": "Index Scan", "Parallel Aware": false, "Scan Direction": "Forward", "Index Name": "c_customer_sk_idx", "Relation Name": "customer", "Schema": "public", "Alias": "customer", "Startup Cost": 0.29, "Total Cost": 771.29, "Plan Rows": 1164, "Plan Width": 4, "Actual Startup Time": 1.335, "Actual Total Time": 15.976, "Actual Rows": 1110, "Actual Loops": 1, "Output": ["c_first_shipto_date_sk"], "Index Cond": "(customer.c_customer_sk >= 87058)", "Rows Removed by Index Recheck": 0, "Filter": "(customer.c_current_cdemo_sk > 1744172)", "Rows Removed by Filter": 11833, "Shared Hit Blocks": 10, "Shared Read Blocks": 402, "Shared Dirtied Blocks": 0, "Shared Written Blocks": 0, "Local Hit Blocks": 0, "Local Read Blocks": 0, "Local Dirtied Blocks": 0, "Local Written Blocks": 0, "Temp Read Blocks": 0, "Temp Written Blocks": 0, "I/O Read Time": 11.842, "I/O Write Time": 0.0, "parent": "None"}, "Planning": {"Shared Hit Blocks": 48, "Shared Read Blocks": 7, "Shared Dirtied Blocks": 0, "Shared Written Blocks": 0, "Local Hit Blocks": 0, "Local Read Blocks": 0, "Local Dirtied Blocks": 0, "Local Written Blocks": 0, "Temp Read Blocks": 0, "Temp Written Blocks": 0, "I/O Read Time": 2.683, "I/O Write Time": 0.0}, "Planning Time": 3.095, "Triggers": [], "Execution Time": 16.078}, "config": {}}
{"query": "EXPLAIN (ANALYZE, COSTS, BUFFERS, VERBOSE, FORMAT JSON) select catalog_returns.cr_return_tax from catalog_returns where catalog_returns.cr_item_sk = 15284;", "planinfo": {"Plan": {"Node Type": "Index Scan", "Parallel Aware": false, "Scan Direction": "Forward", "Index Name": "catalog_returns_pkey", "Relation Name": "catalog_returns", "Schema": "public", "Alias": "catalog_returns", "Startup Cost": 0.42, "Total Cost": 40.58, "Plan Rows": 9, "Plan Width": 6, "Actual Startup Time": 1.84, "Actual Total Time": 5.366, "Actual Rows": 9, "Actual Loops": 1, "Output": ["cr_return_tax"], "Index Cond": "(catalog_returns.cr_item_sk = 15284)", "Rows Removed by Index Recheck": 0, "Shared Hit Blocks": 0, "Shared Read Blocks": 12, "Shared Dirtied Blocks": 0, "Shared Written Blocks": 0, "Local Hit Blocks": 0, "Local Read Blocks": 0, "Local Dirtied Blocks": 0, "Local Written Blocks": 0, "Temp Read Blocks": 0, "Temp Written Blocks": 0, "I/O Read Time": 5.331, "I/O Write Time": 0.0, "parent": "None"}, "Planning": {"Shared Hit Blocks": 33, "Shared Read Blocks": 4, "Shared Dirtied Blocks": 0, "Shared Written Blocks": 0, "Local Hit Blocks": 0, "Local Read Blocks": 0, "Local Dirtied Blocks": 0, "Local Written Blocks": 0, "Temp Read Blocks": 0, "Temp Written Blocks": 0, "I/O Read Time": 1.785, "I/O Write Time": 0.0}, "Planning Time": 2.072, "Triggers": [], "Execution Time": 5.418}, "config": {}}
{"query": "EXPLAIN (ANALYZE, COSTS, BUFFERS, VERBOSE, FORMAT JSON) select catalog_returns.cr_fee from catalog_returns where catalog_returns.cr_item_sk = 8071;", "planinfo": {"Plan": {"Node Type": "Index Scan", "Parallel Aware": false, "Scan Direction": "Forward", "Index Name": "catalog_returns_pkey", "Relation Name": "catalog_returns", "Schema": "public", "Alias": "catalog_returns", "Startup Cost": 0.42, "Total Cost": 40.58, "Plan Rows": 9, "Plan Width": 6, "Actual Startup Time": 1.813, "Actual Total Time": 10.317, "Actual Rows": 20, "Actual Loops": 1, "Output": ["cr_fee"], "Index Cond": "(catalog_returns.cr_item_sk = 8071)", "Rows Removed by Index Recheck": 0, "Shared Hit Blocks": 0, "Shared Read Blocks": 23, "Shared Dirtied Blocks": 0, "Shared Written Blocks": 0, "Local Hit Blocks": 0, "Local Read Blocks": 0, "Local Dirtied Blocks": 0, "Local Written Blocks": 0, "Temp Read Blocks": 0, "Temp Written Blocks": 0, "I/O Read Time": 10.264, "I/O Write Time": 0.0, "parent": "None"}, "Planning": {"Shared Hit Blocks": 33, "Shared Read Blocks": 4, "Shared Dirtied Blocks": 0, "Shared Written Blocks": 0, "Local Hit Blocks": 0, "Local Read Blocks": 0, "Local Dirtied Blocks": 0, "Local Written Blocks": 0, "Temp Read Blocks": 0, "Temp Written Blocks": 0, "I/O Read Time": 1.831, "I/O Write Time": 0.0}, "Planning Time": 2.12, "Triggers": [], "Execution Time": 10.388}, "config": {}}
{"query": "EXPLAIN (ANALYZE, COSTS, BUFFERS, VERBOSE, FORMAT JSON) select catalog_returns.cr_reversed_charge from catalog_returns where catalog_returns.cr_item_sk = 2114;", "planinfo": {"Plan": {"Node Type": "Index Scan", "Parallel Aware": false, "Scan Direction": "Forward", "Index Name": "catalog_returns_pkey", "Relation Name": "catalog_returns", "Schema": "public", "Alias": "catalog_returns", "Startup Cost": 0.42, "Total Cost": 40.58, "Plan Rows": 9, "Plan Width": 6, "Actual Startup Time": 2.776, "Actual Total Time": 6.754, "Actual Rows": 10, "Actual Loops": 1, "Output": ["cr_reversed_charge"], "Index Cond": "(catalog_returns.cr_item_sk = 2114)", "Rows Removed by Index Recheck": 0, "Shared Hit Blocks": 0, "Shared Read Blocks": 13, "Shared Dirtied Blocks": 0, "Shared Written Blocks": 0, "Local Hit Blocks": 0, "Local Read Blocks": 0, "Local Dirtied Blocks": 0, "Local Written Blocks": 0, "Temp Read Blocks": 0, "Temp Written Blocks": 0, "I/O Read Time": 6.72, "I/O Write Time": 0.0, "parent": "None"}, "Planning": {"Shared Hit Blocks": 33, "Shared Read Blocks": 4, "Shared Dirtied Blocks": 0, "Shared Written Blocks": 0, "Local Hit Blocks": 0, "Local Read Blocks": 0, "Local Dirtied Blocks": 0, "Local Written Blocks": 0, "Temp Read Blocks": 0, "Temp Written Blocks": 0, "I/O Read Time": 1.783, "I/O Write Time": 0.0}, "Planning Time": 2.066, "Triggers": [], "Execution Time": 6.801}, "config": {}}
{"query": "EXPLAIN (ANALYZE, COSTS, BUFFERS, VERBOSE, FORMAT JSON) select catalog_returns.cr_net_loss, household_demographics.hd_vehicle_count from catalog_returns join household_demographics on household_demographics.hd_demo_sk=catalog_returns.cr_refunded_hdemo_sk where catalog_returns.cr_order_number = 17347 order by catalog_returns.cr_net_loss DESC;", "planinfo": {"Plan": {"Node Type": "Sort", "Parallel Aware": false, "Startup Cost": 3369.55, "Total Cost": 3369.56, "Plan Rows": 2, "Plan Width": 10, "Actual Startup Time": 173.452, "Actual Total Time": 173.454, "Actual Rows": 1, "Actual Loops": 1, "Output": ["catalog_returns.cr_net_loss", "household_demographics.hd_vehicle_count"], "Sort Key": ["catalog_returns.cr_net_loss DESC"], "Sort Method": "quicksort", "Sort Space Used": 25, "Sort Space Type": "Memory", "Shared Hit Blocks": 5, "Shared Read Blocks": 565, "Shared Dirtied Blocks": 0, "Shared Written Blocks": 0, "Local Hit Blocks": 0, "Local Read Blocks": 0, "Local Dirtied Blocks": 0, "Local Written Blocks": 0, "Temp Read Blocks": 0, "Temp Written Blocks": 0, "I/O Read Time": 169.327, "I/O Write Time": 0.0, "Plans": [{"Node Type": "Nested Loop", "Parent Relationship": "Outer", "Parallel Aware": false, "Join Type": "Inner", "Startup Cost": 0.7, "Total Cost": 3369.54, "Plan Rows": 2, "Plan Width": 10, "Actual Startup Time": 172.22, "Actual Total Time": 173.394, "Actual Rows": 1, "Actual Loops": 1, "Output": ["catalog_returns.cr_net_loss", "household_demographics.hd_vehicle_count"], "Inner Unique": true, "Shared Hit Blocks": 2, "Shared Read Blocks": 565, "Shared Dirtied Blocks": 0, "Shared Written Blocks": 0, "Local Hit Blocks": 0, "Local Read Blocks": 0, "Local Dirtied Blocks": 0, "Local Written Blocks": 0, "Temp Read Blocks": 0, "Temp Written Blocks": 0, "I/O Read Time": 169.327, "I/O Write Time": 0.0, "Plans": [{"Node Type": "Index Scan", "Parent Relationship": "Outer", "Parallel Aware": false, "Scan Direction": "Forward", "Index Name": "catalog_returns_pkey", "Relation Name": "catalog_returns", "Schema": "public", "Alias": "catalog_returns", "Startup Cost": 0.42, "Total Cost": 3352.94, "Plan Rows": 2, "Plan Width": 10, "Actual Startup Time": 171.745, "Actual Total Time": 172.917, "Actual Rows": 1, "Actual Loops": 1, "Output": ["catalog_returns.cr_returned_date_sk", "catalog_returns.cr_returned_time_sk", "catalog_returns.cr_item_sk", "catalog_returns.cr_refunded_customer_sk", "catalog_returns.cr_refunded_cdemo_sk", "catalog_returns.cr_refunded_hdemo_sk", "catalog_returns.cr_refunded_addr_sk", "catalog_returns.cr_returning_customer_sk", "catalog_returns.cr_returning_cdemo_sk", "catalog_returns.cr_returning_hdemo_sk", "catalog_returns.cr_returning_addr_sk", "catalog_returns.cr_call_center_sk", "catalog_returns.cr_catalog_page_sk", "catalog_returns.cr_ship_mode_sk", "catalog_returns.cr_warehouse_sk", "catalog_returns.cr_reason_sk", "catalog_returns.cr_order_number", "catalog_returns.cr_return_quantity", "catalog_returns.cr_return_amount", "catalog_returns.cr_return_tax", "catalog_returns.cr_return_amt_inc_tax", "catalog_returns.cr_fee", "catalog_returns.cr_return_ship_cost", "catalog_returns.cr_refunded_cash", "catalog_returns.cr_reversed_charge", "catalog_returns.cr_store_credit", "catalog_returns.cr_net_loss"], "Index Cond": "(catalog_returns.cr_order_number = 17347)", "Rows Removed by Index Recheck": 0, "Shared Hit Blocks": 0, "Shared Read Blocks": 564, "Shared Dirtied Blocks": 0, "Shared Written Blocks": 0, "Local Hit Blocks": 0, "Local Read Blocks": 0, "Local Dirtied Blocks": 0, "Local Written Blocks": 0, "Temp Read Blocks": 0, "Temp Written Blocks": 0, "I/O Read Time": 168.89, "I/O Write Time": 0.0, "parent": "Nested Loop"}, {"Node Type": "Index Scan", "Parent Relationship": "Inner", "Parallel Aware": false, "Scan Direction": "Forward", "Index Name": "household_demographics_pkey", "Relation Name": "household_demographics", "Schema": "public", "Alias": "household_demographics", "Startup Cost": 0.28, "Total Cost": 8.3, "Plan Rows": 1, "Plan Width": 8, "Actual Startup Time": 0.461, "Actual Total Time": 0.461, "Actual Rows": 1, "Actual Loops": 1, "Output": ["household_demographics.hd_demo_sk", "household_demographics.hd_income_band_sk", "household_demographics.hd_buy_potential", "household_demographics.hd_dep_count", "household_demographics.hd_vehicle_count"], "Index Cond": "(household_demographics.hd_demo_sk = catalog_returns.cr_refunded_hdemo_sk)", "Rows Removed by Index Recheck": 0, "Shared Hit Blocks": 2, "Shared Read Blocks": 1, "Shared Dirtied Blocks": 0, "Shared Written Blocks": 0, "Local Hit Blocks": 0, "Local Read Blocks": 0, "Local Dirtied Blocks": 0, "Local Written Blocks": 0, "Temp Read Blocks": 0, "Temp Written Blocks": 0, "I/O Read Time": 0.438, "I/O Write Time": 0.0, "parent": "Nested Loop"}], "parent": "Sort"}], "parent": "None"}, "Planning": {"Shared Hit Blocks": 110, "Shared Read Blocks": 19, "Shared Dirtied Blocks": 0, "Shared Written Blocks": 0, "Local Hit Blocks": 0, "Local Read Blocks": 0, "Local Dirtied Blocks": 0, "Local Written Blocks": 0, "Temp Read Blocks": 0, "Temp Written Blocks": 0, "I/O Read Time": 5.607, "I/O Write Time": 0.0}, "Planning Time": 6.768, "Triggers": [], "Execution Time": 173.537}, "config": {}}
{"query": "EXPLAIN (ANALYZE, COSTS, BUFFERS, VERBOSE, FORMAT JSON) select catalog_returns.cr_returned_date_sk, reason.r_reason_sk from reason join catalog_returns on catalog_returns.cr_reason_sk=reason.r_reason_sk where catalog_returns.cr_order_number = 41577;", "planinfo": {"Plan": {"Node Type": "Nested Loop", "Parallel Aware": false, "Join Type": "Inner", "Startup Cost": 0.42, "Total Cost": 3355.35, "Plan Rows": 2, "Plan Width": 8, "Actual Startup Time": 173.42, "Actual Total Time": 173.428, "Actual Rows": 2, "Actual Loops": 1, "Output": ["catalog_returns.cr_returned_date_sk", "reason.r_reason_sk"], "Inner Unique": false, "Join Filter": "(reason.r_reason_sk = catalog_returns.cr_reason_sk)", "Rows Removed by Join Filter": 68, "Shared Hit Blocks": 1, "Shared Read Blocks": 564, "Shared Dirtied Blocks": 0, "Shared Written Blocks": 0, "Local Hit Blocks": 0, "Local Read Blocks": 0, "Local Dirtied Blocks": 0, "Local Written Blocks": 0, "Temp Read Blocks": 0, "Temp Written Blocks": 0, "I/O Read Time": 169.355, "I/O Write Time": 0.0, "Plans": [{"Node Type": "Seq Scan", "Parent Relationship": "Outer", "Parallel Aware": false, "Relation Name": "reason", "Schema": "public", "Alias": "reason", "Startup Cost": 0.0, "Total Cost": 1.35, "Plan Rows": 35, "Plan Width": 4, "Actual Startup Time": 0.005, "Actual Total Time": 0.011, "Actual Rows": 35, "Actual Loops": 1, "Output": ["reason.r_reason_sk", "reason.r_reason_id", "reason.r_reason_desc"], "Shared Hit Blocks": 1, "Shared Read Blocks": 0, "Shared Dirtied Blocks": 0, "Shared Written Blocks": 0, "Local Hit Blocks": 0, "Local Read Blocks": 0, "Local Dirtied Blocks": 0, "Local Written Blocks": 0, "Temp Read Blocks": 0, "Temp Written Blocks": 0, "I/O Read Time": 0.0, "I/O Write Time": 0.0, "parent": "Nested Loop"}, {"Node Type": "Materialize", "Parent Relationship": "Inner", "Parallel Aware": false, "Startup Cost": 0.42, "Total Cost": 3352.95, "Plan Rows": 2, "Plan Width": 8, "Actual Startup Time": 1.506, "Actual Total Time": 4.954, "Actual Rows": 2, "Actual Loops": 35, "Output": ["catalog_returns.cr_returned_date_sk", "catalog_returns.cr_reason_sk"], "Shared Hit Blocks": 0, "Shared Read Blocks": 564, "Shared Dirtied Blocks": 0, "Shared Written Blocks": 0, "Local Hit Blocks": 0, "Local Read Blocks": 0, "Local Dirtied Blocks": 0, "Local Written Blocks": 0, "Temp Read Blocks": 0, "Temp Written Blocks": 0, "I/O Read Time": 169.355, "I/O Write Time": 0.0, "Plans": [{"Node Type": "Index Scan", "Parent Relationship": "Outer", "Parallel Aware": false, "Scan Direction": "Forward", "Index Name": "catalog_returns_pkey", "Relation Name": "catalog_returns", "Schema": "public", "Alias": "catalog_returns", "Startup Cost": 0.42, "Total Cost": 3352.94, "Plan Rows": 2, "Plan Width": 8, "Actual Startup Time": 52.685, "Actual Total Time": 173.367, "Actual Rows": 2, "Actual Loops": 1, "Output": ["catalog_returns.cr_returned_date_sk", "catalog_returns.cr_reason_sk"], "Index Cond": "(catalog_returns.cr_order_number = 41577)", "Rows Removed by Index Recheck": 0, "Shared Hit Blocks": 0, "Shared Read Blocks": 564, "Shared Dirtied Blocks": 0, "Shared Written Blocks": 0, "Local Hit Blocks": 0, "Local Read Blocks": 0, "Local Dirtied Blocks": 0, "Local Written Blocks": 0, "Temp Read Blocks": 0, "Temp Written Blocks": 0, "I/O Read Time": 169.355, "I/O Write Time": 0.0, "parent": "Materialize"}], "parent": "Nested Loop"}], "parent": "None"}, "Planning": {"Shared Hit Blocks": 100, "Shared Read Blocks": 14, "Shared Dirtied Blocks": 0, "Shared Written Blocks": 0, "Local Hit Blocks": 0, "Local Read Blocks": 0, "Local Dirtied Blocks": 0, "Local Written Blocks": 0, "Temp Read Blocks": 0, "Temp Written Blocks": 0, "I/O Read Time": 4.155, "I/O Write Time": 0.0}, "Planning Time": 5.314, "Triggers": [], "Execution Time": 173.464}, "config": {}}
{"query": "EXPLAIN (ANALYZE, COSTS, BUFFERS, VERBOSE, FORMAT JSON) select time_dim.t_minute from time_dim where time_dim.t_second <= 50 and time_dim.t_time_sk >= 71521;", "planinfo": {"Plan": {"Node Type": "Index Scan", "Parallel Aware": false, "Scan Direction": "Forward", "Index Name": "time_dim_pkey", "Relation Name": "time_dim", "Schema": "public", "Alias": "time_dim", "Startup Cost": 0.29, "Total Cost": 705.83, "Plan Rows": 12659, "Plan Width": 4, "Actual Startup Time": 1.327, "Actual Total Time": 11.656, "Actual Rows": 12647, "Actual Loops": 1, "Output": ["t_minute"], "Index Cond": "(time_dim.t_time_sk >= 71521)", "Rows Removed by Index Recheck": 0, "Filter": "(time_dim.t_second <= 50)", "Rows Removed by Filter": 2232, "Shared Hit Blocks": 0, "Shared Read Blocks": 273, "Shared Dirtied Blocks": 0, "Shared Written Blocks": 0, "Local Hit Blocks": 0, "Local Read Blocks": 0, "Local Dirtied Blocks": 0, "Local Written Blocks": 0, "Temp Read Blocks": 0, "Temp Written Blocks": 0, "I/O Read Time": 5.378, "I/O Write Time": 0.0, "parent": "None"}, "Planning": {"Shared Hit Blocks": 34, "Shared Read Blocks": 5, "Shared Dirtied Blocks": 0, "Shared Written Blocks": 0, "Local Hit Blocks": 0, "Local Read Blocks": 0, "Local Dirtied Blocks": 0, "Local Written Blocks": 0, "Temp Read Blocks": 0, "Temp Written Blocks": 0, "I/O Read Time": 2.229, "I/O Write Time": 0.0}, "Planning Time": 2.554, "Triggers": [], "Execution Time": 12.579}, "config": {}}
{"query": "EXPLAIN (ANALYZE, COSTS, BUFFERS, VERBOSE, FORMAT JSON) select time_dim.t_second from time_dim where time_dim.t_time_sk >= 75819;", "planinfo": {"Plan": {"Node Type": "Index Scan", "Parallel Aware": false, "Scan Direction": "Forward", "Index Name": "time_dim_pkey", "Relation Name": "time_dim", "Schema": "public", "Alias": "time_dim", "Startup Cost": 0.29, "Total Cost": 470.66, "Plan Rows": 10421, "Plan Width": 4, "Actual Startup Time": 1.329, "Actual Total Time": 8.682, "Actual Rows": 10581, "Actual Loops": 1, "Output": ["t_second"], "Index Cond": "(time_dim.t_time_sk >= 75819)", "Rows Removed by Index Recheck": 0, "Shared Hit Blocks": 0, "Shared Read Blocks": 194, "Shared Dirtied Blocks": 0, "Shared Written Blocks": 0, "Local Hit Blocks": 0, "Local Read Blocks": 0, "Local Dirtied Blocks": 0, "Local Written Blocks": 0, "Temp Read Blocks": 0, "Temp Written Blocks": 0, "I/O Read Time": 4.781, "I/O Write Time": 0.0, "parent": "None"}, "Planning": {"Shared Hit Blocks": 32, "Shared Read Blocks": 4, "Shared Dirtied Blocks": 0, "Shared Written Blocks": 0, "Local Hit Blocks": 0, "Local Read Blocks": 0, "Local Dirtied Blocks": 0, "Local Written Blocks": 0, "Temp Read Blocks": 0, "Temp Written Blocks": 0, "I/O Read Time": 1.787, "I/O Write Time": 0.0}, "Planning Time": 2.092, "Triggers": [], "Execution Time": 9.364}, "config": {}}
{"query": "EXPLAIN (ANALYZE, COSTS, BUFFERS, VERBOSE, FORMAT JSON) select time_dim.t_hour, web_returns.wr_returning_cdemo_sk from time_dim join web_returns on web_returns.wr_returned_time_sk=time_dim.t_time_sk where web_returns.wr_returning_hdemo_sk <= 2582 and time_dim.t_time_sk <= 3252 order by time_dim.t_hour ASC, web_returns.wr_returning_cdemo_sk ASC;", "planinfo": {"Plan": {"Node Type": "Sort", "Parallel Aware": false, "Startup Cost": 2533.78, "Total Cost": 2536.17, "Plan Rows": 959, "Plan Width": 8, "Actual Startup Time": 44.138, "Actual Total Time": 44.154, "Actual Rows": 213, "Actual Loops": 1, "Output": ["time_dim.t_hour", "web_returns.wr_returning_cdemo_sk"], "Sort Key": ["time_dim.t_hour", "web_returns.wr_returning_cdemo_sk"], "Sort Method": "quicksort", "Sort Space Used": 36, "Sort Space Type": "Memory", "Shared Hit Blocks": 5, "Shared Read Blocks": 1386, "Shared Dirtied Blocks": 0, "Shared Written Blocks": 0, "Local Hit Blocks": 0, "Local Read Blocks": 0, "Local Dirtied Blocks": 0, "Local Written Blocks": 0, "Temp Read Blocks": 0, "Temp Written Blocks": 0, "I/O Read Time": 24.443, "I/O Write Time": 0.0, "Plans": [{"Node Type": "Hash Join", "Parent Relationship": "Outer", "Parallel Aware": false, "Join Type": "Inner", "Startup Cost": 196.5, "Total Cost": 2486.28, "Plan Rows": 959, "Plan Width": 8, "Actual Startup Time": 5.451, "Actual Total Time": 43.957, "Actual Rows": 213, "Actual Loops": 1, "Output": ["time_dim.t_hour", "web_returns.wr_returning_cdemo_sk"], "Inner Unique": true, "Hash Cond": "(web_returns.wr_returned_time_sk = time_dim.t_time_sk)", "Shared Hit Blocks": 2, "Shared Read Blocks": 1386, "Shared Dirtied Blocks": 0, "Shared Written Blocks": 0, "Local Hit Blocks": 0, "Local Read Blocks": 0, "Local Dirtied Blocks": 0, "Local Written Blocks": 0, "Temp Read Blocks": 0, "Temp Written Blocks": 0, "I/O Read Time": 24.443, "I/O Write Time": 0.0, "Plans": [{"Node Type": "Seq Scan", "Parent Relationship": "Outer", "Parallel Aware": false, "Relation Name": "web_returns", "Schema": "public", "Alias": "web_returns", "Startup Cost": 0.0, "Total Cost": 2224.04, "Plan Rows": 25044, "Plan Width": 8, "Actual Startup Time": 0.457, "Actual Total Time": 35.641, "Actual Rows": 24741, "Actual Loops": 1, "Output": ["web_returns.wr_returned_date_sk", "web_returns.wr_returned_time_sk", "web_returns.wr_item_sk", "web_returns.wr_refunded_customer_sk", "web_returns.wr_refunded_cdemo_sk", "web_returns.wr_refunded_hdemo_sk", "web_returns.wr_refunded_addr_sk", "web_returns.wr_returning_customer_sk", "web_returns.wr_returning_cdemo_sk", "web_returns.wr_returning_hdemo_sk", "web_returns.wr_returning_addr_sk", "web_returns.wr_web_page_sk", "web_returns.wr_reason_sk", "web_returns.wr_order_number", "web_returns.wr_return_quantity", "web_returns.wr_return_amt", "web_returns.wr_return_tax", "web_returns.wr_return_amt_inc_tax", "web_returns.wr_fee", "web_returns.wr_return_ship_cost", "web_returns.wr_refunded_cash", "web_returns.wr_reversed_charge", "web_returns.wr_account_credit", "web_returns.wr_net_loss"], "Filter": "(web_returns.wr_returning_hdemo_sk <= 2582)", "Rows Removed by Filter": 47022, "Shared Hit Blocks": 0, "Shared Read Blocks": 1327, "Shared Dirtied Blocks": 0, "Shared Written Blocks": 0, "Local Hit Blocks": 0, "Local Read Blocks": 0, "Local Dirtied Blocks": 0, "Local Written Blocks": 0, "Temp Read Blocks": 0, "Temp Written Blocks": 0, "I/O Read Time": 22.803, "I/O Write Time": 0.0, "parent": "Hash Join"}, {"Node Type": "Hash", "Parent Relationship": "Inner", "Parallel Aware": false, "Startup Cost": 155.16, "Total Cost": 155.16, "Plan Rows": 3307, "Plan Width": 8, "Actual Startup Time": 4.382, "Actual Total Time": 4.383, "Actual Rows": 3253, "Actual Loops": 1, "Output": ["time_dim.t_hour", "time_dim.t_time_sk"], "Hash Buckets": 4096, "Original Hash Buckets": 4096, "Hash Batches": 1, "Original Hash Batches": 1, "Peak Memory Usage": 160, "Shared Hit Blocks": 2, "Shared Read Blocks": 59, "Shared Dirtied Blocks": 0, "Shared Written Blocks": 0, "Local Hit Blocks": 0, "Local Read Blocks": 0, "Local Dirtied Blocks": 0, "Local Written Blocks": 0, "Temp Read Blocks": 0, "Temp Written Blocks": 0, "I/O Read Time": 1.64, "I/O Write Time": 0.0, "Plans": [{"Node Type": "Index Scan", "Parent Relationship": "Outer", "Parallel Aware": false, "Scan Direction": "Forward", "Index Name": "time_dim_pkey", "Relation Name": "time_dim", "Schema": "public", "Alias": "time_dim", "Startup Cost": 0.29, "Total Cost": 155.16, "Plan Rows": 3307, "Plan Width": 8, "Actual Startup Time": 0.503, "Actual Total Time": 2.886, "Actual Rows": 3253, "Actual Loops": 1, "Output": ["time_dim.t_hour", "time_dim.t_time_sk"], "Index Cond": "(time_dim.t_time_sk <= 3252)", "Rows Removed by Index Recheck": 0, "Shared Hit Blocks": 2, "Shared Read Blocks": 59, "Shared Dirtied Blocks": 0, "Shared Written Blocks": 0, "Local Hit Blocks": 0, "Local Read Blocks": 0, "Local Dirtied Blocks": 0, "Local Written Blocks": 0, "Temp Read Blocks": 0, "Temp Written Blocks": 0, "I/O Read Time": 1.64, "I/O Write Time": 0.0, "parent": "Hash"}], "parent": "Hash Join"}], "parent": "Sort"}], "parent": "None"}, "Planning": {"Shared Hit Blocks": 85, "Shared Read Blocks": 16, "Shared Dirtied Blocks": 0, "Shared Written Blocks": 0, "Local Hit Blocks": 0, "Local Read Blocks": 0, "Local Dirtied Blocks": 0, "Local Written Blocks": 0, "Temp Read Blocks": 0, "Temp Written Blocks": 0, "I/O Read Time": 5.835, "I/O Write Time": 0.0}, "Planning Time": 6.943, "Triggers": [], "Execution Time": 44.265}, "config": {}}
{"query": "EXPLAIN (ANALYZE, COSTS, BUFFERS, VERBOSE, FORMAT JSON) select time_dim.t_time_sk from time_dim where time_dim.t_time_sk = 75819 and time_dim.t_hour >= 0;", "planinfo": {"Plan": {"Node Type": "Index Scan", "Parallel Aware": false, "Scan Direction": "Forward", "Index Name": "time_dim_pkey", "Relation Name": "time_dim", "Schema": "public", "Alias": "time_dim", "Startup Cost": 0.29, "Total Cost": 8.31, "Plan Rows": 1, "Plan Width": 4, "Actual Startup Time": 1.325, "Actual Total Time": 1.325, "Actual Rows": 1, "Actual Loops": 1, "Output": ["t_time_sk"], "Index Cond": "(time_dim.t_time_sk = 75819)", "Rows Removed by Index Recheck": 0, "Filter": "(time_dim.t_hour >= 0)", "Rows Removed by Filter": 0, "Shared Hit Blocks": 0, "Shared Read Blocks": 3, "Shared Dirtied Blocks": 0, "Shared Written Blocks": 0, "Local Hit Blocks": 0, "Local Read Blocks": 0, "Local Dirtied Blocks": 0, "Local Written Blocks": 0, "Temp Read Blocks": 0, "Temp Written Blocks": 0, "I/O Read Time": 1.311, "I/O Write Time": 0.0, "parent": "None"}, "Planning": {"Shared Hit Blocks": 31, "Shared Read Blocks": 3, "Shared Dirtied Blocks": 0, "Shared Written Blocks": 0, "Local Hit Blocks": 0, "Local Read Blocks": 0, "Local Dirtied Blocks": 0, "Local Written Blocks": 0, "Temp Read Blocks": 0, "Temp Written Blocks": 0, "I/O Read Time": 1.366, "I/O Write Time": 0.0}, "Planning Time": 1.672, "Triggers": [], "Execution Time": 1.343}, "config": {}}
{"query": "EXPLAIN (ANALYZE, COSTS, BUFFERS, VERBOSE, FORMAT JSON) select time_dim.t_minute from time_dim where time_dim.t_time_sk < 50721;", "planinfo": {"Plan": {"Node Type": "Index Scan", "Parallel Aware": false, "Scan Direction": "Forward", "Index Name": "time_dim_pkey", "Relation Name": "time_dim", "Schema": "public", "Alias": "time_dim", "Startup Cost": 0.29, "Total Cost": 2280.36, "Plan Rows": 50861, "Plan Width": 4, "Actual Startup Time": 0.998, "Actual Total Time": 29.52, "Actual Rows": 50721, "Actual Loops": 1, "Output": ["t_minute"], "Index Cond": "(time_dim.t_time_sk < 50721)", "Rows Removed by Index Recheck": 0, "Shared Hit Blocks": 0, "Shared Read Blocks": 962, "Shared Dirtied Blocks": 0, "Shared Written Blocks": 0, "Local Hit Blocks": 0, "Local Read Blocks": 0, "Local Dirtied Blocks": 0, "Local Written Blocks": 0, "Temp Read Blocks": 0, "Temp Written Blocks": 0, "I/O Read Time": 11.242, "I/O Write Time": 0.0, "parent": "None"}, "Planning": {"Shared Hit Blocks": 28, "Shared Read Blocks": 4, "Shared Dirtied Blocks": 0, "Shared Written Blocks": 0, "Local Hit Blocks": 0, "Local Read Blocks": 0, "Local Dirtied Blocks": 0, "Local Written Blocks": 0, "Temp Read Blocks": 0, "Temp Written Blocks": 0, "I/O Read Time": 1.891, "I/O Write Time": 0.0}, "Planning Time": 2.166, "Triggers": [], "Execution Time": 32.665}, "config": {}}
{"query": "EXPLAIN (ANALYZE, COSTS, BUFFERS, VERBOSE, FORMAT JSON) select inventory.inv_warehouse_sk, warehouse.w_warehouse_sk from inventory join warehouse on warehouse.w_warehouse_sk=inventory.inv_warehouse_sk where warehouse.w_gmt_offset <= -5.0 order by warehouse.w_warehouse_sk ASC;", "planinfo": {"Plan": {"Node Type": "Nested Loop", "Parallel Aware": false, "Join Type": "Inner", "Startup Cost": 0.57, "Total Cost": 791727.1, "Plan Rows": 9395915, "Plan Width": 8, "Actual Startup Time": 1.398, "Actual Total Time": 6621.173, "Actual Rows": 9396000, "Actual Loops": 1, "Output": ["inventory.inv_warehouse_sk", "warehouse.w_warehouse_sk"], "Inner Unique": false, "Shared Hit Blocks": 2, "Shared Read Blocks": 250584, "Shared Dirtied Blocks": 0, "Shared Written Blocks": 0, "Local Hit Blocks": 0, "Local Read Blocks": 0, "Local Dirtied Blocks": 0, "Local Written Blocks": 0, "Temp Read Blocks": 0, "Temp Written Blocks": 0, "I/O Read Time": 2721.508, "I/O Write Time": 0.0, "Plans": [{"Node Type": "Index Scan", "Parent Relationship": "Outer", "Parallel Aware": false, "Scan Direction": "Forward", "Index Name": "warehouse_pkey", "Relation Name": "warehouse", "Schema": "public", "Alias": "warehouse", "Startup Cost": 0.13, "Total Cost": 12.22, "Plan Rows": 4, "Plan Width": 4, "Actual Startup Time": 0.005, "Actual Total Time": 0.056, "Actual Rows": 4, "Actual Loops": 1, "Output": ["warehouse.w_warehouse_sk", "warehouse.w_warehouse_id", "warehouse.w_warehouse_name", "warehouse.w_warehouse_sq_ft", "warehouse.w_street_number", "warehouse.w_street_name", "warehouse.w_street_type", "warehouse.w_suite_number", "warehouse.w_city", "warehouse.w_county", "warehouse.w_state", "warehouse.w_zip", "warehouse.w_country", "warehouse.w_gmt_offset"], "Filter": "(warehouse.w_gmt_offset <= '-5.0'::numeric)", "Rows Removed by Filter": 1, "Shared Hit Blocks": 2, "Shared Read Blocks": 0, "Shared Dirtied Blocks": 0, "Shared Written Blocks": 0, "Local Hit Blocks": 0, "Local Read Blocks": 0, "Local Dirtied Blocks": 0, "Local Written Blocks": 0, "Temp Read Blocks": 0, "Temp Written Blocks": 0, "I/O Read Time": 0.0, "I/O Write Time": 0.0, "parent": "Nested Loop"}, {"Node Type": "Index Only Scan", "Parent Relationship": "Inner", "Parallel Aware": false, "Scan Direction": "Forward", "Index Name": "inventory_pkey", "Relation Name": "inventory", "Schema": "public", "Alias": "inventory", "Startup Cost": 0.43, "Total Cost": 174438.93, "Plan Rows": 2348979, "Plan Width": 4, "Actual Startup Time": 0.373, "Actual Total Time": 1348.499, "Actual Rows": 2349000, "Actual Loops": 4, "Output": ["inventory.inv_date_sk", "inventory.inv_item_sk", "inventory.inv_warehouse_sk"], "Index Cond": "(inventory.inv_warehouse_sk = warehouse.w_warehouse_sk)", "Rows Removed by Index Recheck": 0, "Heap Fetches": 0, "Shared Hit Blocks": 0, "Shared Read Blocks": 250584, "Shared Dirtied Blocks": 0, "Shared Written Blocks": 0, "Local Hit Blocks": 0, "Local Read Blocks": 0, "Local Dirtied Blocks": 0, "Local Written Blocks": 0, "Temp Read Blocks": 0, "Temp Written Blocks": 0, "I/O Read Time": 2721.508, "I/O Write Time": 0.0, "parent": "Nested Loop"}], "parent": "None"}, "Planning": {"Shared Hit Blocks": 90, "Shared Read Blocks": 15, "Shared Dirtied Blocks": 0, "Shared Written Blocks": 0, "Local Hit Blocks": 0, "Local Read Blocks": 0, "Local Dirtied Blocks": 0, "Local Written Blocks": 0, "Temp Read Blocks": 0, "Temp Written Blocks": 0, "I/O Read Time": 5.238, "I/O Write Time": 0.0}, "Planning Time": 6.392, "Triggers": [], "Execution Time": 7054.034}, "config": {}}
{"query": "EXPLAIN (ANALYZE, COSTS, BUFFERS, VERBOSE, FORMAT JSON) select web_sales.ws_warehouse_sk, warehouse.w_gmt_offset from warehouse join web_sales on web_sales.ws_warehouse_sk=warehouse.w_warehouse_sk order by web_sales.ws_warehouse_sk DESC;", "planinfo": {"Plan": {"Node Type": "Nested Loop", "Parallel Aware": false, "Join Type": "Inner", "Startup Cost": 0.13, "Total Cost": 95780.31, "Plan Rows": 719384, "Plan Width": 9, "Actual Startup Time": 0.479, "Actual Total Time": 1474.699, "Actual Rows": 719205, "Actual Loops": 1, "Output": ["web_sales.ws_warehouse_sk", "warehouse.w_gmt_offset"], "Inner Unique": false, "Join Filter": "(warehouse.w_warehouse_sk = web_sales.ws_warehouse_sk)", "Rows Removed by Join Filter": 2877715, "Shared Hit Blocks": 3, "Shared Read Blocks": 18767, "Shared Dirtied Blocks": 0, "Shared Written Blocks": 0, "Local Hit Blocks": 0, "Local Read Blocks": 0, "Local Dirtied Blocks": 0, "Local Written Blocks": 0, "Temp Read Blocks": 4920, "Temp Written Blocks": 1230, "I/O Read Time": 135.772, "I/O Write Time": 0.0, "Plans": [{"Node Type": "Index Scan", "Parent Relationship": "Outer", "Parallel Aware": false, "Scan Direction": "Backward", "Index Name": "warehouse_pkey", "Relation Name": "warehouse", "Schema": "public", "Alias": "warehouse", "Startup Cost": 0.13, "Total Cost": 12.21, "Plan Rows": 5, "Plan Width": 9, "Actual Startup Time": 0.002, "Actual Total Time": 0.052, "Actual Rows": 5, "Actual Loops": 1, "Output": ["warehouse.w_warehouse_sk", "warehouse.w_warehouse_id", "warehouse.w_warehouse_name", "warehouse.w_warehouse_sq_ft", "warehouse.w_street_number", "warehouse.w_street_name", "warehouse.w_street_type", "warehouse.w_suite_number", "warehouse.w_city", "warehouse.w_county", "warehouse.w_state", "warehouse.w_zip", "warehouse.w_country", "warehouse.w_gmt_offset"], "Shared Hit Blocks": 3, "Shared Read Blocks": 0, "Shared Dirtied Blocks": 0, "Shared Written Blocks": 0, "Local Hit Blocks": 0, "Local Read Blocks": 0, "Local Dirtied Blocks": 0, "Local Written Blocks": 0, "Temp Read Blocks": 0, "Temp Written Blocks": 0, "I/O Read Time": 0.0, "I/O Write Time": 0.0, "parent": "Nested Loop"}, {"Node Type": "Materialize", "Parent Relationship": "Inner", "Parallel Aware": false, "Startup Cost": 0.0, "Total Cost": 32368.76, "Plan Rows": 719384, "Plan Width": 4, "Actual Startup Time": 0.098, "Actual Total Time": 199.782, "Actual Rows": 719384, "Actual Loops": 5, "Output": ["web_sales.ws_warehouse_sk"], "Shared Hit Blocks": 0, "Shared Read Blocks": 18767, "Shared Dirtied Blocks": 0, "Shared Written Blocks": 0, "Local Hit Blocks": 0, "Local Read Blocks": 0, "Local Dirtied Blocks": 0, "Local Written Blocks": 0, "Temp Read Blocks": 4920, "Temp Written Blocks": 1230, "I/O Read Time": 135.772, "I/O Write Time": 0.0, "Plans": [{"Node Type": "Seq Scan", "Parent Relationship": "Outer", "Parallel Aware": false, "Relation Name": "web_sales", "Schema": "public", "Alias": "web_sales", "Startup Cost": 0.0, "Total Cost": 25960.84, "Plan Rows": 719384, "Plan Width": 4, "Actual Startup Time": 0.467, "Actual Total Time": 311.803, "Actual Rows": 719384, "Actual Loops": 1, "Output": ["web_sales.ws_warehouse_sk"], "Shared Hit Blocks": 0, "Shared Read Blocks": 18767, "Shared Dirtied Blocks": 0, "Shared Written Blocks": 0, "Local Hit Blocks": 0, "Local Read Blocks": 0, "Local Dirtied Blocks": 0, "Local Written Blocks": 0, "Temp Read Blocks": 0, "Temp Written Blocks": 0, "I/O Read Time": 135.772, "I/O Write Time": 0.0, "parent": "Materialize"}], "parent": "Nested Loop"}], "parent": "None"}, "Planning": {"Shared Hit Blocks": 90, "Shared Read Blocks": 14, "Shared Dirtied Blocks": 0, "Shared Written Blocks": 0, "Local Hit Blocks": 0, "Local Read Blocks": 0, "Local Dirtied Blocks": 0, "Local Written Blocks": 0, "Temp Read Blocks": 0, "Temp Written Blocks": 0, "I/O Read Time": 4.57, "I/O Write Time": 0.0}, "Planning Time": 5.658, "Triggers": [], "Execution Time": 1513.883}, "config": {}}
{"query": "EXPLAIN (ANALYZE, COSTS, BUFFERS, VERBOSE, FORMAT JSON) select web_sales.ws_warehouse_sk, warehouse.w_warehouse_sq_ft from warehouse join web_sales on web_sales.ws_warehouse_sk=warehouse.w_warehouse_sk order by web_sales.ws_warehouse_sk DESC;", "planinfo": {"Plan": {"Node Type": "Nested Loop", "Parallel Aware": false, "Join Type": "Inner", "Startup Cost": 0.13, "Total Cost": 95780.31, "Plan Rows": 719384, "Plan Width": 8, "Actual Startup Time": 0.472, "Actual Total Time": 1405.898, "Actual Rows": 719205, "Actual Loops": 1, "Output": ["web_sales.ws_warehouse_sk", "warehouse.w_warehouse_sq_ft"], "Inner Unique": false, "Join Filter": "(warehouse.w_warehouse_sk = web_sales.ws_warehouse_sk)", "Rows Removed by Join Filter": 2877715, "Shared Hit Blocks": 3, "Shared Read Blocks": 18767, "Shared Dirtied Blocks": 0, "Shared Written Blocks": 0, "Local Hit Blocks": 0, "Local Read Blocks": 0, "Local Dirtied Blocks": 0, "Local Written Blocks": 0, "Temp Read Blocks": 4920, "Temp Written Blocks": 1230, "I/O Read Time": 123.142, "I/O Write Time": 0.0, "Plans": [{"Node Type": "Index Scan", "Parent Relationship": "Outer", "Parallel Aware": false, "Scan Direction": "Backward", "Index Name": "warehouse_pkey", "Relation Name": "warehouse", "Schema": "public", "Alias": "warehouse", "Startup Cost": 0.13, "Total Cost": 12.21, "Plan Rows": 5, "Plan Width": 8, "Actual Startup Time": 0.002, "Actual Total Time": 0.053, "Actual Rows": 5, "Actual Loops": 1, "Output": ["warehouse.w_warehouse_sk", "warehouse.w_warehouse_id", "warehouse.w_warehouse_name", "warehouse.w_warehouse_sq_ft", "warehouse.w_street_number", "warehouse.w_street_name", "warehouse.w_street_type", "warehouse.w_suite_number", "warehouse.w_city", "warehouse.w_county", "warehouse.w_state", "warehouse.w_zip", "warehouse.w_country", "warehouse.w_gmt_offset"], "Shared Hit Blocks": 3, "Shared Read Blocks": 0, "Shared Dirtied Blocks": 0, "Shared Written Blocks": 0, "Local Hit Blocks": 0, "Local Read Blocks": 0, "Local Dirtied Blocks": 0, "Local Written Blocks": 0, "Temp Read Blocks": 0, "Temp Written Blocks": 0, "I/O Read Time": 0.0, "I/O Write Time": 0.0, "parent": "Nested Loop"}, {"Node Type": "Materialize", "Parent Relationship": "Inner", "Parallel Aware": false, "Startup Cost": 0.0, "Total Cost": 32368.76, "Plan Rows": 719384, "Plan Width": 4, "Actual Startup Time": 0.097, "Actual Total Time": 184.986, "Actual Rows": 719384, "Actual Loops": 5, "Output": ["web_sales.ws_warehouse_sk"], "Shared Hit Blocks": 0, "Shared Read Blocks": 18767, "Shared Dirtied Blocks": 0, "Shared Written Blocks": 0, "Local Hit Blocks": 0, "Local Read Blocks": 0, "Local Dirtied Blocks": 0, "Local Written Blocks": 0, "Temp Read Blocks": 4920, "Temp Written Blocks": 1230, "I/O Read Time": 123.142, "I/O Write Time": 0.0, "Plans": [{"Node Type": "Seq Scan", "Parent Relationship": "Outer", "Parallel Aware": false, "Relation Name": "web_sales", "Schema": "public", "Alias": "web_sales", "Startup Cost": 0.0, "Total Cost": 25960.84, "Plan Rows": 719384, "Plan Width": 4, "Actual Startup Time": 0.46, "Actual Total Time": 299.333, "Actual Rows": 719384, "Actual Loops": 1, "Output": ["web_sales.ws_warehouse_sk"], "Shared Hit Blocks": 0, "Shared Read Blocks": 18767, "Shared Dirtied Blocks": 0, "Shared Written Blocks": 0, "Local Hit Blocks": 0, "Local Read Blocks": 0, "Local Dirtied Blocks": 0, "Local Written Blocks": 0, "Temp Read Blocks": 0, "Temp Written Blocks": 0, "I/O Read Time": 123.142, "I/O Write Time": 0.0, "parent": "Materialize"}], "parent": "Nested Loop"}], "parent": "None"}, "Planning": {"Shared Hit Blocks": 90, "Shared Read Blocks": 14, "Shared Dirtied Blocks": 0, "Shared Written Blocks": 0, "Local Hit Blocks": 0, "Local Read Blocks": 0, "Local Dirtied Blocks": 0, "Local Written Blocks": 0, "Temp Read Blocks": 0, "Temp Written Blocks": 0, "I/O Read Time": 4.749, "I/O Write Time": 0.0}, "Planning Time": 5.863, "Triggers": [], "Execution Time": 1448.887}, "config": {}}
{"query": "EXPLAIN (ANALYZE, COSTS, BUFFERS, VERBOSE, FORMAT JSON) select inventory.inv_warehouse_sk, warehouse.w_gmt_offset from inventory join warehouse on warehouse.w_warehouse_sk=inventory.inv_warehouse_sk order by inventory.inv_warehouse_sk DESC;", "planinfo": {"Plan": {"Node Type": "Nested Loop", "Parallel Aware": false, "Join Type": "Inner", "Startup Cost": 0.57, "Total Cost": 926793.81, "Plan Rows": 11744894, "Plan Width": 9, "Actual Startup Time": 1.396, "Actual Total Time": 7729.161, "Actual Rows": 11745000, "Actual Loops": 1, "Output": ["inventory.inv_warehouse_sk", "warehouse.w_gmt_offset"], "Inner Unique": false, "Shared Hit Blocks": 2, "Shared Read Blocks": 313231, "Shared Dirtied Blocks": 0, "Shared Written Blocks": 0, "Local Hit Blocks": 0, "Local Read Blocks": 0, "Local Dirtied Blocks": 0, "Local Written Blocks": 0, "Temp Read Blocks": 0, "Temp Written Blocks": 0, "I/O Read Time": 2849.806, "I/O Write Time": 0.0, "Plans": [{"Node Type": "Index Scan", "Parent Relationship": "Outer", "Parallel Aware": false, "Scan Direction": "Backward", "Index Name": "warehouse_pkey", "Relation Name": "warehouse", "Schema": "public", "Alias": "warehouse", "Startup Cost": 0.13, "Total Cost": 12.21, "Plan Rows": 5, "Plan Width": 9, "Actual Startup Time": 0.003, "Actual Total Time": 0.029, "Actual Rows": 5, "Actual Loops": 1, "Output": ["warehouse.w_warehouse_sk", "warehouse.w_warehouse_id", "warehouse.w_warehouse_name", "warehouse.w_warehouse_sq_ft", "warehouse.w_street_number", "warehouse.w_street_name", "warehouse.w_street_type", "warehouse.w_suite_number", "warehouse.w_city", "warehouse.w_county", "warehouse.w_state", "warehouse.w_zip", "warehouse.w_country", "warehouse.w_gmt_offset"], "Shared Hit Blocks": 2, "Shared Read Blocks": 1, "Shared Dirtied Blocks": 0, "Shared Written Blocks": 0, "Local Hit Blocks": 0, "Local Read Blocks": 0, "Local Dirtied Blocks": 0, "Local Written Blocks": 0, "Temp Read Blocks": 0, "Temp Written Blocks": 0, "I/O Read Time": 0.004, "I/O Write Time": 0.0, "parent": "Nested Loop"}, {"Node Type": "Index Only Scan", "Parent Relationship": "Inner", "Parallel Aware": false, "Scan Direction": "Forward", "Index Name": "inventory_pkey", "Relation Name": "inventory", "Schema": "public", "Alias": "inventory", "Startup Cost": 0.43, "Total Cost": 161866.53, "Plan Rows": 2348979, "Plan Width": 4, "Actual Startup Time": 0.302, "Actual Total Time": 1255.541, "Actual Rows": 2349000, "Actual Loops": 5, "Output": ["inventory.inv_date_sk", "inventory.inv_item_sk", "inventory.inv_warehouse_sk"], "Index Cond": "(inventory.inv_warehouse_sk = warehouse.w_warehouse_sk)", "Rows Removed by Index Recheck": 0, "Heap Fetches": 0, "Shared Hit Blocks": 0, "Shared Read Blocks": 313230, "Shared Dirtied Blocks": 0, "Shared Written Blocks": 0, "Local Hit Blocks": 0, "Local Read Blocks": 0, "Local Dirtied Blocks": 0, "Local Written Blocks": 0, "Temp Read Blocks": 0, "Temp Written Blocks": 0, "I/O Read Time": 2849.802, "I/O Write Time": 0.0, "parent": "Nested Loop"}], "parent": "None"}, "Planning": {"Shared Hit Blocks": 95, "Shared Read Blocks": 14, "Shared Dirtied Blocks": 0, "Shared Written Blocks": 0, "Local Hit Blocks": 0, "Local Read Blocks": 0, "Local Dirtied Blocks": 0, "Local Written Blocks": 0, "Temp Read Blocks": 0, "Temp Written Blocks": 0, "I/O Read Time": 5.03, "I/O Write Time": 0.0}, "Planning Time": 6.126, "Triggers": [], "Execution Time": 8295.071}, "config": {}}
{"query": "EXPLAIN (ANALYZE, COSTS, BUFFERS, VERBOSE, FORMAT JSON) select inventory.inv_warehouse_sk, warehouse.w_gmt_offset from warehouse join inventory on inventory.inv_warehouse_sk=warehouse.w_warehouse_sk order by inventory.inv_warehouse_sk ASC;", "planinfo": {"Plan": {"Node Type": "Nested Loop", "Parallel Aware": false, "Join Type": "Inner", "Startup Cost": 0.57, "Total Cost": 926793.81, "Plan Rows": 11744894, "Plan Width": 9, "Actual Startup Time": 1.415, "Actual Total Time": 7712.943, "Actual Rows": 11745000, "Actual Loops": 1, "Output": ["inventory.inv_warehouse_sk", "warehouse.w_gmt_offset"], "Inner Unique": false, "Shared Hit Blocks": 2, "Shared Read Blocks": 313230, "Shared Dirtied Blocks": 0, "Shared Written Blocks": 0, "Local Hit Blocks": 0, "Local Read Blocks": 0, "Local Dirtied Blocks": 0, "Local Written Blocks": 0, "Temp Read Blocks": 0, "Temp Written Blocks": 0, "I/O Read Time": 2903.107, "I/O Write Time": 0.0, "Plans": [{"Node Type": "Index Scan", "Parent Relationship": "Outer", "Parallel Aware": false, "Scan Direction": "Forward", "Index Name": "warehouse_pkey", "Relation Name": "warehouse", "Schema": "public", "Alias": "warehouse", "Startup Cost": 0.13, "Total Cost": 12.21, "Plan Rows": 5, "Plan Width": 9, "Actual Startup Time": 0.002, "Actual Total Time": 0.022, "Actual Rows": 5, "Actual Loops": 1, "Output": ["warehouse.w_warehouse_sk", "warehouse.w_warehouse_id", "warehouse.w_warehouse_name", "warehouse.w_warehouse_sq_ft", "warehouse.w_street_number", "warehouse.w_street_name", "warehouse.w_street_type", "warehouse.w_suite_number", "warehouse.w_city", "warehouse.w_county", "warehouse.w_state", "warehouse.w_zip", "warehouse.w_country", "warehouse.w_gmt_offset"], "Shared Hit Blocks": 2, "Shared Read Blocks": 0, "Shared Dirtied Blocks": 0, "Shared Written Blocks": 0, "Local Hit Blocks": 0, "Local Read Blocks": 0, "Local Dirtied Blocks": 0, "Local Written Blocks": 0, "Temp Read Blocks": 0, "Temp Written Blocks": 0, "I/O Read Time": 0.0, "I/O Write Time": 0.0, "parent": "Nested Loop"}, {"Node Type": "Index Only Scan", "Parent Relationship": "Inner", "Parallel Aware": false, "Scan Direction": "Forward", "Index Name": "inventory_pkey", "Relation Name": "inventory", "Schema": "public", "Alias": "inventory", "Startup Cost": 0.43, "Total Cost": 161866.53, "Plan Rows": 2348979, "Plan Width": 4, "Actual Startup Time": 0.304, "Actual Total Time": 1256.122, "Actual Rows": 2349000, "Actual Loops": 5, "Output": ["inventory.inv_date_sk", "inventory.inv_item_sk", "inventory.inv_warehouse_sk"], "Index Cond": "(inventory.inv_warehouse_sk = warehouse.w_warehouse_sk)", "Rows Removed by Index Recheck": 0, "Heap Fetches": 0, "Shared Hit Blocks": 0, "Shared Read Blocks": 313230, "Shared Dirtied Blocks": 0, "Shared Written Blocks": 0, "Local Hit Blocks": 0, "Local Read Blocks": 0, "Local Dirtied Blocks": 0, "Local Written Blocks": 0, "Temp Read Blocks": 0, "Temp Written Blocks": 0, "I/O Read Time": 2903.107, "I/O Write Time": 0.0, "parent": "Nested Loop"}], "parent": "None"}, "Planning": {"Shared Hit Blocks": 88, "Shared Read Blocks": 14, "Shared Dirtied Blocks": 0, "Shared Written Blocks": 0, "Local Hit Blocks": 0, "Local Read Blocks": 0, "Local Dirtied Blocks": 0, "Local Written Blocks": 0, "Temp Read Blocks": 0, "Temp Written Blocks": 0, "I/O Read Time": 4.696, "I/O Write Time": 0.0}, "Planning Time": 7.164, "Triggers": [], "Execution Time": 8255.981}, "config": {}}
{"query": "EXPLAIN (ANALYZE, COSTS, BUFFERS, VERBOSE, FORMAT JSON) select store_returns.sr_return_time_sk from store_returns where store_returns.sr_return_ship_cost > 1143.12 and store_returns.sr_returned_date_sk = 2452063;", "planinfo": {"Plan": {"Node Type": "Index Scan", "Parallel Aware": false, "Scan Direction": "Forward", "Index Name": "sr_returned_date_sk_idx", "Relation Name": "store_returns", "Schema": "public", "Alias": "store_returns", "Startup Cost": 0.42, "Total Cost": 535.08, "Plan Rows": 16, "Plan Width": 4, "Actual Startup Time": 2.788, "Actual Total Time": 67.247, "Actual Rows": 22, "Actual Loops": 1, "Output": ["sr_return_time_sk"], "Index Cond": "(store_returns.sr_returned_date_sk = 2452063)", "Rows Removed by Index Recheck": 0, "Filter": "(store_returns.sr_return_ship_cost > 1143.12)", "Rows Removed by Filter": 123, "Shared Hit Blocks": 0, "Shared Read Blocks": 148, "Shared Dirtied Blocks": 0, "Shared Written Blocks": 0, "Local Hit Blocks": 0, "Local Read Blocks": 0, "Local Dirtied Blocks": 0, "Local Written Blocks": 0, "Temp Read Blocks": 0, "Temp Written Blocks": 0, "I/O Read Time": 66.87, "I/O Write Time": 0.0, "parent": "None"}, "Planning": {"Shared Hit Blocks": 54, "Shared Read Blocks": 9, "Shared Dirtied Blocks": 0, "Shared Written Blocks": 0, "Local Hit Blocks": 0, "Local Read Blocks": 0, "Local Dirtied Blocks": 0, "Local Written Blocks": 0, "Temp Read Blocks": 0, "Temp Written Blocks": 0, "I/O Read Time": 2.433, "I/O Write Time": 0.0}, "Planning Time": 2.836, "Triggers": [], "Execution Time": 67.27}, "config": {}}
{"query": "EXPLAIN (ANALYZE, COSTS, BUFFERS, VERBOSE, FORMAT JSON) select store_returns.sr_addr_sk from store_returns where store_returns.sr_store_credit != 151.32 and store_returns.sr_item_sk = 1;", "planinfo": {"Plan": {"Node Type": "Index Scan", "Parallel Aware": false, "Scan Direction": "Forward", "Index Name": "store_returns_pkey", "Relation Name": "store_returns", "Schema": "public", "Alias": "store_returns", "Startup Cost": 0.42, "Total Cost": 76.78, "Plan Rows": 17, "Plan Width": 4, "Actual Startup Time": 1.551, "Actual Total Time": 18.822, "Actual Rows": 38, "Actual Loops": 1, "Output": ["sr_addr_sk"], "Index Cond": "(store_returns.sr_item_sk = 1)", "Rows Removed by Index Recheck": 0, "Filter": "(store_returns.sr_store_credit <> 151.32)", "Rows Removed by Filter": 1, "Shared Hit Blocks": 0, "Shared Read Blocks": 42, "Shared Dirtied Blocks": 0, "Shared Written Blocks": 0, "Local Hit Blocks": 0, "Local Read Blocks": 0, "Local Dirtied Blocks": 0, "Local Written Blocks": 0, "Temp Read Blocks": 0, "Temp Written Blocks": 0, "I/O Read Time": 18.706, "I/O Write Time": 0.0, "parent": "None"}, "Planning": {"Shared Hit Blocks": 51, "Shared Read Blocks": 8, "Shared Dirtied Blocks": 0, "Shared Written Blocks": 0, "Local Hit Blocks": 0, "Local Read Blocks": 0, "Local Dirtied Blocks": 0, "Local Written Blocks": 0, "Temp Read Blocks": 0, "Temp Written Blocks": 0, "I/O Read Time": 4.0, "I/O Write Time": 0.0}, "Planning Time": 4.387, "Triggers": [], "Execution Time": 18.841}, "config": {}}
{"query": "EXPLAIN (ANALYZE, COSTS, BUFFERS, VERBOSE, FORMAT JSON) select store_returns.sr_return_tax, item.i_item_sk from item join store_returns on store_returns.sr_item_sk=item.i_item_sk order by item.i_item_sk DESC;", "planinfo": {"Plan": {"Node Type": "Merge Join", "Parallel Aware": false, "Join Type": "Inner", "Startup Cost": 0.77, "Total Cost": 31914.21, "Plan Rows": 287514, "Plan Width": 10, "Actual Startup Time": 0.467, "Actual Total Time": 2226.41, "Actual Rows": 287514, "Actual Loops": 1, "Output": ["store_returns.sr_return_tax", "item.i_item_sk"], "Inner Unique": false, "Merge Cond": "(item.i_item_sk = store_returns.sr_item_sk)", "Shared Hit Blocks": 283240, "Shared Read Blocks": 5912, "Shared Dirtied Blocks": 0, "Shared Written Blocks": 0, "Local Hit Blocks": 0, "Local Read Blocks": 0, "Local Dirtied Blocks": 0, "Local Written Blocks": 0, "Temp Read Blocks": 0, "Temp Written Blocks": 0, "I/O Read Time": 1875.546, "I/O Write Time": 0.0, "Plans": [{"Node Type": "Index Only Scan", "Parent Relationship": "Outer", "Parallel Aware": false, "Scan Direction": "Backward", "Index Name": "i_item_sk_idx", "Relation Name": "item", "Schema": "public", "Alias": "item", "Startup Cost": 0.29, "Total Cost": 478.29, "Plan Rows": 18000, "Plan Width": 4, "Actual Startup Time": 0.006, "Actual Total Time": 23.473, "Actual Rows": 18000, "Actual Loops": 1, "Output": ["item.i_item_sk"], "Heap Fetches": 0, "Shared Hit Blocks": 4, "Shared Read Blocks": 48, "Shared Dirtied Blocks": 0, "Shared Written Blocks": 0, "Local Hit Blocks": 0, "Local Read Blocks": 0, "Local Dirtied Blocks": 0, "Local Written Blocks": 0, "Temp Read Blocks": 0, "Temp Written Blocks": 0, "I/O Read Time": 20.299, "I/O Write Time": 0.0, "parent": "Merge Join"}, {"Node Type": "Index Scan", "Parent Relationship": "Inner", "Parallel Aware": false, "Scan Direction": "Backward", "Index Name": "store_returns_pkey", "Relation Name": "store_returns", "Schema": "public", "Alias": "store_returns", "Startup Cost": 0.42, "Total Cost": 27797.0, "Plan Rows": 287514, "Plan Width": 10, "Actual Startup Time": 0.457, "Actual Total Time": 2105.796, "Actual Rows": 287514, "Actual Loops": 1, "Output": ["store_returns.sr_returned_date_sk", "store_returns.sr_return_time_sk", "store_returns.sr_item_sk", "store_returns.sr_customer_sk", "store_returns.sr_cdemo_sk", "store_returns.sr_hdemo_sk", "store_returns.sr_addr_sk", "store_returns.sr_store_sk", "store_returns.sr_reason_sk", "store_returns.sr_ticket_number", "store_returns.sr_return_quantity", "store_returns.sr_return_amt", "store_returns.sr_return_tax", "store_returns.sr_return_amt_inc_tax", "store_returns.sr_fee", "store_returns.sr_return_ship_cost", "store_returns.sr_refunded_cash", "store_returns.sr_reversed_charge", "store_returns.sr_store_credit", "store_returns.sr_net_loss"], "Shared Hit Blocks": 283236, "Shared Read Blocks": 5864, "Shared Dirtied Blocks": 0, "Shared Written Blocks": 0, "Local Hit Blocks": 0, "Local Read Blocks": 0, "Local Dirtied Blocks": 0, "Local Written Blocks": 0, "Temp Read Blocks": 0, "Temp Written Blocks": 0, "I/O Read Time": 1855.247, "I/O Write Time": 0.0, "parent": "Merge Join"}], "parent": "None"}, "Planning": {"Shared Hit Blocks": 114, "Shared Read Blocks": 25, "Shared Dirtied Blocks": 0, "Shared Written Blocks": 0, "Local Hit Blocks": 0, "Local Read Blocks": 0, "Local Dirtied Blocks": 0, "Local Written Blocks": 0, "Temp Read Blocks": 0, "Temp Written Blocks": 0, "I/O Read Time": 8.629, "I/O Write Time": 0.0}, "Planning Time": 9.912, "Triggers": [], "Execution Time": 2248.128}, "config": {}}
{"query": "EXPLAIN (ANALYZE, COSTS, BUFFERS, VERBOSE, FORMAT JSON) select store_returns.sr_return_quantity, store.s_market_id from store_returns join store on store.s_store_sk=store_returns.sr_store_sk where store_returns.sr_ticket_number = 192007;", "planinfo": {"Plan": {"Node Type": "Nested Loop", "Parallel Aware": false, "Join Type": "Inner", "Startup Cost": 0.42, "Total Cost": 6486.28, "Plan Rows": 2, "Plan Width": 8, "Actual Startup Time": 90.796, "Actual Total Time": 346.489, "Actual Rows": 1, "Actual Loops": 1, "Output": ["store_returns.sr_return_quantity", "store.s_market_id"], "Inner Unique": false, "Join Filter": "(store_returns.sr_store_sk = store.s_store_sk)", "Rows Removed by Join Filter": 11, "Shared Hit Blocks": 1, "Shared Read Blocks": 1078, "Shared Dirtied Blocks": 0, "Shared Written Blocks": 0, "Local Hit Blocks": 0, "Local Read Blocks": 0, "Local Dirtied Blocks": 0, "Local Written Blocks": 0, "Temp Read Blocks": 0, "Temp Written Blocks": 0, "I/O Read Time": 338.45, "I/O Write Time": 0.0, "Plans": [{"Node Type": "Seq Scan", "Parent Relationship": "Outer", "Parallel Aware": false, "Relation Name": "store", "Schema": "public", "Alias": "store", "Startup Cost": 0.0, "Total Cost": 1.12, "Plan Rows": 12, "Plan Width": 8, "Actual Startup Time": 0.004, "Actual Total Time": 0.009, "Actual Rows": 12, "Actual Loops": 1, "Output": ["store.s_store_sk", "store.s_store_id", "store.s_rec_start_date", "store.s_rec_end_date", "store.s_closed_date_sk", "store.s_store_name", "store.s_number_employees", "store.s_floor_space", "store.s_hours", "store.s_manager", "store.s_market_id", "store.s_geography_class", "store.s_market_desc", "store.s_market_manager", "store.s_division_id", "store.s_division_name", "store.s_company_id", "store.s_company_name", "store.s_street_number", "store.s_street_name", "store.s_street_type", "store.s_suite_number", "store.s_city", "store.s_county", "store.s_state", "store.s_zip", "store.s_country", "store.s_gmt_offset", "store.s_tax_precentage"], "Shared Hit Blocks": 1, "Shared Read Blocks": 0, "Shared Dirtied Blocks": 0, "Shared Written Blocks": 0, "Local Hit Blocks": 0, "Local Read Blocks": 0, "Local Dirtied Blocks": 0, "Local Written Blocks": 0, "Temp Read Blocks": 0, "Temp Written Blocks": 0, "I/O Read Time": 0.0, "I/O Write Time": 0.0, "parent": "Nested Loop"}, {"Node Type": "Materialize", "Parent Relationship": "Inner", "Parallel Aware": false, "Startup Cost": 0.42, "Total Cost": 6484.81, "Plan Rows": 2, "Plan Width": 8, "Actual Startup Time": 7.566, "Actual Total Time": 28.872, "Actual Rows": 1, "Actual Loops": 12, "Output": ["store_returns.sr_return_quantity", "store_returns.sr_store_sk"], "Shared Hit Blocks": 0, "Shared Read Blocks": 1078, "Shared Dirtied Blocks": 0, "Shared Written Blocks": 0, "Local Hit Blocks": 0, "Local Read Blocks": 0, "Local Dirtied Blocks": 0, "Local Written Blocks": 0, "Temp Read Blocks": 0, "Temp Written Blocks": 0, "I/O Read Time": 338.45, "I/O Write Time": 0.0, "Plans": [{"Node Type": "Index Scan", "Parent Relationship": "Outer", "Parallel Aware": false, "Scan Direction": "Forward", "Index Name": "store_returns_pkey", "Relation Name": "store_returns", "Schema": "public", "Alias": "store_returns", "Startup Cost": 0.42, "Total Cost": 6484.8, "Plan Rows": 2, "Plan Width": 8, "Actual Startup Time": 90.777, "Actual Total Time": 346.448, "Actual Rows": 1, "Actual Loops": 1, "Output": ["store_returns.sr_return_quantity", "store_returns.sr_store_sk"], "Index Cond": "(store_returns.sr_ticket_number = 192007)", "Rows Removed by Index Recheck": 0, "Shared Hit Blocks": 0, "Shared Read Blocks": 1078, "Shared Dirtied Blocks": 0, "Shared Written Blocks": 0, "Local Hit Blocks": 0, "Local Read Blocks": 0, "Local Dirtied Blocks": 0, "Local Written Blocks": 0, "Temp Read Blocks": 0, "Temp Written Blocks": 0, "I/O Read Time": 338.45, "I/O Write Time": 0.0, "parent": "Materialize"}], "parent": "Nested Loop"}], "parent": "None"}, "Planning": {"Shared Hit Blocks": 142, "Shared Read Blocks": 22, "Shared Dirtied Blocks": 0, "Shared Written Blocks": 0, "Local Hit Blocks": 0, "Local Read Blocks": 0, "Local Dirtied Blocks": 0, "Local Written Blocks": 0, "Temp Read Blocks": 0, "Temp Written Blocks": 0, "I/O Read Time": 7.627, "I/O Write Time": 0.0}, "Planning Time": 8.927, "Triggers": [], "Execution Time": 346.574}, "config": {}}
{"query": "EXPLAIN (ANALYZE, COSTS, BUFFERS, VERBOSE, FORMAT JSON) select store_returns.sr_refunded_cash from store_returns where store_returns.sr_returned_date_sk = 2452595;", "planinfo": {"Plan": {"Node Type": "Index Scan", "Parallel Aware": false, "Scan Direction": "Forward", "Index Name": "sr_returned_date_sk_idx", "Relation Name": "store_returns", "Schema": "public", "Alias": "store_returns", "Startup Cost": 0.42, "Total Cost": 534.75, "Plan Rows": 133, "Plan Width": 6, "Actual Startup Time": 1.818, "Actual Total Time": 65.821, "Actual Rows": 152, "Actual Loops": 1, "Output": ["sr_refunded_cash"], "Index Cond": "(store_returns.sr_returned_date_sk = 2452595)", "Rows Removed by Index Recheck": 0, "Shared Hit Blocks": 0, "Shared Read Blocks": 149, "Shared Dirtied Blocks": 0, "Shared Written Blocks": 0, "Local Hit Blocks": 0, "Local Read Blocks": 0, "Local Dirtied Blocks": 0, "Local Written Blocks": 0, "Temp Read Blocks": 0, "Temp Written Blocks": 0, "I/O Read Time": 65.526, "I/O Write Time": 0.0, "parent": "None"}, "Planning": {"Shared Hit Blocks": 44, "Shared Read Blocks": 6, "Shared Dirtied Blocks": 0, "Shared Written Blocks": 0, "Local Hit Blocks": 0, "Local Read Blocks": 0, "Local Dirtied Blocks": 0, "Local Written Blocks": 0, "Temp Read Blocks": 0, "Temp Written Blocks": 0, "I/O Read Time": 2.232, "I/O Write Time": 0.0}, "Planning Time": 2.581, "Triggers": [], "Execution Time": 65.895}, "config": {}}
{"query": "EXPLAIN (ANALYZE, COSTS, BUFFERS, VERBOSE, FORMAT JSON) select catalog_page.cp_start_date_sk from catalog_page where catalog_page.cp_catalog_page_sk <= 1055 and catalog_page.cp_catalog_page_number = 74;", "planinfo": {"Plan": {"Node Type": "Index Scan", "Parallel Aware": false, "Scan Direction": "Forward", "Index Name": "catalog_page_pkey", "Relation Name": "catalog_page", "Schema": "public", "Alias": "catalog_page", "Startup Cost": 0.29, "Total Cost": 62.39, "Plan Rows": 9, "Plan Width": 4, "Actual Startup Time": 0.992, "Actual Total Time": 2.276, "Actual Rows": 9, "Actual Loops": 1, "Output": ["cp_start_date_sk"], "Index Cond": "(catalog_page.cp_catalog_page_sk <= 1055)", "Rows Removed by Index Recheck": 0, "Filter": "(catalog_page.cp_catalog_page_number = 74)", "Rows Removed by Filter": 1046, "Shared Hit Blocks": 1, "Shared Read Blocks": 26, "Shared Dirtied Blocks": 0, "Shared Written Blocks": 0, "Local Hit Blocks": 0, "Local Read Blocks": 0, "Local Dirtied Blocks": 0, "Local Written Blocks": 0, "Temp Read Blocks": 0, "Temp Written Blocks": 0, "I/O Read Time": 1.913, "I/O Write Time": 0.0, "parent": "None"}, "Planning": {"Shared Hit Blocks": 41, "Shared Read Blocks": 3, "Shared Dirtied Blocks": 0, "Shared Written Blocks": 0, "Local Hit Blocks": 0, "Local Read Blocks": 0, "Local Dirtied Blocks": 0, "Local Written Blocks": 0, "Temp Read Blocks": 0, "Temp Written Blocks": 0, "I/O Read Time": 1.354, "I/O Write Time": 0.0}, "Planning Time": 1.665, "Triggers": [], "Execution Time": 2.295}, "config": {}}
{"query": "EXPLAIN (ANALYZE, COSTS, BUFFERS, VERBOSE, FORMAT JSON) select catalog_page.cp_start_date_sk from catalog_page where catalog_page.cp_catalog_page_sk >= 10897;", "planinfo": {"Plan": {"Node Type": "Index Scan", "Parallel Aware": false, "Scan Direction": "Forward", "Index Name": "catalog_page_pkey", "Relation Name": "catalog_page", "Schema": "public", "Alias": "catalog_page", "Startup Cost": 0.29, "Total Cost": 46.65, "Plan Rows": 821, "Plan Width": 4, "Actual Startup Time": 1.328, "Actual Total Time": 3.052, "Actual Rows": 822, "Actual Loops": 1, "Output": ["cp_start_date_sk"], "Index Cond": "(catalog_page.cp_catalog_page_sk >= 10897)", "Rows Removed by Index Recheck": 0, "Shared Hit Blocks": 2, "Shared Read Blocks": 22, "Shared Dirtied Blocks": 0, "Shared Written Blocks": 0, "Local Hit Blocks": 0, "Local Read Blocks": 0, "Local Dirtied Blocks": 0, "Local Written Blocks": 0, "Temp Read Blocks": 0, "Temp Written Blocks": 0, "I/O Read Time": 2.742, "I/O Write Time": 0.0, "parent": "None"}, "Planning": {"Shared Hit Blocks": 33, "Shared Read Blocks": 3, "Shared Dirtied Blocks": 0, "Shared Written Blocks": 0, "Local Hit Blocks": 0, "Local Read Blocks": 0, "Local Dirtied Blocks": 0, "Local Written Blocks": 0, "Temp Read Blocks": 0, "Temp Written Blocks": 0, "I/O Read Time": 1.344, "I/O Write Time": 0.0}, "Planning Time": 1.656, "Triggers": [], "Execution Time": 3.121}, "config": {}}
{"query": "EXPLAIN (ANALYZE, COSTS, BUFFERS, VERBOSE, FORMAT JSON) select catalog_page.cp_catalog_page_number from catalog_page where catalog_page.cp_catalog_page_sk > 9491;", "planinfo": {"Plan": {"Node Type": "Index Scan", "Parallel Aware": false, "Scan Direction": "Forward", "Index Name": "catalog_page_pkey", "Relation Name": "catalog_page", "Schema": "public", "Alias": "catalog_page", "Startup Cost": 0.29, "Total Cost": 116.24, "Plan Rows": 2226, "Plan Width": 4, "Actual Startup Time": 1.324, "Actual Total Time": 4.217, "Actual Rows": 2227, "Actual Loops": 1, "Output": ["cp_catalog_page_number"], "Index Cond": "(catalog_page.cp_catalog_page_sk > 9491)", "Rows Removed by Index Recheck": 0, "Shared Hit Blocks": 5, "Shared Read Blocks": 55, "Shared Dirtied Blocks": 0, "Shared Written Blocks": 0, "Local Hit Blocks": 0, "Local Read Blocks": 0, "Local Dirtied Blocks": 0, "Local Written Blocks": 0, "Temp Read Blocks": 0, "Temp Written Blocks": 0, "I/O Read Time": 3.342, "I/O Write Time": 0.0, "parent": "None"}, "Planning": {"Shared Hit Blocks": 33, "Shared Read Blocks": 3, "Shared Dirtied Blocks": 0, "Shared Written Blocks": 0, "Local Hit Blocks": 0, "Local Read Blocks": 0, "Local Dirtied Blocks": 0, "Local Written Blocks": 0, "Temp Read Blocks": 0, "Temp Written Blocks": 0, "I/O Read Time": 1.382, "I/O Write Time": 0.0}, "Planning Time": 1.677, "Triggers": [], "Execution Time": 4.364}, "config": {}}
{"query": "EXPLAIN (ANALYZE, COSTS, BUFFERS, VERBOSE, FORMAT JSON) select catalog_page.cp_end_date_sk from catalog_page where catalog_page.cp_catalog_page_sk < 1992;", "planinfo": {"Plan": {"Node Type": "Index Scan", "Parallel Aware": false, "Scan Direction": "Forward", "Index Name": "catalog_page_pkey", "Relation Name": "catalog_page", "Schema": "public", "Alias": "catalog_page", "Startup Cost": 0.29, "Total Cost": 104.13, "Plan Rows": 1991, "Plan Width": 4, "Actual Startup Time": 0.92, "Actual Total Time": 2.816, "Actual Rows": 1991, "Actual Loops": 1, "Output": ["cp_end_date_sk"], "Index Cond": "(catalog_page.cp_catalog_page_sk < 1992)", "Rows Removed by Index Recheck": 0, "Shared Hit Blocks": 1, "Shared Read Blocks": 48, "Shared Dirtied Blocks": 0, "Shared Written Blocks": 0, "Local Hit Blocks": 0, "Local Read Blocks": 0, "Local Dirtied Blocks": 0, "Local Written Blocks": 0, "Temp Read Blocks": 0, "Temp Written Blocks": 0, "I/O Read Time": 2.081, "I/O Write Time": 0.0, "parent": "None"}, "Planning": {"Shared Hit Blocks": 29, "Shared Read Blocks": 3, "Shared Dirtied Blocks": 0, "Shared Written Blocks": 0, "Local Hit Blocks": 0, "Local Read Blocks": 0, "Local Dirtied Blocks": 0, "Local Written Blocks": 0, "Temp Read Blocks": 0, "Temp Written Blocks": 0, "I/O Read Time": 1.343, "I/O Write Time": 0.0}, "Planning Time": 1.613, "Triggers": [], "Execution Time": 2.96}, "config": {}}
{"query": "EXPLAIN (ANALYZE, COSTS, BUFFERS, VERBOSE, FORMAT JSON) select catalog_page.cp_catalog_page_number from catalog_page where catalog_page.cp_catalog_page_sk >= 9608 and catalog_page.cp_end_date_sk >= 2451359;", "planinfo": {"Plan": {"Node Type": "Index Scan", "Parallel Aware": false, "Scan Direction": "Forward", "Index Name": "catalog_page_pkey", "Relation Name": "catalog_page", "Schema": "public", "Alias": "catalog_page", "Startup Cost": 0.29, "Total Cost": 117.49, "Plan Rows": 1628, "Plan Width": 4, "Actual Startup Time": 1.368, "Actual Total Time": 4.234, "Actual Rows": 2091, "Actual Loops": 1, "Output": ["cp_catalog_page_number"], "Index Cond": "(catalog_page.cp_catalog_page_sk >= 9608)", "Rows Removed by Index Recheck": 0, "Filter": "(catalog_page.cp_end_date_sk >= 2451359)", "Rows Removed by Filter": 20, "Shared Hit Blocks": 5, "Shared Read Blocks": 51, "Shared Dirtied Blocks": 0, "Shared Written Blocks": 0, "Local Hit Blocks": 0, "Local Read Blocks": 0, "Local Dirtied Blocks": 0, "Local Written Blocks": 0, "Temp Read Blocks": 0, "Temp Written Blocks": 0, "I/O Read Time": 3.316, "I/O Write Time": 0.0, "parent": "None"}, "Planning": {"Shared Hit Blocks": 36, "Shared Read Blocks": 3, "Shared Dirtied Blocks": 0, "Shared Written Blocks": 0, "Local Hit Blocks": 0, "Local Read Blocks": 0, "Local Dirtied Blocks": 0, "Local Written Blocks": 0, "Temp Read Blocks": 0, "Temp Written Blocks": 0, "I/O Read Time": 1.417, "I/O Write Time": 0.0}, "Planning Time": 1.737, "Triggers": [], "Execution Time": 4.376}, "config": {}}
{"query": "EXPLAIN (ANALYZE, COSTS, BUFFERS, VERBOSE, FORMAT JSON) select inventory.inv_warehouse_sk from inventory where inventory.inv_date_sk >= 2452579 and inventory.inv_quantity_on_hand = 616;", "planinfo": {"Plan": {"Node Type": "Index Scan", "Parallel Aware": false, "Scan Direction": "Forward", "Index Name": "inventory_pkey", "Relation Name": "inventory", "Schema": "public", "Alias": "inventory", "Startup Cost": 0.43, "Total Cost": 131700.01, "Plan Rows": 436, "Plan Width": 4, "Actual Startup Time": 9.575, "Actual Total Time": 380.767, "Actual Rows": 372, "Actual Loops": 1, "Output": ["inv_warehouse_sk"], "Index Cond": "(inventory.inv_date_sk >= 2452579)", "Rows Removed by Index Recheck": 0, "Filter": "(inventory.inv_quantity_on_hand = 616)", "Rows Removed by Filter": 404628, "Shared Hit Blocks": 402803, "Shared Read Blocks": 4352, "Shared Dirtied Blocks": 0, "Shared Written Blocks": 0, "Local Hit Blocks": 0, "Local Read Blocks": 0, "Local Dirtied Blocks": 0, "Local Written Blocks": 0, "Temp Read Blocks": 0, "Temp Written Blocks": 0, "I/O Read Time": 145.351, "I/O Write Time": 0.0, "parent": "None"}, "Planning": {"Shared Hit Blocks": 46, "Shared Read Blocks": 4, "Shared Dirtied Blocks": 0, "Shared Written Blocks": 0, "Local Hit Blocks": 0, "Local Read Blocks": 0, "Local Dirtied Blocks": 0, "Local Written Blocks": 0, "Temp Read Blocks": 0, "Temp Written Blocks": 0, "I/O Read Time": 1.913, "I/O Write Time": 0.0}, "Planning Time": 2.221, "Triggers": [], "Execution Time": 380.873}, "config": {}}
{"query": "EXPLAIN (ANALYZE, COSTS, BUFFERS, VERBOSE, FORMAT JSON) select inventory.inv_quantity_on_hand from inventory where inventory.inv_warehouse_sk < 5 and inventory.inv_quantity_on_hand < 89 and inventory.inv_date_sk < 2450892;", "planinfo": {"Plan": {"Node Type": "Index Scan", "Parallel Aware": false, "Scan Direction": "Forward", "Index Name": "inventory_pkey", "Relation Name": "inventory", "Schema": "public", "Alias": "inventory", "Startup Cost": 0.43, "Total Cost": 133257.68, "Plan Rows": 35195, "Plan Width": 4, "Actual Startup Time": 3.316, "Actual Total Time": 415.938, "Actual Rows": 33505, "Actual Loops": 1, "Output": ["inv_quantity_on_hand"], "Index Cond": "((inventory.inv_date_sk < 2450892) AND (inventory.inv_warehouse_sk < 5))", "Rows Removed by Index Recheck": 0, "Filter": "(inventory.inv_quantity_on_hand < 89)", "Rows Removed by Filter": 362495, "Shared Hit Blocks": 393848, "Shared Read Blocks": 4796, "Shared Dirtied Blocks": 0, "Shared Written Blocks": 0, "Local Hit Blocks": 0, "Local Read Blocks": 0, "Local Dirtied Blocks": 0, "Local Written Blocks": 0, "Temp Read Blocks": 0, "Temp Written Blocks": 0, "I/O Read Time": 167.751, "I/O Write Time": 0.0, "parent": "None"}, "Planning": {"Shared Hit Blocks": 37, "Shared Read Blocks": 4, "Shared Dirtied Blocks": 0, "Shared Written Blocks": 0, "Local Hit Blocks": 0, "Local Read Blocks": 0, "Local Dirtied Blocks": 0, "Local Written Blocks": 0, "Temp Read Blocks": 0, "Temp Written Blocks": 0, "I/O Read Time": 1.956, "I/O Write Time": 0.0}, "Planning Time": 2.259, "Triggers": [], "Execution Time": 418.759}, "config": {}}
{"query": "EXPLAIN (ANALYZE, COSTS, BUFFERS, VERBOSE, FORMAT JSON) select inventory.inv_quantity_on_hand from inventory where inventory.inv_quantity_on_hand = 845 and inventory.inv_date_sk < 2450892;", "planinfo": {"Plan": {"Node Type": "Index Scan", "Parallel Aware": false, "Scan Direction": "Forward", "Index Name": "inventory_pkey", "Relation Name": "inventory", "Schema": "public", "Alias": "inventory", "Startup Cost": 0.43, "Total Cost": 133525.21, "Plan Rows": 475, "Plan Width": 4, "Actual Startup Time": 13.709, "Actual Total Time": 468.826, "Actual Rows": 424, "Actual Loops": 1, "Output": ["inv_quantity_on_hand"], "Index Cond": "(inventory.inv_date_sk < 2450892)", "Rows Removed by Index Recheck": 0, "Filter": "(inventory.inv_quantity_on_hand = 845)", "Rows Removed by Filter": 494576, "Shared Hit Blocks": 492314, "Shared Read Blocks": 5320, "Shared Dirtied Blocks": 0, "Shared Written Blocks": 0, "Local Hit Blocks": 0, "Local Read Blocks": 0, "Local Dirtied Blocks": 0, "Local Written Blocks": 0, "Temp Read Blocks": 0, "Temp Written Blocks": 0, "I/O Read Time": 175.153, "I/O Write Time": 0.0, "parent": "None"}, "Planning": {"Shared Hit Blocks": 39, "Shared Read Blocks": 4, "Shared Dirtied Blocks": 0, "Shared Written Blocks": 0, "Local Hit Blocks": 0, "Local Read Blocks": 0, "Local Dirtied Blocks": 0, "Local Written Blocks": 0, "Temp Read Blocks": 0, "Temp Written Blocks": 0, "I/O Read Time": 1.778, "I/O Write Time": 0.0}, "Planning Time": 2.079, "Triggers": [], "Execution Time": 468.939}, "config": {}}
{"query": "EXPLAIN (ANALYZE, COSTS, BUFFERS, VERBOSE, FORMAT JSON) select inventory.inv_date_sk from inventory where inventory.inv_item_sk < 7846 and inventory.inv_quantity_on_hand != 177 and inventory.inv_date_sk = 2451655;", "planinfo": {"Plan": {"Node Type": "Index Scan", "Parallel Aware": false, "Scan Direction": "Forward", "Index Name": "inventory_pkey", "Relation Name": "inventory", "Schema": "public", "Alias": "inventory", "Startup Cost": 0.43, "Total Cost": 29874.76, "Plan Rows": 18090, "Plan Width": 4, "Actual Startup Time": 2.234, "Actual Total Time": 31.233, "Actual Rows": 18595, "Actual Loops": 1, "Output": ["inv_date_sk"], "Index Cond": "((inventory.inv_date_sk = 2451655) AND (inventory.inv_item_sk < 7846))", "Rows Removed by Index Recheck": 0, "Filter": "(inventory.inv_quantity_on_hand <> 177)", "Rows Removed by Filter": 1020, "Shared Hit Blocks": 19504, "Shared Read Blocks": 218, "Shared Dirtied Blocks": 0, "Shared Written Blocks": 0, "Local Hit Blocks": 0, "Local Read Blocks": 0, "Local Dirtied Blocks": 0, "Local Written Blocks": 0, "Temp Read Blocks": 0, "Temp Written Blocks": 0, "I/O Read Time": 17.29, "I/O Write Time": 0.0, "parent": "None"}, "Planning": {"Shared Hit Blocks": 42, "Shared Read Blocks": 4, "Shared Dirtied Blocks": 0, "Shared Written Blocks": 0, "Local Hit Blocks": 0, "Local Read Blocks": 0, "Local Dirtied Blocks": 0, "Local Written Blocks": 0, "Temp Read Blocks": 0, "Temp Written Blocks": 0, "I/O Read Time": 1.825, "I/O Write Time": 0.0}, "Planning Time": 2.164, "Triggers": [], "Execution Time": 32.607}, "config": {}}
{"query": "EXPLAIN (ANALYZE, COSTS, BUFFERS, VERBOSE, FORMAT JSON) select inventory.inv_quantity_on_hand from inventory where inventory.inv_date_sk > 2452355;", "planinfo": {"Plan": {"Node Type": "Index Scan", "Parallel Aware": false, "Scan Direction": "Forward", "Index Name": "inventory_pkey", "Relation Name": "inventory", "Schema": "public", "Alias": "inventory", "Startup Cost": 0.43, "Total Cost": 187096.13, "Plan Rows": 1811415, "Plan Width": 4, "Actual Startup Time": 2.756, "Actual Total Time": 1776.425, "Actual Rows": 1800000, "Actual Loops": 1, "Output": ["inv_quantity_on_hand"], "Index Cond": "(inventory.inv_date_sk > 2452355)", "Rows Removed by Index Recheck": 0, "Shared Hit Blocks": 1790232, "Shared Read Blocks": 19334, "Shared Dirtied Blocks": 0, "Shared Written Blocks": 0, "Local Hit Blocks": 0, "Local Read Blocks": 0, "Local Dirtied Blocks": 0, "Local Written Blocks": 0, "Temp Read Blocks": 0, "Temp Written Blocks": 0, "I/O Read Time": 603.448, "I/O Write Time": 0.0, "parent": "None"}, "Planning": {"Shared Hit Blocks": 38, "Shared Read Blocks": 4, "Shared Dirtied Blocks": 0, "Shared Written Blocks": 0, "Local Hit Blocks": 0, "Local Read Blocks": 0, "Local Dirtied Blocks": 0, "Local Written Blocks": 0, "Temp Read Blocks": 0, "Temp Written Blocks": 0, "I/O Read Time": 1.814, "I/O Write Time": 0.0}, "Planning Time": 2.127, "Triggers": [], "Execution Time": 1892.896}, "config": {}}
{"query": "EXPLAIN (ANALYZE, COSTS, BUFFERS, VERBOSE, FORMAT JSON) select item.i_class_id from item where item.i_item_sk = 7740;", "planinfo": {"Plan": {"Node Type": "Index Scan", "Parallel Aware": false, "Scan Direction": "Forward", "Index Name": "i_item_sk_idx", "Relation Name": "item", "Schema": "public", "Alias": "item", "Startup Cost": 0.29, "Total Cost": 8.3, "Plan Rows": 1, "Plan Width": 4, "Actual Startup Time": 1.318, "Actual Total Time": 1.319, "Actual Rows": 1, "Actual Loops": 1, "Output": ["i_class_id"], "Index Cond": "(item.i_item_sk = 7740)", "Rows Removed by Index Recheck": 0, "Shared Hit Blocks": 0, "Shared Read Blocks": 3, "Shared Dirtied Blocks": 0, "Shared Written Blocks": 0, "Local Hit Blocks": 0, "Local Read Blocks": 0, "Local Dirtied Blocks": 0, "Local Written Blocks": 0, "Temp Read Blocks": 0, "Temp Written Blocks": 0, "I/O Read Time": 1.305, "I/O Write Time": 0.0, "parent": "None"}, "Planning": {"Shared Hit Blocks": 41, "Shared Read Blocks": 6, "Shared Dirtied Blocks": 0, "Shared Written Blocks": 0, "Local Hit Blocks": 0, "Local Read Blocks": 0, "Local Dirtied Blocks": 0, "Local Written Blocks": 0, "Temp Read Blocks": 0, "Temp Written Blocks": 0, "I/O Read Time": 2.25, "I/O Write Time": 0.0}, "Planning Time": 2.585, "Triggers": [], "Execution Time": 1.335}, "config": {}}
{"query": "EXPLAIN (ANALYZE, COSTS, BUFFERS, VERBOSE, FORMAT JSON) select item.i_class_id from item where item.i_item_sk <= 3420;", "planinfo": {"Plan": {"Node Type": "Index Scan", "Parallel Aware": false, "Scan Direction": "Forward", "Index Name": "i_item_sk_idx", "Relation Name": "item", "Schema": "public", "Alias": "item", "Startup Cost": 0.29, "Total Cost": 339.66, "Plan Rows": 3420, "Plan Width": 4, "Actual Startup Time": 0.934, "Actual Total Time": 7.589, "Actual Rows": 3420, "Actual Loops": 1, "Output": ["i_class_id"], "Index Cond": "(item.i_item_sk <= 3420)", "Rows Removed by Index Recheck": 0, "Shared Hit Blocks": 39, "Shared Read Blocks": 245, "Shared Dirtied Blocks": 0, "Shared Written Blocks": 0, "Local Hit Blocks": 0, "Local Read Blocks": 0, "Local Dirtied Blocks": 0, "Local Written Blocks": 0, "Temp Read Blocks": 0, "Temp Written Blocks": 0, "I/O Read Time": 5.987, "I/O Write Time": 0.0, "parent": "None"}, "Planning": {"Shared Hit Blocks": 43, "Shared Read Blocks": 6, "Shared Dirtied Blocks": 0, "Shared Written Blocks": 0, "Local Hit Blocks": 0, "Local Read Blocks": 0, "Local Dirtied Blocks": 0, "Local Written Blocks": 0, "Temp Read Blocks": 0, "Temp Written Blocks": 0, "I/O Read Time": 2.316, "I/O Write Time": 0.0}, "Planning Time": 2.646, "Triggers": [], "Execution Time": 7.833}, "config": {}}
{"query": "EXPLAIN (ANALYZE, COSTS, BUFFERS, VERBOSE, FORMAT JSON) select promotion.p_promo_sk, item.i_current_price from item join promotion on promotion.p_item_sk=item.i_item_sk where item.i_manufact_id != 306;", "planinfo": {"Plan": {"Node Type": "Nested Loop", "Parallel Aware": false, "Join Type": "Inner", "Startup Cost": 0.29, "Total Cost": 1383.25, "Plan Rows": 299, "Plan Width": 10, "Actual Startup Time": 1.342, "Actual Total Time": 136.831, "Actual Rows": 292, "Actual Loops": 1, "Output": ["promotion.p_promo_sk", "item.i_current_price"], "Inner Unique": true, "Shared Hit Blocks": 571, "Shared Read Blocks": 316, "Shared Dirtied Blocks": 0, "Shared Written Blocks": 0, "Local Hit Blocks": 0, "Local Read Blocks": 0, "Local Dirtied Blocks": 0, "Local Written Blocks": 0, "Temp Read Blocks": 0, "Temp Written Blocks": 0, "I/O Read Time": 134.905, "I/O Write Time": 0.0, "Plans": [{"Node Type": "Seq Scan", "Parent Relationship": "Outer", "Parallel Aware": false, "Relation Name": "promotion", "Schema": "public", "Alias": "promotion", "Startup Cost": 0.0, "Total Cost": 11.0, "Plan Rows": 300, "Plan Width": 8, "Actual Startup Time": 0.454, "Actual Total Time": 0.592, "Actual Rows": 300, "Actual Loops": 1, "Output": ["promotion.p_promo_sk", "promotion.p_promo_id", "promotion.p_start_date_sk", "promotion.p_end_date_sk", "promotion.p_item_sk", "promotion.p_cost", "promotion.p_response_target", "promotion.p_promo_name", "promotion.p_channel_dmail", "promotion.p_channel_email", "promotion.p_channel_catalog", "promotion.p_channel_tv", "promotion.p_channel_radio", "promotion.p_channel_press", "promotion.p_channel_event", "promotion.p_channel_demo", "promotion.p_channel_details", "promotion.p_purpose", "promotion.p_discount_active"], "Shared Hit Blocks": 0, "Shared Read Blocks": 8, "Shared Dirtied Blocks": 0, "Shared Written Blocks": 0, "Local Hit Blocks": 0, "Local Read Blocks": 0, "Local Dirtied Blocks": 0, "Local Written Blocks": 0, "Temp Read Blocks": 0, "Temp Written Blocks": 0, "I/O Read Time": 0.52, "I/O Write Time": 0.0, "parent": "Nested Loop"}, {"Node Type": "Index Scan", "Parent Relationship": "Inner", "Parallel Aware": false, "Scan Direction": "Forward", "Index Name": "i_item_sk_idx", "Relation Name": "item", "Schema": "public", "Alias": "item", "Startup Cost": 0.29, "Total Cost": 4.57, "Plan Rows": 1, "Plan Width": 10, "Actual Startup Time": 0.453, "Actual Total Time": 0.453, "Actual Rows": 1, "Actual Loops": 300, "Output": ["item.i_item_sk", "item.i_item_id", "item.i_rec_start_date", "item.i_rec_end_date", "item.i_item_desc", "item.i_current_price", "item.i_wholesale_cost", "item.i_brand_id", "item.i_brand", "item.i_class_id", "item.i_class", "item.i_category_id", "item.i_category", "item.i_manufact_id", "item.i_manufact", "item.i_size", "item.i_formulation", "item.i_color", "item.i_units", "item.i_container", "item.i_manager_id", "item.i_product_name"], "Index Cond": "(item.i_item_sk = promotion.p_item_sk)", "Rows Removed by Index Recheck": 0, "Filter": "(item.i_manufact_id <> 306)", "Rows Removed by Filter": 0, "Shared Hit Blocks": 571, "Shared Read Blocks": 308, "Shared Dirtied Blocks": 0, "Shared Written Blocks": 0, "Local Hit Blocks": 0, "Local Read Blocks": 0, "Local Dirtied Blocks": 0, "Local Written Blocks": 0, "Temp Read Blocks": 0, "Temp Written Blocks": 0, "I/O Read Time": 134.385, "I/O Write Time": 0.0, "parent": "Nested Loop"}], "parent": "None"}, "Planning": {"Shared Hit Blocks": 102, "Shared Read Blocks": 18, "Shared Dirtied Blocks": 0, "Shared Written Blocks": 0, "Local Hit Blocks": 0, "Local Read Blocks": 0, "Local Dirtied Blocks": 0, "Local Written Blocks": 0, "Temp Read Blocks": 0, "Temp Written Blocks": 0, "I/O Read Time": 6.288, "I/O Write Time": 0.0}, "Planning Time": 7.457, "Triggers": [], "Execution Time": 136.955}, "config": {}}
{"query": "EXPLAIN (ANALYZE, COSTS, BUFFERS, VERBOSE, FORMAT JSON) select item.i_manager_id from item where item.i_item_sk > 11880 and item.i_brand_id > 8002010;", "planinfo": {"Plan": {"Node Type": "Index Scan", "Parallel Aware": false, "Scan Direction": "Forward", "Index Name": "i_item_sk_idx", "Relation Name": "item", "Schema": "public", "Alias": "item", "Startup Cost": 0.29, "Total Cost": 619.11, "Plan Rows": 1739, "Plan Width": 4, "Actual Startup Time": 1.336, "Actual Total Time": 15.201, "Actual Rows": 1712, "Actual Loops": 1, "Output": ["i_manager_id"], "Index Cond": "(item.i_item_sk > 11880)", "Rows Removed by Index Recheck": 0, "Filter": "(item.i_brand_id > 8002010)", "Rows Removed by Filter": 4408, "Shared Hit Blocks": 64, "Shared Read Blocks": 443, "Shared Dirtied Blocks": 0, "Shared Written Blocks": 0, "Local Hit Blocks": 0, "Local Read Blocks": 0, "Local Dirtied Blocks": 0, "Local Written Blocks": 0, "Temp Read Blocks": 0, "Temp Written Blocks": 0, "I/O Read Time": 12.372, "I/O Write Time": 0.0, "parent": "None"}, "Planning": {"Shared Hit Blocks": 45, "Shared Read Blocks": 7, "Shared Dirtied Blocks": 0, "Shared Written Blocks": 0, "Local Hit Blocks": 0, "Local Read Blocks": 0, "Local Dirtied Blocks": 0, "Local Written Blocks": 0, "Temp Read Blocks": 0, "Temp Written Blocks": 0, "I/O Read Time": 2.277, "I/O Write Time": 0.0}, "Planning Time": 2.632, "Triggers": [], "Execution Time": 15.34}, "config": {}}
{"query": "EXPLAIN (ANALYZE, COSTS, BUFFERS, VERBOSE, FORMAT JSON) select item.i_manufact_id from item where item.i_item_sk >= 14580 and item.i_wholesale_cost = 0.43;", "planinfo": {"Plan": {"Node Type": "Index Scan", "Parallel Aware": false, "Scan Direction": "Forward", "Index Name": "i_item_sk_idx", "Relation Name": "item", "Schema": "public", "Alias": "item", "Startup Cost": 0.29, "Total Cost": 348.23, "Plan Rows": 1, "Plan Width": 4, "Actual Startup Time": 4.148, "Actual Total Time": 10.309, "Actual Rows": 8, "Actual Loops": 1, "Output": ["i_manufact_id"], "Index Cond": "(item.i_item_sk >= 14580)", "Rows Removed by Index Recheck": 0, "Filter": "(item.i_wholesale_cost = 0.43)", "Rows Removed by Filter": 3413, "Shared Hit Blocks": 36, "Shared Read Blocks": 250, "Shared Dirtied Blocks": 0, "Shared Written Blocks": 0, "Local Hit Blocks": 0, "Local Read Blocks": 0, "Local Dirtied Blocks": 0, "Local Written Blocks": 0, "Temp Read Blocks": 0, "Temp Written Blocks": 0, "I/O Read Time": 8.498, "I/O Write Time": 0.0, "parent": "None"}, "Planning": {"Shared Hit Blocks": 50, "Shared Read Blocks": 10, "Shared Dirtied Blocks": 0, "Shared Written Blocks": 0, "Local Hit Blocks": 0, "Local Read Blocks": 0, "Local Dirtied Blocks": 0, "Local Written Blocks": 0, "Temp Read Blocks": 0, "Temp Written Blocks": 0, "I/O Read Time": 2.318, "I/O Write Time": 0.0}, "Planning Time": 2.702, "Triggers": [], "Execution Time": 10.33}, "config": {}}
{"query": "EXPLAIN (ANALYZE, COSTS, BUFFERS, VERBOSE, FORMAT JSON) select customer_address.ca_gmt_offset from customer_address where customer_address.ca_address_sk = 44964;", "planinfo": {"Plan": {"Node Type": "Index Scan", "Parallel Aware": false, "Scan Direction": "Forward", "Index Name": "customer_address_pkey", "Relation Name": "customer_address", "Schema": "public", "Alias": "customer_address", "Startup Cost": 0.29, "Total Cost": 8.31, "Plan Rows": 1, "Plan Width": 5, "Actual Startup Time": 1.427, "Actual Total Time": 1.428, "Actual Rows": 1, "Actual Loops": 1, "Output": ["ca_gmt_offset"], "Index Cond": "(customer_address.ca_address_sk = 44964)", "Rows Removed by Index Recheck": 0, "Shared Hit Blocks": 0, "Shared Read Blocks": 3, "Shared Dirtied Blocks": 0, "Shared Written Blocks": 0, "Local Hit Blocks": 0, "Local Read Blocks": 0, "Local Dirtied Blocks": 0, "Local Written Blocks": 0, "Temp Read Blocks": 0, "Temp Written Blocks": 0, "I/O Read Time": 1.417, "I/O Write Time": 0.0, "parent": "None"}, "Planning": {"Shared Hit Blocks": 30, "Shared Read Blocks": 4, "Shared Dirtied Blocks": 0, "Shared Written Blocks": 0, "Local Hit Blocks": 0, "Local Read Blocks": 0, "Local Dirtied Blocks": 0, "Local Written Blocks": 0, "Temp Read Blocks": 0, "Temp Written Blocks": 0, "I/O Read Time": 1.785, "I/O Write Time": 0.0}, "Planning Time": 2.069, "Triggers": [], "Execution Time": 1.47}, "config": {}}
{"query": "EXPLAIN (ANALYZE, COSTS, BUFFERS, VERBOSE, FORMAT JSON) select customer_address.ca_address_sk from customer_address where customer_address.ca_gmt_offset > -8.0 and customer_address.ca_address_sk <= 9960;", "planinfo": {"Plan": {"Node Type": "Index Scan", "Parallel Aware": false, "Scan Direction": "Forward", "Index Name": "customer_address_pkey", "Relation Name": "customer_address", "Schema": "public", "Alias": "customer_address", "Startup Cost": 0.29, "Total Cost": 534.86, "Plan Rows": 9023, "Plan Width": 4, "Actual Startup Time": 1.024, "Actual Total Time": 9.67, "Actual Rows": 9067, "Actual Loops": 1, "Output": ["ca_address_sk"], "Index Cond": "(customer_address.ca_address_sk <= 9960)", "Rows Removed by Index Recheck": 0, "Filter": "(customer_address.ca_gmt_offset > '-8.0'::numeric)", "Rows Removed by Filter": 893, "Shared Hit Blocks": 8, "Shared Read Blocks": 246, "Shared Dirtied Blocks": 0, "Shared Written Blocks": 0, "Local Hit Blocks": 0, "Local Read Blocks": 0, "Local Dirtied Blocks": 0, "Local Written Blocks": 0, "Temp Read Blocks": 0, "Temp Written Blocks": 0, "I/O Read Time": 4.32, "I/O Write Time": 0.0, "parent": "None"}, "Planning": {"Shared Hit Blocks": 34, "Shared Read Blocks": 5, "Shared Dirtied Blocks": 0, "Shared Written Blocks": 0, "Local Hit Blocks": 0, "Local Read Blocks": 0, "Local Dirtied Blocks": 0, "Local Written Blocks": 0, "Temp Read Blocks": 0, "Temp Written Blocks": 0, "I/O Read Time": 1.845, "I/O Write Time": 0.0}, "Planning Time": 2.165, "Triggers": [], "Execution Time": 10.331}, "config": {}}
{"query": "EXPLAIN (ANALYZE, COSTS, BUFFERS, VERBOSE, FORMAT JSON) select customer_address.ca_gmt_offset from customer_address where customer_address.ca_address_sk >= 37557;", "planinfo": {"Plan": {"Node Type": "Index Scan", "Parallel Aware": false, "Scan Direction": "Forward", "Index Name": "customer_address_pkey", "Relation Name": "customer_address", "Schema": "public", "Alias": "customer_address", "Startup Cost": 0.29, "Total Cost": 637.43, "Plan Rows": 12415, "Plan Width": 5, "Actual Startup Time": 1.325, "Actual Total Time": 15.847, "Actual Rows": 12444, "Actual Loops": 1, "Output": ["ca_gmt_offset"], "Index Cond": "(customer_address.ca_address_sk >= 37557)", "Rows Removed by Index Recheck": 0, "Shared Hit Blocks": 0, "Shared Read Blocks": 319, "Shared Dirtied Blocks": 0, "Shared Written Blocks": 0, "Local Hit Blocks": 0, "Local Read Blocks": 0, "Local Dirtied Blocks": 0, "Local Written Blocks": 0, "Temp Read Blocks": 0, "Temp Written Blocks": 0, "I/O Read Time": 10.754, "I/O Write Time": 0.0, "parent": "None"}, "Planning": {"Shared Hit Blocks": 32, "Shared Read Blocks": 4, "Shared Dirtied Blocks": 0, "Shared Written Blocks": 0, "Local Hit Blocks": 0, "Local Read Blocks": 0, "Local Dirtied Blocks": 0, "Local Written Blocks": 0, "Temp Read Blocks": 0, "Temp Written Blocks": 0, "I/O Read Time": 1.835, "I/O Write Time": 0.0}, "Planning Time": 2.131, "Triggers": [], "Execution Time": 16.621}, "config": {}}
{"query": "EXPLAIN (ANALYZE, COSTS, BUFFERS, VERBOSE, FORMAT JSON) select customer_address.ca_address_sk from customer_address where customer_address.ca_address_sk < 6053 and customer_address.ca_gmt_offset >= -10.0 and customer_address.ca_gmt_offset < -9.0;", "planinfo": {"Plan": {"Node Type": "Index Scan", "Parallel Aware": false, "Scan Direction": "Forward", "Index Name": "customer_address_pkey", "Relation Name": "customer_address", "Schema": "public", "Alias": "customer_address", "Startup Cost": 0.29, "Total Cost": 344.15, "Plan Rows": 9, "Plan Width": 4, "Actual Startup Time": 1.552, "Actual Total Time": 6.523, "Actual Rows": 13, "Actual Loops": 1, "Output": ["ca_address_sk"], "Index Cond": "(customer_address.ca_address_sk < 6053)", "Rows Removed by Index Recheck": 0, "Filter": "((customer_address.ca_gmt_offset >= '-10.0'::numeric) AND (customer_address.ca_gmt_offset < '-9.0'::numeric))", "Rows Removed by Filter": 6039, "Shared Hit Blocks": 4, "Shared Read Blocks": 150, "Shared Dirtied Blocks": 0, "Shared Written Blocks": 0, "Local Hit Blocks": 0, "Local Read Blocks": 0, "Local Dirtied Blocks": 0, "Local Written Blocks": 0, "Temp Read Blocks": 0, "Temp Written Blocks": 0, "I/O Read Time": 3.447, "I/O Write Time": 0.0, "parent": "None"}, "Planning": {"Shared Hit Blocks": 30, "Shared Read Blocks": 5, "Shared Dirtied Blocks": 0, "Shared Written Blocks": 0, "Local Hit Blocks": 0, "Local Read Blocks": 0, "Local Dirtied Blocks": 0, "Local Written Blocks": 0, "Temp Read Blocks": 0, "Temp Written Blocks": 0, "I/O Read Time": 1.82, "I/O Write Time": 0.0}, "Planning Time": 2.125, "Triggers": [], "Execution Time": 6.538}, "config": {}}
{"query": "EXPLAIN (ANALYZE, COSTS, BUFFERS, VERBOSE, FORMAT JSON) select customer_address.ca_gmt_offset from customer_address where customer_address.ca_address_sk < 9450;", "planinfo": {"Plan": {"Node Type": "Index Scan", "Parallel Aware": false, "Scan Direction": "Forward", "Index Name": "customer_address_pkey", "Relation Name": "customer_address", "Schema": "public", "Alias": "customer_address", "Startup Cost": 0.29, "Total Cost": 486.11, "Plan Rows": 9362, "Plan Width": 5, "Actual Startup Time": 0.963, "Actual Total Time": 10.773, "Actual Rows": 9449, "Actual Loops": 1, "Output": ["ca_gmt_offset"], "Index Cond": "(customer_address.ca_address_sk < 9450)", "Rows Removed by Index Recheck": 0, "Shared Hit Blocks": 8, "Shared Read Blocks": 233, "Shared Dirtied Blocks": 0, "Shared Written Blocks": 0, "Local Hit Blocks": 0, "Local Read Blocks": 0, "Local Dirtied Blocks": 0, "Local Written Blocks": 0, "Temp Read Blocks": 0, "Temp Written Blocks": 0, "I/O Read Time": 6.156, "I/O Write Time": 0.0, "parent": "None"}, "Planning": {"Shared Hit Blocks": 28, "Shared Read Blocks": 4, "Shared Dirtied Blocks": 0, "Shared Written Blocks": 0, "Local Hit Blocks": 0, "Local Read Blocks": 0, "Local Dirtied Blocks": 0, "Local Written Blocks": 0, "Temp Read Blocks": 0, "Temp Written Blocks": 0, "I/O Read Time": 1.837, "I/O Write Time": 0.0}, "Planning Time": 2.149, "Triggers": [], "Execution Time": 11.424}, "config": {}}
{"query": "EXPLAIN (ANALYZE, COSTS, BUFFERS, VERBOSE, FORMAT JSON) select store_sales.ss_addr_sk from store_sales where store_sales.ss_sold_date_sk = 2452444;", "planinfo": {"Plan": {"Node Type": "Index Scan", "Parallel Aware": false, "Scan Direction": "Forward", "Index Name": "ss_sold_date_sk_idx", "Relation Name": "store_sales", "Schema": "public", "Alias": "store_sales", "Startup Cost": 0.43, "Total Cost": 5488.56, "Plan Rows": 1382, "Plan Width": 4, "Actual Startup Time": 1.88, "Actual Total Time": 48.277, "Actual Rows": 986, "Actual Loops": 1, "Output": ["ss_addr_sk"], "Index Cond": "(store_sales.ss_sold_date_sk = 2452444)", "Rows Removed by Index Recheck": 0, "Shared Hit Blocks": 0, "Shared Read Blocks": 106, "Shared Dirtied Blocks": 0, "Shared Written Blocks": 0, "Local Hit Blocks": 0, "Local Read Blocks": 0, "Local Dirtied Blocks": 0, "Local Written Blocks": 0, "Temp Read Blocks": 0, "Temp Written Blocks": 0, "I/O Read Time": 47.775, "I/O Write Time": 0.0, "parent": "None"}, "Planning": {"Shared Hit Blocks": 45, "Shared Read Blocks": 5, "Shared Dirtied Blocks": 0, "Shared Written Blocks": 0, "Local Hit Blocks": 0, "Local Read Blocks": 0, "Local Dirtied Blocks": 0, "Local Written Blocks": 0, "Temp Read Blocks": 0, "Temp Written Blocks": 0, "I/O Read Time": 1.801, "I/O Write Time": 0.0}, "Planning Time": 2.125, "Triggers": [], "Execution Time": 48.366}, "config": {}}
{"query": "EXPLAIN (ANALYZE, COSTS, BUFFERS, VERBOSE, FORMAT JSON) select store_sales.ss_coupon_amt from store_sales where store_sales.ss_sold_date_sk = 2451145;", "planinfo": {"Plan": {"Node Type": "Index Scan", "Parallel Aware": false, "Scan Direction": "Forward", "Index Name": "ss_sold_date_sk_idx", "Relation Name": "store_sales", "Schema": "public", "Alias": "store_sales", "Startup Cost": 0.43, "Total Cost": 13456.79, "Plan Rows": 3456, "Plan Width": 3, "Actual Startup Time": 1.781, "Actual Total Time": 162.131, "Actual Rows": 3268, "Actual Loops": 1, "Output": ["ss_coupon_amt"], "Index Cond": "(store_sales.ss_sold_date_sk = 2451145)", "Rows Removed by Index Recheck": 0, "Shared Hit Blocks": 0, "Shared Read Blocks": 348, "Shared Dirtied Blocks": 0, "Shared Written Blocks": 0, "Local Hit Blocks": 0, "Local Read Blocks": 0, "Local Dirtied Blocks": 0, "Local Written Blocks": 0, "Temp Read Blocks": 0, "Temp Written Blocks": 0, "I/O Read Time": 160.266, "I/O Write Time": 0.0, "parent": "None"}, "Planning": {"Shared Hit Blocks": 45, "Shared Read Blocks": 5, "Shared Dirtied Blocks": 0, "Shared Written Blocks": 0, "Local Hit Blocks": 0, "Local Read Blocks": 0, "Local Dirtied Blocks": 0, "Local Written Blocks": 0, "Temp Read Blocks": 0, "Temp Written Blocks": 0, "I/O Read Time": 1.811, "I/O Write Time": 0.0}, "Planning Time": 2.161, "Triggers": [], "Execution Time": 162.415}, "config": {}}
{"query": "EXPLAIN (ANALYZE, COSTS, BUFFERS, VERBOSE, FORMAT JSON) select store_sales.ss_ext_wholesale_cost, household_demographics.hd_demo_sk from household_demographics join store_sales on store_sales.ss_hdemo_sk=household_demographics.hd_demo_sk where store_sales.ss_item_sk = 4370 order by household_demographics.hd_demo_sk ASC, store_sales.ss_ext_wholesale_cost ASC;", "planinfo": {"Plan": {"Node Type": "Sort", "Parallel Aware": false, "Startup Cost": 845.77, "Total Cost": 846.2, "Plan Rows": 173, "Plan Width": 10, "Actual Startup Time": 80.155, "Actual Total Time": 80.17, "Actual Rows": 167, "Actual Loops": 1, "Output": ["store_sales.ss_ext_wholesale_cost", "household_demographics.hd_demo_sk"], "Sort Key": ["household_demographics.hd_demo_sk", "store_sales.ss_ext_wholesale_cost"], "Sort Method": "quicksort", "Sort Space Used": 34, "Sort Space Type": "Memory", "Shared Hit Blocks": 323, "Shared Read Blocks": 190, "Shared Dirtied Blocks": 0, "Shared Written Blocks": 0, "Local Hit Blocks": 0, "Local Read Blocks": 0, "Local Dirtied Blocks": 0, "Local Written Blocks": 0, "Temp Read Blocks": 0, "Temp Written Blocks": 0, "I/O Read Time": 78.905, "I/O Write Time": 0.0, "Plans": [{"Node Type": "Nested Loop", "Parent Relationship": "Outer", "Parallel Aware": false, "Join Type": "Inner", "Startup Cost": 0.71, "Total Cost": 839.33, "Plan Rows": 173, "Plan Width": 10, "Actual Startup Time": 2.803, "Actual Total Time": 80.004, "Actual Rows": 167, "Actual Loops": 1, "Output": ["store_sales.ss_ext_wholesale_cost", "household_demographics.hd_demo_sk"], "Inner Unique": true, "Shared Hit Blocks": 317, "Shared Read Blocks": 190, "Shared Dirtied Blocks": 0, "Shared Written Blocks": 0, "Local Hit Blocks": 0, "Local Read Blocks": 0, "Local Dirtied Blocks": 0, "Local Written Blocks": 0, "Temp Read Blocks": 0, "Temp Written Blocks": 0, "I/O Read Time": 78.905, "I/O Write Time": 0.0, "Plans": [{"Node Type": "Index Scan", "Parent Relationship": "Outer", "Parallel Aware": false, "Scan Direction": "Forward", "Index Name": "store_sales_pkey", "Relation Name": "store_sales", "Schema": "public", "Alias": "store_sales", "Startup Cost": 0.43, "Total Cost": 699.43, "Plan Rows": 173, "Plan Width": 10, "Actual Startup Time": 1.976, "Actual Total Time": 78.286, "Actual Rows": 170, "Actual Loops": 1, "Output": ["store_sales.ss_sold_date_sk", "store_sales.ss_sold_time_sk", "store_sales.ss_item_sk", "store_sales.ss_customer_sk", "store_sales.ss_cdemo_sk", "store_sales.ss_hdemo_sk", "store_sales.ss_addr_sk", "store_sales.ss_store_sk", "store_sales.ss_promo_sk", "store_sales.ss_ticket_number", "store_sales.ss_quantity", "store_sales.ss_wholesale_cost", "store_sales.ss_list_price", "store_sales.ss_sales_price", "store_sales.ss_ext_discount_amt", "store_sales.ss_ext_sales_price", "store_sales.ss_ext_wholesale_cost", "store_sales.ss_ext_list_price", "store_sales.ss_ext_tax", "store_sales.ss_coupon_amt", "store_sales.ss_net_paid", "store_sales.ss_net_paid_inc_tax", "store_sales.ss_net_profit"], "Index Cond": "(store_sales.ss_item_sk = 4370)", "Rows Removed by Index Recheck": 0, "Shared Hit Blocks": 0, "Shared Read Blocks": 172, "Shared Dirtied Blocks": 0, "Shared Written Blocks": 0, "Local Hit Blocks": 0, "Local Read Blocks": 0, "Local Dirtied Blocks": 0, "Local Written Blocks": 0, "Temp Read Blocks": 0, "Temp Written Blocks": 0, "I/O Read Time": 77.968, "I/O Write Time": 0.0, "parent": "Nested Loop"}, {"Node Type": "Index Only Scan", "Parent Relationship": "Inner", "Parallel Aware": false, "Scan Direction": "Forward", "Index Name": "household_demographics_pkey", "Relation Name": "household_demographics", "Schema": "public", "Alias": "household_demographics", "Startup Cost": 0.28, "Total Cost": 0.81, "Plan Rows": 1, "Plan Width": 4, "Actual Startup Time": 0.009, "Actual Total Time": 0.009, "Actual Rows": 1, "Actual Loops": 170, "Output": ["household_demographics.hd_demo_sk"], "Index Cond": "(household_demographics.hd_demo_sk = store_sales.ss_hdemo_sk)", "Rows Removed by Index Recheck": 0, "Heap Fetches": 0, "Shared Hit Blocks": 317, "Shared Read Blocks": 18, "Shared Dirtied Blocks": 0, "Shared Written Blocks": 0, "Local Hit Blocks": 0, "Local Read Blocks": 0, "Local Dirtied Blocks": 0, "Local Written Blocks": 0, "Temp Read Blocks": 0, "Temp Written Blocks": 0, "I/O Read Time": 0.937, "I/O Write Time": 0.0, "parent": "Nested Loop"}], "parent": "Sort"}], "parent": "None"}, "Planning": {"Shared Hit Blocks": 104, "Shared Read Blocks": 20, "Shared Dirtied Blocks": 0, "Shared Written Blocks": 0, "Local Hit Blocks": 0, "Local Read Blocks": 0, "Local Dirtied Blocks": 0, "Local Written Blocks": 0, "Temp Read Blocks": 0, "Temp Written Blocks": 0, "I/O Read Time": 6.282, "I/O Write Time": 0.0}, "Planning Time": 8.529, "Triggers": [], "Execution Time": 80.24}, "config": {}}
{"query": "EXPLAIN (ANALYZE, COSTS, BUFFERS, VERBOSE, FORMAT JSON) select store_sales.ss_list_price from store_sales where store_sales.ss_sold_date_sk = 2452471;", "planinfo": {"Plan": {"Node Type": "Index Scan", "Parallel Aware": false, "Scan Direction": "Forward", "Index Name": "ss_sold_date_sk_idx", "Relation Name": "store_sales", "Schema": "public", "Alias": "store_sales", "Startup Cost": 0.43, "Total Cost": 5488.56, "Plan Rows": 1382, "Plan Width": 6, "Actual Startup Time": 1.765, "Actual Total Time": 43.94, "Actual Rows": 853, "Actual Loops": 1, "Output": ["ss_list_price"], "Index Cond": "(store_sales.ss_sold_date_sk = 2452471)", "Rows Removed by Index Recheck": 0, "Shared Hit Blocks": 0, "Shared Read Blocks": 94, "Shared Dirtied Blocks": 0, "Shared Written Blocks": 0, "Local Hit Blocks": 0, "Local Read Blocks": 0, "Local Dirtied Blocks": 0, "Local Written Blocks": 0, "Temp Read Blocks": 0, "Temp Written Blocks": 0, "I/O Read Time": 43.464, "I/O Write Time": 0.0, "parent": "None"}, "Planning": {"Shared Hit Blocks": 45, "Shared Read Blocks": 5, "Shared Dirtied Blocks": 0, "Shared Written Blocks": 0, "Local Hit Blocks": 0, "Local Read Blocks": 0, "Local Dirtied Blocks": 0, "Local Written Blocks": 0, "Temp Read Blocks": 0, "Temp Written Blocks": 0, "I/O Read Time": 1.936, "I/O Write Time": 0.0}, "Planning Time": 2.268, "Triggers": [], "Execution Time": 44.049}, "config": {}}
{"query": "EXPLAIN (ANALYZE, COSTS, BUFFERS, VERBOSE, FORMAT JSON) select store_sales.ss_store_sk from store_sales where store_sales.ss_sold_date_sk = 2451878;", "planinfo": {"Plan": {"Node Type": "Index Scan", "Parallel Aware": false, "Scan Direction": "Forward", "Index Name": "ss_sold_date_sk_idx", "Relation Name": "store_sales", "Schema": "public", "Alias": "store_sales", "Startup Cost": 0.43, "Total Cost": 13456.79, "Plan Rows": 3456, "Plan Width": 4, "Actual Startup Time": 1.819, "Actual Total Time": 123.184, "Actual Rows": 2641, "Actual Loops": 1, "Output": ["ss_store_sk"], "Index Cond": "(store_sales.ss_sold_date_sk = 2451878)", "Rows Removed by Index Recheck": 0, "Shared Hit Blocks": 0, "Shared Read Blocks": 274, "Shared Dirtied Blocks": 0, "Shared Written Blocks": 0, "Local Hit Blocks": 0, "Local Read Blocks": 0, "Local Dirtied Blocks": 0, "Local Written Blocks": 0, "Temp Read Blocks": 0, "Temp Written Blocks": 0, "I/O Read Time": 121.806, "I/O Write Time": 0.0, "parent": "None"}, "Planning": {"Shared Hit Blocks": 45, "Shared Read Blocks": 5, "Shared Dirtied Blocks": 0, "Shared Written Blocks": 0, "Local Hit Blocks": 0, "Local Read Blocks": 0, "Local Dirtied Blocks": 0, "Local Written Blocks": 0, "Temp Read Blocks": 0, "Temp Written Blocks": 0, "I/O Read Time": 1.987, "I/O Write Time": 0.0}, "Planning Time": 2.314, "Triggers": [], "Execution Time": 123.392}, "config": {}}
{"query": "EXPLAIN (ANALYZE, COSTS, BUFFERS, VERBOSE, FORMAT JSON) select catalog_sales.cs_ext_list_price, household_demographics.hd_vehicle_count from catalog_sales join household_demographics on household_demographics.hd_demo_sk=catalog_sales.cs_bill_hdemo_sk where catalog_sales.cs_order_number = 47846;", "planinfo": {"Plan": {"Node Type": "Nested Loop", "Parallel Aware": false, "Join Type": "Inner", "Startup Cost": 0.71, "Total Cost": 33443.24, "Plan Rows": 12, "Plan Width": 11, "Actual Startup Time": 238.281, "Actual Total Time": 1803.746, "Actual Rows": 13, "Actual Loops": 1, "Output": ["catalog_sales.cs_ext_list_price", "household_demographics.hd_vehicle_count"], "Inner Unique": true, "Shared Hit Blocks": 37, "Shared Read Blocks": 5605, "Shared Dirtied Blocks": 0, "Shared Written Blocks": 0, "Local Hit Blocks": 0, "Local Read Blocks": 0, "Local Dirtied Blocks": 0, "Local Written Blocks": 0, "Temp Read Blocks": 0, "Temp Written Blocks": 0, "I/O Read Time": 1763.228, "I/O Write Time": 0.0, "Plans": [{"Node Type": "Index Scan", "Parent Relationship": "Outer", "Parallel Aware": false, "Scan Direction": "Forward", "Index Name": "catalog_sales_pkey", "Relation Name": "catalog_sales", "Schema": "public", "Alias": "catalog_sales", "Startup Cost": 0.43, "Total Cost": 33355.64, "Plan Rows": 12, "Plan Width": 11, "Actual Startup Time": 237.373, "Actual Total Time": 1802.611, "Actual Rows": 13, "Actual Loops": 1, "Output": ["catalog_sales.cs_sold_date_sk", "catalog_sales.cs_sold_time_sk", "catalog_sales.cs_ship_date_sk", "catalog_sales.cs_bill_customer_sk", "catalog_sales.cs_bill_cdemo_sk", "catalog_sales.cs_bill_hdemo_sk", "catalog_sales.cs_bill_addr_sk", "catalog_sales.cs_ship_customer_sk", "catalog_sales.cs_ship_cdemo_sk", "catalog_sales.cs_ship_hdemo_sk", "catalog_sales.cs_ship_addr_sk", "catalog_sales.cs_call_center_sk", "catalog_sales.cs_catalog_page_sk", "catalog_sales.cs_ship_mode_sk", "catalog_sales.cs_warehouse_sk", "catalog_sales.cs_item_sk", "catalog_sales.cs_promo_sk", "catalog_sales.cs_order_number", "catalog_sales.cs_quantity", "catalog_sales.cs_wholesale_cost", "catalog_sales.cs_list_price", "catalog_sales.cs_sales_price", "catalog_sales.cs_ext_discount_amt", "catalog_sales.cs_ext_sales_price", "catalog_sales.cs_ext_wholesale_cost", "catalog_sales.cs_ext_list_price", "catalog_sales.cs_ext_tax", "catalog_sales.cs_coupon_amt", "catalog_sales.cs_ext_ship_cost", "catalog_sales.cs_net_paid", "catalog_sales.cs_net_paid_inc_tax", "catalog_sales.cs_net_paid_inc_ship", "catalog_sales.cs_net_paid_inc_ship_tax", "catalog_sales.cs_net_profit"], "Index Cond": "(catalog_sales.cs_order_number = 47846)", "Rows Removed by Index Recheck": 0, "Shared Hit Blocks": 0, "Shared Read Blocks": 5603, "Shared Dirtied Blocks": 0, "Shared Written Blocks": 0, "Local Hit Blocks": 0, "Local Read Blocks": 0, "Local Dirtied Blocks": 0, "Local Written Blocks": 0, "Temp Read Blocks": 0, "Temp Written Blocks": 0, "I/O Read Time": 1762.355, "I/O Write Time": 0.0, "parent": "Nested Loop"}, {"Node Type": "Index Scan", "Parent Relationship": "Inner", "Parallel Aware": false, "Scan Direction": "Forward", "Index Name": "household_demographics_pkey", "Relation Name": "household_demographics", "Schema": "public", "Alias": "household_demographics", "Startup Cost": 0.28, "Total Cost": 7.3, "Plan Rows": 1, "Plan Width": 8, "Actual Startup Time": 0.078, "Actual Total Time": 0.078, "Actual Rows": 1, "Actual Loops": 13, "Output": ["household_demographics.hd_demo_sk", "household_demographics.hd_income_band_sk", "household_demographics.hd_buy_potential", "household_demographics.hd_dep_count", "household_demographics.hd_vehicle_count"], "Index Cond": "(household_demographics.hd_demo_sk = catalog_sales.cs_bill_hdemo_sk)", "Rows Removed by Index Recheck": 0, "Shared Hit Blocks": 37, "Shared Read Blocks": 2, "Shared Dirtied Blocks": 0, "Shared Written Blocks": 0, "Local Hit Blocks": 0, "Local Read Blocks": 0, "Local Dirtied Blocks": 0, "Local Written Blocks": 0, "Temp Read Blocks": 0, "Temp Written Blocks": 0, "I/O Read Time": 0.873, "I/O Write Time": 0.0, "parent": "Nested Loop"}], "parent": "None"}, "Planning": {"Shared Hit Blocks": 97, "Shared Read Blocks": 17, "Shared Dirtied Blocks": 0, "Shared Written Blocks": 0, "Local Hit Blocks": 0, "Local Read Blocks": 0, "Local Dirtied Blocks": 0, "Local Written Blocks": 0, "Temp Read Blocks": 0, "Temp Written Blocks": 0, "I/O Read Time": 5.747, "I/O Write Time": 0.0}, "Planning Time": 6.925, "Triggers": [], "Execution Time": 1803.856}, "config": {}}
{"query": "EXPLAIN (ANALYZE, COSTS, BUFFERS, VERBOSE, FORMAT JSON) select catalog_sales.cs_warehouse_sk from catalog_sales where catalog_sales.cs_item_sk = 9896;", "planinfo": {"Plan": {"Node Type": "Index Scan", "Parallel Aware": false, "Scan Direction": "Forward", "Index Name": "catalog_sales_pkey", "Relation Name": "catalog_sales", "Schema": "public", "Alias": "catalog_sales", "Startup Cost": 0.43, "Total Cost": 349.93, "Plan Rows": 86, "Plan Width": 4, "Actual Startup Time": 1.884, "Actual Total Time": 48.151, "Actual Rows": 104, "Actual Loops": 1, "Output": ["cs_warehouse_sk"], "Index Cond": "(catalog_sales.cs_item_sk = 9896)", "Rows Removed by Index Recheck": 0, "Shared Hit Blocks": 0, "Shared Read Blocks": 107, "Shared Dirtied Blocks": 0, "Shared Written Blocks": 0, "Local Hit Blocks": 0, "Local Read Blocks": 0, "Local Dirtied Blocks": 0, "Local Written Blocks": 0, "Temp Read Blocks": 0, "Temp Written Blocks": 0, "I/O Read Time": 47.924, "I/O Write Time": 0.0, "parent": "None"}, "Planning": {"Shared Hit Blocks": 35, "Shared Read Blocks": 2, "Shared Dirtied Blocks": 0, "Shared Written Blocks": 0, "Local Hit Blocks": 0, "Local Read Blocks": 0, "Local Dirtied Blocks": 0, "Local Written Blocks": 0, "Temp Read Blocks": 0, "Temp Written Blocks": 0, "I/O Read Time": 1.11, "I/O Write Time": 0.0}, "Planning Time": 1.399, "Triggers": [], "Execution Time": 48.182}, "config": {}}
{"query": "EXPLAIN (ANALYZE, COSTS, BUFFERS, VERBOSE, FORMAT JSON) select catalog_sales.cs_bill_cdemo_sk, promotion.p_cost from promotion join catalog_sales on catalog_sales.cs_promo_sk=promotion.p_promo_sk where catalog_sales.cs_order_number = 44556 order by catalog_sales.cs_bill_cdemo_sk ASC;", "planinfo": {"Plan": {"Node Type": "Sort", "Parallel Aware": false, "Startup Cost": 33420.88, "Total Cost": 33420.91, "Plan Rows": 12, "Plan Width": 9, "Actual Startup Time": 1766.147, "Actual Total Time": 1766.15, "Actual Rows": 10, "Actual Loops": 1, "Output": ["catalog_sales.cs_bill_cdemo_sk", "promotion.p_cost"], "Sort Key": ["catalog_sales.cs_bill_cdemo_sk"], "Sort Method": "quicksort", "Sort Space Used": 25, "Sort Space Type": "Memory", "Shared Hit Blocks": 8, "Shared Read Blocks": 5610, "Shared Dirtied Blocks": 0, "Shared Written Blocks": 0, "Local Hit Blocks": 0, "Local Read Blocks": 0, "Local Dirtied Blocks": 0, "Local Written Blocks": 0, "Temp Read Blocks": 0, "Temp Written Blocks": 0, "I/O Read Time": 1725.084, "I/O Write Time": 0.0, "Plans": [{"Node Type": "Nested Loop", "Parent Relationship": "Outer", "Parallel Aware": false, "Join Type": "Inner", "Startup Cost": 0.43, "Total Cost": 33420.67, "Plan Rows": 12, "Plan Width": 9, "Actual Startup Time": 1765.079, "Actual Total Time": 1766.107, "Actual Rows": 10, "Actual Loops": 1, "Output": ["catalog_sales.cs_bill_cdemo_sk", "promotion.p_cost"], "Inner Unique": false, "Join Filter": "(promotion.p_promo_sk = catalog_sales.cs_promo_sk)", "Rows Removed by Join Filter": 3290, "Shared Hit Blocks": 5, "Shared Read Blocks": 5610, "Shared Dirtied Blocks": 0, "Shared Written Blocks": 0, "Local Hit Blocks": 0, "Local Read Blocks": 0, "Local Dirtied Blocks": 0, "Local Written Blocks": 0, "Temp Read Blocks": 0, "Temp Written Blocks": 0, "I/O Read Time": 1725.084, "I/O Write Time": 0.0, "Plans": [{"Node Type": "Seq Scan", "Parent Relationship": "Outer", "Parallel Aware": false, "Relation Name": "promotion", "Schema": "public", "Alias": "promotion", "Startup Cost": 0.0, "Total Cost": 11.0, "Plan Rows": 300, "Plan Width": 9, "Actual Startup Time": 0.005, "Actual Total Time": 0.458, "Actual Rows": 300, "Actual Loops": 1, "Output": ["promotion.p_promo_sk", "promotion.p_promo_id", "promotion.p_start_date_sk", "promotion.p_end_date_sk", "promotion.p_item_sk", "promotion.p_cost", "promotion.p_response_target", "promotion.p_promo_name", "promotion.p_channel_dmail", "promotion.p_channel_email", "promotion.p_channel_catalog", "promotion.p_channel_tv", "promotion.p_channel_radio", "promotion.p_channel_press", "promotion.p_channel_event", "promotion.p_channel_demo", "promotion.p_channel_details", "promotion.p_purpose", "promotion.p_discount_active"], "Shared Hit Blocks": 2, "Shared Read Blocks": 6, "Shared Dirtied Blocks": 0, "Shared Written Blocks": 0, "Local Hit Blocks": 0, "Local Read Blocks": 0, "Local Dirtied Blocks": 0, "Local Written Blocks": 0, "Temp Read Blocks": 0, "Temp Written Blocks": 0, "I/O Read Time": 0.408, "I/O Write Time": 0.0, "parent": "Nested Loop"}, {"Node Type": "Materialize", "Parent Relationship": "Inner", "Parallel Aware": false, "Startup Cost": 0.43, "Total Cost": 33355.7, "Plan Rows": 12, "Plan Width": 8, "Actual Startup Time": 0.393, "Actual Total Time": 5.884, "Actual Rows": 11, "Actual Loops": 300, "Output": ["catalog_sales.cs_bill_cdemo_sk", "catalog_sales.cs_promo_sk"], "Shared Hit Blocks": 3, "Shared Read Blocks": 5604, "Shared Dirtied Blocks": 0, "Shared Written Blocks": 0, "Local Hit Blocks": 0, "Local Read Blocks": 0, "Local Dirtied Blocks": 0, "Local Written Blocks": 0, "Temp Read Blocks": 0, "Temp Written Blocks": 0, "I/O Read Time": 1724.676, "I/O Write Time": 0.0, "Plans": [{"Node Type": "Index Scan", "Parent Relationship": "Outer", "Parallel Aware": false, "Scan Direction": "Forward", "Index Name": "catalog_sales_pkey", "Relation Name": "catalog_sales", "Schema": "public", "Alias": "catalog_sales", "Startup Cost": 0.43, "Total Cost": 33355.64, "Plan Rows": 12, "Plan Width": 8, "Actual Startup Time": 117.93, "Actual Total Time": 1764.955, "Actual Rows": 11, "Actual Loops": 1, "Output": ["catalog_sales.cs_bill_cdemo_sk", "catalog_sales.cs_promo_sk"], "Index Cond": "(catalog_sales.cs_order_number = 44556)", "Rows Removed by Index Recheck": 0, "Shared Hit Blocks": 3, "Shared Read Blocks": 5604, "Shared Dirtied Blocks": 0, "Shared Written Blocks": 0, "Local Hit Blocks": 0, "Local Read Blocks": 0, "Local Dirtied Blocks": 0, "Local Written Blocks": 0, "Temp Read Blocks": 0, "Temp Written Blocks": 0, "I/O Read Time": 1724.676, "I/O Write Time": 0.0, "parent": "Materialize"}], "parent": "Nested Loop"}], "parent": "Sort"}], "parent": "None"}, "Planning": {"Shared Hit Blocks": 90, "Shared Read Blocks": 16, "Shared Dirtied Blocks": 0, "Shared Written Blocks": 0, "Local Hit Blocks": 0, "Local Read Blocks": 0, "Local Dirtied Blocks": 0, "Local Written Blocks": 0, "Temp Read Blocks": 0, "Temp Written Blocks": 0, "I/O Read Time": 5.962, "I/O Write Time": 0.0}, "Planning Time": 7.142, "Triggers": [], "Execution Time": 1766.246}, "config": {}}
{"query": "EXPLAIN (ANALYZE, COSTS, BUFFERS, VERBOSE, FORMAT JSON) select catalog_sales.cs_ship_date_sk, ship_mode.sm_ship_mode_sk from ship_mode join catalog_sales on catalog_sales.cs_ship_mode_sk=ship_mode.sm_ship_mode_sk where catalog_sales.cs_order_number = 122516;", "planinfo": {"Plan": {"Node Type": "Nested Loop", "Parallel Aware": false, "Join Type": "Inner", "Startup Cost": 0.43, "Total Cost": 33360.22, "Plan Rows": 12, "Plan Width": 8, "Actual Startup Time": 102.88, "Actual Total Time": 1774.589, "Actual Rows": 9, "Actual Loops": 1, "Output": ["catalog_sales.cs_ship_date_sk", "ship_mode.sm_ship_mode_sk"], "Inner Unique": true, "Join Filter": "(ship_mode.sm_ship_mode_sk = catalog_sales.cs_ship_mode_sk)", "Rows Removed by Join Filter": 70, "Shared Hit Blocks": 1, "Shared Read Blocks": 5603, "Shared Dirtied Blocks": 0, "Shared Written Blocks": 0, "Local Hit Blocks": 0, "Local Read Blocks": 0, "Local Dirtied Blocks": 0, "Local Written Blocks": 0, "Temp Read Blocks": 0, "Temp Written Blocks": 0, "I/O Read Time": 1734.171, "I/O Write Time": 0.0, "Plans": [{"Node Type": "Index Scan", "Parent Relationship": "Outer", "Parallel Aware": false, "Scan Direction": "Forward", "Index Name": "catalog_sales_pkey", "Relation Name": "catalog_sales", "Schema": "public", "Alias": "catalog_sales", "Startup Cost": 0.43, "Total Cost": 33355.64, "Plan Rows": 12, "Plan Width": 8, "Actual Startup Time": 102.848, "Actual Total Time": 1774.435, "Actual Rows": 9, "Actual Loops": 1, "Output": ["catalog_sales.cs_sold_date_sk", "catalog_sales.cs_sold_time_sk", "catalog_sales.cs_ship_date_sk", "catalog_sales.cs_bill_customer_sk", "catalog_sales.cs_bill_cdemo_sk", "catalog_sales.cs_bill_hdemo_sk", "catalog_sales.cs_bill_addr_sk", "catalog_sales.cs_ship_customer_sk", "catalog_sales.cs_ship_cdemo_sk", "catalog_sales.cs_ship_hdemo_sk", "catalog_sales.cs_ship_addr_sk", "catalog_sales.cs_call_center_sk", "catalog_sales.cs_catalog_page_sk", "catalog_sales.cs_ship_mode_sk", "catalog_sales.cs_warehouse_sk", "catalog_sales.cs_item_sk", "catalog_sales.cs_promo_sk", "catalog_sales.cs_order_number", "catalog_sales.cs_quantity", "catalog_sales.cs_wholesale_cost", "catalog_sales.cs_list_price", "catalog_sales.cs_sales_price", "catalog_sales.cs_ext_discount_amt", "catalog_sales.cs_ext_sales_price", "catalog_sales.cs_ext_wholesale_cost", "catalog_sales.cs_ext_list_price", "catalog_sales.cs_ext_tax", "catalog_sales.cs_coupon_amt", "catalog_sales.cs_ext_ship_cost", "catalog_sales.cs_net_paid", "catalog_sales.cs_net_paid_inc_tax", "catalog_sales.cs_net_paid_inc_ship", "catalog_sales.cs_net_paid_inc_ship_tax", "catalog_sales.cs_net_profit"], "Index Cond": "(catalog_sales.cs_order_number = 122516)", "Rows Removed by Index Recheck": 0, "Shared Hit Blocks": 0, "Shared Read Blocks": 5603, "Shared Dirtied Blocks": 0, "Shared Written Blocks": 0, "Local Hit Blocks": 0, "Local Read Blocks": 0, "Local Dirtied Blocks": 0, "Local Written Blocks": 0, "Temp Read Blocks": 0, "Temp Written Blocks": 0, "I/O Read Time": 1734.171, "I/O Write Time": 0.0, "parent": "Nested Loop"}, {"Node Type": "Materialize", "Parent Relationship": "Inner", "Parallel Aware": false, "Startup Cost": 0.0, "Total Cost": 1.3, "Plan Rows": 20, "Plan Width": 4, "Actual Startup Time": 0.004, "Actual Total Time": 0.007, "Actual Rows": 9, "Actual Loops": 9, "Output": ["ship_mode.sm_ship_mode_sk"], "Shared Hit Blocks": 1, "Shared Read Blocks": 0, "Shared Dirtied Blocks": 0, "Shared Written Blocks": 0, "Local Hit Blocks": 0, "Local Read Blocks": 0, "Local Dirtied Blocks": 0, "Local Written Blocks": 0, "Temp Read Blocks": 0, "Temp Written Blocks": 0, "I/O Read Time": 0.0, "I/O Write Time": 0.0, "Plans": [{"Node Type": "Seq Scan", "Parent Relationship": "Outer", "Parallel Aware": false, "Relation Name": "ship_mode", "Schema": "public", "Alias": "ship_mode", "Startup Cost": 0.0, "Total Cost": 1.2, "Plan Rows": 20, "Plan Width": 4, "Actual Startup Time": 0.012, "Actual Total Time": 0.022, "Actual Rows": 16, "Actual Loops": 1, "Output": ["ship_mode.sm_ship_mode_sk"], "Shared Hit Blocks": 1, "Shared Read Blocks": 0, "Shared Dirtied Blocks": 0, "Shared Written Blocks": 0, "Local Hit Blocks": 0, "Local Read Blocks": 0, "Local Dirtied Blocks": 0, "Local Written Blocks": 0, "Temp Read Blocks": 0, "Temp Written Blocks": 0, "I/O Read Time": 0.0, "I/O Write Time": 0.0, "parent": "Materialize"}], "parent": "Nested Loop"}], "parent": "None"}, "Planning": {"Shared Hit Blocks": 95, "Shared Read Blocks": 13, "Shared Dirtied Blocks": 0, "Shared Written Blocks": 0, "Local Hit Blocks": 0, "Local Read Blocks": 0, "Local Dirtied Blocks": 0, "Local Written Blocks": 0, "Temp Read Blocks": 0, "Temp Written Blocks": 0, "I/O Read Time": 4.309, "I/O Write Time": 0.0}, "Planning Time": 5.438, "Triggers": [], "Execution Time": 1774.673}, "config": {}}
{"query": "EXPLAIN (ANALYZE, COSTS, BUFFERS, VERBOSE, FORMAT JSON) select catalog_sales.cs_catalog_page_sk from catalog_sales where catalog_sales.cs_item_sk = 5188;", "planinfo": {"Plan": {"Node Type": "Index Scan", "Parallel Aware": false, "Scan Direction": "Forward", "Index Name": "catalog_sales_pkey", "Relation Name": "catalog_sales", "Schema": "public", "Alias": "catalog_sales", "Startup Cost": 0.43, "Total Cost": 349.93, "Plan Rows": 86, "Plan Width": 4, "Actual Startup Time": 1.76, "Actual Total Time": 37.637, "Actual Rows": 72, "Actual Loops": 1, "Output": ["cs_catalog_page_sk"], "Index Cond": "(catalog_sales.cs_item_sk = 5188)", "Rows Removed by Index Recheck": 0, "Shared Hit Blocks": 0, "Shared Read Blocks": 75, "Shared Dirtied Blocks": 0, "Shared Written Blocks": 0, "Local Hit Blocks": 0, "Local Read Blocks": 0, "Local Dirtied Blocks": 0, "Local Written Blocks": 0, "Temp Read Blocks": 0, "Temp Written Blocks": 0, "I/O Read Time": 37.448, "I/O Write Time": 0.0, "parent": "None"}, "Planning": {"Shared Hit Blocks": 35, "Shared Read Blocks": 2, "Shared Dirtied Blocks": 0, "Shared Written Blocks": 0, "Local Hit Blocks": 0, "Local Read Blocks": 0, "Local Dirtied Blocks": 0, "Local Written Blocks": 0, "Temp Read Blocks": 0, "Temp Written Blocks": 0, "I/O Read Time": 0.907, "I/O Write Time": 0.0}, "Planning Time": 1.188, "Triggers": [], "Execution Time": 37.664}, "config": {}}
{"query": "EXPLAIN (ANALYZE, COSTS, BUFFERS, VERBOSE, FORMAT JSON) select web_sales.ws_sold_time_sk from web_sales where web_sales.ws_item_sk = 2744;", "planinfo": {"Plan": {"Node Type": "Index Scan", "Parallel Aware": false, "Scan Direction": "Forward", "Index Name": "web_sales_pkey", "Relation Name": "web_sales", "Schema": "public", "Alias": "web_sales", "Startup Cost": 0.42, "Total Cost": 177.17, "Plan Rows": 43, "Plan Width": 4, "Actual Startup Time": 1.785, "Actual Total Time": 20.296, "Actual Rows": 42, "Actual Loops": 1, "Output": ["ws_sold_time_sk"], "Index Cond": "(web_sales.ws_item_sk = 2744)", "Rows Removed by Index Recheck": 0, "Shared Hit Blocks": 0, "Shared Read Blocks": 45, "Shared Dirtied Blocks": 0, "Shared Written Blocks": 0, "Local Hit Blocks": 0, "Local Read Blocks": 0, "Local Dirtied Blocks": 0, "Local Written Blocks": 0, "Temp Read Blocks": 0, "Temp Written Blocks": 0, "I/O Read Time": 20.208, "I/O Write Time": 0.0, "parent": "None"}, "Planning": {"Shared Hit Blocks": 33, "Shared Read Blocks": 4, "Shared Dirtied Blocks": 0, "Shared Written Blocks": 0, "Local Hit Blocks": 0, "Local Read Blocks": 0, "Local Dirtied Blocks": 0, "Local Written Blocks": 0, "Temp Read Blocks": 0, "Temp Written Blocks": 0, "I/O Read Time": 2.104, "I/O Write Time": 0.0}, "Planning Time": 2.412, "Triggers": [], "Execution Time": 20.322}, "config": {}}
{"query": "EXPLAIN (ANALYZE, COSTS, BUFFERS, VERBOSE, FORMAT JSON) select web_sales.ws_ext_sales_price, item.i_current_price from web_sales join item on item.i_item_sk=web_sales.ws_item_sk where item.i_brand_id = 6012006 and web_sales.ws_wholesale_cost > 42.81;", "planinfo": {"Plan": {"Node Type": "Nested Loop", "Parallel Aware": false, "Join Type": "Inner", "Startup Cost": 0.42, "Total Cost": 3072.97, "Plan Rows": 209, "Plan Width": 12, "Actual Startup Time": 1.972, "Actual Total Time": 404.177, "Actual Rows": 464, "Actual Loops": 1, "Output": ["web_sales.ws_ext_sales_price", "item.i_current_price"], "Inner Unique": false, "Shared Hit Blocks": 32, "Shared Read Blocks": 2058, "Shared Dirtied Blocks": 0, "Shared Written Blocks": 0, "Local Hit Blocks": 0, "Local Read Blocks": 0, "Local Dirtied Blocks": 0, "Local Written Blocks": 0, "Temp Read Blocks": 0, "Temp Written Blocks": 0, "I/O Read Time": 397.856, "I/O Write Time": 0.0, "Plans": [{"Node Type": "Seq Scan", "Parent Relationship": "Outer", "Parallel Aware": false, "Relation Name": "item", "Schema": "public", "Alias": "item", "Startup Cost": 0.0, "Total Cost": 1455.0, "Plan Rows": 9, "Plan Width": 10, "Actual Startup Time": 0.466, "Actual Total Time": 29.719, "Actual Rows": 14, "Actual Loops": 1, "Output": ["item.i_item_sk", "item.i_item_id", "item.i_rec_start_date", "item.i_rec_end_date", "item.i_item_desc", "item.i_current_price", "item.i_wholesale_cost", "item.i_brand_id", "item.i_brand", "item.i_class_id", "item.i_class", "item.i_category_id", "item.i_category", "item.i_manufact_id", "item.i_manufact", "item.i_size", "item.i_formulation", "item.i_color", "item.i_units", "item.i_container", "item.i_manager_id", "item.i_product_name"], "Filter": "(item.i_brand_id = 6012006)", "Rows Removed by Filter": 17986, "Shared Hit Blocks": 0, "Shared Read Blocks": 1230, "Shared Dirtied Blocks": 0, "Shared Written Blocks": 0, "Local Hit Blocks": 0, "Local Read Blocks": 0, "Local Dirtied Blocks": 0, "Local Written Blocks": 0, "Temp Read Blocks": 0, "Temp Written Blocks": 0, "I/O Read Time": 25.588, "I/O Write Time": 0.0, "parent": "Nested Loop"}, {"Node Type": "Index Scan", "Parent Relationship": "Inner", "Parallel Aware": false, "Scan Direction": "Forward", "Index Name": "web_sales_pkey", "Relation Name": "web_sales", "Schema": "public", "Alias": "web_sales", "Startup Cost": 0.42, "Total Cost": 179.52, "Plan Rows": 25, "Plan Width": 10, "Actual Startup Time": 1.989, "Actual Total Time": 26.733, "Actual Rows": 33, "Actual Loops": 14, "Output": ["web_sales.ws_sold_date_sk", "web_sales.ws_sold_time_sk", "web_sales.ws_ship_date_sk", "web_sales.ws_item_sk", "web_sales.ws_bill_customer_sk", "web_sales.ws_bill_cdemo_sk", "web_sales.ws_bill_hdemo_sk", "web_sales.ws_bill_addr_sk", "web_sales.ws_ship_customer_sk", "web_sales.ws_ship_cdemo_sk", "web_sales.ws_ship_hdemo_sk", "web_sales.ws_ship_addr_sk", "web_sales.ws_web_page_sk", "web_sales.ws_web_site_sk", "web_sales.ws_ship_mode_sk", "web_sales.ws_warehouse_sk", "web_sales.ws_promo_sk", "web_sales.ws_order_number", "web_sales.ws_quantity", "web_sales.ws_wholesale_cost", "web_sales.ws_list_price", "web_sales.ws_sales_price", "web_sales.ws_ext_discount_amt", "web_sales.ws_ext_sales_price", "web_sales.ws_ext_wholesale_cost", "web_sales.ws_ext_list_price", "web_sales.ws_ext_tax", "web_sales.ws_coupon_amt", "web_sales.ws_ext_ship_cost", "web_sales.ws_net_paid", "web_sales.ws_net_paid_inc_tax", "web_sales.ws_net_paid_inc_ship", "web_sales.ws_net_paid_inc_ship_tax", "web_sales.ws_net_profit"], "Index Cond": "(web_sales.ws_item_sk = item.i_item_sk)", "Rows Removed by Index Recheck": 0, "Filter": "(web_sales.ws_wholesale_cost > 42.81)", "Rows Removed by Filter": 25, "Shared Hit Blocks": 32, "Shared Read Blocks": 828, "Shared Dirtied Blocks": 0, "Shared Written Blocks": 0, "Local Hit Blocks": 0, "Local Read Blocks": 0, "Local Dirtied Blocks": 0, "Local Written Blocks": 0, "Temp Read Blocks": 0, "Temp Written Blocks": 0, "I/O Read Time": 372.268, "I/O Write Time": 0.0, "parent": "Nested Loop"}], "parent": "None"}, "Planning": {"Shared Hit Blocks": 115, "Shared Read Blocks": 30, "Shared Dirtied Blocks": 0, "Shared Written Blocks": 0, "Local Hit Blocks": 0, "Local Read Blocks": 0, "Local Dirtied Blocks": 0, "Local Written Blocks": 0, "Temp Read Blocks": 0, "Temp Written Blocks": 0, "I/O Read Time": 10.129, "I/O Write Time": 0.0}, "Planning Time": 11.491, "Triggers": [], "Execution Time": 404.293}, "config": {}}
{"query": "EXPLAIN (ANALYZE, COSTS, BUFFERS, VERBOSE, FORMAT JSON) select web_sales.ws_ext_sales_price, item.i_wholesale_cost from item join web_sales on web_sales.ws_item_sk=item.i_item_sk where item.i_brand_id = 6012006 order by web_sales.ws_ext_sales_price ASC;", "planinfo": {"Plan": {"Node Type": "Sort", "Parallel Aware": false, "Startup Cost": 3088.97, "Total Cost": 3089.87, "Plan Rows": 360, "Plan Width": 12, "Actual Startup Time": 451.463, "Actual Total Time": 451.562, "Actual Rows": 818, "Actual Loops": 1, "Output": ["web_sales.ws_ext_sales_price", "item.i_wholesale_cost"], "Sort Key": ["web_sales.ws_ext_sales_price"], "Sort Method": "quicksort", "Sort Space Used": 69, "Sort Space Type": "Memory", "Shared Hit Blocks": 35, "Shared Read Blocks": 2058, "Shared Dirtied Blocks": 0, "Shared Written Blocks": 0, "Local Hit Blocks": 0, "Local Read Blocks": 0, "Local Dirtied Blocks": 0, "Local Written Blocks": 0, "Temp Read Blocks": 0, "Temp Written Blocks": 0, "I/O Read Time": 444.545, "I/O Write Time": 0.0, "Plans": [{"Node Type": "Nested Loop", "Parent Relationship": "Outer", "Parallel Aware": false, "Join Type": "Inner", "Startup Cost": 0.42, "Total Cost": 3073.69, "Plan Rows": 360, "Plan Width": 12, "Actual Startup Time": 1.381, "Actual Total Time": 450.82, "Actual Rows": 818, "Actual Loops": 1, "Output": ["web_sales.ws_ext_sales_price", "item.i_wholesale_cost"], "Inner Unique": false, "Shared Hit Blocks": 32, "Shared Read Blocks": 2058, "Shared Dirtied Blocks": 0, "Shared Written Blocks": 0, "Local Hit Blocks": 0, "Local Read Blocks": 0, "Local Dirtied Blocks": 0, "Local Written Blocks": 0, "Temp Read Blocks": 0, "Temp Written Blocks": 0, "I/O Read Time": 444.545, "I/O Write Time": 0.0, "Plans": [{"Node Type": "Seq Scan", "Parent Relationship": "Outer", "Parallel Aware": false, "Relation Name": "item", "Schema": "public", "Alias": "item", "Startup Cost": 0.0, "Total Cost": 1455.0, "Plan Rows": 9, "Plan Width": 10, "Actual Startup Time": 0.462, "Actual Total Time": 29.687, "Actual Rows": 14, "Actual Loops": 1, "Output": ["item.i_item_sk", "item.i_item_id", "item.i_rec_start_date", "item.i_rec_end_date", "item.i_item_desc", "item.i_current_price", "item.i_wholesale_cost", "item.i_brand_id", "item.i_brand", "item.i_class_id", "item.i_class", "item.i_category_id", "item.i_category", "item.i_manufact_id", "item.i_manufact", "item.i_size", "item.i_formulation", "item.i_color", "item.i_units", "item.i_container", "item.i_manager_id", "item.i_product_name"], "Filter": "(item.i_brand_id = 6012006)", "Rows Removed by Filter": 17986, "Shared Hit Blocks": 0, "Shared Read Blocks": 1230, "Shared Dirtied Blocks": 0, "Shared Written Blocks": 0, "Local Hit Blocks": 0, "Local Read Blocks": 0, "Local Dirtied Blocks": 0, "Local Written Blocks": 0, "Temp Read Blocks": 0, "Temp Written Blocks": 0, "I/O Read Time": 25.576, "I/O Write Time": 0.0, "parent": "Nested Loop"}, {"Node Type": "Index Scan", "Parent Relationship": "Inner", "Parallel Aware": false, "Scan Direction": "Forward", "Index Name": "web_sales_pkey", "Relation Name": "web_sales", "Schema": "public", "Alias": "web_sales", "Startup Cost": 0.42, "Total Cost": 179.41, "Plan Rows": 44, "Plan Width": 10, "Actual Startup Time": 1.067, "Actual Total Time": 30.049, "Actual Rows": 58, "Actual Loops": 14, "Output": ["web_sales.ws_sold_date_sk", "web_sales.ws_sold_time_sk", "web_sales.ws_ship_date_sk", "web_sales.ws_item_sk", "web_sales.ws_bill_customer_sk", "web_sales.ws_bill_cdemo_sk", "web_sales.ws_bill_hdemo_sk", "web_sales.ws_bill_addr_sk", "web_sales.ws_ship_customer_sk", "web_sales.ws_ship_cdemo_sk", "web_sales.ws_ship_hdemo_sk", "web_sales.ws_ship_addr_sk", "web_sales.ws_web_page_sk", "web_sales.ws_web_site_sk", "web_sales.ws_ship_mode_sk", "web_sales.ws_warehouse_sk", "web_sales.ws_promo_sk", "web_sales.ws_order_number", "web_sales.ws_quantity", "web_sales.ws_wholesale_cost", "web_sales.ws_list_price", "web_sales.ws_sales_price", "web_sales.ws_ext_discount_amt", "web_sales.ws_ext_sales_price", "web_sales.ws_ext_wholesale_cost", "web_sales.ws_ext_list_price", "web_sales.ws_ext_tax", "web_sales.ws_coupon_amt", "web_sales.ws_ext_ship_cost", "web_sales.ws_net_paid", "web_sales.ws_net_paid_inc_tax", "web_sales.ws_net_paid_inc_ship", "web_sales.ws_net_paid_inc_ship_tax", "web_sales.ws_net_profit"], "Index Cond": "(web_sales.ws_item_sk = item.i_item_sk)", "Rows Removed by Index Recheck": 0, "Shared Hit Blocks": 32, "Shared Read Blocks": 828, "Shared Dirtied Blocks": 0, "Shared Written Blocks": 0, "Local Hit Blocks": 0, "Local Read Blocks": 0, "Local Dirtied Blocks": 0, "Local Written Blocks": 0, "Temp Read Blocks": 0, "Temp Written Blocks": 0, "I/O Read Time": 418.969, "I/O Write Time": 0.0, "parent": "Nested Loop"}], "parent": "Sort"}], "parent": "None"}, "Planning": {"Shared Hit Blocks": 113, "Shared Read Blocks": 28, "Shared Dirtied Blocks": 0, "Shared Written Blocks": 0, "Local Hit Blocks": 0, "Local Read Blocks": 0, "Local Dirtied Blocks": 0, "Local Written Blocks": 0, "Temp Read Blocks": 0, "Temp Written Blocks": 0, "I/O Read Time": 12.812, "I/O Write Time": 0.0}, "Planning Time": 14.188, "Triggers": [], "Execution Time": 451.675}, "config": {}}
{"query": "EXPLAIN (ANALYZE, COSTS, BUFFERS, VERBOSE, FORMAT JSON) select web_sales.ws_net_paid_inc_ship_tax from web_sales where web_sales.ws_order_number = 45101;", "planinfo": {"Plan": {"Node Type": "Index Scan", "Parallel Aware": false, "Scan Direction": "Forward", "Index Name": "web_sales_pkey", "Relation Name": "web_sales", "Schema": "public", "Alias": "web_sales", "Startup Cost": 0.42, "Total Cost": 15503.92, "Plan Rows": 12, "Plan Width": 7, "Actual Startup Time": 51.294, "Actual Total Time": 816.334, "Actual Rows": 16, "Actual Loops": 1, "Output": ["ws_net_paid_inc_ship_tax"], "Index Cond": "(web_sales.ws_order_number = 45101)", "Rows Removed by Index Recheck": 0, "Shared Hit Blocks": 0, "Shared Read Blocks": 2505, "Shared Dirtied Blocks": 0, "Shared Written Blocks": 0, "Local Hit Blocks": 0, "Local Read Blocks": 0, "Local Dirtied Blocks": 0, "Local Written Blocks": 0, "Temp Read Blocks": 0, "Temp Written Blocks": 0, "I/O Read Time": 796.551, "I/O Write Time": 0.0, "parent": "None"}, "Planning": {"Shared Hit Blocks": 35, "Shared Read Blocks": 5, "Shared Dirtied Blocks": 0, "Shared Written Blocks": 0, "Local Hit Blocks": 0, "Local Read Blocks": 0, "Local Dirtied Blocks": 0, "Local Written Blocks": 0, "Temp Read Blocks": 0, "Temp Written Blocks": 0, "I/O Read Time": 2.223, "I/O Write Time": 0.0}, "Planning Time": 2.544, "Triggers": [], "Execution Time": 816.394}, "config": {}}
{"query": "EXPLAIN (ANALYZE, COSTS, BUFFERS, VERBOSE, FORMAT JSON) select web_sales.ws_bill_customer_sk, household_demographics.hd_vehicle_count,  avg(household_demographics.hd_demo_sk) from household_demographics join web_sales on web_sales.ws_bill_hdemo_sk=household_demographics.hd_demo_sk where web_sales.ws_item_sk = 12254 group by web_sales.ws_bill_customer_sk, household_demographics.hd_vehicle_count;", "planinfo": {"Plan": {"Node Type": "Aggregate", "Strategy": "Sorted", "Partial Mode": "Simple", "Parallel Aware": false, "Startup Cost": 393.45, "Total Cost": 394.42, "Plan Rows": 43, "Plan Width": 40, "Actual Startup Time": 28.407, "Actual Total Time": 28.47, "Actual Rows": 47, "Actual Loops": 1, "Output": ["web_sales.ws_bill_customer_sk", "household_demographics.hd_vehicle_count", "avg(household_demographics.hd_demo_sk)"], "Group Key": ["web_sales.ws_bill_customer_sk", "household_demographics.hd_vehicle_count"], "Shared Hit Blocks": 3, "Shared Read Blocks": 103, "Shared Dirtied Blocks": 0, "Shared Written Blocks": 0, "Local Hit Blocks": 0, "Local Read Blocks": 0, "Local Dirtied Blocks": 0, "Local Written Blocks": 0, "Temp Read Blocks": 0, "Temp Written Blocks": 0, "I/O Read Time": 24.738, "I/O Write Time": 0.0, "Plans": [{"Node Type": "Sort", "Parent Relationship": "Outer", "Parallel Aware": false, "Startup Cost": 393.45, "Total Cost": 393.56, "Plan Rows": 43, "Plan Width": 12, "Actual Startup Time": 27.932, "Actual Total Time": 27.938, "Actual Rows": 47, "Actual Loops": 1, "Output": ["web_sales.ws_bill_customer_sk", "household_demographics.hd_vehicle_count", "household_demographics.hd_demo_sk"], "Sort Key": ["web_sales.ws_bill_customer_sk", "household_demographics.hd_vehicle_count"], "Sort Method": "quicksort", "Sort Space Used": 27, "Sort Space Type": "Memory", "Shared Hit Blocks": 3, "Shared Read Blocks": 103, "Shared Dirtied Blocks": 0, "Shared Written Blocks": 0, "Local Hit Blocks": 0, "Local Read Blocks": 0, "Local Dirtied Blocks": 0, "Local Written Blocks": 0, "Temp Read Blocks": 0, "Temp Written Blocks": 0, "I/O Read Time": 24.738, "I/O Write Time": 0.0, "Plans": [{"Node Type": "Hash Join", "Parent Relationship": "Outer", "Parallel Aware": false, "Join Type": "Inner", "Startup Cost": 215.43, "Total Cost": 392.29, "Plan Rows": 43, "Plan Width": 12, "Actual Startup Time": 6.098, "Actual Total Time": 27.879, "Actual Rows": 47, "Actual Loops": 1, "Output": ["web_sales.ws_bill_customer_sk", "household_demographics.hd_vehicle_count", "household_demographics.hd_demo_sk"], "Inner Unique": true, "Hash Cond": "(web_sales.ws_bill_hdemo_sk = household_demographics.hd_demo_sk)", "Shared Hit Blocks": 0, "Shared Read Blocks": 103, "Shared Dirtied Blocks": 0, "Shared Written Blocks": 0, "Local Hit Blocks": 0, "Local Read Blocks": 0, "Local Dirtied Blocks": 0, "Local Written Blocks": 0, "Temp Read Blocks": 0, "Temp Written Blocks": 0, "I/O Read Time": 24.738, "I/O Write Time": 0.0, "Plans": [{"Node Type": "Index Scan", "Parent Relationship": "Outer", "Parallel Aware": false, "Scan Direction": "Forward", "Index Name": "web_sales_pkey", "Relation Name": "web_sales", "Schema": "public", "Alias": "web_sales", "Startup Cost": 0.42, "Total Cost": 177.17, "Plan Rows": 43, "Plan Width": 8, "Actual Startup Time": 1.763, "Actual Total Time": 23.508, "Actual Rows": 47, "Actual Loops": 1, "Output": ["web_sales.ws_sold_date_sk", "web_sales.ws_sold_time_sk", "web_sales.ws_ship_date_sk", "web_sales.ws_item_sk", "web_sales.ws_bill_customer_sk", "web_sales.ws_bill_cdemo_sk", "web_sales.ws_bill_hdemo_sk", "web_sales.ws_bill_addr_sk", "web_sales.ws_ship_customer_sk", "web_sales.ws_ship_cdemo_sk", "web_sales.ws_ship_hdemo_sk", "web_sales.ws_ship_addr_sk", "web_sales.ws_web_page_sk", "web_sales.ws_web_site_sk", "web_sales.ws_ship_mode_sk", "web_sales.ws_warehouse_sk", "web_sales.ws_promo_sk", "web_sales.ws_order_number", "web_sales.ws_quantity", "web_sales.ws_wholesale_cost", "web_sales.ws_list_price", "web_sales.ws_sales_price", "web_sales.ws_ext_discount_amt", "web_sales.ws_ext_sales_price", "web_sales.ws_ext_wholesale_cost", "web_sales.ws_ext_list_price", "web_sales.ws_ext_tax", "web_sales.ws_coupon_amt", "web_sales.ws_ext_ship_cost", "web_sales.ws_net_paid", "web_sales.ws_net_paid_inc_tax", "web_sales.ws_net_paid_inc_ship", "web_sales.ws_net_paid_inc_ship_tax", "web_sales.ws_net_profit"], "Index Cond": "(web_sales.ws_item_sk = 12254)", "Rows Removed by Index Recheck": 0, "Shared Hit Blocks": 0, "Shared Read Blocks": 50, "Shared Dirtied Blocks": 0, "Shared Written Blocks": 0, "Local Hit Blocks": 0, "Local Read Blocks": 0, "Local Dirtied Blocks": 0, "Local Written Blocks": 0, "Temp Read Blocks": 0, "Temp Written Blocks": 0, "I/O Read Time": 23.417, "I/O Write Time": 0.0, "parent": "Hash Join"}, {"Node Type": "Hash", "Parent Relationship": "Inner", "Parallel Aware": false, "Startup Cost": 125.0, "Total Cost": 125.0, "Plan Rows": 7200, "Plan Width": 8, "Actual Startup Time": 4.288, "Actual Total Time": 4.289, "Actual Rows": 7200, "Actual Loops": 1, "Output": ["household_demographics.hd_vehicle_count", "household_demographics.hd_demo_sk"], "Hash Buckets": 8192, "Original Hash Buckets": 8192, "Hash Batches": 1, "Original Hash Batches": 1, "Peak Memory Usage": 346, "Shared Hit Blocks": 0, "Shared Read Blocks": 53, "Shared Dirtied Blocks": 0, "Shared Written Blocks": 0, "Local Hit Blocks": 0, "Local Read Blocks": 0, "Local Dirtied Blocks": 0, "Local Written Blocks": 0, "Temp Read Blocks": 0, "Temp Written Blocks": 0, "I/O Read Time": 1.321, "I/O Write Time": 0.0, "Plans": [{"Node Type": "Seq Scan", "Parent Relationship": "Outer", "Parallel Aware": false, "Relation Name": "household_demographics", "Schema": "public", "Alias": "household_demographics", "Startup Cost": 0.0, "Total Cost": 125.0, "Plan Rows": 7200, "Plan Width": 8, "Actual Startup Time": 0.455, "Actual Total Time": 2.586, "Actual Rows": 7200, "Actual Loops": 1, "Output": ["household_demographics.hd_vehicle_count", "household_demographics.hd_demo_sk"], "Shared Hit Blocks": 0, "Shared Read Blocks": 53, "Shared Dirtied Blocks": 0, "Shared Written Blocks": 0, "Local Hit Blocks": 0, "Local Read Blocks": 0, "Local Dirtied Blocks": 0, "Local Written Blocks": 0, "Temp Read Blocks": 0, "Temp Written Blocks": 0, "I/O Read Time": 1.321, "I/O Write Time": 0.0, "parent": "Hash"}], "parent": "Hash Join"}], "parent": "Sort"}], "parent": "Aggregate"}], "parent": "None"}, "Planning": {"Shared Hit Blocks": 97, "Shared Read Blocks": 18, "Shared Dirtied Blocks": 0, "Shared Written Blocks": 0, "Local Hit Blocks": 0, "Local Read Blocks": 0, "Local Dirtied Blocks": 0, "Local Written Blocks": 0, "Temp Read Blocks": 0, "Temp Written Blocks": 0, "I/O Read Time": 5.892, "I/O Write Time": 0.0}, "Planning Time": 8.096, "Triggers": [], "Execution Time": 28.6}, "config": {}}
{"query": "EXPLAIN (ANALYZE, COSTS, BUFFERS, VERBOSE, FORMAT JSON) select date_dim.d_moy, promotion.p_item_sk from promotion join date_dim on date_dim.d_date_sk=promotion.p_end_date_sk;", "planinfo": {"Plan": {"Node Type": "Merge Join", "Parallel Aware": false, "Join Type": "Inner", "Startup Cost": 1721.23, "Total Cost": 1764.23, "Plan Rows": 300, "Plan Width": 8, "Actual Startup Time": 26.151, "Actual Total Time": 26.853, "Actual Rows": 294, "Actual Loops": 1, "Output": ["date_dim.d_moy", "promotion.p_item_sk"], "Inner Unique": false, "Merge Cond": "(date_dim.d_date_sk = promotion.p_end_date_sk)", "Shared Hit Blocks": 0, "Shared Read Blocks": 800, "Shared Dirtied Blocks": 0, "Shared Written Blocks": 0, "Local Hit Blocks": 0, "Local Read Blocks": 0, "Local Dirtied Blocks": 0, "Local Written Blocks": 0, "Temp Read Blocks": 0, "Temp Written Blocks": 0, "I/O Read Time": 11.61, "I/O Write Time": 0.0, "Plans": [{"Node Type": "Index Scan", "Parent Relationship": "Outer", "Parallel Aware": false, "Scan Direction": "Forward", "Index Name": "d_date_sk_idx", "Relation Name": "date_dim", "Schema": "public", "Alias": "date_dim", "Startup Cost": 0.29, "Total Cost": 3312.03, "Plan Rows": 73049, "Plan Width": 8, "Actual Startup Time": 0.933, "Actual Total Time": 20.21, "Actual Rows": 35935, "Actual Loops": 1, "Output": ["date_dim.d_date_sk", "date_dim.d_date_id", "date_dim.d_date", "date_dim.d_month_seq", "date_dim.d_week_seq", "date_dim.d_quarter_seq", "date_dim.d_year", "date_dim.d_dow", "date_dim.d_moy", "date_dim.d_dom", "date_dim.d_qoy", "date_dim.d_fy_year", "date_dim.d_fy_quarter_seq", "date_dim.d_fy_week_seq", "date_dim.d_day_name", "date_dim.d_quarter_name", "date_dim.d_holiday", "date_dim.d_weekend", "date_dim.d_following_holiday", "date_dim.d_first_dom", "date_dim.d_last_dom", "date_dim.d_same_day_ly", "date_dim.d_same_day_lq", "date_dim.d_current_day", "date_dim.d_current_week", "date_dim.d_current_month", "date_dim.d_current_quarter", "date_dim.d_current_year"], "Shared Hit Blocks": 0, "Shared Read Blocks": 792, "Shared Dirtied Blocks": 0, "Shared Written Blocks": 0, "Local Hit Blocks": 0, "Local Read Blocks": 0, "Local Dirtied Blocks": 0, "Local Written Blocks": 0, "Temp Read Blocks": 0, "Temp Written Blocks": 0, "I/O Read Time": 10.428, "I/O Write Time": 0.0, "parent": "Merge Join"}, {"Node Type": "Sort", "Parent Relationship": "Inner", "Parallel Aware": false, "Startup Cost": 23.34, "Total Cost": 24.09, "Plan Rows": 300, "Plan Width": 8, "Actual Startup Time": 1.359, "Actual Total Time": 1.395, "Actual Rows": 295, "Actual Loops": 1, "Output": ["promotion.p_item_sk", "promotion.p_end_date_sk"], "Sort Key": ["promotion.p_end_date_sk"], "Sort Method": "quicksort", "Sort Space Used": 41, "Sort Space Type": "Memory", "Shared Hit Blocks": 0, "Shared Read Blocks": 8, "Shared Dirtied Blocks": 0, "Shared Written Blocks": 0, "Local Hit Blocks": 0, "Local Read Blocks": 0, "Local Dirtied Blocks": 0, "Local Written Blocks": 0, "Temp Read Blocks": 0, "Temp Written Blocks": 0, "I/O Read Time": 1.182, "I/O Write Time": 0.0, "Plans": [{"Node Type": "Seq Scan", "Parent Relationship": "Outer", "Parallel Aware": false, "Relation Name": "promotion", "Schema": "public", "Alias": "promotion", "Startup Cost": 0.0, "Total Cost": 11.0, "Plan Rows": 300, "Plan Width": 8, "Actual Startup Time": 0.455, "Actual Total Time": 1.252, "Actual Rows": 300, "Actual Loops": 1, "Output": ["promotion.p_item_sk", "promotion.p_end_date_sk"], "Shared Hit Blocks": 0, "Shared Read Blocks": 8, "Shared Dirtied Blocks": 0, "Shared Written Blocks": 0, "Local Hit Blocks": 0, "Local Read Blocks": 0, "Local Dirtied Blocks": 0, "Local Written Blocks": 0, "Temp Read Blocks": 0, "Temp Written Blocks": 0, "I/O Read Time": 1.182, "I/O Write Time": 0.0, "parent": "Sort"}], "parent": "Merge Join"}], "parent": "None"}, "Planning": {"Shared Hit Blocks": 142, "Shared Read Blocks": 18, "Shared Dirtied Blocks": 0, "Shared Written Blocks": 0, "Local Hit Blocks": 0, "Local Read Blocks": 0, "Local Dirtied Blocks": 0, "Local Written Blocks": 0, "Temp Read Blocks": 0, "Temp Written Blocks": 0, "I/O Read Time": 6.499, "I/O Write Time": 0.0}, "Planning Time": 7.742, "Triggers": [], "Execution Time": 26.976}, "config": {}}
{"query": "EXPLAIN (ANALYZE, COSTS, BUFFERS, VERBOSE, FORMAT JSON) select store.s_company_id, date_dim.d_last_dom from store join date_dim on date_dim.d_date_sk=store.s_closed_date_sk;", "planinfo": {"Plan": {"Node Type": "Nested Loop", "Parallel Aware": false, "Join Type": "Inner", "Startup Cost": 0.29, "Total Cost": 100.84, "Plan Rows": 12, "Plan Width": 8, "Actual Startup Time": 1.793, "Actual Total Time": 2.7, "Actual Rows": 3, "Actual Loops": 1, "Output": ["store.s_company_id", "date_dim.d_last_dom"], "Inner Unique": true, "Shared Hit Blocks": 4, "Shared Read Blocks": 6, "Shared Dirtied Blocks": 0, "Shared Written Blocks": 0, "Local Hit Blocks": 0, "Local Read Blocks": 0, "Local Dirtied Blocks": 0, "Local Written Blocks": 0, "Temp Read Blocks": 0, "Temp Written Blocks": 0, "I/O Read Time": 2.65, "I/O Write Time": 0.0, "Plans": [{"Node Type": "Seq Scan", "Parent Relationship": "Outer", "Parallel Aware": false, "Relation Name": "store", "Schema": "public", "Alias": "store", "Startup Cost": 0.0, "Total Cost": 1.12, "Plan Rows": 12, "Plan Width": 8, "Actual Startup Time": 0.451, "Actual Total Time": 0.453, "Actual Rows": 12, "Actual Loops": 1, "Output": ["store.s_store_sk", "store.s_store_id", "store.s_rec_start_date", "store.s_rec_end_date", "store.s_closed_date_sk", "store.s_store_name", "store.s_number_employees", "store.s_floor_space", "store.s_hours", "store.s_manager", "store.s_market_id", "store.s_geography_class", "store.s_market_desc", "store.s_market_manager", "store.s_division_id", "store.s_division_name", "store.s_company_id", "store.s_company_name", "store.s_street_number", "store.s_street_name", "store.s_street_type", "store.s_suite_number", "store.s_city", "store.s_county", "store.s_state", "store.s_zip", "store.s_country", "store.s_gmt_offset", "store.s_tax_precentage"], "Shared Hit Blocks": 0, "Shared Read Blocks": 1, "Shared Dirtied Blocks": 0, "Shared Written Blocks": 0, "Local Hit Blocks": 0, "Local Read Blocks": 0, "Local Dirtied Blocks": 0, "Local Written Blocks": 0, "Temp Read Blocks": 0, "Temp Written Blocks": 0, "I/O Read Time": 0.445, "I/O Write Time": 0.0, "parent": "Nested Loop"}, {"Node Type": "Index Scan", "Parent Relationship": "Inner", "Parallel Aware": false, "Scan Direction": "Forward", "Index Name": "d_date_sk_idx", "Relation Name": "date_dim", "Schema": "public", "Alias": "date_dim", "Startup Cost": 0.29, "Total Cost": 8.31, "Plan Rows": 1, "Plan Width": 8, "Actual Startup Time": 0.186, "Actual Total Time": 0.186, "Actual Rows": 0, "Actual Loops": 12, "Output": ["date_dim.d_date_sk", "date_dim.d_date_id", "date_dim.d_date", "date_dim.d_month_seq", "date_dim.d_week_seq", "date_dim.d_quarter_seq", "date_dim.d_year", "date_dim.d_dow", "date_dim.d_moy", "date_dim.d_dom", "date_dim.d_qoy", "date_dim.d_fy_year", "date_dim.d_fy_quarter_seq", "date_dim.d_fy_week_seq", "date_dim.d_day_name", "date_dim.d_quarter_name", "date_dim.d_holiday", "date_dim.d_weekend", "date_dim.d_following_holiday", "date_dim.d_first_dom", "date_dim.d_last_dom", "date_dim.d_same_day_ly", "date_dim.d_same_day_lq", "date_dim.d_current_day", "date_dim.d_current_week", "date_dim.d_current_month", "date_dim.d_current_quarter", "date_dim.d_current_year"], "Index Cond": "(date_dim.d_date_sk = store.s_closed_date_sk)", "Rows Removed by Index Recheck": 0, "Shared Hit Blocks": 4, "Shared Read Blocks": 5, "Shared Dirtied Blocks": 0, "Shared Written Blocks": 0, "Local Hit Blocks": 0, "Local Read Blocks": 0, "Local Dirtied Blocks": 0, "Local Written Blocks": 0, "Temp Read Blocks": 0, "Temp Written Blocks": 0, "I/O Read Time": 2.205, "I/O Write Time": 0.0, "parent": "Nested Loop"}], "parent": "None"}, "Planning": {"Shared Hit Blocks": 179, "Shared Read Blocks": 20, "Shared Dirtied Blocks": 0, "Shared Written Blocks": 0, "Local Hit Blocks": 0, "Local Read Blocks": 0, "Local Dirtied Blocks": 0, "Local Written Blocks": 0, "Temp Read Blocks": 0, "Temp Written Blocks": 0, "I/O Read Time": 7.233, "I/O Write Time": 0.0}, "Planning Time": 8.593, "Triggers": [], "Execution Time": 2.785}, "config": {}}
{"query": "EXPLAIN (ANALYZE, COSTS, BUFFERS, VERBOSE, FORMAT JSON) select date_dim.d_week_seq, promotion.p_item_sk from promotion join date_dim on date_dim.d_date_sk=promotion.p_end_date_sk order by promotion.p_item_sk DESC, date_dim.d_week_seq DESC;", "planinfo": {"Plan": {"Node Type": "Sort", "Parallel Aware": false, "Startup Cost": 1776.57, "Total Cost": 1777.32, "Plan Rows": 300, "Plan Width": 8, "Actual Startup Time": 27.321, "Actual Total Time": 27.338, "Actual Rows": 294, "Actual Loops": 1, "Output": ["date_dim.d_week_seq", "promotion.p_item_sk"], "Sort Key": ["promotion.p_item_sk DESC", "date_dim.d_week_seq DESC"], "Sort Method": "quicksort", "Sort Space Used": 41, "Sort Space Type": "Memory", "Shared Hit Blocks": 0, "Shared Read Blocks": 800, "Shared Dirtied Blocks": 0, "Shared Written Blocks": 0, "Local Hit Blocks": 0, "Local Read Blocks": 0, "Local Dirtied Blocks": 0, "Local Written Blocks": 0, "Temp Read Blocks": 0, "Temp Written Blocks": 0, "I/O Read Time": 11.865, "I/O Write Time": 0.0, "Plans": [{"Node Type": "Merge Join", "Parent Relationship": "Outer", "Parallel Aware": false, "Join Type": "Inner", "Startup Cost": 1721.23, "Total Cost": 1764.23, "Plan Rows": 300, "Plan Width": 8, "Actual Startup Time": 26.507, "Actual Total Time": 27.203, "Actual Rows": 294, "Actual Loops": 1, "Output": ["date_dim.d_week_seq", "promotion.p_item_sk"], "Inner Unique": false, "Merge Cond": "(date_dim.d_date_sk = promotion.p_end_date_sk)", "Shared Hit Blocks": 0, "Shared Read Blocks": 800, "Shared Dirtied Blocks": 0, "Shared Written Blocks": 0, "Local Hit Blocks": 0, "Local Read Blocks": 0, "Local Dirtied Blocks": 0, "Local Written Blocks": 0, "Temp Read Blocks": 0, "Temp Written Blocks": 0, "I/O Read Time": 11.865, "I/O Write Time": 0.0, "Plans": [{"Node Type": "Index Scan", "Parent Relationship": "Outer", "Parallel Aware": false, "Scan Direction": "Forward", "Index Name": "d_date_sk_idx", "Relation Name": "date_dim", "Schema": "public", "Alias": "date_dim", "Startup Cost": 0.29, "Total Cost": 3312.03, "Plan Rows": 73049, "Plan Width": 8, "Actual Startup Time": 1.016, "Actual Total Time": 20.492, "Actual Rows": 35935, "Actual Loops": 1, "Output": ["date_dim.d_date_sk", "date_dim.d_date_id", "date_dim.d_date", "date_dim.d_month_seq", "date_dim.d_week_seq", "date_dim.d_quarter_seq", "date_dim.d_year", "date_dim.d_dow", "date_dim.d_moy", "date_dim.d_dom", "date_dim.d_qoy", "date_dim.d_fy_year", "date_dim.d_fy_quarter_seq", "date_dim.d_fy_week_seq", "date_dim.d_day_name", "date_dim.d_quarter_name", "date_dim.d_holiday", "date_dim.d_weekend", "date_dim.d_following_holiday", "date_dim.d_first_dom", "date_dim.d_last_dom", "date_dim.d_same_day_ly", "date_dim.d_same_day_lq", "date_dim.d_current_day", "date_dim.d_current_week", "date_dim.d_current_month", "date_dim.d_current_quarter", "date_dim.d_current_year"], "Shared Hit Blocks": 0, "Shared Read Blocks": 792, "Shared Dirtied Blocks": 0, "Shared Written Blocks": 0, "Local Hit Blocks": 0, "Local Read Blocks": 0, "Local Dirtied Blocks": 0, "Local Written Blocks": 0, "Temp Read Blocks": 0, "Temp Written Blocks": 0, "I/O Read Time": 10.858, "I/O Write Time": 0.0, "parent": "Merge Join"}, {"Node Type": "Sort", "Parent Relationship": "Inner", "Parallel Aware": false, "Startup Cost": 23.34, "Total Cost": 24.09, "Plan Rows": 300, "Plan Width": 8, "Actual Startup Time": 1.177, "Actual Total Time": 1.212, "Actual Rows": 295, "Actual Loops": 1, "Output": ["promotion.p_item_sk", "promotion.p_end_date_sk"], "Sort Key": ["promotion.p_end_date_sk"], "Sort Method": "quicksort", "Sort Space Used": 41, "Sort Space Type": "Memory", "Shared Hit Blocks": 0, "Shared Read Blocks": 8, "Shared Dirtied Blocks": 0, "Shared Written Blocks": 0, "Local Hit Blocks": 0, "Local Read Blocks": 0, "Local Dirtied Blocks": 0, "Local Written Blocks": 0, "Temp Read Blocks": 0, "Temp Written Blocks": 0, "I/O Read Time": 1.007, "I/O Write Time": 0.0, "Plans": [{"Node Type": "Seq Scan", "Parent Relationship": "Outer", "Parallel Aware": false, "Relation Name": "promotion", "Schema": "public", "Alias": "promotion", "Startup Cost": 0.0, "Total Cost": 11.0, "Plan Rows": 300, "Plan Width": 8, "Actual Startup Time": 0.458, "Actual Total Time": 1.077, "Actual Rows": 300, "Actual Loops": 1, "Output": ["promotion.p_item_sk", "promotion.p_end_date_sk"], "Shared Hit Blocks": 0, "Shared Read Blocks": 8, "Shared Dirtied Blocks": 0, "Shared Written Blocks": 0, "Local Hit Blocks": 0, "Local Read Blocks": 0, "Local Dirtied Blocks": 0, "Local Written Blocks": 0, "Temp Read Blocks": 0, "Temp Written Blocks": 0, "I/O Read Time": 1.007, "I/O Write Time": 0.0, "parent": "Sort"}], "parent": "Merge Join"}], "parent": "Sort"}], "parent": "None"}, "Planning": {"Shared Hit Blocks": 141, "Shared Read Blocks": 17, "Shared Dirtied Blocks": 0, "Shared Written Blocks": 0, "Local Hit Blocks": 0, "Local Read Blocks": 0, "Local Dirtied Blocks": 0, "Local Written Blocks": 0, "Temp Read Blocks": 0, "Temp Written Blocks": 0, "I/O Read Time": 6.04, "I/O Write Time": 0.0}, "Planning Time": 7.306, "Triggers": [], "Execution Time": 27.482}, "config": {}}
{"query": "EXPLAIN (ANALYZE, COSTS, BUFFERS, VERBOSE, FORMAT JSON) select date_dim.d_last_dom, web_page.wp_link_count from web_page join date_dim on date_dim.d_date_sk=web_page.wp_access_date_sk where date_dim.d_dom < 11;", "planinfo": {"Plan": {"Node Type": "Nested Loop", "Parallel Aware": false, "Join Type": "Inner", "Startup Cost": 0.29, "Total Cost": 469.35, "Plan Rows": 20, "Plan Width": 8, "Actual Startup Time": 2.293, "Actual Total Time": 2.944, "Actual Rows": 25, "Actual Loops": 1, "Output": ["date_dim.d_last_dom", "web_page.wp_link_count"], "Inner Unique": true, "Shared Hit Blocks": 175, "Shared Read Blocks": 7, "Shared Dirtied Blocks": 0, "Shared Written Blocks": 0, "Local Hit Blocks": 0, "Local Read Blocks": 0, "Local Dirtied Blocks": 0, "Local Written Blocks": 0, "Temp Read Blocks": 0, "Temp Written Blocks": 0, "I/O Read Time": 2.704, "I/O Write Time": 0.0, "Plans": [{"Node Type": "Seq Scan", "Parent Relationship": "Outer", "Parallel Aware": false, "Relation Name": "web_page", "Schema": "public", "Alias": "web_page", "Startup Cost": 0.0, "Total Cost": 2.6, "Plan Rows": 60, "Plan Width": 8, "Actual Startup Time": 0.502, "Actual Total Time": 0.518, "Actual Rows": 60, "Actual Loops": 1, "Output": ["web_page.wp_web_page_sk", "web_page.wp_web_page_id", "web_page.wp_rec_start_date", "web_page.wp_rec_end_date", "web_page.wp_creation_date_sk", "web_page.wp_access_date_sk", "web_page.wp_autogen_flag", "web_page.wp_customer_sk", "web_page.wp_url", "web_page.wp_type", "web_page.wp_char_count", "web_page.wp_link_count", "web_page.wp_image_count", "web_page.wp_max_ad_count"], "Shared Hit Blocks": 0, "Shared Read Blocks": 2, "Shared Dirtied Blocks": 0, "Shared Written Blocks": 0, "Local Hit Blocks": 0, "Local Read Blocks": 0, "Local Dirtied Blocks": 0, "Local Written Blocks": 0, "Temp Read Blocks": 0, "Temp Written Blocks": 0, "I/O Read Time": 0.503, "I/O Write Time": 0.0, "parent": "Nested Loop"}, {"Node Type": "Index Scan", "Parent Relationship": "Inner", "Parallel Aware": false, "Scan Direction": "Forward", "Index Name": "d_date_sk_idx", "Relation Name": "date_dim", "Schema": "public", "Alias": "date_dim", "Startup Cost": 0.29, "Total Cost": 7.78, "Plan Rows": 1, "Plan Width": 8, "Actual Startup Time": 0.04, "Actual Total Time": 0.04, "Actual Rows": 0, "Actual Loops": 60, "Output": ["date_dim.d_date_sk", "date_dim.d_date_id", "date_dim.d_date", "date_dim.d_month_seq", "date_dim.d_week_seq", "date_dim.d_quarter_seq", "date_dim.d_year", "date_dim.d_dow", "date_dim.d_moy", "date_dim.d_dom", "date_dim.d_qoy", "date_dim.d_fy_year", "date_dim.d_fy_quarter_seq", "date_dim.d_fy_week_seq", "date_dim.d_day_name", "date_dim.d_quarter_name", "date_dim.d_holiday", "date_dim.d_weekend", "date_dim.d_following_holiday", "date_dim.d_first_dom", "date_dim.d_last_dom", "date_dim.d_same_day_ly", "date_dim.d_same_day_lq", "date_dim.d_current_day", "date_dim.d_current_week", "date_dim.d_current_month", "date_dim.d_current_quarter", "date_dim.d_current_year"], "Index Cond": "(date_dim.d_date_sk = web_page.wp_access_date_sk)", "Rows Removed by Index Recheck": 0, "Filter": "(date_dim.d_dom < 11)", "Rows Removed by Filter": 1, "Shared Hit Blocks": 175, "Shared Read Blocks": 5, "Shared Dirtied Blocks": 0, "Shared Written Blocks": 0, "Local Hit Blocks": 0, "Local Read Blocks": 0, "Local Dirtied Blocks": 0, "Local Written Blocks": 0, "Temp Read Blocks": 0, "Temp Written Blocks": 0, "I/O Read Time": 2.201, "I/O Write Time": 0.0, "parent": "Nested Loop"}], "parent": "None"}, "Planning": {"Shared Hit Blocks": 140, "Shared Read Blocks": 21, "Shared Dirtied Blocks": 0, "Shared Written Blocks": 0, "Local Hit Blocks": 0, "Local Read Blocks": 0, "Local Dirtied Blocks": 0, "Local Written Blocks": 0, "Temp Read Blocks": 0, "Temp Written Blocks": 0, "I/O Read Time": 7.173, "I/O Write Time": 0.0}, "Planning Time": 8.407, "Triggers": [], "Execution Time": 3.025}, "config": {}}
{"query": "EXPLAIN (ANALYZE, COSTS, BUFFERS, VERBOSE, FORMAT JSON) select date_dim.d_fy_week_seq, catalog_page.cp_end_date_sk from catalog_page join date_dim on date_dim.d_date_sk=catalog_page.cp_end_date_sk where catalog_page.cp_end_date_sk > 2450964;", "planinfo": {"Plan": {"Node Type": "Merge Join", "Parallel Aware": false, "Join Type": "Inner", "Startup Cost": 2855.76, "Total Cost": 3128.67, "Plan Rows": 10968, "Plan Width": 8, "Actual Startup Time": 35.571, "Actual Total Time": 39.621, "Actual Rows": 10968, "Actual Loops": 1, "Output": ["date_dim.d_fy_week_seq", "catalog_page.cp_end_date_sk"], "Inner Unique": false, "Merge Cond": "(date_dim.d_date_sk = catalog_page.cp_end_date_sk)", "Shared Hit Blocks": 0, "Shared Read Blocks": 1082, "Shared Dirtied Blocks": 0, "Shared Written Blocks": 0, "Local Hit Blocks": 0, "Local Read Blocks": 0, "Local Dirtied Blocks": 0, "Local Written Blocks": 0, "Temp Read Blocks": 0, "Temp Written Blocks": 0, "I/O Read Time": 16.318, "I/O Write Time": 0.0, "Plans": [{"Node Type": "Index Scan", "Parent Relationship": "Outer", "Parallel Aware": false, "Scan Direction": "Forward", "Index Name": "d_date_sk_idx", "Relation Name": "date_dim", "Schema": "public", "Alias": "date_dim", "Startup Cost": 0.29, "Total Cost": 3312.03, "Plan Rows": 73049, "Plan Width": 8, "Actual Startup Time": 0.947, "Actual Total Time": 22.047, "Actual Rows": 38166, "Actual Loops": 1, "Output": ["date_dim.d_date_sk", "date_dim.d_date_id", "date_dim.d_date", "date_dim.d_month_seq", "date_dim.d_week_seq", "date_dim.d_quarter_seq", "date_dim.d_year", "date_dim.d_dow", "date_dim.d_moy", "date_dim.d_dom", "date_dim.d_qoy", "date_dim.d_fy_year", "date_dim.d_fy_quarter_seq", "date_dim.d_fy_week_seq", "date_dim.d_day_name", "date_dim.d_quarter_name", "date_dim.d_holiday", "date_dim.d_weekend", "date_dim.d_following_holiday", "date_dim.d_first_dom", "date_dim.d_last_dom", "date_dim.d_same_day_ly", "date_dim.d_same_day_lq", "date_dim.d_current_day", "date_dim.d_current_week", "date_dim.d_current_month", "date_dim.d_current_quarter", "date_dim.d_current_year"], "Shared Hit Blocks": 0, "Shared Read Blocks": 840, "Shared Dirtied Blocks": 0, "Shared Written Blocks": 0, "Local Hit Blocks": 0, "Local Read Blocks": 0, "Local Dirtied Blocks": 0, "Local Written Blocks": 0, "Temp Read Blocks": 0, "Temp Written Blocks": 0, "I/O Read Time": 11.923, "I/O Write Time": 0.0, "parent": "Merge Join"}, {"Node Type": "Sort", "Parent Relationship": "Inner", "Parallel Aware": false, "Startup Cost": 1124.48, "Total Cost": 1151.9, "Plan Rows": 10968, "Plan Width": 4, "Actual Startup Time": 9.497, "Actual Total Time": 10.106, "Actual Rows": 10968, "Actual Loops": 1, "Output": ["catalog_page.cp_end_date_sk"], "Sort Key": ["catalog_page.cp_end_date_sk"], "Sort Method": "quicksort", "Sort Space Used": 984, "Sort Space Type": "Memory", "Shared Hit Blocks": 0, "Shared Read Blocks": 242, "Shared Dirtied Blocks": 0, "Shared Written Blocks": 0, "Local Hit Blocks": 0, "Local Read Blocks": 0, "Local Dirtied Blocks": 0, "Local Written Blocks": 0, "Temp Read Blocks": 0, "Temp Written Blocks": 0, "I/O Read Time": 4.395, "I/O Write Time": 0.0, "Plans": [{"Node Type": "Seq Scan", "Parent Relationship": "Outer", "Parallel Aware": false, "Relation Name": "catalog_page", "Schema": "public", "Alias": "catalog_page", "Startup Cost": 0.0, "Total Cost": 388.48, "Plan Rows": 10968, "Plan Width": 4, "Actual Startup Time": 0.453, "Actual Total Time": 6.835, "Actual Rows": 10968, "Actual Loops": 1, "Output": ["catalog_page.cp_end_date_sk"], "Filter": "(catalog_page.cp_end_date_sk > 2450964)", "Rows Removed by Filter": 750, "Shared Hit Blocks": 0, "Shared Read Blocks": 242, "Shared Dirtied Blocks": 0, "Shared Written Blocks": 0, "Local Hit Blocks": 0, "Local Read Blocks": 0, "Local Dirtied Blocks": 0, "Local Written Blocks": 0, "Temp Read Blocks": 0, "Temp Written Blocks": 0, "I/O Read Time": 4.395, "I/O Write Time": 0.0, "parent": "Sort"}], "parent": "Merge Join"}], "parent": "None"}, "Planning": {"Shared Hit Blocks": 140, "Shared Read Blocks": 16, "Shared Dirtied Blocks": 0, "Shared Written Blocks": 0, "Local Hit Blocks": 0, "Local Read Blocks": 0, "Local Dirtied Blocks": 0, "Local Written Blocks": 0, "Temp Read Blocks": 0, "Temp Written Blocks": 0, "I/O Read Time": 5.923, "I/O Write Time": 0.0}, "Planning Time": 7.13, "Triggers": [], "Execution Time": 40.447}, "config": {}}
{"query": "EXPLAIN (ANALYZE, COSTS, BUFFERS, VERBOSE, FORMAT JSON) select web_returns.wr_returned_date_sk, time_dim.t_hour from time_dim join web_returns on web_returns.wr_returned_time_sk=time_dim.t_time_sk where web_returns.wr_item_sk = 4976 order by time_dim.t_hour ASC, web_returns.wr_returned_date_sk ASC;", "planinfo": {"Plan": {"Node Type": "Sort", "Parallel Aware": false, "Startup Cost": 65.99, "Total Cost": 66.0, "Plan Rows": 5, "Plan Width": 8, "Actual Startup Time": 5.17, "Actual Total Time": 5.171, "Actual Rows": 3, "Actual Loops": 1, "Output": ["web_returns.wr_returned_date_sk", "time_dim.t_hour"], "Sort Key": ["time_dim.t_hour", "web_returns.wr_returned_date_sk"], "Sort Method": "quicksort", "Sort Space Used": 25, "Sort Space Type": "Memory", "Shared Hit Blocks": 6, "Shared Read Blocks": 11, "Shared Dirtied Blocks": 0, "Shared Written Blocks": 0, "Local Hit Blocks": 0, "Local Read Blocks": 0, "Local Dirtied Blocks": 0, "Local Written Blocks": 0, "Temp Read Blocks": 0, "Temp Written Blocks": 0, "I/O Read Time": 5.081, "I/O Write Time": 0.0, "Plans": [{"Node Type": "Nested Loop", "Parent Relationship": "Outer", "Parallel Aware": false, "Join Type": "Inner", "Startup Cost": 0.58, "Total Cost": 65.93, "Plan Rows": 5, "Plan Width": 8, "Actual Startup Time": 2.385, "Actual Total Time": 5.13, "Actual Rows": 3, "Actual Loops": 1, "Output": ["web_returns.wr_returned_date_sk", "time_dim.t_hour"], "Inner Unique": true, "Shared Hit Blocks": 3, "Shared Read Blocks": 11, "Shared Dirtied Blocks": 0, "Shared Written Blocks": 0, "Local Hit Blocks": 0, "Local Read Blocks": 0, "Local Dirtied Blocks": 0, "Local Written Blocks": 0, "Temp Read Blocks": 0, "Temp Written Blocks": 0, "I/O Read Time": 5.081, "I/O Write Time": 0.0, "Plans": [{"Node Type": "Index Scan", "Parent Relationship": "Outer", "Parallel Aware": false, "Scan Direction": "Forward", "Index Name": "web_returns_pkey", "Relation Name": "web_returns", "Schema": "public", "Alias": "web_returns", "Startup Cost": 0.29, "Total Cost": 24.38, "Plan Rows": 5, "Plan Width": 8, "Actual Startup Time": 1.311, "Actual Total Time": 2.195, "Actual Rows": 3, "Actual Loops": 1, "Output": ["web_returns.wr_returned_date_sk", "web_returns.wr_returned_time_sk", "web_returns.wr_item_sk", "web_returns.wr_refunded_customer_sk", "web_returns.wr_refunded_cdemo_sk", "web_returns.wr_refunded_hdemo_sk", "web_returns.wr_refunded_addr_sk", "web_returns.wr_returning_customer_sk", "web_returns.wr_returning_cdemo_sk", "web_returns.wr_returning_hdemo_sk", "web_returns.wr_returning_addr_sk", "web_returns.wr_web_page_sk", "web_returns.wr_reason_sk", "web_returns.wr_order_number", "web_returns.wr_return_quantity", "web_returns.wr_return_amt", "web_returns.wr_return_tax", "web_returns.wr_return_amt_inc_tax", "web_returns.wr_fee", "web_returns.wr_return_ship_cost", "web_returns.wr_refunded_cash", "web_returns.wr_reversed_charge", "web_returns.wr_account_credit", "web_returns.wr_net_loss"], "Index Cond": "(web_returns.wr_item_sk = 4976)", "Rows Removed by Index Recheck": 0, "Shared Hit Blocks": 0, "Shared Read Blocks": 5, "Shared Dirtied Blocks": 0, "Shared Written Blocks": 0, "Local Hit Blocks": 0, "Local Read Blocks": 0, "Local Dirtied Blocks": 0, "Local Written Blocks": 0, "Temp Read Blocks": 0, "Temp Written Blocks": 0, "I/O Read Time": 2.181, "I/O Write Time": 0.0, "parent": "Nested Loop"}, {"Node Type": "Index Scan", "Parent Relationship": "Inner", "Parallel Aware": false, "Scan Direction": "Forward", "Index Name": "time_dim_pkey", "Relation Name": "time_dim", "Schema": "public", "Alias": "time_dim", "Startup Cost": 0.29, "Total Cost": 8.31, "Plan Rows": 1, "Plan Width": 8, "Actual Startup Time": 0.975, "Actual Total Time": 0.975, "Actual Rows": 1, "Actual Loops": 3, "Output": ["time_dim.t_time_sk", "time_dim.t_time_id", "time_dim.t_time", "time_dim.t_hour", "time_dim.t_minute", "time_dim.t_second", "time_dim.t_am_pm", "time_dim.t_shift", "time_dim.t_sub_shift", "time_dim.t_meal_time"], "Index Cond": "(time_dim.t_time_sk = web_returns.wr_returned_time_sk)", "Rows Removed by Index Recheck": 0, "Shared Hit Blocks": 3, "Shared Read Blocks": 6, "Shared Dirtied Blocks": 0, "Shared Written Blocks": 0, "Local Hit Blocks": 0, "Local Read Blocks": 0, "Local Dirtied Blocks": 0, "Local Written Blocks": 0, "Temp Read Blocks": 0, "Temp Written Blocks": 0, "I/O Read Time": 2.899, "I/O Write Time": 0.0, "parent": "Nested Loop"}], "parent": "Sort"}], "parent": "None"}, "Planning": {"Shared Hit Blocks": 88, "Shared Read Blocks": 16, "Shared Dirtied Blocks": 0, "Shared Written Blocks": 0, "Local Hit Blocks": 0, "Local Read Blocks": 0, "Local Dirtied Blocks": 0, "Local Written Blocks": 0, "Temp Read Blocks": 0, "Temp Written Blocks": 0, "I/O Read Time": 5.455, "I/O Write Time": 0.0}, "Planning Time": 6.575, "Triggers": [], "Execution Time": 5.258}, "config": {}}
{"query": "EXPLAIN (ANALYZE, COSTS, BUFFERS, VERBOSE, FORMAT JSON) select web_returns.wr_return_amt_inc_tax, date_dim.d_month_seq,  min(web_returns.wr_returning_cdemo_sk) from date_dim join web_returns on web_returns.wr_returned_date_sk=date_dim.d_date_sk where web_returns.wr_order_number = 41526 group by web_returns.wr_return_amt_inc_tax, date_dim.d_month_seq having min(web_returns.wr_returning_cdemo_sk) != 12504;", "planinfo": {"Plan": {"Node Type": "Aggregate", "Strategy": "Sorted", "Partial Mode": "Simple", "Parallel Aware": false, "Startup Cost": 1687.17, "Total Cost": 1687.22, "Plan Rows": 2, "Plan Width": 14, "Actual Startup Time": 85.705, "Actual Total Time": 85.707, "Actual Rows": 1, "Actual Loops": 1, "Output": ["web_returns.wr_return_amt_inc_tax", "date_dim.d_month_seq", "min(web_returns.wr_returning_cdemo_sk)"], "Group Key": ["web_returns.wr_return_amt_inc_tax", "date_dim.d_month_seq"], "Filter": "(min(web_returns.wr_returning_cdemo_sk) <> 12504)", "Rows Removed by Filter": 0, "Shared Hit Blocks": 6, "Shared Read Blocks": 284, "Shared Dirtied Blocks": 0, "Shared Written Blocks": 0, "Local Hit Blocks": 0, "Local Read Blocks": 0, "Local Dirtied Blocks": 0, "Local Written Blocks": 0, "Temp Read Blocks": 0, "Temp Written Blocks": 0, "I/O Read Time": 83.577, "I/O Write Time": 0.0, "Plans": [{"Node Type": "Sort", "Parent Relationship": "Outer", "Parallel Aware": false, "Startup Cost": 1687.17, "Total Cost": 1687.17, "Plan Rows": 2, "Plan Width": 14, "Actual Startup Time": 85.691, "Actual Total Time": 85.693, "Actual Rows": 1, "Actual Loops": 1, "Output": ["web_returns.wr_return_amt_inc_tax", "date_dim.d_month_seq", "web_returns.wr_returning_cdemo_sk"], "Sort Key": ["web_returns.wr_return_amt_inc_tax", "date_dim.d_month_seq"], "Sort Method": "quicksort", "Sort Space Used": 25, "Sort Space Type": "Memory", "Shared Hit Blocks": 6, "Shared Read Blocks": 284, "Shared Dirtied Blocks": 0, "Shared Written Blocks": 0, "Local Hit Blocks": 0, "Local Read Blocks": 0, "Local Dirtied Blocks": 0, "Local Written Blocks": 0, "Temp Read Blocks": 0, "Temp Written Blocks": 0, "I/O Read Time": 83.577, "I/O Write Time": 0.0, "Plans": [{"Node Type": "Nested Loop", "Parent Relationship": "Outer", "Parallel Aware": false, "Join Type": "Inner", "Startup Cost": 0.58, "Total Cost": 1687.16, "Plan Rows": 2, "Plan Width": 14, "Actual Startup Time": 33.501, "Actual Total Time": 85.64, "Actual Rows": 1, "Actual Loops": 1, "Output": ["web_returns.wr_return_amt_inc_tax", "date_dim.d_month_seq", "web_returns.wr_returning_cdemo_sk"], "Inner Unique": true, "Shared Hit Blocks": 0, "Shared Read Blocks": 284, "Shared Dirtied Blocks": 0, "Shared Written Blocks": 0, "Local Hit Blocks": 0, "Local Read Blocks": 0, "Local Dirtied Blocks": 0, "Local Written Blocks": 0, "Temp Read Blocks": 0, "Temp Written Blocks": 0, "I/O Read Time": 83.577, "I/O Write Time": 0.0, "Plans": [{"Node Type": "Index Scan", "Parent Relationship": "Outer", "Parallel Aware": false, "Scan Direction": "Forward", "Index Name": "web_returns_pkey", "Relation Name": "web_returns", "Schema": "public", "Alias": "web_returns", "Startup Cost": 0.29, "Total Cost": 1670.53, "Plan Rows": 2, "Plan Width": 14, "Actual Startup Time": 32.132, "Actual Total Time": 84.269, "Actual Rows": 1, "Actual Loops": 1, "Output": ["web_returns.wr_returned_date_sk", "web_returns.wr_returned_time_sk", "web_returns.wr_item_sk", "web_returns.wr_refunded_customer_sk", "web_returns.wr_refunded_cdemo_sk", "web_returns.wr_refunded_hdemo_sk", "web_returns.wr_refunded_addr_sk", "web_returns.wr_returning_customer_sk", "web_returns.wr_returning_cdemo_sk", "web_returns.wr_returning_hdemo_sk", "web_returns.wr_returning_addr_sk", "web_returns.wr_web_page_sk", "web_returns.wr_reason_sk", "web_returns.wr_order_number", "web_returns.wr_return_quantity", "web_returns.wr_return_amt", "web_returns.wr_return_tax", "web_returns.wr_return_amt_inc_tax", "web_returns.wr_fee", "web_returns.wr_return_ship_cost", "web_returns.wr_refunded_cash", "web_returns.wr_reversed_charge", "web_returns.wr_account_credit", "web_returns.wr_net_loss"], "Index Cond": "(web_returns.wr_order_number = 41526)", "Rows Removed by Index Recheck": 0, "Shared Hit Blocks": 0, "Shared Read Blocks": 281, "Shared Dirtied Blocks": 0, "Shared Written Blocks": 0, "Local Hit Blocks": 0, "Local Read Blocks": 0, "Local Dirtied Blocks": 0, "Local Written Blocks": 0, "Temp Read Blocks": 0, "Temp Written Blocks": 0, "I/O Read Time": 82.245, "I/O Write Time": 0.0, "parent": "Nested Loop"}, {"Node Type": "Index Scan", "Parent Relationship": "Inner", "Parallel Aware": false, "Scan Direction": "Forward", "Index Name": "d_date_sk_idx", "Relation Name": "date_dim", "Schema": "public", "Alias": "date_dim", "Startup Cost": 0.29, "Total Cost": 8.31, "Plan Rows": 1, "Plan Width": 8, "Actual Startup Time": 1.358, "Actual Total Time": 1.359, "Actual Rows": 1, "Actual Loops": 1, "Output": ["date_dim.d_date_sk", "date_dim.d_date_id", "date_dim.d_date", "date_dim.d_month_seq", "date_dim.d_week_seq", "date_dim.d_quarter_seq", "date_dim.d_year", "date_dim.d_dow", "date_dim.d_moy", "date_dim.d_dom", "date_dim.d_qoy", "date_dim.d_fy_year", "date_dim.d_fy_quarter_seq", "date_dim.d_fy_week_seq", "date_dim.d_day_name", "date_dim.d_quarter_name", "date_dim.d_holiday", "date_dim.d_weekend", "date_dim.d_following_holiday", "date_dim.d_first_dom", "date_dim.d_last_dom", "date_dim.d_same_day_ly", "date_dim.d_same_day_lq", "date_dim.d_current_day", "date_dim.d_current_week", "date_dim.d_current_month", "date_dim.d_current_quarter", "date_dim.d_current_year"], "Index Cond": "(date_dim.d_date_sk = web_returns.wr_returned_date_sk)", "Rows Removed by Index Recheck": 0, "Shared Hit Blocks": 0, "Shared Read Blocks": 3, "Shared Dirtied Blocks": 0, "Shared Written Blocks": 0, "Local Hit Blocks": 0, "Local Read Blocks": 0, "Local Dirtied Blocks": 0, "Local Written Blocks": 0, "Temp Read Blocks": 0, "Temp Written Blocks": 0, "I/O Read Time": 1.332, "I/O Write Time": 0.0, "parent": "Nested Loop"}], "parent": "Sort"}], "parent": "Aggregate"}], "parent": "None"}, "Planning": {"Shared Hit Blocks": 155, "Shared Read Blocks": 23, "Shared Dirtied Blocks": 0, "Shared Written Blocks": 0, "Local Hit Blocks": 0, "Local Read Blocks": 0, "Local Dirtied Blocks": 0, "Local Written Blocks": 0, "Temp Read Blocks": 0, "Temp Written Blocks": 0, "I/O Read Time": 7.434, "I/O Write Time": 0.0}, "Planning Time": 9.881, "Triggers": [], "Execution Time": 86.305}, "config": {}}
{"query": "EXPLAIN (ANALYZE, COSTS, BUFFERS, VERBOSE, FORMAT JSON) select web_returns.wr_refunded_addr_sk from web_returns where web_returns.wr_item_sk >= 17844;", "planinfo": {"Plan": {"Node Type": "Index Scan", "Parallel Aware": false, "Scan Direction": "Forward", "Index Name": "web_returns_pkey", "Relation Name": "web_returns", "Schema": "public", "Alias": "web_returns", "Startup Cost": 0.29, "Total Cost": 2071.36, "Plan Rows": 633, "Plan Width": 4, "Actual Startup Time": 0.886, "Actual Total Time": 230.176, "Actual Rows": 641, "Actual Loops": 1, "Output": ["wr_refunded_addr_sk"], "Index Cond": "(web_returns.wr_item_sk >= 17844)", "Rows Removed by Index Recheck": 0, "Shared Hit Blocks": 125, "Shared Read Blocks": 517, "Shared Dirtied Blocks": 0, "Shared Written Blocks": 0, "Local Hit Blocks": 0, "Local Read Blocks": 0, "Local Dirtied Blocks": 0, "Local Written Blocks": 0, "Temp Read Blocks": 0, "Temp Written Blocks": 0, "I/O Read Time": 228.967, "I/O Write Time": 0.0, "parent": "None"}, "Planning": {"Shared Hit Blocks": 34, "Shared Read Blocks": 8, "Shared Dirtied Blocks": 0, "Shared Written Blocks": 0, "Local Hit Blocks": 0, "Local Read Blocks": 0, "Local Dirtied Blocks": 0, "Local Written Blocks": 0, "Temp Read Blocks": 0, "Temp Written Blocks": 0, "I/O Read Time": 3.537, "I/O Write Time": 0.0}, "Planning Time": 3.895, "Triggers": [], "Execution Time": 230.258}, "config": {}}
{"query": "EXPLAIN (ANALYZE, COSTS, BUFFERS, VERBOSE, FORMAT JSON) select web_returns.wr_fee from web_returns where web_returns.wr_item_sk = 16607;", "planinfo": {"Plan": {"Node Type": "Index Scan", "Parallel Aware": false, "Scan Direction": "Forward", "Index Name": "web_returns_pkey", "Relation Name": "web_returns", "Schema": "public", "Alias": "web_returns", "Startup Cost": 0.29, "Total Cost": 24.38, "Plan Rows": 5, "Plan Width": 6, "Actual Startup Time": 1.444, "Actual Total Time": 2.317, "Actual Rows": 3, "Actual Loops": 1, "Output": ["wr_fee"], "Index Cond": "(web_returns.wr_item_sk = 16607)", "Rows Removed by Index Recheck": 0, "Shared Hit Blocks": 0, "Shared Read Blocks": 5, "Shared Dirtied Blocks": 0, "Shared Written Blocks": 0, "Local Hit Blocks": 0, "Local Read Blocks": 0, "Local Dirtied Blocks": 0, "Local Written Blocks": 0, "Temp Read Blocks": 0, "Temp Written Blocks": 0, "I/O Read Time": 2.301, "I/O Write Time": 0.0, "parent": "None"}, "Planning": {"Shared Hit Blocks": 32, "Shared Read Blocks": 5, "Shared Dirtied Blocks": 0, "Shared Written Blocks": 0, "Local Hit Blocks": 0, "Local Read Blocks": 0, "Local Dirtied Blocks": 0, "Local Written Blocks": 0, "Temp Read Blocks": 0, "Temp Written Blocks": 0, "I/O Read Time": 2.225, "I/O Write Time": 0.0}, "Planning Time": 2.529, "Triggers": [], "Execution Time": 2.361}, "config": {}}
{"query": "EXPLAIN (ANALYZE, COSTS, BUFFERS, VERBOSE, FORMAT JSON) select web_returns.wr_return_quantity from web_returns where web_returns.wr_fee <= 79.32 and web_returns.wr_item_sk > 17844;", "planinfo": {"Plan": {"Node Type": "Index Scan", "Parallel Aware": false, "Scan Direction": "Forward", "Index Name": "web_returns_pkey", "Relation Name": "web_returns", "Schema": "public", "Alias": "web_returns", "Startup Cost": 0.29, "Total Cost": 2056.85, "Plan Rows": 476, "Plan Width": 4, "Actual Startup Time": 0.898, "Actual Total Time": 229.205, "Actual Rows": 478, "Actual Loops": 1, "Output": ["wr_return_quantity"], "Index Cond": "(web_returns.wr_item_sk > 17844)", "Rows Removed by Index Recheck": 0, "Filter": "(web_returns.wr_fee <= 79.32)", "Rows Removed by Filter": 161, "Shared Hit Blocks": 124, "Shared Read Blocks": 516, "Shared Dirtied Blocks": 0, "Shared Written Blocks": 0, "Local Hit Blocks": 0, "Local Read Blocks": 0, "Local Dirtied Blocks": 0, "Local Written Blocks": 0, "Temp Read Blocks": 0, "Temp Written Blocks": 0, "I/O Read Time": 227.784, "I/O Write Time": 0.0, "parent": "None"}, "Planning": {"Shared Hit Blocks": 44, "Shared Read Blocks": 11, "Shared Dirtied Blocks": 0, "Shared Written Blocks": 0, "Local Hit Blocks": 0, "Local Read Blocks": 0, "Local Dirtied Blocks": 0, "Local Written Blocks": 0, "Temp Read Blocks": 0, "Temp Written Blocks": 0, "I/O Read Time": 3.612, "I/O Write Time": 0.0}, "Planning Time": 4.095, "Triggers": [], "Execution Time": 229.277}, "config": {}}
{"query": "EXPLAIN (ANALYZE, COSTS, BUFFERS, VERBOSE, FORMAT JSON) select item.i_brand_id, promotion.p_promo_sk from item join promotion on promotion.p_item_sk=item.i_item_sk order by promotion.p_promo_sk ASC;", "planinfo": {"Plan": {"Node Type": "Nested Loop", "Parallel Aware": false, "Join Type": "Inner", "Startup Cost": 0.43, "Total Cost": 1395.15, "Plan Rows": 300, "Plan Width": 8, "Actual Startup Time": 1.461, "Actual Total Time": 133.386, "Actual Rows": 293, "Actual Loops": 1, "Output": ["item.i_brand_id", "promotion.p_promo_sk"], "Inner Unique": true, "Shared Hit Blocks": 571, "Shared Read Blocks": 317, "Shared Dirtied Blocks": 0, "Shared Written Blocks": 0, "Local Hit Blocks": 0, "Local Read Blocks": 0, "Local Dirtied Blocks": 0, "Local Written Blocks": 0, "Temp Read Blocks": 0, "Temp Written Blocks": 0, "I/O Read Time": 131.408, "I/O Write Time": 0.0, "Plans": [{"Node Type": "Index Scan", "Parent Relationship": "Outer", "Parallel Aware": false, "Scan Direction": "Forward", "Index Name": "promotion_pkey", "Relation Name": "promotion", "Schema": "public", "Alias": "promotion", "Startup Cost": 0.15, "Total Cost": 23.65, "Plan Rows": 300, "Plan Width": 8, "Actual Startup Time": 0.473, "Actual Total Time": 0.676, "Actual Rows": 300, "Actual Loops": 1, "Output": ["promotion.p_promo_sk", "promotion.p_promo_id", "promotion.p_start_date_sk", "promotion.p_end_date_sk", "promotion.p_item_sk", "promotion.p_cost", "promotion.p_response_target", "promotion.p_promo_name", "promotion.p_channel_dmail", "promotion.p_channel_email", "promotion.p_channel_catalog", "promotion.p_channel_tv", "promotion.p_channel_radio", "promotion.p_channel_press", "promotion.p_channel_event", "promotion.p_channel_demo", "promotion.p_channel_details", "promotion.p_purpose", "promotion.p_discount_active"], "Shared Hit Blocks": 0, "Shared Read Blocks": 9, "Shared Dirtied Blocks": 0, "Shared Written Blocks": 0, "Local Hit Blocks": 0, "Local Read Blocks": 0, "Local Dirtied Blocks": 0, "Local Written Blocks": 0, "Temp Read Blocks": 0, "Temp Written Blocks": 0, "I/O Read Time": 0.537, "I/O Write Time": 0.0, "parent": "Nested Loop"}, {"Node Type": "Index Scan", "Parent Relationship": "Inner", "Parallel Aware": false, "Scan Direction": "Forward", "Index Name": "i_item_sk_idx", "Relation Name": "item", "Schema": "public", "Alias": "item", "Startup Cost": 0.29, "Total Cost": 4.57, "Plan Rows": 1, "Plan Width": 8, "Actual Startup Time": 0.441, "Actual Total Time": 0.441, "Actual Rows": 1, "Actual Loops": 300, "Output": ["item.i_item_sk", "item.i_item_id", "item.i_rec_start_date", "item.i_rec_end_date", "item.i_item_desc", "item.i_current_price", "item.i_wholesale_cost", "item.i_brand_id", "item.i_brand", "item.i_class_id", "item.i_class", "item.i_category_id", "item.i_category", "item.i_manufact_id", "item.i_manufact", "item.i_size", "item.i_formulation", "item.i_color", "item.i_units", "item.i_container", "item.i_manager_id", "item.i_product_name"], "Index Cond": "(item.i_item_sk = promotion.p_item_sk)", "Rows Removed by Index Recheck": 0, "Shared Hit Blocks": 571, "Shared Read Blocks": 308, "Shared Dirtied Blocks": 0, "Shared Written Blocks": 0, "Local Hit Blocks": 0, "Local Read Blocks": 0, "Local Dirtied Blocks": 0, "Local Written Blocks": 0, "Temp Read Blocks": 0, "Temp Written Blocks": 0, "I/O Read Time": 130.871, "I/O Write Time": 0.0, "parent": "Nested Loop"}], "parent": "None"}, "Planning": {"Shared Hit Blocks": 92, "Shared Read Blocks": 19, "Shared Dirtied Blocks": 0, "Shared Written Blocks": 0, "Local Hit Blocks": 0, "Local Read Blocks": 0, "Local Dirtied Blocks": 0, "Local Written Blocks": 0, "Temp Read Blocks": 0, "Temp Written Blocks": 0, "I/O Read Time": 6.324, "I/O Write Time": 0.0}, "Planning Time": 7.472, "Triggers": [], "Execution Time": 133.51}, "config": {}}
{"query": "EXPLAIN (ANALYZE, COSTS, BUFFERS, VERBOSE, FORMAT JSON) select promotion.p_cost from promotion where promotion.p_promo_sk != 150 and promotion.p_promo_sk >= 240;", "planinfo": {"Plan": {"Node Type": "Index Scan", "Parallel Aware": false, "Scan Direction": "Forward", "Index Name": "promotion_pkey", "Relation Name": "promotion", "Schema": "public", "Alias": "promotion", "Startup Cost": 0.15, "Total Cost": 10.37, "Plan Rows": 61, "Plan Width": 5, "Actual Startup Time": 0.451, "Actual Total Time": 0.926, "Actual Rows": 61, "Actual Loops": 1, "Output": ["p_cost"], "Index Cond": "(promotion.p_promo_sk >= 240)", "Rows Removed by Index Recheck": 0, "Shared Hit Blocks": 0, "Shared Read Blocks": 3, "Shared Dirtied Blocks": 0, "Shared Written Blocks": 0, "Local Hit Blocks": 0, "Local Read Blocks": 0, "Local Dirtied Blocks": 0, "Local Written Blocks": 0, "Temp Read Blocks": 0, "Temp Written Blocks": 0, "I/O Read Time": 0.898, "I/O Write Time": 0.0, "parent": "None"}, "Planning": {"Shared Hit Blocks": 51, "Shared Read Blocks": 4, "Shared Dirtied Blocks": 0, "Shared Written Blocks": 0, "Local Hit Blocks": 0, "Local Read Blocks": 0, "Local Dirtied Blocks": 0, "Local Written Blocks": 0, "Temp Read Blocks": 0, "Temp Written Blocks": 0, "I/O Read Time": 1.993, "I/O Write Time": 0.0}, "Planning Time": 2.368, "Triggers": [], "Execution Time": 0.977}, "config": {}}
{"query": "EXPLAIN (ANALYZE, COSTS, BUFFERS, VERBOSE, FORMAT JSON) select promotion.p_promo_sk, item.i_category_id,  avg(promotion.p_cost) from item join promotion on promotion.p_item_sk=item.i_item_sk where item.i_current_price < 6.18 group by promotion.p_promo_sk, item.i_category_id order by promotion.p_promo_sk DESC;", "planinfo": {"Plan": {"Node Type": "Aggregate", "Strategy": "Sorted", "Partial Mode": "Simple", "Parallel Aware": false, "Startup Cost": 7.46, "Total Cost": 1408.83, "Plan Rows": 199, "Plan Width": 40, "Actual Startup Time": 38.651, "Actual Total Time": 140.309, "Actual Rows": 196, "Actual Loops": 1, "Output": ["promotion.p_promo_sk", "item.i_category_id", "avg(promotion.p_cost)"], "Group Key": ["promotion.p_promo_sk", "item.i_category_id"], "Shared Hit Blocks": 575, "Shared Read Blocks": 317, "Shared Dirtied Blocks": 0, "Shared Written Blocks": 0, "Local Hit Blocks": 0, "Local Read Blocks": 0, "Local Dirtied Blocks": 0, "Local Written Blocks": 0, "Temp Read Blocks": 0, "Temp Written Blocks": 0, "I/O Read Time": 137.625, "I/O Write Time": 0.0, "Plans": [{"Node Type": "Incremental Sort", "Parent Relationship": "Outer", "Parallel Aware": false, "Startup Cost": 7.46, "Total Cost": 1404.85, "Plan Rows": 199, "Plan Width": 13, "Actual Startup Time": 38.637, "Actual Total Time": 139.976, "Actual Rows": 196, "Actual Loops": 1, "Output": ["promotion.p_promo_sk", "item.i_category_id", "promotion.p_cost"], "Sort Key": ["promotion.p_promo_sk DESC", "item.i_category_id"], "Presorted Key": ["promotion.p_promo_sk"], "Full-sort Groups": {"Group Count": 7, "Sort Methods Used": ["quicksort"], "Sort Space Memory": {"Average Sort Space Used": 26, "Peak Sort Space Used": 26}}, "Shared Hit Blocks": 575, "Shared Read Blocks": 317, "Shared Dirtied Blocks": 0, "Shared Written Blocks": 0, "Local Hit Blocks": 0, "Local Read Blocks": 0, "Local Dirtied Blocks": 0, "Local Written Blocks": 0, "Temp Read Blocks": 0, "Temp Written Blocks": 0, "I/O Read Time": 137.625, "I/O Write Time": 0.0, "Plans": [{"Node Type": "Nested Loop", "Parent Relationship": "Outer", "Parallel Aware": false, "Join Type": "Inner", "Startup Cost": 0.43, "Total Cost": 1395.9, "Plan Rows": 199, "Plan Width": 13, "Actual Startup Time": 1.432, "Actual Total Time": 139.791, "Actual Rows": 196, "Actual Loops": 1, "Output": ["promotion.p_promo_sk", "item.i_category_id", "promotion.p_cost"], "Inner Unique": true, "Shared Hit Blocks": 572, "Shared Read Blocks": 317, "Shared Dirtied Blocks": 0, "Shared Written Blocks": 0, "Local Hit Blocks": 0, "Local Read Blocks": 0, "Local Dirtied Blocks": 0, "Local Written Blocks": 0, "Temp Read Blocks": 0, "Temp Written Blocks": 0, "I/O Read Time": 137.625, "I/O Write Time": 0.0, "Plans": [{"Node Type": "Index Scan", "Parent Relationship": "Outer", "Parallel Aware": false, "Scan Direction": "Backward", "Index Name": "promotion_pkey", "Relation Name": "promotion", "Schema": "public", "Alias": "promotion", "Startup Cost": 0.15, "Total Cost": 23.65, "Plan Rows": 300, "Plan Width": 13, "Actual Startup Time": 0.461, "Actual Total Time": 3.758, "Actual Rows": 300, "Actual Loops": 1, "Output": ["promotion.p_promo_sk", "promotion.p_promo_id", "promotion.p_start_date_sk", "promotion.p_end_date_sk", "promotion.p_item_sk", "promotion.p_cost", "promotion.p_response_target", "promotion.p_promo_name", "promotion.p_channel_dmail", "promotion.p_channel_email", "promotion.p_channel_catalog", "promotion.p_channel_tv", "promotion.p_channel_radio", "promotion.p_channel_press", "promotion.p_channel_event", "promotion.p_channel_demo", "promotion.p_channel_details", "promotion.p_purpose", "promotion.p_discount_active"], "Shared Hit Blocks": 1, "Shared Read Blocks": 9, "Shared Dirtied Blocks": 0, "Shared Written Blocks": 0, "Local Hit Blocks": 0, "Local Read Blocks": 0, "Local Dirtied Blocks": 0, "Local Written Blocks": 0, "Temp Read Blocks": 0, "Temp Written Blocks": 0, "I/O Read Time": 3.617, "I/O Write Time": 0.0, "parent": "Nested Loop"}, {"Node Type": "Index Scan", "Parent Relationship": "Inner", "Parallel Aware": false, "Scan Direction": "Forward", "Index Name": "i_item_sk_idx", "Relation Name": "item", "Schema": "public", "Alias": "item", "Startup Cost": 0.29, "Total Cost": 4.57, "Plan Rows": 1, "Plan Width": 8, "Actual Startup Time": 0.452, "Actual Total Time": 0.452, "Actual Rows": 1, "Actual Loops": 300, "Output": ["item.i_item_sk", "item.i_item_id", "item.i_rec_start_date", "item.i_rec_end_date", "item.i_item_desc", "item.i_current_price", "item.i_wholesale_cost", "item.i_brand_id", "item.i_brand", "item.i_class_id", "item.i_class", "item.i_category_id", "item.i_category", "item.i_manufact_id", "item.i_manufact", "item.i_size", "item.i_formulation", "item.i_color", "item.i_units", "item.i_container", "item.i_manager_id", "item.i_product_name"], "Index Cond": "(item.i_item_sk = promotion.p_item_sk)", "Rows Removed by Index Recheck": 0, "Filter": "(item.i_current_price < 6.18)", "Rows Removed by Filter": 0, "Shared Hit Blocks": 571, "Shared Read Blocks": 308, "Shared Dirtied Blocks": 0, "Shared Written Blocks": 0, "Local Hit Blocks": 0, "Local Read Blocks": 0, "Local Dirtied Blocks": 0, "Local Written Blocks": 0, "Temp Read Blocks": 0, "Temp Written Blocks": 0, "I/O Read Time": 134.009, "I/O Write Time": 0.0, "parent": "Nested Loop"}], "parent": "Incremental Sort"}], "parent": "Aggregate"}], "parent": "None"}, "Planning": {"Shared Hit Blocks": 109, "Shared Read Blocks": 21, "Shared Dirtied Blocks": 0, "Shared Written Blocks": 0, "Local Hit Blocks": 0, "Local Read Blocks": 0, "Local Dirtied Blocks": 0, "Local Written Blocks": 0, "Temp Read Blocks": 0, "Temp Written Blocks": 0, "I/O Read Time": 7.343, "I/O Write Time": 0.0}, "Planning Time": 9.797, "Triggers": [], "Execution Time": 140.439}, "config": {}}
{"query": "EXPLAIN (ANALYZE, COSTS, BUFFERS, VERBOSE, FORMAT JSON) select promotion.p_response_target from promotion where promotion.p_promo_sk > 258;", "planinfo": {"Plan": {"Node Type": "Index Scan", "Parallel Aware": false, "Scan Direction": "Forward", "Index Name": "promotion_pkey", "Relation Name": "promotion", "Schema": "public", "Alias": "promotion", "Startup Cost": 0.15, "Total Cost": 9.88, "Plan Rows": 42, "Plan Width": 4, "Actual Startup Time": 0.49, "Actual Total Time": 0.974, "Actual Rows": 42, "Actual Loops": 1, "Output": ["p_response_target"], "Index Cond": "(promotion.p_promo_sk > 258)", "Rows Removed by Index Recheck": 0, "Shared Hit Blocks": 0, "Shared Read Blocks": 3, "Shared Dirtied Blocks": 0, "Shared Written Blocks": 0, "Local Hit Blocks": 0, "Local Read Blocks": 0, "Local Dirtied Blocks": 0, "Local Written Blocks": 0, "Temp Read Blocks": 0, "Temp Written Blocks": 0, "I/O Read Time": 0.949, "I/O Write Time": 0.0, "parent": "None"}, "Planning": {"Shared Hit Blocks": 32, "Shared Read Blocks": 4, "Shared Dirtied Blocks": 0, "Shared Written Blocks": 0, "Local Hit Blocks": 0, "Local Read Blocks": 0, "Local Dirtied Blocks": 0, "Local Written Blocks": 0, "Temp Read Blocks": 0, "Temp Written Blocks": 0, "I/O Read Time": 1.821, "I/O Write Time": 0.0}, "Planning Time": 2.101, "Triggers": [], "Execution Time": 0.994}, "config": {}}
{"query": "EXPLAIN (ANALYZE, COSTS, BUFFERS, VERBOSE, FORMAT JSON) select date_dim.d_moy, promotion.p_promo_sk,  avg(promotion.p_promo_sk) from promotion join date_dim on date_dim.d_date_sk=promotion.p_end_date_sk where promotion.p_end_date_sk != 2450760 and promotion.p_promo_sk >= 231 group by date_dim.d_moy, promotion.p_promo_sk having avg(promotion.p_promo_sk) <= 632;", "planinfo": {"Plan": {"Node Type": "Aggregate", "Strategy": "Sorted", "Partial Mode": "Simple", "Parallel Aware": false, "Startup Cost": 537.7, "Total Cost": 539.74, "Plan Rows": 23, "Plan Width": 40, "Actual Startup Time": 10.376, "Actual Total Time": 10.466, "Actual Rows": 69, "Actual Loops": 1, "Output": ["date_dim.d_moy", "promotion.p_promo_sk", "avg(promotion.p_promo_sk)"], "Group Key": ["date_dim.d_moy", "promotion.p_promo_sk"], "Filter": "(avg(promotion.p_promo_sk) <= '632'::numeric)", "Rows Removed by Filter": 0, "Shared Hit Blocks": 189, "Shared Read Blocks": 25, "Shared Dirtied Blocks": 0, "Shared Written Blocks": 0, "Local Hit Blocks": 0, "Local Read Blocks": 0, "Local Dirtied Blocks": 0, "Local Written Blocks": 0, "Temp Read Blocks": 0, "Temp Written Blocks": 0, "I/O Read Time": 9.973, "I/O Write Time": 0.0, "Plans": [{"Node Type": "Sort", "Parent Relationship": "Outer", "Parallel Aware": false, "Startup Cost": 537.7, "Total Cost": 537.87, "Plan Rows": 68, "Plan Width": 8, "Actual Startup Time": 10.364, "Actual Total Time": 10.369, "Actual Rows": 69, "Actual Loops": 1, "Output": ["date_dim.d_moy", "promotion.p_promo_sk"], "Sort Key": ["date_dim.d_moy", "promotion.p_promo_sk"], "Sort Method": "quicksort", "Sort Space Used": 28, "Sort Space Type": "Memory", "Shared Hit Blocks": 189, "Shared Read Blocks": 25, "Shared Dirtied Blocks": 0, "Shared Written Blocks": 0, "Local Hit Blocks": 0, "Local Read Blocks": 0, "Local Dirtied Blocks": 0, "Local Written Blocks": 0, "Temp Read Blocks": 0, "Temp Written Blocks": 0, "I/O Read Time": 9.973, "I/O Write Time": 0.0, "Plans": [{"Node Type": "Nested Loop", "Parent Relationship": "Outer", "Parallel Aware": false, "Join Type": "Inner", "Startup Cost": 0.44, "Total Cost": 535.63, "Plan Rows": 68, "Plan Width": 8, "Actual Startup Time": 1.819, "Actual Total Time": 10.283, "Actual Rows": 69, "Actual Loops": 1, "Output": ["date_dim.d_moy", "promotion.p_promo_sk"], "Inner Unique": true, "Shared Hit Blocks": 186, "Shared Read Blocks": 25, "Shared Dirtied Blocks": 0, "Shared Written Blocks": 0, "Local Hit Blocks": 0, "Local Read Blocks": 0, "Local Dirtied Blocks": 0, "Local Written Blocks": 0, "Temp Read Blocks": 0, "Temp Written Blocks": 0, "I/O Read Time": 9.973, "I/O Write Time": 0.0, "Plans": [{"Node Type": "Index Scan", "Parent Relationship": "Outer", "Parallel Aware": false, "Scan Direction": "Forward", "Index Name": "promotion_pkey", "Relation Name": "promotion", "Schema": "public", "Alias": "promotion", "Startup Cost": 0.15, "Total Cost": 10.55, "Plan Rows": 68, "Plan Width": 8, "Actual Startup Time": 0.494, "Actual Total Time": 0.994, "Actual Rows": 69, "Actual Loops": 1, "Output": ["promotion.p_promo_sk", "promotion.p_promo_id", "promotion.p_start_date_sk", "promotion.p_end_date_sk", "promotion.p_item_sk", "promotion.p_cost", "promotion.p_response_target", "promotion.p_promo_name", "promotion.p_channel_dmail", "promotion.p_channel_email", "promotion.p_channel_catalog", "promotion.p_channel_tv", "promotion.p_channel_radio", "promotion.p_channel_press", "promotion.p_channel_event", "promotion.p_channel_demo", "promotion.p_channel_details", "promotion.p_purpose", "promotion.p_discount_active"], "Index Cond": "(promotion.p_promo_sk >= 231)", "Rows Removed by Index Recheck": 0, "Filter": "(promotion.p_end_date_sk <> 2450760)", "Rows Removed by Filter": 1, "Shared Hit Blocks": 0, "Shared Read Blocks": 4, "Shared Dirtied Blocks": 0, "Shared Written Blocks": 0, "Local Hit Blocks": 0, "Local Read Blocks": 0, "Local Dirtied Blocks": 0, "Local Written Blocks": 0, "Temp Read Blocks": 0, "Temp Written Blocks": 0, "I/O Read Time": 0.954, "I/O Write Time": 0.0, "parent": "Nested Loop"}, {"Node Type": "Index Scan", "Parent Relationship": "Inner", "Parallel Aware": false, "Scan Direction": "Forward", "Index Name": "d_date_sk_idx", "Relation Name": "date_dim", "Schema": "public", "Alias": "date_dim", "Startup Cost": 0.29, "Total Cost": 7.72, "Plan Rows": 1, "Plan Width": 8, "Actual Startup Time": 0.134, "Actual Total Time": 0.134, "Actual Rows": 1, "Actual Loops": 69, "Output": ["date_dim.d_date_sk", "date_dim.d_date_id", "date_dim.d_date", "date_dim.d_month_seq", "date_dim.d_week_seq", "date_dim.d_quarter_seq", "date_dim.d_year", "date_dim.d_dow", "date_dim.d_moy", "date_dim.d_dom", "date_dim.d_qoy", "date_dim.d_fy_year", "date_dim.d_fy_quarter_seq", "date_dim.d_fy_week_seq", "date_dim.d_day_name", "date_dim.d_quarter_name", "date_dim.d_holiday", "date_dim.d_weekend", "date_dim.d_following_holiday", "date_dim.d_first_dom", "date_dim.d_last_dom", "date_dim.d_same_day_ly", "date_dim.d_same_day_lq", "date_dim.d_current_day", "date_dim.d_current_week", "date_dim.d_current_month", "date_dim.d_current_quarter", "date_dim.d_current_year"], "Index Cond": "(date_dim.d_date_sk = promotion.p_end_date_sk)", "Rows Removed by Index Recheck": 0, "Shared Hit Blocks": 186, "Shared Read Blocks": 21, "Shared Dirtied Blocks": 0, "Shared Written Blocks": 0, "Local Hit Blocks": 0, "Local Read Blocks": 0, "Local Dirtied Blocks": 0, "Local Written Blocks": 0, "Temp Read Blocks": 0, "Temp Written Blocks": 0, "I/O Read Time": 9.019, "I/O Write Time": 0.0, "parent": "Nested Loop"}], "parent": "Sort"}], "parent": "Aggregate"}], "parent": "None"}, "Planning": {"Shared Hit Blocks": 146, "Shared Read Blocks": 20, "Shared Dirtied Blocks": 0, "Shared Written Blocks": 0, "Local Hit Blocks": 0, "Local Read Blocks": 0, "Local Dirtied Blocks": 0, "Local Written Blocks": 0, "Temp Read Blocks": 0, "Temp Written Blocks": 0, "I/O Read Time": 7.221, "I/O Write Time": 0.0}, "Planning Time": 9.099, "Triggers": [], "Execution Time": 10.596}, "config": {}}
{"query": "EXPLAIN (ANALYZE, COSTS, BUFFERS, VERBOSE, FORMAT JSON) select household_demographics.hd_income_band_sk from household_demographics where household_demographics.hd_demo_sk < 1008 and household_demographics.hd_demo_sk < 216;", "planinfo": {"Plan": {"Node Type": "Index Scan", "Parallel Aware": false, "Scan Direction": "Forward", "Index Name": "household_demographics_pkey", "Relation Name": "household_demographics", "Schema": "public", "Alias": "household_demographics", "Startup Cost": 0.28, "Total Cost": 13.58, "Plan Rows": 215, "Plan Width": 4, "Actual Startup Time": 0.925, "Actual Total Time": 1.007, "Actual Rows": 215, "Actual Loops": 1, "Output": ["hd_income_band_sk"], "Index Cond": "((household_demographics.hd_demo_sk < 1008) AND (household_demographics.hd_demo_sk < 216))", "Rows Removed by Index Recheck": 0, "Shared Hit Blocks": 0, "Shared Read Blocks": 4, "Shared Dirtied Blocks": 0, "Shared Written Blocks": 0, "Local Hit Blocks": 0, "Local Read Blocks": 0, "Local Dirtied Blocks": 0, "Local Written Blocks": 0, "Temp Read Blocks": 0, "Temp Written Blocks": 0, "I/O Read Time": 0.926, "I/O Write Time": 0.0, "parent": "None"}, "Planning": {"Shared Hit Blocks": 29, "Shared Read Blocks": 3, "Shared Dirtied Blocks": 0, "Shared Written Blocks": 0, "Local Hit Blocks": 0, "Local Read Blocks": 0, "Local Dirtied Blocks": 0, "Local Written Blocks": 0, "Temp Read Blocks": 0, "Temp Written Blocks": 0, "I/O Read Time": 1.334, "I/O Write Time": 0.0}, "Planning Time": 1.616, "Triggers": [], "Execution Time": 1.037}, "config": {}}
{"query": "EXPLAIN (ANALYZE, COSTS, BUFFERS, VERBOSE, FORMAT JSON) select household_demographics.hd_dep_count from household_demographics where household_demographics.hd_demo_sk <= 2448 and household_demographics.hd_income_band_sk != 1;", "planinfo": {"Plan": {"Node Type": "Index Scan", "Parallel Aware": false, "Scan Direction": "Forward", "Index Name": "household_demographics_pkey", "Relation Name": "household_demographics", "Schema": "public", "Alias": "household_demographics", "Startup Cost": 0.28, "Total Cost": 103.24, "Plan Rows": 2326, "Plan Width": 4, "Actual Startup Time": 0.922, "Actual Total Time": 2.522, "Actual Rows": 2326, "Actual Loops": 1, "Output": ["hd_dep_count"], "Index Cond": "(household_demographics.hd_demo_sk <= 2448)", "Rows Removed by Index Recheck": 0, "Filter": "(household_demographics.hd_income_band_sk <> 1)", "Rows Removed by Filter": 122, "Shared Hit Blocks": 0, "Shared Read Blocks": 26, "Shared Dirtied Blocks": 0, "Shared Written Blocks": 0, "Local Hit Blocks": 0, "Local Read Blocks": 0, "Local Dirtied Blocks": 0, "Local Written Blocks": 0, "Temp Read Blocks": 0, "Temp Written Blocks": 0, "I/O Read Time": 1.557, "I/O Write Time": 0.0, "parent": "None"}, "Planning": {"Shared Hit Blocks": 39, "Shared Read Blocks": 3, "Shared Dirtied Blocks": 0, "Shared Written Blocks": 0, "Local Hit Blocks": 0, "Local Read Blocks": 0, "Local Dirtied Blocks": 0, "Local Written Blocks": 0, "Temp Read Blocks": 0, "Temp Written Blocks": 0, "I/O Read Time": 1.343, "I/O Write Time": 0.0}, "Planning Time": 1.64, "Triggers": [], "Execution Time": 2.686}, "config": {}}
{"query": "EXPLAIN (ANALYZE, COSTS, BUFFERS, VERBOSE, FORMAT JSON) select household_demographics.hd_income_band_sk from household_demographics where household_demographics.hd_demo_sk = 3888;", "planinfo": {"Plan": {"Node Type": "Index Scan", "Parallel Aware": false, "Scan Direction": "Forward", "Index Name": "household_demographics_pkey", "Relation Name": "household_demographics", "Schema": "public", "Alias": "household_demographics", "Startup Cost": 0.28, "Total Cost": 8.3, "Plan Rows": 1, "Plan Width": 4, "Actual Startup Time": 1.52, "Actual Total Time": 1.521, "Actual Rows": 1, "Actual Loops": 1, "Output": ["hd_income_band_sk"], "Index Cond": "(household_demographics.hd_demo_sk = 3888)", "Rows Removed by Index Recheck": 0, "Shared Hit Blocks": 0, "Shared Read Blocks": 3, "Shared Dirtied Blocks": 0, "Shared Written Blocks": 0, "Local Hit Blocks": 0, "Local Read Blocks": 0, "Local Dirtied Blocks": 0, "Local Written Blocks": 0, "Temp Read Blocks": 0, "Temp Written Blocks": 0, "I/O Read Time": 1.509, "I/O Write Time": 0.0, "parent": "None"}, "Planning": {"Shared Hit Blocks": 31, "Shared Read Blocks": 3, "Shared Dirtied Blocks": 0, "Shared Written Blocks": 0, "Local Hit Blocks": 0, "Local Read Blocks": 0, "Local Dirtied Blocks": 0, "Local Written Blocks": 0, "Temp Read Blocks": 0, "Temp Written Blocks": 0, "I/O Read Time": 1.4, "I/O Write Time": 0.0}, "Planning Time": 1.686, "Triggers": [], "Execution Time": 1.537}, "config": {}}
{"query": "EXPLAIN (ANALYZE, COSTS, BUFFERS, VERBOSE, FORMAT JSON) select household_demographics.hd_demo_sk from household_demographics where household_demographics.hd_vehicle_count <= 2 and household_demographics.hd_demo_sk >= 6912 and household_demographics.hd_vehicle_count <= 2;", "planinfo": {"Plan": {"Node Type": "Index Scan", "Parallel Aware": false, "Scan Direction": "Forward", "Index Name": "household_demographics_pkey", "Relation Name": "household_demographics", "Schema": "public", "Alias": "household_demographics", "Startup Cost": 0.28, "Total Cost": 16.79, "Plan Rows": 193, "Plan Width": 4, "Actual Startup Time": 1.466, "Actual Total Time": 2.464, "Actual Rows": 289, "Actual Loops": 1, "Output": ["hd_demo_sk"], "Index Cond": "(household_demographics.hd_demo_sk >= 6912)", "Rows Removed by Index Recheck": 0, "Filter": "((household_demographics.hd_vehicle_count <= 2) AND (household_demographics.hd_vehicle_count <= 2))", "Rows Removed by Filter": 0, "Shared Hit Blocks": 0, "Shared Read Blocks": 6, "Shared Dirtied Blocks": 0, "Shared Written Blocks": 0, "Local Hit Blocks": 0, "Local Read Blocks": 0, "Local Dirtied Blocks": 0, "Local Written Blocks": 0, "Temp Read Blocks": 0, "Temp Written Blocks": 0, "I/O Read Time": 2.336, "I/O Write Time": 0.0, "parent": "None"}, "Planning": {"Shared Hit Blocks": 33, "Shared Read Blocks": 3, "Shared Dirtied Blocks": 0, "Shared Written Blocks": 0, "Local Hit Blocks": 0, "Local Read Blocks": 0, "Local Dirtied Blocks": 0, "Local Written Blocks": 0, "Temp Read Blocks": 0, "Temp Written Blocks": 0, "I/O Read Time": 1.344, "I/O Write Time": 0.0}, "Planning Time": 1.652, "Triggers": [], "Execution Time": 2.496}, "config": {}}
{"query": "EXPLAIN (ANALYZE, COSTS, BUFFERS, VERBOSE, FORMAT JSON) select household_demographics.hd_vehicle_count from household_demographics where household_demographics.hd_income_band_sk < 10 and household_demographics.hd_demo_sk >= 6120;", "planinfo": {"Plan": {"Node Type": "Index Scan", "Parallel Aware": false, "Scan Direction": "Forward", "Index Name": "household_demographics_pkey", "Relation Name": "household_demographics", "Schema": "public", "Alias": "household_demographics", "Startup Cost": 0.28, "Total Cost": 48.9, "Plan Rows": 486, "Plan Width": 4, "Actual Startup Time": 1.323, "Actual Total Time": 3.323, "Actual Rows": 487, "Actual Loops": 1, "Output": ["hd_vehicle_count"], "Index Cond": "(household_demographics.hd_demo_sk >= 6120)", "Rows Removed by Index Recheck": 0, "Filter": "(household_demographics.hd_income_band_sk < 10)", "Rows Removed by Filter": 594, "Shared Hit Blocks": 0, "Shared Read Blocks": 14, "Shared Dirtied Blocks": 0, "Shared Written Blocks": 0, "Local Hit Blocks": 0, "Local Read Blocks": 0, "Local Dirtied Blocks": 0, "Local Written Blocks": 0, "Temp Read Blocks": 0, "Temp Written Blocks": 0, "I/O Read Time": 2.939, "I/O Write Time": 0.0, "parent": "None"}, "Planning": {"Shared Hit Blocks": 36, "Shared Read Blocks": 3, "Shared Dirtied Blocks": 0, "Shared Written Blocks": 0, "Local Hit Blocks": 0, "Local Read Blocks": 0, "Local Dirtied Blocks": 0, "Local Written Blocks": 0, "Temp Read Blocks": 0, "Temp Written Blocks": 0, "I/O Read Time": 1.37, "I/O Write Time": 0.0}, "Planning Time": 1.671, "Triggers": [], "Execution Time": 3.378}, "config": {}}
